[WP_CHEMOKINE_SIGNALING_PATHWAY,WP_CHEMOKINE_SIGNALING_PATHWAY] was killed by [WP_EGFEGFR_SIGNALING_PATHWAY,WP_EGFEGFR_SIGNALING_PATHWAY]
[WP_PDGFRBETA_PATHWAY,WP_PDGFRBETA_PATHWAY] was killed by [WP_EGFEGFR_SIGNALING_PATHWAY,WP_EGFEGFR_SIGNALING_PATHWAY]
[WP_MRNA_PROCESSING,WP_MRNA_PROCESSING] was killed by [WP_EGFEGFR_SIGNALING_PATHWAY,WP_EGFEGFR_SIGNALING_PATHWAY]
[WP_REGULATORY_CIRCUITS_OF_THE_STAT3_SIGNALING_PATHWAY,WP_REGULATORY_CIRCUITS_OF_THE_STAT3_SIGNALING_PATHWAY] was killed by [WP_EGFEGFR_SIGNALING_PATHWAY,WP_EGFEGFR_SIGNALING_PATHWAY]
[WP_REGULATION_OF_ACTIN_CYTOSKELETON,WP_REGULATION_OF_ACTIN_CYTOSKELETON] was killed by [WP_EGFEGFR_SIGNALING_PATHWAY,WP_EGFEGFR_SIGNALING_PATHWAY]
[WP_REGULATION_OF_MICROTUBULE_CYTOSKELETON,WP_REGULATION_OF_MICROTUBULE_CYTOSKELETON] was killed by [WP_EGFEGFR_SIGNALING_PATHWAY,WP_EGFEGFR_SIGNALING_PATHWAY]
[WP_SIGNALING_OF_HEPATOCYTE_GROWTH_FACTOR_RECEPTOR,WP_SIGNALING_OF_HEPATOCYTE_GROWTH_FACTOR_RECEPTOR] was killed by [WP_EGFEGFR_SIGNALING_PATHWAY,WP_EGFEGFR_SIGNALING_PATHWAY]
[WP_IL3_SIGNALING_PATHWAY,WP_IL3_SIGNALING_PATHWAY] was killed by [WP_EGFEGFR_SIGNALING_PATHWAY,WP_EGFEGFR_SIGNALING_PATHWAY]
[WP_PDGF_PATHWAY,WP_PDGF_PATHWAY] was killed by [WP_EGFEGFR_SIGNALING_PATHWAY,WP_EGFEGFR_SIGNALING_PATHWAY]
[WP_PHYSIOLOGICAL_AND_PATHOLOGICAL_HYPERTROPHY_OF_THE_HEART,WP_PHYSIOLOGICAL_AND_PATHOLOGICAL_HYPERTROPHY_OF_THE_HEART] was killed by [WP_EGFEGFR_SIGNALING_PATHWAY,WP_EGFEGFR_SIGNALING_PATHWAY]
[WP_BRAINDERIVED_NEUROTROPHIC_FACTOR_BDNF_SIGNALING_PATHWAY,WP_BRAINDERIVED_NEUROTROPHIC_FACTOR_BDNF_SIGNALING_PATHWAY] was killed by [WP_EGFEGFR_SIGNALING_PATHWAY,WP_EGFEGFR_SIGNALING_PATHWAY]
[WP_MELANOMA,WP_MELANOMA] was killed by [WP_EGFEGFR_SIGNALING_PATHWAY,WP_EGFEGFR_SIGNALING_PATHWAY]
[WP_GASTRIN_SIGNALING_PATHWAY,WP_GASTRIN_SIGNALING_PATHWAY] was killed by [WP_EGFEGFR_SIGNALING_PATHWAY,WP_EGFEGFR_SIGNALING_PATHWAY]
[WP_EGFR_TYROSINE_KINASE_INHIBITOR_RESISTANCE,WP_EGFR_TYROSINE_KINASE_INHIBITOR_RESISTANCE] was killed by [WP_EGFEGFR_SIGNALING_PATHWAY,WP_EGFEGFR_SIGNALING_PATHWAY]
[WP_MET_IN_TYPE_1_PAPILLARY_RENAL_CELL_CARCINOMA,WP_MET_IN_TYPE_1_PAPILLARY_RENAL_CELL_CARCINOMA] was killed by [WP_EGFEGFR_SIGNALING_PATHWAY,WP_EGFEGFR_SIGNALING_PATHWAY]
[WP_METABOLIC_REPROGRAMMING_IN_COLON_CANCER,WP_METABOLIC_REPROGRAMMING_IN_COLON_CANCER] was killed by [WP_GLYCOLYSIS_AND_GLUCONEOGENESIS,WP_GLYCOLYSIS_AND_GLUCONEOGENESIS]
[WP_NETRINUNC5B_SIGNALING_PATHWAY,WP_NETRINUNC5B_SIGNALING_PATHWAY] was killed by [WP_EGFEGFR_SIGNALING_PATHWAY,WP_EGFEGFR_SIGNALING_PATHWAY]
[WP_IL6_SIGNALING_PATHWAY,WP_IL6_SIGNALING_PATHWAY] was killed by [WP_EGFEGFR_SIGNALING_PATHWAY,WP_EGFEGFR_SIGNALING_PATHWAY]
[WP_ONCOSTATIN_M_SIGNALING_PATHWAY,WP_ONCOSTATIN_M_SIGNALING_PATHWAY] was killed by [WP_EGFEGFR_SIGNALING_PATHWAY,WP_EGFEGFR_SIGNALING_PATHWAY]
[WP_AMINO_ACID_METABOLISM,WP_AMINO_ACID_METABOLISM] was killed by [WP_GLYCOLYSIS_AND_GLUCONEOGENESIS,WP_GLYCOLYSIS_AND_GLUCONEOGENESIS]
[WP_NONSMALL_CELL_LUNG_CANCER,WP_NONSMALL_CELL_LUNG_CANCER] was killed by [WP_EGFEGFR_SIGNALING_PATHWAY,WP_EGFEGFR_SIGNALING_PATHWAY]
[WP_ERBB_SIGNALING_PATHWAY,WP_ERBB_SIGNALING_PATHWAY] was killed by [WP_EGFEGFR_SIGNALING_PATHWAY,WP_EGFEGFR_SIGNALING_PATHWAY]
[WP_MBDNF_AND_PROBDNF_REGULATION_OF_GABA_NEUROTRANSMISSION,WP_MBDNF_AND_PROBDNF_REGULATION_OF_GABA_NEUROTRANSMISSION] was killed by [WP_EGFEGFR_SIGNALING_PATHWAY,WP_EGFEGFR_SIGNALING_PATHWAY]
[WP_IL2_SIGNALING_PATHWAY,WP_IL2_SIGNALING_PATHWAY] was killed by [WP_EGFEGFR_SIGNALING_PATHWAY,WP_EGFEGFR_SIGNALING_PATHWAY]
[WP_KIT_RECEPTOR_SIGNALING_PATHWAY,WP_KIT_RECEPTOR_SIGNALING_PATHWAY] was killed by [WP_EGFEGFR_SIGNALING_PATHWAY,WP_EGFEGFR_SIGNALING_PATHWAY]
[WP_NONGENOMIC_ACTIONS_OF_125_DIHYDROXYVITAMIN_D3,WP_NONGENOMIC_ACTIONS_OF_125_DIHYDROXYVITAMIN_D3] was killed by [WP_EGFEGFR_SIGNALING_PATHWAY,WP_EGFEGFR_SIGNALING_PATHWAY]
[WP_OVERVIEW_OF_INTERFERONSMEDIATED_SIGNALING_PATHWAY,WP_OVERVIEW_OF_INTERFERONSMEDIATED_SIGNALING_PATHWAY] was killed by [WP_EGFEGFR_SIGNALING_PATHWAY,WP_EGFEGFR_SIGNALING_PATHWAY]
[WP_ENERGY_METABOLISM,WP_ENERGY_METABOLISM] was killed by [WP_EGFEGFR_SIGNALING_PATHWAY,WP_EGFEGFR_SIGNALING_PATHWAY]
[WP_EPITHELIAL_TO_MESENCHYMAL_TRANSITION_IN_COLORECTAL_CANCER,WP_EPITHELIAL_TO_MESENCHYMAL_TRANSITION_IN_COLORECTAL_CANCER] was killed by [WP_EGFEGFR_SIGNALING_PATHWAY,WP_EGFEGFR_SIGNALING_PATHWAY]
[WP_INTEGRINMEDIATED_CELL_ADHESION,WP_INTEGRINMEDIATED_CELL_ADHESION] was killed by [WP_EGFEGFR_SIGNALING_PATHWAY,WP_EGFEGFR_SIGNALING_PATHWAY]
[WP_ANGIOPOIETIN_LIKE_PROTEIN_8_REGULATORY_PATHWAY,WP_ANGIOPOIETIN_LIKE_PROTEIN_8_REGULATORY_PATHWAY] was killed by [WP_EGFEGFR_SIGNALING_PATHWAY,WP_EGFEGFR_SIGNALING_PATHWAY]
[WP_IL7_SIGNALING_PATHWAY,WP_IL7_SIGNALING_PATHWAY] was killed by [WP_EGFEGFR_SIGNALING_PATHWAY,WP_EGFEGFR_SIGNALING_PATHWAY]
[WP_IL5_SIGNALING_PATHWAY,WP_IL5_SIGNALING_PATHWAY] was killed by [WP_EGFEGFR_SIGNALING_PATHWAY,WP_EGFEGFR_SIGNALING_PATHWAY]
[WP_TOLLLIKE_RECEPTOR_SIGNALING_PATHWAY,WP_TOLLLIKE_RECEPTOR_SIGNALING_PATHWAY] was killed by [WP_EGFEGFR_SIGNALING_PATHWAY,WP_EGFEGFR_SIGNALING_PATHWAY]
[WP_CORI_CYCLE,WP_CORI_CYCLE] was killed by [WP_GLYCOLYSIS_AND_GLUCONEOGENESIS,WP_GLYCOLYSIS_AND_GLUCONEOGENESIS]
[WP_ASSOCIATION_BETWEEN_PHYSICOCHEMICAL_FEATURES_AND_TOXICITY_ASSOCIATED_PATHWAYS,WP_ASSOCIATION_BETWEEN_PHYSICOCHEMICAL_FEATURES_AND_TOXICITY_ASSOCIATED_PATHWAYS] was killed by [WP_EGFEGFR_SIGNALING_PATHWAY,WP_EGFEGFR_SIGNALING_PATHWAY]
[WP_INSULIN_SIGNALING,WP_INSULIN_SIGNALING] was killed by [WP_EGFEGFR_SIGNALING_PATHWAY,WP_EGFEGFR_SIGNALING_PATHWAY]
[WP_NCRNAS_INVOLVED_IN_STAT3_SIGNALING_IN_HEPATOCELLULAR_CARCINOMA,WP_NCRNAS_INVOLVED_IN_STAT3_SIGNALING_IN_HEPATOCELLULAR_CARCINOMA] was killed by [WP_EGFEGFR_SIGNALING_PATHWAY,WP_EGFEGFR_SIGNALING_PATHWAY]
[WP_COMPUTATIONAL_MODEL_OF_AEROBIC_GLYCOLYSIS,WP_COMPUTATIONAL_MODEL_OF_AEROBIC_GLYCOLYSIS] was killed by [WP_GLYCOLYSIS_AND_GLUCONEOGENESIS,WP_GLYCOLYSIS_AND_GLUCONEOGENESIS]
[WP_RAC1PAK1P38MMP2_PATHWAY,WP_RAC1PAK1P38MMP2_PATHWAY] was killed by [WP_EGFEGFR_SIGNALING_PATHWAY,WP_EGFEGFR_SIGNALING_PATHWAY]
[WP_RAS_SIGNALING,WP_RAS_SIGNALING] was killed by [WP_EGFEGFR_SIGNALING_PATHWAY,WP_EGFEGFR_SIGNALING_PATHWAY]
[WP_DNA_DAMAGE_RESPONSE_ONLY_ATM_DEPENDENT,WP_DNA_DAMAGE_RESPONSE_ONLY_ATM_DEPENDENT] was killed by [WP_EGFEGFR_SIGNALING_PATHWAY,WP_EGFEGFR_SIGNALING_PATHWAY]
[WP_AGERAGE_PATHWAY,WP_AGERAGE_PATHWAY] was killed by [WP_EGFEGFR_SIGNALING_PATHWAY,WP_EGFEGFR_SIGNALING_PATHWAY]
[WP_HUMAN_THYROID_STIMULATING_HORMONE_TSH_SIGNALING_PATHWAY,WP_HUMAN_THYROID_STIMULATING_HORMONE_TSH_SIGNALING_PATHWAY] was killed by [WP_EGFEGFR_SIGNALING_PATHWAY,WP_EGFEGFR_SIGNALING_PATHWAY]
[WP_THE_HUMAN_IMMUNE_RESPONSE_TO_TUBERCULOSIS,WP_THE_HUMAN_IMMUNE_RESPONSE_TO_TUBERCULOSIS] was killed by [WP_EGFEGFR_SIGNALING_PATHWAY,WP_EGFEGFR_SIGNALING_PATHWAY]
[WP_ADIPOGENESIS,WP_ADIPOGENESIS] was killed by [WP_EGFEGFR_SIGNALING_PATHWAY,WP_EGFEGFR_SIGNALING_PATHWAY]
