[MIR3064_3P,MIR3064_3P] was killed by [ATGTCAC_MIR489,ATGTCAC_MIR489]
[MIR1236_3P,MIR1236_3P] was killed by [MIR4273,MIR4273]
[AATGGAG_MIR136,AATGGAG_MIR136] was killed by [ATGTCAC_MIR489,ATGTCAC_MIR489]
[MIR513C_5P,MIR513C_5P] was killed by [MIR562,MIR562]
[MIR514B_5P,MIR514B_5P] was killed by [MIR562,MIR562]
[MIR296_3P,MIR296_3P] was killed by [MIR3925_3P,MIR3925_3P]
[MIR584_3P,MIR584_3P] was killed by [MIR6719_3P,MIR6719_3P]
[MIR379_5P,MIR379_5P] was killed by [CAGCCTC_MIR4855P,CAGCCTC_MIR4855P]
[MIR936,MIR936] was killed by [MIR562,MIR562]
[MIR190B_3P,MIR190B_3P] was killed by [MIR562,MIR562]
[MIR6772_5P,MIR6772_5P] was killed by [ATGTCAC_MIR489,ATGTCAC_MIR489]
[MIR183_3P,MIR183_3P] was killed by [MIR3925_3P,MIR3925_3P]
[MIR2114_3P,MIR2114_3P] was killed by [MIR3679_3P,MIR3679_3P]
[MIR4717_3P,MIR4717_3P] was killed by [MIR4709_3P,MIR4709_3P]
[MIR573,MIR573] was killed by [MIR3679_3P,MIR3679_3P]
[MIR3130_5P,MIR3130_5P] was killed by [MIR4709_3P,MIR4709_3P]
[MIR187_5P,MIR187_5P] was killed by [MIR4273,MIR4273]
[MIR24_1_5P_MIR24_2_5P,MIR24_1_5P_MIR24_2_5P] was killed by [MIR562,MIR562]
[MIR12121,MIR12121] was killed by [ATGTCAC_MIR489,ATGTCAC_MIR489]
[MIR6126,MIR6126] was killed by [MIR3925_3P,MIR3925_3P]
[MIR7156_5P,MIR7156_5P] was killed by [MIR4273,MIR4273]
