[YNTTTNNNANGCARM_UNKNOWN,YNTTTNNNANGCARM_UNKNOWN] was killed by [MEF2_01,MEF2_01]
[TTTNNANAGCYR_UNKNOWN,TTTNNANAGCYR_UNKNOWN] was killed by [KRCTCNNNNMANAGC_UNKNOWN,KRCTCNNNNMANAGC_UNKNOWN]
[KTGGYRSGAA_UNKNOWN,KTGGYRSGAA_UNKNOWN] was killed by [SGCGSSAAA_E2F1DP2_01,SGCGSSAAA_E2F1DP2_01]
[ATGGYGGA_UNKNOWN,ATGGYGGA_UNKNOWN] was killed by [SREBP1_01,SREBP1_01]
[GCGNNANTTCC_UNKNOWN,GCGNNANTTCC_UNKNOWN] was killed by [CCGNMNNTNACG_UNKNOWN,CCGNMNNTNACG_UNKNOWN]
[TAANNYSGCG_UNKNOWN,TAANNYSGCG_UNKNOWN] was killed by [TMTCGCGANR_UNKNOWN,TMTCGCGANR_UNKNOWN]
[KCCGNSWTTT_UNKNOWN,KCCGNSWTTT_UNKNOWN] was killed by [TMTCGCGANR_UNKNOWN,TMTCGCGANR_UNKNOWN]
[CRGAARNNNNCGA_UNKNOWN,CRGAARNNNNCGA_UNKNOWN] was killed by [SREBP1_01,SREBP1_01]
[HMEF2_Q6,HMEF2_Q6] was killed by [MEF2_01,MEF2_01]
[GGCNKCCATNK_UNKNOWN,GGCNKCCATNK_UNKNOWN] was killed by [TMTCGCGANR_UNKNOWN,TMTCGCGANR_UNKNOWN]
[CAGNWMCNNNGAC_UNKNOWN,CAGNWMCNNNGAC_UNKNOWN] was killed by [NRSF_01,NRSF_01]
[MYC_Q2,MYC_Q2] was killed by [SREBP1_01,SREBP1_01]
[GATA_Q6,GATA_Q6] was killed by [MEF2_01,MEF2_01]
[CTGRYYYNATT_UNKNOWN,CTGRYYYNATT_UNKNOWN] was killed by [YTAAYNGCT_UNKNOWN,YTAAYNGCT_UNKNOWN]
[YWATTWNNRGCT_UNKNOWN,YWATTWNNRGCT_UNKNOWN] was killed by [MEF2_01,MEF2_01]
[OCT1_07,OCT1_07] was killed by [SGCGSSAAA_E2F1DP2_01,SGCGSSAAA_E2F1DP2_01]
[YAATNANRNNNCAG_UNKNOWN,YAATNANRNNNCAG_UNKNOWN] was killed by [KRCTCNNNNMANAGC_UNKNOWN,KRCTCNNNNMANAGC_UNKNOWN]
[CCAWNWWNNNGGC_UNKNOWN,CCAWNWWNNNGGC_UNKNOWN] was killed by [TMTCGCGANR_UNKNOWN,TMTCGCGANR_UNKNOWN]
[AAGWWRNYGGC_UNKNOWN,AAGWWRNYGGC_UNKNOWN] was killed by [TMTCGCGANR_UNKNOWN,TMTCGCGANR_UNKNOWN]
[SRF_01,SRF_01] was killed by [MEF2_01,MEF2_01]
[CGTSACG_PAX3_B,CGTSACG_PAX3_B] was killed by [SREBP1_01,SREBP1_01]
[AAANWWTGC_UNKNOWN,AAANWWTGC_UNKNOWN] was killed by [E2F_Q2,E2F_Q2]
[MSX1_01,MSX1_01] was killed by [TMTCGCGANR_UNKNOWN,TMTCGCGANR_UNKNOWN]
[E2F_01,E2F_01] was killed by [KRCTCNNNNMANAGC_UNKNOWN,KRCTCNNNNMANAGC_UNKNOWN]
[NKX25_01,NKX25_01] was killed by [MEF2_01,MEF2_01]
[YAATNRNNNYNATT_UNKNOWN,YAATNRNNNYNATT_UNKNOWN] was killed by [MEF2_01,MEF2_01]
[MEF2_04,MEF2_04] was killed by [MEF2_01,MEF2_01]
[CCTNTMAGA_UNKNOWN,CCTNTMAGA_UNKNOWN] was killed by [E2F_Q2,E2F_Q2]
[STTTCRNTTT_IRF_Q6,STTTCRNTTT_IRF_Q6] was killed by [E2F_Q2,E2F_Q2]
[RNCTGNYNRNCTGNY_UNKNOWN,RNCTGNYNRNCTGNY_UNKNOWN] was killed by [YTAAYNGCT_UNKNOWN,YTAAYNGCT_UNKNOWN]
[GGAMTNNNNNTCCY_UNKNOWN,GGAMTNNNNNTCCY_UNKNOWN] was killed by [E2F_Q2,E2F_Q2]
[WCTCNATGGY_UNKNOWN,WCTCNATGGY_UNKNOWN] was killed by [GGAANCGGAANY_UNKNOWN,GGAANCGGAANY_UNKNOWN]
[COMP1_01,COMP1_01] was killed by [MEF2_01,MEF2_01]
[GCGSCMNTTT_UNKNOWN,GCGSCMNTTT_UNKNOWN] was killed by [SREBP1_01,SREBP1_01]
[ALX4_01,ALX4_01] was killed by [MEF2_01,MEF2_01]
[HEN1_01,HEN1_01] was killed by [YTAAYNGCT_UNKNOWN,YTAAYNGCT_UNKNOWN]
[HNF3_Q6,HNF3_Q6] was killed by [GGAANCGGAANY_UNKNOWN,GGAANCGGAANY_UNKNOWN]
[MCAATNNNNNGCG_UNKNOWN,MCAATNNNNNGCG_UNKNOWN] was killed by [TMTCGCGANR_UNKNOWN,TMTCGCGANR_UNKNOWN]
[KMCATNNWGGA_UNKNOWN,KMCATNNWGGA_UNKNOWN] was killed by [SGCGSSAAA_E2F1DP2_01,SGCGSSAAA_E2F1DP2_01]
[RORA2_01,RORA2_01] was killed by [TMTCGCGANR_UNKNOWN,TMTCGCGANR_UNKNOWN]
[MYOGNF1_01,MYOGNF1_01] was killed by [YTAAYNGCT_UNKNOWN,YTAAYNGCT_UNKNOWN]
[TGASTMAGC_NFE2_01,TGASTMAGC_NFE2_01] was killed by [TMTCGCGANR_UNKNOWN,TMTCGCGANR_UNKNOWN]
[TNCATNTCCYR_UNKNOWN,TNCATNTCCYR_UNKNOWN] was killed by [SGCGSSAAA_E2F1DP2_01,SGCGSSAAA_E2F1DP2_01]
[CDPCR3_01,CDPCR3_01] was killed by [YTAAYNGCT_UNKNOWN,YTAAYNGCT_UNKNOWN]
[RRCCGTTA_UNKNOWN,RRCCGTTA_UNKNOWN] was killed by [SGCGSSAAA_E2F1DP2_01,SGCGSSAAA_E2F1DP2_01]
[CCANNAGRKGGC_UNKNOWN,CCANNAGRKGGC_UNKNOWN] was killed by [SREBP1_01,SREBP1_01]
[FREAC4_01,FREAC4_01] was killed by [SGCGSSAAA_E2F1DP2_01,SGCGSSAAA_E2F1DP2_01]
[CCCNNNNNNAAGWT_UNKNOWN,CCCNNNNNNAAGWT_UNKNOWN] was killed by [SREBP1_01,SREBP1_01]
[TGTYNNNNNRGCARM_UNKNOWN,TGTYNNNNNRGCARM_UNKNOWN] was killed by [YTAAYNGCT_UNKNOWN,YTAAYNGCT_UNKNOWN]
