Starting QoRTs v1.3.6 (Compiled Tue Sep 25 11:21:46 EDT 2018)
Starting time: (Wed Jan 26 17:08:47 PST 2022)
INPUT_COMMAND(QC)
  INPUT_ARG(infile)=bam/ociaml2_t_3.sort.bam
  INPUT_ARG(gtffile)=/data_gilbert/home/aarab/genomes/hg38/gencode.v34/gencode.v34.annotation.gtf
  INPUT_ARG(outdir)=iso/rawCts/ociaml2_t_3/
  INPUT_ARG(fr_secondStrand)=true
  INPUT_ARG(singleEnded)=true
  INPUT_ARG(nameSorted)=true
Created Log File: iso/rawCts/ociaml2_t_3//QC.YA6HHrDOviAn.log
Warning: run-in-progress file "iso/rawCts/ociaml2_t_3//QC.QORTS_RUNNING" already exists. Is there another QoRTs job running?
Starting QC
[Time: 2022-01-26 17:08:47] [Mem usage: [33MB / 2147MB]] [Elapsed Time: 00:00:00.0000]
Deleting old "QORTS_COMPLETED_OK" file.
QoRTs is Running in single-end mode.
Note: read-sorting is irrelevant in single-ended mode.
No parameter --genomeFA found.
Running functions: CigarOpDistribution, GCDistribution, GeneCalcs, JunctionCalcs, NVC, 
        QualityScoreDistribution, StrandCheck, chromCounts, 
        cigarLocusCounts, readLengthDistro, writeBiotypeCounts, 
        writeClippedNVC, writeDESeq, writeDEXSeq, writeGeneBody, 
        writeGeneCounts, writeGenewiseGeneBody, 
        writeJunctionSeqCounts, writeKnownSplices, 
        writeNovelSplices, writeSpliceExon
Checking first 10000 reads. Checking SAM file for formatting errors...
   Stats on the first 10000 reads:
        Num Reads Primary Map:    3778
        Num Reads Paired-ended:   0
        Num Reads mapped pair:    0
        Num Pair names found:     0
        Num Pairs matched:        0
        Read Seq length:          51 to 51
        Unclipped Read length:    51 to 51
        Final maxReadLength:      51
        maxPhredScore:            41
        minPhredScore:            2
Done checking first 10000 reads. WARNINGS FOUND!
SAMRecord Reader Generated. Read length: 51.
[Time: 2022-01-26 17:08:48] [Mem usage: [33MB / 2835MB]] [Elapsed Time: 00:00:01.0402]
> Init GeneCalcs Utility
> Init NVC utility
> Init CigarOpDistribution Utility
> Init QualityScoreDistribution Utility
> Init GC counts Utility
> Init JunctionCalcs utility
Compiling flat feature annotation, internally in memory...
FlatteningGtf: starting...(2022-01-26 17:10:19)
    FlatteningGtf: gtf file read complete.(2022-01-26 17:11:27)
    FlatteningGtf: Splice Junction Map read.(2022-01-26 17:11:30)
    FlatteningGtf: gene Sets generated.(2022-01-26 17:11:32)
    FlatteningGtf: Aggregate Sets built.
    FlatteningGtf: Compiling Aggregate Info . . . (2022-01-26 17:11:32)
    FlatteningGtf: Finished Compiling Aggregate Info. (2022-01-26 17:11:32)
    FlatteningGtf: Iterating through the step-vector...(2022-01-26 17:11:32)
    FlatteningGtf: Adding the aggregate genes themselves...(2022-01-26 17:11:34)
    FlatteningGtf: Iterating through the splice junctions...(2022-01-26 17:11:35)
    FlatteningGtf: Sorting the aggregate genes...(2022-01-26 17:11:37)
    FlatteningGtf: Folding the FlatGtfLine iterator...(2022-01-26 17:11:37)
    FlatteningGtf: Features Built.(2022-01-26 17:11:37)
Internal flat feature annotation compiled!
length of knownSpliceMap after instantiation: 383646
length of knownCountMap after instantiation: 383646
> Init StrandCheck Utility
> Init chromCount Utility
> Init qcCigarLocusCounts Utility
> Init MinorUtils Utility
QC Utilities Generated!
[Time: 2022-01-26 17:11:42] [Mem usage: [2952MB / 7GB]] [Elapsed Time: 00:02:54.0902]
helper_calculateGeneAssignmentMap_strict. Found: 60669 genes in the supplied annotation.
helper_calculateGeneAssignmentMap_strict. Found: 18307 genes with ambiguous segments.
helper_calculateGeneAssignmentMap_strict. Found: 42362 genes after first-pass filtering
making makeGeneIntervalMap for geneBody calculations. Found: 42362 acceptable genes for gene-body analysis.
..........[1000000 Read-Pairs processed] [Time: 2022-01-26 17:12:53] 
..........[2000000 Read-Pairs processed] [Time: 2022-01-26 17:13:28] 
..........[3000000 Read-Pairs processed] [Time: 2022-01-26 17:14:04] 
..........[4000000 Read-Pairs processed] [Time: 2022-01-26 17:14:40] 
..........[5000000 Read-Pairs processed] [Time: 2022-01-26 17:15:16] 
..........[6000000 Read-Pairs processed] [Time: 2022-01-26 17:15:53] 
..........[7000000 Read-Pairs processed] [Time: 2022-01-26 17:16:29] 
..........[8000000 Read-Pairs processed] [Time: 2022-01-26 17:17:05] 
..........[9000000 Read-Pairs processed] [Time: 2022-01-26 17:17:41] 
..........[10000000 Read-Pairs processed] [Time: 2022-01-26 17:18:17] 
..........[11000000 Read-Pairs processed] [Time: 2022-01-26 17:18:53] 
..........[12000000 Read-Pairs processed] [Time: 2022-01-26 17:19:29] 
..........[13000000 Read-Pairs processed] [Time: 2022-01-26 17:20:05] 
..........[14000000 Read-Pairs processed] [Time: 2022-01-26 17:20:41] 
..........[15000000 Read-Pairs processed] [Time: 2022-01-26 17:21:17] 
..........[16000000 Read-Pairs processed] [Time: 2022-01-26 17:21:53] 
..........[17000000 Read-Pairs processed] [Time: 2022-01-26 17:22:29] 
..........[18000000 Read-Pairs processed] [Time: 2022-01-26 17:23:05] 
..........[19000000 Read-Pairs processed] [Time: 2022-01-26 17:23:41] 
..........[20000000 Read-Pairs processed] [Time: 2022-01-26 17:24:17] 
..........[21000000 Read-Pairs processed] [Time: 2022-01-26 17:24:53] 
..........[22000000 Read-Pairs processed] [Time: 2022-01-26 17:25:29] 
..........[23000000 Read-Pairs processed] [Time: 2022-01-26 17:26:05] 
..........[24000000 Read-Pairs processed] [Time: 2022-01-26 17:26:41] 
..........[25000000 Read-Pairs processed] [Time: 2022-01-26 17:27:17] 
..........[26000000 Read-Pairs processed] [Time: 2022-01-26 17:27:53] 
..........[27000000 Read-Pairs processed] [Time: 2022-01-26 17:28:29] 
..........[28000000 Read-Pairs processed] [Time: 2022-01-26 17:29:05] 
..........[29000000 Read-Pairs processed] [Time: 2022-01-26 17:29:41] 
..........[30000000 Read-Pairs processed] [Time: 2022-01-26 17:30:17] 
..........[31000000 Read-Pairs processed] [Time: 2022-01-26 17:30:52] 
..........[32000000 Read-Pairs processed] [Time: 2022-01-26 17:31:28] 
..........[33000000 Read-Pairs processed] [Time: 2022-01-26 17:32:04] 
..........[34000000 Read-Pairs processed] [Time: 2022-01-26 17:32:40] 
..........[35000000 Read-Pairs processed] [Time: 2022-01-26 17:33:16] 
..........[36000000 Read-Pairs processed] [Time: 2022-01-26 17:33:52] 
..........[37000000 Read-Pairs processed] [Time: 2022-01-26 17:34:29] 
..........[38000000 Read-Pairs processed] [Time: 2022-01-26 17:35:05] 
..........[39000000 Read-Pairs processed] [Time: 2022-01-26 17:35:40] 
..........[40000000 Read-Pairs processed] [Time: 2022-01-26 17:36:16] 
..........[41000000 Read-Pairs processed] [Time: 2022-01-26 17:36:52] 
..........[42000000 Read-Pairs processed] [Time: 2022-01-26 17:37:28] 
..........[43000000 Read-Pairs processed] [Time: 2022-01-26 17:38:04] 
..........[44000000 Read-Pairs processed] [Time: 2022-01-26 17:38:40] 
..........[45000000 Read-Pairs processed] [Time: 2022-01-26 17:39:15] 
........
Finished reading SAM. Read: 45830170 reads/read-pairs.
Finished reading SAM. Used: 33431818 reads/read-pairs.
[Time: 2022-01-26 17:39:45] [Mem usage: [6GB / 10GB]] [Elapsed Time: 00:30:58.0452]
> Read Stats:
>   READ_PAIR_OK                   33431818
>   TOTAL_READ_PAIRS               45830170
>   DROPPED_NOT_PROPER_PAIR        -1
>   DROPPED_READ_FAILS_VENDOR_QC   0
>   DROPPED_MARKED_NOT_VALID       0
>   DROPPED_CHROMS_MISMATCH        -1
>   DROPPED_PAIR_STRANDS_MISMATCH  -1
>   DROPPED_IGNORED_CHROMOSOME     0
>   DROPPED_NOT_UNIQUE_ALIGNMENT   12398352
>   DROPPED_NO_ALN_BLOCKS   0
>   DROPPED_NOT_MARKED_RG   -1
Pre-alignment read count unknown (Set --seqReadCt or --rawfastq)
Writing Output...
DEBUG NOTE: IncludeGenesSet.size: 42362
DEBUG NOTE: sortedReadCountSeq.size: 17615
DEBUG NOTE: coverageThresholds: 8807;13211;15853;17615
DEBUG NOTE: coverageSpans: [(0,8807);(8807,13211);(13211,15853);(15853,17615)]
DEBUG NOTE:	[1.bottomHalf][0.5] = [0,8807]
DEBUG NOTE:	[2.upperMidQuartile][0.75] = [8807,13211]
DEBUG NOTE:	[3.75to90][0.9] = [13211,15853]
DEBUG NOTE:	[4.high][1.0] = [15853,17615]
      (DEBUG) Generating Biotype Map [2022-01-26 17:39:47]
      (DEBUG) Extracted gene BioType using key "gene_biotype".
              Found 0 types: []
      (DEBUG) Finished Biotype Map [2022-01-26 17:41:08]
length of knownCountMap after run: 383646
WARNING: The data appears to be STRANDED, following the fr_secondStrand rule.
         Are you sure this isn't stranded data? If it is stranded, then you should probably
         re-run QoRTs with the "--stranded" and "--stranded_fr_secondstrand" options!
QoRTs completed WITH WARNINGS! See log for details.
Done.
Time spent on setup:           00:02:54.0902
Time spent on SAM iteration:   00:28:03.0550
                               (0.6120422420427417 minutes per million read-pairs)
                               (0.8390210786622493 minutes per million read-pairs used)
Time spent on file output:     00:01:38.0426
Total runtime:                 00:32:36.0878
Done. (Wed Jan 26 17:41:24 PST 2022)
