[MIR221_3P,MIR221_3P] was killed by [MIR4436B_5P,MIR4436B_5P]
[MIR1183,MIR1183] was killed by [MIR888_3P,MIR888_3P]
[CCAGGGG_MIR331,CCAGGGG_MIR331] was killed by [AAGTCCA_MIR422B_MIR422A,AAGTCCA_MIR422B_MIR422A]
[MIR222_3P,MIR222_3P] was killed by [MIR4436B_5P,MIR4436B_5P]
[MIR4434,MIR4434] was killed by [MIR302D_5P,MIR302D_5P]
[MIR548B_3P,MIR548B_3P] was killed by [MIR888_3P,MIR888_3P]
[AGTCTTA_MIR499,AGTCTTA_MIR499] was killed by [AAGTCCA_MIR422B_MIR422A,AAGTCCA_MIR422B_MIR422A]
[MIR139_5P,MIR139_5P] was killed by [MIR888_3P,MIR888_3P]
[MIR4678,MIR4678] was killed by [MIR4255,MIR4255]
[MIR6807_3P,MIR6807_3P] was killed by [MIR4255,MIR4255]
[MIR520E_5P,MIR520E_5P] was killed by [MIR4436B_5P,MIR4436B_5P]
[MIR5703,MIR5703] was killed by [MIR302D_5P,MIR302D_5P]
[MIR1227_3P,MIR1227_3P] was killed by [MIR888_3P,MIR888_3P]
[MIR194_5P,MIR194_5P] was killed by [MIR4255,MIR4255]
[MIR487A_3P,MIR487A_3P] was killed by [MIR302D_5P,MIR302D_5P]
[MIR302A_5P,MIR302A_5P] was killed by [MIR4255,MIR4255]
[MIR652_5P,MIR652_5P] was killed by [MIR520G_5P,MIR520G_5P]
[GCAAAAA_MIR129,GCAAAAA_MIR129] was killed by [GTAGGCA_MIR189,GTAGGCA_MIR189]
[MIR154_3P,MIR154_3P] was killed by [MIR302D_5P,MIR302D_5P]
[MIR34B_3P,MIR34B_3P] was killed by [MIR640,MIR640]
[MIR6829_3P,MIR6829_3P] was killed by [MIR6791_3P,MIR6791_3P]
[MIR217_5P,MIR217_5P] was killed by [MIR302D_5P,MIR302D_5P]
[MIR192_5P,MIR192_5P] was killed by [MIR767_3P,MIR767_3P]
[MIR509_5P,MIR509_5P] was killed by [MIR4255,MIR4255]
[MIR6724_5P,MIR6724_5P] was killed by [MIR767_3P,MIR767_3P]
[MIR6773_5P,MIR6773_5P] was killed by [MIR2467_3P,MIR2467_3P]
[MIR337_3P,MIR337_3P] was killed by [MIR4255,MIR4255]
[GCATTTG_MIR105,GCATTTG_MIR105] was killed by [MIR302D_5P,MIR302D_5P]
[MIR12117,MIR12117] was killed by [MIR4255,MIR4255]
[MIR509_3_5P,MIR509_3_5P] was killed by [MIR4255,MIR4255]
[MIR6739_3P,MIR6739_3P] was killed by [MIR4255,MIR4255]
[MIR6503_5P,MIR6503_5P] was killed by [MIR6791_3P,MIR6791_3P]
[MIR630,MIR630] was killed by [MIR4255,MIR4255]
[MIR1291,MIR1291] was killed by [MIR3191_3P,MIR3191_3P]
[MIR325,MIR325] was killed by [CTACTAG_MIR325,CTACTAG_MIR325]
[MIR96_3P,MIR96_3P] was killed by [MIR2467_3P,MIR2467_3P]
[MIR4418,MIR4418] was killed by [MIR4255,MIR4255]
[TCCAGAT_MIR5165P,TCCAGAT_MIR5165P] was killed by [AAGTCCA_MIR422B_MIR422A,AAGTCCA_MIR422B_MIR422A]
[GTCTTCC_MIR7,GTCTTCC_MIR7] was killed by [AAGTCCA_MIR422B_MIR422A,AAGTCCA_MIR422B_MIR422A]
[MIR7974,MIR7974] was killed by [MIR2467_3P,MIR2467_3P]
[MIR3130_3P,MIR3130_3P] was killed by [MIR1289,MIR1289]
[MIR4777_3P,MIR4777_3P] was killed by [MIR302D_5P,MIR302D_5P]
[MIR503_5P,MIR503_5P] was killed by [MIR4255,MIR4255]
[MIR4256,MIR4256] was killed by [MIR302D_5P,MIR302D_5P]
[MIR938,MIR938] was killed by [AAGTCCA_MIR422B_MIR422A,AAGTCCA_MIR422B_MIR422A]
[MIR4753_5P,MIR4753_5P] was killed by [MIR4255,MIR4255]
[MIR6716_5P,MIR6716_5P] was killed by [MIR302D_5P,MIR302D_5P]
[MIR2276_3P,MIR2276_3P] was killed by [MIR4255,MIR4255]
[MIR877_5P,MIR877_5P] was killed by [MIR6806_5P,MIR6806_5P]
[MIR6818_3P,MIR6818_3P] was killed by [MIR6791_3P,MIR6791_3P]
[MIR20B_3P,MIR20B_3P] was killed by [MIR302D_5P,MIR302D_5P]
[MIR5689,MIR5689] was killed by [MIR4436B_5P,MIR4436B_5P]
[MIR1537_5P,MIR1537_5P] was killed by [MIR520G_5P,MIR520G_5P]
[TGTATGA_MIR4853P,TGTATGA_MIR4853P] was killed by [MIR3654,MIR3654]
[MIR3166,MIR3166] was killed by [MIR4436B_5P,MIR4436B_5P]
[MIR11181_5P,MIR11181_5P] was killed by [MIR302D_5P,MIR302D_5P]
[MIR361_5P,MIR361_5P] was killed by [MIR3144_3P,MIR3144_3P]
[MIR3158_3P,MIR3158_3P] was killed by [MIR6806_5P,MIR6806_5P]
[MIR122_3P,MIR122_3P] was killed by [MIR3144_3P,MIR3144_3P]
[MIR5589_3P,MIR5589_3P] was killed by [MIR4255,MIR4255]
[MIR5690,MIR5690] was killed by [MIR4255,MIR4255]
[MIR942_3P,MIR942_3P] was killed by [MIR4436B_5P,MIR4436B_5P]
[MIR7161_5P,MIR7161_5P] was killed by [CTACTAG_MIR325,CTACTAG_MIR325]
[MIR877_3P,MIR877_3P] was killed by [MIR4436B_5P,MIR4436B_5P]
[TAATGTG_MIR323,TAATGTG_MIR323] was killed by [MIR4255,MIR4255]
[MIR6849_3P,MIR6849_3P] was killed by [CTGTTAC_MIR194,CTGTTAC_MIR194]
[MIR143_5P,MIR143_5P] was killed by [MIR6806_5P,MIR6806_5P]
[MIR18A_5P_MIR18B_5P,MIR18A_5P_MIR18B_5P] was killed by [MIR4255,MIR4255]
[MIR4327,MIR4327] was killed by [MIR4436B_5P,MIR4436B_5P]
[MIR4275,MIR4275] was killed by [MIR4436B_5P,MIR4436B_5P]
[ATAAGCT_MIR21,ATAAGCT_MIR21] was killed by [AAGTCCA_MIR422B_MIR422A,AAGTCCA_MIR422B_MIR422A]
[MIR6128,MIR6128] was killed by [MIR4705,MIR4705]
[MIR7703,MIR7703] was killed by [MIR6764_3P,MIR6764_3P]
[CACGTTT_MIR302A,CACGTTT_MIR302A] was killed by [CTACTAG_MIR325,CTACTAG_MIR325]
[MIR4793_3P,MIR4793_3P] was killed by [MIR302D_5P,MIR302D_5P]
[MIR3064_3P,MIR3064_3P] was killed by [MIR6764_3P,MIR6764_3P]
