[TOX4_TARGET_GENES,TOX4_TARGET_GENES] was killed by [TMTCGCGANR_UNKNOWN,TMTCGCGANR_UNKNOWN]
[ZZZ3_TARGET_GENES,ZZZ3_TARGET_GENES] was killed by [TMTCGCGANR_UNKNOWN,TMTCGCGANR_UNKNOWN]
[ZBED4_TARGET_GENES,ZBED4_TARGET_GENES] was killed by [SETBP1_TARGET_GENES,SETBP1_TARGET_GENES]
[MXD1_TARGET_GENES,MXD1_TARGET_GENES] was killed by [CREB3L2_TARGET_GENES,CREB3L2_TARGET_GENES]
[ZNF667_TARGET_GENES,ZNF667_TARGET_GENES] was killed by [CREB3L2_TARGET_GENES,CREB3L2_TARGET_GENES]
[KCCGNSWTTT_UNKNOWN,KCCGNSWTTT_UNKNOWN] was killed by [TMTCGCGANR_UNKNOWN,TMTCGCGANR_UNKNOWN]
[GGCNKCCATNK_UNKNOWN,GGCNKCCATNK_UNKNOWN] was killed by [TMTCGCGANR_UNKNOWN,TMTCGCGANR_UNKNOWN]
[HOXA7_TARGET_GENES,HOXA7_TARGET_GENES] was killed by [CREB3L2_TARGET_GENES,CREB3L2_TARGET_GENES]
[RUVBL1_TARGET_GENES,RUVBL1_TARGET_GENES] was killed by [MCM3_TARGET_GENES,MCM3_TARGET_GENES]
[MAZ_Q6,MAZ_Q6] was killed by [E2F_Q2,E2F_Q2]
[AAGWWRNYGGC_UNKNOWN,AAGWWRNYGGC_UNKNOWN] was killed by [TMTCGCGANR_UNKNOWN,TMTCGCGANR_UNKNOWN]
[TTTNNANAGCYR_UNKNOWN,TTTNNANAGCYR_UNKNOWN] was killed by [KRCTCNNNNMANAGC_UNKNOWN,KRCTCNNNNMANAGC_UNKNOWN]
[MYC_Q2,MYC_Q2] was killed by [SREBP1_01,SREBP1_01]
[ATGGYGGA_UNKNOWN,ATGGYGGA_UNKNOWN] was killed by [SREBP1_01,SREBP1_01]
[TAANNYSGCG_UNKNOWN,TAANNYSGCG_UNKNOWN] was killed by [TMTCGCGANR_UNKNOWN,TMTCGCGANR_UNKNOWN]
[KTGGYRSGAA_UNKNOWN,KTGGYRSGAA_UNKNOWN] was killed by [SGCGSSAAA_E2F1DP2_01,SGCGSSAAA_E2F1DP2_01]
[MYBL1_TARGET_GENES,MYBL1_TARGET_GENES] was killed by [CREB3L2_TARGET_GENES,CREB3L2_TARGET_GENES]
[AAANWWTGC_UNKNOWN,AAANWWTGC_UNKNOWN] was killed by [E2F_Q2,E2F_Q2]
[ZBTB5_TARGET_GENES,ZBTB5_TARGET_GENES] was killed by [TSHZ1_TARGET_GENES,TSHZ1_TARGET_GENES]
[CGTSACG_PAX3_B,CGTSACG_PAX3_B] was killed by [SREBP1_01,SREBP1_01]
[AACWWCAANK_UNKNOWN,AACWWCAANK_UNKNOWN] was killed by [NKX22_01,NKX22_01]
[YYCATTCAWW_UNKNOWN,YYCATTCAWW_UNKNOWN] was killed by [E2F_Q2,E2F_Q2]
[ZSCAN5C_TARGET_GENES,ZSCAN5C_TARGET_GENES] was killed by [TSHZ1_TARGET_GENES,TSHZ1_TARGET_GENES]
[GGAMTNNNNNTCCY_UNKNOWN,GGAMTNNNNNTCCY_UNKNOWN] was killed by [E2F_Q2,E2F_Q2]
[ZNF669_TARGET_GENES,ZNF669_TARGET_GENES] was killed by [TSHZ1_TARGET_GENES,TSHZ1_TARGET_GENES]
[CCGNMNNTNACG_UNKNOWN,CCGNMNNTNACG_UNKNOWN] was killed by [SREBP1_01,SREBP1_01]
[MIF1_01,MIF1_01] was killed by [E2F_Q2,E2F_Q2]
[DNMT1_TARGET_GENES,DNMT1_TARGET_GENES] was killed by [SETBP1_TARGET_GENES,SETBP1_TARGET_GENES]
[TTCNRGNNNNTTC_HSF_Q6,TTCNRGNNNNTTC_HSF_Q6] was killed by [GCGNNANTTCC_UNKNOWN,GCGNNANTTCC_UNKNOWN]
[ACTWSNACTNY_UNKNOWN,ACTWSNACTNY_UNKNOWN] was killed by [TNCATNTCCYR_UNKNOWN,TNCATNTCCYR_UNKNOWN]
[RACTNNRTTTNC_UNKNOWN,RACTNNRTTTNC_UNKNOWN] was killed by [TNCATNTCCYR_UNKNOWN,TNCATNTCCYR_UNKNOWN]
[MSX1_01,MSX1_01] was killed by [E2F_Q2,E2F_Q2]
[IRX2_TARGET_GENES,IRX2_TARGET_GENES] was killed by [HOXC13_TARGET_GENES,HOXC13_TARGET_GENES]
[CREBP1_01,CREBP1_01] was killed by [E2F_Q2,E2F_Q2]
[TBX1_TARGET_GENES,TBX1_TARGET_GENES] was killed by [TSHZ1_TARGET_GENES,TSHZ1_TARGET_GENES]
[YTAAYNGCT_UNKNOWN,YTAAYNGCT_UNKNOWN] was killed by [SGCGSSAAA_E2F1DP2_01,SGCGSSAAA_E2F1DP2_01]
[ZNF584_TARGET_GENES,ZNF584_TARGET_GENES] was killed by [MCM3_TARGET_GENES,MCM3_TARGET_GENES]
[PAX5_01,PAX5_01] was killed by [SGCGSSAAA_E2F1DP2_01,SGCGSSAAA_E2F1DP2_01]
[MEF2_01,MEF2_01] was killed by [NKX22_01,NKX22_01]
[GATA_Q6,GATA_Q6] was killed by [NKX22_01,NKX22_01]
[ARHGAP35_TARGET_GENES,ARHGAP35_TARGET_GENES] was killed by [TMTCGCGANR_UNKNOWN,TMTCGCGANR_UNKNOWN]
[SNACANNNYSYAGA_UNKNOWN,SNACANNNYSYAGA_UNKNOWN] was killed by [TNCATNTCCYR_UNKNOWN,TNCATNTCCYR_UNKNOWN]
[YTAATTAA_LHX3_01,YTAATTAA_LHX3_01] was killed by [HOXC13_TARGET_GENES,HOXC13_TARGET_GENES]
[GTTRYCATRR_UNKNOWN,GTTRYCATRR_UNKNOWN] was killed by [GATGKMRGCG_UNKNOWN,GATGKMRGCG_UNKNOWN]
[STTTCRNTTT_IRF_Q6,STTTCRNTTT_IRF_Q6] was killed by [E2F_Q2,E2F_Q2]
[OCT1_07,OCT1_07] was killed by [NKX22_01,NKX22_01]
[ZBTB1_TARGET_GENES,ZBTB1_TARGET_GENES] was killed by [TSHZ1_TARGET_GENES,TSHZ1_TARGET_GENES]
[NKX25_01,NKX25_01] was killed by [NKX22_01,NKX22_01]
[TAAWWATAG_RSRFC4_Q2,TAAWWATAG_RSRFC4_Q2] was killed by [NKX22_01,NKX22_01]
[AACYNNNNTTCCS_UNKNOWN,AACYNNNNTTCCS_UNKNOWN] was killed by [TNCATNTCCYR_UNKNOWN,TNCATNTCCYR_UNKNOWN]
[ARGGGTTAA_UNKNOWN,ARGGGTTAA_UNKNOWN] was killed by [NKX22_01,NKX22_01]
[RRCCGTTA_UNKNOWN,RRCCGTTA_UNKNOWN] was killed by [SGCGSSAAA_E2F1DP2_01,SGCGSSAAA_E2F1DP2_01]
[ETF_Q6,ETF_Q6] was killed by [E2F_Q2,E2F_Q2]
[RBM15_TARGET_GENES,RBM15_TARGET_GENES] was killed by [SGCGSSAAA_E2F1DP2_01,SGCGSSAAA_E2F1DP2_01]
[ATF_B,ATF_B] was killed by [GKCGCNNNNNNNTGAYG_UNKNOWN,GKCGCNNNNNNNTGAYG_UNKNOWN]
[STAT3_02,STAT3_02] was killed by [NKX22_01,NKX22_01]
[YBX3_TARGET_GENES,YBX3_TARGET_GENES] was killed by [SREBP1_01,SREBP1_01]
[FOXJ2_01,FOXJ2_01] was killed by [SREBP1_01,SREBP1_01]
[CCAWYNNGAAR_UNKNOWN,CCAWYNNGAAR_UNKNOWN] was killed by [MCM3_TARGET_GENES,MCM3_TARGET_GENES]
[FREAC7_01,FREAC7_01] was killed by [NKX22_01,NKX22_01]
[SMARCA1_TARGET_GENES,SMARCA1_TARGET_GENES] was killed by [CREB3L2_TARGET_GENES,CREB3L2_TARGET_GENES]
[HEN1_01,HEN1_01] was killed by [SREBP1_01,SREBP1_01]
[GCGSCMNTTT_UNKNOWN,GCGSCMNTTT_UNKNOWN] was killed by [SGCGSSAAA_E2F1DP2_01,SGCGSSAAA_E2F1DP2_01]
[UBE2I_TARGET_GENES,UBE2I_TARGET_GENES] was killed by [PPARA_TARGET_GENES,PPARA_TARGET_GENES]
[EGR2_01,EGR2_01] was killed by [GCGNNANTTCC_UNKNOWN,GCGNNANTTCC_UNKNOWN]
[GGCNRNWCTTYS_UNKNOWN,GGCNRNWCTTYS_UNKNOWN] was killed by [GCGNNANTTCC_UNKNOWN,GCGNNANTTCC_UNKNOWN]
[TAAYNRNNTCC_UNKNOWN,TAAYNRNNTCC_UNKNOWN] was killed by [NKX22_01,NKX22_01]
[CHAF1A_TARGET_GENES,CHAF1A_TARGET_GENES] was killed by [TSHZ1_TARGET_GENES,TSHZ1_TARGET_GENES]
[AHRARNT_01,AHRARNT_01] was killed by [NKX22_01,NKX22_01]
[RTTTNNNYTGGM_UNKNOWN,RTTTNNNYTGGM_UNKNOWN] was killed by [NKX22_01,NKX22_01]
[CDPCR1_01,CDPCR1_01] was killed by [NKX22_01,NKX22_01]
[KMCATNNWGGA_UNKNOWN,KMCATNNWGGA_UNKNOWN] was killed by [SGCGSSAAA_E2F1DP2_01,SGCGSSAAA_E2F1DP2_01]
[PR_01,PR_01] was killed by [NKX22_01,NKX22_01]
[PR_02,PR_02] was killed by [SGCGSSAAA_E2F1DP2_01,SGCGSSAAA_E2F1DP2_01]
[ARP1_01,ARP1_01] was killed by [E2F_Q2,E2F_Q2]
[ACCTGTTG_UNKNOWN,ACCTGTTG_UNKNOWN] was killed by [SREBP1_01,SREBP1_01]
[CGGAARNGGCNG_UNKNOWN,CGGAARNGGCNG_UNKNOWN] was killed by [HOXC13_TARGET_GENES,HOXC13_TARGET_GENES]
[CRGAARNNNNCGA_UNKNOWN,CRGAARNNNNCGA_UNKNOWN] was killed by [SREBP1_01,SREBP1_01]
[GCCNNNWTAAR_UNKNOWN,GCCNNNWTAAR_UNKNOWN] was killed by [NKX22_01,NKX22_01]
[ACAWNRNSRCGG_UNKNOWN,ACAWNRNSRCGG_UNKNOWN] was killed by [SGCGSSAAA_E2F1DP2_01,SGCGSSAAA_E2F1DP2_01]
[RAAGNYNNCTTY_UNKNOWN,RAAGNYNNCTTY_UNKNOWN] was killed by [NKX22_01,NKX22_01]
[PCGF6_TARGET_GENES,PCGF6_TARGET_GENES] was killed by [HDAC8_TARGET_GENES,HDAC8_TARGET_GENES]
[XBP1_01,XBP1_01] was killed by [TMTCGCGANR_UNKNOWN,TMTCGCGANR_UNKNOWN]
[CDP_02,CDP_02] was killed by [SGCGSSAAA_E2F1DP2_01,SGCGSSAAA_E2F1DP2_01]
[CCCNNNNNNAAGWT_UNKNOWN,CCCNNNNNNAAGWT_UNKNOWN] was killed by [SREBP1_01,SREBP1_01]
[YGTCCTTGR_UNKNOWN,YGTCCTTGR_UNKNOWN] was killed by [SREBP1_01,SREBP1_01]
[NCX_01,NCX_01] was killed by [SGCGSSAAA_E2F1DP2_01,SGCGSSAAA_E2F1DP2_01]
[CCAWNWWNNNGGC_UNKNOWN,CCAWNWWNNNGGC_UNKNOWN] was killed by [TMTCGCGANR_UNKNOWN,TMTCGCGANR_UNKNOWN]
[COBLL1_TARGET_GENES,COBLL1_TARGET_GENES] was killed by [CREB3L2_TARGET_GENES,CREB3L2_TARGET_GENES]
[EN1_01,EN1_01] was killed by [NKX22_01,NKX22_01]
[ZNF37A_TARGET_GENES,ZNF37A_TARGET_GENES] was killed by [TSHZ1_TARGET_GENES,TSHZ1_TARGET_GENES]
[WCTCNATGGY_UNKNOWN,WCTCNATGGY_UNKNOWN] was killed by [GGAANCGGAANY_UNKNOWN,GGAANCGGAANY_UNKNOWN]
[FOXQ1_TARGET_GENES,FOXQ1_TARGET_GENES] was killed by [SGCGSSAAA_E2F1DP2_01,SGCGSSAAA_E2F1DP2_01]
[MCAATNNNNNGCG_UNKNOWN,MCAATNNNNNGCG_UNKNOWN] was killed by [TMTCGCGANR_UNKNOWN,TMTCGCGANR_UNKNOWN]
[GGCNNMSMYNTTG_UNKNOWN,GGCNNMSMYNTTG_UNKNOWN] was killed by [SREBP1_01,SREBP1_01]
[MEIS1BHOXA9_01,MEIS1BHOXA9_01] was killed by [SREBP1_01,SREBP1_01]
[DROSHA_TARGET_GENES,DROSHA_TARGET_GENES] was killed by [MCM3_TARGET_GENES,MCM3_TARGET_GENES]
[DR3_Q4,DR3_Q4] was killed by [RORA2_01,RORA2_01]
[YAATNRNNNYNATT_UNKNOWN,YAATNRNNNYNATT_UNKNOWN] was killed by [NKX22_01,NKX22_01]
[TAXCREB_01,TAXCREB_01] was killed by [TMTCGCGANR_UNKNOWN,TMTCGCGANR_UNKNOWN]
[HEN1_02,HEN1_02] was killed by [TMTCGCGANR_UNKNOWN,TMTCGCGANR_UNKNOWN]
[WWTAAGGC_UNKNOWN,WWTAAGGC_UNKNOWN] was killed by [NKX22_01,NKX22_01]
[HMEF2_Q6,HMEF2_Q6] was killed by [NKX22_01,NKX22_01]
[AP2REP_01,AP2REP_01] was killed by [SGCGSSAAA_E2F1DP2_01,SGCGSSAAA_E2F1DP2_01]
[AR_Q2,AR_Q2] was killed by [NKX22_01,NKX22_01]
[HNF3_Q6,HNF3_Q6] was killed by [NKX22_01,NKX22_01]
[RAX2_TARGET_GENES,RAX2_TARGET_GENES] was killed by [TMTCGCGANR_UNKNOWN,TMTCGCGANR_UNKNOWN]
[PPARA_02,PPARA_02] was killed by [TGASTMAGC_NFE2_01,TGASTMAGC_NFE2_01]
[YGCANTGCR_UNKNOWN,YGCANTGCR_UNKNOWN] was killed by [TMTCGCGANR_UNKNOWN,TMTCGCGANR_UNKNOWN]
[AR_01,AR_01] was killed by [NKX22_01,NKX22_01]
[CAGNWMCNNNGAC_UNKNOWN,CAGNWMCNNNGAC_UNKNOWN] was killed by [NKX22_01,NKX22_01]
[PAX8_TARGET_GENES,PAX8_TARGET_GENES] was killed by [SREBP1_01,SREBP1_01]
[CATRRAGC_UNKNOWN,CATRRAGC_UNKNOWN] was killed by [SGCGSSAAA_E2F1DP2_01,SGCGSSAAA_E2F1DP2_01]
[ZNF595_TARGET_GENES,ZNF595_TARGET_GENES] was killed by [TSHZ1_TARGET_GENES,TSHZ1_TARGET_GENES]
[FREAC4_01,FREAC4_01] was killed by [NKX22_01,NKX22_01]
[GTTGNYNNRGNAAC_UNKNOWN,GTTGNYNNRGNAAC_UNKNOWN] was killed by [NKX22_01,NKX22_01]
[GTTNYYNNGGTNA_UNKNOWN,GTTNYYNNGGTNA_UNKNOWN] was killed by [CYTAGCAAY_UNKNOWN,CYTAGCAAY_UNKNOWN]
[GTCNYYATGR_UNKNOWN,GTCNYYATGR_UNKNOWN] was killed by [SGCGSSAAA_E2F1DP2_01,SGCGSSAAA_E2F1DP2_01]
[ZNF133_TARGET_GENES,ZNF133_TARGET_GENES] was killed by [TSHZ1_TARGET_GENES,TSHZ1_TARGET_GENES]
[YNTTTNNNANGCARM_UNKNOWN,YNTTTNNNANGCARM_UNKNOWN] was killed by [NKX22_01,NKX22_01]
[BCL6B_TARGET_GENES,BCL6B_TARGET_GENES] was killed by [PPARGC1A_TARGET_GENES,PPARGC1A_TARGET_GENES]
[ZNF677_TARGET_GENES,ZNF677_TARGET_GENES] was killed by [ZNF547_TARGET_GENES,ZNF547_TARGET_GENES]
[MCM2_TARGET_GENES,MCM2_TARGET_GENES] was killed by [HDAC8_TARGET_GENES,HDAC8_TARGET_GENES]
[IRF2_01,IRF2_01] was killed by [E2F_Q2,E2F_Q2]
[ATF6_01,ATF6_01] was killed by [SGCGSSAAA_E2F1DP2_01,SGCGSSAAA_E2F1DP2_01]
[GGGNRMNNYCAT_UNKNOWN,GGGNRMNNYCAT_UNKNOWN] was killed by [NKX22_01,NKX22_01]
[ADNP_TARGET_GENES,ADNP_TARGET_GENES] was killed by [ZMYM2_TARGET_GENES,ZMYM2_TARGET_GENES]
[MYOGNF1_01,MYOGNF1_01] was killed by [RORA2_01,RORA2_01]
[FXR_Q3,FXR_Q3] was killed by [NKX22_01,NKX22_01]
[DICER1_TARGET_GENES,DICER1_TARGET_GENES] was killed by [SETBP1_TARGET_GENES,SETBP1_TARGET_GENES]
[CCANNAGRKGGC_UNKNOWN,CCANNAGRKGGC_UNKNOWN] was killed by [SREBP1_01,SREBP1_01]
[SS18_SSX1_FUSION_UNIPROT_Q8IZH1_UNREVIEWED_TARGET_GENES,SS18_SSX1_FUSION_UNIPROT_Q8IZH1_UNREVIEWED_TARGET_GENES] was killed by [GCGNNANTTCC_UNKNOWN,GCGNNANTTCC_UNKNOWN]
[HFH3_01,HFH3_01] was killed by [NKX22_01,NKX22_01]
[RYTGCNWTGGNR_UNKNOWN,RYTGCNWTGGNR_UNKNOWN] was killed by [SGCGSSAAA_E2F1DP2_01,SGCGSSAAA_E2F1DP2_01]
[ZNF623_TARGET_GENES,ZNF623_TARGET_GENES] was killed by [TSHZ1_TARGET_GENES,TSHZ1_TARGET_GENES]
[HSF4_TARGET_GENES,HSF4_TARGET_GENES] was killed by [HOXC13_TARGET_GENES,HOXC13_TARGET_GENES]
[TERF2_TARGET_GENES,TERF2_TARGET_GENES] was killed by [E2F_Q2,E2F_Q2]
[ATCMNTCCGY_UNKNOWN,ATCMNTCCGY_UNKNOWN] was killed by [SGCGSSAAA_E2F1DP2_01,SGCGSSAAA_E2F1DP2_01]
[IRX3_TARGET_GENES,IRX3_TARGET_GENES] was killed by [CREB3L2_TARGET_GENES,CREB3L2_TARGET_GENES]
[PAX8_B,PAX8_B] was killed by [SREBP1_01,SREBP1_01]
[MEIS1AHOXA9_01,MEIS1AHOXA9_01] was killed by [NKX22_01,NKX22_01]
[ZNF34_TARGET_GENES,ZNF34_TARGET_GENES] was killed by [CREB3L2_TARGET_GENES,CREB3L2_TARGET_GENES]
[YAATNANRNNNCAG_UNKNOWN,YAATNANRNNNCAG_UNKNOWN] was killed by [KRCTCNNNNMANAGC_UNKNOWN,KRCTCNNNNMANAGC_UNKNOWN]
[YGACNNYACAR_UNKNOWN,YGACNNYACAR_UNKNOWN] was killed by [SETBP1_TARGET_GENES,SETBP1_TARGET_GENES]
[GGGNNTTTCC_NFKB_Q6_01,GGGNNTTTCC_NFKB_Q6_01] was killed by [SREBP1_01,SREBP1_01]
[TFCP2_TARGET_GENES,TFCP2_TARGET_GENES] was killed by [CREB3L2_TARGET_GENES,CREB3L2_TARGET_GENES]
[SOX11_TARGET_GENES,SOX11_TARGET_GENES] was killed by [SGCGSSAAA_E2F1DP2_01,SGCGSSAAA_E2F1DP2_01]
[RUVBL2_TARGET_GENES,RUVBL2_TARGET_GENES] was killed by [HDAC8_TARGET_GENES,HDAC8_TARGET_GENES]
[HOXA13_TARGET_GENES,HOXA13_TARGET_GENES] was killed by [GKCGCNNNNNNNTGAYG_UNKNOWN,GKCGCNNNNNNNTGAYG_UNKNOWN]
[ZSCAN23_TARGET_GENES,ZSCAN23_TARGET_GENES] was killed by [TSHZ1_TARGET_GENES,TSHZ1_TARGET_GENES]
[E2F_01,E2F_01] was killed by [SGCGSSAAA_E2F1DP2_01,SGCGSSAAA_E2F1DP2_01]
[YWATTWNNRGCT_UNKNOWN,YWATTWNNRGCT_UNKNOWN] was killed by [NKX22_01,NKX22_01]
[AGCYRWTTC_UNKNOWN,AGCYRWTTC_UNKNOWN] was killed by [SREBP1_01,SREBP1_01]
[CTCNANGTGNY_UNKNOWN,CTCNANGTGNY_UNKNOWN] was killed by [E2F_Q2,E2F_Q2]
[CCAATNNSNNNGCG_UNKNOWN,CCAATNNSNNNGCG_UNKNOWN] was killed by [SGCGSSAAA_E2F1DP2_01,SGCGSSAAA_E2F1DP2_01]
[HTF_01,HTF_01] was killed by [SGCGSSAAA_E2F1DP2_01,SGCGSSAAA_E2F1DP2_01]
[HOXC11_TARGET_GENES,HOXC11_TARGET_GENES] was killed by [SETBP1_TARGET_GENES,SETBP1_TARGET_GENES]
[PBX1_02,PBX1_02] was killed by [SGCGSSAAA_E2F1DP2_01,SGCGSSAAA_E2F1DP2_01]
[CCTNTMAGA_UNKNOWN,CCTNTMAGA_UNKNOWN] was killed by [E2F_Q2,E2F_Q2]
[MED25_TARGET_GENES,MED25_TARGET_GENES] was killed by [TSHZ1_TARGET_GENES,TSHZ1_TARGET_GENES]
[RYTGCNNRGNAAC_MIF1_01,RYTGCNNRGNAAC_MIF1_01] was killed by [SETBP1_TARGET_GENES,SETBP1_TARGET_GENES]
[AHR_01,AHR_01] was killed by [TMTCGCGANR_UNKNOWN,TMTCGCGANR_UNKNOWN]
[COMP1_01,COMP1_01] was killed by [TSHZ1_TARGET_GENES,TSHZ1_TARGET_GENES]
[CCAWWNAAGG_SRF_Q4,CCAWWNAAGG_SRF_Q4] was killed by [E2F_Q2,E2F_Q2]
[FXR_IR1_Q6,FXR_IR1_Q6] was killed by [ZNF704_TARGET_GENES,ZNF704_TARGET_GENES]
[RYTAAWNNNTGAY_UNKNOWN,RYTAAWNNNTGAY_UNKNOWN] was killed by [NKX22_01,NKX22_01]
[CAGNYGKNAAA_UNKNOWN,CAGNYGKNAAA_UNKNOWN] was killed by [NKX22_01,NKX22_01]
[MYAATNNNNNNNGGC_UNKNOWN,MYAATNNNNNNNGGC_UNKNOWN] was killed by [SGCGSSAAA_E2F1DP2_01,SGCGSSAAA_E2F1DP2_01]
[CTGRYYYNATT_UNKNOWN,CTGRYYYNATT_UNKNOWN] was killed by [NKX22_01,NKX22_01]
[ZSCAN18_TARGET_GENES,ZSCAN18_TARGET_GENES] was killed by [MCM3_TARGET_GENES,MCM3_TARGET_GENES]
[PAX6_01,PAX6_01] was killed by [NKX22_01,NKX22_01]
[YTCCCRNNAGGY_UNKNOWN,YTCCCRNNAGGY_UNKNOWN] was killed by [TNCATNTCCYR_UNKNOWN,TNCATNTCCYR_UNKNOWN]
[GNCF_01,GNCF_01] was killed by [HOXC13_TARGET_GENES,HOXC13_TARGET_GENES]
[GRE_C,GRE_C] was killed by [NKX22_01,NKX22_01]
[METHYLCYTOSINE_DIOXYGENASE_TET_UNIPROT_A0A023HHK9_UNREVIEWED_TARGET_GENES,METHYLCYTOSINE_DIOXYGENASE_TET_UNIPROT_A0A023HHK9_UNREVIEWED_TARGET_GENES] was killed by [THRA_TARGET_GENES,THRA_TARGET_GENES]
[EVI1_05,EVI1_05] was killed by [NKX22_01,NKX22_01]
[CAVIN1_TARGET_GENES,CAVIN1_TARGET_GENES] was killed by [CREB3L2_TARGET_GENES,CREB3L2_TARGET_GENES]
[SIPA1_TARGET_GENES,SIPA1_TARGET_GENES] was killed by [KRCTCNNNNMANAGC_UNKNOWN,KRCTCNNNNMANAGC_UNKNOWN]
[HJURP_TARGET_GENES,HJURP_TARGET_GENES] was killed by [HOXD11_TARGET_GENES,HOXD11_TARGET_GENES]
[SREBP1_02,SREBP1_02] was killed by [HDAC8_TARGET_GENES,HDAC8_TARGET_GENES]
[YRTCANNRCGC_UNKNOWN,YRTCANNRCGC_UNKNOWN] was killed by [E2F_Q2,E2F_Q2]
[GATA2_01,GATA2_01] was killed by [E2F_Q2,E2F_Q2]
[RNTCANNRNNYNATTW_UNKNOWN,RNTCANNRNNYNATTW_UNKNOWN] was killed by [NKX22_01,NKX22_01]
[ZNF157_TARGET_GENES,ZNF157_TARGET_GENES] was killed by [TSHZ1_TARGET_GENES,TSHZ1_TARGET_GENES]
[RYCACNNRNNRNCAG_UNKNOWN,RYCACNNRNNRNCAG_UNKNOWN] was killed by [RORA2_01,RORA2_01]
[CENPT_TARGET_GENES,CENPT_TARGET_GENES] was killed by [GTF3A_TARGET_GENES,GTF3A_TARGET_GENES]
[RYAAAKNNNNNNTTGW_UNKNOWN,RYAAAKNNNNNNTTGW_UNKNOWN] was killed by [E2F_Q2,E2F_Q2]
[SIX4_TARGET_GENES,SIX4_TARGET_GENES] was killed by [TSHZ1_TARGET_GENES,TSHZ1_TARGET_GENES]
[ACAWYAAAG_UNKNOWN,ACAWYAAAG_UNKNOWN] was killed by [NKX22_01,NKX22_01]
[STAT5A_02,STAT5A_02] was killed by [SREBP1_01,SREBP1_01]
[ZNF708_TARGET_GENES,ZNF708_TARGET_GENES] was killed by [GTF3A_TARGET_GENES,GTF3A_TARGET_GENES]
[STAT1_01,STAT1_01] was killed by [SGCGSSAAA_E2F1DP2_01,SGCGSSAAA_E2F1DP2_01]
[LXR_Q3,LXR_Q3] was killed by [SGCGSSAAA_E2F1DP2_01,SGCGSSAAA_E2F1DP2_01]
[ZNF582_TARGET_GENES,ZNF582_TARGET_GENES] was killed by [GTF3A_TARGET_GENES,GTF3A_TARGET_GENES]
[ZNF454_TARGET_GENES,ZNF454_TARGET_GENES] was killed by [SETBP1_TARGET_GENES,SETBP1_TARGET_GENES]
[RNCTGNYNRNCTGNY_UNKNOWN,RNCTGNYNRNCTGNY_UNKNOWN] was killed by [NKX22_01,NKX22_01]
[MAPK3_TARGET_GENES,MAPK3_TARGET_GENES] was killed by [KRCTCNNNNMANAGC_UNKNOWN,KRCTCNNNNMANAGC_UNKNOWN]
[PHB2_TARGET_GENES,PHB2_TARGET_GENES] was killed by [MCM3_TARGET_GENES,MCM3_TARGET_GENES]
[TTGCWCAAY_CEBPB_02,TTGCWCAAY_CEBPB_02] was killed by [SGCGSSAAA_E2F1DP2_01,SGCGSSAAA_E2F1DP2_01]
[NUFIP1_TARGET_GENES,NUFIP1_TARGET_GENES] was killed by [ZMYM2_TARGET_GENES,ZMYM2_TARGET_GENES]
[YRCCAKNNGNCGC_UNKNOWN,YRCCAKNNGNCGC_UNKNOWN] was killed by [TMTCGCGANR_UNKNOWN,TMTCGCGANR_UNKNOWN]
[LXR_DR4_Q3,LXR_DR4_Q3] was killed by [NKX22_01,NKX22_01]
[MCRS1_TARGET_GENES,MCRS1_TARGET_GENES] was killed by [MCM3_TARGET_GENES,MCM3_TARGET_GENES]
[ZNF777_TARGET_GENES,ZNF777_TARGET_GENES] was killed by [TSHZ1_TARGET_GENES,TSHZ1_TARGET_GENES]
[HEY2_TARGET_GENES,HEY2_TARGET_GENES] was killed by [TMTCGCGANR_UNKNOWN,TMTCGCGANR_UNKNOWN]
[ZNF239_TARGET_GENES,ZNF239_TARGET_GENES] was killed by [TSHZ1_TARGET_GENES,TSHZ1_TARGET_GENES]
[YTTCCNNNGGAMR_UNKNOWN,YTTCCNNNGGAMR_UNKNOWN] was killed by [SREBP1_01,SREBP1_01]
[LMNB2_TARGET_GENES,LMNB2_TARGET_GENES] was killed by [TMTCGCGANR_UNKNOWN,TMTCGCGANR_UNKNOWN]
[ZFP82_TARGET_GENES,ZFP82_TARGET_GENES] was killed by [GTF3A_TARGET_GENES,GTF3A_TARGET_GENES]
[WYAAANNRNNNGCG_UNKNOWN,WYAAANNRNNNGCG_UNKNOWN] was killed by [SGCGSSAAA_E2F1DP2_01,SGCGSSAAA_E2F1DP2_01]
[ZNF746_TARGET_GENES,ZNF746_TARGET_GENES] was killed by [SGCGSSAAA_E2F1DP2_01,SGCGSSAAA_E2F1DP2_01]
[PAX8_01,PAX8_01] was killed by [NKX22_01,NKX22_01]
[ZNF19_TARGET_GENES,ZNF19_TARGET_GENES] was killed by [GCGNNANTTCC_UNKNOWN,GCGNNANTTCC_UNKNOWN]
[PRMT5_TARGET_GENES,PRMT5_TARGET_GENES] was killed by [SGCGSSAAA_E2F1DP2_01,SGCGSSAAA_E2F1DP2_01]
[MEF2_04,MEF2_04] was killed by [CYTAGCAAY_UNKNOWN,CYTAGCAAY_UNKNOWN]
[CTGYNNCTYTAA_UNKNOWN,CTGYNNCTYTAA_UNKNOWN] was killed by [NKX22_01,NKX22_01]
[CDH4_TARGET_GENES,CDH4_TARGET_GENES] was killed by [ZNF704_TARGET_GENES,ZNF704_TARGET_GENES]
[CDPCR3_01,CDPCR3_01] was killed by [NKX22_01,NKX22_01]
[ZNF502_TARGET_GENES,ZNF502_TARGET_GENES] was killed by [GTF3A_TARGET_GENES,GTF3A_TARGET_GENES]
[POU3F2_01,POU3F2_01] was killed by [SREBP1_01,SREBP1_01]
[CDX1_TARGET_GENES,CDX1_TARGET_GENES] was killed by [CREB3L2_TARGET_GENES,CREB3L2_TARGET_GENES]
[HOX13_01,HOX13_01] was killed by [NKX22_01,NKX22_01]
[TTANWNANTGGM_UNKNOWN,TTANWNANTGGM_UNKNOWN] was killed by [E2F_Q2,E2F_Q2]
[AR_03,AR_03] was killed by [E2F_Q2,E2F_Q2]
[EGR3_01,EGR3_01] was killed by [GCGNNANTTCC_UNKNOWN,GCGNNANTTCC_UNKNOWN]
[PAX2_01,PAX2_01] was killed by [SGCGSSAAA_E2F1DP2_01,SGCGSSAAA_E2F1DP2_01]
[PER1_TARGET_GENES,PER1_TARGET_GENES] was killed by [TMTCGCGANR_UNKNOWN,TMTCGCGANR_UNKNOWN]
[EVI1_02,EVI1_02] was killed by [NKX22_01,NKX22_01]
[ZNF20_TARGET_GENES,ZNF20_TARGET_GENES] was killed by [TNCATNTCCYR_UNKNOWN,TNCATNTCCYR_UNKNOWN]
[YBX1_TARGET_GENES,YBX1_TARGET_GENES] was killed by [GCGNNANTTCC_UNKNOWN,GCGNNANTTCC_UNKNOWN]
[MSX2_TARGET_GENES,MSX2_TARGET_GENES] was killed by [ZNF532_TARGET_GENES,ZNF532_TARGET_GENES]
[PTPRA_TARGET_GENES,PTPRA_TARGET_GENES] was killed by [E2F_Q2,E2F_Q2]
[CARM1_TARGET_GENES,CARM1_TARGET_GENES] was killed by [CTR9_TARGET_GENES,CTR9_TARGET_GENES]
[SQSTM1_TARGET_GENES,SQSTM1_TARGET_GENES] was killed by [KRCTCNNNNMANAGC_UNKNOWN,KRCTCNNNNMANAGC_UNKNOWN]
[ZMYND11_TARGET_GENES,ZMYND11_TARGET_GENES] was killed by [SETBP1_TARGET_GENES,SETBP1_TARGET_GENES]
[ATOH8_TARGET_GENES,ATOH8_TARGET_GENES] was killed by [ZMYM2_TARGET_GENES,ZMYM2_TARGET_GENES]
[ALX4_TARGET_GENES,ALX4_TARGET_GENES] was killed by [SETBP1_TARGET_GENES,SETBP1_TARGET_GENES]
[RPA1_TARGET_GENES,RPA1_TARGET_GENES] was killed by [SETBP1_TARGET_GENES,SETBP1_TARGET_GENES]
[TFAM_TARGET_GENES,TFAM_TARGET_GENES] was killed by [SETBP1_TARGET_GENES,SETBP1_TARGET_GENES]
[MDM2_TARGET_GENES,MDM2_TARGET_GENES] was killed by [SGCGSSAAA_E2F1DP2_01,SGCGSSAAA_E2F1DP2_01]
[SVIL_TARGET_GENES,SVIL_TARGET_GENES] was killed by [TMTCGCGANR_UNKNOWN,TMTCGCGANR_UNKNOWN]
[CDP_01,CDP_01] was killed by [ZNF704_TARGET_GENES,ZNF704_TARGET_GENES]
[LAMB3_TARGET_GENES,LAMB3_TARGET_GENES] was killed by [TSHZ1_TARGET_GENES,TSHZ1_TARGET_GENES]
[TBPL1_TARGET_GENES,TBPL1_TARGET_GENES] was killed by [TSHZ1_TARGET_GENES,TSHZ1_TARGET_GENES]
[SNAPC4_TARGET_GENES,SNAPC4_TARGET_GENES] was killed by [SETBP1_TARGET_GENES,SETBP1_TARGET_GENES]
[GAANYNYGACNY_UNKNOWN,GAANYNYGACNY_UNKNOWN] was killed by [SGCGSSAAA_E2F1DP2_01,SGCGSSAAA_E2F1DP2_01]
[PGBD5_TARGET_GENES,PGBD5_TARGET_GENES] was killed by [HOXD11_TARGET_GENES,HOXD11_TARGET_GENES]
[TCOF1_TARGET_GENES,TCOF1_TARGET_GENES] was killed by [SETBP1_TARGET_GENES,SETBP1_TARGET_GENES]
[ZNF501_TARGET_GENES,ZNF501_TARGET_GENES] was killed by [TSHZ1_TARGET_GENES,TSHZ1_TARGET_GENES]
[PAX3_01,PAX3_01] was killed by [NKX22_01,NKX22_01]
[PIAS4_TARGET_GENES,PIAS4_TARGET_GENES] was killed by [SGCGSSAAA_E2F1DP2_01,SGCGSSAAA_E2F1DP2_01]
[PPARG_01,PPARG_01] was killed by [HOXC13_TARGET_GENES,HOXC13_TARGET_GENES]
[PAX3_B,PAX3_B] was killed by [SREBP1_01,SREBP1_01]
[FOXF1_TARGET_GENES,FOXF1_TARGET_GENES] was killed by [SETBP1_TARGET_GENES,SETBP1_TARGET_GENES]
[NEUROG3_TARGET_GENES,NEUROG3_TARGET_GENES] was killed by [SETBP1_TARGET_GENES,SETBP1_TARGET_GENES]
[ZNF41_TARGET_GENES,ZNF41_TARGET_GENES] was killed by [GCGNNANTTCC_UNKNOWN,GCGNNANTTCC_UNKNOWN]
[ZNF302_TARGET_GENES,ZNF302_TARGET_GENES] was killed by [MCM3_TARGET_GENES,MCM3_TARGET_GENES]
[MED16_TARGET_GENES,MED16_TARGET_GENES] was killed by [GCGNNANTTCC_UNKNOWN,GCGNNANTTCC_UNKNOWN]
[PTTG1_TARGET_GENES,PTTG1_TARGET_GENES] was killed by [MCM3_TARGET_GENES,MCM3_TARGET_GENES]
[PRDM5_TARGET_GENES,PRDM5_TARGET_GENES] was killed by [CTR9_TARGET_GENES,CTR9_TARGET_GENES]
[HMX1_01,HMX1_01] was killed by [NKX22_01,NKX22_01]
[ZNF586_TARGET_GENES,ZNF586_TARGET_GENES] was killed by [ZNF547_TARGET_GENES,ZNF547_TARGET_GENES]
[ERCC8_TARGET_GENES,ERCC8_TARGET_GENES] was killed by [MCM3_TARGET_GENES,MCM3_TARGET_GENES]
[ZNF23_TARGET_GENES,ZNF23_TARGET_GENES] was killed by [CREB3L2_TARGET_GENES,CREB3L2_TARGET_GENES]
[RBL1_TARGET_GENES,RBL1_TARGET_GENES] was killed by [GTF3A_TARGET_GENES,GTF3A_TARGET_GENES]
[METTL14_TARGET_GENES,METTL14_TARGET_GENES] was killed by [SETBP1_TARGET_GENES,SETBP1_TARGET_GENES]
[LHX3_TARGET_GENES,LHX3_TARGET_GENES] was killed by [KRCTCNNNNMANAGC_UNKNOWN,KRCTCNNNNMANAGC_UNKNOWN]
[NR5A1_TARGET_GENES,NR5A1_TARGET_GENES] was killed by [MCM3_TARGET_GENES,MCM3_TARGET_GENES]
[TERT_TARGET_GENES,TERT_TARGET_GENES] was killed by [GTF3A_TARGET_GENES,GTF3A_TARGET_GENES]
[NR2E3_TARGET_GENES,NR2E3_TARGET_GENES] was killed by [ZMYM2_TARGET_GENES,ZMYM2_TARGET_GENES]
[PSIP1_TARGET_GENES,PSIP1_TARGET_GENES] was killed by [TSHZ1_TARGET_GENES,TSHZ1_TARGET_GENES]
[HMCES_TARGET_GENES,HMCES_TARGET_GENES] was killed by [THRA_TARGET_GENES,THRA_TARGET_GENES]
[ZFP36L1_TARGET_GENES,ZFP36L1_TARGET_GENES] was killed by [TSHZ1_TARGET_GENES,TSHZ1_TARGET_GENES]
[XPO1_TARGET_GENES,XPO1_TARGET_GENES] was killed by [NKX22_01,NKX22_01]
[NUP214_TARGET_GENES,NUP214_TARGET_GENES] was killed by [TSHZ1_TARGET_GENES,TSHZ1_TARGET_GENES]
[ZA_UNIPROT_Q9UM89_UNREVIEWED_TARGET_GENES,ZA_UNIPROT_Q9UM89_UNREVIEWED_TARGET_GENES] was killed by [NR1D1_TARGET_GENES,NR1D1_TARGET_GENES]
[ZNF560_TARGET_GENES,ZNF560_TARGET_GENES] was killed by [TSHZ1_TARGET_GENES,TSHZ1_TARGET_GENES]
[RBM17_TARGET_GENES,RBM17_TARGET_GENES] was killed by [TGASTMAGC_NFE2_01,TGASTMAGC_NFE2_01]
[ZSCAN5B_TARGET_GENES,ZSCAN5B_TARGET_GENES] was killed by [HOXC13_TARGET_GENES,HOXC13_TARGET_GENES]
[VRTN_TARGET_GENES,VRTN_TARGET_GENES] was killed by [SETBP1_TARGET_GENES,SETBP1_TARGET_GENES]
[HOXB7_TARGET_GENES,HOXB7_TARGET_GENES] was killed by [SETBP1_TARGET_GENES,SETBP1_TARGET_GENES]
[ASXL2_TARGET_GENES,ASXL2_TARGET_GENES] was killed by [NRSF_01,NRSF_01]
[WRN_TARGET_GENES,WRN_TARGET_GENES] was killed by [KDM1B_TARGET_GENES,KDM1B_TARGET_GENES]
[PAX5_02,PAX5_02] was killed by [TGASTMAGC_NFE2_01,TGASTMAGC_NFE2_01]
[ZNF292_TARGET_GENES,ZNF292_TARGET_GENES] was killed by [SREBP1_01,SREBP1_01]
[GGARNTKYCCA_UNKNOWN,GGARNTKYCCA_UNKNOWN] was killed by [E2F_Q2,E2F_Q2]
[STN1_TARGET_GENES,STN1_TARGET_GENES] was killed by [TMTCGCGANR_UNKNOWN,TMTCGCGANR_UNKNOWN]
[AR_02,AR_02] was killed by [E2F_Q2,E2F_Q2]
[LAMTOR5_TARGET_GENES,LAMTOR5_TARGET_GENES] was killed by [SETBP1_TARGET_GENES,SETBP1_TARGET_GENES]
[ZNF774_TARGET_GENES,ZNF774_TARGET_GENES] was killed by [CREB3L2_TARGET_GENES,CREB3L2_TARGET_GENES]
[DPPA3_TARGET_GENES,DPPA3_TARGET_GENES] was killed by [SREBP1_01,SREBP1_01]
[PBRM1_TARGET_GENES,PBRM1_TARGET_GENES] was killed by [GTF3A_TARGET_GENES,GTF3A_TARGET_GENES]
[EGFR_TARGET_GENES,EGFR_TARGET_GENES] was killed by [SREBP1_01,SREBP1_01]
[SYNCRIP_TARGET_GENES,SYNCRIP_TARGET_GENES] was killed by [NRSF_01,NRSF_01]
[ZNF433_TARGET_GENES,ZNF433_TARGET_GENES] was killed by [CREB3L2_TARGET_GENES,CREB3L2_TARGET_GENES]
[PAF1_TARGET_GENES,PAF1_TARGET_GENES] was killed by [SETBP1_TARGET_GENES,SETBP1_TARGET_GENES]
[ZNF491_TARGET_GENES,ZNF491_TARGET_GENES] was killed by [TMTCGCGANR_UNKNOWN,TMTCGCGANR_UNKNOWN]
[MYF6_TARGET_GENES,MYF6_TARGET_GENES] was killed by [TSHZ1_TARGET_GENES,TSHZ1_TARGET_GENES]
[ZNF211_TARGET_GENES,ZNF211_TARGET_GENES] was killed by [SGCGSSAAA_E2F1DP2_01,SGCGSSAAA_E2F1DP2_01]
[CEBPE_TARGET_GENES,CEBPE_TARGET_GENES] was killed by [HOXC13_TARGET_GENES,HOXC13_TARGET_GENES]
[EVI1_06,EVI1_06] was killed by [ZNF547_TARGET_GENES,ZNF547_TARGET_GENES]
[ZNF419_TARGET_GENES,ZNF419_TARGET_GENES] was killed by [SETBP1_TARGET_GENES,SETBP1_TARGET_GENES]
[ALX4_01,ALX4_01] was killed by [TNCATNTCCYR_UNKNOWN,TNCATNTCCYR_UNKNOWN]
[ATM_TARGET_GENES,ATM_TARGET_GENES] was killed by [TNCATNTCCYR_UNKNOWN,TNCATNTCCYR_UNKNOWN]
[EVI1_03,EVI1_03] was killed by [CREB3L2_TARGET_GENES,CREB3L2_TARGET_GENES]
[MPHOSPH8_TARGET_GENES,MPHOSPH8_TARGET_GENES] was killed by [KDM1B_TARGET_GENES,KDM1B_TARGET_GENES]
[NME2_TARGET_GENES,NME2_TARGET_GENES] was killed by [ZMYM2_TARGET_GENES,ZMYM2_TARGET_GENES]
[NEUROD2_TARGET_GENES,NEUROD2_TARGET_GENES] was killed by [HOXC13_TARGET_GENES,HOXC13_TARGET_GENES]
[ZNF510_TARGET_GENES,ZNF510_TARGET_GENES] was killed by [TSHZ1_TARGET_GENES,TSHZ1_TARGET_GENES]
[ZNF426_TARGET_GENES,ZNF426_TARGET_GENES] was killed by [TSHZ1_TARGET_GENES,TSHZ1_TARGET_GENES]
[SIRT3_TARGET_GENES,SIRT3_TARGET_GENES] was killed by [GGAANCGGAANY_UNKNOWN,GGAANCGGAANY_UNKNOWN]
[STAT3_01,STAT3_01] was killed by [SGCGSSAAA_E2F1DP2_01,SGCGSSAAA_E2F1DP2_01]
[MTHFD1_TARGET_GENES,MTHFD1_TARGET_GENES] was killed by [TSHZ1_TARGET_GENES,TSHZ1_TARGET_GENES]
[ZNF136_TARGET_GENES,ZNF136_TARGET_GENES] was killed by [SETBP1_TARGET_GENES,SETBP1_TARGET_GENES]
[ZNF837_TARGET_GENES,ZNF837_TARGET_GENES] was killed by [TSHZ1_TARGET_GENES,TSHZ1_TARGET_GENES]
[MAP2K1_TARGET_GENES,MAP2K1_TARGET_GENES] was killed by [KRCTCNNNNMANAGC_UNKNOWN,KRCTCNNNNMANAGC_UNKNOWN]
[RARB_TARGET_GENES,RARB_TARGET_GENES] was killed by [SETBP1_TARGET_GENES,SETBP1_TARGET_GENES]
[GTF3C1_TARGET_GENES,GTF3C1_TARGET_GENES] was killed by [SETBP1_TARGET_GENES,SETBP1_TARGET_GENES]
[ZNF214_TARGET_GENES,ZNF214_TARGET_GENES] was killed by [SETBP1_TARGET_GENES,SETBP1_TARGET_GENES]
[ZNF169_TARGET_GENES,ZNF169_TARGET_GENES] was killed by [MCM3_TARGET_GENES,MCM3_TARGET_GENES]
[BAHD1_TARGET_GENES,BAHD1_TARGET_GENES] was killed by [HDAC8_TARGET_GENES,HDAC8_TARGET_GENES]
[SKP2_TARGET_GENES,SKP2_TARGET_GENES] was killed by [HDAC8_TARGET_GENES,HDAC8_TARGET_GENES]
[BRF2_TARGET_GENES,BRF2_TARGET_GENES] was killed by [HOXC13_TARGET_GENES,HOXC13_TARGET_GENES]
[ROAZ_01,ROAZ_01] was killed by [SREBP1_01,SREBP1_01]
[ZNF404_TARGET_GENES,ZNF404_TARGET_GENES] was killed by [SETBP1_TARGET_GENES,SETBP1_TARGET_GENES]
[ARID3B_TARGET_GENES,ARID3B_TARGET_GENES] was killed by [SETBP1_TARGET_GENES,SETBP1_TARGET_GENES]
[FOXD3_TARGET_GENES,FOXD3_TARGET_GENES] was killed by [GKCGCNNNNNNNTGAYG_UNKNOWN,GKCGCNNNNNNNTGAYG_UNKNOWN]
[SOX15_TARGET_GENES,SOX15_TARGET_GENES] was killed by [SGCGSSAAA_E2F1DP2_01,SGCGSSAAA_E2F1DP2_01]
[NR4A2_TARGET_GENES,NR4A2_TARGET_GENES] was killed by [ZMYM2_TARGET_GENES,ZMYM2_TARGET_GENES]
[MNX1_TARGET_GENES,MNX1_TARGET_GENES] was killed by [HOXD11_TARGET_GENES,HOXD11_TARGET_GENES]
[ZNF354C_TARGET_GENES,ZNF354C_TARGET_GENES] was killed by [SETBP1_TARGET_GENES,SETBP1_TARGET_GENES]
[ZNF416_TARGET_GENES,ZNF416_TARGET_GENES] was killed by [MCM3_TARGET_GENES,MCM3_TARGET_GENES]
[ZSCAN26_TARGET_GENES,ZSCAN26_TARGET_GENES] was killed by [RORA2_01,RORA2_01]
[MCM5_TARGET_GENES,MCM5_TARGET_GENES] was killed by [TSHZ1_TARGET_GENES,TSHZ1_TARGET_GENES]
[ZNF776_TARGET_GENES,ZNF776_TARGET_GENES] was killed by [MCM3_TARGET_GENES,MCM3_TARGET_GENES]
[ADCYAP1_TARGET_GENES,ADCYAP1_TARGET_GENES] was killed by [RORA2_01,RORA2_01]
[NFE2L3_TARGET_GENES,NFE2L3_TARGET_GENES] was killed by [CREB3L2_TARGET_GENES,CREB3L2_TARGET_GENES]
[ZNF626_TARGET_GENES,ZNF626_TARGET_GENES] was killed by [SETBP1_TARGET_GENES,SETBP1_TARGET_GENES]
[F2RL1_TARGET_GENES,F2RL1_TARGET_GENES] was killed by [SETBP1_TARGET_GENES,SETBP1_TARGET_GENES]
[ZFP37_TARGET_GENES,ZFP37_TARGET_GENES] was killed by [CREB3L2_TARGET_GENES,CREB3L2_TARGET_GENES]
[SEF1_C,SEF1_C] was killed by [TMTCGCGANR_UNKNOWN,TMTCGCGANR_UNKNOWN]
[ZNF791_TARGET_GENES,ZNF791_TARGET_GENES] was killed by [MCM3_TARGET_GENES,MCM3_TARGET_GENES]
[NKX2_8_TARGET_GENES,NKX2_8_TARGET_GENES] was killed by [ZNF704_TARGET_GENES,ZNF704_TARGET_GENES]
[LMX1B_TARGET_GENES,LMX1B_TARGET_GENES] was killed by [PPARGC1A_TARGET_GENES,PPARGC1A_TARGET_GENES]
[SMCHD1_TARGET_GENES,SMCHD1_TARGET_GENES] was killed by [SETBP1_TARGET_GENES,SETBP1_TARGET_GENES]
[PRDM12_TARGET_GENES,PRDM12_TARGET_GENES] was killed by [ZNF547_TARGET_GENES,ZNF547_TARGET_GENES]
[CASP3_TARGET_GENES,CASP3_TARGET_GENES] was killed by [SETBP1_TARGET_GENES,SETBP1_TARGET_GENES]
[SNAPC2_TARGET_GENES,SNAPC2_TARGET_GENES] was killed by [TMTCGCGANR_UNKNOWN,TMTCGCGANR_UNKNOWN]
[RBMX_TARGET_GENES,RBMX_TARGET_GENES] was killed by [SETBP1_TARGET_GENES,SETBP1_TARGET_GENES]
[WIZ_TARGET_GENES,WIZ_TARGET_GENES] was killed by [SREBP1_01,SREBP1_01]
[TAXCREB_02,TAXCREB_02] was killed by [ZNF622_TARGET_GENES,ZNF622_TARGET_GENES]
[ZNF202_TARGET_GENES,ZNF202_TARGET_GENES] was killed by [TSHZ1_TARGET_GENES,TSHZ1_TARGET_GENES]
[BRF1_TARGET_GENES,BRF1_TARGET_GENES] was killed by [GTF3A_TARGET_GENES,GTF3A_TARGET_GENES]
[ZNF488_TARGET_GENES,ZNF488_TARGET_GENES] was killed by [TSHZ1_TARGET_GENES,TSHZ1_TARGET_GENES]
[AHRARNT_02,AHRARNT_02] was killed by [SREBP1_01,SREBP1_01]
[ILK_TARGET_GENES,ILK_TARGET_GENES] was killed by [MCM3_TARGET_GENES,MCM3_TARGET_GENES]
[TFDP2_TARGET_GENES,TFDP2_TARGET_GENES] was killed by [SGCGSSAAA_E2F1DP2_01,SGCGSSAAA_E2F1DP2_01]
[ZBTB49_TARGET_GENES,ZBTB49_TARGET_GENES] was killed by [CREB3L2_TARGET_GENES,CREB3L2_TARGET_GENES]
[ZNF445_TARGET_GENES,ZNF445_TARGET_GENES] was killed by [ZMYM2_TARGET_GENES,ZMYM2_TARGET_GENES]
[ZNF514_TARGET_GENES,ZNF514_TARGET_GENES] was killed by [SETBP1_TARGET_GENES,SETBP1_TARGET_GENES]
[SRPK2_TARGET_GENES,SRPK2_TARGET_GENES] was killed by [KDM1B_TARGET_GENES,KDM1B_TARGET_GENES]
[CREBL2_TARGET_GENES,CREBL2_TARGET_GENES] was killed by [ZMYM2_TARGET_GENES,ZMYM2_TARGET_GENES]
[NKX6_1_TARGET_GENES,NKX6_1_TARGET_GENES] was killed by [MCM3_TARGET_GENES,MCM3_TARGET_GENES]
[SIGMAR1_TARGET_GENES,SIGMAR1_TARGET_GENES] was killed by [SETBP1_TARGET_GENES,SETBP1_TARGET_GENES]
[ZNF530_TARGET_GENES,ZNF530_TARGET_GENES] was killed by [NKX22_01,NKX22_01]
[ZNF354A_TARGET_GENES,ZNF354A_TARGET_GENES] was killed by [SGCGSSAAA_E2F1DP2_01,SGCGSSAAA_E2F1DP2_01]
[ZNF529_TARGET_GENES,ZNF529_TARGET_GENES] was killed by [CREB3L2_TARGET_GENES,CREB3L2_TARGET_GENES]
[ZNF418_TARGET_GENES,ZNF418_TARGET_GENES] was killed by [SETBP1_TARGET_GENES,SETBP1_TARGET_GENES]
[ZNF26_TARGET_GENES,ZNF26_TARGET_GENES] was killed by [CREB3L2_TARGET_GENES,CREB3L2_TARGET_GENES]
[ZNF707_TARGET_GENES,ZNF707_TARGET_GENES] was killed by [TSHZ1_TARGET_GENES,TSHZ1_TARGET_GENES]
[ZFP28_TARGET_GENES,ZFP28_TARGET_GENES] was killed by [SGCGSSAAA_E2F1DP2_01,SGCGSSAAA_E2F1DP2_01]
