[TOX4_TARGET_GENES,TOX4_TARGET_GENES] was killed by [TMTCGCGANR_UNKNOWN,TMTCGCGANR_UNKNOWN]
[ZZZ3_TARGET_GENES,ZZZ3_TARGET_GENES] was killed by [TMTCGCGANR_UNKNOWN,TMTCGCGANR_UNKNOWN]
[ZBED4_TARGET_GENES,ZBED4_TARGET_GENES] was killed by [SETBP1_TARGET_GENES,SETBP1_TARGET_GENES]
[MIR548M,MIR548M] was killed by [MIR4255,MIR4255]
[ARHGAP35_TARGET_GENES,ARHGAP35_TARGET_GENES] was killed by [TMTCGCGANR_UNKNOWN,TMTCGCGANR_UNKNOWN]
[AACYNNNNTTCCS_UNKNOWN,AACYNNNNTTCCS_UNKNOWN] was killed by [ZBTB5_TARGET_GENES,ZBTB5_TARGET_GENES]
[MIR132_3P,MIR132_3P] was killed by [MIR4257,MIR4257]
[YBX3_TARGET_GENES,YBX3_TARGET_GENES] was killed by [ZNF667_TARGET_GENES,ZNF667_TARGET_GENES]
[GGAMTNNNNNTCCY_UNKNOWN,GGAMTNNNNNTCCY_UNKNOWN] was killed by [E2F_Q2,E2F_Q2]
[RUVBL1_TARGET_GENES,RUVBL1_TARGET_GENES] was killed by [ZNF667_TARGET_GENES,ZNF667_TARGET_GENES]
[MIR4511,MIR4511] was killed by [MIR4255,MIR4255]
[MIR142_3P,MIR142_3P] was killed by [MIR4255,MIR4255]
[MIR194_5P,MIR194_5P] was killed by [MIR4255,MIR4255]
[AGCATTA_MIR155,AGCATTA_MIR155] was killed by [MIR4255,MIR4255]
[MIR212_3P,MIR212_3P] was killed by [MIR4257,MIR4257]
[HOXA7_TARGET_GENES,HOXA7_TARGET_GENES] was killed by [ZNF667_TARGET_GENES,ZNF667_TARGET_GENES]
[MIR143_5P,MIR143_5P] was killed by [TMTCGCGANR_UNKNOWN,TMTCGCGANR_UNKNOWN]
[GGCNKCCATNK_UNKNOWN,GGCNKCCATNK_UNKNOWN] was killed by [TMTCGCGANR_UNKNOWN,TMTCGCGANR_UNKNOWN]
[CREB3L2_TARGET_GENES,CREB3L2_TARGET_GENES] was killed by [ZNF667_TARGET_GENES,ZNF667_TARGET_GENES]
[MIR8066,MIR8066] was killed by [MIR302D_5P,MIR302D_5P]
[ZNF595_TARGET_GENES,ZNF595_TARGET_GENES] was killed by [ZNF667_TARGET_GENES,ZNF667_TARGET_GENES]
[AAGWWRNYGGC_UNKNOWN,AAGWWRNYGGC_UNKNOWN] was killed by [TMTCGCGANR_UNKNOWN,TMTCGCGANR_UNKNOWN]
[MIR4753_5P,MIR4753_5P] was killed by [MIR4255,MIR4255]
[MIR525_5P,MIR525_5P] was killed by [MIR520A_5P,MIR520A_5P]
[MIR298,MIR298] was killed by [SETBP1_TARGET_GENES,SETBP1_TARGET_GENES]
[MIR4768_3P,MIR4768_3P] was killed by [MIR4255,MIR4255]
[MIR4735_5P,MIR4735_5P] was killed by [MIR4255,MIR4255]
[MIR520F_3P,MIR520F_3P] was killed by [MIR4255,MIR4255]
[TGTATGA_MIR4853P,TGTATGA_MIR4853P] was killed by [E2F_Q2,E2F_Q2]
[MIR4742_5P,MIR4742_5P] was killed by [MIR12135,MIR12135]
[ZNF547_TARGET_GENES,ZNF547_TARGET_GENES] was killed by [ZNF667_TARGET_GENES,ZNF667_TARGET_GENES]
[MIR4778_5P,MIR4778_5P] was killed by [MIR302D_5P,MIR302D_5P]
[MIR6513_3P,MIR6513_3P] was killed by [MIR4255,MIR4255]
[DNMT1_TARGET_GENES,DNMT1_TARGET_GENES] was killed by [SETBP1_TARGET_GENES,SETBP1_TARGET_GENES]
[CTACTGT_MIR199A,CTACTGT_MIR199A] was killed by [MIR4255,MIR4255]
[MIR6516_3P,MIR6516_3P] was killed by [MIR4255,MIR4255]
[GCATTTG_MIR105,GCATTTG_MIR105] was killed by [MIR302D_5P,MIR302D_5P]
[MYC_Q2,MYC_Q2] was killed by [E2F_Q2,E2F_Q2]
[MIR18A_5P_MIR18B_5P,MIR18A_5P_MIR18B_5P] was killed by [MIR4255,MIR4255]
[MIR1825,MIR1825] was killed by [MIR3925_3P,MIR3925_3P]
[MIR374B_3P,MIR374B_3P] was killed by [MIR4255,MIR4255]
[MIR4735_3P,MIR4735_3P] was killed by [MIR4255,MIR4255]
[MIR522_3P,MIR522_3P] was killed by [MIR302D_5P,MIR302D_5P]
[MIR337_3P,MIR337_3P] was killed by [MIR4255,MIR4255]
[MIR5589_3P,MIR5589_3P] was killed by [MIR4255,MIR4255]
[E2F_01,E2F_01] was killed by [SGCGSSAAA_E2F1DP2_01,SGCGSSAAA_E2F1DP2_01]
[MIR3064_3P,MIR3064_3P] was killed by [MIR3925_3P,MIR3925_3P]
[IRX2_TARGET_GENES,IRX2_TARGET_GENES] was killed by [SGCGSSAAA_E2F1DP2_01,SGCGSSAAA_E2F1DP2_01]
[GTGCCAT_MIR183,GTGCCAT_MIR183] was killed by [MIR4255,MIR4255]
[MIR224_3P,MIR224_3P] was killed by [MIR302D_5P,MIR302D_5P]
[MIR20A_3P,MIR20A_3P] was killed by [MIR302D_5P,MIR302D_5P]
[MIR6797_5P,MIR6797_5P] was killed by [MIR1249_5P,MIR1249_5P]
[MIR5689,MIR5689] was killed by [MIR12129,MIR12129]
[MIR8087,MIR8087] was killed by [MIR506_5P,MIR506_5P]
[ATCATGA_MIR433,ATCATGA_MIR433] was killed by [MIR22_3P,MIR22_3P]
[MIR9851_3P,MIR9851_3P] was killed by [MIR4255,MIR4255]
[GCAAAAA_MIR129,GCAAAAA_MIR129] was killed by [GAGCTGG_MIR337,GAGCTGG_MIR337]
[GTCTTCC_MIR7,GTCTTCC_MIR7] was killed by [GAGCTGG_MIR337,GAGCTGG_MIR337]
[MIR5197_5P,MIR5197_5P] was killed by [MIR7160_5P,MIR7160_5P]
[MIR518C_5P,MIR518C_5P] was killed by [MIR1249_5P,MIR1249_5P]
[MIR199B_5P,MIR199B_5P] was killed by [MIR3925_3P,MIR3925_3P]
[MIR767_5P,MIR767_5P] was killed by [MIR22_3P,MIR22_3P]
[TAATGTG_MIR323,TAATGTG_MIR323] was killed by [MIR4255,MIR4255]
[KCCGNSWTTT_UNKNOWN,KCCGNSWTTT_UNKNOWN] was killed by [TMTCGCGANR_UNKNOWN,TMTCGCGANR_UNKNOWN]
[CATGTAA_MIR496,CATGTAA_MIR496] was killed by [MIR4255,MIR4255]
[MIR548AV_3P,MIR548AV_3P] was killed by [MIR4255,MIR4255]
[MIR199A_5P,MIR199A_5P] was killed by [MIR3925_3P,MIR3925_3P]
[MIR6511A_5P,MIR6511A_5P] was killed by [MIR4255,MIR4255]
[GACTGTT_MIR212_MIR132,GACTGTT_MIR212_MIR132] was killed by [SGCGSSAAA_E2F1DP2_01,SGCGSSAAA_E2F1DP2_01]
[EGR2_01,EGR2_01] was killed by [GCGNNANTTCC_UNKNOWN,GCGNNANTTCC_UNKNOWN]
[MIR6739_3P,MIR6739_3P] was killed by [MIR4255,MIR4255]
[MIR4418,MIR4418] was killed by [MIR4255,MIR4255]
[MIR5706,MIR5706] was killed by [MIR4782_5P,MIR4782_5P]
[MIR499A_5P,MIR499A_5P] was killed by [MIR4255,MIR4255]
[MIR4530,MIR4530] was killed by [GAGCTGG_MIR337,GAGCTGG_MIR337]
[MIR379_3P_MIR411_3P,MIR379_3P_MIR411_3P] was killed by [MIR4255,MIR4255]
[MIR762,MIR762] was killed by [GAGCTGG_MIR337,GAGCTGG_MIR337]
[MIR222_5P,MIR222_5P] was killed by [MIR4255,MIR4255]
[MIR6128,MIR6128] was killed by [MIR7160_5P,MIR7160_5P]
[MIR12119,MIR12119] was killed by [MIR4255,MIR4255]
[MIR6768_5P,MIR6768_5P] was killed by [MIR4255,MIR4255]
[MIR222_3P,MIR222_3P] was killed by [MIR4255,MIR4255]
[MIR583,MIR583] was killed by [MIR12129,MIR12129]
[MIR12131,MIR12131] was killed by [SREBP1_01,SREBP1_01]
[MIR6737_3P,MIR6737_3P] was killed by [MIR12135,MIR12135]
[MIR7157_3P,MIR7157_3P] was killed by [MIR12135,MIR12135]
[ATACTGT_MIR144,ATACTGT_MIR144] was killed by [MIR4255,MIR4255]
[MIR4715_3P,MIR4715_3P] was killed by [MIR3925_3P,MIR3925_3P]
[MIR4717_5P,MIR4717_5P] was killed by [MIR4255,MIR4255]
[MIR329_5P,MIR329_5P] was killed by [MIR12135,MIR12135]
[MIR3920,MIR3920] was killed by [MIR4257,MIR4257]
[MIR6830_5P,MIR6830_5P] was killed by [MIR520A_5P,MIR520A_5P]
[MIR552_5P,MIR552_5P] was killed by [TMTCGCGANR_UNKNOWN,TMTCGCGANR_UNKNOWN]
[MIR1207_3P,MIR1207_3P] was killed by [MIR1249_5P,MIR1249_5P]
[MIR486_3P,MIR486_3P] was killed by [MIR1249_5P,MIR1249_5P]
[MIR877_3P,MIR877_3P] was killed by [MIR7160_5P,MIR7160_5P]
[TSHZ1_TARGET_GENES,TSHZ1_TARGET_GENES] was killed by [TMTCGCGANR_UNKNOWN,TMTCGCGANR_UNKNOWN]
[MIR22_5P,MIR22_5P] was killed by [MIR4255,MIR4255]
[TCCAGAT_MIR5165P,TCCAGAT_MIR5165P] was killed by [MCM3_TARGET_GENES,MCM3_TARGET_GENES]
[TAANNYSGCG_UNKNOWN,TAANNYSGCG_UNKNOWN] was killed by [TMTCGCGANR_UNKNOWN,TMTCGCGANR_UNKNOWN]
[AACATTC_MIR4093P,AACATTC_MIR4093P] was killed by [MIR4255,MIR4255]
[MIR4504,MIR4504] was killed by [MIR12135,MIR12135]
[TCTGGAC_MIR198,TCTGGAC_MIR198] was killed by [GAGCTGG_MIR337,GAGCTGG_MIR337]
[MIR221_3P,MIR221_3P] was killed by [MIR4255,MIR4255]
[GGCNRNWCTTYS_UNKNOWN,GGCNRNWCTTYS_UNKNOWN] was killed by [GCGNNANTTCC_UNKNOWN,GCGNNANTTCC_UNKNOWN]
[MIR4277,MIR4277] was killed by [MIR4255,MIR4255]
[MIR3149,MIR3149] was killed by [MIR302D_5P,MIR302D_5P]
[MIR513C_5P,MIR513C_5P] was killed by [MIR3925_3P,MIR3925_3P]
[ACACTGG_MIR199A_MIR199B,ACACTGG_MIR199A_MIR199B] was killed by [TMTCGCGANR_UNKNOWN,TMTCGCGANR_UNKNOWN]
[MIR6073,MIR6073] was killed by [MIR4255,MIR4255]
[MIR3129_3P,MIR3129_3P] was killed by [MIR302D_5P,MIR302D_5P]
[MIR200A_5P,MIR200A_5P] was killed by [MIR3925_3P,MIR3925_3P]
[MIR299_5P,MIR299_5P] was killed by [MIR22_3P,MIR22_3P]
[MIR5583_5P,MIR5583_5P] was killed by [MIR302D_5P,MIR302D_5P]
[MIR186_3P,MIR186_3P] was killed by [E2F_Q2,E2F_Q2]
[MIR200B_5P,MIR200B_5P] was killed by [MIR3925_3P,MIR3925_3P]
[MIR6840_3P,MIR6840_3P] was killed by [MIR593_5P,MIR593_5P]
[MIR5703,MIR5703] was killed by [MIR3925_3P,MIR3925_3P]
[MIR4527,MIR4527] was killed by [MIR520A_5P,MIR520A_5P]
[MIR6868_5P,MIR6868_5P] was killed by [MIR302D_5P,MIR302D_5P]
[RAX2_TARGET_GENES,RAX2_TARGET_GENES] was killed by [TMTCGCGANR_UNKNOWN,TMTCGCGANR_UNKNOWN]
[MIR6722_3P,MIR6722_3P] was killed by [GAGCTGG_MIR337,GAGCTGG_MIR337]
[MIR138_1_3P,MIR138_1_3P] was killed by [MIR4782_5P,MIR4782_5P]
[MIR302A_5P,MIR302A_5P] was killed by [TMTCGCGANR_UNKNOWN,TMTCGCGANR_UNKNOWN]
[MIR8057,MIR8057] was killed by [MIR22_3P,MIR22_3P]
[MIR125B_2_3P,MIR125B_2_3P] was killed by [MIR302D_5P,MIR302D_5P]
[TGTGTGA_MIR377,TGTGTGA_MIR377] was killed by [SGCGSSAAA_E2F1DP2_01,SGCGSSAAA_E2F1DP2_01]
[MIR4713_5P,MIR4713_5P] was killed by [SREBP1_01,SREBP1_01]
[MIR4452,MIR4452] was killed by [MIR3925_3P,MIR3925_3P]
[MIR922,MIR922] was killed by [MIR4257,MIR4257]
[MIR514B_5P,MIR514B_5P] was killed by [MIR3925_3P,MIR3925_3P]
[MIR5006_5P,MIR5006_5P] was killed by [MIR12129,MIR12129]
[ZSCAN5C_TARGET_GENES,ZSCAN5C_TARGET_GENES] was killed by [ZNF667_TARGET_GENES,ZNF667_TARGET_GENES]
[MIR5001_5P,MIR5001_5P] was killed by [GAGCTGG_MIR337,GAGCTGG_MIR337]
[TNCATNTCCYR_UNKNOWN,TNCATNTCCYR_UNKNOWN] was killed by [RACTNNRTTTNC_UNKNOWN,RACTNNRTTTNC_UNKNOWN]
[CCGNMNNTNACG_UNKNOWN,CCGNMNNTNACG_UNKNOWN] was killed by [SGCGSSAAA_E2F1DP2_01,SGCGSSAAA_E2F1DP2_01]
[MIR378A_5P,MIR378A_5P] was killed by [MIR506_5P,MIR506_5P]
[TTCNRGNNNNTTC_HSF_Q6,TTCNRGNNNNTTC_HSF_Q6] was killed by [GCGNNANTTCC_UNKNOWN,GCGNNANTTCC_UNKNOWN]
[MYBL1_TARGET_GENES,MYBL1_TARGET_GENES] was killed by [MXD1_TARGET_GENES,MXD1_TARGET_GENES]
[ZNF133_TARGET_GENES,ZNF133_TARGET_GENES] was killed by [HOXD11_TARGET_GENES,HOXD11_TARGET_GENES]
[MIR6757_3P,MIR6757_3P] was killed by [MIR1249_5P,MIR1249_5P]
[MIR1236_3P,MIR1236_3P] was killed by [MIR3925_3P,MIR3925_3P]
[GCGSCMNTTT_UNKNOWN,GCGSCMNTTT_UNKNOWN] was killed by [SGCGSSAAA_E2F1DP2_01,SGCGSSAAA_E2F1DP2_01]
[MIR297,MIR297] was killed by [MIR12129,MIR12129]
[MIR421,MIR421] was killed by [MIR4255,MIR4255]
[MIR188_5P,MIR188_5P] was killed by [MIR302D_5P,MIR302D_5P]
[MIR4434,MIR4434] was killed by [MIR3925_3P,MIR3925_3P]
[MIR140_3P,MIR140_3P] was killed by [MIR4255,MIR4255]
[GACAATC_MIR219,GACAATC_MIR219] was killed by [MIR3925_3P,MIR3925_3P]
[MIR5571_5P,MIR5571_5P] was killed by [MIR4255,MIR4255]
[MIR371A_5P,MIR371A_5P] was killed by [MIR520A_5P,MIR520A_5P]
[MIR1285_3P,MIR1285_3P] was killed by [MIR7160_5P,MIR7160_5P]
[GGGCATT_MIR365,GGGCATT_MIR365] was killed by [MIR4255,MIR4255]
[MIR320A_5P,MIR320A_5P] was killed by [MIR1249_5P,MIR1249_5P]
[MIR548V,MIR548V] was killed by [MIR4255,MIR4255]
[MIR4478,MIR4478] was killed by [MIR4255,MIR4255]
[CAATGCA_MIR33,CAATGCA_MIR33] was killed by [GAGCTGG_MIR337,GAGCTGG_MIR337]
[MIR2276_3P,MIR2276_3P] was killed by [MIR4255,MIR4255]
[DICER1_TARGET_GENES,DICER1_TARGET_GENES] was killed by [SETBP1_TARGET_GENES,SETBP1_TARGET_GENES]
[MIR6509_5P,MIR6509_5P] was killed by [MXD1_TARGET_GENES,MXD1_TARGET_GENES]
[MIR3191_5P,MIR3191_5P] was killed by [MIR7160_5P,MIR7160_5P]
[HDAC8_TARGET_GENES,HDAC8_TARGET_GENES] was killed by [SGCGSSAAA_E2F1DP2_01,SGCGSSAAA_E2F1DP2_01]
[CAGCACT_MIR5123P,CAGCACT_MIR5123P] was killed by [GAGCTGG_MIR337,GAGCTGG_MIR337]
[MIR10395_3P,MIR10395_3P] was killed by [MIR4257,MIR4257]
[MIR124_5P,MIR124_5P] was killed by [TMTCGCGANR_UNKNOWN,TMTCGCGANR_UNKNOWN]
[SIPA1_TARGET_GENES,SIPA1_TARGET_GENES] was killed by [ZNF667_TARGET_GENES,ZNF667_TARGET_GENES]
[MIR1_5P,MIR1_5P] was killed by [HOXD11_TARGET_GENES,HOXD11_TARGET_GENES]
[MIR5008_3P,MIR5008_3P] was killed by [MIR12135,MIR12135]
[MIR548AU_3P,MIR548AU_3P] was killed by [MIR4255,MIR4255]
[ATAGGAA_MIR202,ATAGGAA_MIR202] was killed by [GAGCTGG_MIR337,GAGCTGG_MIR337]
[MIR4436B_5P,MIR4436B_5P] was killed by [MIR4255,MIR4255]
[MIR1913,MIR1913] was killed by [GAGCTGG_MIR337,GAGCTGG_MIR337]
[ATGAAGG_MIR205,ATGAAGG_MIR205] was killed by [GAGCTGG_MIR337,GAGCTGG_MIR337]
[ZNF37A_TARGET_GENES,ZNF37A_TARGET_GENES] was killed by [GTF3A_TARGET_GENES,GTF3A_TARGET_GENES]
[AACWWCAANK_UNKNOWN,AACWWCAANK_UNKNOWN] was killed by [MIR12129,MIR12129]
[MIR6887_3P,MIR6887_3P] was killed by [GAGCTGG_MIR337,GAGCTGG_MIR337]
[MIR1910_3P,MIR1910_3P] was killed by [MIR4255,MIR4255]
[MIR520E_5P,MIR520E_5P] was killed by [MIR4255,MIR4255]
[GCTTGAA_MIR498,GCTTGAA_MIR498] was killed by [MIR12135,MIR12135]
[MIR6512_5P,MIR6512_5P] was killed by [MIR12135,MIR12135]
[MIR3977,MIR3977] was killed by [MIR4257,MIR4257]
[MIR6828_5P,MIR6828_5P] was killed by [MIR7160_5P,MIR7160_5P]
[TAGGTCA_MIR192_MIR215,TAGGTCA_MIR192_MIR215] was killed by [MIR4255,MIR4255]
[MIR6716_5P,MIR6716_5P] was killed by [MIR302D_5P,MIR302D_5P]
[MIR138_2_3P,MIR138_2_3P] was killed by [MIR302D_5P,MIR302D_5P]
[MIR1264,MIR1264] was killed by [MIR302D_5P,MIR302D_5P]
[MIR34C_3P,MIR34C_3P] was killed by [MIR4255,MIR4255]
[MIR3672,MIR3672] was killed by [MIR619_5P,MIR619_5P]
[MIR6505_5P,MIR6505_5P] was killed by [MIR4255,MIR4255]
[MIR19A_5P,MIR19A_5P] was killed by [MIR3925_3P,MIR3925_3P]
[MIR16_1_3P,MIR16_1_3P] was killed by [MIR12135,MIR12135]
[MIR190A_5P,MIR190A_5P] was killed by [MIR4255,MIR4255]
[MIR487A_3P,MIR487A_3P] was killed by [GCGNNANTTCC_UNKNOWN,GCGNNANTTCC_UNKNOWN]
[MIR383_5P,MIR383_5P] was killed by [MIR4255,MIR4255]
[MIR6866_3P,MIR6866_3P] was killed by [MIR302D_5P,MIR302D_5P]
[MIR4786_3P,MIR4786_3P] was killed by [MIR4782_5P,MIR4782_5P]
[MIR6499_3P,MIR6499_3P] was killed by [MIR4255,MIR4255]
[MIR4424,MIR4424] was killed by [MIR4255,MIR4255]
[MIR1244,MIR1244] was killed by [MIR7161_5P,MIR7161_5P]
[NR1D1_TARGET_GENES,NR1D1_TARGET_GENES] was killed by [MIR506_5P,MIR506_5P]
[MIR192_3P,MIR192_3P] was killed by [MIR1249_5P,MIR1249_5P]
[MIR676_5P,MIR676_5P] was killed by [MIR593_5P,MIR593_5P]
[MIR5009_3P,MIR5009_3P] was killed by [MIR4257,MIR4257]
[GGGNNTTTCC_NFKB_Q6_01,GGGNNTTTCC_NFKB_Q6_01] was killed by [SREBP1_01,SREBP1_01]
[ATGCAGT_MIR217,ATGCAGT_MIR217] was killed by [SGCGSSAAA_E2F1DP2_01,SGCGSSAAA_E2F1DP2_01]
[MIR190B_3P,MIR190B_3P] was killed by [MIR4257,MIR4257]
[MIR4738_3P,MIR4738_3P] was killed by [MIR4782_5P,MIR4782_5P]
[MIR6779_5P,MIR6779_5P] was killed by [MIR506_5P,MIR506_5P]
[MIR516A_3P_MIR516B_3P,MIR516A_3P_MIR516B_3P] was killed by [MIR193A_3P_MIR193B_3P,MIR193A_3P_MIR193B_3P]
[MIR5003_5P,MIR5003_5P] was killed by [MIR4255,MIR4255]
[MIR202_5P,MIR202_5P] was killed by [MIR4255,MIR4255]
[MIR3685,MIR3685] was killed by [MIR4255,MIR4255]
[MCM2_TARGET_GENES,MCM2_TARGET_GENES] was killed by [RACTNNRTTTNC_UNKNOWN,RACTNNRTTTNC_UNKNOWN]
[MIR7156_5P,MIR7156_5P] was killed by [MIR3925_3P,MIR3925_3P]
[MIR3177_5P,MIR3177_5P] was killed by [MIR3925_3P,MIR3925_3P]
[MIR31_5P,MIR31_5P] was killed by [MIR451B,MIR451B]
[MIR154_3P,MIR154_3P] was killed by [GCGNNANTTCC_UNKNOWN,GCGNNANTTCC_UNKNOWN]
[MIR4645_3P,MIR4645_3P] was killed by [MIR12135,MIR12135]
[MIR548AI_MIR570_5P,MIR548AI_MIR570_5P] was killed by [MIR4255,MIR4255]
[MIR3156_5P,MIR3156_5P] was killed by [MIR4760_5P,MIR4760_5P]
[MIR223_5P,MIR223_5P] was killed by [MIR4255,MIR4255]
[MIR5088_3P,MIR5088_3P] was killed by [MIR4782_5P,MIR4782_5P]
[MIR2467_3P,MIR2467_3P] was killed by [MIR4257,MIR4257]
[GTTAAAG_MIR302B,GTTAAAG_MIR302B] was killed by [MIR302D_5P,MIR302D_5P]
[AGGGCCA_MIR328,AGGGCCA_MIR328] was killed by [GAGCTGG_MIR337,GAGCTGG_MIR337]
[MIR190B_5P,MIR190B_5P] was killed by [MIR4255,MIR4255]
[PAX5_01,PAX5_01] was killed by [SGCGSSAAA_E2F1DP2_01,SGCGSSAAA_E2F1DP2_01]
[CTGTTAC_MIR194,CTGTTAC_MIR194] was killed by [MIR4257,MIR4257]
[TCATCTC_MIR143,TCATCTC_MIR143] was killed by [MIR4255,MIR4255]
[MIR19B_1_5P_MIR19B_2_5P,MIR19B_1_5P_MIR19B_2_5P] was killed by [MIR3925_3P,MIR3925_3P]
[MIR532_5P,MIR532_5P] was killed by [MIR4760_5P,MIR4760_5P]
[MIR3663_5P,MIR3663_5P] was killed by [MIR3925_3P,MIR3925_3P]
[MIR7162_5P,MIR7162_5P] was killed by [MIR193A_3P_MIR193B_3P,MIR193A_3P_MIR193B_3P]
[MIR3151_3P,MIR3151_3P] was killed by [MIR4255,MIR4255]
[MIF1_01,MIF1_01] was killed by [MCM3_TARGET_GENES,MCM3_TARGET_GENES]
[TTGGAGA_MIR5155P_MIR519E,TTGGAGA_MIR5155P_MIR519E] was killed by [MIR4255,MIR4255]
[CHAF1A_TARGET_GENES,CHAF1A_TARGET_GENES] was killed by [ZNF667_TARGET_GENES,ZNF667_TARGET_GENES]
[MIR30B_3P,MIR30B_3P] was killed by [MIR506_5P,MIR506_5P]
[ACTGTAG_MIR139,ACTGTAG_MIR139] was killed by [MIR4255,MIR4255]
[PER1_TARGET_GENES,PER1_TARGET_GENES] was killed by [TMTCGCGANR_UNKNOWN,TMTCGCGANR_UNKNOWN]
[ACACTAC_MIR1423P,ACACTAC_MIR1423P] was killed by [MIR4255,MIR4255]
[MIR520F_5P,MIR520F_5P] was killed by [MIR4255,MIR4255]
[MIR4423_3P,MIR4423_3P] was killed by [MIR593_5P,MIR593_5P]
[MIR1972,MIR1972] was killed by [MIR7160_5P,MIR7160_5P]
[ETF_Q6,ETF_Q6] was killed by [SETBP1_TARGET_GENES,SETBP1_TARGET_GENES]
[ACTWSNACTNY_UNKNOWN,ACTWSNACTNY_UNKNOWN] was killed by [MIR7160_5P,MIR7160_5P]
[MIR150_5P,MIR150_5P] was killed by [TMTCGCGANR_UNKNOWN,TMTCGCGANR_UNKNOWN]
[MIR4762_5P,MIR4762_5P] was killed by [MIR4255,MIR4255]
[MIR548U,MIR548U] was killed by [MIR3925_3P,MIR3925_3P]
[MIR542_3P,MIR542_3P] was killed by [MIR12135,MIR12135]
[MIR8076,MIR8076] was killed by [MIR302D_5P,MIR302D_5P]
[ZNF584_TARGET_GENES,ZNF584_TARGET_GENES] was killed by [MCM3_TARGET_GENES,MCM3_TARGET_GENES]
[MIR6748_3P,MIR6748_3P] was killed by [MIR193A_3P_MIR193B_3P,MIR193A_3P_MIR193B_3P]
[MAZ_Q6,MAZ_Q6] was killed by [GAGCTGG_MIR337,GAGCTGG_MIR337]
[MIR3689A_3P_MIR3689B_3P_MIR3689C,MIR3689A_3P_MIR3689B_3P_MIR3689C] was killed by [MIR506_5P,MIR506_5P]
[MIR4716_5P,MIR4716_5P] was killed by [MIR4255,MIR4255]
[MIR511_3P,MIR511_3P] was killed by [MIR3925_3P,MIR3925_3P]
[MIR1251_3P,MIR1251_3P] was killed by [MIR4255,MIR4255]
[MIR665,MIR665] was killed by [MIR7160_5P,MIR7160_5P]
[GCACCTT_MIR18A_MIR18B,GCACCTT_MIR18A_MIR18B] was killed by [GAGCTGG_MIR337,GAGCTGG_MIR337]
[MIR514A_3P_MIR514B_3P,MIR514A_3P_MIR514B_3P] was killed by [MIR4255,MIR4255]
[MIR4704_3P,MIR4704_3P] was killed by [MIR451B,MIR451B]
[MIR6501_3P,MIR6501_3P] was killed by [MIR520A_5P,MIR520A_5P]
[MIR4473,MIR4473] was killed by [MIR4782_5P,MIR4782_5P]
[MIR6809_5P,MIR6809_5P] was killed by [MIR12135,MIR12135]
[MIR640,MIR640] was killed by [MIR506_5P,MIR506_5P]
[TTGGGAG_MIR150,TTGGGAG_MIR150] was killed by [MIR12135,MIR12135]
[SOX11_TARGET_GENES,SOX11_TARGET_GENES] was killed by [SGCGSSAAA_E2F1DP2_01,SGCGSSAAA_E2F1DP2_01]
[MIR3190_3P,MIR3190_3P] was killed by [MIR3925_3P,MIR3925_3P]
[MIR1179,MIR1179] was killed by [MIR12135,MIR12135]
[GATA_Q6,GATA_Q6] was killed by [MIR3925_3P,MIR3925_3P]
[RRCCGTTA_UNKNOWN,RRCCGTTA_UNKNOWN] was killed by [SGCGSSAAA_E2F1DP2_01,SGCGSSAAA_E2F1DP2_01]
[MIR6758_3P,MIR6758_3P] was killed by [MIR3925_3P,MIR3925_3P]
[MIR7849_3P,MIR7849_3P] was killed by [MIR22_3P,MIR22_3P]
[MIR6807_3P,MIR6807_3P] was killed by [MIR4255,MIR4255]
[MIR6505_3P,MIR6505_3P] was killed by [MIR651_5P,MIR651_5P]
[GGCNNMSMYNTTG_UNKNOWN,GGCNNMSMYNTTG_UNKNOWN] was killed by [E2F_Q2,E2F_Q2]
[MIR4782_3P,MIR4782_3P] was killed by [MIR12135,MIR12135]
[MIR491_3P,MIR491_3P] was killed by [MIR22_3P,MIR22_3P]
[KRCTCNNNNMANAGC_UNKNOWN,KRCTCNNNNMANAGC_UNKNOWN] was killed by [SGCGSSAAA_E2F1DP2_01,SGCGSSAAA_E2F1DP2_01]
[MIR4755_3P,MIR4755_3P] was killed by [MIR1249_5P,MIR1249_5P]
[MIR6881_3P,MIR6881_3P] was killed by [MIR3925_3P,MIR3925_3P]
[AGGAGTG_MIR483,AGGAGTG_MIR483] was killed by [GAGCTGG_MIR337,GAGCTGG_MIR337]
[MIR33A_5P_MIR33B_5P,MIR33A_5P_MIR33B_5P] was killed by [SGCGSSAAA_E2F1DP2_01,SGCGSSAAA_E2F1DP2_01]
[MIR548BA,MIR548BA] was killed by [MIR4255,MIR4255]
[MIR649,MIR649] was killed by [MIR22_3P,MIR22_3P]
[MIR605_5P,MIR605_5P] was killed by [MIR4782_5P,MIR4782_5P]
[MIR4744,MIR4744] was killed by [MIR302D_5P,MIR302D_5P]
[MIR219A_5P,MIR219A_5P] was killed by [MIR12135,MIR12135]
[RBM15_TARGET_GENES,RBM15_TARGET_GENES] was killed by [SGCGSSAAA_E2F1DP2_01,SGCGSSAAA_E2F1DP2_01]
[MIR760,MIR760] was killed by [MIR302D_5P,MIR302D_5P]
[SNACANNNYSYAGA_UNKNOWN,SNACANNNYSYAGA_UNKNOWN] was killed by [RACTNNRTTTNC_UNKNOWN,RACTNNRTTTNC_UNKNOWN]
[MIR5685,MIR5685] was killed by [MIR1249_5P,MIR1249_5P]
[MIR2053,MIR2053] was killed by [MIR4257,MIR4257]
[TERF2_TARGET_GENES,TERF2_TARGET_GENES] was killed by [E2F_Q2,E2F_Q2]
[MIR6766_3P,MIR6766_3P] was killed by [MIR12135,MIR12135]
[MIR6516_5P,MIR6516_5P] was killed by [MIR302D_5P,MIR302D_5P]
[MIR6720_5P,MIR6720_5P] was killed by [MIR302D_5P,MIR302D_5P]
[MIR942_3P,MIR942_3P] was killed by [MIR302D_5P,MIR302D_5P]
[MIR561_5P,MIR561_5P] was killed by [MIR7160_5P,MIR7160_5P]
[MIR433_3P,MIR433_3P] was killed by [MIR3925_3P,MIR3925_3P]
[MIR6884_3P,MIR6884_3P] was killed by [MIR12135,MIR12135]
[GGCAGTG_MIR3243P,GGCAGTG_MIR3243P] was killed by [MIR1249_5P,MIR1249_5P]
[MIR6751_3P,MIR6751_3P] was killed by [MIR7160_5P,MIR7160_5P]
[MIR6864_3P,MIR6864_3P] was killed by [MIR619_5P,MIR619_5P]
[MIR34B_3P,MIR34B_3P] was killed by [MIR12129,MIR12129]
[MIR6791_5P,MIR6791_5P] was killed by [MIR1249_5P,MIR1249_5P]
[MIR1208,MIR1208] was killed by [MIR4255,MIR4255]
[MIR1915_5P,MIR1915_5P] was killed by [MIR3925_3P,MIR3925_3P]
[MIR3679_3P,MIR3679_3P] was killed by [GAGCTGG_MIR337,GAGCTGG_MIR337]
[MIR330_5P,MIR330_5P] was killed by [MIR7160_5P,MIR7160_5P]
[CCTGTGA_MIR513,CCTGTGA_MIR513] was killed by [MIR593_5P,MIR593_5P]
[PCGF6_TARGET_GENES,PCGF6_TARGET_GENES] was killed by [TBX1_TARGET_GENES,TBX1_TARGET_GENES]
[MIR6715B_3P,MIR6715B_3P] was killed by [MIR4257,MIR4257]
[FOXQ1_TARGET_GENES,FOXQ1_TARGET_GENES] was killed by [SGCGSSAAA_E2F1DP2_01,SGCGSSAAA_E2F1DP2_01]
[MIR127_5P,MIR127_5P] was killed by [MIR593_5P,MIR593_5P]
[MIR7976,MIR7976] was killed by [GAGCTGG_MIR337,GAGCTGG_MIR337]
[MIR199A_3P_MIR199B_3P,MIR199A_3P_MIR199B_3P] was killed by [MIR4255,MIR4255]
[MIR4649_3P,MIR4649_3P] was killed by [MIR4257,MIR4257]
[MIR6503_5P,MIR6503_5P] was killed by [MIR22_3P,MIR22_3P]
[MIR1226_3P,MIR1226_3P] was killed by [MIR22_3P,MIR22_3P]
[MIR4703_3P,MIR4703_3P] was killed by [MIR219A_1_3P,MIR219A_1_3P]
[MIR5189_5P,MIR5189_5P] was killed by [MIR7160_5P,MIR7160_5P]
[MIR4645_5P,MIR4645_5P] was killed by [MIR3925_3P,MIR3925_3P]
[ZNF623_TARGET_GENES,ZNF623_TARGET_GENES] was killed by [ZNF667_TARGET_GENES,ZNF667_TARGET_GENES]
[CAGCCTC_MIR4855P,CAGCCTC_MIR4855P] was killed by [SGCGSSAAA_E2F1DP2_01,SGCGSSAAA_E2F1DP2_01]
[MIR888_3P,MIR888_3P] was killed by [MIR12135,MIR12135]
[MIR6132,MIR6132] was killed by [GAGCTGG_MIR337,GAGCTGG_MIR337]
[MIR145_3P,MIR145_3P] was killed by [MIR302D_5P,MIR302D_5P]
[MIR2110,MIR2110] was killed by [MIR4255,MIR4255]
[MIR7851_3P,MIR7851_3P] was killed by [MIR520A_5P,MIR520A_5P]
[CTCTGGA_MIR520A_MIR525,CTCTGGA_MIR520A_MIR525] was killed by [MIR4255,MIR4255]
[MIR483_3P,MIR483_3P] was killed by [MIR506_5P,MIR506_5P]
[MIR12116,MIR12116] was killed by [TMTCGCGANR_UNKNOWN,TMTCGCGANR_UNKNOWN]
[MIR6836_5P,MIR6836_5P] was killed by [GAGCTGG_MIR337,GAGCTGG_MIR337]
[MIR6134,MIR6134] was killed by [SETBP1_TARGET_GENES,SETBP1_TARGET_GENES]
[MIR584_3P,MIR584_3P] was killed by [MIR593_5P,MIR593_5P]
[MIR1205,MIR1205] was killed by [MIR302D_5P,MIR302D_5P]
[MIR3190_5P,MIR3190_5P] was killed by [MIR3925_3P,MIR3925_3P]
[MIR8061,MIR8061] was killed by [MIR3925_3P,MIR3925_3P]
[MIR4460,MIR4460] was killed by [MIR4255,MIR4255]
[MIR365A_3P_MIR365B_3P,MIR365A_3P_MIR365B_3P] was killed by [MIR3925_3P,MIR3925_3P]
[MIR10394_5P,MIR10394_5P] was killed by [GAGCTGG_MIR337,GAGCTGG_MIR337]
[MIR578,MIR578] was killed by [MIR12129,MIR12129]
[MIR3667_3P,MIR3667_3P] was killed by [MIR3925_3P,MIR3925_3P]
[MIR5187_3P,MIR5187_3P] was killed by [MIR4255,MIR4255]
[MIR6768_3P,MIR6768_3P] was killed by [MIR7160_5P,MIR7160_5P]
[MIR4666B,MIR4666B] was killed by [MIR4255,MIR4255]
[MIR12120,MIR12120] was killed by [MIR4255,MIR4255]
[MIR512_3P,MIR512_3P] was killed by [MIR22_3P,MIR22_3P]
[CREBP1_01,CREBP1_01] was killed by [MIR7160_5P,MIR7160_5P]
[MIR196A_3P,MIR196A_3P] was killed by [MIR4255,MIR4255]
[GTTATAT_MIR410,GTTATAT_MIR410] was killed by [MIR4255,MIR4255]
[MIR7152_3P,MIR7152_3P] was killed by [MIR4255,MIR4255]
[NCX_01,NCX_01] was killed by [SGCGSSAAA_E2F1DP2_01,SGCGSSAAA_E2F1DP2_01]
[MIR4646_5P,MIR4646_5P] was killed by [MIR3925_3P,MIR3925_3P]
[MIR3129_5P,MIR3129_5P] was killed by [MIR4255,MIR4255]
[MIR4284,MIR4284] was killed by [MIR1249_5P,MIR1249_5P]
[MIR6740_3P,MIR6740_3P] was killed by [MIR302D_5P,MIR302D_5P]
[MIR6507_3P,MIR6507_3P] was killed by [MIR12135,MIR12135]
[NUFIP1_TARGET_GENES,NUFIP1_TARGET_GENES] was killed by [ZBTB5_TARGET_GENES,ZBTB5_TARGET_GENES]
[MIR518D_5P_MIR518F_5P_MIR520C_5P_MIR526A_5P,MIR518D_5P_MIR518F_5P_MIR520C_5P_MIR526A_5P] was killed by [MIR12135,MIR12135]
[MIR187_5P,MIR187_5P] was killed by [MIR4255,MIR4255]
[MIR7158_3P,MIR7158_3P] was killed by [MIR520A_5P,MIR520A_5P]
[MIR1253,MIR1253] was killed by [MIR7160_5P,MIR7160_5P]
[MIR4273,MIR4273] was killed by [MIR3925_3P,MIR3925_3P]
[CCCNNNNNNAAGWT_UNKNOWN,CCCNNNNNNAAGWT_UNKNOWN] was killed by [MCM3_TARGET_GENES,MCM3_TARGET_GENES]
[MIR203A_5P,MIR203A_5P] was killed by [GAGCTGG_MIR337,GAGCTGG_MIR337]
[MIR491_5P,MIR491_5P] was killed by [GAGCTGG_MIR337,GAGCTGG_MIR337]
[MIR3689A_5P_MIR3689B_5P_MIR3689E_MIR3689F,MIR3689A_5P_MIR3689B_5P_MIR3689E_MIR3689F] was killed by [MIR4255,MIR4255]
[ACTACCT_MIR196A_MIR196B,ACTACCT_MIR196A_MIR196B] was killed by [MIR4255,MIR4255]
[MIR4670_3P,MIR4670_3P] was killed by [MIR22_3P,MIR22_3P]
[MIR567,MIR567] was killed by [MIR4255,MIR4255]
[MIR6512_3P,MIR6512_3P] was killed by [E2F_Q2,E2F_Q2]
[MIR204_3P,MIR204_3P] was killed by [MIR3925_3P,MIR3925_3P]
[HOXC13_TARGET_GENES,HOXC13_TARGET_GENES] was killed by [MXD1_TARGET_GENES,MXD1_TARGET_GENES]
[MIR490_5P,MIR490_5P] was killed by [MIR4255,MIR4255]
[ATCMNTCCGY_UNKNOWN,ATCMNTCCGY_UNKNOWN] was killed by [SGCGSSAAA_E2F1DP2_01,SGCGSSAAA_E2F1DP2_01]
[MIR6509_3P,MIR6509_3P] was killed by [MIR7161_5P,MIR7161_5P]
[ATTACAT_MIR3803P,ATTACAT_MIR3803P] was killed by [MIR4255,MIR4255]
[MIR5690,MIR5690] was killed by [MIR4255,MIR4255]
[MIR215_3P,MIR215_3P] was killed by [MIR4255,MIR4255]
[GAGACTG_MIR452,GAGACTG_MIR452] was killed by [GKCGCNNNNNNNTGAYG_UNKNOWN,GKCGCNNNNNNNTGAYG_UNKNOWN]
[MIR6849_3P,MIR6849_3P] was killed by [MIR7160_5P,MIR7160_5P]
[MIR4777_3P,MIR4777_3P] was killed by [SETBP1_TARGET_GENES,SETBP1_TARGET_GENES]
[PR_02,PR_02] was killed by [SGCGSSAAA_E2F1DP2_01,SGCGSSAAA_E2F1DP2_01]
[MIR6736_3P,MIR6736_3P] was killed by [MIR7160_5P,MIR7160_5P]
[COBLL1_TARGET_GENES,COBLL1_TARGET_GENES] was killed by [GGAANCGGAANY_UNKNOWN,GGAANCGGAANY_UNKNOWN]
[MIR3155A_MIR3155B,MIR3155A_MIR3155B] was killed by [MIR4484,MIR4484]
[MIR6856_3P,MIR6856_3P] was killed by [MIR4782_5P,MIR4782_5P]
[ZBTB1_TARGET_GENES,ZBTB1_TARGET_GENES] was killed by [ZNF667_TARGET_GENES,ZNF667_TARGET_GENES]
[MIR1199_5P,MIR1199_5P] was killed by [MIR7160_5P,MIR7160_5P]
[MIR3169,MIR3169] was killed by [MIR7160_5P,MIR7160_5P]
[MIR203B_3P,MIR203B_3P] was killed by [MIR593_5P,MIR593_5P]
[MIR766_3P,MIR766_3P] was killed by [MIR3925_3P,MIR3925_3P]
[MIR4493,MIR4493] was killed by [MIR4255,MIR4255]
[ZNF777_TARGET_GENES,ZNF777_TARGET_GENES] was killed by [ZNF667_TARGET_GENES,ZNF667_TARGET_GENES]
[MCAATNNNNNGCG_UNKNOWN,MCAATNNNNNGCG_UNKNOWN] was killed by [TMTCGCGANR_UNKNOWN,TMTCGCGANR_UNKNOWN]
[MIR432_5P,MIR432_5P] was killed by [MIR22_3P,MIR22_3P]
[MIR509_3_5P,MIR509_3_5P] was killed by [TMTCGCGANR_UNKNOWN,TMTCGCGANR_UNKNOWN]
[MIR5100,MIR5100] was killed by [MIR4257,MIR4257]
[MIR548AG,MIR548AG] was killed by [MIR4255,MIR4255]
[TCTAGAG_MIR517,TCTAGAG_MIR517] was killed by [SGCGSSAAA_E2F1DP2_01,SGCGSSAAA_E2F1DP2_01]
[MIR5697,MIR5697] was killed by [TMTCGCGANR_UNKNOWN,TMTCGCGANR_UNKNOWN]
[MIR3682_3P,MIR3682_3P] was killed by [MIR4484,MIR4484]
[MIR4297,MIR4297] was killed by [MIR3925_3P,MIR3925_3P]
[MIR383_3P,MIR383_3P] was killed by [MIR302D_5P,MIR302D_5P]
[MIR425_5P,MIR425_5P] was killed by [MIR4255,MIR4255]
[MIR6129,MIR6129] was killed by [MIR4257,MIR4257]
[MIR642B_5P,MIR642B_5P] was killed by [MIR302D_5P,MIR302D_5P]
[MIR5698,MIR5698] was killed by [GAGCTGG_MIR337,GAGCTGG_MIR337]
[MIR223_3P,MIR223_3P] was killed by [MIR22_3P,MIR22_3P]
[ATACCTC_MIR202,ATACCTC_MIR202] was killed by [MIR4255,MIR4255]
[MIR936,MIR936] was killed by [MIR451B,MIR451B]
[STAT3_02,STAT3_02] was killed by [E2F_Q2,E2F_Q2]
[MIR4690_3P,MIR4690_3P] was killed by [MIR1249_5P,MIR1249_5P]
[TAAWWATAG_RSRFC4_Q2,TAAWWATAG_RSRFC4_Q2] was killed by [MIR22_3P,MIR22_3P]
[MIR1245B_3P,MIR1245B_3P] was killed by [MIR7160_5P,MIR7160_5P]
[MIR5583_3P,MIR5583_3P] was killed by [MIR302D_5P,MIR302D_5P]
[MIR12132,MIR12132] was killed by [MIR4255,MIR4255]
[MIR4709_3P,MIR4709_3P] was killed by [MIR506_5P,MIR506_5P]
[MIR4701_5P,MIR4701_5P] was killed by [MIR4257,MIR4257]
[MIR338_3P,MIR338_3P] was killed by [MIR3925_3P,MIR3925_3P]
[MIR1206,MIR1206] was killed by [TMTCGCGANR_UNKNOWN,TMTCGCGANR_UNKNOWN]
[MIR6719_3P,MIR6719_3P] was killed by [MIR302D_5P,MIR302D_5P]
[MIR6871_3P,MIR6871_3P] was killed by [MIR7160_5P,MIR7160_5P]
[MIR4679,MIR4679] was killed by [MIR3925_3P,MIR3925_3P]
[MIR767_3P,MIR767_3P] was killed by [MIR4718,MIR4718]
[MIR4481,MIR4481] was killed by [MIR22_3P,MIR22_3P]
[MIR6718_5P,MIR6718_5P] was killed by [MIR4255,MIR4255]
[STTTCRNTTT_IRF_Q6,STTTCRNTTT_IRF_Q6] was killed by [E2F_Q2,E2F_Q2]
[MIR34B_5P,MIR34B_5P] was killed by [MIR22_3P,MIR22_3P]
[MIR449C_5P,MIR449C_5P] was killed by [MIR22_3P,MIR22_3P]
[MIR6079,MIR6079] was killed by [MIR7160_5P,MIR7160_5P]
[MCRS1_TARGET_GENES,MCRS1_TARGET_GENES] was killed by [ZNF667_TARGET_GENES,ZNF667_TARGET_GENES]
[PHB2_TARGET_GENES,PHB2_TARGET_GENES] was killed by [ZBTB5_TARGET_GENES,ZBTB5_TARGET_GENES]
[MIR4684_5P,MIR4684_5P] was killed by [MIR4255,MIR4255]
[MIR504_3P,MIR504_3P] was killed by [MIR619_5P,MIR619_5P]
[MIR629_3P,MIR629_3P] was killed by [MIR3925_3P,MIR3925_3P]
[MIR3652,MIR3652] was killed by [E2F_Q2,E2F_Q2]
[MIR3664_3P,MIR3664_3P] was killed by [MIR1249_5P,MIR1249_5P]
[MIR4732_3P,MIR4732_3P] was killed by [MIR302D_5P,MIR302D_5P]
[MIR4667_5P,MIR4667_5P] was killed by [MIR3925_3P,MIR3925_3P]
[MIR9851_5P,MIR9851_5P] was killed by [MIR4257,MIR4257]
[MIR1343_3P,MIR1343_3P] was killed by [MIR22_3P,MIR22_3P]
[MIR197_3P,MIR197_3P] was killed by [MIR22_3P,MIR22_3P]
[MIR6882_5P,MIR6882_5P] was killed by [MIR4255,MIR4255]
[MIR203B_5P,MIR203B_5P] was killed by [MIR4255,MIR4255]
[MIR509_5P,MIR509_5P] was killed by [TMTCGCGANR_UNKNOWN,TMTCGCGANR_UNKNOWN]
[MIR4751,MIR4751] was killed by [MIR3925_3P,MIR3925_3P]
[MIR1537_5P,MIR1537_5P] was killed by [MIR302D_5P,MIR302D_5P]
[MIR1257,MIR1257] was killed by [TMTCGCGANR_UNKNOWN,TMTCGCGANR_UNKNOWN]
[CCAWYNNGAAR_UNKNOWN,CCAWYNNGAAR_UNKNOWN] was killed by [MIR4255,MIR4255]
[GTATGAT_MIR154_MIR487,GTATGAT_MIR154_MIR487] was killed by [E2F_Q2,E2F_Q2]
[MIR342_3P,MIR342_3P] was killed by [MIR4255,MIR4255]
[MIR4292,MIR4292] was killed by [E2F_Q2,E2F_Q2]
[MIR4786_5P,MIR4786_5P] was killed by [MIR7161_5P,MIR7161_5P]
[MIR6771_3P,MIR6771_3P] was killed by [MIR4255,MIR4255]
[MIR7850_5P,MIR7850_5P] was killed by [MIR506_5P,MIR506_5P]
[MIR518E_5P_MIR519A_5P_MIR519B_5P_MIR519C_5P_MIR522_5P_MIR523_5P,MIR518E_5P_MIR519A_5P_MIR519B_5P_MIR519C_5P_MIR522_5P_MIR523_5P] was killed by [MIR12135,MIR12135]
[MIR4490,MIR4490] was killed by [MIR4255,MIR4255]
[MIR106A_3P,MIR106A_3P] was killed by [MIR3925_3P,MIR3925_3P]
[CDH4_TARGET_GENES,CDH4_TARGET_GENES] was killed by [ZMYM2_TARGET_GENES,ZMYM2_TARGET_GENES]
[MIR6764_3P,MIR6764_3P] was killed by [MIR3925_3P,MIR3925_3P]
[AR_03,AR_03] was killed by [MIR4255,MIR4255]
[MIR4519,MIR4519] was killed by [MIR12135,MIR12135]
[MIR4430,MIR4430] was killed by [E2F_Q2,E2F_Q2]
[MIR384,MIR384] was killed by [SETBP1_TARGET_GENES,SETBP1_TARGET_GENES]
[MIR3145_5P,MIR3145_5P] was killed by [TMTCGCGANR_UNKNOWN,TMTCGCGANR_UNKNOWN]
[MIR4673,MIR4673] was killed by [MIR3925_3P,MIR3925_3P]
[MIR6776_3P,MIR6776_3P] was killed by [MIR12129,MIR12129]
[MIR8060,MIR8060] was killed by [MIR302D_5P,MIR302D_5P]
[MIR6824_3P,MIR6824_3P] was killed by [MIR3925_3P,MIR3925_3P]
[MIR4293,MIR4293] was killed by [MIR12129,MIR12129]
[MIR939_3P,MIR939_3P] was killed by [MIR7160_5P,MIR7160_5P]
[CAGCAGG_MIR370,CAGCAGG_MIR370] was killed by [TMTCGCGANR_UNKNOWN,TMTCGCGANR_UNKNOWN]
[MIR1909_3P,MIR1909_3P] was killed by [GAGCTGG_MIR337,GAGCTGG_MIR337]
[MIR5695,MIR5695] was killed by [MIR4484,MIR4484]
[MIR6792_5P,MIR6792_5P] was killed by [MIR4255,MIR4255]
[MIR3664_5P,MIR3664_5P] was killed by [MIR4255,MIR4255]
[MIR548AT_3P,MIR548AT_3P] was killed by [MIR4255,MIR4255]
[MIR6818_3P,MIR6818_3P] was killed by [MIR7160_5P,MIR7160_5P]
[MIR141_5P,MIR141_5P] was killed by [MIR7161_5P,MIR7161_5P]
[MIR5089_5P,MIR5089_5P] was killed by [MIR619_5P,MIR619_5P]
[MIR4726_3P,MIR4726_3P] was killed by [MIR1249_5P,MIR1249_5P]
[MIR1912_5P,MIR1912_5P] was killed by [MIR4255,MIR4255]
[MIR181A_2_3P,MIR181A_2_3P] was killed by [MIR4255,MIR4255]
[MIR96_3P,MIR96_3P] was killed by [MIR3679_5P,MIR3679_5P]
[MIR3674,MIR3674] was killed by [MIR3925_3P,MIR3925_3P]
[ATGGYGGA_UNKNOWN,ATGGYGGA_UNKNOWN] was killed by [SETBP1_TARGET_GENES,SETBP1_TARGET_GENES]
[MIR6762_3P,MIR6762_3P] was killed by [MIR1249_5P,MIR1249_5P]
[MIR495_5P,MIR495_5P] was killed by [MIR4718,MIR4718]
[MIR4534,MIR4534] was killed by [MIR1249_5P,MIR1249_5P]
[MIR10393_5P,MIR10393_5P] was killed by [MIR3925_3P,MIR3925_3P]
[MIR6126,MIR6126] was killed by [MIR4255,MIR4255]
[BCL6B_TARGET_GENES,BCL6B_TARGET_GENES] was killed by [PPARGC1A_TARGET_GENES,PPARGC1A_TARGET_GENES]
[MIR4773,MIR4773] was killed by [MIR22_3P,MIR22_3P]
[RBL1_TARGET_GENES,RBL1_TARGET_GENES] was killed by [MCM3_TARGET_GENES,MCM3_TARGET_GENES]
[MIR6791_3P,MIR6791_3P] was killed by [MIR302D_5P,MIR302D_5P]
[MIR7703,MIR7703] was killed by [MIR3925_3P,MIR3925_3P]
[HFH3_01,HFH3_01] was killed by [MIR4257,MIR4257]
[CGGAARNGGCNG_UNKNOWN,CGGAARNGGCNG_UNKNOWN] was killed by [SREBP1_01,SREBP1_01]
[MIR6765_3P,MIR6765_3P] was killed by [GAGCTGG_MIR337,GAGCTGG_MIR337]
[MIR3926,MIR3926] was killed by [MIR302D_5P,MIR302D_5P]
[MIR217_5P,MIR217_5P] was killed by [MIR4255,MIR4255]
[MIR4777_5P,MIR4777_5P] was killed by [MIR506_5P,MIR506_5P]
[MIR2681_5P,MIR2681_5P] was killed by [GAGCTGG_MIR337,GAGCTGG_MIR337]
[PBX1_02,PBX1_02] was killed by [SGCGSSAAA_E2F1DP2_01,SGCGSSAAA_E2F1DP2_01]
[STAT1_01,STAT1_01] was killed by [RACTNNRTTTNC_UNKNOWN,RACTNNRTTTNC_UNKNOWN]
[MIR3187_5P,MIR3187_5P] was killed by [MIR7160_5P,MIR7160_5P]
[MIR122B_3P,MIR122B_3P] was killed by [MIR4255,MIR4255]
[MIR4774_5P,MIR4774_5P] was killed by [MIR4760_5P,MIR4760_5P]
[AGTCAGC_MIR345,AGTCAGC_MIR345] was killed by [TMTCGCGANR_UNKNOWN,TMTCGCGANR_UNKNOWN]
[MIR484,MIR484] was killed by [SGCGSSAAA_E2F1DP2_01,SGCGSSAAA_E2F1DP2_01]
[MIR5691_MIR6805_3P,MIR5691_MIR6805_3P] was killed by [MIR3925_3P,MIR3925_3P]
[MIR4510,MIR4510] was killed by [MIR4257,MIR4257]
[MIR623,MIR623] was killed by [MIR4255,MIR4255]
[MIR548AY_3P,MIR548AY_3P] was killed by [MIR4255,MIR4255]
[FREAC4_01,FREAC4_01] was killed by [MIR12129,MIR12129]
[TGCAAAC_MIR452,TGCAAAC_MIR452] was killed by [GAGCTGG_MIR337,GAGCTGG_MIR337]
[OCT1_07,OCT1_07] was killed by [MIR12129,MIR12129]
[MIR3192_5P,MIR3192_5P] was killed by [MIR3925_3P,MIR3925_3P]
[GCCNNNWTAAR_UNKNOWN,GCCNNNWTAAR_UNKNOWN] was killed by [SREBP1_01,SREBP1_01]
[MIR10525_3P,MIR10525_3P] was killed by [ZNF532_TARGET_GENES,ZNF532_TARGET_GENES]
[PR_01,PR_01] was killed by [SGCGSSAAA_E2F1DP2_01,SGCGSSAAA_E2F1DP2_01]
[MIR4457,MIR4457] was killed by [MIR4255,MIR4255]
[MIR4521,MIR4521] was killed by [GCGNNANTTCC_UNKNOWN,GCGNNANTTCC_UNKNOWN]
[MIR450A_2_3P,MIR450A_2_3P] was killed by [MIR4255,MIR4255]
[MIR6831_3P,MIR6831_3P] was killed by [MIR12135,MIR12135]
[MIR5581_3P,MIR5581_3P] was killed by [SREBP1_01,SREBP1_01]
[MIR588,MIR588] was killed by [MIR4257,MIR4257]
[MIR6799_5P,MIR6799_5P] was killed by [MIR3925_3P,MIR3925_3P]
[MIR1288_5P,MIR1288_5P] was killed by [MIR219A_1_3P,MIR219A_1_3P]
[MIR340_3P,MIR340_3P] was killed by [MIR6827_3P,MIR6827_3P]
[MIR2682_5P,MIR2682_5P] was killed by [MIR7160_5P,MIR7160_5P]
[MIR487A_5P,MIR487A_5P] was killed by [MIR3925_3P,MIR3925_3P]
[MIR3618,MIR3618] was killed by [MIR4760_5P,MIR4760_5P]
[MIR6506_5P,MIR6506_5P] was killed by [MIR7160_5P,MIR7160_5P]
[MIR4520_2_3P,MIR4520_2_3P] was killed by [GAGCTGG_MIR337,GAGCTGG_MIR337]
[MIR188_3P,MIR188_3P] was killed by [SGCGSSAAA_E2F1DP2_01,SGCGSSAAA_E2F1DP2_01]
[MIR136_5P,MIR136_5P] was killed by [MIR3925_3P,MIR3925_3P]
[MIR6893_5P,MIR6893_5P] was killed by [MIR4255,MIR4255]
[TAXCREB_01,TAXCREB_01] was killed by [TMTCGCGANR_UNKNOWN,TMTCGCGANR_UNKNOWN]
[DROSHA_TARGET_GENES,DROSHA_TARGET_GENES] was killed by [MCM3_TARGET_GENES,MCM3_TARGET_GENES]
[MIR6133,MIR6133] was killed by [MIR4257,MIR4257]
[MIR770_5P,MIR770_5P] was killed by [MIR3925_3P,MIR3925_3P]
[MIR3611,MIR3611] was killed by [MIR7160_5P,MIR7160_5P]
[MIR6754_3P,MIR6754_3P] was killed by [MIR3925_3P,MIR3925_3P]
[TFCP2_TARGET_GENES,TFCP2_TARGET_GENES] was killed by [ZNF667_TARGET_GENES,ZNF667_TARGET_GENES]
[CAGTCAC_MIR134,CAGTCAC_MIR134] was killed by [MIR4255,MIR4255]
[MIR548B_3P,MIR548B_3P] was killed by [MIR4255,MIR4255]
[MIR140_5P,MIR140_5P] was killed by [MIR3925_3P,MIR3925_3P]
[MIR508_3P,MIR508_3P] was killed by [MIR4255,MIR4255]
[MIR488_3P,MIR488_3P] was killed by [MIR4255,MIR4255]
[MIR4736,MIR4736] was killed by [MIR4255,MIR4255]
[MIR150_3P,MIR150_3P] was killed by [MIR302D_5P,MIR302D_5P]
[MIR5586_5P,MIR5586_5P] was killed by [E2F_Q2,E2F_Q2]
[MIR7156_3P,MIR7156_3P] was killed by [MIR3925_3P,MIR3925_3P]
[MIR4639_5P,MIR4639_5P] was killed by [MIR4255,MIR4255]
[MIR541_5P,MIR541_5P] was killed by [MIR7160_5P,MIR7160_5P]
[MIR6808_5P,MIR6808_5P] was killed by [MIR4255,MIR4255]
[YTAAYNGCT_UNKNOWN,YTAAYNGCT_UNKNOWN] was killed by [SGCGSSAAA_E2F1DP2_01,SGCGSSAAA_E2F1DP2_01]
[MIR183_3P,MIR183_3P] was killed by [MIR3925_3P,MIR3925_3P]
[MIR4633_5P,MIR4633_5P] was killed by [MIR12135,MIR12135]
[MIR100_3P,MIR100_3P] was killed by [MIR302D_5P,MIR302D_5P]
[MIR5687,MIR5687] was killed by [E2F_Q2,E2F_Q2]
[MIR6730_5P,MIR6730_5P] was killed by [MIR7160_5P,MIR7160_5P]
[ACCATTT_MIR522,ACCATTT_MIR522] was killed by [E2F_Q2,E2F_Q2]
[ZNF677_TARGET_GENES,ZNF677_TARGET_GENES] was killed by [ZNF667_TARGET_GENES,ZNF667_TARGET_GENES]
[MIR6829_3P,MIR6829_3P] was killed by [MIR4257,MIR4257]
[MIR1301_3P_MIR5047,MIR1301_3P_MIR5047] was killed by [MIR4255,MIR4255]
[MIR5004_5P,MIR5004_5P] was killed by [MIR4255,MIR4255]
[MIR637,MIR637] was killed by [MIR1249_5P,MIR1249_5P]
[MIR139_5P,MIR139_5P] was killed by [MIR4255,MIR4255]
[MIR633,MIR633] was killed by [MIR4255,MIR4255]
[MIR412_3P,MIR412_3P] was killed by [MIR4255,MIR4255]
[MIR4275,MIR4275] was killed by [MIR4255,MIR4255]
[MIR6760_3P,MIR6760_3P] was killed by [MIR22_3P,MIR22_3P]
[MAPK3_TARGET_GENES,MAPK3_TARGET_GENES] was killed by [ZMYM2_TARGET_GENES,ZMYM2_TARGET_GENES]
[MIR374A_3P,MIR374A_3P] was killed by [MIR302D_5P,MIR302D_5P]
[MIR7974,MIR7974] was killed by [MIR1249_5P,MIR1249_5P]
[MIR940,MIR940] was killed by [MIR4255,MIR4255]
[MIR6889_3P,MIR6889_3P] was killed by [MIR12135,MIR12135]
[MIR4796_5P,MIR4796_5P] was killed by [MIR12135,MIR12135]
[MIR4318,MIR4318] was killed by [SETBP1_TARGET_GENES,SETBP1_TARGET_GENES]
[MIR885_5P,MIR885_5P] was killed by [MIR4255,MIR4255]
[MIR4499,MIR4499] was killed by [MIR4255,MIR4255]
[MIR597_3P,MIR597_3P] was killed by [GAGCTGG_MIR337,GAGCTGG_MIR337]
[YTAATTAA_LHX3_01,YTAATTAA_LHX3_01] was killed by [MIR3925_3P,MIR3925_3P]
[MIR628_3P,MIR628_3P] was killed by [MIR3679_5P,MIR3679_5P]
[MIR4329,MIR4329] was killed by [GKCGCNNNNNNNTGAYG_UNKNOWN,GKCGCNNNNNNNTGAYG_UNKNOWN]
[EGR3_01,EGR3_01] was killed by [GCGNNANTTCC_UNKNOWN,GCGNNANTTCC_UNKNOWN]
[MIR7845_5P,MIR7845_5P] was killed by [MIR500A_5P,MIR500A_5P]
[MIR487B_5P,MIR487B_5P] was killed by [MIR3925_3P,MIR3925_3P]
[TGASTMAGC_NFE2_01,TGASTMAGC_NFE2_01] was killed by [GAGCTGG_MIR337,GAGCTGG_MIR337]
[MIR6883_3P,MIR6883_3P] was killed by [MIR4760_5P,MIR4760_5P]
[MIR6130,MIR6130] was killed by [MIR4257,MIR4257]
[MIR548AO_5P_MIR548AX,MIR548AO_5P_MIR548AX] was killed by [MIR4255,MIR4255]
[MIR4642,MIR4642] was killed by [MIR4255,MIR4255]
[MIR600,MIR600] was killed by [MIR302D_5P,MIR302D_5P]
[MIR499B_3P,MIR499B_3P] was killed by [MXD1_TARGET_GENES,MXD1_TARGET_GENES]
[MIR6529_3P,MIR6529_3P] was killed by [MIR12135,MIR12135]
[MIR4426,MIR4426] was killed by [MIR4257,MIR4257]
[MIR499A_3P,MIR499A_3P] was killed by [MXD1_TARGET_GENES,MXD1_TARGET_GENES]
[MIR6867_3P,MIR6867_3P] was killed by [SGCGSSAAA_E2F1DP2_01,SGCGSSAAA_E2F1DP2_01]
[MIR2054,MIR2054] was killed by [MIR4255,MIR4255]
[MIR3201,MIR3201] was killed by [MIR12129,MIR12129]
[MIR155_3P,MIR155_3P] was killed by [TMTCGCGANR_UNKNOWN,TMTCGCGANR_UNKNOWN]
[MIR513B_3P,MIR513B_3P] was killed by [MIR4255,MIR4255]
[DR3_Q4,DR3_Q4] was killed by [SGCGSSAAA_E2F1DP2_01,SGCGSSAAA_E2F1DP2_01]
[TGAGATT_MIR216,TGAGATT_MIR216] was killed by [TMTCGCGANR_UNKNOWN,TMTCGCGANR_UNKNOWN]
[MIR5001_3P,MIR5001_3P] was killed by [MIR302D_5P,MIR302D_5P]
[MIR4797_5P,MIR4797_5P] was killed by [MIR4255,MIR4255]
[GGCACTT_MIR519E,GGCACTT_MIR519E] was killed by [MIR4257,MIR4257]
[MIR3176,MIR3176] was killed by [MIR7160_5P,MIR7160_5P]
[MIR622,MIR622] was killed by [GCGNNANTTCC_UNKNOWN,GCGNNANTTCC_UNKNOWN]
[MIR4286,MIR4286] was killed by [MIR4257,MIR4257]
[MIR1291,MIR1291] was killed by [MIR1249_5P,MIR1249_5P]
[MIR873_5P,MIR873_5P] was killed by [MIR520A_5P,MIR520A_5P]
[MIR5584_3P,MIR5584_3P] was killed by [TMTCGCGANR_UNKNOWN,TMTCGCGANR_UNKNOWN]
[MIR6796_3P,MIR6796_3P] was killed by [MIR4782_5P,MIR4782_5P]
[GGCCAGT_MIR193A_MIR193B,GGCCAGT_MIR193A_MIR193B] was killed by [MIR7160_5P,MIR7160_5P]
[MIR4712_5P,MIR4712_5P] was killed by [MIR3925_3P,MIR3925_3P]
[MIR6513_5P,MIR6513_5P] was killed by [MIR4257,MIR4257]
[MIR7702,MIR7702] was killed by [MIR12135,MIR12135]
[ZNF41_TARGET_GENES,ZNF41_TARGET_GENES] was killed by [ZNF667_TARGET_GENES,ZNF667_TARGET_GENES]
[MIR5579_3P,MIR5579_3P] was killed by [MIR4255,MIR4255]
[MIR569,MIR569] was killed by [MIR12129,MIR12129]
[MIR631,MIR631] was killed by [MIR7161_5P,MIR7161_5P]
[MIR1184,MIR1184] was killed by [MIR4255,MIR4255]
[TTTNNANAGCYR_UNKNOWN,TTTNNANAGCYR_UNKNOWN] was killed by [SGCGSSAAA_E2F1DP2_01,SGCGSSAAA_E2F1DP2_01]
[MIR630,MIR630] was killed by [MIR4255,MIR4255]
[MIR6715A_3P,MIR6715A_3P] was killed by [MIR4255,MIR4255]
[MIR2117,MIR2117] was killed by [MIR12135,MIR12135]
[MIR653_5P,MIR653_5P] was killed by [MIR12129,MIR12129]
[MIR21_3P,MIR21_3P] was killed by [MIR4255,MIR4255]
[MIR590_5P,MIR590_5P] was killed by [MIR451B,MIR451B]
[MIR218_1_3P,MIR218_1_3P] was killed by [MIR12135,MIR12135]
[MIR5007_3P,MIR5007_3P] was killed by [MIR4255,MIR4255]
[MIR30C_2_3P,MIR30C_2_3P] was killed by [MIR7160_5P,MIR7160_5P]
[YYCATTCAWW_UNKNOWN,YYCATTCAWW_UNKNOWN] was killed by [E2F_Q2,E2F_Q2]
[MIR7158_5P,MIR7158_5P] was killed by [MIR7160_5P,MIR7160_5P]
[MIR3675_3P,MIR3675_3P] was killed by [MIR302D_5P,MIR302D_5P]
[MIR450A_1_3P,MIR450A_1_3P] was killed by [MIR302D_5P,MIR302D_5P]
[MIR3064_5P,MIR3064_5P] was killed by [E2F_Q2,E2F_Q2]
[MIR4661_5P,MIR4661_5P] was killed by [MIR12135,MIR12135]
[MIR6854_5P,MIR6854_5P] was killed by [MIR619_5P,MIR619_5P]
[MIR3692_5P,MIR3692_5P] was killed by [MIR12135,MIR12135]
[MIR3943,MIR3943] was killed by [MIR193A_3P_MIR193B_3P,MIR193A_3P_MIR193B_3P]
[MIR4680_5P,MIR4680_5P] was killed by [MIR3925_3P,MIR3925_3P]
[ZSCAN18_TARGET_GENES,ZSCAN18_TARGET_GENES] was killed by [ZNF667_TARGET_GENES,ZNF667_TARGET_GENES]
[MIR6797_3P,MIR6797_3P] was killed by [MIR3925_3P,MIR3925_3P]
[MIR6860,MIR6860] was killed by [MIR7160_5P,MIR7160_5P]
[MIR4772_3P,MIR4772_3P] was killed by [MIR4257,MIR4257]
[ZNF669_TARGET_GENES,ZNF669_TARGET_GENES] was killed by [SETBP1_TARGET_GENES,SETBP1_TARGET_GENES]
[MIR3158_5P,MIR3158_5P] was killed by [MIR4255,MIR4255]
[AGGAAGC_MIR5163P,AGGAAGC_MIR5163P] was killed by [MIR1249_5P,MIR1249_5P]
[GTCAGGA_MIR378,GTCAGGA_MIR378] was killed by [GAGCTGG_MIR337,GAGCTGG_MIR337]
[MIR624_5P,MIR624_5P] was killed by [MIR4255,MIR4255]
[MIR3663_3P,MIR3663_3P] was killed by [MIR302D_5P,MIR302D_5P]
[MIR148A_5P,MIR148A_5P] was killed by [MXD1_TARGET_GENES,MXD1_TARGET_GENES]
[METHYLCYTOSINE_DIOXYGENASE_TET_UNIPROT_A0A023HHK9_UNREVIEWED_TARGET_GENES,METHYLCYTOSINE_DIOXYGENASE_TET_UNIPROT_A0A023HHK9_UNREVIEWED_TARGET_GENES] was killed by [GTF3A_TARGET_GENES,GTF3A_TARGET_GENES]
[MIR21_5P,MIR21_5P] was killed by [MIR12129,MIR12129]
[MIR891B,MIR891B] was killed by [KDM1B_TARGET_GENES,KDM1B_TARGET_GENES]
[MYAATNNNNNNNGGC_UNKNOWN,MYAATNNNNNNNGGC_UNKNOWN] was killed by [SGCGSSAAA_E2F1DP2_01,SGCGSSAAA_E2F1DP2_01]
[MIR5699_5P,MIR5699_5P] was killed by [MIR1249_5P,MIR1249_5P]
[EVI1_02,EVI1_02] was killed by [MIR302D_5P,MIR302D_5P]
[MIR3156_3P,MIR3156_3P] was killed by [MIR4255,MIR4255]
[MIR3175,MIR3175] was killed by [MIR4257,MIR4257]
[MIR3173_3P,MIR3173_3P] was killed by [SREBP1_01,SREBP1_01]
[MIR4999_5P,MIR4999_5P] was killed by [MIR4257,MIR4257]
[MIR6865_5P,MIR6865_5P] was killed by [MIR3925_3P,MIR3925_3P]
[MIR6770_5P,MIR6770_5P] was killed by [MIR7160_5P,MIR7160_5P]
[YGCANTGCR_UNKNOWN,YGCANTGCR_UNKNOWN] was killed by [TMTCGCGANR_UNKNOWN,TMTCGCGANR_UNKNOWN]
[AHRARNT_01,AHRARNT_01] was killed by [SGCGSSAAA_E2F1DP2_01,SGCGSSAAA_E2F1DP2_01]
[MIR4659B_5P,MIR4659B_5P] was killed by [MIR3925_3P,MIR3925_3P]
[MIR593_3P,MIR593_3P] was killed by [MIR4255,MIR4255]
[MIR4764_3P,MIR4764_3P] was killed by [MIR4255,MIR4255]
[MIR135A_2_3P,MIR135A_2_3P] was killed by [SGCGSSAAA_E2F1DP2_01,SGCGSSAAA_E2F1DP2_01]
[HOXA13_TARGET_GENES,HOXA13_TARGET_GENES] was killed by [MCM3_TARGET_GENES,MCM3_TARGET_GENES]
[MIR5580_5P,MIR5580_5P] was killed by [E2F_Q2,E2F_Q2]
[MIR890,MIR890] was killed by [MIR4257,MIR4257]
[MIR1276,MIR1276] was killed by [TMTCGCGANR_UNKNOWN,TMTCGCGANR_UNKNOWN]
[MIR9500,MIR9500] was killed by [GAGCTGG_MIR337,GAGCTGG_MIR337]
[MIR326,MIR326] was killed by [MCM3_TARGET_GENES,MCM3_TARGET_GENES]
[MIR346,MIR346] was killed by [MIR4257,MIR4257]
[MIR4705,MIR4705] was killed by [MIR7160_5P,MIR7160_5P]
[MIR657,MIR657] was killed by [SREBP1_01,SREBP1_01]
[MIR3661,MIR3661] was killed by [MIR4255,MIR4255]
[MIR4464,MIR4464] was killed by [MIR3925_3P,MIR3925_3P]
[MIR12127,MIR12127] was killed by [MIR4257,MIR4257]
[MIR4779,MIR4779] was killed by [MIR520A_5P,MIR520A_5P]
[GGTGAAG_MIR412,GGTGAAG_MIR412] was killed by [ZNF704_TARGET_GENES,ZNF704_TARGET_GENES]
[MIR548Q,MIR548Q] was killed by [MIR3925_3P,MIR3925_3P]
[MIR5699_3P,MIR5699_3P] was killed by [MIR7160_5P,MIR7160_5P]
[MIR302F,MIR302F] was killed by [MIR4255,MIR4255]
[ZNF622_TARGET_GENES,ZNF622_TARGET_GENES] was killed by [MIR4255,MIR4255]
[MIR671_5P,MIR671_5P] was killed by [MIR4255,MIR4255]
[MIR5572,MIR5572] was killed by [MIR12129,MIR12129]
[MIR8055,MIR8055] was killed by [TMTCGCGANR_UNKNOWN,TMTCGCGANR_UNKNOWN]
[ATF_B,ATF_B] was killed by [GKCGCNNNNNNNTGAYG_UNKNOWN,GKCGCNNNNNNNTGAYG_UNKNOWN]
[MIR5579_5P,MIR5579_5P] was killed by [E2F_Q2,E2F_Q2]
[MIR6131,MIR6131] was killed by [GAGCTGG_MIR337,GAGCTGG_MIR337]
[MIR563,MIR563] was killed by [SETBP1_TARGET_GENES,SETBP1_TARGET_GENES]
[MIR5193,MIR5193] was killed by [GAGCTGG_MIR337,GAGCTGG_MIR337]
[MIR1256,MIR1256] was killed by [MIR4255,MIR4255]
[MIR6794_5P,MIR6794_5P] was killed by [TMTCGCGANR_UNKNOWN,TMTCGCGANR_UNKNOWN]
[MIR3171,MIR3171] was killed by [MIR302D_5P,MIR302D_5P]
[MIR6814_5P,MIR6814_5P] was killed by [GAGCTGG_MIR337,GAGCTGG_MIR337]
[MIR3085_3P,MIR3085_3P] was killed by [E2F_Q2,E2F_Q2]
[MIR4436B_3P,MIR4436B_3P] was killed by [GAGCTGG_MIR337,GAGCTGG_MIR337]
[MIR133A_5P,MIR133A_5P] was killed by [MIR4257,MIR4257]
[MIR503_5P,MIR503_5P] was killed by [MIR4255,MIR4255]
[MIR4728_3P,MIR4728_3P] was killed by [SGCGSSAAA_E2F1DP2_01,SGCGSSAAA_E2F1DP2_01]
[PRMT5_TARGET_GENES,PRMT5_TARGET_GENES] was killed by [SGCGSSAAA_E2F1DP2_01,SGCGSSAAA_E2F1DP2_01]
[MIR3922_3P,MIR3922_3P] was killed by [TMTCGCGANR_UNKNOWN,TMTCGCGANR_UNKNOWN]
[MIR6753_3P,MIR6753_3P] was killed by [MIR1249_5P,MIR1249_5P]
[ATOH8_TARGET_GENES,ATOH8_TARGET_GENES] was killed by [ZMYM2_TARGET_GENES,ZMYM2_TARGET_GENES]
[MIR504_5P,MIR504_5P] was killed by [MIR1249_5P,MIR1249_5P]
[MIR3127_5P,MIR3127_5P] was killed by [MIR7160_5P,MIR7160_5P]
[MIR5591_5P,MIR5591_5P] was killed by [MIR7109_5P,MIR7109_5P]
[GTGACTT_MIR224,GTGACTT_MIR224] was killed by [TMTCGCGANR_UNKNOWN,TMTCGCGANR_UNKNOWN]
[MIR6529_5P,MIR6529_5P] was killed by [MIR7161_5P,MIR7161_5P]
[MIR6846_5P,MIR6846_5P] was killed by [MIR7160_5P,MIR7160_5P]
[MIR3975,MIR3975] was killed by [GAGCTGG_MIR337,GAGCTGG_MIR337]
[MIR4637,MIR4637] was killed by [MIR12129,MIR12129]
[MIR3157_5P,MIR3157_5P] was killed by [MIR4255,MIR4255]
[MIR135B_3P,MIR135B_3P] was killed by [MIR3925_3P,MIR3925_3P]
[CYTAGCAAY_UNKNOWN,CYTAGCAAY_UNKNOWN] was killed by [GCGNNANTTCC_UNKNOWN,GCGNNANTTCC_UNKNOWN]
[MIR2682_3P,MIR2682_3P] was killed by [MIR3679_5P,MIR3679_5P]
[AAAGGAT_MIR501,AAAGGAT_MIR501] was killed by [SGCGSSAAA_E2F1DP2_01,SGCGSSAAA_E2F1DP2_01]
[MIR367_5P,MIR367_5P] was killed by [TMTCGCGANR_UNKNOWN,TMTCGCGANR_UNKNOWN]
[AAGTCCA_MIR422B_MIR422A,AAGTCCA_MIR422B_MIR422A] was killed by [TMTCGCGANR_UNKNOWN,TMTCGCGANR_UNKNOWN]
[MIR3191_3P,MIR3191_3P] was killed by [GAGCTGG_MIR337,GAGCTGG_MIR337]
[MIR876_5P,MIR876_5P] was killed by [TMTCGCGANR_UNKNOWN,TMTCGCGANR_UNKNOWN]
[MIR3189_5P,MIR3189_5P] was killed by [MIR7160_5P,MIR7160_5P]
[MIR129_1_3P_MIR129_2_3P,MIR129_1_3P_MIR129_2_3P] was killed by [TMTCGCGANR_UNKNOWN,TMTCGCGANR_UNKNOWN]
[MIR380_5P,MIR380_5P] was killed by [SETBP1_TARGET_GENES,SETBP1_TARGET_GENES]
[FOXD3_TARGET_GENES,FOXD3_TARGET_GENES] was killed by [GKCGCNNNNNNNTGAYG_UNKNOWN,GKCGCNNNNNNNTGAYG_UNKNOWN]
[MIR661,MIR661] was killed by [MIR3925_3P,MIR3925_3P]
[CGTSACG_PAX3_B,CGTSACG_PAX3_B] was killed by [GCGNNANTTCC_UNKNOWN,GCGNNANTTCC_UNKNOWN]
[MIR27B_5P,MIR27B_5P] was killed by [MIR4760_5P,MIR4760_5P]
[AAACCAC_MIR140,AAACCAC_MIR140] was killed by [GKCGCNNNNNNNTGAYG_UNKNOWN,GKCGCNNNNNNNTGAYG_UNKNOWN]
[MIR3194_3P,MIR3194_3P] was killed by [MIR4255,MIR4255]
[MIR4252,MIR4252] was killed by [MIR7160_5P,MIR7160_5P]
[MIR376C_3P,MIR376C_3P] was killed by [MIR4255,MIR4255]
[MIR4289,MIR4289] was killed by [MIR651_5P,MIR651_5P]
[MIR6815_5P,MIR6815_5P] was killed by [MIR3925_3P,MIR3925_3P]
[MIR4675,MIR4675] was killed by [MIR4255,MIR4255]
[MIR5190,MIR5190] was killed by [MIR12129,MIR12129]
[MIR6776_5P,MIR6776_5P] was killed by [MIR7161_5P,MIR7161_5P]
[MIR4302,MIR4302] was killed by [MIR4255,MIR4255]
[MIR6855_5P,MIR6855_5P] was killed by [MIR12129,MIR12129]
[MIR3688_5P,MIR3688_5P] was killed by [MIR4257,MIR4257]
[MIR1286,MIR1286] was killed by [GAGCTGG_MIR337,GAGCTGG_MIR337]
[MIR6842_3P,MIR6842_3P] was killed by [MIR1249_5P,MIR1249_5P]
[MIR4748,MIR4748] was killed by [MIR3925_3P,MIR3925_3P]
[MIR4663,MIR4663] was killed by [MIR7160_5P,MIR7160_5P]
[MIR4421,MIR4421] was killed by [MIR451B,MIR451B]
[CCAGGTT_MIR490,CCAGGTT_MIR490] was killed by [MIR506_5P,MIR506_5P]
[MIR549A_3P,MIR549A_3P] was killed by [MIR4257,MIR4257]
[MIR4317,MIR4317] was killed by [GCGNNANTTCC_UNKNOWN,GCGNNANTTCC_UNKNOWN]
[MIR6753_5P,MIR6753_5P] was killed by [MIR22_3P,MIR22_3P]
[MIR935,MIR935] was killed by [MIR302D_5P,MIR302D_5P]
[MIR4725_5P,MIR4725_5P] was killed by [MIR1249_5P,MIR1249_5P]
[MIR8083,MIR8083] was killed by [MIR12129,MIR12129]
[MIR23B_5P,MIR23B_5P] was killed by [MIR12135,MIR12135]
[MIR3074_5P,MIR3074_5P] was killed by [MIR3925_3P,MIR3925_3P]
[MIR423_5P,MIR423_5P] was killed by [MIR1249_5P,MIR1249_5P]
[MIR4776_3P,MIR4776_3P] was killed by [MIR4255,MIR4255]
[MIR3945,MIR3945] was killed by [MIR4255,MIR4255]
[YNTTTNNNANGCARM_UNKNOWN,YNTTTNNNANGCARM_UNKNOWN] was killed by [MIR12129,MIR12129]
[MIR610,MIR610] was killed by [MIR506_5P,MIR506_5P]
[MIR6891_5P,MIR6891_5P] was killed by [GAGCTGG_MIR337,GAGCTGG_MIR337]
[MIR4656,MIR4656] was killed by [MIR7160_5P,MIR7160_5P]
[MIR1271_3P,MIR1271_3P] was killed by [MIR7160_5P,MIR7160_5P]
[MIR4797_3P,MIR4797_3P] was killed by [MIR3925_3P,MIR3925_3P]
[ATGTAGC_MIR221_MIR222,ATGTAGC_MIR221_MIR222] was killed by [MIR4255,MIR4255]
[MIR1266_5P,MIR1266_5P] was killed by [MIR520A_5P,MIR520A_5P]
[GCGCCTT_MIR525_MIR524,GCGCCTT_MIR525_MIR524] was killed by [TMTCGCGANR_UNKNOWN,TMTCGCGANR_UNKNOWN]
[MIR3170,MIR3170] was killed by [MIR12129,MIR12129]
[MIR8089,MIR8089] was killed by [MIR3925_3P,MIR3925_3P]
[MIR219B_5P,MIR219B_5P] was killed by [MXD1_TARGET_GENES,MXD1_TARGET_GENES]
[MIR2909,MIR2909] was killed by [MIR302D_5P,MIR302D_5P]
[MIR8079,MIR8079] was killed by [RORA2_01,RORA2_01]
[MIR3085_5P,MIR3085_5P] was killed by [MIR302D_5P,MIR302D_5P]
[MIR378G,MIR378G] was killed by [MIR302D_5P,MIR302D_5P]
[MIR7155_5P,MIR7155_5P] was killed by [MIR7160_5P,MIR7160_5P]
[MIR4653_3P,MIR4653_3P] was killed by [HOXD11_TARGET_GENES,HOXD11_TARGET_GENES]
[TCCAGAG_MIR518C,TCCAGAG_MIR518C] was killed by [MIR4255,MIR4255]
[MIR6071,MIR6071] was killed by [MIR4255,MIR4255]
[GTCAACC_MIR3805P,GTCAACC_MIR3805P] was killed by [MIR4255,MIR4255]
[MIR1911_3P,MIR1911_3P] was killed by [MIR3925_3P,MIR3925_3P]
[MIR1909_5P,MIR1909_5P] was killed by [TMTCGCGANR_UNKNOWN,TMTCGCGANR_UNKNOWN]
[MIR224_5P,MIR224_5P] was killed by [SETBP1_TARGET_GENES,SETBP1_TARGET_GENES]
[MIR4445_5P,MIR4445_5P] was killed by [MIR302D_5P,MIR302D_5P]
[MIR668_3P,MIR668_3P] was killed by [SETBP1_TARGET_GENES,SETBP1_TARGET_GENES]
[UBE2I_TARGET_GENES,UBE2I_TARGET_GENES] was killed by [ZNF667_TARGET_GENES,ZNF667_TARGET_GENES]
[MIR4266,MIR4266] was killed by [MIR22_3P,MIR22_3P]
[MIR452_3P,MIR452_3P] was killed by [MIR12135,MIR12135]
[MIR7107_3P,MIR7107_3P] was killed by [MIR1249_5P,MIR1249_5P]
[MIR4300,MIR4300] was killed by [MIR219A_1_3P,MIR219A_1_3P]
[MIR4761_3P,MIR4761_3P] was killed by [MIR4255,MIR4255]
[MIR6852_3P,MIR6852_3P] was killed by [MIR4255,MIR4255]
[MIR6734_5P,MIR6734_5P] was killed by [MIR4255,MIR4255]
[MIR1321,MIR1321] was killed by [MIR1249_5P,MIR1249_5P]
[MIR517_5P,MIR517_5P] was killed by [MIR7160_5P,MIR7160_5P]
[ALX4_TARGET_GENES,ALX4_TARGET_GENES] was killed by [MIR651_5P,MIR651_5P]
[MIR3162_5P,MIR3162_5P] was killed by [MIR451B,MIR451B]
[MIR3200_5P,MIR3200_5P] was killed by [MIR4255,MIR4255]
[ADNP_TARGET_GENES,ADNP_TARGET_GENES] was killed by [ZMYM2_TARGET_GENES,ZMYM2_TARGET_GENES]
[MIR6833_5P,MIR6833_5P] was killed by [MIR4255,MIR4255]
[GTGGTGA_MIR197,GTGGTGA_MIR197] was killed by [GKCGCNNNNNNNTGAYG_UNKNOWN,GKCGCNNNNNNNTGAYG_UNKNOWN]
[MIR3976,MIR3976] was killed by [E2F_Q2,E2F_Q2]
[MIR4727_5P,MIR4727_5P] was killed by [GGAANCGGAANY_UNKNOWN,GGAANCGGAANY_UNKNOWN]
[MIR217_3P,MIR217_3P] was killed by [MIR3925_3P,MIR3925_3P]
[ACTGCAG_MIR173P,ACTGCAG_MIR173P] was killed by [MIR4255,MIR4255]
[MIR550A_3_5P_MIR550A_5P,MIR550A_3_5P_MIR550A_5P] was killed by [MIR7160_5P,MIR7160_5P]
[MIR6806_5P,MIR6806_5P] was killed by [MIR12135,MIR12135]
[MIR585_5P,MIR585_5P] was killed by [MIR12129,MIR12129]
[MIR6882_3P,MIR6882_3P] was killed by [MIR4257,MIR4257]
[MIR7844_5P,MIR7844_5P] was killed by [MIR4255,MIR4255]
[MIR6847_5P,MIR6847_5P] was killed by [MIR4257,MIR4257]
[MIR6823_3P,MIR6823_3P] was killed by [MIR12135,MIR12135]
[MIR6500_3P,MIR6500_3P] was killed by [MIR3925_3P,MIR3925_3P]
[MIR30C_1_3P,MIR30C_1_3P] was killed by [GAGCTGG_MIR337,GAGCTGG_MIR337]
[MIR4776_5P,MIR4776_5P] was killed by [MIR7160_5P,MIR7160_5P]
[MIR4791,MIR4791] was killed by [MIR12129,MIR12129]
[AP2REP_01,AP2REP_01] was killed by [SGCGSSAAA_E2F1DP2_01,SGCGSSAAA_E2F1DP2_01]
[PAX6_01,PAX6_01] was killed by [GAGCTGG_MIR337,GAGCTGG_MIR337]
[MIR6779_3P,MIR6779_3P] was killed by [MIR12129,MIR12129]
[CCCAGAG_MIR326,CCCAGAG_MIR326] was killed by [GAGCTGG_MIR337,GAGCTGG_MIR337]
[WWTAAGGC_UNKNOWN,WWTAAGGC_UNKNOWN] was killed by [MIR520A_5P,MIR520A_5P]
[MIR8062,MIR8062] was killed by [MIR4255,MIR4255]
[MIR4761_5P,MIR4761_5P] was killed by [MIR593_5P,MIR593_5P]
[MIR1246,MIR1246] was killed by [MIR12129,MIR12129]
[MIR208A_3P,MIR208A_3P] was killed by [MIR302D_5P,MIR302D_5P]
[MIR875_5P,MIR875_5P] was killed by [MIR4255,MIR4255]
[MIR4301,MIR4301] was killed by [MXD1_TARGET_GENES,MXD1_TARGET_GENES]
[ATGTCAC_MIR489,ATGTCAC_MIR489] was killed by [GCGNNANTTCC_UNKNOWN,GCGNNANTTCC_UNKNOWN]
[MIR4536_3P,MIR4536_3P] was killed by [GAGCTGG_MIR337,GAGCTGG_MIR337]
[MIR6848_5P,MIR6848_5P] was killed by [MIR7160_5P,MIR7160_5P]
[MIR4647_MIR4662B,MIR4647_MIR4662B] was killed by [MIR4257,MIR4257]
[MIR1229_5P,MIR1229_5P] was killed by [ZBTB5_TARGET_GENES,ZBTB5_TARGET_GENES]
[TAGAACC_MIR182,TAGAACC_MIR182] was killed by [GKCGCNNNNNNNTGAYG_UNKNOWN,GKCGCNNNNNNNTGAYG_UNKNOWN]
[MIR4726_5P,MIR4726_5P] was killed by [MIR1249_5P,MIR1249_5P]
[MIR6742_3P,MIR6742_3P] was killed by [MIR7160_5P,MIR7160_5P]
[MIR4529_5P,MIR4529_5P] was killed by [MIR1249_5P,MIR1249_5P]
[MIR6165,MIR6165] was killed by [MIR7160_5P,MIR7160_5P]
[MIR23A_5P,MIR23A_5P] was killed by [MIR219A_1_3P,MIR219A_1_3P]
[MIR5004_3P,MIR5004_3P] was killed by [MIR4255,MIR4255]
[CDP_02,CDP_02] was killed by [SGCGSSAAA_E2F1DP2_01,SGCGSSAAA_E2F1DP2_01]
[MIR4756_5P,MIR4756_5P] was killed by [GAGCTGG_MIR337,GAGCTGG_MIR337]
[MIR5197_3P,MIR5197_3P] was killed by [MIR22_3P,MIR22_3P]
[MIR4305,MIR4305] was killed by [MIR22_3P,MIR22_3P]
[MIR6795_5P,MIR6795_5P] was killed by [MIR3925_3P,MIR3925_3P]
[MIR3668,MIR3668] was killed by [MIR7160_5P,MIR7160_5P]
[CCAWNWWNNNGGC_UNKNOWN,CCAWNWWNNNGGC_UNKNOWN] was killed by [TMTCGCGANR_UNKNOWN,TMTCGCGANR_UNKNOWN]
[MIR3944_5P,MIR3944_5P] was killed by [TMTCGCGANR_UNKNOWN,TMTCGCGANR_UNKNOWN]
[MIR1248,MIR1248] was killed by [MIR7161_5P,MIR7161_5P]
[MIR4640_5P,MIR4640_5P] was killed by [MIR7160_5P,MIR7160_5P]
[MIR589_5P,MIR589_5P] was killed by [MIR506_5P,MIR506_5P]
[MIR6852_5P,MIR6852_5P] was killed by [GAGCTGG_MIR337,GAGCTGG_MIR337]
[MIR216B_5P,MIR216B_5P] was killed by [SREBP1_01,SREBP1_01]
[MIR8077,MIR8077] was killed by [MIR3925_3P,MIR3925_3P]
[MIR2276_5P,MIR2276_5P] was killed by [GAGCTGG_MIR337,GAGCTGG_MIR337]
[MIR6782_3P,MIR6782_3P] was killed by [MIR7160_5P,MIR7160_5P]
[MIR4469,MIR4469] was killed by [SGCGSSAAA_E2F1DP2_01,SGCGSSAAA_E2F1DP2_01]
[KTGGYRSGAA_UNKNOWN,KTGGYRSGAA_UNKNOWN] was killed by [TMTCGCGANR_UNKNOWN,TMTCGCGANR_UNKNOWN]
[CAVIN1_TARGET_GENES,CAVIN1_TARGET_GENES] was killed by [E2F_Q2,E2F_Q2]
[MIR6735_5P,MIR6735_5P] was killed by [GAGCTGG_MIR337,GAGCTGG_MIR337]
[MIR455_5P,MIR455_5P] was killed by [MIR4255,MIR4255]
[MIR603,MIR603] was killed by [MIR4255,MIR4255]
[ZNF34_TARGET_GENES,ZNF34_TARGET_GENES] was killed by [ZNF667_TARGET_GENES,ZNF667_TARGET_GENES]
[MIR6750_3P,MIR6750_3P] was killed by [MIR4257,MIR4257]
[MIR3925_5P,MIR3925_5P] was killed by [TMTCGCGANR_UNKNOWN,TMTCGCGANR_UNKNOWN]
[MIR4662A_5P,MIR4662A_5P] was killed by [MIR12129,MIR12129]
[TCTGATC_MIR383,TCTGATC_MIR383] was killed by [MIR4257,MIR4257]
[MIR676_3P,MIR676_3P] was killed by [GGAANCGGAANY_UNKNOWN,GGAANCGGAANY_UNKNOWN]
[THRA_TARGET_GENES,THRA_TARGET_GENES] was killed by [SETBP1_TARGET_GENES,SETBP1_TARGET_GENES]
[MIR6504_5P,MIR6504_5P] was killed by [E2F_Q2,E2F_Q2]
[MIR212_5P,MIR212_5P] was killed by [MIR4257,MIR4257]
[MIR4518,MIR4518] was killed by [MIR520A_5P,MIR520A_5P]
[EN1_01,EN1_01] was killed by [MIR4257,MIR4257]
[MIR6807_5P,MIR6807_5P] was killed by [MIR4257,MIR4257]
[MIR592,MIR592] was killed by [MIR22_3P,MIR22_3P]
[MIR4724_3P,MIR4724_3P] was killed by [SGCGSSAAA_E2F1DP2_01,SGCGSSAAA_E2F1DP2_01]
[MIR3184_5P,MIR3184_5P] was killed by [SREBP1_01,SREBP1_01]
[MIR6887_5P,MIR6887_5P] was killed by [MIR3925_3P,MIR3925_3P]
[MIR5587_5P,MIR5587_5P] was killed by [MIR302D_5P,MIR302D_5P]
[MIR6788_5P,MIR6788_5P] was killed by [MIR7160_5P,MIR7160_5P]
[ZMYND11_TARGET_GENES,ZMYND11_TARGET_GENES] was killed by [GTF3A_TARGET_GENES,GTF3A_TARGET_GENES]
[GAGCCAG_MIR149,GAGCCAG_MIR149] was killed by [SGCGSSAAA_E2F1DP2_01,SGCGSSAAA_E2F1DP2_01]
[MIR5000_5P,MIR5000_5P] was killed by [MIR4257,MIR4257]
[MIR4682,MIR4682] was killed by [MIR4255,MIR4255]
[MIR4326,MIR4326] was killed by [MIR12129,MIR12129]
[MIR4714_5P,MIR4714_5P] was killed by [MIR3925_3P,MIR3925_3P]
[MIR6890_3P,MIR6890_3P] was killed by [MIR7160_5P,MIR7160_5P]
[MIR4514,MIR4514] was killed by [GAGCTGG_MIR337,GAGCTGG_MIR337]
[MIR3928_3P,MIR3928_3P] was killed by [MIR3925_3P,MIR3925_3P]
[MIR558,MIR558] was killed by [MIR4255,MIR4255]
[AAGGGAT_MIR188,AAGGGAT_MIR188] was killed by [MIR4255,MIR4255]
[MIR6864_5P,MIR6864_5P] was killed by [SREBP1_01,SREBP1_01]
[MIR10398_5P,MIR10398_5P] was killed by [TMTCGCGANR_UNKNOWN,TMTCGCGANR_UNKNOWN]
[MIR4435,MIR4435] was killed by [MIR619_5P,MIR619_5P]
[MIR6884_5P,MIR6884_5P] was killed by [ZBTB5_TARGET_GENES,ZBTB5_TARGET_GENES]
[MIR3159,MIR3159] was killed by [MIR4255,MIR4255]
[MIR3922_5P,MIR3922_5P] was killed by [GGAANCGGAANY_UNKNOWN,GGAANCGGAANY_UNKNOWN]
[MIR937_5P,MIR937_5P] was killed by [MIR302D_5P,MIR302D_5P]
[MIR4274,MIR4274] was killed by [SGCGSSAAA_E2F1DP2_01,SGCGSSAAA_E2F1DP2_01]
[MIR4660,MIR4660] was killed by [MIR22_3P,MIR22_3P]
[MIR4635,MIR4635] was killed by [TMTCGCGANR_UNKNOWN,TMTCGCGANR_UNKNOWN]
[MIR3660,MIR3660] was killed by [MIR7160_5P,MIR7160_5P]
[MIR6832_5P,MIR6832_5P] was killed by [SREBP1_01,SREBP1_01]
[MIR4693_5P,MIR4693_5P] was killed by [MIR4255,MIR4255]
[MIR6072,MIR6072] was killed by [E2F_Q2,E2F_Q2]
[GCTCTTG_MIR335,GCTCTTG_MIR335] was killed by [MIR4257,MIR4257]
[MIR500B_3P,MIR500B_3P] was killed by [MIR4255,MIR4255]
[MIR485_5P,MIR485_5P] was killed by [ZBTB5_TARGET_GENES,ZBTB5_TARGET_GENES]
[ATAACCT_MIR154,ATAACCT_MIR154] was killed by [TMTCGCGANR_UNKNOWN,TMTCGCGANR_UNKNOWN]
[YRTCANNRCGC_UNKNOWN,YRTCANNRCGC_UNKNOWN] was killed by [E2F_Q2,E2F_Q2]
[AACTGAC_MIR223,AACTGAC_MIR223] was killed by [MIR3925_3P,MIR3925_3P]
[MIR216A_5P,MIR216A_5P] was killed by [MIR4255,MIR4255]
[MIR4794,MIR4794] was killed by [GAGCTGG_MIR337,GAGCTGG_MIR337]
[CTCCAAG_MIR432,CTCCAAG_MIR432] was killed by [SGCGSSAAA_E2F1DP2_01,SGCGSSAAA_E2F1DP2_01]
[MIR219A_2_3P,MIR219A_2_3P] was killed by [MIR3925_3P,MIR3925_3P]
[MIR6759_3P,MIR6759_3P] was killed by [GAGCTGG_MIR337,GAGCTGG_MIR337]
[MIR532_3P,MIR532_3P] was killed by [SGCGSSAAA_E2F1DP2_01,SGCGSSAAA_E2F1DP2_01]
[MIR8082,MIR8082] was killed by [MIR302D_5P,MIR302D_5P]
[MIR1976,MIR1976] was killed by [MIR520A_5P,MIR520A_5P]
[MIR1260A_MIR1260B,MIR1260A_MIR1260B] was killed by [MIR3925_3P,MIR3925_3P]
[ZFP28_TARGET_GENES,ZFP28_TARGET_GENES] was killed by [GTF3A_TARGET_GENES,GTF3A_TARGET_GENES]
[MIR1233_3P,MIR1233_3P] was killed by [MIR1249_5P,MIR1249_5P]
[MIR1228_3P,MIR1228_3P] was killed by [MIR3925_3P,MIR3925_3P]
[MIR18A_3P,MIR18A_3P] was killed by [MIR4257,MIR4257]
[MIR12118,MIR12118] was killed by [MIR7160_5P,MIR7160_5P]
[PPARG_01,PPARG_01] was killed by [MIR4484,MIR4484]
[MIR6780A_3P,MIR6780A_3P] was killed by [GCGNNANTTCC_UNKNOWN,GCGNNANTTCC_UNKNOWN]
[MIR5571_3P,MIR5571_3P] was killed by [MIR3925_3P,MIR3925_3P]
[MIR6749_3P,MIR6749_3P] was killed by [GAGCTGG_MIR337,GAGCTGG_MIR337]
[MIR3659,MIR3659] was killed by [GKCGCNNNNNNNTGAYG_UNKNOWN,GKCGCNNNNNNNTGAYG_UNKNOWN]
[MIR9986,MIR9986] was killed by [E2F_Q2,E2F_Q2]
[MIR3154,MIR3154] was killed by [MIR4255,MIR4255]
[MIR17_3P,MIR17_3P] was killed by [ZBTB5_TARGET_GENES,ZBTB5_TARGET_GENES]
[MIR122_5P,MIR122_5P] was killed by [MIR12135,MIR12135]
[MIR708_3P,MIR708_3P] was killed by [MIR4255,MIR4255]
[AAANWWTGC_UNKNOWN,AAANWWTGC_UNKNOWN] was killed by [SGCGSSAAA_E2F1DP2_01,SGCGSSAAA_E2F1DP2_01]
[MIR4699_5P,MIR4699_5P] was killed by [MIR7160_5P,MIR7160_5P]
[CRGAARNNNNCGA_UNKNOWN,CRGAARNNNNCGA_UNKNOWN] was killed by [GGAANCGGAANY_UNKNOWN,GGAANCGGAANY_UNKNOWN]
[STAT5A_02,STAT5A_02] was killed by [TMTCGCGANR_UNKNOWN,TMTCGCGANR_UNKNOWN]
[MIR889_5P,MIR889_5P] was killed by [MIR4255,MIR4255]
[MIR125A_3P,MIR125A_3P] was killed by [MIR4255,MIR4255]
[MIR8070,MIR8070] was killed by [MIR4255,MIR4255]
[MIR4253,MIR4253] was killed by [MIR7109_5P,MIR7109_5P]
[MIR6811_5P,MIR6811_5P] was killed by [MIR3925_3P,MIR3925_3P]
[MIR516B_5P,MIR516B_5P] was killed by [MIR302D_5P,MIR302D_5P]
[MIR6848_3P,MIR6848_3P] was killed by [MIR4255,MIR4255]
[MIR6511A_3P_MIR6511B_3P,MIR6511A_3P_MIR6511B_3P] was killed by [MIR3925_3P,MIR3925_3P]
[MIR7843_3P,MIR7843_3P] was killed by [MIR4255,MIR4255]
[MIR612,MIR612] was killed by [MIR7160_5P,MIR7160_5P]
[MIR3691_3P,MIR3691_3P] was killed by [MIR4255,MIR4255]
[MIR103A_1_5P,MIR103A_1_5P] was killed by [SGCGSSAAA_E2F1DP2_01,SGCGSSAAA_E2F1DP2_01]
[MIR3166,MIR3166] was killed by [MIR7160_5P,MIR7160_5P]
[MIR6804_5P,MIR6804_5P] was killed by [MIR7161_5P,MIR7161_5P]
[MIR4720_3P,MIR4720_3P] was killed by [MIR4257,MIR4257]
[PAX8_TARGET_GENES,PAX8_TARGET_GENES] was killed by [SREBP1_01,SREBP1_01]
[MIR7155_3P,MIR7155_3P] was killed by [TMTCGCGANR_UNKNOWN,TMTCGCGANR_UNKNOWN]
[MIR6820_3P,MIR6820_3P] was killed by [MIR4255,MIR4255]
[MIR1229_3P,MIR1229_3P] was killed by [MIR3925_3P,MIR3925_3P]
[MIR7106_3P,MIR7106_3P] was killed by [MIR7150,MIR7150]
[AR_01,AR_01] was killed by [MIR506_5P,MIR506_5P]
[MIR2116_5P,MIR2116_5P] was killed by [MIR4255,MIR4255]
[TCOF1_TARGET_GENES,TCOF1_TARGET_GENES] was killed by [SETBP1_TARGET_GENES,SETBP1_TARGET_GENES]
[MIR9718,MIR9718] was killed by [MIR3925_3P,MIR3925_3P]
[ZNF16_TARGET_GENES,ZNF16_TARGET_GENES] was killed by [MCM3_TARGET_GENES,MCM3_TARGET_GENES]
[MIR26B_3P,MIR26B_3P] was killed by [MIR3925_3P,MIR3925_3P]
[MIR486_5P,MIR486_5P] was killed by [SGCGSSAAA_E2F1DP2_01,SGCGSSAAA_E2F1DP2_01]
[MIR4772_5P,MIR4772_5P] was killed by [MIR4255,MIR4255]
[MIR4685_3P,MIR4685_3P] was killed by [MIR4255,MIR4255]
[AGTCTTA_MIR499,AGTCTTA_MIR499] was killed by [MIR3925_3P,MIR3925_3P]
[MIR4716_3P,MIR4716_3P] was killed by [TMTCGCGANR_UNKNOWN,TMTCGCGANR_UNKNOWN]
[MIR208B_3P,MIR208B_3P] was killed by [MIR302D_5P,MIR302D_5P]
[MIR194_3P,MIR194_3P] was killed by [MIR4718,MIR4718]
[PTPRA_TARGET_GENES,PTPRA_TARGET_GENES] was killed by [GGAANCGGAANY_UNKNOWN,GGAANCGGAANY_UNKNOWN]
[MIR152_5P,MIR152_5P] was killed by [MIR4257,MIR4257]
[MIR8080,MIR8080] was killed by [MIR4255,MIR4255]
[MIR4714_3P,MIR4714_3P] was killed by [MIR4255,MIR4255]
[MIR1225_3P,MIR1225_3P] was killed by [MIR1249_5P,MIR1249_5P]
[MIR3682_5P,MIR3682_5P] was killed by [MIR4255,MIR4255]
[MIR4665_5P,MIR4665_5P] was killed by [MIR22_3P,MIR22_3P]
[MIR5089_3P,MIR5089_3P] was killed by [MIR4255,MIR4255]
[MIR887_5P,MIR887_5P] was killed by [MIR1249_5P,MIR1249_5P]
[MIR1224_5P,MIR1224_5P] was killed by [MIR3925_3P,MIR3925_3P]
[MIR4739,MIR4739] was killed by [GAGCTGG_MIR337,GAGCTGG_MIR337]
[MIR4526,MIR4526] was killed by [MIR7160_5P,MIR7160_5P]
[MIR4695_5P,MIR4695_5P] was killed by [SGCGSSAAA_E2F1DP2_01,SGCGSSAAA_E2F1DP2_01]
[MIR4769_3P,MIR4769_3P] was killed by [MIR22_3P,MIR22_3P]
[AGGCACT_MIR5153P,AGGCACT_MIR5153P] was killed by [TMTCGCGANR_UNKNOWN,TMTCGCGANR_UNKNOWN]
[MIR4769_5P,MIR4769_5P] was killed by [MIR7160_5P,MIR7160_5P]
[MIR508_5P,MIR508_5P] was killed by [MIR3925_3P,MIR3925_3P]
[HMEF2_Q6,HMEF2_Q6] was killed by [RORA2_01,RORA2_01]
[MIR149_5P,MIR149_5P] was killed by [MIR3925_3P,MIR3925_3P]
[MIR3128,MIR3128] was killed by [MIR22_3P,MIR22_3P]
[MIR595,MIR595] was killed by [MIR4255,MIR4255]
[MIR3136_3P,MIR3136_3P] was killed by [GAGCTGG_MIR337,GAGCTGG_MIR337]
[MIR6775_3P,MIR6775_3P] was killed by [MIR7160_5P,MIR7160_5P]
[MIR4733_5P,MIR4733_5P] was killed by [MIR4257,MIR4257]
[MIR4686,MIR4686] was killed by [GKCGCNNNNNNNTGAYG_UNKNOWN,GKCGCNNNNNNNTGAYG_UNKNOWN]
[MIR4260,MIR4260] was killed by [HOXD11_TARGET_GENES,HOXD11_TARGET_GENES]
[RYTGCNWTGGNR_UNKNOWN,RYTGCNWTGGNR_UNKNOWN] was killed by [SGCGSSAAA_E2F1DP2_01,SGCGSSAAA_E2F1DP2_01]
[MIR6879_5P,MIR6879_5P] was killed by [GAGCTGG_MIR337,GAGCTGG_MIR337]
[MIR802,MIR802] was killed by [TMTCGCGANR_UNKNOWN,TMTCGCGANR_UNKNOWN]
[MIR526B_5P,MIR526B_5P] was killed by [MIR4257,MIR4257]
[TACAATC_MIR508,TACAATC_MIR508] was killed by [E2F_Q2,E2F_Q2]
[MIR6798_5P,MIR6798_5P] was killed by [MIR1249_5P,MIR1249_5P]
[MIR4287,MIR4287] was killed by [MIR4255,MIR4255]
[MIR500A_3P,MIR500A_3P] was killed by [MIR4255,MIR4255]
[MIR4693_3P,MIR4693_3P] was killed by [MIR22_3P,MIR22_3P]
[MIR4641,MIR4641] was killed by [MIR3925_3P,MIR3925_3P]
[MIR20B_3P,MIR20B_3P] was killed by [MIR302D_5P,MIR302D_5P]
[MIR1227_3P,MIR1227_3P] was killed by [MIR12135,MIR12135]
[MIR582_3P,MIR582_3P] was killed by [MIR7160_5P,MIR7160_5P]
[MIR4695_3P,MIR4695_3P] was killed by [MIR4255,MIR4255]
[MIR301B_5P,MIR301B_5P] was killed by [MIR12129,MIR12129]
[MIR331_5P,MIR331_5P] was killed by [MIR4255,MIR4255]
[XBP1_01,XBP1_01] was killed by [TMTCGCGANR_UNKNOWN,TMTCGCGANR_UNKNOWN]
[MIR4659A_5P,MIR4659A_5P] was killed by [MIR4255,MIR4255]
[MIR4270,MIR4270] was killed by [MIR7160_5P,MIR7160_5P]
[AR_02,AR_02] was killed by [MIR506_5P,MIR506_5P]
[MIR628_5P,MIR628_5P] was killed by [MIR7160_5P,MIR7160_5P]
[MIR103A_2_5P,MIR103A_2_5P] was killed by [SGCGSSAAA_E2F1DP2_01,SGCGSSAAA_E2F1DP2_01]
[MIR10526_3P,MIR10526_3P] was killed by [MIR4257,MIR4257]
[MIR6838_3P,MIR6838_3P] was killed by [MIR4255,MIR4255]
[FOXJ2_01,FOXJ2_01] was killed by [MIR4255,MIR4255]
[MIR4650_5P,MIR4650_5P] was killed by [MIR4255,MIR4255]
[MIR4752,MIR4752] was killed by [MIR4255,MIR4255]
[MIR4456,MIR4456] was killed by [GAGCTGG_MIR337,GAGCTGG_MIR337]
[MIR6843_3P,MIR6843_3P] was killed by [MIR4255,MIR4255]
[MIR3929,MIR3929] was killed by [SETBP1_TARGET_GENES,SETBP1_TARGET_GENES]
[MIR6778_5P,MIR6778_5P] was killed by [MIR4255,MIR4255]
[MIR1910_5P,MIR1910_5P] was killed by [ZNF667_TARGET_GENES,ZNF667_TARGET_GENES]
[MIR196A_5P_MIR196B_5P,MIR196A_5P_MIR196B_5P] was killed by [MIR4255,MIR4255]
[MIR3144_5P,MIR3144_5P] was killed by [GAGCTGG_MIR337,GAGCTGG_MIR337]
[MIR6862_5P,MIR6862_5P] was killed by [MIR7109_5P,MIR7109_5P]
[ATGTTTC_MIR494,ATGTTTC_MIR494] was killed by [TMTCGCGANR_UNKNOWN,TMTCGCGANR_UNKNOWN]
[CACGTTT_MIR302A,CACGTTT_MIR302A] was killed by [MIR651_5P,MIR651_5P]
[MIR6817_5P,MIR6817_5P] was killed by [MIR22_3P,MIR22_3P]
[MIR6823_5P,MIR6823_5P] was killed by [MIR302D_5P,MIR302D_5P]
[YTTCCNNNGGAMR_UNKNOWN,YTTCCNNNGGAMR_UNKNOWN] was killed by [MIR4255,MIR4255]
[MIR3974,MIR3974] was killed by [MIR4255,MIR4255]
[MIR12128,MIR12128] was killed by [MIR4255,MIR4255]
[ZNF502_TARGET_GENES,ZNF502_TARGET_GENES] was killed by [GTF3A_TARGET_GENES,GTF3A_TARGET_GENES]
[MIR329_3P,MIR329_3P] was killed by [MIR4255,MIR4255]
[MIR375_3P,MIR375_3P] was killed by [TMTCGCGANR_UNKNOWN,TMTCGCGANR_UNKNOWN]
[MIR3164,MIR3164] was killed by [MIR4255,MIR4255]
[MIR216B_3P,MIR216B_3P] was killed by [TMTCGCGANR_UNKNOWN,TMTCGCGANR_UNKNOWN]
[MIR5087,MIR5087] was killed by [MIR4255,MIR4255]
[MIR6758_5P,MIR6758_5P] was killed by [MIR7160_5P,MIR7160_5P]
[YAATNRNNNYNATT_UNKNOWN,YAATNRNNNYNATT_UNKNOWN] was killed by [SREBP1_01,SREBP1_01]
[GTGCAAA_MIR507,GTGCAAA_MIR507] was killed by [MIR3925_3P,MIR3925_3P]
[MIR634,MIR634] was killed by [SETBP1_TARGET_GENES,SETBP1_TARGET_GENES]
[MIR562,MIR562] was killed by [MIR12135,MIR12135]
[YGTCCTTGR_UNKNOWN,YGTCCTTGR_UNKNOWN] was killed by [GCGNNANTTCC_UNKNOWN,GCGNNANTTCC_UNKNOWN]
[MIR12113,MIR12113] was killed by [MIR651_5P,MIR651_5P]
[MIR1294,MIR1294] was killed by [MIR4255,MIR4255]
[MIR6876_3P,MIR6876_3P] was killed by [MIR3925_3P,MIR3925_3P]
[MIR3613_5P,MIR3613_5P] was killed by [MIR593_5P,MIR593_5P]
[MIR6734_3P,MIR6734_3P] was killed by [MIR3925_3P,MIR3925_3P]
[MIR6781_3P,MIR6781_3P] was killed by [MIR7160_5P,MIR7160_5P]
[MIR6511B_5P,MIR6511B_5P] was killed by [MIR3925_3P,MIR3925_3P]
[MIR7111_3P,MIR7111_3P] was killed by [MIR7160_5P,MIR7160_5P]
[MIR4707_5P,MIR4707_5P] was killed by [MIR3146,MIR3146]
[MIR4288,MIR4288] was killed by [MIR3925_3P,MIR3925_3P]
[MIR6891_3P,MIR6891_3P] was killed by [E2F_Q2,E2F_Q2]
[NRSF_01,NRSF_01] was killed by [SGCGSSAAA_E2F1DP2_01,SGCGSSAAA_E2F1DP2_01]
[MIR6837_3P,MIR6837_3P] was killed by [MIR4255,MIR4255]
[CTR9_TARGET_GENES,CTR9_TARGET_GENES] was killed by [MIR193A_3P_MIR193B_3P,MIR193A_3P_MIR193B_3P]
[LXR_DR4_Q3,LXR_DR4_Q3] was killed by [GCGNNANTTCC_UNKNOWN,GCGNNANTTCC_UNKNOWN]
[YWATTWNNRGCT_UNKNOWN,YWATTWNNRGCT_UNKNOWN] was killed by [GAGCTGG_MIR337,GAGCTGG_MIR337]
[MIR6828_3P,MIR6828_3P] was killed by [MIR302D_5P,MIR302D_5P]
[SMARCA1_TARGET_GENES,SMARCA1_TARGET_GENES] was killed by [ZBTB5_TARGET_GENES,ZBTB5_TARGET_GENES]
[ATCTTGC_MIR31,ATCTTGC_MIR31] was killed by [SGCGSSAAA_E2F1DP2_01,SGCGSSAAA_E2F1DP2_01]
[MIR2355_5P,MIR2355_5P] was killed by [SETBP1_TARGET_GENES,SETBP1_TARGET_GENES]
[AACGGTT_MIR451,AACGGTT_MIR451] was killed by [SGCGSSAAA_E2F1DP2_01,SGCGSSAAA_E2F1DP2_01]
[PAF1_TARGET_GENES,PAF1_TARGET_GENES] was killed by [SETBP1_TARGET_GENES,SETBP1_TARGET_GENES]
[MIR8065,MIR8065] was killed by [SGCGSSAAA_E2F1DP2_01,SGCGSSAAA_E2F1DP2_01]
[MIR192_5P,MIR192_5P] was killed by [MIR12135,MIR12135]
[MIR6895_3P,MIR6895_3P] was killed by [MIR4257,MIR4257]
[MIR4678,MIR4678] was killed by [MIR4255,MIR4255]
[GCTGAGT_MIR5125P,GCTGAGT_MIR5125P] was killed by [SGCGSSAAA_E2F1DP2_01,SGCGSSAAA_E2F1DP2_01]
[MIR3167,MIR3167] was killed by [MIR4255,MIR4255]
[MIR93_3P,MIR93_3P] was killed by [GAGCTGG_MIR337,GAGCTGG_MIR337]
[MIR362_3P,MIR362_3P] was killed by [MIR4255,MIR4255]
[MIR6845_3P,MIR6845_3P] was killed by [MIR4255,MIR4255]
[MIR6856_5P,MIR6856_5P] was killed by [MIR7160_5P,MIR7160_5P]
[MIR1287_5P,MIR1287_5P] was killed by [MIR7160_5P,MIR7160_5P]
[MIR6810_3P,MIR6810_3P] was killed by [MIR302D_5P,MIR302D_5P]
[MEIS1BHOXA9_01,MEIS1BHOXA9_01] was killed by [SREBP1_01,SREBP1_01]
[MIR6738_3P,MIR6738_3P] was killed by [MIR3925_3P,MIR3925_3P]
[MIR361_3P,MIR361_3P] was killed by [MIR506_5P,MIR506_5P]
[MIR4793_3P,MIR4793_3P] was killed by [MIR302D_5P,MIR302D_5P]
[MIR3928_5P,MIR3928_5P] was killed by [MIR7161_5P,MIR7161_5P]
[MIR891A_3P,MIR891A_3P] was killed by [MIR4257,MIR4257]
[MIR4667_3P,MIR4667_3P] was killed by [GAGCTGG_MIR337,GAGCTGG_MIR337]
[MIR1185_5P,MIR1185_5P] was killed by [MIR3679_5P,MIR3679_5P]
[MIR147A,MIR147A] was killed by [MIR4255,MIR4255]
[MIR550B_3P,MIR550B_3P] was killed by [MIR4255,MIR4255]
[MIR6747_5P,MIR6747_5P] was killed by [SGCGSSAAA_E2F1DP2_01,SGCGSSAAA_E2F1DP2_01]
[PSIP1_TARGET_GENES,PSIP1_TARGET_GENES] was killed by [MIR520A_5P,MIR520A_5P]
[MIR2861,MIR2861] was killed by [GAGCTGG_MIR337,GAGCTGG_MIR337]
[MIR652_5P,MIR652_5P] was killed by [MIR4760_5P,MIR4760_5P]
[HEY2_TARGET_GENES,HEY2_TARGET_GENES] was killed by [TMTCGCGANR_UNKNOWN,TMTCGCGANR_UNKNOWN]
[MIR301A_5P,MIR301A_5P] was killed by [MIR12129,MIR12129]
[MIR4802_3P,MIR4802_3P] was killed by [MIR3925_3P,MIR3925_3P]
[MIR5192,MIR5192] was killed by [SETBP1_TARGET_GENES,SETBP1_TARGET_GENES]
[AATGGAG_MIR136,AATGGAG_MIR136] was killed by [SGCGSSAAA_E2F1DP2_01,SGCGSSAAA_E2F1DP2_01]
[MIR4299,MIR4299] was killed by [GAGCTGG_MIR337,GAGCTGG_MIR337]
[MIR4433A_5P,MIR4433A_5P] was killed by [MXD1_TARGET_GENES,MXD1_TARGET_GENES]
[MIR6726_5P,MIR6726_5P] was killed by [MIR219A_1_3P,MIR219A_1_3P]
[MIR4455,MIR4455] was killed by [MIR1249_5P,MIR1249_5P]
[MIR555,MIR555] was killed by [MIR7161_5P,MIR7161_5P]
[MIR7108_5P,MIR7108_5P] was killed by [GCGNNANTTCC_UNKNOWN,GCGNNANTTCC_UNKNOWN]
[MIR6892_3P,MIR6892_3P] was killed by [MIR4255,MIR4255]
[MIR6761_5P,MIR6761_5P] was killed by [MIR4255,MIR4255]
[MIR4522,MIR4522] was killed by [MIR12135,MIR12135]
[MIR4502,MIR4502] was killed by [MIR3925_3P,MIR3925_3P]
[ZNF582_TARGET_GENES,ZNF582_TARGET_GENES] was killed by [GTF3A_TARGET_GENES,GTF3A_TARGET_GENES]
[MIR411_5P,MIR411_5P] was killed by [MIR4255,MIR4255]
[MIR4639_3P,MIR4639_3P] was killed by [E2F_Q2,E2F_Q2]
[MIR4694_5P,MIR4694_5P] was killed by [TMTCGCGANR_UNKNOWN,TMTCGCGANR_UNKNOWN]
[MIR378E,MIR378E] was killed by [MIR651_5P,MIR651_5P]
[MIR378A_3P_MIR378C_MIR378D_MIR378I,MIR378A_3P_MIR378C_MIR378D_MIR378I] was killed by [MIR651_5P,MIR651_5P]
[MSX2_TARGET_GENES,MSX2_TARGET_GENES] was killed by [MXD1_TARGET_GENES,MXD1_TARGET_GENES]
[MIR1233_5P,MIR1233_5P] was killed by [MIR4255,MIR4255]
[MIR130B_5P,MIR130B_5P] was killed by [MIR4255,MIR4255]
[MIR449B_3P,MIR449B_3P] was killed by [GAGCTGG_MIR337,GAGCTGG_MIR337]
[MIR6813_3P,MIR6813_3P] was killed by [MIR7160_5P,MIR7160_5P]
[MIR370_5P,MIR370_5P] was killed by [SGCGSSAAA_E2F1DP2_01,SGCGSSAAA_E2F1DP2_01]
[MIR215_5P,MIR215_5P] was killed by [MIR12135,MIR12135]
[MIR4450,MIR4450] was killed by [MIR4255,MIR4255]
[ZNF165_TARGET_GENES,ZNF165_TARGET_GENES] was killed by [MXD1_TARGET_GENES,MXD1_TARGET_GENES]
[TCTGATA_MIR361,TCTGATA_MIR361] was killed by [MIR4257,MIR4257]
[MIR581,MIR581] was killed by [MIR3925_3P,MIR3925_3P]
[MIR4662A_3P,MIR4662A_3P] was killed by [MIR7160_5P,MIR7160_5P]
[MIR4529_3P,MIR4529_3P] was killed by [MIR22_3P,MIR22_3P]
[MIR6894_3P,MIR6894_3P] was killed by [MIR4255,MIR4255]
[MIR3144_3P,MIR3144_3P] was killed by [MIR12129,MIR12129]
[MIR3678_5P,MIR3678_5P] was killed by [ZNF704_TARGET_GENES,ZNF704_TARGET_GENES]
[MIR1245A,MIR1245A] was killed by [MIR4255,MIR4255]
[MIR6741_5P,MIR6741_5P] was killed by [MIR520A_5P,MIR520A_5P]
[MIR574_5P,MIR574_5P] was killed by [MIR7160_5P,MIR7160_5P]
[MIR4439,MIR4439] was killed by [MXD1_TARGET_GENES,MXD1_TARGET_GENES]
[MIR4677_3P,MIR4677_3P] was killed by [MIR12129,MIR12129]
[MIR6892_5P,MIR6892_5P] was killed by [MIR3925_3P,MIR3925_3P]
[ZFP82_TARGET_GENES,ZFP82_TARGET_GENES] was killed by [GTF3A_TARGET_GENES,GTF3A_TARGET_GENES]
[GGCKCATGS_UNKNOWN,GGCKCATGS_UNKNOWN] was killed by [SGCGSSAAA_E2F1DP2_01,SGCGSSAAA_E2F1DP2_01]
[ATGCTGG_MIR338,ATGCTGG_MIR338] was killed by [MIR3925_3P,MIR3925_3P]
[MIR4312,MIR4312] was killed by [MIR651_5P,MIR651_5P]
[MIR3665,MIR3665] was killed by [MIR4255,MIR4255]
[MIR3136_5P,MIR3136_5P] was killed by [MXD1_TARGET_GENES,MXD1_TARGET_GENES]
[MIR1182,MIR1182] was killed by [ZNF667_TARGET_GENES,ZNF667_TARGET_GENES]
[MIR378H,MIR378H] was killed by [MIR651_5P,MIR651_5P]
[MIR6755_5P,MIR6755_5P] was killed by [HOXD11_TARGET_GENES,HOXD11_TARGET_GENES]
[MIR324_3P,MIR324_3P] was killed by [SETBP1_TARGET_GENES,SETBP1_TARGET_GENES]
[MIR6836_3P,MIR6836_3P] was killed by [MIR7161_5P,MIR7161_5P]
[MIR345_5P,MIR345_5P] was killed by [MIR1249_5P,MIR1249_5P]
[MIR4474_3P,MIR4474_3P] was killed by [MIR3925_3P,MIR3925_3P]
[MIR5739,MIR5739] was killed by [MIR3925_3P,MIR3925_3P]
[MIR3157_3P,MIR3157_3P] was killed by [MIR4255,MIR4255]
[MIR874_5P,MIR874_5P] was killed by [GAGCTGG_MIR337,GAGCTGG_MIR337]
[RGTTAMWNATT_HNF1_01,RGTTAMWNATT_HNF1_01] was killed by [SQSTM1_TARGET_GENES,SQSTM1_TARGET_GENES]
[CCCACAT_MIR2993P,CCCACAT_MIR2993P] was killed by [GAGCTGG_MIR337,GAGCTGG_MIR337]
[MIR3667_5P,MIR3667_5P] was killed by [GCGNNANTTCC_UNKNOWN,GCGNNANTTCC_UNKNOWN]
[MIR12125,MIR12125] was killed by [MIR506_5P,MIR506_5P]
[MIR7848_3P,MIR7848_3P] was killed by [SGCGSSAAA_E2F1DP2_01,SGCGSSAAA_E2F1DP2_01]
[MIR6841_3P,MIR6841_3P] was killed by [GCGNNANTTCC_UNKNOWN,GCGNNANTTCC_UNKNOWN]
[GTTRYCATRR_UNKNOWN,GTTRYCATRR_UNKNOWN] was killed by [ZNF704_TARGET_GENES,ZNF704_TARGET_GENES]
[MIR378J,MIR378J] was killed by [MIR4255,MIR4255]
[MIR3913_5P,MIR3913_5P] was killed by [E2F_Q2,E2F_Q2]
[GAANYNYGACNY_UNKNOWN,GAANYNYGACNY_UNKNOWN] was killed by [SGCGSSAAA_E2F1DP2_01,SGCGSSAAA_E2F1DP2_01]
[MIR618,MIR618] was killed by [ZNF667_TARGET_GENES,ZNF667_TARGET_GENES]
[MIR4475,MIR4475] was killed by [MIR3925_3P,MIR3925_3P]
[MIR1273H_3P,MIR1273H_3P] was killed by [MIR3925_3P,MIR3925_3P]
[MIR6800_3P,MIR6800_3P] was killed by [MIR4257,MIR4257]
[MIR4298,MIR4298] was killed by [MIR7160_5P,MIR7160_5P]
[GGCACAT_MIR455,GGCACAT_MIR455] was killed by [MIR7161_5P,MIR7161_5P]
[MIR616_3P,MIR616_3P] was killed by [MIR4257,MIR4257]
[MIR4697_3P,MIR4697_3P] was killed by [MIR4255,MIR4255]
[MIR1272,MIR1272] was killed by [MIR593_5P,MIR593_5P]
[MIR361_5P,MIR361_5P] was killed by [MIR22_3P,MIR22_3P]
[MIR653_3P,MIR653_3P] was killed by [MIR12135,MIR12135]
[MIR626,MIR626] was killed by [MIR3925_3P,MIR3925_3P]
[MIR34A_3P,MIR34A_3P] was killed by [MIR4718,MIR4718]
[MIR146B_3P,MIR146B_3P] was killed by [MIR302D_5P,MIR302D_5P]
[MIR7515,MIR7515] was killed by [MIR3925_3P,MIR3925_3P]
[MIR877_5P,MIR877_5P] was killed by [MIR4255,MIR4255]
[MIR376A_2_5P,MIR376A_2_5P] was killed by [MIR12135,MIR12135]
[MIR4254,MIR4254] was killed by [MIR22_3P,MIR22_3P]
