[HP_ABNORMALITY_OF_THE_MITOCHONDRION,HP_ABNORMALITY_OF_THE_MITOCHONDRION] was killed by [HP_INCREASED_SERUM_LACTATE,HP_INCREASED_SERUM_LACTATE]
[HP_INFERTILITY,HP_INFERTILITY] was killed by [HP_INCREASED_SERUM_LACTATE,HP_INCREASED_SERUM_LACTATE]
[HP_SLOPING_FOREHEAD,HP_SLOPING_FOREHEAD] was killed by [HP_INCREASED_SERUM_LACTATE,HP_INCREASED_SERUM_LACTATE]
[HP_LACTIC_ACIDOSIS,HP_LACTIC_ACIDOSIS] was killed by [HP_INCREASED_SERUM_LACTATE,HP_INCREASED_SERUM_LACTATE]
[HP_HIGHLY_ARCHED_EYEBROW,HP_HIGHLY_ARCHED_EYEBROW] was killed by [HP_DELAYED_MYELINATION,HP_DELAYED_MYELINATION]
[HP_ABNORMAL_ACTIVITY_OF_MITOCHONDRIAL_RESPIRATORY_CHAIN,HP_ABNORMAL_ACTIVITY_OF_MITOCHONDRIAL_RESPIRATORY_CHAIN] was killed by [HP_INCREASED_SERUM_LACTATE,HP_INCREASED_SERUM_LACTATE]
[HP_DECREASED_ACTIVITY_OF_MITOCHONDRIAL_COMPLEX_I,HP_DECREASED_ACTIVITY_OF_MITOCHONDRIAL_COMPLEX_I] was killed by [HP_INCREASED_SERUM_LACTATE,HP_INCREASED_SERUM_LACTATE]
[HP_THICK_EYEBROW,HP_THICK_EYEBROW] was killed by [HP_WIDE_MOUTH,HP_WIDE_MOUTH]
[HP_LOWER_LIMB_SPASTICITY,HP_LOWER_LIMB_SPASTICITY] was killed by [HP_INCREASED_SERUM_LACTATE,HP_INCREASED_SERUM_LACTATE]
[HP_CRANIOSYNOSTOSIS,HP_CRANIOSYNOSTOSIS] was killed by [HP_INCREASED_SERUM_LACTATE,HP_INCREASED_SERUM_LACTATE]
[HP_DEMENTIA,HP_DEMENTIA] was killed by [HP_INCREASED_SERUM_LACTATE,HP_INCREASED_SERUM_LACTATE]
[HP_CAFE_AU_LAIT_SPOT,HP_CAFE_AU_LAIT_SPOT] was killed by [HP_INCREASED_SERUM_LACTATE,HP_INCREASED_SERUM_LACTATE]
[HP_PATENT_FORAMEN_OVALE,HP_PATENT_FORAMEN_OVALE] was killed by [HP_DELAYED_MYELINATION,HP_DELAYED_MYELINATION]
[HP_SPASTIC_PARAPLEGIA,HP_SPASTIC_PARAPLEGIA] was killed by [HP_INCREASED_SERUM_LACTATE,HP_INCREASED_SERUM_LACTATE]
[HP_GASTROINTESTINAL_DYSMOTILITY,HP_GASTROINTESTINAL_DYSMOTILITY] was killed by [HP_INCREASED_SERUM_LACTATE,HP_INCREASED_SERUM_LACTATE]
[HP_LISSENCEPHALY,HP_LISSENCEPHALY] was killed by [HP_ABNORMAL_NEUTROPHIL_COUNT,HP_ABNORMAL_NEUTROPHIL_COUNT]
[HP_NARROW_PALATE,HP_NARROW_PALATE] was killed by [HP_WIDE_MOUTH,HP_WIDE_MOUTH]
[HP_SARCOMA,HP_SARCOMA] was killed by [HP_INCREASED_SERUM_LACTATE,HP_INCREASED_SERUM_LACTATE]
[HP_HYPERTENSION_ASSOCIATED_WITH_PHEOCHROMOCYTOMA,HP_HYPERTENSION_ASSOCIATED_WITH_PHEOCHROMOCYTOMA] was killed by [HP_RETINAL_HAMARTOMA,HP_RETINAL_HAMARTOMA]
[HP_PHEOCHROMOCYTOMA,HP_PHEOCHROMOCYTOMA] was killed by [HP_RETINAL_HAMARTOMA,HP_RETINAL_HAMARTOMA]
[HP_VASCULAR_TORTUOSITY,HP_VASCULAR_TORTUOSITY] was killed by [HP_INCREASED_SERUM_LACTATE,HP_INCREASED_SERUM_LACTATE]
[HP_ABSCESS,HP_ABSCESS] was killed by [HP_ABNORMAL_NEUTROPHIL_COUNT,HP_ABNORMAL_NEUTROPHIL_COUNT]
[HP_OPISTHOTONUS,HP_OPISTHOTONUS] was killed by [HP_DELAYED_MYELINATION,HP_DELAYED_MYELINATION]
[HP_INTESTINAL_PSEUDO_OBSTRUCTION,HP_INTESTINAL_PSEUDO_OBSTRUCTION] was killed by [HP_INCREASED_SERUM_LACTATE,HP_INCREASED_SERUM_LACTATE]
[HP_DIALEPTIC_SEIZURE,HP_DIALEPTIC_SEIZURE] was killed by [HP_DELAYED_MYELINATION,HP_DELAYED_MYELINATION]
[HP_SINGLE_TRANSVERSE_PALMAR_CREASE,HP_SINGLE_TRANSVERSE_PALMAR_CREASE] was killed by [HP_DELAYED_MYELINATION,HP_DELAYED_MYELINATION]
[HP_ABNORMAL_SPEECH_PROSODY,HP_ABNORMAL_SPEECH_PROSODY] was killed by [HP_INCREASED_SERUM_LACTATE,HP_INCREASED_SERUM_LACTATE]
[HP_NEOPLASM_OF_THE_PERIPHERAL_NERVOUS_SYSTEM,HP_NEOPLASM_OF_THE_PERIPHERAL_NERVOUS_SYSTEM] was killed by [HP_RETINAL_HAMARTOMA,HP_RETINAL_HAMARTOMA]
[HP_ABNORMALITY_OF_HEPATOBILIARY_SYSTEM_PHYSIOLOGY,HP_ABNORMALITY_OF_HEPATOBILIARY_SYSTEM_PHYSIOLOGY] was killed by [HP_INCREASED_SERUM_LACTATE,HP_INCREASED_SERUM_LACTATE]
[HP_SANDAL_GAP,HP_SANDAL_GAP] was killed by [HP_WIDE_MOUTH,HP_WIDE_MOUTH]
[HP_MITOCHONDRIAL_INHERITANCE,HP_MITOCHONDRIAL_INHERITANCE] was killed by [HP_INCREASED_SERUM_LACTATE,HP_INCREASED_SERUM_LACTATE]
[HP_APLASIA_HYPOPLASIA_OF_THE_EAR,HP_APLASIA_HYPOPLASIA_OF_THE_EAR] was killed by [HP_ABNORMAL_NEUTROPHIL_COUNT,HP_ABNORMAL_NEUTROPHIL_COUNT]
[HP_HAMARTOMA_OF_THE_EYE,HP_HAMARTOMA_OF_THE_EYE] was killed by [HP_RETINAL_HAMARTOMA,HP_RETINAL_HAMARTOMA]
[HP_GLOBAL_BRAIN_ATROPHY,HP_GLOBAL_BRAIN_ATROPHY] was killed by [HP_INCREASED_SERUM_LACTATE,HP_INCREASED_SERUM_LACTATE]
[HP_MALE_INFERTILITY,HP_MALE_INFERTILITY] was killed by [HP_INCREASED_SERUM_LACTATE,HP_INCREASED_SERUM_LACTATE]
[HP_NEUROENDOCRINE_NEOPLASM,HP_NEUROENDOCRINE_NEOPLASM] was killed by [HP_RETINAL_HAMARTOMA,HP_RETINAL_HAMARTOMA]
[HP_FOCAL_IMPAIRED_AWARENESS_SEIZURE,HP_FOCAL_IMPAIRED_AWARENESS_SEIZURE] was killed by [HP_CORTICAL_DYSPLASIA,HP_CORTICAL_DYSPLASIA]
[HP_OLIVOPONTOCEREBELLAR_HYPOPLASIA,HP_OLIVOPONTOCEREBELLAR_HYPOPLASIA] was killed by [HP_ABNORMALITY_OF_THE_PERIVENTRICULAR_WHITE_MATTER,HP_ABNORMALITY_OF_THE_PERIVENTRICULAR_WHITE_MATTER]
[HP_TALIPES_VALGUS,HP_TALIPES_VALGUS] was killed by [HP_DELAYED_MYELINATION,HP_DELAYED_MYELINATION]
[HP_PERIPHERAL_AXONAL_DEGENERATION,HP_PERIPHERAL_AXONAL_DEGENERATION] was killed by [HP_INCREASED_SERUM_LACTATE,HP_INCREASED_SERUM_LACTATE]
[HP_APLASIA_OF_THE_UTERUS,HP_APLASIA_OF_THE_UTERUS] was killed by [HP_ABNORMALITY_OF_THE_PERIVENTRICULAR_WHITE_MATTER,HP_ABNORMALITY_OF_THE_PERIVENTRICULAR_WHITE_MATTER]
[HP_SENSORIMOTOR_NEUROPATHY,HP_SENSORIMOTOR_NEUROPATHY] was killed by [HP_INCREASED_SERUM_LACTATE,HP_INCREASED_SERUM_LACTATE]
[HP_EPISODIC_HYPERHIDROSIS,HP_EPISODIC_HYPERHIDROSIS] was killed by [HP_RETINAL_HAMARTOMA,HP_RETINAL_HAMARTOMA]
[HP_RAGGED_RED_MUSCLE_FIBERS,HP_RAGGED_RED_MUSCLE_FIBERS] was killed by [HP_INCREASED_SERUM_LACTATE,HP_INCREASED_SERUM_LACTATE]
[HP_PERIPHERAL_DEMYELINATION,HP_PERIPHERAL_DEMYELINATION] was killed by [HP_INCREASED_SERUM_LACTATE,HP_INCREASED_SERUM_LACTATE]
[HP_DEEPLY_SET_EYE,HP_DEEPLY_SET_EYE] was killed by [HP_DELAYED_MYELINATION,HP_DELAYED_MYELINATION]
[HP_LEUKODYSTROPHY,HP_LEUKODYSTROPHY] was killed by [HP_INCREASED_SERUM_LACTATE,HP_INCREASED_SERUM_LACTATE]
[HP_EPISODIC_ABDOMINAL_PAIN,HP_EPISODIC_ABDOMINAL_PAIN] was killed by [HP_RETINAL_HAMARTOMA,HP_RETINAL_HAMARTOMA]
[HP_MICRORETROGNATHIA,HP_MICRORETROGNATHIA] was killed by [HP_RIGHT_VENTRICULAR_HYPERTROPHY,HP_RIGHT_VENTRICULAR_HYPERTROPHY]
[HP_LOWER_LIMB_HYPERTONIA,HP_LOWER_LIMB_HYPERTONIA] was killed by [HP_ABNORMALITY_OF_THE_PERIVENTRICULAR_WHITE_MATTER,HP_ABNORMALITY_OF_THE_PERIVENTRICULAR_WHITE_MATTER]
[HP_INFANTILE_SPASMS,HP_INFANTILE_SPASMS] was killed by [HP_INCREASED_SERUM_LACTATE,HP_INCREASED_SERUM_LACTATE]
[HP_JOINT_STIFFNESS,HP_JOINT_STIFFNESS] was killed by [HP_WIDE_MOUTH,HP_WIDE_MOUTH]
[HP_BULBAR_SIGNS,HP_BULBAR_SIGNS] was killed by [HP_INCREASED_SERUM_LACTATE,HP_INCREASED_SERUM_LACTATE]
[HP_LEBER_OPTIC_ATROPHY,HP_LEBER_OPTIC_ATROPHY] was killed by [HP_INCREASED_SERUM_LACTATE,HP_INCREASED_SERUM_LACTATE]
[HP_NEOPLASM_OF_THE_EYE,HP_NEOPLASM_OF_THE_EYE] was killed by [HP_RETINAL_HAMARTOMA,HP_RETINAL_HAMARTOMA]
[HP_DELAYED_CNS_MYELINATION,HP_DELAYED_CNS_MYELINATION] was killed by [HP_DELAYED_MYELINATION,HP_DELAYED_MYELINATION]
[HP_DECREASED_FERTILITY_IN_MALES,HP_DECREASED_FERTILITY_IN_MALES] was killed by [HP_INCREASED_SERUM_LACTATE,HP_INCREASED_SERUM_LACTATE]
[HP_PROMINENT_NASAL_BRIDGE,HP_PROMINENT_NASAL_BRIDGE] was killed by [HP_WIDE_MOUTH,HP_WIDE_MOUTH]
[HP_NEPHRONOPHTHISIS,HP_NEPHRONOPHTHISIS] was killed by [HP_ABNORMAL_RENAL_MEDULLA_MORPHOLOGY,HP_ABNORMAL_RENAL_MEDULLA_MORPHOLOGY]
[HP_CNS_HYPOMYELINATION,HP_CNS_HYPOMYELINATION] was killed by [HP_DELAYED_MYELINATION,HP_DELAYED_MYELINATION]
[HP_INCREASED_CSF_LACTATE,HP_INCREASED_CSF_LACTATE] was killed by [HP_INCREASED_SERUM_LACTATE,HP_INCREASED_SERUM_LACTATE]
[HP_ABNORMAL_LOCALIZATION_OF_KIDNEY,HP_ABNORMAL_LOCALIZATION_OF_KIDNEY] was killed by [HP_INCREASED_SERUM_LACTATE,HP_INCREASED_SERUM_LACTATE]
[HP_OPTIC_DISC_PALLOR,HP_OPTIC_DISC_PALLOR] was killed by [HP_INCREASED_SERUM_LACTATE,HP_INCREASED_SERUM_LACTATE]
[HP_MULTIFACTORIAL_INHERITANCE,HP_MULTIFACTORIAL_INHERITANCE] was killed by [HP_INCREASED_SERUM_LACTATE,HP_INCREASED_SERUM_LACTATE]
[HP_RECURRENT_PAROXYSMAL_HEADACHE,HP_RECURRENT_PAROXYSMAL_HEADACHE] was killed by [HP_INCREASED_SERUM_LACTATE,HP_INCREASED_SERUM_LACTATE]
[HP_TRIANGULAR_SHAPED_PHALANGES_OF_THE_HAND,HP_TRIANGULAR_SHAPED_PHALANGES_OF_THE_HAND] was killed by [HP_INCREASED_SERUM_LACTATE,HP_INCREASED_SERUM_LACTATE]
[HP_SINUS_TACHYCARDIA,HP_SINUS_TACHYCARDIA] was killed by [HP_RETINAL_HAMARTOMA,HP_RETINAL_HAMARTOMA]
[HP_CEREBRAL_HEMORRHAGE,HP_CEREBRAL_HEMORRHAGE] was killed by [HP_RETINAL_HAMARTOMA,HP_RETINAL_HAMARTOMA]
[HP_HYPOPLASIA_OF_THE_BRAINSTEM,HP_HYPOPLASIA_OF_THE_BRAINSTEM] was killed by [HP_ABNORMALITY_OF_THE_PERIVENTRICULAR_WHITE_MATTER,HP_ABNORMALITY_OF_THE_PERIVENTRICULAR_WHITE_MATTER]
[HP_DELAYED_CRANIAL_SUTURE_CLOSURE,HP_DELAYED_CRANIAL_SUTURE_CLOSURE] was killed by [HP_WIDE_MOUTH,HP_WIDE_MOUTH]
[HP_CUTIS_MARMORATA,HP_CUTIS_MARMORATA] was killed by [HP_WIDE_MOUTH,HP_WIDE_MOUTH]
[HP_BICORNUATE_UTERUS,HP_BICORNUATE_UTERUS] was killed by [HP_ABNORMAL_NEUTROPHIL_COUNT,HP_ABNORMAL_NEUTROPHIL_COUNT]
[HP_MIXED_DEMYELINATING_AND_AXONAL_POLYNEUROPATHY,HP_MIXED_DEMYELINATING_AND_AXONAL_POLYNEUROPATHY] was killed by [HP_INCREASED_SERUM_LACTATE,HP_INCREASED_SERUM_LACTATE]
[HP_EMOTIONAL_LABILITY,HP_EMOTIONAL_LABILITY] was killed by [HP_INCREASED_SERUM_LACTATE,HP_INCREASED_SERUM_LACTATE]
[HP_SEGMENTAL_PERIPHERAL_DEMYELINATION_REMYELINATION,HP_SEGMENTAL_PERIPHERAL_DEMYELINATION_REMYELINATION] was killed by [HP_INCREASED_SERUM_LACTATE,HP_INCREASED_SERUM_LACTATE]
[HP_PARAGANGLIOMA,HP_PARAGANGLIOMA] was killed by [HP_RETINAL_HAMARTOMA,HP_RETINAL_HAMARTOMA]
[HP_EPILEPTIC_SPASM,HP_EPILEPTIC_SPASM] was killed by [HP_INCREASED_SERUM_LACTATE,HP_INCREASED_SERUM_LACTATE]
[HP_MYELODYSPLASIA,HP_MYELODYSPLASIA] was killed by [HP_INCREASED_SERUM_LACTATE,HP_INCREASED_SERUM_LACTATE]
[HP_TELANGIECTASIA,HP_TELANGIECTASIA] was killed by [HP_RETINAL_HAMARTOMA,HP_RETINAL_HAMARTOMA]
[HP_ABNORMALITY_OF_URINE_CATECHOLAMINE_CONCENTRATION,HP_ABNORMALITY_OF_URINE_CATECHOLAMINE_CONCENTRATION] was killed by [HP_RETINAL_HAMARTOMA,HP_RETINAL_HAMARTOMA]
[HP_DELAYED_ABILITY_TO_WALK,HP_DELAYED_ABILITY_TO_WALK] was killed by [HP_DELAYED_MYELINATION,HP_DELAYED_MYELINATION]
[HP_PSYCHOMOTOR_RETARDATION,HP_PSYCHOMOTOR_RETARDATION] was killed by [HP_INCREASED_SERUM_LACTATE,HP_INCREASED_SERUM_LACTATE]
[HP_PRENATAL_MATERNAL_ABNORMALITY,HP_PRENATAL_MATERNAL_ABNORMALITY] was killed by [HP_INCREASED_SERUM_LACTATE,HP_INCREASED_SERUM_LACTATE]
[HP_APLASIA_HYPOPLASIA_INVOLVING_THE_VERTEBRAL_COLUMN,HP_APLASIA_HYPOPLASIA_INVOLVING_THE_VERTEBRAL_COLUMN] was killed by [HP_ABNORMAL_NEUTROPHIL_COUNT,HP_ABNORMAL_NEUTROPHIL_COUNT]
[HP_SPASTIC_TETRAPARESIS,HP_SPASTIC_TETRAPARESIS] was killed by [HP_INCREASED_SERUM_LACTATE,HP_INCREASED_SERUM_LACTATE]
[HP_LOW_ANTERIOR_HAIRLINE,HP_LOW_ANTERIOR_HAIRLINE] was killed by [HP_ABNORMAL_NEUTROPHIL_COUNT,HP_ABNORMAL_NEUTROPHIL_COUNT]
[HP_ABNORMAL_SPERMATOGENESIS,HP_ABNORMAL_SPERMATOGENESIS] was killed by [HP_Y_LINKED_INHERITANCE,HP_Y_LINKED_INHERITANCE]
[HP_SIDEROBLASTIC_ANEMIA,HP_SIDEROBLASTIC_ANEMIA] was killed by [HP_ABNORMAL_NEUTROPHIL_COUNT,HP_ABNORMAL_NEUTROPHIL_COUNT]
[HP_ABDOMINAL_DISTENTION,HP_ABDOMINAL_DISTENTION] was killed by [HP_DELAYED_MYELINATION,HP_DELAYED_MYELINATION]
[HP_PROGRESSIVE_EXTERNAL_OPHTHALMOPLEGIA,HP_PROGRESSIVE_EXTERNAL_OPHTHALMOPLEGIA] was killed by [HP_INCREASED_SERUM_LACTATE,HP_INCREASED_SERUM_LACTATE]
[HP_ABNORMAL_BRAINSTEM_MRI_SIGNAL_INTENSITY,HP_ABNORMAL_BRAINSTEM_MRI_SIGNAL_INTENSITY] was killed by [HP_INCREASED_SERUM_LACTATE,HP_INCREASED_SERUM_LACTATE]
[HP_ABNORMAL_RENAL_GLOMERULUS_MORPHOLOGY,HP_ABNORMAL_RENAL_GLOMERULUS_MORPHOLOGY] was killed by [HP_INCREASED_SERUM_LACTATE,HP_INCREASED_SERUM_LACTATE]
[HP_NEUROFIBROMAS,HP_NEUROFIBROMAS] was killed by [HP_WIDE_MOUTH,HP_WIDE_MOUTH]
[HP_LONG_EYELASHES,HP_LONG_EYELASHES] was killed by [HP_WIDE_MOUTH,HP_WIDE_MOUTH]
[HP_MULTIPLE_GLOMERULAR_CYSTS,HP_MULTIPLE_GLOMERULAR_CYSTS] was killed by [HP_INCREASED_SERUM_LACTATE,HP_INCREASED_SERUM_LACTATE]
[HP_ABNORMALITY_OF_THE_PREPUTIUM,HP_ABNORMALITY_OF_THE_PREPUTIUM] was killed by [HP_ABNORMAL_NEUTROPHIL_COUNT,HP_ABNORMAL_NEUTROPHIL_COUNT]
[HP_GRAY_MATTER_HETEROTOPIA,HP_GRAY_MATTER_HETEROTOPIA] was killed by [HP_INCREASED_SERUM_LACTATE,HP_INCREASED_SERUM_LACTATE]
[HP_PLANTAR_HYPERKERATOSIS,HP_PLANTAR_HYPERKERATOSIS] was killed by [HP_HYPERGRANULOSIS,HP_HYPERGRANULOSIS]
[HP_LEUKEMIA,HP_LEUKEMIA] was killed by [HP_INCREASED_SERUM_LACTATE,HP_INCREASED_SERUM_LACTATE]
[HP_DISTAL_PERIPHERAL_SENSORY_NEUROPATHY,HP_DISTAL_PERIPHERAL_SENSORY_NEUROPATHY] was killed by [HP_INCREASED_SERUM_LACTATE,HP_INCREASED_SERUM_LACTATE]
[HP_ABSENT_TESTIS,HP_ABSENT_TESTIS] was killed by [HP_ABNORMAL_NEUTROPHIL_COUNT,HP_ABNORMAL_NEUTROPHIL_COUNT]
[HP_LARGE_BASAL_GANGLIA,HP_LARGE_BASAL_GANGLIA] was killed by [HP_CORTICAL_DYSPLASIA,HP_CORTICAL_DYSPLASIA]
[HP_CENTRAL_NERVOUS_SYSTEM_CYST,HP_CENTRAL_NERVOUS_SYSTEM_CYST] was killed by [HP_DELAYED_MYELINATION,HP_DELAYED_MYELINATION]
[HP_ACUTE_LEUKEMIA,HP_ACUTE_LEUKEMIA] was killed by [HP_INCREASED_SERUM_LACTATE,HP_INCREASED_SERUM_LACTATE]
[HP_BROAD_EYEBROW,HP_BROAD_EYEBROW] was killed by [HP_OLIGODONTIA,HP_OLIGODONTIA]
[HP_ABNORMAL_SPERM_MOTILITY,HP_ABNORMAL_SPERM_MOTILITY] was killed by [HP_INCREASED_SERUM_LACTATE,HP_INCREASED_SERUM_LACTATE]
[HP_HIGH_NARROW_PALATE,HP_HIGH_NARROW_PALATE] was killed by [HP_INCREASED_SERUM_LACTATE,HP_INCREASED_SERUM_LACTATE]
[HP_VENTRICULAR_PREEXCITATION,HP_VENTRICULAR_PREEXCITATION] was killed by [HP_INCREASED_SERUM_LACTATE,HP_INCREASED_SERUM_LACTATE]
[HP_GAIT_ATAXIA,HP_GAIT_ATAXIA] was killed by [HP_INCREASED_SERUM_LACTATE,HP_INCREASED_SERUM_LACTATE]
[HP_ABNORMAL_CONUS_TERMINALIS_MORPHOLOGY,HP_ABNORMAL_CONUS_TERMINALIS_MORPHOLOGY] was killed by [HP_DELAYED_MYELINATION,HP_DELAYED_MYELINATION]
[HP_APLASIA_HYPOPLASIA_OF_THE_THYROID_GLAND,HP_APLASIA_HYPOPLASIA_OF_THE_THYROID_GLAND] was killed by [HP_WIDE_MOUTH,HP_WIDE_MOUTH]
[HP_HEMANGIOBLASTOMA,HP_HEMANGIOBLASTOMA] was killed by [HP_RETINAL_HAMARTOMA,HP_RETINAL_HAMARTOMA]
[HP_ALOPECIA,HP_ALOPECIA] was killed by [HP_INCREASED_SERUM_LACTATE,HP_INCREASED_SERUM_LACTATE]
[HP_ELEVATED_CALCITONIN,HP_ELEVATED_CALCITONIN] was killed by [HP_RETINAL_HAMARTOMA,HP_RETINAL_HAMARTOMA]
[HP_MITOCHONDRIAL_MYOPATHY,HP_MITOCHONDRIAL_MYOPATHY] was killed by [HP_INCREASED_SERUM_LACTATE,HP_INCREASED_SERUM_LACTATE]
[HP_HIGH_PITCHED_VOICE,HP_HIGH_PITCHED_VOICE] was killed by [HP_RIGHT_VENTRICULAR_HYPERTROPHY,HP_RIGHT_VENTRICULAR_HYPERTROPHY]
[HP_SHORT_PHILTRUM,HP_SHORT_PHILTRUM] was killed by [HP_INCREASED_SERUM_LACTATE,HP_INCREASED_SERUM_LACTATE]
[HP_CENTROCECAL_SCOTOMA,HP_CENTROCECAL_SCOTOMA] was killed by [HP_INCREASED_SERUM_LACTATE,HP_INCREASED_SERUM_LACTATE]
[HP_STROKE_LIKE_EPISODE,HP_STROKE_LIKE_EPISODE] was killed by [HP_INCREASED_SERUM_LACTATE,HP_INCREASED_SERUM_LACTATE]
[HP_PARAPLEGIA,HP_PARAPLEGIA] was killed by [HP_INCREASED_SERUM_LACTATE,HP_INCREASED_SERUM_LACTATE]
[HP_ABNORMALITY_OF_OCULAR_SMOOTH_PURSUIT,HP_ABNORMALITY_OF_OCULAR_SMOOTH_PURSUIT] was killed by [HP_ABNORMALITY_OF_THE_PERIVENTRICULAR_WHITE_MATTER,HP_ABNORMALITY_OF_THE_PERIVENTRICULAR_WHITE_MATTER]
[HP_PATHOLOGIC_FRACTURE,HP_PATHOLOGIC_FRACTURE] was killed by [HP_ABNORMAL_UPPER_MOTOR_NEURON_MORPHOLOGY,HP_ABNORMAL_UPPER_MOTOR_NEURON_MORPHOLOGY]
[HP_FLAT_OCCIPUT,HP_FLAT_OCCIPUT] was killed by [HP_WIDE_MOUTH,HP_WIDE_MOUTH]
[HP_NEPHROPATHY,HP_NEPHROPATHY] was killed by [HP_INCREASED_SERUM_LACTATE,HP_INCREASED_SERUM_LACTATE]
[HP_CRANIAL_NERVE_COMPRESSION,HP_CRANIAL_NERVE_COMPRESSION] was killed by [HP_RETINAL_HAMARTOMA,HP_RETINAL_HAMARTOMA]
[HP_EPISODIC_VOMITING,HP_EPISODIC_VOMITING] was killed by [HP_INCREASED_SERUM_LACTATE,HP_INCREASED_SERUM_LACTATE]
[HP_ASTIGMATISM,HP_ASTIGMATISM] was killed by [HP_ABNORMAL_NEUTROPHIL_COUNT,HP_ABNORMAL_NEUTROPHIL_COUNT]
[HP_DEMYELINATING_PERIPHERAL_NEUROPATHY,HP_DEMYELINATING_PERIPHERAL_NEUROPATHY] was killed by [HP_INCREASED_SERUM_LACTATE,HP_INCREASED_SERUM_LACTATE]
[HP_BRACHYCEPHALY,HP_BRACHYCEPHALY] was killed by [HP_INCREASED_SERUM_LACTATE,HP_INCREASED_SERUM_LACTATE]
[HP_BENIGN_NEOPLASM_OF_THE_CENTRAL_NERVOUS_SYSTEM,HP_BENIGN_NEOPLASM_OF_THE_CENTRAL_NERVOUS_SYSTEM] was killed by [HP_RETINAL_HAMARTOMA,HP_RETINAL_HAMARTOMA]
[HP_ABNORMAL_NERVE_CONDUCTION_VELOCITY,HP_ABNORMAL_NERVE_CONDUCTION_VELOCITY] was killed by [HP_ABNORMALITY_OF_THE_PERIVENTRICULAR_WHITE_MATTER,HP_ABNORMALITY_OF_THE_PERIVENTRICULAR_WHITE_MATTER]
[HP_POSTNATAL_GROWTH_RETARDATION,HP_POSTNATAL_GROWTH_RETARDATION] was killed by [HP_DELAYED_MYELINATION,HP_DELAYED_MYELINATION]
[HP_ARACHNOID_HEMANGIOMATOSIS,HP_ARACHNOID_HEMANGIOMATOSIS] was killed by [HP_RETINAL_HAMARTOMA,HP_RETINAL_HAMARTOMA]
[HP_ADENOMA_SEBACEUM,HP_ADENOMA_SEBACEUM] was killed by [HP_RETINAL_HAMARTOMA,HP_RETINAL_HAMARTOMA]
[HP_PYRIDOXINE_RESPONSIVE_SIDEROBLASTIC_ANEMIA,HP_PYRIDOXINE_RESPONSIVE_SIDEROBLASTIC_ANEMIA] was killed by [HP_ABNORMAL_NEUTROPHIL_COUNT,HP_ABNORMAL_NEUTROPHIL_COUNT]
[HP_SMALL_FACE,HP_SMALL_FACE] was killed by [HP_WIDE_MOUTH,HP_WIDE_MOUTH]
[HP_BROAD_NASAL_TIP,HP_BROAD_NASAL_TIP] was killed by [HP_DELAYED_MYELINATION,HP_DELAYED_MYELINATION]
[HP_ABNORMALITY_ON_PULMONARY_FUNCTION_TESTING,HP_ABNORMALITY_ON_PULMONARY_FUNCTION_TESTING] was killed by [HP_DELAYED_MYELINATION,HP_DELAYED_MYELINATION]
[HP_NON_MOTOR_SEIZURE,HP_NON_MOTOR_SEIZURE] was killed by [HP_ABNORMAL_NEUTROPHIL_COUNT,HP_ABNORMAL_NEUTROPHIL_COUNT]
[HP_APLASIA_HYPOPLASIA_OF_THE_CEREBRAL_WHITE_MATTER,HP_APLASIA_HYPOPLASIA_OF_THE_CEREBRAL_WHITE_MATTER] was killed by [HP_INCREASED_SERUM_LACTATE,HP_INCREASED_SERUM_LACTATE]
[HP_HEAD_TREMOR,HP_HEAD_TREMOR] was killed by [HP_DYSMETRIC_SACCADES,HP_DYSMETRIC_SACCADES]
[HP_PALMOPLANTAR_KERATODERMA,HP_PALMOPLANTAR_KERATODERMA] was killed by [HP_INCREASED_SERUM_LACTATE,HP_INCREASED_SERUM_LACTATE]
[HP_RIB_FUSION,HP_RIB_FUSION] was killed by [HP_WIDE_MOUTH,HP_WIDE_MOUTH]
[HP_ABNORMALITY_OF_THE_SEPTUM_PELLUCIDUM,HP_ABNORMALITY_OF_THE_SEPTUM_PELLUCIDUM] was killed by [HP_INCREASED_SERUM_LACTATE,HP_INCREASED_SERUM_LACTATE]
[HP_ABNORMALITY_OF_THE_FRONTAL_HAIRLINE,HP_ABNORMALITY_OF_THE_FRONTAL_HAIRLINE] was killed by [HP_ABNORMAL_NEUTROPHIL_COUNT,HP_ABNORMAL_NEUTROPHIL_COUNT]
[HP_APLASIA_HYPOPLASIA_OF_THE_UVULA,HP_APLASIA_HYPOPLASIA_OF_THE_UVULA] was killed by [HP_ABNORMAL_NEUTROPHIL_COUNT,HP_ABNORMAL_NEUTROPHIL_COUNT]
[HP_ABSENT_SEPTUM_PELLUCIDUM,HP_ABSENT_SEPTUM_PELLUCIDUM] was killed by [HP_INCREASED_SERUM_LACTATE,HP_INCREASED_SERUM_LACTATE]
[HP_POSTURAL_TREMOR,HP_POSTURAL_TREMOR] was killed by [HP_INCREASED_SERUM_LACTATE,HP_INCREASED_SERUM_LACTATE]
[HP_GENERALIZED_CLONIC_SEIZURE,HP_GENERALIZED_CLONIC_SEIZURE] was killed by [HP_DELAYED_MYELINATION,HP_DELAYED_MYELINATION]
[HP_BONE_PAIN,HP_BONE_PAIN] was killed by [HP_ABNORMAL_NEUTROPHIL_COUNT,HP_ABNORMAL_NEUTROPHIL_COUNT]
[HP_MALROTATION_OF_SMALL_BOWEL,HP_MALROTATION_OF_SMALL_BOWEL] was killed by [HP_ABNORMALITY_OF_THE_PERIVENTRICULAR_WHITE_MATTER,HP_ABNORMALITY_OF_THE_PERIVENTRICULAR_WHITE_MATTER]
[HP_SUBCUTANEOUS_NODULE,HP_SUBCUTANEOUS_NODULE] was killed by [HP_RETINAL_HAMARTOMA,HP_RETINAL_HAMARTOMA]
[HP_PROXIMAL_TUBULOPATHY,HP_PROXIMAL_TUBULOPATHY] was killed by [HP_INCREASED_SERUM_LACTATE,HP_INCREASED_SERUM_LACTATE]
[HP_PES_VALGUS,HP_PES_VALGUS] was killed by [HP_DELAYED_MYELINATION,HP_DELAYED_MYELINATION]
[HP_SENSORY_NEUROPATHY,HP_SENSORY_NEUROPATHY] was killed by [HP_INCREASED_SERUM_LACTATE,HP_INCREASED_SERUM_LACTATE]
[HP_UNILATERAL_RENAL_AGENESIS,HP_UNILATERAL_RENAL_AGENESIS] was killed by [HP_ABNORMALITY_OF_THE_PERIVENTRICULAR_WHITE_MATTER,HP_ABNORMALITY_OF_THE_PERIVENTRICULAR_WHITE_MATTER]
[HP_DYSPLASTIC_CORPUS_CALLOSUM,HP_DYSPLASTIC_CORPUS_CALLOSUM] was killed by [HP_ABNORMALITY_OF_THE_PERIVENTRICULAR_WHITE_MATTER,HP_ABNORMALITY_OF_THE_PERIVENTRICULAR_WHITE_MATTER]
[HP_STUTTERING,HP_STUTTERING] was killed by [HP_INCREASED_SERUM_LACTATE,HP_INCREASED_SERUM_LACTATE]
[HP_TINNITUS,HP_TINNITUS] was killed by [HP_RETINAL_HAMARTOMA,HP_RETINAL_HAMARTOMA]
[HP_PAPULE,HP_PAPULE] was killed by [HP_INCREASED_SERUM_LACTATE,HP_INCREASED_SERUM_LACTATE]
[HP_FOCAL_T2_HYPERINTENSE_BRAINSTEM_LESION,HP_FOCAL_T2_HYPERINTENSE_BRAINSTEM_LESION] was killed by [HP_INCREASED_SERUM_LACTATE,HP_INCREASED_SERUM_LACTATE]
[HP_ABNORMAL_CSF_METABOLITE_LEVEL,HP_ABNORMAL_CSF_METABOLITE_LEVEL] was killed by [HP_INCREASED_SERUM_LACTATE,HP_INCREASED_SERUM_LACTATE]
[HP_ABNORMAL_PERIPHERAL_MYELINATION,HP_ABNORMAL_PERIPHERAL_MYELINATION] was killed by [HP_INCREASED_SERUM_LACTATE,HP_INCREASED_SERUM_LACTATE]
[HP_ABNORMAL_FEMORAL_NECK_HEAD_MORPHOLOGY,HP_ABNORMAL_FEMORAL_NECK_HEAD_MORPHOLOGY] was killed by [HP_WIDE_MOUTH,HP_WIDE_MOUTH]
[HP_ABNORMAL_URINE_PH,HP_ABNORMAL_URINE_PH] was killed by [HP_INCREASED_SERUM_LACTATE,HP_INCREASED_SERUM_LACTATE]
[HP_PLATYSPONDYLY,HP_PLATYSPONDYLY] was killed by [HP_OLIGODONTIA,HP_OLIGODONTIA]
[HP_DYSMETRIA,HP_DYSMETRIA] was killed by [HP_DYSMETRIC_SACCADES,HP_DYSMETRIC_SACCADES]
[HP_ABNORMAL_CIRCULATING_NON_PROTEINOGENIC_AMINO_ACID_CONCENTRATION,HP_ABNORMAL_CIRCULATING_NON_PROTEINOGENIC_AMINO_ACID_CONCENTRATION] was killed by [HP_INCREASED_SERUM_LACTATE,HP_INCREASED_SERUM_LACTATE]
[HP_HEPATIC_FAILURE,HP_HEPATIC_FAILURE] was killed by [HP_INCREASED_SERUM_LACTATE,HP_INCREASED_SERUM_LACTATE]
[HP_BIPARIETAL_NARROWING,HP_BIPARIETAL_NARROWING] was killed by [HP_INCREASED_SERUM_LACTATE,HP_INCREASED_SERUM_LACTATE]
[HP_FRONTOTEMPORAL_DEMENTIA,HP_FRONTOTEMPORAL_DEMENTIA] was killed by [HP_ABNORMAL_UPPER_MOTOR_NEURON_MORPHOLOGY,HP_ABNORMAL_UPPER_MOTOR_NEURON_MORPHOLOGY]
[HP_OBSESSIVE_COMPULSIVE_TRAIT,HP_OBSESSIVE_COMPULSIVE_TRAIT] was killed by [HP_DELAYED_MYELINATION,HP_DELAYED_MYELINATION]
[HP_LARGE_INTESTINAL_POLYPOSIS,HP_LARGE_INTESTINAL_POLYPOSIS] was killed by [HP_RETINAL_HAMARTOMA,HP_RETINAL_HAMARTOMA]
[HP_ABNORMALITY_OF_THE_HALLUX,HP_ABNORMALITY_OF_THE_HALLUX] was killed by [HP_INCREASED_SERUM_LACTATE,HP_INCREASED_SERUM_LACTATE]
[HP_FOCAL_AWARE_SEIZURE,HP_FOCAL_AWARE_SEIZURE] was killed by [HP_ABNORMAL_NEUTROPHIL_COUNT,HP_ABNORMAL_NEUTROPHIL_COUNT]
[HP_APLASIA_HYPOPLASIA_OF_THE_VAGINA,HP_APLASIA_HYPOPLASIA_OF_THE_VAGINA] was killed by [HP_DELAYED_MYELINATION,HP_DELAYED_MYELINATION]
[HP_NEOPLASM_OF_THE_COLON,HP_NEOPLASM_OF_THE_COLON] was killed by [HP_ABNORMAL_NEUTROPHIL_COUNT,HP_ABNORMAL_NEUTROPHIL_COUNT]
[HP_FATIGUABLE_WEAKNESS_OF_PROXIMAL_LIMB_MUSCLES,HP_FATIGUABLE_WEAKNESS_OF_PROXIMAL_LIMB_MUSCLES] was killed by [HP_PULMONARY_EDEMA,HP_PULMONARY_EDEMA]
[HP_LOW_PLASMA_CITRULLINE,HP_LOW_PLASMA_CITRULLINE] was killed by [HP_INCREASED_SERUM_LACTATE,HP_INCREASED_SERUM_LACTATE]
[HP_ANGIOFIBROMAS,HP_ANGIOFIBROMAS] was killed by [HP_RETINAL_HAMARTOMA,HP_RETINAL_HAMARTOMA]
[HP_FACIAL_HYPERTRICHOSIS,HP_FACIAL_HYPERTRICHOSIS] was killed by [HP_INCREASED_SERUM_LACTATE,HP_INCREASED_SERUM_LACTATE]
[HP_DEATH_IN_CHILDHOOD,HP_DEATH_IN_CHILDHOOD] was killed by [HP_INCREASED_SERUM_LACTATE,HP_INCREASED_SERUM_LACTATE]
[HP_MUSCLE_ABNORMALITY_RELATED_TO_MITOCHONDRIAL_DYSFUNCTION,HP_MUSCLE_ABNORMALITY_RELATED_TO_MITOCHONDRIAL_DYSFUNCTION] was killed by [HP_INCREASED_SERUM_LACTATE,HP_INCREASED_SERUM_LACTATE]
[HP_PALMAR_HYPERKERATOSIS,HP_PALMAR_HYPERKERATOSIS] was killed by [HP_HYPERGRANULOSIS,HP_HYPERGRANULOSIS]
[HP_SKIN_ULCER,HP_SKIN_ULCER] was killed by [HP_ABNORMAL_NEUTROPHIL_COUNT,HP_ABNORMAL_NEUTROPHIL_COUNT]
[HP_SPINAL_DYSRAPHISM,HP_SPINAL_DYSRAPHISM] was killed by [HP_INCREASED_SERUM_LACTATE,HP_INCREASED_SERUM_LACTATE]
[HP_PIGMENTARY_RETINOPATHY,HP_PIGMENTARY_RETINOPATHY] was killed by [HP_INCREASED_SERUM_LACTATE,HP_INCREASED_SERUM_LACTATE]
[HP_CHOLECYSTITIS,HP_CHOLECYSTITIS] was killed by [HP_ABNORMALITY_OF_THE_PERIVENTRICULAR_WHITE_MATTER,HP_ABNORMALITY_OF_THE_PERIVENTRICULAR_WHITE_MATTER]
[HP_RENAL_CELL_CARCINOMA,HP_RENAL_CELL_CARCINOMA] was killed by [HP_RETINAL_HAMARTOMA,HP_RETINAL_HAMARTOMA]
[HP_THROMBOCYTOSIS,HP_THROMBOCYTOSIS] was killed by [HP_ABNORMAL_NEUTROPHIL_COUNT,HP_ABNORMAL_NEUTROPHIL_COUNT]
[HP_ERYTHEMA,HP_ERYTHEMA] was killed by [HP_INCREASED_SERUM_LACTATE,HP_INCREASED_SERUM_LACTATE]
[HP_URINARY_BLADDER_SPHINCTER_DYSFUNCTION,HP_URINARY_BLADDER_SPHINCTER_DYSFUNCTION] was killed by [HP_DYSMETRIC_SACCADES,HP_DYSMETRIC_SACCADES]
[HP_BREAST_CARCINOMA,HP_BREAST_CARCINOMA] was killed by [HP_INCREASED_SERUM_LACTATE,HP_INCREASED_SERUM_LACTATE]
[HP_METAPHYSEAL_WIDENING,HP_METAPHYSEAL_WIDENING] was killed by [HP_ABNORMAL_NEUTROPHIL_COUNT,HP_ABNORMAL_NEUTROPHIL_COUNT]
[HP_DELAYED_PUBERTY,HP_DELAYED_PUBERTY] was killed by [HP_BIFID_SCROTUM,HP_BIFID_SCROTUM]
[HP_COXA_VALGA,HP_COXA_VALGA] was killed by [HP_WIDE_MOUTH,HP_WIDE_MOUTH]
[HP_ABNORMAL_CENTRAL_SENSORY_FUNCTION,HP_ABNORMAL_CENTRAL_SENSORY_FUNCTION] was killed by [HP_WIDE_MOUTH,HP_WIDE_MOUTH]
[HP_TITUBATION,HP_TITUBATION] was killed by [HP_ABNORMAL_UPPER_MOTOR_NEURON_MORPHOLOGY,HP_ABNORMAL_UPPER_MOTOR_NEURON_MORPHOLOGY]
[HP_FULL_CHEEKS,HP_FULL_CHEEKS] was killed by [HP_DELAYED_MYELINATION,HP_DELAYED_MYELINATION]
[HP_SLOW_PROGRESSION,HP_SLOW_PROGRESSION] was killed by [HP_ABNORMAL_NEUTROPHIL_COUNT,HP_ABNORMAL_NEUTROPHIL_COUNT]
[HP_NARROW_PALM,HP_NARROW_PALM] was killed by [HP_WIDE_MOUTH,HP_WIDE_MOUTH]
[HP_HYPOURICEMIA,HP_HYPOURICEMIA] was killed by [HP_AXONAL_LOSS,HP_AXONAL_LOSS]
[HP_GENERALIZED_CEREBRAL_ATROPHY_HYPOPLASIA,HP_GENERALIZED_CEREBRAL_ATROPHY_HYPOPLASIA] was killed by [HP_CORTICAL_DYSPLASIA,HP_CORTICAL_DYSPLASIA]
[HP_MITOCHONDRIAL_RESPIRATORY_CHAIN_DEFECTS,HP_MITOCHONDRIAL_RESPIRATORY_CHAIN_DEFECTS] was killed by [HP_INCREASED_SERUM_LACTATE,HP_INCREASED_SERUM_LACTATE]
[HP_NON_OBSTRUCTIVE_AZOOSPERMIA,HP_NON_OBSTRUCTIVE_AZOOSPERMIA] was killed by [HP_Y_LINKED_INHERITANCE,HP_Y_LINKED_INHERITANCE]
[HP_ABNORMAL_CIRCULATING_PYRUVATE_FAMILY_AMINO_ACID_CONCENTRATION,HP_ABNORMAL_CIRCULATING_PYRUVATE_FAMILY_AMINO_ACID_CONCENTRATION] was killed by [HP_INCREASED_SERUM_LACTATE,HP_INCREASED_SERUM_LACTATE]
[HP_FOLLICULAR_HYPERKERATOSIS,HP_FOLLICULAR_HYPERKERATOSIS] was killed by [HP_PALMOPLANTAR_BLISTERING,HP_PALMOPLANTAR_BLISTERING]
[HP_AMYOTROPHIC_LATERAL_SCLEROSIS,HP_AMYOTROPHIC_LATERAL_SCLEROSIS] was killed by [HP_ABNORMAL_UPPER_MOTOR_NEURON_MORPHOLOGY,HP_ABNORMAL_UPPER_MOTOR_NEURON_MORPHOLOGY]
[HP_JOINT_HYPERFLEXIBILITY,HP_JOINT_HYPERFLEXIBILITY] was killed by [HP_WIDE_MOUTH,HP_WIDE_MOUTH]
[HP_PANCYTOPENIA,HP_PANCYTOPENIA] was killed by [HP_ABNORMAL_NEUTROPHIL_COUNT,HP_ABNORMAL_NEUTROPHIL_COUNT]
[HP_ABNORMAL_RIGHT_VENTRICLE_MORPHOLOGY,HP_ABNORMAL_RIGHT_VENTRICLE_MORPHOLOGY] was killed by [HP_RIGHT_VENTRICULAR_HYPERTROPHY,HP_RIGHT_VENTRICULAR_HYPERTROPHY]
[HP_OPTIC_NEUROPATHY,HP_OPTIC_NEUROPATHY] was killed by [HP_INCREASED_SERUM_LACTATE,HP_INCREASED_SERUM_LACTATE]
[HP_PSYCHOGENIC_NON_EPILEPTIC_SEIZURE,HP_PSYCHOGENIC_NON_EPILEPTIC_SEIZURE] was killed by [HP_DELAYED_MYELINATION,HP_DELAYED_MYELINATION]
[HP_SPINAL_CORD_LESION,HP_SPINAL_CORD_LESION] was killed by [HP_DELAYED_MYELINATION,HP_DELAYED_MYELINATION]
[HP_CLUBBING_OF_TOES,HP_CLUBBING_OF_TOES] was killed by [HP_ABNORMAL_NEUTROPHIL_COUNT,HP_ABNORMAL_NEUTROPHIL_COUNT]
[HP_CSF_PLEOCYTOSIS,HP_CSF_PLEOCYTOSIS] was killed by [HP_ABNORMAL_NEUTROPHIL_COUNT,HP_ABNORMAL_NEUTROPHIL_COUNT]
[HP_GLOMERULOPATHY,HP_GLOMERULOPATHY] was killed by [HP_ABNORMAL_NEUTROPHIL_COUNT,HP_ABNORMAL_NEUTROPHIL_COUNT]
[HP_PROGRESSIVE_EXTRAPYRAMIDAL_MOVEMENT_DISORDER,HP_PROGRESSIVE_EXTRAPYRAMIDAL_MOVEMENT_DISORDER] was killed by [HP_ABNORMALITY_OF_THE_PERIVENTRICULAR_WHITE_MATTER,HP_ABNORMALITY_OF_THE_PERIVENTRICULAR_WHITE_MATTER]
[HP_ABNORMAL_SHAPE_OF_THE_OCCIPUT,HP_ABNORMAL_SHAPE_OF_THE_OCCIPUT] was killed by [HP_DELAYED_MYELINATION,HP_DELAYED_MYELINATION]
[HP_BILATERAL_SINGLE_TRANSVERSE_PALMAR_CREASES,HP_BILATERAL_SINGLE_TRANSVERSE_PALMAR_CREASES] was killed by [HP_INCREASED_SERUM_LACTATE,HP_INCREASED_SERUM_LACTATE]
[HP_MUSCLE_SPASM,HP_MUSCLE_SPASM] was killed by [HP_INCREASED_SERUM_LACTATE,HP_INCREASED_SERUM_LACTATE]
[HP_ABNORMAL_METABOLIC_BRAIN_IMAGING_BY_MRS,HP_ABNORMAL_METABOLIC_BRAIN_IMAGING_BY_MRS] was killed by [HP_INCREASED_SERUM_LACTATE,HP_INCREASED_SERUM_LACTATE]
[HP_ABNORMALITY_OF_KREBS_CYCLE_METABOLISM,HP_ABNORMALITY_OF_KREBS_CYCLE_METABOLISM] was killed by [HP_INCREASED_SERUM_LACTATE,HP_INCREASED_SERUM_LACTATE]
[HP_CLONIC_SEIZURE,HP_CLONIC_SEIZURE] was killed by [HP_DELAYED_MYELINATION,HP_DELAYED_MYELINATION]
[HP_HOMOCYSTINURIA,HP_HOMOCYSTINURIA] was killed by [HP_ABNORMAL_NEUTROPHIL_COUNT,HP_ABNORMAL_NEUTROPHIL_COUNT]
[HP_HYPERHOMOCYSTINEMIA,HP_HYPERHOMOCYSTINEMIA] was killed by [HP_ABNORMAL_NEUTROPHIL_COUNT,HP_ABNORMAL_NEUTROPHIL_COUNT]
[HP_CEREBRAL_HYPOMYELINATION,HP_CEREBRAL_HYPOMYELINATION] was killed by [HP_DELAYED_MYELINATION,HP_DELAYED_MYELINATION]
[HP_POINTED_CHIN,HP_POINTED_CHIN] was killed by [HP_ABNORMAL_NEUTROPHIL_COUNT,HP_ABNORMAL_NEUTROPHIL_COUNT]
[HP_PSYCHOSIS,HP_PSYCHOSIS] was killed by [HP_INCREASED_SERUM_LACTATE,HP_INCREASED_SERUM_LACTATE]
[HP_SKIN_NODULE,HP_SKIN_NODULE] was killed by [HP_RETINAL_HAMARTOMA,HP_RETINAL_HAMARTOMA]
[HP_OVERLAPPING_TOE,HP_OVERLAPPING_TOE] was killed by [HP_WIDE_MOUTH,HP_WIDE_MOUTH]
[HP_LATERAL_CLAVICLE_HOOK,HP_LATERAL_CLAVICLE_HOOK] was killed by [HP_ABNORMAL_RENAL_MEDULLA_MORPHOLOGY,HP_ABNORMAL_RENAL_MEDULLA_MORPHOLOGY]
[HP_RETINAL_ARTERIAL_TORTUOSITY,HP_RETINAL_ARTERIAL_TORTUOSITY] was killed by [HP_INCREASED_SERUM_LACTATE,HP_INCREASED_SERUM_LACTATE]
[HP_ABNORMAL_MITOCHONDRIAL_MORPHOLOGY,HP_ABNORMAL_MITOCHONDRIAL_MORPHOLOGY] was killed by [HP_INCREASED_SERUM_LACTATE,HP_INCREASED_SERUM_LACTATE]
[HP_ABNORMAL_CIRCULATING_SERINE_FAMILY_AMINO_ACID_CONCENTRATION,HP_ABNORMAL_CIRCULATING_SERINE_FAMILY_AMINO_ACID_CONCENTRATION] was killed by [HP_ABNORMAL_NEUTROPHIL_COUNT,HP_ABNORMAL_NEUTROPHIL_COUNT]
[HP_ABNORMAL_MITOCHONDRIA_IN_MUSCLE_TISSUE,HP_ABNORMAL_MITOCHONDRIA_IN_MUSCLE_TISSUE] was killed by [HP_INCREASED_SERUM_LACTATE,HP_INCREASED_SERUM_LACTATE]
[HP_SMOOTH_PHILTRUM,HP_SMOOTH_PHILTRUM] was killed by [HP_INCREASED_SERUM_LACTATE,HP_INCREASED_SERUM_LACTATE]
[HP_MULTIFOCAL_EPILEPTIFORM_DISCHARGES,HP_MULTIFOCAL_EPILEPTIFORM_DISCHARGES] was killed by [HP_ABNORMAL_NEUTROPHIL_COUNT,HP_ABNORMAL_NEUTROPHIL_COUNT]
[HP_FREQUENT_FALLS,HP_FREQUENT_FALLS] was killed by [HP_INCREASED_SERUM_LACTATE,HP_INCREASED_SERUM_LACTATE]
[HP_FETAL_DISTRESS,HP_FETAL_DISTRESS] was killed by [HP_INCREASED_SERUM_LACTATE,HP_INCREASED_SERUM_LACTATE]
[HP_INCREASED_SERUM_PYRUVATE,HP_INCREASED_SERUM_PYRUVATE] was killed by [HP_INCREASED_SERUM_LACTATE,HP_INCREASED_SERUM_LACTATE]
[HP_PREAXIAL_POLYDACTYLY,HP_PREAXIAL_POLYDACTYLY] was killed by [HP_INCREASED_SERUM_LACTATE,HP_INCREASED_SERUM_LACTATE]
[HP_PRURITUS,HP_PRURITUS] was killed by [HP_INCREASED_SERUM_LACTATE,HP_INCREASED_SERUM_LACTATE]
[HP_DIMINISHED_MOTIVATION,HP_DIMINISHED_MOTIVATION] was killed by [HP_ABNORMAL_UPPER_MOTOR_NEURON_MORPHOLOGY,HP_ABNORMAL_UPPER_MOTOR_NEURON_MORPHOLOGY]
[HP_LARGE_HANDS,HP_LARGE_HANDS] was killed by [HP_WIDE_MOUTH,HP_WIDE_MOUTH]
[HP_FOLLICULAR_THYROID_CARCINOMA,HP_FOLLICULAR_THYROID_CARCINOMA] was killed by [HP_RETINAL_HAMARTOMA,HP_RETINAL_HAMARTOMA]
[HP_SPASTIC_DYSARTHRIA,HP_SPASTIC_DYSARTHRIA] was killed by [HP_WIDE_MOUTH,HP_WIDE_MOUTH]
[HP_NEOPLASM_OF_THE_LARGE_INTESTINE,HP_NEOPLASM_OF_THE_LARGE_INTESTINE] was killed by [HP_ABNORMAL_NEUTROPHIL_COUNT,HP_ABNORMAL_NEUTROPHIL_COUNT]
[HP_DISSEMINATED_INTRAVASCULAR_COAGULATION,HP_DISSEMINATED_INTRAVASCULAR_COAGULATION] was killed by [HP_ABNORMAL_NEUTROPHIL_COUNT,HP_ABNORMAL_NEUTROPHIL_COUNT]
[HP_TIBIAL_TORSION,HP_TIBIAL_TORSION] was killed by [HP_DELAYED_MYELINATION,HP_DELAYED_MYELINATION]
[HP_MICROVESICULAR_HEPATIC_STEATOSIS,HP_MICROVESICULAR_HEPATIC_STEATOSIS] was killed by [HP_INCREASED_SERUM_LACTATE,HP_INCREASED_SERUM_LACTATE]
[HP_CHERRY_RED_SPOT_OF_THE_MACULA,HP_CHERRY_RED_SPOT_OF_THE_MACULA] was killed by [HP_ABNORMALITY_OF_THE_PERIVENTRICULAR_WHITE_MATTER,HP_ABNORMALITY_OF_THE_PERIVENTRICULAR_WHITE_MATTER]
[HP_APLASIA_HYPOPLASIA_OF_THE_SKIN,HP_APLASIA_HYPOPLASIA_OF_THE_SKIN] was killed by [HP_INCREASED_SERUM_LACTATE,HP_INCREASED_SERUM_LACTATE]
[HP_ABNORMAL_CIRCULATING_PROTEINOGENIC_AMINO_ACID_DERIVATIVE_CONCENTRATION,HP_ABNORMAL_CIRCULATING_PROTEINOGENIC_AMINO_ACID_DERIVATIVE_CONCENTRATION] was killed by [HP_INCREASED_SERUM_LACTATE,HP_INCREASED_SERUM_LACTATE]
[HP_DILATED_CARDIOMYOPATHY,HP_DILATED_CARDIOMYOPATHY] was killed by [HP_INCREASED_SERUM_LACTATE,HP_INCREASED_SERUM_LACTATE]
