[MORF_NPM1,MORF_NPM1] was killed by [GNF2_EIF3S6,GNF2_EIF3S6]
[MORF_ACTG1,MORF_ACTG1] was killed by [GNF2_EIF3S6,GNF2_EIF3S6]
[GCM_TPT1,GCM_TPT1] was killed by [GNF2_EIF3S6,GNF2_EIF3S6]
[MORF_TPT1,MORF_TPT1] was killed by [GNF2_EIF3S6,GNF2_EIF3S6]
[GCM_NPM1,GCM_NPM1] was killed by [GNF2_EIF3S6,GNF2_EIF3S6]
[GNF2_FBL,GNF2_FBL] was killed by [GNF2_EIF3S6,GNF2_EIF3S6]
[MORF_NME2,MORF_NME2] was killed by [GNF2_EIF3S6,GNF2_EIF3S6]
[GNF2_ST13,GNF2_ST13] was killed by [GNF2_EIF3S6,GNF2_EIF3S6]
[GCM_ACTG1,GCM_ACTG1] was killed by [GNF2_EIF3S6,GNF2_EIF3S6]
[MORF_ANP32B,MORF_ANP32B] was killed by [GNF2_EIF3S6,GNF2_EIF3S6]
[MORF_JUND,MORF_JUND] was killed by [GNF2_EIF3S6,GNF2_EIF3S6]
[MORF_EIF3S6,MORF_EIF3S6] was killed by [GNF2_EIF3S6,GNF2_EIF3S6]
[GNF2_NPM1,GNF2_NPM1] was killed by [GNF2_EIF3S6,GNF2_EIF3S6]
[MORF_EIF4A2,MORF_EIF4A2] was killed by [GNF2_EIF3S6,GNF2_EIF3S6]
[GNF2_DAP3,GNF2_DAP3] was killed by [GNF2_EIF3S6,GNF2_EIF3S6]
[GNF2_GLTSCR2,GNF2_GLTSCR2] was killed by [GNF2_EIF3S6,GNF2_EIF3S6]
[GNF2_TPT1,GNF2_TPT1] was killed by [GNF2_EIF3S6,GNF2_EIF3S6]
[GCM_CSNK2B,GCM_CSNK2B] was killed by [GNF2_EIF3S6,GNF2_EIF3S6]
[GCM_PSME1,GCM_PSME1] was killed by [GNF2_EIF3S6,GNF2_EIF3S6]
[MORF_PCNA,MORF_PCNA] was killed by [MORF_PPP1CA,MORF_PPP1CA]
[GCM_RAB10,GCM_RAB10] was killed by [GNF2_EIF3S6,GNF2_EIF3S6]
[GNF2_HDAC1,GNF2_HDAC1] was killed by [GNF2_EIF3S6,GNF2_EIF3S6]
[GNF2_HAT1,GNF2_HAT1] was killed by [MORF_PPP1CA,MORF_PPP1CA]
[GCM_MSN,GCM_MSN] was killed by [GCM_TPR,GCM_TPR]
[MORF_CCNI,MORF_CCNI] was killed by [GNF2_EIF3S6,GNF2_EIF3S6]
[MORF_AP3D1,MORF_AP3D1] was killed by [GNF2_EIF3S6,GNF2_EIF3S6]
[GCM_MAP4K4,GCM_MAP4K4] was killed by [GNF2_EIF3S6,GNF2_EIF3S6]
[MORF_RAB5A,MORF_RAB5A] was killed by [MORF_PPP1CA,MORF_PPP1CA]
[GCM_APEX1,GCM_APEX1] was killed by [GNF2_EIF3S6,GNF2_EIF3S6]
[MORF_CDC16,MORF_CDC16] was killed by [MORF_PPP1CA,MORF_PPP1CA]
[MORF_RAD21,MORF_RAD21] was killed by [MORF_PPP1CA,MORF_PPP1CA]
[GCM_UBE2N,GCM_UBE2N] was killed by [GNF2_EIF3S6,GNF2_EIF3S6]
[MORF_FBL,MORF_FBL] was killed by [GNF2_EIF3S6,GNF2_EIF3S6]
[MORF_CTBP1,MORF_CTBP1] was killed by [MORF_PPP1CA,MORF_PPP1CA]
[MORF_ERH,MORF_ERH] was killed by [MORF_PPP1CA,MORF_PPP1CA]
[GCM_SIRT2,GCM_SIRT2] was killed by [GCM_IL6ST,GCM_IL6ST]
[GCM_RBM8A,GCM_RBM8A] was killed by [GNF2_EIF3S6,GNF2_EIF3S6]
[GCM_CRKL,GCM_CRKL] was killed by [GCM_IL6ST,GCM_IL6ST]
[MORF_ATOX1,MORF_ATOX1] was killed by [MORF_PPP1CA,MORF_PPP1CA]
