[CF_Im68_HEK293_Plass,CF_Im68_HEK293_Plass] was killed by [RBM10_HEK293_Plass,RBM10_HEK293_Plass]
[ZC3H7B_HEK293_Plass,ZC3H7B_HEK293_Plass] was killed by [RBM10_HEK293_Plass,RBM10_HEK293_Plass]
[FMR1_HEK293_Plass,FMR1_HEK293_Plass] was killed by [RBM10_HEK293_Plass,RBM10_HEK293_Plass]
[CF_Im59_HEK293_Plass,CF_Im59_HEK293_Plass] was killed by [RBM10_HEK293_Plass,RBM10_HEK293_Plass]
[IMP3_HEK293_Plass,IMP3_HEK293_Plass] was killed by [RBM10_HEK293_Plass,RBM10_HEK293_Plass]
[AGO1_HEK293_Plass,AGO1_HEK293_Plass] was killed by [RBM10_HEK293_Plass,RBM10_HEK293_Plass]
[NOP58_HEK293_Plass,NOP58_HEK293_Plass] was killed by [RBM10_HEK293_Plass,RBM10_HEK293_Plass]
[AGO2_HEK293_Plass,AGO2_HEK293_Plass] was killed by [RBM10_HEK293_Plass,RBM10_HEK293_Plass]
[MOV10_HEK293_Plass,MOV10_HEK293_Plass] was killed by [RBM10_HEK293_Plass,RBM10_HEK293_Plass]
[IMP2_HEK293_Plass,IMP2_HEK293_Plass] was killed by [RBM10_HEK293_Plass,RBM10_HEK293_Plass]
[C17orf85_HEK293_Plass,C17orf85_HEK293_Plass] was killed by [RBM10_HEK293_Plass,RBM10_HEK293_Plass]
[IMP1_HEK293_Plass,IMP1_HEK293_Plass] was killed by [RBM10_HEK293_Plass,RBM10_HEK293_Plass]
[DGCR8_HEK293_Plass,DGCR8_HEK293_Plass] was killed by [RBM10_HEK293_Plass,RBM10_HEK293_Plass]
[CPSF-160_HEK293_Plass,CPSF-160_HEK293_Plass] was killed by [RBM10_HEK293_Plass,RBM10_HEK293_Plass]
[EIF3D_HepG2_POSTAR_eCLIP,EIF3D_HepG2_POSTAR_eCLIP] was killed by [GPKOW_K562_POSTAR_eCLIP,GPKOW_K562_POSTAR_eCLIP]
[DGCR8_HEK293T_POSTAR_Piranha_0.01,DGCR8_HEK293T_POSTAR_Piranha_0.01] was killed by [GPKOW_K562_POSTAR_eCLIP,GPKOW_K562_POSTAR_eCLIP]
[CPSF1_HEK293_POSTAR_Piranha_0.01,CPSF1_HEK293_POSTAR_Piranha_0.01] was killed by [GPKOW_K562_POSTAR_eCLIP,GPKOW_K562_POSTAR_eCLIP]
[DICER1_HEK293_Plass,DICER1_HEK293_Plass] was killed by [RBM10_HEK293_Plass,RBM10_HEK293_Plass]
[NOP58_HEK293_POSTAR_PARalyzer,NOP58_HEK293_POSTAR_PARalyzer] was killed by [GPKOW_K562_POSTAR_eCLIP,GPKOW_K562_POSTAR_eCLIP]
[DGCR8_HEK293T_POSTAR_HITS-CLIP,DGCR8_HEK293T_POSTAR_HITS-CLIP] was killed by [GPKOW_K562_POSTAR_eCLIP,GPKOW_K562_POSTAR_eCLIP]
[NOP58_HEK293_POSTAR_PAR-CLIP,NOP58_HEK293_POSTAR_PAR-CLIP] was killed by [GPKOW_K562_POSTAR_eCLIP,GPKOW_K562_POSTAR_eCLIP]
[LIN28A_HEK293_POSTAR_Piranha_0.01,LIN28A_HEK293_POSTAR_Piranha_0.01] was killed by [GPKOW_K562_POSTAR_eCLIP,GPKOW_K562_POSTAR_eCLIP]
[CPSF-30_HEK293_Plass,CPSF-30_HEK293_Plass] was killed by [RBM10_HEK293_Plass,RBM10_HEK293_Plass]
[LIN28A_HEK293_POSTAR_HITS-CLIP,LIN28A_HEK293_POSTAR_HITS-CLIP] was killed by [GPKOW_K562_POSTAR_eCLIP,GPKOW_K562_POSTAR_eCLIP]
[FBL_HEK293_Plass,FBL_HEK293_Plass] was killed by [RBM10_HEK293_Plass,RBM10_HEK293_Plass]
[MTPAP_K562_POSTAR_eCLIP,MTPAP_K562_POSTAR_eCLIP] was killed by [GPKOW_K562_POSTAR_eCLIP,GPKOW_K562_POSTAR_eCLIP]
[DDX59_HepG2_POSTAR_eCLIP,DDX59_HepG2_POSTAR_eCLIP] was killed by [GPKOW_K562_POSTAR_eCLIP,GPKOW_K562_POSTAR_eCLIP]
[LARP4_HepG2_POSTAR_eCLIP,LARP4_HepG2_POSTAR_eCLIP] was killed by [GPKOW_K562_POSTAR_eCLIP,GPKOW_K562_POSTAR_eCLIP]
[NCBP2_HepG2_POSTAR_eCLIP,NCBP2_HepG2_POSTAR_eCLIP] was killed by [GPKOW_K562_POSTAR_eCLIP,GPKOW_K562_POSTAR_eCLIP]
[CPSF-73_HEK293_Plass,CPSF-73_HEK293_Plass] was killed by [RBM10_HEK293_Plass,RBM10_HEK293_Plass]
[FBL_HEK293_POSTAR_PAR-CLIP,FBL_HEK293_POSTAR_PAR-CLIP] was killed by [GPKOW_K562_POSTAR_eCLIP,GPKOW_K562_POSTAR_eCLIP]
[EIF3B_HEK293T_POSTAR_PARalyzer,EIF3B_HEK293T_POSTAR_PARalyzer] was killed by [GPKOW_K562_POSTAR_eCLIP,GPKOW_K562_POSTAR_eCLIP]
[C22orf28_HEK293_Plass,C22orf28_HEK293_Plass] was killed by [RBM10_HEK293_Plass,RBM10_HEK293_Plass]
[FBL_HEK293_POSTAR_PARalyzer,FBL_HEK293_POSTAR_PARalyzer] was killed by [GPKOW_K562_POSTAR_eCLIP,GPKOW_K562_POSTAR_eCLIP]
[YTHDF2_HeLa_POSTAR_Piranha_0.01,YTHDF2_HeLa_POSTAR_Piranha_0.01] was killed by [GPKOW_K562_POSTAR_eCLIP,GPKOW_K562_POSTAR_eCLIP]
[YTHDF2_HEK293T_POSTAR_Piranha_0.01,YTHDF2_HEK293T_POSTAR_Piranha_0.01] was killed by [GPKOW_K562_POSTAR_eCLIP,GPKOW_K562_POSTAR_eCLIP]
[YTHDC2_HEK293T_POSTAR_iCLIP,YTHDC2_HEK293T_POSTAR_iCLIP] was killed by [GPKOW_K562_POSTAR_eCLIP,GPKOW_K562_POSTAR_eCLIP]
[RBM15_HepG2_POSTAR_eCLIP,RBM15_HepG2_POSTAR_eCLIP] was killed by [GPKOW_K562_POSTAR_eCLIP,GPKOW_K562_POSTAR_eCLIP]
[SRRM4_HEK293T_POSTAR_CIMS,SRRM4_HEK293T_POSTAR_CIMS] was killed by [GPKOW_K562_POSTAR_eCLIP,GPKOW_K562_POSTAR_eCLIP]
[FXR2_HEK293_POSTAR_Piranha_0.01,FXR2_HEK293_POSTAR_Piranha_0.01] was killed by [GPKOW_K562_POSTAR_eCLIP,GPKOW_K562_POSTAR_eCLIP]
[SUB1_HepG2_POSTAR_eCLIP,SUB1_HepG2_POSTAR_eCLIP] was killed by [GPKOW_K562_POSTAR_eCLIP,GPKOW_K562_POSTAR_eCLIP]
[DDX3X_HEK293T_POSTAR_HITS-CLIP,DDX3X_HEK293T_POSTAR_HITS-CLIP] was killed by [GPKOW_K562_POSTAR_eCLIP,GPKOW_K562_POSTAR_eCLIP]
[PTBP1_HepG2_POSTAR_eCLIP,PTBP1_HepG2_POSTAR_eCLIP] was killed by [GPKOW_K562_POSTAR_eCLIP,GPKOW_K562_POSTAR_eCLIP]
[SMNDC1_K562_POSTAR_eCLIP,SMNDC1_K562_POSTAR_eCLIP] was killed by [GPKOW_K562_POSTAR_eCLIP,GPKOW_K562_POSTAR_eCLIP]
[SRSF1_K562_POSTAR_eCLIP,SRSF1_K562_POSTAR_eCLIP] was killed by [GPKOW_K562_POSTAR_eCLIP,GPKOW_K562_POSTAR_eCLIP]
[EWSR1_HEK293_Plass,EWSR1_HEK293_Plass] was killed by [RBM10_HEK293_Plass,RBM10_HEK293_Plass]
[RBM15_HEK293T_POSTAR_Piranha_0.01,RBM15_HEK293T_POSTAR_Piranha_0.01] was killed by [GPKOW_K562_POSTAR_eCLIP,GPKOW_K562_POSTAR_eCLIP]
[DDX3X_HEK293T_POSTAR_Piranha_0.01,DDX3X_HEK293T_POSTAR_Piranha_0.01] was killed by [GPKOW_K562_POSTAR_eCLIP,GPKOW_K562_POSTAR_eCLIP]
[SSB_HEK293_POSTAR_PAR-CLIP,SSB_HEK293_POSTAR_PAR-CLIP] was killed by [GPKOW_K562_POSTAR_eCLIP,GPKOW_K562_POSTAR_eCLIP]
[AGO3_HEK293_Plass,AGO3_HEK293_Plass] was killed by [RBM10_HEK293_Plass,RBM10_HEK293_Plass]
[SUPV3L1_HepG2_POSTAR_eCLIP,SUPV3L1_HepG2_POSTAR_eCLIP] was killed by [GPKOW_K562_POSTAR_eCLIP,GPKOW_K562_POSTAR_eCLIP]
[ALKBH5_HEK293_Plass,ALKBH5_HEK293_Plass] was killed by [RBM10_HEK293_Plass,RBM10_HEK293_Plass]
[FXR1_HEK293_POSTAR_PAR-CLIP,FXR1_HEK293_POSTAR_PAR-CLIP] was killed by [GPKOW_K562_POSTAR_eCLIP,GPKOW_K562_POSTAR_eCLIP]
[YTHDC2_HEK293T_POSTAR_CIMS,YTHDC2_HEK293T_POSTAR_CIMS] was killed by [GPKOW_K562_POSTAR_eCLIP,GPKOW_K562_POSTAR_eCLIP]
[CPSF6_K562_POSTAR_eCLIP,CPSF6_K562_POSTAR_eCLIP] was killed by [GPKOW_K562_POSTAR_eCLIP,GPKOW_K562_POSTAR_eCLIP]
[HNRNPM_K562_POSTAR_eCLIP,HNRNPM_K562_POSTAR_eCLIP] was killed by [GPKOW_K562_POSTAR_eCLIP,GPKOW_K562_POSTAR_eCLIP]
[LIN28A_HEK293_POSTAR_CIMS,LIN28A_HEK293_POSTAR_CIMS] was killed by [GPKOW_K562_POSTAR_eCLIP,GPKOW_K562_POSTAR_eCLIP]
[UCHL5_HepG2_POSTAR_eCLIP,UCHL5_HepG2_POSTAR_eCLIP] was killed by [GPKOW_K562_POSTAR_eCLIP,GPKOW_K562_POSTAR_eCLIP]
[LIN28_HEK293_Plass,LIN28_HEK293_Plass] was killed by [RBM10_HEK293_Plass,RBM10_HEK293_Plass]
[ZRANB2_K562_POSTAR_eCLIP,ZRANB2_K562_POSTAR_eCLIP] was killed by [GPKOW_K562_POSTAR_eCLIP,GPKOW_K562_POSTAR_eCLIP]
[RBM5_HepG2_POSTAR_eCLIP,RBM5_HepG2_POSTAR_eCLIP] was killed by [GPKOW_K562_POSTAR_eCLIP,GPKOW_K562_POSTAR_eCLIP]
[CstF-64tau_HEK293_Plass,CstF-64tau_HEK293_Plass] was killed by [RBM10_HEK293_Plass,RBM10_HEK293_Plass]
[DDX6_K562_POSTAR_eCLIP,DDX6_K562_POSTAR_eCLIP] was killed by [GPKOW_K562_POSTAR_eCLIP,GPKOW_K562_POSTAR_eCLIP]
[SRSF1_HepG2_POSTAR_eCLIP,SRSF1_HepG2_POSTAR_eCLIP] was killed by [GPKOW_K562_POSTAR_eCLIP,GPKOW_K562_POSTAR_eCLIP]
[LSM11_K562_POSTAR_eCLIP,LSM11_K562_POSTAR_eCLIP] was killed by [GPKOW_K562_POSTAR_eCLIP,GPKOW_K562_POSTAR_eCLIP]
[SSB_HEK293_POSTAR_PARalyzer,SSB_HEK293_POSTAR_PARalyzer] was killed by [GPKOW_K562_POSTAR_eCLIP,GPKOW_K562_POSTAR_eCLIP]
[FXR1_HEK293_POSTAR_PARalyzer,FXR1_HEK293_POSTAR_PARalyzer] was killed by [GPKOW_K562_POSTAR_eCLIP,GPKOW_K562_POSTAR_eCLIP]
[TRA2A_K562_POSTAR_eCLIP,TRA2A_K562_POSTAR_eCLIP] was killed by [GPKOW_K562_POSTAR_eCLIP,GPKOW_K562_POSTAR_eCLIP]
[RBM10_HEK293T_POSTAR_HITS-CLIP,RBM10_HEK293T_POSTAR_HITS-CLIP] was killed by [GPKOW_K562_POSTAR_eCLIP,GPKOW_K562_POSTAR_eCLIP]
[ALKBH5_HEK293_POSTAR_PAR-CLIP,ALKBH5_HEK293_POSTAR_PAR-CLIP] was killed by [GPKOW_K562_POSTAR_eCLIP,GPKOW_K562_POSTAR_eCLIP]
[LARP4_K562_POSTAR_eCLIP,LARP4_K562_POSTAR_eCLIP] was killed by [GPKOW_K562_POSTAR_eCLIP,GPKOW_K562_POSTAR_eCLIP]
[XPO5_HepG2_POSTAR_eCLIP,XPO5_HepG2_POSTAR_eCLIP] was killed by [GPKOW_K562_POSTAR_eCLIP,GPKOW_K562_POSTAR_eCLIP]
[RBM10_HEK293T_POSTAR_CIMS,RBM10_HEK293T_POSTAR_CIMS] was killed by [GPKOW_K562_POSTAR_eCLIP,GPKOW_K562_POSTAR_eCLIP]
[FXR1_HEK293_Plass,FXR1_HEK293_Plass] was killed by [RBM10_HEK293_Plass,RBM10_HEK293_Plass]
[EIF3A_HEK293T_POSTAR_PARalyzer,EIF3A_HEK293T_POSTAR_PARalyzer] was killed by [GPKOW_K562_POSTAR_eCLIP,GPKOW_K562_POSTAR_eCLIP]
[U2AF1_K562_POSTAR_eCLIP,U2AF1_K562_POSTAR_eCLIP] was killed by [GPKOW_K562_POSTAR_eCLIP,GPKOW_K562_POSTAR_eCLIP]
[SERBP1_K562_POSTAR_eCLIP,SERBP1_K562_POSTAR_eCLIP] was killed by [GPKOW_K562_POSTAR_eCLIP,GPKOW_K562_POSTAR_eCLIP]
[RBM22_HepG2_POSTAR_eCLIP,RBM22_HepG2_POSTAR_eCLIP] was killed by [GPKOW_K562_POSTAR_eCLIP,GPKOW_K562_POSTAR_eCLIP]
[ALKBH5_HEK293_POSTAR_PARalyzer,ALKBH5_HEK293_POSTAR_PARalyzer] was killed by [GPKOW_K562_POSTAR_eCLIP,GPKOW_K562_POSTAR_eCLIP]
[IGF2BP2_K562_POSTAR_eCLIP,IGF2BP2_K562_POSTAR_eCLIP] was killed by [GPKOW_K562_POSTAR_eCLIP,GPKOW_K562_POSTAR_eCLIP]
[HNRNPU_HeLa_POSTAR_Piranha_0.01,HNRNPU_HeLa_POSTAR_Piranha_0.01] was killed by [GPKOW_K562_POSTAR_eCLIP,GPKOW_K562_POSTAR_eCLIP]
[YTHDF1_Huh7_POSTAR_PARalyzer,YTHDF1_Huh7_POSTAR_PARalyzer] was killed by [GPKOW_K562_POSTAR_eCLIP,GPKOW_K562_POSTAR_eCLIP]
[IGF2BP3_HepG2_POSTAR_eCLIP,IGF2BP3_HepG2_POSTAR_eCLIP] was killed by [GPKOW_K562_POSTAR_eCLIP,GPKOW_K562_POSTAR_eCLIP]
[HNRNPU_HeLa_POSTAR_HITS-CLIP,HNRNPU_HeLa_POSTAR_HITS-CLIP] was killed by [GPKOW_K562_POSTAR_eCLIP,GPKOW_K562_POSTAR_eCLIP]
[DICER1_HEK293_POSTAR_PAR-CLIP,DICER1_HEK293_POSTAR_PAR-CLIP] was killed by [GPKOW_K562_POSTAR_eCLIP,GPKOW_K562_POSTAR_eCLIP]
[U2AF2_K562_POSTAR_eCLIP,U2AF2_K562_POSTAR_eCLIP] was killed by [GPKOW_K562_POSTAR_eCLIP,GPKOW_K562_POSTAR_eCLIP]
[WDR33_HEK293_Plass,WDR33_HEK293_Plass] was killed by [RBM10_HEK293_Plass,RBM10_HEK293_Plass]
[IGF2BP1_K562_POSTAR_eCLIP,IGF2BP1_K562_POSTAR_eCLIP] was killed by [GPKOW_K562_POSTAR_eCLIP,GPKOW_K562_POSTAR_eCLIP]
[YTHDF1_Huh7_POSTAR_PAR-CLIP,YTHDF1_Huh7_POSTAR_PAR-CLIP] was killed by [GPKOW_K562_POSTAR_eCLIP,GPKOW_K562_POSTAR_eCLIP]
[FXR1_HEK293_POSTAR_Piranha_0.01,FXR1_HEK293_POSTAR_Piranha_0.01] was killed by [GPKOW_K562_POSTAR_eCLIP,GPKOW_K562_POSTAR_eCLIP]
[LIN28B_HepG2_POSTAR_eCLIP,LIN28B_HepG2_POSTAR_eCLIP] was killed by [GPKOW_K562_POSTAR_eCLIP,GPKOW_K562_POSTAR_eCLIP]
[DICER1_HEK293_POSTAR_PARalyzer,DICER1_HEK293_POSTAR_PARalyzer] was killed by [GPKOW_K562_POSTAR_eCLIP,GPKOW_K562_POSTAR_eCLIP]
[SLBP_K562_POSTAR_eCLIP,SLBP_K562_POSTAR_eCLIP] was killed by [GPKOW_K562_POSTAR_eCLIP,GPKOW_K562_POSTAR_eCLIP]
[XRN2_K562_POSTAR_eCLIP,XRN2_K562_POSTAR_eCLIP] was killed by [GPKOW_K562_POSTAR_eCLIP,GPKOW_K562_POSTAR_eCLIP]
[TARDBP_SH-SY5Y_POSTAR_Piranha_0.01,TARDBP_SH-SY5Y_POSTAR_Piranha_0.01] was killed by [GPKOW_K562_POSTAR_eCLIP,GPKOW_K562_POSTAR_eCLIP]
[NOL12_HepG2_POSTAR_eCLIP,NOL12_HepG2_POSTAR_eCLIP] was killed by [GPKOW_K562_POSTAR_eCLIP,GPKOW_K562_POSTAR_eCLIP]
[TIA1_K562_POSTAR_eCLIP,TIA1_K562_POSTAR_eCLIP] was killed by [GPKOW_K562_POSTAR_eCLIP,GPKOW_K562_POSTAR_eCLIP]
[IGF2BP2_HEK293_POSTAR_Piranha_0.01,IGF2BP2_HEK293_POSTAR_Piranha_0.01] was killed by [GPKOW_K562_POSTAR_eCLIP,GPKOW_K562_POSTAR_eCLIP]
[TROVE2_HepG2_POSTAR_eCLIP,TROVE2_HepG2_POSTAR_eCLIP] was killed by [GPKOW_K562_POSTAR_eCLIP,GPKOW_K562_POSTAR_eCLIP]
[TARBP2_MDA-LM2_POSTAR_HITS-CLIP,TARBP2_MDA-LM2_POSTAR_HITS-CLIP] was killed by [GPKOW_K562_POSTAR_eCLIP,GPKOW_K562_POSTAR_eCLIP]
[TARBP2_MDA-LM2_POSTAR_Piranha_0.01,TARBP2_MDA-LM2_POSTAR_Piranha_0.01] was killed by [GPKOW_K562_POSTAR_eCLIP,GPKOW_K562_POSTAR_eCLIP]
[TIA1_HeLa_POSTAR_CIMS,TIA1_HeLa_POSTAR_CIMS] was killed by [GPKOW_K562_POSTAR_eCLIP,GPKOW_K562_POSTAR_eCLIP]
[DHX30_K562_POSTAR_eCLIP,DHX30_K562_POSTAR_eCLIP] was killed by [GPKOW_K562_POSTAR_eCLIP,GPKOW_K562_POSTAR_eCLIP]
[TRA2A_HepG2_POSTAR_eCLIP,TRA2A_HepG2_POSTAR_eCLIP] was killed by [GPKOW_K562_POSTAR_eCLIP,GPKOW_K562_POSTAR_eCLIP]
[RPS5_HepG2_POSTAR_eCLIP,RPS5_HepG2_POSTAR_eCLIP] was killed by [GPKOW_K562_POSTAR_eCLIP,GPKOW_K562_POSTAR_eCLIP]
[FUS_HEK293_Plass,FUS_HEK293_Plass] was killed by [RBM10_HEK293_Plass,RBM10_HEK293_Plass]
[TIA1_HepG2_POSTAR_eCLIP,TIA1_HepG2_POSTAR_eCLIP] was killed by [NKRF_HepG2_POSTAR_eCLIP,NKRF_HepG2_POSTAR_eCLIP]
[CDC40_HepG2_POSTAR_eCLIP,CDC40_HepG2_POSTAR_eCLIP] was killed by [GPKOW_K562_POSTAR_eCLIP,GPKOW_K562_POSTAR_eCLIP]
[DDX55_K562_POSTAR_eCLIP,DDX55_K562_POSTAR_eCLIP] was killed by [GPKOW_K562_POSTAR_eCLIP,GPKOW_K562_POSTAR_eCLIP]
[QKI_HepG2_POSTAR_eCLIP,QKI_HepG2_POSTAR_eCLIP] was killed by [RBM10_HEK293_Plass,RBM10_HEK293_Plass]
[NOP58_HEK293_POSTAR_Piranha_0.01,NOP58_HEK293_POSTAR_Piranha_0.01] was killed by [GPKOW_K562_POSTAR_eCLIP,GPKOW_K562_POSTAR_eCLIP]
[TAF15_HEK293_POSTAR_PARalyzer,TAF15_HEK293_POSTAR_PARalyzer] was killed by [GPKOW_K562_POSTAR_eCLIP,GPKOW_K562_POSTAR_eCLIP]
[PTBP1_K562_POSTAR_eCLIP,PTBP1_K562_POSTAR_eCLIP] was killed by [GPKOW_K562_POSTAR_eCLIP,GPKOW_K562_POSTAR_eCLIP]
[DKC1_HepG2_POSTAR_eCLIP,DKC1_HepG2_POSTAR_eCLIP] was killed by [GPKOW_K562_POSTAR_eCLIP,GPKOW_K562_POSTAR_eCLIP]
[IGF2BP1_HEK293_POSTAR_Piranha_0.01,IGF2BP1_HEK293_POSTAR_Piranha_0.01] was killed by [GPKOW_K562_POSTAR_eCLIP,GPKOW_K562_POSTAR_eCLIP]
[EIF3B_HEK293T_POSTAR_Piranha_0.01,EIF3B_HEK293T_POSTAR_Piranha_0.01] was killed by [GPKOW_K562_POSTAR_eCLIP,GPKOW_K562_POSTAR_eCLIP]
[HNRNPH1_HEK293T_POSTAR_Piranha_0.01,HNRNPH1_HEK293T_POSTAR_Piranha_0.01] was killed by [NKRF_HepG2_POSTAR_eCLIP,NKRF_HepG2_POSTAR_eCLIP]
[UPF1_HEK_293_FRT_POSTAR_CIMS,UPF1_HEK_293_FRT_POSTAR_CIMS] was killed by [GPKOW_K562_POSTAR_eCLIP,GPKOW_K562_POSTAR_eCLIP]
[CSTF2T_K562_POSTAR_eCLIP,CSTF2T_K562_POSTAR_eCLIP] was killed by [GPKOW_K562_POSTAR_eCLIP,GPKOW_K562_POSTAR_eCLIP]
[RTCB_HEK293_POSTAR_Piranha_0.01,RTCB_HEK293_POSTAR_Piranha_0.01] was killed by [GPKOW_K562_POSTAR_eCLIP,GPKOW_K562_POSTAR_eCLIP]
[TIA1_HeLa_POSTAR_iCLIP,TIA1_HeLa_POSTAR_iCLIP] was killed by [GPKOW_K562_POSTAR_eCLIP,GPKOW_K562_POSTAR_eCLIP]
[IGF2BP3_Panc1_POSTAR_CIMS,IGF2BP3_Panc1_POSTAR_CIMS] was killed by [GPKOW_K562_POSTAR_eCLIP,GPKOW_K562_POSTAR_eCLIP]
[IGF2BP3_Panc1_POSTAR_iCLIP,IGF2BP3_Panc1_POSTAR_iCLIP] was killed by [GPKOW_K562_POSTAR_eCLIP,GPKOW_K562_POSTAR_eCLIP]
[SMNDC1_HepG2_POSTAR_eCLIP,SMNDC1_HepG2_POSTAR_eCLIP] was killed by [GPKOW_K562_POSTAR_eCLIP,GPKOW_K562_POSTAR_eCLIP]
[DDX6_HepG2_POSTAR_eCLIP,DDX6_HepG2_POSTAR_eCLIP] was killed by [GPKOW_K562_POSTAR_eCLIP,GPKOW_K562_POSTAR_eCLIP]
[ATXN2_HEK293T_POSTAR_Piranha_0.01,ATXN2_HEK293T_POSTAR_Piranha_0.01] was killed by [RBM10_HEK293_Plass,RBM10_HEK293_Plass]
[GTF2F1_K562_POSTAR_eCLIP,GTF2F1_K562_POSTAR_eCLIP] was killed by [GPKOW_K562_POSTAR_eCLIP,GPKOW_K562_POSTAR_eCLIP]
[NCBP3_HEK293_POSTAR_Piranha_0.01,NCBP3_HEK293_POSTAR_Piranha_0.01] was killed by [GPKOW_K562_POSTAR_eCLIP,GPKOW_K562_POSTAR_eCLIP]
[SND1_K562_POSTAR_eCLIP,SND1_K562_POSTAR_eCLIP] was killed by [GPKOW_K562_POSTAR_eCLIP,GPKOW_K562_POSTAR_eCLIP]
[DIS3L2_HEK293_POSTAR_HITS-CLIP,DIS3L2_HEK293_POSTAR_HITS-CLIP] was killed by [GPKOW_K562_POSTAR_eCLIP,GPKOW_K562_POSTAR_eCLIP]
[CAPRIN1_HEK293_POSTAR_Piranha_0.01,CAPRIN1_HEK293_POSTAR_Piranha_0.01] was killed by [GPKOW_K562_POSTAR_eCLIP,GPKOW_K562_POSTAR_eCLIP]
[FASTKD2_HepG2_POSTAR_eCLIP,FASTKD2_HepG2_POSTAR_eCLIP] was killed by [GPKOW_K562_POSTAR_eCLIP,GPKOW_K562_POSTAR_eCLIP]
[SLTM_HepG2_POSTAR_eCLIP,SLTM_HepG2_POSTAR_eCLIP] was killed by [GPKOW_K562_POSTAR_eCLIP,GPKOW_K562_POSTAR_eCLIP]
[EWSR1_K562_POSTAR_eCLIP,EWSR1_K562_POSTAR_eCLIP] was killed by [GPKOW_K562_POSTAR_eCLIP,GPKOW_K562_POSTAR_eCLIP]
[HNRNPF_HEK293T_POSTAR_HITS-CLIP,HNRNPF_HEK293T_POSTAR_HITS-CLIP] was killed by [GPKOW_K562_POSTAR_eCLIP,GPKOW_K562_POSTAR_eCLIP]
[HNRNPF_HEK293T_POSTAR_Piranha_0.01,HNRNPF_HEK293T_POSTAR_Piranha_0.01] was killed by [GPKOW_K562_POSTAR_eCLIP,GPKOW_K562_POSTAR_eCLIP]
[FTO_K562_POSTAR_eCLIP,FTO_K562_POSTAR_eCLIP] was killed by [RBM10_HEK293_Plass,RBM10_HEK293_Plass]
[NCBP2_K562_POSTAR_eCLIP,NCBP2_K562_POSTAR_eCLIP] was killed by [GPKOW_K562_POSTAR_eCLIP,GPKOW_K562_POSTAR_eCLIP]
[NOP56_HEK293_POSTAR_Piranha_0.01,NOP56_HEK293_POSTAR_Piranha_0.01] was killed by [GPKOW_K562_POSTAR_eCLIP,GPKOW_K562_POSTAR_eCLIP]
[IGF2BP1_HepG2_POSTAR_eCLIP,IGF2BP1_HepG2_POSTAR_eCLIP] was killed by [GPKOW_K562_POSTAR_eCLIP,GPKOW_K562_POSTAR_eCLIP]
[HNRNPA2B1_HEK293T_POSTAR_HITS-CLIP,HNRNPA2B1_HEK293T_POSTAR_HITS-CLIP] was killed by [GPKOW_K562_POSTAR_eCLIP,GPKOW_K562_POSTAR_eCLIP]
[LARP7_K562_POSTAR_eCLIP,LARP7_K562_POSTAR_eCLIP] was killed by [GPKOW_K562_POSTAR_eCLIP,GPKOW_K562_POSTAR_eCLIP]
[HNRNPC_HEK293_POSTAR_Piranha_0.01,HNRNPC_HEK293_POSTAR_Piranha_0.01] was killed by [GPKOW_K562_POSTAR_eCLIP,GPKOW_K562_POSTAR_eCLIP]
[SRSF7_K562_POSTAR_eCLIP,SRSF7_K562_POSTAR_eCLIP] was killed by [GPKOW_K562_POSTAR_eCLIP,GPKOW_K562_POSTAR_eCLIP]
[PUM2_HEK293_POSTAR_PARalyzer,PUM2_HEK293_POSTAR_PARalyzer] was killed by [GPKOW_K562_POSTAR_eCLIP,GPKOW_K562_POSTAR_eCLIP]
[LIN28A_HEK293_Plass,LIN28A_HEK293_Plass] was killed by [RBM10_HEK293_Plass,RBM10_HEK293_Plass]
[FUS_HEK293_POSTAR_Piranha_0.01,FUS_HEK293_POSTAR_Piranha_0.01] was killed by [GPKOW_K562_POSTAR_eCLIP,GPKOW_K562_POSTAR_eCLIP]
[RBM47_MDA-MB-231_POSTAR_Piranha_0.01,RBM47_MDA-MB-231_POSTAR_Piranha_0.01] was killed by [GPKOW_K562_POSTAR_eCLIP,GPKOW_K562_POSTAR_eCLIP]
[HNRNPM_HEK293T_POSTAR_HITS-CLIP,HNRNPM_HEK293T_POSTAR_HITS-CLIP] was killed by [GPKOW_K562_POSTAR_eCLIP,GPKOW_K562_POSTAR_eCLIP]
[HNRNPM_HEK293T_POSTAR_Piranha_0.01,HNRNPM_HEK293T_POSTAR_Piranha_0.01] was killed by [GPKOW_K562_POSTAR_eCLIP,GPKOW_K562_POSTAR_eCLIP]
[PUM2_HEK293_POSTAR_PAR-CLIP,PUM2_HEK293_POSTAR_PAR-CLIP] was killed by [GPKOW_K562_POSTAR_eCLIP,GPKOW_K562_POSTAR_eCLIP]
[XRCC6_K562_POSTAR_eCLIP,XRCC6_K562_POSTAR_eCLIP] was killed by [GPKOW_K562_POSTAR_eCLIP,GPKOW_K562_POSTAR_eCLIP]
[HNRNPC_HEK293_POSTAR_PAR-CLIP,HNRNPC_HEK293_POSTAR_PAR-CLIP] was killed by [GPKOW_K562_POSTAR_eCLIP,GPKOW_K562_POSTAR_eCLIP]
[CSTF2_HepG2_POSTAR_eCLIP,CSTF2_HepG2_POSTAR_eCLIP] was killed by [NKRF_HepG2_POSTAR_eCLIP,NKRF_HepG2_POSTAR_eCLIP]
[TAF_HEK293_Plass,TAF_HEK293_Plass] was killed by [RBM10_HEK293_Plass,RBM10_HEK293_Plass]
[DIS3L2_HEK293_POSTAR_Piranha_0.01,DIS3L2_HEK293_POSTAR_Piranha_0.01] was killed by [GPKOW_K562_POSTAR_eCLIP,GPKOW_K562_POSTAR_eCLIP]
[UPF1_K562_POSTAR_eCLIP,UPF1_K562_POSTAR_eCLIP] was killed by [GPKOW_K562_POSTAR_eCLIP,GPKOW_K562_POSTAR_eCLIP]
[FXR1_K562_POSTAR_eCLIP,FXR1_K562_POSTAR_eCLIP] was killed by [GPKOW_K562_POSTAR_eCLIP,GPKOW_K562_POSTAR_eCLIP]
[TNRC6A_K562_POSTAR_eCLIP,TNRC6A_K562_POSTAR_eCLIP] was killed by [GPKOW_K562_POSTAR_eCLIP,GPKOW_K562_POSTAR_eCLIP]
[HNRNPK_K562_POSTAR_eCLIP,HNRNPK_K562_POSTAR_eCLIP] was killed by [GPKOW_K562_POSTAR_eCLIP,GPKOW_K562_POSTAR_eCLIP]
[LIN28A_H9_POSTAR_Piranha_0.01,LIN28A_H9_POSTAR_Piranha_0.01] was killed by [GPKOW_K562_POSTAR_eCLIP,GPKOW_K562_POSTAR_eCLIP]
[QKI_HEK293_POSTAR_PARalyzer,QKI_HEK293_POSTAR_PARalyzer] was killed by [GPKOW_K562_POSTAR_eCLIP,GPKOW_K562_POSTAR_eCLIP]
[QKI_HEK293_POSTAR_PAR-CLIP,QKI_HEK293_POSTAR_PAR-CLIP] was killed by [GPKOW_K562_POSTAR_eCLIP,GPKOW_K562_POSTAR_eCLIP]
[YTHDC2_HEK293T_POSTAR_Piranha_0.01,YTHDC2_HEK293T_POSTAR_Piranha_0.01] was killed by [NKRF_HepG2_POSTAR_eCLIP,NKRF_HepG2_POSTAR_eCLIP]
[PTBP1_HeLa_POSTAR_CIMS,PTBP1_HeLa_POSTAR_CIMS] was killed by [NKRF_HepG2_POSTAR_eCLIP,NKRF_HepG2_POSTAR_eCLIP]
[LSM11_HepG2_POSTAR_eCLIP,LSM11_HepG2_POSTAR_eCLIP] was killed by [GPKOW_K562_POSTAR_eCLIP,GPKOW_K562_POSTAR_eCLIP]
[TBRG4_K562_POSTAR_eCLIP,TBRG4_K562_POSTAR_eCLIP] was killed by [GPKOW_K562_POSTAR_eCLIP,GPKOW_K562_POSTAR_eCLIP]
[HNRNPA2B1_HEK293T_POSTAR_Piranha_0.01,HNRNPA2B1_HEK293T_POSTAR_Piranha_0.01] was killed by [GPKOW_K562_POSTAR_eCLIP,GPKOW_K562_POSTAR_eCLIP]
[CPSF2_HEK293_POSTAR_PAR-CLIP,CPSF2_HEK293_POSTAR_PAR-CLIP] was killed by [GPKOW_K562_POSTAR_eCLIP,GPKOW_K562_POSTAR_eCLIP]
[RBM47_MDA-MB-231_POSTAR_HITS-CLIP,RBM47_MDA-MB-231_POSTAR_HITS-CLIP] was killed by [RBM10_HEK293_Plass,RBM10_HEK293_Plass]
[SRSF7_HepG2_POSTAR_eCLIP,SRSF7_HepG2_POSTAR_eCLIP] was killed by [GPKOW_K562_POSTAR_eCLIP,GPKOW_K562_POSTAR_eCLIP]
[DCK1_HEK293_Plass,DCK1_HEK293_Plass] was killed by [RBM10_HEK293_Plass,RBM10_HEK293_Plass]
[HNRNPA1_HEK293T_POSTAR_HITS-CLIP,HNRNPA1_HEK293T_POSTAR_HITS-CLIP] was killed by [GPKOW_K562_POSTAR_eCLIP,GPKOW_K562_POSTAR_eCLIP]
[HNRNPA1_HEK293T_POSTAR_Piranha_0.01,HNRNPA1_HEK293T_POSTAR_Piranha_0.01] was killed by [GPKOW_K562_POSTAR_eCLIP,GPKOW_K562_POSTAR_eCLIP]
[IGF2BP3_PL45_POSTAR_CIMS,IGF2BP3_PL45_POSTAR_CIMS] was killed by [GPKOW_K562_POSTAR_eCLIP,GPKOW_K562_POSTAR_eCLIP]
[HNRNPA1_HepG2_POSTAR_eCLIP,HNRNPA1_HepG2_POSTAR_eCLIP] was killed by [RBM10_HEK293_Plass,RBM10_HEK293_Plass]
[IGF2BP3_PL45_POSTAR_iCLIP,IGF2BP3_PL45_POSTAR_iCLIP] was killed by [GPKOW_K562_POSTAR_eCLIP,GPKOW_K562_POSTAR_eCLIP]
[ILF3_K562_POSTAR_eCLIP,ILF3_K562_POSTAR_eCLIP] was killed by [GPKOW_K562_POSTAR_eCLIP,GPKOW_K562_POSTAR_eCLIP]
[MOV10_HEK293_POSTAR_Piranha_0.01,MOV10_HEK293_POSTAR_Piranha_0.01] was killed by [GPKOW_K562_POSTAR_eCLIP,GPKOW_K562_POSTAR_eCLIP]
[HNRNPUL1_K562_POSTAR_eCLIP,HNRNPUL1_K562_POSTAR_eCLIP] was killed by [RBM10_HEK293_Plass,RBM10_HEK293_Plass]
[UPF1_HEK293_Plass,UPF1_HEK293_Plass] was killed by [RBM10_HEK293_Plass,RBM10_HEK293_Plass]
[PAPD5_HEK293_Plass,PAPD5_HEK293_Plass] was killed by [RBM10_HEK293_Plass,RBM10_HEK293_Plass]
[XRCC6_HepG2_POSTAR_eCLIP,XRCC6_HepG2_POSTAR_eCLIP] was killed by [NKRF_HepG2_POSTAR_eCLIP,NKRF_HepG2_POSTAR_eCLIP]
[RBFOX2_HepG2_POSTAR_eCLIP,RBFOX2_HepG2_POSTAR_eCLIP] was killed by [GPKOW_K562_POSTAR_eCLIP,GPKOW_K562_POSTAR_eCLIP]
[CPSF2_HEK293_POSTAR_PARalyzer,CPSF2_HEK293_POSTAR_PARalyzer] was killed by [GPKOW_K562_POSTAR_eCLIP,GPKOW_K562_POSTAR_eCLIP]
[METTL3_HeLa_POSTAR_PARalyzer,METTL3_HeLa_POSTAR_PARalyzer] was killed by [GPKOW_K562_POSTAR_eCLIP,GPKOW_K562_POSTAR_eCLIP]
[HNRNPC_HepG2_POSTAR_eCLIP,HNRNPC_HepG2_POSTAR_eCLIP] was killed by [GPKOW_K562_POSTAR_eCLIP,GPKOW_K562_POSTAR_eCLIP]
[RBM22_K562_POSTAR_eCLIP,RBM22_K562_POSTAR_eCLIP] was killed by [GPKOW_K562_POSTAR_eCLIP,GPKOW_K562_POSTAR_eCLIP]
[AGGF1_HepG2_POSTAR_eCLIP,AGGF1_HepG2_POSTAR_eCLIP] was killed by [GPKOW_K562_POSTAR_eCLIP,GPKOW_K562_POSTAR_eCLIP]
[SSB_HEK293_POSTAR_Piranha_0.01,SSB_HEK293_POSTAR_Piranha_0.01] was killed by [GPKOW_K562_POSTAR_eCLIP,GPKOW_K562_POSTAR_eCLIP]
[YTHDC2_HeLa_POSTAR_Piranha_0.01,YTHDC2_HeLa_POSTAR_Piranha_0.01] was killed by [NKRF_HepG2_POSTAR_eCLIP,NKRF_HepG2_POSTAR_eCLIP]
[METTL3_HeLa_POSTAR_PAR-CLIP,METTL3_HeLa_POSTAR_PAR-CLIP] was killed by [GPKOW_K562_POSTAR_eCLIP,GPKOW_K562_POSTAR_eCLIP]
[AUF1_HEK293_Plass,AUF1_HEK293_Plass] was killed by [RBM10_HEK293_Plass,RBM10_HEK293_Plass]
[HNRNPUL1_HepG2_POSTAR_eCLIP,HNRNPUL1_HepG2_POSTAR_eCLIP] was killed by [NKRF_HepG2_POSTAR_eCLIP,NKRF_HepG2_POSTAR_eCLIP]
[RBFOX2_K562_POSTAR_eCLIP,RBFOX2_K562_POSTAR_eCLIP] was killed by [GPKOW_K562_POSTAR_eCLIP,GPKOW_K562_POSTAR_eCLIP]
[DDX42_K562_POSTAR_eCLIP,DDX42_K562_POSTAR_eCLIP] was killed by [GPKOW_K562_POSTAR_eCLIP,GPKOW_K562_POSTAR_eCLIP]
[IGF2BP3_HEK293_POSTAR_Piranha_0.01,IGF2BP3_HEK293_POSTAR_Piranha_0.01] was killed by [GPKOW_K562_POSTAR_eCLIP,GPKOW_K562_POSTAR_eCLIP]
[PPIL4_K562_POSTAR_eCLIP,PPIL4_K562_POSTAR_eCLIP] was killed by [GPKOW_K562_POSTAR_eCLIP,GPKOW_K562_POSTAR_eCLIP]
[KHDRBS1_K562_POSTAR_eCLIP,KHDRBS1_K562_POSTAR_eCLIP] was killed by [GPKOW_K562_POSTAR_eCLIP,GPKOW_K562_POSTAR_eCLIP]
[EIF4A3_HeLa_POSTAR_CIMS,EIF4A3_HeLa_POSTAR_CIMS] was killed by [GPKOW_K562_POSTAR_eCLIP,GPKOW_K562_POSTAR_eCLIP]
[LIN28A_H9_POSTAR_HITS-CLIP,LIN28A_H9_POSTAR_HITS-CLIP] was killed by [GPKOW_K562_POSTAR_eCLIP,GPKOW_K562_POSTAR_eCLIP]
[RPS5_K562_POSTAR_eCLIP,RPS5_K562_POSTAR_eCLIP] was killed by [NKRF_HepG2_POSTAR_eCLIP,NKRF_HepG2_POSTAR_eCLIP]
[HNRNPK_HepG2_POSTAR_eCLIP,HNRNPK_HepG2_POSTAR_eCLIP] was killed by [GPKOW_K562_POSTAR_eCLIP,GPKOW_K562_POSTAR_eCLIP]
[PUS1_K562_POSTAR_eCLIP,PUS1_K562_POSTAR_eCLIP] was killed by [GPKOW_K562_POSTAR_eCLIP,GPKOW_K562_POSTAR_eCLIP]
[TARBP2_HEK293_POSTAR_PAR-CLIP,TARBP2_HEK293_POSTAR_PAR-CLIP] was killed by [GPKOW_K562_POSTAR_eCLIP,GPKOW_K562_POSTAR_eCLIP]
[TARBP2_HEK293_POSTAR_PARalyzer,TARBP2_HEK293_POSTAR_PARalyzer] was killed by [GPKOW_K562_POSTAR_eCLIP,GPKOW_K562_POSTAR_eCLIP]
[TIAL1_HeLa_POSTAR_Piranha_0.01,TIAL1_HeLa_POSTAR_Piranha_0.01] was killed by [GPKOW_K562_POSTAR_eCLIP,GPKOW_K562_POSTAR_eCLIP]
[U2AF2_HeLa_POSTAR_CIMS,U2AF2_HeLa_POSTAR_CIMS] was killed by [GPKOW_K562_POSTAR_eCLIP,GPKOW_K562_POSTAR_eCLIP]
[HNRNPC_HEK293_POSTAR_PARalyzer,HNRNPC_HEK293_POSTAR_PARalyzer] was killed by [GPKOW_K562_POSTAR_eCLIP,GPKOW_K562_POSTAR_eCLIP]
[NOP56_HEK293_POSTAR_PAR-CLIP,NOP56_HEK293_POSTAR_PAR-CLIP] was killed by [GPKOW_K562_POSTAR_eCLIP,GPKOW_K562_POSTAR_eCLIP]
[NOP56_HEK293_Plass,NOP56_HEK293_Plass] was killed by [RBM10_HEK293_Plass,RBM10_HEK293_Plass]
