[MORF_MSH2,MORF_MSH2] was killed by [MORF_RFC4,MORF_RFC4]
[GNF2_MCM5,GNF2_MCM5] was killed by [MORF_RFC4,MORF_RFC4]
[GNF2_TDG,GNF2_TDG] was killed by [MORF_RFC4,MORF_RFC4]
[GNF2_ANP32B,GNF2_ANP32B] was killed by [MORF_RFC4,MORF_RFC4]
[MORF_HAT1,MORF_HAT1] was killed by [MORF_RFC4,MORF_RFC4]
[MORF_RRM1,MORF_RRM1] was killed by [MORF_RFC4,MORF_RFC4]
[MORF_RAD54L,MORF_RAD54L] was killed by [MORF_RFC4,MORF_RFC4]
[MORF_EI24,MORF_EI24] was killed by [MORF_RFC4,MORF_RFC4]
[GNF2_HAT1,GNF2_HAT1] was killed by [MORF_RFC4,MORF_RFC4]
[GNF2_RPA1,GNF2_RPA1] was killed by [MORF_RFC4,MORF_RFC4]
[MORF_EIF4E,MORF_EIF4E] was killed by [MORF_RFC4,MORF_RFC4]
[MORF_MAP2K2,MORF_MAP2K2] was killed by [MORF_RFC4,MORF_RFC4]
[GCM_MYST2,GCM_MYST2] was killed by [GCM_GSTA4,GCM_GSTA4]
[GCM_RAP2A,GCM_RAP2A] was killed by [GCM_GSTA4,GCM_GSTA4]
[MORF_PPP1CC,MORF_PPP1CC] was killed by [MORF_RFC4,MORF_RFC4]
[MORF_DNMT1,MORF_DNMT1] was killed by [MORF_RFC4,MORF_RFC4]
[MORF_BCL2L11,MORF_BCL2L11] was killed by [GCM_GSTA4,GCM_GSTA4]
[MORF_ESPL1,MORF_ESPL1] was killed by [MORF_RFC4,MORF_RFC4]
[MORF_PPP2CA,MORF_PPP2CA] was killed by [MORF_RFC4,MORF_RFC4]
[MORF_TERF1,MORF_TERF1] was killed by [MORF_RFC4,MORF_RFC4]
[MORF_UNG,MORF_UNG] was killed by [MORF_RFC4,MORF_RFC4]
[GNF2_NS,GNF2_NS] was killed by [MORF_RFC4,MORF_RFC4]
[GCM_MAP1B,GCM_MAP1B] was killed by [GCM_GSTA4,GCM_GSTA4]
[GNF2_APEX1,GNF2_APEX1] was killed by [MORF_RFC4,MORF_RFC4]
