[GOBP_PROTEIN_LOCALIZATION_TO_ENDOPLASMIC_RETICULUM,GOBP_PROTEIN_LOCALIZATION_TO_ENDOPLASMIC_RETICULUM] was killed by [GOBP_ESTABLISHMENT_OF_PROTEIN_LOCALIZATION_TO_ENDOPLASMIC_RETICULUM,GOBP_ESTABLISHMENT_OF_PROTEIN_LOCALIZATION_TO_ENDOPLASMIC_RETICULUM]
[GOCC_CYTOSOLIC_RIBOSOME,GOCC_CYTOSOLIC_RIBOSOME] was killed by [GOBP_ESTABLISHMENT_OF_PROTEIN_LOCALIZATION_TO_ENDOPLASMIC_RETICULUM,GOBP_ESTABLISHMENT_OF_PROTEIN_LOCALIZATION_TO_ENDOPLASMIC_RETICULUM]
[GOBP_COTRANSLATIONAL_PROTEIN_TARGETING_TO_MEMBRANE,GOBP_COTRANSLATIONAL_PROTEIN_TARGETING_TO_MEMBRANE] was killed by [GOBP_ESTABLISHMENT_OF_PROTEIN_LOCALIZATION_TO_ENDOPLASMIC_RETICULUM,GOBP_ESTABLISHMENT_OF_PROTEIN_LOCALIZATION_TO_ENDOPLASMIC_RETICULUM]
[GOBP_NEGATIVE_REGULATION_OF_CELL_DEVELOPMENT,GOBP_NEGATIVE_REGULATION_OF_CELL_DEVELOPMENT] was killed by [GOBP_NEGATIVE_REGULATION_OF_NERVOUS_SYSTEM_DEVELOPMENT,GOBP_NEGATIVE_REGULATION_OF_NERVOUS_SYSTEM_DEVELOPMENT]
[GOBP_REGULATION_OF_RNA_SPLICING,GOBP_REGULATION_OF_RNA_SPLICING] was killed by [GOBP_REGULATION_OF_MRNA_SPLICING_VIA_SPLICEOSOME,GOBP_REGULATION_OF_MRNA_SPLICING_VIA_SPLICEOSOME]
[HP_ABNORMALITY_OF_LATERAL_VENTRICLE,HP_ABNORMALITY_OF_LATERAL_VENTRICLE] was killed by [HP_ABNORMALITY_OF_LIMB_EPIPHYSIS_MORPHOLOGY,HP_ABNORMALITY_OF_LIMB_EPIPHYSIS_MORPHOLOGY]
[HP_DECREASED_FERTILITY_IN_MALES,HP_DECREASED_FERTILITY_IN_MALES] was killed by [GOBP_DNA_DEPENDENT_DNA_REPLICATION_MAINTENANCE_OF_FIDELITY,GOBP_DNA_DEPENDENT_DNA_REPLICATION_MAINTENANCE_OF_FIDELITY]
[HP_DILATION_OF_LATERAL_VENTRICLES,HP_DILATION_OF_LATERAL_VENTRICLES] was killed by [HP_ABNORMALITY_OF_LIMB_EPIPHYSIS_MORPHOLOGY,HP_ABNORMALITY_OF_LIMB_EPIPHYSIS_MORPHOLOGY]
[GOBP_POSITIVE_REGULATION_OF_NEURON_PROJECTION_DEVELOPMENT,GOBP_POSITIVE_REGULATION_OF_NEURON_PROJECTION_DEVELOPMENT] was killed by [HP_ABNORMALITY_OF_LIMB_EPIPHYSIS_MORPHOLOGY,HP_ABNORMALITY_OF_LIMB_EPIPHYSIS_MORPHOLOGY]
[HP_EARLY_ONSET_OF_SEXUAL_MATURATION,HP_EARLY_ONSET_OF_SEXUAL_MATURATION] was killed by [HP_ABNORMALITY_OF_LIMB_EPIPHYSIS_MORPHOLOGY,HP_ABNORMALITY_OF_LIMB_EPIPHYSIS_MORPHOLOGY]
[HP_BROAD_FINGER,HP_BROAD_FINGER] was killed by [HP_ABNORMALITY_OF_LIMB_EPIPHYSIS_MORPHOLOGY,HP_ABNORMALITY_OF_LIMB_EPIPHYSIS_MORPHOLOGY]
[HP_INAPPROPRIATE_BEHAVIOR,HP_INAPPROPRIATE_BEHAVIOR] was killed by [HP_NON_MOTOR_SEIZURE,HP_NON_MOTOR_SEIZURE]
[GOBP_NUCLEAR_TRANSCRIBED_MRNA_CATABOLIC_PROCESS_NONSENSE_MEDIATED_DECAY,GOBP_NUCLEAR_TRANSCRIBED_MRNA_CATABOLIC_PROCESS_NONSENSE_MEDIATED_DECAY] was killed by [GOBP_ESTABLISHMENT_OF_PROTEIN_LOCALIZATION_TO_ENDOPLASMIC_RETICULUM,GOBP_ESTABLISHMENT_OF_PROTEIN_LOCALIZATION_TO_ENDOPLASMIC_RETICULUM]
[GOBP_NEGATIVE_REGULATION_OF_CANONICAL_WNT_SIGNALING_PATHWAY,GOBP_NEGATIVE_REGULATION_OF_CANONICAL_WNT_SIGNALING_PATHWAY] was killed by [GOBP_ANAPHASE_PROMOTING_COMPLEX_DEPENDENT_CATABOLIC_PROCESS,GOBP_ANAPHASE_PROMOTING_COMPLEX_DEPENDENT_CATABOLIC_PROCESS]
[GOBP_ALTERNATIVE_MRNA_SPLICING_VIA_SPLICEOSOME,GOBP_ALTERNATIVE_MRNA_SPLICING_VIA_SPLICEOSOME] was killed by [GOBP_REGULATION_OF_MRNA_SPLICING_VIA_SPLICEOSOME,GOBP_REGULATION_OF_MRNA_SPLICING_VIA_SPLICEOSOME]
[GOMF_STRUCTURAL_CONSTITUENT_OF_RIBOSOME,GOMF_STRUCTURAL_CONSTITUENT_OF_RIBOSOME] was killed by [GOBP_ESTABLISHMENT_OF_PROTEIN_LOCALIZATION_TO_ENDOPLASMIC_RETICULUM,GOBP_ESTABLISHMENT_OF_PROTEIN_LOCALIZATION_TO_ENDOPLASMIC_RETICULUM]
[HP_HYPOPITUITARISM,HP_HYPOPITUITARISM] was killed by [HP_ABNORMALITY_OF_LIMB_EPIPHYSIS_MORPHOLOGY,HP_ABNORMALITY_OF_LIMB_EPIPHYSIS_MORPHOLOGY]
[GOBP_TUMOR_NECROSIS_FACTOR_MEDIATED_SIGNALING_PATHWAY,GOBP_TUMOR_NECROSIS_FACTOR_MEDIATED_SIGNALING_PATHWAY] was killed by [GOBP_ANAPHASE_PROMOTING_COMPLEX_DEPENDENT_CATABOLIC_PROCESS,GOBP_ANAPHASE_PROMOTING_COMPLEX_DEPENDENT_CATABOLIC_PROCESS]
[HP_APLASIA_HYPOPLASIA_OF_METATARSAL_BONES,HP_APLASIA_HYPOPLASIA_OF_METATARSAL_BONES] was killed by [HP_ABNORMALITY_OF_LIMB_EPIPHYSIS_MORPHOLOGY,HP_ABNORMALITY_OF_LIMB_EPIPHYSIS_MORPHOLOGY]
[GOMF_STEROID_HORMONE_RECEPTOR_BINDING,GOMF_STEROID_HORMONE_RECEPTOR_BINDING] was killed by [GOBP_REGULATION_OF_MRNA_SPLICING_VIA_SPLICEOSOME,GOBP_REGULATION_OF_MRNA_SPLICING_VIA_SPLICEOSOME]
[HP_TYPICAL_ABSENCE_SEIZURE,HP_TYPICAL_ABSENCE_SEIZURE] was killed by [HP_NON_MOTOR_SEIZURE,HP_NON_MOTOR_SEIZURE]
[HP_MILDLY_ELEVATED_CREATINE_KINASE,HP_MILDLY_ELEVATED_CREATINE_KINASE] was killed by [GOBP_REGULATION_OF_MRNA_SPLICING_VIA_SPLICEOSOME,GOBP_REGULATION_OF_MRNA_SPLICING_VIA_SPLICEOSOME]
[HP_DYSPHONIA,HP_DYSPHONIA] was killed by [HP_ABNORMAL_LACTATE_DEHYDROGENASE_LEVEL,HP_ABNORMAL_LACTATE_DEHYDROGENASE_LEVEL]
[HP_ABNORMAL_IRIS_PIGMENTATION,HP_ABNORMAL_IRIS_PIGMENTATION] was killed by [GOBP_NEGATIVE_REGULATION_OF_NERVOUS_SYSTEM_DEVELOPMENT,GOBP_NEGATIVE_REGULATION_OF_NERVOUS_SYSTEM_DEVELOPMENT]
[HP_SEVERE_MUSCULAR_HYPOTONIA,HP_SEVERE_MUSCULAR_HYPOTONIA] was killed by [HP_NON_MOTOR_SEIZURE,HP_NON_MOTOR_SEIZURE]
[HP_SLEEP_APNEA,HP_SLEEP_APNEA] was killed by [HP_ABNORMALITY_OF_LIMB_EPIPHYSIS_MORPHOLOGY,HP_ABNORMALITY_OF_LIMB_EPIPHYSIS_MORPHOLOGY]
[HP_BROAD_LONG_BONES,HP_BROAD_LONG_BONES] was killed by [HP_ABNORMALITY_OF_LIMB_EPIPHYSIS_MORPHOLOGY,HP_ABNORMALITY_OF_LIMB_EPIPHYSIS_MORPHOLOGY]
[GOCC_COPII_COATED_ER_TO_GOLGI_TRANSPORT_VESICLE,GOCC_COPII_COATED_ER_TO_GOLGI_TRANSPORT_VESICLE] was killed by [GOBP_VESICLE_BUDDING_FROM_MEMBRANE,GOBP_VESICLE_BUDDING_FROM_MEMBRANE]
[HP_MANDIBULAR_PROGNATHIA,HP_MANDIBULAR_PROGNATHIA] was killed by [HP_ABNORMALITY_OF_LIMB_EPIPHYSIS_MORPHOLOGY,HP_ABNORMALITY_OF_LIMB_EPIPHYSIS_MORPHOLOGY]
[HP_GASTROINTESTINAL_CARCINOMA,HP_GASTROINTESTINAL_CARCINOMA] was killed by [GOBP_ESTABLISHMENT_OF_PROTEIN_LOCALIZATION_TO_ENDOPLASMIC_RETICULUM,GOBP_ESTABLISHMENT_OF_PROTEIN_LOCALIZATION_TO_ENDOPLASMIC_RETICULUM]
[GOBP_REGULATION_OF_CHOLESTEROL_METABOLIC_PROCESS,GOBP_REGULATION_OF_CHOLESTEROL_METABOLIC_PROCESS] was killed by [GOBP_STEROL_BIOSYNTHETIC_PROCESS,GOBP_STEROL_BIOSYNTHETIC_PROCESS]
[HP_EXTERNAL_EAR_MALFORMATION,HP_EXTERNAL_EAR_MALFORMATION] was killed by [GOBP_DNA_DEPENDENT_DNA_REPLICATION_MAINTENANCE_OF_FIDELITY,GOBP_DNA_DEPENDENT_DNA_REPLICATION_MAINTENANCE_OF_FIDELITY]
[GOBP_REPLICATION_FORK_PROCESSING,GOBP_REPLICATION_FORK_PROCESSING] was killed by [GOBP_DNA_DEPENDENT_DNA_REPLICATION_MAINTENANCE_OF_FIDELITY,GOBP_DNA_DEPENDENT_DNA_REPLICATION_MAINTENANCE_OF_FIDELITY]
[GOBP_INTRINSIC_APOPTOTIC_SIGNALING_PATHWAY_BY_P53_CLASS_MEDIATOR,GOBP_INTRINSIC_APOPTOTIC_SIGNALING_PATHWAY_BY_P53_CLASS_MEDIATOR] was killed by [GOBP_REGULATION_OF_MRNA_SPLICING_VIA_SPLICEOSOME,GOBP_REGULATION_OF_MRNA_SPLICING_VIA_SPLICEOSOME]
[GOBP_REGULATION_OF_ALTERNATIVE_MRNA_SPLICING_VIA_SPLICEOSOME,GOBP_REGULATION_OF_ALTERNATIVE_MRNA_SPLICING_VIA_SPLICEOSOME] was killed by [GOBP_REGULATION_OF_MRNA_SPLICING_VIA_SPLICEOSOME,GOBP_REGULATION_OF_MRNA_SPLICING_VIA_SPLICEOSOME]
[GOMF_POLY_PYRIMIDINE_TRACT_BINDING,GOMF_POLY_PYRIMIDINE_TRACT_BINDING] was killed by [GOBP_REGULATION_OF_MRNA_SPLICING_VIA_SPLICEOSOME,GOBP_REGULATION_OF_MRNA_SPLICING_VIA_SPLICEOSOME]
[HP_APLASIA_HYPOPLASIA_OF_THE_LUNGS,HP_APLASIA_HYPOPLASIA_OF_THE_LUNGS] was killed by [HP_ABNORMALITY_OF_LIMB_EPIPHYSIS_MORPHOLOGY,HP_ABNORMALITY_OF_LIMB_EPIPHYSIS_MORPHOLOGY]
[GOBP_REGULATION_OF_MRNA_PROCESSING,GOBP_REGULATION_OF_MRNA_PROCESSING] was killed by [GOBP_REGULATION_OF_MRNA_SPLICING_VIA_SPLICEOSOME,GOBP_REGULATION_OF_MRNA_SPLICING_VIA_SPLICEOSOME]
[HP_DIALEPTIC_SEIZURE,HP_DIALEPTIC_SEIZURE] was killed by [HP_NON_MOTOR_SEIZURE,HP_NON_MOTOR_SEIZURE]
[HP_INCREASED_LACTATE_DEHYDROGENASE_LEVEL,HP_INCREASED_LACTATE_DEHYDROGENASE_LEVEL] was killed by [HP_ABNORMAL_LACTATE_DEHYDROGENASE_LEVEL,HP_ABNORMAL_LACTATE_DEHYDROGENASE_LEVEL]
[GOMF_L_AMINO_ACID_TRANSMEMBRANE_TRANSPORTER_ACTIVITY,GOMF_L_AMINO_ACID_TRANSMEMBRANE_TRANSPORTER_ACTIVITY] was killed by [GOBP_L_AMINO_ACID_TRANSPORT,GOBP_L_AMINO_ACID_TRANSPORT]
[HP_SHORT_RIBS,HP_SHORT_RIBS] was killed by [HP_ABNORMALITY_OF_LIMB_EPIPHYSIS_MORPHOLOGY,HP_ABNORMALITY_OF_LIMB_EPIPHYSIS_MORPHOLOGY]
[HP_ABNORMALITY_OF_LOWER_LIMB_EPIPHYSIS_MORPHOLOGY,HP_ABNORMALITY_OF_LOWER_LIMB_EPIPHYSIS_MORPHOLOGY] was killed by [HP_ABNORMALITY_OF_LIMB_EPIPHYSIS_MORPHOLOGY,HP_ABNORMALITY_OF_LIMB_EPIPHYSIS_MORPHOLOGY]
[GOBP_REGULATION_OF_CHOLESTEROL_BIOSYNTHETIC_PROCESS,GOBP_REGULATION_OF_CHOLESTEROL_BIOSYNTHETIC_PROCESS] was killed by [GOBP_STEROL_BIOSYNTHETIC_PROCESS,GOBP_STEROL_BIOSYNTHETIC_PROCESS]
[HP_ADENOCARCINOMA_OF_THE_INTESTINES,HP_ADENOCARCINOMA_OF_THE_INTESTINES] was killed by [GOBP_ESTABLISHMENT_OF_PROTEIN_LOCALIZATION_TO_ENDOPLASMIC_RETICULUM,GOBP_ESTABLISHMENT_OF_PROTEIN_LOCALIZATION_TO_ENDOPLASMIC_RETICULUM]
[GOBP_DNA_DEPENDENT_DNA_REPLICATION,GOBP_DNA_DEPENDENT_DNA_REPLICATION] was killed by [GOBP_DNA_DEPENDENT_DNA_REPLICATION_MAINTENANCE_OF_FIDELITY,GOBP_DNA_DEPENDENT_DNA_REPLICATION_MAINTENANCE_OF_FIDELITY]
[GOCC_CYTOSOLIC_LARGE_RIBOSOMAL_SUBUNIT,GOCC_CYTOSOLIC_LARGE_RIBOSOMAL_SUBUNIT] was killed by [GOBP_ESTABLISHMENT_OF_PROTEIN_LOCALIZATION_TO_ENDOPLASMIC_RETICULUM,GOBP_ESTABLISHMENT_OF_PROTEIN_LOCALIZATION_TO_ENDOPLASMIC_RETICULUM]
[HP_POOR_EYE_CONTACT,HP_POOR_EYE_CONTACT] was killed by [HP_NON_MOTOR_SEIZURE,HP_NON_MOTOR_SEIZURE]
[GOBP_AMINO_ACID_TRANSMEMBRANE_TRANSPORT,GOBP_AMINO_ACID_TRANSMEMBRANE_TRANSPORT] was killed by [GOBP_L_AMINO_ACID_TRANSPORT,GOBP_L_AMINO_ACID_TRANSPORT]
[HP_ABNORMALITY_OF_THE_MUSCULATURE_OF_THE_HAND,HP_ABNORMALITY_OF_THE_MUSCULATURE_OF_THE_HAND] was killed by [GOBP_ESTABLISHMENT_OF_PROTEIN_LOCALIZATION_TO_ENDOPLASMIC_RETICULUM,GOBP_ESTABLISHMENT_OF_PROTEIN_LOCALIZATION_TO_ENDOPLASMIC_RETICULUM]
[HP_ABNORMALITY_OF_SKULL_OSSIFICATION,HP_ABNORMALITY_OF_SKULL_OSSIFICATION] was killed by [HP_ABNORMALITY_OF_LIMB_EPIPHYSIS_MORPHOLOGY,HP_ABNORMALITY_OF_LIMB_EPIPHYSIS_MORPHOLOGY]
[GOBP_INTERLEUKIN_1_MEDIATED_SIGNALING_PATHWAY,GOBP_INTERLEUKIN_1_MEDIATED_SIGNALING_PATHWAY] was killed by [GOBP_ANAPHASE_PROMOTING_COMPLEX_DEPENDENT_CATABOLIC_PROCESS,GOBP_ANAPHASE_PROMOTING_COMPLEX_DEPENDENT_CATABOLIC_PROCESS]
[GOMF_MICROTUBULE_MOTOR_ACTIVITY,GOMF_MICROTUBULE_MOTOR_ACTIVITY] was killed by [HP_ABNORMALITY_OF_LIMB_EPIPHYSIS_MORPHOLOGY,HP_ABNORMALITY_OF_LIMB_EPIPHYSIS_MORPHOLOGY]
[HP_CARDIAC_ARREST,HP_CARDIAC_ARREST] was killed by [GOBP_NEGATIVE_REGULATION_OF_NERVOUS_SYSTEM_DEVELOPMENT,GOBP_NEGATIVE_REGULATION_OF_NERVOUS_SYSTEM_DEVELOPMENT]
[GOBP_REGULATION_OF_SIGNAL_TRANSDUCTION_BY_P53_CLASS_MEDIATOR,GOBP_REGULATION_OF_SIGNAL_TRANSDUCTION_BY_P53_CLASS_MEDIATOR] was killed by [GOBP_DNA_DEPENDENT_DNA_REPLICATION_MAINTENANCE_OF_FIDELITY,GOBP_DNA_DEPENDENT_DNA_REPLICATION_MAINTENANCE_OF_FIDELITY]
[GOCC_APICAL_JUNCTION_COMPLEX,GOCC_APICAL_JUNCTION_COMPLEX] was killed by [GOBP_NEGATIVE_REGULATION_OF_NERVOUS_SYSTEM_DEVELOPMENT,GOBP_NEGATIVE_REGULATION_OF_NERVOUS_SYSTEM_DEVELOPMENT]
[GOMF_ORGANIC_ANION_TRANSMEMBRANE_TRANSPORTER_ACTIVITY,GOMF_ORGANIC_ANION_TRANSMEMBRANE_TRANSPORTER_ACTIVITY] was killed by [GOBP_L_AMINO_ACID_TRANSPORT,GOBP_L_AMINO_ACID_TRANSPORT]
[HP_ABNORMALITY_OF_THE_THENAR_EMINENCE,HP_ABNORMALITY_OF_THE_THENAR_EMINENCE] was killed by [GOBP_ESTABLISHMENT_OF_PROTEIN_LOCALIZATION_TO_ENDOPLASMIC_RETICULUM,GOBP_ESTABLISHMENT_OF_PROTEIN_LOCALIZATION_TO_ENDOPLASMIC_RETICULUM]
[HP_ABNORMAL_RECTUM_MORPHOLOGY,HP_ABNORMAL_RECTUM_MORPHOLOGY] was killed by [GOBP_NEGATIVE_REGULATION_OF_NERVOUS_SYSTEM_DEVELOPMENT,GOBP_NEGATIVE_REGULATION_OF_NERVOUS_SYSTEM_DEVELOPMENT]
[GOBP_VESICLE_TARGETING,GOBP_VESICLE_TARGETING] was killed by [GOBP_VESICLE_BUDDING_FROM_MEMBRANE,GOBP_VESICLE_BUDDING_FROM_MEMBRANE]
[HP_DECREASED_SKULL_OSSIFICATION,HP_DECREASED_SKULL_OSSIFICATION] was killed by [HP_ABNORMALITY_OF_LIMB_EPIPHYSIS_MORPHOLOGY,HP_ABNORMALITY_OF_LIMB_EPIPHYSIS_MORPHOLOGY]
[GOBP_NEGATIVE_REGULATION_OF_TRANSFORMING_GROWTH_FACTOR_BETA_RECEPTOR_SIGNALING_PATHWAY,GOBP_NEGATIVE_REGULATION_OF_TRANSFORMING_GROWTH_FACTOR_BETA_RECEPTOR_SIGNALING_PATHWAY] was killed by [GOBP_NEGATIVE_REGULATION_OF_TRANSMEMBRANE_RECEPTOR_PROTEIN_SERINE_THREONINE_KINASE_SIGNALING_PATHWAY,GOBP_NEGATIVE_REGULATION_OF_TRANSMEMBRANE_RECEPTOR_PROTEIN_SERINE_THREONINE_KINASE_SIGNALING_PATHWAY]
[HP_ABNORMALITY_OF_THE_CALCANEUS,HP_ABNORMALITY_OF_THE_CALCANEUS] was killed by [HP_ABNORMALITY_OF_LIMB_EPIPHYSIS_MORPHOLOGY,HP_ABNORMALITY_OF_LIMB_EPIPHYSIS_MORPHOLOGY]
[GOMF_4_IRON_4_SULFUR_CLUSTER_BINDING,GOMF_4_IRON_4_SULFUR_CLUSTER_BINDING] was killed by [GOBP_DNA_DEPENDENT_DNA_REPLICATION_MAINTENANCE_OF_FIDELITY,GOBP_DNA_DEPENDENT_DNA_REPLICATION_MAINTENANCE_OF_FIDELITY]
[GOBP_REGULATION_OF_OXIDOREDUCTASE_ACTIVITY,GOBP_REGULATION_OF_OXIDOREDUCTASE_ACTIVITY] was killed by [GOBP_NEGATIVE_REGULATION_OF_TRANSMEMBRANE_RECEPTOR_PROTEIN_SERINE_THREONINE_KINASE_SIGNALING_PATHWAY,GOBP_NEGATIVE_REGULATION_OF_TRANSMEMBRANE_RECEPTOR_PROTEIN_SERINE_THREONINE_KINASE_SIGNALING_PATHWAY]
[HP_AMAUROSIS_FUGAX,HP_AMAUROSIS_FUGAX] was killed by [HP_ABNORMAL_LACTATE_DEHYDROGENASE_LEVEL,HP_ABNORMAL_LACTATE_DEHYDROGENASE_LEVEL]
[GOBP_ACTOMYOSIN_STRUCTURE_ORGANIZATION,GOBP_ACTOMYOSIN_STRUCTURE_ORGANIZATION] was killed by [GOMF_PHOSPHATIDYLINOSITOL_3_4_5_TRISPHOSPHATE_BINDING,GOMF_PHOSPHATIDYLINOSITOL_3_4_5_TRISPHOSPHATE_BINDING]
[GOCC_RIBOSOMAL_SUBUNIT,GOCC_RIBOSOMAL_SUBUNIT] was killed by [GOBP_ESTABLISHMENT_OF_PROTEIN_LOCALIZATION_TO_ENDOPLASMIC_RETICULUM,GOBP_ESTABLISHMENT_OF_PROTEIN_LOCALIZATION_TO_ENDOPLASMIC_RETICULUM]
[GOBP_FIBROBLAST_GROWTH_FACTOR_RECEPTOR_SIGNALING_PATHWAY,GOBP_FIBROBLAST_GROWTH_FACTOR_RECEPTOR_SIGNALING_PATHWAY] was killed by [GOBP_REGULATION_OF_MRNA_SPLICING_VIA_SPLICEOSOME,GOBP_REGULATION_OF_MRNA_SPLICING_VIA_SPLICEOSOME]
[HP_ABNORMAL_SUBARACHNOID_SPACE_MORPHOLOGY,HP_ABNORMAL_SUBARACHNOID_SPACE_MORPHOLOGY] was killed by [HP_NON_MOTOR_SEIZURE,HP_NON_MOTOR_SEIZURE]
[HP_PRENATAL_MOVEMENT_ABNORMALITY,HP_PRENATAL_MOVEMENT_ABNORMALITY] was killed by [HP_NON_MOTOR_SEIZURE,HP_NON_MOTOR_SEIZURE]
[HP_PANCYTOPENIA,HP_PANCYTOPENIA] was killed by [HP_ABNORMALITY_OF_LIMB_EPIPHYSIS_MORPHOLOGY,HP_ABNORMALITY_OF_LIMB_EPIPHYSIS_MORPHOLOGY]
[HP_CRANIOSYNOSTOSIS,HP_CRANIOSYNOSTOSIS] was killed by [GOBP_NEGATIVE_REGULATION_OF_NERVOUS_SYSTEM_DEVELOPMENT,GOBP_NEGATIVE_REGULATION_OF_NERVOUS_SYSTEM_DEVELOPMENT]
[GOCC_NEURON_SPINE,GOCC_NEURON_SPINE] was killed by [GOBP_NEGATIVE_REGULATION_OF_NERVOUS_SYSTEM_DEVELOPMENT,GOBP_NEGATIVE_REGULATION_OF_NERVOUS_SYSTEM_DEVELOPMENT]
[HP_AORTIC_ROOT_ANEURYSM,HP_AORTIC_ROOT_ANEURYSM] was killed by [GOBP_NEGATIVE_REGULATION_OF_TRANSMEMBRANE_RECEPTOR_PROTEIN_SERINE_THREONINE_KINASE_SIGNALING_PATHWAY,GOBP_NEGATIVE_REGULATION_OF_TRANSMEMBRANE_RECEPTOR_PROTEIN_SERINE_THREONINE_KINASE_SIGNALING_PATHWAY]
[HP_TENTED_UPPER_LIP_VERMILION,HP_TENTED_UPPER_LIP_VERMILION] was killed by [HP_ABNORMALITY_OF_LIMB_EPIPHYSIS_MORPHOLOGY,HP_ABNORMALITY_OF_LIMB_EPIPHYSIS_MORPHOLOGY]
[GOCC_ER_TO_GOLGI_TRANSPORT_VESICLE_MEMBRANE,GOCC_ER_TO_GOLGI_TRANSPORT_VESICLE_MEMBRANE] was killed by [GOBP_VESICLE_BUDDING_FROM_MEMBRANE,GOBP_VESICLE_BUDDING_FROM_MEMBRANE]
[HP_METAPHYSEAL_WIDENING,HP_METAPHYSEAL_WIDENING] was killed by [HP_ABNORMALITY_OF_LIMB_EPIPHYSIS_MORPHOLOGY,HP_ABNORMALITY_OF_LIMB_EPIPHYSIS_MORPHOLOGY]
[HP_THORACIC_AORTIC_ANEURYSM,HP_THORACIC_AORTIC_ANEURYSM] was killed by [GOBP_NEGATIVE_REGULATION_OF_TRANSMEMBRANE_RECEPTOR_PROTEIN_SERINE_THREONINE_KINASE_SIGNALING_PATHWAY,GOBP_NEGATIVE_REGULATION_OF_TRANSMEMBRANE_RECEPTOR_PROTEIN_SERINE_THREONINE_KINASE_SIGNALING_PATHWAY]
[GOMF_AMINO_ACID_TRANSMEMBRANE_TRANSPORTER_ACTIVITY,GOMF_AMINO_ACID_TRANSMEMBRANE_TRANSPORTER_ACTIVITY] was killed by [GOBP_L_AMINO_ACID_TRANSPORT,GOBP_L_AMINO_ACID_TRANSPORT]
[HP_ABNORMALITY_OF_PRIMARY_TEETH,HP_ABNORMALITY_OF_PRIMARY_TEETH] was killed by [HP_ABNORMALITY_OF_LIMB_EPIPHYSIS_MORPHOLOGY,HP_ABNORMALITY_OF_LIMB_EPIPHYSIS_MORPHOLOGY]
