[GCM_CSNK2B,GCM_CSNK2B] was killed by [MORF_RFC4,MORF_RFC4]
[GNF2_RRM2,GNF2_RRM2] was killed by [MORF_RFC4,MORF_RFC4]
[GCM_NPM1,GCM_NPM1] was killed by [MORF_RFC4,MORF_RFC4]
[GCM_APEX1,GCM_APEX1] was killed by [MORF_RFC4,MORF_RFC4]
[MORF_G22P1,MORF_G22P1] was killed by [MORF_RFC4,MORF_RFC4]
[MORF_TERF1,MORF_TERF1] was killed by [MORF_RFC4,MORF_RFC4]
[GNF2_APEX1,GNF2_APEX1] was killed by [MORF_RFC4,MORF_RFC4]
[MORF_CTBP1,MORF_CTBP1] was killed by [MORF_RFC4,MORF_RFC4]
[GNF2_DEK,GNF2_DEK] was killed by [MORF_RFC4,MORF_RFC4]
[GNF2_HMMR,GNF2_HMMR] was killed by [MORF_RFC4,MORF_RFC4]
[GNF2_SMC2L1,GNF2_SMC2L1] was killed by [MORF_RFC4,MORF_RFC4]
[MORF_PPP2CA,MORF_PPP2CA] was killed by [MORF_RFC4,MORF_RFC4]
[GNF2_CDC2,GNF2_CDC2] was killed by [MORF_RFC4,MORF_RFC4]
[MORF_DNMT1,MORF_DNMT1] was killed by [MORF_RFC4,MORF_RFC4]
[GNF2_BUB1,GNF2_BUB1] was killed by [MORF_RFC4,MORF_RFC4]
[MORF_SMC1L1,MORF_SMC1L1] was killed by [MORF_RFC4,MORF_RFC4]
[GNF2_CDC20,GNF2_CDC20] was killed by [MORF_RFC4,MORF_RFC4]
[GCM_PSME1,GCM_PSME1] was killed by [MORF_RFC4,MORF_RFC4]
[GNF2_CENPF,GNF2_CENPF] was killed by [MORF_RFC4,MORF_RFC4]
[MORF_PRKDC,MORF_PRKDC] was killed by [MORF_RFC4,MORF_RFC4]
[MORF_HAT1,MORF_HAT1] was killed by [MORF_RFC4,MORF_RFC4]
[GCM_PFN1,GCM_PFN1] was killed by [MORF_RFC4,MORF_RFC4]
[MODULE_183,MODULE_183] was killed by [MORF_RFC4,MORF_RFC4]
[MORF_MSH2,MORF_MSH2] was killed by [MORF_RFC4,MORF_RFC4]
[MORF_LCAT,MORF_LCAT] was killed by [GNF2_MLF1,GNF2_MLF1]
[GNF2_CENPE,GNF2_CENPE] was killed by [MORF_RFC4,MORF_RFC4]
[GNF2_ST13,GNF2_ST13] was killed by [MORF_EIF4A2,MORF_EIF4A2]
[GNF2_DENR,GNF2_DENR] was killed by [MORF_RFC4,MORF_RFC4]
[GNF2_CCNA2,GNF2_CCNA2] was killed by [MORF_RFC4,MORF_RFC4]
[GCM_ACTG1,GCM_ACTG1] was killed by [MORF_RFC4,MORF_RFC4]
[MORF_RPA1,MORF_RPA1] was killed by [MORF_RFC4,MORF_RFC4]
[GNF2_ESPL1,GNF2_ESPL1] was killed by [MORF_RFC4,MORF_RFC4]
[MORF_BUB1B,MORF_BUB1B] was killed by [MORF_RFC4,MORF_RFC4]
[GNF2_NPM1,GNF2_NPM1] was killed by [MORF_RFC4,MORF_RFC4]
[GNF2_MCM4,GNF2_MCM4] was killed by [MORF_RFC4,MORF_RFC4]
[GNF2_CCNB2,GNF2_CCNB2] was killed by [MORF_RFC4,MORF_RFC4]
[MORF_AP3D1,MORF_AP3D1] was killed by [MORF_RFC4,MORF_RFC4]
[GNF2_RFC4,GNF2_RFC4] was killed by [MORF_RFC4,MORF_RFC4]
[MODULE_145,MODULE_145] was killed by [MODULE_73,MODULE_73]
[MORF_PAPSS1,MORF_PAPSS1] was killed by [MORF_RFC4,MORF_RFC4]
[GNF2_TTK,GNF2_TTK] was killed by [MORF_RFC4,MORF_RFC4]
[GNF2_H2AFX,GNF2_H2AFX] was killed by [MORF_RFC4,MORF_RFC4]
[MORF_CUL1,MORF_CUL1] was killed by [MORF_RFC4,MORF_RFC4]
[MODULE_196,MODULE_196] was killed by [MODULE_253,MODULE_253]
[GNF2_MSH2,GNF2_MSH2] was killed by [MORF_RFC4,MORF_RFC4]
[MODULE_403,MODULE_403] was killed by [MORF_RFC4,MORF_RFC4]
[GNF2_BUB1B,GNF2_BUB1B] was killed by [MORF_RFC4,MORF_RFC4]
[MORF_IL9,MORF_IL9] was killed by [GNF2_MLF1,GNF2_MLF1]
[GNF2_PCNA,GNF2_PCNA] was killed by [MORF_RFC4,MORF_RFC4]
[MORF_FBL,MORF_FBL] was killed by [MORF_RFC4,MORF_RFC4]
[MORF_NPM1,MORF_NPM1] was killed by [MORF_EIF4A2,MORF_EIF4A2]
[GCM_HDAC1,GCM_HDAC1] was killed by [MORF_RFC4,MORF_RFC4]
[MORF_RAB3A,MORF_RAB3A] was killed by [GNF2_MLF1,GNF2_MLF1]
[GNF2_TDG,GNF2_TDG] was killed by [MORF_RFC4,MORF_RFC4]
[GCM_MLL,GCM_MLL] was killed by [GCM_HBP1,GCM_HBP1]
[MORF_ESPL1,MORF_ESPL1] was killed by [MORF_RFC4,MORF_RFC4]
[MODULE_289,MODULE_289] was killed by [MODULE_73,MODULE_73]
[MORF_EIF4E,MORF_EIF4E] was killed by [MORF_RFC4,MORF_RFC4]
[MORF_STK17A,MORF_STK17A] was killed by [MORF_RFC4,MORF_RFC4]
[MORF_CDC10,MORF_CDC10] was killed by [MORF_RFC4,MORF_RFC4]
[MODULE_281,MODULE_281] was killed by [MORF_RFC4,MORF_RFC4]
[MORF_PCNA,MORF_PCNA] was killed by [MORF_RFC4,MORF_RFC4]
[GCM_TPT1,GCM_TPT1] was killed by [MORF_EIF4A2,MORF_EIF4A2]
[MODULE_295,MODULE_295] was killed by [MODULE_105,MODULE_105]
[GCM_MSN,GCM_MSN] was killed by [MORF_EIF4A2,MORF_EIF4A2]
[MORF_PPP1CC,MORF_PPP1CC] was killed by [MORF_RFC4,MORF_RFC4]
[GNF2_MKI67,GNF2_MKI67] was killed by [MORF_RFC4,MORF_RFC4]
[MODULE_244,MODULE_244] was killed by [MORF_RFC4,MORF_RFC4]
[GCM_CASP2,GCM_CASP2] was killed by [GCM_HBP1,GCM_HBP1]
