[HP_INCREASED_SERUM_LACTATE,HP_INCREASED_SERUM_LACTATE] was killed by [HP_LACTIC_ACIDOSIS,HP_LACTIC_ACIDOSIS]
[HP_ABNORMALITY_OF_THE_MITOCHONDRION,HP_ABNORMALITY_OF_THE_MITOCHONDRION] was killed by [HP_LACTIC_ACIDOSIS,HP_LACTIC_ACIDOSIS]
[HP_ABNORMAL_ACTIVITY_OF_MITOCHONDRIAL_RESPIRATORY_CHAIN,HP_ABNORMAL_ACTIVITY_OF_MITOCHONDRIAL_RESPIRATORY_CHAIN] was killed by [HP_LACTIC_ACIDOSIS,HP_LACTIC_ACIDOSIS]
[HP_INCREASED_CSF_LACTATE,HP_INCREASED_CSF_LACTATE] was killed by [HP_LACTIC_ACIDOSIS,HP_LACTIC_ACIDOSIS]
[HP_DECREASED_ACTIVITY_OF_MITOCHONDRIAL_COMPLEX_I,HP_DECREASED_ACTIVITY_OF_MITOCHONDRIAL_COMPLEX_I] was killed by [HP_LACTIC_ACIDOSIS,HP_LACTIC_ACIDOSIS]
[HP_LEUKODYSTROPHY,HP_LEUKODYSTROPHY] was killed by [HP_LACTIC_ACIDOSIS,HP_LACTIC_ACIDOSIS]
[HP_MUSCLE_ABNORMALITY_RELATED_TO_MITOCHONDRIAL_DYSFUNCTION,HP_MUSCLE_ABNORMALITY_RELATED_TO_MITOCHONDRIAL_DYSFUNCTION] was killed by [HP_LACTIC_ACIDOSIS,HP_LACTIC_ACIDOSIS]
[HP_ABNORMAL_CSF_METABOLITE_LEVEL,HP_ABNORMAL_CSF_METABOLITE_LEVEL] was killed by [HP_LACTIC_ACIDOSIS,HP_LACTIC_ACIDOSIS]
[HP_DUPLICATION_OF_THUMB_PHALANX,HP_DUPLICATION_OF_THUMB_PHALANX] was killed by [HP_SLOPING_FOREHEAD,HP_SLOPING_FOREHEAD]
[HP_CAFE_AU_LAIT_SPOT,HP_CAFE_AU_LAIT_SPOT] was killed by [HP_LACTIC_ACIDOSIS,HP_LACTIC_ACIDOSIS]
[HP_DECREASED_ACTIVITY_OF_THE_PYRUVATE_DEHYDROGENASE_COMPLEX,HP_DECREASED_ACTIVITY_OF_THE_PYRUVATE_DEHYDROGENASE_COMPLEX] was killed by [HP_LACTIC_ACIDOSIS,HP_LACTIC_ACIDOSIS]
[HP_MITOCHONDRIAL_MYOPATHY,HP_MITOCHONDRIAL_MYOPATHY] was killed by [HP_LACTIC_ACIDOSIS,HP_LACTIC_ACIDOSIS]
[HP_INFERTILITY,HP_INFERTILITY] was killed by [HP_LACTIC_ACIDOSIS,HP_LACTIC_ACIDOSIS]
[HP_OPTIC_DISC_PALLOR,HP_OPTIC_DISC_PALLOR] was killed by [HP_LACTIC_ACIDOSIS,HP_LACTIC_ACIDOSIS]
[HP_BRAIN_IMAGING_ABNORMALITY,HP_BRAIN_IMAGING_ABNORMALITY] was killed by [HP_LACTIC_ACIDOSIS,HP_LACTIC_ACIDOSIS]
[HP_LOWER_LIMB_SPASTICITY,HP_LOWER_LIMB_SPASTICITY] was killed by [HP_LACTIC_ACIDOSIS,HP_LACTIC_ACIDOSIS]
[HP_PURE_RED_CELL_APLASIA,HP_PURE_RED_CELL_APLASIA] was killed by [HP_ERYTHROID_HYPOPLASIA,HP_ERYTHROID_HYPOPLASIA]
[HP_DIALEPTIC_SEIZURE,HP_DIALEPTIC_SEIZURE] was killed by [HP_SLOPING_FOREHEAD,HP_SLOPING_FOREHEAD]
[HP_NON_MOTOR_SEIZURE,HP_NON_MOTOR_SEIZURE] was killed by [HP_SLOPING_FOREHEAD,HP_SLOPING_FOREHEAD]
[HP_ELEVATED_RED_CELL_ADENOSINE_DEAMINASE_LEVEL,HP_ELEVATED_RED_CELL_ADENOSINE_DEAMINASE_LEVEL] was killed by [HP_ERYTHROID_HYPOPLASIA,HP_ERYTHROID_HYPOPLASIA]
[HP_FOCAL_T2_HYPERINTENSE_BRAINSTEM_LESION,HP_FOCAL_T2_HYPERINTENSE_BRAINSTEM_LESION] was killed by [HP_LACTIC_ACIDOSIS,HP_LACTIC_ACIDOSIS]
[HP_MACROCYTIC_ANEMIA,HP_MACROCYTIC_ANEMIA] was killed by [HP_ERYTHROID_HYPOPLASIA,HP_ERYTHROID_HYPOPLASIA]
[HP_MALIGNANT_GENITOURINARY_TRACT_TUMOR,HP_MALIGNANT_GENITOURINARY_TRACT_TUMOR] was killed by [HP_ERYTHROID_HYPOPLASIA,HP_ERYTHROID_HYPOPLASIA]
[HP_MYELODYSPLASIA,HP_MYELODYSPLASIA] was killed by [HP_LACTIC_ACIDOSIS,HP_LACTIC_ACIDOSIS]
[HP_PIGMENTARY_RETINOPATHY,HP_PIGMENTARY_RETINOPATHY] was killed by [HP_LACTIC_ACIDOSIS,HP_LACTIC_ACIDOSIS]
[HP_ABNORMAL_ERYTHROCYTE_ENZYME_LEVEL,HP_ABNORMAL_ERYTHROCYTE_ENZYME_LEVEL] was killed by [HP_ERYTHROID_HYPOPLASIA,HP_ERYTHROID_HYPOPLASIA]
[HP_THROMBOCYTOSIS,HP_THROMBOCYTOSIS] was killed by [HP_TRANSIENT_ISCHEMIC_ATTACK,HP_TRANSIENT_ISCHEMIC_ATTACK]
[HP_ABNORMALITY_OF_THE_THENAR_EMINENCE,HP_ABNORMALITY_OF_THE_THENAR_EMINENCE] was killed by [HP_ERYTHROID_HYPOPLASIA,HP_ERYTHROID_HYPOPLASIA]
[HP_DEATH_IN_INFANCY,HP_DEATH_IN_INFANCY] was killed by [HP_LACTIC_ACIDOSIS,HP_LACTIC_ACIDOSIS]
[HP_FOCAL_T2_HYPERINTENSE_BASAL_GANGLIA_LESION,HP_FOCAL_T2_HYPERINTENSE_BASAL_GANGLIA_LESION] was killed by [HP_LACTIC_ACIDOSIS,HP_LACTIC_ACIDOSIS]
[HP_PATENT_FORAMEN_OVALE,HP_PATENT_FORAMEN_OVALE] was killed by [HP_SANDAL_GAP,HP_SANDAL_GAP]
[HP_LISSENCEPHALY,HP_LISSENCEPHALY] was killed by [HP_SLOPING_FOREHEAD,HP_SLOPING_FOREHEAD]
[HP_LIMB_HYPERTONIA,HP_LIMB_HYPERTONIA] was killed by [HP_SLOPING_FOREHEAD,HP_SLOPING_FOREHEAD]
[HP_ASTIGMATISM,HP_ASTIGMATISM] was killed by [HP_SLOPING_FOREHEAD,HP_SLOPING_FOREHEAD]
[HP_ANEMIA_OF_INADEQUATE_PRODUCTION,HP_ANEMIA_OF_INADEQUATE_PRODUCTION] was killed by [HP_SLOPING_FOREHEAD,HP_SLOPING_FOREHEAD]
[HP_SPEECH_APRAXIA,HP_SPEECH_APRAXIA] was killed by [HP_MYOCLONIC_ABSENCE_SEIZURE,HP_MYOCLONIC_ABSENCE_SEIZURE]
[HP_ABNORMALITY_OF_CORNEAL_SIZE,HP_ABNORMALITY_OF_CORNEAL_SIZE] was killed by [HP_SLOPING_FOREHEAD,HP_SLOPING_FOREHEAD]
[HP_NONIMMUNE_HYDROPS_FETALIS,HP_NONIMMUNE_HYDROPS_FETALIS] was killed by [HP_ERYTHROID_HYPOPLASIA,HP_ERYTHROID_HYPOPLASIA]
[HP_DELAYED_MYELINATION,HP_DELAYED_MYELINATION] was killed by [HP_SLOPING_FOREHEAD,HP_SLOPING_FOREHEAD]
[HP_ABNORMAL_BRAINSTEM_MRI_SIGNAL_INTENSITY,HP_ABNORMAL_BRAINSTEM_MRI_SIGNAL_INTENSITY] was killed by [HP_LACTIC_ACIDOSIS,HP_LACTIC_ACIDOSIS]
[HP_CHRONIC_SINUSITIS,HP_CHRONIC_SINUSITIS] was killed by [HP_FEMALE_INFERTILITY,HP_FEMALE_INFERTILITY]
[HP_ABNORMAL_NUMBER_OF_ERYTHROID_PRECURSORS,HP_ABNORMAL_NUMBER_OF_ERYTHROID_PRECURSORS] was killed by [HP_ERYTHROID_HYPOPLASIA,HP_ERYTHROID_HYPOPLASIA]
[HP_GRAY_MATTER_HETEROTOPIA,HP_GRAY_MATTER_HETEROTOPIA] was killed by [HP_SLOPING_FOREHEAD,HP_SLOPING_FOREHEAD]
[HP_ABNORMAL_CIRCULATING_CARBOHYDRATE_CONCENTRATION,HP_ABNORMAL_CIRCULATING_CARBOHYDRATE_CONCENTRATION] was killed by [HP_LACTIC_ACIDOSIS,HP_LACTIC_ACIDOSIS]
[HP_SINGLE_TRANSVERSE_PALMAR_CREASE,HP_SINGLE_TRANSVERSE_PALMAR_CREASE] was killed by [HP_SLOPING_FOREHEAD,HP_SLOPING_FOREHEAD]
[HP_PROMINENT_NOSE,HP_PROMINENT_NOSE] was killed by [HP_SLOPING_FOREHEAD,HP_SLOPING_FOREHEAD]
[HP_MULTIPLE_CAFE_AU_LAIT_SPOTS,HP_MULTIPLE_CAFE_AU_LAIT_SPOTS] was killed by [HP_SLOPING_FOREHEAD,HP_SLOPING_FOREHEAD]
[HP_DEEPLY_SET_EYE,HP_DEEPLY_SET_EYE] was killed by [HP_SANDAL_GAP,HP_SANDAL_GAP]
[HP_ABNORMAL_BASAL_GANGLIA_MRI_SIGNAL_INTENSITY,HP_ABNORMAL_BASAL_GANGLIA_MRI_SIGNAL_INTENSITY] was killed by [HP_LACTIC_ACIDOSIS,HP_LACTIC_ACIDOSIS]
[HP_PROMINENT_NASAL_BRIDGE,HP_PROMINENT_NASAL_BRIDGE] was killed by [HP_LACTIC_ACIDOSIS,HP_LACTIC_ACIDOSIS]
[HP_SLOW_DECREASE_IN_VISUAL_ACUITY,HP_SLOW_DECREASE_IN_VISUAL_ACUITY] was killed by [HP_LACTIC_ACIDOSIS,HP_LACTIC_ACIDOSIS]
[HP_SEVERE_MUSCULAR_HYPOTONIA,HP_SEVERE_MUSCULAR_HYPOTONIA] was killed by [HP_FETAL_AKINESIA_SEQUENCE,HP_FETAL_AKINESIA_SEQUENCE]
[HP_HEPATOSPLENOMEGALY,HP_HEPATOSPLENOMEGALY] was killed by [HP_TRANSIENT_ISCHEMIC_ATTACK,HP_TRANSIENT_ISCHEMIC_ATTACK]
[HP_PARTIAL_DUPLICATION_OF_THE_PHALANX_OF_HAND,HP_PARTIAL_DUPLICATION_OF_THE_PHALANX_OF_HAND] was killed by [HP_ERYTHROID_HYPOPLASIA,HP_ERYTHROID_HYPOPLASIA]
[HP_INCREASED_SERUM_PYRUVATE,HP_INCREASED_SERUM_PYRUVATE] was killed by [HP_LACTIC_ACIDOSIS,HP_LACTIC_ACIDOSIS]
[HP_FINGER_SYNDACTYLY,HP_FINGER_SYNDACTYLY] was killed by [HP_LACTIC_ACIDOSIS,HP_LACTIC_ACIDOSIS]
[HP_ACROCYANOSIS,HP_ACROCYANOSIS] was killed by [HP_LOSS_OF_SPEECH,HP_LOSS_OF_SPEECH]
[HP_ABNORMAL_BRONCHUS_MORPHOLOGY,HP_ABNORMAL_BRONCHUS_MORPHOLOGY] was killed by [HP_LACTIC_ACIDOSIS,HP_LACTIC_ACIDOSIS]
[HP_PROXIMAL_TUBULOPATHY,HP_PROXIMAL_TUBULOPATHY] was killed by [HP_LACTIC_ACIDOSIS,HP_LACTIC_ACIDOSIS]
[HP_NAIL_DYSPLASIA,HP_NAIL_DYSPLASIA] was killed by [HP_LACTIC_ACIDOSIS,HP_LACTIC_ACIDOSIS]
[HP_ABNORMALITY_OF_THE_PREPUTIUM,HP_ABNORMALITY_OF_THE_PREPUTIUM] was killed by [HP_SLOPING_FOREHEAD,HP_SLOPING_FOREHEAD]
[HP_ABNORMAL_MITOCHONDRIA_IN_MUSCLE_TISSUE,HP_ABNORMAL_MITOCHONDRIA_IN_MUSCLE_TISSUE] was killed by [HP_LACTIC_ACIDOSIS,HP_LACTIC_ACIDOSIS]
[HP_DEVIATION_OF_THE_THUMB,HP_DEVIATION_OF_THE_THUMB] was killed by [HP_SANDAL_GAP,HP_SANDAL_GAP]
[HP_NORMOCHROMIC_ANEMIA,HP_NORMOCHROMIC_ANEMIA] was killed by [HP_ERYTHROID_HYPOPLASIA,HP_ERYTHROID_HYPOPLASIA]
[HP_ABNORMAL_URETER_MORPHOLOGY,HP_ABNORMAL_URETER_MORPHOLOGY] was killed by [HP_SLOPING_FOREHEAD,HP_SLOPING_FOREHEAD]
[HP_CENTROCECAL_SCOTOMA,HP_CENTROCECAL_SCOTOMA] was killed by [HP_LACTIC_ACIDOSIS,HP_LACTIC_ACIDOSIS]
[HP_SOFT_SKIN,HP_SOFT_SKIN] was killed by [HP_TRANSIENT_ISCHEMIC_ATTACK,HP_TRANSIENT_ISCHEMIC_ATTACK]
[HP_LOW_ANTERIOR_HAIRLINE,HP_LOW_ANTERIOR_HAIRLINE] was killed by [HP_ERYTHROID_HYPOPLASIA,HP_ERYTHROID_HYPOPLASIA]
[HP_DEVELOPMENTAL_CATARACT,HP_DEVELOPMENTAL_CATARACT] was killed by [HP_LACTIC_ACIDOSIS,HP_LACTIC_ACIDOSIS]
[HP_ENCEPHALOMALACIA,HP_ENCEPHALOMALACIA] was killed by [HP_TRANSIENT_ISCHEMIC_ATTACK,HP_TRANSIENT_ISCHEMIC_ATTACK]
[HP_ABNORMALITY_OF_THE_WRIST,HP_ABNORMALITY_OF_THE_WRIST] was killed by [HP_SANDAL_GAP,HP_SANDAL_GAP]
[HP_GENERALIZED_CLONIC_SEIZURE,HP_GENERALIZED_CLONIC_SEIZURE] was killed by [HP_SLOPING_FOREHEAD,HP_SLOPING_FOREHEAD]
[HP_SARCOMA,HP_SARCOMA] was killed by [HP_ERYTHROID_HYPOPLASIA,HP_ERYTHROID_HYPOPLASIA]
[HP_ARTHRITIS,HP_ARTHRITIS] was killed by [HP_SLOPING_FOREHEAD,HP_SLOPING_FOREHEAD]
[HP_INTELLECTUAL_DISABILITY_PROFOUND,HP_INTELLECTUAL_DISABILITY_PROFOUND] was killed by [HP_SLOPING_FOREHEAD,HP_SLOPING_FOREHEAD]
[HP_ADENOCARCINOMA_OF_THE_LARGE_INTESTINE,HP_ADENOCARCINOMA_OF_THE_LARGE_INTESTINE] was killed by [HP_ERYTHROID_HYPOPLASIA,HP_ERYTHROID_HYPOPLASIA]
[HP_LETHARGY,HP_LETHARGY] was killed by [HP_LACTIC_ACIDOSIS,HP_LACTIC_ACIDOSIS]
[HP_SKIN_TAGS,HP_SKIN_TAGS] was killed by [HP_LACTIC_ACIDOSIS,HP_LACTIC_ACIDOSIS]
[HP_ABNORMAL_ATRIAL_ARRANGEMENT,HP_ABNORMAL_ATRIAL_ARRANGEMENT] was killed by [HP_FEMALE_INFERTILITY,HP_FEMALE_INFERTILITY]
[HP_MULTIPLE_JOINT_CONTRACTURES,HP_MULTIPLE_JOINT_CONTRACTURES] was killed by [HP_LOSS_OF_SPEECH,HP_LOSS_OF_SPEECH]
[HP_MYELOMENINGOCELE,HP_MYELOMENINGOCELE] was killed by [HP_ABNORMAL_PLATELET_VOLUME,HP_ABNORMAL_PLATELET_VOLUME]
[HP_SUBCAPSULAR_CATARACT,HP_SUBCAPSULAR_CATARACT] was killed by [HP_CONGENITAL_NYSTAGMUS,HP_CONGENITAL_NYSTAGMUS]
[HP_DYSPHASIA,HP_DYSPHASIA] was killed by [HP_LOSS_OF_SPEECH,HP_LOSS_OF_SPEECH]
[HP_RENAL_TUBULAR_DYSFUNCTION,HP_RENAL_TUBULAR_DYSFUNCTION] was killed by [HP_LACTIC_ACIDOSIS,HP_LACTIC_ACIDOSIS]
[HP_PRENATAL_MATERNAL_ABNORMALITY,HP_PRENATAL_MATERNAL_ABNORMALITY] was killed by [HP_TRANSIENT_ISCHEMIC_ATTACK,HP_TRANSIENT_ISCHEMIC_ATTACK]
[HP_CHOREOATHETOSIS,HP_CHOREOATHETOSIS] was killed by [HP_LACTIC_ACIDOSIS,HP_LACTIC_ACIDOSIS]
[HP_SCLEROCORNEA,HP_SCLEROCORNEA] was killed by [HP_SLOPING_FOREHEAD,HP_SLOPING_FOREHEAD]
[HP_OPTIC_NEUROPATHY,HP_OPTIC_NEUROPATHY] was killed by [HP_LACTIC_ACIDOSIS,HP_LACTIC_ACIDOSIS]
[HP_FETAL_DISTRESS,HP_FETAL_DISTRESS] was killed by [HP_LACTIC_ACIDOSIS,HP_LACTIC_ACIDOSIS]
[HP_ANKLE_CLONUS,HP_ANKLE_CLONUS] was killed by [HP_LOSS_OF_SPEECH,HP_LOSS_OF_SPEECH]
[HP_RAPIDLY_PROGRESSIVE,HP_RAPIDLY_PROGRESSIVE] was killed by [HP_LOSS_OF_SPEECH,HP_LOSS_OF_SPEECH]
[HP_PERSISTENCE_OF_HEMOGLOBIN_F,HP_PERSISTENCE_OF_HEMOGLOBIN_F] was killed by [HP_ERYTHROID_HYPOPLASIA,HP_ERYTHROID_HYPOPLASIA]
[HP_DELAYED_ABILITY_TO_WALK,HP_DELAYED_ABILITY_TO_WALK] was killed by [HP_SANDAL_GAP,HP_SANDAL_GAP]
[HP_NEOPLASM_OF_THE_COLON,HP_NEOPLASM_OF_THE_COLON] was killed by [HP_SLOPING_FOREHEAD,HP_SLOPING_FOREHEAD]
[HP_BROAD_EYEBROW,HP_BROAD_EYEBROW] was killed by [HP_CONGENITAL_NYSTAGMUS,HP_CONGENITAL_NYSTAGMUS]
[HP_ABNORMAL_SPERM_MOTILITY,HP_ABNORMAL_SPERM_MOTILITY] was killed by [HP_LACTIC_ACIDOSIS,HP_LACTIC_ACIDOSIS]
[HP_PROGRESSIVE_SPASTIC_PARAPLEGIA,HP_PROGRESSIVE_SPASTIC_PARAPLEGIA] was killed by [HP_LACTIC_ACIDOSIS,HP_LACTIC_ACIDOSIS]
[HP_EMOTIONAL_LABILITY,HP_EMOTIONAL_LABILITY] was killed by [HP_LACTIC_ACIDOSIS,HP_LACTIC_ACIDOSIS]
[HP_PSYCHOMOTOR_RETARDATION,HP_PSYCHOMOTOR_RETARDATION] was killed by [HP_LACTIC_ACIDOSIS,HP_LACTIC_ACIDOSIS]
[HP_LATE_ONSET,HP_LATE_ONSET] was killed by [HP_ABNORMAL_WAIST_TO_HIP_RATIO,HP_ABNORMAL_WAIST_TO_HIP_RATIO]
[HP_ABNORMALITY_OF_HEPATOBILIARY_SYSTEM_PHYSIOLOGY,HP_ABNORMALITY_OF_HEPATOBILIARY_SYSTEM_PHYSIOLOGY] was killed by [HP_LACTIC_ACIDOSIS,HP_LACTIC_ACIDOSIS]
[HP_ADENOCARCINOMA_OF_THE_INTESTINES,HP_ADENOCARCINOMA_OF_THE_INTESTINES] was killed by [HP_ERYTHROID_HYPOPLASIA,HP_ERYTHROID_HYPOPLASIA]
[HP_GENERALIZED_ONSET_MOTOR_SEIZURE,HP_GENERALIZED_ONSET_MOTOR_SEIZURE] was killed by [HP_LACTIC_ACIDOSIS,HP_LACTIC_ACIDOSIS]
[HP_POSTNATAL_MICROCEPHALY,HP_POSTNATAL_MICROCEPHALY] was killed by [HP_SLOPING_FOREHEAD,HP_SLOPING_FOREHEAD]
[HP_LYMPHOMA,HP_LYMPHOMA] was killed by [HP_LACTIC_ACIDOSIS,HP_LACTIC_ACIDOSIS]
[HP_SPASTIC_PARAPLEGIA,HP_SPASTIC_PARAPLEGIA] was killed by [HP_LACTIC_ACIDOSIS,HP_LACTIC_ACIDOSIS]
[HP_WIDELY_SPACED_TEETH,HP_WIDELY_SPACED_TEETH] was killed by [HP_LACTIC_ACIDOSIS,HP_LACTIC_ACIDOSIS]
[HP_ABNORMAL_T_WAVE,HP_ABNORMAL_T_WAVE] was killed by [HP_HYPERALDOSTERONISM,HP_HYPERALDOSTERONISM]
[HP_MACROTHROMBOCYTOPENIA,HP_MACROTHROMBOCYTOPENIA] was killed by [HP_ABNORMAL_PLATELET_VOLUME,HP_ABNORMAL_PLATELET_VOLUME]
[HP_ABNORMAL_CEREBROSPINAL_FLUID_METABOLITE_CONCENTRATION,HP_ABNORMAL_CEREBROSPINAL_FLUID_METABOLITE_CONCENTRATION] was killed by [HP_LACTIC_ACIDOSIS,HP_LACTIC_ACIDOSIS]
[HP_CORNEAL_EROSION,HP_CORNEAL_EROSION] was killed by [HP_MICROSCOPIC_HEMATURIA,HP_MICROSCOPIC_HEMATURIA]
[HP_MALE_INFERTILITY,HP_MALE_INFERTILITY] was killed by [HP_LACTIC_ACIDOSIS,HP_LACTIC_ACIDOSIS]
[HP_ABNORMAL_URINE_PH,HP_ABNORMAL_URINE_PH] was killed by [HP_LACTIC_ACIDOSIS,HP_LACTIC_ACIDOSIS]
[HP_MICROCORNEA,HP_MICROCORNEA] was killed by [HP_LACTIC_ACIDOSIS,HP_LACTIC_ACIDOSIS]
[HP_SELF_INJURIOUS_BEHAVIOR,HP_SELF_INJURIOUS_BEHAVIOR] was killed by [HP_LACTIC_ACIDOSIS,HP_LACTIC_ACIDOSIS]
[HP_PURPURA,HP_PURPURA] was killed by [HP_TRANSIENT_ISCHEMIC_ATTACK,HP_TRANSIENT_ISCHEMIC_ATTACK]
[HP_ARTERIOVENOUS_MALFORMATION,HP_ARTERIOVENOUS_MALFORMATION] was killed by [HP_SLOPING_FOREHEAD,HP_SLOPING_FOREHEAD]
[HP_ABNORMAL_ARTERIAL_PHYSIOLOGY,HP_ABNORMAL_ARTERIAL_PHYSIOLOGY] was killed by [HP_SLOPING_FOREHEAD,HP_SLOPING_FOREHEAD]
[HP_CEREBRAL_HYPOPLASIA,HP_CEREBRAL_HYPOPLASIA] was killed by [HP_SLOPING_FOREHEAD,HP_SLOPING_FOREHEAD]
[HP_HYDROURETER,HP_HYDROURETER] was killed by [HP_SLOPING_FOREHEAD,HP_SLOPING_FOREHEAD]
[HP_VERTEBRAL_SEGMENTATION_DEFECT,HP_VERTEBRAL_SEGMENTATION_DEFECT] was killed by [HP_LACTIC_ACIDOSIS,HP_LACTIC_ACIDOSIS]
[HP_APLASIA_HYPOPLASIA_INVOLVING_THE_SKELETAL_MUSCULATURE,HP_APLASIA_HYPOPLASIA_INVOLVING_THE_SKELETAL_MUSCULATURE] was killed by [HP_FETAL_AKINESIA_SEQUENCE,HP_FETAL_AKINESIA_SEQUENCE]
[HP_PRODUCTIVE_COUGH,HP_PRODUCTIVE_COUGH] was killed by [HP_LACTIC_ACIDOSIS,HP_LACTIC_ACIDOSIS]
[HP_APHASIA,HP_APHASIA] was killed by [HP_LACTIC_ACIDOSIS,HP_LACTIC_ACIDOSIS]
[HP_PERIPHERAL_AXONAL_NEUROPATHY,HP_PERIPHERAL_AXONAL_NEUROPATHY] was killed by [HP_LACTIC_ACIDOSIS,HP_LACTIC_ACIDOSIS]
[HP_TELANGIECTASIA,HP_TELANGIECTASIA] was killed by [HP_TRANSIENT_ISCHEMIC_ATTACK,HP_TRANSIENT_ISCHEMIC_ATTACK]
[HP_FRONTAL_CORTICAL_ATROPHY,HP_FRONTAL_CORTICAL_ATROPHY] was killed by [HP_CONGENITAL_NYSTAGMUS,HP_CONGENITAL_NYSTAGMUS]
[HP_RENAL_DUPLICATION,HP_RENAL_DUPLICATION] was killed by [HP_ABNORMAL_PLATELET_VOLUME,HP_ABNORMAL_PLATELET_VOLUME]
[HP_LYMPHOPENIA,HP_LYMPHOPENIA] was killed by [HP_IRIDOCYCLITIS,HP_IRIDOCYCLITIS]
[HP_PROMINENT_DIGIT_PAD,HP_PROMINENT_DIGIT_PAD] was killed by [HP_SANDAL_GAP,HP_SANDAL_GAP]
[HP_WHEEZING,HP_WHEEZING] was killed by [HP_FEMALE_INFERTILITY,HP_FEMALE_INFERTILITY]
[HP_SPINAL_RIGIDITY,HP_SPINAL_RIGIDITY] was killed by [HP_FETAL_AKINESIA_SEQUENCE,HP_FETAL_AKINESIA_SEQUENCE]
[HP_PERIPHERAL_AXONAL_DEGENERATION,HP_PERIPHERAL_AXONAL_DEGENERATION] was killed by [HP_LACTIC_ACIDOSIS,HP_LACTIC_ACIDOSIS]
[HP_HYPOPIGMENTATION_OF_THE_FUNDUS,HP_HYPOPIGMENTATION_OF_THE_FUNDUS] was killed by [HP_ABNORMALITY_OF_FUNDUS_PIGMENTATION,HP_ABNORMALITY_OF_FUNDUS_PIGMENTATION]
[HP_APLASIA_HYPOPLASIA_OF_THE_EAR,HP_APLASIA_HYPOPLASIA_OF_THE_EAR] was killed by [HP_LACTIC_ACIDOSIS,HP_LACTIC_ACIDOSIS]
[HP_CENTRAL_HYPOVENTILATION,HP_CENTRAL_HYPOVENTILATION] was killed by [HP_LACTIC_ACIDOSIS,HP_LACTIC_ACIDOSIS]
[HP_FACIAL_EDEMA,HP_FACIAL_EDEMA] was killed by [HP_LACTIC_ACIDOSIS,HP_LACTIC_ACIDOSIS]
[HP_RESTLESSNESS,HP_RESTLESSNESS] was killed by [HP_LOSS_OF_SPEECH,HP_LOSS_OF_SPEECH]
[HP_LONG_EYELASHES,HP_LONG_EYELASHES] was killed by [HP_SANDAL_GAP,HP_SANDAL_GAP]
[HP_RETICULOCYTOPENIA,HP_RETICULOCYTOPENIA] was killed by [HP_ERYTHROID_HYPOPLASIA,HP_ERYTHROID_HYPOPLASIA]
[HP_ABNORMAL_CIRCULATING_RENIN,HP_ABNORMAL_CIRCULATING_RENIN] was killed by [HP_HYPERALDOSTERONISM,HP_HYPERALDOSTERONISM]
[HP_ABNORMAL_HEART_RATE_VARIABILITY,HP_ABNORMAL_HEART_RATE_VARIABILITY] was killed by [HP_LOSS_OF_SPEECH,HP_LOSS_OF_SPEECH]
[HP_HYPERAMMONEMIA,HP_HYPERAMMONEMIA] was killed by [HP_LACTIC_ACIDOSIS,HP_LACTIC_ACIDOSIS]
[HP_ABNORMALITY_OF_THE_PERIVENTRICULAR_WHITE_MATTER,HP_ABNORMALITY_OF_THE_PERIVENTRICULAR_WHITE_MATTER] was killed by [HP_LACTIC_ACIDOSIS,HP_LACTIC_ACIDOSIS]
[HP_SPRENGEL_ANOMALY,HP_SPRENGEL_ANOMALY] was killed by [HP_ERYTHROID_HYPOPLASIA,HP_ERYTHROID_HYPOPLASIA]
[HP_METATARSUS_ADDUCTUS,HP_METATARSUS_ADDUCTUS] was killed by [HP_SANDAL_GAP,HP_SANDAL_GAP]
[HP_DYSMETRIA,HP_DYSMETRIA] was killed by [HP_LOSS_OF_SPEECH,HP_LOSS_OF_SPEECH]
[HP_ABNORMALITY_OF_RENIN_ANGIOTENSIN_SYSTEM,HP_ABNORMALITY_OF_RENIN_ANGIOTENSIN_SYSTEM] was killed by [HP_HYPERALDOSTERONISM,HP_HYPERALDOSTERONISM]
[HP_PROFOUND_GLOBAL_DEVELOPMENTAL_DELAY,HP_PROFOUND_GLOBAL_DEVELOPMENTAL_DELAY] was killed by [HP_SLOPING_FOREHEAD,HP_SLOPING_FOREHEAD]
[HP_MITOCHONDRIAL_RESPIRATORY_CHAIN_DEFECTS,HP_MITOCHONDRIAL_RESPIRATORY_CHAIN_DEFECTS] was killed by [HP_LACTIC_ACIDOSIS,HP_LACTIC_ACIDOSIS]
[HP_OVERLAPPING_TOE,HP_OVERLAPPING_TOE] was killed by [HP_SANDAL_GAP,HP_SANDAL_GAP]
[HP_RECURRENT_MYCOBACTERIAL_INFECTIONS,HP_RECURRENT_MYCOBACTERIAL_INFECTIONS] was killed by [HP_FEMALE_INFERTILITY,HP_FEMALE_INFERTILITY]
[HP_ABNORMALITY_OF_THE_FRONTAL_HAIRLINE,HP_ABNORMALITY_OF_THE_FRONTAL_HAIRLINE] was killed by [HP_LACTIC_ACIDOSIS,HP_LACTIC_ACIDOSIS]
[HP_ABNORMAL_SHAPE_OF_THE_PALPEBRAL_FISSURE,HP_ABNORMAL_SHAPE_OF_THE_PALPEBRAL_FISSURE] was killed by [HP_SLOPING_FOREHEAD,HP_SLOPING_FOREHEAD]
[HP_INCREASED_LACTATE_DEHYDROGENASE_LEVEL,HP_INCREASED_LACTATE_DEHYDROGENASE_LEVEL] was killed by [HP_TRANSIENT_ISCHEMIC_ATTACK,HP_TRANSIENT_ISCHEMIC_ATTACK]
[HP_ABNORMAL_RIGHT_ATRIUM_MORPHOLOGY,HP_ABNORMAL_RIGHT_ATRIUM_MORPHOLOGY] was killed by [HP_TRANSIENT_ISCHEMIC_ATTACK,HP_TRANSIENT_ISCHEMIC_ATTACK]
[HP_MITRAL_STENOSIS,HP_MITRAL_STENOSIS] was killed by [HP_TRANSIENT_ISCHEMIC_ATTACK,HP_TRANSIENT_ISCHEMIC_ATTACK]
[HP_UNSTEADY_GAIT,HP_UNSTEADY_GAIT] was killed by [HP_MYOCLONIC_ABSENCE_SEIZURE,HP_MYOCLONIC_ABSENCE_SEIZURE]
[HP_SPASTIC_DYSARTHRIA,HP_SPASTIC_DYSARTHRIA] was killed by [HP_LOSS_OF_SPEECH,HP_LOSS_OF_SPEECH]
[HP_ABNORMAL_SALIVARY_GLAND_MORPHOLOGY,HP_ABNORMAL_SALIVARY_GLAND_MORPHOLOGY] was killed by [HP_IRIDOCYCLITIS,HP_IRIDOCYCLITIS]
[HP_NASAL_OBSTRUCTION,HP_NASAL_OBSTRUCTION] was killed by [HP_FEMALE_INFERTILITY,HP_FEMALE_INFERTILITY]
[HP_ABNORMALITY_OF_LATERAL_VENTRICLE,HP_ABNORMALITY_OF_LATERAL_VENTRICLE] was killed by [HP_SANDAL_GAP,HP_SANDAL_GAP]
[HP_ABNORMAL_FINGERTIP_MORPHOLOGY,HP_ABNORMAL_FINGERTIP_MORPHOLOGY] was killed by [HP_LACTIC_ACIDOSIS,HP_LACTIC_ACIDOSIS]
[HP_AIRWAY_OBSTRUCTION,HP_AIRWAY_OBSTRUCTION] was killed by [HP_LACTIC_ACIDOSIS,HP_LACTIC_ACIDOSIS]
[HP_ABNORMALITY_OF_CHROMOSOME_STABILITY,HP_ABNORMALITY_OF_CHROMOSOME_STABILITY] was killed by [HP_SLOPING_FOREHEAD,HP_SLOPING_FOREHEAD]
[HP_MOYAMOYA_PHENOMENON,HP_MOYAMOYA_PHENOMENON] was killed by [HP_TRANSIENT_ISCHEMIC_ATTACK,HP_TRANSIENT_ISCHEMIC_ATTACK]
[HP_POLYNEUROPATHY,HP_POLYNEUROPATHY] was killed by [HP_LACTIC_ACIDOSIS,HP_LACTIC_ACIDOSIS]
[HP_CLONIC_SEIZURE,HP_CLONIC_SEIZURE] was killed by [HP_SLOPING_FOREHEAD,HP_SLOPING_FOREHEAD]
[HP_SKIN_ULCER,HP_SKIN_ULCER] was killed by [HP_IRIDOCYCLITIS,HP_IRIDOCYCLITIS]
[HP_HEMOLYTIC_ANEMIA,HP_HEMOLYTIC_ANEMIA] was killed by [HP_LACTIC_ACIDOSIS,HP_LACTIC_ACIDOSIS]
[HP_REDUCED_SYSTOLIC_FUNCTION,HP_REDUCED_SYSTOLIC_FUNCTION] was killed by [HP_FETAL_AKINESIA_SEQUENCE,HP_FETAL_AKINESIA_SEQUENCE]
[HP_METABOLIC_ACIDOSIS,HP_METABOLIC_ACIDOSIS] was killed by [HP_LACTIC_ACIDOSIS,HP_LACTIC_ACIDOSIS]
[HP_HYPOCALCEMIA,HP_HYPOCALCEMIA] was killed by [HP_SLOPING_FOREHEAD,HP_SLOPING_FOREHEAD]
[HP_AUTOIMMUNITY,HP_AUTOIMMUNITY] was killed by [HP_LACTIC_ACIDOSIS,HP_LACTIC_ACIDOSIS]
[HP_HYPOPLASTIC_ILIAC_WING,HP_HYPOPLASTIC_ILIAC_WING] was killed by [HP_SLOPING_FOREHEAD,HP_SLOPING_FOREHEAD]
[HP_HYPOTHERMIA,HP_HYPOTHERMIA] was killed by [HP_LACTIC_ACIDOSIS,HP_LACTIC_ACIDOSIS]
[HP_BROAD_PHALANX_OF_THE_TOES,HP_BROAD_PHALANX_OF_THE_TOES] was killed by [HP_SLOPING_FOREHEAD,HP_SLOPING_FOREHEAD]
[HP_ECHOLALIA,HP_ECHOLALIA] was killed by [HP_TRANSIENT_ISCHEMIC_ATTACK,HP_TRANSIENT_ISCHEMIC_ATTACK]
[HP_LIMITATION_OF_NECK_MOTION,HP_LIMITATION_OF_NECK_MOTION] was killed by [HP_MYOCLONIC_ABSENCE_SEIZURE,HP_MYOCLONIC_ABSENCE_SEIZURE]
[HP_ABNORMALITY_OF_THE_PHALANGES_OF_THE_HALLUX,HP_ABNORMALITY_OF_THE_PHALANGES_OF_THE_HALLUX] was killed by [HP_SANDAL_GAP,HP_SANDAL_GAP]
[HP_METAPHYSEAL_WIDENING,HP_METAPHYSEAL_WIDENING] was killed by [HP_LACTIC_ACIDOSIS,HP_LACTIC_ACIDOSIS]
[HP_ABNORMAL_RESPIRATORY_MOTILE_CILIUM_PHYSIOLOGY,HP_ABNORMAL_RESPIRATORY_MOTILE_CILIUM_PHYSIOLOGY] was killed by [HP_FEMALE_INFERTILITY,HP_FEMALE_INFERTILITY]
[HP_YELLOW_WHITE_LESIONS_OF_THE_RETINA,HP_YELLOW_WHITE_LESIONS_OF_THE_RETINA] was killed by [HP_ABNORMALITY_OF_FUNDUS_PIGMENTATION,HP_ABNORMALITY_OF_FUNDUS_PIGMENTATION]
[HP_DECREASED_ACTIVITY_OF_MITOCHONDRIAL_COMPLEX_IV,HP_DECREASED_ACTIVITY_OF_MITOCHONDRIAL_COMPLEX_IV] was killed by [HP_LACTIC_ACIDOSIS,HP_LACTIC_ACIDOSIS]
[HP_STRIAE_DISTENSAE,HP_STRIAE_DISTENSAE] was killed by [HP_TRANSIENT_ISCHEMIC_ATTACK,HP_TRANSIENT_ISCHEMIC_ATTACK]
[HP_SPONTANEOUS_RECURRENT_EPISTAXIS,HP_SPONTANEOUS_RECURRENT_EPISTAXIS] was killed by [HP_TRANSIENT_ISCHEMIC_ATTACK,HP_TRANSIENT_ISCHEMIC_ATTACK]
[HP_CORONARY_ARTERY_ATHEROSCLEROSIS,HP_CORONARY_ARTERY_ATHEROSCLEROSIS] was killed by [HP_TRANSIENT_ISCHEMIC_ATTACK,HP_TRANSIENT_ISCHEMIC_ATTACK]
[HP_WIDE_MOUTH,HP_WIDE_MOUTH] was killed by [HP_LACTIC_ACIDOSIS,HP_LACTIC_ACIDOSIS]
[HP_2_3_TOE_SYNDACTYLY,HP_2_3_TOE_SYNDACTYLY] was killed by [HP_LACTIC_ACIDOSIS,HP_LACTIC_ACIDOSIS]
[HP_ABNORMAL_NEUTROPHIL_COUNT,HP_ABNORMAL_NEUTROPHIL_COUNT] was killed by [HP_ERYTHROID_HYPOPLASIA,HP_ERYTHROID_HYPOPLASIA]
[HP_RECURRENT_BRONCHITIS,HP_RECURRENT_BRONCHITIS] was killed by [HP_FEMALE_INFERTILITY,HP_FEMALE_INFERTILITY]
[HP_ABSENT_THUMB,HP_ABSENT_THUMB] was killed by [HP_SLOPING_FOREHEAD,HP_SLOPING_FOREHEAD]
[HP_NEOPLASM_OF_THE_LARGE_INTESTINE,HP_NEOPLASM_OF_THE_LARGE_INTESTINE] was killed by [HP_ERYTHROID_HYPOPLASIA,HP_ERYTHROID_HYPOPLASIA]
[HP_LARGE_HANDS,HP_LARGE_HANDS] was killed by [HP_SLOPING_FOREHEAD,HP_SLOPING_FOREHEAD]
[HP_WIDENED_SUBARACHNOID_SPACE,HP_WIDENED_SUBARACHNOID_SPACE] was killed by [HP_LACTIC_ACIDOSIS,HP_LACTIC_ACIDOSIS]
[HP_TRIPHALANGEAL_THUMB,HP_TRIPHALANGEAL_THUMB] was killed by [HP_LACTIC_ACIDOSIS,HP_LACTIC_ACIDOSIS]
[HP_HEPATIC_FIBROSIS,HP_HEPATIC_FIBROSIS] was killed by [HP_SLOPING_FOREHEAD,HP_SLOPING_FOREHEAD]
[HP_PREAXIAL_HAND_POLYDACTYLY,HP_PREAXIAL_HAND_POLYDACTYLY] was killed by [HP_SLOPING_FOREHEAD,HP_SLOPING_FOREHEAD]
[HP_LEBER_OPTIC_ATROPHY,HP_LEBER_OPTIC_ATROPHY] was killed by [HP_LACTIC_ACIDOSIS,HP_LACTIC_ACIDOSIS]
[HP_TRIANGULAR_SHAPED_PHALANGES_OF_THE_HAND,HP_TRIANGULAR_SHAPED_PHALANGES_OF_THE_HAND] was killed by [HP_LACTIC_ACIDOSIS,HP_LACTIC_ACIDOSIS]
[HP_ABNORMAL_MACULAR_MORPHOLOGY,HP_ABNORMAL_MACULAR_MORPHOLOGY] was killed by [HP_ABNORMALITY_OF_FUNDUS_PIGMENTATION,HP_ABNORMALITY_OF_FUNDUS_PIGMENTATION]
[HP_ABSENT_THUMBNAIL,HP_ABSENT_THUMBNAIL] was killed by [HP_SLOPING_FOREHEAD,HP_SLOPING_FOREHEAD]
[HP_NEOPLASM_OF_THE_PANCREAS,HP_NEOPLASM_OF_THE_PANCREAS] was killed by [HP_LACTIC_ACIDOSIS,HP_LACTIC_ACIDOSIS]
[HP_ABNORMAL_PAROTID_GLAND_MORPHOLOGY,HP_ABNORMAL_PAROTID_GLAND_MORPHOLOGY] was killed by [HP_IRIDOCYCLITIS,HP_IRIDOCYCLITIS]
[HP_RAYNAUD_PHENOMENON,HP_RAYNAUD_PHENOMENON] was killed by [HP_LOSS_OF_SPEECH,HP_LOSS_OF_SPEECH]
[HP_MYOCLONIC_SEIZURE,HP_MYOCLONIC_SEIZURE] was killed by [HP_LACTIC_ACIDOSIS,HP_LACTIC_ACIDOSIS]
[HP_ATONIC_SEIZURE,HP_ATONIC_SEIZURE] was killed by [HP_SLOPING_FOREHEAD,HP_SLOPING_FOREHEAD]
[HP_ISCHEMIC_STROKE,HP_ISCHEMIC_STROKE] was killed by [HP_TRANSIENT_ISCHEMIC_ATTACK,HP_TRANSIENT_ISCHEMIC_ATTACK]
[HP_MUTISM,HP_MUTISM] was killed by [HP_LOSS_OF_SPEECH,HP_LOSS_OF_SPEECH]
[HP_MUSCLE_FIBER_SPLITTING,HP_MUSCLE_FIBER_SPLITTING] was killed by [HP_FETAL_AKINESIA_SEQUENCE,HP_FETAL_AKINESIA_SEQUENCE]
[HP_METABOLIC_ALKALOSIS,HP_METABOLIC_ALKALOSIS] was killed by [HP_HYPERALDOSTERONISM,HP_HYPERALDOSTERONISM]
[HP_BROAD_HALLUX_PHALANX,HP_BROAD_HALLUX_PHALANX] was killed by [HP_SANDAL_GAP,HP_SANDAL_GAP]
[HP_GAIT_ATAXIA,HP_GAIT_ATAXIA] was killed by [HP_LACTIC_ACIDOSIS,HP_LACTIC_ACIDOSIS]
[HP_PARAPARESIS,HP_PARAPARESIS] was killed by [HP_LOSS_OF_SPEECH,HP_LOSS_OF_SPEECH]
[HP_APLASIA_OF_THE_MUSCULATURE,HP_APLASIA_OF_THE_MUSCULATURE] was killed by [HP_FETAL_AKINESIA_SEQUENCE,HP_FETAL_AKINESIA_SEQUENCE]
[HP_PALLOR,HP_PALLOR] was killed by [HP_TRANSIENT_ISCHEMIC_ATTACK,HP_TRANSIENT_ISCHEMIC_ATTACK]
[HP_ORTHOPNEA,HP_ORTHOPNEA] was killed by [HP_TRANSIENT_ISCHEMIC_ATTACK,HP_TRANSIENT_ISCHEMIC_ATTACK]
[HP_FRONTOTEMPORAL_DEMENTIA,HP_FRONTOTEMPORAL_DEMENTIA] was killed by [HP_LOSS_OF_SPEECH,HP_LOSS_OF_SPEECH]
[HP_DOWNTURNED_CORNERS_OF_MOUTH,HP_DOWNTURNED_CORNERS_OF_MOUTH] was killed by [HP_LACTIC_ACIDOSIS,HP_LACTIC_ACIDOSIS]
[HP_EPISPADIAS,HP_EPISPADIAS] was killed by [HP_SANDAL_GAP,HP_SANDAL_GAP]
[HP_CLONUS,HP_CLONUS] was killed by [HP_LOSS_OF_SPEECH,HP_LOSS_OF_SPEECH]
[HP_HYPERORALITY,HP_HYPERORALITY] was killed by [HP_LOSS_OF_SPEECH,HP_LOSS_OF_SPEECH]
[HP_HIGHLY_ARCHED_EYEBROW,HP_HIGHLY_ARCHED_EYEBROW] was killed by [HP_LACTIC_ACIDOSIS,HP_LACTIC_ACIDOSIS]
[HP_HYPOCHROMIC_ANEMIA,HP_HYPOCHROMIC_ANEMIA] was killed by [HP_ABNORMAL_PLATELET_VOLUME,HP_ABNORMAL_PLATELET_VOLUME]
[HP_ABNORMAL_LOWER_MOTOR_NEURON_MORPHOLOGY,HP_ABNORMAL_LOWER_MOTOR_NEURON_MORPHOLOGY] was killed by [HP_LOSS_OF_SPEECH,HP_LOSS_OF_SPEECH]
[HP_ABNORMAL_SOCIAL_BEHAVIOR,HP_ABNORMAL_SOCIAL_BEHAVIOR] was killed by [HP_LACTIC_ACIDOSIS,HP_LACTIC_ACIDOSIS]
[HP_EPIPHYSEAL_DYSPLASIA,HP_EPIPHYSEAL_DYSPLASIA] was killed by [HP_SANDAL_GAP,HP_SANDAL_GAP]
[HP_ABNORMAL_RESPIRATORY_MOTILE_CILIUM_MORPHOLOGY,HP_ABNORMAL_RESPIRATORY_MOTILE_CILIUM_MORPHOLOGY] was killed by [HP_FEMALE_INFERTILITY,HP_FEMALE_INFERTILITY]
[HP_SPASTIC_TETRAPLEGIA,HP_SPASTIC_TETRAPLEGIA] was killed by [HP_SLOPING_FOREHEAD,HP_SLOPING_FOREHEAD]
[HP_PALMOPLANTAR_BLISTERING,HP_PALMOPLANTAR_BLISTERING] was killed by [HP_DIFFUSE_PALMOPLANTAR_KERATODERMA,HP_DIFFUSE_PALMOPLANTAR_KERATODERMA]
[HP_PLATYSPONDYLY,HP_PLATYSPONDYLY] was killed by [HP_LACTIC_ACIDOSIS,HP_LACTIC_ACIDOSIS]
[HP_WEBBED_NECK,HP_WEBBED_NECK] was killed by [HP_LACTIC_ACIDOSIS,HP_LACTIC_ACIDOSIS]
[HP_PANNICULITIS,HP_PANNICULITIS] was killed by [HP_LOSS_OF_SPEECH,HP_LOSS_OF_SPEECH]
[HP_ABNORMAL_NIPPLE_MORPHOLOGY,HP_ABNORMAL_NIPPLE_MORPHOLOGY] was killed by [HP_LACTIC_ACIDOSIS,HP_LACTIC_ACIDOSIS]
[HP_DYSLEXIA,HP_DYSLEXIA] was killed by [HP_LOSS_OF_SPEECH,HP_LOSS_OF_SPEECH]
[HP_INCREASED_NUCHAL_TRANSLUCENCY,HP_INCREASED_NUCHAL_TRANSLUCENCY] was killed by [HP_SLOPING_FOREHEAD,HP_SLOPING_FOREHEAD]
[HP_PROLONGED_BLEEDING_TIME,HP_PROLONGED_BLEEDING_TIME] was killed by [HP_TRANSIENT_ISCHEMIC_ATTACK,HP_TRANSIENT_ISCHEMIC_ATTACK]
[HP_PROGRESSIVE_CEREBELLAR_ATAXIA,HP_PROGRESSIVE_CEREBELLAR_ATAXIA] was killed by [HP_LACTIC_ACIDOSIS,HP_LACTIC_ACIDOSIS]
[HP_RECURRENT_BACTERIAL_INFECTIONS,HP_RECURRENT_BACTERIAL_INFECTIONS] was killed by [HP_LACTIC_ACIDOSIS,HP_LACTIC_ACIDOSIS]
[HP_SEVERE_GLOBAL_DEVELOPMENTAL_DELAY,HP_SEVERE_GLOBAL_DEVELOPMENTAL_DELAY] was killed by [HP_LACTIC_ACIDOSIS,HP_LACTIC_ACIDOSIS]
[HP_GRAMMAR_SPECIFIC_SPEECH_DISORDER,HP_GRAMMAR_SPECIFIC_SPEECH_DISORDER] was killed by [HP_LOSS_OF_SPEECH,HP_LOSS_OF_SPEECH]
[HP_DEATH_IN_CHILDHOOD,HP_DEATH_IN_CHILDHOOD] was killed by [HP_LOSS_OF_SPEECH,HP_LOSS_OF_SPEECH]
[HP_POLYCYSTIC_KIDNEY_DYSPLASIA,HP_POLYCYSTIC_KIDNEY_DYSPLASIA] was killed by [HP_ABNORMAL_PLATELET_VOLUME,HP_ABNORMAL_PLATELET_VOLUME]
[HP_CHORIORETINAL_ATROPHY,HP_CHORIORETINAL_ATROPHY] was killed by [HP_ABNORMALITY_OF_FUNDUS_PIGMENTATION,HP_ABNORMALITY_OF_FUNDUS_PIGMENTATION]
[HP_OSTEOSARCOMA,HP_OSTEOSARCOMA] was killed by [HP_ERYTHROID_HYPOPLASIA,HP_ERYTHROID_HYPOPLASIA]
[HP_TONIC_SEIZURE,HP_TONIC_SEIZURE] was killed by [HP_SLOPING_FOREHEAD,HP_SLOPING_FOREHEAD]
[HP_NECK_MUSCLE_WEAKNESS,HP_NECK_MUSCLE_WEAKNESS] was killed by [HP_SLOPING_FOREHEAD,HP_SLOPING_FOREHEAD]
[HP_GIANT_PLATELETS,HP_GIANT_PLATELETS] was killed by [HP_ABNORMAL_PLATELET_VOLUME,HP_ABNORMAL_PLATELET_VOLUME]
[HP_NEOPLASM_OF_THE_PITUITARY_GLAND,HP_NEOPLASM_OF_THE_PITUITARY_GLAND] was killed by [HP_ABNORMALITY_OF_FUNDUS_PIGMENTATION,HP_ABNORMALITY_OF_FUNDUS_PIGMENTATION]
[HP_PROLONGED_NEONATAL_JAUNDICE,HP_PROLONGED_NEONATAL_JAUNDICE] was killed by [HP_LOSS_OF_SPEECH,HP_LOSS_OF_SPEECH]
[HP_ABNORMAL_GLIAL_CELL_MORPHOLOGY,HP_ABNORMAL_GLIAL_CELL_MORPHOLOGY] was killed by [HP_LOSS_OF_SPEECH,HP_LOSS_OF_SPEECH]
[HP_FEMALE_SEXUAL_DYSFUNCTION,HP_FEMALE_SEXUAL_DYSFUNCTION] was killed by [HP_SLOPING_FOREHEAD,HP_SLOPING_FOREHEAD]
[HP_RECURRENT_SINUSITIS,HP_RECURRENT_SINUSITIS] was killed by [HP_LACTIC_ACIDOSIS,HP_LACTIC_ACIDOSIS]
[HP_LIPID_ACCUMULATION_IN_HEPATOCYTES,HP_LIPID_ACCUMULATION_IN_HEPATOCYTES] was killed by [HP_LACTIC_ACIDOSIS,HP_LACTIC_ACIDOSIS]
[HP_ABNORMALITY_OF_THE_HUMERORADIAL_JOINT,HP_ABNORMALITY_OF_THE_HUMERORADIAL_JOINT] was killed by [HP_SANDAL_GAP,HP_SANDAL_GAP]
[HP_ABNORMALITY_OF_THE_LYMPH_NODES,HP_ABNORMALITY_OF_THE_LYMPH_NODES] was killed by [HP_LACTIC_ACIDOSIS,HP_LACTIC_ACIDOSIS]
[HP_ABNORMALITY_OF_THE_COLUMELLA,HP_ABNORMALITY_OF_THE_COLUMELLA] was killed by [HP_SANDAL_GAP,HP_SANDAL_GAP]
[HP_ABNORMALITY_OF_THE_ADRENAL_GLANDS,HP_ABNORMALITY_OF_THE_ADRENAL_GLANDS] was killed by [HP_FEMALE_INFERTILITY,HP_FEMALE_INFERTILITY]
[HP_FLAT_ACETABULAR_ROOF,HP_FLAT_ACETABULAR_ROOF] was killed by [HP_SANDAL_GAP,HP_SANDAL_GAP]
[HP_HYPOPLASTIC_LABIA_MAJORA,HP_HYPOPLASTIC_LABIA_MAJORA] was killed by [HP_SANDAL_GAP,HP_SANDAL_GAP]
[HP_BILATERAL_TONIC_CLONIC_SEIZURE_WITH_GENERALIZED_ONSET,HP_BILATERAL_TONIC_CLONIC_SEIZURE_WITH_GENERALIZED_ONSET] was killed by [HP_SLOPING_FOREHEAD,HP_SLOPING_FOREHEAD]
[HP_HYPOGONADOTROPIC_HYPOGONADISM,HP_HYPOGONADOTROPIC_HYPOGONADISM] was killed by [HP_LACTIC_ACIDOSIS,HP_LACTIC_ACIDOSIS]
[HP_MOTOR_AXONAL_NEUROPATHY,HP_MOTOR_AXONAL_NEUROPATHY] was killed by [HP_LOSS_OF_SPEECH,HP_LOSS_OF_SPEECH]
[HP_BILE_DUCT_PROLIFERATION,HP_BILE_DUCT_PROLIFERATION] was killed by [HP_SLOPING_FOREHEAD,HP_SLOPING_FOREHEAD]
[HP_PAROXYSMAL_DYSTONIA,HP_PAROXYSMAL_DYSTONIA] was killed by [HP_SLOPING_FOREHEAD,HP_SLOPING_FOREHEAD]
[HP_JERKY_HEAD_MOVEMENTS,HP_JERKY_HEAD_MOVEMENTS] was killed by [HP_MYOCLONIC_ABSENCE_SEIZURE,HP_MYOCLONIC_ABSENCE_SEIZURE]
[HP_HYPOPLASIA_OF_THE_FRONTAL_LOBES,HP_HYPOPLASIA_OF_THE_FRONTAL_LOBES] was killed by [HP_SLOPING_FOREHEAD,HP_SLOPING_FOREHEAD]
[HP_BONE_MARROW_HYPOCELLULARITY,HP_BONE_MARROW_HYPOCELLULARITY] was killed by [HP_LACTIC_ACIDOSIS,HP_LACTIC_ACIDOSIS]
[HP_ABNORMAL_HAIR_WHORL,HP_ABNORMAL_HAIR_WHORL] was killed by [HP_SANDAL_GAP,HP_SANDAL_GAP]
[HP_LIPODYSTROPHY,HP_LIPODYSTROPHY] was killed by [HP_TRANSIENT_ISCHEMIC_ATTACK,HP_TRANSIENT_ISCHEMIC_ATTACK]
[HP_ABNORMAL_URINE_MAGNESIUM_CONCENTRATION,HP_ABNORMAL_URINE_MAGNESIUM_CONCENTRATION] was killed by [HP_HYPERALDOSTERONISM,HP_HYPERALDOSTERONISM]
[HP_EEG_WITH_BURST_SUPPRESSION,HP_EEG_WITH_BURST_SUPPRESSION] was killed by [HP_SLOPING_FOREHEAD,HP_SLOPING_FOREHEAD]
[HP_SPARSE_BODY_HAIR,HP_SPARSE_BODY_HAIR] was killed by [HP_LACTIC_ACIDOSIS,HP_LACTIC_ACIDOSIS]
[HP_COMPLETE_DUPLICATION_OF_PHALANX_OF_HAND,HP_COMPLETE_DUPLICATION_OF_PHALANX_OF_HAND] was killed by [HP_SLOPING_FOREHEAD,HP_SLOPING_FOREHEAD]
[HP_ERYTHEMA,HP_ERYTHEMA] was killed by [HP_LACTIC_ACIDOSIS,HP_LACTIC_ACIDOSIS]
[HP_EXTRAPYRAMIDAL_MUSCULAR_RIGIDITY,HP_EXTRAPYRAMIDAL_MUSCULAR_RIGIDITY] was killed by [HP_LOSS_OF_SPEECH,HP_LOSS_OF_SPEECH]
[HP_RETINAL_ATROPHY,HP_RETINAL_ATROPHY] was killed by [HP_ABNORMALITY_OF_FUNDUS_PIGMENTATION,HP_ABNORMALITY_OF_FUNDUS_PIGMENTATION]
[HP_ABNORMAL_LYMPHOCYTE_MORPHOLOGY,HP_ABNORMAL_LYMPHOCYTE_MORPHOLOGY] was killed by [HP_LACTIC_ACIDOSIS,HP_LACTIC_ACIDOSIS]
[HP_LIMB_MYOCLONUS,HP_LIMB_MYOCLONUS] was killed by [HP_LOSS_OF_SPEECH,HP_LOSS_OF_SPEECH]
[HP_PANCREATIC_ADENOCARCINOMA,HP_PANCREATIC_ADENOCARCINOMA] was killed by [HP_TRANSIENT_ISCHEMIC_ATTACK,HP_TRANSIENT_ISCHEMIC_ATTACK]
[HP_ABNORMALITY_OF_THE_DENTAL_ROOT,HP_ABNORMALITY_OF_THE_DENTAL_ROOT] was killed by [HP_SANDAL_GAP,HP_SANDAL_GAP]
[HP_APLASIA_OF_THE_FINGERS,HP_APLASIA_OF_THE_FINGERS] was killed by [HP_LACTIC_ACIDOSIS,HP_LACTIC_ACIDOSIS]
[HP_GENERALIZED_NEONATAL_HYPOTONIA,HP_GENERALIZED_NEONATAL_HYPOTONIA] was killed by [HP_CONGENITAL_NYSTAGMUS,HP_CONGENITAL_NYSTAGMUS]
[HP_SUBARACHNOID_HEMORRHAGE,HP_SUBARACHNOID_HEMORRHAGE] was killed by [HP_TRANSIENT_ISCHEMIC_ATTACK,HP_TRANSIENT_ISCHEMIC_ATTACK]
[HP_OLIGOSPERMIA,HP_OLIGOSPERMIA] was killed by [HP_Y_LINKED_INHERITANCE,HP_Y_LINKED_INHERITANCE]
[HP_HIGH_FREQUENCY_HEARING_IMPAIRMENT,HP_HIGH_FREQUENCY_HEARING_IMPAIRMENT] was killed by [HP_ABNORMAL_PLATELET_VOLUME,HP_ABNORMAL_PLATELET_VOLUME]
[HP_GENU_VALGUM,HP_GENU_VALGUM] was killed by [HP_SANDAL_GAP,HP_SANDAL_GAP]
[HP_ABNORMAL_LACTATE_DEHYDROGENASE_LEVEL,HP_ABNORMAL_LACTATE_DEHYDROGENASE_LEVEL] was killed by [HP_TRANSIENT_ISCHEMIC_ATTACK,HP_TRANSIENT_ISCHEMIC_ATTACK]
[HP_CHOROIDAL_NEOVASCULARIZATION,HP_CHOROIDAL_NEOVASCULARIZATION] was killed by [HP_TRANSIENT_ISCHEMIC_ATTACK,HP_TRANSIENT_ISCHEMIC_ATTACK]
[HP_APLASIA_HYPOPLASIA_OF_THE_STERNUM,HP_APLASIA_HYPOPLASIA_OF_THE_STERNUM] was killed by [HP_SLOPING_FOREHEAD,HP_SLOPING_FOREHEAD]
[HP_ORGANIC_ACIDURIA,HP_ORGANIC_ACIDURIA] was killed by [HP_LACTIC_ACIDOSIS,HP_LACTIC_ACIDOSIS]
[HP_SIDEROBLASTIC_ANEMIA,HP_SIDEROBLASTIC_ANEMIA] was killed by [HP_LACTIC_ACIDOSIS,HP_LACTIC_ACIDOSIS]
[HP_APLASIA_HYPOPLASIA_OF_THE_2ND_FINGER,HP_APLASIA_HYPOPLASIA_OF_THE_2ND_FINGER] was killed by [HP_SANDAL_GAP,HP_SANDAL_GAP]
[HP_INFECTION_RELATED_SEIZURE,HP_INFECTION_RELATED_SEIZURE] was killed by [HP_SLOPING_FOREHEAD,HP_SLOPING_FOREHEAD]
