[MIR6852_5P,MIR6852_5P] was killed by [MIR4755_3P,MIR4755_3P]
[MIR6882_5P,MIR6882_5P] was killed by [MIR142_3P,MIR142_3P]
[MIR520F_3P,MIR520F_3P] was killed by [MIR142_3P,MIR142_3P]
[MIR4473,MIR4473] was killed by [MIR143_5P,MIR143_5P]
[MIR619_5P,MIR619_5P] was killed by [MIR4755_3P,MIR4755_3P]
[MIR139_5P,MIR139_5P] was killed by [MIR142_3P,MIR142_3P]
[MIR4778_5P,MIR4778_5P] was killed by [MIR4755_3P,MIR4755_3P]
[MIR12119,MIR12119] was killed by [MIR433_3P,MIR433_3P]
[MIR2116_3P,MIR2116_3P] was killed by [MIR142_3P,MIR142_3P]
[MIR504_3P,MIR504_3P] was killed by [MIR4755_3P,MIR4755_3P]
[MIR150_5P,MIR150_5P] was killed by [MIR302A_5P,MIR302A_5P]
[MIR1233_3P,MIR1233_3P] was killed by [MIR6752_3P,MIR6752_3P]
[MIR5089_5P,MIR5089_5P] was killed by [MIR4794,MIR4794]
[MIR548M,MIR548M] was killed by [MIR142_3P,MIR142_3P]
[MIR4753_5P,MIR4753_5P] was killed by [MIR143_5P,MIR143_5P]
[MIR140_3P,MIR140_3P] was killed by [MIR142_3P,MIR142_3P]
[MIR1_5P,MIR1_5P] was killed by [MIR433_3P,MIR433_3P]
[MIR132_3P,MIR132_3P] was killed by [MIR302A_5P,MIR302A_5P]
[MIR6506_5P,MIR6506_5P] was killed by [MIR4794,MIR4794]
[MIR8057,MIR8057] was killed by [MIR143_5P,MIR143_5P]
[MIR651_5P,MIR651_5P] was killed by [MIR143_5P,MIR143_5P]
[MIR4480,MIR4480] was killed by [MIR4794,MIR4794]
[MIR5087,MIR5087] was killed by [MIR143_5P,MIR143_5P]
[MIR34B_3P,MIR34B_3P] was killed by [MIR433_3P,MIR433_3P]
[MIR6728_3P,MIR6728_3P] was killed by [MIR6072,MIR6072]
[MIR4280,MIR4280] was killed by [MIR142_3P,MIR142_3P]
[MIR6891_3P,MIR6891_3P] was killed by [MIR433_3P,MIR433_3P]
[MIR212_3P,MIR212_3P] was killed by [MIR302A_5P,MIR302A_5P]
[MIR18B_3P,MIR18B_3P] was killed by [MIR433_3P,MIR433_3P]
[MIR1537_5P,MIR1537_5P] was killed by [MIR143_5P,MIR143_5P]
[MIR4299,MIR4299] was killed by [MIR433_3P,MIR433_3P]
[MIR628_5P,MIR628_5P] was killed by [MIR224_5P,MIR224_5P]
[MIR4436B_5P,MIR4436B_5P] was killed by [MIR337_3P,MIR337_3P]
[MIR4257,MIR4257] was killed by [MIR152_5P,MIR152_5P]
[MIR664A_5P,MIR664A_5P] was killed by [MIR4794,MIR4794]
[MIR12116,MIR12116] was killed by [MIR142_3P,MIR142_3P]
[MIR1237_5P_MIR4488,MIR1237_5P_MIR4488] was killed by [MIR6752_3P,MIR6752_3P]
[MIR6849_3P,MIR6849_3P] was killed by [MIR4755_3P,MIR4755_3P]
[MIR762,MIR762] was killed by [MIR4755_3P,MIR4755_3P]
[MIR922,MIR922] was killed by [MIR142_3P,MIR142_3P]
[MIR3976,MIR3976] was killed by [MIR433_3P,MIR433_3P]
[MIR6734_3P,MIR6734_3P] was killed by [MIR433_3P,MIR433_3P]
[MIR4697_5P,MIR4697_5P] was killed by [MIR6752_3P,MIR6752_3P]
[MIR939_3P,MIR939_3P] was killed by [MIR31_5P,MIR31_5P]
