[MORF_ANP32B,MORF_ANP32B] was killed by [MORF_G22P1,MORF_G22P1]
[MORF_NPM1,MORF_NPM1] was killed by [MORF_G22P1,MORF_G22P1]
[MORF_ACTG1,MORF_ACTG1] was killed by [MORF_G22P1,MORF_G22P1]
[MORF_NME2,MORF_NME2] was killed by [MORF_G22P1,MORF_G22P1]
[BUSSLINGER_DUODENAL_TRANSIT_AMPLIFYING_CELLS,BUSSLINGER_DUODENAL_TRANSIT_AMPLIFYING_CELLS] was killed by [MORF_G22P1,MORF_G22P1]
[MORF_CTBP1,MORF_CTBP1] was killed by [MORF_G22P1,MORF_G22P1]
[MORF_EIF3S6,MORF_EIF3S6] was killed by [MORF_G22P1,MORF_G22P1]
[GSE2405_0H_VS_9H_A_PHAGOCYTOPHILUM_STIM_NEUTROPHIL_DN,GSE2405_0H_VS_9H_A_PHAGOCYTOPHILUM_STIM_NEUTROPHIL_DN] was killed by [MORF_G22P1,MORF_G22P1]
[GNF2_DAP3,GNF2_DAP3] was killed by [MORF_G22P1,MORF_G22P1]
[MORF_TPT1,MORF_TPT1] was killed by [RUBENSTEIN_SKELETAL_MUSCLE_T_CELLS,RUBENSTEIN_SKELETAL_MUSCLE_T_CELLS]
[MORF_EIF4A2,MORF_EIF4A2] was killed by [MORF_G22P1,MORF_G22P1]
[HALLMARK_MYC_TARGETS_V1,HALLMARK_MYC_TARGETS_V1] was killed by [MORF_G22P1,MORF_G22P1]
[MORF_ERH,MORF_ERH] was killed by [MORF_G22P1,MORF_G22P1]
[MORF_DAP3,MORF_DAP3] was killed by [MORF_G22P1,MORF_G22P1]
[GNF2_FBL,GNF2_FBL] was killed by [MORF_G22P1,MORF_G22P1]
[MORF_FBL,MORF_FBL] was killed by [MORF_G22P1,MORF_G22P1]
[BILANGES_SERUM_AND_RAPAMYCIN_SENSITIVE_GENES,BILANGES_SERUM_AND_RAPAMYCIN_SENSITIVE_GENES] was killed by [RUBENSTEIN_SKELETAL_MUSCLE_T_CELLS,RUBENSTEIN_SKELETAL_MUSCLE_T_CELLS]
[GCM_CSNK2B,GCM_CSNK2B] was killed by [MORF_G22P1,MORF_G22P1]
[MORF_PPP1CA,MORF_PPP1CA] was killed by [MORF_G22P1,MORF_G22P1]
[GOBP_VIRAL_GENE_EXPRESSION,GOBP_VIRAL_GENE_EXPRESSION] was killed by [RUBENSTEIN_SKELETAL_MUSCLE_T_CELLS,RUBENSTEIN_SKELETAL_MUSCLE_T_CELLS]
[REACTOME_EUKARYOTIC_TRANSLATION_ELONGATION,REACTOME_EUKARYOTIC_TRANSLATION_ELONGATION] was killed by [RUBENSTEIN_SKELETAL_MUSCLE_T_CELLS,RUBENSTEIN_SKELETAL_MUSCLE_T_CELLS]
[GNF2_EIF3S6,GNF2_EIF3S6] was killed by [MORF_G22P1,MORF_G22P1]
[LAKE_ADULT_KIDNEY_C15_CONNECTING_TUBULE,LAKE_ADULT_KIDNEY_C15_CONNECTING_TUBULE] was killed by [LAKE_ADULT_KIDNEY_C16_COLLECTING_SYSTEM_PRINCIPAL_CELLS_CORTEX,LAKE_ADULT_KIDNEY_C16_COLLECTING_SYSTEM_PRINCIPAL_CELLS_CORTEX]
[LAKE_ADULT_KIDNEY_C7_PROXIMAL_TUBULE_EPITHELIAL_CELLS_S3,LAKE_ADULT_KIDNEY_C7_PROXIMAL_TUBULE_EPITHELIAL_CELLS_S3] was killed by [RUBENSTEIN_SKELETAL_MUSCLE_T_CELLS,RUBENSTEIN_SKELETAL_MUSCLE_T_CELLS]
[GCM_NPM1,GCM_NPM1] was killed by [MORF_G22P1,MORF_G22P1]
[REACTOME_NONSENSE_MEDIATED_DECAY_NMD,REACTOME_NONSENSE_MEDIATED_DECAY_NMD] was killed by [RUBENSTEIN_SKELETAL_MUSCLE_T_CELLS,RUBENSTEIN_SKELETAL_MUSCLE_T_CELLS]
[FAN_OVARY_CL0_XBP1_SELK_HIGH_STROMAL_CELL,FAN_OVARY_CL0_XBP1_SELK_HIGH_STROMAL_CELL] was killed by [RUBENSTEIN_SKELETAL_MUSCLE_T_CELLS,RUBENSTEIN_SKELETAL_MUSCLE_T_CELLS]
[GCM_TPT1,GCM_TPT1] was killed by [RUBENSTEIN_SKELETAL_MUSCLE_T_CELLS,RUBENSTEIN_SKELETAL_MUSCLE_T_CELLS]
[REACTOME_REGULATION_OF_EXPRESSION_OF_SLITS_AND_ROBOS,REACTOME_REGULATION_OF_EXPRESSION_OF_SLITS_AND_ROBOS] was killed by [RUBENSTEIN_SKELETAL_MUSCLE_T_CELLS,RUBENSTEIN_SKELETAL_MUSCLE_T_CELLS]
[GOBP_COTRANSLATIONAL_PROTEIN_TARGETING_TO_MEMBRANE,GOBP_COTRANSLATIONAL_PROTEIN_TARGETING_TO_MEMBRANE] was killed by [RUBENSTEIN_SKELETAL_MUSCLE_T_CELLS,RUBENSTEIN_SKELETAL_MUSCLE_T_CELLS]
[BUSSLINGER_GASTRIC_PPP1R1B_POSITIVE_CELLS,BUSSLINGER_GASTRIC_PPP1R1B_POSITIVE_CELLS] was killed by [RUBENSTEIN_SKELETAL_MUSCLE_T_CELLS,RUBENSTEIN_SKELETAL_MUSCLE_T_CELLS]
[REACTOME_SRP_DEPENDENT_COTRANSLATIONAL_PROTEIN_TARGETING_TO_MEMBRANE,REACTOME_SRP_DEPENDENT_COTRANSLATIONAL_PROTEIN_TARGETING_TO_MEMBRANE] was killed by [RUBENSTEIN_SKELETAL_MUSCLE_T_CELLS,RUBENSTEIN_SKELETAL_MUSCLE_T_CELLS]
[GSE2405_0H_VS_24H_A_PHAGOCYTOPHILUM_STIM_NEUTROPHIL_UP,GSE2405_0H_VS_24H_A_PHAGOCYTOPHILUM_STIM_NEUTROPHIL_UP] was killed by [MORF_G22P1,MORF_G22P1]
[GSE9006_TYPE_1_VS_TYPE_2_DIABETES_PBMC_AT_DX_UP,GSE9006_TYPE_1_VS_TYPE_2_DIABETES_PBMC_AT_DX_UP] was killed by [MORF_G22P1,MORF_G22P1]
[KEGG_RIBOSOME,KEGG_RIBOSOME] was killed by [RUBENSTEIN_SKELETAL_MUSCLE_T_CELLS,RUBENSTEIN_SKELETAL_MUSCLE_T_CELLS]
[GOCC_CYTOSOLIC_RIBOSOME,GOCC_CYTOSOLIC_RIBOSOME] was killed by [RUBENSTEIN_SKELETAL_MUSCLE_T_CELLS,RUBENSTEIN_SKELETAL_MUSCLE_T_CELLS]
[GNF2_APEX1,GNF2_APEX1] was killed by [MORF_G22P1,MORF_G22P1]
[MANNO_MIDBRAIN_NEUROTYPES_BASAL,MANNO_MIDBRAIN_NEUROTYPES_BASAL] was killed by [RUBENSTEIN_SKELETAL_MUSCLE_T_CELLS,RUBENSTEIN_SKELETAL_MUSCLE_T_CELLS]
[REACTOME_EUKARYOTIC_TRANSLATION_INITIATION,REACTOME_EUKARYOTIC_TRANSLATION_INITIATION] was killed by [RUBENSTEIN_SKELETAL_MUSCLE_T_CELLS,RUBENSTEIN_SKELETAL_MUSCLE_T_CELLS]
[GOBP_ESTABLISHMENT_OF_PROTEIN_LOCALIZATION_TO_ENDOPLASMIC_RETICULUM,GOBP_ESTABLISHMENT_OF_PROTEIN_LOCALIZATION_TO_ENDOPLASMIC_RETICULUM] was killed by [RUBENSTEIN_SKELETAL_MUSCLE_T_CELLS,RUBENSTEIN_SKELETAL_MUSCLE_T_CELLS]
[GOBP_NUCLEAR_TRANSCRIBED_MRNA_CATABOLIC_PROCESS_NONSENSE_MEDIATED_DECAY,GOBP_NUCLEAR_TRANSCRIBED_MRNA_CATABOLIC_PROCESS_NONSENSE_MEDIATED_DECAY] was killed by [RUBENSTEIN_SKELETAL_MUSCLE_T_CELLS,RUBENSTEIN_SKELETAL_MUSCLE_T_CELLS]
[GOBP_TRANSLATIONAL_INITIATION,GOBP_TRANSLATIONAL_INITIATION] was killed by [MORF_G22P1,MORF_G22P1]
[GOCC_RIBOSOMAL_SUBUNIT,GOCC_RIBOSOMAL_SUBUNIT] was killed by [RUBENSTEIN_SKELETAL_MUSCLE_T_CELLS,RUBENSTEIN_SKELETAL_MUSCLE_T_CELLS]
[MORF_JUND,MORF_JUND] was killed by [RUBENSTEIN_SKELETAL_MUSCLE_T_CELLS,RUBENSTEIN_SKELETAL_MUSCLE_T_CELLS]
[GNF2_HDAC1,GNF2_HDAC1] was killed by [MORF_G22P1,MORF_G22P1]
[MIR605_5P,MIR605_5P] was killed by [GSE26495_NAIVE_VS_PD1LOW_CD8_TCELL_DN,GSE26495_NAIVE_VS_PD1LOW_CD8_TCELL_DN]
[GNF2_ST13,GNF2_ST13] was killed by [MORF_G22P1,MORF_G22P1]
[WP_CYTOPLASMIC_RIBOSOMAL_PROTEINS,WP_CYTOPLASMIC_RIBOSOMAL_PROTEINS] was killed by [RUBENSTEIN_SKELETAL_MUSCLE_T_CELLS,RUBENSTEIN_SKELETAL_MUSCLE_T_CELLS]
[REACTOME_CELLULAR_RESPONSE_TO_STARVATION,REACTOME_CELLULAR_RESPONSE_TO_STARVATION] was killed by [RUBENSTEIN_SKELETAL_MUSCLE_T_CELLS,RUBENSTEIN_SKELETAL_MUSCLE_T_CELLS]
[MORF_MAP2K2,MORF_MAP2K2] was killed by [MORF_G22P1,MORF_G22P1]
[MORF_RAD21,MORF_RAD21] was killed by [MORF_G22P1,MORF_G22P1]
[GOMF_STRUCTURAL_CONSTITUENT_OF_RIBOSOME,GOMF_STRUCTURAL_CONSTITUENT_OF_RIBOSOME] was killed by [RUBENSTEIN_SKELETAL_MUSCLE_T_CELLS,RUBENSTEIN_SKELETAL_MUSCLE_T_CELLS]
[HP_ABNORMALITY_OF_THE_COAGULATION_CASCADE,HP_ABNORMALITY_OF_THE_COAGULATION_CASCADE] was killed by [WP_EGFEGFR_SIGNALING_PATHWAY,WP_EGFEGFR_SIGNALING_PATHWAY]
[GCM_PSME1,GCM_PSME1] was killed by [MORF_G22P1,MORF_G22P1]
[LAKE_ADULT_KIDNEY_C11_THIN_ASCENDING_LIMB,LAKE_ADULT_KIDNEY_C11_THIN_ASCENDING_LIMB] was killed by [LAKE_ADULT_KIDNEY_C16_COLLECTING_SYSTEM_PRINCIPAL_CELLS_CORTEX,LAKE_ADULT_KIDNEY_C16_COLLECTING_SYSTEM_PRINCIPAL_CELLS_CORTEX]
[GSE41978_ID2_KO_VS_ID2_KO_AND_BIM_KO_KLRG1_LOW_EFFECTOR_CD8_TCELL_DN,GSE41978_ID2_KO_VS_ID2_KO_AND_BIM_KO_KLRG1_LOW_EFFECTOR_CD8_TCELL_DN] was killed by [RUBENSTEIN_SKELETAL_MUSCLE_T_CELLS,RUBENSTEIN_SKELETAL_MUSCLE_T_CELLS]
[GSE14000_TRANSLATED_RNA_VS_MRNA_DC_DN,GSE14000_TRANSLATED_RNA_VS_MRNA_DC_DN] was killed by [RUBENSTEIN_SKELETAL_MUSCLE_T_CELLS,RUBENSTEIN_SKELETAL_MUSCLE_T_CELLS]
[GCM_APEX1,GCM_APEX1] was killed by [MORF_G22P1,MORF_G22P1]
[GSE26351_UNSTIM_VS_BMP_PATHWAY_STIM_HEMATOPOIETIC_PROGENITORS_UP,GSE26351_UNSTIM_VS_BMP_PATHWAY_STIM_HEMATOPOIETIC_PROGENITORS_UP] was killed by [MORF_G22P1,MORF_G22P1]
[MORF_PPP2CA,MORF_PPP2CA] was killed by [MORF_G22P1,MORF_G22P1]
[REACTOME_MRNA_SPLICING,REACTOME_MRNA_SPLICING] was killed by [MORF_G22P1,MORF_G22P1]
[REACTOME_RESPONSE_OF_EIF2AK4_GCN2_TO_AMINO_ACID_DEFICIENCY,REACTOME_RESPONSE_OF_EIF2AK4_GCN2_TO_AMINO_ACID_DEFICIENCY] was killed by [RUBENSTEIN_SKELETAL_MUSCLE_T_CELLS,RUBENSTEIN_SKELETAL_MUSCLE_T_CELLS]
[GOMF_MRNA_3_UTR_BINDING,GOMF_MRNA_3_UTR_BINDING] was killed by [MORF_PRKDC,MORF_PRKDC]
[GOBP_CYTOPLASMIC_TRANSLATION,GOBP_CYTOPLASMIC_TRANSLATION] was killed by [MORF_G22P1,MORF_G22P1]
[GCM_ACTG1,GCM_ACTG1] was killed by [MORF_G22P1,MORF_G22P1]
[JISON_SICKLE_CELL_DISEASE_DN,JISON_SICKLE_CELL_DISEASE_DN] was killed by [MORF_G22P1,MORF_G22P1]
[RHODES_CANCER_META_SIGNATURE,RHODES_CANCER_META_SIGNATURE] was killed by [MORF_G22P1,MORF_G22P1]
[MORF_CCNI,MORF_CCNI] was killed by [MORF_G22P1,MORF_G22P1]
[GNF2_MLH1,GNF2_MLH1] was killed by [MORF_G22P1,MORF_G22P1]
[GOBP_PROTEIN_LOCALIZATION_TO_ENDOPLASMIC_RETICULUM,GOBP_PROTEIN_LOCALIZATION_TO_ENDOPLASMIC_RETICULUM] was killed by [RUBENSTEIN_SKELETAL_MUSCLE_T_CELLS,RUBENSTEIN_SKELETAL_MUSCLE_T_CELLS]
[GOBP_REGULATION_OF_CELL_MATRIX_ADHESION,GOBP_REGULATION_OF_CELL_MATRIX_ADHESION] was killed by [WP_EGFEGFR_SIGNALING_PATHWAY,WP_EGFEGFR_SIGNALING_PATHWAY]
[REACTOME_INFLUENZA_INFECTION,REACTOME_INFLUENZA_INFECTION] was killed by [RUBENSTEIN_SKELETAL_MUSCLE_T_CELLS,RUBENSTEIN_SKELETAL_MUSCLE_T_CELLS]
[GOCC_SPLICEOSOMAL_COMPLEX,GOCC_SPLICEOSOMAL_COMPLEX] was killed by [MORF_G22P1,MORF_G22P1]
[GSE17721_POLYIC_VS_PAM3CSK4_16H_BMDC_DN,GSE17721_POLYIC_VS_PAM3CSK4_16H_BMDC_DN] was killed by [GOCC_FICOLIN_1_RICH_GRANULE,GOCC_FICOLIN_1_RICH_GRANULE]
[GSE15930_NAIVE_VS_48H_IN_VITRO_STIM_CD8_TCELL_DN,GSE15930_NAIVE_VS_48H_IN_VITRO_STIM_CD8_TCELL_DN] was killed by [MORF_PRKDC,MORF_PRKDC]
[MUNSHI_MULTIPLE_MYELOMA_UP,MUNSHI_MULTIPLE_MYELOMA_UP] was killed by [MORF_G22P1,MORF_G22P1]
[ZHONG_SECRETOME_OF_LUNG_CANCER_AND_FIBROBLAST,ZHONG_SECRETOME_OF_LUNG_CANCER_AND_FIBROBLAST] was killed by [MORF_G22P1,MORF_G22P1]
[GOMF_SINGLE_STRANDED_RNA_BINDING,GOMF_SINGLE_STRANDED_RNA_BINDING] was killed by [MORF_G22P1,MORF_G22P1]
[GCM_PPP1CC,GCM_PPP1CC] was killed by [MORF_G22P1,MORF_G22P1]
[RUBENSTEIN_SKELETAL_MUSCLE_B_CELLS,RUBENSTEIN_SKELETAL_MUSCLE_B_CELLS] was killed by [RUBENSTEIN_SKELETAL_MUSCLE_T_CELLS,RUBENSTEIN_SKELETAL_MUSCLE_T_CELLS]
[REACTOME_SELENOAMINO_ACID_METABOLISM,REACTOME_SELENOAMINO_ACID_METABOLISM] was killed by [RUBENSTEIN_SKELETAL_MUSCLE_T_CELLS,RUBENSTEIN_SKELETAL_MUSCLE_T_CELLS]
[MORF_UBE2N,MORF_UBE2N] was killed by [MORF_G22P1,MORF_G22P1]
[GSE5542_UNTREATED_VS_IFNG_TREATED_EPITHELIAL_CELLS_6H_DN,GSE5542_UNTREATED_VS_IFNG_TREATED_EPITHELIAL_CELLS_6H_DN] was killed by [GSE26495_NAIVE_VS_PD1LOW_CD8_TCELL_DN,GSE26495_NAIVE_VS_PD1LOW_CD8_TCELL_DN]
[GSE3982_NEUTROPHIL_VS_CENT_MEMORY_CD4_TCELL_UP,GSE3982_NEUTROPHIL_VS_CENT_MEMORY_CD4_TCELL_UP] was killed by [GSE25088_IL4_VS_IL4_AND_ROSIGLITAZONE_STIM_STAT6_KO_MACROPHAGE_DAY10_UP,GSE25088_IL4_VS_IL4_AND_ROSIGLITAZONE_STIM_STAT6_KO_MACROPHAGE_DAY10_UP]
[GSE32034_UNTREATED_VS_ROSIGLIZATONE_TREATED_LY6C_HIGH_MONOCYTE_DN,GSE32034_UNTREATED_VS_ROSIGLIZATONE_TREATED_LY6C_HIGH_MONOCYTE_DN] was killed by [RUBENSTEIN_SKELETAL_MUSCLE_T_CELLS,RUBENSTEIN_SKELETAL_MUSCLE_T_CELLS]
[GOBP_POSITIVE_REGULATION_OF_TRANSLATION,GOBP_POSITIVE_REGULATION_OF_TRANSLATION] was killed by [MORF_G22P1,MORF_G22P1]
[GSE17301_ACD3_ACD28_VS_ACD3_ACD28_AND_IFNA5_STIM_CD8_TCELL_DN,GSE17301_ACD3_ACD28_VS_ACD3_ACD28_AND_IFNA5_STIM_CD8_TCELL_DN] was killed by [LAKE_ADULT_KIDNEY_C16_COLLECTING_SYSTEM_PRINCIPAL_CELLS_CORTEX,LAKE_ADULT_KIDNEY_C16_COLLECTING_SYSTEM_PRINCIPAL_CELLS_CORTEX]
[IRITANI_MAD1_TARGETS_DN,IRITANI_MAD1_TARGETS_DN] was killed by [RUBENSTEIN_SKELETAL_MUSCLE_T_CELLS,RUBENSTEIN_SKELETAL_MUSCLE_T_CELLS]
[GSE15330_HSC_VS_PRO_BCELL_UP,GSE15330_HSC_VS_PRO_BCELL_UP] was killed by [GSE39556_CD8A_DC_VS_NK_CELL_DN,GSE39556_CD8A_DC_VS_NK_CELL_DN]
[HP_ABNORMALITY_OF_COAGULATION,HP_ABNORMALITY_OF_COAGULATION] was killed by [WP_EGFEGFR_SIGNALING_PATHWAY,WP_EGFEGFR_SIGNALING_PATHWAY]
[GSE14000_TRANSLATED_RNA_VS_MRNA_16H_LPS_DC_DN,GSE14000_TRANSLATED_RNA_VS_MRNA_16H_LPS_DC_DN] was killed by [RUBENSTEIN_SKELETAL_MUSCLE_T_CELLS,RUBENSTEIN_SKELETAL_MUSCLE_T_CELLS]
[MORF_SART1,MORF_SART1] was killed by [MORF_G22P1,MORF_G22P1]
[MIR1178_3P,MIR1178_3P] was killed by [LAKE_ADULT_KIDNEY_C16_COLLECTING_SYSTEM_PRINCIPAL_CELLS_CORTEX,LAKE_ADULT_KIDNEY_C16_COLLECTING_SYSTEM_PRINCIPAL_CELLS_CORTEX]
[REACTOME_RAC1_GTPASE_CYCLE,REACTOME_RAC1_GTPASE_CYCLE] was killed by [WP_EGFEGFR_SIGNALING_PATHWAY,WP_EGFEGFR_SIGNALING_PATHWAY]
[GOCC_CYTOSOLIC_LARGE_RIBOSOMAL_SUBUNIT,GOCC_CYTOSOLIC_LARGE_RIBOSOMAL_SUBUNIT] was killed by [RUBENSTEIN_SKELETAL_MUSCLE_T_CELLS,RUBENSTEIN_SKELETAL_MUSCLE_T_CELLS]
[MORF_CDK2,MORF_CDK2] was killed by [MORF_G22P1,MORF_G22P1]
[LAKE_ADULT_KIDNEY_C23_ENDOTHELIAL_CELLS_AVR,LAKE_ADULT_KIDNEY_C23_ENDOTHELIAL_CELLS_AVR] was killed by [RUBENSTEIN_SKELETAL_MUSCLE_T_CELLS,RUBENSTEIN_SKELETAL_MUSCLE_T_CELLS]
[TIEN_INTESTINE_PROBIOTICS_6HR_UP,TIEN_INTESTINE_PROBIOTICS_6HR_UP] was killed by [RUBENSTEIN_SKELETAL_MUSCLE_T_CELLS,RUBENSTEIN_SKELETAL_MUSCLE_T_CELLS]
[GSE9006_HEALTHY_VS_TYPE_2_DIABETES_PBMC_AT_DX_UP,GSE9006_HEALTHY_VS_TYPE_2_DIABETES_PBMC_AT_DX_UP] was killed by [MORF_G22P1,MORF_G22P1]
[ZHONG_SECRETOME_OF_LUNG_CANCER_AND_MACROPHAGE,ZHONG_SECRETOME_OF_LUNG_CANCER_AND_MACROPHAGE] was killed by [MORF_G22P1,MORF_G22P1]
[MIR520E_5P,MIR520E_5P] was killed by [GSE25088_IL4_VS_IL4_AND_ROSIGLITAZONE_STIM_STAT6_KO_MACROPHAGE_DAY10_UP,GSE25088_IL4_VS_IL4_AND_ROSIGLITAZONE_STIM_STAT6_KO_MACROPHAGE_DAY10_UP]
[GSE13738_RESTING_VS_BYSTANDER_ACTIVATED_CD4_TCELL_UP,GSE13738_RESTING_VS_BYSTANDER_ACTIVATED_CD4_TCELL_UP] was killed by [LAKE_ADULT_KIDNEY_C16_COLLECTING_SYSTEM_PRINCIPAL_CELLS_CORTEX,LAKE_ADULT_KIDNEY_C16_COLLECTING_SYSTEM_PRINCIPAL_CELLS_CORTEX]
[GSE40666_UNTREATED_VS_IFNA_STIM_STAT1_KO_CD8_TCELL_90MIN_DN,GSE40666_UNTREATED_VS_IFNA_STIM_STAT1_KO_CD8_TCELL_90MIN_DN] was killed by [GSE13547_2H_VS_12_H_ANTI_IGM_STIM_ZFX_KO_BCELL_UP,GSE13547_2H_VS_12_H_ANTI_IGM_STIM_ZFX_KO_BCELL_UP]
[LAKE_ADULT_KIDNEY_C22_ENDOTHELIAL_CELLS_GLOMERULAR_CAPILLARIES,LAKE_ADULT_KIDNEY_C22_ENDOTHELIAL_CELLS_GLOMERULAR_CAPILLARIES] was killed by [LAKE_ADULT_KIDNEY_C16_COLLECTING_SYSTEM_PRINCIPAL_CELLS_CORTEX,LAKE_ADULT_KIDNEY_C16_COLLECTING_SYSTEM_PRINCIPAL_CELLS_CORTEX]
[BILANGES_RAPAMYCIN_SENSITIVE_VIA_TSC1_AND_TSC2,BILANGES_RAPAMYCIN_SENSITIVE_VIA_TSC1_AND_TSC2] was killed by [MORF_G22P1,MORF_G22P1]
[GSE32986_CURDLAN_LOWDOSE_VS_CURDLAN_HIGHDOSE_STIM_DC_UP,GSE32986_CURDLAN_LOWDOSE_VS_CURDLAN_HIGHDOSE_STIM_DC_UP] was killed by [GSE8515_CTRL_VS_IL1_4H_STIM_MAC_UP,GSE8515_CTRL_VS_IL1_4H_STIM_MAC_UP]
[GSE40685_TREG_VS_FOXP3_KO_TREG_PRECURSOR_DN,GSE40685_TREG_VS_FOXP3_KO_TREG_PRECURSOR_DN] was killed by [GSE20366_TREG_VS_NAIVE_CD4_TCELL_HOMEOSTATIC_CONVERSION_DN,GSE20366_TREG_VS_NAIVE_CD4_TCELL_HOMEOSTATIC_CONVERSION_DN]
[ZHENG_FOXP3_TARGETS_IN_THYMUS_UP,ZHENG_FOXP3_TARGETS_IN_THYMUS_UP] was killed by [GSE369_SOCS3_KO_VS_WT_LIVER_DN,GSE369_SOCS3_KO_VS_WT_LIVER_DN]
[HP_GENERALIZED_HIRSUTISM,HP_GENERALIZED_HIRSUTISM] was killed by [GSE42021_CD24LO_TREG_VS_CD24LO_TCONV_THYMUS_DN,GSE42021_CD24LO_TREG_VS_CD24LO_TCONV_THYMUS_DN]
[GSE25677_MPL_VS_R848_STIM_BCELL_DN,GSE25677_MPL_VS_R848_STIM_BCELL_DN] was killed by [WP_EGFEGFR_SIGNALING_PATHWAY,WP_EGFEGFR_SIGNALING_PATHWAY]
[GCM_RAF1,GCM_RAF1] was killed by [MORF_G22P1,MORF_G22P1]
[GSE16450_CTRL_VS_IFNA_12H_STIM_IMMATURE_NEURON_CELL_LINE_UP,GSE16450_CTRL_VS_IFNA_12H_STIM_IMMATURE_NEURON_CELL_LINE_UP] was killed by [LAKE_ADULT_KIDNEY_C16_COLLECTING_SYSTEM_PRINCIPAL_CELLS_CORTEX,LAKE_ADULT_KIDNEY_C16_COLLECTING_SYSTEM_PRINCIPAL_CELLS_CORTEX]
[TRAVAGLINI_LUNG_BASAL_CELL,TRAVAGLINI_LUNG_BASAL_CELL] was killed by [MORF_G22P1,MORF_G22P1]
[QI_PBMC_ZOSTAVAX_AGE_50_75YO_CORRELATED_WITH_CONTRACTION_OF_VZV_SPECIFIC_T_CELLS_PEAK_TO_28DYAT_1DY_NEGATIVE,QI_PBMC_ZOSTAVAX_AGE_50_75YO_CORRELATED_WITH_CONTRACTION_OF_VZV_SPECIFIC_T_CELLS_PEAK_TO_28DYAT_1DY_NEGATIVE] was killed by [MORF_G22P1,MORF_G22P1]
[GSE17721_POLYIC_VS_GARDIQUIMOD_12H_BMDC_DN,GSE17721_POLYIC_VS_GARDIQUIMOD_12H_BMDC_DN] was killed by [GSE17721_LPS_VS_PAM3CSK4_24H_BMDC_DN,GSE17721_LPS_VS_PAM3CSK4_24H_BMDC_DN]
[GSE369_SOCS3_KO_VS_WT_LIVER_POST_IL6_INJECTION_DN,GSE369_SOCS3_KO_VS_WT_LIVER_POST_IL6_INJECTION_DN] was killed by [WP_EGFEGFR_SIGNALING_PATHWAY,WP_EGFEGFR_SIGNALING_PATHWAY]
[BUSSLINGER_GASTRIC_LYZ_POSITIVE_CELLS,BUSSLINGER_GASTRIC_LYZ_POSITIVE_CELLS] was killed by [RUBENSTEIN_SKELETAL_MUSCLE_T_CELLS,RUBENSTEIN_SKELETAL_MUSCLE_T_CELLS]
[LEE_LIVER_CANCER_MYC_UP,LEE_LIVER_CANCER_MYC_UP] was killed by [RUBENSTEIN_SKELETAL_MUSCLE_T_CELLS,RUBENSTEIN_SKELETAL_MUSCLE_T_CELLS]
[LAKE_ADULT_KIDNEY_C28_INTERSTITIUM,LAKE_ADULT_KIDNEY_C28_INTERSTITIUM] was killed by [LAKE_ADULT_KIDNEY_C16_COLLECTING_SYSTEM_PRINCIPAL_CELLS_CORTEX,LAKE_ADULT_KIDNEY_C16_COLLECTING_SYSTEM_PRINCIPAL_CELLS_CORTEX]
[KEGG_SPLICEOSOME,KEGG_SPLICEOSOME] was killed by [MORF_G22P1,MORF_G22P1]
[GSE369_IFNG_KO_VS_WT_LIVER_UP,GSE369_IFNG_KO_VS_WT_LIVER_UP] was killed by [GSE369_SOCS3_KO_VS_WT_LIVER_DN,GSE369_SOCS3_KO_VS_WT_LIVER_DN]
[GOBP_REGULATION_OF_PEPTIDYL_THREONINE_PHOSPHORYLATION,GOBP_REGULATION_OF_PEPTIDYL_THREONINE_PHOSPHORYLATION] was killed by [GOCC_FICOLIN_1_RICH_GRANULE,GOCC_FICOLIN_1_RICH_GRANULE]
[CASORELLI_ACUTE_PROMYELOCYTIC_LEUKEMIA_UP,CASORELLI_ACUTE_PROMYELOCYTIC_LEUKEMIA_UP] was killed by [LAKE_ADULT_KIDNEY_C16_COLLECTING_SYSTEM_PRINCIPAL_CELLS_CORTEX,LAKE_ADULT_KIDNEY_C16_COLLECTING_SYSTEM_PRINCIPAL_CELLS_CORTEX]
[MENON_FETAL_KIDNEY_1_EMBRYONIC_RED_BLOOD_CELLS,MENON_FETAL_KIDNEY_1_EMBRYONIC_RED_BLOOD_CELLS] was killed by [MORF_G22P1,MORF_G22P1]
[REACTOME_COPI_INDEPENDENT_GOLGI_TO_ER_RETROGRADE_TRAFFIC,REACTOME_COPI_INDEPENDENT_GOLGI_TO_ER_RETROGRADE_TRAFFIC] was killed by [HP_JOINT_STIFFNESS,HP_JOINT_STIFFNESS]
[GSE21774_CD62L_POS_CD56_DIM_VS_CD62L_NEG_CD56_DIM_NK_CELL_UP,GSE21774_CD62L_POS_CD56_DIM_VS_CD62L_NEG_CD56_DIM_NK_CELL_UP] was killed by [WP_EGFEGFR_SIGNALING_PATHWAY,WP_EGFEGFR_SIGNALING_PATHWAY]
[GSE37534_UNTREATED_VS_ROSIGLITAZONE_TREATED_CD4_TCELL_PPARG1_AND_FOXP3_TRASDUCED_UP,GSE37534_UNTREATED_VS_ROSIGLITAZONE_TREATED_CD4_TCELL_PPARG1_AND_FOXP3_TRASDUCED_UP] was killed by [GOBP_REGULATION_OF_RECEPTOR_MEDIATED_ENDOCYTOSIS,GOBP_REGULATION_OF_RECEPTOR_MEDIATED_ENDOCYTOSIS]
[GOBP_CELLULAR_MODIFIED_AMINO_ACID_METABOLIC_PROCESS,GOBP_CELLULAR_MODIFIED_AMINO_ACID_METABOLIC_PROCESS] was killed by [GOBP_DICARBOXYLIC_ACID_METABOLIC_PROCESS,GOBP_DICARBOXYLIC_ACID_METABOLIC_PROCESS]
[TRAVAGLINI_LUNG_CLUB_CELL,TRAVAGLINI_LUNG_CLUB_CELL] was killed by [RUBENSTEIN_SKELETAL_MUSCLE_T_CELLS,RUBENSTEIN_SKELETAL_MUSCLE_T_CELLS]
[GSE18893_TCONV_VS_TREG_24H_CULTURE_DN,GSE18893_TCONV_VS_TREG_24H_CULTURE_DN] was killed by [LAKE_ADULT_KIDNEY_C16_COLLECTING_SYSTEM_PRINCIPAL_CELLS_CORTEX,LAKE_ADULT_KIDNEY_C16_COLLECTING_SYSTEM_PRINCIPAL_CELLS_CORTEX]
[WP_MRNA_PROCESSING,WP_MRNA_PROCESSING] was killed by [MORF_G22P1,MORF_G22P1]
[GSE13485_CTRL_VS_DAY7_YF17D_VACCINE_PBMC_UP,GSE13485_CTRL_VS_DAY7_YF17D_VACCINE_PBMC_UP] was killed by [MORF_G22P1,MORF_G22P1]
[GSE6674_PL2_3_VS_ANTI_IGM_AND_CPG_STIM_BCELL_DN,GSE6674_PL2_3_VS_ANTI_IGM_AND_CPG_STIM_BCELL_DN] was killed by [GSE16450_CTRL_VS_IFNA_6H_STIM_IMMATURE_NEURON_CELL_LINE_UP,GSE16450_CTRL_VS_IFNA_6H_STIM_IMMATURE_NEURON_CELL_LINE_UP]
[SHIPP_DLBCL_VS_FOLLICULAR_LYMPHOMA_UP,SHIPP_DLBCL_VS_FOLLICULAR_LYMPHOMA_UP] was killed by [MORF_G22P1,MORF_G22P1]
[BUSSLINGER_GASTRIC_METALLOTHIONEIN_CELLS,BUSSLINGER_GASTRIC_METALLOTHIONEIN_CELLS] was killed by [RUBENSTEIN_SKELETAL_MUSCLE_T_CELLS,RUBENSTEIN_SKELETAL_MUSCLE_T_CELLS]
[MORF_PRKAR1A,MORF_PRKAR1A] was killed by [MORF_G22P1,MORF_G22P1]
[GSE42021_CD24INT_VS_CD24LOW_TREG_THYMUS_UP,GSE42021_CD24INT_VS_CD24LOW_TREG_THYMUS_UP] was killed by [GSE17721_0.5H_VS_12H_GARDIQUIMOD_BMDC_UP,GSE17721_0.5H_VS_12H_GARDIQUIMOD_BMDC_UP]
[KEGG_CHEMOKINE_SIGNALING_PATHWAY,KEGG_CHEMOKINE_SIGNALING_PATHWAY] was killed by [LAKE_ADULT_KIDNEY_C16_COLLECTING_SYSTEM_PRINCIPAL_CELLS_CORTEX,LAKE_ADULT_KIDNEY_C16_COLLECTING_SYSTEM_PRINCIPAL_CELLS_CORTEX]
[GOBP_CARDIAC_CHAMBER_DEVELOPMENT,GOBP_CARDIAC_CHAMBER_DEVELOPMENT] was killed by [WP_EGFEGFR_SIGNALING_PATHWAY,WP_EGFEGFR_SIGNALING_PATHWAY]
[GSE3565_CTRL_VS_LPS_INJECTED_SPLENOCYTES_DN,GSE3565_CTRL_VS_LPS_INJECTED_SPLENOCYTES_DN] was killed by [RUBENSTEIN_SKELETAL_MUSCLE_T_CELLS,RUBENSTEIN_SKELETAL_MUSCLE_T_CELLS]
[GSE46606_UNSTIM_VS_CD40L_IL2_IL5_3DAY_STIMULATED_IRF4MID_SORTED_BCELL_UP,GSE46606_UNSTIM_VS_CD40L_IL2_IL5_3DAY_STIMULATED_IRF4MID_SORTED_BCELL_UP] was killed by [GSE26912_TUMORICIDAL_VS_CTRL_MACROPHAGE_UP,GSE26912_TUMORICIDAL_VS_CTRL_MACROPHAGE_UP]
[GSE24210_RESTING_TREG_VS_TCONV_UP,GSE24210_RESTING_TREG_VS_TCONV_UP] was killed by [GSE22229_RENAL_TRANSPLANT_VS_HEALTHY_PBMC_DN,GSE22229_RENAL_TRANSPLANT_VS_HEALTHY_PBMC_DN]
[GSE16266_LPS_VS_HEATSHOCK_AND_LPS_STIM_MEF_DN,GSE16266_LPS_VS_HEATSHOCK_AND_LPS_STIM_MEF_DN] was killed by [GSE7348_UNSTIM_VS_LPS_STIM_MACROPHAGE_DN,GSE7348_UNSTIM_VS_LPS_STIM_MACROPHAGE_DN]
[MIR202_5P,MIR202_5P] was killed by [MIR337_3P,MIR337_3P]
[GOCC_FICOLIN_1_RICH_GRANULE_LUMEN,GOCC_FICOLIN_1_RICH_GRANULE_LUMEN] was killed by [MORF_G22P1,MORF_G22P1]
[GSE42724_NAIVE_VS_B1_BCELL_DN,GSE42724_NAIVE_VS_B1_BCELL_DN] was killed by [RUBENSTEIN_SKELETAL_MUSCLE_T_CELLS,RUBENSTEIN_SKELETAL_MUSCLE_T_CELLS]
[HARRIS_HYPOXIA,HARRIS_HYPOXIA] was killed by [GSE45837_WT_VS_GFI1_KO_PDC_DN,GSE45837_WT_VS_GFI1_KO_PDC_DN]
[GSE37301_RAG2_KO_VS_RAG2_AND_ETS1_KO_NK_CELL_DN,GSE37301_RAG2_KO_VS_RAG2_AND_ETS1_KO_NK_CELL_DN] was killed by [MIR4760_5P,MIR4760_5P]
[SCHLOSSER_MYC_TARGETS_REPRESSED_BY_SERUM,SCHLOSSER_MYC_TARGETS_REPRESSED_BY_SERUM] was killed by [MORF_G22P1,MORF_G22P1]
[MODULE_124,MODULE_124] was killed by [MORF_PRKDC,MORF_PRKDC]
[HUTTMANN_B_CLL_POOR_SURVIVAL_DN,HUTTMANN_B_CLL_POOR_SURVIVAL_DN] was killed by [LAKE_ADULT_KIDNEY_C16_COLLECTING_SYSTEM_PRINCIPAL_CELLS_CORTEX,LAKE_ADULT_KIDNEY_C16_COLLECTING_SYSTEM_PRINCIPAL_CELLS_CORTEX]
[HP_BRAIN_IMAGING_ABNORMALITY,HP_BRAIN_IMAGING_ABNORMALITY] was killed by [GSE42021_CD24LO_TREG_VS_CD24LO_TCONV_THYMUS_DN,GSE42021_CD24LO_TREG_VS_CD24LO_TCONV_THYMUS_DN]
[HALLMARK_MITOTIC_SPINDLE,HALLMARK_MITOTIC_SPINDLE] was killed by [RUBENSTEIN_SKELETAL_MUSCLE_T_CELLS,RUBENSTEIN_SKELETAL_MUSCLE_T_CELLS]
[GOBP_REGULATION_OF_ACTOMYOSIN_STRUCTURE_ORGANIZATION,GOBP_REGULATION_OF_ACTOMYOSIN_STRUCTURE_ORGANIZATION] was killed by [WP_EGFEGFR_SIGNALING_PATHWAY,WP_EGFEGFR_SIGNALING_PATHWAY]
[GSE21670_TGFB_VS_IL6_TREATED_STAT3_KO_CD4_TCELL_UP,GSE21670_TGFB_VS_IL6_TREATED_STAT3_KO_CD4_TCELL_UP] was killed by [RUBENSTEIN_SKELETAL_MUSCLE_T_CELLS,RUBENSTEIN_SKELETAL_MUSCLE_T_CELLS]
[MIR194_5P,MIR194_5P] was killed by [GSE22229_RENAL_TRANSPLANT_VS_HEALTHY_PBMC_DN,GSE22229_RENAL_TRANSPLANT_VS_HEALTHY_PBMC_DN]
[GSE26495_NAIVE_VS_PD1HIGH_CD8_TCELL_DN,GSE26495_NAIVE_VS_PD1HIGH_CD8_TCELL_DN] was killed by [GSE25088_IL4_VS_IL4_AND_ROSIGLITAZONE_STIM_STAT6_KO_MACROPHAGE_DAY10_UP,GSE25088_IL4_VS_IL4_AND_ROSIGLITAZONE_STIM_STAT6_KO_MACROPHAGE_DAY10_UP]
[GOBP_POSITIVE_REGULATION_OF_CELL_MATRIX_ADHESION,GOBP_POSITIVE_REGULATION_OF_CELL_MATRIX_ADHESION] was killed by [WP_EGFEGFR_SIGNALING_PATHWAY,WP_EGFEGFR_SIGNALING_PATHWAY]
[HALLMARK_FATTY_ACID_METABOLISM,HALLMARK_FATTY_ACID_METABOLISM] was killed by [GOBP_DICARBOXYLIC_ACID_METABOLIC_PROCESS,GOBP_DICARBOXYLIC_ACID_METABOLIC_PROCESS]
[GSE42088_UNINF_VS_LEISHMANIA_INF_DC_4H_DN,GSE42088_UNINF_VS_LEISHMANIA_INF_DC_4H_DN] was killed by [RUBENSTEIN_SKELETAL_MUSCLE_T_CELLS,RUBENSTEIN_SKELETAL_MUSCLE_T_CELLS]
[GSE6269_FLU_VS_E_COLI_INF_PBMC_DN,GSE6269_FLU_VS_E_COLI_INF_PBMC_DN] was killed by [RUBENSTEIN_SKELETAL_MUSCLE_T_CELLS,RUBENSTEIN_SKELETAL_MUSCLE_T_CELLS]
[GOBP_POSITIVE_REGULATION_OF_PEPTIDYL_THREONINE_PHOSPHORYLATION,GOBP_POSITIVE_REGULATION_OF_PEPTIDYL_THREONINE_PHOSPHORYLATION] was killed by [GOCC_FICOLIN_1_RICH_GRANULE,GOCC_FICOLIN_1_RICH_GRANULE]
[REACTOME_GOLGI_TO_ER_RETROGRADE_TRANSPORT,REACTOME_GOLGI_TO_ER_RETROGRADE_TRANSPORT] was killed by [GSE2405_HEAT_KILLED_VS_LIVE_A_PHAGOCYTOPHILUM_STIM_NEUTROPHIL_9H_DN,GSE2405_HEAT_KILLED_VS_LIVE_A_PHAGOCYTOPHILUM_STIM_NEUTROPHIL_9H_DN]
[REACTOME_THE_ROLE_OF_GTSE1_IN_G2_M_PROGRESSION_AFTER_G2_CHECKPOINT,REACTOME_THE_ROLE_OF_GTSE1_IN_G2_M_PROGRESSION_AFTER_G2_CHECKPOINT] was killed by [MORF_G22P1,MORF_G22P1]
[GSE43955_10H_VS_30H_ACT_CD4_TCELL_UP,GSE43955_10H_VS_30H_ACT_CD4_TCELL_UP] was killed by [GSE7348_UNSTIM_VS_LPS_STIM_MACROPHAGE_DN,GSE7348_UNSTIM_VS_LPS_STIM_MACROPHAGE_DN]
[GOBP_POSITIVE_REGULATION_OF_MYELOID_CELL_DIFFERENTIATION,GOBP_POSITIVE_REGULATION_OF_MYELOID_CELL_DIFFERENTIATION] was killed by [WP_EGFEGFR_SIGNALING_PATHWAY,WP_EGFEGFR_SIGNALING_PATHWAY]
[MIR590_5P,MIR590_5P] was killed by [WP_EGFEGFR_SIGNALING_PATHWAY,WP_EGFEGFR_SIGNALING_PATHWAY]
[GSE7568_IL4_TGFB_DEXAMETHASONE_VS_IL4_TGFB_TREATED_MACROPHAGE_UP,GSE7568_IL4_TGFB_DEXAMETHASONE_VS_IL4_TGFB_TREATED_MACROPHAGE_UP] was killed by [GSE7568_IL4_VS_IL4_AND_TGFB_TREATED_MACROPHAGE_24H_DN,GSE7568_IL4_VS_IL4_AND_TGFB_TREATED_MACROPHAGE_24H_DN]
[GNF2_NPM1,GNF2_NPM1] was killed by [MORF_G22P1,MORF_G22P1]
[WP_CHEMOKINE_SIGNALING_PATHWAY,WP_CHEMOKINE_SIGNALING_PATHWAY] was killed by [LAKE_ADULT_KIDNEY_C16_COLLECTING_SYSTEM_PRINCIPAL_CELLS_CORTEX,LAKE_ADULT_KIDNEY_C16_COLLECTING_SYSTEM_PRINCIPAL_CELLS_CORTEX]
[MORF_DAP,MORF_DAP] was killed by [MORF_G22P1,MORF_G22P1]
[GSE17186_MEMORY_VS_CD21HIGH_TRANSITIONAL_BCELL_DN,GSE17186_MEMORY_VS_CD21HIGH_TRANSITIONAL_BCELL_DN] was killed by [WP_EGFEGFR_SIGNALING_PATHWAY,WP_EGFEGFR_SIGNALING_PATHWAY]
[REACTOME_RHO_GTPASES_ACTIVATE_FORMINS,REACTOME_RHO_GTPASES_ACTIVATE_FORMINS] was killed by [GOBP_ORGANELLE_TRANSPORT_ALONG_MICROTUBULE,GOBP_ORGANELLE_TRANSPORT_ALONG_MICROTUBULE]
[GSE7568_IL4_TGFB_DEXAMETHASONE_VS_IL4_TGFB_TREATED_MACROPHAGE_DN,GSE7568_IL4_TGFB_DEXAMETHASONE_VS_IL4_TGFB_TREATED_MACROPHAGE_DN] was killed by [GSE25088_IL4_VS_IL4_AND_ROSIGLITAZONE_STIM_STAT6_KO_MACROPHAGE_DAY10_UP,GSE25088_IL4_VS_IL4_AND_ROSIGLITAZONE_STIM_STAT6_KO_MACROPHAGE_DAY10_UP]
[MIR106A_3P,MIR106A_3P] was killed by [GSE22229_RENAL_TRANSPLANT_VS_HEALTHY_PBMC_DN,GSE22229_RENAL_TRANSPLANT_VS_HEALTHY_PBMC_DN]
[MORF_HAT1,MORF_HAT1] was killed by [MORF_G22P1,MORF_G22P1]
[MIR21_5P,MIR21_5P] was killed by [WP_EGFEGFR_SIGNALING_PATHWAY,WP_EGFEGFR_SIGNALING_PATHWAY]
[REACTOME_HEDGEHOG_LIGAND_BIOGENESIS,REACTOME_HEDGEHOG_LIGAND_BIOGENESIS] was killed by [GOCC_FICOLIN_1_RICH_GRANULE,GOCC_FICOLIN_1_RICH_GRANULE]
[AGCATTA_MIR155,AGCATTA_MIR155] was killed by [GOBP_ORGANELLE_TRANSPORT_ALONG_MICROTUBULE,GOBP_ORGANELLE_TRANSPORT_ALONG_MICROTUBULE]
[EIF4E_DN,EIF4E_DN] was killed by [MIR222_5P,MIR222_5P]
[GOBP_REGULATION_OF_ESTABLISHMENT_OR_MAINTENANCE_OF_CELL_POLARITY,GOBP_REGULATION_OF_ESTABLISHMENT_OR_MAINTENANCE_OF_CELL_POLARITY] was killed by [WP_EGFEGFR_SIGNALING_PATHWAY,WP_EGFEGFR_SIGNALING_PATHWAY]
[MODULE_159,MODULE_159] was killed by [MORF_G22P1,MORF_G22P1]
[GSE21546_WT_VS_SAP1A_KO_AND_ELK1_KO_DP_THYMOCYTES_DN,GSE21546_WT_VS_SAP1A_KO_AND_ELK1_KO_DP_THYMOCYTES_DN] was killed by [GSE16450_CTRL_VS_IFNA_6H_STIM_IMMATURE_NEURON_CELL_LINE_UP,GSE16450_CTRL_VS_IFNA_6H_STIM_IMMATURE_NEURON_CELL_LINE_UP]
[GSE6875_WT_VS_FOXP3_KO_TREG_DN,GSE6875_WT_VS_FOXP3_KO_TREG_DN] was killed by [GSE20366_TREG_VS_NAIVE_CD4_TCELL_HOMEOSTATIC_CONVERSION_DN,GSE20366_TREG_VS_NAIVE_CD4_TCELL_HOMEOSTATIC_CONVERSION_DN]
[GOBP_NEGATIVE_REGULATION_OF_DEVELOPMENTAL_GROWTH,GOBP_NEGATIVE_REGULATION_OF_DEVELOPMENTAL_GROWTH] was killed by [GSE22229_RENAL_TRANSPLANT_VS_HEALTHY_PBMC_DN,GSE22229_RENAL_TRANSPLANT_VS_HEALTHY_PBMC_DN]
[MORF_RAD54L,MORF_RAD54L] was killed by [MORF_PRKDC,MORF_PRKDC]
[GSE37532_TREG_VS_TCONV_CD4_TCELL_FROM_LN_UP,GSE37532_TREG_VS_TCONV_CD4_TCELL_FROM_LN_UP] was killed by [GSE7568_IL4_VS_IL4_AND_TGFB_TREATED_MACROPHAGE_24H_DN,GSE7568_IL4_VS_IL4_AND_TGFB_TREATED_MACROPHAGE_24H_DN]
[GSE6259_33D1_POS_DC_VS_CD8_TCELL_DN,GSE6259_33D1_POS_DC_VS_CD8_TCELL_DN] was killed by [GSE26495_NAIVE_VS_PD1LOW_CD8_TCELL_DN,GSE26495_NAIVE_VS_PD1LOW_CD8_TCELL_DN]
[MIR5585_5P,MIR5585_5P] was killed by [GSE20366_EX_VIVO_VS_DEC205_CONVERSION_NAIVE_CD4_TCELL_DN,GSE20366_EX_VIVO_VS_DEC205_CONVERSION_NAIVE_CD4_TCELL_DN]
[SANA_RESPONSE_TO_IFNG_DN,SANA_RESPONSE_TO_IFNG_DN] was killed by [MORF_G22P1,MORF_G22P1]
[GSE15930_NAIVE_VS_48H_IN_VITRO_STIM_IL12_CD8_TCELL_DN,GSE15930_NAIVE_VS_48H_IN_VITRO_STIM_IL12_CD8_TCELL_DN] was killed by [GSE7568_IL4_VS_IL4_AND_TGFB_TREATED_MACROPHAGE_24H_DN,GSE7568_IL4_VS_IL4_AND_TGFB_TREATED_MACROPHAGE_24H_DN]
[GSE7548_DAY7_VS_DAY28_PCC_IMMUNIZATION_CD4_TCELL_UP,GSE7548_DAY7_VS_DAY28_PCC_IMMUNIZATION_CD4_TCELL_UP] was killed by [DAZARD_UV_RESPONSE_CLUSTER_G6,DAZARD_UV_RESPONSE_CLUSTER_G6]
[GOBP_T_CELL_SELECTION,GOBP_T_CELL_SELECTION] was killed by [GSE36888_UNTREATED_VS_IL2_TREATED_TCELL_6H_UP,GSE36888_UNTREATED_VS_IL2_TREATED_TCELL_6H_UP]
[REACTOME_ABC_FAMILY_PROTEINS_MEDIATED_TRANSPORT,REACTOME_ABC_FAMILY_PROTEINS_MEDIATED_TRANSPORT] was killed by [GOCC_FICOLIN_1_RICH_GRANULE,GOCC_FICOLIN_1_RICH_GRANULE]
[GSE40685_NAIVE_CD4_TCELL_VS_TREG_UP,GSE40685_NAIVE_CD4_TCELL_VS_TREG_UP] was killed by [RUBENSTEIN_SKELETAL_MUSCLE_T_CELLS,RUBENSTEIN_SKELETAL_MUSCLE_T_CELLS]
[GSE43863_LY6C_INT_CXCR5POS_VS_LY6C_LOW_CXCR5NEG_EFFECTOR_CD4_TCELL_UP,GSE43863_LY6C_INT_CXCR5POS_VS_LY6C_LOW_CXCR5NEG_EFFECTOR_CD4_TCELL_UP] was killed by [GSE39556_CD8A_DC_VS_NK_CELL_DN,GSE39556_CD8A_DC_VS_NK_CELL_DN]
[GSE40685_NAIVE_CD4_TCELL_VS_TREG_DN,GSE40685_NAIVE_CD4_TCELL_VS_TREG_DN] was killed by [LAKE_ADULT_KIDNEY_C16_COLLECTING_SYSTEM_PRINCIPAL_CELLS_CORTEX,LAKE_ADULT_KIDNEY_C16_COLLECTING_SYSTEM_PRINCIPAL_CELLS_CORTEX]
[GSE4984_LPS_VS_VEHICLE_CTRL_TREATED_DC_DN,GSE4984_LPS_VS_VEHICLE_CTRL_TREATED_DC_DN] was killed by [GSE26495_NAIVE_VS_PD1LOW_CD8_TCELL_DN,GSE26495_NAIVE_VS_PD1LOW_CD8_TCELL_DN]
[GOBP_ORGAN_GROWTH,GOBP_ORGAN_GROWTH] was killed by [WP_EGFEGFR_SIGNALING_PATHWAY,WP_EGFEGFR_SIGNALING_PATHWAY]
[GSE3982_BASOPHIL_VS_TH2_UP,GSE3982_BASOPHIL_VS_TH2_UP] was killed by [GSE25088_IL4_VS_IL4_AND_ROSIGLITAZONE_STIM_STAT6_KO_MACROPHAGE_DAY10_UP,GSE25088_IL4_VS_IL4_AND_ROSIGLITAZONE_STIM_STAT6_KO_MACROPHAGE_DAY10_UP]
[GOCC_LARGE_RIBOSOMAL_SUBUNIT,GOCC_LARGE_RIBOSOMAL_SUBUNIT] was killed by [RUBENSTEIN_SKELETAL_MUSCLE_T_CELLS,RUBENSTEIN_SKELETAL_MUSCLE_T_CELLS]
[GSE27092_WT_VS_HDAC7_PHOSPHO_DEFICIENT_CD8_TCELL_DN,GSE27092_WT_VS_HDAC7_PHOSPHO_DEFICIENT_CD8_TCELL_DN] was killed by [GSE42021_CD24LO_TREG_VS_CD24LO_TCONV_THYMUS_DN,GSE42021_CD24LO_TREG_VS_CD24LO_TCONV_THYMUS_DN]
[GSE19941_LPS_VS_LPS_AND_IL10_STIM_IL10_KO_MACROPHAGE_DN,GSE19941_LPS_VS_LPS_AND_IL10_STIM_IL10_KO_MACROPHAGE_DN] was killed by [LAKE_ADULT_KIDNEY_C16_COLLECTING_SYSTEM_PRINCIPAL_CELLS_CORTEX,LAKE_ADULT_KIDNEY_C16_COLLECTING_SYSTEM_PRINCIPAL_CELLS_CORTEX]
[TRAVAGLINI_LUNG_CD4_NAIVE_T_CELL,TRAVAGLINI_LUNG_CD4_NAIVE_T_CELL] was killed by [RUBENSTEIN_SKELETAL_MUSCLE_T_CELLS,RUBENSTEIN_SKELETAL_MUSCLE_T_CELLS]
[GSE36888_UNTREATED_VS_IL2_TREATED_STAT5_AB_KNOCKIN_TCELL_17H_UP,GSE36888_UNTREATED_VS_IL2_TREATED_STAT5_AB_KNOCKIN_TCELL_17H_UP] was killed by [GSE25088_IL4_VS_IL4_AND_ROSIGLITAZONE_STIM_STAT6_KO_MACROPHAGE_DAY10_UP,GSE25088_IL4_VS_IL4_AND_ROSIGLITAZONE_STIM_STAT6_KO_MACROPHAGE_DAY10_UP]
[PID_ERBB1_RECEPTOR_PROXIMAL_PATHWAY,PID_ERBB1_RECEPTOR_PROXIMAL_PATHWAY] was killed by [WP_EGFEGFR_SIGNALING_PATHWAY,WP_EGFEGFR_SIGNALING_PATHWAY]
[GSE19923_WT_VS_E2A_KO_DP_THYMOCYTE_UP,GSE19923_WT_VS_E2A_KO_DP_THYMOCYTE_UP] was killed by [MORF_G22P1,MORF_G22P1]
[REACTOME_SELECTIVE_AUTOPHAGY,REACTOME_SELECTIVE_AUTOPHAGY] was killed by [GOCC_FICOLIN_1_RICH_GRANULE,GOCC_FICOLIN_1_RICH_GRANULE]
[GCM_DDX5,GCM_DDX5] was killed by [MORF_G22P1,MORF_G22P1]
[GSE14415_INDUCED_TREG_VS_FOXP3_KO_INDUCED_TREG_IL2_CULTURE_UP,GSE14415_INDUCED_TREG_VS_FOXP3_KO_INDUCED_TREG_IL2_CULTURE_UP] was killed by [GSE39556_CD8A_DC_VS_NK_CELL_DN,GSE39556_CD8A_DC_VS_NK_CELL_DN]
[GSE19888_ADENOSINE_A3R_INH_VS_ACT_IN_MAST_CELL_DN,GSE19888_ADENOSINE_A3R_INH_VS_ACT_IN_MAST_CELL_DN] was killed by [GSE14908_RESTING_VS_HDM_STIM_CD4_TCELL_NONATOPIC_PATIENT_DN,GSE14908_RESTING_VS_HDM_STIM_CD4_TCELL_NONATOPIC_PATIENT_DN]
[GENTILE_UV_LOW_DOSE_DN,GENTILE_UV_LOW_DOSE_DN] was killed by [GOBP_ORGANELLE_TRANSPORT_ALONG_MICROTUBULE,GOBP_ORGANELLE_TRANSPORT_ALONG_MICROTUBULE]
[REACTOME_RHOQ_GTPASE_CYCLE,REACTOME_RHOQ_GTPASE_CYCLE] was killed by [GSE26495_NAIVE_VS_PD1LOW_CD8_TCELL_DN,GSE26495_NAIVE_VS_PD1LOW_CD8_TCELL_DN]
[GOBP_RIBOSOMAL_LARGE_SUBUNIT_BIOGENESIS,GOBP_RIBOSOMAL_LARGE_SUBUNIT_BIOGENESIS] was killed by [RUBENSTEIN_SKELETAL_MUSCLE_T_CELLS,RUBENSTEIN_SKELETAL_MUSCLE_T_CELLS]
[GSE43955_10H_VS_30H_ACT_CD4_TCELL_DN,GSE43955_10H_VS_30H_ACT_CD4_TCELL_DN] was killed by [GSE11924_TFH_VS_TH17_CD4_TCELL_UP,GSE11924_TFH_VS_TH17_CD4_TCELL_UP]
[GNF2_UBE2I,GNF2_UBE2I] was killed by [MORF_G22P1,MORF_G22P1]
[CDP_02,CDP_02] was killed by [MORF_PRKDC,MORF_PRKDC]
[GOMF_VITAMIN_BINDING,GOMF_VITAMIN_BINDING] was killed by [GOBP_DICARBOXYLIC_ACID_METABOLIC_PROCESS,GOBP_DICARBOXYLIC_ACID_METABOLIC_PROCESS]
[GSE36888_UNTREATED_VS_IL2_TREATED_STAT5_AB_KNOCKIN_TCELL_2H_UP,GSE36888_UNTREATED_VS_IL2_TREATED_STAT5_AB_KNOCKIN_TCELL_2H_UP] was killed by [GSE24574_BCL6_HIGH_TFH_VS_TCONV_CD4_TCELL_DN,GSE24574_BCL6_HIGH_TFH_VS_TCONV_CD4_TCELL_DN]
[HP_LUMBAR_HYPERLORDOSIS,HP_LUMBAR_HYPERLORDOSIS] was killed by [HP_JOINT_STIFFNESS,HP_JOINT_STIFFNESS]
[GSE17721_0.5H_VS_24H_POLYIC_BMDC_UP,GSE17721_0.5H_VS_24H_POLYIC_BMDC_UP] was killed by [GSE17721_0.5H_VS_12H_GARDIQUIMOD_BMDC_UP,GSE17721_0.5H_VS_12H_GARDIQUIMOD_BMDC_UP]
[GSE21927_SPLENIC_C26GM_TUMOROUS_VS_4T1_TUMOR_MONOCYTES_UP,GSE21927_SPLENIC_C26GM_TUMOROUS_VS_4T1_TUMOR_MONOCYTES_UP] was killed by [GSE5589_LPS_VS_LPS_AND_IL6_STIM_IL6_KO_MACROPHAGE_45MIN_UP,GSE5589_LPS_VS_LPS_AND_IL6_STIM_IL6_KO_MACROPHAGE_45MIN_UP]
[GNF2_TPT1,GNF2_TPT1] was killed by [RUBENSTEIN_SKELETAL_MUSCLE_T_CELLS,RUBENSTEIN_SKELETAL_MUSCLE_T_CELLS]
[GSE1432_1H_VS_24H_IFNG_MICROGLIA_UP,GSE1432_1H_VS_24H_IFNG_MICROGLIA_UP] was killed by [GSE1432_1H_VS_6H_IFNG_MICROGLIA_UP,GSE1432_1H_VS_6H_IFNG_MICROGLIA_UP]
[MIR450A_1_3P,MIR450A_1_3P] was killed by [MIR12115,MIR12115]
[GOBP_POSITIVE_REGULATION_OF_RECEPTOR_MEDIATED_ENDOCYTOSIS,GOBP_POSITIVE_REGULATION_OF_RECEPTOR_MEDIATED_ENDOCYTOSIS] was killed by [GOBP_REGULATION_OF_RECEPTOR_MEDIATED_ENDOCYTOSIS,GOBP_REGULATION_OF_RECEPTOR_MEDIATED_ENDOCYTOSIS]
[GSE17974_CTRL_VS_ACT_IL4_AND_ANTI_IL12_24H_CD4_TCELL_UP,GSE17974_CTRL_VS_ACT_IL4_AND_ANTI_IL12_24H_CD4_TCELL_UP] was killed by [LAKE_ADULT_KIDNEY_C16_COLLECTING_SYSTEM_PRINCIPAL_CELLS_CORTEX,LAKE_ADULT_KIDNEY_C16_COLLECTING_SYSTEM_PRINCIPAL_CELLS_CORTEX]
[MORF_RFC4,MORF_RFC4] was killed by [MORF_G22P1,MORF_G22P1]
[GOBP_ENDOSOME_ORGANIZATION,GOBP_ENDOSOME_ORGANIZATION] was killed by [WP_EGFEGFR_SIGNALING_PATHWAY,WP_EGFEGFR_SIGNALING_PATHWAY]
[GCM_SMARCC1,GCM_SMARCC1] was killed by [MORF_G22P1,MORF_G22P1]
[WP_GLYCOLYSIS_AND_GLUCONEOGENESIS,WP_GLYCOLYSIS_AND_GLUCONEOGENESIS] was killed by [GOCC_FICOLIN_1_RICH_GRANULE,GOCC_FICOLIN_1_RICH_GRANULE]
[DANG_MYC_TARGETS_UP,DANG_MYC_TARGETS_UP] was killed by [MORF_G22P1,MORF_G22P1]
[MIR187_5P,MIR187_5P] was killed by [MIR222_5P,MIR222_5P]
[YAO_TEMPORAL_RESPONSE_TO_PROGESTERONE_CLUSTER_14,YAO_TEMPORAL_RESPONSE_TO_PROGESTERONE_CLUSTER_14] was killed by [MORF_PRKDC,MORF_PRKDC]
[GOBP_NUCLEOTIDE_EXCISION_REPAIR,GOBP_NUCLEOTIDE_EXCISION_REPAIR] was killed by [MORF_PRKDC,MORF_PRKDC]
[GOMF_UNFOLDED_PROTEIN_BINDING,GOMF_UNFOLDED_PROTEIN_BINDING] was killed by [MORF_G22P1,MORF_G22P1]
[GSE32986_GMCSF_VS_GMCSF_AND_CURDLAN_LOWDOSE_STIM_DC_DN,GSE32986_GMCSF_VS_GMCSF_AND_CURDLAN_LOWDOSE_STIM_DC_DN] was killed by [RUBENSTEIN_SKELETAL_MUSCLE_T_CELLS,RUBENSTEIN_SKELETAL_MUSCLE_T_CELLS]
[MIR1321,MIR1321] was killed by [MIR4739,MIR4739]
[MIR4756_5P,MIR4756_5P] was killed by [MIR4739,MIR4739]
[GSE22432_MULTIPOTENT_VS_COMMON_DC_PROGENITOR_UNTREATED_UP,GSE22432_MULTIPOTENT_VS_COMMON_DC_PROGENITOR_UNTREATED_UP] was killed by [MORF_G22P1,MORF_G22P1]
[GOBP_RNA_EXPORT_FROM_NUCLEUS,GOBP_RNA_EXPORT_FROM_NUCLEUS] was killed by [MORF_G22P1,MORF_G22P1]
[HP_WIDE_MOUTH,HP_WIDE_MOUTH] was killed by [LAKE_ADULT_KIDNEY_C16_COLLECTING_SYSTEM_PRINCIPAL_CELLS_CORTEX,LAKE_ADULT_KIDNEY_C16_COLLECTING_SYSTEM_PRINCIPAL_CELLS_CORTEX]
[HP_DRY_SKIN,HP_DRY_SKIN] was killed by [WP_EGFEGFR_SIGNALING_PATHWAY,WP_EGFEGFR_SIGNALING_PATHWAY]
[MIR767_5P,MIR767_5P] was killed by [GOBP_REGULATION_OF_RECEPTOR_MEDIATED_ENDOCYTOSIS,GOBP_REGULATION_OF_RECEPTOR_MEDIATED_ENDOCYTOSIS]
[GSE16385_IFNG_TNF_VS_UNSTIM_MACROPHAGE_ROSIGLITAZONE_TREATED_DN,GSE16385_IFNG_TNF_VS_UNSTIM_MACROPHAGE_ROSIGLITAZONE_TREATED_DN] was killed by [GSE24574_BCL6_HIGH_TFH_VS_TCONV_CD4_TCELL_DN,GSE24574_BCL6_HIGH_TFH_VS_TCONV_CD4_TCELL_DN]
[GSE15659_NAIVE_VS_PTPRC_NEG_CD4_TCELL_DN,GSE15659_NAIVE_VS_PTPRC_NEG_CD4_TCELL_DN] was killed by [GSE1432_1H_VS_6H_IFNG_MICROGLIA_UP,GSE1432_1H_VS_6H_IFNG_MICROGLIA_UP]
[MIR26B_3P,MIR26B_3P] was killed by [MIR12115,MIR12115]
[MIR383_3P,MIR383_3P] was killed by [GSE25088_IL4_VS_IL4_AND_ROSIGLITAZONE_STIM_STAT6_KO_MACROPHAGE_DAY10_UP,GSE25088_IL4_VS_IL4_AND_ROSIGLITAZONE_STIM_STAT6_KO_MACROPHAGE_DAY10_UP]
[MODULE_256,MODULE_256] was killed by [GSE45837_WT_VS_GFI1_KO_PDC_DN,GSE45837_WT_VS_GFI1_KO_PDC_DN]
[THILLAINADESAN_ZNF217_TARGETS_UP,THILLAINADESAN_ZNF217_TARGETS_UP] was killed by [GSE25088_IL4_VS_IL4_AND_ROSIGLITAZONE_STIM_STAT6_KO_MACROPHAGE_DAY10_UP,GSE25088_IL4_VS_IL4_AND_ROSIGLITAZONE_STIM_STAT6_KO_MACROPHAGE_DAY10_UP]
[GSE24081_CONTROLLER_VS_PROGRESSOR_HIV_SPECIFIC_CD8_TCELL_DN,GSE24081_CONTROLLER_VS_PROGRESSOR_HIV_SPECIFIC_CD8_TCELL_DN] was killed by [GSE7348_UNSTIM_VS_LPS_STIM_MACROPHAGE_DN,GSE7348_UNSTIM_VS_LPS_STIM_MACROPHAGE_DN]
[MIR3925_5P,MIR3925_5P] was killed by [GSE5589_LPS_VS_LPS_AND_IL6_STIM_IL6_KO_MACROPHAGE_45MIN_UP,GSE5589_LPS_VS_LPS_AND_IL6_STIM_IL6_KO_MACROPHAGE_45MIN_UP]
[GSE40666_WT_VS_STAT1_KO_CD8_TCELL_DN,GSE40666_WT_VS_STAT1_KO_CD8_TCELL_DN] was killed by [GSE13547_2H_VS_12_H_ANTI_IGM_STIM_ZFX_KO_BCELL_UP,GSE13547_2H_VS_12_H_ANTI_IGM_STIM_ZFX_KO_BCELL_UP]
[GSE43863_TH1_VS_TFH_MEMORY_CD4_TCELL_DN,GSE43863_TH1_VS_TFH_MEMORY_CD4_TCELL_DN] was killed by [GSE20366_TREG_VS_NAIVE_CD4_TCELL_HOMEOSTATIC_CONVERSION_DN,GSE20366_TREG_VS_NAIVE_CD4_TCELL_HOMEOSTATIC_CONVERSION_DN]
[GSE5589_LPS_VS_LPS_AND_IL6_STIM_IL6_KO_MACROPHAGE_45MIN_DN,GSE5589_LPS_VS_LPS_AND_IL6_STIM_IL6_KO_MACROPHAGE_45MIN_DN] was killed by [GSE5589_LPS_VS_LPS_AND_IL10_STIM_IL10_KO_MACROPHAGE_180MIN_UP,GSE5589_LPS_VS_LPS_AND_IL10_STIM_IL10_KO_MACROPHAGE_180MIN_UP]
[chr4q24,chr4q24] was killed by [GSE8515_CTRL_VS_IL1_4H_STIM_MAC_UP,GSE8515_CTRL_VS_IL1_4H_STIM_MAC_UP]
[REACTOME_SYNTHESIS_OF_SUBSTRATES_IN_N_GLYCAN_BIOSYTHESIS,REACTOME_SYNTHESIS_OF_SUBSTRATES_IN_N_GLYCAN_BIOSYTHESIS] was killed by [DESCARTES_MAIN_FETAL_MICROGLIA,DESCARTES_MAIN_FETAL_MICROGLIA]
[GOBP_POSITIVE_REGULATION_OF_PHOSPHATIDYLINOSITOL_3_KINASE_SIGNALING,GOBP_POSITIVE_REGULATION_OF_PHOSPHATIDYLINOSITOL_3_KINASE_SIGNALING] was killed by [WP_EGFEGFR_SIGNALING_PATHWAY,WP_EGFEGFR_SIGNALING_PATHWAY]
[HP_ABNORMALITY_OF_THE_COMMON_COAGULATION_PATHWAY,HP_ABNORMALITY_OF_THE_COMMON_COAGULATION_PATHWAY] was killed by [WP_EGFEGFR_SIGNALING_PATHWAY,WP_EGFEGFR_SIGNALING_PATHWAY]
[GOBP_MITOTIC_CYTOKINESIS,GOBP_MITOTIC_CYTOKINESIS] was killed by [WP_EGFEGFR_SIGNALING_PATHWAY,WP_EGFEGFR_SIGNALING_PATHWAY]
[GSE10239_MEMORY_VS_KLRG1INT_EFF_CD8_TCELL_UP,GSE10239_MEMORY_VS_KLRG1INT_EFF_CD8_TCELL_UP] was killed by [RUBENSTEIN_SKELETAL_MUSCLE_T_CELLS,RUBENSTEIN_SKELETAL_MUSCLE_T_CELLS]
[GSE34205_HEALTHY_VS_FLU_INF_INFANT_PBMC_UP,GSE34205_HEALTHY_VS_FLU_INF_INFANT_PBMC_UP] was killed by [MORF_G22P1,MORF_G22P1]
[STEIN_ESRRA_TARGETS_DN,STEIN_ESRRA_TARGETS_DN] was killed by [MIR337_3P,MIR337_3P]
[MODULE_306,MODULE_306] was killed by [GSE17721_0.5H_VS_12H_GARDIQUIMOD_BMDC_UP,GSE17721_0.5H_VS_12H_GARDIQUIMOD_BMDC_UP]
[REACTOME_NEPHRIN_FAMILY_INTERACTIONS,REACTOME_NEPHRIN_FAMILY_INTERACTIONS] was killed by [WP_EGFEGFR_SIGNALING_PATHWAY,WP_EGFEGFR_SIGNALING_PATHWAY]
[BUSSLINGER_ESOPHAGEAL_EARLY_SUPRABASAL_CELLS,BUSSLINGER_ESOPHAGEAL_EARLY_SUPRABASAL_CELLS] was killed by [MORF_G22P1,MORF_G22P1]
[WP_MET_IN_TYPE_1_PAPILLARY_RENAL_CELL_CARCINOMA,WP_MET_IN_TYPE_1_PAPILLARY_RENAL_CELL_CARCINOMA] was killed by [LAKE_ADULT_KIDNEY_C16_COLLECTING_SYSTEM_PRINCIPAL_CELLS_CORTEX,LAKE_ADULT_KIDNEY_C16_COLLECTING_SYSTEM_PRINCIPAL_CELLS_CORTEX]
[GSE24142_EARLY_THYMIC_PROGENITOR_VS_DN2_THYMOCYTE_DN,GSE24142_EARLY_THYMIC_PROGENITOR_VS_DN2_THYMOCYTE_DN] was killed by [GSE2706_UNSTIM_VS_8H_R848_DC_DN,GSE2706_UNSTIM_VS_8H_R848_DC_DN]
[GSE17580_TREG_VS_TEFF_DN,GSE17580_TREG_VS_TEFF_DN] was killed by [GSE14908_RESTING_VS_HDM_STIM_CD4_TCELL_NONATOPIC_PATIENT_DN,GSE14908_RESTING_VS_HDM_STIM_CD4_TCELL_NONATOPIC_PATIENT_DN]
[GSE6269_HEALTHY_VS_FLU_INF_PBMC_UP,GSE6269_HEALTHY_VS_FLU_INF_PBMC_UP] was killed by [RUBENSTEIN_SKELETAL_MUSCLE_T_CELLS,RUBENSTEIN_SKELETAL_MUSCLE_T_CELLS]
[GOBP_MEMORY,GOBP_MEMORY] was killed by [WP_EGFEGFR_SIGNALING_PATHWAY,WP_EGFEGFR_SIGNALING_PATHWAY]
[GOBP_NEGATIVE_REGULATION_OF_CELLULAR_RESPONSE_TO_INSULIN_STIMULUS,GOBP_NEGATIVE_REGULATION_OF_CELLULAR_RESPONSE_TO_INSULIN_STIMULUS] was killed by [WP_EGFEGFR_SIGNALING_PATHWAY,WP_EGFEGFR_SIGNALING_PATHWAY]
[PID_VEGFR1_2_PATHWAY,PID_VEGFR1_2_PATHWAY] was killed by [WP_EGFEGFR_SIGNALING_PATHWAY,WP_EGFEGFR_SIGNALING_PATHWAY]
[KEGG_CALCIUM_SIGNALING_PATHWAY,KEGG_CALCIUM_SIGNALING_PATHWAY] was killed by [GSE25088_IL4_VS_IL4_AND_ROSIGLITAZONE_STIM_STAT6_KO_MACROPHAGE_DAY10_UP,GSE25088_IL4_VS_IL4_AND_ROSIGLITAZONE_STIM_STAT6_KO_MACROPHAGE_DAY10_UP]
[GSE18791_CTRL_VS_NEWCASTLE_VIRUS_DC_16H_DN,GSE18791_CTRL_VS_NEWCASTLE_VIRUS_DC_16H_DN] was killed by [WP_EGFEGFR_SIGNALING_PATHWAY,WP_EGFEGFR_SIGNALING_PATHWAY]
[REACTOME_CDC42_GTPASE_CYCLE,REACTOME_CDC42_GTPASE_CYCLE] was killed by [WP_EGFEGFR_SIGNALING_PATHWAY,WP_EGFEGFR_SIGNALING_PATHWAY]
[GSE6259_FLT3L_INDUCED_33D1_POS_DC_VS_BCELL_DN,GSE6259_FLT3L_INDUCED_33D1_POS_DC_VS_BCELL_DN] was killed by [DESCARTES_MAIN_FETAL_MICROGLIA,DESCARTES_MAIN_FETAL_MICROGLIA]
[GSE9509_LPS_VS_LPS_AND_IL10_STIM_IL10_KO_MACROPHAGE_30MIN_UP,GSE9509_LPS_VS_LPS_AND_IL10_STIM_IL10_KO_MACROPHAGE_30MIN_UP] was killed by [GOCC_FICOLIN_1_RICH_GRANULE,GOCC_FICOLIN_1_RICH_GRANULE]
[KEGG_GLYCOLYSIS_GLUCONEOGENESIS,KEGG_GLYCOLYSIS_GLUCONEOGENESIS] was killed by [GOCC_FICOLIN_1_RICH_GRANULE,GOCC_FICOLIN_1_RICH_GRANULE]
[GSE27241_WT_CTRL_VS_DIGOXIN_TREATED_RORGT_KO_CD4_TCELL_IN_TH17_POLARIZING_CONDITIONS_UP,GSE27241_WT_CTRL_VS_DIGOXIN_TREATED_RORGT_KO_CD4_TCELL_IN_TH17_POLARIZING_CONDITIONS_UP] was killed by [WP_EGFEGFR_SIGNALING_PATHWAY,WP_EGFEGFR_SIGNALING_PATHWAY]
[GOBP_REGULATION_OF_RNA_SPLICING,GOBP_REGULATION_OF_RNA_SPLICING] was killed by [MORF_G22P1,MORF_G22P1]
[GSE17721_0.5H_VS_8H_CPG_BMDC_UP,GSE17721_0.5H_VS_8H_CPG_BMDC_UP] was killed by [MORF_G22P1,MORF_G22P1]
[REACTOME_INTERLEUKIN_2_FAMILY_SIGNALING,REACTOME_INTERLEUKIN_2_FAMILY_SIGNALING] was killed by [WP_EGFEGFR_SIGNALING_PATHWAY,WP_EGFEGFR_SIGNALING_PATHWAY]
[GSE14350_IL2RB_KO_VS_WT_TREG_DN,GSE14350_IL2RB_KO_VS_WT_TREG_DN] was killed by [GSE7348_UNSTIM_VS_LPS_STIM_MACROPHAGE_DN,GSE7348_UNSTIM_VS_LPS_STIM_MACROPHAGE_DN]
[chr1q31,chr1q31] was killed by [MIR297,MIR297]
[GSE26669_CTRL_VS_COSTIM_BLOCK_MLR_CD8_TCELL_UP,GSE26669_CTRL_VS_COSTIM_BLOCK_MLR_CD8_TCELL_UP] was killed by [MORF_PRKDC,MORF_PRKDC]
[GSE37416_CTRL_VS_12H_F_TULARENSIS_LVS_NEUTROPHIL_UP,GSE37416_CTRL_VS_12H_F_TULARENSIS_LVS_NEUTROPHIL_UP] was killed by [LAKE_ADULT_KIDNEY_C16_COLLECTING_SYSTEM_PRINCIPAL_CELLS_CORTEX,LAKE_ADULT_KIDNEY_C16_COLLECTING_SYSTEM_PRINCIPAL_CELLS_CORTEX]
[GSE6259_FLT3L_INDUCED_33D1_POS_DC_VS_BCELL_UP,GSE6259_FLT3L_INDUCED_33D1_POS_DC_VS_BCELL_UP] was killed by [GOBP_DE_NOVO_PROTEIN_FOLDING,GOBP_DE_NOVO_PROTEIN_FOLDING]
[GSE24726_WT_VS_E2_2_KO_PDC_DAY6_POST_DELETION_DN,GSE24726_WT_VS_E2_2_KO_PDC_DAY6_POST_DELETION_DN] was killed by [MIR4790_3P,MIR4790_3P]
[MENON_FETAL_KIDNEY_9_ENDOTHELIAL_CELLS,MENON_FETAL_KIDNEY_9_ENDOTHELIAL_CELLS] was killed by [GOCC_FICOLIN_1_RICH_GRANULE,GOCC_FICOLIN_1_RICH_GRANULE]
[ATAGGAA_MIR202,ATAGGAA_MIR202] was killed by [LAKE_ADULT_KIDNEY_C16_COLLECTING_SYSTEM_PRINCIPAL_CELLS_CORTEX,LAKE_ADULT_KIDNEY_C16_COLLECTING_SYSTEM_PRINCIPAL_CELLS_CORTEX]
[MIR5579_3P,MIR5579_3P] was killed by [MIR4739,MIR4739]
[GSE40274_FOXP3_VS_FOXP3_AND_SATB1_TRANSDUCED_ACTIVATED_CD4_TCELL_DN,GSE40274_FOXP3_VS_FOXP3_AND_SATB1_TRANSDUCED_ACTIVATED_CD4_TCELL_DN] was killed by [GSE39556_CD8A_DC_VS_NK_CELL_DN,GSE39556_CD8A_DC_VS_NK_CELL_DN]
[GSE14769_UNSTIM_VS_240MIN_LPS_BMDM_DN,GSE14769_UNSTIM_VS_240MIN_LPS_BMDM_DN] was killed by [LAKE_ADULT_KIDNEY_C16_COLLECTING_SYSTEM_PRINCIPAL_CELLS_CORTEX,LAKE_ADULT_KIDNEY_C16_COLLECTING_SYSTEM_PRINCIPAL_CELLS_CORTEX]
[MULLIGHAN_NPM1_MUTATED_SIGNATURE_1_DN,MULLIGHAN_NPM1_MUTATED_SIGNATURE_1_DN] was killed by [MORF_G22P1,MORF_G22P1]
[GSE22886_NAIVE_VS_IGG_IGA_MEMORY_BCELL_UP,GSE22886_NAIVE_VS_IGG_IGA_MEMORY_BCELL_UP] was killed by [GSE39556_CD8A_DC_VS_NK_CELL_DN,GSE39556_CD8A_DC_VS_NK_CELL_DN]
[SESTO_RESPONSE_TO_UV_C5,SESTO_RESPONSE_TO_UV_C5] was killed by [WP_EGFEGFR_SIGNALING_PATHWAY,WP_EGFEGFR_SIGNALING_PATHWAY]
[GSE40443_INDUCED_VS_TOTAL_TREG_UP,GSE40443_INDUCED_VS_TOTAL_TREG_UP] was killed by [LAKE_ADULT_KIDNEY_C16_COLLECTING_SYSTEM_PRINCIPAL_CELLS_CORTEX,LAKE_ADULT_KIDNEY_C16_COLLECTING_SYSTEM_PRINCIPAL_CELLS_CORTEX]
[RORA2_01,RORA2_01] was killed by [GSE16450_CTRL_VS_IFNA_6H_STIM_IMMATURE_NEURON_CELL_LINE_UP,GSE16450_CTRL_VS_IFNA_6H_STIM_IMMATURE_NEURON_CELL_LINE_UP]
[CHNG_MULTIPLE_MYELOMA_HYPERPLOID_UP,CHNG_MULTIPLE_MYELOMA_HYPERPLOID_UP] was killed by [RUBENSTEIN_SKELETAL_MUSCLE_T_CELLS,RUBENSTEIN_SKELETAL_MUSCLE_T_CELLS]
[GSE19825_NAIVE_VS_IL2RALOW_DAY3_EFF_CD8_TCELL_DN,GSE19825_NAIVE_VS_IL2RALOW_DAY3_EFF_CD8_TCELL_DN] was killed by [GSE9988_ANTI_TREM1_AND_LPS_VS_VEHICLE_TREATED_MONOCYTES_DN,GSE9988_ANTI_TREM1_AND_LPS_VS_VEHICLE_TREATED_MONOCYTES_DN]
[GSE10211_UV_INACT_SENDAI_VS_LIVE_SENDAI_VIRUS_TRACHEAL_EPITHELIAL_CELLS_UP,GSE10211_UV_INACT_SENDAI_VS_LIVE_SENDAI_VIRUS_TRACHEAL_EPITHELIAL_CELLS_UP] was killed by [GSE2405_HEAT_KILLED_LYSATE_VS_LIVE_A_PHAGOCYTOPHILUM_STIM_NEUTROPHIL_9H_DN,GSE2405_HEAT_KILLED_LYSATE_VS_LIVE_A_PHAGOCYTOPHILUM_STIM_NEUTROPHIL_9H_DN]
[GSE22886_IGM_MEMORY_BCELL_VS_BM_PLASMA_CELL_DN,GSE22886_IGM_MEMORY_BCELL_VS_BM_PLASMA_CELL_DN] was killed by [GSE26495_NAIVE_VS_PD1LOW_CD8_TCELL_DN,GSE26495_NAIVE_VS_PD1LOW_CD8_TCELL_DN]
[REACTOME_RAC2_GTPASE_CYCLE,REACTOME_RAC2_GTPASE_CYCLE] was killed by [WP_EGFEGFR_SIGNALING_PATHWAY,WP_EGFEGFR_SIGNALING_PATHWAY]
[MIR8061,MIR8061] was killed by [MIR4760_5P,MIR4760_5P]
[GSE9509_10MIN_VS_30MIN_LPS_AND_IL10_STIM_IL10_KO_MACROPHAGE_UP,GSE9509_10MIN_VS_30MIN_LPS_AND_IL10_STIM_IL10_KO_MACROPHAGE_UP] was killed by [GSE17721_0.5H_VS_12H_GARDIQUIMOD_BMDC_UP,GSE17721_0.5H_VS_12H_GARDIQUIMOD_BMDC_UP]
[YAO_TEMPORAL_RESPONSE_TO_PROGESTERONE_CLUSTER_11,YAO_TEMPORAL_RESPONSE_TO_PROGESTERONE_CLUSTER_11] was killed by [HAY_BONE_MARROW_PLASMA_CELL,HAY_BONE_MARROW_PLASMA_CELL]
[MENSE_HYPOXIA_UP,MENSE_HYPOXIA_UP] was killed by [TSHZ1_TARGET_GENES,TSHZ1_TARGET_GENES]
[GSE11057_NAIVE_VS_MEMORY_CD4_TCELL_UP,GSE11057_NAIVE_VS_MEMORY_CD4_TCELL_UP] was killed by [GSE32901_TH17_EMRICHED_VS_TH17_NEG_CD4_TCELL_DN,GSE32901_TH17_EMRICHED_VS_TH17_NEG_CD4_TCELL_DN]
[GOBP_REGULATION_OF_ACTIN_FILAMENT_LENGTH,GOBP_REGULATION_OF_ACTIN_FILAMENT_LENGTH] was killed by [WP_EGFEGFR_SIGNALING_PATHWAY,WP_EGFEGFR_SIGNALING_PATHWAY]
[GOMF_RIBONUCLEOPROTEIN_COMPLEX_BINDING,GOMF_RIBONUCLEOPROTEIN_COMPLEX_BINDING] was killed by [MORF_G22P1,MORF_G22P1]
[GSE360_T_GONDII_VS_B_MALAYI_LOW_DOSE_MAC_DN,GSE360_T_GONDII_VS_B_MALAYI_LOW_DOSE_MAC_DN] was killed by [GSE42021_CD24LO_TREG_VS_CD24LO_TCONV_THYMUS_DN,GSE42021_CD24LO_TREG_VS_CD24LO_TCONV_THYMUS_DN]
[GSE43863_LY6C_INT_CXCR5POS_VS_LY6C_LOW_CXCR5NEG_EFFECTOR_CD4_TCELL_DN,GSE43863_LY6C_INT_CXCR5POS_VS_LY6C_LOW_CXCR5NEG_EFFECTOR_CD4_TCELL_DN] was killed by [LAKE_ADULT_KIDNEY_C16_COLLECTING_SYSTEM_PRINCIPAL_CELLS_CORTEX,LAKE_ADULT_KIDNEY_C16_COLLECTING_SYSTEM_PRINCIPAL_CELLS_CORTEX]
[GCM_RAD21,GCM_RAD21] was killed by [MORF_G22P1,MORF_G22P1]
[GCM_CBFB,GCM_CBFB] was killed by [MORF_G22P1,MORF_G22P1]
[GOBP_STRESS_FIBER_ASSEMBLY,GOBP_STRESS_FIBER_ASSEMBLY] was killed by [WP_EGFEGFR_SIGNALING_PATHWAY,WP_EGFEGFR_SIGNALING_PATHWAY]
[WP_PHOSPHOINOSITIDES_METABOLISM,WP_PHOSPHOINOSITIDES_METABOLISM] was killed by [GOBP_REGULATION_OF_RECEPTOR_MEDIATED_ENDOCYTOSIS,GOBP_REGULATION_OF_RECEPTOR_MEDIATED_ENDOCYTOSIS]
[MIR370_3P,MIR370_3P] was killed by [GOMF_RNA_HELICASE_ACTIVITY,GOMF_RNA_HELICASE_ACTIVITY]
[GOMF_TRANSLATION_REGULATOR_ACTIVITY_NUCLEIC_ACID_BINDING,GOMF_TRANSLATION_REGULATOR_ACTIVITY_NUCLEIC_ACID_BINDING] was killed by [MORF_G22P1,MORF_G22P1]
[GSE21380_NON_TFH_VS_TFH_CD4_TCELL_UP,GSE21380_NON_TFH_VS_TFH_CD4_TCELL_UP] was killed by [LAKE_ADULT_KIDNEY_C16_COLLECTING_SYSTEM_PRINCIPAL_CELLS_CORTEX,LAKE_ADULT_KIDNEY_C16_COLLECTING_SYSTEM_PRINCIPAL_CELLS_CORTEX]
[MODULE_150,MODULE_150] was killed by [RUBENSTEIN_SKELETAL_MUSCLE_T_CELLS,RUBENSTEIN_SKELETAL_MUSCLE_T_CELLS]
[IKEDA_MIR30_TARGETS_UP,IKEDA_MIR30_TARGETS_UP] was killed by [LAKE_ADULT_KIDNEY_C16_COLLECTING_SYSTEM_PRINCIPAL_CELLS_CORTEX,LAKE_ADULT_KIDNEY_C16_COLLECTING_SYSTEM_PRINCIPAL_CELLS_CORTEX]
[GOBP_NAD_METABOLIC_PROCESS,GOBP_NAD_METABOLIC_PROCESS] was killed by [GOCC_FICOLIN_1_RICH_GRANULE,GOCC_FICOLIN_1_RICH_GRANULE]
[MORF_PPP1CC,MORF_PPP1CC] was killed by [MORF_G22P1,MORF_G22P1]
[WP_ONCOSTATIN_M_SIGNALING_PATHWAY,WP_ONCOSTATIN_M_SIGNALING_PATHWAY] was killed by [WP_EGFEGFR_SIGNALING_PATHWAY,WP_EGFEGFR_SIGNALING_PATHWAY]
[GSE40274_CTRL_VS_FOXP3_AND_PBX1_TRANSDUCED_ACTIVATED_CD4_TCELL_DN,GSE40274_CTRL_VS_FOXP3_AND_PBX1_TRANSDUCED_ACTIVATED_CD4_TCELL_DN] was killed by [MORF_G22P1,MORF_G22P1]
[GSE24634_TEFF_VS_TCONV_DAY10_IN_CULTURE_DN,GSE24634_TEFF_VS_TCONV_DAY10_IN_CULTURE_DN] was killed by [GSE39556_CD8A_DC_VS_NK_CELL_DN,GSE39556_CD8A_DC_VS_NK_CELL_DN]
[GSE7568_IL4_VS_IL4_AND_TGFB_TREATED_MACROPHAGE_24H_UP,GSE7568_IL4_VS_IL4_AND_TGFB_TREATED_MACROPHAGE_24H_UP] was killed by [GSE32901_TH17_EMRICHED_VS_TH17_NEG_CD4_TCELL_DN,GSE32901_TH17_EMRICHED_VS_TH17_NEG_CD4_TCELL_DN]
[DURAND_STROMA_NS_UP,DURAND_STROMA_NS_UP] was killed by [GSE16450_CTRL_VS_IFNA_6H_STIM_IMMATURE_NEURON_CELL_LINE_UP,GSE16450_CTRL_VS_IFNA_6H_STIM_IMMATURE_NEURON_CELL_LINE_UP]
[GSE26669_CD4_VS_CD8_TCELL_IN_MLR_COSTIM_BLOCK_DN,GSE26669_CD4_VS_CD8_TCELL_IN_MLR_COSTIM_BLOCK_DN] was killed by [GSE39556_CD8A_DC_VS_NK_CELL_DN,GSE39556_CD8A_DC_VS_NK_CELL_DN]
[GSE14386_UNTREATED_VS_IFNA_TREATED_ACT_PBMC_MS_PATIENT_DN,GSE14386_UNTREATED_VS_IFNA_TREATED_ACT_PBMC_MS_PATIENT_DN] was killed by [MIR337_3P,MIR337_3P]
[MIR4680_5P,MIR4680_5P] was killed by [MIR337_3P,MIR337_3P]
[CCANNAGRKGGC_UNKNOWN,CCANNAGRKGGC_UNKNOWN] was killed by [GSE24574_BCL6_HIGH_TFH_VS_TCONV_CD4_TCELL_DN,GSE24574_BCL6_HIGH_TFH_VS_TCONV_CD4_TCELL_DN]
[TAGGTCA_MIR192_MIR215,TAGGTCA_MIR192_MIR215] was killed by [GSE5589_LPS_VS_LPS_AND_IL6_STIM_IL6_KO_MACROPHAGE_45MIN_UP,GSE5589_LPS_VS_LPS_AND_IL6_STIM_IL6_KO_MACROPHAGE_45MIN_UP]
[REACTOME_RHOA_GTPASE_CYCLE,REACTOME_RHOA_GTPASE_CYCLE] was killed by [WP_EGFEGFR_SIGNALING_PATHWAY,WP_EGFEGFR_SIGNALING_PATHWAY]
[SIG_REGULATION_OF_THE_ACTIN_CYTOSKELETON_BY_RHO_GTPASES,SIG_REGULATION_OF_THE_ACTIN_CYTOSKELETON_BY_RHO_GTPASES] was killed by [WP_EGFEGFR_SIGNALING_PATHWAY,WP_EGFEGFR_SIGNALING_PATHWAY]
[GOMF_PROTEIN_FOLDING_CHAPERONE,GOMF_PROTEIN_FOLDING_CHAPERONE] was killed by [MORF_G22P1,MORF_G22P1]
[PID_REELIN_PATHWAY,PID_REELIN_PATHWAY] was killed by [DESCARTES_MAIN_FETAL_MICROGLIA,DESCARTES_MAIN_FETAL_MICROGLIA]
[GSE35435_RESTING_VS_IL4_TREATED_MACROPHAGE_DN,GSE35435_RESTING_VS_IL4_TREATED_MACROPHAGE_DN] was killed by [TSHZ1_TARGET_GENES,TSHZ1_TARGET_GENES]
[GSE27241_CTRL_VS_DIGOXIN_TREATED_RORGT_KO_CD4_TCELL_IN_TH17_POLARIZING_CONDITIONS_DN,GSE27241_CTRL_VS_DIGOXIN_TREATED_RORGT_KO_CD4_TCELL_IN_TH17_POLARIZING_CONDITIONS_DN] was killed by [GSE39556_CD8A_DC_VS_NK_CELL_DN,GSE39556_CD8A_DC_VS_NK_CELL_DN]
[MIR4491,MIR4491] was killed by [GSE7831_UNSTIM_VS_CPG_STIM_PDC_1H_DN,GSE7831_UNSTIM_VS_CPG_STIM_PDC_1H_DN]
[MIR4657,MIR4657] was killed by [GSE7831_UNSTIM_VS_CPG_STIM_PDC_1H_DN,GSE7831_UNSTIM_VS_CPG_STIM_PDC_1H_DN]
[BIOCARTA_MET_PATHWAY,BIOCARTA_MET_PATHWAY] was killed by [WP_EGFEGFR_SIGNALING_PATHWAY,WP_EGFEGFR_SIGNALING_PATHWAY]
[GSE9509_LPS_VS_LPS_AND_IL10_STIM_IL10_KO_MACROPHAGE_30MIN_DN,GSE9509_LPS_VS_LPS_AND_IL10_STIM_IL10_KO_MACROPHAGE_30MIN_DN] was killed by [GSE32901_TH17_EMRICHED_VS_TH17_NEG_CD4_TCELL_DN,GSE32901_TH17_EMRICHED_VS_TH17_NEG_CD4_TCELL_DN]
[ESC_V6.5_UP_EARLY.V1_UP,ESC_V6.5_UP_EARLY.V1_UP] was killed by [GSE25088_IL4_VS_IL4_AND_ROSIGLITAZONE_STIM_STAT6_KO_MACROPHAGE_DAY10_UP,GSE25088_IL4_VS_IL4_AND_ROSIGLITAZONE_STIM_STAT6_KO_MACROPHAGE_DAY10_UP]
[WP_ENERGY_METABOLISM,WP_ENERGY_METABOLISM] was killed by [WP_EGFEGFR_SIGNALING_PATHWAY,WP_EGFEGFR_SIGNALING_PATHWAY]
[GNF2_XRCC5,GNF2_XRCC5] was killed by [MORF_G22P1,MORF_G22P1]
[GSE26030_UNSTIM_VS_RESTIM_TH1_DAY15_POST_POLARIZATION_DN,GSE26030_UNSTIM_VS_RESTIM_TH1_DAY15_POST_POLARIZATION_DN] was killed by [GSE26495_NAIVE_VS_PD1LOW_CD8_TCELL_DN,GSE26495_NAIVE_VS_PD1LOW_CD8_TCELL_DN]
[PPARGC1A_TARGET_GENES,PPARGC1A_TARGET_GENES] was killed by [MORF_G22P1,MORF_G22P1]
[REACTOME_REGULATION_OF_RAS_BY_GAPS,REACTOME_REGULATION_OF_RAS_BY_GAPS] was killed by [GOCC_FICOLIN_1_RICH_GRANULE,GOCC_FICOLIN_1_RICH_GRANULE]
[GSE36888_STAT5_AB_KNOCKIN_VS_WT_TCELL_IL2_TREATED_2H_UP,GSE36888_STAT5_AB_KNOCKIN_VS_WT_TCELL_IL2_TREATED_2H_UP] was killed by [MIR297,MIR297]
[MIR190A_5P,MIR190A_5P] was killed by [GSE13547_2H_VS_12_H_ANTI_IGM_STIM_ZFX_KO_BCELL_UP,GSE13547_2H_VS_12_H_ANTI_IGM_STIM_ZFX_KO_BCELL_UP]
[GSE4590_SMALL_VS_LARGE_PRE_BCELL_DN,GSE4590_SMALL_VS_LARGE_PRE_BCELL_DN] was killed by [DESCARTES_MAIN_FETAL_MICROGLIA,DESCARTES_MAIN_FETAL_MICROGLIA]
[GSE31082_DP_VS_CD8_SP_THYMOCYTE_UP,GSE31082_DP_VS_CD8_SP_THYMOCYTE_UP] was killed by [GSE369_SOCS3_KO_VS_WT_LIVER_DN,GSE369_SOCS3_KO_VS_WT_LIVER_DN]
[GOBP_REGULATION_OF_UBIQUITIN_PROTEIN_TRANSFERASE_ACTIVITY,GOBP_REGULATION_OF_UBIQUITIN_PROTEIN_TRANSFERASE_ACTIVITY] was killed by [RUBENSTEIN_SKELETAL_MUSCLE_T_CELLS,RUBENSTEIN_SKELETAL_MUSCLE_T_CELLS]
[LAKE_ADULT_KIDNEY_C13_THICK_ASCENDING_LIMB,LAKE_ADULT_KIDNEY_C13_THICK_ASCENDING_LIMB] was killed by [LAKE_ADULT_KIDNEY_C16_COLLECTING_SYSTEM_PRINCIPAL_CELLS_CORTEX,LAKE_ADULT_KIDNEY_C16_COLLECTING_SYSTEM_PRINCIPAL_CELLS_CORTEX]
[HP_OPEN_MOUTH,HP_OPEN_MOUTH] was killed by [LAKE_ADULT_KIDNEY_C16_COLLECTING_SYSTEM_PRINCIPAL_CELLS_CORTEX,LAKE_ADULT_KIDNEY_C16_COLLECTING_SYSTEM_PRINCIPAL_CELLS_CORTEX]
[HP_HEMOLYTIC_ANEMIA,HP_HEMOLYTIC_ANEMIA] was killed by [GSE2706_UNSTIM_VS_8H_R848_DC_DN,GSE2706_UNSTIM_VS_8H_R848_DC_DN]
[GOMF_STRUCTURAL_CONSTITUENT_OF_CYTOSKELETON,GOMF_STRUCTURAL_CONSTITUENT_OF_CYTOSKELETON] was killed by [GOBP_REGULATION_OF_RECEPTOR_MEDIATED_ENDOCYTOSIS,GOBP_REGULATION_OF_RECEPTOR_MEDIATED_ENDOCYTOSIS]
[GSE17721_POLYIC_VS_CPG_1H_BMDC_UP,GSE17721_POLYIC_VS_CPG_1H_BMDC_UP] was killed by [GSE17721_POLYIC_VS_PAM3CSK4_1H_BMDC_UP,GSE17721_POLYIC_VS_PAM3CSK4_1H_BMDC_UP]
[HU_ANGIOGENESIS_DN,HU_ANGIOGENESIS_DN] was killed by [MORF_G22P1,MORF_G22P1]
[HP_SPRENGEL_ANOMALY,HP_SPRENGEL_ANOMALY] was killed by [RUBENSTEIN_SKELETAL_MUSCLE_T_CELLS,RUBENSTEIN_SKELETAL_MUSCLE_T_CELLS]
[GSE5099_MONOCYTE_VS_CLASSICAL_M1_MACROPHAGE_DN,GSE5099_MONOCYTE_VS_CLASSICAL_M1_MACROPHAGE_DN] was killed by [MORF_G22P1,MORF_G22P1]
[GOBP_ACTOMYOSIN_STRUCTURE_ORGANIZATION,GOBP_ACTOMYOSIN_STRUCTURE_ORGANIZATION] was killed by [WP_EGFEGFR_SIGNALING_PATHWAY,WP_EGFEGFR_SIGNALING_PATHWAY]
[GSE7348_LPS_VS_TOLERIZED_AND_LPS_STIM_MACROPHAGE_DN,GSE7348_LPS_VS_TOLERIZED_AND_LPS_STIM_MACROPHAGE_DN] was killed by [DESCARTES_MAIN_FETAL_MICROGLIA,DESCARTES_MAIN_FETAL_MICROGLIA]
[GSE44649_NAIVE_VS_ACTIVATED_CD8_TCELL_UP,GSE44649_NAIVE_VS_ACTIVATED_CD8_TCELL_UP] was killed by [GSE20366_TREG_VS_NAIVE_CD4_TCELL_HOMEOSTATIC_CONVERSION_DN,GSE20366_TREG_VS_NAIVE_CD4_TCELL_HOMEOSTATIC_CONVERSION_DN]
[GNF2_TDG,GNF2_TDG] was killed by [MORF_G22P1,MORF_G22P1]
[DING_LUNG_CANCER_EXPRESSION_BY_COPY_NUMBER,DING_LUNG_CANCER_EXPRESSION_BY_COPY_NUMBER] was killed by [GSE16385_UNTREATED_VS_12H_ROSIGLITAZONE_IL4_TREATED_MACROPHAGE_DN,GSE16385_UNTREATED_VS_12H_ROSIGLITAZONE_IL4_TREATED_MACROPHAGE_DN]
[GOMF_GROWTH_FACTOR_RECEPTOR_BINDING,GOMF_GROWTH_FACTOR_RECEPTOR_BINDING] was killed by [WP_EGFEGFR_SIGNALING_PATHWAY,WP_EGFEGFR_SIGNALING_PATHWAY]
[GSE17301_CTRL_VS_48H_ACD3_ACD28_IFNA2_STIM_CD8_TCELL_DN,GSE17301_CTRL_VS_48H_ACD3_ACD28_IFNA2_STIM_CD8_TCELL_DN] was killed by [KOKKINAKIS_METHIONINE_DEPRIVATION_48HR_UP,KOKKINAKIS_METHIONINE_DEPRIVATION_48HR_UP]
[REACTOME_FORMATION_OF_TC_NER_PRE_INCISION_COMPLEX,REACTOME_FORMATION_OF_TC_NER_PRE_INCISION_COMPLEX] was killed by [MORF_PRKDC,MORF_PRKDC]
[GNF2_NS,GNF2_NS] was killed by [GSE17721_0.5H_VS_12H_GARDIQUIMOD_BMDC_UP,GSE17721_0.5H_VS_12H_GARDIQUIMOD_BMDC_UP]
[MIR508_3P,MIR508_3P] was killed by [MIR4790_3P,MIR4790_3P]
