[MORF_NPM1,MORF_NPM1] was killed by [MORF_ACTG1,MORF_ACTG1]
[MORF_TPT1,MORF_TPT1] was killed by [MORF_ACTG1,MORF_ACTG1]
[GNF2_NPM1,GNF2_NPM1] was killed by [MORF_ACTG1,MORF_ACTG1]
[GNF2_ST13,GNF2_ST13] was killed by [MORF_ACTG1,MORF_ACTG1]
[GNF2_EIF3S6,GNF2_EIF3S6] was killed by [MORF_ACTG1,MORF_ACTG1]
[MORF_NME2,MORF_NME2] was killed by [MORF_ACTG1,MORF_ACTG1]
[GCM_TPT1,GCM_TPT1] was killed by [MORF_ACTG1,MORF_ACTG1]
[GCM_CSNK2B,GCM_CSNK2B] was killed by [MORF_ACTG1,MORF_ACTG1]
[GCM_NPM1,GCM_NPM1] was killed by [MORF_ACTG1,MORF_ACTG1]
[MORF_FBL,MORF_FBL] was killed by [MORF_ACTG1,MORF_ACTG1]
[GNF2_FBL,GNF2_FBL] was killed by [MORF_ACTG1,MORF_ACTG1]
[GNF2_TPT1,GNF2_TPT1] was killed by [MORF_ACTG1,MORF_ACTG1]
[MORF_EIF4A2,MORF_EIF4A2] was killed by [MORF_ACTG1,MORF_ACTG1]
[MORF_ANP32B,MORF_ANP32B] was killed by [MORF_ACTG1,MORF_ACTG1]
[GNF2_DAP3,GNF2_DAP3] was killed by [MORF_ACTG1,MORF_ACTG1]
[MORF_BMI1,MORF_BMI1] was killed by [MORF_RPA2,MORF_RPA2]
[MODULE_29,MODULE_29] was killed by [MORF_ACTG1,MORF_ACTG1]
[GNF2_MCM5,GNF2_MCM5] was killed by [GNF2_MSH2,GNF2_MSH2]
[GNF2_GLTSCR2,GNF2_GLTSCR2] was killed by [MORF_ACTG1,MORF_ACTG1]
[MORF_CCNI,MORF_CCNI] was killed by [MORF_ACTG1,MORF_ACTG1]
[GCM_APEX1,GCM_APEX1] was killed by [MORF_ACTG1,MORF_ACTG1]
[GNF2_MCM4,GNF2_MCM4] was killed by [GNF2_MSH2,GNF2_MSH2]
[MORF_FEN1,MORF_FEN1] was killed by [GNF2_MSH2,GNF2_MSH2]
[GNF2_RAN,GNF2_RAN] was killed by [MORF_RPA2,MORF_RPA2]
[GNF2_ELAC2,GNF2_ELAC2] was killed by [MORF_RPA2,MORF_RPA2]
[GCM_ACTG1,GCM_ACTG1] was killed by [MORF_ACTG1,MORF_ACTG1]
[GNF2_DEK,GNF2_DEK] was killed by [GNF2_MSH2,GNF2_MSH2]
[GNF2_APEX1,GNF2_APEX1] was killed by [MORF_ACTG1,MORF_ACTG1]
[MORF_UBE2A,MORF_UBE2A] was killed by [MORF_RPA2,MORF_RPA2]
[GCM_ANP32B,GCM_ANP32B] was killed by [MORF_ACTG1,MORF_ACTG1]
[GNF2_HDAC1,GNF2_HDAC1] was killed by [MORF_ACTG1,MORF_ACTG1]
[MORF_ORC1L,MORF_ORC1L] was killed by [MORF_RPA2,MORF_RPA2]
[GNF2_RRM1,GNF2_RRM1] was killed by [GNF2_MSH2,GNF2_MSH2]
[GNF2_MLH1,GNF2_MLH1] was killed by [GNF2_MSH2,GNF2_MSH2]
[GNF2_NS,GNF2_NS] was killed by [MORF_RPA2,MORF_RPA2]
[GNF2_BUB1B,GNF2_BUB1B] was killed by [GNF2_MSH2,GNF2_MSH2]
[GCM_RAF1,GCM_RAF1] was killed by [MORF_ACTG1,MORF_ACTG1]
