[PID_BCR_5PATHWAY,PID_BCR_5PATHWAY] was killed by [PID_FCER1_PATHWAY,PID_FCER1_PATHWAY]
[PID_ERBB2_ERBB3_PATHWAY,PID_ERBB2_ERBB3_PATHWAY] was killed by [PID_FCER1_PATHWAY,PID_FCER1_PATHWAY]
[PID_FAS_PATHWAY,PID_FAS_PATHWAY] was killed by [PID_FCER1_PATHWAY,PID_FCER1_PATHWAY]
[PID_ERBB1_RECEPTOR_PROXIMAL_PATHWAY,PID_ERBB1_RECEPTOR_PROXIMAL_PATHWAY] was killed by [PID_FCER1_PATHWAY,PID_FCER1_PATHWAY]
[PID_IFNG_PATHWAY,PID_IFNG_PATHWAY] was killed by [PID_FCER1_PATHWAY,PID_FCER1_PATHWAY]
[PID_ERBB1_INTERNALIZATION_PATHWAY,PID_ERBB1_INTERNALIZATION_PATHWAY] was killed by [PID_FCER1_PATHWAY,PID_FCER1_PATHWAY]
[PID_FGF_PATHWAY,PID_FGF_PATHWAY] was killed by [PID_FCER1_PATHWAY,PID_FCER1_PATHWAY]
[PID_FAK_PATHWAY,PID_FAK_PATHWAY] was killed by [PID_FCER1_PATHWAY,PID_FCER1_PATHWAY]
[PID_IL1_PATHWAY,PID_IL1_PATHWAY] was killed by [PID_FCER1_PATHWAY,PID_FCER1_PATHWAY]
[PID_CDC42_PATHWAY,PID_CDC42_PATHWAY] was killed by [PID_FCER1_PATHWAY,PID_FCER1_PATHWAY]
[PID_NCADHERIN_PATHWAY,PID_NCADHERIN_PATHWAY] was killed by [PID_FCER1_PATHWAY,PID_FCER1_PATHWAY]
[PID_GMCSF_PATHWAY,PID_GMCSF_PATHWAY] was killed by [PID_FCER1_PATHWAY,PID_FCER1_PATHWAY]
[PID_EPO_PATHWAY,PID_EPO_PATHWAY] was killed by [PID_FCER1_PATHWAY,PID_FCER1_PATHWAY]
[PID_ERBB4_PATHWAY,PID_ERBB4_PATHWAY] was killed by [PID_FCER1_PATHWAY,PID_FCER1_PATHWAY]
[PID_AVB3_OPN_PATHWAY,PID_AVB3_OPN_PATHWAY] was killed by [PID_FCER1_PATHWAY,PID_FCER1_PATHWAY]
[PID_MTOR_4PATHWAY,PID_MTOR_4PATHWAY] was killed by [PID_LKB1_PATHWAY,PID_LKB1_PATHWAY]
[PID_VEGFR1_2_PATHWAY,PID_VEGFR1_2_PATHWAY] was killed by [PID_FCER1_PATHWAY,PID_FCER1_PATHWAY]
[PID_NECTIN_PATHWAY,PID_NECTIN_PATHWAY] was killed by [PID_FCER1_PATHWAY,PID_FCER1_PATHWAY]
[PID_EPHB_FWD_PATHWAY,PID_EPHB_FWD_PATHWAY] was killed by [PID_FCER1_PATHWAY,PID_FCER1_PATHWAY]
[PID_LYMPH_ANGIOGENESIS_PATHWAY,PID_LYMPH_ANGIOGENESIS_PATHWAY] was killed by [PID_FCER1_PATHWAY,PID_FCER1_PATHWAY]
[PID_IL4_2PATHWAY,PID_IL4_2PATHWAY] was killed by [PID_FCER1_PATHWAY,PID_FCER1_PATHWAY]
[PID_PI3KCI_AKT_PATHWAY,PID_PI3KCI_AKT_PATHWAY] was killed by [PID_LKB1_PATHWAY,PID_LKB1_PATHWAY]
[PID_TNF_PATHWAY,PID_TNF_PATHWAY] was killed by [PID_FCER1_PATHWAY,PID_FCER1_PATHWAY]
[PID_MET_PATHWAY,PID_MET_PATHWAY] was killed by [PID_FCER1_PATHWAY,PID_FCER1_PATHWAY]
[PID_IGF1_PATHWAY,PID_IGF1_PATHWAY] was killed by [PID_FCER1_PATHWAY,PID_FCER1_PATHWAY]
[PID_VEGFR1_PATHWAY,PID_VEGFR1_PATHWAY] was killed by [PID_FCER1_PATHWAY,PID_FCER1_PATHWAY]
[PID_TRKR_PATHWAY,PID_TRKR_PATHWAY] was killed by [PID_FCER1_PATHWAY,PID_FCER1_PATHWAY]
[PID_SHP2_PATHWAY,PID_SHP2_PATHWAY] was killed by [PID_FCER1_PATHWAY,PID_FCER1_PATHWAY]
[PID_NEPHRIN_NEPH1_PATHWAY,PID_NEPHRIN_NEPH1_PATHWAY] was killed by [PID_FCER1_PATHWAY,PID_FCER1_PATHWAY]
[PID_RAS_PATHWAY,PID_RAS_PATHWAY] was killed by [PID_FCER1_PATHWAY,PID_FCER1_PATHWAY]
[PID_IL5_PATHWAY,PID_IL5_PATHWAY] was killed by [PID_FCER1_PATHWAY,PID_FCER1_PATHWAY]
