[WP_PATHWAYS_AFFECTED_IN_ADENOID_CYSTIC_CARCINOMA,WP_PATHWAYS_AFFECTED_IN_ADENOID_CYSTIC_CARCINOMA] was killed by [WP_4HYDROXYTAMOXIFEN_DEXAMETHASONE_AND_RETINOIC_ACIDS_REGULATION_OF_P27_EXPRESSION,WP_4HYDROXYTAMOXIFEN_DEXAMETHASONE_AND_RETINOIC_ACIDS_REGULATION_OF_P27_EXPRESSION]
[WP_IL7_SIGNALING_PATHWAY,WP_IL7_SIGNALING_PATHWAY] was killed by [WP_4HYDROXYTAMOXIFEN_DEXAMETHASONE_AND_RETINOIC_ACIDS_REGULATION_OF_P27_EXPRESSION,WP_4HYDROXYTAMOXIFEN_DEXAMETHASONE_AND_RETINOIC_ACIDS_REGULATION_OF_P27_EXPRESSION]
[WP_MET_IN_TYPE_1_PAPILLARY_RENAL_CELL_CARCINOMA,WP_MET_IN_TYPE_1_PAPILLARY_RENAL_CELL_CARCINOMA] was killed by [WP_4HYDROXYTAMOXIFEN_DEXAMETHASONE_AND_RETINOIC_ACIDS_REGULATION_OF_P27_EXPRESSION,WP_4HYDROXYTAMOXIFEN_DEXAMETHASONE_AND_RETINOIC_ACIDS_REGULATION_OF_P27_EXPRESSION]
[WP_SEROTONIN_RECEPTOR_2_AND_ELKSRFGATA4_SIGNALING,WP_SEROTONIN_RECEPTOR_2_AND_ELKSRFGATA4_SIGNALING] was killed by [WP_4HYDROXYTAMOXIFEN_DEXAMETHASONE_AND_RETINOIC_ACIDS_REGULATION_OF_P27_EXPRESSION,WP_4HYDROXYTAMOXIFEN_DEXAMETHASONE_AND_RETINOIC_ACIDS_REGULATION_OF_P27_EXPRESSION]
[WP_HEPATITIS_B_INFECTION,WP_HEPATITIS_B_INFECTION] was killed by [WP_4HYDROXYTAMOXIFEN_DEXAMETHASONE_AND_RETINOIC_ACIDS_REGULATION_OF_P27_EXPRESSION,WP_4HYDROXYTAMOXIFEN_DEXAMETHASONE_AND_RETINOIC_ACIDS_REGULATION_OF_P27_EXPRESSION]
[WP_IL9_SIGNALING_PATHWAY,WP_IL9_SIGNALING_PATHWAY] was killed by [WP_4HYDROXYTAMOXIFEN_DEXAMETHASONE_AND_RETINOIC_ACIDS_REGULATION_OF_P27_EXPRESSION,WP_4HYDROXYTAMOXIFEN_DEXAMETHASONE_AND_RETINOIC_ACIDS_REGULATION_OF_P27_EXPRESSION]
[WP_VITAMIN_B12_METABOLISM,WP_VITAMIN_B12_METABOLISM] was killed by [WP_DEVELOPMENT_AND_HETEROGENEITY_OF_THE_ILC_FAMILY,WP_DEVELOPMENT_AND_HETEROGENEITY_OF_THE_ILC_FAMILY]
[WP_CHEMOKINE_SIGNALING_PATHWAY,WP_CHEMOKINE_SIGNALING_PATHWAY] was killed by [WP_4HYDROXYTAMOXIFEN_DEXAMETHASONE_AND_RETINOIC_ACIDS_REGULATION_OF_P27_EXPRESSION,WP_4HYDROXYTAMOXIFEN_DEXAMETHASONE_AND_RETINOIC_ACIDS_REGULATION_OF_P27_EXPRESSION]
[WP_ARYL_HYDROCARBON_RECEPTOR_PATHWAY,WP_ARYL_HYDROCARBON_RECEPTOR_PATHWAY] was killed by [WP_DEVELOPMENT_AND_HETEROGENEITY_OF_THE_ILC_FAMILY,WP_DEVELOPMENT_AND_HETEROGENEITY_OF_THE_ILC_FAMILY]
[WP_HEPATITIS_C_AND_HEPATOCELLULAR_CARCINOMA,WP_HEPATITIS_C_AND_HEPATOCELLULAR_CARCINOMA] was killed by [WP_DEVELOPMENT_AND_HETEROGENEITY_OF_THE_ILC_FAMILY,WP_DEVELOPMENT_AND_HETEROGENEITY_OF_THE_ILC_FAMILY]
[WP_ALZHEIMERS_DISEASE,WP_ALZHEIMERS_DISEASE] was killed by [WP_APOPTOSIS_MODULATION_BY_HSP70,WP_APOPTOSIS_MODULATION_BY_HSP70]
[WP_TGFBETA_SIGNALING_PATHWAY,WP_TGFBETA_SIGNALING_PATHWAY] was killed by [WP_4HYDROXYTAMOXIFEN_DEXAMETHASONE_AND_RETINOIC_ACIDS_REGULATION_OF_P27_EXPRESSION,WP_4HYDROXYTAMOXIFEN_DEXAMETHASONE_AND_RETINOIC_ACIDS_REGULATION_OF_P27_EXPRESSION]
[WP_CAMKK2_PATHWAY,WP_CAMKK2_PATHWAY] was killed by [WP_4HYDROXYTAMOXIFEN_DEXAMETHASONE_AND_RETINOIC_ACIDS_REGULATION_OF_P27_EXPRESSION,WP_4HYDROXYTAMOXIFEN_DEXAMETHASONE_AND_RETINOIC_ACIDS_REGULATION_OF_P27_EXPRESSION]
[WP_EPO_RECEPTOR_SIGNALING,WP_EPO_RECEPTOR_SIGNALING] was killed by [WP_4HYDROXYTAMOXIFEN_DEXAMETHASONE_AND_RETINOIC_ACIDS_REGULATION_OF_P27_EXPRESSION,WP_4HYDROXYTAMOXIFEN_DEXAMETHASONE_AND_RETINOIC_ACIDS_REGULATION_OF_P27_EXPRESSION]
[WP_INTERLEUKIN11_SIGNALING_PATHWAY,WP_INTERLEUKIN11_SIGNALING_PATHWAY] was killed by [WP_4HYDROXYTAMOXIFEN_DEXAMETHASONE_AND_RETINOIC_ACIDS_REGULATION_OF_P27_EXPRESSION,WP_4HYDROXYTAMOXIFEN_DEXAMETHASONE_AND_RETINOIC_ACIDS_REGULATION_OF_P27_EXPRESSION]
[WP_MAPK_PATHWAY_IN_CONGENITAL_THYROID_CANCER,WP_MAPK_PATHWAY_IN_CONGENITAL_THYROID_CANCER] was killed by [WP_4HYDROXYTAMOXIFEN_DEXAMETHASONE_AND_RETINOIC_ACIDS_REGULATION_OF_P27_EXPRESSION,WP_4HYDROXYTAMOXIFEN_DEXAMETHASONE_AND_RETINOIC_ACIDS_REGULATION_OF_P27_EXPRESSION]
[WP_OLIGODENDROCYTE_SPECIFICATION_AND_DIFFERENTIATION_LEADING_TO_MYELIN_COMPONENTS_FOR_CNS,WP_OLIGODENDROCYTE_SPECIFICATION_AND_DIFFERENTIATION_LEADING_TO_MYELIN_COMPONENTS_FOR_CNS] was killed by [WP_DEVELOPMENT_AND_HETEROGENEITY_OF_THE_ILC_FAMILY,WP_DEVELOPMENT_AND_HETEROGENEITY_OF_THE_ILC_FAMILY]
[WP_IL6_SIGNALING_PATHWAY,WP_IL6_SIGNALING_PATHWAY] was killed by [WP_4HYDROXYTAMOXIFEN_DEXAMETHASONE_AND_RETINOIC_ACIDS_REGULATION_OF_P27_EXPRESSION,WP_4HYDROXYTAMOXIFEN_DEXAMETHASONE_AND_RETINOIC_ACIDS_REGULATION_OF_P27_EXPRESSION]
[WP_ONCOSTATIN_M_SIGNALING_PATHWAY,WP_ONCOSTATIN_M_SIGNALING_PATHWAY] was killed by [WP_4HYDROXYTAMOXIFEN_DEXAMETHASONE_AND_RETINOIC_ACIDS_REGULATION_OF_P27_EXPRESSION,WP_4HYDROXYTAMOXIFEN_DEXAMETHASONE_AND_RETINOIC_ACIDS_REGULATION_OF_P27_EXPRESSION]
[WP_RESISTIN_AS_A_REGULATOR_OF_INFLAMMATION,WP_RESISTIN_AS_A_REGULATOR_OF_INFLAMMATION] was killed by [WP_DEVELOPMENT_AND_HETEROGENEITY_OF_THE_ILC_FAMILY,WP_DEVELOPMENT_AND_HETEROGENEITY_OF_THE_ILC_FAMILY]
[WP_MELANOMA,WP_MELANOMA] was killed by [WP_4HYDROXYTAMOXIFEN_DEXAMETHASONE_AND_RETINOIC_ACIDS_REGULATION_OF_P27_EXPRESSION,WP_4HYDROXYTAMOXIFEN_DEXAMETHASONE_AND_RETINOIC_ACIDS_REGULATION_OF_P27_EXPRESSION]
[WP_FOLATE_METABOLISM,WP_FOLATE_METABOLISM] was killed by [WP_DEVELOPMENT_AND_HETEROGENEITY_OF_THE_ILC_FAMILY,WP_DEVELOPMENT_AND_HETEROGENEITY_OF_THE_ILC_FAMILY]
[WP_HUMAN_THYROID_STIMULATING_HORMONE_TSH_SIGNALING_PATHWAY,WP_HUMAN_THYROID_STIMULATING_HORMONE_TSH_SIGNALING_PATHWAY] was killed by [WP_4HYDROXYTAMOXIFEN_DEXAMETHASONE_AND_RETINOIC_ACIDS_REGULATION_OF_P27_EXPRESSION,WP_4HYDROXYTAMOXIFEN_DEXAMETHASONE_AND_RETINOIC_ACIDS_REGULATION_OF_P27_EXPRESSION]
