[HP_HYPOPLASIA_OF_DENTAL_ENAMEL,HP_HYPOPLASIA_OF_DENTAL_ENAMEL] was killed by [HP_ABNORMAL_EPIPHYSEAL_OSSIFICATION,HP_ABNORMAL_EPIPHYSEAL_OSSIFICATION]
[HP_METAPHYSEAL_DYSPLASIA,HP_METAPHYSEAL_DYSPLASIA] was killed by [HP_ABNORMAL_EPIPHYSEAL_OSSIFICATION,HP_ABNORMAL_EPIPHYSEAL_OSSIFICATION]
[HP_APLASIA_HYPOPLASIA_OF_THE_2ND_FINGER,HP_APLASIA_HYPOPLASIA_OF_THE_2ND_FINGER] was killed by [HP_ABNORMAL_EPIPHYSEAL_OSSIFICATION,HP_ABNORMAL_EPIPHYSEAL_OSSIFICATION]
[HP_IRREGULAR_MENSTRUATION,HP_IRREGULAR_MENSTRUATION] was killed by [HP_HYPERCHOLESTEROLEMIA,HP_HYPERCHOLESTEROLEMIA]
[HP_METAPHYSEAL_CUPPING,HP_METAPHYSEAL_CUPPING] was killed by [HP_ABNORMAL_EPIPHYSEAL_OSSIFICATION,HP_ABNORMAL_EPIPHYSEAL_OSSIFICATION]
[HP_SHUFFLING_GAIT,HP_SHUFFLING_GAIT] was killed by [HP_RESTING_TREMOR,HP_RESTING_TREMOR]
[HP_DENTAL_CROWDING,HP_DENTAL_CROWDING] was killed by [HP_CHORIORETINAL_COLOBOMA,HP_CHORIORETINAL_COLOBOMA]
[HP_WEAK_VOICE,HP_WEAK_VOICE] was killed by [HP_RESTING_TREMOR,HP_RESTING_TREMOR]
[HP_APLASTIC_HYPOPLASTIC_TOENAIL,HP_APLASTIC_HYPOPLASTIC_TOENAIL] was killed by [HP_ANTERIOR_OPEN_BITE_MALOCCLUSION,HP_ANTERIOR_OPEN_BITE_MALOCCLUSION]
[HP_ALACRIMA,HP_ALACRIMA] was killed by [HP_ATHETOSIS,HP_ATHETOSIS]
[HP_ABNORMAL_CHOROID_MORPHOLOGY,HP_ABNORMAL_CHOROID_MORPHOLOGY] was killed by [HP_ABNORMAL_EPIPHYSEAL_OSSIFICATION,HP_ABNORMAL_EPIPHYSEAL_OSSIFICATION]
[HP_FOCAL_SEGMENTAL_GLOMERULOSCLEROSIS,HP_FOCAL_SEGMENTAL_GLOMERULOSCLEROSIS] was killed by [HP_DEFORMED_SELLA_TURCICA,HP_DEFORMED_SELLA_TURCICA]
[HP_EPIPHYSEAL_STIPPLING,HP_EPIPHYSEAL_STIPPLING] was killed by [HP_ABNORMAL_EPIPHYSEAL_OSSIFICATION,HP_ABNORMAL_EPIPHYSEAL_OSSIFICATION]
[HP_ABNORMAL_2ND_FINGER_MORPHOLOGY,HP_ABNORMAL_2ND_FINGER_MORPHOLOGY] was killed by [HP_ABNORMAL_EPIPHYSEAL_OSSIFICATION,HP_ABNORMAL_EPIPHYSEAL_OSSIFICATION]
[HP_LEWY_BODIES,HP_LEWY_BODIES] was killed by [HP_RESTING_TREMOR,HP_RESTING_TREMOR]
[HP_OVOID_VERTEBRAL_BODIES,HP_OVOID_VERTEBRAL_BODIES] was killed by [HP_ABNORMAL_EPIPHYSEAL_OSSIFICATION,HP_ABNORMAL_EPIPHYSEAL_OSSIFICATION]
[HP_ABSENT_FOREARM_BONE,HP_ABSENT_FOREARM_BONE] was killed by [HP_CHORIORETINAL_COLOBOMA,HP_CHORIORETINAL_COLOBOMA]
[HP_ABNORMAL_CHORIORETINAL_MORPHOLOGY,HP_ABNORMAL_CHORIORETINAL_MORPHOLOGY] was killed by [HP_ABNORMAL_EPIPHYSEAL_OSSIFICATION,HP_ABNORMAL_EPIPHYSEAL_OSSIFICATION]
[HP_FLAT_ACETABULAR_ROOF,HP_FLAT_ACETABULAR_ROOF] was killed by [HP_ABNORMAL_EPIPHYSEAL_OSSIFICATION,HP_ABNORMAL_EPIPHYSEAL_OSSIFICATION]
[HP_EXAGGERATED_CUPID_S_BOW,HP_EXAGGERATED_CUPID_S_BOW] was killed by [HP_ABNORMAL_EPIPHYSEAL_OSSIFICATION,HP_ABNORMAL_EPIPHYSEAL_OSSIFICATION]
[HP_HYPOPLASIA_OF_TEETH,HP_HYPOPLASIA_OF_TEETH] was killed by [HP_ABNORMAL_EPIPHYSEAL_OSSIFICATION,HP_ABNORMAL_EPIPHYSEAL_OSSIFICATION]
[HP_BILATERAL_TONIC_CLONIC_SEIZURE_WITH_FOCAL_ONSET,HP_BILATERAL_TONIC_CLONIC_SEIZURE_WITH_FOCAL_ONSET] was killed by [HP_ATHETOSIS,HP_ATHETOSIS]
[HP_BROAD_HALLUX_PHALANX,HP_BROAD_HALLUX_PHALANX] was killed by [HP_CHORIORETINAL_COLOBOMA,HP_CHORIORETINAL_COLOBOMA]
[HP_ABNORMAL_SPEECH_PROSODY,HP_ABNORMAL_SPEECH_PROSODY] was killed by [HP_RESTING_TREMOR,HP_RESTING_TREMOR]
[HP_DYSPAREUNIA,HP_DYSPAREUNIA] was killed by [HP_ACANTHOLYSIS,HP_ACANTHOLYSIS]
[HP_MIOSIS,HP_MIOSIS] was killed by [HP_CHORIORETINAL_COLOBOMA,HP_CHORIORETINAL_COLOBOMA]
[HP_ABNORMAL_CONSUMPTION_BEHAVIOR,HP_ABNORMAL_CONSUMPTION_BEHAVIOR] was killed by [HP_ABNORMAL_BLOOD_CHLORIDE_CONCENTRATION,HP_ABNORMAL_BLOOD_CHLORIDE_CONCENTRATION]
[HP_HYPOPLASTIC_FRONTAL_SINUSES,HP_HYPOPLASTIC_FRONTAL_SINUSES] was killed by [HP_DEFORMED_SELLA_TURCICA,HP_DEFORMED_SELLA_TURCICA]
[HP_VITREORETINOPATHY,HP_VITREORETINOPATHY] was killed by [HP_ABNORMAL_EPIPHYSEAL_OSSIFICATION,HP_ABNORMAL_EPIPHYSEAL_OSSIFICATION]
[HP_ABNORMALITY_OF_THE_DENTATE_NUCLEUS,HP_ABNORMALITY_OF_THE_DENTATE_NUCLEUS] was killed by [HP_ATHETOSIS,HP_ATHETOSIS]
[HP_FACIAL_HYPERTRICHOSIS,HP_FACIAL_HYPERTRICHOSIS] was killed by [HP_ANTERIOR_OPEN_BITE_MALOCCLUSION,HP_ANTERIOR_OPEN_BITE_MALOCCLUSION]
[HP_FOCAL_DYSTONIA,HP_FOCAL_DYSTONIA] was killed by [HP_ATHETOSIS,HP_ATHETOSIS]
[HP_ABNORMAL_5TH_FINGER_PHALANX_MORPHOLOGY,HP_ABNORMAL_5TH_FINGER_PHALANX_MORPHOLOGY] was killed by [HP_ABNORMAL_EPIPHYSEAL_OSSIFICATION,HP_ABNORMAL_EPIPHYSEAL_OSSIFICATION]
[HP_CUPPED_RIBS,HP_CUPPED_RIBS] was killed by [HP_ABNORMAL_EPIPHYSEAL_OSSIFICATION,HP_ABNORMAL_EPIPHYSEAL_OSSIFICATION]
[HP_WRITER_S_CRAMP,HP_WRITER_S_CRAMP] was killed by [HP_ATHETOSIS,HP_ATHETOSIS]
[HP_DECREASED_LACRIMATION,HP_DECREASED_LACRIMATION] was killed by [HP_ATHETOSIS,HP_ATHETOSIS]
[HP_REDUCED_SUBCUTANEOUS_ADIPOSE_TISSUE,HP_REDUCED_SUBCUTANEOUS_ADIPOSE_TISSUE] was killed by [HP_HYPERCHOLESTEROLEMIA,HP_HYPERCHOLESTEROLEMIA]
[HP_ABNORMAL_GREATER_SCIATIC_NOTCH_MORPHOLOGY,HP_ABNORMAL_GREATER_SCIATIC_NOTCH_MORPHOLOGY] was killed by [HP_ABNORMAL_EPIPHYSEAL_OSSIFICATION,HP_ABNORMAL_EPIPHYSEAL_OSSIFICATION]
[HP_ABNORMALITY_OF_THE_MIDDLE_PHALANX_OF_THE_5TH_FINGER,HP_ABNORMALITY_OF_THE_MIDDLE_PHALANX_OF_THE_5TH_FINGER] was killed by [HP_ABNORMAL_EPIPHYSEAL_OSSIFICATION,HP_ABNORMAL_EPIPHYSEAL_OSSIFICATION]
[HP_WOOLLY_HAIR,HP_WOOLLY_HAIR] was killed by [HP_ACANTHOLYSIS,HP_ACANTHOLYSIS]
[HP_ABNORMAL_BLOOD_PHOSPHATE_CONCENTRATION,HP_ABNORMAL_BLOOD_PHOSPHATE_CONCENTRATION] was killed by [HP_ABNORMAL_EPIPHYSEAL_OSSIFICATION,HP_ABNORMAL_EPIPHYSEAL_OSSIFICATION]
[HP_APLASIA_HYPOPLASIA_OF_THE_LUNGS,HP_APLASIA_HYPOPLASIA_OF_THE_LUNGS] was killed by [HP_ABNORMAL_EPIPHYSEAL_OSSIFICATION,HP_ABNORMAL_EPIPHYSEAL_OSSIFICATION]
[HP_LEFT_VENTRICULAR_HYPERTROPHY,HP_LEFT_VENTRICULAR_HYPERTROPHY] was killed by [HP_RESTING_TREMOR,HP_RESTING_TREMOR]
[HP_ABNORMALITY_OF_THE_ACETABULUM,HP_ABNORMALITY_OF_THE_ACETABULUM] was killed by [HP_ABNORMAL_EPIPHYSEAL_OSSIFICATION,HP_ABNORMAL_EPIPHYSEAL_OSSIFICATION]
[HP_ABNORMAL_URINARY_ELECTROLYTE_CONCENTRATION,HP_ABNORMAL_URINARY_ELECTROLYTE_CONCENTRATION] was killed by [HP_ABNORMAL_BLOOD_CHLORIDE_CONCENTRATION,HP_ABNORMAL_BLOOD_CHLORIDE_CONCENTRATION]
[HP_ABNORMAL_CIRCULATING_LONG_CHAIN_FATTY_ACID_CONCENTRATION,HP_ABNORMAL_CIRCULATING_LONG_CHAIN_FATTY_ACID_CONCENTRATION] was killed by [HP_ABNORMAL_EPIPHYSEAL_OSSIFICATION,HP_ABNORMAL_EPIPHYSEAL_OSSIFICATION]
[HP_DEPLETION_OF_MITOCHONDRIAL_DNA_IN_MUSCLE_TISSUE,HP_DEPLETION_OF_MITOCHONDRIAL_DNA_IN_MUSCLE_TISSUE] was killed by [HP_RESTING_TREMOR,HP_RESTING_TREMOR]
[HP_FIRST_DEGREE_ATRIOVENTRICULAR_BLOCK,HP_FIRST_DEGREE_ATRIOVENTRICULAR_BLOCK] was killed by [HP_ABNORMAL_LEFT_ATRIUM_MORPHOLOGY,HP_ABNORMAL_LEFT_ATRIUM_MORPHOLOGY]
[HP_ABNORMALITY_OF_THE_PHALANGES_OF_THE_2ND_FINGER,HP_ABNORMALITY_OF_THE_PHALANGES_OF_THE_2ND_FINGER] was killed by [HP_ABNORMAL_EPIPHYSEAL_OSSIFICATION,HP_ABNORMAL_EPIPHYSEAL_OSSIFICATION]
[HP_PANCREATIC_FIBROSIS,HP_PANCREATIC_FIBROSIS] was killed by [HP_CHORIORETINAL_COLOBOMA,HP_CHORIORETINAL_COLOBOMA]
[HP_ADIPOSE_TISSUE_LOSS,HP_ADIPOSE_TISSUE_LOSS] was killed by [HP_HYPERCHOLESTEROLEMIA,HP_HYPERCHOLESTEROLEMIA]
