[MORF_TPT1,MORF_TPT1] was killed by [MORF_ACTG1,MORF_ACTG1]
[GCM_TPT1,GCM_TPT1] was killed by [MORF_ACTG1,MORF_ACTG1]
[MORF_NPM1,MORF_NPM1] was killed by [MORF_ACTG1,MORF_ACTG1]
[GNF2_EIF3S6,GNF2_EIF3S6] was killed by [MORF_ACTG1,MORF_ACTG1]
[GCM_NPM1,GCM_NPM1] was killed by [MORF_ACTG1,MORF_ACTG1]
[GNF2_MSH2,GNF2_MSH2] was killed by [GNF2_PCNA,GNF2_PCNA]
[GNF2_CENPE,GNF2_CENPE] was killed by [GNF2_PCNA,GNF2_PCNA]
[MORF_JUND,MORF_JUND] was killed by [MORF_ACTG1,MORF_ACTG1]
[GNF2_RRM1,GNF2_RRM1] was killed by [GNF2_PCNA,GNF2_PCNA]
[MORF_SNRP70,MORF_SNRP70] was killed by [MORF_ACTG1,MORF_ACTG1]
[MODULE_197,MODULE_197] was killed by [GNF2_PCNA,GNF2_PCNA]
[GNF2_FEN1,GNF2_FEN1] was killed by [GNF2_PCNA,GNF2_PCNA]
[GNF2_H2AFX,GNF2_H2AFX] was killed by [GNF2_PCNA,GNF2_PCNA]
[MORF_NME2,MORF_NME2] was killed by [MORF_ACTG1,MORF_ACTG1]
[MORF_EIF4A2,MORF_EIF4A2] was killed by [MORF_ACTG1,MORF_ACTG1]
[GCM_CSNK2B,GCM_CSNK2B] was killed by [MORF_ACTG1,MORF_ACTG1]
[GNF2_CCNA2,GNF2_CCNA2] was killed by [GNF2_PCNA,GNF2_PCNA]
[GNF2_RFC3,GNF2_RFC3] was killed by [GNF2_PCNA,GNF2_PCNA]
[GNF2_HAT1,GNF2_HAT1] was killed by [GNF2_PCNA,GNF2_PCNA]
[GNF2_MCM5,GNF2_MCM5] was killed by [GNF2_PCNA,GNF2_PCNA]
[GNF2_CCNB2,GNF2_CCNB2] was killed by [GNF2_PCNA,GNF2_PCNA]
[GNF2_CDC2,GNF2_CDC2] was killed by [GNF2_PCNA,GNF2_PCNA]
[GNF2_CKS2,GNF2_CKS2] was killed by [GNF2_PCNA,GNF2_PCNA]
[GCM_CRKL,GCM_CRKL] was killed by [MODULE_278,MODULE_278]
[MODULE_239,MODULE_239] was killed by [MORF_ACTG1,MORF_ACTG1]
[MORF_CCNI,MORF_CCNI] was killed by [MORF_ACTG1,MORF_ACTG1]
[MODULE_372,MODULE_372] was killed by [GNF2_PCNA,GNF2_PCNA]
[GNF2_RAN,GNF2_RAN] was killed by [MODULE_278,MODULE_278]
[MODULE_403,MODULE_403] was killed by [GNF2_PCNA,GNF2_PCNA]
[GNF2_CDC20,GNF2_CDC20] was killed by [GNF2_PCNA,GNF2_PCNA]
[MODULE_158,MODULE_158] was killed by [GNF2_PCNA,GNF2_PCNA]
[GCM_CBFB,GCM_CBFB] was killed by [MORF_ACTG1,MORF_ACTG1]
[GNF2_ST13,GNF2_ST13] was killed by [MORF_ACTG1,MORF_ACTG1]
[GNF2_SMC4L1,GNF2_SMC4L1] was killed by [GNF2_PCNA,GNF2_PCNA]
[GNF2_MKI67,GNF2_MKI67] was killed by [GNF2_PCNA,GNF2_PCNA]
[GNF2_TPT1,GNF2_TPT1] was killed by [MORF_ACTG1,MORF_ACTG1]
[MODULE_233,MODULE_233] was killed by [MODULE_278,MODULE_278]
[GNF2_MBD4,GNF2_MBD4] was killed by [MORF_ACTG1,MORF_ACTG1]
[MODULE_125,MODULE_125] was killed by [GNF2_PCNA,GNF2_PCNA]
[GCM_ANP32B,GCM_ANP32B] was killed by [MORF_ACTG1,MORF_ACTG1]
[GCM_DFFA,GCM_DFFA] was killed by [MORF_ACTG1,MORF_ACTG1]
[GCM_RAN,GCM_RAN] was killed by [MORF_ACTG1,MORF_ACTG1]
[MODULE_244,MODULE_244] was killed by [MORF_ACTG1,MORF_ACTG1]
[GNF2_HDAC1,GNF2_HDAC1] was killed by [MORF_ACTG1,MORF_ACTG1]
[GNF2_HMMR,GNF2_HMMR] was killed by [GNF2_PCNA,GNF2_PCNA]
[GCM_DENR,GCM_DENR] was killed by [GCM_CSNK1A1,GCM_CSNK1A1]
