[WP_CYTOPLASMIC_RIBOSOMAL_PROTEINS,WP_CYTOPLASMIC_RIBOSOMAL_PROTEINS] was killed by [REACTOME_EUKARYOTIC_TRANSLATION_INITIATION,REACTOME_EUKARYOTIC_TRANSLATION_INITIATION]
[REACTOME_SELENOAMINO_ACID_METABOLISM,REACTOME_SELENOAMINO_ACID_METABOLISM] was killed by [REACTOME_EUKARYOTIC_TRANSLATION_INITIATION,REACTOME_EUKARYOTIC_TRANSLATION_INITIATION]
[GRUETZMANN_PANCREATIC_CANCER_DN,GRUETZMANN_PANCREATIC_CANCER_DN] was killed by [REACTOME_EUKARYOTIC_TRANSLATION_INITIATION,REACTOME_EUKARYOTIC_TRANSLATION_INITIATION]
[REACTOME_SRP_DEPENDENT_COTRANSLATIONAL_PROTEIN_TARGETING_TO_MEMBRANE,REACTOME_SRP_DEPENDENT_COTRANSLATIONAL_PROTEIN_TARGETING_TO_MEMBRANE] was killed by [REACTOME_EUKARYOTIC_TRANSLATION_INITIATION,REACTOME_EUKARYOTIC_TRANSLATION_INITIATION]
[REACTOME_RESPONSE_OF_EIF2AK4_GCN2_TO_AMINO_ACID_DEFICIENCY,REACTOME_RESPONSE_OF_EIF2AK4_GCN2_TO_AMINO_ACID_DEFICIENCY] was killed by [REACTOME_EUKARYOTIC_TRANSLATION_INITIATION,REACTOME_EUKARYOTIC_TRANSLATION_INITIATION]
[REACTOME_EUKARYOTIC_TRANSLATION_ELONGATION,REACTOME_EUKARYOTIC_TRANSLATION_ELONGATION] was killed by [REACTOME_EUKARYOTIC_TRANSLATION_INITIATION,REACTOME_EUKARYOTIC_TRANSLATION_INITIATION]
[KEGG_RIBOSOME,KEGG_RIBOSOME] was killed by [REACTOME_EUKARYOTIC_TRANSLATION_INITIATION,REACTOME_EUKARYOTIC_TRANSLATION_INITIATION]
[PECE_MAMMARY_STEM_CELL_UP,PECE_MAMMARY_STEM_CELL_UP] was killed by [REACTOME_EUKARYOTIC_TRANSLATION_INITIATION,REACTOME_EUKARYOTIC_TRANSLATION_INITIATION]
[WP_PATHOGENIC_ESCHERICHIA_COLI_INFECTION,WP_PATHOGENIC_ESCHERICHIA_COLI_INFECTION] was killed by [KEGG_PATHOGENIC_ESCHERICHIA_COLI_INFECTION,KEGG_PATHOGENIC_ESCHERICHIA_COLI_INFECTION]
[REACTOME_CELLULAR_RESPONSE_TO_STARVATION,REACTOME_CELLULAR_RESPONSE_TO_STARVATION] was killed by [REACTOME_EUKARYOTIC_TRANSLATION_INITIATION,REACTOME_EUKARYOTIC_TRANSLATION_INITIATION]
[WP_PDGF_PATHWAY,WP_PDGF_PATHWAY] was killed by [KEGG_PATHOGENIC_ESCHERICHIA_COLI_INFECTION,KEGG_PATHOGENIC_ESCHERICHIA_COLI_INFECTION]
[PID_FCER1_PATHWAY,PID_FCER1_PATHWAY] was killed by [PID_CASPASE_PATHWAY,PID_CASPASE_PATHWAY]
[DIAZ_CHRONIC_MEYLOGENOUS_LEUKEMIA_DN,DIAZ_CHRONIC_MEYLOGENOUS_LEUKEMIA_DN] was killed by [REACTOME_EUKARYOTIC_TRANSLATION_INITIATION,REACTOME_EUKARYOTIC_TRANSLATION_INITIATION]
[PID_TCR_PATHWAY,PID_TCR_PATHWAY] was killed by [KEGG_PATHOGENIC_ESCHERICHIA_COLI_INFECTION,KEGG_PATHOGENIC_ESCHERICHIA_COLI_INFECTION]
[WP_TCELL_ANTIGEN_RECEPTOR_TCR_SIGNALING_PATHWAY,WP_TCELL_ANTIGEN_RECEPTOR_TCR_SIGNALING_PATHWAY] was killed by [WP_CARDIAC_HYPERTROPHIC_RESPONSE,WP_CARDIAC_HYPERTROPHIC_RESPONSE]
[WP_ANGIOPOIETIN_LIKE_PROTEIN_8_REGULATORY_PATHWAY,WP_ANGIOPOIETIN_LIKE_PROTEIN_8_REGULATORY_PATHWAY] was killed by [WP_CARDIAC_HYPERTROPHIC_RESPONSE,WP_CARDIAC_HYPERTROPHIC_RESPONSE]
[WP_BREAST_CANCER_PATHWAY,WP_BREAST_CANCER_PATHWAY] was killed by [WP_CARDIAC_HYPERTROPHIC_RESPONSE,WP_CARDIAC_HYPERTROPHIC_RESPONSE]
[JISON_SICKLE_CELL_DISEASE_DN,JISON_SICKLE_CELL_DISEASE_DN] was killed by [REACTOME_EUKARYOTIC_TRANSLATION_INITIATION,REACTOME_EUKARYOTIC_TRANSLATION_INITIATION]
[REACTOME_ACTIVATION_OF_THE_MRNA_UPON_BINDING_OF_THE_CAP_BINDING_COMPLEX_AND_EIFS_AND_SUBSEQUENT_BINDING_TO_43S,REACTOME_ACTIVATION_OF_THE_MRNA_UPON_BINDING_OF_THE_CAP_BINDING_COMPLEX_AND_EIFS_AND_SUBSEQUENT_BINDING_TO_43S] was killed by [REACTOME_EUKARYOTIC_TRANSLATION_INITIATION,REACTOME_EUKARYOTIC_TRANSLATION_INITIATION]
[PID_NFAT_3PATHWAY,PID_NFAT_3PATHWAY] was killed by [KEGG_PATHOGENIC_ESCHERICHIA_COLI_INFECTION,KEGG_PATHOGENIC_ESCHERICHIA_COLI_INFECTION]
[YAGI_AML_WITH_T_9_11_TRANSLOCATION,YAGI_AML_WITH_T_9_11_TRANSLOCATION] was killed by [VERHAAK_AML_WITH_NPM1_MUTATED_UP,VERHAAK_AML_WITH_NPM1_MUTATED_UP]
[BILANGES_RAPAMYCIN_SENSITIVE_VIA_TSC1_AND_TSC2,BILANGES_RAPAMYCIN_SENSITIVE_VIA_TSC1_AND_TSC2] was killed by [REACTOME_EUKARYOTIC_TRANSLATION_INITIATION,REACTOME_EUKARYOTIC_TRANSLATION_INITIATION]
[REACTOME_DEADENYLATION_OF_MRNA,REACTOME_DEADENYLATION_OF_MRNA] was killed by [REACTOME_EUKARYOTIC_TRANSLATION_INITIATION,REACTOME_EUKARYOTIC_TRANSLATION_INITIATION]
[WP_WNT_SIGNALING,WP_WNT_SIGNALING] was killed by [KEGG_PATHOGENIC_ESCHERICHIA_COLI_INFECTION,KEGG_PATHOGENIC_ESCHERICHIA_COLI_INFECTION]
[PID_PS1_PATHWAY,PID_PS1_PATHWAY] was killed by [WP_CARDIAC_HYPERTROPHIC_RESPONSE,WP_CARDIAC_HYPERTROPHIC_RESPONSE]
[PID_CD8_TCR_PATHWAY,PID_CD8_TCR_PATHWAY] was killed by [WP_CARDIAC_HYPERTROPHIC_RESPONSE,WP_CARDIAC_HYPERTROPHIC_RESPONSE]
[DER_IFN_BETA_RESPONSE_UP,DER_IFN_BETA_RESPONSE_UP] was killed by [PID_CASPASE_PATHWAY,PID_CASPASE_PATHWAY]
[WP_SUDDEN_INFANT_DEATH_SYNDROME_SIDS_SUSCEPTIBILITY_PATHWAYS,WP_SUDDEN_INFANT_DEATH_SYNDROME_SIDS_SUSCEPTIBILITY_PATHWAYS] was killed by [KEGG_PATHOGENIC_ESCHERICHIA_COLI_INFECTION,KEGG_PATHOGENIC_ESCHERICHIA_COLI_INFECTION]
[DANG_MYC_TARGETS_UP,DANG_MYC_TARGETS_UP] was killed by [REACTOME_EUKARYOTIC_TRANSLATION_INITIATION,REACTOME_EUKARYOTIC_TRANSLATION_INITIATION]
[KARLSSON_TGFB1_TARGETS_UP,KARLSSON_TGFB1_TARGETS_UP] was killed by [REACTOME_EUKARYOTIC_TRANSLATION_INITIATION,REACTOME_EUKARYOTIC_TRANSLATION_INITIATION]
[DAVICIONI_MOLECULAR_ARMS_VS_ERMS_DN,DAVICIONI_MOLECULAR_ARMS_VS_ERMS_DN] was killed by [SCHLOSSER_MYC_TARGETS_AND_SERUM_RESPONSE_UP,SCHLOSSER_MYC_TARGETS_AND_SERUM_RESPONSE_UP]
[SWEET_KRAS_ONCOGENIC_SIGNATURE,SWEET_KRAS_ONCOGENIC_SIGNATURE] was killed by [REACTOME_EUKARYOTIC_TRANSLATION_INITIATION,REACTOME_EUKARYOTIC_TRANSLATION_INITIATION]
[BIOCARTA_FCER1_PATHWAY,BIOCARTA_FCER1_PATHWAY] was killed by [WP_CARDIAC_HYPERTROPHIC_RESPONSE,WP_CARDIAC_HYPERTROPHIC_RESPONSE]
[REACTOME_NONSENSE_MEDIATED_DECAY_NMD,REACTOME_NONSENSE_MEDIATED_DECAY_NMD] was killed by [REACTOME_EUKARYOTIC_TRANSLATION_INITIATION,REACTOME_EUKARYOTIC_TRANSLATION_INITIATION]
[BOUDOUKHA_BOUND_BY_IGF2BP2,BOUDOUKHA_BOUND_BY_IGF2BP2] was killed by [REACTOME_EUKARYOTIC_TRANSLATION_INITIATION,REACTOME_EUKARYOTIC_TRANSLATION_INITIATION]
[BIOCARTA_ECM_PATHWAY,BIOCARTA_ECM_PATHWAY] was killed by [KEGG_PATHOGENIC_ESCHERICHIA_COLI_INFECTION,KEGG_PATHOGENIC_ESCHERICHIA_COLI_INFECTION]
[PID_BETA_CATENIN_NUC_PATHWAY,PID_BETA_CATENIN_NUC_PATHWAY] was killed by [KEGG_PATHOGENIC_ESCHERICHIA_COLI_INFECTION,KEGG_PATHOGENIC_ESCHERICHIA_COLI_INFECTION]
[REACTOME_APOPTOTIC_EXECUTION_PHASE,REACTOME_APOPTOTIC_EXECUTION_PHASE] was killed by [KEGG_PATHOGENIC_ESCHERICHIA_COLI_INFECTION,KEGG_PATHOGENIC_ESCHERICHIA_COLI_INFECTION]
[REACTOME_REGULATION_OF_EXPRESSION_OF_SLITS_AND_ROBOS,REACTOME_REGULATION_OF_EXPRESSION_OF_SLITS_AND_ROBOS] was killed by [REACTOME_EUKARYOTIC_TRANSLATION_INITIATION,REACTOME_EUKARYOTIC_TRANSLATION_INITIATION]
[WP_TYPE_I_INTERFERON_INDUCTION_AND_SIGNALING_DURING_SARSCOV2_INFECTION,WP_TYPE_I_INTERFERON_INDUCTION_AND_SIGNALING_DURING_SARSCOV2_INFECTION] was killed by [WP_CARDIAC_HYPERTROPHIC_RESPONSE,WP_CARDIAC_HYPERTROPHIC_RESPONSE]
[WP_HOSTPATHOGEN_INTERACTION_OF_HUMAN_CORONA_VIRUSES_INTERFERON_INDUCTION,WP_HOSTPATHOGEN_INTERACTION_OF_HUMAN_CORONA_VIRUSES_INTERFERON_INDUCTION] was killed by [WP_CARDIAC_HYPERTROPHIC_RESPONSE,WP_CARDIAC_HYPERTROPHIC_RESPONSE]
[PID_BMP_PATHWAY,PID_BMP_PATHWAY] was killed by [WP_CARDIAC_HYPERTROPHIC_RESPONSE,WP_CARDIAC_HYPERTROPHIC_RESPONSE]
[WP_HEDGEHOG_SIGNALING_PATHWAY,WP_HEDGEHOG_SIGNALING_PATHWAY] was killed by [REACTOME_PLASMA_LIPOPROTEIN_ASSEMBLY_REMODELING_AND_CLEARANCE,REACTOME_PLASMA_LIPOPROTEIN_ASSEMBLY_REMODELING_AND_CLEARANCE]
[LIANG_HEMATOPOIESIS_STEM_CELL_NUMBER_SMALL_VS_HUGE_UP,LIANG_HEMATOPOIESIS_STEM_CELL_NUMBER_SMALL_VS_HUGE_UP] was killed by [REACTOME_EUKARYOTIC_TRANSLATION_INITIATION,REACTOME_EUKARYOTIC_TRANSLATION_INITIATION]
