Starting QoRTs v1.3.6 (Compiled Tue Sep 25 11:21:46 EDT 2018)
Starting time: (Wed Jan 26 21:11:07 PST 2022)
INPUT_COMMAND(QC)
  INPUT_ARG(infile)=bam/thp1_u_1.sort.bam
  INPUT_ARG(gtffile)=/data_gilbert/home/aarab/genomes/hg38/gencode.v34/gencode.v34.annotation.gtf
  INPUT_ARG(outdir)=iso/rawCts/thp1_u_1/
  INPUT_ARG(fr_secondStrand)=true
  INPUT_ARG(singleEnded)=true
  INPUT_ARG(nameSorted)=true
Created Log File: iso/rawCts/thp1_u_1//QC.Jr49XOOw1fI1.log
Warning: run-in-progress file "iso/rawCts/thp1_u_1//QC.QORTS_RUNNING" already exists. Is there another QoRTs job running?
Starting QC
[Time: 2022-01-26 21:11:07] [Mem usage: [35MB / 2147MB]] [Elapsed Time: 00:00:00.0000]
Deleting old "QORTS_COMPLETED_OK" file.
QoRTs is Running in single-end mode.
Note: read-sorting is irrelevant in single-ended mode.
No parameter --genomeFA found.
Running functions: CigarOpDistribution, GCDistribution, GeneCalcs, JunctionCalcs, NVC, 
        QualityScoreDistribution, StrandCheck, chromCounts, 
        cigarLocusCounts, readLengthDistro, writeBiotypeCounts, 
        writeClippedNVC, writeDESeq, writeDEXSeq, writeGeneBody, 
        writeGeneCounts, writeGenewiseGeneBody, 
        writeJunctionSeqCounts, writeKnownSplices, 
        writeNovelSplices, writeSpliceExon
Checking first 10000 reads. Checking SAM file for formatting errors...
   Stats on the first 10000 reads:
        Num Reads Primary Map:    4486
        Num Reads Paired-ended:   0
        Num Reads mapped pair:    0
        Num Pair names found:     0
        Num Pairs matched:        0
        Read Seq length:          51 to 51
        Unclipped Read length:    51 to 51
        Final maxReadLength:      51
        maxPhredScore:            41
        minPhredScore:            2
Done checking first 10000 reads. WARNINGS FOUND!
SAMRecord Reader Generated. Read length: 51.
[Time: 2022-01-26 21:11:09] [Mem usage: [376MB / 2818MB]] [Elapsed Time: 00:00:01.0854]
> Init GeneCalcs Utility
> Init NVC utility
> Init CigarOpDistribution Utility
> Init QualityScoreDistribution Utility
> Init GC counts Utility
> Init JunctionCalcs utility
Compiling flat feature annotation, internally in memory...
FlatteningGtf: starting...(2022-01-26 21:12:40)
    FlatteningGtf: gtf file read complete.(2022-01-26 21:13:49)
    FlatteningGtf: Splice Junction Map read.(2022-01-26 21:13:51)
    FlatteningGtf: gene Sets generated.(2022-01-26 21:13:53)
    FlatteningGtf: Aggregate Sets built.
    FlatteningGtf: Compiling Aggregate Info . . . (2022-01-26 21:13:53)
    FlatteningGtf: Finished Compiling Aggregate Info. (2022-01-26 21:13:53)
    FlatteningGtf: Iterating through the step-vector...(2022-01-26 21:13:53)
    FlatteningGtf: Adding the aggregate genes themselves...(2022-01-26 21:13:55)
    FlatteningGtf: Iterating through the splice junctions...(2022-01-26 21:13:56)
    FlatteningGtf: Sorting the aggregate genes...(2022-01-26 21:13:58)
    FlatteningGtf: Folding the FlatGtfLine iterator...(2022-01-26 21:13:58)
    FlatteningGtf: Features Built.(2022-01-26 21:13:58)
Internal flat feature annotation compiled!
length of knownSpliceMap after instantiation: 383646
length of knownCountMap after instantiation: 383646
> Init StrandCheck Utility
> Init chromCount Utility
> Init qcCigarLocusCounts Utility
> Init MinorUtils Utility
QC Utilities Generated!
[Time: 2022-01-26 21:14:03] [Mem usage: [5GB / 8GB]] [Elapsed Time: 00:02:55.0654]
helper_calculateGeneAssignmentMap_strict. Found: 60669 genes in the supplied annotation.
helper_calculateGeneAssignmentMap_strict. Found: 18307 genes with ambiguous segments.
helper_calculateGeneAssignmentMap_strict. Found: 42362 genes after first-pass filtering
making makeGeneIntervalMap for geneBody calculations. Found: 42362 acceptable genes for gene-body analysis.
..........[1000000 Read-Pairs processed] [Time: 2022-01-26 21:15:15] 
..........[2000000 Read-Pairs processed] [Time: 2022-01-26 21:15:53] 
..........[3000000 Read-Pairs processed] [Time: 2022-01-26 21:16:30] 
..........[4000000 Read-Pairs processed] [Time: 2022-01-26 21:17:08] 
..........[5000000 Read-Pairs processed] [Time: 2022-01-26 21:17:46] 
..........[6000000 Read-Pairs processed] [Time: 2022-01-26 21:18:23] 
..........[7000000 Read-Pairs processed] [Time: 2022-01-26 21:19:00] 
..........[8000000 Read-Pairs processed] [Time: 2022-01-26 21:19:37] 
..........[9000000 Read-Pairs processed] [Time: 2022-01-26 21:20:15] 
..........[10000000 Read-Pairs processed] [Time: 2022-01-26 21:20:53] 
..........[11000000 Read-Pairs processed] [Time: 2022-01-26 21:21:31] 
..........[12000000 Read-Pairs processed] [Time: 2022-01-26 21:22:09] 
..........[13000000 Read-Pairs processed] [Time: 2022-01-26 21:22:47] 
..........[14000000 Read-Pairs processed] [Time: 2022-01-26 21:23:25] 
..........[15000000 Read-Pairs processed] [Time: 2022-01-26 21:24:03] 
..........[16000000 Read-Pairs processed] [Time: 2022-01-26 21:24:41] 
..........[17000000 Read-Pairs processed] [Time: 2022-01-26 21:25:19] 
..........[18000000 Read-Pairs processed] [Time: 2022-01-26 21:25:57] 
..........[19000000 Read-Pairs processed] [Time: 2022-01-26 21:26:35] 
..........[20000000 Read-Pairs processed] [Time: 2022-01-26 21:27:14] 
..........[21000000 Read-Pairs processed] [Time: 2022-01-26 21:27:52] 
..........[22000000 Read-Pairs processed] [Time: 2022-01-26 21:28:30] 
........
Finished reading SAM. Read: 22853774 reads/read-pairs.
Finished reading SAM. Used: 17870829 reads/read-pairs.
[Time: 2022-01-26 21:29:02] [Mem usage: [8GB / 11GB]] [Elapsed Time: 00:17:55.0026]
> Read Stats:
>   READ_PAIR_OK                   17870829
>   TOTAL_READ_PAIRS               22853774
>   DROPPED_NOT_PROPER_PAIR        -1
>   DROPPED_READ_FAILS_VENDOR_QC   0
>   DROPPED_MARKED_NOT_VALID       0
>   DROPPED_CHROMS_MISMATCH        -1
>   DROPPED_PAIR_STRANDS_MISMATCH  -1
>   DROPPED_IGNORED_CHROMOSOME     0
>   DROPPED_NOT_UNIQUE_ALIGNMENT   4982945
>   DROPPED_NO_ALN_BLOCKS   0
>   DROPPED_NOT_MARKED_RG   -1
Pre-alignment read count unknown (Set --seqReadCt or --rawfastq)
Writing Output...
DEBUG NOTE: IncludeGenesSet.size: 42362
DEBUG NOTE: sortedReadCountSeq.size: 17496
DEBUG NOTE: coverageThresholds: 8748;13122;15746;17496
DEBUG NOTE: coverageSpans: [(0,8748);(8748,13122);(13122,15746);(15746,17496)]
DEBUG NOTE:	[1.bottomHalf][0.5] = [0,8748]
DEBUG NOTE:	[2.upperMidQuartile][0.75] = [8748,13122]
DEBUG NOTE:	[3.75to90][0.9] = [13122,15746]
DEBUG NOTE:	[4.high][1.0] = [15746,17496]
      (DEBUG) Generating Biotype Map [2022-01-26 21:29:04]
      (DEBUG) Extracted gene BioType using key "gene_biotype".
              Found 0 types: []
      (DEBUG) Finished Biotype Map [2022-01-26 21:30:26]
length of knownCountMap after run: 383646
WARNING: The data appears to be STRANDED, following the fr_secondStrand rule.
         Are you sure this isn't stranded data? If it is stranded, then you should probably
         re-run QoRTs with the "--stranded" and "--stranded_fr_secondstrand" options!
QoRTs completed WITH WARNINGS! See log for details.
Done.
Time spent on setup:           00:02:55.0655
Time spent on SAM iteration:   00:14:59.0372
                               (0.6556174631521836 minutes per million read-pairs)
                               (0.838424078330856 minutes per million read-pairs used)
Time spent on file output:     00:01:34.0965
Total runtime:                 00:19:29.0992
Done. (Wed Jan 26 21:30:37 PST 2022)
