[CHNG_MULTIPLE_MYELOMA_HYPERPLOID_UP,CHNG_MULTIPLE_MYELOMA_HYPERPLOID_UP] was killed by [BILANGES_SERUM_AND_RAPAMYCIN_SENSITIVE_GENES,BILANGES_SERUM_AND_RAPAMYCIN_SENSITIVE_GENES]
[POMEROY_MEDULLOBLASTOMA_DESMOPLASIC_VS_CLASSIC_DN,POMEROY_MEDULLOBLASTOMA_DESMOPLASIC_VS_CLASSIC_DN] was killed by [BILANGES_SERUM_AND_RAPAMYCIN_SENSITIVE_GENES,BILANGES_SERUM_AND_RAPAMYCIN_SENSITIVE_GENES]
[DANG_MYC_TARGETS_UP,DANG_MYC_TARGETS_UP] was killed by [BILANGES_SERUM_AND_RAPAMYCIN_SENSITIVE_GENES,BILANGES_SERUM_AND_RAPAMYCIN_SENSITIVE_GENES]
[SCIBETTA_KDM5B_TARGETS_DN,SCIBETTA_KDM5B_TARGETS_DN] was killed by [FUJII_YBX1_TARGETS_DN,FUJII_YBX1_TARGETS_DN]
[MODY_HIPPOCAMPUS_PRENATAL,MODY_HIPPOCAMPUS_PRENATAL] was killed by [BILANGES_SERUM_AND_RAPAMYCIN_SENSITIVE_GENES,BILANGES_SERUM_AND_RAPAMYCIN_SENSITIVE_GENES]
[LI_WILMS_TUMOR_VS_FETAL_KIDNEY_1_DN,LI_WILMS_TUMOR_VS_FETAL_KIDNEY_1_DN] was killed by [FUJII_YBX1_TARGETS_DN,FUJII_YBX1_TARGETS_DN]
[MISSIAGLIA_REGULATED_BY_METHYLATION_DN,MISSIAGLIA_REGULATED_BY_METHYLATION_DN] was killed by [FUJII_YBX1_TARGETS_DN,FUJII_YBX1_TARGETS_DN]
[PUJANA_XPRSS_INT_NETWORK,PUJANA_XPRSS_INT_NETWORK] was killed by [GAVIN_FOXP3_TARGETS_CLUSTER_T7,GAVIN_FOXP3_TARGETS_CLUSTER_T7]
[TIEN_INTESTINE_PROBIOTICS_6HR_UP,TIEN_INTESTINE_PROBIOTICS_6HR_UP] was killed by [BILANGES_SERUM_AND_RAPAMYCIN_SENSITIVE_GENES,BILANGES_SERUM_AND_RAPAMYCIN_SENSITIVE_GENES]
[CHIANG_LIVER_CANCER_SUBCLASS_UNANNOTATED_DN,CHIANG_LIVER_CANCER_SUBCLASS_UNANNOTATED_DN] was killed by [FUJII_YBX1_TARGETS_DN,FUJII_YBX1_TARGETS_DN]
[HOLLEMAN_ASPARAGINASE_RESISTANCE_B_ALL_UP,HOLLEMAN_ASPARAGINASE_RESISTANCE_B_ALL_UP] was killed by [BILANGES_SERUM_AND_RAPAMYCIN_SENSITIVE_GENES,BILANGES_SERUM_AND_RAPAMYCIN_SENSITIVE_GENES]
[OUELLET_OVARIAN_CANCER_INVASIVE_VS_LMP_UP,OUELLET_OVARIAN_CANCER_INVASIVE_VS_LMP_UP] was killed by [SCHLOSSER_MYC_TARGETS_REPRESSED_BY_SERUM,SCHLOSSER_MYC_TARGETS_REPRESSED_BY_SERUM]
[MORI_PRE_BI_LYMPHOCYTE_UP,MORI_PRE_BI_LYMPHOCYTE_UP] was killed by [FUJII_YBX1_TARGETS_DN,FUJII_YBX1_TARGETS_DN]
[ABRAMSON_INTERACT_WITH_AIRE,ABRAMSON_INTERACT_WITH_AIRE] was killed by [FUJII_YBX1_TARGETS_DN,FUJII_YBX1_TARGETS_DN]
[SARRIO_EPITHELIAL_MESENCHYMAL_TRANSITION_UP,SARRIO_EPITHELIAL_MESENCHYMAL_TRANSITION_UP] was killed by [FUJII_YBX1_TARGETS_DN,FUJII_YBX1_TARGETS_DN]
[FERNANDEZ_BOUND_BY_MYC,FERNANDEZ_BOUND_BY_MYC] was killed by [HUANG_GATA2_TARGETS_UP,HUANG_GATA2_TARGETS_UP]
[YU_MYC_TARGETS_UP,YU_MYC_TARGETS_UP] was killed by [FUJII_YBX1_TARGETS_DN,FUJII_YBX1_TARGETS_DN]
[WHITEFORD_PEDIATRIC_CANCER_MARKERS,WHITEFORD_PEDIATRIC_CANCER_MARKERS] was killed by [FUJII_YBX1_TARGETS_DN,FUJII_YBX1_TARGETS_DN]
[HINATA_NFKB_TARGETS_KERATINOCYTE_UP,HINATA_NFKB_TARGETS_KERATINOCYTE_UP] was killed by [BILD_SRC_ONCOGENIC_SIGNATURE,BILD_SRC_ONCOGENIC_SIGNATURE]
[LE_EGR2_TARGETS_UP,LE_EGR2_TARGETS_UP] was killed by [FUJII_YBX1_TARGETS_DN,FUJII_YBX1_TARGETS_DN]
[WINNEPENNINCKX_MELANOMA_METASTASIS_UP,WINNEPENNINCKX_MELANOMA_METASTASIS_UP] was killed by [FUJII_YBX1_TARGETS_DN,FUJII_YBX1_TARGETS_DN]
[BILANGES_SERUM_RESPONSE_TRANSLATION,BILANGES_SERUM_RESPONSE_TRANSLATION] was killed by [BILANGES_SERUM_AND_RAPAMYCIN_SENSITIVE_GENES,BILANGES_SERUM_AND_RAPAMYCIN_SENSITIVE_GENES]
[FLECHNER_PBL_KIDNEY_TRANSPLANT_REJECTED_VS_OK_UP,FLECHNER_PBL_KIDNEY_TRANSPLANT_REJECTED_VS_OK_UP] was killed by [GAVIN_FOXP3_TARGETS_CLUSTER_T7,GAVIN_FOXP3_TARGETS_CLUSTER_T7]
[SONG_TARGETS_OF_IE86_CMV_PROTEIN,SONG_TARGETS_OF_IE86_CMV_PROTEIN] was killed by [FUJII_YBX1_TARGETS_DN,FUJII_YBX1_TARGETS_DN]
[MORI_LARGE_PRE_BII_LYMPHOCYTE_UP,MORI_LARGE_PRE_BII_LYMPHOCYTE_UP] was killed by [FUJII_YBX1_TARGETS_DN,FUJII_YBX1_TARGETS_DN]
[MCCLUNG_CREB1_TARGETS_UP,MCCLUNG_CREB1_TARGETS_UP] was killed by [ALONSO_METASTASIS_UP,ALONSO_METASTASIS_UP]
[ZHAN_MULTIPLE_MYELOMA_SUBGROUPS,ZHAN_MULTIPLE_MYELOMA_SUBGROUPS] was killed by [FUJII_YBX1_TARGETS_DN,FUJII_YBX1_TARGETS_DN]
[JAIN_NFKB_SIGNALING,JAIN_NFKB_SIGNALING] was killed by [SCHLOSSER_MYC_TARGETS_REPRESSED_BY_SERUM,SCHLOSSER_MYC_TARGETS_REPRESSED_BY_SERUM]
[FLOTHO_PEDIATRIC_ALL_THERAPY_RESPONSE_UP,FLOTHO_PEDIATRIC_ALL_THERAPY_RESPONSE_UP] was killed by [BILANGES_SERUM_AND_RAPAMYCIN_SENSITIVE_GENES,BILANGES_SERUM_AND_RAPAMYCIN_SENSITIVE_GENES]
[LEE_EARLY_T_LYMPHOCYTE_UP,LEE_EARLY_T_LYMPHOCYTE_UP] was killed by [FUJII_YBX1_TARGETS_DN,FUJII_YBX1_TARGETS_DN]
[HEIDENBLAD_AMPLICON_8Q24_DN,HEIDENBLAD_AMPLICON_8Q24_DN] was killed by [HUANG_GATA2_TARGETS_UP,HUANG_GATA2_TARGETS_UP]
[ALONSO_METASTASIS_EMT_UP,ALONSO_METASTASIS_EMT_UP] was killed by [ALONSO_METASTASIS_UP,ALONSO_METASTASIS_UP]
[ACEVEDO_NORMAL_TISSUE_ADJACENT_TO_LIVER_TUMOR_UP,ACEVEDO_NORMAL_TISSUE_ADJACENT_TO_LIVER_TUMOR_UP] was killed by [BILANGES_SERUM_AND_RAPAMYCIN_SENSITIVE_GENES,BILANGES_SERUM_AND_RAPAMYCIN_SENSITIVE_GENES]
[GEORGES_CELL_CYCLE_MIR192_TARGETS,GEORGES_CELL_CYCLE_MIR192_TARGETS] was killed by [FUJII_YBX1_TARGETS_DN,FUJII_YBX1_TARGETS_DN]
[NUTT_GBM_VS_AO_GLIOMA_DN,NUTT_GBM_VS_AO_GLIOMA_DN] was killed by [BILANGES_SERUM_AND_RAPAMYCIN_SENSITIVE_GENES,BILANGES_SERUM_AND_RAPAMYCIN_SENSITIVE_GENES]
[FERRANDO_T_ALL_WITH_MLL_ENL_FUSION_DN,FERRANDO_T_ALL_WITH_MLL_ENL_FUSION_DN] was killed by [FUJII_YBX1_TARGETS_DN,FUJII_YBX1_TARGETS_DN]
[FLORIO_NEOCORTEX_BASAL_RADIAL_GLIA_DN,FLORIO_NEOCORTEX_BASAL_RADIAL_GLIA_DN] was killed by [FUJII_YBX1_TARGETS_DN,FUJII_YBX1_TARGETS_DN]
[PUJANA_BRCA_CENTERED_NETWORK,PUJANA_BRCA_CENTERED_NETWORK] was killed by [FUJII_YBX1_TARGETS_DN,FUJII_YBX1_TARGETS_DN]
[MATTIOLI_MGUS_VS_PCL,MATTIOLI_MGUS_VS_PCL] was killed by [BILANGES_SERUM_AND_RAPAMYCIN_SENSITIVE_GENES,BILANGES_SERUM_AND_RAPAMYCIN_SENSITIVE_GENES]
[SOTIRIOU_BREAST_CANCER_GRADE_1_VS_3_UP,SOTIRIOU_BREAST_CANCER_GRADE_1_VS_3_UP] was killed by [FUJII_YBX1_TARGETS_DN,FUJII_YBX1_TARGETS_DN]
[PURBEY_TARGETS_OF_CTBP1_AND_SATB1_UP,PURBEY_TARGETS_OF_CTBP1_AND_SATB1_UP] was killed by [BILANGES_SERUM_AND_RAPAMYCIN_SENSITIVE_GENES,BILANGES_SERUM_AND_RAPAMYCIN_SENSITIVE_GENES]
[BUFFA_HYPOXIA_METAGENE,BUFFA_HYPOXIA_METAGENE] was killed by [GAVIN_FOXP3_TARGETS_CLUSTER_T7,GAVIN_FOXP3_TARGETS_CLUSTER_T7]
[PHESSE_TARGETS_OF_APC_AND_MBD2_UP,PHESSE_TARGETS_OF_APC_AND_MBD2_UP] was killed by [MCBRYAN_PUBERTAL_BREAST_5_6WK_UP,MCBRYAN_PUBERTAL_BREAST_5_6WK_UP]
[WHITFIELD_CELL_CYCLE_G2,WHITFIELD_CELL_CYCLE_G2] was killed by [FUJII_YBX1_TARGETS_DN,FUJII_YBX1_TARGETS_DN]
[HINATA_NFKB_TARGETS_FIBROBLAST_UP,HINATA_NFKB_TARGETS_FIBROBLAST_UP] was killed by [BILD_SRC_ONCOGENIC_SIGNATURE,BILD_SRC_ONCOGENIC_SIGNATURE]
[WIERENGA_PML_INTERACTOME,WIERENGA_PML_INTERACTOME] was killed by [BILANGES_SERUM_AND_RAPAMYCIN_SENSITIVE_GENES,BILANGES_SERUM_AND_RAPAMYCIN_SENSITIVE_GENES]
[HOFFMANN_LARGE_TO_SMALL_PRE_BII_LYMPHOCYTE_UP,HOFFMANN_LARGE_TO_SMALL_PRE_BII_LYMPHOCYTE_UP] was killed by [FUJII_YBX1_TARGETS_DN,FUJII_YBX1_TARGETS_DN]
[HAHTOLA_CTCL_CUTANEOUS,HAHTOLA_CTCL_CUTANEOUS] was killed by [SASAKI_ADULT_T_CELL_LEUKEMIA,SASAKI_ADULT_T_CELL_LEUKEMIA]
[BOYLAN_MULTIPLE_MYELOMA_C_CLUSTER_UP,BOYLAN_MULTIPLE_MYELOMA_C_CLUSTER_UP] was killed by [YANAGIHARA_ESX1_TARGETS,YANAGIHARA_ESX1_TARGETS]
[GRAHAM_NORMAL_QUIESCENT_VS_NORMAL_DIVIDING_DN,GRAHAM_NORMAL_QUIESCENT_VS_NORMAL_DIVIDING_DN] was killed by [FUJII_YBX1_TARGETS_DN,FUJII_YBX1_TARGETS_DN]
[SHEPARD_CRASH_AND_BURN_MUTANT_DN,SHEPARD_CRASH_AND_BURN_MUTANT_DN] was killed by [FUJII_YBX1_TARGETS_DN,FUJII_YBX1_TARGETS_DN]
[ZHANG_RESPONSE_TO_IKK_INHIBITOR_AND_TNF_DN,ZHANG_RESPONSE_TO_IKK_INHIBITOR_AND_TNF_DN] was killed by [FUJII_YBX1_TARGETS_DN,FUJII_YBX1_TARGETS_DN]
[ALCALAY_AML_BY_NPM1_LOCALIZATION_DN,ALCALAY_AML_BY_NPM1_LOCALIZATION_DN] was killed by [FUJII_YBX1_TARGETS_DN,FUJII_YBX1_TARGETS_DN]
[BOYAULT_LIVER_CANCER_SUBCLASS_G3_UP,BOYAULT_LIVER_CANCER_SUBCLASS_G3_UP] was killed by [GAVIN_FOXP3_TARGETS_CLUSTER_T7,GAVIN_FOXP3_TARGETS_CLUSTER_T7]
[CHIARADONNA_NEOPLASTIC_TRANSFORMATION_KRAS_UP,CHIARADONNA_NEOPLASTIC_TRANSFORMATION_KRAS_UP] was killed by [FUJII_YBX1_TARGETS_DN,FUJII_YBX1_TARGETS_DN]
[IRITANI_MAD1_TARGETS_DN,IRITANI_MAD1_TARGETS_DN] was killed by [BILANGES_SERUM_AND_RAPAMYCIN_SENSITIVE_GENES,BILANGES_SERUM_AND_RAPAMYCIN_SENSITIVE_GENES]
[FAELT_B_CLL_WITH_VH_REARRANGEMENTS_UP,FAELT_B_CLL_WITH_VH_REARRANGEMENTS_UP] was killed by [HUANG_GATA2_TARGETS_UP,HUANG_GATA2_TARGETS_UP]
[FLECHNER_BIOPSY_KIDNEY_TRANSPLANT_REJECTED_VS_OK_UP,FLECHNER_BIOPSY_KIDNEY_TRANSPLANT_REJECTED_VS_OK_UP] was killed by [GAVIN_FOXP3_TARGETS_CLUSTER_T7,GAVIN_FOXP3_TARGETS_CLUSTER_T7]
[MARSON_FOXP3_TARGETS_UP,MARSON_FOXP3_TARGETS_UP] was killed by [GAVIN_FOXP3_TARGETS_CLUSTER_T7,GAVIN_FOXP3_TARGETS_CLUSTER_T7]
[LU_AGING_BRAIN_DN,LU_AGING_BRAIN_DN] was killed by [SASAKI_ADULT_T_CELL_LEUKEMIA,SASAKI_ADULT_T_CELL_LEUKEMIA]
[ZHOU_TNF_SIGNALING_4HR,ZHOU_TNF_SIGNALING_4HR] was killed by [BILANGES_SERUM_AND_RAPAMYCIN_SENSITIVE_GENES,BILANGES_SERUM_AND_RAPAMYCIN_SENSITIVE_GENES]
[KAUFFMANN_MELANOMA_RELAPSE_UP,KAUFFMANN_MELANOMA_RELAPSE_UP] was killed by [FUJII_YBX1_TARGETS_DN,FUJII_YBX1_TARGETS_DN]
[RHODES_CANCER_META_SIGNATURE,RHODES_CANCER_META_SIGNATURE] was killed by [FUJII_YBX1_TARGETS_DN,FUJII_YBX1_TARGETS_DN]
[ZHOU_CELL_CYCLE_GENES_IN_IR_RESPONSE_6HR,ZHOU_CELL_CYCLE_GENES_IN_IR_RESPONSE_6HR] was killed by [FUJII_YBX1_TARGETS_DN,FUJII_YBX1_TARGETS_DN]
