[GOBP_CARDIAC_MUSCLE_CELL_PROLIFERATION,GOBP_CARDIAC_MUSCLE_CELL_PROLIFERATION] was killed by [GOBP_ACTOMYOSIN_STRUCTURE_ORGANIZATION,GOBP_ACTOMYOSIN_STRUCTURE_ORGANIZATION]
[GOBP_COTRANSLATIONAL_PROTEIN_TARGETING_TO_MEMBRANE,GOBP_COTRANSLATIONAL_PROTEIN_TARGETING_TO_MEMBRANE] was killed by [GOCC_ROUGH_ENDOPLASMIC_RETICULUM,GOCC_ROUGH_ENDOPLASMIC_RETICULUM]
[GOBP_DNA_TEMPLATED_TRANSCRIPTION_TERMINATION,GOBP_DNA_TEMPLATED_TRANSCRIPTION_TERMINATION] was killed by [GOBP_SPLICEOSOMAL_COMPLEX_ASSEMBLY,GOBP_SPLICEOSOMAL_COMPLEX_ASSEMBLY]
[GOBP_ESTABLISHMENT_OF_PROTEIN_LOCALIZATION_TO_ENDOPLASMIC_RETICULUM,GOBP_ESTABLISHMENT_OF_PROTEIN_LOCALIZATION_TO_ENDOPLASMIC_RETICULUM] was killed by [GOCC_ROUGH_ENDOPLASMIC_RETICULUM,GOCC_ROUGH_ENDOPLASMIC_RETICULUM]
[GOCC_SM_LIKE_PROTEIN_FAMILY_COMPLEX,GOCC_SM_LIKE_PROTEIN_FAMILY_COMPLEX] was killed by [GOBP_SPLICEOSOMAL_COMPLEX_ASSEMBLY,GOBP_SPLICEOSOMAL_COMPLEX_ASSEMBLY]
[GOBP_NEGATIVE_REGULATION_OF_UBIQUITIN_DEPENDENT_PROTEIN_CATABOLIC_PROCESS,GOBP_NEGATIVE_REGULATION_OF_UBIQUITIN_DEPENDENT_PROTEIN_CATABOLIC_PROCESS] was killed by [GOBP_NEGATIVE_REGULATION_OF_PROTEASOMAL_UBIQUITIN_DEPENDENT_PROTEIN_CATABOLIC_PROCESS,GOBP_NEGATIVE_REGULATION_OF_PROTEASOMAL_UBIQUITIN_DEPENDENT_PROTEIN_CATABOLIC_PROCESS]
[GOMF_CYSTEINE_TYPE_PEPTIDASE_ACTIVITY,GOMF_CYSTEINE_TYPE_PEPTIDASE_ACTIVITY] was killed by [GOBP_NEGATIVE_REGULATION_OF_PROTEASOMAL_UBIQUITIN_DEPENDENT_PROTEIN_CATABOLIC_PROCESS,GOBP_NEGATIVE_REGULATION_OF_PROTEASOMAL_UBIQUITIN_DEPENDENT_PROTEIN_CATABOLIC_PROCESS]
[GOCC_CYTOSOLIC_RIBOSOME,GOCC_CYTOSOLIC_RIBOSOME] was killed by [GOCC_ROUGH_ENDOPLASMIC_RETICULUM,GOCC_ROUGH_ENDOPLASMIC_RETICULUM]
[GOBP_POSITIVE_REGULATION_OF_TRANSMEMBRANE_RECEPTOR_PROTEIN_SERINE_THREONINE_KINASE_SIGNALING_PATHWAY,GOBP_POSITIVE_REGULATION_OF_TRANSMEMBRANE_RECEPTOR_PROTEIN_SERINE_THREONINE_KINASE_SIGNALING_PATHWAY] was killed by [GOBP_NEGATIVE_REGULATION_OF_PROTEASOMAL_UBIQUITIN_DEPENDENT_PROTEIN_CATABOLIC_PROCESS,GOBP_NEGATIVE_REGULATION_OF_PROTEASOMAL_UBIQUITIN_DEPENDENT_PROTEIN_CATABOLIC_PROCESS]
[GOCC_SPLICEOSOMAL_COMPLEX,GOCC_SPLICEOSOMAL_COMPLEX] was killed by [GOBP_SPLICEOSOMAL_COMPLEX_ASSEMBLY,GOBP_SPLICEOSOMAL_COMPLEX_ASSEMBLY]
[GOCC_SMALL_NUCLEAR_RIBONUCLEOPROTEIN_COMPLEX,GOCC_SMALL_NUCLEAR_RIBONUCLEOPROTEIN_COMPLEX] was killed by [GOBP_SPLICEOSOMAL_COMPLEX_ASSEMBLY,GOBP_SPLICEOSOMAL_COMPLEX_ASSEMBLY]
[GOCC_CIS_GOLGI_NETWORK,GOCC_CIS_GOLGI_NETWORK] was killed by [GOCC_GOLGI_CIS_CISTERNA,GOCC_GOLGI_CIS_CISTERNA]
[GOBP_ACTIN_FILAMENT_BUNDLE_ORGANIZATION,GOBP_ACTIN_FILAMENT_BUNDLE_ORGANIZATION] was killed by [GOBP_ACTOMYOSIN_STRUCTURE_ORGANIZATION,GOBP_ACTOMYOSIN_STRUCTURE_ORGANIZATION]
[GOBP_TRANSCRIPTION_ELONGATION_FROM_RNA_POLYMERASE_II_PROMOTER,GOBP_TRANSCRIPTION_ELONGATION_FROM_RNA_POLYMERASE_II_PROMOTER] was killed by [GOBP_DNA_TEMPLATED_TRANSCRIPTION_ELONGATION,GOBP_DNA_TEMPLATED_TRANSCRIPTION_ELONGATION]
[GOBP_REGULATION_OF_MUSCLE_CELL_DIFFERENTIATION,GOBP_REGULATION_OF_MUSCLE_CELL_DIFFERENTIATION] was killed by [GOBP_ACTOMYOSIN_STRUCTURE_ORGANIZATION,GOBP_ACTOMYOSIN_STRUCTURE_ORGANIZATION]
[GOBP_SULFUR_COMPOUND_BIOSYNTHETIC_PROCESS,GOBP_SULFUR_COMPOUND_BIOSYNTHETIC_PROCESS] was killed by [GOMF_LIGASE_ACTIVITY,GOMF_LIGASE_ACTIVITY]
[GOBP_MRNA_SPLICE_SITE_SELECTION,GOBP_MRNA_SPLICE_SITE_SELECTION] was killed by [GOBP_SPLICEOSOMAL_COMPLEX_ASSEMBLY,GOBP_SPLICEOSOMAL_COMPLEX_ASSEMBLY]
[GOBP_POSITIVE_REGULATION_OF_DEVELOPMENTAL_GROWTH,GOBP_POSITIVE_REGULATION_OF_DEVELOPMENTAL_GROWTH] was killed by [GOBP_ACTOMYOSIN_STRUCTURE_ORGANIZATION,GOBP_ACTOMYOSIN_STRUCTURE_ORGANIZATION]
[GOBP_RESPONSE_TO_ANGIOTENSIN,GOBP_RESPONSE_TO_ANGIOTENSIN] was killed by [GOBP_ACTOMYOSIN_STRUCTURE_ORGANIZATION,GOBP_ACTOMYOSIN_STRUCTURE_ORGANIZATION]
[GOBP_REGULATION_OF_CARDIAC_MUSCLE_CELL_PROLIFERATION,GOBP_REGULATION_OF_CARDIAC_MUSCLE_CELL_PROLIFERATION] was killed by [GOBP_REGULATION_OF_CYTOPLASMIC_TRANSPORT,GOBP_REGULATION_OF_CYTOPLASMIC_TRANSPORT]
[GOMF_TRANSLATION_REGULATOR_ACTIVITY,GOMF_TRANSLATION_REGULATOR_ACTIVITY] was killed by [GOBP_TRANSLATIONAL_INITIATION,GOBP_TRANSLATIONAL_INITIATION]
[GOBP_PROTEIN_LOCALIZATION_TO_ENDOPLASMIC_RETICULUM,GOBP_PROTEIN_LOCALIZATION_TO_ENDOPLASMIC_RETICULUM] was killed by [GOCC_ROUGH_ENDOPLASMIC_RETICULUM,GOCC_ROUGH_ENDOPLASMIC_RETICULUM]
[GOBP_HISTONE_METHYLATION,GOBP_HISTONE_METHYLATION] was killed by [GOBP_DNA_TEMPLATED_TRANSCRIPTION_ELONGATION,GOBP_DNA_TEMPLATED_TRANSCRIPTION_ELONGATION]
[GOBP_IRON_ION_HOMEOSTASIS,GOBP_IRON_ION_HOMEOSTASIS] was killed by [GOBP_CELLULAR_IRON_ION_HOMEOSTASIS,GOBP_CELLULAR_IRON_ION_HOMEOSTASIS]
[GOBP_STRIATED_MUSCLE_CELL_PROLIFERATION,GOBP_STRIATED_MUSCLE_CELL_PROLIFERATION] was killed by [GOBP_ACTOMYOSIN_STRUCTURE_ORGANIZATION,GOBP_ACTOMYOSIN_STRUCTURE_ORGANIZATION]
[GOBP_NEGATIVE_REGULATION_OF_PROTEASOMAL_PROTEIN_CATABOLIC_PROCESS,GOBP_NEGATIVE_REGULATION_OF_PROTEASOMAL_PROTEIN_CATABOLIC_PROCESS] was killed by [GOBP_NEGATIVE_REGULATION_OF_PROTEASOMAL_UBIQUITIN_DEPENDENT_PROTEIN_CATABOLIC_PROCESS,GOBP_NEGATIVE_REGULATION_OF_PROTEASOMAL_UBIQUITIN_DEPENDENT_PROTEIN_CATABOLIC_PROCESS]
[GOBP_MITOCHONDRIAL_TRANSLATION,GOBP_MITOCHONDRIAL_TRANSLATION] was killed by [GOMF_LIGASE_ACTIVITY,GOMF_LIGASE_ACTIVITY]
[GOCC_CYTOSOLIC_SMALL_RIBOSOMAL_SUBUNIT,GOCC_CYTOSOLIC_SMALL_RIBOSOMAL_SUBUNIT] was killed by [GOBP_TRANSLATIONAL_INITIATION,GOBP_TRANSLATIONAL_INITIATION]
[GOBP_BLASTOCYST_DEVELOPMENT,GOBP_BLASTOCYST_DEVELOPMENT] was killed by [GOBP_ACTOMYOSIN_STRUCTURE_ORGANIZATION,GOBP_ACTOMYOSIN_STRUCTURE_ORGANIZATION]
[GOBP_EPHRIN_RECEPTOR_SIGNALING_PATHWAY,GOBP_EPHRIN_RECEPTOR_SIGNALING_PATHWAY] was killed by [GOBP_ACTOMYOSIN_STRUCTURE_ORGANIZATION,GOBP_ACTOMYOSIN_STRUCTURE_ORGANIZATION]
[GOBP_NUCLEAR_TRANSCRIBED_MRNA_CATABOLIC_PROCESS_NONSENSE_MEDIATED_DECAY,GOBP_NUCLEAR_TRANSCRIBED_MRNA_CATABOLIC_PROCESS_NONSENSE_MEDIATED_DECAY] was killed by [GOCC_ROUGH_ENDOPLASMIC_RETICULUM,GOCC_ROUGH_ENDOPLASMIC_RETICULUM]
[GOBP_REGULATION_OF_PROTEIN_LOCALIZATION_TO_CELL_PERIPHERY,GOBP_REGULATION_OF_PROTEIN_LOCALIZATION_TO_CELL_PERIPHERY] was killed by [GOBP_ACTOMYOSIN_STRUCTURE_ORGANIZATION,GOBP_ACTOMYOSIN_STRUCTURE_ORGANIZATION]
[GOMF_CYSTEINE_TYPE_ENDOPEPTIDASE_ACTIVITY,GOMF_CYSTEINE_TYPE_ENDOPEPTIDASE_ACTIVITY] was killed by [GOBP_NEGATIVE_REGULATION_OF_PROTEASOMAL_UBIQUITIN_DEPENDENT_PROTEIN_CATABOLIC_PROCESS,GOBP_NEGATIVE_REGULATION_OF_PROTEASOMAL_UBIQUITIN_DEPENDENT_PROTEIN_CATABOLIC_PROCESS]
[GOBP_POSITIVE_REGULATION_OF_VIRAL_PROCESS,GOBP_POSITIVE_REGULATION_OF_VIRAL_PROCESS] was killed by [GOBP_DNA_TEMPLATED_TRANSCRIPTION_ELONGATION,GOBP_DNA_TEMPLATED_TRANSCRIPTION_ELONGATION]
[GOBP_TRANSCRIPTION_BY_RNA_POLYMERASE_I,GOBP_TRANSCRIPTION_BY_RNA_POLYMERASE_I] was killed by [GOBP_DNA_TEMPLATED_TRANSCRIPTION_ELONGATION,GOBP_DNA_TEMPLATED_TRANSCRIPTION_ELONGATION]
[GOCC_U2_TYPE_SPLICEOSOMAL_COMPLEX,GOCC_U2_TYPE_SPLICEOSOMAL_COMPLEX] was killed by [GOBP_SPLICEOSOMAL_COMPLEX_ASSEMBLY,GOBP_SPLICEOSOMAL_COMPLEX_ASSEMBLY]
[GOBP_INSULIN_RECEPTOR_SIGNALING_PATHWAY,GOBP_INSULIN_RECEPTOR_SIGNALING_PATHWAY] was killed by [GOBP_NEGATIVE_REGULATION_OF_PROTEASOMAL_UBIQUITIN_DEPENDENT_PROTEIN_CATABOLIC_PROCESS,GOBP_NEGATIVE_REGULATION_OF_PROTEASOMAL_UBIQUITIN_DEPENDENT_PROTEIN_CATABOLIC_PROCESS]
