[GNF2_ITGAL,GNF2_ITGAL] was killed by [GNF2_CASP8,GNF2_CASP8]
[GNF2_PTPRC,GNF2_PTPRC] was killed by [GNF2_CASP8,GNF2_CASP8]
[GNF2_SNRK,GNF2_SNRK] was killed by [GNF2_CASP8,GNF2_CASP8]
[GCM_APEX1,GCM_APEX1] was killed by [MORF_PPP2CA,MORF_PPP2CA]
[GCM_CSNK2B,GCM_CSNK2B] was killed by [MORF_PPP2CA,MORF_PPP2CA]
[GCM_PSME1,GCM_PSME1] was killed by [MORF_PPP2CA,MORF_PPP2CA]
[MORF_NPM1,MORF_NPM1] was killed by [MORF_PPP2CA,MORF_PPP2CA]
[MORF_DAP3,MORF_DAP3] was killed by [MORF_PPP2CA,MORF_PPP2CA]
[MORF_EIF3S6,MORF_EIF3S6] was killed by [MORF_PPP2CA,MORF_PPP2CA]
[GNF2_G22P1,GNF2_G22P1] was killed by [MORF_PPP2CA,MORF_PPP2CA]
[GNF2_RAP1B,GNF2_RAP1B] was killed by [GNF2_CASP8,GNF2_CASP8]
[GNF2_JAK1,GNF2_JAK1] was killed by [GNF2_CASP8,GNF2_CASP8]
[GCM_PPP1CC,GCM_PPP1CC] was killed by [MORF_PPP2CA,MORF_PPP2CA]
[MORF_FBL,MORF_FBL] was killed by [MORF_PPP2CA,MORF_PPP2CA]
[GNF2_RPA1,GNF2_RPA1] was killed by [MORF_PPP2CA,MORF_PPP2CA]
[MORF_CCNI,MORF_CCNI] was killed by [MORF_PPP2CA,MORF_PPP2CA]
[MORF_FEN1,MORF_FEN1] was killed by [GNF2_MSH6,GNF2_MSH6]
[MORF_PCNA,MORF_PCNA] was killed by [MORF_PPP2CA,MORF_PPP2CA]
[MORF_G22P1,MORF_G22P1] was killed by [MORF_PPP2CA,MORF_PPP2CA]
[GCM_NPM1,GCM_NPM1] was killed by [MORF_PPP2CA,MORF_PPP2CA]
[MORF_EIF4A2,MORF_EIF4A2] was killed by [MORF_PPP2CA,MORF_PPP2CA]
[GCM_ACTG1,GCM_ACTG1] was killed by [MORF_PPP2CA,MORF_PPP2CA]
[GNF2_UBE2I,GNF2_UBE2I] was killed by [MORF_PPP2CA,MORF_PPP2CA]
[GNF2_ELAC2,GNF2_ELAC2] was killed by [MORF_PPP2CA,MORF_PPP2CA]
[MORF_XPC,MORF_XPC] was killed by [MORF_PPP2CA,MORF_PPP2CA]
[GNF2_DEK,GNF2_DEK] was killed by [MORF_PPP2CA,MORF_PPP2CA]
[GNF2_ATM,GNF2_ATM] was killed by [GNF2_CASP8,GNF2_CASP8]
[MORF_DEAF1,MORF_DEAF1] was killed by [GNF2_MSH6,GNF2_MSH6]
[GNF2_SMC1L1,GNF2_SMC1L1] was killed by [GNF2_MSH6,GNF2_MSH6]
[GNF2_XRCC5,GNF2_XRCC5] was killed by [MORF_PPP2CA,MORF_PPP2CA]
