[HOLLERN_EMT_BREAST_TUMOR_UP,HOLLERN_EMT_BREAST_TUMOR_UP] was killed by [HUANG_GATA2_TARGETS_UP,HUANG_GATA2_TARGETS_UP]
[WP_MIRNA_REGULATION_OF_PROSTATE_CANCER_SIGNALING_PATHWAYS,WP_MIRNA_REGULATION_OF_PROSTATE_CANCER_SIGNALING_PATHWAYS] was killed by [KEGG_PROSTATE_CANCER,KEGG_PROSTATE_CANCER]
[KEGG_RENAL_CELL_CARCINOMA,KEGG_RENAL_CELL_CARCINOMA] was killed by [KEGG_PROSTATE_CANCER,KEGG_PROSTATE_CANCER]
[WP_TGFBETA_RECEPTOR_SIGNALING,WP_TGFBETA_RECEPTOR_SIGNALING] was killed by [HUANG_GATA2_TARGETS_UP,HUANG_GATA2_TARGETS_UP]
[WP_TGFBETA_RECEPTOR_SIGNALLING_IN_SKELETAL_DYSPLASIAS,WP_TGFBETA_RECEPTOR_SIGNALLING_IN_SKELETAL_DYSPLASIAS] was killed by [HUANG_GATA2_TARGETS_UP,HUANG_GATA2_TARGETS_UP]
[BOYAULT_LIVER_CANCER_SUBCLASS_G23_UP,BOYAULT_LIVER_CANCER_SUBCLASS_G23_UP] was killed by [HARRIS_HYPOXIA,HARRIS_HYPOXIA]
[TONKS_TARGETS_OF_RUNX1_RUNX1T1_FUSION_HSC_UP,TONKS_TARGETS_OF_RUNX1_RUNX1T1_FUSION_HSC_UP] was killed by [RODRIGUES_DCC_TARGETS_DN,RODRIGUES_DCC_TARGETS_DN]
[DIAZ_CHRONIC_MEYLOGENOUS_LEUKEMIA_DN,DIAZ_CHRONIC_MEYLOGENOUS_LEUKEMIA_DN] was killed by [HUANG_GATA2_TARGETS_UP,HUANG_GATA2_TARGETS_UP]
[REACTOME_DDX58_IFIH1_MEDIATED_INDUCTION_OF_INTERFERON_ALPHA_BETA,REACTOME_DDX58_IFIH1_MEDIATED_INDUCTION_OF_INTERFERON_ALPHA_BETA] was killed by [KEGG_PROSTATE_CANCER,KEGG_PROSTATE_CANCER]
[PID_IL2_PI3K_PATHWAY,PID_IL2_PI3K_PATHWAY] was killed by [KEGG_PROSTATE_CANCER,KEGG_PROSTATE_CANCER]
[TAKEDA_TARGETS_OF_NUP98_HOXA9_FUSION_6HR_UP,TAKEDA_TARGETS_OF_NUP98_HOXA9_FUSION_6HR_UP] was killed by [BRUECKNER_TARGETS_OF_MIRLET7A3_UP,BRUECKNER_TARGETS_OF_MIRLET7A3_UP]
[WP_INTEGRINMEDIATED_CELL_ADHESION,WP_INTEGRINMEDIATED_CELL_ADHESION] was killed by [KEGG_PROSTATE_CANCER,KEGG_PROSTATE_CANCER]
[SA_PTEN_PATHWAY,SA_PTEN_PATHWAY] was killed by [KEGG_PROSTATE_CANCER,KEGG_PROSTATE_CANCER]
[SIG_IL4RECEPTOR_IN_B_LYPHOCYTES,SIG_IL4RECEPTOR_IN_B_LYPHOCYTES] was killed by [KEGG_PROSTATE_CANCER,KEGG_PROSTATE_CANCER]
[REACTOME_NEGATIVE_REGULATION_OF_MAPK_PATHWAY,REACTOME_NEGATIVE_REGULATION_OF_MAPK_PATHWAY] was killed by [KEGG_PROSTATE_CANCER,KEGG_PROSTATE_CANCER]
[IKEDA_MIR133_TARGETS_UP,IKEDA_MIR133_TARGETS_UP] was killed by [BRUECKNER_TARGETS_OF_MIRLET7A3_UP,BRUECKNER_TARGETS_OF_MIRLET7A3_UP]
[BERENJENO_ROCK_SIGNALING_NOT_VIA_RHOA_DN,BERENJENO_ROCK_SIGNALING_NOT_VIA_RHOA_DN] was killed by [STARK_PREFRONTAL_CORTEX_22Q11_DELETION_UP,STARK_PREFRONTAL_CORTEX_22Q11_DELETION_UP]
[REACTOME_FCERI_MEDIATED_CA_2_MOBILIZATION,REACTOME_FCERI_MEDIATED_CA_2_MOBILIZATION] was killed by [KEGG_PROSTATE_CANCER,KEGG_PROSTATE_CANCER]
[KEGG_CHRONIC_MYELOID_LEUKEMIA,KEGG_CHRONIC_MYELOID_LEUKEMIA] was killed by [KEGG_PROSTATE_CANCER,KEGG_PROSTATE_CANCER]
[KEGG_NATURAL_KILLER_CELL_MEDIATED_CYTOTOXICITY,KEGG_NATURAL_KILLER_CELL_MEDIATED_CYTOTOXICITY] was killed by [KEGG_PROSTATE_CANCER,KEGG_PROSTATE_CANCER]
[REACTOME_FLT3_SIGNALING,REACTOME_FLT3_SIGNALING] was killed by [KEGG_PROSTATE_CANCER,KEGG_PROSTATE_CANCER]
[WP_HYPOTHESIZED_PATHWAYS_IN_PATHOGENESIS_OF_CARDIOVASCULAR_DISEASE,WP_HYPOTHESIZED_PATHWAYS_IN_PATHOGENESIS_OF_CARDIOVASCULAR_DISEASE] was killed by [HUANG_GATA2_TARGETS_UP,HUANG_GATA2_TARGETS_UP]
[KEGG_B_CELL_RECEPTOR_SIGNALING_PATHWAY,KEGG_B_CELL_RECEPTOR_SIGNALING_PATHWAY] was killed by [KEGG_PROSTATE_CANCER,KEGG_PROSTATE_CANCER]
[FLOTHO_PEDIATRIC_ALL_THERAPY_RESPONSE_UP,FLOTHO_PEDIATRIC_ALL_THERAPY_RESPONSE_UP] was killed by [BRUECKNER_TARGETS_OF_MIRLET7A3_UP,BRUECKNER_TARGETS_OF_MIRLET7A3_UP]
[WP_MET_IN_TYPE_1_PAPILLARY_RENAL_CELL_CARCINOMA,WP_MET_IN_TYPE_1_PAPILLARY_RENAL_CELL_CARCINOMA] was killed by [KEGG_PROSTATE_CANCER,KEGG_PROSTATE_CANCER]
