[MORF_UBE2N,MORF_UBE2N] was killed by [MORF_PPP2CA,MORF_PPP2CA]
[MORF_MAP2K2,MORF_MAP2K2] was killed by [MORF_PPP2CA,MORF_PPP2CA]
[MORF_RPA2,MORF_RPA2] was killed by [MORF_PPP2CA,MORF_PPP2CA]
[MORF_PPP1CA,MORF_PPP1CA] was killed by [MORF_PPP2CA,MORF_PPP2CA]
[MORF_FANCG,MORF_FANCG] was killed by [MORF_EIF4E,MORF_EIF4E]
[MORF_PPP2R5B,MORF_PPP2R5B] was killed by [MORF_BCL2L11,MORF_BCL2L11]
[GNF2_RAN,GNF2_RAN] was killed by [GNF2_CCNA2,GNF2_CCNA2]
[GNF2_TPT1,GNF2_TPT1] was killed by [GNF2_EIF3S6,GNF2_EIF3S6]
[MODULE_91,MODULE_91] was killed by [MODULE_28,MODULE_28]
[MORF_CDC2L5,MORF_CDC2L5] was killed by [MORF_EIF4E,MORF_EIF4E]
[GCM_CBFB,GCM_CBFB] was killed by [MORF_PPP2CA,MORF_PPP2CA]
[MORF_IL4,MORF_IL4] was killed by [MORF_BCL2L11,MORF_BCL2L11]
[MORF_HAT1,MORF_HAT1] was killed by [MORF_PPP2CA,MORF_PPP2CA]
[MORF_ANP32B,MORF_ANP32B] was killed by [MORF_PPP2CA,MORF_PPP2CA]
[GNF2_ST13,GNF2_ST13] was killed by [GNF2_EIF3S6,GNF2_EIF3S6]
[MORF_DAP3,MORF_DAP3] was killed by [MORF_PPP2CA,MORF_PPP2CA]
[MORF_AP3D1,MORF_AP3D1] was killed by [MORF_PPP2CA,MORF_PPP2CA]
[MORF_SNRP70,MORF_SNRP70] was killed by [MORF_PPP2CA,MORF_PPP2CA]
[MORF_EIF3S6,MORF_EIF3S6] was killed by [MORF_PPP2CA,MORF_PPP2CA]
[GNF2_RRM2,GNF2_RRM2] was killed by [GNF2_CCNA2,GNF2_CCNA2]
[MORF_CTSB,MORF_CTSB] was killed by [MORF_BCL2L11,MORF_BCL2L11]
[MORF_CD8A,MORF_CD8A] was killed by [MORF_BCL2L11,MORF_BCL2L11]
[MORF_TPT1,MORF_TPT1] was killed by [GNF2_EIF3S6,GNF2_EIF3S6]
[GNF2_CDC20,GNF2_CDC20] was killed by [GNF2_CCNA2,GNF2_CCNA2]
[GNF2_CCNB2,GNF2_CCNB2] was killed by [GNF2_CCNA2,GNF2_CCNA2]
[MORF_RAD21,MORF_RAD21] was killed by [MORF_PPP2CA,MORF_PPP2CA]
[GNF2_SMC2L1,GNF2_SMC2L1] was killed by [GNF2_CCNA2,GNF2_CCNA2]
[GCM_RAD21,GCM_RAD21] was killed by [MORF_PPP2CA,MORF_PPP2CA]
[MORF_IFNA1,MORF_IFNA1] was killed by [MORF_BCL2L11,MORF_BCL2L11]
[MORF_CASP10,MORF_CASP10] was killed by [MORF_BCL2L11,MORF_BCL2L11]
[MORF_RAD23B,MORF_RAD23B] was killed by [MORF_PPP2CA,MORF_PPP2CA]
[GCM_APEX1,GCM_APEX1] was killed by [MORF_PPP2CA,MORF_PPP2CA]
[GNF2_APEX1,GNF2_APEX1] was killed by [MORF_PPP2CA,MORF_PPP2CA]
[GCM_RAF1,GCM_RAF1] was killed by [MORF_PPP2CA,MORF_PPP2CA]
[GNF2_HMMR,GNF2_HMMR] was killed by [GNF2_CCNA2,GNF2_CCNA2]
[MORF_MBD4,MORF_MBD4] was killed by [MORF_PPP2CA,MORF_PPP2CA]
[MORF_RFC1,MORF_RFC1] was killed by [MORF_EIF4E,MORF_EIF4E]
[MORF_REV3L,MORF_REV3L] was killed by [MORF_EIF4E,MORF_EIF4E]
[MORF_IKBKG,MORF_IKBKG] was killed by [MORF_EIF4E,MORF_EIF4E]
[MORF_PRKDC,MORF_PRKDC] was killed by [MORF_PPP2CA,MORF_PPP2CA]
[GCM_NPM1,GCM_NPM1] was killed by [MORF_PPP2CA,MORF_PPP2CA]
[GNF2_PA2G4,GNF2_PA2G4] was killed by [GNF2_CCNA2,GNF2_CCNA2]
[MORF_MAP2K7,MORF_MAP2K7] was killed by [MORF_BCL2L11,MORF_BCL2L11]
[GNF2_MKI67,GNF2_MKI67] was killed by [GNF2_CCNA2,GNF2_CCNA2]
[MORF_MYL3,MORF_MYL3] was killed by [MORF_BCL2L11,MORF_BCL2L11]
[GNF2_DAP3,GNF2_DAP3] was killed by [MORF_PPP2CA,MORF_PPP2CA]
[MORF_MTA1,MORF_MTA1] was killed by [MORF_PPP2CA,MORF_PPP2CA]
[GNF2_FBL,GNF2_FBL] was killed by [MORF_PPP2CA,MORF_PPP2CA]
[GNF2_GLTSCR2,GNF2_GLTSCR2] was killed by [GNF2_EIF3S6,GNF2_EIF3S6]
[MORF_ERCC2,MORF_ERCC2] was killed by [MORF_EIF4E,MORF_EIF4E]
[GCM_TPT1,GCM_TPT1] was killed by [GNF2_EIF3S6,GNF2_EIF3S6]
[MORF_EI24,MORF_EI24] was killed by [MORF_PPP2CA,MORF_PPP2CA]
[MORF_FBL,MORF_FBL] was killed by [MORF_PPP2CA,MORF_PPP2CA]
[MODULE_36,MODULE_36] was killed by [MORF_PPP2CA,MORF_PPP2CA]
[GCM_RAN,GCM_RAN] was killed by [GNF2_EIF3S6,GNF2_EIF3S6]
[GCM_NCAM1,GCM_NCAM1] was killed by [MORF_PPP2CA,MORF_PPP2CA]
[MORF_THPO,MORF_THPO] was killed by [MORF_BCL2L11,MORF_BCL2L11]
[GNF2_DEK,GNF2_DEK] was killed by [MORF_PPP2CA,MORF_PPP2CA]
[MORF_NPM1,MORF_NPM1] was killed by [MORF_PPP2CA,MORF_PPP2CA]
[MORF_DDX11,MORF_DDX11] was killed by [MORF_EIF4E,MORF_EIF4E]
[GCM_PPP1CC,GCM_PPP1CC] was killed by [MORF_PPP2CA,MORF_PPP2CA]
[GNF2_G22P1,GNF2_G22P1] was killed by [MORF_PPP2CA,MORF_PPP2CA]
[GNF2_ESPL1,GNF2_ESPL1] was killed by [GNF2_CCNA2,GNF2_CCNA2]
[MORF_DEAF1,MORF_DEAF1] was killed by [MORF_PPP2CA,MORF_PPP2CA]
[MORF_PRKCA,MORF_PRKCA] was killed by [MORF_BCL2L11,MORF_BCL2L11]
[MORF_STK17A,MORF_STK17A] was killed by [MORF_BCL2L11,MORF_BCL2L11]
[MORF_RAD54L,MORF_RAD54L] was killed by [MORF_PPP2CA,MORF_PPP2CA]
[MORF_NME2,MORF_NME2] was killed by [GNF2_EIF3S6,GNF2_EIF3S6]
[GNF2_MCM5,GNF2_MCM5] was killed by [GNF2_CCNA2,GNF2_CCNA2]
[MORF_CDK2,MORF_CDK2] was killed by [MORF_PPP2CA,MORF_PPP2CA]
[MORF_CDC10,MORF_CDC10] was killed by [MORF_PPP2CA,MORF_PPP2CA]
[MORF_BNIP1,MORF_BNIP1] was killed by [MORF_BCL2L11,MORF_BCL2L11]
[GCM_CRKL,GCM_CRKL] was killed by [MORF_EIF4E,MORF_EIF4E]
[MORF_ACTG1,MORF_ACTG1] was killed by [MORF_PPP2CA,MORF_PPP2CA]
[GNF2_NS,GNF2_NS] was killed by [MODULE_28,MODULE_28]
[MODULE_447,MODULE_447] was killed by [GNF2_EIF3S6,GNF2_EIF3S6]
[MODULE_29,MODULE_29] was killed by [GNF2_EIF3S6,GNF2_EIF3S6]
[MODULE_397,MODULE_397] was killed by [GNF2_CCNA2,GNF2_CCNA2]
[MORF_ORC1L,MORF_ORC1L] was killed by [MORF_EIF4E,MORF_EIF4E]
