[MIR4678,MIR4678] was killed by [MIR4255,MIR4255]
[MIR221_3P,MIR221_3P] was killed by [MIR4436B_5P,MIR4436B_5P]
[ACTGTAG_MIR139,ACTGTAG_MIR139] was killed by [CTGTTAC_MIR194,CTGTTAC_MIR194]
[MIR503_5P,MIR503_5P] was killed by [MIR4255,MIR4255]
[MIR217_5P,MIR217_5P] was killed by [MIR302D_5P,MIR302D_5P]
[MIR6807_3P,MIR6807_3P] was killed by [MIR302D_5P,MIR302D_5P]
[MIR222_3P,MIR222_3P] was killed by [MIR4436B_5P,MIR4436B_5P]
[MIR520F_3P,MIR520F_3P] was killed by [MIR4255,MIR4255]
[MIR154_3P,MIR154_3P] was killed by [MIR487A_3P,MIR487A_3P]
[MIR514B_5P,MIR514B_5P] was killed by [MIR513C_5P,MIR513C_5P]
[MIR18A_5P_MIR18B_5P,MIR18A_5P_MIR18B_5P] was killed by [MIR4255,MIR4255]
[ACCATTT_MIR522,ACCATTT_MIR522] was killed by [CTGTTAC_MIR194,CTGTTAC_MIR194]
[MIR6824_3P,MIR6824_3P] was killed by [MIR6764_3P,MIR6764_3P]
[MIR139_5P,MIR139_5P] was killed by [CTGTTAC_MIR194,CTGTTAC_MIR194]
[MIR142_3P,MIR142_3P] was killed by [MIR4255,MIR4255]
[MIR371A_5P,MIR371A_5P] was killed by [MIR513C_5P,MIR513C_5P]
[GTCTTCC_MIR7,GTCTTCC_MIR7] was killed by [CTGTTAC_MIR194,CTGTTAC_MIR194]
[MIR619_5P,MIR619_5P] was killed by [MIR6764_3P,MIR6764_3P]
[TAATGTG_MIR323,TAATGTG_MIR323] was killed by [MIR4255,MIR4255]
[MIR499B_3P,MIR499B_3P] was killed by [MIR513C_5P,MIR513C_5P]
[MIR10395_3P,MIR10395_3P] was killed by [MIR302D_5P,MIR302D_5P]
[ACACTCC_MIR122A,ACACTCC_MIR122A] was killed by [CTGTTAC_MIR194,CTGTTAC_MIR194]
[MIR548M,MIR548M] was killed by [MIR4255,MIR4255]
[GCACCTT_MIR18A_MIR18B,GCACCTT_MIR18A_MIR18B] was killed by [CTGTTAC_MIR194,CTGTTAC_MIR194]
[MIR1183,MIR1183] was killed by [CTGTTAC_MIR194,CTGTTAC_MIR194]
[AGTCTTA_MIR499,AGTCTTA_MIR499] was killed by [CTGTTAC_MIR194,CTGTTAC_MIR194]
[MIR302A_5P,MIR302A_5P] was killed by [MIR4255,MIR4255]
[MIR499A_3P,MIR499A_3P] was killed by [MIR487A_3P,MIR487A_3P]
[MIR8057,MIR8057] was killed by [MIR1825,MIR1825]
[MIR12129,MIR12129] was killed by [MIR513C_5P,MIR513C_5P]
[MIR4778_5P,MIR4778_5P] was killed by [MIR302D_5P,MIR302D_5P]
[GTATGAT_MIR154_MIR487,GTATGAT_MIR154_MIR487] was killed by [MIR1825,MIR1825]
[MIR6716_5P,MIR6716_5P] was killed by [MIR302D_5P,MIR302D_5P]
[MIR222_5P,MIR222_5P] was killed by [MIR4255,MIR4255]
[MIR522_3P,MIR522_3P] was killed by [MIR1825,MIR1825]
[MIR4257,MIR4257] was killed by [CTGTTAC_MIR194,CTGTTAC_MIR194]
[MIR8062,MIR8062] was killed by [MIR4255,MIR4255]
[MIR4418,MIR4418] was killed by [MIR4255,MIR4255]
[MIR1253,MIR1253] was killed by [MIR6764_3P,MIR6764_3P]
[MIR509_5P,MIR509_5P] was killed by [MIR4255,MIR4255]
[MIR4777_3P,MIR4777_3P] was killed by [MIR302D_5P,MIR302D_5P]
[MIR6739_3P,MIR6739_3P] was killed by [MIR1825,MIR1825]
[ACACTAC_MIR1423P,ACACTAC_MIR1423P] was killed by [MIR4255,MIR4255]
[TGTATGA_MIR4853P,TGTATGA_MIR4853P] was killed by [CTGTTAC_MIR194,CTGTTAC_MIR194]
[MIR4735_3P,MIR4735_3P] was killed by [MIR4255,MIR4255]
[MIR4735_5P,MIR4735_5P] was killed by [MIR4255,MIR4255]
[ATCATGA_MIR433,ATCATGA_MIR433] was killed by [CTGTTAC_MIR194,CTGTTAC_MIR194]
[MIR509_3_5P,MIR509_3_5P] was killed by [MIR4255,MIR4255]
[MIR224_3P,MIR224_3P] was killed by [MIR1825,MIR1825]
[MIR1537_5P,MIR1537_5P] was killed by [MIR302D_5P,MIR302D_5P]
[MIR194_5P,MIR194_5P] was killed by [MIR4255,MIR4255]
[MIR4649_3P,MIR4649_3P] was killed by [MIR600,MIR600]
[MIR1227_3P,MIR1227_3P] was killed by [MIR3064_3P,MIR3064_3P]
[MIR6719_3P,MIR6719_3P] was killed by [MIR888_3P,MIR888_3P]
[MIR16_1_3P,MIR16_1_3P] was killed by [MIR487A_3P,MIR487A_3P]
[TCATCTC_MIR143,TCATCTC_MIR143] was killed by [MIR4255,MIR4255]
[MIR520E_5P,MIR520E_5P] was killed by [MIR4436B_5P,MIR4436B_5P]
[MIR6828_5P,MIR6828_5P] was killed by [MIR487A_3P,MIR487A_3P]
[MIR4753_5P,MIR4753_5P] was killed by [MIR4255,MIR4255]
[MIR3156_3P,MIR3156_3P] was killed by [MIR4436B_5P,MIR4436B_5P]
[MIR4287,MIR4287] was killed by [MIR4685_3P,MIR4685_3P]
[MIR1301_3P_MIR5047,MIR1301_3P_MIR5047] was killed by [MIR600,MIR600]
[GGCACTT_MIR519E,GGCACTT_MIR519E] was killed by [CTGTTAC_MIR194,CTGTTAC_MIR194]
[MIR7703,MIR7703] was killed by [MIR6764_3P,MIR6764_3P]
[MIR181A_2_3P,MIR181A_2_3P] was killed by [MIR4255,MIR4255]
[MIR135A_2_3P,MIR135A_2_3P] was killed by [MIR3064_3P,MIR3064_3P]
[ATAGGAA_MIR202,ATAGGAA_MIR202] was killed by [CTGTTAC_MIR194,CTGTTAC_MIR194]
[MIR187_5P,MIR187_5P] was killed by [MIR888_3P,MIR888_3P]
[MIR2467_3P,MIR2467_3P] was killed by [MIR6773_5P,MIR6773_5P]
[MIR875_5P,MIR875_5P] was killed by [MIR3144_3P,MIR3144_3P]
[MIR541_5P,MIR541_5P] was killed by [MIR6830_5P,MIR6830_5P]
[MIR5008_3P,MIR5008_3P] was killed by [CTGTTAC_MIR194,CTGTTAC_MIR194]
[MIR12132,MIR12132] was killed by [MIR487A_3P,MIR487A_3P]
[MIR6724_5P,MIR6724_5P] was killed by [MIR6773_5P,MIR6773_5P]
[ACACTGG_MIR199A_MIR199B,ACACTGG_MIR199A_MIR199B] was killed by [MIR1825,MIR1825]
[MIR135B_3P,MIR135B_3P] was killed by [MIR3064_3P,MIR3064_3P]
[MIR135A_3P,MIR135A_3P] was killed by [MIR600,MIR600]
[MIR6757_3P,MIR6757_3P] was killed by [MIR4436B_5P,MIR4436B_5P]
[MIR5583_5P,MIR5583_5P] was killed by [MIR302D_5P,MIR302D_5P]
[MIR505_3P,MIR505_3P] was killed by [CTGTTAC_MIR194,CTGTTAC_MIR194]
[MIR4286,MIR4286] was killed by [MIR630,MIR630]
[MIR339_5P,MIR339_5P] was killed by [MIR630,MIR630]
[MIR337_3P,MIR337_3P] was killed by [MIR4255,MIR4255]
[GACTGTT_MIR212_MIR132,GACTGTT_MIR212_MIR132] was killed by [CTGTTAC_MIR194,CTGTTAC_MIR194]
[MIR548B_3P,MIR548B_3P] was killed by [MIR888_3P,MIR888_3P]
[MIR433_3P,MIR433_3P] was killed by [MIR487A_3P,MIR487A_3P]
[MIR138_2_3P,MIR138_2_3P] was killed by [CTGTTAC_MIR194,CTGTTAC_MIR194]
[ATACTGT_MIR144,ATACTGT_MIR144] was killed by [MIR4255,MIR4255]
[MIR326,MIR326] was killed by [MIR1825,MIR1825]
[MIR3129_3P,MIR3129_3P] was killed by [MIR302D_5P,MIR302D_5P]
[MIR1257,MIR1257] was killed by [MIR3064_3P,MIR3064_3P]
[MIR5197_5P,MIR5197_5P] was killed by [MIR4436B_5P,MIR4436B_5P]
[MIR4452,MIR4452] was killed by [MIR3064_3P,MIR3064_3P]
[MIR34B_3P,MIR34B_3P] was killed by [MIR6764_3P,MIR6764_3P]
[MIR7161_5P,MIR7161_5P] was killed by [MIR513C_5P,MIR513C_5P]
[MIR513B_3P,MIR513B_3P] was killed by [MIR4255,MIR4255]
[MIR5690,MIR5690] was killed by [MIR4255,MIR4255]
[MIR200A_5P,MIR200A_5P] was killed by [MIR3064_3P,MIR3064_3P]
[TCCAGAT_MIR5165P,TCCAGAT_MIR5165P] was killed by [CTGTTAC_MIR194,CTGTTAC_MIR194]
[CCAGGGG_MIR331,CCAGGGG_MIR331] was killed by [CTGTTAC_MIR194,CTGTTAC_MIR194]
[MIR6516_3P,MIR6516_3P] was killed by [MIR4255,MIR4255]
[MIR10526_3P,MIR10526_3P] was killed by [MIR6764_3P,MIR6764_3P]
[MIR500A_5P,MIR500A_5P] was killed by [MIR1825,MIR1825]
[MIR4275,MIR4275] was killed by [MIR4436B_5P,MIR4436B_5P]
[MIR1324,MIR1324] was killed by [AAGTCCA_MIR422B_MIR422A,AAGTCCA_MIR422B_MIR422A]
[MIR877_5P,MIR877_5P] was killed by [MIR513C_5P,MIR513C_5P]
[MIR143_5P,MIR143_5P] was killed by [MIR3064_3P,MIR3064_3P]
[MIR6828_3P,MIR6828_3P] was killed by [MIR513C_5P,MIR513C_5P]
[TTGGAGA_MIR5155P_MIR519E,TTGGAGA_MIR5155P_MIR519E] was killed by [MIR4255,MIR4255]
[MIR520G_5P,MIR520G_5P] was killed by [MIR652_5P,MIR652_5P]
[MIR330_5P,MIR330_5P] was killed by [MIR1825,MIR1825]
[ATGCAGT_MIR217,ATGCAGT_MIR217] was killed by [MIR4255,MIR4255]
[MIR320A_5P,MIR320A_5P] was killed by [MIR4685_3P,MIR4685_3P]
[MIR8087,MIR8087] was killed by [CTGTTAC_MIR194,CTGTTAC_MIR194]
[ATTACAT_MIR3803P,ATTACAT_MIR3803P] was killed by [MIR4255,MIR4255]
[GCAAAAA_MIR129,GCAAAAA_MIR129] was killed by [GTGTTGA_MIR505,GTGTTGA_MIR505]
[MIR7705,MIR7705] was killed by [MIR3144_3P,MIR3144_3P]
[MIR2053,MIR2053] was killed by [MIR302D_5P,MIR302D_5P]
[MIR7157_3P,MIR7157_3P] was killed by [CTGTTAC_MIR194,CTGTTAC_MIR194]
[GTGCCAT_MIR183,GTGCCAT_MIR183] was killed by [MIR4255,MIR4255]
[GAGCTGG_MIR337,GAGCTGG_MIR337] was killed by [AAGTCCA_MIR422B_MIR422A,AAGTCCA_MIR422B_MIR422A]
[MIR200B_5P,MIR200B_5P] was killed by [MIR3064_3P,MIR3064_3P]
[MIR6841_3P,MIR6841_3P] was killed by [CTGTTAC_MIR194,CTGTTAC_MIR194]
[ATGAAGG_MIR205,ATGAAGG_MIR205] was killed by [CTGTTAC_MIR194,CTGTTAC_MIR194]
[MIR618,MIR618] was killed by [MIR1825,MIR1825]
[ATAAGCT_MIR21,ATAAGCT_MIR21] was killed by [AAGTCCA_MIR422B_MIR422A,AAGTCCA_MIR422B_MIR422A]
[ACCAATC_MIR509,ACCAATC_MIR509] was killed by [MIR767_3P,MIR767_3P]
[MIR548AV_3P,MIR548AV_3P] was killed by [MIR4255,MIR4255]
[MIR6737_3P,MIR6737_3P] was killed by [CTGTTAC_MIR194,CTGTTAC_MIR194]
[MIR4499,MIR4499] was killed by [MIR513C_5P,MIR513C_5P]
[AGCATTA_MIR155,AGCATTA_MIR155] was killed by [MIR4255,MIR4255]
[MIR190B_3P,MIR190B_3P] was killed by [MIR4436B_5P,MIR4436B_5P]
[AGGAGTG_MIR483,AGGAGTG_MIR483] was killed by [MIR630,MIR630]
[MIR219B_3P,MIR219B_3P] was killed by [MIR1289,MIR1289]
[MIR6128,MIR6128] was killed by [MIR1825,MIR1825]
[MIR1256,MIR1256] was killed by [MIR4255,MIR4255]
[MIR4684_5P,MIR4684_5P] was killed by [MIR4255,MIR4255]
[MIR5003_5P,MIR5003_5P] was killed by [MIR4255,MIR4255]
[MIR299_5P,MIR299_5P] was killed by [MIR652_5P,MIR652_5P]
[MIR6831_5P,MIR6831_5P] was killed by [MIR4705,MIR4705]
[MIR4794,MIR4794] was killed by [GTGTTGA_MIR505,GTGTTGA_MIR505]
[MIR19B_1_5P_MIR19B_2_5P,MIR19B_1_5P_MIR19B_2_5P] was killed by [MIR1825,MIR1825]
[GTAAACC_MIR2995P,GTAAACC_MIR2995P] was killed by [MIR487A_3P,MIR487A_3P]
[MIR4680_5P,MIR4680_5P] was killed by [MIR487A_3P,MIR487A_3P]
[GTGACTT_MIR224,GTGACTT_MIR224] was killed by [MIR4255,MIR4255]
[MIR5004_5P,MIR5004_5P] was killed by [MIR6764_3P,MIR6764_3P]
[MIR19A_5P,MIR19A_5P] was killed by [MIR1825,MIR1825]
[MIR520F_5P,MIR520F_5P] was killed by [MIR4255,MIR4255]
[MIR103A_1_5P,MIR103A_1_5P] was killed by [MIR302D_5P,MIR302D_5P]
[MIR891A_3P,MIR891A_3P] was killed by [MIR4436B_5P,MIR4436B_5P]
[MIR11181_5P,MIR11181_5P] was killed by [MIR302D_5P,MIR302D_5P]
[MIR642B_5P,MIR642B_5P] was killed by [MIR302D_5P,MIR302D_5P]
[MIR550B_3P,MIR550B_3P] was killed by [MIR4255,MIR4255]
[MIR191_5P,MIR191_5P] was killed by [MIR4685_3P,MIR4685_3P]
[MIR4790_5P,MIR4790_5P] was killed by [MIR4255,MIR4255]
[MIR212_3P,MIR212_3P] was killed by [MIR1825,MIR1825]
[MIR4484,MIR4484] was killed by [MIR3064_3P,MIR3064_3P]
[MIR3927_3P,MIR3927_3P] was killed by [MIR4705,MIR4705]
[MIR3920,MIR3920] was killed by [MIR630,MIR630]
[MIR3960_MIR8072,MIR3960_MIR8072] was killed by [MIR767_3P,MIR767_3P]
[MIR192_5P,MIR192_5P] was killed by [MIR767_3P,MIR767_3P]
[MIR4300,MIR4300] was killed by [MIR6775_3P,MIR6775_3P]
[MIR103A_2_5P,MIR103A_2_5P] was killed by [MIR302D_5P,MIR302D_5P]
[MIR4256,MIR4256] was killed by [MIR302D_5P,MIR302D_5P]
[MIR5585_5P,MIR5585_5P] was killed by [MIR1289,MIR1289]
[MIR9851_5P,MIR9851_5P] was killed by [AAGTCCA_MIR422B_MIR422A,AAGTCCA_MIR422B_MIR422A]
[MIR199A_3P_MIR199B_3P,MIR199A_3P_MIR199B_3P] was killed by [MIR4255,MIR4255]
[MIR4320,MIR4320] was killed by [MIR4685_3P,MIR4685_3P]
[MIR3159,MIR3159] was killed by [MIR3144_3P,MIR3144_3P]
[AACATTC_MIR4093P,AACATTC_MIR4093P] was killed by [MIR4255,MIR4255]
[GGTGAAG_MIR412,GGTGAAG_MIR412] was killed by [MIR600,MIR600]
[GCATTTG_MIR105,GCATTTG_MIR105] was killed by [CTGTTAC_MIR194,CTGTTAC_MIR194]
[MIR1207_3P,MIR1207_3P] was killed by [MIR4436B_5P,MIR4436B_5P]
[MIR125B_2_3P,MIR125B_2_3P] was killed by [MIR302D_5P,MIR302D_5P]
[MIR6792_3P,MIR6792_3P] was killed by [MIR4255,MIR4255]
[MIR122_3P,MIR122_3P] was killed by [MIR3144_3P,MIR3144_3P]
[MIR196A_5P_MIR196B_5P,MIR196A_5P_MIR196B_5P] was killed by [MIR4255,MIR4255]
[MIR4693_5P,MIR4693_5P] was killed by [MIR4255,MIR4255]
[MIR1322,MIR1322] was killed by [MIR767_3P,MIR767_3P]
[MIR371B_3P,MIR371B_3P] was killed by [MIR4255,MIR4255]
[MIR4327,MIR4327] was killed by [MIR4436B_5P,MIR4436B_5P]
[MIR12135,MIR12135] was killed by [CTGTTAC_MIR194,CTGTTAC_MIR194]
[MIR4504,MIR4504] was killed by [MIR4436B_5P,MIR4436B_5P]
