[MIR4257,MIR4257] was killed by [MIR6768_5P,MIR6768_5P]
[MIR1291,MIR1291] was killed by [MIR4755_3P,MIR4755_3P]
[MIR767_5P,MIR767_5P] was killed by [MIR6768_5P,MIR6768_5P]
[MIR4255,MIR4255] was killed by [GTGCCAT_MIR183,GTGCCAT_MIR183]
[MIR6866_3P,MIR6866_3P] was killed by [AAGGGAT_MIR188,AAGGGAT_MIR188]
[GTCTTCC_MIR7,GTCTTCC_MIR7] was killed by [GTGCCAT_MIR183,GTGCCAT_MIR183]
[ATGAAGG_MIR205,ATGAAGG_MIR205] was killed by [AAGGGAT_MIR188,AAGGGAT_MIR188]
[MIR10393_5P,MIR10393_5P] was killed by [MIR6768_5P,MIR6768_5P]
[MIR5571_5P,MIR5571_5P] was killed by [MIR4724_5P,MIR4724_5P]
[TAATGTG_MIR323,TAATGTG_MIR323] was killed by [GTGCCAT_MIR183,GTGCCAT_MIR183]
[MIR3679_3P,MIR3679_3P] was killed by [AAGGGAT_MIR188,AAGGGAT_MIR188]
[MIR4753_5P,MIR4753_5P] was killed by [GTGCCAT_MIR183,GTGCCAT_MIR183]
[MIR6819_3P,MIR6819_3P] was killed by [MIR6768_5P,MIR6768_5P]
[MIR6792_5P,MIR6792_5P] was killed by [AAGGGAT_MIR188,AAGGGAT_MIR188]
[MIR3926,MIR3926] was killed by [MIR4724_5P,MIR4724_5P]
[MIR6877_3P,MIR6877_3P] was killed by [MIR6768_5P,MIR6768_5P]
[MIR216B_3P,MIR216B_3P] was killed by [MIR4473,MIR4473]
[MIR651_5P,MIR651_5P] was killed by [MIR2054,MIR2054]
[MIR1266_3P,MIR1266_3P] was killed by [MIR7975,MIR7975]
[MIR762,MIR762] was killed by [MIR4755_3P,MIR4755_3P]
[MIR188_5P,MIR188_5P] was killed by [AAGGGAT_MIR188,AAGGGAT_MIR188]
[MIR7160_5P,MIR7160_5P] was killed by [AAGGGAT_MIR188,AAGGGAT_MIR188]
[MIR147A,MIR147A] was killed by [MIR181A_2_3P,MIR181A_2_3P]
[MIR520F_3P,MIR520F_3P] was killed by [GTGCCAT_MIR183,GTGCCAT_MIR183]
[MIR22_3P,MIR22_3P] was killed by [AAGGGAT_MIR188,AAGGGAT_MIR188]
[MIR320A_5P,MIR320A_5P] was killed by [MIR6814_5P,MIR6814_5P]
[MIR6807_3P,MIR6807_3P] was killed by [MIR6768_5P,MIR6768_5P]
[MIR383_3P,MIR383_3P] was killed by [AAGGGAT_MIR188,AAGGGAT_MIR188]
[MIR4633_3P_MIR6500_5P,MIR4633_3P_MIR6500_5P] was killed by [MIR6768_5P,MIR6768_5P]
[MIR3920,MIR3920] was killed by [MIR181A_2_3P,MIR181A_2_3P]
[MIR6775_3P,MIR6775_3P] was killed by [MIR4755_3P,MIR4755_3P]
[CAGGGTC_MIR504,CAGGGTC_MIR504] was killed by [GTGCCAT_MIR183,GTGCCAT_MIR183]
[MIR3925_5P,MIR3925_5P] was killed by [MIR5585_5P,MIR5585_5P]
[MIR5001_5P,MIR5001_5P] was killed by [MIR4755_3P,MIR4755_3P]
[MIR548AT_3P,MIR548AT_3P] was killed by [MIR4724_5P,MIR4724_5P]
[MIR4289,MIR4289] was killed by [MIR4724_5P,MIR4724_5P]
[MIR7150,MIR7150] was killed by [ATACCTC_MIR202,ATACCTC_MIR202]
[MIR548V,MIR548V] was killed by [GTGCCAT_MIR183,GTGCCAT_MIR183]
[MIR4277,MIR4277] was killed by [MIR4724_5P,MIR4724_5P]
[MIR2114_5P,MIR2114_5P] was killed by [MIR4762_5P,MIR4762_5P]
[TTCCGTT_MIR191,TTCCGTT_MIR191] was killed by [GTGCCAT_MIR183,GTGCCAT_MIR183]
[MIR141_5P,MIR141_5P] was killed by [MIR181A_2_3P,MIR181A_2_3P]
[MIR194_5P,MIR194_5P] was killed by [GTGCCAT_MIR183,GTGCCAT_MIR183]
[GTTATAT_MIR410,GTTATAT_MIR410] was killed by [GTGCCAT_MIR183,GTGCCAT_MIR183]
[MIR6730_5P,MIR6730_5P] was killed by [MIR4724_5P,MIR4724_5P]
[MIR130B_5P,MIR130B_5P] was killed by [MIR4762_5P,MIR4762_5P]
[MIR628_3P,MIR628_3P] was killed by [AAGGGAT_MIR188,AAGGGAT_MIR188]
[MIR6501_3P,MIR6501_3P] was killed by [MIR6768_5P,MIR6768_5P]
[MIR548AY_3P,MIR548AY_3P] was killed by [MIR4724_5P,MIR4724_5P]
[MIR4653_3P,MIR4653_3P] was killed by [AAGGGAT_MIR188,AAGGGAT_MIR188]
[MIR506_5P,MIR506_5P] was killed by [MIR4762_5P,MIR4762_5P]
[TCCGTCC_MIR184,TCCGTCC_MIR184] was killed by [MIR6768_5P,MIR6768_5P]
[MIR567,MIR567] was killed by [MIR4724_5P,MIR4724_5P]
[MIR217_5P,MIR217_5P] was killed by [MIR6768_5P,MIR6768_5P]
[MIR1295B_3P,MIR1295B_3P] was killed by [MIR4755_3P,MIR4755_3P]
[MIR552_5P,MIR552_5P] was killed by [MIR4762_5P,MIR4762_5P]
[MIR548M,MIR548M] was killed by [MIR7975,MIR7975]
[MIR4418,MIR4418] was killed by [MIR4473,MIR4473]
