[GOMF_STRUCTURAL_CONSTITUENT_OF_RIBOSOME,GOMF_STRUCTURAL_CONSTITUENT_OF_RIBOSOME] was killed by [GOCC_RIBOSOMAL_SUBUNIT,GOCC_RIBOSOMAL_SUBUNIT]
[GOBP_REGULATION_OF_CELLULAR_AMINE_METABOLIC_PROCESS,GOBP_REGULATION_OF_CELLULAR_AMINE_METABOLIC_PROCESS] was killed by [GOBP_AMINE_METABOLIC_PROCESS,GOBP_AMINE_METABOLIC_PROCESS]
[GOCC_ENDOPEPTIDASE_COMPLEX,GOCC_ENDOPEPTIDASE_COMPLEX] was killed by [GOBP_AMINE_METABOLIC_PROCESS,GOBP_AMINE_METABOLIC_PROCESS]
[GOBP_GLYCOSYL_COMPOUND_METABOLIC_PROCESS,GOBP_GLYCOSYL_COMPOUND_METABOLIC_PROCESS] was killed by [GOMF_LYASE_ACTIVITY,GOMF_LYASE_ACTIVITY]
[GOBP_TRNA_PROCESSING,GOBP_TRNA_PROCESSING] was killed by [GOBP_TRNA_METABOLIC_PROCESS,GOBP_TRNA_METABOLIC_PROCESS]
[GOCC_CYTOSOLIC_RIBOSOME,GOCC_CYTOSOLIC_RIBOSOME] was killed by [GOCC_RIBOSOMAL_SUBUNIT,GOCC_RIBOSOMAL_SUBUNIT]
[GOBP_NEGATIVE_REGULATION_OF_CANONICAL_WNT_SIGNALING_PATHWAY,GOBP_NEGATIVE_REGULATION_OF_CANONICAL_WNT_SIGNALING_PATHWAY] was killed by [GOBP_AMINE_METABOLIC_PROCESS,GOBP_AMINE_METABOLIC_PROCESS]
[GOBP_COTRANSLATIONAL_PROTEIN_TARGETING_TO_MEMBRANE,GOBP_COTRANSLATIONAL_PROTEIN_TARGETING_TO_MEMBRANE] was killed by [GOCC_RIBOSOMAL_SUBUNIT,GOCC_RIBOSOMAL_SUBUNIT]
[GOMF_EXONUCLEASE_ACTIVITY_ACTIVE_WITH_EITHER_RIBO_OR_DEOXYRIBONUCLEIC_ACIDS_AND_PRODUCING_5_PHOSPHOMONOESTERS,GOMF_EXONUCLEASE_ACTIVITY_ACTIVE_WITH_EITHER_RIBO_OR_DEOXYRIBONUCLEIC_ACIDS_AND_PRODUCING_5_PHOSPHOMONOESTERS] was killed by [GOMF_EXONUCLEASE_ACTIVITY,GOMF_EXONUCLEASE_ACTIVITY]
[GOMF_SIGNAL_SEQUENCE_BINDING,GOMF_SIGNAL_SEQUENCE_BINDING] was killed by [GOBP_NUCLEUS_ORGANIZATION,GOBP_NUCLEUS_ORGANIZATION]
[GOCC_CUL4_RING_E3_UBIQUITIN_LIGASE_COMPLEX,GOCC_CUL4_RING_E3_UBIQUITIN_LIGASE_COMPLEX] was killed by [GOCC_CULLIN_RING_UBIQUITIN_LIGASE_COMPLEX,GOCC_CULLIN_RING_UBIQUITIN_LIGASE_COMPLEX]
[GOBP_BASE_EXCISION_REPAIR,GOBP_BASE_EXCISION_REPAIR] was killed by [GOMF_EXONUCLEASE_ACTIVITY,GOMF_EXONUCLEASE_ACTIVITY]
[GOBP_REGULATION_OF_CELLULAR_AMINO_ACID_METABOLIC_PROCESS,GOBP_REGULATION_OF_CELLULAR_AMINO_ACID_METABOLIC_PROCESS] was killed by [GOBP_AMINE_METABOLIC_PROCESS,GOBP_AMINE_METABOLIC_PROCESS]
[GOMF_ISOMERASE_ACTIVITY,GOMF_ISOMERASE_ACTIVITY] was killed by [GOBP_TRNA_METABOLIC_PROCESS,GOBP_TRNA_METABOLIC_PROCESS]
[GOMF_CARBON_CARBON_LYASE_ACTIVITY,GOMF_CARBON_CARBON_LYASE_ACTIVITY] was killed by [GOMF_LYASE_ACTIVITY,GOMF_LYASE_ACTIVITY]
[GOCC_LARGE_RIBOSOMAL_SUBUNIT,GOCC_LARGE_RIBOSOMAL_SUBUNIT] was killed by [GOCC_RIBOSOMAL_SUBUNIT,GOCC_RIBOSOMAL_SUBUNIT]
[GOBP_REGULATION_OF_UBIQUITIN_PROTEIN_TRANSFERASE_ACTIVITY,GOBP_REGULATION_OF_UBIQUITIN_PROTEIN_TRANSFERASE_ACTIVITY] was killed by [GOCC_CULLIN_RING_UBIQUITIN_LIGASE_COMPLEX,GOCC_CULLIN_RING_UBIQUITIN_LIGASE_COMPLEX]
[GOBP_REGULATION_OF_ANTIGEN_RECEPTOR_MEDIATED_SIGNALING_PATHWAY,GOBP_REGULATION_OF_ANTIGEN_RECEPTOR_MEDIATED_SIGNALING_PATHWAY] was killed by [GOBP_REGULATION_OF_T_CELL_RECEPTOR_SIGNALING_PATHWAY,GOBP_REGULATION_OF_T_CELL_RECEPTOR_SIGNALING_PATHWAY]
[GOMF_ENDODEOXYRIBONUCLEASE_ACTIVITY_PRODUCING_5_PHOSPHOMONOESTERS,GOMF_ENDODEOXYRIBONUCLEASE_ACTIVITY_PRODUCING_5_PHOSPHOMONOESTERS] was killed by [GOMF_EXONUCLEASE_ACTIVITY,GOMF_EXONUCLEASE_ACTIVITY]
[GOBP_NAD_METABOLIC_PROCESS,GOBP_NAD_METABOLIC_PROCESS] was killed by [GOBP_CELLULAR_CARBOHYDRATE_CATABOLIC_PROCESS,GOBP_CELLULAR_CARBOHYDRATE_CATABOLIC_PROCESS]
[GOCC_COPII_COATED_ER_TO_GOLGI_TRANSPORT_VESICLE,GOCC_COPII_COATED_ER_TO_GOLGI_TRANSPORT_VESICLE] was killed by [GOCC_GOLGI_ASSOCIATED_VESICLE,GOCC_GOLGI_ASSOCIATED_VESICLE]
[GOBP_MAST_CELL_ACTIVATION,GOBP_MAST_CELL_ACTIVATION] was killed by [GOBP_REGULATION_OF_T_CELL_RECEPTOR_SIGNALING_PATHWAY,GOBP_REGULATION_OF_T_CELL_RECEPTOR_SIGNALING_PATHWAY]
[GOMF_3_5_EXONUCLEASE_ACTIVITY,GOMF_3_5_EXONUCLEASE_ACTIVITY] was killed by [GOMF_EXONUCLEASE_ACTIVITY,GOMF_EXONUCLEASE_ACTIVITY]
[GOCC_FICOLIN_1_RICH_GRANULE_LUMEN,GOCC_FICOLIN_1_RICH_GRANULE_LUMEN] was killed by [GOBP_CELLULAR_CARBOHYDRATE_CATABOLIC_PROCESS,GOBP_CELLULAR_CARBOHYDRATE_CATABOLIC_PROCESS]
[GOMF_CATALYTIC_ACTIVITY_ACTING_ON_A_TRNA,GOMF_CATALYTIC_ACTIVITY_ACTING_ON_A_TRNA] was killed by [GOBP_TRNA_METABOLIC_PROCESS,GOBP_TRNA_METABOLIC_PROCESS]
[GOBP_MANNOSYLATION,GOBP_MANNOSYLATION] was killed by [GOMF_MANNOSYLTRANSFERASE_ACTIVITY,GOMF_MANNOSYLTRANSFERASE_ACTIVITY]
[GOBP_MULTICELLULAR_ORGANISM_GROWTH,GOBP_MULTICELLULAR_ORGANISM_GROWTH] was killed by [GOBP_GENITALIA_DEVELOPMENT,GOBP_GENITALIA_DEVELOPMENT]
[GOBP_PYRIMIDINE_NUCLEOTIDE_METABOLIC_PROCESS,GOBP_PYRIMIDINE_NUCLEOTIDE_METABOLIC_PROCESS] was killed by [GOMF_LYASE_ACTIVITY,GOMF_LYASE_ACTIVITY]
[GOBP_BODY_MORPHOGENESIS,GOBP_BODY_MORPHOGENESIS] was killed by [GOBP_GENITALIA_DEVELOPMENT,GOBP_GENITALIA_DEVELOPMENT]
[GOMF_EXODEOXYRIBONUCLEASE_ACTIVITY,GOMF_EXODEOXYRIBONUCLEASE_ACTIVITY] was killed by [GOMF_EXONUCLEASE_ACTIVITY,GOMF_EXONUCLEASE_ACTIVITY]
[GOBP_NADH_METABOLIC_PROCESS,GOBP_NADH_METABOLIC_PROCESS] was killed by [GOBP_CELLULAR_CARBOHYDRATE_CATABOLIC_PROCESS,GOBP_CELLULAR_CARBOHYDRATE_CATABOLIC_PROCESS]
[GOBP_TRANSCRIPTION_BY_RNA_POLYMERASE_I,GOBP_TRANSCRIPTION_BY_RNA_POLYMERASE_I] was killed by [GOMF_DNA_DEPENDENT_ATPASE_ACTIVITY,GOMF_DNA_DEPENDENT_ATPASE_ACTIVITY]
[GOMF_NUCLEAR_LOCALIZATION_SEQUENCE_BINDING,GOMF_NUCLEAR_LOCALIZATION_SEQUENCE_BINDING] was killed by [GOBP_NUCLEUS_ORGANIZATION,GOBP_NUCLEUS_ORGANIZATION]
[GOMF_NUCLEOTIDE_TRANSMEMBRANE_TRANSPORTER_ACTIVITY,GOMF_NUCLEOTIDE_TRANSMEMBRANE_TRANSPORTER_ACTIVITY] was killed by [GOMF_PURINE_RIBONUCLEOTIDE_TRANSMEMBRANE_TRANSPORTER_ACTIVITY,GOMF_PURINE_RIBONUCLEOTIDE_TRANSMEMBRANE_TRANSPORTER_ACTIVITY]
[GOBP_CEREBRAL_CORTEX_CELL_MIGRATION,GOBP_CEREBRAL_CORTEX_CELL_MIGRATION] was killed by [GOBP_NUCLEUS_ORGANIZATION,GOBP_NUCLEUS_ORGANIZATION]
[GOBP_DENDRITIC_SPINE_MORPHOGENESIS,GOBP_DENDRITIC_SPINE_MORPHOGENESIS] was killed by [GOBP_SALIVARY_GLAND_DEVELOPMENT,GOBP_SALIVARY_GLAND_DEVELOPMENT]
[GOCC_PEPTIDASE_COMPLEX,GOCC_PEPTIDASE_COMPLEX] was killed by [GOBP_AMINE_METABOLIC_PROCESS,GOBP_AMINE_METABOLIC_PROCESS]
[GOBP_RESPONSE_TO_GROWTH_HORMONE,GOBP_RESPONSE_TO_GROWTH_HORMONE] was killed by [GOBP_NEGATIVE_REGULATION_OF_CIRCADIAN_RHYTHM,GOBP_NEGATIVE_REGULATION_OF_CIRCADIAN_RHYTHM]
[GOBP_MIDBRAIN_DEVELOPMENT,GOBP_MIDBRAIN_DEVELOPMENT] was killed by [GOCC_OXIDOREDUCTASE_COMPLEX,GOCC_OXIDOREDUCTASE_COMPLEX]
[GOBP_DETECTION_OF_BIOTIC_STIMULUS,GOBP_DETECTION_OF_BIOTIC_STIMULUS] was killed by [GOBP_ANTIMICROBIAL_HUMORAL_RESPONSE,GOBP_ANTIMICROBIAL_HUMORAL_RESPONSE]
[GOCC_EXON_EXON_JUNCTION_COMPLEX,GOCC_EXON_EXON_JUNCTION_COMPLEX] was killed by [GOCC_CATALYTIC_STEP_2_SPLICEOSOME,GOCC_CATALYTIC_STEP_2_SPLICEOSOME]
[GOBP_REGULATION_OF_MAST_CELL_ACTIVATION,GOBP_REGULATION_OF_MAST_CELL_ACTIVATION] was killed by [GOBP_REGULATION_OF_T_CELL_RECEPTOR_SIGNALING_PATHWAY,GOBP_REGULATION_OF_T_CELL_RECEPTOR_SIGNALING_PATHWAY]
[GOBP_VESICLE_CARGO_LOADING,GOBP_VESICLE_CARGO_LOADING] was killed by [GOCC_GOLGI_ASSOCIATED_VESICLE,GOCC_GOLGI_ASSOCIATED_VESICLE]
[GOBP_SISTER_CHROMATID_COHESION,GOBP_SISTER_CHROMATID_COHESION] was killed by [GOMF_DNA_DEPENDENT_ATPASE_ACTIVITY,GOMF_DNA_DEPENDENT_ATPASE_ACTIVITY]
[GOBP_POSITIVE_REGULATION_OF_NEURON_DIFFERENTIATION,GOBP_POSITIVE_REGULATION_OF_NEURON_DIFFERENTIATION] was killed by [GOBP_STEROID_BIOSYNTHETIC_PROCESS,GOBP_STEROID_BIOSYNTHETIC_PROCESS]
[GOBP_MITOCHONDRIAL_TRANSMEMBRANE_TRANSPORT,GOBP_MITOCHONDRIAL_TRANSMEMBRANE_TRANSPORT] was killed by [GOMF_PURINE_RIBONUCLEOTIDE_TRANSMEMBRANE_TRANSPORTER_ACTIVITY,GOMF_PURINE_RIBONUCLEOTIDE_TRANSMEMBRANE_TRANSPORTER_ACTIVITY]
[GOBP_NATURAL_KILLER_CELL_MEDIATED_IMMUNITY,GOBP_NATURAL_KILLER_CELL_MEDIATED_IMMUNITY] was killed by [GOBP_REGULATION_OF_T_CELL_RECEPTOR_SIGNALING_PATHWAY,GOBP_REGULATION_OF_T_CELL_RECEPTOR_SIGNALING_PATHWAY]
[GOCC_SNARE_COMPLEX,GOCC_SNARE_COMPLEX] was killed by [GOCC_GOLGI_ASSOCIATED_VESICLE,GOCC_GOLGI_ASSOCIATED_VESICLE]
[GOBP_REGULATION_OF_VASOCONSTRICTION,GOBP_REGULATION_OF_VASOCONSTRICTION] was killed by [GOBP_NEGATIVE_REGULATION_OF_CIRCADIAN_RHYTHM,GOBP_NEGATIVE_REGULATION_OF_CIRCADIAN_RHYTHM]
[GOBP_NEGATIVE_REGULATION_OF_RNA_CATABOLIC_PROCESS,GOBP_NEGATIVE_REGULATION_OF_RNA_CATABOLIC_PROCESS] was killed by [GOCC_CATALYTIC_STEP_2_SPLICEOSOME,GOCC_CATALYTIC_STEP_2_SPLICEOSOME]
[GOBP_POSITIVE_REGULATION_OF_STRESS_ACTIVATED_PROTEIN_KINASE_SIGNALING_CASCADE,GOBP_POSITIVE_REGULATION_OF_STRESS_ACTIVATED_PROTEIN_KINASE_SIGNALING_CASCADE] was killed by [GOBP_SALIVARY_GLAND_DEVELOPMENT,GOBP_SALIVARY_GLAND_DEVELOPMENT]
[GOBP_METAPHASE_ANAPHASE_TRANSITION_OF_CELL_CYCLE,GOBP_METAPHASE_ANAPHASE_TRANSITION_OF_CELL_CYCLE] was killed by [GOBP_NUCLEUS_ORGANIZATION,GOBP_NUCLEUS_ORGANIZATION]
[GOBP_REGULATION_OF_SYNAPTIC_VESICLE_EXOCYTOSIS,GOBP_REGULATION_OF_SYNAPTIC_VESICLE_EXOCYTOSIS] was killed by [GOBP_GLUTAMATE_SECRETION,GOBP_GLUTAMATE_SECRETION]
[GOCC_ER_TO_GOLGI_TRANSPORT_VESICLE_MEMBRANE,GOCC_ER_TO_GOLGI_TRANSPORT_VESICLE_MEMBRANE] was killed by [GOCC_GOLGI_ASSOCIATED_VESICLE,GOCC_GOLGI_ASSOCIATED_VESICLE]
[GOMF_TRANSLATION_FACTOR_ACTIVITY_RNA_BINDING,GOMF_TRANSLATION_FACTOR_ACTIVITY_RNA_BINDING] was killed by [GOCC_RIBOSOMAL_SUBUNIT,GOCC_RIBOSOMAL_SUBUNIT]
[GOMF_WNT_PROTEIN_BINDING,GOMF_WNT_PROTEIN_BINDING] was killed by [GOBP_GENITALIA_DEVELOPMENT,GOBP_GENITALIA_DEVELOPMENT]
[GOBP_AMINO_ACID_ACTIVATION,GOBP_AMINO_ACID_ACTIVATION] was killed by [GOBP_TRNA_METABOLIC_PROCESS,GOBP_TRNA_METABOLIC_PROCESS]
[GOBP_PURINE_NUCLEOTIDE_TRANSPORT,GOBP_PURINE_NUCLEOTIDE_TRANSPORT] was killed by [GOMF_PURINE_RIBONUCLEOTIDE_TRANSMEMBRANE_TRANSPORTER_ACTIVITY,GOMF_PURINE_RIBONUCLEOTIDE_TRANSMEMBRANE_TRANSPORTER_ACTIVITY]
[GOMF_PURINE_NUCLEOTIDE_TRANSMEMBRANE_TRANSPORTER_ACTIVITY,GOMF_PURINE_NUCLEOTIDE_TRANSMEMBRANE_TRANSPORTER_ACTIVITY] was killed by [GOMF_PURINE_RIBONUCLEOTIDE_TRANSMEMBRANE_TRANSPORTER_ACTIVITY,GOMF_PURINE_RIBONUCLEOTIDE_TRANSMEMBRANE_TRANSPORTER_ACTIVITY]
[GOMF_HISTONE_METHYLTRANSFERASE_ACTIVITY,GOMF_HISTONE_METHYLTRANSFERASE_ACTIVITY] was killed by [GOBP_NEGATIVE_REGULATION_OF_CIRCADIAN_RHYTHM,GOBP_NEGATIVE_REGULATION_OF_CIRCADIAN_RHYTHM]
[GOBP_POLYSACCHARIDE_CATABOLIC_PROCESS,GOBP_POLYSACCHARIDE_CATABOLIC_PROCESS] was killed by [GOBP_CELLULAR_CARBOHYDRATE_CATABOLIC_PROCESS,GOBP_CELLULAR_CARBOHYDRATE_CATABOLIC_PROCESS]
[GOBP_REGULATION_OF_CARBOHYDRATE_BIOSYNTHETIC_PROCESS,GOBP_REGULATION_OF_CARBOHYDRATE_BIOSYNTHETIC_PROCESS] was killed by [GOBP_CELLULAR_CARBOHYDRATE_CATABOLIC_PROCESS,GOBP_CELLULAR_CARBOHYDRATE_CATABOLIC_PROCESS]
[GOBP_GLOBAL_GENOME_NUCLEOTIDE_EXCISION_REPAIR,GOBP_GLOBAL_GENOME_NUCLEOTIDE_EXCISION_REPAIR] was killed by [GOCC_CULLIN_RING_UBIQUITIN_LIGASE_COMPLEX,GOCC_CULLIN_RING_UBIQUITIN_LIGASE_COMPLEX]
[GOBP_PURINE_NUCLEOSIDE_METABOLIC_PROCESS,GOBP_PURINE_NUCLEOSIDE_METABOLIC_PROCESS] was killed by [GOBP_NUCLEOSIDE_METABOLIC_PROCESS,GOBP_NUCLEOSIDE_METABOLIC_PROCESS]
[GOBP_TRANSLATIONAL_ELONGATION,GOBP_TRANSLATIONAL_ELONGATION] was killed by [GOCC_RIBOSOMAL_SUBUNIT,GOCC_RIBOSOMAL_SUBUNIT]
[GOBP_DEOXYRIBONUCLEOTIDE_METABOLIC_PROCESS,GOBP_DEOXYRIBONUCLEOTIDE_METABOLIC_PROCESS] was killed by [GOMF_LYASE_ACTIVITY,GOMF_LYASE_ACTIVITY]
[GOBP_EXOCRINE_SYSTEM_DEVELOPMENT,GOBP_EXOCRINE_SYSTEM_DEVELOPMENT] was killed by [GOBP_SALIVARY_GLAND_DEVELOPMENT,GOBP_SALIVARY_GLAND_DEVELOPMENT]
[GOBP_ENDOSOME_ORGANIZATION,GOBP_ENDOSOME_ORGANIZATION] was killed by [GOBP_NUCLEUS_ORGANIZATION,GOBP_NUCLEUS_ORGANIZATION]
[GOBP_REGULATION_OF_MULTICELLULAR_ORGANISM_GROWTH,GOBP_REGULATION_OF_MULTICELLULAR_ORGANISM_GROWTH] was killed by [GOBP_GENITALIA_DEVELOPMENT,GOBP_GENITALIA_DEVELOPMENT]
[GOBP_ENERGY_RESERVE_METABOLIC_PROCESS,GOBP_ENERGY_RESERVE_METABOLIC_PROCESS] was killed by [GOBP_CELLULAR_CARBOHYDRATE_CATABOLIC_PROCESS,GOBP_CELLULAR_CARBOHYDRATE_CATABOLIC_PROCESS]
[GOBP_REGULATION_OF_CHROMOSOME_SEGREGATION,GOBP_REGULATION_OF_CHROMOSOME_SEGREGATION] was killed by [GOBP_NUCLEUS_ORGANIZATION,GOBP_NUCLEUS_ORGANIZATION]
[GOBP_CELLULAR_RESPONSE_TO_VASCULAR_ENDOTHELIAL_GROWTH_FACTOR_STIMULUS,GOBP_CELLULAR_RESPONSE_TO_VASCULAR_ENDOTHELIAL_GROWTH_FACTOR_STIMULUS] was killed by [GOBP_REGULATION_OF_T_CELL_RECEPTOR_SIGNALING_PATHWAY,GOBP_REGULATION_OF_T_CELL_RECEPTOR_SIGNALING_PATHWAY]
[GOBP_COPII_COATED_VESICLE_CARGO_LOADING,GOBP_COPII_COATED_VESICLE_CARGO_LOADING] was killed by [GOBP_STEROID_BIOSYNTHETIC_PROCESS,GOBP_STEROID_BIOSYNTHETIC_PROCESS]
[GOBP_PYRIMIDINE_NUCLEOTIDE_CATABOLIC_PROCESS,GOBP_PYRIMIDINE_NUCLEOTIDE_CATABOLIC_PROCESS] was killed by [GOMF_LYASE_ACTIVITY,GOMF_LYASE_ACTIVITY]
[GOBP_POSITIVE_REGULATION_OF_UBIQUITIN_PROTEIN_TRANSFERASE_ACTIVITY,GOBP_POSITIVE_REGULATION_OF_UBIQUITIN_PROTEIN_TRANSFERASE_ACTIVITY] was killed by [GOCC_CULLIN_RING_UBIQUITIN_LIGASE_COMPLEX,GOCC_CULLIN_RING_UBIQUITIN_LIGASE_COMPLEX]
[GOMF_LIGASE_ACTIVITY_FORMING_CARBON_OXYGEN_BONDS,GOMF_LIGASE_ACTIVITY_FORMING_CARBON_OXYGEN_BONDS] was killed by [GOBP_TRNA_METABOLIC_PROCESS,GOBP_TRNA_METABOLIC_PROCESS]
[GOBP_PYRIMIDINE_CONTAINING_COMPOUND_METABOLIC_PROCESS,GOBP_PYRIMIDINE_CONTAINING_COMPOUND_METABOLIC_PROCESS] was killed by [GOMF_LYASE_ACTIVITY,GOMF_LYASE_ACTIVITY]
[GOBP_HISTONE_DEUBIQUITINATION,GOBP_HISTONE_DEUBIQUITINATION] was killed by [GOBP_NUCLEUS_ORGANIZATION,GOBP_NUCLEUS_ORGANIZATION]
[GOMF_PHOSPHATASE_BINDING,GOMF_PHOSPHATASE_BINDING] was killed by [GOCC_CULLIN_RING_UBIQUITIN_LIGASE_COMPLEX,GOCC_CULLIN_RING_UBIQUITIN_LIGASE_COMPLEX]
[GOBP_DNA_MODIFICATION,GOBP_DNA_MODIFICATION] was killed by [GOMF_EXONUCLEASE_ACTIVITY,GOMF_EXONUCLEASE_ACTIVITY]
[GOBP_FATTY_ACID_BIOSYNTHETIC_PROCESS,GOBP_FATTY_ACID_BIOSYNTHETIC_PROCESS] was killed by [GOMF_LYASE_ACTIVITY,GOMF_LYASE_ACTIVITY]
[GOBP_GUANOSINE_CONTAINING_COMPOUND_METABOLIC_PROCESS,GOBP_GUANOSINE_CONTAINING_COMPOUND_METABOLIC_PROCESS] was killed by [GOBP_NUCLEOSIDE_METABOLIC_PROCESS,GOBP_NUCLEOSIDE_METABOLIC_PROCESS]
[GOBP_LACTATION,GOBP_LACTATION] was killed by [GOBP_NUCLEOSIDE_METABOLIC_PROCESS,GOBP_NUCLEOSIDE_METABOLIC_PROCESS]
[GOBP_RESPONSE_TO_PROGESTERONE,GOBP_RESPONSE_TO_PROGESTERONE] was killed by [GOBP_REGULATION_OF_T_CELL_RECEPTOR_SIGNALING_PATHWAY,GOBP_REGULATION_OF_T_CELL_RECEPTOR_SIGNALING_PATHWAY]
[GOBP_POSITIVE_REGULATION_OF_JNK_CASCADE,GOBP_POSITIVE_REGULATION_OF_JNK_CASCADE] was killed by [GOBP_SALIVARY_GLAND_DEVELOPMENT,GOBP_SALIVARY_GLAND_DEVELOPMENT]
[GOCC_GOLGI_ASSOCIATED_VESICLE_MEMBRANE,GOCC_GOLGI_ASSOCIATED_VESICLE_MEMBRANE] was killed by [GOCC_GOLGI_ASSOCIATED_VESICLE,GOCC_GOLGI_ASSOCIATED_VESICLE]
[GOBP_REGULATION_OF_OXIDATIVE_STRESS_INDUCED_INTRINSIC_APOPTOTIC_SIGNALING_PATHWAY,GOBP_REGULATION_OF_OXIDATIVE_STRESS_INDUCED_INTRINSIC_APOPTOTIC_SIGNALING_PATHWAY] was killed by [GOBP_NEGATIVE_REGULATION_OF_CIRCADIAN_RHYTHM,GOBP_NEGATIVE_REGULATION_OF_CIRCADIAN_RHYTHM]
[GOBP_RESPONSE_TO_XENOBIOTIC_STIMULUS,GOBP_RESPONSE_TO_XENOBIOTIC_STIMULUS] was killed by [GOCC_OXIDOREDUCTASE_COMPLEX,GOCC_OXIDOREDUCTASE_COMPLEX]
[GOCC_RESPIRASOME,GOCC_RESPIRASOME] was killed by [GOCC_OXIDOREDUCTASE_COMPLEX,GOCC_OXIDOREDUCTASE_COMPLEX]
[GOBP_INTERSTRAND_CROSS_LINK_REPAIR,GOBP_INTERSTRAND_CROSS_LINK_REPAIR] was killed by [GOMF_EXONUCLEASE_ACTIVITY,GOMF_EXONUCLEASE_ACTIVITY]
[GOBP_REGULATION_OF_CELLULAR_KETONE_METABOLIC_PROCESS,GOBP_REGULATION_OF_CELLULAR_KETONE_METABOLIC_PROCESS] was killed by [GOBP_AMINE_METABOLIC_PROCESS,GOBP_AMINE_METABOLIC_PROCESS]
[GOBP_MAMMARY_GLAND_DEVELOPMENT,GOBP_MAMMARY_GLAND_DEVELOPMENT] was killed by [GOBP_NUCLEUS_ORGANIZATION,GOBP_NUCLEUS_ORGANIZATION]
[GOBP_REGULATION_OF_NEUROTRANSMITTER_TRANSPORT,GOBP_REGULATION_OF_NEUROTRANSMITTER_TRANSPORT] was killed by [GOBP_NEGATIVE_REGULATION_OF_CIRCADIAN_RHYTHM,GOBP_NEGATIVE_REGULATION_OF_CIRCADIAN_RHYTHM]
[GOBP_DETECTION_OF_OTHER_ORGANISM,GOBP_DETECTION_OF_OTHER_ORGANISM] was killed by [GOBP_ANTIMICROBIAL_HUMORAL_RESPONSE,GOBP_ANTIMICROBIAL_HUMORAL_RESPONSE]
[GOCC_LUMENAL_SIDE_OF_ENDOPLASMIC_RETICULUM_MEMBRANE,GOCC_LUMENAL_SIDE_OF_ENDOPLASMIC_RETICULUM_MEMBRANE] was killed by [GOCC_GOLGI_ASSOCIATED_VESICLE,GOCC_GOLGI_ASSOCIATED_VESICLE]
[GOCC_TERTIARY_GRANULE_MEMBRANE,GOCC_TERTIARY_GRANULE_MEMBRANE] was killed by [GOBP_REGULATION_OF_T_CELL_RECEPTOR_SIGNALING_PATHWAY,GOBP_REGULATION_OF_T_CELL_RECEPTOR_SIGNALING_PATHWAY]
[GOMF_INTRAMOLECULAR_TRANSFERASE_ACTIVITY,GOMF_INTRAMOLECULAR_TRANSFERASE_ACTIVITY] was killed by [GOBP_TRNA_METABOLIC_PROCESS,GOBP_TRNA_METABOLIC_PROCESS]
[GOMF_FLAP_ENDONUCLEASE_ACTIVITY,GOMF_FLAP_ENDONUCLEASE_ACTIVITY] was killed by [GOMF_EXONUCLEASE_ACTIVITY,GOMF_EXONUCLEASE_ACTIVITY]
[GOBP_CELLULAR_RESPONSE_TO_CORTICOSTEROID_STIMULUS,GOBP_CELLULAR_RESPONSE_TO_CORTICOSTEROID_STIMULUS] was killed by [GOBP_SHORT_CHAIN_FATTY_ACID_METABOLIC_PROCESS,GOBP_SHORT_CHAIN_FATTY_ACID_METABOLIC_PROCESS]
[GOMF_DEOXYRIBONUCLEASE_ACTIVITY,GOMF_DEOXYRIBONUCLEASE_ACTIVITY] was killed by [GOMF_EXONUCLEASE_ACTIVITY,GOMF_EXONUCLEASE_ACTIVITY]
[GOCC_LUMENAL_SIDE_OF_MEMBRANE,GOCC_LUMENAL_SIDE_OF_MEMBRANE] was killed by [GOCC_GOLGI_ASSOCIATED_VESICLE,GOCC_GOLGI_ASSOCIATED_VESICLE]
[GOMF_GLUTAMATE_RECEPTOR_BINDING,GOMF_GLUTAMATE_RECEPTOR_BINDING] was killed by [GOBP_GLUTAMATE_SECRETION,GOBP_GLUTAMATE_SECRETION]
[GOMF_INTRAMOLECULAR_OXIDOREDUCTASE_ACTIVITY,GOMF_INTRAMOLECULAR_OXIDOREDUCTASE_ACTIVITY] was killed by [GOMF_LYASE_ACTIVITY,GOMF_LYASE_ACTIVITY]
[GOBP_REGULATION_OF_CHROMOSOME_SEPARATION,GOBP_REGULATION_OF_CHROMOSOME_SEPARATION] was killed by [GOBP_NUCLEUS_ORGANIZATION,GOBP_NUCLEUS_ORGANIZATION]
[GOMF_TUMOR_NECROSIS_FACTOR_RECEPTOR_SUPERFAMILY_BINDING,GOMF_TUMOR_NECROSIS_FACTOR_RECEPTOR_SUPERFAMILY_BINDING] was killed by [GOBP_SALIVARY_GLAND_DEVELOPMENT,GOBP_SALIVARY_GLAND_DEVELOPMENT]
[GOBP_NUCLEOTIDE_TRANSPORT,GOBP_NUCLEOTIDE_TRANSPORT] was killed by [GOMF_PURINE_RIBONUCLEOTIDE_TRANSMEMBRANE_TRANSPORTER_ACTIVITY,GOMF_PURINE_RIBONUCLEOTIDE_TRANSMEMBRANE_TRANSPORTER_ACTIVITY]
[GOBP_CEREBRAL_CORTEX_RADIALLY_ORIENTED_CELL_MIGRATION,GOBP_CEREBRAL_CORTEX_RADIALLY_ORIENTED_CELL_MIGRATION] was killed by [GOBP_NUCLEUS_ORGANIZATION,GOBP_NUCLEUS_ORGANIZATION]
[GOBP_BODY_FLUID_SECRETION,GOBP_BODY_FLUID_SECRETION] was killed by [GOCC_GOLGI_ASSOCIATED_VESICLE,GOCC_GOLGI_ASSOCIATED_VESICLE]
[GOBP_SPERMATID_DIFFERENTIATION,GOBP_SPERMATID_DIFFERENTIATION] was killed by [GOBP_NUCLEUS_ORGANIZATION,GOBP_NUCLEUS_ORGANIZATION]
[GOBP_NEUTRAL_LIPID_METABOLIC_PROCESS,GOBP_NEUTRAL_LIPID_METABOLIC_PROCESS] was killed by [GOBP_CELLULAR_CARBOHYDRATE_CATABOLIC_PROCESS,GOBP_CELLULAR_CARBOHYDRATE_CATABOLIC_PROCESS]
[GOBP_HORMONE_BIOSYNTHETIC_PROCESS,GOBP_HORMONE_BIOSYNTHETIC_PROCESS] was killed by [GOBP_GENITALIA_DEVELOPMENT,GOBP_GENITALIA_DEVELOPMENT]
[GOCC_SPLICEOSOMAL_COMPLEX,GOCC_SPLICEOSOMAL_COMPLEX] was killed by [GOCC_CATALYTIC_STEP_2_SPLICEOSOME,GOCC_CATALYTIC_STEP_2_SPLICEOSOME]
[GOBP_SYNAPTIC_VESICLE_EXOCYTOSIS,GOBP_SYNAPTIC_VESICLE_EXOCYTOSIS] was killed by [GOBP_GLUTAMATE_SECRETION,GOBP_GLUTAMATE_SECRETION]
[GOBP_NUCLEAR_TRANSCRIBED_MRNA_CATABOLIC_PROCESS_NONSENSE_MEDIATED_DECAY,GOBP_NUCLEAR_TRANSCRIBED_MRNA_CATABOLIC_PROCESS_NONSENSE_MEDIATED_DECAY] was killed by [GOCC_RIBOSOMAL_SUBUNIT,GOCC_RIBOSOMAL_SUBUNIT]
[GOBP_POSITIVE_REGULATION_OF_CYSTEINE_TYPE_ENDOPEPTIDASE_ACTIVITY,GOBP_POSITIVE_REGULATION_OF_CYSTEINE_TYPE_ENDOPEPTIDASE_ACTIVITY] was killed by [GOBP_REGULATION_OF_T_CELL_RECEPTOR_SIGNALING_PATHWAY,GOBP_REGULATION_OF_T_CELL_RECEPTOR_SIGNALING_PATHWAY]
[GOBP_REGULATION_OF_CYTOKINESIS,GOBP_REGULATION_OF_CYTOKINESIS] was killed by [GOCC_CULLIN_RING_UBIQUITIN_LIGASE_COMPLEX,GOCC_CULLIN_RING_UBIQUITIN_LIGASE_COMPLEX]
[GOBP_POSITIVE_REGULATION_OF_EXTRACELLULAR_MATRIX_ORGANIZATION,GOBP_POSITIVE_REGULATION_OF_EXTRACELLULAR_MATRIX_ORGANIZATION] was killed by [GOBP_SALIVARY_GLAND_DEVELOPMENT,GOBP_SALIVARY_GLAND_DEVELOPMENT]
[GOBP_CELLULAR_RESPONSE_TO_KETONE,GOBP_CELLULAR_RESPONSE_TO_KETONE] was killed by [GOBP_STEROID_BIOSYNTHETIC_PROCESS,GOBP_STEROID_BIOSYNTHETIC_PROCESS]
[GOBP_PEPTIDE_CATABOLIC_PROCESS,GOBP_PEPTIDE_CATABOLIC_PROCESS] was killed by [GOMF_LYASE_ACTIVITY,GOMF_LYASE_ACTIVITY]
[GOBP_REGULATION_OF_PROTEIN_MATURATION,GOBP_REGULATION_OF_PROTEIN_MATURATION] was killed by [GOBP_AMINE_METABOLIC_PROCESS,GOBP_AMINE_METABOLIC_PROCESS]
[GOBP_MRNA_SPLICE_SITE_SELECTION,GOBP_MRNA_SPLICE_SITE_SELECTION] was killed by [GOCC_CATALYTIC_STEP_2_SPLICEOSOME,GOCC_CATALYTIC_STEP_2_SPLICEOSOME]
[GOBP_MATURATION_OF_5_8S_RRNA_FROM_TRICISTRONIC_RRNA_TRANSCRIPT_SSU_RRNA_5_8S_RRNA_LSU_RRNA,GOBP_MATURATION_OF_5_8S_RRNA_FROM_TRICISTRONIC_RRNA_TRANSCRIPT_SSU_RRNA_5_8S_RRNA_LSU_RRNA] was killed by [GOMF_EXONUCLEASE_ACTIVITY,GOMF_EXONUCLEASE_ACTIVITY]
[GOMF_CARBOXYLIC_ESTER_HYDROLASE_ACTIVITY,GOMF_CARBOXYLIC_ESTER_HYDROLASE_ACTIVITY] was killed by [GOBP_TRNA_METABOLIC_PROCESS,GOBP_TRNA_METABOLIC_PROCESS]
[GOBP_VESICLE_TARGETING_TO_FROM_OR_WITHIN_GOLGI,GOBP_VESICLE_TARGETING_TO_FROM_OR_WITHIN_GOLGI] was killed by [GOCC_GOLGI_ASSOCIATED_VESICLE,GOCC_GOLGI_ASSOCIATED_VESICLE]
[GOBP_RESPONSE_TO_OSMOTIC_STRESS,GOBP_RESPONSE_TO_OSMOTIC_STRESS] was killed by [GOBP_SALIVARY_GLAND_DEVELOPMENT,GOBP_SALIVARY_GLAND_DEVELOPMENT]
[GOBP_VESICLE_TARGETING,GOBP_VESICLE_TARGETING] was killed by [GOCC_GOLGI_ASSOCIATED_VESICLE,GOCC_GOLGI_ASSOCIATED_VESICLE]
[GOBP_CYTOPLASMIC_TRANSLATION,GOBP_CYTOPLASMIC_TRANSLATION] was killed by [GOCC_RIBOSOMAL_SUBUNIT,GOCC_RIBOSOMAL_SUBUNIT]
[GOBP_SERINE_FAMILY_AMINO_ACID_BIOSYNTHETIC_PROCESS,GOBP_SERINE_FAMILY_AMINO_ACID_BIOSYNTHETIC_PROCESS] was killed by [GOMF_LYASE_ACTIVITY,GOMF_LYASE_ACTIVITY]
[GOBP_CATECHOL_CONTAINING_COMPOUND_METABOLIC_PROCESS,GOBP_CATECHOL_CONTAINING_COMPOUND_METABOLIC_PROCESS] was killed by [GOBP_AMINE_METABOLIC_PROCESS,GOBP_AMINE_METABOLIC_PROCESS]
[GOBP_NEURON_FATE_COMMITMENT,GOBP_NEURON_FATE_COMMITMENT] was killed by [GOBP_SALIVARY_GLAND_DEVELOPMENT,GOBP_SALIVARY_GLAND_DEVELOPMENT]
[GOBP_EPIDERMAL_GROWTH_FACTOR_RECEPTOR_SIGNALING_PATHWAY,GOBP_EPIDERMAL_GROWTH_FACTOR_RECEPTOR_SIGNALING_PATHWAY] was killed by [GOBP_REGULATION_OF_T_CELL_RECEPTOR_SIGNALING_PATHWAY,GOBP_REGULATION_OF_T_CELL_RECEPTOR_SIGNALING_PATHWAY]
[GOBP_VASOCONSTRICTION,GOBP_VASOCONSTRICTION] was killed by [GOBP_NEGATIVE_REGULATION_OF_CIRCADIAN_RHYTHM,GOBP_NEGATIVE_REGULATION_OF_CIRCADIAN_RHYTHM]
[GOBP_POSITIVE_REGULATION_OF_GLUCOSE_IMPORT,GOBP_POSITIVE_REGULATION_OF_GLUCOSE_IMPORT] was killed by [GOCC_GOLGI_ASSOCIATED_VESICLE,GOCC_GOLGI_ASSOCIATED_VESICLE]
[GOBP_FEEDING_BEHAVIOR,GOBP_FEEDING_BEHAVIOR] was killed by [GOBP_AMINE_METABOLIC_PROCESS,GOBP_AMINE_METABOLIC_PROCESS]
[GOCC_PLATELET_ALPHA_GRANULE,GOCC_PLATELET_ALPHA_GRANULE] was killed by [GOBP_VESICLE_FUSION_WITH_GOLGI_APPARATUS,GOBP_VESICLE_FUSION_WITH_GOLGI_APPARATUS]
[GOCC_DNA_POLYMERASE_COMPLEX,GOCC_DNA_POLYMERASE_COMPLEX] was killed by [GOMF_EXONUCLEASE_ACTIVITY,GOMF_EXONUCLEASE_ACTIVITY]
[GOBP_JNK_CASCADE,GOBP_JNK_CASCADE] was killed by [GOBP_SALIVARY_GLAND_DEVELOPMENT,GOBP_SALIVARY_GLAND_DEVELOPMENT]
[GOMF_PHOSPHOLIPASE_ACTIVITY,GOMF_PHOSPHOLIPASE_ACTIVITY] was killed by [GOBP_AMINE_METABOLIC_PROCESS,GOBP_AMINE_METABOLIC_PROCESS]
[GOBP_EYE_MORPHOGENESIS,GOBP_EYE_MORPHOGENESIS] was killed by [GOBP_GENITALIA_DEVELOPMENT,GOBP_GENITALIA_DEVELOPMENT]
[GOBP_RESPONSE_TO_LEAD_ION,GOBP_RESPONSE_TO_LEAD_ION] was killed by [GOBP_AMINE_METABOLIC_PROCESS,GOBP_AMINE_METABOLIC_PROCESS]
[GOBP_NEGATIVE_REGULATION_OF_TRANSMEMBRANE_TRANSPORT,GOBP_NEGATIVE_REGULATION_OF_TRANSMEMBRANE_TRANSPORT] was killed by [GOBP_CELLULAR_CARBOHYDRATE_CATABOLIC_PROCESS,GOBP_CELLULAR_CARBOHYDRATE_CATABOLIC_PROCESS]
[GOBP_WHITE_FAT_CELL_DIFFERENTIATION,GOBP_WHITE_FAT_CELL_DIFFERENTIATION] was killed by [GOBP_NEGATIVE_REGULATION_OF_CIRCADIAN_RHYTHM,GOBP_NEGATIVE_REGULATION_OF_CIRCADIAN_RHYTHM]
[GOBP_NEGATIVE_REGULATION_OF_ANION_TRANSMEMBRANE_TRANSPORT,GOBP_NEGATIVE_REGULATION_OF_ANION_TRANSMEMBRANE_TRANSPORT] was killed by [GOBP_AMINE_METABOLIC_PROCESS,GOBP_AMINE_METABOLIC_PROCESS]
[GOCC_CELL_CORTEX_REGION,GOCC_CELL_CORTEX_REGION] was killed by [GOBP_NUCLEUS_ORGANIZATION,GOBP_NUCLEUS_ORGANIZATION]
[GOBP_ANTIGEN_PROCESSING_AND_PRESENTATION_OF_PEPTIDE_ANTIGEN_VIA_MHC_CLASS_I,GOBP_ANTIGEN_PROCESSING_AND_PRESENTATION_OF_PEPTIDE_ANTIGEN_VIA_MHC_CLASS_I] was killed by [GOCC_OXIDOREDUCTASE_COMPLEX,GOCC_OXIDOREDUCTASE_COMPLEX]
[GOBP_CD8_POSITIVE_ALPHA_BETA_T_CELL_ACTIVATION,GOBP_CD8_POSITIVE_ALPHA_BETA_T_CELL_ACTIVATION] was killed by [GOBP_ANTIMICROBIAL_HUMORAL_RESPONSE,GOBP_ANTIMICROBIAL_HUMORAL_RESPONSE]
[GOBP_REGULATION_OF_ERBB_SIGNALING_PATHWAY,GOBP_REGULATION_OF_ERBB_SIGNALING_PATHWAY] was killed by [GOBP_REGULATION_OF_T_CELL_RECEPTOR_SIGNALING_PATHWAY,GOBP_REGULATION_OF_T_CELL_RECEPTOR_SIGNALING_PATHWAY]
[GOCC_MICROTUBULE_PLUS_END,GOCC_MICROTUBULE_PLUS_END] was killed by [GOBP_NUCLEUS_ORGANIZATION,GOBP_NUCLEUS_ORGANIZATION]
[GOBP_NEUROTRANSMITTER_SECRETION,GOBP_NEUROTRANSMITTER_SECRETION] was killed by [GOBP_GLUTAMATE_SECRETION,GOBP_GLUTAMATE_SECRETION]
[GOBP_MITOCHONDRIAL_TRANSLATIONAL_TERMINATION,GOBP_MITOCHONDRIAL_TRANSLATIONAL_TERMINATION] was killed by [GOCC_RIBOSOMAL_SUBUNIT,GOCC_RIBOSOMAL_SUBUNIT]
[GOBP_MACROPHAGE_DIFFERENTIATION,GOBP_MACROPHAGE_DIFFERENTIATION] was killed by [GOBP_SALIVARY_GLAND_DEVELOPMENT,GOBP_SALIVARY_GLAND_DEVELOPMENT]
[GOCC_VACUOLAR_LUMEN,GOCC_VACUOLAR_LUMEN] was killed by [GOBP_CELLULAR_CARBOHYDRATE_CATABOLIC_PROCESS,GOBP_CELLULAR_CARBOHYDRATE_CATABOLIC_PROCESS]
[GOBP_NEGATIVE_REGULATION_OF_PEPTIDE_SECRETION,GOBP_NEGATIVE_REGULATION_OF_PEPTIDE_SECRETION] was killed by [GOBP_AMINE_METABOLIC_PROCESS,GOBP_AMINE_METABOLIC_PROCESS]
[GOMF_EXORIBONUCLEASE_ACTIVITY,GOMF_EXORIBONUCLEASE_ACTIVITY] was killed by [GOMF_EXONUCLEASE_ACTIVITY,GOMF_EXONUCLEASE_ACTIVITY]
[GOBP_CHLORIDE_TRANSPORT,GOBP_CHLORIDE_TRANSPORT] was killed by [GOBP_GLUTAMATE_SECRETION,GOBP_GLUTAMATE_SECRETION]
[GOCC_ACROSOMAL_VESICLE,GOCC_ACROSOMAL_VESICLE] was killed by [GOBP_GLUTAMATE_SECRETION,GOBP_GLUTAMATE_SECRETION]
[GOBP_HOMOPHILIC_CELL_ADHESION_VIA_PLASMA_MEMBRANE_ADHESION_MOLECULES,GOBP_HOMOPHILIC_CELL_ADHESION_VIA_PLASMA_MEMBRANE_ADHESION_MOLECULES] was killed by [GOBP_REGULATION_OF_T_CELL_RECEPTOR_SIGNALING_PATHWAY,GOBP_REGULATION_OF_T_CELL_RECEPTOR_SIGNALING_PATHWAY]
[GOBP_STEROL_BIOSYNTHETIC_PROCESS,GOBP_STEROL_BIOSYNTHETIC_PROCESS] was killed by [GOBP_STEROID_BIOSYNTHETIC_PROCESS,GOBP_STEROID_BIOSYNTHETIC_PROCESS]
[GOBP_REGULATION_OF_TOLL_LIKE_RECEPTOR_SIGNALING_PATHWAY,GOBP_REGULATION_OF_TOLL_LIKE_RECEPTOR_SIGNALING_PATHWAY] was killed by [GOBP_REGULATION_OF_T_CELL_RECEPTOR_SIGNALING_PATHWAY,GOBP_REGULATION_OF_T_CELL_RECEPTOR_SIGNALING_PATHWAY]
[GOMF_TRANSFERASE_ACTIVITY_TRANSFERRING_ALKYL_OR_ARYL_OTHER_THAN_METHYL_GROUPS,GOMF_TRANSFERASE_ACTIVITY_TRANSFERRING_ALKYL_OR_ARYL_OTHER_THAN_METHYL_GROUPS] was killed by [GOBP_STEROID_BIOSYNTHETIC_PROCESS,GOBP_STEROID_BIOSYNTHETIC_PROCESS]
[GOBP_PHENOL_CONTAINING_COMPOUND_METABOLIC_PROCESS,GOBP_PHENOL_CONTAINING_COMPOUND_METABOLIC_PROCESS] was killed by [GOMF_LYASE_ACTIVITY,GOMF_LYASE_ACTIVITY]
[GOMF_OXIDOREDUCTASE_ACTIVITY_ACTING_ON_NAD_P_H,GOMF_OXIDOREDUCTASE_ACTIVITY_ACTING_ON_NAD_P_H] was killed by [GOCC_OXIDOREDUCTASE_COMPLEX,GOCC_OXIDOREDUCTASE_COMPLEX]
[GOBP_BLASTODERM_SEGMENTATION,GOBP_BLASTODERM_SEGMENTATION] was killed by [GOBP_GENITALIA_DEVELOPMENT,GOBP_GENITALIA_DEVELOPMENT]
[GOBP_DETECTION_OF_EXTERNAL_BIOTIC_STIMULUS,GOBP_DETECTION_OF_EXTERNAL_BIOTIC_STIMULUS] was killed by [GOBP_ANTIMICROBIAL_HUMORAL_RESPONSE,GOBP_ANTIMICROBIAL_HUMORAL_RESPONSE]
[GOBP_CENTRAL_NERVOUS_SYSTEM_PROJECTION_NEURON_AXONOGENESIS,GOBP_CENTRAL_NERVOUS_SYSTEM_PROJECTION_NEURON_AXONOGENESIS] was killed by [GOBP_AMINE_METABOLIC_PROCESS,GOBP_AMINE_METABOLIC_PROCESS]
[GOBP_POSITIVE_REGULATION_OF_ENDOTHELIAL_CELL_PROLIFERATION,GOBP_POSITIVE_REGULATION_OF_ENDOTHELIAL_CELL_PROLIFERATION] was killed by [GOBP_STEROID_BIOSYNTHETIC_PROCESS,GOBP_STEROID_BIOSYNTHETIC_PROCESS]
[GOMF_ENDONUCLEASE_ACTIVITY_ACTIVE_WITH_EITHER_RIBO_OR_DEOXYRIBONUCLEIC_ACIDS_AND_PRODUCING_5_PHOSPHOMONOESTERS,GOMF_ENDONUCLEASE_ACTIVITY_ACTIVE_WITH_EITHER_RIBO_OR_DEOXYRIBONUCLEIC_ACIDS_AND_PRODUCING_5_PHOSPHOMONOESTERS] was killed by [GOMF_EXONUCLEASE_ACTIVITY,GOMF_EXONUCLEASE_ACTIVITY]
[GOMF_DNA_POLYMERASE_BINDING,GOMF_DNA_POLYMERASE_BINDING] was killed by [GOMF_DNA_DEPENDENT_ATPASE_ACTIVITY,GOMF_DNA_DEPENDENT_ATPASE_ACTIVITY]
[GOBP_MONOCARBOXYLIC_ACID_CATABOLIC_PROCESS,GOBP_MONOCARBOXYLIC_ACID_CATABOLIC_PROCESS] was killed by [GOBP_CELLULAR_CARBOHYDRATE_CATABOLIC_PROCESS,GOBP_CELLULAR_CARBOHYDRATE_CATABOLIC_PROCESS]
[GOBP_AEROBIC_RESPIRATION,GOBP_AEROBIC_RESPIRATION] was killed by [GOMF_LYASE_ACTIVITY,GOMF_LYASE_ACTIVITY]
[GOMF_WNT_ACTIVATED_RECEPTOR_ACTIVITY,GOMF_WNT_ACTIVATED_RECEPTOR_ACTIVITY] was killed by [GOBP_GENITALIA_DEVELOPMENT,GOBP_GENITALIA_DEVELOPMENT]
[GOBP_DICARBOXYLIC_ACID_TRANSPORT,GOBP_DICARBOXYLIC_ACID_TRANSPORT] was killed by [GOBP_NEGATIVE_REGULATION_OF_CIRCADIAN_RHYTHM,GOBP_NEGATIVE_REGULATION_OF_CIRCADIAN_RHYTHM]
[GOMF_AMP_BINDING,GOMF_AMP_BINDING] was killed by [GOBP_CELLULAR_CARBOHYDRATE_CATABOLIC_PROCESS,GOBP_CELLULAR_CARBOHYDRATE_CATABOLIC_PROCESS]
[GOBP_REGULATION_OF_PLASMA_LIPOPROTEIN_PARTICLE_LEVELS,GOBP_REGULATION_OF_PLASMA_LIPOPROTEIN_PARTICLE_LEVELS] was killed by [GOCC_GOLGI_ASSOCIATED_VESICLE,GOCC_GOLGI_ASSOCIATED_VESICLE]
[GOMF_5_3_EXONUCLEASE_ACTIVITY,GOMF_5_3_EXONUCLEASE_ACTIVITY] was killed by [GOMF_EXONUCLEASE_ACTIVITY,GOMF_EXONUCLEASE_ACTIVITY]
[GOBP_COPII_COATED_VESICLE_BUDDING,GOBP_COPII_COATED_VESICLE_BUDDING] was killed by [GOCC_GOLGI_ASSOCIATED_VESICLE,GOCC_GOLGI_ASSOCIATED_VESICLE]
[GOBP_POSITIVE_REGULATION_OF_TELOMERE_MAINTENANCE,GOBP_POSITIVE_REGULATION_OF_TELOMERE_MAINTENANCE] was killed by [GOMF_EXONUCLEASE_ACTIVITY,GOMF_EXONUCLEASE_ACTIVITY]
