[REACTOME_SCAVENGING_OF_HEME_FROM_PLASMA,REACTOME_SCAVENGING_OF_HEME_FROM_PLASMA] was killed by [REACTOME_CREATION_OF_C4_AND_C2_ACTIVATORS,REACTOME_CREATION_OF_C4_AND_C2_ACTIVATORS]
[REACTOME_EUKARYOTIC_TRANSLATION_ELONGATION,REACTOME_EUKARYOTIC_TRANSLATION_ELONGATION] was killed by [REACTOME_SRP_DEPENDENT_COTRANSLATIONAL_PROTEIN_TARGETING_TO_MEMBRANE,REACTOME_SRP_DEPENDENT_COTRANSLATIONAL_PROTEIN_TARGETING_TO_MEMBRANE]
[REACTOME_INITIAL_TRIGGERING_OF_COMPLEMENT,REACTOME_INITIAL_TRIGGERING_OF_COMPLEMENT] was killed by [REACTOME_CREATION_OF_C4_AND_C2_ACTIVATORS,REACTOME_CREATION_OF_C4_AND_C2_ACTIVATORS]
[REACTOME_CD22_MEDIATED_BCR_REGULATION,REACTOME_CD22_MEDIATED_BCR_REGULATION] was killed by [REACTOME_CREATION_OF_C4_AND_C2_ACTIVATORS,REACTOME_CREATION_OF_C4_AND_C2_ACTIVATORS]
[REACTOME_EUKARYOTIC_TRANSLATION_INITIATION,REACTOME_EUKARYOTIC_TRANSLATION_INITIATION] was killed by [REACTOME_SRP_DEPENDENT_COTRANSLATIONAL_PROTEIN_TARGETING_TO_MEMBRANE,REACTOME_SRP_DEPENDENT_COTRANSLATIONAL_PROTEIN_TARGETING_TO_MEMBRANE]
[REACTOME_CELLULAR_RESPONSE_TO_STARVATION,REACTOME_CELLULAR_RESPONSE_TO_STARVATION] was killed by [REACTOME_SRP_DEPENDENT_COTRANSLATIONAL_PROTEIN_TARGETING_TO_MEMBRANE,REACTOME_SRP_DEPENDENT_COTRANSLATIONAL_PROTEIN_TARGETING_TO_MEMBRANE]
[REACTOME_INFLUENZA_INFECTION,REACTOME_INFLUENZA_INFECTION] was killed by [REACTOME_MRNA_SPLICING,REACTOME_MRNA_SPLICING]
[REACTOME_FCGR_ACTIVATION,REACTOME_FCGR_ACTIVATION] was killed by [REACTOME_CREATION_OF_C4_AND_C2_ACTIVATORS,REACTOME_CREATION_OF_C4_AND_C2_ACTIVATORS]
[REACTOME_COMPLEMENT_CASCADE,REACTOME_COMPLEMENT_CASCADE] was killed by [REACTOME_CREATION_OF_C4_AND_C2_ACTIVATORS,REACTOME_CREATION_OF_C4_AND_C2_ACTIVATORS]
[REACTOME_RESPONSE_OF_EIF2AK4_GCN2_TO_AMINO_ACID_DEFICIENCY,REACTOME_RESPONSE_OF_EIF2AK4_GCN2_TO_AMINO_ACID_DEFICIENCY] was killed by [REACTOME_SRP_DEPENDENT_COTRANSLATIONAL_PROTEIN_TARGETING_TO_MEMBRANE,REACTOME_SRP_DEPENDENT_COTRANSLATIONAL_PROTEIN_TARGETING_TO_MEMBRANE]
[REACTOME_DNA_DOUBLE_STRAND_BREAK_REPAIR,REACTOME_DNA_DOUBLE_STRAND_BREAK_REPAIR] was killed by [REACTOME_G2_M_CHECKPOINTS,REACTOME_G2_M_CHECKPOINTS]
[REACTOME_ROLE_OF_LAT2_NTAL_LAB_ON_CALCIUM_MOBILIZATION,REACTOME_ROLE_OF_LAT2_NTAL_LAB_ON_CALCIUM_MOBILIZATION] was killed by [REACTOME_CREATION_OF_C4_AND_C2_ACTIVATORS,REACTOME_CREATION_OF_C4_AND_C2_ACTIVATORS]
[REACTOME_NONSENSE_MEDIATED_DECAY_NMD,REACTOME_NONSENSE_MEDIATED_DECAY_NMD] was killed by [REACTOME_SRP_DEPENDENT_COTRANSLATIONAL_PROTEIN_TARGETING_TO_MEMBRANE,REACTOME_SRP_DEPENDENT_COTRANSLATIONAL_PROTEIN_TARGETING_TO_MEMBRANE]
[REACTOME_BINDING_AND_UPTAKE_OF_LIGANDS_BY_SCAVENGER_RECEPTORS,REACTOME_BINDING_AND_UPTAKE_OF_LIGANDS_BY_SCAVENGER_RECEPTORS] was killed by [REACTOME_CREATION_OF_C4_AND_C2_ACTIVATORS,REACTOME_CREATION_OF_C4_AND_C2_ACTIVATORS]
[REACTOME_HCMV_LATE_EVENTS,REACTOME_HCMV_LATE_EVENTS] was killed by [REACTOME_G2_M_CHECKPOINTS,REACTOME_G2_M_CHECKPOINTS]
[REACTOME_HATS_ACETYLATE_HISTONES,REACTOME_HATS_ACETYLATE_HISTONES] was killed by [REACTOME_G2_M_CHECKPOINTS,REACTOME_G2_M_CHECKPOINTS]
[REACTOME_SELENOAMINO_ACID_METABOLISM,REACTOME_SELENOAMINO_ACID_METABOLISM] was killed by [REACTOME_SRP_DEPENDENT_COTRANSLATIONAL_PROTEIN_TARGETING_TO_MEMBRANE,REACTOME_SRP_DEPENDENT_COTRANSLATIONAL_PROTEIN_TARGETING_TO_MEMBRANE]
[REACTOME_FCERI_MEDIATED_NF_KB_ACTIVATION,REACTOME_FCERI_MEDIATED_NF_KB_ACTIVATION] was killed by [REACTOME_CREATION_OF_C4_AND_C2_ACTIVATORS,REACTOME_CREATION_OF_C4_AND_C2_ACTIVATORS]
[REACTOME_REGULATION_OF_EXPRESSION_OF_SLITS_AND_ROBOS,REACTOME_REGULATION_OF_EXPRESSION_OF_SLITS_AND_ROBOS] was killed by [REACTOME_SRP_DEPENDENT_COTRANSLATIONAL_PROTEIN_TARGETING_TO_MEMBRANE,REACTOME_SRP_DEPENDENT_COTRANSLATIONAL_PROTEIN_TARGETING_TO_MEMBRANE]
[REACTOME_DEFENSINS,REACTOME_DEFENSINS] was killed by [REACTOME_ANTIMICROBIAL_PEPTIDES,REACTOME_ANTIMICROBIAL_PEPTIDES]
[REACTOME_FCERI_MEDIATED_MAPK_ACTIVATION,REACTOME_FCERI_MEDIATED_MAPK_ACTIVATION] was killed by [REACTOME_CREATION_OF_C4_AND_C2_ACTIVATORS,REACTOME_CREATION_OF_C4_AND_C2_ACTIVATORS]
[REACTOME_HOMOLOGY_DIRECTED_REPAIR,REACTOME_HOMOLOGY_DIRECTED_REPAIR] was killed by [REACTOME_G2_M_CHECKPOINTS,REACTOME_G2_M_CHECKPOINTS]
[REACTOME_ROLE_OF_PHOSPHOLIPIDS_IN_PHAGOCYTOSIS,REACTOME_ROLE_OF_PHOSPHOLIPIDS_IN_PHAGOCYTOSIS] was killed by [REACTOME_CREATION_OF_C4_AND_C2_ACTIVATORS,REACTOME_CREATION_OF_C4_AND_C2_ACTIVATORS]
[REACTOME_SEPARATION_OF_SISTER_CHROMATIDS,REACTOME_SEPARATION_OF_SISTER_CHROMATIDS] was killed by [REACTOME_G2_M_CHECKPOINTS,REACTOME_G2_M_CHECKPOINTS]
[REACTOME_ANTIGEN_ACTIVATES_B_CELL_RECEPTOR_BCR_LEADING_TO_GENERATION_OF_SECOND_MESSENGERS,REACTOME_ANTIGEN_ACTIVATES_B_CELL_RECEPTOR_BCR_LEADING_TO_GENERATION_OF_SECOND_MESSENGERS] was killed by [REACTOME_CREATION_OF_C4_AND_C2_ACTIVATORS,REACTOME_CREATION_OF_C4_AND_C2_ACTIVATORS]
[REACTOME_TRANSCRIPTIONAL_REGULATION_BY_SMALL_RNAS,REACTOME_TRANSCRIPTIONAL_REGULATION_BY_SMALL_RNAS] was killed by [REACTOME_MRNA_SPLICING,REACTOME_MRNA_SPLICING]
[REACTOME_S_PHASE,REACTOME_S_PHASE] was killed by [REACTOME_G2_M_CHECKPOINTS,REACTOME_G2_M_CHECKPOINTS]
[REACTOME_HCMV_INFECTION,REACTOME_HCMV_INFECTION] was killed by [REACTOME_G2_M_CHECKPOINTS,REACTOME_G2_M_CHECKPOINTS]
[REACTOME_MITOTIC_PROPHASE,REACTOME_MITOTIC_PROPHASE] was killed by [REACTOME_G2_M_CHECKPOINTS,REACTOME_G2_M_CHECKPOINTS]
[REACTOME_FCERI_MEDIATED_CA_2_MOBILIZATION,REACTOME_FCERI_MEDIATED_CA_2_MOBILIZATION] was killed by [REACTOME_CREATION_OF_C4_AND_C2_ACTIVATORS,REACTOME_CREATION_OF_C4_AND_C2_ACTIVATORS]
[REACTOME_HCMV_EARLY_EVENTS,REACTOME_HCMV_EARLY_EVENTS] was killed by [REACTOME_G2_M_CHECKPOINTS,REACTOME_G2_M_CHECKPOINTS]
[REACTOME_FCGR3A_MEDIATED_IL10_SYNTHESIS,REACTOME_FCGR3A_MEDIATED_IL10_SYNTHESIS] was killed by [REACTOME_CREATION_OF_C4_AND_C2_ACTIVATORS,REACTOME_CREATION_OF_C4_AND_C2_ACTIVATORS]
[REACTOME_G2_M_DNA_DAMAGE_CHECKPOINT,REACTOME_G2_M_DNA_DAMAGE_CHECKPOINT] was killed by [REACTOME_G2_M_CHECKPOINTS,REACTOME_G2_M_CHECKPOINTS]
[REACTOME_TRANSPORT_OF_MATURE_TRANSCRIPT_TO_CYTOPLASM,REACTOME_TRANSPORT_OF_MATURE_TRANSCRIPT_TO_CYTOPLASM] was killed by [REACTOME_MRNA_SPLICING,REACTOME_MRNA_SPLICING]
[REACTOME_BETA_DEFENSINS,REACTOME_BETA_DEFENSINS] was killed by [REACTOME_ANTIMICROBIAL_PEPTIDES,REACTOME_ANTIMICROBIAL_PEPTIDES]
[REACTOME_TRNA_PROCESSING,REACTOME_TRNA_PROCESSING] was killed by [REACTOME_MITOTIC_SPINDLE_CHECKPOINT,REACTOME_MITOTIC_SPINDLE_CHECKPOINT]
[REACTOME_EPIGENETIC_REGULATION_OF_GENE_EXPRESSION,REACTOME_EPIGENETIC_REGULATION_OF_GENE_EXPRESSION] was killed by [REACTOME_G2_M_CHECKPOINTS,REACTOME_G2_M_CHECKPOINTS]
[REACTOME_FC_EPSILON_RECEPTOR_FCERI_SIGNALING,REACTOME_FC_EPSILON_RECEPTOR_FCERI_SIGNALING] was killed by [REACTOME_CREATION_OF_C4_AND_C2_ACTIVATORS,REACTOME_CREATION_OF_C4_AND_C2_ACTIVATORS]
[REACTOME_SIGNALING_BY_THE_B_CELL_RECEPTOR_BCR,REACTOME_SIGNALING_BY_THE_B_CELL_RECEPTOR_BCR] was killed by [REACTOME_CREATION_OF_C4_AND_C2_ACTIVATORS,REACTOME_CREATION_OF_C4_AND_C2_ACTIVATORS]
[REACTOME_HIV_LIFE_CYCLE,REACTOME_HIV_LIFE_CYCLE] was killed by [REACTOME_MRNA_SPLICING,REACTOME_MRNA_SPLICING]
[REACTOME_CHROMOSOME_MAINTENANCE,REACTOME_CHROMOSOME_MAINTENANCE] was killed by [REACTOME_MRNA_SPLICING,REACTOME_MRNA_SPLICING]
[REACTOME_SUMOYLATION,REACTOME_SUMOYLATION] was killed by [REACTOME_G2_M_CHECKPOINTS,REACTOME_G2_M_CHECKPOINTS]
[REACTOME_PARASITE_INFECTION,REACTOME_PARASITE_INFECTION] was killed by [REACTOME_CREATION_OF_C4_AND_C2_ACTIVATORS,REACTOME_CREATION_OF_C4_AND_C2_ACTIVATORS]
[REACTOME_IMMUNOREGULATORY_INTERACTIONS_BETWEEN_A_LYMPHOID_AND_A_NON_LYMPHOID_CELL,REACTOME_IMMUNOREGULATORY_INTERACTIONS_BETWEEN_A_LYMPHOID_AND_A_NON_LYMPHOID_CELL] was killed by [REACTOME_CREATION_OF_C4_AND_C2_ACTIVATORS,REACTOME_CREATION_OF_C4_AND_C2_ACTIVATORS]
[REACTOME_DNA_REPLICATION,REACTOME_DNA_REPLICATION] was killed by [REACTOME_G2_M_CHECKPOINTS,REACTOME_G2_M_CHECKPOINTS]
[REACTOME_NUCLEOTIDE_EXCISION_REPAIR,REACTOME_NUCLEOTIDE_EXCISION_REPAIR] was killed by [REACTOME_MRNA_SPLICING,REACTOME_MRNA_SPLICING]
[REACTOME_MITOTIC_G1_PHASE_AND_G1_S_TRANSITION,REACTOME_MITOTIC_G1_PHASE_AND_G1_S_TRANSITION] was killed by [REACTOME_G2_M_CHECKPOINTS,REACTOME_G2_M_CHECKPOINTS]
[REACTOME_PROCESSING_OF_DNA_DOUBLE_STRAND_BREAK_ENDS,REACTOME_PROCESSING_OF_DNA_DOUBLE_STRAND_BREAK_ENDS] was killed by [REACTOME_G2_M_CHECKPOINTS,REACTOME_G2_M_CHECKPOINTS]
[REACTOME_NONHOMOLOGOUS_END_JOINING_NHEJ,REACTOME_NONHOMOLOGOUS_END_JOINING_NHEJ] was killed by [REACTOME_G2_M_CHECKPOINTS,REACTOME_G2_M_CHECKPOINTS]
[REACTOME_ACTIVATION_OF_THE_MRNA_UPON_BINDING_OF_THE_CAP_BINDING_COMPLEX_AND_EIFS_AND_SUBSEQUENT_BINDING_TO_43S,REACTOME_ACTIVATION_OF_THE_MRNA_UPON_BINDING_OF_THE_CAP_BINDING_COMPLEX_AND_EIFS_AND_SUBSEQUENT_BINDING_TO_43S] was killed by [REACTOME_SRP_DEPENDENT_COTRANSLATIONAL_PROTEIN_TARGETING_TO_MEMBRANE,REACTOME_SRP_DEPENDENT_COTRANSLATIONAL_PROTEIN_TARGETING_TO_MEMBRANE]
[REACTOME_SUMOYLATION_OF_CHROMATIN_ORGANIZATION_PROTEINS,REACTOME_SUMOYLATION_OF_CHROMATIN_ORGANIZATION_PROTEINS] was killed by [REACTOME_G2_M_CHECKPOINTS,REACTOME_G2_M_CHECKPOINTS]
[REACTOME_HDACS_DEACETYLATE_HISTONES,REACTOME_HDACS_DEACETYLATE_HISTONES] was killed by [REACTOME_G2_M_CHECKPOINTS,REACTOME_G2_M_CHECKPOINTS]
[REACTOME_GENE_SILENCING_BY_RNA,REACTOME_GENE_SILENCING_BY_RNA] was killed by [REACTOME_MRNA_SPLICING,REACTOME_MRNA_SPLICING]
[REACTOME_RESPIRATORY_ELECTRON_TRANSPORT_ATP_SYNTHESIS_BY_CHEMIOSMOTIC_COUPLING_AND_HEAT_PRODUCTION_BY_UNCOUPLING_PROTEINS,REACTOME_RESPIRATORY_ELECTRON_TRANSPORT_ATP_SYNTHESIS_BY_CHEMIOSMOTIC_COUPLING_AND_HEAT_PRODUCTION_BY_UNCOUPLING_PROTEINS] was killed by [REACTOME_THE_CITRIC_ACID_TCA_CYCLE_AND_RESPIRATORY_ELECTRON_TRANSPORT,REACTOME_THE_CITRIC_ACID_TCA_CYCLE_AND_RESPIRATORY_ELECTRON_TRANSPORT]
[REACTOME_NEGATIVE_EPIGENETIC_REGULATION_OF_RRNA_EXPRESSION,REACTOME_NEGATIVE_EPIGENETIC_REGULATION_OF_RRNA_EXPRESSION] was killed by [REACTOME_G2_M_CHECKPOINTS,REACTOME_G2_M_CHECKPOINTS]
[REACTOME_RNA_POLYMERASE_II_TRANSCRIPTION_TERMINATION,REACTOME_RNA_POLYMERASE_II_TRANSCRIPTION_TERMINATION] was killed by [REACTOME_MRNA_SPLICING,REACTOME_MRNA_SPLICING]
[REACTOME_CELL_SURFACE_INTERACTIONS_AT_THE_VASCULAR_WALL,REACTOME_CELL_SURFACE_INTERACTIONS_AT_THE_VASCULAR_WALL] was killed by [REACTOME_CREATION_OF_C4_AND_C2_ACTIVATORS,REACTOME_CREATION_OF_C4_AND_C2_ACTIVATORS]
[REACTOME_MITOTIC_G2_G2_M_PHASES,REACTOME_MITOTIC_G2_G2_M_PHASES] was killed by [REACTOME_G2_M_CHECKPOINTS,REACTOME_G2_M_CHECKPOINTS]
[REACTOME_SUMOYLATION_OF_DNA_DAMAGE_RESPONSE_AND_REPAIR_PROTEINS,REACTOME_SUMOYLATION_OF_DNA_DAMAGE_RESPONSE_AND_REPAIR_PROTEINS] was killed by [REACTOME_G2_M_CHECKPOINTS,REACTOME_G2_M_CHECKPOINTS]
[REACTOME_CONDENSATION_OF_PROPHASE_CHROMOSOMES,REACTOME_CONDENSATION_OF_PROPHASE_CHROMOSOMES] was killed by [REACTOME_G2_M_CHECKPOINTS,REACTOME_G2_M_CHECKPOINTS]
[REACTOME_TELOMERE_MAINTENANCE,REACTOME_TELOMERE_MAINTENANCE] was killed by [REACTOME_MRNA_SPLICING,REACTOME_MRNA_SPLICING]
[REACTOME_RESOLUTION_OF_SISTER_CHROMATID_COHESION,REACTOME_RESOLUTION_OF_SISTER_CHROMATID_COHESION] was killed by [REACTOME_MITOTIC_SPINDLE_CHECKPOINT,REACTOME_MITOTIC_SPINDLE_CHECKPOINT]
[REACTOME_HOST_INTERACTIONS_OF_HIV_FACTORS,REACTOME_HOST_INTERACTIONS_OF_HIV_FACTORS] was killed by [REACTOME_G2_M_CHECKPOINTS,REACTOME_G2_M_CHECKPOINTS]
[REACTOME_DNA_DOUBLE_STRAND_BREAK_RESPONSE,REACTOME_DNA_DOUBLE_STRAND_BREAK_RESPONSE] was killed by [REACTOME_G2_M_CHECKPOINTS,REACTOME_G2_M_CHECKPOINTS]
[REACTOME_CELLULAR_SENESCENCE,REACTOME_CELLULAR_SENESCENCE] was killed by [REACTOME_G2_M_CHECKPOINTS,REACTOME_G2_M_CHECKPOINTS]
[REACTOME_GLOBAL_GENOME_NUCLEOTIDE_EXCISION_REPAIR_GG_NER,REACTOME_GLOBAL_GENOME_NUCLEOTIDE_EXCISION_REPAIR_GG_NER] was killed by [REACTOME_G2_M_CHECKPOINTS,REACTOME_G2_M_CHECKPOINTS]
[REACTOME_DEPOSITION_OF_NEW_CENPA_CONTAINING_NUCLEOSOMES_AT_THE_CENTROMERE,REACTOME_DEPOSITION_OF_NEW_CENPA_CONTAINING_NUCLEOSOMES_AT_THE_CENTROMERE] was killed by [REACTOME_G2_M_CHECKPOINTS,REACTOME_G2_M_CHECKPOINTS]
[REACTOME_RNA_POLYMERASE_I_TRANSCRIPTION,REACTOME_RNA_POLYMERASE_I_TRANSCRIPTION] was killed by [REACTOME_G2_M_CHECKPOINTS,REACTOME_G2_M_CHECKPOINTS]
[REACTOME_PTEN_REGULATION,REACTOME_PTEN_REGULATION] was killed by [REACTOME_G2_M_CHECKPOINTS,REACTOME_G2_M_CHECKPOINTS]
[REACTOME_TRANSCRIPTION_COUPLED_NUCLEOTIDE_EXCISION_REPAIR_TC_NER,REACTOME_TRANSCRIPTION_COUPLED_NUCLEOTIDE_EXCISION_REPAIR_TC_NER] was killed by [REACTOME_MRNA_SPLICING,REACTOME_MRNA_SPLICING]
[REACTOME_REGULATION_OF_TP53_ACTIVITY,REACTOME_REGULATION_OF_TP53_ACTIVITY] was killed by [REACTOME_G2_M_CHECKPOINTS,REACTOME_G2_M_CHECKPOINTS]
[REACTOME_RESPIRATORY_ELECTRON_TRANSPORT,REACTOME_RESPIRATORY_ELECTRON_TRANSPORT] was killed by [REACTOME_THE_CITRIC_ACID_TCA_CYCLE_AND_RESPIRATORY_ELECTRON_TRANSPORT,REACTOME_THE_CITRIC_ACID_TCA_CYCLE_AND_RESPIRATORY_ELECTRON_TRANSPORT]
[REACTOME_SWITCHING_OF_ORIGINS_TO_A_POST_REPLICATIVE_STATE,REACTOME_SWITCHING_OF_ORIGINS_TO_A_POST_REPLICATIVE_STATE] was killed by [REACTOME_G2_M_CHECKPOINTS,REACTOME_G2_M_CHECKPOINTS]
[REACTOME_DISEASES_OF_PROGRAMMED_CELL_DEATH,REACTOME_DISEASES_OF_PROGRAMMED_CELL_DEATH] was killed by [REACTOME_G2_M_CHECKPOINTS,REACTOME_G2_M_CHECKPOINTS]
[REACTOME_INTERACTIONS_OF_REV_WITH_HOST_CELLULAR_PROTEINS,REACTOME_INTERACTIONS_OF_REV_WITH_HOST_CELLULAR_PROTEINS] was killed by [REACTOME_MITOTIC_SPINDLE_CHECKPOINT,REACTOME_MITOTIC_SPINDLE_CHECKPOINT]
[REACTOME_POSITIVE_EPIGENETIC_REGULATION_OF_RRNA_EXPRESSION,REACTOME_POSITIVE_EPIGENETIC_REGULATION_OF_RRNA_EXPRESSION] was killed by [REACTOME_G2_M_CHECKPOINTS,REACTOME_G2_M_CHECKPOINTS]
[REACTOME_SUMOYLATION_OF_DNA_REPLICATION_PROTEINS,REACTOME_SUMOYLATION_OF_DNA_REPLICATION_PROTEINS] was killed by [REACTOME_MITOTIC_SPINDLE_CHECKPOINT,REACTOME_MITOTIC_SPINDLE_CHECKPOINT]
[REACTOME_PRC2_METHYLATES_HISTONES_AND_DNA,REACTOME_PRC2_METHYLATES_HISTONES_AND_DNA] was killed by [REACTOME_G2_M_CHECKPOINTS,REACTOME_G2_M_CHECKPOINTS]
[REACTOME_APC_C_MEDIATED_DEGRADATION_OF_CELL_CYCLE_PROTEINS,REACTOME_APC_C_MEDIATED_DEGRADATION_OF_CELL_CYCLE_PROTEINS] was killed by [REACTOME_G2_M_CHECKPOINTS,REACTOME_G2_M_CHECKPOINTS]
[REACTOME_FCGAMMA_RECEPTOR_FCGR_DEPENDENT_PHAGOCYTOSIS,REACTOME_FCGAMMA_RECEPTOR_FCGR_DEPENDENT_PHAGOCYTOSIS] was killed by [REACTOME_CREATION_OF_C4_AND_C2_ACTIVATORS,REACTOME_CREATION_OF_C4_AND_C2_ACTIVATORS]
[REACTOME_PROTEIN_LOCALIZATION,REACTOME_PROTEIN_LOCALIZATION] was killed by [REACTOME_THE_CITRIC_ACID_TCA_CYCLE_AND_RESPIRATORY_ELECTRON_TRANSPORT,REACTOME_THE_CITRIC_ACID_TCA_CYCLE_AND_RESPIRATORY_ELECTRON_TRANSPORT]
[REACTOME_UCH_PROTEINASES,REACTOME_UCH_PROTEINASES] was killed by [REACTOME_G2_M_CHECKPOINTS,REACTOME_G2_M_CHECKPOINTS]
[REACTOME_NUCLEAR_IMPORT_OF_REV_PROTEIN,REACTOME_NUCLEAR_IMPORT_OF_REV_PROTEIN] was killed by [REACTOME_MITOTIC_SPINDLE_CHECKPOINT,REACTOME_MITOTIC_SPINDLE_CHECKPOINT]
[REACTOME_DNA_REPLICATION_PRE_INITIATION,REACTOME_DNA_REPLICATION_PRE_INITIATION] was killed by [REACTOME_G2_M_CHECKPOINTS,REACTOME_G2_M_CHECKPOINTS]
[REACTOME_PROTEIN_UBIQUITINATION,REACTOME_PROTEIN_UBIQUITINATION] was killed by [REACTOME_G2_M_CHECKPOINTS,REACTOME_G2_M_CHECKPOINTS]
[REACTOME_TRANSPORT_OF_MATURE_MRNAS_DERIVED_FROM_INTRONLESS_TRANSCRIPTS,REACTOME_TRANSPORT_OF_MATURE_MRNAS_DERIVED_FROM_INTRONLESS_TRANSCRIPTS] was killed by [REACTOME_MRNA_SPLICING,REACTOME_MRNA_SPLICING]
[REACTOME_ERCC6_CSB_AND_EHMT2_G9A_POSITIVELY_REGULATE_RRNA_EXPRESSION,REACTOME_ERCC6_CSB_AND_EHMT2_G9A_POSITIVELY_REGULATE_RRNA_EXPRESSION] was killed by [REACTOME_G2_M_CHECKPOINTS,REACTOME_G2_M_CHECKPOINTS]
[REACTOME_RECRUITMENT_OF_MITOTIC_CENTROSOME_PROTEINS_AND_COMPLEXES,REACTOME_RECRUITMENT_OF_MITOTIC_CENTROSOME_PROTEINS_AND_COMPLEXES] was killed by [REACTOME_MITOTIC_SPINDLE_CHECKPOINT,REACTOME_MITOTIC_SPINDLE_CHECKPOINT]
[REACTOME_REGULATION_OF_PLK1_ACTIVITY_AT_G2_M_TRANSITION,REACTOME_REGULATION_OF_PLK1_ACTIVITY_AT_G2_M_TRANSITION] was killed by [REACTOME_G2_M_CHECKPOINTS,REACTOME_G2_M_CHECKPOINTS]
[REACTOME_APC_C_CDH1_MEDIATED_DEGRADATION_OF_CDC20_AND_OTHER_APC_C_CDH1_TARGETED_PROTEINS_IN_LATE_MITOSIS_EARLY_G1,REACTOME_APC_C_CDH1_MEDIATED_DEGRADATION_OF_CDC20_AND_OTHER_APC_C_CDH1_TARGETED_PROTEINS_IN_LATE_MITOSIS_EARLY_G1] was killed by [REACTOME_G2_M_CHECKPOINTS,REACTOME_G2_M_CHECKPOINTS]
[REACTOME_AURKA_ACTIVATION_BY_TPX2,REACTOME_AURKA_ACTIVATION_BY_TPX2] was killed by [REACTOME_MITOTIC_SPINDLE_CHECKPOINT,REACTOME_MITOTIC_SPINDLE_CHECKPOINT]
[REACTOME_DNA_DAMAGE_TELOMERE_STRESS_INDUCED_SENESCENCE,REACTOME_DNA_DAMAGE_TELOMERE_STRESS_INDUCED_SENESCENCE] was killed by [REACTOME_G2_M_CHECKPOINTS,REACTOME_G2_M_CHECKPOINTS]
[REACTOME_MEIOTIC_RECOMBINATION,REACTOME_MEIOTIC_RECOMBINATION] was killed by [REACTOME_G2_M_CHECKPOINTS,REACTOME_G2_M_CHECKPOINTS]
[REACTOME_INHIBITION_OF_DNA_RECOMBINATION_AT_TELOMERE,REACTOME_INHIBITION_OF_DNA_RECOMBINATION_AT_TELOMERE] was killed by [REACTOME_MRNA_SPLICING,REACTOME_MRNA_SPLICING]
[REACTOME_RUNX1_REGULATES_TRANSCRIPTION_OF_GENES_INVOLVED_IN_DIFFERENTIATION_OF_HSCS,REACTOME_RUNX1_REGULATES_TRANSCRIPTION_OF_GENES_INVOLVED_IN_DIFFERENTIATION_OF_HSCS] was killed by [REACTOME_G2_M_CHECKPOINTS,REACTOME_G2_M_CHECKPOINTS]
[REACTOME_RRNA_MODIFICATION_IN_THE_NUCLEUS_AND_CYTOSOL,REACTOME_RRNA_MODIFICATION_IN_THE_NUCLEUS_AND_CYTOSOL] was killed by [REACTOME_SRP_DEPENDENT_COTRANSLATIONAL_PROTEIN_TARGETING_TO_MEMBRANE,REACTOME_SRP_DEPENDENT_COTRANSLATIONAL_PROTEIN_TARGETING_TO_MEMBRANE]
[REACTOME_TRANSPORT_OF_THE_SLBP_DEPENDANT_MATURE_MRNA,REACTOME_TRANSPORT_OF_THE_SLBP_DEPENDANT_MATURE_MRNA] was killed by [REACTOME_MITOTIC_SPINDLE_CHECKPOINT,REACTOME_MITOTIC_SPINDLE_CHECKPOINT]
[REACTOME_RMTS_METHYLATE_HISTONE_ARGININES,REACTOME_RMTS_METHYLATE_HISTONE_ARGININES] was killed by [REACTOME_G2_M_CHECKPOINTS,REACTOME_G2_M_CHECKPOINTS]
[REACTOME_ANCHORING_OF_THE_BASAL_BODY_TO_THE_PLASMA_MEMBRANE,REACTOME_ANCHORING_OF_THE_BASAL_BODY_TO_THE_PLASMA_MEMBRANE] was killed by [REACTOME_MITOTIC_SPINDLE_CHECKPOINT,REACTOME_MITOTIC_SPINDLE_CHECKPOINT]
[REACTOME_ESTROGEN_DEPENDENT_GENE_EXPRESSION,REACTOME_ESTROGEN_DEPENDENT_GENE_EXPRESSION] was killed by [REACTOME_MRNA_SPLICING,REACTOME_MRNA_SPLICING]
[REACTOME_RNA_POLYMERASE_I_PROMOTER_ESCAPE,REACTOME_RNA_POLYMERASE_I_PROMOTER_ESCAPE] was killed by [REACTOME_G2_M_CHECKPOINTS,REACTOME_G2_M_CHECKPOINTS]
[REACTOME_DUAL_INCISION_IN_TC_NER,REACTOME_DUAL_INCISION_IN_TC_NER] was killed by [REACTOME_MRNA_SPLICING,REACTOME_MRNA_SPLICING]
[REACTOME_NEGATIVE_REGULATION_OF_NOTCH4_SIGNALING,REACTOME_NEGATIVE_REGULATION_OF_NOTCH4_SIGNALING] was killed by [REACTOME_G2_M_CHECKPOINTS,REACTOME_G2_M_CHECKPOINTS]
[REACTOME_INTERLEUKIN_4_AND_INTERLEUKIN_13_SIGNALING,REACTOME_INTERLEUKIN_4_AND_INTERLEUKIN_13_SIGNALING] was killed by [REACTOME_PEPTIDE_LIGAND_BINDING_RECEPTORS,REACTOME_PEPTIDE_LIGAND_BINDING_RECEPTORS]
[REACTOME_B_WICH_COMPLEX_POSITIVELY_REGULATES_RRNA_EXPRESSION,REACTOME_B_WICH_COMPLEX_POSITIVELY_REGULATES_RRNA_EXPRESSION] was killed by [REACTOME_G2_M_CHECKPOINTS,REACTOME_G2_M_CHECKPOINTS]
[REACTOME_SUMOYLATION_OF_RNA_BINDING_PROTEINS,REACTOME_SUMOYLATION_OF_RNA_BINDING_PROTEINS] was killed by [REACTOME_MITOTIC_SPINDLE_CHECKPOINT,REACTOME_MITOTIC_SPINDLE_CHECKPOINT]
[REACTOME_CYCLIN_A_CDK2_ASSOCIATED_EVENTS_AT_S_PHASE_ENTRY,REACTOME_CYCLIN_A_CDK2_ASSOCIATED_EVENTS_AT_S_PHASE_ENTRY] was killed by [REACTOME_G2_M_CHECKPOINTS,REACTOME_G2_M_CHECKPOINTS]
[REACTOME_POSTMITOTIC_NUCLEAR_PORE_COMPLEX_NPC_REFORMATION,REACTOME_POSTMITOTIC_NUCLEAR_PORE_COMPLEX_NPC_REFORMATION] was killed by [REACTOME_MITOTIC_SPINDLE_CHECKPOINT,REACTOME_MITOTIC_SPINDLE_CHECKPOINT]
[REACTOME_ASSEMBLY_OF_THE_PRE_REPLICATIVE_COMPLEX,REACTOME_ASSEMBLY_OF_THE_PRE_REPLICATIVE_COMPLEX] was killed by [REACTOME_G2_M_CHECKPOINTS,REACTOME_G2_M_CHECKPOINTS]
[REACTOME_OXIDATIVE_STRESS_INDUCED_SENESCENCE,REACTOME_OXIDATIVE_STRESS_INDUCED_SENESCENCE] was killed by [REACTOME_G2_M_CHECKPOINTS,REACTOME_G2_M_CHECKPOINTS]
[REACTOME_DNA_METHYLATION,REACTOME_DNA_METHYLATION] was killed by [REACTOME_G2_M_CHECKPOINTS,REACTOME_G2_M_CHECKPOINTS]
[REACTOME_SENESCENCE_ASSOCIATED_SECRETORY_PHENOTYPE_SASP,REACTOME_SENESCENCE_ASSOCIATED_SECRETORY_PHENOTYPE_SASP] was killed by [REACTOME_G2_M_CHECKPOINTS,REACTOME_G2_M_CHECKPOINTS]
[REACTOME_DOWNSTREAM_SIGNALING_EVENTS_OF_B_CELL_RECEPTOR_BCR,REACTOME_DOWNSTREAM_SIGNALING_EVENTS_OF_B_CELL_RECEPTOR_BCR] was killed by [REACTOME_G2_M_CHECKPOINTS,REACTOME_G2_M_CHECKPOINTS]
[REACTOME_INTERACTIONS_OF_VPR_WITH_HOST_CELLULAR_PROTEINS,REACTOME_INTERACTIONS_OF_VPR_WITH_HOST_CELLULAR_PROTEINS] was killed by [REACTOME_MITOTIC_SPINDLE_CHECKPOINT,REACTOME_MITOTIC_SPINDLE_CHECKPOINT]
[REACTOME_CELLULAR_RESPONSE_TO_CHEMICAL_STRESS,REACTOME_CELLULAR_RESPONSE_TO_CHEMICAL_STRESS] was killed by [REACTOME_G2_M_CHECKPOINTS,REACTOME_G2_M_CHECKPOINTS]
[REACTOME_NS1_MEDIATED_EFFECTS_ON_HOST_PATHWAYS,REACTOME_NS1_MEDIATED_EFFECTS_ON_HOST_PATHWAYS] was killed by [REACTOME_MITOTIC_SPINDLE_CHECKPOINT,REACTOME_MITOTIC_SPINDLE_CHECKPOINT]
[REACTOME_ORC1_REMOVAL_FROM_CHROMATIN,REACTOME_ORC1_REMOVAL_FROM_CHROMATIN] was killed by [REACTOME_G2_M_CHECKPOINTS,REACTOME_G2_M_CHECKPOINTS]
[REACTOME_SIRT1_NEGATIVELY_REGULATES_RRNA_EXPRESSION,REACTOME_SIRT1_NEGATIVELY_REGULATES_RRNA_EXPRESSION] was killed by [REACTOME_G2_M_CHECKPOINTS,REACTOME_G2_M_CHECKPOINTS]
[REACTOME_REGULATION_OF_HMOX1_EXPRESSION_AND_ACTIVITY,REACTOME_REGULATION_OF_HMOX1_EXPRESSION_AND_ACTIVITY] was killed by [REACTOME_G2_M_CHECKPOINTS,REACTOME_G2_M_CHECKPOINTS]
[REACTOME_TRNA_PROCESSING_IN_THE_NUCLEUS,REACTOME_TRNA_PROCESSING_IN_THE_NUCLEUS] was killed by [REACTOME_MITOTIC_SPINDLE_CHECKPOINT,REACTOME_MITOTIC_SPINDLE_CHECKPOINT]
[REACTOME_FORMATION_OF_THE_BETA_CATENIN_TCF_TRANSACTIVATING_COMPLEX,REACTOME_FORMATION_OF_THE_BETA_CATENIN_TCF_TRANSACTIVATING_COMPLEX] was killed by [REACTOME_G2_M_CHECKPOINTS,REACTOME_G2_M_CHECKPOINTS]
[REACTOME_EXPORT_OF_VIRAL_RIBONUCLEOPROTEINS_FROM_NUCLEUS,REACTOME_EXPORT_OF_VIRAL_RIBONUCLEOPROTEINS_FROM_NUCLEUS] was killed by [REACTOME_MITOTIC_SPINDLE_CHECKPOINT,REACTOME_MITOTIC_SPINDLE_CHECKPOINT]
[REACTOME_NUCLEAR_PORE_COMPLEX_NPC_DISASSEMBLY,REACTOME_NUCLEAR_PORE_COMPLEX_NPC_DISASSEMBLY] was killed by [REACTOME_MITOTIC_SPINDLE_CHECKPOINT,REACTOME_MITOTIC_SPINDLE_CHECKPOINT]
[REACTOME_SUMOYLATION_OF_UBIQUITINYLATION_PROTEINS,REACTOME_SUMOYLATION_OF_UBIQUITINYLATION_PROTEINS] was killed by [REACTOME_MITOTIC_SPINDLE_CHECKPOINT,REACTOME_MITOTIC_SPINDLE_CHECKPOINT]
[REACTOME_RUNX1_REGULATES_GENES_INVOLVED_IN_MEGAKARYOCYTE_DIFFERENTIATION_AND_PLATELET_FUNCTION,REACTOME_RUNX1_REGULATES_GENES_INVOLVED_IN_MEGAKARYOCYTE_DIFFERENTIATION_AND_PLATELET_FUNCTION] was killed by [REACTOME_G2_M_CHECKPOINTS,REACTOME_G2_M_CHECKPOINTS]
[REACTOME_VIRAL_MESSENGER_RNA_SYNTHESIS,REACTOME_VIRAL_MESSENGER_RNA_SYNTHESIS] was killed by [REACTOME_MRNA_SPLICING,REACTOME_MRNA_SPLICING]
[REACTOME_RECOGNITION_AND_ASSOCIATION_OF_DNA_GLYCOSYLASE_WITH_SITE_CONTAINING_AN_AFFECTED_PURINE,REACTOME_RECOGNITION_AND_ASSOCIATION_OF_DNA_GLYCOSYLASE_WITH_SITE_CONTAINING_AN_AFFECTED_PURINE] was killed by [REACTOME_G2_M_CHECKPOINTS,REACTOME_G2_M_CHECKPOINTS]
[REACTOME_ACTIVATED_PKN1_STIMULATES_TRANSCRIPTION_OF_AR_ANDROGEN_RECEPTOR_REGULATED_GENES_KLK2_AND_KLK3,REACTOME_ACTIVATED_PKN1_STIMULATES_TRANSCRIPTION_OF_AR_ANDROGEN_RECEPTOR_REGULATED_GENES_KLK2_AND_KLK3] was killed by [REACTOME_G2_M_CHECKPOINTS,REACTOME_G2_M_CHECKPOINTS]
[REACTOME_SUMOYLATION_OF_SUMOYLATION_PROTEINS,REACTOME_SUMOYLATION_OF_SUMOYLATION_PROTEINS] was killed by [REACTOME_MITOTIC_SPINDLE_CHECKPOINT,REACTOME_MITOTIC_SPINDLE_CHECKPOINT]
[REACTOME_SNRNP_ASSEMBLY,REACTOME_SNRNP_ASSEMBLY] was killed by [REACTOME_MRNA_SPLICING,REACTOME_MRNA_SPLICING]
[REACTOME_HDR_THROUGH_HOMOLOGOUS_RECOMBINATION_HRR,REACTOME_HDR_THROUGH_HOMOLOGOUS_RECOMBINATION_HRR] was killed by [REACTOME_G2_M_CHECKPOINTS,REACTOME_G2_M_CHECKPOINTS]
[REACTOME_STABILIZATION_OF_P53,REACTOME_STABILIZATION_OF_P53] was killed by [REACTOME_G2_M_CHECKPOINTS,REACTOME_G2_M_CHECKPOINTS]
[REACTOME_RHO_GTPASES_ACTIVATE_FORMINS,REACTOME_RHO_GTPASES_ACTIVATE_FORMINS] was killed by [REACTOME_MITOTIC_SPINDLE_CHECKPOINT,REACTOME_MITOTIC_SPINDLE_CHECKPOINT]
[REACTOME_CYTOPROTECTION_BY_HMOX1,REACTOME_CYTOPROTECTION_BY_HMOX1] was killed by [REACTOME_G2_M_CHECKPOINTS,REACTOME_G2_M_CHECKPOINTS]
[REACTOME_ACTIVATION_OF_ANTERIOR_HOX_GENES_IN_HINDBRAIN_DEVELOPMENT_DURING_EARLY_EMBRYOGENESIS,REACTOME_ACTIVATION_OF_ANTERIOR_HOX_GENES_IN_HINDBRAIN_DEVELOPMENT_DURING_EARLY_EMBRYOGENESIS] was killed by [REACTOME_MRNA_SPLICING,REACTOME_MRNA_SPLICING]
[REACTOME_SCF_SKP2_MEDIATED_DEGRADATION_OF_P27_P21,REACTOME_SCF_SKP2_MEDIATED_DEGRADATION_OF_P27_P21] was killed by [REACTOME_G2_M_CHECKPOINTS,REACTOME_G2_M_CHECKPOINTS]
[REACTOME_FORMATION_OF_TC_NER_PRE_INCISION_COMPLEX,REACTOME_FORMATION_OF_TC_NER_PRE_INCISION_COMPLEX] was killed by [REACTOME_MRNA_SPLICING,REACTOME_MRNA_SPLICING]
[REACTOME_REGULATION_OF_PTEN_STABILITY_AND_ACTIVITY,REACTOME_REGULATION_OF_PTEN_STABILITY_AND_ACTIVITY] was killed by [REACTOME_G2_M_CHECKPOINTS,REACTOME_G2_M_CHECKPOINTS]
[REACTOME_NUCLEAR_ENVELOPE_NE_REASSEMBLY,REACTOME_NUCLEAR_ENVELOPE_NE_REASSEMBLY] was killed by [REACTOME_MITOTIC_SPINDLE_CHECKPOINT,REACTOME_MITOTIC_SPINDLE_CHECKPOINT]
[REACTOME_MEIOSIS,REACTOME_MEIOSIS] was killed by [REACTOME_G2_M_CHECKPOINTS,REACTOME_G2_M_CHECKPOINTS]
[REACTOME_DEADENYLATION_DEPENDENT_MRNA_DECAY,REACTOME_DEADENYLATION_DEPENDENT_MRNA_DECAY] was killed by [REACTOME_MRNA_SPLICING,REACTOME_MRNA_SPLICING]
[REACTOME_NUCLEAR_ENVELOPE_BREAKDOWN,REACTOME_NUCLEAR_ENVELOPE_BREAKDOWN] was killed by [REACTOME_MITOTIC_SPINDLE_CHECKPOINT,REACTOME_MITOTIC_SPINDLE_CHECKPOINT]
[REACTOME_DNA_DAMAGE_BYPASS,REACTOME_DNA_DAMAGE_BYPASS] was killed by [REACTOME_G2_M_CHECKPOINTS,REACTOME_G2_M_CHECKPOINTS]
[REACTOME_BASE_EXCISION_REPAIR,REACTOME_BASE_EXCISION_REPAIR] was killed by [REACTOME_G2_M_CHECKPOINTS,REACTOME_G2_M_CHECKPOINTS]
[REACTOME_MITOCHONDRIAL_PROTEIN_IMPORT,REACTOME_MITOCHONDRIAL_PROTEIN_IMPORT] was killed by [REACTOME_THE_CITRIC_ACID_TCA_CYCLE_AND_RESPIRATORY_ELECTRON_TRANSPORT,REACTOME_THE_CITRIC_ACID_TCA_CYCLE_AND_RESPIRATORY_ELECTRON_TRANSPORT]
[REACTOME_E3_UBIQUITIN_LIGASES_UBIQUITINATE_TARGET_PROTEINS,REACTOME_E3_UBIQUITIN_LIGASES_UBIQUITINATE_TARGET_PROTEINS] was killed by [REACTOME_G2_M_CHECKPOINTS,REACTOME_G2_M_CHECKPOINTS]
[REACTOME_AUF1_HNRNP_D0_BINDS_AND_DESTABILIZES_MRNA,REACTOME_AUF1_HNRNP_D0_BINDS_AND_DESTABILIZES_MRNA] was killed by [REACTOME_G2_M_CHECKPOINTS,REACTOME_G2_M_CHECKPOINTS]
[REACTOME_CELLULAR_RESPONSE_TO_HEAT_STRESS,REACTOME_CELLULAR_RESPONSE_TO_HEAT_STRESS] was killed by [REACTOME_G2_M_CHECKPOINTS,REACTOME_G2_M_CHECKPOINTS]
[REACTOME_G_ALPHA_S_SIGNALLING_EVENTS,REACTOME_G_ALPHA_S_SIGNALLING_EVENTS] was killed by [REACTOME_PEPTIDE_LIGAND_BINDING_RECEPTORS,REACTOME_PEPTIDE_LIGAND_BINDING_RECEPTORS]
[REACTOME_RHO_GTPASES_ACTIVATE_PKNS,REACTOME_RHO_GTPASES_ACTIVATE_PKNS] was killed by [REACTOME_G2_M_CHECKPOINTS,REACTOME_G2_M_CHECKPOINTS]
[REACTOME_COLLAGEN_DEGRADATION,REACTOME_COLLAGEN_DEGRADATION] was killed by [REACTOME_DEGRADATION_OF_THE_EXTRACELLULAR_MATRIX,REACTOME_DEGRADATION_OF_THE_EXTRACELLULAR_MATRIX]
[REACTOME_ACTIVATION_OF_ATR_IN_RESPONSE_TO_REPLICATION_STRESS,REACTOME_ACTIVATION_OF_ATR_IN_RESPONSE_TO_REPLICATION_STRESS] was killed by [REACTOME_G2_M_CHECKPOINTS,REACTOME_G2_M_CHECKPOINTS]
[REACTOME_REGULATION_OF_MRNA_STABILITY_BY_PROTEINS_THAT_BIND_AU_RICH_ELEMENTS,REACTOME_REGULATION_OF_MRNA_STABILITY_BY_PROTEINS_THAT_BIND_AU_RICH_ELEMENTS] was killed by [REACTOME_G2_M_CHECKPOINTS,REACTOME_G2_M_CHECKPOINTS]
[REACTOME_REGULATION_OF_TP53_ACTIVITY_THROUGH_PHOSPHORYLATION,REACTOME_REGULATION_OF_TP53_ACTIVITY_THROUGH_PHOSPHORYLATION] was killed by [REACTOME_G2_M_CHECKPOINTS,REACTOME_G2_M_CHECKPOINTS]
[REACTOME_POTASSIUM_CHANNELS,REACTOME_POTASSIUM_CHANNELS] was killed by [REACTOME_MUSCLE_CONTRACTION,REACTOME_MUSCLE_CONTRACTION]
[REACTOME_ADORA2B_MEDIATED_ANTI_INFLAMMATORY_CYTOKINES_PRODUCTION,REACTOME_ADORA2B_MEDIATED_ANTI_INFLAMMATORY_CYTOKINES_PRODUCTION] was killed by [REACTOME_PEPTIDE_LIGAND_BINDING_RECEPTORS,REACTOME_PEPTIDE_LIGAND_BINDING_RECEPTORS]
[REACTOME_G1_S_DNA_DAMAGE_CHECKPOINTS,REACTOME_G1_S_DNA_DAMAGE_CHECKPOINTS] was killed by [REACTOME_G2_M_CHECKPOINTS,REACTOME_G2_M_CHECKPOINTS]
[REACTOME_ANTIVIRAL_MECHANISM_BY_IFN_STIMULATED_GENES,REACTOME_ANTIVIRAL_MECHANISM_BY_IFN_STIMULATED_GENES] was killed by [REACTOME_MITOTIC_SPINDLE_CHECKPOINT,REACTOME_MITOTIC_SPINDLE_CHECKPOINT]
[REACTOME_REGULATION_OF_HSF1_MEDIATED_HEAT_SHOCK_RESPONSE,REACTOME_REGULATION_OF_HSF1_MEDIATED_HEAT_SHOCK_RESPONSE] was killed by [REACTOME_G2_M_CHECKPOINTS,REACTOME_G2_M_CHECKPOINTS]
[REACTOME_VOLTAGE_GATED_POTASSIUM_CHANNELS,REACTOME_VOLTAGE_GATED_POTASSIUM_CHANNELS] was killed by [REACTOME_MUSCLE_CONTRACTION,REACTOME_MUSCLE_CONTRACTION]
[REACTOME_RHOA_GTPASE_CYCLE,REACTOME_RHOA_GTPASE_CYCLE] was killed by [REACTOME_RAC1_GTPASE_CYCLE,REACTOME_RAC1_GTPASE_CYCLE]
[REACTOME_CELLULAR_RESPONSE_TO_HYPOXIA,REACTOME_CELLULAR_RESPONSE_TO_HYPOXIA] was killed by [REACTOME_G2_M_CHECKPOINTS,REACTOME_G2_M_CHECKPOINTS]
[REACTOME_CDC42_GTPASE_CYCLE,REACTOME_CDC42_GTPASE_CYCLE] was killed by [REACTOME_RAC1_GTPASE_CYCLE,REACTOME_RAC1_GTPASE_CYCLE]
[REACTOME_RNA_POLYMERASE_II_TRANSCRIBES_SNRNA_GENES,REACTOME_RNA_POLYMERASE_II_TRANSCRIBES_SNRNA_GENES] was killed by [REACTOME_MRNA_SPLICING,REACTOME_MRNA_SPLICING]
[REACTOME_REGULATION_OF_GLUCOKINASE_BY_GLUCOKINASE_REGULATORY_PROTEIN,REACTOME_REGULATION_OF_GLUCOKINASE_BY_GLUCOKINASE_REGULATORY_PROTEIN] was killed by [REACTOME_MITOTIC_SPINDLE_CHECKPOINT,REACTOME_MITOTIC_SPINDLE_CHECKPOINT]
[REACTOME_TP53_REGULATES_METABOLIC_GENES,REACTOME_TP53_REGULATES_METABOLIC_GENES] was killed by [REACTOME_G2_M_CHECKPOINTS,REACTOME_G2_M_CHECKPOINTS]
[REACTOME_RECOGNITION_OF_DNA_DAMAGE_BY_PCNA_CONTAINING_REPLICATION_COMPLEX,REACTOME_RECOGNITION_OF_DNA_DAMAGE_BY_PCNA_CONTAINING_REPLICATION_COMPLEX] was killed by [REACTOME_G2_M_CHECKPOINTS,REACTOME_G2_M_CHECKPOINTS]
[REACTOME_MRNA_SPLICING_MINOR_PATHWAY,REACTOME_MRNA_SPLICING_MINOR_PATHWAY] was killed by [REACTOME_MRNA_SPLICING,REACTOME_MRNA_SPLICING]
[REACTOME_CLEC7A_DECTIN_1_SIGNALING,REACTOME_CLEC7A_DECTIN_1_SIGNALING] was killed by [REACTOME_G2_M_CHECKPOINTS,REACTOME_G2_M_CHECKPOINTS]
[REACTOME_FORMATION_OF_INCISION_COMPLEX_IN_GG_NER,REACTOME_FORMATION_OF_INCISION_COMPLEX_IN_GG_NER] was killed by [REACTOME_G2_M_CHECKPOINTS,REACTOME_G2_M_CHECKPOINTS]
[REACTOME_DNA_DAMAGE_RECOGNITION_IN_GG_NER,REACTOME_DNA_DAMAGE_RECOGNITION_IN_GG_NER] was killed by [REACTOME_G2_M_CHECKPOINTS,REACTOME_G2_M_CHECKPOINTS]
[REACTOME_APOPTOSIS,REACTOME_APOPTOSIS] was killed by [REACTOME_G2_M_CHECKPOINTS,REACTOME_G2_M_CHECKPOINTS]
[REACTOME_DEFECTIVE_CFTR_CAUSES_CYSTIC_FIBROSIS,REACTOME_DEFECTIVE_CFTR_CAUSES_CYSTIC_FIBROSIS] was killed by [REACTOME_G2_M_CHECKPOINTS,REACTOME_G2_M_CHECKPOINTS]
[REACTOME_DEGRADATION_OF_DVL,REACTOME_DEGRADATION_OF_DVL] was killed by [REACTOME_G2_M_CHECKPOINTS,REACTOME_G2_M_CHECKPOINTS]
[REACTOME_HDMS_DEMETHYLATE_HISTONES,REACTOME_HDMS_DEMETHYLATE_HISTONES] was killed by [REACTOME_G2_M_CHECKPOINTS,REACTOME_G2_M_CHECKPOINTS]
[REACTOME_HDR_THROUGH_SINGLE_STRAND_ANNEALING_SSA,REACTOME_HDR_THROUGH_SINGLE_STRAND_ANNEALING_SSA] was killed by [REACTOME_G2_M_CHECKPOINTS,REACTOME_G2_M_CHECKPOINTS]
[REACTOME_RECRUITMENT_OF_NUMA_TO_MITOTIC_CENTROSOMES,REACTOME_RECRUITMENT_OF_NUMA_TO_MITOTIC_CENTROSOMES] was killed by [REACTOME_MITOTIC_SPINDLE_CHECKPOINT,REACTOME_MITOTIC_SPINDLE_CHECKPOINT]
[REACTOME_CROSS_PRESENTATION_OF_SOLUBLE_EXOGENOUS_ANTIGENS_ENDOSOMES,REACTOME_CROSS_PRESENTATION_OF_SOLUBLE_EXOGENOUS_ANTIGENS_ENDOSOMES] was killed by [REACTOME_G2_M_CHECKPOINTS,REACTOME_G2_M_CHECKPOINTS]
[REACTOME_SIGNALING_BY_NOTCH4,REACTOME_SIGNALING_BY_NOTCH4] was killed by [REACTOME_G2_M_CHECKPOINTS,REACTOME_G2_M_CHECKPOINTS]
[REACTOME_PRE_NOTCH_EXPRESSION_AND_PROCESSING,REACTOME_PRE_NOTCH_EXPRESSION_AND_PROCESSING] was killed by [REACTOME_G2_M_CHECKPOINTS,REACTOME_G2_M_CHECKPOINTS]
[REACTOME_CHEMOKINE_RECEPTORS_BIND_CHEMOKINES,REACTOME_CHEMOKINE_RECEPTORS_BIND_CHEMOKINES] was killed by [REACTOME_PEPTIDE_LIGAND_BINDING_RECEPTORS,REACTOME_PEPTIDE_LIGAND_BINDING_RECEPTORS]
[REACTOME_MEIOTIC_SYNAPSIS,REACTOME_MEIOTIC_SYNAPSIS] was killed by [REACTOME_G2_M_CHECKPOINTS,REACTOME_G2_M_CHECKPOINTS]
[REACTOME_METALLOPROTEASE_DUBS,REACTOME_METALLOPROTEASE_DUBS] was killed by [REACTOME_G2_M_CHECKPOINTS,REACTOME_G2_M_CHECKPOINTS]
[REACTOME_TRANSCRIPTIONAL_REGULATION_OF_GRANULOPOIESIS,REACTOME_TRANSCRIPTIONAL_REGULATION_OF_GRANULOPOIESIS] was killed by [REACTOME_G2_M_CHECKPOINTS,REACTOME_G2_M_CHECKPOINTS]
[REACTOME_DUAL_INCISION_IN_GG_NER,REACTOME_DUAL_INCISION_IN_GG_NER] was killed by [REACTOME_G2_M_CHECKPOINTS,REACTOME_G2_M_CHECKPOINTS]
[REACTOME_G_ALPHA_12_13_SIGNALLING_EVENTS,REACTOME_G_ALPHA_12_13_SIGNALLING_EVENTS] was killed by [REACTOME_RAC1_GTPASE_CYCLE,REACTOME_RAC1_GTPASE_CYCLE]
[REACTOME_ACTIVATION_OF_MATRIX_METALLOPROTEINASES,REACTOME_ACTIVATION_OF_MATRIX_METALLOPROTEINASES] was killed by [REACTOME_ANTIMICROBIAL_PEPTIDES,REACTOME_ANTIMICROBIAL_PEPTIDES]
[REACTOME_REGULATION_OF_RUNX2_EXPRESSION_AND_ACTIVITY,REACTOME_REGULATION_OF_RUNX2_EXPRESSION_AND_ACTIVITY] was killed by [REACTOME_G2_M_CHECKPOINTS,REACTOME_G2_M_CHECKPOINTS]
[REACTOME_HOMOLOGOUS_DNA_PAIRING_AND_STRAND_EXCHANGE,REACTOME_HOMOLOGOUS_DNA_PAIRING_AND_STRAND_EXCHANGE] was killed by [REACTOME_G2_M_CHECKPOINTS,REACTOME_G2_M_CHECKPOINTS]
[REACTOME_REGULATED_NECROSIS,REACTOME_REGULATED_NECROSIS] was killed by [REACTOME_G2_M_CHECKPOINTS,REACTOME_G2_M_CHECKPOINTS]
[REACTOME_ECM_PROTEOGLYCANS,REACTOME_ECM_PROTEOGLYCANS] was killed by [REACTOME_DEGRADATION_OF_THE_EXTRACELLULAR_MATRIX,REACTOME_DEGRADATION_OF_THE_EXTRACELLULAR_MATRIX]
[REACTOME_PKMTS_METHYLATE_HISTONE_LYSINES,REACTOME_PKMTS_METHYLATE_HISTONE_LYSINES] was killed by [REACTOME_G2_M_CHECKPOINTS,REACTOME_G2_M_CHECKPOINTS]
[REACTOME_REGULATION_OF_RAS_BY_GAPS,REACTOME_REGULATION_OF_RAS_BY_GAPS] was killed by [REACTOME_G2_M_CHECKPOINTS,REACTOME_G2_M_CHECKPOINTS]
[REACTOME_REGULATION_OF_RUNX3_EXPRESSION_AND_ACTIVITY,REACTOME_REGULATION_OF_RUNX3_EXPRESSION_AND_ACTIVITY] was killed by [REACTOME_G2_M_CHECKPOINTS,REACTOME_G2_M_CHECKPOINTS]
[REACTOME_AMYLOID_FIBER_FORMATION,REACTOME_AMYLOID_FIBER_FORMATION] was killed by [REACTOME_G2_M_CHECKPOINTS,REACTOME_G2_M_CHECKPOINTS]
[REACTOME_INTERFERON_ALPHA_BETA_SIGNALING,REACTOME_INTERFERON_ALPHA_BETA_SIGNALING] was killed by [REACTOME_INTERFERON_GAMMA_SIGNALING,REACTOME_INTERFERON_GAMMA_SIGNALING]
[REACTOME_HEDGEHOG_LIGAND_BIOGENESIS,REACTOME_HEDGEHOG_LIGAND_BIOGENESIS] was killed by [REACTOME_G2_M_CHECKPOINTS,REACTOME_G2_M_CHECKPOINTS]
[REACTOME_ACTIVATION_OF_GENE_EXPRESSION_BY_SREBF_SREBP,REACTOME_ACTIVATION_OF_GENE_EXPRESSION_BY_SREBF_SREBP] was killed by [REACTOME_REGULATION_OF_CHOLESTEROL_BIOSYNTHESIS_BY_SREBP_SREBF,REACTOME_REGULATION_OF_CHOLESTEROL_BIOSYNTHESIS_BY_SREBP_SREBF]
[REACTOME_N_GLYCAN_TRIMMING_IN_THE_ER_AND_CALNEXIN_CALRETICULIN_CYCLE,REACTOME_N_GLYCAN_TRIMMING_IN_THE_ER_AND_CALNEXIN_CALRETICULIN_CYCLE] was killed by [REACTOME_G2_M_CHECKPOINTS,REACTOME_G2_M_CHECKPOINTS]
[REACTOME_GOLGI_ASSOCIATED_VESICLE_BIOGENESIS,REACTOME_GOLGI_ASSOCIATED_VESICLE_BIOGENESIS] was killed by [REACTOME_TRANS_GOLGI_NETWORK_VESICLE_BUDDING,REACTOME_TRANS_GOLGI_NETWORK_VESICLE_BUDDING]
[REACTOME_BASE_EXCISION_REPAIR_AP_SITE_FORMATION,REACTOME_BASE_EXCISION_REPAIR_AP_SITE_FORMATION] was killed by [REACTOME_G2_M_CHECKPOINTS,REACTOME_G2_M_CHECKPOINTS]
[REACTOME_INTEGRIN_CELL_SURFACE_INTERACTIONS,REACTOME_INTEGRIN_CELL_SURFACE_INTERACTIONS] was killed by [REACTOME_DEGRADATION_OF_THE_EXTRACELLULAR_MATRIX,REACTOME_DEGRADATION_OF_THE_EXTRACELLULAR_MATRIX]
[REACTOME_AUTOPHAGY,REACTOME_AUTOPHAGY] was killed by [REACTOME_MITOTIC_SPINDLE_CHECKPOINT,REACTOME_MITOTIC_SPINDLE_CHECKPOINT]
[REACTOME_DEGRADATION_OF_AXIN,REACTOME_DEGRADATION_OF_AXIN] was killed by [REACTOME_G2_M_CHECKPOINTS,REACTOME_G2_M_CHECKPOINTS]
[REACTOME_DNA_STRAND_ELONGATION,REACTOME_DNA_STRAND_ELONGATION] was killed by [REACTOME_G2_M_CHECKPOINTS,REACTOME_G2_M_CHECKPOINTS]
[REACTOME_INTERLEUKIN_1_SIGNALING,REACTOME_INTERLEUKIN_1_SIGNALING] was killed by [REACTOME_G2_M_CHECKPOINTS,REACTOME_G2_M_CHECKPOINTS]
[REACTOME_RAC3_GTPASE_CYCLE,REACTOME_RAC3_GTPASE_CYCLE] was killed by [REACTOME_RAC1_GTPASE_CYCLE,REACTOME_RAC1_GTPASE_CYCLE]
[REACTOME_AMINO_ACIDS_REGULATE_MTORC1,REACTOME_AMINO_ACIDS_REGULATE_MTORC1] was killed by [REACTOME_ENERGY_DEPENDENT_REGULATION_OF_MTOR_BY_LKB1_AMPK,REACTOME_ENERGY_DEPENDENT_REGULATION_OF_MTOR_BY_LKB1_AMPK]
[REACTOME_HIV_TRANSCRIPTION_INITIATION,REACTOME_HIV_TRANSCRIPTION_INITIATION] was killed by [REACTOME_MRNA_SPLICING,REACTOME_MRNA_SPLICING]
[REACTOME_MTOR_SIGNALLING,REACTOME_MTOR_SIGNALLING] was killed by [REACTOME_ENERGY_DEPENDENT_REGULATION_OF_MTOR_BY_LKB1_AMPK,REACTOME_ENERGY_DEPENDENT_REGULATION_OF_MTOR_BY_LKB1_AMPK]
[REACTOME_UNFOLDED_PROTEIN_RESPONSE_UPR,REACTOME_UNFOLDED_PROTEIN_RESPONSE_UPR] was killed by [REACTOME_REGULATION_OF_CHOLESTEROL_BIOSYNTHESIS_BY_SREBP_SREBF,REACTOME_REGULATION_OF_CHOLESTEROL_BIOSYNTHESIS_BY_SREBP_SREBF]
[REACTOME_NON_INTEGRIN_MEMBRANE_ECM_INTERACTIONS,REACTOME_NON_INTEGRIN_MEMBRANE_ECM_INTERACTIONS] was killed by [REACTOME_DEGRADATION_OF_THE_EXTRACELLULAR_MATRIX,REACTOME_DEGRADATION_OF_THE_EXTRACELLULAR_MATRIX]
[REACTOME_REGULATION_OF_INSULIN_LIKE_GROWTH_FACTOR_IGF_TRANSPORT_AND_UPTAKE_BY_INSULIN_LIKE_GROWTH_FACTOR_BINDING_PROTEINS_IGFBPS,REACTOME_REGULATION_OF_INSULIN_LIKE_GROWTH_FACTOR_IGF_TRANSPORT_AND_UPTAKE_BY_INSULIN_LIKE_GROWTH_FACTOR_BINDING_PROTEINS_IGFBPS] was killed by [REACTOME_DEGRADATION_OF_THE_EXTRACELLULAR_MATRIX,REACTOME_DEGRADATION_OF_THE_EXTRACELLULAR_MATRIX]
[REACTOME_CYTOSOLIC_TRNA_AMINOACYLATION,REACTOME_CYTOSOLIC_TRNA_AMINOACYLATION] was killed by [REACTOME_TRNA_AMINOACYLATION,REACTOME_TRNA_AMINOACYLATION]
[REACTOME_GOLGI_TO_ER_RETROGRADE_TRANSPORT,REACTOME_GOLGI_TO_ER_RETROGRADE_TRANSPORT] was killed by [REACTOME_MITOTIC_SPINDLE_CHECKPOINT,REACTOME_MITOTIC_SPINDLE_CHECKPOINT]
[REACTOME_COMPLEX_I_BIOGENESIS,REACTOME_COMPLEX_I_BIOGENESIS] was killed by [REACTOME_THE_CITRIC_ACID_TCA_CYCLE_AND_RESPIRATORY_ELECTRON_TRANSPORT,REACTOME_THE_CITRIC_ACID_TCA_CYCLE_AND_RESPIRATORY_ELECTRON_TRANSPORT]
[REACTOME_CYTOSOLIC_SENSORS_OF_PATHOGEN_ASSOCIATED_DNA,REACTOME_CYTOSOLIC_SENSORS_OF_PATHOGEN_ASSOCIATED_DNA] was killed by [REACTOME_MRNA_SPLICING,REACTOME_MRNA_SPLICING]
[REACTOME_RESOLUTION_OF_D_LOOP_STRUCTURES,REACTOME_RESOLUTION_OF_D_LOOP_STRUCTURES] was killed by [REACTOME_G2_M_CHECKPOINTS,REACTOME_G2_M_CHECKPOINTS]
[REACTOME_CARDIAC_CONDUCTION,REACTOME_CARDIAC_CONDUCTION] was killed by [REACTOME_MUSCLE_CONTRACTION,REACTOME_MUSCLE_CONTRACTION]
[REACTOME_RHOB_GTPASE_CYCLE,REACTOME_RHOB_GTPASE_CYCLE] was killed by [REACTOME_RAC1_GTPASE_CYCLE,REACTOME_RAC1_GTPASE_CYCLE]
[REACTOME_PROCESSING_OF_CAPPED_INTRONLESS_PRE_MRNA,REACTOME_PROCESSING_OF_CAPPED_INTRONLESS_PRE_MRNA] was killed by [REACTOME_MRNA_SPLICING,REACTOME_MRNA_SPLICING]
[REACTOME_ACTIVATION_OF_THE_PRE_REPLICATIVE_COMPLEX,REACTOME_ACTIVATION_OF_THE_PRE_REPLICATIVE_COMPLEX] was killed by [REACTOME_G2_M_CHECKPOINTS,REACTOME_G2_M_CHECKPOINTS]
[REACTOME_SYNTHESIS_OF_ACTIVE_UBIQUITIN_ROLES_OF_E1_AND_E2_ENZYMES,REACTOME_SYNTHESIS_OF_ACTIVE_UBIQUITIN_ROLES_OF_E1_AND_E2_ENZYMES] was killed by [REACTOME_G2_M_CHECKPOINTS,REACTOME_G2_M_CHECKPOINTS]
[REACTOME_TRANSCRIPTIONAL_REGULATION_BY_E2F6,REACTOME_TRANSCRIPTIONAL_REGULATION_BY_E2F6] was killed by [REACTOME_G2_M_CHECKPOINTS,REACTOME_G2_M_CHECKPOINTS]
[REACTOME_CALNEXIN_CALRETICULIN_CYCLE,REACTOME_CALNEXIN_CALRETICULIN_CYCLE] was killed by [REACTOME_G2_M_CHECKPOINTS,REACTOME_G2_M_CHECKPOINTS]
[REACTOME_PLATELET_HOMEOSTASIS,REACTOME_PLATELET_HOMEOSTASIS] was killed by [REACTOME_MITOTIC_SPINDLE_CHECKPOINT,REACTOME_MITOTIC_SPINDLE_CHECKPOINT]
[REACTOME_DEGRADATION_OF_GLI1_BY_THE_PROTEASOME,REACTOME_DEGRADATION_OF_GLI1_BY_THE_PROTEASOME] was killed by [REACTOME_G2_M_CHECKPOINTS,REACTOME_G2_M_CHECKPOINTS]
[REACTOME_INTERLEUKIN_10_SIGNALING,REACTOME_INTERLEUKIN_10_SIGNALING] was killed by [REACTOME_PEPTIDE_LIGAND_BINDING_RECEPTORS,REACTOME_PEPTIDE_LIGAND_BINDING_RECEPTORS]
[REACTOME_RHOBTB1_GTPASE_CYCLE,REACTOME_RHOBTB1_GTPASE_CYCLE] was killed by [REACTOME_MRNA_SPLICING,REACTOME_MRNA_SPLICING]
[REACTOME_TRANSLESION_SYNTHESIS_BY_Y_FAMILY_DNA_POLYMERASES_BYPASSES_LESIONS_ON_DNA_TEMPLATE,REACTOME_TRANSLESION_SYNTHESIS_BY_Y_FAMILY_DNA_POLYMERASES_BYPASSES_LESIONS_ON_DNA_TEMPLATE] was killed by [REACTOME_G2_M_CHECKPOINTS,REACTOME_G2_M_CHECKPOINTS]
[REACTOME_O_GLYCOSYLATION_OF_TSR_DOMAIN_CONTAINING_PROTEINS,REACTOME_O_GLYCOSYLATION_OF_TSR_DOMAIN_CONTAINING_PROTEINS] was killed by [REACTOME_DEGRADATION_OF_THE_EXTRACELLULAR_MATRIX,REACTOME_DEGRADATION_OF_THE_EXTRACELLULAR_MATRIX]
[REACTOME_METABOLISM_OF_POLYAMINES,REACTOME_METABOLISM_OF_POLYAMINES] was killed by [REACTOME_G2_M_CHECKPOINTS,REACTOME_G2_M_CHECKPOINTS]
[REACTOME_APC_CDC20_MEDIATED_DEGRADATION_OF_NEK2A,REACTOME_APC_CDC20_MEDIATED_DEGRADATION_OF_NEK2A] was killed by [REACTOME_G2_M_CHECKPOINTS,REACTOME_G2_M_CHECKPOINTS]
[REACTOME_SMOOTH_MUSCLE_CONTRACTION,REACTOME_SMOOTH_MUSCLE_CONTRACTION] was killed by [REACTOME_MUSCLE_CONTRACTION,REACTOME_MUSCLE_CONTRACTION]
[REACTOME_TERMINATION_OF_TRANSLESION_DNA_SYNTHESIS,REACTOME_TERMINATION_OF_TRANSLESION_DNA_SYNTHESIS] was killed by [REACTOME_G2_M_CHECKPOINTS,REACTOME_G2_M_CHECKPOINTS]
[REACTOME_TRANSCRIPTION_OF_THE_HIV_GENOME,REACTOME_TRANSCRIPTION_OF_THE_HIV_GENOME] was killed by [REACTOME_MRNA_SPLICING,REACTOME_MRNA_SPLICING]
[REACTOME_APC_C_CDC20_MEDIATED_DEGRADATION_OF_CYCLIN_B,REACTOME_APC_C_CDC20_MEDIATED_DEGRADATION_OF_CYCLIN_B] was killed by [REACTOME_G2_M_CHECKPOINTS,REACTOME_G2_M_CHECKPOINTS]
[REACTOME_LAMININ_INTERACTIONS,REACTOME_LAMININ_INTERACTIONS] was killed by [REACTOME_DEGRADATION_OF_THE_EXTRACELLULAR_MATRIX,REACTOME_DEGRADATION_OF_THE_EXTRACELLULAR_MATRIX]
[REACTOME_TRANSCRIPTIONAL_REGULATION_BY_RUNX3,REACTOME_TRANSCRIPTIONAL_REGULATION_BY_RUNX3] was killed by [REACTOME_G2_M_CHECKPOINTS,REACTOME_G2_M_CHECKPOINTS]
[REACTOME_RAS_PROCESSING,REACTOME_RAS_PROCESSING] was killed by [REACTOME_G2_M_CHECKPOINTS,REACTOME_G2_M_CHECKPOINTS]
[REACTOME_CRISTAE_FORMATION,REACTOME_CRISTAE_FORMATION] was killed by [REACTOME_THE_CITRIC_ACID_TCA_CYCLE_AND_RESPIRATORY_ELECTRON_TRANSPORT,REACTOME_THE_CITRIC_ACID_TCA_CYCLE_AND_RESPIRATORY_ELECTRON_TRANSPORT]
[REACTOME_CIRCADIAN_CLOCK,REACTOME_CIRCADIAN_CLOCK] was killed by [REACTOME_REGULATION_OF_CHOLESTEROL_BIOSYNTHESIS_BY_SREBP_SREBF,REACTOME_REGULATION_OF_CHOLESTEROL_BIOSYNTHESIS_BY_SREBP_SREBF]
[REACTOME_EXTENSION_OF_TELOMERES,REACTOME_EXTENSION_OF_TELOMERES] was killed by [REACTOME_G2_M_CHECKPOINTS,REACTOME_G2_M_CHECKPOINTS]
[REACTOME_MAPK6_MAPK4_SIGNALING,REACTOME_MAPK6_MAPK4_SIGNALING] was killed by [REACTOME_G2_M_CHECKPOINTS,REACTOME_G2_M_CHECKPOINTS]
[REACTOME_CONSTITUTIVE_SIGNALING_BY_ABERRANT_PI3K_IN_CANCER,REACTOME_CONSTITUTIVE_SIGNALING_BY_ABERRANT_PI3K_IN_CANCER] was killed by [REACTOME_RAC1_GTPASE_CYCLE,REACTOME_RAC1_GTPASE_CYCLE]
[REACTOME_CELL_DEATH_SIGNALLING_VIA_NRAGE_NRIF_AND_NADE,REACTOME_CELL_DEATH_SIGNALLING_VIA_NRAGE_NRIF_AND_NADE] was killed by [REACTOME_G2_M_CHECKPOINTS,REACTOME_G2_M_CHECKPOINTS]
[REACTOME_CHONDROITIN_SULFATE_DERMATAN_SULFATE_METABOLISM,REACTOME_CHONDROITIN_SULFATE_DERMATAN_SULFATE_METABOLISM] was killed by [REACTOME_HS_GAG_DEGRADATION,REACTOME_HS_GAG_DEGRADATION]
[REACTOME_ASSEMBLY_OF_COLLAGEN_FIBRILS_AND_OTHER_MULTIMERIC_STRUCTURES,REACTOME_ASSEMBLY_OF_COLLAGEN_FIBRILS_AND_OTHER_MULTIMERIC_STRUCTURES] was killed by [REACTOME_DEGRADATION_OF_THE_EXTRACELLULAR_MATRIX,REACTOME_DEGRADATION_OF_THE_EXTRACELLULAR_MATRIX]
[REACTOME_PHOSPHORYLATION_OF_THE_APC_C,REACTOME_PHOSPHORYLATION_OF_THE_APC_C] was killed by [REACTOME_MITOTIC_SPINDLE_CHECKPOINT,REACTOME_MITOTIC_SPINDLE_CHECKPOINT]
[REACTOME_NEUREXINS_AND_NEUROLIGINS,REACTOME_NEUREXINS_AND_NEUROLIGINS] was killed by [REACTOME_PROTEIN_PROTEIN_INTERACTIONS_AT_SYNAPSES,REACTOME_PROTEIN_PROTEIN_INTERACTIONS_AT_SYNAPSES]
[REACTOME_RESOLUTION_OF_D_LOOP_STRUCTURES_THROUGH_SYNTHESIS_DEPENDENT_STRAND_ANNEALING_SDSA,REACTOME_RESOLUTION_OF_D_LOOP_STRUCTURES_THROUGH_SYNTHESIS_DEPENDENT_STRAND_ANNEALING_SDSA] was killed by [REACTOME_G2_M_CHECKPOINTS,REACTOME_G2_M_CHECKPOINTS]
[REACTOME_ACTIVATION_OF_THE_PHOTOTRANSDUCTION_CASCADE,REACTOME_ACTIVATION_OF_THE_PHOTOTRANSDUCTION_CASCADE] was killed by [REACTOME_CLASS_B_2_SECRETIN_FAMILY_RECEPTORS,REACTOME_CLASS_B_2_SECRETIN_FAMILY_RECEPTORS]
[REACTOME_CARNITINE_METABOLISM,REACTOME_CARNITINE_METABOLISM] was killed by [REACTOME_REGULATION_OF_CHOLESTEROL_BIOSYNTHESIS_BY_SREBP_SREBF,REACTOME_REGULATION_OF_CHOLESTEROL_BIOSYNTHESIS_BY_SREBP_SREBF]
[REACTOME_PEPTIDE_HORMONE_BIOSYNTHESIS,REACTOME_PEPTIDE_HORMONE_BIOSYNTHESIS] was killed by [REACTOME_METABOLISM_OF_AMINE_DERIVED_HORMONES,REACTOME_METABOLISM_OF_AMINE_DERIVED_HORMONES]
[REACTOME_DECTIN_1_MEDIATED_NONCANONICAL_NF_KB_SIGNALING,REACTOME_DECTIN_1_MEDIATED_NONCANONICAL_NF_KB_SIGNALING] was killed by [REACTOME_G2_M_CHECKPOINTS,REACTOME_G2_M_CHECKPOINTS]
[REACTOME_RNA_POLYMERASE_I_TRANSCRIPTION_INITIATION,REACTOME_RNA_POLYMERASE_I_TRANSCRIPTION_INITIATION] was killed by [REACTOME_MRNA_SPLICING,REACTOME_MRNA_SPLICING]
[REACTOME_G0_AND_EARLY_G1,REACTOME_G0_AND_EARLY_G1] was killed by [REACTOME_G2_M_CHECKPOINTS,REACTOME_G2_M_CHECKPOINTS]
[REACTOME_PURINERGIC_SIGNALING_IN_LEISHMANIASIS_INFECTION,REACTOME_PURINERGIC_SIGNALING_IN_LEISHMANIASIS_INFECTION] was killed by [REACTOME_PEPTIDE_LIGAND_BINDING_RECEPTORS,REACTOME_PEPTIDE_LIGAND_BINDING_RECEPTORS]
[REACTOME_TRANSLESION_SYNTHESIS_BY_POLK,REACTOME_TRANSLESION_SYNTHESIS_BY_POLK] was killed by [REACTOME_SRP_DEPENDENT_COTRANSLATIONAL_PROTEIN_TARGETING_TO_MEMBRANE,REACTOME_SRP_DEPENDENT_COTRANSLATIONAL_PROTEIN_TARGETING_TO_MEMBRANE]
[REACTOME_ASSOCIATION_OF_TRIC_CCT_WITH_TARGET_PROTEINS_DURING_BIOSYNTHESIS,REACTOME_ASSOCIATION_OF_TRIC_CCT_WITH_TARGET_PROTEINS_DURING_BIOSYNTHESIS] was killed by [REACTOME_BBSOME_MEDIATED_CARGO_TARGETING_TO_CILIUM,REACTOME_BBSOME_MEDIATED_CARGO_TARGETING_TO_CILIUM]
[REACTOME_SARS_COV_INFECTIONS,REACTOME_SARS_COV_INFECTIONS] was killed by [REACTOME_PEPTIDE_LIGAND_BINDING_RECEPTORS,REACTOME_PEPTIDE_LIGAND_BINDING_RECEPTORS]
[REACTOME_HEPARAN_SULFATE_HEPARIN_HS_GAG_METABOLISM,REACTOME_HEPARAN_SULFATE_HEPARIN_HS_GAG_METABOLISM] was killed by [REACTOME_HS_GAG_DEGRADATION,REACTOME_HS_GAG_DEGRADATION]
[REACTOME_REPRODUCTION,REACTOME_REPRODUCTION] was killed by [REACTOME_G2_M_CHECKPOINTS,REACTOME_G2_M_CHECKPOINTS]
[REACTOME_INTRINSIC_PATHWAY_FOR_APOPTOSIS,REACTOME_INTRINSIC_PATHWAY_FOR_APOPTOSIS] was killed by [REACTOME_G2_M_CHECKPOINTS,REACTOME_G2_M_CHECKPOINTS]
[REACTOME_NITRIC_OXIDE_STIMULATES_GUANYLATE_CYCLASE,REACTOME_NITRIC_OXIDE_STIMULATES_GUANYLATE_CYCLASE] was killed by [REACTOME_MUSCLE_CONTRACTION,REACTOME_MUSCLE_CONTRACTION]
[REACTOME_INFECTION_WITH_MYCOBACTERIUM_TUBERCULOSIS,REACTOME_INFECTION_WITH_MYCOBACTERIUM_TUBERCULOSIS] was killed by [REACTOME_G2_M_CHECKPOINTS,REACTOME_G2_M_CHECKPOINTS]
[REACTOME_PD_1_SIGNALING,REACTOME_PD_1_SIGNALING] was killed by [REACTOME_INTERFERON_GAMMA_SIGNALING,REACTOME_INTERFERON_GAMMA_SIGNALING]
[REACTOME_CHK1_CHK2_CDS1_MEDIATED_INACTIVATION_OF_CYCLIN_B_CDK1_COMPLEX,REACTOME_CHK1_CHK2_CDS1_MEDIATED_INACTIVATION_OF_CYCLIN_B_CDK1_COMPLEX] was killed by [REACTOME_G2_M_CHECKPOINTS,REACTOME_G2_M_CHECKPOINTS]
[REACTOME_RAB_GEFS_EXCHANGE_GTP_FOR_GDP_ON_RABS,REACTOME_RAB_GEFS_EXCHANGE_GTP_FOR_GDP_ON_RABS] was killed by [REACTOME_RAB_REGULATION_OF_TRAFFICKING,REACTOME_RAB_REGULATION_OF_TRAFFICKING]
[REACTOME_FORMATION_OF_ATP_BY_CHEMIOSMOTIC_COUPLING,REACTOME_FORMATION_OF_ATP_BY_CHEMIOSMOTIC_COUPLING] was killed by [REACTOME_THE_CITRIC_ACID_TCA_CYCLE_AND_RESPIRATORY_ELECTRON_TRANSPORT,REACTOME_THE_CITRIC_ACID_TCA_CYCLE_AND_RESPIRATORY_ELECTRON_TRANSPORT]
[REACTOME_TELOMERE_C_STRAND_LAGGING_STRAND_SYNTHESIS,REACTOME_TELOMERE_C_STRAND_LAGGING_STRAND_SYNTHESIS] was killed by [REACTOME_G2_M_CHECKPOINTS,REACTOME_G2_M_CHECKPOINTS]
[REACTOME_RIPK1_MEDIATED_REGULATED_NECROSIS,REACTOME_RIPK1_MEDIATED_REGULATED_NECROSIS] was killed by [REACTOME_G2_M_CHECKPOINTS,REACTOME_G2_M_CHECKPOINTS]
[REACTOME_ENDOSOMAL_VACUOLAR_PATHWAY,REACTOME_ENDOSOMAL_VACUOLAR_PATHWAY] was killed by [REACTOME_INTERFERON_GAMMA_SIGNALING,REACTOME_INTERFERON_GAMMA_SIGNALING]
[REACTOME_RHOBTB_GTPASE_CYCLE,REACTOME_RHOBTB_GTPASE_CYCLE] was killed by [REACTOME_MRNA_SPLICING,REACTOME_MRNA_SPLICING]
[REACTOME_ER_QUALITY_CONTROL_COMPARTMENT_ERQC,REACTOME_ER_QUALITY_CONTROL_COMPARTMENT_ERQC] was killed by [REACTOME_G2_M_CHECKPOINTS,REACTOME_G2_M_CHECKPOINTS]
[REACTOME_COLLAGEN_CHAIN_TRIMERIZATION,REACTOME_COLLAGEN_CHAIN_TRIMERIZATION] was killed by [REACTOME_DEGRADATION_OF_THE_EXTRACELLULAR_MATRIX,REACTOME_DEGRADATION_OF_THE_EXTRACELLULAR_MATRIX]
[REACTOME_FANCONI_ANEMIA_PATHWAY,REACTOME_FANCONI_ANEMIA_PATHWAY] was killed by [REACTOME_G2_M_CHECKPOINTS,REACTOME_G2_M_CHECKPOINTS]
[REACTOME_DEGRADATION_OF_BETA_CATENIN_BY_THE_DESTRUCTION_COMPLEX,REACTOME_DEGRADATION_OF_BETA_CATENIN_BY_THE_DESTRUCTION_COMPLEX] was killed by [REACTOME_G2_M_CHECKPOINTS,REACTOME_G2_M_CHECKPOINTS]
[REACTOME_REGULATION_OF_PTEN_GENE_TRANSCRIPTION,REACTOME_REGULATION_OF_PTEN_GENE_TRANSCRIPTION] was killed by [REACTOME_RUNX1_INTERACTS_WITH_CO_FACTORS_WHOSE_PRECISE_EFFECT_ON_RUNX1_TARGETS_IS_NOT_KNOWN,REACTOME_RUNX1_INTERACTS_WITH_CO_FACTORS_WHOSE_PRECISE_EFFECT_ON_RUNX1_TARGETS_IS_NOT_KNOWN]
[REACTOME_RNA_POLYMERASE_III_TRANSCRIPTION,REACTOME_RNA_POLYMERASE_III_TRANSCRIPTION] was killed by [REACTOME_MRNA_SPLICING,REACTOME_MRNA_SPLICING]
[REACTOME_RHO_GTPASES_ACTIVATE_CIT,REACTOME_RHO_GTPASES_ACTIVATE_CIT] was killed by [REACTOME_MUSCLE_CONTRACTION,REACTOME_MUSCLE_CONTRACTION]
[REACTOME_MOLECULES_ASSOCIATED_WITH_ELASTIC_FIBRES,REACTOME_MOLECULES_ASSOCIATED_WITH_ELASTIC_FIBRES] was killed by [REACTOME_DEGRADATION_OF_THE_EXTRACELLULAR_MATRIX,REACTOME_DEGRADATION_OF_THE_EXTRACELLULAR_MATRIX]
[REACTOME_ASYMMETRIC_LOCALIZATION_OF_PCP_PROTEINS,REACTOME_ASYMMETRIC_LOCALIZATION_OF_PCP_PROTEINS] was killed by [REACTOME_G2_M_CHECKPOINTS,REACTOME_G2_M_CHECKPOINTS]
[REACTOME_RESPONSE_OF_MTB_TO_PHAGOCYTOSIS,REACTOME_RESPONSE_OF_MTB_TO_PHAGOCYTOSIS] was killed by [REACTOME_G2_M_CHECKPOINTS,REACTOME_G2_M_CHECKPOINTS]
[REACTOME_NRAGE_SIGNALS_DEATH_THROUGH_JNK,REACTOME_NRAGE_SIGNALS_DEATH_THROUGH_JNK] was killed by [REACTOME_RAC1_GTPASE_CYCLE,REACTOME_RAC1_GTPASE_CYCLE]
[REACTOME_CITRIC_ACID_CYCLE_TCA_CYCLE,REACTOME_CITRIC_ACID_CYCLE_TCA_CYCLE] was killed by [REACTOME_THE_CITRIC_ACID_TCA_CYCLE_AND_RESPIRATORY_ELECTRON_TRANSPORT,REACTOME_THE_CITRIC_ACID_TCA_CYCLE_AND_RESPIRATORY_ELECTRON_TRANSPORT]
[REACTOME_RHO_GTPASES_ACTIVATE_WASPS_AND_WAVES,REACTOME_RHO_GTPASES_ACTIVATE_WASPS_AND_WAVES] was killed by [REACTOME_RAC1_GTPASE_CYCLE,REACTOME_RAC1_GTPASE_CYCLE]
[REACTOME_AMINO_ACID_TRANSPORT_ACROSS_THE_PLASMA_MEMBRANE,REACTOME_AMINO_ACID_TRANSPORT_ACROSS_THE_PLASMA_MEMBRANE] was killed by [REACTOME_TRANSPORT_OF_INORGANIC_CATIONS_ANIONS_AND_AMINO_ACIDS_OLIGOPEPTIDES,REACTOME_TRANSPORT_OF_INORGANIC_CATIONS_ANIONS_AND_AMINO_ACIDS_OLIGOPEPTIDES]
[REACTOME_O_LINKED_GLYCOSYLATION,REACTOME_O_LINKED_GLYCOSYLATION] was killed by [REACTOME_DEGRADATION_OF_THE_EXTRACELLULAR_MATRIX,REACTOME_DEGRADATION_OF_THE_EXTRACELLULAR_MATRIX]
[REACTOME_G1_S_SPECIFIC_TRANSCRIPTION,REACTOME_G1_S_SPECIFIC_TRANSCRIPTION] was killed by [REACTOME_G2_M_CHECKPOINTS,REACTOME_G2_M_CHECKPOINTS]
[REACTOME_POLO_LIKE_KINASE_MEDIATED_EVENTS,REACTOME_POLO_LIKE_KINASE_MEDIATED_EVENTS] was killed by [REACTOME_G2_M_CHECKPOINTS,REACTOME_G2_M_CHECKPOINTS]
[REACTOME_RAC2_GTPASE_CYCLE,REACTOME_RAC2_GTPASE_CYCLE] was killed by [REACTOME_RAC1_GTPASE_CYCLE,REACTOME_RAC1_GTPASE_CYCLE]
[REACTOME_INOSITOL_PHOSPHATE_METABOLISM,REACTOME_INOSITOL_PHOSPHATE_METABOLISM] was killed by [REACTOME_SYNTHESIS_OF_PYROPHOSPHATES_IN_THE_CYTOSOL,REACTOME_SYNTHESIS_OF_PYROPHOSPHATES_IN_THE_CYTOSOL]
[REACTOME_IRE1ALPHA_ACTIVATES_CHAPERONES,REACTOME_IRE1ALPHA_ACTIVATES_CHAPERONES] was killed by [REACTOME_SRP_DEPENDENT_COTRANSLATIONAL_PROTEIN_TARGETING_TO_MEMBRANE,REACTOME_SRP_DEPENDENT_COTRANSLATIONAL_PROTEIN_TARGETING_TO_MEMBRANE]
[REACTOME_ANTIGEN_PROCESSING_CROSS_PRESENTATION,REACTOME_ANTIGEN_PROCESSING_CROSS_PRESENTATION] was killed by [REACTOME_SRP_DEPENDENT_COTRANSLATIONAL_PROTEIN_TARGETING_TO_MEMBRANE,REACTOME_SRP_DEPENDENT_COTRANSLATIONAL_PROTEIN_TARGETING_TO_MEMBRANE]
[REACTOME_TRANSPORT_OF_BILE_SALTS_AND_ORGANIC_ACIDS_METAL_IONS_AND_AMINE_COMPOUNDS,REACTOME_TRANSPORT_OF_BILE_SALTS_AND_ORGANIC_ACIDS_METAL_IONS_AND_AMINE_COMPOUNDS] was killed by [REACTOME_TRANSPORT_OF_INORGANIC_CATIONS_ANIONS_AND_AMINO_ACIDS_OLIGOPEPTIDES,REACTOME_TRANSPORT_OF_INORGANIC_CATIONS_ANIONS_AND_AMINO_ACIDS_OLIGOPEPTIDES]
[REACTOME_MET_ACTIVATES_PTK2_SIGNALING,REACTOME_MET_ACTIVATES_PTK2_SIGNALING] was killed by [REACTOME_DEGRADATION_OF_THE_EXTRACELLULAR_MATRIX,REACTOME_DEGRADATION_OF_THE_EXTRACELLULAR_MATRIX]
[REACTOME_ANTIGEN_PRESENTATION_FOLDING_ASSEMBLY_AND_PEPTIDE_LOADING_OF_CLASS_I_MHC,REACTOME_ANTIGEN_PRESENTATION_FOLDING_ASSEMBLY_AND_PEPTIDE_LOADING_OF_CLASS_I_MHC] was killed by [REACTOME_INTERFERON_GAMMA_SIGNALING,REACTOME_INTERFERON_GAMMA_SIGNALING]
[REACTOME_TP53_REGULATES_TRANSCRIPTION_OF_CELL_CYCLE_GENES,REACTOME_TP53_REGULATES_TRANSCRIPTION_OF_CELL_CYCLE_GENES] was killed by [REACTOME_G2_M_CHECKPOINTS,REACTOME_G2_M_CHECKPOINTS]
[REACTOME_THE_ROLE_OF_GTSE1_IN_G2_M_PROGRESSION_AFTER_G2_CHECKPOINT,REACTOME_THE_ROLE_OF_GTSE1_IN_G2_M_PROGRESSION_AFTER_G2_CHECKPOINT] was killed by [REACTOME_G2_M_CHECKPOINTS,REACTOME_G2_M_CHECKPOINTS]
[REACTOME_TRNA_MODIFICATION_IN_THE_MITOCHONDRION,REACTOME_TRNA_MODIFICATION_IN_THE_MITOCHONDRION] was killed by [REACTOME_TRNA_MODIFICATION_IN_THE_NUCLEUS_AND_CYTOSOL,REACTOME_TRNA_MODIFICATION_IN_THE_NUCLEUS_AND_CYTOSOL]
[REACTOME_TRANSLESION_SYNTHESIS_BY_POLH,REACTOME_TRANSLESION_SYNTHESIS_BY_POLH] was killed by [REACTOME_SRP_DEPENDENT_COTRANSLATIONAL_PROTEIN_TARGETING_TO_MEMBRANE,REACTOME_SRP_DEPENDENT_COTRANSLATIONAL_PROTEIN_TARGETING_TO_MEMBRANE]
[REACTOME_INITIATION_OF_NUCLEAR_ENVELOPE_NE_REFORMATION,REACTOME_INITIATION_OF_NUCLEAR_ENVELOPE_NE_REFORMATION] was killed by [REACTOME_G2_M_CHECKPOINTS,REACTOME_G2_M_CHECKPOINTS]
[REACTOME_TNFR1_INDUCED_NFKAPPAB_SIGNALING_PATHWAY,REACTOME_TNFR1_INDUCED_NFKAPPAB_SIGNALING_PATHWAY] was killed by [REACTOME_G2_M_CHECKPOINTS,REACTOME_G2_M_CHECKPOINTS]
[REACTOME_ABC_TRANSPORTER_DISORDERS,REACTOME_ABC_TRANSPORTER_DISORDERS] was killed by [REACTOME_G2_M_CHECKPOINTS,REACTOME_G2_M_CHECKPOINTS]
[REACTOME_ENDOSOMAL_SORTING_COMPLEX_REQUIRED_FOR_TRANSPORT_ESCRT,REACTOME_ENDOSOMAL_SORTING_COMPLEX_REQUIRED_FOR_TRANSPORT_ESCRT] was killed by [REACTOME_G2_M_CHECKPOINTS,REACTOME_G2_M_CHECKPOINTS]
[REACTOME_DEATH_RECEPTOR_SIGNALLING,REACTOME_DEATH_RECEPTOR_SIGNALLING] was killed by [REACTOME_MRNA_SPLICING,REACTOME_MRNA_SPLICING]
[REACTOME_GENERATION_OF_SECOND_MESSENGER_MOLECULES,REACTOME_GENERATION_OF_SECOND_MESSENGER_MOLECULES] was killed by [REACTOME_INTERFERON_GAMMA_SIGNALING,REACTOME_INTERFERON_GAMMA_SIGNALING]
[REACTOME_COLLAGEN_FORMATION,REACTOME_COLLAGEN_FORMATION] was killed by [REACTOME_DEGRADATION_OF_THE_EXTRACELLULAR_MATRIX,REACTOME_DEGRADATION_OF_THE_EXTRACELLULAR_MATRIX]
[REACTOME_MRNA_CAPPING,REACTOME_MRNA_CAPPING] was killed by [REACTOME_MRNA_SPLICING,REACTOME_MRNA_SPLICING]
[REACTOME_INHIBITION_OF_THE_PROTEOLYTIC_ACTIVITY_OF_APC_C_REQUIRED_FOR_THE_ONSET_OF_ANAPHASE_BY_MITOTIC_SPINDLE_CHECKPOINT_COMPONENTS,REACTOME_INHIBITION_OF_THE_PROTEOLYTIC_ACTIVITY_OF_APC_C_REQUIRED_FOR_THE_ONSET_OF_ANAPHASE_BY_MITOTIC_SPINDLE_CHECKPOINT_COMPONENTS] was killed by [REACTOME_MITOTIC_SPINDLE_CHECKPOINT,REACTOME_MITOTIC_SPINDLE_CHECKPOINT]
[REACTOME_SURFACTANT_METABOLISM,REACTOME_SURFACTANT_METABOLISM] was killed by [REACTOME_AMINE_LIGAND_BINDING_RECEPTORS,REACTOME_AMINE_LIGAND_BINDING_RECEPTORS]
[REACTOME_PEPTIDE_HORMONE_METABOLISM,REACTOME_PEPTIDE_HORMONE_METABOLISM] was killed by [REACTOME_SRP_DEPENDENT_COTRANSLATIONAL_PROTEIN_TARGETING_TO_MEMBRANE,REACTOME_SRP_DEPENDENT_COTRANSLATIONAL_PROTEIN_TARGETING_TO_MEMBRANE]
[REACTOME_MINERALOCORTICOID_BIOSYNTHESIS,REACTOME_MINERALOCORTICOID_BIOSYNTHESIS] was killed by [REACTOME_METABOLISM_OF_AMINE_DERIVED_HORMONES,REACTOME_METABOLISM_OF_AMINE_DERIVED_HORMONES]
[REACTOME_C_TYPE_LECTIN_RECEPTORS_CLRS,REACTOME_C_TYPE_LECTIN_RECEPTORS_CLRS] was killed by [REACTOME_G2_M_CHECKPOINTS,REACTOME_G2_M_CHECKPOINTS]
[REACTOME_PCNA_DEPENDENT_LONG_PATCH_BASE_EXCISION_REPAIR,REACTOME_PCNA_DEPENDENT_LONG_PATCH_BASE_EXCISION_REPAIR] was killed by [REACTOME_G2_M_CHECKPOINTS,REACTOME_G2_M_CHECKPOINTS]
[REACTOME_SYNAPTIC_ADHESION_LIKE_MOLECULES,REACTOME_SYNAPTIC_ADHESION_LIKE_MOLECULES] was killed by [REACTOME_PROTEIN_PROTEIN_INTERACTIONS_AT_SYNAPSES,REACTOME_PROTEIN_PROTEIN_INTERACTIONS_AT_SYNAPSES]
[REACTOME_TP53_REGULATES_TRANSCRIPTION_OF_DNA_REPAIR_GENES,REACTOME_TP53_REGULATES_TRANSCRIPTION_OF_DNA_REPAIR_GENES] was killed by [REACTOME_MRNA_SPLICING,REACTOME_MRNA_SPLICING]
[REACTOME_FORMATION_OF_RNA_POL_II_ELONGATION_COMPLEX,REACTOME_FORMATION_OF_RNA_POL_II_ELONGATION_COMPLEX] was killed by [REACTOME_MRNA_SPLICING,REACTOME_MRNA_SPLICING]
[REACTOME_MAPK_TARGETS_NUCLEAR_EVENTS_MEDIATED_BY_MAP_KINASES,REACTOME_MAPK_TARGETS_NUCLEAR_EVENTS_MEDIATED_BY_MAP_KINASES] was killed by [REACTOME_MITOTIC_SPINDLE_CHECKPOINT,REACTOME_MITOTIC_SPINDLE_CHECKPOINT]
[REACTOME_COOPERATION_OF_PDCL_PHLP1_AND_TRIC_CCT_IN_G_PROTEIN_BETA_FOLDING,REACTOME_COOPERATION_OF_PDCL_PHLP1_AND_TRIC_CCT_IN_G_PROTEIN_BETA_FOLDING] was killed by [REACTOME_RUNX1_INTERACTS_WITH_CO_FACTORS_WHOSE_PRECISE_EFFECT_ON_RUNX1_TARGETS_IS_NOT_KNOWN,REACTOME_RUNX1_INTERACTS_WITH_CO_FACTORS_WHOSE_PRECISE_EFFECT_ON_RUNX1_TARGETS_IS_NOT_KNOWN]
[REACTOME_LYSOSOME_VESICLE_BIOGENESIS,REACTOME_LYSOSOME_VESICLE_BIOGENESIS] was killed by [REACTOME_TRANS_GOLGI_NETWORK_VESICLE_BUDDING,REACTOME_TRANS_GOLGI_NETWORK_VESICLE_BUDDING]
[REACTOME_GLYCOSAMINOGLYCAN_METABOLISM,REACTOME_GLYCOSAMINOGLYCAN_METABOLISM] was killed by [REACTOME_HS_GAG_DEGRADATION,REACTOME_HS_GAG_DEGRADATION]
[REACTOME_RHOH_GTPASE_CYCLE,REACTOME_RHOH_GTPASE_CYCLE] was killed by [REACTOME_RAC1_GTPASE_CYCLE,REACTOME_RAC1_GTPASE_CYCLE]
[REACTOME_ERK_MAPK_TARGETS,REACTOME_ERK_MAPK_TARGETS] was killed by [REACTOME_MITOTIC_SPINDLE_CHECKPOINT,REACTOME_MITOTIC_SPINDLE_CHECKPOINT]
[REACTOME_DISEASES_OF_MITOTIC_CELL_CYCLE,REACTOME_DISEASES_OF_MITOTIC_CELL_CYCLE] was killed by [REACTOME_MITOTIC_SPINDLE_CHECKPOINT,REACTOME_MITOTIC_SPINDLE_CHECKPOINT]
[REACTOME_MTORC1_MEDIATED_SIGNALLING,REACTOME_MTORC1_MEDIATED_SIGNALLING] was killed by [REACTOME_ENERGY_DEPENDENT_REGULATION_OF_MTOR_BY_LKB1_AMPK,REACTOME_ENERGY_DEPENDENT_REGULATION_OF_MTOR_BY_LKB1_AMPK]
[REACTOME_CYCLIN_D_ASSOCIATED_EVENTS_IN_G1,REACTOME_CYCLIN_D_ASSOCIATED_EVENTS_IN_G1] was killed by [REACTOME_G2_M_CHECKPOINTS,REACTOME_G2_M_CHECKPOINTS]
[REACTOME_SUMOYLATION_OF_TRANSCRIPTION_COFACTORS,REACTOME_SUMOYLATION_OF_TRANSCRIPTION_COFACTORS] was killed by [REACTOME_REGULATION_OF_CHOLESTEROL_BIOSYNTHESIS_BY_SREBP_SREBF,REACTOME_REGULATION_OF_CHOLESTEROL_BIOSYNTHESIS_BY_SREBP_SREBF]
[REACTOME_GAP_FILLING_DNA_REPAIR_SYNTHESIS_AND_LIGATION_IN_GG_NER,REACTOME_GAP_FILLING_DNA_REPAIR_SYNTHESIS_AND_LIGATION_IN_GG_NER] was killed by [REACTOME_G2_M_CHECKPOINTS,REACTOME_G2_M_CHECKPOINTS]
[REACTOME_MYD88_INDEPENDENT_TLR4_CASCADE,REACTOME_MYD88_INDEPENDENT_TLR4_CASCADE] was killed by [REACTOME_MITOTIC_SPINDLE_CHECKPOINT,REACTOME_MITOTIC_SPINDLE_CHECKPOINT]
[REACTOME_PHASE_1_INACTIVATION_OF_FAST_NA_CHANNELS,REACTOME_PHASE_1_INACTIVATION_OF_FAST_NA_CHANNELS] was killed by [REACTOME_MUSCLE_CONTRACTION,REACTOME_MUSCLE_CONTRACTION]
[REACTOME_CALCITONIN_LIKE_LIGAND_RECEPTORS,REACTOME_CALCITONIN_LIKE_LIGAND_RECEPTORS] was killed by [REACTOME_CLASS_B_2_SECRETIN_FAMILY_RECEPTORS,REACTOME_CLASS_B_2_SECRETIN_FAMILY_RECEPTORS]
[REACTOME_THYROXINE_BIOSYNTHESIS,REACTOME_THYROXINE_BIOSYNTHESIS] was killed by [REACTOME_METABOLISM_OF_AMINE_DERIVED_HORMONES,REACTOME_METABOLISM_OF_AMINE_DERIVED_HORMONES]
[REACTOME_REGULATION_OF_TP53_ACTIVITY_THROUGH_ACETYLATION,REACTOME_REGULATION_OF_TP53_ACTIVITY_THROUGH_ACETYLATION] was killed by [REACTOME_RAB_REGULATION_OF_TRAFFICKING,REACTOME_RAB_REGULATION_OF_TRAFFICKING]
[REACTOME_PROTEIN_FOLDING,REACTOME_PROTEIN_FOLDING] was killed by [REACTOME_RUNX1_INTERACTS_WITH_CO_FACTORS_WHOSE_PRECISE_EFFECT_ON_RUNX1_TARGETS_IS_NOT_KNOWN,REACTOME_RUNX1_INTERACTS_WITH_CO_FACTORS_WHOSE_PRECISE_EFFECT_ON_RUNX1_TARGETS_IS_NOT_KNOWN]
[REACTOME_NEF_MEDIATES_DOWN_MODULATION_OF_CELL_SURFACE_RECEPTORS_BY_RECRUITING_THEM_TO_CLATHRIN_ADAPTERS,REACTOME_NEF_MEDIATES_DOWN_MODULATION_OF_CELL_SURFACE_RECEPTORS_BY_RECRUITING_THEM_TO_CLATHRIN_ADAPTERS] was killed by [REACTOME_INTERFERON_GAMMA_SIGNALING,REACTOME_INTERFERON_GAMMA_SIGNALING]
[REACTOME_CONVERSION_FROM_APC_C_CDC20_TO_APC_C_CDH1_IN_LATE_ANAPHASE,REACTOME_CONVERSION_FROM_APC_C_CDC20_TO_APC_C_CDH1_IN_LATE_ANAPHASE] was killed by [REACTOME_MITOTIC_SPINDLE_CHECKPOINT,REACTOME_MITOTIC_SPINDLE_CHECKPOINT]
[REACTOME_ABERRANT_REGULATION_OF_MITOTIC_EXIT_IN_CANCER_DUE_TO_RB1_DEFECTS,REACTOME_ABERRANT_REGULATION_OF_MITOTIC_EXIT_IN_CANCER_DUE_TO_RB1_DEFECTS] was killed by [REACTOME_MITOTIC_SPINDLE_CHECKPOINT,REACTOME_MITOTIC_SPINDLE_CHECKPOINT]
[REACTOME_FORMATION_OF_THE_EARLY_ELONGATION_COMPLEX,REACTOME_FORMATION_OF_THE_EARLY_ELONGATION_COMPLEX] was killed by [REACTOME_MRNA_SPLICING,REACTOME_MRNA_SPLICING]
[REACTOME_RHOU_GTPASE_CYCLE,REACTOME_RHOU_GTPASE_CYCLE] was killed by [REACTOME_RAC1_GTPASE_CYCLE,REACTOME_RAC1_GTPASE_CYCLE]
[REACTOME_RHOC_GTPASE_CYCLE,REACTOME_RHOC_GTPASE_CYCLE] was killed by [REACTOME_RAC1_GTPASE_CYCLE,REACTOME_RAC1_GTPASE_CYCLE]
[REACTOME_RHOG_GTPASE_CYCLE,REACTOME_RHOG_GTPASE_CYCLE] was killed by [REACTOME_RAC1_GTPASE_CYCLE,REACTOME_RAC1_GTPASE_CYCLE]
[REACTOME_BASIGIN_INTERACTIONS,REACTOME_BASIGIN_INTERACTIONS] was killed by [REACTOME_THE_CITRIC_ACID_TCA_CYCLE_AND_RESPIRATORY_ELECTRON_TRANSPORT,REACTOME_THE_CITRIC_ACID_TCA_CYCLE_AND_RESPIRATORY_ELECTRON_TRANSPORT]
[REACTOME_SARS_COV_2_INFECTION,REACTOME_SARS_COV_2_INFECTION] was killed by [REACTOME_SRP_DEPENDENT_COTRANSLATIONAL_PROTEIN_TARGETING_TO_MEMBRANE,REACTOME_SRP_DEPENDENT_COTRANSLATIONAL_PROTEIN_TARGETING_TO_MEMBRANE]
[REACTOME_RESOLUTION_OF_AP_SITES_VIA_THE_MULTIPLE_NUCLEOTIDE_PATCH_REPLACEMENT_PATHWAY,REACTOME_RESOLUTION_OF_AP_SITES_VIA_THE_MULTIPLE_NUCLEOTIDE_PATCH_REPLACEMENT_PATHWAY] was killed by [REACTOME_G2_M_CHECKPOINTS,REACTOME_G2_M_CHECKPOINTS]
[REACTOME_RHO_GTPASES_ACTIVATE_NADPH_OXIDASES,REACTOME_RHO_GTPASES_ACTIVATE_NADPH_OXIDASES] was killed by [REACTOME_ANTIMICROBIAL_PEPTIDES,REACTOME_ANTIMICROBIAL_PEPTIDES]
[REACTOME_SIGNAL_TRANSDUCTION_BY_L1,REACTOME_SIGNAL_TRANSDUCTION_BY_L1] was killed by [REACTOME_RAC1_GTPASE_CYCLE,REACTOME_RAC1_GTPASE_CYCLE]
[REACTOME_SYNTHESIS_SECRETION_AND_DEACYLATION_OF_GHRELIN,REACTOME_SYNTHESIS_SECRETION_AND_DEACYLATION_OF_GHRELIN] was killed by [REACTOME_SRP_DEPENDENT_COTRANSLATIONAL_PROTEIN_TARGETING_TO_MEMBRANE,REACTOME_SRP_DEPENDENT_COTRANSLATIONAL_PROTEIN_TARGETING_TO_MEMBRANE]
[REACTOME_RHOV_GTPASE_CYCLE,REACTOME_RHOV_GTPASE_CYCLE] was killed by [REACTOME_RAC1_GTPASE_CYCLE,REACTOME_RAC1_GTPASE_CYCLE]
[REACTOME_ELASTIC_FIBRE_FORMATION,REACTOME_ELASTIC_FIBRE_FORMATION] was killed by [REACTOME_DEGRADATION_OF_THE_EXTRACELLULAR_MATRIX,REACTOME_DEGRADATION_OF_THE_EXTRACELLULAR_MATRIX]
[REACTOME_RHOJ_GTPASE_CYCLE,REACTOME_RHOJ_GTPASE_CYCLE] was killed by [REACTOME_RAC1_GTPASE_CYCLE,REACTOME_RAC1_GTPASE_CYCLE]
[REACTOME_RUNX2_REGULATES_GENES_INVOLVED_IN_CELL_MIGRATION,REACTOME_RUNX2_REGULATES_GENES_INVOLVED_IN_CELL_MIGRATION] was killed by [REACTOME_RUNX1_INTERACTS_WITH_CO_FACTORS_WHOSE_PRECISE_EFFECT_ON_RUNX1_TARGETS_IS_NOT_KNOWN,REACTOME_RUNX1_INTERACTS_WITH_CO_FACTORS_WHOSE_PRECISE_EFFECT_ON_RUNX1_TARGETS_IS_NOT_KNOWN]
[REACTOME_GLYCOSPHINGOLIPID_METABOLISM,REACTOME_GLYCOSPHINGOLIPID_METABOLISM] was killed by [REACTOME_HS_GAG_DEGRADATION,REACTOME_HS_GAG_DEGRADATION]
[REACTOME_CLATHRIN_MEDIATED_ENDOCYTOSIS,REACTOME_CLATHRIN_MEDIATED_ENDOCYTOSIS] was killed by [REACTOME_THE_CITRIC_ACID_TCA_CYCLE_AND_RESPIRATORY_ELECTRON_TRANSPORT,REACTOME_THE_CITRIC_ACID_TCA_CYCLE_AND_RESPIRATORY_ELECTRON_TRANSPORT]
[REACTOME_REGULATION_OF_IFNA_SIGNALING,REACTOME_REGULATION_OF_IFNA_SIGNALING] was killed by [REACTOME_INTERFERON_GAMMA_SIGNALING,REACTOME_INTERFERON_GAMMA_SIGNALING]
[REACTOME_INSULIN_RECEPTOR_RECYCLING,REACTOME_INSULIN_RECEPTOR_RECYCLING] was killed by [REACTOME_TRANSFERRIN_ENDOCYTOSIS_AND_RECYCLING,REACTOME_TRANSFERRIN_ENDOCYTOSIS_AND_RECYCLING]
[REACTOME_LOSS_OF_FUNCTION_OF_MECP2_IN_RETT_SYNDROME,REACTOME_LOSS_OF_FUNCTION_OF_MECP2_IN_RETT_SYNDROME] was killed by [REACTOME_REGULATION_OF_CHOLESTEROL_BIOSYNTHESIS_BY_SREBP_SREBF,REACTOME_REGULATION_OF_CHOLESTEROL_BIOSYNTHESIS_BY_SREBP_SREBF]
[REACTOME_SIGNALING_BY_ACTIVIN,REACTOME_SIGNALING_BY_ACTIVIN] was killed by [REACTOME_NOTCH4_INTRACELLULAR_DOMAIN_REGULATES_TRANSCRIPTION,REACTOME_NOTCH4_INTRACELLULAR_DOMAIN_REGULATES_TRANSCRIPTION]
[REACTOME_A_TETRASACCHARIDE_LINKER_SEQUENCE_IS_REQUIRED_FOR_GAG_SYNTHESIS,REACTOME_A_TETRASACCHARIDE_LINKER_SEQUENCE_IS_REQUIRED_FOR_GAG_SYNTHESIS] was killed by [REACTOME_DEGRADATION_OF_THE_EXTRACELLULAR_MATRIX,REACTOME_DEGRADATION_OF_THE_EXTRACELLULAR_MATRIX]
[REACTOME_RETROGRADE_TRANSPORT_AT_THE_TRANS_GOLGI_NETWORK,REACTOME_RETROGRADE_TRANSPORT_AT_THE_TRANS_GOLGI_NETWORK] was killed by [REACTOME_TRANS_GOLGI_NETWORK_VESICLE_BUDDING,REACTOME_TRANS_GOLGI_NETWORK_VESICLE_BUDDING]
[REACTOME_PYRUVATE_METABOLISM_AND_CITRIC_ACID_TCA_CYCLE,REACTOME_PYRUVATE_METABOLISM_AND_CITRIC_ACID_TCA_CYCLE] was killed by [REACTOME_THE_CITRIC_ACID_TCA_CYCLE_AND_RESPIRATORY_ELECTRON_TRANSPORT,REACTOME_THE_CITRIC_ACID_TCA_CYCLE_AND_RESPIRATORY_ELECTRON_TRANSPORT]
[REACTOME_CHOLESTEROL_BIOSYNTHESIS,REACTOME_CHOLESTEROL_BIOSYNTHESIS] was killed by [REACTOME_REGULATION_OF_CHOLESTEROL_BIOSYNTHESIS_BY_SREBP_SREBF,REACTOME_REGULATION_OF_CHOLESTEROL_BIOSYNTHESIS_BY_SREBP_SREBF]
[REACTOME_MICRORNA_MIRNA_BIOGENESIS,REACTOME_MICRORNA_MIRNA_BIOGENESIS] was killed by [REACTOME_MRNA_SPLICING,REACTOME_MRNA_SPLICING]
[REACTOME_SIGNALING_BY_TGF_BETA_RECEPTOR_COMPLEX,REACTOME_SIGNALING_BY_TGF_BETA_RECEPTOR_COMPLEX] was killed by [REACTOME_NOTCH4_INTRACELLULAR_DOMAIN_REGULATES_TRANSCRIPTION,REACTOME_NOTCH4_INTRACELLULAR_DOMAIN_REGULATES_TRANSCRIPTION]
[REACTOME_TRAF6_MEDIATED_IRF7_ACTIVATION,REACTOME_TRAF6_MEDIATED_IRF7_ACTIVATION] was killed by [REACTOME_INTERFERON_GAMMA_SIGNALING,REACTOME_INTERFERON_GAMMA_SIGNALING]
[REACTOME_ABC_FAMILY_PROTEINS_MEDIATED_TRANSPORT,REACTOME_ABC_FAMILY_PROTEINS_MEDIATED_TRANSPORT] was killed by [REACTOME_G2_M_CHECKPOINTS,REACTOME_G2_M_CHECKPOINTS]
[REACTOME_PROCESSING_OF_INTRONLESS_PRE_MRNAS,REACTOME_PROCESSING_OF_INTRONLESS_PRE_MRNAS] was killed by [REACTOME_MRNA_SPLICING,REACTOME_MRNA_SPLICING]
[REACTOME_ALPHA_DEFENSINS,REACTOME_ALPHA_DEFENSINS] was killed by [REACTOME_ANTIMICROBIAL_PEPTIDES,REACTOME_ANTIMICROBIAL_PEPTIDES]
[REACTOME_RAB_GERANYLGERANYLATION,REACTOME_RAB_GERANYLGERANYLATION] was killed by [REACTOME_RAB_REGULATION_OF_TRAFFICKING,REACTOME_RAB_REGULATION_OF_TRAFFICKING]
[REACTOME_DDX58_IFIH1_MEDIATED_INDUCTION_OF_INTERFERON_ALPHA_BETA,REACTOME_DDX58_IFIH1_MEDIATED_INDUCTION_OF_INTERFERON_ALPHA_BETA] was killed by [REACTOME_NOTCH4_INTRACELLULAR_DOMAIN_REGULATES_TRANSCRIPTION,REACTOME_NOTCH4_INTRACELLULAR_DOMAIN_REGULATES_TRANSCRIPTION]
[REACTOME_FLT3_SIGNALING,REACTOME_FLT3_SIGNALING] was killed by [REACTOME_G2_M_CHECKPOINTS,REACTOME_G2_M_CHECKPOINTS]
[REACTOME_IRON_UPTAKE_AND_TRANSPORT,REACTOME_IRON_UPTAKE_AND_TRANSPORT] was killed by [REACTOME_G2_M_CHECKPOINTS,REACTOME_G2_M_CHECKPOINTS]
[REACTOME_BUDDING_AND_MATURATION_OF_HIV_VIRION,REACTOME_BUDDING_AND_MATURATION_OF_HIV_VIRION] was killed by [REACTOME_G2_M_CHECKPOINTS,REACTOME_G2_M_CHECKPOINTS]
[REACTOME_TP53_REGULATES_TRANSCRIPTION_OF_ADDITIONAL_CELL_CYCLE_GENES_WHOSE_EXACT_ROLE_IN_THE_P53_PATHWAY_REMAIN_UNCERTAIN,REACTOME_TP53_REGULATES_TRANSCRIPTION_OF_ADDITIONAL_CELL_CYCLE_GENES_WHOSE_EXACT_ROLE_IN_THE_P53_PATHWAY_REMAIN_UNCERTAIN] was killed by [REACTOME_DEADENYLATION_OF_MRNA,REACTOME_DEADENYLATION_OF_MRNA]
[REACTOME_ABORTIVE_ELONGATION_OF_HIV_1_TRANSCRIPT_IN_THE_ABSENCE_OF_TAT,REACTOME_ABORTIVE_ELONGATION_OF_HIV_1_TRANSCRIPT_IN_THE_ABSENCE_OF_TAT] was killed by [REACTOME_MRNA_SPLICING,REACTOME_MRNA_SPLICING]
[REACTOME_REGULATION_OF_TP53_EXPRESSION_AND_DEGRADATION,REACTOME_REGULATION_OF_TP53_EXPRESSION_AND_DEGRADATION] was killed by [REACTOME_G2_M_CHECKPOINTS,REACTOME_G2_M_CHECKPOINTS]
[REACTOME_SIGNALING_BY_CSF3_G_CSF,REACTOME_SIGNALING_BY_CSF3_G_CSF] was killed by [REACTOME_G2_M_CHECKPOINTS,REACTOME_G2_M_CHECKPOINTS]
[REACTOME_GLUCOSE_METABOLISM,REACTOME_GLUCOSE_METABOLISM] was killed by [REACTOME_MITOTIC_SPINDLE_CHECKPOINT,REACTOME_MITOTIC_SPINDLE_CHECKPOINT]
[REACTOME_GROWTH_HORMONE_RECEPTOR_SIGNALING,REACTOME_GROWTH_HORMONE_RECEPTOR_SIGNALING] was killed by [REACTOME_INTERFERON_GAMMA_SIGNALING,REACTOME_INTERFERON_GAMMA_SIGNALING]
[REACTOME_COLLAGEN_BIOSYNTHESIS_AND_MODIFYING_ENZYMES,REACTOME_COLLAGEN_BIOSYNTHESIS_AND_MODIFYING_ENZYMES] was killed by [REACTOME_DEGRADATION_OF_THE_EXTRACELLULAR_MATRIX,REACTOME_DEGRADATION_OF_THE_EXTRACELLULAR_MATRIX]
