[GOMF_IMMUNOGLOBULIN_RECEPTOR_BINDING,GOMF_IMMUNOGLOBULIN_RECEPTOR_BINDING] was killed by [GOMF_ANTIGEN_BINDING,GOMF_ANTIGEN_BINDING]
[GOMF_LIGASE_ACTIVITY,GOMF_LIGASE_ACTIVITY] was killed by [GOMF_CATALYTIC_ACTIVITY_ACTING_ON_A_TRNA,GOMF_CATALYTIC_ACTIVITY_ACTING_ON_A_TRNA]
[GOMF_CATALYTIC_ACTIVITY_ACTING_ON_DNA,GOMF_CATALYTIC_ACTIVITY_ACTING_ON_DNA] was killed by [GOMF_HELICASE_ACTIVITY,GOMF_HELICASE_ACTIVITY]
[GOMF_S_ADENOSYLMETHIONINE_DEPENDENT_METHYLTRANSFERASE_ACTIVITY,GOMF_S_ADENOSYLMETHIONINE_DEPENDENT_METHYLTRANSFERASE_ACTIVITY] was killed by [GOMF_CATALYTIC_ACTIVITY_ACTING_ON_A_TRNA,GOMF_CATALYTIC_ACTIVITY_ACTING_ON_A_TRNA]
[GOMF_LIGASE_ACTIVITY_FORMING_CARBON_OXYGEN_BONDS,GOMF_LIGASE_ACTIVITY_FORMING_CARBON_OXYGEN_BONDS] was killed by [GOMF_CATALYTIC_ACTIVITY_ACTING_ON_A_TRNA,GOMF_CATALYTIC_ACTIVITY_ACTING_ON_A_TRNA]
[GOMF_RIBONUCLEOPROTEIN_COMPLEX_BINDING,GOMF_RIBONUCLEOPROTEIN_COMPLEX_BINDING] was killed by [GOMF_MRNA_3_UTR_BINDING,GOMF_MRNA_3_UTR_BINDING]
[GOMF_RRNA_BINDING,GOMF_RRNA_BINDING] was killed by [GOMF_STRUCTURAL_CONSTITUENT_OF_RIBOSOME,GOMF_STRUCTURAL_CONSTITUENT_OF_RIBOSOME]
[GOMF_TRNA_BINDING,GOMF_TRNA_BINDING] was killed by [GOMF_CATALYTIC_ACTIVITY_ACTING_ON_A_TRNA,GOMF_CATALYTIC_ACTIVITY_ACTING_ON_A_TRNA]
[GOMF_RNA_METHYLTRANSFERASE_ACTIVITY,GOMF_RNA_METHYLTRANSFERASE_ACTIVITY] was killed by [GOMF_CATALYTIC_ACTIVITY_ACTING_ON_A_TRNA,GOMF_CATALYTIC_ACTIVITY_ACTING_ON_A_TRNA]
[GOMF_IMMUNE_RECEPTOR_ACTIVITY,GOMF_IMMUNE_RECEPTOR_ACTIVITY] was killed by [GOMF_PEPTIDE_RECEPTOR_ACTIVITY,GOMF_PEPTIDE_RECEPTOR_ACTIVITY]
[GOMF_DAMAGED_DNA_BINDING,GOMF_DAMAGED_DNA_BINDING] was killed by [GOMF_HELICASE_ACTIVITY,GOMF_HELICASE_ACTIVITY]
[GOMF_SINGLE_STRANDED_DNA_BINDING,GOMF_SINGLE_STRANDED_DNA_BINDING] was killed by [GOMF_HELICASE_ACTIVITY,GOMF_HELICASE_ACTIVITY]
[GOMF_RNA_HELICASE_ACTIVITY,GOMF_RNA_HELICASE_ACTIVITY] was killed by [GOMF_HELICASE_ACTIVITY,GOMF_HELICASE_ACTIVITY]
[GOMF_DNA_HELICASE_ACTIVITY,GOMF_DNA_HELICASE_ACTIVITY] was killed by [GOMF_HELICASE_ACTIVITY,GOMF_HELICASE_ACTIVITY]
[GOMF_TRANSLATION_REGULATOR_ACTIVITY,GOMF_TRANSLATION_REGULATOR_ACTIVITY] was killed by [GOMF_MRNA_3_UTR_BINDING,GOMF_MRNA_3_UTR_BINDING]
[GOMF_BASAL_TRANSCRIPTION_MACHINERY_BINDING,GOMF_BASAL_TRANSCRIPTION_MACHINERY_BINDING] was killed by [GOMF_MRNA_3_UTR_BINDING,GOMF_MRNA_3_UTR_BINDING]
[GOMF_TRANSLATION_INITIATION_FACTOR_ACTIVITY,GOMF_TRANSLATION_INITIATION_FACTOR_ACTIVITY] was killed by [GOMF_TRANSLATION_FACTOR_ACTIVITY_RNA_BINDING,GOMF_TRANSLATION_FACTOR_ACTIVITY_RNA_BINDING]
[GOMF_RNA_POLYMERASE_CORE_ENZYME_BINDING,GOMF_RNA_POLYMERASE_CORE_ENZYME_BINDING] was killed by [GOMF_MRNA_3_UTR_BINDING,GOMF_MRNA_3_UTR_BINDING]
[GOMF_DNA_DEPENDENT_ATPASE_ACTIVITY,GOMF_DNA_DEPENDENT_ATPASE_ACTIVITY] was killed by [GOMF_HELICASE_ACTIVITY,GOMF_HELICASE_ACTIVITY]
[GOMF_SNRNA_BINDING,GOMF_SNRNA_BINDING] was killed by [GOMF_SNORNA_BINDING,GOMF_SNORNA_BINDING]
[GOMF_CHEMOKINE_ACTIVITY,GOMF_CHEMOKINE_ACTIVITY] was killed by [GOMF_CHEMOKINE_RECEPTOR_BINDING,GOMF_CHEMOKINE_RECEPTOR_BINDING]
[GOMF_NUCLEASE_ACTIVITY,GOMF_NUCLEASE_ACTIVITY] was killed by [GOMF_CATALYTIC_ACTIVITY_ACTING_ON_A_TRNA,GOMF_CATALYTIC_ACTIVITY_ACTING_ON_A_TRNA]
[GOMF_NAD_P_H_DEHYDROGENASE_QUINONE_ACTIVITY,GOMF_NAD_P_H_DEHYDROGENASE_QUINONE_ACTIVITY] was killed by [GOMF_METAL_CLUSTER_BINDING,GOMF_METAL_CLUSTER_BINDING]
[GOMF_TRANSLATION_REGULATOR_ACTIVITY_NUCLEIC_ACID_BINDING,GOMF_TRANSLATION_REGULATOR_ACTIVITY_NUCLEIC_ACID_BINDING] was killed by [GOMF_MRNA_3_UTR_BINDING,GOMF_MRNA_3_UTR_BINDING]
[GOMF_RNA_POLYMERASE_ACTIVITY,GOMF_RNA_POLYMERASE_ACTIVITY] was killed by [GOMF_NUCLEOTIDYLTRANSFERASE_ACTIVITY,GOMF_NUCLEOTIDYLTRANSFERASE_ACTIVITY]
[GOMF_GUANYL_NUCLEOTIDE_EXCHANGE_FACTOR_ACTIVITY,GOMF_GUANYL_NUCLEOTIDE_EXCHANGE_FACTOR_ACTIVITY] was killed by [GOMF_TRANSLATION_FACTOR_ACTIVITY_RNA_BINDING,GOMF_TRANSLATION_FACTOR_ACTIVITY_RNA_BINDING]
[GOMF_CCR_CHEMOKINE_RECEPTOR_BINDING,GOMF_CCR_CHEMOKINE_RECEPTOR_BINDING] was killed by [GOMF_CHEMOKINE_RECEPTOR_BINDING,GOMF_CHEMOKINE_RECEPTOR_BINDING]
[GOMF_ELECTRON_TRANSFER_ACTIVITY,GOMF_ELECTRON_TRANSFER_ACTIVITY] was killed by [GOMF_METAL_CLUSTER_BINDING,GOMF_METAL_CLUSTER_BINDING]
[GOMF_VOLTAGE_GATED_ION_CHANNEL_ACTIVITY,GOMF_VOLTAGE_GATED_ION_CHANNEL_ACTIVITY] was killed by [GOMF_VOLTAGE_GATED_CATION_CHANNEL_ACTIVITY,GOMF_VOLTAGE_GATED_CATION_CHANNEL_ACTIVITY]
[GOMF_RNA_POLYMERASE_BINDING,GOMF_RNA_POLYMERASE_BINDING] was killed by [GOMF_MRNA_3_UTR_BINDING,GOMF_MRNA_3_UTR_BINDING]
[GOMF_GROWTH_FACTOR_ACTIVITY,GOMF_GROWTH_FACTOR_ACTIVITY] was killed by [GOMF_HORMONE_ACTIVITY,GOMF_HORMONE_ACTIVITY]
[GOMF_TRNA_METHYLTRANSFERASE_ACTIVITY,GOMF_TRNA_METHYLTRANSFERASE_ACTIVITY] was killed by [GOMF_CATALYTIC_ACTIVITY_ACTING_ON_A_TRNA,GOMF_CATALYTIC_ACTIVITY_ACTING_ON_A_TRNA]
[GOMF_PROTEIN_METHYLTRANSFERASE_ACTIVITY,GOMF_PROTEIN_METHYLTRANSFERASE_ACTIVITY] was killed by [GOMF_MODIFICATION_DEPENDENT_PROTEIN_BINDING,GOMF_MODIFICATION_DEPENDENT_PROTEIN_BINDING]
[GOMF_LYSINE_N_METHYLTRANSFERASE_ACTIVITY,GOMF_LYSINE_N_METHYLTRANSFERASE_ACTIVITY] was killed by [GOMF_MODIFICATION_DEPENDENT_PROTEIN_BINDING,GOMF_MODIFICATION_DEPENDENT_PROTEIN_BINDING]
[GOMF_LIGAND_GATED_CATION_CHANNEL_ACTIVITY,GOMF_LIGAND_GATED_CATION_CHANNEL_ACTIVITY] was killed by [GOMF_VOLTAGE_GATED_CATION_CHANNEL_ACTIVITY,GOMF_VOLTAGE_GATED_CATION_CHANNEL_ACTIVITY]
[GOMF_UBIQUITIN_LIKE_PROTEIN_BINDING,GOMF_UBIQUITIN_LIKE_PROTEIN_BINDING] was killed by [GOMF_MODIFICATION_DEPENDENT_PROTEIN_BINDING,GOMF_MODIFICATION_DEPENDENT_PROTEIN_BINDING]
[GOMF_RIBOSOME_BINDING,GOMF_RIBOSOME_BINDING] was killed by [GOMF_MRNA_3_UTR_BINDING,GOMF_MRNA_3_UTR_BINDING]
[GOMF_UBIQUITIN_BINDING,GOMF_UBIQUITIN_BINDING] was killed by [GOMF_MODIFICATION_DEPENDENT_PROTEIN_BINDING,GOMF_MODIFICATION_DEPENDENT_PROTEIN_BINDING]
[GOMF_NUCLEOSOME_BINDING,GOMF_NUCLEOSOME_BINDING] was killed by [GOMF_MODIFICATION_DEPENDENT_PROTEIN_BINDING,GOMF_MODIFICATION_DEPENDENT_PROTEIN_BINDING]
[GOMF_METHYLATED_HISTONE_BINDING,GOMF_METHYLATED_HISTONE_BINDING] was killed by [GOMF_MODIFICATION_DEPENDENT_PROTEIN_BINDING,GOMF_MODIFICATION_DEPENDENT_PROTEIN_BINDING]
[GOMF_VOLTAGE_GATED_POTASSIUM_CHANNEL_ACTIVITY,GOMF_VOLTAGE_GATED_POTASSIUM_CHANNEL_ACTIVITY] was killed by [GOMF_VOLTAGE_GATED_CATION_CHANNEL_ACTIVITY,GOMF_VOLTAGE_GATED_CATION_CHANNEL_ACTIVITY]
[GOMF_EXONUCLEASE_ACTIVITY,GOMF_EXONUCLEASE_ACTIVITY] was killed by [GOMF_HELICASE_ACTIVITY,GOMF_HELICASE_ACTIVITY]
[GOMF_HISTONE_METHYLTRANSFERASE_ACTIVITY,GOMF_HISTONE_METHYLTRANSFERASE_ACTIVITY] was killed by [GOMF_MODIFICATION_DEPENDENT_PROTEIN_BINDING,GOMF_MODIFICATION_DEPENDENT_PROTEIN_BINDING]
[GOMF_CYTOKINE_RECEPTOR_ACTIVITY,GOMF_CYTOKINE_RECEPTOR_ACTIVITY] was killed by [GOMF_PEPTIDE_RECEPTOR_ACTIVITY,GOMF_PEPTIDE_RECEPTOR_ACTIVITY]
[GOMF_LIGAND_GATED_ION_CHANNEL_ACTIVITY,GOMF_LIGAND_GATED_ION_CHANNEL_ACTIVITY] was killed by [GOMF_VOLTAGE_GATED_CATION_CHANNEL_ACTIVITY,GOMF_VOLTAGE_GATED_CATION_CHANNEL_ACTIVITY]
[GOMF_GENERAL_TRANSCRIPTION_INITIATION_FACTOR_BINDING,GOMF_GENERAL_TRANSCRIPTION_INITIATION_FACTOR_BINDING] was killed by [GOMF_MODIFICATION_DEPENDENT_PROTEIN_BINDING,GOMF_MODIFICATION_DEPENDENT_PROTEIN_BINDING]
[GOMF_GROWTH_FACTOR_BINDING,GOMF_GROWTH_FACTOR_BINDING] was killed by [GOMF_EXTRACELLULAR_MATRIX_STRUCTURAL_CONSTITUENT,GOMF_EXTRACELLULAR_MATRIX_STRUCTURAL_CONSTITUENT]
[GOMF_HISTONE_LYSINE_N_METHYLTRANSFERASE_ACTIVITY,GOMF_HISTONE_LYSINE_N_METHYLTRANSFERASE_ACTIVITY] was killed by [GOMF_MODIFICATION_DEPENDENT_PROTEIN_BINDING,GOMF_MODIFICATION_DEPENDENT_PROTEIN_BINDING]
[GOMF_TRANSMEMBRANE_RECEPTOR_PROTEIN_KINASE_ACTIVITY,GOMF_TRANSMEMBRANE_RECEPTOR_PROTEIN_KINASE_ACTIVITY] was killed by [GOMF_PROTEIN_TYROSINE_KINASE_ACTIVITY,GOMF_PROTEIN_TYROSINE_KINASE_ACTIVITY]
[GOMF_POTASSIUM_ION_TRANSMEMBRANE_TRANSPORTER_ACTIVITY,GOMF_POTASSIUM_ION_TRANSMEMBRANE_TRANSPORTER_ACTIVITY] was killed by [GOMF_VOLTAGE_GATED_CATION_CHANNEL_ACTIVITY,GOMF_VOLTAGE_GATED_CATION_CHANNEL_ACTIVITY]
[GOMF_PHOSPHOLIPASE_ACTIVITY,GOMF_PHOSPHOLIPASE_ACTIVITY] was killed by [GOMF_LIPASE_ACTIVITY,GOMF_LIPASE_ACTIVITY]
[GOMF_DNA_REPLICATION_ORIGIN_BINDING,GOMF_DNA_REPLICATION_ORIGIN_BINDING] was killed by [GOMF_HELICASE_ACTIVITY,GOMF_HELICASE_ACTIVITY]
[GOMF_4_IRON_4_SULFUR_CLUSTER_BINDING,GOMF_4_IRON_4_SULFUR_CLUSTER_BINDING] was killed by [GOMF_HELICASE_ACTIVITY,GOMF_HELICASE_ACTIVITY]
[GOMF_OXIDOREDUCTASE_ACTIVITY_ACTING_ON_NAD_P_H_QUINONE_OR_SIMILAR_COMPOUND_AS_ACCEPTOR,GOMF_OXIDOREDUCTASE_ACTIVITY_ACTING_ON_NAD_P_H_QUINONE_OR_SIMILAR_COMPOUND_AS_ACCEPTOR] was killed by [GOMF_METAL_CLUSTER_BINDING,GOMF_METAL_CLUSTER_BINDING]
[GOMF_NEUROPEPTIDE_HORMONE_ACTIVITY,GOMF_NEUROPEPTIDE_HORMONE_ACTIVITY] was killed by [GOMF_HORMONE_ACTIVITY,GOMF_HORMONE_ACTIVITY]
[GOMF_ENDORIBONUCLEASE_ACTIVITY_PRODUCING_5_PHOSPHOMONOESTERS,GOMF_ENDORIBONUCLEASE_ACTIVITY_PRODUCING_5_PHOSPHOMONOESTERS] was killed by [GOMF_CATALYTIC_ACTIVITY_ACTING_ON_A_TRNA,GOMF_CATALYTIC_ACTIVITY_ACTING_ON_A_TRNA]
[GOMF_SERINE_HYDROLASE_ACTIVITY,GOMF_SERINE_HYDROLASE_ACTIVITY] was killed by [GOMF_CARGO_RECEPTOR_ACTIVITY,GOMF_CARGO_RECEPTOR_ACTIVITY]
[GOMF_EXONUCLEASE_ACTIVITY_ACTIVE_WITH_EITHER_RIBO_OR_DEOXYRIBONUCLEIC_ACIDS_AND_PRODUCING_5_PHOSPHOMONOESTERS,GOMF_EXONUCLEASE_ACTIVITY_ACTIVE_WITH_EITHER_RIBO_OR_DEOXYRIBONUCLEIC_ACIDS_AND_PRODUCING_5_PHOSPHOMONOESTERS] was killed by [GOMF_METAL_CLUSTER_BINDING,GOMF_METAL_CLUSTER_BINDING]
[GOMF_IMMUNOGLOBULIN_BINDING,GOMF_IMMUNOGLOBULIN_BINDING] was killed by [GOMF_EXTRACELLULAR_MATRIX_STRUCTURAL_CONSTITUENT,GOMF_EXTRACELLULAR_MATRIX_STRUCTURAL_CONSTITUENT]
[GOMF_CATALYTIC_ACTIVITY_ACTING_ON_A_RRNA,GOMF_CATALYTIC_ACTIVITY_ACTING_ON_A_RRNA] was killed by [GOMF_N_METHYLTRANSFERASE_ACTIVITY,GOMF_N_METHYLTRANSFERASE_ACTIVITY]
[GOMF_SERINE_TYPE_ENDOPEPTIDASE_INHIBITOR_ACTIVITY,GOMF_SERINE_TYPE_ENDOPEPTIDASE_INHIBITOR_ACTIVITY] was killed by [GOMF_ENDOPEPTIDASE_REGULATOR_ACTIVITY,GOMF_ENDOPEPTIDASE_REGULATOR_ACTIVITY]
[GOMF_POTASSIUM_CHANNEL_ACTIVITY,GOMF_POTASSIUM_CHANNEL_ACTIVITY] was killed by [GOMF_VOLTAGE_GATED_CATION_CHANNEL_ACTIVITY,GOMF_VOLTAGE_GATED_CATION_CHANNEL_ACTIVITY]
[GOMF_SODIUM_ION_TRANSMEMBRANE_TRANSPORTER_ACTIVITY,GOMF_SODIUM_ION_TRANSMEMBRANE_TRANSPORTER_ACTIVITY] was killed by [GOMF_VOLTAGE_GATED_CATION_CHANNEL_ACTIVITY,GOMF_VOLTAGE_GATED_CATION_CHANNEL_ACTIVITY]
[GOMF_3_5_EXONUCLEASE_ACTIVITY,GOMF_3_5_EXONUCLEASE_ACTIVITY] was killed by [GOMF_MRNA_3_UTR_BINDING,GOMF_MRNA_3_UTR_BINDING]
[GOMF_EXTRACELLULAR_MATRIX_BINDING,GOMF_EXTRACELLULAR_MATRIX_BINDING] was killed by [GOMF_EXTRACELLULAR_MATRIX_STRUCTURAL_CONSTITUENT,GOMF_EXTRACELLULAR_MATRIX_STRUCTURAL_CONSTITUENT]
[GOMF_DNA_POLYMERASE_BINDING,GOMF_DNA_POLYMERASE_BINDING] was killed by [GOMF_HELICASE_ACTIVITY,GOMF_HELICASE_ACTIVITY]
[GOMF_PHOSPHORIC_DIESTER_HYDROLASE_ACTIVITY,GOMF_PHOSPHORIC_DIESTER_HYDROLASE_ACTIVITY] was killed by [GOMF_PEPTIDE_RECEPTOR_ACTIVITY,GOMF_PEPTIDE_RECEPTOR_ACTIVITY]
[GOMF_OXIDOREDUCTASE_ACTIVITY_ACTING_ON_NAD_P_H,GOMF_OXIDOREDUCTASE_ACTIVITY_ACTING_ON_NAD_P_H] was killed by [GOMF_METAL_CLUSTER_BINDING,GOMF_METAL_CLUSTER_BINDING]
[GOMF_CELL_CELL_ADHESION_MEDIATOR_ACTIVITY,GOMF_CELL_CELL_ADHESION_MEDIATOR_ACTIVITY] was killed by [GOMF_CELL_ADHESION_MEDIATOR_ACTIVITY,GOMF_CELL_ADHESION_MEDIATOR_ACTIVITY]
[GOMF_TRANSCRIPTION_COREGULATOR_BINDING,GOMF_TRANSCRIPTION_COREGULATOR_BINDING] was killed by [GOMF_MODIFICATION_DEPENDENT_PROTEIN_BINDING,GOMF_MODIFICATION_DEPENDENT_PROTEIN_BINDING]
[GOMF_NEUROPEPTIDE_RECEPTOR_ACTIVITY,GOMF_NEUROPEPTIDE_RECEPTOR_ACTIVITY] was killed by [GOMF_PEPTIDE_RECEPTOR_ACTIVITY,GOMF_PEPTIDE_RECEPTOR_ACTIVITY]
[GOMF_2_IRON_2_SULFUR_CLUSTER_BINDING,GOMF_2_IRON_2_SULFUR_CLUSTER_BINDING] was killed by [GOMF_METAL_CLUSTER_BINDING,GOMF_METAL_CLUSTER_BINDING]
[GOMF_GENERAL_TRANSCRIPTION_INITIATION_FACTOR_ACTIVITY,GOMF_GENERAL_TRANSCRIPTION_INITIATION_FACTOR_ACTIVITY] was killed by [GOMF_PROTEIN_N_TERMINUS_BINDING,GOMF_PROTEIN_N_TERMINUS_BINDING]
[GOMF_RIBONUCLEASE_ACTIVITY,GOMF_RIBONUCLEASE_ACTIVITY] was killed by [GOMF_CATALYTIC_ACTIVITY_ACTING_ON_A_TRNA,GOMF_CATALYTIC_ACTIVITY_ACTING_ON_A_TRNA]
[GOMF_PROTEIN_DEMETHYLASE_ACTIVITY,GOMF_PROTEIN_DEMETHYLASE_ACTIVITY] was killed by [GOMF_MODIFICATION_DEPENDENT_PROTEIN_BINDING,GOMF_MODIFICATION_DEPENDENT_PROTEIN_BINDING]
[GOMF_LIGASE_ACTIVITY_FORMING_CARBON_NITROGEN_BONDS,GOMF_LIGASE_ACTIVITY_FORMING_CARBON_NITROGEN_BONDS] was killed by [GOMF_CATALYTIC_ACTIVITY_ACTING_ON_A_TRNA,GOMF_CATALYTIC_ACTIVITY_ACTING_ON_A_TRNA]
[GOMF_ACTININ_BINDING,GOMF_ACTININ_BINDING] was killed by [GOMF_VOLTAGE_GATED_CATION_CHANNEL_ACTIVITY,GOMF_VOLTAGE_GATED_CATION_CHANNEL_ACTIVITY]
[GOMF_LYASE_ACTIVITY,GOMF_LYASE_ACTIVITY] was killed by [GOMF_METAL_CLUSTER_BINDING,GOMF_METAL_CLUSTER_BINDING]
[GOMF_NEUROPEPTIDE_RECEPTOR_BINDING,GOMF_NEUROPEPTIDE_RECEPTOR_BINDING] was killed by [GOMF_HORMONE_ACTIVITY,GOMF_HORMONE_ACTIVITY]
[GOMF_CYTOKINE_BINDING,GOMF_CYTOKINE_BINDING] was killed by [GOMF_PEPTIDE_RECEPTOR_ACTIVITY,GOMF_PEPTIDE_RECEPTOR_ACTIVITY]
[GOMF_NUCLEAR_HORMONE_RECEPTOR_BINDING,GOMF_NUCLEAR_HORMONE_RECEPTOR_BINDING] was killed by [GOMF_MODIFICATION_DEPENDENT_PROTEIN_BINDING,GOMF_MODIFICATION_DEPENDENT_PROTEIN_BINDING]
[GOMF_PROTEIN_C_TERMINUS_BINDING,GOMF_PROTEIN_C_TERMINUS_BINDING] was killed by [GOMF_PROTEIN_TYROSINE_KINASE_ACTIVITY,GOMF_PROTEIN_TYROSINE_KINASE_ACTIVITY]
[GOMF_CALMODULIN_BINDING,GOMF_CALMODULIN_BINDING] was killed by [GOMF_VOLTAGE_GATED_CATION_CHANNEL_ACTIVITY,GOMF_VOLTAGE_GATED_CATION_CHANNEL_ACTIVITY]
[GOMF_ION_CHANNEL_BINDING,GOMF_ION_CHANNEL_BINDING] was killed by [GOMF_VOLTAGE_GATED_CATION_CHANNEL_ACTIVITY,GOMF_VOLTAGE_GATED_CATION_CHANNEL_ACTIVITY]
[GOMF_NEUROTRANSMITTER_RECEPTOR_ACTIVITY,GOMF_NEUROTRANSMITTER_RECEPTOR_ACTIVITY] was killed by [GOMF_VOLTAGE_GATED_CATION_CHANNEL_ACTIVITY,GOMF_VOLTAGE_GATED_CATION_CHANNEL_ACTIVITY]
[GOMF_DNA_DIRECTED_DNA_POLYMERASE_ACTIVITY,GOMF_DNA_DIRECTED_DNA_POLYMERASE_ACTIVITY] was killed by [GOMF_NUCLEOTIDYLTRANSFERASE_ACTIVITY,GOMF_NUCLEOTIDYLTRANSFERASE_ACTIVITY]
[GOMF_KINASE_ACTIVATOR_ACTIVITY,GOMF_KINASE_ACTIVATOR_ACTIVITY] was killed by [GOMF_PROTEIN_N_TERMINUS_BINDING,GOMF_PROTEIN_N_TERMINUS_BINDING]
[GOMF_NAD_BINDING,GOMF_NAD_BINDING] was killed by [GOMF_METAL_CLUSTER_BINDING,GOMF_METAL_CLUSTER_BINDING]
[GOMF_SNARE_BINDING,GOMF_SNARE_BINDING] was killed by [GOMF_PHOSPHATIDYLINOSITOL_PHOSPHATE_BINDING,GOMF_PHOSPHATIDYLINOSITOL_PHOSPHATE_BINDING]
[GOMF_CALCIUM_ION_TRANSMEMBRANE_TRANSPORTER_ACTIVITY,GOMF_CALCIUM_ION_TRANSMEMBRANE_TRANSPORTER_ACTIVITY] was killed by [GOMF_VOLTAGE_GATED_CATION_CHANNEL_ACTIVITY,GOMF_VOLTAGE_GATED_CATION_CHANNEL_ACTIVITY]
[GOMF_ENDONUCLEASE_ACTIVITY_ACTIVE_WITH_EITHER_RIBO_OR_DEOXYRIBONUCLEIC_ACIDS_AND_PRODUCING_5_PHOSPHOMONOESTERS,GOMF_ENDONUCLEASE_ACTIVITY_ACTIVE_WITH_EITHER_RIBO_OR_DEOXYRIBONUCLEIC_ACIDS_AND_PRODUCING_5_PHOSPHOMONOESTERS] was killed by [GOMF_CATALYTIC_ACTIVITY_ACTING_ON_A_TRNA,GOMF_CATALYTIC_ACTIVITY_ACTING_ON_A_TRNA]
[GOMF_DEMETHYLASE_ACTIVITY,GOMF_DEMETHYLASE_ACTIVITY] was killed by [GOMF_MODIFICATION_DEPENDENT_PROTEIN_BINDING,GOMF_MODIFICATION_DEPENDENT_PROTEIN_BINDING]
[GOMF_COMPLEMENT_RECEPTOR_ACTIVITY,GOMF_COMPLEMENT_RECEPTOR_ACTIVITY] was killed by [GOMF_PEPTIDE_RECEPTOR_ACTIVITY,GOMF_PEPTIDE_RECEPTOR_ACTIVITY]
[GOMF_HEPARIN_BINDING,GOMF_HEPARIN_BINDING] was killed by [GOMF_EXTRACELLULAR_MATRIX_STRUCTURAL_CONSTITUENT,GOMF_EXTRACELLULAR_MATRIX_STRUCTURAL_CONSTITUENT]
[GOMF_PSEUDOURIDINE_SYNTHASE_ACTIVITY,GOMF_PSEUDOURIDINE_SYNTHASE_ACTIVITY] was killed by [GOMF_CATALYTIC_ACTIVITY_ACTING_ON_A_TRNA,GOMF_CATALYTIC_ACTIVITY_ACTING_ON_A_TRNA]
[GOMF_TELOMERIC_DNA_BINDING,GOMF_TELOMERIC_DNA_BINDING] was killed by [GOMF_HELICASE_ACTIVITY,GOMF_HELICASE_ACTIVITY]
[GOMF_COLLAGEN_BINDING,GOMF_COLLAGEN_BINDING] was killed by [GOMF_EXTRACELLULAR_MATRIX_STRUCTURAL_CONSTITUENT,GOMF_EXTRACELLULAR_MATRIX_STRUCTURAL_CONSTITUENT]
[GOMF_PATTERN_RECOGNITION_RECEPTOR_ACTIVITY,GOMF_PATTERN_RECOGNITION_RECEPTOR_ACTIVITY] was killed by [GOMF_CARGO_RECEPTOR_ACTIVITY,GOMF_CARGO_RECEPTOR_ACTIVITY]
[GOMF_RNA_POLYMERASE_II_GENERAL_TRANSCRIPTION_INITIATION_FACTOR_BINDING,GOMF_RNA_POLYMERASE_II_GENERAL_TRANSCRIPTION_INITIATION_FACTOR_BINDING] was killed by [GOMF_PROTEIN_N_TERMINUS_BINDING,GOMF_PROTEIN_N_TERMINUS_BINDING]
[GOMF_ENDONUCLEASE_ACTIVITY,GOMF_ENDONUCLEASE_ACTIVITY] was killed by [GOMF_CATALYTIC_ACTIVITY_ACTING_ON_A_TRNA,GOMF_CATALYTIC_ACTIVITY_ACTING_ON_A_TRNA]
[GOMF_DNA_POLYMERASE_ACTIVITY,GOMF_DNA_POLYMERASE_ACTIVITY] was killed by [GOMF_NUCLEOTIDYLTRANSFERASE_ACTIVITY,GOMF_NUCLEOTIDYLTRANSFERASE_ACTIVITY]
[GOMF_SCAVENGER_RECEPTOR_ACTIVITY,GOMF_SCAVENGER_RECEPTOR_ACTIVITY] was killed by [GOMF_CARGO_RECEPTOR_ACTIVITY,GOMF_CARGO_RECEPTOR_ACTIVITY]
[GOMF_ALPHA_ACTININ_BINDING,GOMF_ALPHA_ACTININ_BINDING] was killed by [GOMF_VOLTAGE_GATED_CATION_CHANNEL_ACTIVITY,GOMF_VOLTAGE_GATED_CATION_CHANNEL_ACTIVITY]
[GOMF_INTEGRIN_BINDING,GOMF_INTEGRIN_BINDING] was killed by [GOMF_EXTRACELLULAR_MATRIX_STRUCTURAL_CONSTITUENT,GOMF_EXTRACELLULAR_MATRIX_STRUCTURAL_CONSTITUENT]
[GOMF_HISTONE_DEMETHYLASE_ACTIVITY_H3_K9_SPECIFIC,GOMF_HISTONE_DEMETHYLASE_ACTIVITY_H3_K9_SPECIFIC] was killed by [GOMF_MODIFICATION_DEPENDENT_PROTEIN_BINDING,GOMF_MODIFICATION_DEPENDENT_PROTEIN_BINDING]
[GOMF_STRUCTURAL_CONSTITUENT_OF_EYE_LENS,GOMF_STRUCTURAL_CONSTITUENT_OF_EYE_LENS] was killed by [GOMF_UNFOLDED_PROTEIN_BINDING,GOMF_UNFOLDED_PROTEIN_BINDING]
[GOMF_DOUBLE_STRANDED_RNA_BINDING,GOMF_DOUBLE_STRANDED_RNA_BINDING] was killed by [GOMF_HELICASE_ACTIVITY,GOMF_HELICASE_ACTIVITY]
[GOMF_REPRESSING_TRANSCRIPTION_FACTOR_BINDING,GOMF_REPRESSING_TRANSCRIPTION_FACTOR_BINDING] was killed by [GOMF_PROTEIN_N_TERMINUS_BINDING,GOMF_PROTEIN_N_TERMINUS_BINDING]
[GOMF_PROTEIN_FOLDING_CHAPERONE,GOMF_PROTEIN_FOLDING_CHAPERONE] was killed by [GOMF_UNFOLDED_PROTEIN_BINDING,GOMF_UNFOLDED_PROTEIN_BINDING]
[GOMF_SINGLE_STRANDED_DNA_HELICASE_ACTIVITY,GOMF_SINGLE_STRANDED_DNA_HELICASE_ACTIVITY] was killed by [GOMF_HELICASE_ACTIVITY,GOMF_HELICASE_ACTIVITY]
[GOMF_NON_MEMBRANE_SPANNING_PROTEIN_TYROSINE_KINASE_ACTIVITY,GOMF_NON_MEMBRANE_SPANNING_PROTEIN_TYROSINE_KINASE_ACTIVITY] was killed by [GOMF_PROTEIN_TYROSINE_KINASE_ACTIVITY,GOMF_PROTEIN_TYROSINE_KINASE_ACTIVITY]
[GOMF_POLYUBIQUITIN_MODIFICATION_DEPENDENT_PROTEIN_BINDING,GOMF_POLYUBIQUITIN_MODIFICATION_DEPENDENT_PROTEIN_BINDING] was killed by [GOMF_MODIFICATION_DEPENDENT_PROTEIN_BINDING,GOMF_MODIFICATION_DEPENDENT_PROTEIN_BINDING]
[GOMF_PROTEOGLYCAN_BINDING,GOMF_PROTEOGLYCAN_BINDING] was killed by [GOMF_EXTRACELLULAR_MATRIX_STRUCTURAL_CONSTITUENT,GOMF_EXTRACELLULAR_MATRIX_STRUCTURAL_CONSTITUENT]
[GOMF_2_OXOGLUTARATE_DEPENDENT_DIOXYGENASE_ACTIVITY,GOMF_2_OXOGLUTARATE_DEPENDENT_DIOXYGENASE_ACTIVITY] was killed by [GOMF_CATALYTIC_ACTIVITY_ACTING_ON_A_TRNA,GOMF_CATALYTIC_ACTIVITY_ACTING_ON_A_TRNA]
[GOMF_BETA_TUBULIN_BINDING,GOMF_BETA_TUBULIN_BINDING] was killed by [GOMF_ALPHA_TUBULIN_BINDING,GOMF_ALPHA_TUBULIN_BINDING]
[GOMF_PHOSPHOLIPASE_C_ACTIVITY,GOMF_PHOSPHOLIPASE_C_ACTIVITY] was killed by [GOMF_PEPTIDE_RECEPTOR_ACTIVITY,GOMF_PEPTIDE_RECEPTOR_ACTIVITY]
[GOMF_HEAT_SHOCK_PROTEIN_BINDING,GOMF_HEAT_SHOCK_PROTEIN_BINDING] was killed by [GOMF_N_METHYLTRANSFERASE_ACTIVITY,GOMF_N_METHYLTRANSFERASE_ACTIVITY]
[GOMF_PROTON_CHANNEL_ACTIVITY,GOMF_PROTON_CHANNEL_ACTIVITY] was killed by [GOMF_PROTON_TRANSPORTING_ATP_SYNTHASE_ACTIVITY_ROTATIONAL_MECHANISM,GOMF_PROTON_TRANSPORTING_ATP_SYNTHASE_ACTIVITY_ROTATIONAL_MECHANISM]
[GOMF_CARBON_OXYGEN_LYASE_ACTIVITY,GOMF_CARBON_OXYGEN_LYASE_ACTIVITY] was killed by [GOMF_METAL_CLUSTER_BINDING,GOMF_METAL_CLUSTER_BINDING]
[GOMF_CORECEPTOR_ACTIVITY,GOMF_CORECEPTOR_ACTIVITY] was killed by [GOMF_PEPTIDE_RECEPTOR_ACTIVITY,GOMF_PEPTIDE_RECEPTOR_ACTIVITY]
[GOMF_C_C_CHEMOKINE_BINDING,GOMF_C_C_CHEMOKINE_BINDING] was killed by [GOMF_PEPTIDE_RECEPTOR_ACTIVITY,GOMF_PEPTIDE_RECEPTOR_ACTIVITY]
[GOMF_CHEMOREPELLENT_ACTIVITY,GOMF_CHEMOREPELLENT_ACTIVITY] was killed by [GOMF_SEMAPHORIN_RECEPTOR_BINDING,GOMF_SEMAPHORIN_RECEPTOR_BINDING]
[GOMF_DYNEIN_COMPLEX_BINDING,GOMF_DYNEIN_COMPLEX_BINDING] was killed by [GOMF_ALPHA_TUBULIN_BINDING,GOMF_ALPHA_TUBULIN_BINDING]
[GOMF_HYALURONIC_ACID_BINDING,GOMF_HYALURONIC_ACID_BINDING] was killed by [GOMF_EXTRACELLULAR_MATRIX_STRUCTURAL_CONSTITUENT,GOMF_EXTRACELLULAR_MATRIX_STRUCTURAL_CONSTITUENT]
[GOMF_TRNA_GUANINE_METHYLTRANSFERASE_ACTIVITY,GOMF_TRNA_GUANINE_METHYLTRANSFERASE_ACTIVITY] was killed by [GOMF_CATALYTIC_ACTIVITY_ACTING_ON_A_TRNA,GOMF_CATALYTIC_ACTIVITY_ACTING_ON_A_TRNA]
[GOMF_RECEPTOR_ANTAGONIST_ACTIVITY,GOMF_RECEPTOR_ANTAGONIST_ACTIVITY] was killed by [GOMF_ENDOPEPTIDASE_REGULATOR_ACTIVITY,GOMF_ENDOPEPTIDASE_REGULATOR_ACTIVITY]
[GOMF_GROWTH_FACTOR_RECEPTOR_BINDING,GOMF_GROWTH_FACTOR_RECEPTOR_BINDING] was killed by [GOMF_PROTEIN_TYROSINE_KINASE_ACTIVITY,GOMF_PROTEIN_TYROSINE_KINASE_ACTIVITY]
[GOMF_TRANSMEMBRANE_RECEPTOR_PROTEIN_TYROSINE_KINASE_ACTIVITY,GOMF_TRANSMEMBRANE_RECEPTOR_PROTEIN_TYROSINE_KINASE_ACTIVITY] was killed by [GOMF_PROTEIN_TYROSINE_KINASE_ACTIVITY,GOMF_PROTEIN_TYROSINE_KINASE_ACTIVITY]
[GOMF_DNA_CLAMP_LOADER_ACTIVITY,GOMF_DNA_CLAMP_LOADER_ACTIVITY] was killed by [GOMF_HELICASE_ACTIVITY,GOMF_HELICASE_ACTIVITY]
[GOMF_PROTEASOME_BINDING,GOMF_PROTEASOME_BINDING] was killed by [GOMF_MODIFICATION_DEPENDENT_PROTEIN_BINDING,GOMF_MODIFICATION_DEPENDENT_PROTEIN_BINDING]
[GOMF_NF_KAPPAB_BINDING,GOMF_NF_KAPPAB_BINDING] was killed by [GOMF_PROTEIN_N_TERMINUS_BINDING,GOMF_PROTEIN_N_TERMINUS_BINDING]
[GOMF_3_5_DNA_HELICASE_ACTIVITY,GOMF_3_5_DNA_HELICASE_ACTIVITY] was killed by [GOMF_HELICASE_ACTIVITY,GOMF_HELICASE_ACTIVITY]
[GOMF_RNA_POLYMERASE_II_GENERAL_TRANSCRIPTION_INITIATION_FACTOR_ACTIVITY,GOMF_RNA_POLYMERASE_II_GENERAL_TRANSCRIPTION_INITIATION_FACTOR_ACTIVITY] was killed by [GOMF_PROTEIN_N_TERMINUS_BINDING,GOMF_PROTEIN_N_TERMINUS_BINDING]
[GOMF_POSTSYNAPTIC_NEUROTRANSMITTER_RECEPTOR_ACTIVITY,GOMF_POSTSYNAPTIC_NEUROTRANSMITTER_RECEPTOR_ACTIVITY] was killed by [GOMF_CHLORIDE_TRANSMEMBRANE_TRANSPORTER_ACTIVITY,GOMF_CHLORIDE_TRANSMEMBRANE_TRANSPORTER_ACTIVITY]
[GOMF_PHOSPHATASE_BINDING,GOMF_PHOSPHATASE_BINDING] was killed by [GOMF_PROTEIN_TYROSINE_KINASE_ACTIVITY,GOMF_PROTEIN_TYROSINE_KINASE_ACTIVITY]
[GOMF_TRANSCRIPTION_COREPRESSOR_BINDING,GOMF_TRANSCRIPTION_COREPRESSOR_BINDING] was killed by [GOMF_MODIFICATION_DEPENDENT_PROTEIN_BINDING,GOMF_MODIFICATION_DEPENDENT_PROTEIN_BINDING]
[GOMF_DNA_SECONDARY_STRUCTURE_BINDING,GOMF_DNA_SECONDARY_STRUCTURE_BINDING] was killed by [GOMF_HELICASE_ACTIVITY,GOMF_HELICASE_ACTIVITY]
[GOMF_NUCLEOCYTOPLASMIC_CARRIER_ACTIVITY,GOMF_NUCLEOCYTOPLASMIC_CARRIER_ACTIVITY] was killed by [GOMF_MOLECULAR_CARRIER_ACTIVITY,GOMF_MOLECULAR_CARRIER_ACTIVITY]
[GOMF_ORGANIC_HYDROXY_COMPOUND_TRANSMEMBRANE_TRANSPORTER_ACTIVITY,GOMF_ORGANIC_HYDROXY_COMPOUND_TRANSMEMBRANE_TRANSPORTER_ACTIVITY] was killed by [GOMF_CHLORIDE_TRANSMEMBRANE_TRANSPORTER_ACTIVITY,GOMF_CHLORIDE_TRANSMEMBRANE_TRANSPORTER_ACTIVITY]
[GOMF_RETINOIC_ACID_RECEPTOR_BINDING,GOMF_RETINOIC_ACID_RECEPTOR_BINDING] was killed by [GOMF_N_METHYLTRANSFERASE_ACTIVITY,GOMF_N_METHYLTRANSFERASE_ACTIVITY]
[GOMF_OXIDIZED_DNA_BINDING,GOMF_OXIDIZED_DNA_BINDING] was killed by [GOMF_HELICASE_ACTIVITY,GOMF_HELICASE_ACTIVITY]
[GOMF_PROTEIN_BINDING_INVOLVED_IN_HETEROTYPIC_CELL_CELL_ADHESION,GOMF_PROTEIN_BINDING_INVOLVED_IN_HETEROTYPIC_CELL_CELL_ADHESION] was killed by [GOMF_CELL_ADHESION_MEDIATOR_ACTIVITY,GOMF_CELL_ADHESION_MEDIATOR_ACTIVITY]
[GOMF_MECHANOSENSITIVE_ION_CHANNEL_ACTIVITY,GOMF_MECHANOSENSITIVE_ION_CHANNEL_ACTIVITY] was killed by [GOMF_VOLTAGE_GATED_CATION_CHANNEL_ACTIVITY,GOMF_VOLTAGE_GATED_CATION_CHANNEL_ACTIVITY]
[GOMF_VOLTAGE_GATED_SODIUM_CHANNEL_ACTIVITY,GOMF_VOLTAGE_GATED_SODIUM_CHANNEL_ACTIVITY] was killed by [GOMF_VOLTAGE_GATED_CATION_CHANNEL_ACTIVITY,GOMF_VOLTAGE_GATED_CATION_CHANNEL_ACTIVITY]
[GOMF_INTRAMOLECULAR_TRANSFERASE_ACTIVITY,GOMF_INTRAMOLECULAR_TRANSFERASE_ACTIVITY] was killed by [GOMF_CATALYTIC_ACTIVITY_ACTING_ON_A_TRNA,GOMF_CATALYTIC_ACTIVITY_ACTING_ON_A_TRNA]
[GOMF_ACETYLCHOLINE_RECEPTOR_ACTIVITY,GOMF_ACETYLCHOLINE_RECEPTOR_ACTIVITY] was killed by [GOMF_LIPASE_ACTIVITY,GOMF_LIPASE_ACTIVITY]
[GOMF_PHOSPHATIDYLINOSITOL_BISPHOSPHATE_BINDING,GOMF_PHOSPHATIDYLINOSITOL_BISPHOSPHATE_BINDING] was killed by [GOMF_VOLTAGE_GATED_CATION_CHANNEL_ACTIVITY,GOMF_VOLTAGE_GATED_CATION_CHANNEL_ACTIVITY]
[GOMF_G_PROTEIN_COUPLED_CHEMOATTRACTANT_RECEPTOR_ACTIVITY,GOMF_G_PROTEIN_COUPLED_CHEMOATTRACTANT_RECEPTOR_ACTIVITY] was killed by [GOMF_PEPTIDE_RECEPTOR_ACTIVITY,GOMF_PEPTIDE_RECEPTOR_ACTIVITY]
[GOMF_OUTWARD_RECTIFIER_POTASSIUM_CHANNEL_ACTIVITY,GOMF_OUTWARD_RECTIFIER_POTASSIUM_CHANNEL_ACTIVITY] was killed by [GOMF_VOLTAGE_GATED_CATION_CHANNEL_ACTIVITY,GOMF_VOLTAGE_GATED_CATION_CHANNEL_ACTIVITY]
[GOMF_AMIDE_TRANSMEMBRANE_TRANSPORTER_ACTIVITY,GOMF_AMIDE_TRANSMEMBRANE_TRANSPORTER_ACTIVITY] was killed by [GOMF_CARBOHYDRATE_TRANSMEMBRANE_TRANSPORTER_ACTIVITY,GOMF_CARBOHYDRATE_TRANSMEMBRANE_TRANSPORTER_ACTIVITY]
[GOMF_1_PHOSPHATIDYLINOSITOL_BINDING,GOMF_1_PHOSPHATIDYLINOSITOL_BINDING] was killed by [GOMF_PHOSPHATIDYLINOSITOL_PHOSPHATE_BINDING,GOMF_PHOSPHATIDYLINOSITOL_PHOSPHATE_BINDING]
[GOMF_COPPER_ION_BINDING,GOMF_COPPER_ION_BINDING] was killed by [GOMF_MOLECULAR_CARRIER_ACTIVITY,GOMF_MOLECULAR_CARRIER_ACTIVITY]
[GOMF_MIRNA_BINDING,GOMF_MIRNA_BINDING] was killed by [GOMF_MRNA_3_UTR_BINDING,GOMF_MRNA_3_UTR_BINDING]
[GOMF_CARBON_NITROGEN_LIGASE_ACTIVITY_WITH_GLUTAMINE_AS_AMIDO_N_DONOR,GOMF_CARBON_NITROGEN_LIGASE_ACTIVITY_WITH_GLUTAMINE_AS_AMIDO_N_DONOR] was killed by [GOMF_CATALYTIC_ACTIVITY_ACTING_ON_A_TRNA,GOMF_CATALYTIC_ACTIVITY_ACTING_ON_A_TRNA]
[GOMF_INSULIN_LIKE_GROWTH_FACTOR_BINDING,GOMF_INSULIN_LIKE_GROWTH_FACTOR_BINDING] was killed by [GOMF_PROTEIN_TYROSINE_KINASE_ACTIVITY,GOMF_PROTEIN_TYROSINE_KINASE_ACTIVITY]
[GOMF_HISTONE_METHYLTRANSFERASE_ACTIVITY_H3_K4_SPECIFIC,GOMF_HISTONE_METHYLTRANSFERASE_ACTIVITY_H3_K4_SPECIFIC] was killed by [GOMF_MODIFICATION_DEPENDENT_PROTEIN_BINDING,GOMF_MODIFICATION_DEPENDENT_PROTEIN_BINDING]
[GOMF_FOUR_WAY_JUNCTION_DNA_BINDING,GOMF_FOUR_WAY_JUNCTION_DNA_BINDING] was killed by [GOMF_HELICASE_ACTIVITY,GOMF_HELICASE_ACTIVITY]
[GOMF_CHEMOKINE_BINDING,GOMF_CHEMOKINE_BINDING] was killed by [GOMF_PEPTIDE_RECEPTOR_ACTIVITY,GOMF_PEPTIDE_RECEPTOR_ACTIVITY]
[GOMF_NUCLEAR_RECEPTOR_BINDING,GOMF_NUCLEAR_RECEPTOR_BINDING] was killed by [GOMF_PROTEIN_N_TERMINUS_BINDING,GOMF_PROTEIN_N_TERMINUS_BINDING]
[GOMF_U3_SNORNA_BINDING,GOMF_U3_SNORNA_BINDING] was killed by [GOMF_HELICASE_ACTIVITY,GOMF_HELICASE_ACTIVITY]
[GOMF_RRNA_ADENINE_METHYLTRANSFERASE_ACTIVITY,GOMF_RRNA_ADENINE_METHYLTRANSFERASE_ACTIVITY] was killed by [GOMF_N_METHYLTRANSFERASE_ACTIVITY,GOMF_N_METHYLTRANSFERASE_ACTIVITY]
[GOMF_AMINOACYL_TRNA_EDITING_ACTIVITY,GOMF_AMINOACYL_TRNA_EDITING_ACTIVITY] was killed by [GOMF_CATALYTIC_ACTIVITY_ACTING_ON_A_TRNA,GOMF_CATALYTIC_ACTIVITY_ACTING_ON_A_TRNA]
[GOMF_NUCLEOSOMAL_DNA_BINDING,GOMF_NUCLEOSOMAL_DNA_BINDING] was killed by [GOMF_PROTEIN_N_TERMINUS_BINDING,GOMF_PROTEIN_N_TERMINUS_BINDING]
[GOMF_OXIDOREDUCTASE_ACTIVITY_ACTING_ON_THE_CH_CH_GROUP_OF_DONORS,GOMF_OXIDOREDUCTASE_ACTIVITY_ACTING_ON_THE_CH_CH_GROUP_OF_DONORS] was killed by [GOMF_CATALYTIC_ACTIVITY_ACTING_ON_A_TRNA,GOMF_CATALYTIC_ACTIVITY_ACTING_ON_A_TRNA]
[GOMF_TBP_CLASS_PROTEIN_BINDING,GOMF_TBP_CLASS_PROTEIN_BINDING] was killed by [GOMF_MODIFICATION_DEPENDENT_PROTEIN_BINDING,GOMF_MODIFICATION_DEPENDENT_PROTEIN_BINDING]
[GOMF_ACYLGLYCEROL_O_ACYLTRANSFERASE_ACTIVITY,GOMF_ACYLGLYCEROL_O_ACYLTRANSFERASE_ACTIVITY] was killed by [GOMF_LIPASE_ACTIVITY,GOMF_LIPASE_ACTIVITY]
[GOMF_TRANSMEMBRANE_RECEPTOR_PROTEIN_SERINE_THREONINE_KINASE_ACTIVITY,GOMF_TRANSMEMBRANE_RECEPTOR_PROTEIN_SERINE_THREONINE_KINASE_ACTIVITY] was killed by [GOMF_ACTIVIN_BINDING,GOMF_ACTIVIN_BINDING]
[GOMF_TFIID_CLASS_TRANSCRIPTION_FACTOR_COMPLEX_BINDING,GOMF_TFIID_CLASS_TRANSCRIPTION_FACTOR_COMPLEX_BINDING] was killed by [GOMF_HELICASE_ACTIVITY,GOMF_HELICASE_ACTIVITY]
[GOMF_VOLTAGE_GATED_POTASSIUM_CHANNEL_ACTIVITY_INVOLVED_IN_CARDIAC_MUSCLE_CELL_ACTION_POTENTIAL_REPOLARIZATION,GOMF_VOLTAGE_GATED_POTASSIUM_CHANNEL_ACTIVITY_INVOLVED_IN_CARDIAC_MUSCLE_CELL_ACTION_POTENTIAL_REPOLARIZATION] was killed by [GOMF_VOLTAGE_GATED_CATION_CHANNEL_ACTIVITY,GOMF_VOLTAGE_GATED_CATION_CHANNEL_ACTIVITY]
[GOMF_HORMONE_BINDING,GOMF_HORMONE_BINDING] was killed by [GOMF_PEPTIDE_RECEPTOR_ACTIVITY,GOMF_PEPTIDE_RECEPTOR_ACTIVITY]
[GOMF_PROTEIN_SERINE_THREONINE_TYROSINE_KINASE_ACTIVITY,GOMF_PROTEIN_SERINE_THREONINE_TYROSINE_KINASE_ACTIVITY] was killed by [GOMF_PROTEIN_TYROSINE_KINASE_ACTIVITY,GOMF_PROTEIN_TYROSINE_KINASE_ACTIVITY]
[GOMF_COMPLEMENT_BINDING,GOMF_COMPLEMENT_BINDING] was killed by [GOMF_CARGO_RECEPTOR_ACTIVITY,GOMF_CARGO_RECEPTOR_ACTIVITY]
[GOMF_SUGAR_TRANSMEMBRANE_TRANSPORTER_ACTIVITY,GOMF_SUGAR_TRANSMEMBRANE_TRANSPORTER_ACTIVITY] was killed by [GOMF_CARBOHYDRATE_TRANSMEMBRANE_TRANSPORTER_ACTIVITY,GOMF_CARBOHYDRATE_TRANSMEMBRANE_TRANSPORTER_ACTIVITY]
[GOMF_METALLOENDOPEPTIDASE_ACTIVITY,GOMF_METALLOENDOPEPTIDASE_ACTIVITY] was killed by [GOMF_SH3_DOMAIN_BINDING,GOMF_SH3_DOMAIN_BINDING]
[GOMF_HEXOSE_TRANSMEMBRANE_TRANSPORTER_ACTIVITY,GOMF_HEXOSE_TRANSMEMBRANE_TRANSPORTER_ACTIVITY] was killed by [GOMF_CARBOHYDRATE_TRANSMEMBRANE_TRANSPORTER_ACTIVITY,GOMF_CARBOHYDRATE_TRANSMEMBRANE_TRANSPORTER_ACTIVITY]
[GOMF_TRANSCRIPTION_COACTIVATOR_BINDING,GOMF_TRANSCRIPTION_COACTIVATOR_BINDING] was killed by [GOMF_PROTEIN_N_TERMINUS_BINDING,GOMF_PROTEIN_N_TERMINUS_BINDING]
[GOMF_SODIUM_CHANNEL_ACTIVITY,GOMF_SODIUM_CHANNEL_ACTIVITY] was killed by [GOMF_VOLTAGE_GATED_CATION_CHANNEL_ACTIVITY,GOMF_VOLTAGE_GATED_CATION_CHANNEL_ACTIVITY]
[GOMF_RNA_POLYMERASE_II_TRANSCRIPTION_COREPRESSOR_BINDING,GOMF_RNA_POLYMERASE_II_TRANSCRIPTION_COREPRESSOR_BINDING] was killed by [GOMF_MODIFICATION_DEPENDENT_PROTEIN_BINDING,GOMF_MODIFICATION_DEPENDENT_PROTEIN_BINDING]
[GOMF_UBIQUITIN_PROTEIN_TRANSFERASE_REGULATOR_ACTIVITY,GOMF_UBIQUITIN_PROTEIN_TRANSFERASE_REGULATOR_ACTIVITY] was killed by [GOMF_STRUCTURAL_CONSTITUENT_OF_RIBOSOME,GOMF_STRUCTURAL_CONSTITUENT_OF_RIBOSOME]
[GOMF_EXTRACELLULAR_MATRIX_STRUCTURAL_CONSTITUENT_CONFERRING_COMPRESSION_RESISTANCE,GOMF_EXTRACELLULAR_MATRIX_STRUCTURAL_CONSTITUENT_CONFERRING_COMPRESSION_RESISTANCE] was killed by [GOMF_EXTRACELLULAR_MATRIX_STRUCTURAL_CONSTITUENT,GOMF_EXTRACELLULAR_MATRIX_STRUCTURAL_CONSTITUENT]
[GOMF_TRANSCRIPTION_COREPRESSOR_ACTIVITY,GOMF_TRANSCRIPTION_COREPRESSOR_ACTIVITY] was killed by [GOMF_MODIFICATION_DEPENDENT_PROTEIN_BINDING,GOMF_MODIFICATION_DEPENDENT_PROTEIN_BINDING]
[GOMF_INORGANIC_ANION_TRANSMEMBRANE_TRANSPORTER_ACTIVITY,GOMF_INORGANIC_ANION_TRANSMEMBRANE_TRANSPORTER_ACTIVITY] was killed by [GOMF_CHLORIDE_TRANSMEMBRANE_TRANSPORTER_ACTIVITY,GOMF_CHLORIDE_TRANSMEMBRANE_TRANSPORTER_ACTIVITY]
[GOMF_GLUTAMATE_RECEPTOR_ACTIVITY,GOMF_GLUTAMATE_RECEPTOR_ACTIVITY] was killed by [GOMF_VOLTAGE_GATED_CATION_CHANNEL_ACTIVITY,GOMF_VOLTAGE_GATED_CATION_CHANNEL_ACTIVITY]
[GOMF_HSP90_PROTEIN_BINDING,GOMF_HSP90_PROTEIN_BINDING] was killed by [GOMF_UNFOLDED_PROTEIN_BINDING,GOMF_UNFOLDED_PROTEIN_BINDING]
[GOMF_ADP_BINDING,GOMF_ADP_BINDING] was killed by [GOMF_PROTON_TRANSPORTING_ATP_SYNTHASE_ACTIVITY_ROTATIONAL_MECHANISM,GOMF_PROTON_TRANSPORTING_ATP_SYNTHASE_ACTIVITY_ROTATIONAL_MECHANISM]
[GOMF_EXTRACELLULAR_MATRIX_STRUCTURAL_CONSTITUENT_CONFERRING_TENSILE_STRENGTH,GOMF_EXTRACELLULAR_MATRIX_STRUCTURAL_CONSTITUENT_CONFERRING_TENSILE_STRENGTH] was killed by [GOMF_EXTRACELLULAR_MATRIX_STRUCTURAL_CONSTITUENT,GOMF_EXTRACELLULAR_MATRIX_STRUCTURAL_CONSTITUENT]
[GOMF_BUBBLE_DNA_BINDING,GOMF_BUBBLE_DNA_BINDING] was killed by [GOMF_HELICASE_ACTIVITY,GOMF_HELICASE_ACTIVITY]
[GOMF_PHOSPHOPROTEIN_PHOSPHATASE_ACTIVITY,GOMF_PHOSPHOPROTEIN_PHOSPHATASE_ACTIVITY] was killed by [GOMF_PHOSPHATASE_REGULATOR_ACTIVITY,GOMF_PHOSPHATASE_REGULATOR_ACTIVITY]
[GOMF_LIGAND_GATED_CALCIUM_CHANNEL_ACTIVITY,GOMF_LIGAND_GATED_CALCIUM_CHANNEL_ACTIVITY] was killed by [GOMF_VOLTAGE_GATED_CATION_CHANNEL_ACTIVITY,GOMF_VOLTAGE_GATED_CATION_CHANNEL_ACTIVITY]
[GOMF_DEACETYLASE_ACTIVITY,GOMF_DEACETYLASE_ACTIVITY] was killed by [GOMF_LIPASE_ACTIVITY,GOMF_LIPASE_ACTIVITY]
[GOMF_CXCR_CHEMOKINE_RECEPTOR_BINDING,GOMF_CXCR_CHEMOKINE_RECEPTOR_BINDING] was killed by [GOMF_CHEMOKINE_RECEPTOR_BINDING,GOMF_CHEMOKINE_RECEPTOR_BINDING]
[GOMF_OMEGA_PEPTIDASE_ACTIVITY,GOMF_OMEGA_PEPTIDASE_ACTIVITY] was killed by [GOMF_MODIFICATION_DEPENDENT_PROTEIN_BINDING,GOMF_MODIFICATION_DEPENDENT_PROTEIN_BINDING]
[GOMF_PRE_MRNA_BINDING,GOMF_PRE_MRNA_BINDING] was killed by [GOMF_MRNA_3_UTR_BINDING,GOMF_MRNA_3_UTR_BINDING]
[GOMF_MAP_KINASE_SCAFFOLD_ACTIVITY,GOMF_MAP_KINASE_SCAFFOLD_ACTIVITY] was killed by [GOMF_PROTEIN_TYROSINE_KINASE_ACTIVITY,GOMF_PROTEIN_TYROSINE_KINASE_ACTIVITY]
[GOMF_PROTEIN_SERINE_THREONINE_KINASE_ACTIVATOR_ACTIVITY,GOMF_PROTEIN_SERINE_THREONINE_KINASE_ACTIVATOR_ACTIVITY] was killed by [GOMF_PROTEIN_N_TERMINUS_BINDING,GOMF_PROTEIN_N_TERMINUS_BINDING]
[GOMF_TRANSFERASE_ACTIVITY_TRANSFERRING_ALKYL_OR_ARYL_OTHER_THAN_METHYL_GROUPS,GOMF_TRANSFERASE_ACTIVITY_TRANSFERRING_ALKYL_OR_ARYL_OTHER_THAN_METHYL_GROUPS] was killed by [GOMF_CATALYTIC_ACTIVITY_ACTING_ON_A_TRNA,GOMF_CATALYTIC_ACTIVITY_ACTING_ON_A_TRNA]
[GOMF_CCR6_CHEMOKINE_RECEPTOR_BINDING,GOMF_CCR6_CHEMOKINE_RECEPTOR_BINDING] was killed by [GOMF_CHEMOKINE_RECEPTOR_BINDING,GOMF_CHEMOKINE_RECEPTOR_BINDING]
[GOMF_CALCIUM_DEPENDENT_PROTEIN_BINDING,GOMF_CALCIUM_DEPENDENT_PROTEIN_BINDING] was killed by [GOMF_PROTEIN_N_TERMINUS_BINDING,GOMF_PROTEIN_N_TERMINUS_BINDING]
[GOMF_G_PROTEIN_COUPLED_ACETYLCHOLINE_RECEPTOR_ACTIVITY,GOMF_G_PROTEIN_COUPLED_ACETYLCHOLINE_RECEPTOR_ACTIVITY] was killed by [GOMF_LIPASE_ACTIVITY,GOMF_LIPASE_ACTIVITY]
[GOMF_RNA_POLYMERASE_II_TRANSCRIPTION_COREGULATOR_BINDING,GOMF_RNA_POLYMERASE_II_TRANSCRIPTION_COREGULATOR_BINDING] was killed by [GOMF_MODIFICATION_DEPENDENT_PROTEIN_BINDING,GOMF_MODIFICATION_DEPENDENT_PROTEIN_BINDING]
[GOMF_ISOPEPTIDASE_ACTIVITY,GOMF_ISOPEPTIDASE_ACTIVITY] was killed by [GOMF_TRANSLATION_FACTOR_ACTIVITY_RNA_BINDING,GOMF_TRANSLATION_FACTOR_ACTIVITY_RNA_BINDING]
[GOMF_HISTONE_METHYLTRANSFERASE_BINDING,GOMF_HISTONE_METHYLTRANSFERASE_BINDING] was killed by [GOMF_SNORNA_BINDING,GOMF_SNORNA_BINDING]
[GOMF_G_PROTEIN_COUPLED_AMINE_RECEPTOR_ACTIVITY,GOMF_G_PROTEIN_COUPLED_AMINE_RECEPTOR_ACTIVITY] was killed by [GOMF_LIPASE_ACTIVITY,GOMF_LIPASE_ACTIVITY]
[GOMF_DELAYED_RECTIFIER_POTASSIUM_CHANNEL_ACTIVITY,GOMF_DELAYED_RECTIFIER_POTASSIUM_CHANNEL_ACTIVITY] was killed by [GOMF_VOLTAGE_GATED_CATION_CHANNEL_ACTIVITY,GOMF_VOLTAGE_GATED_CATION_CHANNEL_ACTIVITY]
[GOMF_VOLTAGE_GATED_POTASSIUM_CHANNEL_ACTIVITY_INVOLVED_IN_VENTRICULAR_CARDIAC_MUSCLE_CELL_ACTION_POTENTIAL_REPOLARIZATION,GOMF_VOLTAGE_GATED_POTASSIUM_CHANNEL_ACTIVITY_INVOLVED_IN_VENTRICULAR_CARDIAC_MUSCLE_CELL_ACTION_POTENTIAL_REPOLARIZATION] was killed by [GOMF_VOLTAGE_GATED_CATION_CHANNEL_ACTIVITY,GOMF_VOLTAGE_GATED_CATION_CHANNEL_ACTIVITY]
[GOMF_TAU_PROTEIN_KINASE_ACTIVITY,GOMF_TAU_PROTEIN_KINASE_ACTIVITY] was killed by [GOMF_PROTEIN_TYROSINE_KINASE_ACTIVITY,GOMF_PROTEIN_TYROSINE_KINASE_ACTIVITY]
[GOMF_EXTRACELLULAR_LIGAND_GATED_ION_CHANNEL_ACTIVITY,GOMF_EXTRACELLULAR_LIGAND_GATED_ION_CHANNEL_ACTIVITY] was killed by [GOMF_VOLTAGE_GATED_CATION_CHANNEL_ACTIVITY,GOMF_VOLTAGE_GATED_CATION_CHANNEL_ACTIVITY]
[GOMF_EXORIBONUCLEASE_ACTIVITY,GOMF_EXORIBONUCLEASE_ACTIVITY] was killed by [GOMF_MRNA_3_UTR_BINDING,GOMF_MRNA_3_UTR_BINDING]
[GOMF_TRANSMITTER_GATED_CHANNEL_ACTIVITY,GOMF_TRANSMITTER_GATED_CHANNEL_ACTIVITY] was killed by [GOMF_VOLTAGE_GATED_CATION_CHANNEL_ACTIVITY,GOMF_VOLTAGE_GATED_CATION_CHANNEL_ACTIVITY]
[GOMF_PROTEASE_BINDING,GOMF_PROTEASE_BINDING] was killed by [GOMF_EXTRACELLULAR_MATRIX_STRUCTURAL_CONSTITUENT,GOMF_EXTRACELLULAR_MATRIX_STRUCTURAL_CONSTITUENT]
[GOMF_PEPTIDE_HORMONE_BINDING,GOMF_PEPTIDE_HORMONE_BINDING] was killed by [GOMF_PEPTIDE_RECEPTOR_ACTIVITY,GOMF_PEPTIDE_RECEPTOR_ACTIVITY]
[GOMF_ACIDIC_AMINO_ACID_TRANSMEMBRANE_TRANSPORTER_ACTIVITY,GOMF_ACIDIC_AMINO_ACID_TRANSMEMBRANE_TRANSPORTER_ACTIVITY] was killed by [GOMF_CHLORIDE_TRANSMEMBRANE_TRANSPORTER_ACTIVITY,GOMF_CHLORIDE_TRANSMEMBRANE_TRANSPORTER_ACTIVITY]
[GOMF_STEROID_HORMONE_RECEPTOR_BINDING,GOMF_STEROID_HORMONE_RECEPTOR_BINDING] was killed by [GOMF_PROTEIN_N_TERMINUS_BINDING,GOMF_PROTEIN_N_TERMINUS_BINDING]
[GOMF_APOLIPOPROTEIN_BINDING,GOMF_APOLIPOPROTEIN_BINDING] was killed by [GOMF_LIPASE_ACTIVITY,GOMF_LIPASE_ACTIVITY]
[GOMF_CARBOXYLIC_ACID_BINDING,GOMF_CARBOXYLIC_ACID_BINDING] was killed by [GOMF_CHLORIDE_TRANSMEMBRANE_TRANSPORTER_ACTIVITY,GOMF_CHLORIDE_TRANSMEMBRANE_TRANSPORTER_ACTIVITY]
[GOMF_SH2_DOMAIN_BINDING,GOMF_SH2_DOMAIN_BINDING] was killed by [GOMF_PROTEIN_TYROSINE_KINASE_ACTIVITY,GOMF_PROTEIN_TYROSINE_KINASE_ACTIVITY]
[GOMF_PROTEIN_PHOSPHATASE_BINDING,GOMF_PROTEIN_PHOSPHATASE_BINDING] was killed by [GOMF_PROTEIN_TYROSINE_KINASE_ACTIVITY,GOMF_PROTEIN_TYROSINE_KINASE_ACTIVITY]
[GOMF_OXYGEN_CARRIER_ACTIVITY,GOMF_OXYGEN_CARRIER_ACTIVITY] was killed by [GOMF_MOLECULAR_CARRIER_ACTIVITY,GOMF_MOLECULAR_CARRIER_ACTIVITY]
[GOMF_CHAPERONE_BINDING,GOMF_CHAPERONE_BINDING] was killed by [GOMF_UNFOLDED_PROTEIN_BINDING,GOMF_UNFOLDED_PROTEIN_BINDING]
[GOMF_NUCLEAR_RECEPTOR_COACTIVATOR_ACTIVITY,GOMF_NUCLEAR_RECEPTOR_COACTIVATOR_ACTIVITY] was killed by [GOMF_PROTEIN_N_TERMINUS_BINDING,GOMF_PROTEIN_N_TERMINUS_BINDING]
[GOMF_METALLOPEPTIDASE_ACTIVITY,GOMF_METALLOPEPTIDASE_ACTIVITY] was killed by [GOMF_SH3_DOMAIN_BINDING,GOMF_SH3_DOMAIN_BINDING]
[GOMF_AMYLOID_BETA_BINDING,GOMF_AMYLOID_BETA_BINDING] was killed by [GOMF_VOLTAGE_GATED_CATION_CHANNEL_ACTIVITY,GOMF_VOLTAGE_GATED_CATION_CHANNEL_ACTIVITY]
[GOMF_SOLUTE_CATION_ANTIPORTER_ACTIVITY,GOMF_SOLUTE_CATION_ANTIPORTER_ACTIVITY] was killed by [GOMF_CHLORIDE_TRANSMEMBRANE_TRANSPORTER_ACTIVITY,GOMF_CHLORIDE_TRANSMEMBRANE_TRANSPORTER_ACTIVITY]
[GOMF_TRANSLATION_ELONGATION_FACTOR_ACTIVITY,GOMF_TRANSLATION_ELONGATION_FACTOR_ACTIVITY] was killed by [GOMF_TRANSLATION_FACTOR_ACTIVITY_RNA_BINDING,GOMF_TRANSLATION_FACTOR_ACTIVITY_RNA_BINDING]
[GOMF_EXCITATORY_EXTRACELLULAR_LIGAND_GATED_ION_CHANNEL_ACTIVITY,GOMF_EXCITATORY_EXTRACELLULAR_LIGAND_GATED_ION_CHANNEL_ACTIVITY] was killed by [GOMF_CHLORIDE_TRANSMEMBRANE_TRANSPORTER_ACTIVITY,GOMF_CHLORIDE_TRANSMEMBRANE_TRANSPORTER_ACTIVITY]
[GOMF_INTRAMEMBRANE_LIPID_TRANSPORTER_ACTIVITY,GOMF_INTRAMEMBRANE_LIPID_TRANSPORTER_ACTIVITY] was killed by [GOMF_CARGO_RECEPTOR_ACTIVITY,GOMF_CARGO_RECEPTOR_ACTIVITY]
[GOMF_PHOSPHOPROTEIN_BINDING,GOMF_PHOSPHOPROTEIN_BINDING] was killed by [GOMF_MODIFICATION_DEPENDENT_PROTEIN_BINDING,GOMF_MODIFICATION_DEPENDENT_PROTEIN_BINDING]
[GOMF_CYCLASE_ACTIVITY,GOMF_CYCLASE_ACTIVITY] was killed by [GOMF_PEPTIDE_RECEPTOR_ACTIVITY,GOMF_PEPTIDE_RECEPTOR_ACTIVITY]
[GOMF_PROTEIN_TYROSINE_KINASE_ACTIVATOR_ACTIVITY,GOMF_PROTEIN_TYROSINE_KINASE_ACTIVATOR_ACTIVITY] was killed by [GOMF_SH3_DOMAIN_BINDING,GOMF_SH3_DOMAIN_BINDING]
[GOMF_HISTONE_METHYLTRANSFERASE_ACTIVITY_H3_K9_SPECIFIC,GOMF_HISTONE_METHYLTRANSFERASE_ACTIVITY_H3_K9_SPECIFIC] was killed by [GOMF_N_METHYLTRANSFERASE_ACTIVITY,GOMF_N_METHYLTRANSFERASE_ACTIVITY]
[GOMF_HISTONE_DEMETHYLASE_ACTIVITY_H3_K36_SPECIFIC,GOMF_HISTONE_DEMETHYLASE_ACTIVITY_H3_K36_SPECIFIC] was killed by [GOMF_MODIFICATION_DEPENDENT_PROTEIN_BINDING,GOMF_MODIFICATION_DEPENDENT_PROTEIN_BINDING]
[GOMF_CHONDROITIN_SULFATE_BINDING,GOMF_CHONDROITIN_SULFATE_BINDING] was killed by [GOMF_EXTRACELLULAR_MATRIX_STRUCTURAL_CONSTITUENT,GOMF_EXTRACELLULAR_MATRIX_STRUCTURAL_CONSTITUENT]
[GOMF_FLAP_ENDONUCLEASE_ACTIVITY,GOMF_FLAP_ENDONUCLEASE_ACTIVITY] was killed by [GOMF_HELICASE_ACTIVITY,GOMF_HELICASE_ACTIVITY]
[GOMF_SUPEROXIDE_GENERATING_NADPH_OXIDASE_ACTIVATOR_ACTIVITY,GOMF_SUPEROXIDE_GENERATING_NADPH_OXIDASE_ACTIVATOR_ACTIVITY] was killed by [GOMF_PHOSPHATIDYLINOSITOL_PHOSPHATE_BINDING,GOMF_PHOSPHATIDYLINOSITOL_PHOSPHATE_BINDING]
[GOMF_G_PROTEIN_COUPLED_NEUROTRANSMITTER_RECEPTOR_ACTIVITY,GOMF_G_PROTEIN_COUPLED_NEUROTRANSMITTER_RECEPTOR_ACTIVITY] was killed by [GOMF_LIPASE_ACTIVITY,GOMF_LIPASE_ACTIVITY]
[GOMF_INTRACELLULAR_LIGAND_GATED_ION_CHANNEL_ACTIVITY,GOMF_INTRACELLULAR_LIGAND_GATED_ION_CHANNEL_ACTIVITY] was killed by [GOMF_VOLTAGE_GATED_CATION_CHANNEL_ACTIVITY,GOMF_VOLTAGE_GATED_CATION_CHANNEL_ACTIVITY]
[GOMF_PHOSPHOTYROSINE_RESIDUE_BINDING,GOMF_PHOSPHOTYROSINE_RESIDUE_BINDING] was killed by [GOMF_MODIFICATION_DEPENDENT_PROTEIN_BINDING,GOMF_MODIFICATION_DEPENDENT_PROTEIN_BINDING]
[GOMF_HISTONE_KINASE_ACTIVITY,GOMF_HISTONE_KINASE_ACTIVITY] was killed by [GOMF_PROTEIN_TYROSINE_KINASE_ACTIVITY,GOMF_PROTEIN_TYROSINE_KINASE_ACTIVITY]
[GOMF_PEPTIDE_LYSINE_N_ACETYLTRANSFERASE_ACTIVITY,GOMF_PEPTIDE_LYSINE_N_ACETYLTRANSFERASE_ACTIVITY] was killed by [GOMF_MODIFICATION_DEPENDENT_PROTEIN_BINDING,GOMF_MODIFICATION_DEPENDENT_PROTEIN_BINDING]
[GOMF_PHOSPHATIDYLINOSITOL_4_5_BISPHOSPHATE_BINDING,GOMF_PHOSPHATIDYLINOSITOL_4_5_BISPHOSPHATE_BINDING] was killed by [GOMF_LIPASE_ACTIVITY,GOMF_LIPASE_ACTIVITY]
[GOMF_MRNA_5_UTR_BINDING,GOMF_MRNA_5_UTR_BINDING] was killed by [GOMF_STRUCTURAL_CONSTITUENT_OF_RIBOSOME,GOMF_STRUCTURAL_CONSTITUENT_OF_RIBOSOME]
[GOMF_SECONDARY_ACTIVE_SULFATE_TRANSMEMBRANE_TRANSPORTER_ACTIVITY,GOMF_SECONDARY_ACTIVE_SULFATE_TRANSMEMBRANE_TRANSPORTER_ACTIVITY] was killed by [GOMF_CHLORIDE_TRANSMEMBRANE_TRANSPORTER_ACTIVITY,GOMF_CHLORIDE_TRANSMEMBRANE_TRANSPORTER_ACTIVITY]
[GOMF_MUSCLE_ALPHA_ACTININ_BINDING,GOMF_MUSCLE_ALPHA_ACTININ_BINDING] was killed by [GOMF_CELL_ADHESION_MEDIATOR_ACTIVITY,GOMF_CELL_ADHESION_MEDIATOR_ACTIVITY]
[GOMF_FIBRONECTIN_BINDING,GOMF_FIBRONECTIN_BINDING] was killed by [GOMF_CARGO_RECEPTOR_ACTIVITY,GOMF_CARGO_RECEPTOR_ACTIVITY]
[GOMF_K63_LINKED_POLYUBIQUITIN_MODIFICATION_DEPENDENT_PROTEIN_BINDING,GOMF_K63_LINKED_POLYUBIQUITIN_MODIFICATION_DEPENDENT_PROTEIN_BINDING] was killed by [GOMF_MODIFICATION_DEPENDENT_PROTEIN_BINDING,GOMF_MODIFICATION_DEPENDENT_PROTEIN_BINDING]
[GOMF_SOLUTE_ANION_ANTIPORTER_ACTIVITY,GOMF_SOLUTE_ANION_ANTIPORTER_ACTIVITY] was killed by [GOMF_CHLORIDE_TRANSMEMBRANE_TRANSPORTER_ACTIVITY,GOMF_CHLORIDE_TRANSMEMBRANE_TRANSPORTER_ACTIVITY]
[GOMF_EXOGENOUS_PROTEIN_BINDING,GOMF_EXOGENOUS_PROTEIN_BINDING] was killed by [GOMF_PROTEIN_TYROSINE_KINASE_ACTIVITY,GOMF_PROTEIN_TYROSINE_KINASE_ACTIVITY]
[GOMF_5S_RRNA_BINDING,GOMF_5S_RRNA_BINDING] was killed by [GOMF_STRUCTURAL_CONSTITUENT_OF_RIBOSOME,GOMF_STRUCTURAL_CONSTITUENT_OF_RIBOSOME]
[GOMF_NUCLEOSOMAL_HISTONE_BINDING,GOMF_NUCLEOSOMAL_HISTONE_BINDING] was killed by [GOMF_MODIFICATION_DEPENDENT_PROTEIN_BINDING,GOMF_MODIFICATION_DEPENDENT_PROTEIN_BINDING]
[GOMF_NUCLEAR_IMPORT_SIGNAL_RECEPTOR_ACTIVITY,GOMF_NUCLEAR_IMPORT_SIGNAL_RECEPTOR_ACTIVITY] was killed by [GOMF_MOLECULAR_CARRIER_ACTIVITY,GOMF_MOLECULAR_CARRIER_ACTIVITY]
[GOMF_PEPTIDOGLYCAN_BINDING,GOMF_PEPTIDOGLYCAN_BINDING] was killed by [GOMF_ANTIGEN_BINDING,GOMF_ANTIGEN_BINDING]
[GOMF_PROTEIN_PHOSPHORYLATED_AMINO_ACID_BINDING,GOMF_PROTEIN_PHOSPHORYLATED_AMINO_ACID_BINDING] was killed by [GOMF_PROTEIN_TYROSINE_KINASE_ACTIVITY,GOMF_PROTEIN_TYROSINE_KINASE_ACTIVITY]
[GOMF_SNAP_RECEPTOR_ACTIVITY,GOMF_SNAP_RECEPTOR_ACTIVITY] was killed by [GOMF_PROTEIN_N_TERMINUS_BINDING,GOMF_PROTEIN_N_TERMINUS_BINDING]
[GOMF_WATER_TRANSMEMBRANE_TRANSPORTER_ACTIVITY,GOMF_WATER_TRANSMEMBRANE_TRANSPORTER_ACTIVITY] was killed by [GOMF_CARBOHYDRATE_TRANSMEMBRANE_TRANSPORTER_ACTIVITY,GOMF_CARBOHYDRATE_TRANSMEMBRANE_TRANSPORTER_ACTIVITY]
[GOMF_FLAVIN_ADENINE_DINUCLEOTIDE_BINDING,GOMF_FLAVIN_ADENINE_DINUCLEOTIDE_BINDING] was killed by [GOMF_CATALYTIC_ACTIVITY_ACTING_ON_A_TRNA,GOMF_CATALYTIC_ACTIVITY_ACTING_ON_A_TRNA]
[GOMF_HORMONE_RECEPTOR_BINDING,GOMF_HORMONE_RECEPTOR_BINDING] was killed by [GOMF_HORMONE_ACTIVITY,GOMF_HORMONE_ACTIVITY]
[GOMF_CORE_PROMOTER_SEQUENCE_SPECIFIC_DNA_BINDING,GOMF_CORE_PROMOTER_SEQUENCE_SPECIFIC_DNA_BINDING] was killed by [GOMF_MODIFICATION_DEPENDENT_PROTEIN_BINDING,GOMF_MODIFICATION_DEPENDENT_PROTEIN_BINDING]
[GOMF_ACETYLCHOLINE_RECEPTOR_INHIBITOR_ACTIVITY,GOMF_ACETYLCHOLINE_RECEPTOR_INHIBITOR_ACTIVITY] was killed by [GOMF_RECEPTOR_INHIBITOR_ACTIVITY,GOMF_RECEPTOR_INHIBITOR_ACTIVITY]
[GOMF_TELOMERASE_RNA_BINDING,GOMF_TELOMERASE_RNA_BINDING] was killed by [GOMF_MRNA_3_UTR_BINDING,GOMF_MRNA_3_UTR_BINDING]
[GOMF_IONOTROPIC_GLUTAMATE_RECEPTOR_ACTIVITY,GOMF_IONOTROPIC_GLUTAMATE_RECEPTOR_ACTIVITY] was killed by [GOMF_VOLTAGE_GATED_CATION_CHANNEL_ACTIVITY,GOMF_VOLTAGE_GATED_CATION_CHANNEL_ACTIVITY]
[GOMF_GABA_GATED_CHLORIDE_ION_CHANNEL_ACTIVITY,GOMF_GABA_GATED_CHLORIDE_ION_CHANNEL_ACTIVITY] was killed by [GOMF_CHLORIDE_TRANSMEMBRANE_TRANSPORTER_ACTIVITY,GOMF_CHLORIDE_TRANSMEMBRANE_TRANSPORTER_ACTIVITY]
[GOMF_PHOSPHOLIPASE_A2_ACTIVITY,GOMF_PHOSPHOLIPASE_A2_ACTIVITY] was killed by [GOMF_LIPASE_ACTIVITY,GOMF_LIPASE_ACTIVITY]
[GOMF_LAMININ_BINDING,GOMF_LAMININ_BINDING] was killed by [GOMF_EXTRACELLULAR_MATRIX_STRUCTURAL_CONSTITUENT,GOMF_EXTRACELLULAR_MATRIX_STRUCTURAL_CONSTITUENT]
[GOMF_PHOSPHATIDYLSERINE_BINDING,GOMF_PHOSPHATIDYLSERINE_BINDING] was killed by [GOMF_PHOSPHATIDYLINOSITOL_PHOSPHATE_BINDING,GOMF_PHOSPHATIDYLINOSITOL_PHOSPHATE_BINDING]
[GOMF_PHOSPHATASE_INHIBITOR_ACTIVITY,GOMF_PHOSPHATASE_INHIBITOR_ACTIVITY] was killed by [GOMF_PHOSPHATASE_REGULATOR_ACTIVITY,GOMF_PHOSPHATASE_REGULATOR_ACTIVITY]
[GOMF_SEROTONIN_RECEPTOR_ACTIVITY,GOMF_SEROTONIN_RECEPTOR_ACTIVITY] was killed by [GOMF_LIPASE_ACTIVITY,GOMF_LIPASE_ACTIVITY]
[GOMF_EPHRIN_RECEPTOR_ACTIVITY,GOMF_EPHRIN_RECEPTOR_ACTIVITY] was killed by [GOMF_PROTEIN_TYROSINE_KINASE_ACTIVITY,GOMF_PROTEIN_TYROSINE_KINASE_ACTIVITY]
[GOMF_CYSTEINE_TYPE_ENDOPEPTIDASE_INHIBITOR_ACTIVITY,GOMF_CYSTEINE_TYPE_ENDOPEPTIDASE_INHIBITOR_ACTIVITY] was killed by [GOMF_ENDOPEPTIDASE_REGULATOR_ACTIVITY,GOMF_ENDOPEPTIDASE_REGULATOR_ACTIVITY]
[GOMF_PHOSPHATIDYLINOSITOL_BISPHOSPHATE_PHOSPHATASE_ACTIVITY,GOMF_PHOSPHATIDYLINOSITOL_BISPHOSPHATE_PHOSPHATASE_ACTIVITY] was killed by [GOMF_PHOSPHATIDYLINOSITOL_PHOSPHATE_KINASE_ACTIVITY,GOMF_PHOSPHATIDYLINOSITOL_PHOSPHATE_KINASE_ACTIVITY]
[GOMF_FERROUS_IRON_BINDING,GOMF_FERROUS_IRON_BINDING] was killed by [GOMF_CATALYTIC_ACTIVITY_ACTING_ON_A_TRNA,GOMF_CATALYTIC_ACTIVITY_ACTING_ON_A_TRNA]
[GOMF_ENDORIBONUCLEASE_ACTIVITY,GOMF_ENDORIBONUCLEASE_ACTIVITY] was killed by [GOMF_CATALYTIC_ACTIVITY_ACTING_ON_A_TRNA,GOMF_CATALYTIC_ACTIVITY_ACTING_ON_A_TRNA]
[GOMF_PROFILIN_BINDING,GOMF_PROFILIN_BINDING] was killed by [GOMF_SH3_DOMAIN_BINDING,GOMF_SH3_DOMAIN_BINDING]
[GOMF_NAD_DEPENDENT_PROTEIN_DEACETYLASE_ACTIVITY,GOMF_NAD_DEPENDENT_PROTEIN_DEACETYLASE_ACTIVITY] was killed by [GOMF_ALPHA_TUBULIN_BINDING,GOMF_ALPHA_TUBULIN_BINDING]
[GOMF_MRNA_METHYLTRANSFERASE_ACTIVITY,GOMF_MRNA_METHYLTRANSFERASE_ACTIVITY] was killed by [GOMF_CATALYTIC_ACTIVITY_ACTING_ON_A_TRNA,GOMF_CATALYTIC_ACTIVITY_ACTING_ON_A_TRNA]
[GOMF_PHOSPHATIDYLINOSITOL_3_4_5_TRISPHOSPHATE_BINDING,GOMF_PHOSPHATIDYLINOSITOL_3_4_5_TRISPHOSPHATE_BINDING] was killed by [GOMF_PHOSPHATIDYLINOSITOL_PHOSPHATE_BINDING,GOMF_PHOSPHATIDYLINOSITOL_PHOSPHATE_BINDING]
[GOMF_DEOXYRIBONUCLEOTIDE_BINDING,GOMF_DEOXYRIBONUCLEOTIDE_BINDING] was killed by [GOMF_UNFOLDED_PROTEIN_BINDING,GOMF_UNFOLDED_PROTEIN_BINDING]
[GOMF_PEPTIDE_ANTIGEN_BINDING,GOMF_PEPTIDE_ANTIGEN_BINDING] was killed by [GOMF_ANTIGEN_BINDING,GOMF_ANTIGEN_BINDING]
[GOMF_MISMATCH_REPAIR_COMPLEX_BINDING,GOMF_MISMATCH_REPAIR_COMPLEX_BINDING] was killed by [GOMF_HELICASE_ACTIVITY,GOMF_HELICASE_ACTIVITY]
[GOMF_CHEMOATTRACTANT_ACTIVITY,GOMF_CHEMOATTRACTANT_ACTIVITY] was killed by [GOMF_CHEMOKINE_RECEPTOR_BINDING,GOMF_CHEMOKINE_RECEPTOR_BINDING]
[GOMF_LYSOPHOSPHATIDIC_ACID_ACYLTRANSFERASE_ACTIVITY,GOMF_LYSOPHOSPHATIDIC_ACID_ACYLTRANSFERASE_ACTIVITY] was killed by [GOMF_LIPASE_ACTIVITY,GOMF_LIPASE_ACTIVITY]
[GOMF_PDZ_DOMAIN_BINDING,GOMF_PDZ_DOMAIN_BINDING] was killed by [GOMF_PROTEIN_N_TERMINUS_BINDING,GOMF_PROTEIN_N_TERMINUS_BINDING]
[GOMF_CHROMATIN_DNA_BINDING,GOMF_CHROMATIN_DNA_BINDING] was killed by [GOMF_HELICASE_ACTIVITY,GOMF_HELICASE_ACTIVITY]
[GOMF_ABC_TYPE_TRANSPORTER_ACTIVITY,GOMF_ABC_TYPE_TRANSPORTER_ACTIVITY] was killed by [GOMF_ANTIGEN_BINDING,GOMF_ANTIGEN_BINDING]
[GOMF_P53_BINDING,GOMF_P53_BINDING] was killed by [GOMF_HELICASE_ACTIVITY,GOMF_HELICASE_ACTIVITY]
[GOMF_SOLUTE_PROTON_ANTIPORTER_ACTIVITY,GOMF_SOLUTE_PROTON_ANTIPORTER_ACTIVITY] was killed by [GOMF_CHLORIDE_TRANSMEMBRANE_TRANSPORTER_ACTIVITY,GOMF_CHLORIDE_TRANSMEMBRANE_TRANSPORTER_ACTIVITY]
[GOMF_MANGANESE_ION_BINDING,GOMF_MANGANESE_ION_BINDING] was killed by [GOMF_SNORNA_BINDING,GOMF_SNORNA_BINDING]
[GOMF_TRANSLATION_INITIATION_FACTOR_BINDING,GOMF_TRANSLATION_INITIATION_FACTOR_BINDING] was killed by [GOMF_TRANSLATION_FACTOR_ACTIVITY_RNA_BINDING,GOMF_TRANSLATION_FACTOR_ACTIVITY_RNA_BINDING]
[GOMF_NERVE_GROWTH_FACTOR_RECEPTOR_BINDING,GOMF_NERVE_GROWTH_FACTOR_RECEPTOR_BINDING] was killed by [GOMF_ENDOPEPTIDASE_REGULATOR_ACTIVITY,GOMF_ENDOPEPTIDASE_REGULATOR_ACTIVITY]
[GOMF_BOX_H_ACA_SNORNA_BINDING,GOMF_BOX_H_ACA_SNORNA_BINDING] was killed by [GOMF_SNORNA_BINDING,GOMF_SNORNA_BINDING]
[GOMF_RNA_POLYMERASE_I_TRANSCRIPTION_REGULATORY_REGION_SEQUENCE_SPECIFIC_DNA_BINDING,GOMF_RNA_POLYMERASE_I_TRANSCRIPTION_REGULATORY_REGION_SEQUENCE_SPECIFIC_DNA_BINDING] was killed by [GOMF_MODIFICATION_DEPENDENT_PROTEIN_BINDING,GOMF_MODIFICATION_DEPENDENT_PROTEIN_BINDING]
[GOMF_METALLOCHAPERONE_ACTIVITY,GOMF_METALLOCHAPERONE_ACTIVITY] was killed by [GOMF_METAL_CLUSTER_BINDING,GOMF_METAL_CLUSTER_BINDING]
[GOMF_GUANYLATE_CYCLASE_REGULATOR_ACTIVITY,GOMF_GUANYLATE_CYCLASE_REGULATOR_ACTIVITY] was killed by [GOMF_CYCLASE_REGULATOR_ACTIVITY,GOMF_CYCLASE_REGULATOR_ACTIVITY]
[GOMF_AXON_GUIDANCE_RECEPTOR_ACTIVITY,GOMF_AXON_GUIDANCE_RECEPTOR_ACTIVITY] was killed by [GOMF_PROTEIN_TYROSINE_KINASE_ACTIVITY,GOMF_PROTEIN_TYROSINE_KINASE_ACTIVITY]
[GOMF_POTASSIUM_CHANNEL_REGULATOR_ACTIVITY,GOMF_POTASSIUM_CHANNEL_REGULATOR_ACTIVITY] was killed by [GOMF_VOLTAGE_GATED_CATION_CHANNEL_ACTIVITY,GOMF_VOLTAGE_GATED_CATION_CHANNEL_ACTIVITY]
[GOMF_DNA_N_GLYCOSYLASE_ACTIVITY,GOMF_DNA_N_GLYCOSYLASE_ACTIVITY] was killed by [GOMF_METAL_CLUSTER_BINDING,GOMF_METAL_CLUSTER_BINDING]
[GOMF_CO_RECEPTOR_BINDING,GOMF_CO_RECEPTOR_BINDING] was killed by [GOMF_RECEPTOR_INHIBITOR_ACTIVITY,GOMF_RECEPTOR_INHIBITOR_ACTIVITY]
[GOMF_PROTEIN_ARGININE_N_METHYLTRANSFERASE_ACTIVITY,GOMF_PROTEIN_ARGININE_N_METHYLTRANSFERASE_ACTIVITY] was killed by [GOMF_N_METHYLTRANSFERASE_ACTIVITY,GOMF_N_METHYLTRANSFERASE_ACTIVITY]
[GOMF_PHOSPHATIDYLINOSITOL_KINASE_ACTIVITY,GOMF_PHOSPHATIDYLINOSITOL_KINASE_ACTIVITY] was killed by [GOMF_PHOSPHATIDYLINOSITOL_PHOSPHATE_KINASE_ACTIVITY,GOMF_PHOSPHATIDYLINOSITOL_PHOSPHATE_KINASE_ACTIVITY]
[GOMF_S_ADENOSYL_L_METHIONINE_BINDING,GOMF_S_ADENOSYL_L_METHIONINE_BINDING] was killed by [GOMF_N_METHYLTRANSFERASE_ACTIVITY,GOMF_N_METHYLTRANSFERASE_ACTIVITY]
[GOMF_HISTONE_DEACETYLASE_BINDING,GOMF_HISTONE_DEACETYLASE_BINDING] was killed by [GOMF_UNFOLDED_PROTEIN_BINDING,GOMF_UNFOLDED_PROTEIN_BINDING]
[GOMF_PROTEIN_HORMONE_RECEPTOR_ACTIVITY,GOMF_PROTEIN_HORMONE_RECEPTOR_ACTIVITY] was killed by [GOMF_PEPTIDE_RECEPTOR_ACTIVITY,GOMF_PEPTIDE_RECEPTOR_ACTIVITY]
[GOMF_LIGAND_GATED_ANION_CHANNEL_ACTIVITY,GOMF_LIGAND_GATED_ANION_CHANNEL_ACTIVITY] was killed by [GOMF_CHLORIDE_TRANSMEMBRANE_TRANSPORTER_ACTIVITY,GOMF_CHLORIDE_TRANSMEMBRANE_TRANSPORTER_ACTIVITY]
[GOMF_REGULATORY_RNA_BINDING,GOMF_REGULATORY_RNA_BINDING] was killed by [GOMF_HELICASE_ACTIVITY,GOMF_HELICASE_ACTIVITY]
[GOMF_PEPTIDE_HORMONE_RECEPTOR_BINDING,GOMF_PEPTIDE_HORMONE_RECEPTOR_BINDING] was killed by [GOMF_HORMONE_ACTIVITY,GOMF_HORMONE_ACTIVITY]
[GOMF_LYSINE_ACETYLATED_HISTONE_BINDING,GOMF_LYSINE_ACETYLATED_HISTONE_BINDING] was killed by [GOMF_MODIFICATION_DEPENDENT_PROTEIN_BINDING,GOMF_MODIFICATION_DEPENDENT_PROTEIN_BINDING]
[GOMF_HYDRO_LYASE_ACTIVITY,GOMF_HYDRO_LYASE_ACTIVITY] was killed by [GOMF_METAL_CLUSTER_BINDING,GOMF_METAL_CLUSTER_BINDING]
[GOMF_MONOSACCHARIDE_BINDING,GOMF_MONOSACCHARIDE_BINDING] was killed by [GOMF_CARBOHYDRATE_TRANSMEMBRANE_TRANSPORTER_ACTIVITY,GOMF_CARBOHYDRATE_TRANSMEMBRANE_TRANSPORTER_ACTIVITY]
[GOMF_O_METHYLTRANSFERASE_ACTIVITY,GOMF_O_METHYLTRANSFERASE_ACTIVITY] was killed by [GOMF_CATALYTIC_ACTIVITY_ACTING_ON_A_TRNA,GOMF_CATALYTIC_ACTIVITY_ACTING_ON_A_TRNA]
[GOMF_SIRNA_BINDING,GOMF_SIRNA_BINDING] was killed by [GOMF_HELICASE_ACTIVITY,GOMF_HELICASE_ACTIVITY]
[GOMF_SOLUTE_SODIUM_SYMPORTER_ACTIVITY,GOMF_SOLUTE_SODIUM_SYMPORTER_ACTIVITY] was killed by [GOMF_CHLORIDE_TRANSMEMBRANE_TRANSPORTER_ACTIVITY,GOMF_CHLORIDE_TRANSMEMBRANE_TRANSPORTER_ACTIVITY]
[GOMF_DEOXYRIBONUCLEASE_ACTIVITY,GOMF_DEOXYRIBONUCLEASE_ACTIVITY] was killed by [GOMF_HELICASE_ACTIVITY,GOMF_HELICASE_ACTIVITY]
[GOMF_TETRAPYRROLE_BINDING,GOMF_TETRAPYRROLE_BINDING] was killed by [GOMF_MOLECULAR_CARRIER_ACTIVITY,GOMF_MOLECULAR_CARRIER_ACTIVITY]
[GOMF_PEPTIDE_N_ACETYLTRANSFERASE_ACTIVITY,GOMF_PEPTIDE_N_ACETYLTRANSFERASE_ACTIVITY] was killed by [GOMF_MODIFICATION_DEPENDENT_PROTEIN_BINDING,GOMF_MODIFICATION_DEPENDENT_PROTEIN_BINDING]
[GOMF_HAPTOGLOBIN_BINDING,GOMF_HAPTOGLOBIN_BINDING] was killed by [GOMF_MOLECULAR_CARRIER_ACTIVITY,GOMF_MOLECULAR_CARRIER_ACTIVITY]
[GOMF_PHOSPHATIDYLINOSITOL_3_5_BISPHOSPHATE_PHOSPHATASE_ACTIVITY,GOMF_PHOSPHATIDYLINOSITOL_3_5_BISPHOSPHATE_PHOSPHATASE_ACTIVITY] was killed by [GOMF_PHOSPHATIDYLINOSITOL_PHOSPHATE_KINASE_ACTIVITY,GOMF_PHOSPHATIDYLINOSITOL_PHOSPHATE_KINASE_ACTIVITY]
[GOMF_ICOSANOID_RECEPTOR_ACTIVITY,GOMF_ICOSANOID_RECEPTOR_ACTIVITY] was killed by [GOMF_PEPTIDE_RECEPTOR_ACTIVITY,GOMF_PEPTIDE_RECEPTOR_ACTIVITY]
[GOMF_RNA_7_METHYLGUANOSINE_CAP_BINDING,GOMF_RNA_7_METHYLGUANOSINE_CAP_BINDING] was killed by [GOMF_MRNA_3_UTR_BINDING,GOMF_MRNA_3_UTR_BINDING]
[GOMF_DNA_APURINIC_OR_APYRIMIDINIC_SITE_ENDONUCLEASE_ACTIVITY,GOMF_DNA_APURINIC_OR_APYRIMIDINIC_SITE_ENDONUCLEASE_ACTIVITY] was killed by [GOMF_METAL_CLUSTER_BINDING,GOMF_METAL_CLUSTER_BINDING]
[GOMF_MEMBRANE_INSERTASE_ACTIVITY,GOMF_MEMBRANE_INSERTASE_ACTIVITY] was killed by [GOMF_MOLECULAR_CARRIER_ACTIVITY,GOMF_MOLECULAR_CARRIER_ACTIVITY]
[GOMF_RNA_POLYMERASE_II_ACTIVITY,GOMF_RNA_POLYMERASE_II_ACTIVITY] was killed by [GOMF_NUCLEOTIDYLTRANSFERASE_ACTIVITY,GOMF_NUCLEOTIDYLTRANSFERASE_ACTIVITY]
[GOMF_CALCIUM_SENSITIVE_GUANYLATE_CYCLASE_ACTIVATOR_ACTIVITY,GOMF_CALCIUM_SENSITIVE_GUANYLATE_CYCLASE_ACTIVATOR_ACTIVITY] was killed by [GOMF_CYCLASE_REGULATOR_ACTIVITY,GOMF_CYCLASE_REGULATOR_ACTIVITY]
[GOMF_COPPER_CHAPERONE_ACTIVITY,GOMF_COPPER_CHAPERONE_ACTIVITY] was killed by [GOMF_MOLECULAR_CARRIER_ACTIVITY,GOMF_MOLECULAR_CARRIER_ACTIVITY]
[GOMF_MUTLALPHA_COMPLEX_BINDING,GOMF_MUTLALPHA_COMPLEX_BINDING] was killed by [GOMF_HELICASE_ACTIVITY,GOMF_HELICASE_ACTIVITY]
[GOMF_GPI_LINKED_EPHRIN_RECEPTOR_ACTIVITY,GOMF_GPI_LINKED_EPHRIN_RECEPTOR_ACTIVITY] was killed by [GOMF_PROTEIN_TYROSINE_KINASE_ACTIVITY,GOMF_PROTEIN_TYROSINE_KINASE_ACTIVITY]
[GOMF_CCR5_CHEMOKINE_RECEPTOR_BINDING,GOMF_CCR5_CHEMOKINE_RECEPTOR_BINDING] was killed by [GOMF_CHEMOKINE_RECEPTOR_BINDING,GOMF_CHEMOKINE_RECEPTOR_BINDING]
[GOMF_CYTOSKELETAL_ANCHOR_ACTIVITY,GOMF_CYTOSKELETAL_ANCHOR_ACTIVITY] was killed by [GOMF_CELL_ADHESION_MEDIATOR_ACTIVITY,GOMF_CELL_ADHESION_MEDIATOR_ACTIVITY]
[GOMF_7SK_SNRNA_BINDING,GOMF_7SK_SNRNA_BINDING] was killed by [GOMF_SNORNA_BINDING,GOMF_SNORNA_BINDING]
[GOMF_GUANYLATE_CYCLASE_ACTIVITY,GOMF_GUANYLATE_CYCLASE_ACTIVITY] was killed by [GOMF_PEPTIDE_RECEPTOR_ACTIVITY,GOMF_PEPTIDE_RECEPTOR_ACTIVITY]
[GOMF_ANION_CHANNEL_ACTIVITY,GOMF_ANION_CHANNEL_ACTIVITY] was killed by [GOMF_CHLORIDE_TRANSMEMBRANE_TRANSPORTER_ACTIVITY,GOMF_CHLORIDE_TRANSMEMBRANE_TRANSPORTER_ACTIVITY]
[GOMF_MISMATCHED_DNA_BINDING,GOMF_MISMATCHED_DNA_BINDING] was killed by [GOMF_DNA_INSERTION_OR_DELETION_BINDING,GOMF_DNA_INSERTION_OR_DELETION_BINDING]
[GOMF_PHOSPHOLIPASE_INHIBITOR_ACTIVITY,GOMF_PHOSPHOLIPASE_INHIBITOR_ACTIVITY] was killed by [GOMF_CELL_ADHESION_MEDIATOR_ACTIVITY,GOMF_CELL_ADHESION_MEDIATOR_ACTIVITY]
[GOMF_POLY_PURINE_TRACT_BINDING,GOMF_POLY_PURINE_TRACT_BINDING] was killed by [GOMF_HELICASE_ACTIVITY,GOMF_HELICASE_ACTIVITY]
[GOMF_ATPASE_COUPLED_INTRAMEMBRANE_LIPID_TRANSPORTER_ACTIVITY,GOMF_ATPASE_COUPLED_INTRAMEMBRANE_LIPID_TRANSPORTER_ACTIVITY] was killed by [GOMF_CARGO_RECEPTOR_ACTIVITY,GOMF_CARGO_RECEPTOR_ACTIVITY]
[GOMF_BETA_CATENIN_BINDING,GOMF_BETA_CATENIN_BINDING] was killed by [GOMF_N_METHYLTRANSFERASE_ACTIVITY,GOMF_N_METHYLTRANSFERASE_ACTIVITY]
[GOMF_1_PHOSPHATIDYLINOSITOL_3_KINASE_ACTIVITY,GOMF_1_PHOSPHATIDYLINOSITOL_3_KINASE_ACTIVITY] was killed by [GOMF_PHOSPHATIDYLINOSITOL_PHOSPHATE_KINASE_ACTIVITY,GOMF_PHOSPHATIDYLINOSITOL_PHOSPHATE_KINASE_ACTIVITY]
[GOMF_PROTEIN_PHOSPHATASE_2A_BINDING,GOMF_PROTEIN_PHOSPHATASE_2A_BINDING] was killed by [GOMF_PROTEIN_N_TERMINUS_BINDING,GOMF_PROTEIN_N_TERMINUS_BINDING]
[GOMF_H4_HISTONE_ACETYLTRANSFERASE_ACTIVITY,GOMF_H4_HISTONE_ACETYLTRANSFERASE_ACTIVITY] was killed by [GOMF_MODIFICATION_DEPENDENT_PROTEIN_BINDING,GOMF_MODIFICATION_DEPENDENT_PROTEIN_BINDING]
[GOMF_ACTIVIN_ACTIVATED_RECEPTOR_ACTIVITY,GOMF_ACTIVIN_ACTIVATED_RECEPTOR_ACTIVITY] was killed by [GOMF_ACTIVIN_BINDING,GOMF_ACTIVIN_BINDING]
[GOMF_OXALATE_TRANSMEMBRANE_TRANSPORTER_ACTIVITY,GOMF_OXALATE_TRANSMEMBRANE_TRANSPORTER_ACTIVITY] was killed by [GOMF_CHLORIDE_TRANSMEMBRANE_TRANSPORTER_ACTIVITY,GOMF_CHLORIDE_TRANSMEMBRANE_TRANSPORTER_ACTIVITY]
[GOMF_ANNEALING_ACTIVITY,GOMF_ANNEALING_ACTIVITY] was killed by [GOMF_HELICASE_ACTIVITY,GOMF_HELICASE_ACTIVITY]
[GOMF_POTASSIUM_ION_LEAK_CHANNEL_ACTIVITY,GOMF_POTASSIUM_ION_LEAK_CHANNEL_ACTIVITY] was killed by [GOMF_VOLTAGE_GATED_CATION_CHANNEL_ACTIVITY,GOMF_VOLTAGE_GATED_CATION_CHANNEL_ACTIVITY]
[GOMF_FMN_BINDING,GOMF_FMN_BINDING] was killed by [GOMF_CATALYTIC_ACTIVITY_ACTING_ON_A_TRNA,GOMF_CATALYTIC_ACTIVITY_ACTING_ON_A_TRNA]
