[TIEN_INTESTINE_PROBIOTICS_6HR_UP,TIEN_INTESTINE_PROBIOTICS_6HR_UP] was killed by [BILANGES_SERUM_AND_RAPAMYCIN_SENSITIVE_GENES,BILANGES_SERUM_AND_RAPAMYCIN_SENSITIVE_GENES]
[FLOTHO_PEDIATRIC_ALL_THERAPY_RESPONSE_UP,FLOTHO_PEDIATRIC_ALL_THERAPY_RESPONSE_UP] was killed by [BILANGES_SERUM_AND_RAPAMYCIN_SENSITIVE_GENES,BILANGES_SERUM_AND_RAPAMYCIN_SENSITIVE_GENES]
[JISON_SICKLE_CELL_DISEASE_DN,JISON_SICKLE_CELL_DISEASE_DN] was killed by [BILANGES_SERUM_AND_RAPAMYCIN_SENSITIVE_GENES,BILANGES_SERUM_AND_RAPAMYCIN_SENSITIVE_GENES]
[PECE_MAMMARY_STEM_CELL_UP,PECE_MAMMARY_STEM_CELL_UP] was killed by [BILANGES_SERUM_AND_RAPAMYCIN_SENSITIVE_GENES,BILANGES_SERUM_AND_RAPAMYCIN_SENSITIVE_GENES]
[SWEET_KRAS_ONCOGENIC_SIGNATURE,SWEET_KRAS_ONCOGENIC_SIGNATURE] was killed by [BILANGES_SERUM_AND_RAPAMYCIN_SENSITIVE_GENES,BILANGES_SERUM_AND_RAPAMYCIN_SENSITIVE_GENES]
[SASSON_RESPONSE_TO_GONADOTROPHINS_UP,SASSON_RESPONSE_TO_GONADOTROPHINS_UP] was killed by [ZHONG_SECRETOME_OF_LUNG_CANCER_AND_MACROPHAGE,ZHONG_SECRETOME_OF_LUNG_CANCER_AND_MACROPHAGE]
[BILANGES_SERUM_RESPONSE_TRANSLATION,BILANGES_SERUM_RESPONSE_TRANSLATION] was killed by [BILANGES_SERUM_AND_RAPAMYCIN_SENSITIVE_GENES,BILANGES_SERUM_AND_RAPAMYCIN_SENSITIVE_GENES]
[MODY_HIPPOCAMPUS_PRENATAL,MODY_HIPPOCAMPUS_PRENATAL] was killed by [BILANGES_SERUM_AND_RAPAMYCIN_SENSITIVE_GENES,BILANGES_SERUM_AND_RAPAMYCIN_SENSITIVE_GENES]
[TIEN_INTESTINE_PROBIOTICS_2HR_UP,TIEN_INTESTINE_PROBIOTICS_2HR_UP] was killed by [BILANGES_SERUM_AND_RAPAMYCIN_SENSITIVE_GENES,BILANGES_SERUM_AND_RAPAMYCIN_SENSITIVE_GENES]
[ZHONG_SECRETOME_OF_LUNG_CANCER_AND_FIBROBLAST,ZHONG_SECRETOME_OF_LUNG_CANCER_AND_FIBROBLAST] was killed by [BILANGES_SERUM_AND_RAPAMYCIN_SENSITIVE_GENES,BILANGES_SERUM_AND_RAPAMYCIN_SENSITIVE_GENES]
[HOLLEMAN_VINCRISTINE_RESISTANCE_ALL_DN,HOLLEMAN_VINCRISTINE_RESISTANCE_ALL_DN] was killed by [BILANGES_SERUM_AND_RAPAMYCIN_SENSITIVE_GENES,BILANGES_SERUM_AND_RAPAMYCIN_SENSITIVE_GENES]
[SASSON_RESPONSE_TO_FORSKOLIN_UP,SASSON_RESPONSE_TO_FORSKOLIN_UP] was killed by [VANHARANTA_UTERINE_FIBROID_DN,VANHARANTA_UTERINE_FIBROID_DN]
[HOLLEMAN_ASPARAGINASE_RESISTANCE_B_ALL_UP,HOLLEMAN_ASPARAGINASE_RESISTANCE_B_ALL_UP] was killed by [BILANGES_SERUM_AND_RAPAMYCIN_SENSITIVE_GENES,BILANGES_SERUM_AND_RAPAMYCIN_SENSITIVE_GENES]
[DARWICHE_SKIN_TUMOR_PROMOTER_UP,DARWICHE_SKIN_TUMOR_PROMOTER_UP] was killed by [ZHONG_SECRETOME_OF_LUNG_CANCER_AND_MACROPHAGE,ZHONG_SECRETOME_OF_LUNG_CANCER_AND_MACROPHAGE]
[ZHONG_SECRETOME_OF_LUNG_CANCER_AND_ENDOTHELIUM,ZHONG_SECRETOME_OF_LUNG_CANCER_AND_ENDOTHELIUM] was killed by [ZHONG_SECRETOME_OF_LUNG_CANCER_AND_MACROPHAGE,ZHONG_SECRETOME_OF_LUNG_CANCER_AND_MACROPHAGE]
[DANG_MYC_TARGETS_UP,DANG_MYC_TARGETS_UP] was killed by [BILANGES_SERUM_AND_RAPAMYCIN_SENSITIVE_GENES,BILANGES_SERUM_AND_RAPAMYCIN_SENSITIVE_GENES]
[MCBRYAN_PUBERTAL_BREAST_6_7WK_UP,MCBRYAN_PUBERTAL_BREAST_6_7WK_UP] was killed by [NIKOLSKY_BREAST_CANCER_17Q11_Q21_AMPLICON,NIKOLSKY_BREAST_CANCER_17Q11_Q21_AMPLICON]
[ODONNELL_TFRC_TARGETS_DN,ODONNELL_TFRC_TARGETS_DN] was killed by [DAZARD_UV_RESPONSE_CLUSTER_G6,DAZARD_UV_RESPONSE_CLUSTER_G6]
[SCIBETTA_KDM5B_TARGETS_DN,SCIBETTA_KDM5B_TARGETS_DN] was killed by [DAZARD_UV_RESPONSE_CLUSTER_G6,DAZARD_UV_RESPONSE_CLUSTER_G6]
[DIAZ_CHRONIC_MEYLOGENOUS_LEUKEMIA_DN,DIAZ_CHRONIC_MEYLOGENOUS_LEUKEMIA_DN] was killed by [BILANGES_SERUM_AND_RAPAMYCIN_SENSITIVE_GENES,BILANGES_SERUM_AND_RAPAMYCIN_SENSITIVE_GENES]
[TAKAO_RESPONSE_TO_UVB_RADIATION_UP,TAKAO_RESPONSE_TO_UVB_RADIATION_UP] was killed by [BILANGES_SERUM_AND_RAPAMYCIN_SENSITIVE_GENES,BILANGES_SERUM_AND_RAPAMYCIN_SENSITIVE_GENES]
[CHNG_MULTIPLE_MYELOMA_HYPERPLOID_UP,CHNG_MULTIPLE_MYELOMA_HYPERPLOID_UP] was killed by [BILANGES_SERUM_AND_RAPAMYCIN_SENSITIVE_GENES,BILANGES_SERUM_AND_RAPAMYCIN_SENSITIVE_GENES]
[DARWICHE_SQUAMOUS_CELL_CARCINOMA_UP,DARWICHE_SQUAMOUS_CELL_CARCINOMA_UP] was killed by [ZHONG_SECRETOME_OF_LUNG_CANCER_AND_MACROPHAGE,ZHONG_SECRETOME_OF_LUNG_CANCER_AND_MACROPHAGE]
[PUIFFE_INVASION_INHIBITED_BY_ASCITES_UP,PUIFFE_INVASION_INHIBITED_BY_ASCITES_UP] was killed by [ZHONG_SECRETOME_OF_LUNG_CANCER_AND_MACROPHAGE,ZHONG_SECRETOME_OF_LUNG_CANCER_AND_MACROPHAGE]
[KAAB_FAILED_HEART_ATRIUM_DN,KAAB_FAILED_HEART_ATRIUM_DN] was killed by [ZHONG_SECRETOME_OF_LUNG_CANCER_AND_MACROPHAGE,ZHONG_SECRETOME_OF_LUNG_CANCER_AND_MACROPHAGE]
[FONTAINE_FOLLICULAR_THYROID_ADENOMA_DN,FONTAINE_FOLLICULAR_THYROID_ADENOMA_DN] was killed by [LEE_LIVER_CANCER_E2F1_DN,LEE_LIVER_CANCER_E2F1_DN]
[LENAOUR_DENDRITIC_CELL_MATURATION_DN,LENAOUR_DENDRITIC_CELL_MATURATION_DN] was killed by [LEE_LIVER_CANCER_E2F1_DN,LEE_LIVER_CANCER_E2F1_DN]
[BHATTACHARYA_EMBRYONIC_STEM_CELL,BHATTACHARYA_EMBRYONIC_STEM_CELL] was killed by [BILANGES_SERUM_AND_RAPAMYCIN_SENSITIVE_GENES,BILANGES_SERUM_AND_RAPAMYCIN_SENSITIVE_GENES]
[MOHANKUMAR_HOXA1_TARGETS_DN,MOHANKUMAR_HOXA1_TARGETS_DN] was killed by [CASORELLI_ACUTE_PROMYELOCYTIC_LEUKEMIA_UP,CASORELLI_ACUTE_PROMYELOCYTIC_LEUKEMIA_UP]
[SESTO_RESPONSE_TO_UV_C6,SESTO_RESPONSE_TO_UV_C6] was killed by [ZHONG_SECRETOME_OF_LUNG_CANCER_AND_MACROPHAGE,ZHONG_SECRETOME_OF_LUNG_CANCER_AND_MACROPHAGE]
[ALONSO_METASTASIS_UP,ALONSO_METASTASIS_UP] was killed by [ZHONG_SECRETOME_OF_LUNG_CANCER_AND_MACROPHAGE,ZHONG_SECRETOME_OF_LUNG_CANCER_AND_MACROPHAGE]
[HU_ANGIOGENESIS_DN,HU_ANGIOGENESIS_DN] was killed by [LEE_LIVER_CANCER_E2F1_DN,LEE_LIVER_CANCER_E2F1_DN]
[BROCKE_APOPTOSIS_REVERSED_BY_IL6,BROCKE_APOPTOSIS_REVERSED_BY_IL6] was killed by [CASORELLI_ACUTE_PROMYELOCYTIC_LEUKEMIA_UP,CASORELLI_ACUTE_PROMYELOCYTIC_LEUKEMIA_UP]
[PURBEY_TARGETS_OF_CTBP1_AND_SATB1_UP,PURBEY_TARGETS_OF_CTBP1_AND_SATB1_UP] was killed by [BILANGES_SERUM_AND_RAPAMYCIN_SENSITIVE_GENES,BILANGES_SERUM_AND_RAPAMYCIN_SENSITIVE_GENES]
[LI_AMPLIFIED_IN_LUNG_CANCER,LI_AMPLIFIED_IN_LUNG_CANCER] was killed by [BILANGES_SERUM_AND_RAPAMYCIN_SENSITIVE_GENES,BILANGES_SERUM_AND_RAPAMYCIN_SENSITIVE_GENES]
[DURAND_STROMA_NS_UP,DURAND_STROMA_NS_UP] was killed by [LEE_LIVER_CANCER_E2F1_DN,LEE_LIVER_CANCER_E2F1_DN]
[WANG_TARGETS_OF_MLL_CBP_FUSION_UP,WANG_TARGETS_OF_MLL_CBP_FUSION_UP] was killed by [NIKOLSKY_BREAST_CANCER_17Q11_Q21_AMPLICON,NIKOLSKY_BREAST_CANCER_17Q11_Q21_AMPLICON]
[BEGUM_TARGETS_OF_PAX3_FOXO1_FUSION_UP,BEGUM_TARGETS_OF_PAX3_FOXO1_FUSION_UP] was killed by [DAZARD_UV_RESPONSE_CLUSTER_G6,DAZARD_UV_RESPONSE_CLUSTER_G6]
[NUTT_GBM_VS_AO_GLIOMA_DN,NUTT_GBM_VS_AO_GLIOMA_DN] was killed by [BILANGES_SERUM_AND_RAPAMYCIN_SENSITIVE_GENES,BILANGES_SERUM_AND_RAPAMYCIN_SENSITIVE_GENES]
