Starting QoRTs v1.3.6 (Compiled Tue Sep 25 11:21:46 EDT 2018)
Starting time: (Wed Jan 26 11:04:48 PST 2022)
INPUT_COMMAND(QC)
  INPUT_ARG(infile)=bam/hl60_6h_u_2.sort.bam
  INPUT_ARG(gtffile)=/data_gilbert/home/aarab/genomes/hg38/gencode.v34/gencode.v34.annotation.gtf
  INPUT_ARG(outdir)=iso/rawCts/hl60_6h_u_2/
  INPUT_ARG(fr_secondStrand)=true
  INPUT_ARG(singleEnded)=true
  INPUT_ARG(nameSorted)=true
Created Log File: iso/rawCts/hl60_6h_u_2//QC.gkgOO8YYsmzd.log
Warning: run-in-progress file "iso/rawCts/hl60_6h_u_2//QC.QORTS_RUNNING" already exists. Is there another QoRTs job running?
Starting QC
[Time: 2022-01-26 11:04:48] [Mem usage: [35MB / 2147MB]] [Elapsed Time: 00:00:00.0001]
Deleting old "QORTS_COMPLETED_OK" file.
QoRTs is Running in single-end mode.
Note: read-sorting is irrelevant in single-ended mode.
No parameter --genomeFA found.
Running functions: CigarOpDistribution, GCDistribution, GeneCalcs, JunctionCalcs, NVC, 
        QualityScoreDistribution, StrandCheck, chromCounts, 
        cigarLocusCounts, readLengthDistro, writeBiotypeCounts, 
        writeClippedNVC, writeDESeq, writeDEXSeq, writeGeneBody, 
        writeGeneCounts, writeGenewiseGeneBody, 
        writeJunctionSeqCounts, writeKnownSplices, 
        writeNovelSplices, writeSpliceExon
Checking first 10000 reads. Checking SAM file for formatting errors...
   Stats on the first 10000 reads:
        Num Reads Primary Map:    6156
        Num Reads Paired-ended:   0
        Num Reads mapped pair:    0
        Num Pair names found:     0
        Num Pairs matched:        0
        Read Seq length:          51 to 51
        Unclipped Read length:    51 to 51
        Final maxReadLength:      51
        maxPhredScore:            41
        minPhredScore:            2
Done checking first 10000 reads. WARNINGS FOUND!
SAMRecord Reader Generated. Read length: 51.
[Time: 2022-01-26 11:04:49] [Mem usage: [267MB / 2826MB]] [Elapsed Time: 00:00:01.0362]
> Init GeneCalcs Utility
> Init NVC utility
> Init CigarOpDistribution Utility
> Init QualityScoreDistribution Utility
> Init GC counts Utility
> Init JunctionCalcs utility
Compiling flat feature annotation, internally in memory...
FlatteningGtf: starting...(2022-01-26 11:06:13)
    FlatteningGtf: gtf file read complete.(2022-01-26 11:07:18)
    FlatteningGtf: Splice Junction Map read.(2022-01-26 11:07:20)
    FlatteningGtf: gene Sets generated.(2022-01-26 11:07:22)
    FlatteningGtf: Aggregate Sets built.
    FlatteningGtf: Compiling Aggregate Info . . . (2022-01-26 11:07:22)
    FlatteningGtf: Finished Compiling Aggregate Info. (2022-01-26 11:07:23)
    FlatteningGtf: Iterating through the step-vector...(2022-01-26 11:07:23)
    FlatteningGtf: Adding the aggregate genes themselves...(2022-01-26 11:07:25)
    FlatteningGtf: Iterating through the splice junctions...(2022-01-26 11:07:25)
    FlatteningGtf: Sorting the aggregate genes...(2022-01-26 11:07:27)
    FlatteningGtf: Folding the FlatGtfLine iterator...(2022-01-26 11:07:28)
    FlatteningGtf: Features Built.(2022-01-26 11:07:28)
Internal flat feature annotation compiled!
length of knownSpliceMap after instantiation: 383646
length of knownCountMap after instantiation: 383646
> Init StrandCheck Utility
> Init chromCount Utility
> Init qcCigarLocusCounts Utility
> Init MinorUtils Utility
QC Utilities Generated!
[Time: 2022-01-26 11:07:32] [Mem usage: [3442MB / 9GB]] [Elapsed Time: 00:02:44.0375]
helper_calculateGeneAssignmentMap_strict. Found: 60669 genes in the supplied annotation.
helper_calculateGeneAssignmentMap_strict. Found: 18307 genes with ambiguous segments.
helper_calculateGeneAssignmentMap_strict. Found: 42362 genes after first-pass filtering
making makeGeneIntervalMap for geneBody calculations. Found: 42362 acceptable genes for gene-body analysis.
..........[1000000 Read-Pairs processed] [Time: 2022-01-26 11:08:45] 
..........[2000000 Read-Pairs processed] [Time: 2022-01-26 11:09:24] 
..........[3000000 Read-Pairs processed] [Time: 2022-01-26 11:10:04] 
..........[4000000 Read-Pairs processed] [Time: 2022-01-26 11:10:43] 
..........[5000000 Read-Pairs processed] [Time: 2022-01-26 11:11:23] 
..........[6000000 Read-Pairs processed] [Time: 2022-01-26 11:12:02] 
..........[7000000 Read-Pairs processed] [Time: 2022-01-26 11:12:42] 
..........[8000000 Read-Pairs processed] [Time: 2022-01-26 11:13:21] 
..........[9000000 Read-Pairs processed] [Time: 2022-01-26 11:14:01] 
..........[10000000 Read-Pairs processed] [Time: 2022-01-26 11:14:40] 
..........[11000000 Read-Pairs processed] [Time: 2022-01-26 11:15:19] 
..........[12000000 Read-Pairs processed] [Time: 2022-01-26 11:15:59] 
..........[13000000 Read-Pairs processed] [Time: 2022-01-26 11:16:39] 
..........[14000000 Read-Pairs processed] [Time: 2022-01-26 11:17:18] 
..........[15000000 Read-Pairs processed] [Time: 2022-01-26 11:17:58] 
..........[16000000 Read-Pairs processed] [Time: 2022-01-26 11:18:37] 
..........[17000000 Read-Pairs processed] [Time: 2022-01-26 11:19:16] 
..........[18000000 Read-Pairs processed] [Time: 2022-01-26 11:19:56] 
..........[19000000 Read-Pairs processed] [Time: 2022-01-26 11:20:35] 
..........[20000000 Read-Pairs processed] [Time: 2022-01-26 11:21:14] 
..........[21000000 Read-Pairs processed] [Time: 2022-01-26 11:21:54] 
..........[22000000 Read-Pairs processed] [Time: 2022-01-26 11:22:33] 
..........[23000000 Read-Pairs processed] [Time: 2022-01-26 11:23:12] 
.........
Finished reading SAM. Read: 23962409 reads/read-pairs.
Finished reading SAM. Used: 19226704 reads/read-pairs.
[Time: 2022-01-26 11:23:51] [Mem usage: [5GB / 9GB]] [Elapsed Time: 00:19:03.0383]
> Read Stats:
>   READ_PAIR_OK                   19226704
>   TOTAL_READ_PAIRS               23962409
>   DROPPED_NOT_PROPER_PAIR        -1
>   DROPPED_READ_FAILS_VENDOR_QC   0
>   DROPPED_MARKED_NOT_VALID       0
>   DROPPED_CHROMS_MISMATCH        -1
>   DROPPED_PAIR_STRANDS_MISMATCH  -1
>   DROPPED_IGNORED_CHROMOSOME     0
>   DROPPED_NOT_UNIQUE_ALIGNMENT   4735705
>   DROPPED_NO_ALN_BLOCKS   0
>   DROPPED_NOT_MARKED_RG   -1
Pre-alignment read count unknown (Set --seqReadCt or --rawfastq)
Writing Output...
DEBUG NOTE: IncludeGenesSet.size: 42362
DEBUG NOTE: sortedReadCountSeq.size: 14378
DEBUG NOTE: coverageThresholds: 7189;10783;12940;14378
DEBUG NOTE: coverageSpans: [(0,7189);(7189,10783);(10783,12940);(12940,14378)]
DEBUG NOTE:	[1.bottomHalf][0.5] = [0,7189]
DEBUG NOTE:	[2.upperMidQuartile][0.75] = [7189,10783]
DEBUG NOTE:	[3.75to90][0.9] = [10783,12940]
DEBUG NOTE:	[4.high][1.0] = [12940,14378]
      (DEBUG) Generating Biotype Map [2022-01-26 11:23:52]
      (DEBUG) Extracted gene BioType using key "gene_biotype".
              Found 0 types: []
      (DEBUG) Finished Biotype Map [2022-01-26 11:25:10]
length of knownCountMap after run: 383646
WARNING: The data appears to be STRANDED, following the fr_secondStrand rule.
         Are you sure this isn't stranded data? If it is stranded, then you should probably
         re-run QoRTs with the "--stranded" and "--stranded_fr_secondstrand" options!
QoRTs completed WITH WARNINGS! See log for details.
Done.
Time spent on setup:           00:02:44.0376
Time spent on SAM iteration:   00:16:19.0007
                               (0.6809276424030098 minutes per million read-pairs)
                               (0.8486460636553548 minutes per million read-pairs used)
Time spent on file output:     00:01:29.0544
Total runtime:                 00:20:32.0927
Done. (Wed Jan 26 11:25:21 PST 2022)
