Starting QoRTs v1.3.6 (Compiled Tue Sep 25 11:21:46 EDT 2018)
Starting time: (Tue Jan 25 23:41:46 PST 2022)
INPUT_COMMAND(QC)
  INPUT_ARG(infile)=bam/hl60_6h_u_2.sort.bam
  INPUT_ARG(gtffile)=/data_gilbert/home/aarab/genomes/hg38/gencode.v34/gencode.v34.annotation.gtf
  INPUT_ARG(outdir)=iso/rawCts/hl60_6h_u_2/
  INPUT_ARG(stranded)=true
  INPUT_ARG(singleEnded)=true
  INPUT_ARG(nameSorted)=true
Creating Directory: iso/rawCts/hl60_6h_u_2/
Created Log File: iso/rawCts/hl60_6h_u_2//QC.YEUhm9E6TE8L.log
Starting QC
[Time: 2022-01-25 23:41:46] [Mem usage: [35MB / 2147MB]] [Elapsed Time: 00:00:00.0000]
QoRTs is Running in single-end mode.
Note: read-sorting is irrelevant in single-ended mode.
No parameter --genomeFA found.
Running functions: CigarOpDistribution, GCDistribution, GeneCalcs, JunctionCalcs, NVC, 
        QualityScoreDistribution, StrandCheck, chromCounts, 
        cigarLocusCounts, readLengthDistro, writeBiotypeCounts, 
        writeClippedNVC, writeDESeq, writeDEXSeq, writeGeneBody, 
        writeGeneCounts, writeGenewiseGeneBody, 
        writeJunctionSeqCounts, writeKnownSplices, 
        writeNovelSplices, writeSpliceExon
Checking first 10000 reads. Checking SAM file for formatting errors...
   Stats on the first 10000 reads:
        Num Reads Primary Map:    6156
        Num Reads Paired-ended:   0
        Num Reads mapped pair:    0
        Num Pair names found:     0
        Num Pairs matched:        0
        Read Seq length:          51 to 51
        Unclipped Read length:    51 to 51
        Final maxReadLength:      51
        maxPhredScore:            41
        minPhredScore:            2
Done checking first 10000 reads. No major problems detected!
SAMRecord Reader Generated. Read length: 51.
[Time: 2022-01-25 23:41:47] [Mem usage: [267MB / 2743MB]] [Elapsed Time: 00:00:01.0409]
> Init GeneCalcs Utility
> Init NVC utility
> Init CigarOpDistribution Utility
> Init QualityScoreDistribution Utility
> Init GC counts Utility
> Init JunctionCalcs utility
Compiling flat feature annotation, internally in memory...
FlatteningGtf: starting...(2022-01-25 23:42:32)
    FlatteningGtf: gtf file read complete.(2022-01-25 23:43:38)
    FlatteningGtf: Splice Junction Map read.(2022-01-25 23:43:40)
    FlatteningGtf: gene Sets generated.(2022-01-25 23:43:43)
    FlatteningGtf: Aggregate Sets built.
    FlatteningGtf: Compiling Aggregate Info . . . (2022-01-25 23:43:43)
    FlatteningGtf: Finished Compiling Aggregate Info. (2022-01-25 23:43:43)
    FlatteningGtf: Iterating through the step-vector...(2022-01-25 23:43:43)
    FlatteningGtf: Adding the aggregate genes themselves...(2022-01-25 23:43:45)
    FlatteningGtf: Iterating through the splice junctions...(2022-01-25 23:43:46)
    FlatteningGtf: Sorting the aggregate genes...(2022-01-25 23:43:47)
    FlatteningGtf: Folding the FlatGtfLine iterator...(2022-01-25 23:43:48)
    FlatteningGtf: Features Built.(2022-01-25 23:43:48)
Internal flat feature annotation compiled!
length of knownSpliceMap after instantiation: 383654
length of knownCountMap after instantiation: 383654
> Init StrandCheck Utility
> Init chromCount Utility
> Init qcCigarLocusCounts Utility
> Init MinorUtils Utility
QC Utilities Generated!
[Time: 2022-01-25 23:43:52] [Mem usage: [4151MB / 8GB]] [Elapsed Time: 00:02:06.0547]
helper_calculateGeneAssignmentMap_strict. Found: 60669 genes in the supplied annotation.
helper_calculateGeneAssignmentMap_strict. Found: 6594 genes with ambiguous segments.
helper_calculateGeneAssignmentMap_strict. Found: 54075 genes after first-pass filtering
making makeGeneIntervalMap for geneBody calculations. Found: 54075 acceptable genes for gene-body analysis.
..........[1000000 Read-Pairs processed] [Time: 2022-01-25 23:44:56] 
..........[2000000 Read-Pairs processed] [Time: 2022-01-25 23:45:26] 
..........[3000000 Read-Pairs processed] [Time: 2022-01-25 23:45:57] 
..........[4000000 Read-Pairs processed] [Time: 2022-01-25 23:46:28] 
..........[5000000 Read-Pairs processed] [Time: 2022-01-25 23:46:58] 
..........[6000000 Read-Pairs processed] [Time: 2022-01-25 23:47:29] 
..........[7000000 Read-Pairs processed] [Time: 2022-01-25 23:47:59] 
..........[8000000 Read-Pairs processed] [Time: 2022-01-25 23:48:30] 
..........[9000000 Read-Pairs processed] [Time: 2022-01-25 23:49:00] 
..........[10000000 Read-Pairs processed] [Time: 2022-01-25 23:49:31] 
..........[11000000 Read-Pairs processed] [Time: 2022-01-25 23:50:01] 
..........[12000000 Read-Pairs processed] [Time: 2022-01-25 23:50:32] 
..........[13000000 Read-Pairs processed] [Time: 2022-01-25 23:51:02] 
..........[14000000 Read-Pairs processed] [Time: 2022-01-25 23:51:33] 
..........[15000000 Read-Pairs processed] [Time: 2022-01-25 23:52:03] 
..........[16000000 Read-Pairs processed] [Time: 2022-01-25 23:52:34] 
..........[17000000 Read-Pairs processed] [Time: 2022-01-25 23:53:04] 
..........[18000000 Read-Pairs processed] [Time: 2022-01-25 23:53:35] 
..........[19000000 Read-Pairs processed] [Time: 2022-01-25 23:54:06] 
..........[20000000 Read-Pairs processed] [Time: 2022-01-25 23:54:36] 
..........[21000000 Read-Pairs processed] [Time: 2022-01-25 23:55:06] 
..........[22000000 Read-Pairs processed] [Time: 2022-01-25 23:55:37] 
..........[23000000 Read-Pairs processed] [Time: 2022-01-25 23:56:07] 
.........
Finished reading SAM. Read: 23962409 reads/read-pairs.
Finished reading SAM. Used: 19226704 reads/read-pairs.
[Time: 2022-01-25 23:56:36] [Mem usage: [3685MB / 8GB]] [Elapsed Time: 00:14:50.0660]
> Read Stats:
>   READ_PAIR_OK                   19226704
>   TOTAL_READ_PAIRS               23962409
>   DROPPED_NOT_PROPER_PAIR        -1
>   DROPPED_READ_FAILS_VENDOR_QC   0
>   DROPPED_MARKED_NOT_VALID       0
>   DROPPED_CHROMS_MISMATCH        -1
>   DROPPED_PAIR_STRANDS_MISMATCH  -1
>   DROPPED_IGNORED_CHROMOSOME     0
>   DROPPED_NOT_UNIQUE_ALIGNMENT   4735705
>   DROPPED_NO_ALN_BLOCKS   0
>   DROPPED_NOT_MARKED_RG   -1
Pre-alignment read count unknown (Set --seqReadCt or --rawfastq)
Writing Output...
DEBUG NOTE: IncludeGenesSet.size: 54075
DEBUG NOTE: sortedReadCountSeq.size: 15892
DEBUG NOTE: coverageThresholds: 7946;11919;14302;15892
DEBUG NOTE: coverageSpans: [(0,7946);(7946,11919);(11919,14302);(14302,15892)]
DEBUG NOTE:	[1.bottomHalf][0.5] = [0,7946]
DEBUG NOTE:	[2.upperMidQuartile][0.75] = [7946,11919]
DEBUG NOTE:	[3.75to90][0.9] = [11919,14302]
DEBUG NOTE:	[4.high][1.0] = [14302,15892]
      (DEBUG) Generating Biotype Map [2022-01-25 23:56:38]
      (DEBUG) Extracted gene BioType using key "gene_biotype".
              Found 0 types: []
      (DEBUG) Finished Biotype Map [2022-01-25 23:57:58]
length of knownCountMap after run: 383654
WARNING: The data appears to be follow the fr_secondStrand rule, but
         QoRTs ran in fr_firstStrand mode!
      Are you sure that the data follows the fr_firstStrand rule?
      Under the fr_firstStrand rule, the first read aligns to the strand
      opposite the original RNA transcript, and the second read aligns to
      the same strand as the original RNA transcript.
      If the data follows the fr_secondStrand rule, you should probably
      re-run QoRTs with the "--stranded" and "--stranded_fr_secondstrand" options.
QoRTs completed WITH WARNINGS! See log for details.
Done.
Time spent on setup:           00:02:06.0547
Time spent on SAM iteration:   00:12:44.0114
                               (0.5313878639386104 minutes per million read-pairs)
                               (0.662273332617662 minutes per million read-pairs used)
Time spent on file output:     00:01:34.0042
Total runtime:                 00:16:24.0703
Done. (Tue Jan 25 23:58:10 PST 2022)
