[REACTOME_SELENOAMINO_ACID_METABOLISM,REACTOME_SELENOAMINO_ACID_METABOLISM] was killed by [REACTOME_EUKARYOTIC_TRANSLATION_INITIATION,REACTOME_EUKARYOTIC_TRANSLATION_INITIATION]
[REACTOME_RESPONSE_OF_EIF2AK4_GCN2_TO_AMINO_ACID_DEFICIENCY,REACTOME_RESPONSE_OF_EIF2AK4_GCN2_TO_AMINO_ACID_DEFICIENCY] was killed by [REACTOME_EUKARYOTIC_TRANSLATION_INITIATION,REACTOME_EUKARYOTIC_TRANSLATION_INITIATION]
[REACTOME_EUKARYOTIC_TRANSLATION_ELONGATION,REACTOME_EUKARYOTIC_TRANSLATION_ELONGATION] was killed by [REACTOME_EUKARYOTIC_TRANSLATION_INITIATION,REACTOME_EUKARYOTIC_TRANSLATION_INITIATION]
[REACTOME_C_TYPE_LECTIN_RECEPTORS_CLRS,REACTOME_C_TYPE_LECTIN_RECEPTORS_CLRS] was killed by [REACTOME_CLEC7A_DECTIN_1_SIGNALING,REACTOME_CLEC7A_DECTIN_1_SIGNALING]
[REACTOME_THE_ROLE_OF_GTSE1_IN_G2_M_PROGRESSION_AFTER_G2_CHECKPOINT,REACTOME_THE_ROLE_OF_GTSE1_IN_G2_M_PROGRESSION_AFTER_G2_CHECKPOINT] was killed by [REACTOME_CLEC7A_DECTIN_1_SIGNALING,REACTOME_CLEC7A_DECTIN_1_SIGNALING]
[REACTOME_EPHB_MEDIATED_FORWARD_SIGNALING,REACTOME_EPHB_MEDIATED_FORWARD_SIGNALING] was killed by [REACTOME_RHO_GTPASES_ACTIVATE_WASPS_AND_WAVES,REACTOME_RHO_GTPASES_ACTIVATE_WASPS_AND_WAVES]
[REACTOME_ACTIVATION_OF_THE_MRNA_UPON_BINDING_OF_THE_CAP_BINDING_COMPLEX_AND_EIFS_AND_SUBSEQUENT_BINDING_TO_43S,REACTOME_ACTIVATION_OF_THE_MRNA_UPON_BINDING_OF_THE_CAP_BINDING_COMPLEX_AND_EIFS_AND_SUBSEQUENT_BINDING_TO_43S] was killed by [REACTOME_EUKARYOTIC_TRANSLATION_INITIATION,REACTOME_EUKARYOTIC_TRANSLATION_INITIATION]
[REACTOME_SRP_DEPENDENT_COTRANSLATIONAL_PROTEIN_TARGETING_TO_MEMBRANE,REACTOME_SRP_DEPENDENT_COTRANSLATIONAL_PROTEIN_TARGETING_TO_MEMBRANE] was killed by [REACTOME_EUKARYOTIC_TRANSLATION_INITIATION,REACTOME_EUKARYOTIC_TRANSLATION_INITIATION]
[REACTOME_FCERI_MEDIATED_NF_KB_ACTIVATION,REACTOME_FCERI_MEDIATED_NF_KB_ACTIVATION] was killed by [REACTOME_CLEC7A_DECTIN_1_SIGNALING,REACTOME_CLEC7A_DECTIN_1_SIGNALING]
[REACTOME_CYTOPROTECTION_BY_HMOX1,REACTOME_CYTOPROTECTION_BY_HMOX1] was killed by [REACTOME_CLEC7A_DECTIN_1_SIGNALING,REACTOME_CLEC7A_DECTIN_1_SIGNALING]
[REACTOME_NONSENSE_MEDIATED_DECAY_NMD,REACTOME_NONSENSE_MEDIATED_DECAY_NMD] was killed by [REACTOME_EUKARYOTIC_TRANSLATION_INITIATION,REACTOME_EUKARYOTIC_TRANSLATION_INITIATION]
[REACTOME_EPH_EPHRIN_SIGNALING,REACTOME_EPH_EPHRIN_SIGNALING] was killed by [REACTOME_RHO_GTPASES_ACTIVATE_WASPS_AND_WAVES,REACTOME_RHO_GTPASES_ACTIVATE_WASPS_AND_WAVES]
[REACTOME_REGULATION_OF_PTEN_STABILITY_AND_ACTIVITY,REACTOME_REGULATION_OF_PTEN_STABILITY_AND_ACTIVITY] was killed by [REACTOME_CLEC7A_DECTIN_1_SIGNALING,REACTOME_CLEC7A_DECTIN_1_SIGNALING]
[REACTOME_REGULATION_OF_EXPRESSION_OF_SLITS_AND_ROBOS,REACTOME_REGULATION_OF_EXPRESSION_OF_SLITS_AND_ROBOS] was killed by [REACTOME_EUKARYOTIC_TRANSLATION_INITIATION,REACTOME_EUKARYOTIC_TRANSLATION_INITIATION]
[REACTOME_SCF_SKP2_MEDIATED_DEGRADATION_OF_P27_P21,REACTOME_SCF_SKP2_MEDIATED_DEGRADATION_OF_P27_P21] was killed by [REACTOME_CLEC7A_DECTIN_1_SIGNALING,REACTOME_CLEC7A_DECTIN_1_SIGNALING]
[REACTOME_PARASITE_INFECTION,REACTOME_PARASITE_INFECTION] was killed by [REACTOME_RHO_GTPASES_ACTIVATE_WASPS_AND_WAVES,REACTOME_RHO_GTPASES_ACTIVATE_WASPS_AND_WAVES]
[REACTOME_DEGRADATION_OF_DVL,REACTOME_DEGRADATION_OF_DVL] was killed by [REACTOME_CLEC7A_DECTIN_1_SIGNALING,REACTOME_CLEC7A_DECTIN_1_SIGNALING]
[REACTOME_DEGRADATION_OF_AXIN,REACTOME_DEGRADATION_OF_AXIN] was killed by [REACTOME_CLEC7A_DECTIN_1_SIGNALING,REACTOME_CLEC7A_DECTIN_1_SIGNALING]
[REACTOME_INTERLEUKIN_1_SIGNALING,REACTOME_INTERLEUKIN_1_SIGNALING] was killed by [REACTOME_CLEC7A_DECTIN_1_SIGNALING,REACTOME_CLEC7A_DECTIN_1_SIGNALING]
[REACTOME_FC_EPSILON_RECEPTOR_FCERI_SIGNALING,REACTOME_FC_EPSILON_RECEPTOR_FCERI_SIGNALING] was killed by [REACTOME_CLEC7A_DECTIN_1_SIGNALING,REACTOME_CLEC7A_DECTIN_1_SIGNALING]
[REACTOME_FCGAMMA_RECEPTOR_FCGR_DEPENDENT_PHAGOCYTOSIS,REACTOME_FCGAMMA_RECEPTOR_FCGR_DEPENDENT_PHAGOCYTOSIS] was killed by [REACTOME_CLEC7A_DECTIN_1_SIGNALING,REACTOME_CLEC7A_DECTIN_1_SIGNALING]
[REACTOME_DEGRADATION_OF_GLI1_BY_THE_PROTEASOME,REACTOME_DEGRADATION_OF_GLI1_BY_THE_PROTEASOME] was killed by [REACTOME_CLEC7A_DECTIN_1_SIGNALING,REACTOME_CLEC7A_DECTIN_1_SIGNALING]
[REACTOME_TRANSCRIPTIONAL_REGULATION_BY_RUNX2,REACTOME_TRANSCRIPTIONAL_REGULATION_BY_RUNX2] was killed by [REACTOME_CLEC7A_DECTIN_1_SIGNALING,REACTOME_CLEC7A_DECTIN_1_SIGNALING]
[REACTOME_CYCLIN_A_CDK2_ASSOCIATED_EVENTS_AT_S_PHASE_ENTRY,REACTOME_CYCLIN_A_CDK2_ASSOCIATED_EVENTS_AT_S_PHASE_ENTRY] was killed by [REACTOME_CLEC7A_DECTIN_1_SIGNALING,REACTOME_CLEC7A_DECTIN_1_SIGNALING]
[REACTOME_CELLULAR_RESPONSE_TO_CHEMICAL_STRESS,REACTOME_CELLULAR_RESPONSE_TO_CHEMICAL_STRESS] was killed by [REACTOME_CLEC7A_DECTIN_1_SIGNALING,REACTOME_CLEC7A_DECTIN_1_SIGNALING]
[REACTOME_REGULATION_OF_HMOX1_EXPRESSION_AND_ACTIVITY,REACTOME_REGULATION_OF_HMOX1_EXPRESSION_AND_ACTIVITY] was killed by [REACTOME_CLEC7A_DECTIN_1_SIGNALING,REACTOME_CLEC7A_DECTIN_1_SIGNALING]
[REACTOME_REGULATION_OF_RAS_BY_GAPS,REACTOME_REGULATION_OF_RAS_BY_GAPS] was killed by [REACTOME_CLEC7A_DECTIN_1_SIGNALING,REACTOME_CLEC7A_DECTIN_1_SIGNALING]
[REACTOME_APC_C_CDH1_MEDIATED_DEGRADATION_OF_CDC20_AND_OTHER_APC_C_CDH1_TARGETED_PROTEINS_IN_LATE_MITOSIS_EARLY_G1,REACTOME_APC_C_CDH1_MEDIATED_DEGRADATION_OF_CDC20_AND_OTHER_APC_C_CDH1_TARGETED_PROTEINS_IN_LATE_MITOSIS_EARLY_G1] was killed by [REACTOME_CLEC7A_DECTIN_1_SIGNALING,REACTOME_CLEC7A_DECTIN_1_SIGNALING]
[REACTOME_ANTIGEN_PROCESSING_CROSS_PRESENTATION,REACTOME_ANTIGEN_PROCESSING_CROSS_PRESENTATION] was killed by [REACTOME_CLEC7A_DECTIN_1_SIGNALING,REACTOME_CLEC7A_DECTIN_1_SIGNALING]
[REACTOME_HEDGEHOG_LIGAND_BIOGENESIS,REACTOME_HEDGEHOG_LIGAND_BIOGENESIS] was killed by [REACTOME_CLEC7A_DECTIN_1_SIGNALING,REACTOME_CLEC7A_DECTIN_1_SIGNALING]
[REACTOME_TRANSCRIPTIONAL_REGULATION_BY_RUNX3,REACTOME_TRANSCRIPTIONAL_REGULATION_BY_RUNX3] was killed by [REACTOME_CLEC7A_DECTIN_1_SIGNALING,REACTOME_CLEC7A_DECTIN_1_SIGNALING]
[REACTOME_CLATHRIN_MEDIATED_ENDOCYTOSIS,REACTOME_CLATHRIN_MEDIATED_ENDOCYTOSIS] was killed by [REACTOME_RHO_GTPASES_ACTIVATE_WASPS_AND_WAVES,REACTOME_RHO_GTPASES_ACTIVATE_WASPS_AND_WAVES]
[REACTOME_DOWNSTREAM_SIGNALING_EVENTS_OF_B_CELL_RECEPTOR_BCR,REACTOME_DOWNSTREAM_SIGNALING_EVENTS_OF_B_CELL_RECEPTOR_BCR] was killed by [REACTOME_CLEC7A_DECTIN_1_SIGNALING,REACTOME_CLEC7A_DECTIN_1_SIGNALING]
[REACTOME_DECTIN_1_MEDIATED_NONCANONICAL_NF_KB_SIGNALING,REACTOME_DECTIN_1_MEDIATED_NONCANONICAL_NF_KB_SIGNALING] was killed by [REACTOME_CLEC7A_DECTIN_1_SIGNALING,REACTOME_CLEC7A_DECTIN_1_SIGNALING]
[REACTOME_TNFR2_NON_CANONICAL_NF_KB_PATHWAY,REACTOME_TNFR2_NON_CANONICAL_NF_KB_PATHWAY] was killed by [REACTOME_CLEC7A_DECTIN_1_SIGNALING,REACTOME_CLEC7A_DECTIN_1_SIGNALING]
[REACTOME_RRNA_MODIFICATION_IN_THE_NUCLEUS_AND_CYTOSOL,REACTOME_RRNA_MODIFICATION_IN_THE_NUCLEUS_AND_CYTOSOL] was killed by [REACTOME_EUKARYOTIC_TRANSLATION_INITIATION,REACTOME_EUKARYOTIC_TRANSLATION_INITIATION]
[REACTOME_INTERLEUKIN_1_FAMILY_SIGNALING,REACTOME_INTERLEUKIN_1_FAMILY_SIGNALING] was killed by [REACTOME_CLEC7A_DECTIN_1_SIGNALING,REACTOME_CLEC7A_DECTIN_1_SIGNALING]
[REACTOME_CELLULAR_RESPONSE_TO_STARVATION,REACTOME_CELLULAR_RESPONSE_TO_STARVATION] was killed by [REACTOME_EUKARYOTIC_TRANSLATION_INITIATION,REACTOME_EUKARYOTIC_TRANSLATION_INITIATION]
[REACTOME_FOXO_MEDIATED_TRANSCRIPTION_OF_OXIDATIVE_STRESS_METABOLIC_AND_NEURONAL_GENES,REACTOME_FOXO_MEDIATED_TRANSCRIPTION_OF_OXIDATIVE_STRESS_METABOLIC_AND_NEURONAL_GENES] was killed by [REACTOME_FOXO_MEDIATED_TRANSCRIPTION,REACTOME_FOXO_MEDIATED_TRANSCRIPTION]
[REACTOME_MRNA_SPLICING,REACTOME_MRNA_SPLICING] was killed by [REACTOME_EUKARYOTIC_TRANSLATION_INITIATION,REACTOME_EUKARYOTIC_TRANSLATION_INITIATION]
[REACTOME_STABILIZATION_OF_P53,REACTOME_STABILIZATION_OF_P53] was killed by [REACTOME_CLEC7A_DECTIN_1_SIGNALING,REACTOME_CLEC7A_DECTIN_1_SIGNALING]
[REACTOME_RHOV_GTPASE_CYCLE,REACTOME_RHOV_GTPASE_CYCLE] was killed by [REACTOME_RHO_GTPASES_ACTIVATE_WASPS_AND_WAVES,REACTOME_RHO_GTPASES_ACTIVATE_WASPS_AND_WAVES]
[REACTOME_REGULATION_OF_RUNX3_EXPRESSION_AND_ACTIVITY,REACTOME_REGULATION_OF_RUNX3_EXPRESSION_AND_ACTIVITY] was killed by [REACTOME_CLEC7A_DECTIN_1_SIGNALING,REACTOME_CLEC7A_DECTIN_1_SIGNALING]
[REACTOME_METABOLISM_OF_POLYAMINES,REACTOME_METABOLISM_OF_POLYAMINES] was killed by [REACTOME_CLEC7A_DECTIN_1_SIGNALING,REACTOME_CLEC7A_DECTIN_1_SIGNALING]
[REACTOME_ASYMMETRIC_LOCALIZATION_OF_PCP_PROTEINS,REACTOME_ASYMMETRIC_LOCALIZATION_OF_PCP_PROTEINS] was killed by [REACTOME_CLEC7A_DECTIN_1_SIGNALING,REACTOME_CLEC7A_DECTIN_1_SIGNALING]
[REACTOME_SIGNALING_BY_HEDGEHOG,REACTOME_SIGNALING_BY_HEDGEHOG] was killed by [REACTOME_CLEC7A_DECTIN_1_SIGNALING,REACTOME_CLEC7A_DECTIN_1_SIGNALING]
[REACTOME_SIGNALING_BY_THE_B_CELL_RECEPTOR_BCR,REACTOME_SIGNALING_BY_THE_B_CELL_RECEPTOR_BCR] was killed by [REACTOME_CLEC7A_DECTIN_1_SIGNALING,REACTOME_CLEC7A_DECTIN_1_SIGNALING]
[REACTOME_APC_C_MEDIATED_DEGRADATION_OF_CELL_CYCLE_PROTEINS,REACTOME_APC_C_MEDIATED_DEGRADATION_OF_CELL_CYCLE_PROTEINS] was killed by [REACTOME_CLEC7A_DECTIN_1_SIGNALING,REACTOME_CLEC7A_DECTIN_1_SIGNALING]
[REACTOME_AUF1_HNRNP_D0_BINDS_AND_DESTABILIZES_MRNA,REACTOME_AUF1_HNRNP_D0_BINDS_AND_DESTABILIZES_MRNA] was killed by [REACTOME_CLEC7A_DECTIN_1_SIGNALING,REACTOME_CLEC7A_DECTIN_1_SIGNALING]
[REACTOME_CROSS_PRESENTATION_OF_SOLUBLE_EXOGENOUS_ANTIGENS_ENDOSOMES,REACTOME_CROSS_PRESENTATION_OF_SOLUBLE_EXOGENOUS_ANTIGENS_ENDOSOMES] was killed by [REACTOME_CLEC7A_DECTIN_1_SIGNALING,REACTOME_CLEC7A_DECTIN_1_SIGNALING]
[REACTOME_REGULATION_OF_RUNX2_EXPRESSION_AND_ACTIVITY,REACTOME_REGULATION_OF_RUNX2_EXPRESSION_AND_ACTIVITY] was killed by [REACTOME_CLEC7A_DECTIN_1_SIGNALING,REACTOME_CLEC7A_DECTIN_1_SIGNALING]
[REACTOME_HEDGEHOG_OFF_STATE,REACTOME_HEDGEHOG_OFF_STATE] was killed by [REACTOME_CLEC7A_DECTIN_1_SIGNALING,REACTOME_CLEC7A_DECTIN_1_SIGNALING]
[REACTOME_MITOTIC_G1_PHASE_AND_G1_S_TRANSITION,REACTOME_MITOTIC_G1_PHASE_AND_G1_S_TRANSITION] was killed by [REACTOME_CLEC7A_DECTIN_1_SIGNALING,REACTOME_CLEC7A_DECTIN_1_SIGNALING]
[REACTOME_ABC_TRANSPORTER_DISORDERS,REACTOME_ABC_TRANSPORTER_DISORDERS] was killed by [REACTOME_CLEC7A_DECTIN_1_SIGNALING,REACTOME_CLEC7A_DECTIN_1_SIGNALING]
[REACTOME_DEFECTIVE_CFTR_CAUSES_CYSTIC_FIBROSIS,REACTOME_DEFECTIVE_CFTR_CAUSES_CYSTIC_FIBROSIS] was killed by [REACTOME_CLEC7A_DECTIN_1_SIGNALING,REACTOME_CLEC7A_DECTIN_1_SIGNALING]
[REACTOME_EPH_EPHRIN_MEDIATED_REPULSION_OF_CELLS,REACTOME_EPH_EPHRIN_MEDIATED_REPULSION_OF_CELLS] was killed by [REACTOME_RHO_GTPASES_ACTIVATE_WASPS_AND_WAVES,REACTOME_RHO_GTPASES_ACTIVATE_WASPS_AND_WAVES]
[REACTOME_TCR_SIGNALING,REACTOME_TCR_SIGNALING] was killed by [REACTOME_CLEC7A_DECTIN_1_SIGNALING,REACTOME_CLEC7A_DECTIN_1_SIGNALING]
[REACTOME_UCH_PROTEINASES,REACTOME_UCH_PROTEINASES] was killed by [REACTOME_CLEC7A_DECTIN_1_SIGNALING,REACTOME_CLEC7A_DECTIN_1_SIGNALING]
[REACTOME_DISEASES_OF_PROGRAMMED_CELL_DEATH,REACTOME_DISEASES_OF_PROGRAMMED_CELL_DEATH] was killed by [REACTOME_FOXO_MEDIATED_TRANSCRIPTION,REACTOME_FOXO_MEDIATED_TRANSCRIPTION]
[REACTOME_NUCLEOTIDE_BINDING_DOMAIN_LEUCINE_RICH_REPEAT_CONTAINING_RECEPTOR_NLR_SIGNALING_PATHWAYS,REACTOME_NUCLEOTIDE_BINDING_DOMAIN_LEUCINE_RICH_REPEAT_CONTAINING_RECEPTOR_NLR_SIGNALING_PATHWAYS] was killed by [REACTOME_CLEC7A_DECTIN_1_SIGNALING,REACTOME_CLEC7A_DECTIN_1_SIGNALING]
[REACTOME_NEPHRIN_FAMILY_INTERACTIONS,REACTOME_NEPHRIN_FAMILY_INTERACTIONS] was killed by [REACTOME_RHO_GTPASES_ACTIVATE_WASPS_AND_WAVES,REACTOME_RHO_GTPASES_ACTIVATE_WASPS_AND_WAVES]
[REACTOME_ORC1_REMOVAL_FROM_CHROMATIN,REACTOME_ORC1_REMOVAL_FROM_CHROMATIN] was killed by [REACTOME_CLEC7A_DECTIN_1_SIGNALING,REACTOME_CLEC7A_DECTIN_1_SIGNALING]
[REACTOME_ANTIGEN_ACTIVATES_B_CELL_RECEPTOR_BCR_LEADING_TO_GENERATION_OF_SECOND_MESSENGERS,REACTOME_ANTIGEN_ACTIVATES_B_CELL_RECEPTOR_BCR_LEADING_TO_GENERATION_OF_SECOND_MESSENGERS] was killed by [REACTOME_CLEC7A_DECTIN_1_SIGNALING,REACTOME_CLEC7A_DECTIN_1_SIGNALING]
[REACTOME_ONCOGENIC_MAPK_SIGNALING,REACTOME_ONCOGENIC_MAPK_SIGNALING] was killed by [REACTOME_RHO_GTPASES_ACTIVATE_WASPS_AND_WAVES,REACTOME_RHO_GTPASES_ACTIVATE_WASPS_AND_WAVES]
[REACTOME_EPHA_MEDIATED_GROWTH_CONE_COLLAPSE,REACTOME_EPHA_MEDIATED_GROWTH_CONE_COLLAPSE] was killed by [REACTOME_SEMA4D_INDUCED_CELL_MIGRATION_AND_GROWTH_CONE_COLLAPSE,REACTOME_SEMA4D_INDUCED_CELL_MIGRATION_AND_GROWTH_CONE_COLLAPSE]
[REACTOME_SEMA4D_IN_SEMAPHORIN_SIGNALING,REACTOME_SEMA4D_IN_SEMAPHORIN_SIGNALING] was killed by [REACTOME_SEMA4D_INDUCED_CELL_MIGRATION_AND_GROWTH_CONE_COLLAPSE,REACTOME_SEMA4D_INDUCED_CELL_MIGRATION_AND_GROWTH_CONE_COLLAPSE]
[REACTOME_NEGATIVE_REGULATION_OF_NOTCH4_SIGNALING,REACTOME_NEGATIVE_REGULATION_OF_NOTCH4_SIGNALING] was killed by [REACTOME_CLEC7A_DECTIN_1_SIGNALING,REACTOME_CLEC7A_DECTIN_1_SIGNALING]
[REACTOME_FLT3_SIGNALING,REACTOME_FLT3_SIGNALING] was killed by [REACTOME_FOXO_MEDIATED_TRANSCRIPTION,REACTOME_FOXO_MEDIATED_TRANSCRIPTION]
[REACTOME_SIGNALING_BY_VEGF,REACTOME_SIGNALING_BY_VEGF] was killed by [REACTOME_CLEC7A_DECTIN_1_SIGNALING,REACTOME_CLEC7A_DECTIN_1_SIGNALING]
[REACTOME_RHOH_GTPASE_CYCLE,REACTOME_RHOH_GTPASE_CYCLE] was killed by [REACTOME_SEMA4D_INDUCED_CELL_MIGRATION_AND_GROWTH_CONE_COLLAPSE,REACTOME_SEMA4D_INDUCED_CELL_MIGRATION_AND_GROWTH_CONE_COLLAPSE]
[REACTOME_G1_S_DNA_DAMAGE_CHECKPOINTS,REACTOME_G1_S_DNA_DAMAGE_CHECKPOINTS] was killed by [REACTOME_CLEC7A_DECTIN_1_SIGNALING,REACTOME_CLEC7A_DECTIN_1_SIGNALING]
[REACTOME_TRANSCRIPTION_OF_E2F_TARGETS_UNDER_NEGATIVE_CONTROL_BY_DREAM_COMPLEX,REACTOME_TRANSCRIPTION_OF_E2F_TARGETS_UNDER_NEGATIVE_CONTROL_BY_DREAM_COMPLEX] was killed by [REACTOME_FOXO_MEDIATED_TRANSCRIPTION,REACTOME_FOXO_MEDIATED_TRANSCRIPTION]
[REACTOME_DDX58_IFIH1_MEDIATED_INDUCTION_OF_INTERFERON_ALPHA_BETA,REACTOME_DDX58_IFIH1_MEDIATED_INDUCTION_OF_INTERFERON_ALPHA_BETA] was killed by [REACTOME_CLEC7A_DECTIN_1_SIGNALING,REACTOME_CLEC7A_DECTIN_1_SIGNALING]
[REACTOME_SIGNALING_BY_FGFR,REACTOME_SIGNALING_BY_FGFR] was killed by [REACTOME_RHO_GTPASES_ACTIVATE_WASPS_AND_WAVES,REACTOME_RHO_GTPASES_ACTIVATE_WASPS_AND_WAVES]
[REACTOME_SIGNALING_BY_FGFR2,REACTOME_SIGNALING_BY_FGFR2] was killed by [REACTOME_RHO_GTPASES_ACTIVATE_WASPS_AND_WAVES,REACTOME_RHO_GTPASES_ACTIVATE_WASPS_AND_WAVES]
[REACTOME_RHOU_GTPASE_CYCLE,REACTOME_RHOU_GTPASE_CYCLE] was killed by [REACTOME_RHO_GTPASES_ACTIVATE_WASPS_AND_WAVES,REACTOME_RHO_GTPASES_ACTIVATE_WASPS_AND_WAVES]
[REACTOME_FCERI_MEDIATED_MAPK_ACTIVATION,REACTOME_FCERI_MEDIATED_MAPK_ACTIVATION] was killed by [REACTOME_CLEC7A_DECTIN_1_SIGNALING,REACTOME_CLEC7A_DECTIN_1_SIGNALING]
[REACTOME_HEDGEHOG_ON_STATE,REACTOME_HEDGEHOG_ON_STATE] was killed by [REACTOME_CLEC7A_DECTIN_1_SIGNALING,REACTOME_CLEC7A_DECTIN_1_SIGNALING]
[REACTOME_SWITCHING_OF_ORIGINS_TO_A_POST_REPLICATIVE_STATE,REACTOME_SWITCHING_OF_ORIGINS_TO_A_POST_REPLICATIVE_STATE] was killed by [REACTOME_CLEC7A_DECTIN_1_SIGNALING,REACTOME_CLEC7A_DECTIN_1_SIGNALING]
[REACTOME_REGULATION_OF_MRNA_STABILITY_BY_PROTEINS_THAT_BIND_AU_RICH_ELEMENTS,REACTOME_REGULATION_OF_MRNA_STABILITY_BY_PROTEINS_THAT_BIND_AU_RICH_ELEMENTS] was killed by [REACTOME_CLEC7A_DECTIN_1_SIGNALING,REACTOME_CLEC7A_DECTIN_1_SIGNALING]
[REACTOME_SEMAPHORIN_INTERACTIONS,REACTOME_SEMAPHORIN_INTERACTIONS] was killed by [REACTOME_SEMA4D_INDUCED_CELL_MIGRATION_AND_GROWTH_CONE_COLLAPSE,REACTOME_SEMA4D_INDUCED_CELL_MIGRATION_AND_GROWTH_CONE_COLLAPSE]
[REACTOME_SIGNALING_BY_FGFR1,REACTOME_SIGNALING_BY_FGFR1] was killed by [REACTOME_RHO_GTPASES_ACTIVATE_WASPS_AND_WAVES,REACTOME_RHO_GTPASES_ACTIVATE_WASPS_AND_WAVES]
[REACTOME_SIGNALING_BY_FGFR3,REACTOME_SIGNALING_BY_FGFR3] was killed by [REACTOME_RHO_GTPASES_ACTIVATE_WASPS_AND_WAVES,REACTOME_RHO_GTPASES_ACTIVATE_WASPS_AND_WAVES]
[REACTOME_SIGNALING_BY_FGFR4,REACTOME_SIGNALING_BY_FGFR4] was killed by [REACTOME_RHO_GTPASES_ACTIVATE_WASPS_AND_WAVES,REACTOME_RHO_GTPASES_ACTIVATE_WASPS_AND_WAVES]
