[LIN28A_HEK293_Plass,LIN28A_HEK293_Plass] was killed by [FBL_HEK293_Plass,FBL_HEK293_Plass]
[DGCR8_HEK293_Plass,DGCR8_HEK293_Plass] was killed by [FBL_HEK293_Plass,FBL_HEK293_Plass]
[TTP_HEK293_Plass,TTP_HEK293_Plass] was killed by [FBL_HEK293_Plass,FBL_HEK293_Plass]
[C17orf85_HEK293_Plass,C17orf85_HEK293_Plass] was killed by [FBL_HEK293_Plass,FBL_HEK293_Plass]
[HNRNPM_HEK293T_POSTAR_CIMS,HNRNPM_HEK293T_POSTAR_CIMS] was killed by [EIF4A3_HeLa_POSTAR_CIMS,EIF4A3_HeLa_POSTAR_CIMS]
[PAPD5_HEK293_Plass,PAPD5_HEK293_Plass] was killed by [FBL_HEK293_Plass,FBL_HEK293_Plass]
[UPF1_HEK293_Plass,UPF1_HEK293_Plass] was killed by [FBL_HEK293_Plass,FBL_HEK293_Plass]
[NOP56_HEK293_Plass,NOP56_HEK293_Plass] was killed by [FBL_HEK293_Plass,FBL_HEK293_Plass]
[NOP58_HEK293_Plass,NOP58_HEK293_Plass] was killed by [FBL_HEK293_Plass,FBL_HEK293_Plass]
[ALKBH5_HEK293_Plass,ALKBH5_HEK293_Plass] was killed by [FBL_HEK293_Plass,FBL_HEK293_Plass]
[HNRNPA1_K562_POSTAR_eCLIP,HNRNPA1_K562_POSTAR_eCLIP] was killed by [EIF4A3_HeLa_POSTAR_CIMS,EIF4A3_HeLa_POSTAR_CIMS]
[DIS3L2_HEK293_POSTAR_CIMS,DIS3L2_HEK293_POSTAR_CIMS] was killed by [EIF4A3_HeLa_POSTAR_CIMS,EIF4A3_HeLa_POSTAR_CIMS]
[IGF2BP3_PL45_POSTAR_CIMS,IGF2BP3_PL45_POSTAR_CIMS] was killed by [EIF4A3_HeLa_POSTAR_CIMS,EIF4A3_HeLa_POSTAR_CIMS]
[DGCR8_HEK293T_POSTAR_CIMS,DGCR8_HEK293T_POSTAR_CIMS] was killed by [EIF4A3_HeLa_POSTAR_CIMS,EIF4A3_HeLa_POSTAR_CIMS]
[TROVE2_K562_POSTAR_eCLIP,TROVE2_K562_POSTAR_eCLIP] was killed by [EIF4A3_HeLa_POSTAR_CIMS,EIF4A3_HeLa_POSTAR_CIMS]
[AGO3_HEK293_Plass,AGO3_HEK293_Plass] was killed by [FBL_HEK293_Plass,FBL_HEK293_Plass]
[HNRNPF_HEK293T_POSTAR_CIMS,HNRNPF_HEK293T_POSTAR_CIMS] was killed by [EIF4A3_HeLa_POSTAR_CIMS,EIF4A3_HeLa_POSTAR_CIMS]
[HNRNPUL1_K562_POSTAR_eCLIP,HNRNPUL1_K562_POSTAR_eCLIP] was killed by [EIF4A3_HeLa_POSTAR_CIMS,EIF4A3_HeLa_POSTAR_CIMS]
[TARBP2_MDA-LM2_POSTAR_CIMS,TARBP2_MDA-LM2_POSTAR_CIMS] was killed by [EIF4A3_HeLa_POSTAR_CIMS,EIF4A3_HeLa_POSTAR_CIMS]
[HNRNPU_HeLa_POSTAR_CIMS,HNRNPU_HeLa_POSTAR_CIMS] was killed by [EIF4A3_HeLa_POSTAR_CIMS,EIF4A3_HeLa_POSTAR_CIMS]
[GNL3_K562_POSTAR_eCLIP,GNL3_K562_POSTAR_eCLIP] was killed by [EIF4A3_HeLa_POSTAR_CIMS,EIF4A3_HeLa_POSTAR_CIMS]
[YTHDF3_HEK293T_POSTAR_CIMS,YTHDF3_HEK293T_POSTAR_CIMS] was killed by [FBL_HEK293_Plass,FBL_HEK293_Plass]
[DCK1_HEK293_Plass,DCK1_HEK293_Plass] was killed by [FBL_HEK293_Plass,FBL_HEK293_Plass]
[HNRNPU_HEK293T_POSTAR_Piranha_0.01,HNRNPU_HEK293T_POSTAR_Piranha_0.01] was killed by [EIF4A3_HeLa_POSTAR_CIMS,EIF4A3_HeLa_POSTAR_CIMS]
[PTBP1_HeLa_POSTAR_CIMS,PTBP1_HeLa_POSTAR_CIMS] was killed by [EIF4A3_HeLa_POSTAR_CIMS,EIF4A3_HeLa_POSTAR_CIMS]
[HLTF_K562_POSTAR_eCLIP,HLTF_K562_POSTAR_eCLIP] was killed by [EIF4A3_HeLa_POSTAR_CIMS,EIF4A3_HeLa_POSTAR_CIMS]
[YWHAG_K562_POSTAR_eCLIP,YWHAG_K562_POSTAR_eCLIP] was killed by [EIF4A3_HeLa_POSTAR_CIMS,EIF4A3_HeLa_POSTAR_CIMS]
[CPSF-100_HEK293_Plass,CPSF-100_HEK293_Plass] was killed by [FBL_HEK293_Plass,FBL_HEK293_Plass]
[PRKRA_HEK293_POSTAR_Piranha_0.01,PRKRA_HEK293_POSTAR_Piranha_0.01] was killed by [EIF4A3_HeLa_POSTAR_CIMS,EIF4A3_HeLa_POSTAR_CIMS]
[HNRNPA1_HEK293T_POSTAR_CIMS,HNRNPA1_HEK293T_POSTAR_CIMS] was killed by [EIF4A3_HeLa_POSTAR_CIMS,EIF4A3_HeLa_POSTAR_CIMS]
[TNRC6B_HEK293_Plass,TNRC6B_HEK293_Plass] was killed by [FBL_HEK293_Plass,FBL_HEK293_Plass]
[TIA1_NA_POSTAR_CIMS,TIA1_NA_POSTAR_CIMS] was killed by [EIF4A3_HeLa_POSTAR_CIMS,EIF4A3_HeLa_POSTAR_CIMS]
[TIA1_NA_POSTAR_iCLIP,TIA1_NA_POSTAR_iCLIP] was killed by [EIF4A3_HeLa_POSTAR_CIMS,EIF4A3_HeLa_POSTAR_CIMS]
[TIAL1_NA_POSTAR_CIMS,TIAL1_NA_POSTAR_CIMS] was killed by [EIF4A3_HeLa_POSTAR_CIMS,EIF4A3_HeLa_POSTAR_CIMS]
[TIAL1_NA_POSTAR_iCLIP,TIAL1_NA_POSTAR_iCLIP] was killed by [EIF4A3_HeLa_POSTAR_CIMS,EIF4A3_HeLa_POSTAR_CIMS]
[ALKBH1_HeLa_POSTAR_CIMS,ALKBH1_HeLa_POSTAR_CIMS] was killed by [EIF4A3_HeLa_POSTAR_CIMS,EIF4A3_HeLa_POSTAR_CIMS]
[TNRC6C_HEK293_POSTAR_Piranha_0.01,TNRC6C_HEK293_POSTAR_Piranha_0.01] was killed by [EIF4A3_HeLa_POSTAR_CIMS,EIF4A3_HeLa_POSTAR_CIMS]
[BCCIP_HepG2_POSTAR_eCLIP,BCCIP_HepG2_POSTAR_eCLIP] was killed by [EIF4A3_HeLa_POSTAR_CIMS,EIF4A3_HeLa_POSTAR_CIMS]
[QKI_HEK293_Plass,QKI_HEK293_Plass] was killed by [FBL_HEK293_Plass,FBL_HEK293_Plass]
[TNRC6C_HEK293_POSTAR_PAR-CLIP,TNRC6C_HEK293_POSTAR_PAR-CLIP] was killed by [EIF4A3_HeLa_POSTAR_CIMS,EIF4A3_HeLa_POSTAR_CIMS]
[RPS11_K562_POSTAR_eCLIP,RPS11_K562_POSTAR_eCLIP] was killed by [EIF4A3_HeLa_POSTAR_CIMS,EIF4A3_HeLa_POSTAR_CIMS]
[DHX30_HepG2_POSTAR_eCLIP,DHX30_HepG2_POSTAR_eCLIP] was killed by [EIF4A3_HeLa_POSTAR_CIMS,EIF4A3_HeLa_POSTAR_CIMS]
[TNRC6B_HEK293_POSTAR_PARalyzer,TNRC6B_HEK293_POSTAR_PARalyzer] was killed by [EIF4A3_HeLa_POSTAR_CIMS,EIF4A3_HeLa_POSTAR_CIMS]
[NCBP3_HEK293_POSTAR_Piranha_0.01,NCBP3_HEK293_POSTAR_Piranha_0.01] was killed by [EIF4A3_HeLa_POSTAR_CIMS,EIF4A3_HeLa_POSTAR_CIMS]
[TNRC6B_HEK293_POSTAR_PAR-CLIP,TNRC6B_HEK293_POSTAR_PAR-CLIP] was killed by [EIF4A3_HeLa_POSTAR_CIMS,EIF4A3_HeLa_POSTAR_CIMS]
[DDX3X_HEK293T_POSTAR_CIMS,DDX3X_HEK293T_POSTAR_CIMS] was killed by [EIF4A3_HeLa_POSTAR_CIMS,EIF4A3_HeLa_POSTAR_CIMS]
[YTHDF3_HEK293T_POSTAR_Piranha_0.01,YTHDF3_HEK293T_POSTAR_Piranha_0.01] was killed by [EIF4A3_HeLa_POSTAR_CIMS,EIF4A3_HeLa_POSTAR_CIMS]
[TNRC6A_HEK293_POSTAR_Piranha_0.01,TNRC6A_HEK293_POSTAR_Piranha_0.01] was killed by [EIF4A3_HeLa_POSTAR_CIMS,EIF4A3_HeLa_POSTAR_CIMS]
[YTHDC2_HEK293T_POSTAR_Piranha_0.01,YTHDC2_HEK293T_POSTAR_Piranha_0.01] was killed by [EIF4A3_HeLa_POSTAR_CIMS,EIF4A3_HeLa_POSTAR_CIMS]
[AUH_K562_POSTAR_eCLIP,AUH_K562_POSTAR_eCLIP] was killed by [EIF4A3_HeLa_POSTAR_CIMS,EIF4A3_HeLa_POSTAR_CIMS]
[PPIL4_K562_POSTAR_eCLIP,PPIL4_K562_POSTAR_eCLIP] was killed by [EIF4A3_HeLa_POSTAR_CIMS,EIF4A3_HeLa_POSTAR_CIMS]
[AGO4_HEK293_Plass,AGO4_HEK293_Plass] was killed by [FBL_HEK293_Plass,FBL_HEK293_Plass]
[NPM1_K562_POSTAR_eCLIP,NPM1_K562_POSTAR_eCLIP] was killed by [FBL_HEK293_Plass,FBL_HEK293_Plass]
[TARDBP_H9_POSTAR_iCLIP,TARDBP_H9_POSTAR_iCLIP] was killed by [EIF4A3_HeLa_POSTAR_CIMS,EIF4A3_HeLa_POSTAR_CIMS]
[IGF2BP3_PL45_POSTAR_Piranha_0.01,IGF2BP3_PL45_POSTAR_Piranha_0.01] was killed by [EIF4A3_HeLa_POSTAR_CIMS,EIF4A3_HeLa_POSTAR_CIMS]
[TARDBP_H9_POSTAR_CIMS,TARDBP_H9_POSTAR_CIMS] was killed by [EIF4A3_HeLa_POSTAR_CIMS,EIF4A3_HeLa_POSTAR_CIMS]
[TNRC6A_HEK293_POSTAR_PARalyzer,TNRC6A_HEK293_POSTAR_PARalyzer] was killed by [EIF4A3_HeLa_POSTAR_CIMS,EIF4A3_HeLa_POSTAR_CIMS]
[SLBP_K562_POSTAR_eCLIP,SLBP_K562_POSTAR_eCLIP] was killed by [EIF4A3_HeLa_POSTAR_CIMS,EIF4A3_HeLa_POSTAR_CIMS]
[FUS_HEK293T_POSTAR_Piranha_0.01,FUS_HEK293T_POSTAR_Piranha_0.01] was killed by [EIF4A3_HeLa_POSTAR_CIMS,EIF4A3_HeLa_POSTAR_CIMS]
[TNRC6B_HEK293_POSTAR_Piranha_0.01,TNRC6B_HEK293_POSTAR_Piranha_0.01] was killed by [EIF4A3_HeLa_POSTAR_CIMS,EIF4A3_HeLa_POSTAR_CIMS]
[LARP7_K562_POSTAR_eCLIP,LARP7_K562_POSTAR_eCLIP] was killed by [EIF4A3_HeLa_POSTAR_CIMS,EIF4A3_HeLa_POSTAR_CIMS]
[TNRC6C_HEK293_Plass,TNRC6C_HEK293_Plass] was killed by [FBL_HEK293_Plass,FBL_HEK293_Plass]
[MBNL2_frontalcortex_POSTAR_CIMS,MBNL2_frontalcortex_POSTAR_CIMS] was killed by [EIF4A3_HeLa_POSTAR_CIMS,EIF4A3_HeLa_POSTAR_CIMS]
[HNRNPU_HepG2_POSTAR_eCLIP,HNRNPU_HepG2_POSTAR_eCLIP] was killed by [EIF4A3_HeLa_POSTAR_CIMS,EIF4A3_HeLa_POSTAR_CIMS]
[FUS_HeLa_POSTAR_Piranha_0.01,FUS_HeLa_POSTAR_Piranha_0.01] was killed by [EIF4A3_HeLa_POSTAR_CIMS,EIF4A3_HeLa_POSTAR_CIMS]
[EZH2_HCT116_POSTAR_Piranha_0.01,EZH2_HCT116_POSTAR_Piranha_0.01] was killed by [EIF4A3_HeLa_POSTAR_CIMS,EIF4A3_HeLa_POSTAR_CIMS]
[EZH2_HCT116_POSTAR_iCLIP,EZH2_HCT116_POSTAR_iCLIP] was killed by [EIF4A3_HeLa_POSTAR_CIMS,EIF4A3_HeLa_POSTAR_CIMS]
[HNRNPA2B1_HEK293T_POSTAR_CIMS,HNRNPA2B1_HEK293T_POSTAR_CIMS] was killed by [EIF4A3_HeLa_POSTAR_CIMS,EIF4A3_HeLa_POSTAR_CIMS]
[HNRNPU_HEK293T_POSTAR_CIMS,HNRNPU_HEK293T_POSTAR_CIMS] was killed by [EIF4A3_HeLa_POSTAR_CIMS,EIF4A3_HeLa_POSTAR_CIMS]
[TAF15_Brain_POSTAR_CIMS,TAF15_Brain_POSTAR_CIMS] was killed by [EIF4A3_HeLa_POSTAR_CIMS,EIF4A3_HeLa_POSTAR_CIMS]
[FUS_HeLa_POSTAR_HITS-CLIP,FUS_HeLa_POSTAR_HITS-CLIP] was killed by [EIF4A3_HeLa_POSTAR_CIMS,EIF4A3_HeLa_POSTAR_CIMS]
[HNRNPU_K562_POSTAR_eCLIP,HNRNPU_K562_POSTAR_eCLIP] was killed by [FBL_HEK293_Plass,FBL_HEK293_Plass]
[TNRC6C_HEK293_POSTAR_PARalyzer,TNRC6C_HEK293_POSTAR_PARalyzer] was killed by [EIF4A3_HeLa_POSTAR_CIMS,EIF4A3_HeLa_POSTAR_CIMS]
[TARDBP_H9_POSTAR_Piranha_0.01,TARDBP_H9_POSTAR_Piranha_0.01] was killed by [EIF4A3_HeLa_POSTAR_CIMS,EIF4A3_HeLa_POSTAR_CIMS]
