[WP_HEAD_AND_NECK_SQUAMOUS_CELL_CARCINOMA,WP_HEAD_AND_NECK_SQUAMOUS_CELL_CARCINOMA] was killed by [WP_ANDROGEN_RECEPTOR_SIGNALING_PATHWAY,WP_ANDROGEN_RECEPTOR_SIGNALING_PATHWAY]
[WP_MET_IN_TYPE_1_PAPILLARY_RENAL_CELL_CARCINOMA,WP_MET_IN_TYPE_1_PAPILLARY_RENAL_CELL_CARCINOMA] was killed by [WP_ANDROGEN_RECEPTOR_SIGNALING_PATHWAY,WP_ANDROGEN_RECEPTOR_SIGNALING_PATHWAY]
[WP_ENERGY_METABOLISM,WP_ENERGY_METABOLISM] was killed by [WP_ANDROGEN_RECEPTOR_SIGNALING_PATHWAY,WP_ANDROGEN_RECEPTOR_SIGNALING_PATHWAY]
[WP_NOTCH_SIGNALING_PATHWAY_NETPATH,WP_NOTCH_SIGNALING_PATHWAY_NETPATH] was killed by [WP_ANDROGEN_RECEPTOR_SIGNALING_PATHWAY,WP_ANDROGEN_RECEPTOR_SIGNALING_PATHWAY]
[WP_HEPATITIS_B_INFECTION,WP_HEPATITIS_B_INFECTION] was killed by [WP_ANDROGEN_RECEPTOR_SIGNALING_PATHWAY,WP_ANDROGEN_RECEPTOR_SIGNALING_PATHWAY]
[WP_COPPER_HOMEOSTASIS,WP_COPPER_HOMEOSTASIS] was killed by [WP_ANDROGEN_RECEPTOR_SIGNALING_PATHWAY,WP_ANDROGEN_RECEPTOR_SIGNALING_PATHWAY]
[WP_NONSMALL_CELL_LUNG_CANCER,WP_NONSMALL_CELL_LUNG_CANCER] was killed by [WP_MELANOMA,WP_MELANOMA]
[WP_SIGNAL_TRANSDUCTION_THROUGH_IL1R,WP_SIGNAL_TRANSDUCTION_THROUGH_IL1R] was killed by [WP_TLR4_SIGNALING_AND_TOLERANCE,WP_TLR4_SIGNALING_AND_TOLERANCE]
[WP_NUCLEOTIDEBINDING_OLIGOMERIZATION_DOMAIN_NOD_PATHWAY,WP_NUCLEOTIDEBINDING_OLIGOMERIZATION_DOMAIN_NOD_PATHWAY] was killed by [WP_TLR4_SIGNALING_AND_TOLERANCE,WP_TLR4_SIGNALING_AND_TOLERANCE]
[WP_PDGF_PATHWAY,WP_PDGF_PATHWAY] was killed by [WP_ANDROGEN_RECEPTOR_SIGNALING_PATHWAY,WP_ANDROGEN_RECEPTOR_SIGNALING_PATHWAY]
[WP_CELL_DIFFERENTIATION_INDEX_EXPANDED,WP_CELL_DIFFERENTIATION_INDEX_EXPANDED] was killed by [WP_ANDROGEN_RECEPTOR_SIGNALING_PATHWAY,WP_ANDROGEN_RECEPTOR_SIGNALING_PATHWAY]
[WP_MAPK_CASCADE,WP_MAPK_CASCADE] was killed by [WP_MELANOMA,WP_MELANOMA]
[WP_TGFBETA_RECEPTOR_SIGNALING,WP_TGFBETA_RECEPTOR_SIGNALING] was killed by [WP_ANDROGEN_RECEPTOR_SIGNALING_PATHWAY,WP_ANDROGEN_RECEPTOR_SIGNALING_PATHWAY]
[WP_TGFBETA_RECEPTOR_SIGNALLING_IN_SKELETAL_DYSPLASIAS,WP_TGFBETA_RECEPTOR_SIGNALLING_IN_SKELETAL_DYSPLASIAS] was killed by [WP_ANDROGEN_RECEPTOR_SIGNALING_PATHWAY,WP_ANDROGEN_RECEPTOR_SIGNALING_PATHWAY]
[WP_NOVEL_INTRACELLULAR_COMPONENTS_OF_RIGILIKE_RECEPTOR_RLR_PATHWAY,WP_NOVEL_INTRACELLULAR_COMPONENTS_OF_RIGILIKE_RECEPTOR_RLR_PATHWAY] was killed by [WP_TLR4_SIGNALING_AND_TOLERANCE,WP_TLR4_SIGNALING_AND_TOLERANCE]
[WP_MIRNAS_INVOLVEMENT_IN_THE_IMMUNE_RESPONSE_IN_SEPSIS,WP_MIRNAS_INVOLVEMENT_IN_THE_IMMUNE_RESPONSE_IN_SEPSIS] was killed by [WP_TLR4_SIGNALING_AND_TOLERANCE,WP_TLR4_SIGNALING_AND_TOLERANCE]
[WP_STING_PATHWAY_IN_KAWASAKILIKE_DISEASE_AND_COVID19,WP_STING_PATHWAY_IN_KAWASAKILIKE_DISEASE_AND_COVID19] was killed by [WP_TLR4_SIGNALING_AND_TOLERANCE,WP_TLR4_SIGNALING_AND_TOLERANCE]
[WP_SARSCOV2_MITOCHONDRIAL_INTERACTIONS,WP_SARSCOV2_MITOCHONDRIAL_INTERACTIONS] was killed by [WP_TLR4_SIGNALING_AND_TOLERANCE,WP_TLR4_SIGNALING_AND_TOLERANCE]
[WP_INTERLEUKIN11_SIGNALING_PATHWAY,WP_INTERLEUKIN11_SIGNALING_PATHWAY] was killed by [WP_ANDROGEN_RECEPTOR_SIGNALING_PATHWAY,WP_ANDROGEN_RECEPTOR_SIGNALING_PATHWAY]
[WP_TYPE_I_INTERFERON_INDUCTION_AND_SIGNALING_DURING_SARSCOV2_INFECTION,WP_TYPE_I_INTERFERON_INDUCTION_AND_SIGNALING_DURING_SARSCOV2_INFECTION] was killed by [WP_TLR4_SIGNALING_AND_TOLERANCE,WP_TLR4_SIGNALING_AND_TOLERANCE]
[WP_HOSTPATHOGEN_INTERACTION_OF_HUMAN_CORONA_VIRUSES_INTERFERON_INDUCTION,WP_HOSTPATHOGEN_INTERACTION_OF_HUMAN_CORONA_VIRUSES_INTERFERON_INDUCTION] was killed by [WP_TLR4_SIGNALING_AND_TOLERANCE,WP_TLR4_SIGNALING_AND_TOLERANCE]
[WP_TCELL_RECEPTOR_AND_COSTIMULATORY_SIGNALING,WP_TCELL_RECEPTOR_AND_COSTIMULATORY_SIGNALING] was killed by [WP_ANDROGEN_RECEPTOR_SIGNALING_PATHWAY,WP_ANDROGEN_RECEPTOR_SIGNALING_PATHWAY]
[WP_APOPTOSIS_MODULATION_AND_SIGNALING,WP_APOPTOSIS_MODULATION_AND_SIGNALING] was killed by [WP_TLR4_SIGNALING_AND_TOLERANCE,WP_TLR4_SIGNALING_AND_TOLERANCE]
[WP_ESTROGEN_SIGNALING_PATHWAY,WP_ESTROGEN_SIGNALING_PATHWAY] was killed by [WP_MELANOMA,WP_MELANOMA]
[WP_CAMKK2_PATHWAY,WP_CAMKK2_PATHWAY] was killed by [WP_MELANOMA,WP_MELANOMA]
[WP_HEMATOPOIETIC_STEM_CELL_GENE_REGULATION_BY_GABP_ALPHABETA_COMPLEX,WP_HEMATOPOIETIC_STEM_CELL_GENE_REGULATION_BY_GABP_ALPHABETA_COMPLEX] was killed by [WP_ANDROGEN_RECEPTOR_SIGNALING_PATHWAY,WP_ANDROGEN_RECEPTOR_SIGNALING_PATHWAY]
[WP_TCELL_ANTIGEN_RECEPTOR_TCR_PATHWAY_DURING_STAPHYLOCOCCUS_AUREUS_INFECTION,WP_TCELL_ANTIGEN_RECEPTOR_TCR_PATHWAY_DURING_STAPHYLOCOCCUS_AUREUS_INFECTION] was killed by [WP_MELANOMA,WP_MELANOMA]
[WP_WNTBETACATENIN_SIGNALING_PATHWAY_IN_LEUKEMIA,WP_WNTBETACATENIN_SIGNALING_PATHWAY_IN_LEUKEMIA] was killed by [WP_ANDROGEN_RECEPTOR_SIGNALING_PATHWAY,WP_ANDROGEN_RECEPTOR_SIGNALING_PATHWAY]
[WP_TGFBETA_SIGNALING_PATHWAY,WP_TGFBETA_SIGNALING_PATHWAY] was killed by [WP_ANDROGEN_RECEPTOR_SIGNALING_PATHWAY,WP_ANDROGEN_RECEPTOR_SIGNALING_PATHWAY]
[WP_SEROTONIN_RECEPTOR_467_AND_NR3C_SIGNALING,WP_SEROTONIN_RECEPTOR_467_AND_NR3C_SIGNALING] was killed by [WP_MELANOMA,WP_MELANOMA]
[WP_RANKLRANK_RECEPTOR_ACTIVATOR_OF_NFKB_LIGAND_SIGNALING_PATHWAY,WP_RANKLRANK_RECEPTOR_ACTIVATOR_OF_NFKB_LIGAND_SIGNALING_PATHWAY] was killed by [WP_ANDROGEN_RECEPTOR_SIGNALING_PATHWAY,WP_ANDROGEN_RECEPTOR_SIGNALING_PATHWAY]
[WP_IL9_SIGNALING_PATHWAY,WP_IL9_SIGNALING_PATHWAY] was killed by [WP_ANDROGEN_RECEPTOR_SIGNALING_PATHWAY,WP_ANDROGEN_RECEPTOR_SIGNALING_PATHWAY]
[WP_HYPOTHESIZED_PATHWAYS_IN_PATHOGENESIS_OF_CARDIOVASCULAR_DISEASE,WP_HYPOTHESIZED_PATHWAYS_IN_PATHOGENESIS_OF_CARDIOVASCULAR_DISEASE] was killed by [WP_ANDROGEN_RECEPTOR_SIGNALING_PATHWAY,WP_ANDROGEN_RECEPTOR_SIGNALING_PATHWAY]
[WP_TNF_RELATED_WEAK_INDUCER_OF_APOPTOSIS_TWEAK_SIGNALING_PATHWAY,WP_TNF_RELATED_WEAK_INDUCER_OF_APOPTOSIS_TWEAK_SIGNALING_PATHWAY] was killed by [WP_ANDROGEN_RECEPTOR_SIGNALING_PATHWAY,WP_ANDROGEN_RECEPTOR_SIGNALING_PATHWAY]
[WP_ENVELOPE_PROTEINS_AND_THEIR_POTENTIAL_ROLES_IN_EDMD_PHYSIOPATHOLOGY,WP_ENVELOPE_PROTEINS_AND_THEIR_POTENTIAL_ROLES_IN_EDMD_PHYSIOPATHOLOGY] was killed by [WP_MELANOMA,WP_MELANOMA]
[WP_ONCOSTATIN_M_SIGNALING_PATHWAY,WP_ONCOSTATIN_M_SIGNALING_PATHWAY] was killed by [WP_MELANOMA,WP_MELANOMA]
[WP_PDGFRBETA_PATHWAY,WP_PDGFRBETA_PATHWAY] was killed by [WP_MELANOMA,WP_MELANOMA]
[WP_THYROID_HORMONES_PRODUCTION_AND_THEIR_PERIPHERAL_DOWNSTREAM_SIGNALLING_EFFECTS,WP_THYROID_HORMONES_PRODUCTION_AND_THEIR_PERIPHERAL_DOWNSTREAM_SIGNALLING_EFFECTS] was killed by [WP_ANDROGEN_RECEPTOR_SIGNALING_PATHWAY,WP_ANDROGEN_RECEPTOR_SIGNALING_PATHWAY]
[WP_THE_EFFECT_OF_PROGERIN_ON_THE_INVOLVED_GENES_IN_HUTCHINSONGILFORD_PROGERIA_SYNDROME,WP_THE_EFFECT_OF_PROGERIN_ON_THE_INVOLVED_GENES_IN_HUTCHINSONGILFORD_PROGERIA_SYNDROME] was killed by [WP_ANDROGEN_RECEPTOR_SIGNALING_PATHWAY,WP_ANDROGEN_RECEPTOR_SIGNALING_PATHWAY]
[WP_NANOPARTICLEMEDIATED_ACTIVATION_OF_RECEPTOR_SIGNALING,WP_NANOPARTICLEMEDIATED_ACTIVATION_OF_RECEPTOR_SIGNALING] was killed by [WP_MELANOMA,WP_MELANOMA]
[WP_P38_MAPK_SIGNALING_PATHWAY,WP_P38_MAPK_SIGNALING_PATHWAY] was killed by [WP_MELANOMA,WP_MELANOMA]
[WP_FACTORS_AND_PATHWAYS_AFFECTING_INSULINLIKE_GROWTH_FACTOR_IGF1AKT_SIGNALING,WP_FACTORS_AND_PATHWAYS_AFFECTING_INSULINLIKE_GROWTH_FACTOR_IGF1AKT_SIGNALING] was killed by [WP_ANDROGEN_RECEPTOR_SIGNALING_PATHWAY,WP_ANDROGEN_RECEPTOR_SIGNALING_PATHWAY]
[WP_GLYCOGEN_SYNTHESIS_AND_DEGRADATION,WP_GLYCOGEN_SYNTHESIS_AND_DEGRADATION] was killed by [WP_MELANOMA,WP_MELANOMA]
[WP_FRAGILE_X_SYNDROME,WP_FRAGILE_X_SYNDROME] was killed by [WP_MELANOMA,WP_MELANOMA]
