[EIF3A_HEK293T_POSTAR_PARalyzer,EIF3A_HEK293T_POSTAR_PARalyzer] was killed by [EIF3A_HEK293T_POSTAR_PAR-CLIP,EIF3A_HEK293T_POSTAR_PAR-CLIP]
[IGF2BP1_K562_POSTAR_eCLIP,IGF2BP1_K562_POSTAR_eCLIP] was killed by [EIF3A_HEK293T_POSTAR_PAR-CLIP,EIF3A_HEK293T_POSTAR_PAR-CLIP]
[EIF3H_HepG2_POSTAR_eCLIP,EIF3H_HepG2_POSTAR_eCLIP] was killed by [EIF3A_HEK293T_POSTAR_PAR-CLIP,EIF3A_HEK293T_POSTAR_PAR-CLIP]
[SRRM4_HEK293T_POSTAR_CIMS,SRRM4_HEK293T_POSTAR_CIMS] was killed by [EIF3A_HEK293T_POSTAR_PAR-CLIP,EIF3A_HEK293T_POSTAR_PAR-CLIP]
[ELAVL1_HeLa_POSTAR_Piranha_0.01,ELAVL1_HeLa_POSTAR_Piranha_0.01] was killed by [EIF3A_HEK293T_POSTAR_PAR-CLIP,EIF3A_HEK293T_POSTAR_PAR-CLIP]
[CNBP_HEK293_POSTAR_Piranha_0.01,CNBP_HEK293_POSTAR_Piranha_0.01] was killed by [EIF3A_HEK293T_POSTAR_PAR-CLIP,EIF3A_HEK293T_POSTAR_PAR-CLIP]
[SSB_HEK293_POSTAR_PAR-CLIP,SSB_HEK293_POSTAR_PAR-CLIP] was killed by [EIF3A_HEK293T_POSTAR_PAR-CLIP,EIF3A_HEK293T_POSTAR_PAR-CLIP]
[TIA1_K562_POSTAR_eCLIP,TIA1_K562_POSTAR_eCLIP] was killed by [EIF3A_HEK293T_POSTAR_PAR-CLIP,EIF3A_HEK293T_POSTAR_PAR-CLIP]
[EFTUD2_K562_POSTAR_eCLIP,EFTUD2_K562_POSTAR_eCLIP] was killed by [EIF3A_HEK293T_POSTAR_PAR-CLIP,EIF3A_HEK293T_POSTAR_PAR-CLIP]
[RBM10_HEK293T_POSTAR_Piranha_0.01,RBM10_HEK293T_POSTAR_Piranha_0.01] was killed by [RBM10_HEK293T_POSTAR_CIMS,RBM10_HEK293T_POSTAR_CIMS]
[FXR2_K562_POSTAR_eCLIP,FXR2_K562_POSTAR_eCLIP] was killed by [EIF3A_HEK293T_POSTAR_PAR-CLIP,EIF3A_HEK293T_POSTAR_PAR-CLIP]
[LIN28B_K562_POSTAR_eCLIP,LIN28B_K562_POSTAR_eCLIP] was killed by [EIF3A_HEK293T_POSTAR_PAR-CLIP,EIF3A_HEK293T_POSTAR_PAR-CLIP]
[ELAVL1_HEK293_POSTAR_HITS-CLIP,ELAVL1_HEK293_POSTAR_HITS-CLIP] was killed by [EIF3A_HEK293T_POSTAR_PAR-CLIP,EIF3A_HEK293T_POSTAR_PAR-CLIP]
[ZRANB2_K562_POSTAR_eCLIP,ZRANB2_K562_POSTAR_eCLIP] was killed by [EIF3A_HEK293T_POSTAR_PAR-CLIP,EIF3A_HEK293T_POSTAR_PAR-CLIP]
[IGF2BP2_HEK293_POSTAR_Piranha_0.01,IGF2BP2_HEK293_POSTAR_Piranha_0.01] was killed by [EIF3A_HEK293T_POSTAR_PAR-CLIP,EIF3A_HEK293T_POSTAR_PAR-CLIP]
[FAM120A_K562_POSTAR_eCLIP,FAM120A_K562_POSTAR_eCLIP] was killed by [EIF3A_HEK293T_POSTAR_PAR-CLIP,EIF3A_HEK293T_POSTAR_PAR-CLIP]
[DDX3X_HepG2_POSTAR_eCLIP,DDX3X_HepG2_POSTAR_eCLIP] was killed by [EIF3A_HEK293T_POSTAR_PAR-CLIP,EIF3A_HEK293T_POSTAR_PAR-CLIP]
[CPSF1_HEK293_POSTAR_Piranha_0.01,CPSF1_HEK293_POSTAR_Piranha_0.01] was killed by [EIF3A_HEK293T_POSTAR_PAR-CLIP,EIF3A_HEK293T_POSTAR_PAR-CLIP]
[SRSF1_HepG2_POSTAR_eCLIP,SRSF1_HepG2_POSTAR_eCLIP] was killed by [EIF3A_HEK293T_POSTAR_PAR-CLIP,EIF3A_HEK293T_POSTAR_PAR-CLIP]
[CAPRIN1_HEK293_POSTAR_Piranha_0.01,CAPRIN1_HEK293_POSTAR_Piranha_0.01] was killed by [EIF3A_HEK293T_POSTAR_PAR-CLIP,EIF3A_HEK293T_POSTAR_PAR-CLIP]
[SSB_HEK293_POSTAR_PARalyzer,SSB_HEK293_POSTAR_PARalyzer] was killed by [EIF3A_HEK293T_POSTAR_PAR-CLIP,EIF3A_HEK293T_POSTAR_PAR-CLIP]
[RPS3_HepG2_POSTAR_eCLIP,RPS3_HepG2_POSTAR_eCLIP] was killed by [EIF3A_HEK293T_POSTAR_PAR-CLIP,EIF3A_HEK293T_POSTAR_PAR-CLIP]
[DDX6_K562_POSTAR_eCLIP,DDX6_K562_POSTAR_eCLIP] was killed by [EIF3A_HEK293T_POSTAR_PAR-CLIP,EIF3A_HEK293T_POSTAR_PAR-CLIP]
