[REACTOME_EUKARYOTIC_TRANSLATION_INITIATION,REACTOME_EUKARYOTIC_TRANSLATION_INITIATION] was killed by [REACTOME_CELLULAR_RESPONSE_TO_STARVATION,REACTOME_CELLULAR_RESPONSE_TO_STARVATION]
[DANG_MYC_TARGETS_UP,DANG_MYC_TARGETS_UP] was killed by [REACTOME_CELLULAR_RESPONSE_TO_STARVATION,REACTOME_CELLULAR_RESPONSE_TO_STARVATION]
[REACTOME_RESPONSE_OF_EIF2AK4_GCN2_TO_AMINO_ACID_DEFICIENCY,REACTOME_RESPONSE_OF_EIF2AK4_GCN2_TO_AMINO_ACID_DEFICIENCY] was killed by [HOSHIDA_LIVER_CANCER_SUBCLASS_S2,HOSHIDA_LIVER_CANCER_SUBCLASS_S2]
[REACTOME_SELENOAMINO_ACID_METABOLISM,REACTOME_SELENOAMINO_ACID_METABOLISM] was killed by [REACTOME_CELLULAR_RESPONSE_TO_STARVATION,REACTOME_CELLULAR_RESPONSE_TO_STARVATION]
[REACTOME_INFLUENZA_INFECTION,REACTOME_INFLUENZA_INFECTION] was killed by [REACTOME_CELLULAR_RESPONSE_TO_STARVATION,REACTOME_CELLULAR_RESPONSE_TO_STARVATION]
[REACTOME_EUKARYOTIC_TRANSLATION_ELONGATION,REACTOME_EUKARYOTIC_TRANSLATION_ELONGATION] was killed by [REACTOME_CELLULAR_RESPONSE_TO_STARVATION,REACTOME_CELLULAR_RESPONSE_TO_STARVATION]
[DANG_REGULATED_BY_MYC_UP,DANG_REGULATED_BY_MYC_UP] was killed by [GAZDA_DIAMOND_BLACKFAN_ANEMIA_ERYTHROID_UP,GAZDA_DIAMOND_BLACKFAN_ANEMIA_ERYTHROID_UP]
[PHONG_TNF_RESPONSE_VIA_P38_PARTIAL,PHONG_TNF_RESPONSE_VIA_P38_PARTIAL] was killed by [WP_APOPTOSISRELATED_NETWORK_DUE_TO_ALTERED_NOTCH3_IN_OVARIAN_CANCER,WP_APOPTOSISRELATED_NETWORK_DUE_TO_ALTERED_NOTCH3_IN_OVARIAN_CANCER]
[REACTOME_SRP_DEPENDENT_COTRANSLATIONAL_PROTEIN_TARGETING_TO_MEMBRANE,REACTOME_SRP_DEPENDENT_COTRANSLATIONAL_PROTEIN_TARGETING_TO_MEMBRANE] was killed by [REACTOME_CELLULAR_RESPONSE_TO_STARVATION,REACTOME_CELLULAR_RESPONSE_TO_STARVATION]
[BIOCARTA_VDR_PATHWAY,BIOCARTA_VDR_PATHWAY] was killed by [HOSHIDA_LIVER_CANCER_SUBCLASS_S2,HOSHIDA_LIVER_CANCER_SUBCLASS_S2]
[PID_TGFBR_PATHWAY,PID_TGFBR_PATHWAY] was killed by [WP_APOPTOSISRELATED_NETWORK_DUE_TO_ALTERED_NOTCH3_IN_OVARIAN_CANCER,WP_APOPTOSISRELATED_NETWORK_DUE_TO_ALTERED_NOTCH3_IN_OVARIAN_CANCER]
[KEGG_RIBOSOME,KEGG_RIBOSOME] was killed by [REACTOME_CELLULAR_RESPONSE_TO_STARVATION,REACTOME_CELLULAR_RESPONSE_TO_STARVATION]
[MARTINEZ_RESPONSE_TO_TRABECTEDIN_UP,MARTINEZ_RESPONSE_TO_TRABECTEDIN_UP] was killed by [BROWNE_HCMV_INFECTION_30MIN_DN,BROWNE_HCMV_INFECTION_30MIN_DN]
[REACTOME_ACTIVATION_OF_THE_MRNA_UPON_BINDING_OF_THE_CAP_BINDING_COMPLEX_AND_EIFS_AND_SUBSEQUENT_BINDING_TO_43S,REACTOME_ACTIVATION_OF_THE_MRNA_UPON_BINDING_OF_THE_CAP_BINDING_COMPLEX_AND_EIFS_AND_SUBSEQUENT_BINDING_TO_43S] was killed by [HOSHIDA_LIVER_CANCER_SUBCLASS_S2,HOSHIDA_LIVER_CANCER_SUBCLASS_S2]
[BIOCARTA_PPARA_PATHWAY,BIOCARTA_PPARA_PATHWAY] was killed by [WP_PATHWAYS_AFFECTED_IN_ADENOID_CYSTIC_CARCINOMA,WP_PATHWAYS_AFFECTED_IN_ADENOID_CYSTIC_CARCINOMA]
[REACTOME_NONSENSE_MEDIATED_DECAY_NMD,REACTOME_NONSENSE_MEDIATED_DECAY_NMD] was killed by [REACTOME_CELLULAR_RESPONSE_TO_STARVATION,REACTOME_CELLULAR_RESPONSE_TO_STARVATION]
[PAPASPYRIDONOS_UNSTABLE_ATEROSCLEROTIC_PLAQUE_UP,PAPASPYRIDONOS_UNSTABLE_ATEROSCLEROTIC_PLAQUE_UP] was killed by [KYNG_DNA_DAMAGE_BY_UV,KYNG_DNA_DAMAGE_BY_UV]
[GINESTIER_BREAST_CANCER_20Q13_AMPLIFICATION_UP,GINESTIER_BREAST_CANCER_20Q13_AMPLIFICATION_UP] was killed by [GINESTIER_BREAST_CANCER_ZNF217_AMPLIFIED_UP,GINESTIER_BREAST_CANCER_ZNF217_AMPLIFIED_UP]
[WP_TGFBETA_SIGNALING_PATHWAY,WP_TGFBETA_SIGNALING_PATHWAY] was killed by [HOSHIDA_LIVER_CANCER_SUBCLASS_S2,HOSHIDA_LIVER_CANCER_SUBCLASS_S2]
[PID_SMAD2_3NUCLEAR_PATHWAY,PID_SMAD2_3NUCLEAR_PATHWAY] was killed by [WP_PATHWAYS_AFFECTED_IN_ADENOID_CYSTIC_CARCINOMA,WP_PATHWAYS_AFFECTED_IN_ADENOID_CYSTIC_CARCINOMA]
[PID_GLYPICAN_1PATHWAY,PID_GLYPICAN_1PATHWAY] was killed by [VALK_AML_WITH_FLT3_ITD,VALK_AML_WITH_FLT3_ITD]
[PID_MYC_REPRESS_PATHWAY,PID_MYC_REPRESS_PATHWAY] was killed by [WP_PATHWAYS_AFFECTED_IN_ADENOID_CYSTIC_CARCINOMA,WP_PATHWAYS_AFFECTED_IN_ADENOID_CYSTIC_CARCINOMA]
[WNT_SIGNALING,WNT_SIGNALING] was killed by [HOSHIDA_LIVER_CANCER_SUBCLASS_S2,HOSHIDA_LIVER_CANCER_SUBCLASS_S2]
[REACTOME_ENERGY_DEPENDENT_REGULATION_OF_MTOR_BY_LKB1_AMPK,REACTOME_ENERGY_DEPENDENT_REGULATION_OF_MTOR_BY_LKB1_AMPK] was killed by [REACTOME_CELLULAR_RESPONSE_TO_STARVATION,REACTOME_CELLULAR_RESPONSE_TO_STARVATION]
[WP_PROTEASOME_DEGRADATION,WP_PROTEASOME_DEGRADATION] was killed by [REACTOME_PRC2_METHYLATES_HISTONES_AND_DNA,REACTOME_PRC2_METHYLATES_HISTONES_AND_DNA]
[GRAHAM_NORMAL_QUIESCENT_VS_NORMAL_DIVIDING_DN,GRAHAM_NORMAL_QUIESCENT_VS_NORMAL_DIVIDING_DN] was killed by [REACTOME_ASSEMBLY_OF_THE_PRE_REPLICATIVE_COMPLEX,REACTOME_ASSEMBLY_OF_THE_PRE_REPLICATIVE_COMPLEX]
[REACTOME_ACTIVATED_PKN1_STIMULATES_TRANSCRIPTION_OF_AR_ANDROGEN_RECEPTOR_REGULATED_GENES_KLK2_AND_KLK3,REACTOME_ACTIVATED_PKN1_STIMULATES_TRANSCRIPTION_OF_AR_ANDROGEN_RECEPTOR_REGULATED_GENES_KLK2_AND_KLK3] was killed by [REACTOME_PRC2_METHYLATES_HISTONES_AND_DNA,REACTOME_PRC2_METHYLATES_HISTONES_AND_DNA]
[REACTOME_COPI_MEDIATED_ANTEROGRADE_TRANSPORT,REACTOME_COPI_MEDIATED_ANTEROGRADE_TRANSPORT] was killed by [RIZKI_TUMOR_INVASIVENESS_2D_DN,RIZKI_TUMOR_INVASIVENESS_2D_DN]
[REACTOME_REGULATION_OF_PTEN_STABILITY_AND_ACTIVITY,REACTOME_REGULATION_OF_PTEN_STABILITY_AND_ACTIVITY] was killed by [REACTOME_ASSEMBLY_OF_THE_PRE_REPLICATIVE_COMPLEX,REACTOME_ASSEMBLY_OF_THE_PRE_REPLICATIVE_COMPLEX]
[REN_BOUND_BY_E2F,REN_BOUND_BY_E2F] was killed by [REACTOME_PRC2_METHYLATES_HISTONES_AND_DNA,REACTOME_PRC2_METHYLATES_HISTONES_AND_DNA]
[YAMAZAKI_TCEB3_TARGETS_DN,YAMAZAKI_TCEB3_TARGETS_DN] was killed by [REACTOME_PRC2_METHYLATES_HISTONES_AND_DNA,REACTOME_PRC2_METHYLATES_HISTONES_AND_DNA]
[MANNE_COVID19_COMBINED_COHORT_VS_HEALTHY_DONOR_PLATELETS_UP,MANNE_COVID19_COMBINED_COHORT_VS_HEALTHY_DONOR_PLATELETS_UP] was killed by [MANNE_COVID19_NONICU_VS_HEALTHY_DONOR_PLATELETS_UP,MANNE_COVID19_NONICU_VS_HEALTHY_DONOR_PLATELETS_UP]
[REACTOME_HEDGEHOG_LIGAND_BIOGENESIS,REACTOME_HEDGEHOG_LIGAND_BIOGENESIS] was killed by [REACTOME_ASSEMBLY_OF_THE_PRE_REPLICATIVE_COMPLEX,REACTOME_ASSEMBLY_OF_THE_PRE_REPLICATIVE_COMPLEX]
[YAO_TEMPORAL_RESPONSE_TO_PROGESTERONE_CLUSTER_11,YAO_TEMPORAL_RESPONSE_TO_PROGESTERONE_CLUSTER_11] was killed by [REACTOME_TRNA_AMINOACYLATION,REACTOME_TRNA_AMINOACYLATION]
[PYEON_CANCER_HEAD_AND_NECK_VS_CERVICAL_UP,PYEON_CANCER_HEAD_AND_NECK_VS_CERVICAL_UP] was killed by [TURASHVILI_BREAST_CARCINOMA_DUCTAL_VS_LOBULAR_UP,TURASHVILI_BREAST_CARCINOMA_DUCTAL_VS_LOBULAR_UP]
[BIOCARTA_RAS_PATHWAY,BIOCARTA_RAS_PATHWAY] was killed by [WP_PATHWAYS_AFFECTED_IN_ADENOID_CYSTIC_CARCINOMA,WP_PATHWAYS_AFFECTED_IN_ADENOID_CYSTIC_CARCINOMA]
[WP_ALLOGRAFT_REJECTION,WP_ALLOGRAFT_REJECTION] was killed by [WP_APOPTOSISRELATED_NETWORK_DUE_TO_ALTERED_NOTCH3_IN_OVARIAN_CANCER,WP_APOPTOSISRELATED_NETWORK_DUE_TO_ALTERED_NOTCH3_IN_OVARIAN_CANCER]
[REACTOME_DNA_METHYLATION,REACTOME_DNA_METHYLATION] was killed by [REACTOME_PRC2_METHYLATES_HISTONES_AND_DNA,REACTOME_PRC2_METHYLATES_HISTONES_AND_DNA]
[OUELLET_OVARIAN_CANCER_INVASIVE_VS_LMP_UP,OUELLET_OVARIAN_CANCER_INVASIVE_VS_LMP_UP] was killed by [HOSHIDA_LIVER_CANCER_SUBCLASS_S2,HOSHIDA_LIVER_CANCER_SUBCLASS_S2]
[REACTOME_DEGRADATION_OF_DVL,REACTOME_DEGRADATION_OF_DVL] was killed by [REACTOME_ASSEMBLY_OF_THE_PRE_REPLICATIVE_COMPLEX,REACTOME_ASSEMBLY_OF_THE_PRE_REPLICATIVE_COMPLEX]
[DELASERNA_MYOD_TARGETS_DN,DELASERNA_MYOD_TARGETS_DN] was killed by [WP_PATHWAYS_AFFECTED_IN_ADENOID_CYSTIC_CARCINOMA,WP_PATHWAYS_AFFECTED_IN_ADENOID_CYSTIC_CARCINOMA]
[ABRAMSON_INTERACT_WITH_AIRE,ABRAMSON_INTERACT_WITH_AIRE] was killed by [REACTOME_ASSEMBLY_OF_THE_PRE_REPLICATIVE_COMPLEX,REACTOME_ASSEMBLY_OF_THE_PRE_REPLICATIVE_COMPLEX]
[REACTOME_REGULATION_OF_EXPRESSION_OF_SLITS_AND_ROBOS,REACTOME_REGULATION_OF_EXPRESSION_OF_SLITS_AND_ROBOS] was killed by [REACTOME_CELLULAR_RESPONSE_TO_STARVATION,REACTOME_CELLULAR_RESPONSE_TO_STARVATION]
[BIOCARTA_RACCYCD_PATHWAY,BIOCARTA_RACCYCD_PATHWAY] was killed by [WP_PATHWAYS_AFFECTED_IN_ADENOID_CYSTIC_CARCINOMA,WP_PATHWAYS_AFFECTED_IN_ADENOID_CYSTIC_CARCINOMA]
[KEGG_AMINOACYL_TRNA_BIOSYNTHESIS,KEGG_AMINOACYL_TRNA_BIOSYNTHESIS] was killed by [REACTOME_TRNA_AMINOACYLATION,REACTOME_TRNA_AMINOACYLATION]
[KEGG_PURINE_METABOLISM,KEGG_PURINE_METABOLISM] was killed by [REACTOME_INHIBITION_OF_REPLICATION_INITIATION_OF_DAMAGED_DNA_BY_RB1_E2F1,REACTOME_INHIBITION_OF_REPLICATION_INITIATION_OF_DAMAGED_DNA_BY_RB1_E2F1]
[ROSS_AML_WITH_MLL_FUSIONS,ROSS_AML_WITH_MLL_FUSIONS] was killed by [VALK_AML_WITH_FLT3_ITD,VALK_AML_WITH_FLT3_ITD]
[ZAMORA_NOS2_TARGETS_DN,ZAMORA_NOS2_TARGETS_DN] was killed by [RAHMAN_TP53_TARGETS_PHOSPHORYLATED,RAHMAN_TP53_TARGETS_PHOSPHORYLATED]
[REACTOME_DEGRADATION_OF_AXIN,REACTOME_DEGRADATION_OF_AXIN] was killed by [REACTOME_ASSEMBLY_OF_THE_PRE_REPLICATIVE_COMPLEX,REACTOME_ASSEMBLY_OF_THE_PRE_REPLICATIVE_COMPLEX]
[KEGG_FC_GAMMA_R_MEDIATED_PHAGOCYTOSIS,KEGG_FC_GAMMA_R_MEDIATED_PHAGOCYTOSIS] was killed by [GAZDA_DIAMOND_BLACKFAN_ANEMIA_ERYTHROID_UP,GAZDA_DIAMOND_BLACKFAN_ANEMIA_ERYTHROID_UP]
[KEGG_EPITHELIAL_CELL_SIGNALING_IN_HELICOBACTER_PYLORI_INFECTION,KEGG_EPITHELIAL_CELL_SIGNALING_IN_HELICOBACTER_PYLORI_INFECTION] was killed by [REACTOME_CELLULAR_RESPONSE_TO_STARVATION,REACTOME_CELLULAR_RESPONSE_TO_STARVATION]
[REACTOME_MITOCHONDRIAL_TRNA_AMINOACYLATION,REACTOME_MITOCHONDRIAL_TRNA_AMINOACYLATION] was killed by [REACTOME_TRNA_AMINOACYLATION,REACTOME_TRNA_AMINOACYLATION]
[REACTOME_HDACS_DEACETYLATE_HISTONES,REACTOME_HDACS_DEACETYLATE_HISTONES] was killed by [WP_PATHWAYS_AFFECTED_IN_ADENOID_CYSTIC_CARCINOMA,WP_PATHWAYS_AFFECTED_IN_ADENOID_CYSTIC_CARCINOMA]
[JIANG_AGING_HYPOTHALAMUS_UP,JIANG_AGING_HYPOTHALAMUS_UP] was killed by [RAHMAN_TP53_TARGETS_PHOSPHORYLATED,RAHMAN_TP53_TARGETS_PHOSPHORYLATED]
[PANGAS_TUMOR_SUPPRESSION_BY_SMAD1_AND_SMAD5_UP,PANGAS_TUMOR_SUPPRESSION_BY_SMAD1_AND_SMAD5_UP] was killed by [DAVIES_MULTIPLE_MYELOMA_VS_MGUS_DN,DAVIES_MULTIPLE_MYELOMA_VS_MGUS_DN]
[TIEN_INTESTINE_PROBIOTICS_6HR_UP,TIEN_INTESTINE_PROBIOTICS_6HR_UP] was killed by [REACTOME_CELLULAR_RESPONSE_TO_STARVATION,REACTOME_CELLULAR_RESPONSE_TO_STARVATION]
[KEGG_LONG_TERM_POTENTIATION,KEGG_LONG_TERM_POTENTIATION] was killed by [WP_PATHWAYS_AFFECTED_IN_ADENOID_CYSTIC_CARCINOMA,WP_PATHWAYS_AFFECTED_IN_ADENOID_CYSTIC_CARCINOMA]
[MANNE_COVID19_ICU_VS_HEALTHY_DONOR_PLATELETS_UP,MANNE_COVID19_ICU_VS_HEALTHY_DONOR_PLATELETS_UP] was killed by [MANNE_COVID19_NONICU_VS_HEALTHY_DONOR_PLATELETS_UP,MANNE_COVID19_NONICU_VS_HEALTHY_DONOR_PLATELETS_UP]
[NEMETH_INFLAMMATORY_RESPONSE_LPS_UP,NEMETH_INFLAMMATORY_RESPONSE_LPS_UP] was killed by [WP_APOPTOSISRELATED_NETWORK_DUE_TO_ALTERED_NOTCH3_IN_OVARIAN_CANCER,WP_APOPTOSISRELATED_NETWORK_DUE_TO_ALTERED_NOTCH3_IN_OVARIAN_CANCER]
[KEGG_PROTEASOME,KEGG_PROTEASOME] was killed by [REACTOME_ASSEMBLY_OF_THE_PRE_REPLICATIVE_COMPLEX,REACTOME_ASSEMBLY_OF_THE_PRE_REPLICATIVE_COMPLEX]
[REACTOME_CROSS_PRESENTATION_OF_SOLUBLE_EXOGENOUS_ANTIGENS_ENDOSOMES,REACTOME_CROSS_PRESENTATION_OF_SOLUBLE_EXOGENOUS_ANTIGENS_ENDOSOMES] was killed by [REACTOME_ASSEMBLY_OF_THE_PRE_REPLICATIVE_COMPLEX,REACTOME_ASSEMBLY_OF_THE_PRE_REPLICATIVE_COMPLEX]
[KONDO_PROSTATE_CANCER_WITH_H3K27ME3,KONDO_PROSTATE_CANCER_WITH_H3K27ME3] was killed by [DAVIES_MULTIPLE_MYELOMA_VS_MGUS_DN,DAVIES_MULTIPLE_MYELOMA_VS_MGUS_DN]
[POMEROY_MEDULLOBLASTOMA_PROGNOSIS_UP,POMEROY_MEDULLOBLASTOMA_PROGNOSIS_UP] was killed by [DAVIES_MULTIPLE_MYELOMA_VS_MGUS_DN,DAVIES_MULTIPLE_MYELOMA_VS_MGUS_DN]
[REACTOME_ERCC6_CSB_AND_EHMT2_G9A_POSITIVELY_REGULATE_RRNA_EXPRESSION,REACTOME_ERCC6_CSB_AND_EHMT2_G9A_POSITIVELY_REGULATE_RRNA_EXPRESSION] was killed by [REACTOME_PRC2_METHYLATES_HISTONES_AND_DNA,REACTOME_PRC2_METHYLATES_HISTONES_AND_DNA]
[WP_NUCLEOTIDEBINDING_OLIGOMERIZATION_DOMAIN_NOD_PATHWAY,WP_NUCLEOTIDEBINDING_OLIGOMERIZATION_DOMAIN_NOD_PATHWAY] was killed by [WP_APOPTOSISRELATED_NETWORK_DUE_TO_ALTERED_NOTCH3_IN_OVARIAN_CANCER,WP_APOPTOSISRELATED_NETWORK_DUE_TO_ALTERED_NOTCH3_IN_OVARIAN_CANCER]
[VANDESLUIS_COMMD1_TARGETS_GROUP_3_DN,VANDESLUIS_COMMD1_TARGETS_GROUP_3_DN] was killed by [DAVIES_MULTIPLE_MYELOMA_VS_MGUS_DN,DAVIES_MULTIPLE_MYELOMA_VS_MGUS_DN]
[WP_HISTONE_MODIFICATIONS,WP_HISTONE_MODIFICATIONS] was killed by [WP_PATHWAYS_AFFECTED_IN_ADENOID_CYSTIC_CARCINOMA,WP_PATHWAYS_AFFECTED_IN_ADENOID_CYSTIC_CARCINOMA]
[WP_SELECTIVE_EXPRESSION_OF_CHEMOKINE_RECEPTORS_DURING_TCELL_POLARIZATION,WP_SELECTIVE_EXPRESSION_OF_CHEMOKINE_RECEPTORS_DURING_TCELL_POLARIZATION] was killed by [BIOCARTA_IL12_PATHWAY,BIOCARTA_IL12_PATHWAY]
[PID_P38_MK2_PATHWAY,PID_P38_MK2_PATHWAY] was killed by [BIOCARTA_IL12_PATHWAY,BIOCARTA_IL12_PATHWAY]
[LENAOUR_DENDRITIC_CELL_MATURATION_UP,LENAOUR_DENDRITIC_CELL_MATURATION_UP] was killed by [KEGG_GLYCINE_SERINE_AND_THREONINE_METABOLISM,KEGG_GLYCINE_SERINE_AND_THREONINE_METABOLISM]
[REACTOME_DISEASES_OF_PROGRAMMED_CELL_DEATH,REACTOME_DISEASES_OF_PROGRAMMED_CELL_DEATH] was killed by [REACTOME_PRC2_METHYLATES_HISTONES_AND_DNA,REACTOME_PRC2_METHYLATES_HISTONES_AND_DNA]
[GENTILE_RESPONSE_CLUSTER_D3,GENTILE_RESPONSE_CLUSTER_D3] was killed by [REACTOME_ASSEMBLY_OF_THE_PRE_REPLICATIVE_COMPLEX,REACTOME_ASSEMBLY_OF_THE_PRE_REPLICATIVE_COMPLEX]
[WP_WNT_SIGNALING_PATHWAY_AND_PLURIPOTENCY,WP_WNT_SIGNALING_PATHWAY_AND_PLURIPOTENCY] was killed by [WP_PATHWAYS_AFFECTED_IN_ADENOID_CYSTIC_CARCINOMA,WP_PATHWAYS_AFFECTED_IN_ADENOID_CYSTIC_CARCINOMA]
[RODRIGUES_NTN1_TARGETS_DN,RODRIGUES_NTN1_TARGETS_DN] was killed by [WP_PATHWAYS_AFFECTED_IN_ADENOID_CYSTIC_CARCINOMA,WP_PATHWAYS_AFFECTED_IN_ADENOID_CYSTIC_CARCINOMA]
[REACTOME_HCMV_INFECTION,REACTOME_HCMV_INFECTION] was killed by [REACTOME_PRC2_METHYLATES_HISTONES_AND_DNA,REACTOME_PRC2_METHYLATES_HISTONES_AND_DNA]
[PID_MAPK_TRK_PATHWAY,PID_MAPK_TRK_PATHWAY] was killed by [WP_PATHWAYS_AFFECTED_IN_ADENOID_CYSTIC_CARCINOMA,WP_PATHWAYS_AFFECTED_IN_ADENOID_CYSTIC_CARCINOMA]
[DAIRKEE_CANCER_PRONE_RESPONSE_BPA_E2,DAIRKEE_CANCER_PRONE_RESPONSE_BPA_E2] was killed by [HOSHIDA_LIVER_CANCER_SUBCLASS_S2,HOSHIDA_LIVER_CANCER_SUBCLASS_S2]
[PECE_MAMMARY_STEM_CELL_UP,PECE_MAMMARY_STEM_CELL_UP] was killed by [REACTOME_CELLULAR_RESPONSE_TO_STARVATION,REACTOME_CELLULAR_RESPONSE_TO_STARVATION]
[IGARASHI_ATF4_TARGETS_DN,IGARASHI_ATF4_TARGETS_DN] was killed by [KEGG_GLYCINE_SERINE_AND_THREONINE_METABOLISM,KEGG_GLYCINE_SERINE_AND_THREONINE_METABOLISM]
[NIKOLSKY_BREAST_CANCER_7P22_AMPLICON,NIKOLSKY_BREAST_CANCER_7P22_AMPLICON] was killed by [RAHMAN_TP53_TARGETS_PHOSPHORYLATED,RAHMAN_TP53_TARGETS_PHOSPHORYLATED]
[WP_FRAGILE_X_SYNDROME,WP_FRAGILE_X_SYNDROME] was killed by [REACTOME_CELLULAR_RESPONSE_TO_STARVATION,REACTOME_CELLULAR_RESPONSE_TO_STARVATION]
[WP_WNTBETACATENIN_SIGNALING_PATHWAY_IN_LEUKEMIA,WP_WNTBETACATENIN_SIGNALING_PATHWAY_IN_LEUKEMIA] was killed by [WP_PATHWAYS_AFFECTED_IN_ADENOID_CYSTIC_CARCINOMA,WP_PATHWAYS_AFFECTED_IN_ADENOID_CYSTIC_CARCINOMA]
[SABATES_COLORECTAL_ADENOMA_UP,SABATES_COLORECTAL_ADENOMA_UP] was killed by [BROWNE_HCMV_INFECTION_30MIN_DN,BROWNE_HCMV_INFECTION_30MIN_DN]
[COLLIS_PRKDC_SUBSTRATES,COLLIS_PRKDC_SUBSTRATES] was killed by [REACTOME_PRC2_METHYLATES_HISTONES_AND_DNA,REACTOME_PRC2_METHYLATES_HISTONES_AND_DNA]
[REACTOME_ER_TO_GOLGI_ANTEROGRADE_TRANSPORT,REACTOME_ER_TO_GOLGI_ANTEROGRADE_TRANSPORT] was killed by [RIZKI_TUMOR_INVASIVENESS_2D_DN,RIZKI_TUMOR_INVASIVENESS_2D_DN]
[REACTOME_DEPOSITION_OF_NEW_CENPA_CONTAINING_NUCLEOSOMES_AT_THE_CENTROMERE,REACTOME_DEPOSITION_OF_NEW_CENPA_CONTAINING_NUCLEOSOMES_AT_THE_CENTROMERE] was killed by [REACTOME_PRC2_METHYLATES_HISTONES_AND_DNA,REACTOME_PRC2_METHYLATES_HISTONES_AND_DNA]
[REACTOME_NOTCH_HLH_TRANSCRIPTION_PATHWAY,REACTOME_NOTCH_HLH_TRANSCRIPTION_PATHWAY] was killed by [WP_PATHWAYS_AFFECTED_IN_ADENOID_CYSTIC_CARCINOMA,WP_PATHWAYS_AFFECTED_IN_ADENOID_CYSTIC_CARCINOMA]
[RIZ_ERYTHROID_DIFFERENTIATION,RIZ_ERYTHROID_DIFFERENTIATION] was killed by [WP_PATHWAYS_AFFECTED_IN_ADENOID_CYSTIC_CARCINOMA,WP_PATHWAYS_AFFECTED_IN_ADENOID_CYSTIC_CARCINOMA]
[REACTOME_ANTIVIRAL_MECHANISM_BY_IFN_STIMULATED_GENES,REACTOME_ANTIVIRAL_MECHANISM_BY_IFN_STIMULATED_GENES] was killed by [HOSHIDA_LIVER_CANCER_SUBCLASS_S2,HOSHIDA_LIVER_CANCER_SUBCLASS_S2]
[BOYAULT_LIVER_CANCER_SUBCLASS_G5_DN,BOYAULT_LIVER_CANCER_SUBCLASS_G5_DN] was killed by [MULLIGAN_NTF3_SIGNALING_VIA_INSR_AND_IGF1R_UP,MULLIGAN_NTF3_SIGNALING_VIA_INSR_AND_IGF1R_UP]
[REACTOME_METABOLISM_OF_POLYAMINES,REACTOME_METABOLISM_OF_POLYAMINES] was killed by [REACTOME_ASSEMBLY_OF_THE_PRE_REPLICATIVE_COMPLEX,REACTOME_ASSEMBLY_OF_THE_PRE_REPLICATIVE_COMPLEX]
[CAVARD_LIVER_CANCER_MALIGNANT_VS_BENIGN,CAVARD_LIVER_CANCER_MALIGNANT_VS_BENIGN] was killed by [DAVIES_MULTIPLE_MYELOMA_VS_MGUS_DN,DAVIES_MULTIPLE_MYELOMA_VS_MGUS_DN]
[LIU_LIVER_CANCER,LIU_LIVER_CANCER] was killed by [REACTOME_TRNA_AMINOACYLATION,REACTOME_TRNA_AMINOACYLATION]
[GNATENKO_PLATELET_SIGNATURE,GNATENKO_PLATELET_SIGNATURE] was killed by [DAVIES_MULTIPLE_MYELOMA_VS_MGUS_DN,DAVIES_MULTIPLE_MYELOMA_VS_MGUS_DN]
[CHNG_MULTIPLE_MYELOMA_HYPERPLOID_UP,CHNG_MULTIPLE_MYELOMA_HYPERPLOID_UP] was killed by [REACTOME_CELLULAR_RESPONSE_TO_STARVATION,REACTOME_CELLULAR_RESPONSE_TO_STARVATION]
[CHANG_IMMORTALIZED_BY_HPV31_DN,CHANG_IMMORTALIZED_BY_HPV31_DN] was killed by [REACTOME_INHIBITION_OF_REPLICATION_INITIATION_OF_DAMAGED_DNA_BY_RB1_E2F1,REACTOME_INHIBITION_OF_REPLICATION_INITIATION_OF_DAMAGED_DNA_BY_RB1_E2F1]
[PID_CERAMIDE_PATHWAY,PID_CERAMIDE_PATHWAY] was killed by [WP_PATHWAYS_AFFECTED_IN_ADENOID_CYSTIC_CARCINOMA,WP_PATHWAYS_AFFECTED_IN_ADENOID_CYSTIC_CARCINOMA]
[BIOCARTA_NKT_PATHWAY,BIOCARTA_NKT_PATHWAY] was killed by [BIOCARTA_IL12_PATHWAY,BIOCARTA_IL12_PATHWAY]
[REACTOME_RORA_ACTIVATES_GENE_EXPRESSION,REACTOME_RORA_ACTIVATES_GENE_EXPRESSION] was killed by [WP_PATHWAYS_AFFECTED_IN_ADENOID_CYSTIC_CARCINOMA,WP_PATHWAYS_AFFECTED_IN_ADENOID_CYSTIC_CARCINOMA]
[PID_P38_MKK3_6PATHWAY,PID_P38_MKK3_6PATHWAY] was killed by [BIOCARTA_IL12_PATHWAY,BIOCARTA_IL12_PATHWAY]
[KEGG_CITRATE_CYCLE_TCA_CYCLE,KEGG_CITRATE_CYCLE_TCA_CYCLE] was killed by [RAHMAN_TP53_TARGETS_PHOSPHORYLATED,RAHMAN_TP53_TARGETS_PHOSPHORYLATED]
[PID_IL1_PATHWAY,PID_IL1_PATHWAY] was killed by [BIOCARTA_IL12_PATHWAY,BIOCARTA_IL12_PATHWAY]
[GRADE_COLON_VS_RECTAL_CANCER_DN,GRADE_COLON_VS_RECTAL_CANCER_DN] was killed by [GINESTIER_BREAST_CANCER_ZNF217_AMPLIFIED_UP,GINESTIER_BREAST_CANCER_ZNF217_AMPLIFIED_UP]
[PID_NFKAPPAB_CANONICAL_PATHWAY,PID_NFKAPPAB_CANONICAL_PATHWAY] was killed by [WP_APOPTOSISRELATED_NETWORK_DUE_TO_ALTERED_NOTCH3_IN_OVARIAN_CANCER,WP_APOPTOSISRELATED_NETWORK_DUE_TO_ALTERED_NOTCH3_IN_OVARIAN_CANCER]
[REACTOME_ESTROGEN_STIMULATED_SIGNALING_THROUGH_PRKCZ,REACTOME_ESTROGEN_STIMULATED_SIGNALING_THROUGH_PRKCZ] was killed by [WP_APOPTOSISRELATED_NETWORK_DUE_TO_ALTERED_NOTCH3_IN_OVARIAN_CANCER,WP_APOPTOSISRELATED_NETWORK_DUE_TO_ALTERED_NOTCH3_IN_OVARIAN_CANCER]
[YAO_TEMPORAL_RESPONSE_TO_PROGESTERONE_CLUSTER_14,YAO_TEMPORAL_RESPONSE_TO_PROGESTERONE_CLUSTER_14] was killed by [RIZKI_TUMOR_INVASIVENESS_2D_DN,RIZKI_TUMOR_INVASIVENESS_2D_DN]
[PID_RHOA_REG_PATHWAY,PID_RHOA_REG_PATHWAY] was killed by [HOSHIDA_LIVER_CANCER_SUBCLASS_S2,HOSHIDA_LIVER_CANCER_SUBCLASS_S2]
[REACTOME_INTERLEUKIN_1_FAMILY_SIGNALING,REACTOME_INTERLEUKIN_1_FAMILY_SIGNALING] was killed by [WP_APOPTOSISRELATED_NETWORK_DUE_TO_ALTERED_NOTCH3_IN_OVARIAN_CANCER,WP_APOPTOSISRELATED_NETWORK_DUE_TO_ALTERED_NOTCH3_IN_OVARIAN_CANCER]
[WP_LNCRNA_INVOLVEMENT_IN_CANONICAL_WNT_SIGNALING_AND_COLORECTAL_CANCER,WP_LNCRNA_INVOLVEMENT_IN_CANONICAL_WNT_SIGNALING_AND_COLORECTAL_CANCER] was killed by [HOSHIDA_LIVER_CANCER_SUBCLASS_S2,HOSHIDA_LIVER_CANCER_SUBCLASS_S2]
[MARTORIATI_MDM4_TARGETS_NEUROEPITHELIUM_UP,MARTORIATI_MDM4_TARGETS_NEUROEPITHELIUM_UP] was killed by [AMIT_EGF_RESPONSE_480_MCF10A,AMIT_EGF_RESPONSE_480_MCF10A]
[REACTOME_TCR_SIGNALING,REACTOME_TCR_SIGNALING] was killed by [WP_APOPTOSISRELATED_NETWORK_DUE_TO_ALTERED_NOTCH3_IN_OVARIAN_CANCER,WP_APOPTOSISRELATED_NETWORK_DUE_TO_ALTERED_NOTCH3_IN_OVARIAN_CANCER]
[REACTOME_MITOTIC_G1_PHASE_AND_G1_S_TRANSITION,REACTOME_MITOTIC_G1_PHASE_AND_G1_S_TRANSITION] was killed by [WP_APOPTOSISRELATED_NETWORK_DUE_TO_ALTERED_NOTCH3_IN_OVARIAN_CANCER,WP_APOPTOSISRELATED_NETWORK_DUE_TO_ALTERED_NOTCH3_IN_OVARIAN_CANCER]
[REACTOME_REGULATION_OF_INNATE_IMMUNE_RESPONSES_TO_CYTOSOLIC_DNA,REACTOME_REGULATION_OF_INNATE_IMMUNE_RESPONSES_TO_CYTOSOLIC_DNA] was killed by [REACTOME_ASSEMBLY_OF_THE_PRE_REPLICATIVE_COMPLEX,REACTOME_ASSEMBLY_OF_THE_PRE_REPLICATIVE_COMPLEX]
[REACTOME_DEGRADATION_OF_GLI1_BY_THE_PROTEASOME,REACTOME_DEGRADATION_OF_GLI1_BY_THE_PROTEASOME] was killed by [REACTOME_ASSEMBLY_OF_THE_PRE_REPLICATIVE_COMPLEX,REACTOME_ASSEMBLY_OF_THE_PRE_REPLICATIVE_COMPLEX]
[REACTOME_DNA_STRAND_ELONGATION,REACTOME_DNA_STRAND_ELONGATION] was killed by [REACTOME_ASSEMBLY_OF_THE_PRE_REPLICATIVE_COMPLEX,REACTOME_ASSEMBLY_OF_THE_PRE_REPLICATIVE_COMPLEX]
[REACTOME_RNA_POLYMERASE_I_PROMOTER_ESCAPE,REACTOME_RNA_POLYMERASE_I_PROMOTER_ESCAPE] was killed by [REACTOME_PRC2_METHYLATES_HISTONES_AND_DNA,REACTOME_PRC2_METHYLATES_HISTONES_AND_DNA]
[HOEBEKE_LYMPHOID_STEM_CELL_UP,HOEBEKE_LYMPHOID_STEM_CELL_UP] was killed by [HOSHIDA_LIVER_CANCER_SUBCLASS_S2,HOSHIDA_LIVER_CANCER_SUBCLASS_S2]
[WP_COMMON_PATHWAYS_UNDERLYING_DRUG_ADDICTION,WP_COMMON_PATHWAYS_UNDERLYING_DRUG_ADDICTION] was killed by [RAHMAN_TP53_TARGETS_PHOSPHORYLATED,RAHMAN_TP53_TARGETS_PHOSPHORYLATED]
[REACTOME_RUNX1_REGULATES_TRANSCRIPTION_OF_GENES_INVOLVED_IN_DIFFERENTIATION_OF_HSCS,REACTOME_RUNX1_REGULATES_TRANSCRIPTION_OF_GENES_INVOLVED_IN_DIFFERENTIATION_OF_HSCS] was killed by [REACTOME_PRC2_METHYLATES_HISTONES_AND_DNA,REACTOME_PRC2_METHYLATES_HISTONES_AND_DNA]
[ZHONG_SECRETOME_OF_LUNG_CANCER_AND_MACROPHAGE,ZHONG_SECRETOME_OF_LUNG_CANCER_AND_MACROPHAGE] was killed by [RAHMAN_TP53_TARGETS_PHOSPHORYLATED,RAHMAN_TP53_TARGETS_PHOSPHORYLATED]
[BIOCARTA_VEGF_PATHWAY,BIOCARTA_VEGF_PATHWAY] was killed by [REACTOME_CELLULAR_RESPONSE_TO_STARVATION,REACTOME_CELLULAR_RESPONSE_TO_STARVATION]
[REACTOME_TNFR2_NON_CANONICAL_NF_KB_PATHWAY,REACTOME_TNFR2_NON_CANONICAL_NF_KB_PATHWAY] was killed by [WP_APOPTOSISRELATED_NETWORK_DUE_TO_ALTERED_NOTCH3_IN_OVARIAN_CANCER,WP_APOPTOSISRELATED_NETWORK_DUE_TO_ALTERED_NOTCH3_IN_OVARIAN_CANCER]
[REACTOME_CYCLIN_D_ASSOCIATED_EVENTS_IN_G1,REACTOME_CYCLIN_D_ASSOCIATED_EVENTS_IN_G1] was killed by [WP_APOPTOSISRELATED_NETWORK_DUE_TO_ALTERED_NOTCH3_IN_OVARIAN_CANCER,WP_APOPTOSISRELATED_NETWORK_DUE_TO_ALTERED_NOTCH3_IN_OVARIAN_CANCER]
[BILANGES_SERUM_AND_RAPAMYCIN_SENSITIVE_GENES,BILANGES_SERUM_AND_RAPAMYCIN_SENSITIVE_GENES] was killed by [HOSHIDA_LIVER_CANCER_SUBCLASS_S2,HOSHIDA_LIVER_CANCER_SUBCLASS_S2]
[BLANCO_MELO_COVID19_SARS_COV_2_INFECTION_A594_ACE2_EXPRESSING_CELLS_DN,BLANCO_MELO_COVID19_SARS_COV_2_INFECTION_A594_ACE2_EXPRESSING_CELLS_DN] was killed by [KEGG_GLYCINE_SERINE_AND_THREONINE_METABOLISM,KEGG_GLYCINE_SERINE_AND_THREONINE_METABOLISM]
[VERHAAK_GLIOBLASTOMA_NEURAL,VERHAAK_GLIOBLASTOMA_NEURAL] was killed by [RAHMAN_TP53_TARGETS_PHOSPHORYLATED,RAHMAN_TP53_TARGETS_PHOSPHORYLATED]
[KIM_RESPONSE_TO_TSA_AND_DECITABINE_UP,KIM_RESPONSE_TO_TSA_AND_DECITABINE_UP] was killed by [REACTOME_PRC2_METHYLATES_HISTONES_AND_DNA,REACTOME_PRC2_METHYLATES_HISTONES_AND_DNA]
[GRUETZMANN_PANCREATIC_CANCER_DN,GRUETZMANN_PANCREATIC_CANCER_DN] was killed by [RIZKI_TUMOR_INVASIVENESS_2D_DN,RIZKI_TUMOR_INVASIVENESS_2D_DN]
[POS_HISTAMINE_RESPONSE_NETWORK,POS_HISTAMINE_RESPONSE_NETWORK] was killed by [BIOCARTA_IL12_PATHWAY,BIOCARTA_IL12_PATHWAY]
[REACTOME_ORC1_REMOVAL_FROM_CHROMATIN,REACTOME_ORC1_REMOVAL_FROM_CHROMATIN] was killed by [REACTOME_ASSEMBLY_OF_THE_PRE_REPLICATIVE_COMPLEX,REACTOME_ASSEMBLY_OF_THE_PRE_REPLICATIVE_COMPLEX]
[PID_IL6_7_PATHWAY,PID_IL6_7_PATHWAY] was killed by [WP_PATHWAYS_AFFECTED_IN_ADENOID_CYSTIC_CARCINOMA,WP_PATHWAYS_AFFECTED_IN_ADENOID_CYSTIC_CARCINOMA]
[PID_ENDOTHELIN_PATHWAY,PID_ENDOTHELIN_PATHWAY] was killed by [WP_PATHWAYS_AFFECTED_IN_ADENOID_CYSTIC_CARCINOMA,WP_PATHWAYS_AFFECTED_IN_ADENOID_CYSTIC_CARCINOMA]
[LEE_LIVER_CANCER_CIPROFIBRATE_DN,LEE_LIVER_CANCER_CIPROFIBRATE_DN] was killed by [GAZDA_DIAMOND_BLACKFAN_ANEMIA_ERYTHROID_UP,GAZDA_DIAMOND_BLACKFAN_ANEMIA_ERYTHROID_UP]
[SCIBETTA_KDM5B_TARGETS_DN,SCIBETTA_KDM5B_TARGETS_DN] was killed by [WP_PATHWAYS_AFFECTED_IN_ADENOID_CYSTIC_CARCINOMA,WP_PATHWAYS_AFFECTED_IN_ADENOID_CYSTIC_CARCINOMA]
