[GO_MITOCHONDRIAL_GENE_EXPRESSION,GO_MITOCHONDRIAL_GENE_EXPRESSION] was killed by [GO_MITOCHONDRIAL_TRANSLATION,GO_MITOCHONDRIAL_TRANSLATION]
[GO_MITOCHONDRIAL_TRANSLATIONAL_TERMINATION,GO_MITOCHONDRIAL_TRANSLATIONAL_TERMINATION] was killed by [GO_MITOCHONDRIAL_TRANSLATION,GO_MITOCHONDRIAL_TRANSLATION]
[GO_TRANSLATIONAL_ELONGATION,GO_TRANSLATIONAL_ELONGATION] was killed by [GO_MITOCHONDRIAL_TRANSLATION,GO_MITOCHONDRIAL_TRANSLATION]
[GO_TRANSLATIONAL_TERMINATION,GO_TRANSLATIONAL_TERMINATION] was killed by [GO_MITOCHONDRIAL_TRANSLATION,GO_MITOCHONDRIAL_TRANSLATION]
[GO_ORGANELLAR_RIBOSOME,GO_ORGANELLAR_RIBOSOME] was killed by [GO_MITOCHONDRIAL_TRANSLATION,GO_MITOCHONDRIAL_TRANSLATION]
[GO_MITOCHONDRIAL_LARGE_RIBOSOMAL_SUBUNIT,GO_MITOCHONDRIAL_LARGE_RIBOSOMAL_SUBUNIT] was killed by [GO_MITOCHONDRIAL_TRANSLATION,GO_MITOCHONDRIAL_TRANSLATION]
[GO_RNA_3_END_PROCESSING,GO_RNA_3_END_PROCESSING] was killed by [GO_POSITIVE_REGULATION_OF_CHROMOSOME_ORGANIZATION,GO_POSITIVE_REGULATION_OF_CHROMOSOME_ORGANIZATION]
[GO_TELOMERE_ORGANIZATION,GO_TELOMERE_ORGANIZATION] was killed by [GO_POSITIVE_REGULATION_OF_CHROMOSOME_ORGANIZATION,GO_POSITIVE_REGULATION_OF_CHROMOSOME_ORGANIZATION]
[GO_MRNA_3_END_PROCESSING,GO_MRNA_3_END_PROCESSING] was killed by [GO_POSITIVE_REGULATION_OF_CHROMOSOME_ORGANIZATION,GO_POSITIVE_REGULATION_OF_CHROMOSOME_ORGANIZATION]
[GO_ESTABLISHMENT_OF_RNA_LOCALIZATION,GO_ESTABLISHMENT_OF_RNA_LOCALIZATION] was killed by [GO_POSITIVE_REGULATION_OF_CHROMOSOME_ORGANIZATION,GO_POSITIVE_REGULATION_OF_CHROMOSOME_ORGANIZATION]
[GO_CHROMOSOME_TELOMERIC_REGION,GO_CHROMOSOME_TELOMERIC_REGION] was killed by [GO_POSITIVE_REGULATION_OF_CHROMOSOME_ORGANIZATION,GO_POSITIVE_REGULATION_OF_CHROMOSOME_ORGANIZATION]
[GO_REGULATION_OF_SISTER_CHROMATID_SEGREGATION,GO_REGULATION_OF_SISTER_CHROMATID_SEGREGATION] was killed by [GO_POSITIVE_REGULATION_OF_CHROMOSOME_ORGANIZATION,GO_POSITIVE_REGULATION_OF_CHROMOSOME_ORGANIZATION]
[GO_HISTONE_H2A_ACETYLATION,GO_HISTONE_H2A_ACETYLATION] was killed by [GO_H4_H2A_HISTONE_ACETYLTRANSFERASE_COMPLEX,GO_H4_H2A_HISTONE_ACETYLTRANSFERASE_COMPLEX]
[GO_TRANSCRIPTION_EXPORT_COMPLEX,GO_TRANSCRIPTION_EXPORT_COMPLEX] was killed by [GO_RNA_EXPORT_FROM_NUCLEUS,GO_RNA_EXPORT_FROM_NUCLEUS]
[GO_POSITIVE_REGULATION_OF_TELOMERE_MAINTENANCE,GO_POSITIVE_REGULATION_OF_TELOMERE_MAINTENANCE] was killed by [GO_POSITIVE_REGULATION_OF_CHROMOSOME_ORGANIZATION,GO_POSITIVE_REGULATION_OF_CHROMOSOME_ORGANIZATION]
[GO_RIBOSOMAL_SUBUNIT,GO_RIBOSOMAL_SUBUNIT] was killed by [GO_MITOCHONDRIAL_TRANSLATION,GO_MITOCHONDRIAL_TRANSLATION]
[GO_RNA_MODIFICATION,GO_RNA_MODIFICATION] was killed by [GO_MITOCHONDRIAL_TRANSLATION,GO_MITOCHONDRIAL_TRANSLATION]
[GO_REGULATION_OF_SISTER_CHROMATID_COHESION,GO_REGULATION_OF_SISTER_CHROMATID_COHESION] was killed by [GO_POSITIVE_REGULATION_OF_CHROMOSOME_ORGANIZATION,GO_POSITIVE_REGULATION_OF_CHROMOSOME_ORGANIZATION]
[GO_TRANSLOCATION_OF_MOLECULES_INTO_HOST,GO_TRANSLOCATION_OF_MOLECULES_INTO_HOST] was killed by [GO_RNA_EXPORT_FROM_NUCLEUS,GO_RNA_EXPORT_FROM_NUCLEUS]
[GO_MITOTIC_CELL_CYCLE_CHECKPOINT,GO_MITOTIC_CELL_CYCLE_CHECKPOINT] was killed by [GO_POSITIVE_REGULATION_OF_CHROMOSOME_ORGANIZATION,GO_POSITIVE_REGULATION_OF_CHROMOSOME_ORGANIZATION]
[GO_STRUCTURAL_CONSTITUENT_OF_RIBOSOME,GO_STRUCTURAL_CONSTITUENT_OF_RIBOSOME] was killed by [GO_MITOCHONDRIAL_TRANSLATION,GO_MITOCHONDRIAL_TRANSLATION]
[GO_REGULATION_OF_TELOMERE_MAINTENANCE,GO_REGULATION_OF_TELOMERE_MAINTENANCE] was killed by [GO_POSITIVE_REGULATION_OF_CHROMOSOME_ORGANIZATION,GO_POSITIVE_REGULATION_OF_CHROMOSOME_ORGANIZATION]
[GO_LIGASE_ACTIVITY_FORMING_CARBON_OXYGEN_BONDS,GO_LIGASE_ACTIVITY_FORMING_CARBON_OXYGEN_BONDS] was killed by [GO_MITOCHONDRIAL_TRANSLATION,GO_MITOCHONDRIAL_TRANSLATION]
[GO_REPLICATION_FORK,GO_REPLICATION_FORK] was killed by [GO_POSITIVE_REGULATION_OF_CHROMOSOME_ORGANIZATION,GO_POSITIVE_REGULATION_OF_CHROMOSOME_ORGANIZATION]
[GO_MITOCHONDRIAL_SMALL_RIBOSOMAL_SUBUNIT,GO_MITOCHONDRIAL_SMALL_RIBOSOMAL_SUBUNIT] was killed by [GO_MITOCHONDRIAL_TRANSLATION,GO_MITOCHONDRIAL_TRANSLATION]
[GO_NEGATIVE_REGULATION_OF_DNA_RECOMBINATION,GO_NEGATIVE_REGULATION_OF_DNA_RECOMBINATION] was killed by [GO_POSITIVE_REGULATION_OF_CHROMOSOME_ORGANIZATION,GO_POSITIVE_REGULATION_OF_CHROMOSOME_ORGANIZATION]
[GO_ESTABLISHMENT_OF_PROTEIN_LOCALIZATION_TO_TELOMERE,GO_ESTABLISHMENT_OF_PROTEIN_LOCALIZATION_TO_TELOMERE] was killed by [GO_POSITIVE_REGULATION_OF_CHROMOSOME_ORGANIZATION,GO_POSITIVE_REGULATION_OF_CHROMOSOME_ORGANIZATION]
[GO_REGULATION_OF_CHROMOSOME_SEGREGATION,GO_REGULATION_OF_CHROMOSOME_SEGREGATION] was killed by [GO_POSITIVE_REGULATION_OF_CHROMOSOME_ORGANIZATION,GO_POSITIVE_REGULATION_OF_CHROMOSOME_ORGANIZATION]
[GO_NUCLEAR_MATRIX,GO_NUCLEAR_MATRIX] was killed by [GO_POSITIVE_REGULATION_OF_CHROMOSOME_ORGANIZATION,GO_POSITIVE_REGULATION_OF_CHROMOSOME_ORGANIZATION]
[GO_CHROMATIN_REMODELING,GO_CHROMATIN_REMODELING] was killed by [GO_POSITIVE_REGULATION_OF_CHROMOSOME_ORGANIZATION,GO_POSITIVE_REGULATION_OF_CHROMOSOME_ORGANIZATION]
[GO_INTRINSIC_APOPTOTIC_SIGNALING_PATHWAY_IN_RESPONSE_TO_DNA_DAMAGE,GO_INTRINSIC_APOPTOTIC_SIGNALING_PATHWAY_IN_RESPONSE_TO_DNA_DAMAGE] was killed by [GO_POSITIVE_REGULATION_OF_CHROMOSOME_ORGANIZATION,GO_POSITIVE_REGULATION_OF_CHROMOSOME_ORGANIZATION]
[GO_NUCLEAR_PERIPHERY,GO_NUCLEAR_PERIPHERY] was killed by [GO_POSITIVE_REGULATION_OF_CHROMOSOME_ORGANIZATION,GO_POSITIVE_REGULATION_OF_CHROMOSOME_ORGANIZATION]
[GO_SISTER_CHROMATID_SEGREGATION,GO_SISTER_CHROMATID_SEGREGATION] was killed by [GO_POSITIVE_REGULATION_OF_CHROMOSOME_ORGANIZATION,GO_POSITIVE_REGULATION_OF_CHROMOSOME_ORGANIZATION]
[GO_SMALL_RIBOSOMAL_SUBUNIT,GO_SMALL_RIBOSOMAL_SUBUNIT] was killed by [GO_MITOCHONDRIAL_TRANSLATION,GO_MITOCHONDRIAL_TRANSLATION]
[GO_LARGE_RIBOSOMAL_SUBUNIT,GO_LARGE_RIBOSOMAL_SUBUNIT] was killed by [GO_MITOCHONDRIAL_TRANSLATION,GO_MITOCHONDRIAL_TRANSLATION]
[GO_NEGATIVE_REGULATION_OF_T_CELL_PROLIFERATION,GO_NEGATIVE_REGULATION_OF_T_CELL_PROLIFERATION] was killed by [GO_REGULATION_OF_LYMPHOCYTE_APOPTOTIC_PROCESS,GO_REGULATION_OF_LYMPHOCYTE_APOPTOTIC_PROCESS]
[GO_REGULATION_OF_PROTEASOMAL_PROTEIN_CATABOLIC_PROCESS,GO_REGULATION_OF_PROTEASOMAL_PROTEIN_CATABOLIC_PROCESS] was killed by [GO_PROTEIN_DEGLYCOSYLATION,GO_PROTEIN_DEGLYCOSYLATION]
[GO_MRNA_EXPORT_FROM_NUCLEUS,GO_MRNA_EXPORT_FROM_NUCLEUS] was killed by [GO_RNA_EXPORT_FROM_NUCLEUS,GO_RNA_EXPORT_FROM_NUCLEUS]
[GO_POSITIVE_REGULATION_OF_TELOMERE_MAINTENANCE_VIA_TELOMERE_LENGTHENING,GO_POSITIVE_REGULATION_OF_TELOMERE_MAINTENANCE_VIA_TELOMERE_LENGTHENING] was killed by [GO_POSITIVE_REGULATION_OF_CHROMOSOME_ORGANIZATION,GO_POSITIVE_REGULATION_OF_CHROMOSOME_ORGANIZATION]
[GO_RESPONSE_TO_GAMMA_RADIATION,GO_RESPONSE_TO_GAMMA_RADIATION] was killed by [GO_POSITIVE_REGULATION_OF_CHROMOSOME_ORGANIZATION,GO_POSITIVE_REGULATION_OF_CHROMOSOME_ORGANIZATION]
[GO_POSITIVE_REGULATION_OF_LYMPHOCYTE_APOPTOTIC_PROCESS,GO_POSITIVE_REGULATION_OF_LYMPHOCYTE_APOPTOTIC_PROCESS] was killed by [GO_REGULATION_OF_LYMPHOCYTE_APOPTOTIC_PROCESS,GO_REGULATION_OF_LYMPHOCYTE_APOPTOTIC_PROCESS]
[GO_POSITIVE_REGULATION_OF_CHROMATIN_ORGANIZATION,GO_POSITIVE_REGULATION_OF_CHROMATIN_ORGANIZATION] was killed by [GO_POSITIVE_REGULATION_OF_CHROMOSOME_ORGANIZATION,GO_POSITIVE_REGULATION_OF_CHROMOSOME_ORGANIZATION]
[GO_POSITIVE_REGULATION_OF_PHOSPHATASE_ACTIVITY,GO_POSITIVE_REGULATION_OF_PHOSPHATASE_ACTIVITY] was killed by [GO_REGULATION_OF_LYMPHOCYTE_APOPTOTIC_PROCESS,GO_REGULATION_OF_LYMPHOCYTE_APOPTOTIC_PROCESS]
[GO_SWR1_COMPLEX,GO_SWR1_COMPLEX] was killed by [GO_H4_H2A_HISTONE_ACETYLTRANSFERASE_COMPLEX,GO_H4_H2A_HISTONE_ACETYLTRANSFERASE_COMPLEX]
[GO_NUCLEAR_EXPORT,GO_NUCLEAR_EXPORT] was killed by [GO_POSITIVE_REGULATION_OF_CHROMOSOME_ORGANIZATION,GO_POSITIVE_REGULATION_OF_CHROMOSOME_ORGANIZATION]
[GO_LIGASE_ACTIVITY,GO_LIGASE_ACTIVITY] was killed by [GO_MITOCHONDRIAL_TRANSLATION,GO_MITOCHONDRIAL_TRANSLATION]
[GO_HISTONE_DEACETYLASE_COMPLEX,GO_HISTONE_DEACETYLASE_COMPLEX] was killed by [GO_POSITIVE_REGULATION_OF_CHROMOSOME_ORGANIZATION,GO_POSITIVE_REGULATION_OF_CHROMOSOME_ORGANIZATION]
[GO_AMINO_ACID_ACTIVATION,GO_AMINO_ACID_ACTIVATION] was killed by [GO_MITOCHONDRIAL_TRANSLATION,GO_MITOCHONDRIAL_TRANSLATION]
[GO_PROTEIN_DEMANNOSYLATION,GO_PROTEIN_DEMANNOSYLATION] was killed by [GO_PROTEIN_DEGLYCOSYLATION,GO_PROTEIN_DEGLYCOSYLATION]
[GO_NUCLEOTIDYLTRANSFERASE_ACTIVITY,GO_NUCLEOTIDYLTRANSFERASE_ACTIVITY] was killed by [GO_TRANSCRIPTION_BY_RNA_POLYMERASE_III,GO_TRANSCRIPTION_BY_RNA_POLYMERASE_III]
[GO_SAGA_TYPE_COMPLEX,GO_SAGA_TYPE_COMPLEX] was killed by [GO_POSITIVE_REGULATION_OF_CHROMOSOME_ORGANIZATION,GO_POSITIVE_REGULATION_OF_CHROMOSOME_ORGANIZATION]
[GO_PROMOTER_SPECIFIC_CHROMATIN_BINDING,GO_PROMOTER_SPECIFIC_CHROMATIN_BINDING] was killed by [GO_POSITIVE_REGULATION_OF_CHROMOSOME_ORGANIZATION,GO_POSITIVE_REGULATION_OF_CHROMOSOME_ORGANIZATION]
[GO_NEGATIVE_REGULATION_OF_LEUKOCYTE_PROLIFERATION,GO_NEGATIVE_REGULATION_OF_LEUKOCYTE_PROLIFERATION] was killed by [GO_REGULATION_OF_LYMPHOCYTE_APOPTOTIC_PROCESS,GO_REGULATION_OF_LYMPHOCYTE_APOPTOTIC_PROCESS]
[GO_NEGATIVE_REGULATION_OF_COLLAGEN_METABOLIC_PROCESS,GO_NEGATIVE_REGULATION_OF_COLLAGEN_METABOLIC_PROCESS] was killed by [GO_LOW_DENSITY_LIPOPROTEIN_RECEPTOR_PARTICLE_METABOLIC_PROCESS,GO_LOW_DENSITY_LIPOPROTEIN_RECEPTOR_PARTICLE_METABOLIC_PROCESS]
[GO_PROGRAMMED_NECROTIC_CELL_DEATH,GO_PROGRAMMED_NECROTIC_CELL_DEATH] was killed by [GO_REGULATION_OF_LYMPHOCYTE_APOPTOTIC_PROCESS,GO_REGULATION_OF_LYMPHOCYTE_APOPTOTIC_PROCESS]
[GO_RECOMBINATIONAL_REPAIR,GO_RECOMBINATIONAL_REPAIR] was killed by [GO_POSITIVE_REGULATION_OF_CHROMOSOME_ORGANIZATION,GO_POSITIVE_REGULATION_OF_CHROMOSOME_ORGANIZATION]
[GO_STEROID_ESTERIFICATION,GO_STEROID_ESTERIFICATION] was killed by [GO_LOW_DENSITY_LIPOPROTEIN_RECEPTOR_PARTICLE_METABOLIC_PROCESS,GO_LOW_DENSITY_LIPOPROTEIN_RECEPTOR_PARTICLE_METABOLIC_PROCESS]
[GO_MRNA_TRANSPORT,GO_MRNA_TRANSPORT] was killed by [GO_POSITIVE_REGULATION_OF_CHROMOSOME_ORGANIZATION,GO_POSITIVE_REGULATION_OF_CHROMOSOME_ORGANIZATION]
[GO_MITOTIC_SISTER_CHROMATID_SEGREGATION,GO_MITOTIC_SISTER_CHROMATID_SEGREGATION] was killed by [GO_POSITIVE_REGULATION_OF_CHROMOSOME_ORGANIZATION,GO_POSITIVE_REGULATION_OF_CHROMOSOME_ORGANIZATION]
[GO_NEGATIVE_REGULATION_OF_LIPID_LOCALIZATION,GO_NEGATIVE_REGULATION_OF_LIPID_LOCALIZATION] was killed by [GO_LOW_DENSITY_LIPOPROTEIN_RECEPTOR_PARTICLE_METABOLIC_PROCESS,GO_LOW_DENSITY_LIPOPROTEIN_RECEPTOR_PARTICLE_METABOLIC_PROCESS]
[GO_PEPTIDYL_LYSINE_ACETYLATION,GO_PEPTIDYL_LYSINE_ACETYLATION] was killed by [GO_POSITIVE_REGULATION_OF_CHROMOSOME_ORGANIZATION,GO_POSITIVE_REGULATION_OF_CHROMOSOME_ORGANIZATION]
[GO_POSITIVE_REGULATION_OF_ESTABLISHMENT_OF_PROTEIN_LOCALIZATION_TO_TELOMERE,GO_POSITIVE_REGULATION_OF_ESTABLISHMENT_OF_PROTEIN_LOCALIZATION_TO_TELOMERE] was killed by [GO_POSITIVE_REGULATION_OF_CHROMOSOME_ORGANIZATION,GO_POSITIVE_REGULATION_OF_CHROMOSOME_ORGANIZATION]
[GO_RNA_POLYMERASE_III_COMPLEX,GO_RNA_POLYMERASE_III_COMPLEX] was killed by [GO_TRANSCRIPTION_BY_RNA_POLYMERASE_III,GO_TRANSCRIPTION_BY_RNA_POLYMERASE_III]
[GO_DNA_DEPENDENT_DNA_REPLICATION_MAINTENANCE_OF_FIDELITY,GO_DNA_DEPENDENT_DNA_REPLICATION_MAINTENANCE_OF_FIDELITY] was killed by [GO_POSITIVE_REGULATION_OF_CHROMOSOME_ORGANIZATION,GO_POSITIVE_REGULATION_OF_CHROMOSOME_ORGANIZATION]
[GO_AXON_EXTENSION,GO_AXON_EXTENSION] was killed by [GO_SYNAPTIC_VESICLE_CYTOSKELETAL_TRANSPORT,GO_SYNAPTIC_VESICLE_CYTOSKELETAL_TRANSPORT]
[GO_PROTEIN_ACETYLTRANSFERASE_COMPLEX,GO_PROTEIN_ACETYLTRANSFERASE_COMPLEX] was killed by [GO_POSITIVE_REGULATION_OF_CHROMOSOME_ORGANIZATION,GO_POSITIVE_REGULATION_OF_CHROMOSOME_ORGANIZATION]
[GO_EXTRACELLULAR_MATRIX_STRUCTURAL_CONSTITUENT,GO_EXTRACELLULAR_MATRIX_STRUCTURAL_CONSTITUENT] was killed by [GO_CHONDROITIN_SULFATE_PROTEOGLYCAN_METABOLIC_PROCESS,GO_CHONDROITIN_SULFATE_PROTEOGLYCAN_METABOLIC_PROCESS]
[GO_TELOMERASE_HOLOENZYME_COMPLEX,GO_TELOMERASE_HOLOENZYME_COMPLEX] was killed by [GO_POSITIVE_REGULATION_OF_CHROMOSOME_ORGANIZATION,GO_POSITIVE_REGULATION_OF_CHROMOSOME_ORGANIZATION]
[GO_PEPTIDYL_SERINE_DEPHOSPHORYLATION,GO_PEPTIDYL_SERINE_DEPHOSPHORYLATION] was killed by [GO_POSITIVE_REGULATION_OF_ENDOPLASMIC_RETICULUM_STRESS_INDUCED_INTRINSIC_APOPTOTIC_SIGNALING_PATHWAY,GO_POSITIVE_REGULATION_OF_ENDOPLASMIC_RETICULUM_STRESS_INDUCED_INTRINSIC_APOPTOTIC_SIGNALING_PATHWAY]
[GO_SYNAPTIC_VESICLE_TRANSPORT,GO_SYNAPTIC_VESICLE_TRANSPORT] was killed by [GO_POSITIVE_REGULATION_OF_CHROMOSOME_ORGANIZATION,GO_POSITIVE_REGULATION_OF_CHROMOSOME_ORGANIZATION]
[GO_DNA_BIOSYNTHETIC_PROCESS,GO_DNA_BIOSYNTHETIC_PROCESS] was killed by [GO_POSITIVE_REGULATION_OF_CHROMOSOME_ORGANIZATION,GO_POSITIVE_REGULATION_OF_CHROMOSOME_ORGANIZATION]
[GO_CELL_CYCLE_DNA_REPLICATION,GO_CELL_CYCLE_DNA_REPLICATION] was killed by [GO_POSITIVE_REGULATION_OF_CHROMOSOME_ORGANIZATION,GO_POSITIVE_REGULATION_OF_CHROMOSOME_ORGANIZATION]
[GO_SPINDLE_ORGANIZATION,GO_SPINDLE_ORGANIZATION] was killed by [GO_POSITIVE_REGULATION_OF_CHROMOSOME_ORGANIZATION,GO_POSITIVE_REGULATION_OF_CHROMOSOME_ORGANIZATION]
[GO_NEGATIVE_REGULATION_OF_CELL_CYCLE_G1_S_PHASE_TRANSITION,GO_NEGATIVE_REGULATION_OF_CELL_CYCLE_G1_S_PHASE_TRANSITION] was killed by [GO_POSITIVE_REGULATION_OF_CHROMOSOME_ORGANIZATION,GO_POSITIVE_REGULATION_OF_CHROMOSOME_ORGANIZATION]
[GO_POSITIVE_REGULATION_OF_LEUKOCYTE_APOPTOTIC_PROCESS,GO_POSITIVE_REGULATION_OF_LEUKOCYTE_APOPTOTIC_PROCESS] was killed by [GO_REGULATION_OF_LYMPHOCYTE_APOPTOTIC_PROCESS,GO_REGULATION_OF_LYMPHOCYTE_APOPTOTIC_PROCESS]
[GO_REGULATION_OF_UBIQUITIN_DEPENDENT_PROTEIN_CATABOLIC_PROCESS,GO_REGULATION_OF_UBIQUITIN_DEPENDENT_PROTEIN_CATABOLIC_PROCESS] was killed by [GO_BETA_CATENIN_DESTRUCTION_COMPLEX_DISASSEMBLY,GO_BETA_CATENIN_DESTRUCTION_COMPLEX_DISASSEMBLY]
[GO_CYTOPLASMIC_TRANSLATIONAL_INITIATION,GO_CYTOPLASMIC_TRANSLATIONAL_INITIATION] was killed by [GO_POSITIVE_REGULATION_OF_ENDOPLASMIC_RETICULUM_STRESS_INDUCED_INTRINSIC_APOPTOTIC_SIGNALING_PATHWAY,GO_POSITIVE_REGULATION_OF_ENDOPLASMIC_RETICULUM_STRESS_INDUCED_INTRINSIC_APOPTOTIC_SIGNALING_PATHWAY]
[GO_PROTEIN_SUMOYLATION,GO_PROTEIN_SUMOYLATION] was killed by [GO_POSITIVE_REGULATION_OF_CHROMOSOME_ORGANIZATION,GO_POSITIVE_REGULATION_OF_CHROMOSOME_ORGANIZATION]
[GO_CHONDROITIN_SULFATE_PROTEOGLYCAN_BIOSYNTHETIC_PROCESS,GO_CHONDROITIN_SULFATE_PROTEOGLYCAN_BIOSYNTHETIC_PROCESS] was killed by [GO_CHONDROITIN_SULFATE_PROTEOGLYCAN_METABOLIC_PROCESS,GO_CHONDROITIN_SULFATE_PROTEOGLYCAN_METABOLIC_PROCESS]
[GO_ATPASE_COMPLEX,GO_ATPASE_COMPLEX] was killed by [GO_H4_H2A_HISTONE_ACETYLTRANSFERASE_COMPLEX,GO_H4_H2A_HISTONE_ACETYLTRANSFERASE_COMPLEX]
[GO_CDP_DIACYLGLYCEROL_METABOLIC_PROCESS,GO_CDP_DIACYLGLYCEROL_METABOLIC_PROCESS] was killed by [GO_PYRIMIDINE_CONTAINING_COMPOUND_BIOSYNTHETIC_PROCESS,GO_PYRIMIDINE_CONTAINING_COMPOUND_BIOSYNTHETIC_PROCESS]
[GO_G1_DNA_DAMAGE_CHECKPOINT,GO_G1_DNA_DAMAGE_CHECKPOINT] was killed by [GO_POSITIVE_REGULATION_OF_CHROMOSOME_ORGANIZATION,GO_POSITIVE_REGULATION_OF_CHROMOSOME_ORGANIZATION]
[GO_DNA_DEPENDENT_DNA_REPLICATION,GO_DNA_DEPENDENT_DNA_REPLICATION] was killed by [GO_POSITIVE_REGULATION_OF_CHROMOSOME_ORGANIZATION,GO_POSITIVE_REGULATION_OF_CHROMOSOME_ORGANIZATION]
[GO_REGULATION_OF_PROTEASOMAL_UBIQUITIN_DEPENDENT_PROTEIN_CATABOLIC_PROCESS,GO_REGULATION_OF_PROTEASOMAL_UBIQUITIN_DEPENDENT_PROTEIN_CATABOLIC_PROCESS] was killed by [GO_CELLULAR_MODIFIED_AMINO_ACID_BIOSYNTHETIC_PROCESS,GO_CELLULAR_MODIFIED_AMINO_ACID_BIOSYNTHETIC_PROCESS]
[GO_TELOMERASE_RNA_LOCALIZATION,GO_TELOMERASE_RNA_LOCALIZATION] was killed by [GO_POSITIVE_REGULATION_OF_CHROMOSOME_ORGANIZATION,GO_POSITIVE_REGULATION_OF_CHROMOSOME_ORGANIZATION]
[GO_PROTEIN_LOCALIZATION_TO_CHROMOSOME_TELOMERIC_REGION,GO_PROTEIN_LOCALIZATION_TO_CHROMOSOME_TELOMERIC_REGION] was killed by [GO_POSITIVE_REGULATION_OF_CHROMOSOME_ORGANIZATION,GO_POSITIVE_REGULATION_OF_CHROMOSOME_ORGANIZATION]
[GO_NUCLEAR_CHROMOSOME_TELOMERIC_REGION,GO_NUCLEAR_CHROMOSOME_TELOMERIC_REGION] was killed by [GO_POSITIVE_REGULATION_OF_CHROMOSOME_ORGANIZATION,GO_POSITIVE_REGULATION_OF_CHROMOSOME_ORGANIZATION]
[GO_CHONDROITIN_SULFATE_BIOSYNTHETIC_PROCESS,GO_CHONDROITIN_SULFATE_BIOSYNTHETIC_PROCESS] was killed by [GO_CHONDROITIN_SULFATE_PROTEOGLYCAN_METABOLIC_PROCESS,GO_CHONDROITIN_SULFATE_PROTEOGLYCAN_METABOLIC_PROCESS]
[GO_SISTER_CHROMATID_COHESION,GO_SISTER_CHROMATID_COHESION] was killed by [GO_POSITIVE_REGULATION_OF_CHROMOSOME_ORGANIZATION,GO_POSITIVE_REGULATION_OF_CHROMOSOME_ORGANIZATION]
[GO_UBIQUITIN_PROTEIN_TRANSFERASE_REGULATOR_ACTIVITY,GO_UBIQUITIN_PROTEIN_TRANSFERASE_REGULATOR_ACTIVITY] was killed by [GO_CYTOSOLIC_LARGE_RIBOSOMAL_SUBUNIT,GO_CYTOSOLIC_LARGE_RIBOSOMAL_SUBUNIT]
[GO_PYRIMIDINE_NUCLEOSIDE_MONOPHOSPHATE_METABOLIC_PROCESS,GO_PYRIMIDINE_NUCLEOSIDE_MONOPHOSPHATE_METABOLIC_PROCESS] was killed by [GO_PYRIMIDINE_CONTAINING_COMPOUND_BIOSYNTHETIC_PROCESS,GO_PYRIMIDINE_CONTAINING_COMPOUND_BIOSYNTHETIC_PROCESS]
[GO_MANNOSIDASE_ACTIVITY,GO_MANNOSIDASE_ACTIVITY] was killed by [GO_PROTEIN_DEGLYCOSYLATION,GO_PROTEIN_DEGLYCOSYLATION]
[GO_PROTEIN_LOCALIZATION_TO_NUCLEOPLASM,GO_PROTEIN_LOCALIZATION_TO_NUCLEOPLASM] was killed by [GO_POSITIVE_REGULATION_OF_CHROMOSOME_ORGANIZATION,GO_POSITIVE_REGULATION_OF_CHROMOSOME_ORGANIZATION]
[GO_REGULATION_OF_HELICASE_ACTIVITY,GO_REGULATION_OF_HELICASE_ACTIVITY] was killed by [GO_POSITIVE_REGULATION_OF_CHROMOSOME_ORGANIZATION,GO_POSITIVE_REGULATION_OF_CHROMOSOME_ORGANIZATION]
[GO_POSITIVE_REGULATION_OF_TRANSCRIPTION_FROM_RNA_POLYMERASE_II_PROMOTER_INVOLVED_IN_CELLULAR_RESPONSE_TO_CHEMICAL_STIMULUS,GO_POSITIVE_REGULATION_OF_TRANSCRIPTION_FROM_RNA_POLYMERASE_II_PROMOTER_INVOLVED_IN_CELLULAR_RESPONSE_TO_CHEMICAL_STIMULUS] was killed by [GO_POSITIVE_REGULATION_OF_CHROMOSOME_ORGANIZATION,GO_POSITIVE_REGULATION_OF_CHROMOSOME_ORGANIZATION]
[GO_PYRIMIDINE_NUCLEOTIDE_BIOSYNTHETIC_PROCESS,GO_PYRIMIDINE_NUCLEOTIDE_BIOSYNTHETIC_PROCESS] was killed by [GO_PYRIMIDINE_CONTAINING_COMPOUND_BIOSYNTHETIC_PROCESS,GO_PYRIMIDINE_CONTAINING_COMPOUND_BIOSYNTHETIC_PROCESS]
[GO_RNA_DEPENDENT_DNA_BIOSYNTHETIC_PROCESS,GO_RNA_DEPENDENT_DNA_BIOSYNTHETIC_PROCESS] was killed by [GO_POSITIVE_REGULATION_OF_CHROMOSOME_ORGANIZATION,GO_POSITIVE_REGULATION_OF_CHROMOSOME_ORGANIZATION]
[GO_CENTROMERIC_SISTER_CHROMATID_COHESION,GO_CENTROMERIC_SISTER_CHROMATID_COHESION] was killed by [GO_BETA_CATENIN_DESTRUCTION_COMPLEX_DISASSEMBLY,GO_BETA_CATENIN_DESTRUCTION_COMPLEX_DISASSEMBLY]
[GO_DORSAL_SPINAL_CORD_DEVELOPMENT,GO_DORSAL_SPINAL_CORD_DEVELOPMENT] was killed by [GO_BETA_CATENIN_DESTRUCTION_COMPLEX_DISASSEMBLY,GO_BETA_CATENIN_DESTRUCTION_COMPLEX_DISASSEMBLY]
[GO_ESTABLISHMENT_OF_PLANAR_POLARITY_OF_EMBRYONIC_EPITHELIUM,GO_ESTABLISHMENT_OF_PLANAR_POLARITY_OF_EMBRYONIC_EPITHELIUM] was killed by [GO_BETA_CATENIN_DESTRUCTION_COMPLEX_DISASSEMBLY,GO_BETA_CATENIN_DESTRUCTION_COMPLEX_DISASSEMBLY]
[GO_INO80_TYPE_COMPLEX,GO_INO80_TYPE_COMPLEX] was killed by [GO_H4_H2A_HISTONE_ACETYLTRANSFERASE_COMPLEX,GO_H4_H2A_HISTONE_ACETYLTRANSFERASE_COMPLEX]
[GO_TRNA_METABOLIC_PROCESS,GO_TRNA_METABOLIC_PROCESS] was killed by [GO_MITOCHONDRIAL_TRANSLATION,GO_MITOCHONDRIAL_TRANSLATION]
[GO_NEGATIVE_REGULATION_OF_CHROMOSOME_SEGREGATION,GO_NEGATIVE_REGULATION_OF_CHROMOSOME_SEGREGATION] was killed by [GO_POSITIVE_REGULATION_OF_CHROMOSOME_ORGANIZATION,GO_POSITIVE_REGULATION_OF_CHROMOSOME_ORGANIZATION]
[GO_REGULATION_OF_CHROMATIN_ORGANIZATION,GO_REGULATION_OF_CHROMATIN_ORGANIZATION] was killed by [GO_POSITIVE_REGULATION_OF_CHROMOSOME_ORGANIZATION,GO_POSITIVE_REGULATION_OF_CHROMOSOME_ORGANIZATION]
[GO_U2_TYPE_SPLICEOSOMAL_COMPLEX,GO_U2_TYPE_SPLICEOSOMAL_COMPLEX] was killed by [GO_RNA_EXPORT_FROM_NUCLEUS,GO_RNA_EXPORT_FROM_NUCLEUS]
