[WP_CYTOPLASMIC_RIBOSOMAL_PROTEINS,WP_CYTOPLASMIC_RIBOSOMAL_PROTEINS] was killed by [REACTOME_EUKARYOTIC_TRANSLATION_ELONGATION,REACTOME_EUKARYOTIC_TRANSLATION_ELONGATION]
[REACTOME_RESPONSE_OF_EIF2AK4_GCN2_TO_AMINO_ACID_DEFICIENCY,REACTOME_RESPONSE_OF_EIF2AK4_GCN2_TO_AMINO_ACID_DEFICIENCY] was killed by [REACTOME_EUKARYOTIC_TRANSLATION_ELONGATION,REACTOME_EUKARYOTIC_TRANSLATION_ELONGATION]
[REACTOME_SELENOAMINO_ACID_METABOLISM,REACTOME_SELENOAMINO_ACID_METABOLISM] was killed by [REACTOME_EUKARYOTIC_TRANSLATION_ELONGATION,REACTOME_EUKARYOTIC_TRANSLATION_ELONGATION]
[BILANGES_SERUM_AND_RAPAMYCIN_SENSITIVE_GENES,BILANGES_SERUM_AND_RAPAMYCIN_SENSITIVE_GENES] was killed by [REACTOME_EUKARYOTIC_TRANSLATION_ELONGATION,REACTOME_EUKARYOTIC_TRANSLATION_ELONGATION]
[FUJII_YBX1_TARGETS_DN,FUJII_YBX1_TARGETS_DN] was killed by [FLORIO_NEOCORTEX_BASAL_RADIAL_GLIA_DN,FLORIO_NEOCORTEX_BASAL_RADIAL_GLIA_DN]
[REACTOME_SRP_DEPENDENT_COTRANSLATIONAL_PROTEIN_TARGETING_TO_MEMBRANE,REACTOME_SRP_DEPENDENT_COTRANSLATIONAL_PROTEIN_TARGETING_TO_MEMBRANE] was killed by [REACTOME_EUKARYOTIC_TRANSLATION_ELONGATION,REACTOME_EUKARYOTIC_TRANSLATION_ELONGATION]
[GRAHAM_CML_DIVIDING_VS_NORMAL_QUIESCENT_UP,GRAHAM_CML_DIVIDING_VS_NORMAL_QUIESCENT_UP] was killed by [FLORIO_NEOCORTEX_BASAL_RADIAL_GLIA_DN,FLORIO_NEOCORTEX_BASAL_RADIAL_GLIA_DN]
[PYEON_CANCER_HEAD_AND_NECK_VS_CERVICAL_UP,PYEON_CANCER_HEAD_AND_NECK_VS_CERVICAL_UP] was killed by [FLORIO_NEOCORTEX_BASAL_RADIAL_GLIA_DN,FLORIO_NEOCORTEX_BASAL_RADIAL_GLIA_DN]
[KEGG_RIBOSOME,KEGG_RIBOSOME] was killed by [REACTOME_EUKARYOTIC_TRANSLATION_ELONGATION,REACTOME_EUKARYOTIC_TRANSLATION_ELONGATION]
[ZHOU_CELL_CYCLE_GENES_IN_IR_RESPONSE_24HR,ZHOU_CELL_CYCLE_GENES_IN_IR_RESPONSE_24HR] was killed by [FLORIO_NEOCORTEX_BASAL_RADIAL_GLIA_DN,FLORIO_NEOCORTEX_BASAL_RADIAL_GLIA_DN]
[REACTOME_INTERLEUKIN_1_FAMILY_SIGNALING,REACTOME_INTERLEUKIN_1_FAMILY_SIGNALING] was killed by [REACTOME_APC_C_MEDIATED_DEGRADATION_OF_CELL_CYCLE_PROTEINS,REACTOME_APC_C_MEDIATED_DEGRADATION_OF_CELL_CYCLE_PROTEINS]
[REACTOME_REGULATION_OF_EXPRESSION_OF_SLITS_AND_ROBOS,REACTOME_REGULATION_OF_EXPRESSION_OF_SLITS_AND_ROBOS] was killed by [REACTOME_EUKARYOTIC_TRANSLATION_ELONGATION,REACTOME_EUKARYOTIC_TRANSLATION_ELONGATION]
[WHITFIELD_CELL_CYCLE_LITERATURE,WHITFIELD_CELL_CYCLE_LITERATURE] was killed by [FLORIO_NEOCORTEX_BASAL_RADIAL_GLIA_DN,FLORIO_NEOCORTEX_BASAL_RADIAL_GLIA_DN]
[FURUKAWA_DUSP6_TARGETS_PCI35_DN,FURUKAWA_DUSP6_TARGETS_PCI35_DN] was killed by [FLORIO_NEOCORTEX_BASAL_RADIAL_GLIA_DN,FLORIO_NEOCORTEX_BASAL_RADIAL_GLIA_DN]
[CHNG_MULTIPLE_MYELOMA_HYPERPLOID_UP,CHNG_MULTIPLE_MYELOMA_HYPERPLOID_UP] was killed by [REACTOME_EUKARYOTIC_TRANSLATION_ELONGATION,REACTOME_EUKARYOTIC_TRANSLATION_ELONGATION]
[REACTOME_NONSENSE_MEDIATED_DECAY_NMD,REACTOME_NONSENSE_MEDIATED_DECAY_NMD] was killed by [REACTOME_EUKARYOTIC_TRANSLATION_ELONGATION,REACTOME_EUKARYOTIC_TRANSLATION_ELONGATION]
[REACTOME_EUKARYOTIC_TRANSLATION_INITIATION,REACTOME_EUKARYOTIC_TRANSLATION_INITIATION] was killed by [REACTOME_EUKARYOTIC_TRANSLATION_ELONGATION,REACTOME_EUKARYOTIC_TRANSLATION_ELONGATION]
[FERREIRA_EWINGS_SARCOMA_UNSTABLE_VS_STABLE_UP,FERREIRA_EWINGS_SARCOMA_UNSTABLE_VS_STABLE_UP] was killed by [FLORIO_NEOCORTEX_BASAL_RADIAL_GLIA_DN,FLORIO_NEOCORTEX_BASAL_RADIAL_GLIA_DN]
[PUJANA_XPRSS_INT_NETWORK,PUJANA_XPRSS_INT_NETWORK] was killed by [FLORIO_NEOCORTEX_BASAL_RADIAL_GLIA_DN,FLORIO_NEOCORTEX_BASAL_RADIAL_GLIA_DN]
[EPPERT_PROGENITOR,EPPERT_PROGENITOR] was killed by [FLORIO_NEOCORTEX_BASAL_RADIAL_GLIA_DN,FLORIO_NEOCORTEX_BASAL_RADIAL_GLIA_DN]
[PUJANA_BRCA_CENTERED_NETWORK,PUJANA_BRCA_CENTERED_NETWORK] was killed by [FLORIO_NEOCORTEX_BASAL_RADIAL_GLIA_DN,FLORIO_NEOCORTEX_BASAL_RADIAL_GLIA_DN]
[VANTVEER_BREAST_CANCER_METASTASIS_DN,VANTVEER_BREAST_CANCER_METASTASIS_DN] was killed by [FLORIO_NEOCORTEX_BASAL_RADIAL_GLIA_DN,FLORIO_NEOCORTEX_BASAL_RADIAL_GLIA_DN]
[REACTOME_CELL_DEATH_SIGNALLING_VIA_NRAGE_NRIF_AND_NADE,REACTOME_CELL_DEATH_SIGNALLING_VIA_NRAGE_NRIF_AND_NADE] was killed by [REACTOME_G_ALPHA_12_13_SIGNALLING_EVENTS,REACTOME_G_ALPHA_12_13_SIGNALLING_EVENTS]
[REACTOME_NRAGE_SIGNALS_DEATH_THROUGH_JNK,REACTOME_NRAGE_SIGNALS_DEATH_THROUGH_JNK] was killed by [REACTOME_G_ALPHA_12_13_SIGNALLING_EVENTS,REACTOME_G_ALPHA_12_13_SIGNALLING_EVENTS]
[WALLACE_PROSTATE_CANCER_RACE_DN,WALLACE_PROSTATE_CANCER_RACE_DN] was killed by [DURAND_STROMA_NS_UP,DURAND_STROMA_NS_UP]
[ROSTY_CERVICAL_CANCER_PROLIFERATION_CLUSTER,ROSTY_CERVICAL_CANCER_PROLIFERATION_CLUSTER] was killed by [FLORIO_NEOCORTEX_BASAL_RADIAL_GLIA_DN,FLORIO_NEOCORTEX_BASAL_RADIAL_GLIA_DN]
[MORI_IMMATURE_B_LYMPHOCYTE_DN,MORI_IMMATURE_B_LYMPHOCYTE_DN] was killed by [FLORIO_NEOCORTEX_BASAL_RADIAL_GLIA_DN,FLORIO_NEOCORTEX_BASAL_RADIAL_GLIA_DN]
[REACTOME_TRANSCRIPTIONAL_REGULATION_BY_RUNX3,REACTOME_TRANSCRIPTIONAL_REGULATION_BY_RUNX3] was killed by [REACTOME_APC_C_MEDIATED_DEGRADATION_OF_CELL_CYCLE_PROTEINS,REACTOME_APC_C_MEDIATED_DEGRADATION_OF_CELL_CYCLE_PROTEINS]
[REACTOME_CELLULAR_RESPONSE_TO_STARVATION,REACTOME_CELLULAR_RESPONSE_TO_STARVATION] was killed by [REACTOME_EUKARYOTIC_TRANSLATION_ELONGATION,REACTOME_EUKARYOTIC_TRANSLATION_ELONGATION]
[REACTOME_TRANSPORT_TO_THE_GOLGI_AND_SUBSEQUENT_MODIFICATION,REACTOME_TRANSPORT_TO_THE_GOLGI_AND_SUBSEQUENT_MODIFICATION] was killed by [REACTOME_COPII_MEDIATED_VESICLE_TRANSPORT,REACTOME_COPII_MEDIATED_VESICLE_TRANSPORT]
[WP_MRNA_PROCESSING,WP_MRNA_PROCESSING] was killed by [MCBRYAN_PUBERTAL_BREAST_5_6WK_DN,MCBRYAN_PUBERTAL_BREAST_5_6WK_DN]
[WHITEFORD_PEDIATRIC_CANCER_MARKERS,WHITEFORD_PEDIATRIC_CANCER_MARKERS] was killed by [FLORIO_NEOCORTEX_BASAL_RADIAL_GLIA_DN,FLORIO_NEOCORTEX_BASAL_RADIAL_GLIA_DN]
[REACTOME_CELLULAR_SENESCENCE,REACTOME_CELLULAR_SENESCENCE] was killed by [REACTOME_APC_C_MEDIATED_DEGRADATION_OF_CELL_CYCLE_PROTEINS,REACTOME_APC_C_MEDIATED_DEGRADATION_OF_CELL_CYCLE_PROTEINS]
[STEIN_ESRRA_TARGETS_RESPONSIVE_TO_ESTROGEN_DN,STEIN_ESRRA_TARGETS_RESPONSIVE_TO_ESTROGEN_DN] was killed by [FLORIO_NEOCORTEX_BASAL_RADIAL_GLIA_DN,FLORIO_NEOCORTEX_BASAL_RADIAL_GLIA_DN]
[REACTOME_BETA_CATENIN_INDEPENDENT_WNT_SIGNALING,REACTOME_BETA_CATENIN_INDEPENDENT_WNT_SIGNALING] was killed by [REACTOME_G_ALPHA_12_13_SIGNALLING_EVENTS,REACTOME_G_ALPHA_12_13_SIGNALLING_EVENTS]
[KARLSSON_TGFB1_TARGETS_DN,KARLSSON_TGFB1_TARGETS_DN] was killed by [DURAND_STROMA_NS_UP,DURAND_STROMA_NS_UP]
[ODONNELL_TARGETS_OF_MYC_AND_TFRC_DN,ODONNELL_TARGETS_OF_MYC_AND_TFRC_DN] was killed by [FLORIO_NEOCORTEX_BASAL_RADIAL_GLIA_DN,FLORIO_NEOCORTEX_BASAL_RADIAL_GLIA_DN]
[LEE_EARLY_T_LYMPHOCYTE_UP,LEE_EARLY_T_LYMPHOCYTE_UP] was killed by [FLORIO_NEOCORTEX_BASAL_RADIAL_GLIA_DN,FLORIO_NEOCORTEX_BASAL_RADIAL_GLIA_DN]
[BILANGES_SERUM_RESPONSE_TRANSLATION,BILANGES_SERUM_RESPONSE_TRANSLATION] was killed by [REACTOME_EUKARYOTIC_TRANSLATION_ELONGATION,REACTOME_EUKARYOTIC_TRANSLATION_ELONGATION]
[VERNELL_RETINOBLASTOMA_PATHWAY_UP,VERNELL_RETINOBLASTOMA_PATHWAY_UP] was killed by [FLORIO_NEOCORTEX_BASAL_RADIAL_GLIA_DN,FLORIO_NEOCORTEX_BASAL_RADIAL_GLIA_DN]
[MISSIAGLIA_REGULATED_BY_METHYLATION_DN,MISSIAGLIA_REGULATED_BY_METHYLATION_DN] was killed by [FLORIO_NEOCORTEX_BASAL_RADIAL_GLIA_DN,FLORIO_NEOCORTEX_BASAL_RADIAL_GLIA_DN]
[REACTOME_TCR_SIGNALING,REACTOME_TCR_SIGNALING] was killed by [REACTOME_APC_C_MEDIATED_DEGRADATION_OF_CELL_CYCLE_PROTEINS,REACTOME_APC_C_MEDIATED_DEGRADATION_OF_CELL_CYCLE_PROTEINS]
[FRASOR_RESPONSE_TO_SERM_OR_FULVESTRANT_DN,FRASOR_RESPONSE_TO_SERM_OR_FULVESTRANT_DN] was killed by [FLORIO_NEOCORTEX_BASAL_RADIAL_GLIA_DN,FLORIO_NEOCORTEX_BASAL_RADIAL_GLIA_DN]
[REACTOME_HEDGEHOG_ON_STATE,REACTOME_HEDGEHOG_ON_STATE] was killed by [REACTOME_APC_C_MEDIATED_DEGRADATION_OF_CELL_CYCLE_PROTEINS,REACTOME_APC_C_MEDIATED_DEGRADATION_OF_CELL_CYCLE_PROTEINS]
[BURTON_ADIPOGENESIS_3,BURTON_ADIPOGENESIS_3] was killed by [FLORIO_NEOCORTEX_BASAL_RADIAL_GLIA_DN,FLORIO_NEOCORTEX_BASAL_RADIAL_GLIA_DN]
[WP_RETINOBLASTOMA_GENE_IN_CANCER,WP_RETINOBLASTOMA_GENE_IN_CANCER] was killed by [FLORIO_NEOCORTEX_BASAL_RADIAL_GLIA_DN,FLORIO_NEOCORTEX_BASAL_RADIAL_GLIA_DN]
[REACTOME_INTERLEUKIN_1_SIGNALING,REACTOME_INTERLEUKIN_1_SIGNALING] was killed by [REACTOME_APC_C_MEDIATED_DEGRADATION_OF_CELL_CYCLE_PROTEINS,REACTOME_APC_C_MEDIATED_DEGRADATION_OF_CELL_CYCLE_PROTEINS]
[ODONNELL_TFRC_TARGETS_DN,ODONNELL_TFRC_TARGETS_DN] was killed by [FLORIO_NEOCORTEX_BASAL_RADIAL_GLIA_DN,FLORIO_NEOCORTEX_BASAL_RADIAL_GLIA_DN]
[REACTOME_KINESINS,REACTOME_KINESINS] was killed by [FLORIO_NEOCORTEX_BASAL_RADIAL_GLIA_DN,FLORIO_NEOCORTEX_BASAL_RADIAL_GLIA_DN]
[SOTIRIOU_BREAST_CANCER_GRADE_1_VS_3_UP,SOTIRIOU_BREAST_CANCER_GRADE_1_VS_3_UP] was killed by [FLORIO_NEOCORTEX_BASAL_RADIAL_GLIA_DN,FLORIO_NEOCORTEX_BASAL_RADIAL_GLIA_DN]
[PID_BARD1_PATHWAY,PID_BARD1_PATHWAY] was killed by [FIRESTEIN_PROLIFERATION,FIRESTEIN_PROLIFERATION]
[REACTOME_APC_C_CDH1_MEDIATED_DEGRADATION_OF_CDC20_AND_OTHER_APC_C_CDH1_TARGETED_PROTEINS_IN_LATE_MITOSIS_EARLY_G1,REACTOME_APC_C_CDH1_MEDIATED_DEGRADATION_OF_CDC20_AND_OTHER_APC_C_CDH1_TARGETED_PROTEINS_IN_LATE_MITOSIS_EARLY_G1] was killed by [REACTOME_APC_C_MEDIATED_DEGRADATION_OF_CELL_CYCLE_PROTEINS,REACTOME_APC_C_MEDIATED_DEGRADATION_OF_CELL_CYCLE_PROTEINS]
[REACTOME_HOMOLOGOUS_DNA_PAIRING_AND_STRAND_EXCHANGE,REACTOME_HOMOLOGOUS_DNA_PAIRING_AND_STRAND_EXCHANGE] was killed by [FLORIO_NEOCORTEX_BASAL_RADIAL_GLIA_DN,FLORIO_NEOCORTEX_BASAL_RADIAL_GLIA_DN]
[REACTOME_HDR_THROUGH_HOMOLOGOUS_RECOMBINATION_HRR,REACTOME_HDR_THROUGH_HOMOLOGOUS_RECOMBINATION_HRR] was killed by [FLORIO_NEOCORTEX_BASAL_RADIAL_GLIA_DN,FLORIO_NEOCORTEX_BASAL_RADIAL_GLIA_DN]
[REACTOME_SIGNALING_BY_NOTCH4,REACTOME_SIGNALING_BY_NOTCH4] was killed by [REACTOME_APC_C_MEDIATED_DEGRADATION_OF_CELL_CYCLE_PROTEINS,REACTOME_APC_C_MEDIATED_DEGRADATION_OF_CELL_CYCLE_PROTEINS]
[KANG_DOXORUBICIN_RESISTANCE_UP,KANG_DOXORUBICIN_RESISTANCE_UP] was killed by [FLORIO_NEOCORTEX_BASAL_RADIAL_GLIA_DN,FLORIO_NEOCORTEX_BASAL_RADIAL_GLIA_DN]
[REACTOME_FCERI_MEDIATED_NF_KB_ACTIVATION,REACTOME_FCERI_MEDIATED_NF_KB_ACTIVATION] was killed by [REACTOME_APC_C_MEDIATED_DEGRADATION_OF_CELL_CYCLE_PROTEINS,REACTOME_APC_C_MEDIATED_DEGRADATION_OF_CELL_CYCLE_PROTEINS]
[TAKAO_RESPONSE_TO_UVB_RADIATION_UP,TAKAO_RESPONSE_TO_UVB_RADIATION_UP] was killed by [REACTOME_EUKARYOTIC_TRANSLATION_ELONGATION,REACTOME_EUKARYOTIC_TRANSLATION_ELONGATION]
[SONG_TARGETS_OF_IE86_CMV_PROTEIN,SONG_TARGETS_OF_IE86_CMV_PROTEIN] was killed by [FLORIO_NEOCORTEX_BASAL_RADIAL_GLIA_DN,FLORIO_NEOCORTEX_BASAL_RADIAL_GLIA_DN]
[REACTOME_ER_TO_GOLGI_ANTEROGRADE_TRANSPORT,REACTOME_ER_TO_GOLGI_ANTEROGRADE_TRANSPORT] was killed by [REACTOME_COPII_MEDIATED_VESICLE_TRANSPORT,REACTOME_COPII_MEDIATED_VESICLE_TRANSPORT]
[REACTOME_TRANSCRIPTION_OF_E2F_TARGETS_UNDER_NEGATIVE_CONTROL_BY_P107_RBL1_AND_P130_RBL2_IN_COMPLEX_WITH_HDAC1,REACTOME_TRANSCRIPTION_OF_E2F_TARGETS_UNDER_NEGATIVE_CONTROL_BY_P107_RBL1_AND_P130_RBL2_IN_COMPLEX_WITH_HDAC1] was killed by [FLORIO_NEOCORTEX_BASAL_RADIAL_GLIA_DN,FLORIO_NEOCORTEX_BASAL_RADIAL_GLIA_DN]
[SANA_RESPONSE_TO_IFNG_DN,SANA_RESPONSE_TO_IFNG_DN] was killed by [REACTOME_EUKARYOTIC_TRANSLATION_ELONGATION,REACTOME_EUKARYOTIC_TRANSLATION_ELONGATION]
[REACTOME_TRANSLOCATION_OF_SLC2A4_GLUT4_TO_THE_PLASMA_MEMBRANE,REACTOME_TRANSLOCATION_OF_SLC2A4_GLUT4_TO_THE_PLASMA_MEMBRANE] was killed by [DURAND_STROMA_NS_UP,DURAND_STROMA_NS_UP]
[ASTON_MAJOR_DEPRESSIVE_DISORDER_DN,ASTON_MAJOR_DEPRESSIVE_DISORDER_DN] was killed by [FIRESTEIN_PROLIFERATION,FIRESTEIN_PROLIFERATION]
[REACTOME_REGULATION_OF_TP53_ACTIVITY,REACTOME_REGULATION_OF_TP53_ACTIVITY] was killed by [FLORIO_NEOCORTEX_BASAL_RADIAL_GLIA_DN,FLORIO_NEOCORTEX_BASAL_RADIAL_GLIA_DN]
[JISON_SICKLE_CELL_DISEASE_DN,JISON_SICKLE_CELL_DISEASE_DN] was killed by [REACTOME_EUKARYOTIC_TRANSLATION_ELONGATION,REACTOME_EUKARYOTIC_TRANSLATION_ELONGATION]
[HOLLEMAN_ASPARAGINASE_RESISTANCE_B_ALL_UP,HOLLEMAN_ASPARAGINASE_RESISTANCE_B_ALL_UP] was killed by [REACTOME_EUKARYOTIC_TRANSLATION_ELONGATION,REACTOME_EUKARYOTIC_TRANSLATION_ELONGATION]
[PID_RHOA_REG_PATHWAY,PID_RHOA_REG_PATHWAY] was killed by [REACTOME_G_ALPHA_12_13_SIGNALLING_EVENTS,REACTOME_G_ALPHA_12_13_SIGNALLING_EVENTS]
[BILANGES_RAPAMYCIN_SENSITIVE_VIA_TSC1_AND_TSC2,BILANGES_RAPAMYCIN_SENSITIVE_VIA_TSC1_AND_TSC2] was killed by [REACTOME_EUKARYOTIC_TRANSLATION_ELONGATION,REACTOME_EUKARYOTIC_TRANSLATION_ELONGATION]
[VANTVEER_BREAST_CANCER_POOR_PROGNOSIS,VANTVEER_BREAST_CANCER_POOR_PROGNOSIS] was killed by [FLORIO_NEOCORTEX_BASAL_RADIAL_GLIA_DN,FLORIO_NEOCORTEX_BASAL_RADIAL_GLIA_DN]
[REACTOME_REGULATION_OF_CHOLESTEROL_BIOSYNTHESIS_BY_SREBP_SREBF,REACTOME_REGULATION_OF_CHOLESTEROL_BIOSYNTHESIS_BY_SREBP_SREBF] was killed by [WP_CHOLESTEROL_METABOLISM_INCLUDES_BOTH_BLOCH_AND_KANDUTSCHRUSSELL_PATHWAYS,WP_CHOLESTEROL_METABOLISM_INCLUDES_BOTH_BLOCH_AND_KANDUTSCHRUSSELL_PATHWAYS]
[PID_ECADHERIN_STABILIZATION_PATHWAY,PID_ECADHERIN_STABILIZATION_PATHWAY] was killed by [REACTOME_G_ALPHA_12_13_SIGNALLING_EVENTS,REACTOME_G_ALPHA_12_13_SIGNALLING_EVENTS]
[PUJANA_BREAST_CANCER_LIT_INT_NETWORK,PUJANA_BREAST_CANCER_LIT_INT_NETWORK] was killed by [FLORIO_NEOCORTEX_BASAL_RADIAL_GLIA_DN,FLORIO_NEOCORTEX_BASAL_RADIAL_GLIA_DN]
[REACTOME_TRANSPORT_OF_BILE_SALTS_AND_ORGANIC_ACIDS_METAL_IONS_AND_AMINE_COMPOUNDS,REACTOME_TRANSPORT_OF_BILE_SALTS_AND_ORGANIC_ACIDS_METAL_IONS_AND_AMINE_COMPOUNDS] was killed by [MORI_PLASMA_CELL_UP,MORI_PLASMA_CELL_UP]
[BLANCO_MELO_SARS_COV_1_INFECTION_MCR5_CELLS_UP,BLANCO_MELO_SARS_COV_1_INFECTION_MCR5_CELLS_UP] was killed by [FLORIO_NEOCORTEX_BASAL_RADIAL_GLIA_DN,FLORIO_NEOCORTEX_BASAL_RADIAL_GLIA_DN]
[REACTOME_FATTY_ACID_METABOLISM,REACTOME_FATTY_ACID_METABOLISM] was killed by [WP_CHOLESTEROL_METABOLISM_INCLUDES_BOTH_BLOCH_AND_KANDUTSCHRUSSELL_PATHWAYS,WP_CHOLESTEROL_METABOLISM_INCLUDES_BOTH_BLOCH_AND_KANDUTSCHRUSSELL_PATHWAYS]
[WP_FOLATE_METABOLISM,WP_FOLATE_METABOLISM] was killed by [TSENG_IRS1_TARGETS_UP,TSENG_IRS1_TARGETS_UP]
[WP_FERROPTOSIS,WP_FERROPTOSIS] was killed by [WP_CHOLESTEROL_METABOLISM_INCLUDES_BOTH_BLOCH_AND_KANDUTSCHRUSSELL_PATHWAYS,WP_CHOLESTEROL_METABOLISM_INCLUDES_BOTH_BLOCH_AND_KANDUTSCHRUSSELL_PATHWAYS]
[THEILGAARD_NEUTROPHIL_AT_SKIN_WOUND_UP,THEILGAARD_NEUTROPHIL_AT_SKIN_WOUND_UP] was killed by [GROSS_HYPOXIA_VIA_ELK3_DN,GROSS_HYPOXIA_VIA_ELK3_DN]
[TIEN_INTESTINE_PROBIOTICS_6HR_UP,TIEN_INTESTINE_PROBIOTICS_6HR_UP] was killed by [REACTOME_EUKARYOTIC_TRANSLATION_ELONGATION,REACTOME_EUKARYOTIC_TRANSLATION_ELONGATION]
[RUIZ_TNC_TARGETS_DN,RUIZ_TNC_TARGETS_DN] was killed by [FLORIO_NEOCORTEX_BASAL_RADIAL_GLIA_DN,FLORIO_NEOCORTEX_BASAL_RADIAL_GLIA_DN]
[NADERI_BREAST_CANCER_PROGNOSIS_UP,NADERI_BREAST_CANCER_PROGNOSIS_UP] was killed by [FLORIO_NEOCORTEX_BASAL_RADIAL_GLIA_DN,FLORIO_NEOCORTEX_BASAL_RADIAL_GLIA_DN]
[JIANG_HYPOXIA_NORMAL,JIANG_HYPOXIA_NORMAL] was killed by [WP_CHOLESTEROL_METABOLISM_INCLUDES_BOTH_BLOCH_AND_KANDUTSCHRUSSELL_PATHWAYS,WP_CHOLESTEROL_METABOLISM_INCLUDES_BOTH_BLOCH_AND_KANDUTSCHRUSSELL_PATHWAYS]
[REACTOME_G2_M_DNA_DAMAGE_CHECKPOINT,REACTOME_G2_M_DNA_DAMAGE_CHECKPOINT] was killed by [FLORIO_NEOCORTEX_BASAL_RADIAL_GLIA_DN,FLORIO_NEOCORTEX_BASAL_RADIAL_GLIA_DN]
[PID_FOXM1_PATHWAY,PID_FOXM1_PATHWAY] was killed by [FLORIO_NEOCORTEX_BASAL_RADIAL_GLIA_DN,FLORIO_NEOCORTEX_BASAL_RADIAL_GLIA_DN]
[REACTOME_ACTIVATION_OF_THE_MRNA_UPON_BINDING_OF_THE_CAP_BINDING_COMPLEX_AND_EIFS_AND_SUBSEQUENT_BINDING_TO_43S,REACTOME_ACTIVATION_OF_THE_MRNA_UPON_BINDING_OF_THE_CAP_BINDING_COMPLEX_AND_EIFS_AND_SUBSEQUENT_BINDING_TO_43S] was killed by [REACTOME_EUKARYOTIC_TRANSLATION_ELONGATION,REACTOME_EUKARYOTIC_TRANSLATION_ELONGATION]
[MARCHINI_TRABECTEDIN_RESISTANCE_DN,MARCHINI_TRABECTEDIN_RESISTANCE_DN] was killed by [MCBRYAN_PUBERTAL_BREAST_5_6WK_DN,MCBRYAN_PUBERTAL_BREAST_5_6WK_DN]
[RHEIN_ALL_GLUCOCORTICOID_THERAPY_UP,RHEIN_ALL_GLUCOCORTICOID_THERAPY_UP] was killed by [DURAND_STROMA_NS_UP,DURAND_STROMA_NS_UP]
[WP_TRANSLATION_INHIBITORS_IN_CHRONICALLY_ACTIVATED_PDGFRA_CELLS,WP_TRANSLATION_INHIBITORS_IN_CHRONICALLY_ACTIVATED_PDGFRA_CELLS] was killed by [MCBRYAN_PUBERTAL_BREAST_5_6WK_DN,MCBRYAN_PUBERTAL_BREAST_5_6WK_DN]
[WP_TCELL_ANTIGEN_RECEPTOR_TCR_SIGNALING_PATHWAY,WP_TCELL_ANTIGEN_RECEPTOR_TCR_SIGNALING_PATHWAY] was killed by [REACTOME_G_ALPHA_12_13_SIGNALLING_EVENTS,REACTOME_G_ALPHA_12_13_SIGNALLING_EVENTS]
[ANDERSEN_LIVER_CANCER_KRT19_UP,ANDERSEN_LIVER_CANCER_KRT19_UP] was killed by [REACTOME_EUKARYOTIC_TRANSLATION_ELONGATION,REACTOME_EUKARYOTIC_TRANSLATION_ELONGATION]
[SARRIO_EPITHELIAL_MESENCHYMAL_TRANSITION_UP,SARRIO_EPITHELIAL_MESENCHYMAL_TRANSITION_UP] was killed by [FLORIO_NEOCORTEX_BASAL_RADIAL_GLIA_DN,FLORIO_NEOCORTEX_BASAL_RADIAL_GLIA_DN]
[LY_AGING_OLD_DN,LY_AGING_OLD_DN] was killed by [FLORIO_NEOCORTEX_BASAL_RADIAL_GLIA_DN,FLORIO_NEOCORTEX_BASAL_RADIAL_GLIA_DN]
[BLANCO_MELO_BRONCHIAL_EPITHELIAL_CELLS_INFLUENZA_A_DEL_NS1_INFECTION_DN,BLANCO_MELO_BRONCHIAL_EPITHELIAL_CELLS_INFLUENZA_A_DEL_NS1_INFECTION_DN] was killed by [FLORIO_NEOCORTEX_BASAL_RADIAL_GLIA_DN,FLORIO_NEOCORTEX_BASAL_RADIAL_GLIA_DN]
[REACTOME_RHOBTB_GTPASE_CYCLE,REACTOME_RHOBTB_GTPASE_CYCLE] was killed by [REACTOME_G_ALPHA_12_13_SIGNALLING_EVENTS,REACTOME_G_ALPHA_12_13_SIGNALLING_EVENTS]
[PLASARI_TGFB1_SIGNALING_VIA_NFIC_10HR_UP,PLASARI_TGFB1_SIGNALING_VIA_NFIC_10HR_UP] was killed by [DURAND_STROMA_NS_UP,DURAND_STROMA_NS_UP]
[PUJANA_BREAST_CANCER_WITH_BRCA1_MUTATED_UP,PUJANA_BREAST_CANCER_WITH_BRCA1_MUTATED_UP] was killed by [FLORIO_NEOCORTEX_BASAL_RADIAL_GLIA_DN,FLORIO_NEOCORTEX_BASAL_RADIAL_GLIA_DN]
[REACTOME_REGULATION_OF_TP53_EXPRESSION_AND_DEGRADATION,REACTOME_REGULATION_OF_TP53_EXPRESSION_AND_DEGRADATION] was killed by [REACTOME_APC_C_MEDIATED_DEGRADATION_OF_CELL_CYCLE_PROTEINS,REACTOME_APC_C_MEDIATED_DEGRADATION_OF_CELL_CYCLE_PROTEINS]
[DELPUECH_FOXO3_TARGETS_DN,DELPUECH_FOXO3_TARGETS_DN] was killed by [FLORIO_NEOCORTEX_BASAL_RADIAL_GLIA_DN,FLORIO_NEOCORTEX_BASAL_RADIAL_GLIA_DN]
[ADDYA_ERYTHROID_DIFFERENTIATION_BY_HEMIN,ADDYA_ERYTHROID_DIFFERENTIATION_BY_HEMIN] was killed by [FLECHNER_PBL_KIDNEY_TRANSPLANT_REJECTED_VS_OK_UP,FLECHNER_PBL_KIDNEY_TRANSPLANT_REJECTED_VS_OK_UP]
[LE_EGR2_TARGETS_DN,LE_EGR2_TARGETS_DN] was killed by [WP_CHOLESTEROL_METABOLISM_INCLUDES_BOTH_BLOCH_AND_KANDUTSCHRUSSELL_PATHWAYS,WP_CHOLESTEROL_METABOLISM_INCLUDES_BOTH_BLOCH_AND_KANDUTSCHRUSSELL_PATHWAYS]
[MCBRYAN_PUBERTAL_BREAST_6_7WK_UP,MCBRYAN_PUBERTAL_BREAST_6_7WK_UP] was killed by [MCBRYAN_PUBERTAL_BREAST_5_6WK_DN,MCBRYAN_PUBERTAL_BREAST_5_6WK_DN]
[RIGGI_EWING_SARCOMA_PROGENITOR_DN,RIGGI_EWING_SARCOMA_PROGENITOR_DN] was killed by [FLORIO_NEOCORTEX_BASAL_RADIAL_GLIA_DN,FLORIO_NEOCORTEX_BASAL_RADIAL_GLIA_DN]
