[GOBP_TRANSLATIONAL_ELONGATION,GOBP_TRANSLATIONAL_ELONGATION] was killed by [GOBP_MITOCHONDRIAL_GENE_EXPRESSION,GOBP_MITOCHONDRIAL_GENE_EXPRESSION]
[GOBP_TRANSLATIONAL_TERMINATION,GOBP_TRANSLATIONAL_TERMINATION] was killed by [GOBP_MITOCHONDRIAL_GENE_EXPRESSION,GOBP_MITOCHONDRIAL_GENE_EXPRESSION]
[GOBP_MITOCHONDRIAL_TRANSLATIONAL_TERMINATION,GOBP_MITOCHONDRIAL_TRANSLATIONAL_TERMINATION] was killed by [GOBP_MITOCHONDRIAL_GENE_EXPRESSION,GOBP_MITOCHONDRIAL_GENE_EXPRESSION]
[GOBP_MITOCHONDRIAL_TRANSLATION,GOBP_MITOCHONDRIAL_TRANSLATION] was killed by [GOBP_MITOCHONDRIAL_GENE_EXPRESSION,GOBP_MITOCHONDRIAL_GENE_EXPRESSION]
[GOCC_ORGANELLAR_RIBOSOME,GOCC_ORGANELLAR_RIBOSOME] was killed by [GOBP_MITOCHONDRIAL_GENE_EXPRESSION,GOBP_MITOCHONDRIAL_GENE_EXPRESSION]
[GOCC_MITOCHONDRIAL_LARGE_RIBOSOMAL_SUBUNIT,GOCC_MITOCHONDRIAL_LARGE_RIBOSOMAL_SUBUNIT] was killed by [GOBP_MITOCHONDRIAL_GENE_EXPRESSION,GOBP_MITOCHONDRIAL_GENE_EXPRESSION]
[GOBP_TRNA_METABOLIC_PROCESS,GOBP_TRNA_METABOLIC_PROCESS] was killed by [GOBP_MITOCHONDRIAL_GENE_EXPRESSION,GOBP_MITOCHONDRIAL_GENE_EXPRESSION]
[GOBP_TRNA_PROCESSING,GOBP_TRNA_PROCESSING] was killed by [GOBP_MITOCHONDRIAL_GENE_EXPRESSION,GOBP_MITOCHONDRIAL_GENE_EXPRESSION]
[GOCC_ATPASE_COMPLEX,GOCC_ATPASE_COMPLEX] was killed by [GOCC_PROTEIN_ACETYLTRANSFERASE_COMPLEX,GOCC_PROTEIN_ACETYLTRANSFERASE_COMPLEX]
[GOCC_SWI_SNF_SUPERFAMILY_TYPE_COMPLEX,GOCC_SWI_SNF_SUPERFAMILY_TYPE_COMPLEX] was killed by [GOCC_PROTEIN_ACETYLTRANSFERASE_COMPLEX,GOCC_PROTEIN_ACETYLTRANSFERASE_COMPLEX]
[GOBP_TRNA_WOBBLE_BASE_MODIFICATION,GOBP_TRNA_WOBBLE_BASE_MODIFICATION] was killed by [GOBP_MITOCHONDRIAL_GENE_EXPRESSION,GOBP_MITOCHONDRIAL_GENE_EXPRESSION]
[GOCC_SAGA_TYPE_COMPLEX,GOCC_SAGA_TYPE_COMPLEX] was killed by [GOCC_PROTEIN_ACETYLTRANSFERASE_COMPLEX,GOCC_PROTEIN_ACETYLTRANSFERASE_COMPLEX]
[GOBP_REGULATION_OF_MRNA_PROCESSING,GOBP_REGULATION_OF_MRNA_PROCESSING] was killed by [GOBP_ALTERNATIVE_MRNA_SPLICING_VIA_SPLICEOSOME,GOBP_ALTERNATIVE_MRNA_SPLICING_VIA_SPLICEOSOME]
[GOBP_POSITIVE_REGULATION_OF_DNA_TEMPLATED_TRANSCRIPTION_ELONGATION,GOBP_POSITIVE_REGULATION_OF_DNA_TEMPLATED_TRANSCRIPTION_ELONGATION] was killed by [GOBP_NCRNA_TRANSCRIPTION,GOBP_NCRNA_TRANSCRIPTION]
[GOBP_NUCLEOSIDE_BISPHOSPHATE_BIOSYNTHETIC_PROCESS,GOBP_NUCLEOSIDE_BISPHOSPHATE_BIOSYNTHETIC_PROCESS] was killed by [GOBP_THIOESTER_BIOSYNTHETIC_PROCESS,GOBP_THIOESTER_BIOSYNTHETIC_PROCESS]
[GOBP_NUCLEOSIDE_BISPHOSPHATE_METABOLIC_PROCESS,GOBP_NUCLEOSIDE_BISPHOSPHATE_METABOLIC_PROCESS] was killed by [GOBP_THIOESTER_BIOSYNTHETIC_PROCESS,GOBP_THIOESTER_BIOSYNTHETIC_PROCESS]
[GOCC_MITOCHONDRIAL_SMALL_RIBOSOMAL_SUBUNIT,GOCC_MITOCHONDRIAL_SMALL_RIBOSOMAL_SUBUNIT] was killed by [GOBP_MITOCHONDRIAL_GENE_EXPRESSION,GOBP_MITOCHONDRIAL_GENE_EXPRESSION]
[GOMF_PHOSPHOLIPASE_A2_ACTIVITY,GOMF_PHOSPHOLIPASE_A2_ACTIVITY] was killed by [GOMF_PHOSPHOLIPASE_A2_ACTIVITY_CONSUMING_1_2_DIPALMITOYLPHOSPHATIDYLCHOLINE,GOMF_PHOSPHOLIPASE_A2_ACTIVITY_CONSUMING_1_2_DIPALMITOYLPHOSPHATIDYLCHOLINE]
[GOBP_SNRNA_TRANSCRIPTION,GOBP_SNRNA_TRANSCRIPTION] was killed by [GOCC_PROTEIN_ACETYLTRANSFERASE_COMPLEX,GOCC_PROTEIN_ACETYLTRANSFERASE_COMPLEX]
[GOBP_RNA_MODIFICATION,GOBP_RNA_MODIFICATION] was killed by [GOBP_MITOCHONDRIAL_GENE_EXPRESSION,GOBP_MITOCHONDRIAL_GENE_EXPRESSION]
[HP_SHUFFLING_GAIT,HP_SHUFFLING_GAIT] was killed by [GOBP_REGULATION_OF_UBIQUITIN_DEPENDENT_PROTEIN_CATABOLIC_PROCESS,GOBP_REGULATION_OF_UBIQUITIN_DEPENDENT_PROTEIN_CATABOLIC_PROCESS]
[GOCC_H4_H2A_HISTONE_ACETYLTRANSFERASE_COMPLEX,GOCC_H4_H2A_HISTONE_ACETYLTRANSFERASE_COMPLEX] was killed by [GOCC_PROTEIN_ACETYLTRANSFERASE_COMPLEX,GOCC_PROTEIN_ACETYLTRANSFERASE_COMPLEX]
[GOCC_PEPTIDASE_COMPLEX,GOCC_PEPTIDASE_COMPLEX] was killed by [GOCC_PROTEIN_ACETYLTRANSFERASE_COMPLEX,GOCC_PROTEIN_ACETYLTRANSFERASE_COMPLEX]
[GOBP_THIOESTER_METABOLIC_PROCESS,GOBP_THIOESTER_METABOLIC_PROCESS] was killed by [GOBP_THIOESTER_BIOSYNTHETIC_PROCESS,GOBP_THIOESTER_BIOSYNTHETIC_PROCESS]
[GOBP_PHOSPHATIDYLCHOLINE_ACYL_CHAIN_REMODELING,GOBP_PHOSPHATIDYLCHOLINE_ACYL_CHAIN_REMODELING] was killed by [GOMF_PHOSPHOLIPASE_A2_ACTIVITY_CONSUMING_1_2_DIPALMITOYLPHOSPHATIDYLCHOLINE,GOMF_PHOSPHOLIPASE_A2_ACTIVITY_CONSUMING_1_2_DIPALMITOYLPHOSPHATIDYLCHOLINE]
[GOBP_REGULATION_OF_PROTEASOMAL_PROTEIN_CATABOLIC_PROCESS,GOBP_REGULATION_OF_PROTEASOMAL_PROTEIN_CATABOLIC_PROCESS] was killed by [GOBP_REGULATION_OF_UBIQUITIN_DEPENDENT_PROTEIN_CATABOLIC_PROCESS,GOBP_REGULATION_OF_UBIQUITIN_DEPENDENT_PROTEIN_CATABOLIC_PROCESS]
[GOBP_REGULATION_OF_ALTERNATIVE_MRNA_SPLICING_VIA_SPLICEOSOME,GOBP_REGULATION_OF_ALTERNATIVE_MRNA_SPLICING_VIA_SPLICEOSOME] was killed by [GOBP_ALTERNATIVE_MRNA_SPLICING_VIA_SPLICEOSOME,GOBP_ALTERNATIVE_MRNA_SPLICING_VIA_SPLICEOSOME]
[GOMF_CALCIUM_DEPENDENT_PHOSPHOLIPASE_A2_ACTIVITY,GOMF_CALCIUM_DEPENDENT_PHOSPHOLIPASE_A2_ACTIVITY] was killed by [GOMF_PHOSPHOLIPASE_A2_ACTIVITY_CONSUMING_1_2_DIPALMITOYLPHOSPHATIDYLCHOLINE,GOMF_PHOSPHOLIPASE_A2_ACTIVITY_CONSUMING_1_2_DIPALMITOYLPHOSPHATIDYLCHOLINE]
[GOBP_ENDOTHELIAL_CELL_APOPTOTIC_PROCESS,GOBP_ENDOTHELIAL_CELL_APOPTOTIC_PROCESS] was killed by [GOBP_INTERLEUKIN_10_PRODUCTION,GOBP_INTERLEUKIN_10_PRODUCTION]
[GOBP_HEART_FORMATION,GOBP_HEART_FORMATION] was killed by [GOBP_CELL_PROLIFERATION_INVOLVED_IN_HEART_MORPHOGENESIS,GOBP_CELL_PROLIFERATION_INVOLVED_IN_HEART_MORPHOGENESIS]
[HP_CNS_DEMYELINATION,HP_CNS_DEMYELINATION] was killed by [GOBP_INTERLEUKIN_10_PRODUCTION,GOBP_INTERLEUKIN_10_PRODUCTION]
[GOBP_TRANSFORMING_GROWTH_FACTOR_BETA_PRODUCTION,GOBP_TRANSFORMING_GROWTH_FACTOR_BETA_PRODUCTION] was killed by [GOBP_INTERLEUKIN_10_PRODUCTION,GOBP_INTERLEUKIN_10_PRODUCTION]
[GOBP_CYTOPLASMIC_TRANSLATION,GOBP_CYTOPLASMIC_TRANSLATION] was killed by [GOBP_ALTERNATIVE_MRNA_SPLICING_VIA_SPLICEOSOME,GOBP_ALTERNATIVE_MRNA_SPLICING_VIA_SPLICEOSOME]
[GOBP_REGULATION_OF_CYTOPLASMIC_TRANSLATION,GOBP_REGULATION_OF_CYTOPLASMIC_TRANSLATION] was killed by [GOBP_ALTERNATIVE_MRNA_SPLICING_VIA_SPLICEOSOME,GOBP_ALTERNATIVE_MRNA_SPLICING_VIA_SPLICEOSOME]
[GOBP_ANAPHASE_PROMOTING_COMPLEX_DEPENDENT_CATABOLIC_PROCESS,GOBP_ANAPHASE_PROMOTING_COMPLEX_DEPENDENT_CATABOLIC_PROCESS] was killed by [GOBP_PROTEIN_K11_LINKED_UBIQUITINATION,GOBP_PROTEIN_K11_LINKED_UBIQUITINATION]
[GOBP_BRANCHING_MORPHOGENESIS_OF_AN_EPITHELIAL_TUBE,GOBP_BRANCHING_MORPHOGENESIS_OF_AN_EPITHELIAL_TUBE] was killed by [GOBP_CELL_PROLIFERATION_INVOLVED_IN_HEART_MORPHOGENESIS,GOBP_CELL_PROLIFERATION_INVOLVED_IN_HEART_MORPHOGENESIS]
[GOMF_PHOSPHOLIPASE_ACTIVITY,GOMF_PHOSPHOLIPASE_ACTIVITY] was killed by [GOMF_PHOSPHOLIPASE_A2_ACTIVITY_CONSUMING_1_2_DIPALMITOYLPHOSPHATIDYLCHOLINE,GOMF_PHOSPHOLIPASE_A2_ACTIVITY_CONSUMING_1_2_DIPALMITOYLPHOSPHATIDYLCHOLINE]
[GOBP_POSITIVE_REGULATION_OF_CHROMOSOME_ORGANIZATION,GOBP_POSITIVE_REGULATION_OF_CHROMOSOME_ORGANIZATION] was killed by [GOCC_PROTEIN_ACETYLTRANSFERASE_COMPLEX,GOCC_PROTEIN_ACETYLTRANSFERASE_COMPLEX]
[HP_MACULAR_ATROPHY,HP_MACULAR_ATROPHY] was killed by [GOBP_PROTEIN_LOCALIZATION_TO_CILIUM,GOBP_PROTEIN_LOCALIZATION_TO_CILIUM]
[GOMF_TRNA_BINDING,GOMF_TRNA_BINDING] was killed by [GOBP_MITOCHONDRIAL_GENE_EXPRESSION,GOBP_MITOCHONDRIAL_GENE_EXPRESSION]
[GOCC_SPLICEOSOMAL_COMPLEX,GOCC_SPLICEOSOMAL_COMPLEX] was killed by [GOBP_ALTERNATIVE_MRNA_SPLICING_VIA_SPLICEOSOME,GOBP_ALTERNATIVE_MRNA_SPLICING_VIA_SPLICEOSOME]
[HP_HYPOPLASIA_OF_DENTAL_ENAMEL,HP_HYPOPLASIA_OF_DENTAL_ENAMEL] was killed by [HP_ANTERIOR_OPEN_BITE_MALOCCLUSION,HP_ANTERIOR_OPEN_BITE_MALOCCLUSION]
[GOBP_REGULATION_OF_ANOIKIS,GOBP_REGULATION_OF_ANOIKIS] was killed by [GOBP_CELL_PROLIFERATION_INVOLVED_IN_HEART_MORPHOGENESIS,GOBP_CELL_PROLIFERATION_INVOLVED_IN_HEART_MORPHOGENESIS]
[HP_VENOUS_INSUFFICIENCY,HP_VENOUS_INSUFFICIENCY] was killed by [HP_ABNORMALITY_OF_BLADDER_MORPHOLOGY,HP_ABNORMALITY_OF_BLADDER_MORPHOLOGY]
[GOBP_POSITIVE_REGULATION_OF_DNA_METABOLIC_PROCESS,GOBP_POSITIVE_REGULATION_OF_DNA_METABOLIC_PROCESS] was killed by [GOBP_RECOMBINATIONAL_REPAIR,GOBP_RECOMBINATIONAL_REPAIR]
[GOCC_RIBOSOMAL_SUBUNIT,GOCC_RIBOSOMAL_SUBUNIT] was killed by [GOBP_MITOCHONDRIAL_GENE_EXPRESSION,GOBP_MITOCHONDRIAL_GENE_EXPRESSION]
[GOMF_MHC_PROTEIN_COMPLEX_BINDING,GOMF_MHC_PROTEIN_COMPLEX_BINDING] was killed by [GOBP_INTERLEUKIN_10_PRODUCTION,GOBP_INTERLEUKIN_10_PRODUCTION]
[GOBP_AMINE_METABOLIC_PROCESS,GOBP_AMINE_METABOLIC_PROCESS] was killed by [GOBP_RESPONSE_TO_OSMOTIC_STRESS,GOBP_RESPONSE_TO_OSMOTIC_STRESS]
[HP_CHORIORETINAL_COLOBOMA,HP_CHORIORETINAL_COLOBOMA] was killed by [GOBP_REGULATION_OF_UBIQUITIN_DEPENDENT_PROTEIN_CATABOLIC_PROCESS,GOBP_REGULATION_OF_UBIQUITIN_DEPENDENT_PROTEIN_CATABOLIC_PROCESS]
[GOBP_REGULATION_OF_PROTEASOMAL_UBIQUITIN_DEPENDENT_PROTEIN_CATABOLIC_PROCESS,GOBP_REGULATION_OF_PROTEASOMAL_UBIQUITIN_DEPENDENT_PROTEIN_CATABOLIC_PROCESS] was killed by [GOBP_REGULATION_OF_UBIQUITIN_DEPENDENT_PROTEIN_CATABOLIC_PROCESS,GOBP_REGULATION_OF_UBIQUITIN_DEPENDENT_PROTEIN_CATABOLIC_PROCESS]
[GOMF_MHC_CLASS_II_PROTEIN_COMPLEX_BINDING,GOMF_MHC_CLASS_II_PROTEIN_COMPLEX_BINDING] was killed by [GOBP_POSITIVE_REGULATION_OF_CYTOPLASMIC_TRANSLATION,GOBP_POSITIVE_REGULATION_OF_CYTOPLASMIC_TRANSLATION]
[GOBP_FATTY_ACYL_COA_METABOLIC_PROCESS,GOBP_FATTY_ACYL_COA_METABOLIC_PROCESS] was killed by [GOBP_THIOESTER_BIOSYNTHETIC_PROCESS,GOBP_THIOESTER_BIOSYNTHETIC_PROCESS]
[HP_APLASIA_HYPOPLASIA_OF_THE_2ND_FINGER,HP_APLASIA_HYPOPLASIA_OF_THE_2ND_FINGER] was killed by [HP_ANTERIOR_OPEN_BITE_MALOCCLUSION,HP_ANTERIOR_OPEN_BITE_MALOCCLUSION]
[GOCC_H4_HISTONE_ACETYLTRANSFERASE_COMPLEX,GOCC_H4_HISTONE_ACETYLTRANSFERASE_COMPLEX] was killed by [GOCC_PROTEIN_ACETYLTRANSFERASE_COMPLEX,GOCC_PROTEIN_ACETYLTRANSFERASE_COMPLEX]
[GOBP_HISTONE_H2A_ACETYLATION,GOBP_HISTONE_H2A_ACETYLATION] was killed by [GOCC_PROTEIN_ACETYLTRANSFERASE_COMPLEX,GOCC_PROTEIN_ACETYLTRANSFERASE_COMPLEX]
[GOBP_RESPONSE_TO_GAMMA_RADIATION,GOBP_RESPONSE_TO_GAMMA_RADIATION] was killed by [GOBP_RECOMBINATIONAL_REPAIR,GOBP_RECOMBINATIONAL_REPAIR]
[GOBP_MORPHOGENESIS_OF_A_BRANCHING_STRUCTURE,GOBP_MORPHOGENESIS_OF_A_BRANCHING_STRUCTURE] was killed by [GOBP_CELL_PROLIFERATION_INVOLVED_IN_HEART_MORPHOGENESIS,GOBP_CELL_PROLIFERATION_INVOLVED_IN_HEART_MORPHOGENESIS]
[GOCC_SAGA_COMPLEX,GOCC_SAGA_COMPLEX] was killed by [GOCC_PROTEIN_ACETYLTRANSFERASE_COMPLEX,GOCC_PROTEIN_ACETYLTRANSFERASE_COMPLEX]
[GOBP_REGULATION_OF_INTRINSIC_APOPTOTIC_SIGNALING_PATHWAY,GOBP_REGULATION_OF_INTRINSIC_APOPTOTIC_SIGNALING_PATHWAY] was killed by [GOBP_REGULATION_OF_UBIQUITIN_DEPENDENT_PROTEIN_CATABOLIC_PROCESS,GOBP_REGULATION_OF_UBIQUITIN_DEPENDENT_PROTEIN_CATABOLIC_PROCESS]
[GOBP_TRANSCRIPTION_BY_RNA_POLYMERASE_III,GOBP_TRANSCRIPTION_BY_RNA_POLYMERASE_III] was killed by [GOBP_NCRNA_TRANSCRIPTION,GOBP_NCRNA_TRANSCRIPTION]
[GOBP_NEGATIVE_REGULATION_OF_CELL_CYCLE_G2_M_PHASE_TRANSITION,GOBP_NEGATIVE_REGULATION_OF_CELL_CYCLE_G2_M_PHASE_TRANSITION] was killed by [GOBP_RECOMBINATIONAL_REPAIR,GOBP_RECOMBINATIONAL_REPAIR]
[GOBP_RESPONSE_TO_UV,GOBP_RESPONSE_TO_UV] was killed by [GOBP_RECOMBINATIONAL_REPAIR,GOBP_RECOMBINATIONAL_REPAIR]
[GOBP_NEGATIVE_REGULATION_OF_ENDOTHELIAL_CELL_APOPTOTIC_PROCESS,GOBP_NEGATIVE_REGULATION_OF_ENDOTHELIAL_CELL_APOPTOTIC_PROCESS] was killed by [GOBP_INTERLEUKIN_10_PRODUCTION,GOBP_INTERLEUKIN_10_PRODUCTION]
[GOBP_DNA_DEPENDENT_DNA_REPLICATION,GOBP_DNA_DEPENDENT_DNA_REPLICATION] was killed by [GOBP_RECOMBINATIONAL_REPAIR,GOBP_RECOMBINATIONAL_REPAIR]
[HP_FOCAL_EMOTIONAL_SEIZURE,HP_FOCAL_EMOTIONAL_SEIZURE] was killed by [HP_ATHETOSIS,HP_ATHETOSIS]
[GOMF_MIRNA_BINDING,GOMF_MIRNA_BINDING] was killed by [GOBP_ALTERNATIVE_MRNA_SPLICING_VIA_SPLICEOSOME,GOBP_ALTERNATIVE_MRNA_SPLICING_VIA_SPLICEOSOME]
[GOCC_PROTEASOME_ACCESSORY_COMPLEX,GOCC_PROTEASOME_ACCESSORY_COMPLEX] was killed by [GOBP_REGULATION_OF_CELLULAR_AMINE_METABOLIC_PROCESS,GOBP_REGULATION_OF_CELLULAR_AMINE_METABOLIC_PROCESS]
[GOBP_PHOSPHATIDYLINOSITOL_ACYL_CHAIN_REMODELING,GOBP_PHOSPHATIDYLINOSITOL_ACYL_CHAIN_REMODELING] was killed by [GOMF_PHOSPHOLIPASE_A2_ACTIVITY_CONSUMING_1_2_DIPALMITOYLPHOSPHATIDYLCHOLINE,GOMF_PHOSPHOLIPASE_A2_ACTIVITY_CONSUMING_1_2_DIPALMITOYLPHOSPHATIDYLCHOLINE]
[HP_RESTING_TREMOR,HP_RESTING_TREMOR] was killed by [GOBP_REGULATION_OF_UBIQUITIN_DEPENDENT_PROTEIN_CATABOLIC_PROCESS,GOBP_REGULATION_OF_UBIQUITIN_DEPENDENT_PROTEIN_CATABOLIC_PROCESS]
[GOBP_REGULATION_OF_DNA_DEPENDENT_DNA_REPLICATION,GOBP_REGULATION_OF_DNA_DEPENDENT_DNA_REPLICATION] was killed by [GOBP_RECOMBINATIONAL_REPAIR,GOBP_RECOMBINATIONAL_REPAIR]
[GOMF_STRUCTURAL_CONSTITUENT_OF_RIBOSOME,GOMF_STRUCTURAL_CONSTITUENT_OF_RIBOSOME] was killed by [GOBP_MITOCHONDRIAL_GENE_EXPRESSION,GOBP_MITOCHONDRIAL_GENE_EXPRESSION]
[HP_TAPERED_FINGER,HP_TAPERED_FINGER] was killed by [GOBP_ALTERNATIVE_MRNA_SPLICING_VIA_SPLICEOSOME,GOBP_ALTERNATIVE_MRNA_SPLICING_VIA_SPLICEOSOME]
[HP_ATROPHIC_SCARS,HP_ATROPHIC_SCARS] was killed by [HP_ABNORMALITY_OF_BLADDER_MORPHOLOGY,HP_ABNORMALITY_OF_BLADDER_MORPHOLOGY]
[GOMF_RNA_POLYMERASE_II_TRANSCRIPTION_COREGULATOR_BINDING,GOMF_RNA_POLYMERASE_II_TRANSCRIPTION_COREGULATOR_BINDING] was killed by [HP_ABNORMAL_EPIPHYSEAL_OSSIFICATION,HP_ABNORMAL_EPIPHYSEAL_OSSIFICATION]
[GOBP_REGULATION_OF_ATPASE_ACTIVITY,GOBP_REGULATION_OF_ATPASE_ACTIVITY] was killed by [GOBP_POSITIVE_REGULATION_OF_ATPASE_ACTIVITY,GOBP_POSITIVE_REGULATION_OF_ATPASE_ACTIVITY]
[GOBP_NEGATIVE_REGULATION_OF_ANOIKIS,GOBP_NEGATIVE_REGULATION_OF_ANOIKIS] was killed by [GOBP_CELL_PROLIFERATION_INVOLVED_IN_HEART_MORPHOGENESIS,GOBP_CELL_PROLIFERATION_INVOLVED_IN_HEART_MORPHOGENESIS]
[GOMF_LIPASE_INHIBITOR_ACTIVITY,GOMF_LIPASE_INHIBITOR_ACTIVITY] was killed by [GOBP_NEGATIVE_REGULATION_OF_TUMOR_NECROSIS_FACTOR_MEDIATED_SIGNALING_PATHWAY,GOBP_NEGATIVE_REGULATION_OF_TUMOR_NECROSIS_FACTOR_MEDIATED_SIGNALING_PATHWAY]
[HP_ABNORMAL_LEFT_ATRIUM_MORPHOLOGY,HP_ABNORMAL_LEFT_ATRIUM_MORPHOLOGY] was killed by [GOBP_POSITIVE_REGULATION_OF_ATPASE_ACTIVITY,GOBP_POSITIVE_REGULATION_OF_ATPASE_ACTIVITY]
[GOMF_DNA_DEPENDENT_ATPASE_ACTIVITY,GOMF_DNA_DEPENDENT_ATPASE_ACTIVITY] was killed by [GOBP_RECOMBINATIONAL_REPAIR,GOBP_RECOMBINATIONAL_REPAIR]
[GOCC_STAGA_COMPLEX,GOCC_STAGA_COMPLEX] was killed by [GOCC_PROTEIN_ACETYLTRANSFERASE_COMPLEX,GOCC_PROTEIN_ACETYLTRANSFERASE_COMPLEX]
[GOBP_NEGATIVE_REGULATION_OF_MYELOID_CELL_DIFFERENTIATION,GOBP_NEGATIVE_REGULATION_OF_MYELOID_CELL_DIFFERENTIATION] was killed by [GOBP_INTERLEUKIN_10_PRODUCTION,GOBP_INTERLEUKIN_10_PRODUCTION]
[GOBP_MITOCHONDRIAL_RNA_METABOLIC_PROCESS,GOBP_MITOCHONDRIAL_RNA_METABOLIC_PROCESS] was killed by [GOBP_MITOCHONDRIAL_GENE_EXPRESSION,GOBP_MITOCHONDRIAL_GENE_EXPRESSION]
[HP_APLASTIC_HYPOPLASTIC_TOENAIL,HP_APLASTIC_HYPOPLASTIC_TOENAIL] was killed by [GOBP_RECOMBINATIONAL_REPAIR,GOBP_RECOMBINATIONAL_REPAIR]
[HP_ALACRIMA,HP_ALACRIMA] was killed by [HP_ATHETOSIS,HP_ATHETOSIS]
[GOBP_FATTY_ACYL_COA_BIOSYNTHETIC_PROCESS,GOBP_FATTY_ACYL_COA_BIOSYNTHETIC_PROCESS] was killed by [GOBP_THIOESTER_BIOSYNTHETIC_PROCESS,GOBP_THIOESTER_BIOSYNTHETIC_PROCESS]
[GOBP_GLUTAMATE_METABOLIC_PROCESS,GOBP_GLUTAMATE_METABOLIC_PROCESS] was killed by [GOBP_REGULATION_OF_CELLULAR_AMINE_METABOLIC_PROCESS,GOBP_REGULATION_OF_CELLULAR_AMINE_METABOLIC_PROCESS]
[GOBP_DNA_DAMAGE_RESPONSE_SIGNAL_TRANSDUCTION_BY_P53_CLASS_MEDIATOR,GOBP_DNA_DAMAGE_RESPONSE_SIGNAL_TRANSDUCTION_BY_P53_CLASS_MEDIATOR] was killed by [GOBP_RECOMBINATIONAL_REPAIR,GOBP_RECOMBINATIONAL_REPAIR]
[GOCC_INO80_TYPE_COMPLEX,GOCC_INO80_TYPE_COMPLEX] was killed by [GOCC_PROTEIN_ACETYLTRANSFERASE_COMPLEX,GOCC_PROTEIN_ACETYLTRANSFERASE_COMPLEX]
[GOBP_PSEUDOURIDINE_SYNTHESIS,GOBP_PSEUDOURIDINE_SYNTHESIS] was killed by [GOBP_MITOCHONDRIAL_GENE_EXPRESSION,GOBP_MITOCHONDRIAL_GENE_EXPRESSION]
[GOBP_OTIC_VESICLE_DEVELOPMENT,GOBP_OTIC_VESICLE_DEVELOPMENT] was killed by [GOBP_CELL_PROLIFERATION_INVOLVED_IN_HEART_MORPHOGENESIS,GOBP_CELL_PROLIFERATION_INVOLVED_IN_HEART_MORPHOGENESIS]
[GOBP_DNA_DAMAGE_RESPONSE_DETECTION_OF_DNA_DAMAGE,GOBP_DNA_DAMAGE_RESPONSE_DETECTION_OF_DNA_DAMAGE] was killed by [GOBP_MITOCHONDRIAL_GENE_EXPRESSION,GOBP_MITOCHONDRIAL_GENE_EXPRESSION]
[HP_FOCAL_DYSTONIA,HP_FOCAL_DYSTONIA] was killed by [HP_ATHETOSIS,HP_ATHETOSIS]
[GOBP_POSITIVE_REGULATION_OF_PROTEOLYSIS_INVOLVED_IN_CELLULAR_PROTEIN_CATABOLIC_PROCESS,GOBP_POSITIVE_REGULATION_OF_PROTEOLYSIS_INVOLVED_IN_CELLULAR_PROTEIN_CATABOLIC_PROCESS] was killed by [GOBP_REGULATION_OF_UBIQUITIN_DEPENDENT_PROTEIN_CATABOLIC_PROCESS,GOBP_REGULATION_OF_UBIQUITIN_DEPENDENT_PROTEIN_CATABOLIC_PROCESS]
[GOBP_NEGATIVE_REGULATION_OF_AUTOPHAGY,GOBP_NEGATIVE_REGULATION_OF_AUTOPHAGY] was killed by [GOBP_REGULATION_OF_UBIQUITIN_DEPENDENT_PROTEIN_CATABOLIC_PROCESS,GOBP_REGULATION_OF_UBIQUITIN_DEPENDENT_PROTEIN_CATABOLIC_PROCESS]
[GOBP_POSITIVE_REGULATION_OF_CELLULAR_PROTEIN_CATABOLIC_PROCESS,GOBP_POSITIVE_REGULATION_OF_CELLULAR_PROTEIN_CATABOLIC_PROCESS] was killed by [GOBP_REGULATION_OF_UBIQUITIN_DEPENDENT_PROTEIN_CATABOLIC_PROCESS,GOBP_REGULATION_OF_UBIQUITIN_DEPENDENT_PROTEIN_CATABOLIC_PROCESS]
[GOBP_POSITIVE_REGULATION_OF_TRANSCRIPTION_INITIATION_FROM_RNA_POLYMERASE_II_PROMOTER,GOBP_POSITIVE_REGULATION_OF_TRANSCRIPTION_INITIATION_FROM_RNA_POLYMERASE_II_PROMOTER] was killed by [GOBP_POSITIVE_REGULATION_OF_CYTOPLASMIC_TRANSLATION,GOBP_POSITIVE_REGULATION_OF_CYTOPLASMIC_TRANSLATION]
[GOBP_REGULATION_OF_KIDNEY_DEVELOPMENT,GOBP_REGULATION_OF_KIDNEY_DEVELOPMENT] was killed by [GOBP_CELL_PROLIFERATION_INVOLVED_IN_HEART_MORPHOGENESIS,GOBP_CELL_PROLIFERATION_INVOLVED_IN_HEART_MORPHOGENESIS]
[HP_EPIPHYSEAL_STIPPLING,HP_EPIPHYSEAL_STIPPLING] was killed by [HP_ABNORMAL_EPIPHYSEAL_OSSIFICATION,HP_ABNORMAL_EPIPHYSEAL_OSSIFICATION]
[GOBP_REGULATION_OF_TRANSFORMING_GROWTH_FACTOR_BETA_ACTIVATION,GOBP_REGULATION_OF_TRANSFORMING_GROWTH_FACTOR_BETA_ACTIVATION] was killed by [HP_ANTERIOR_OPEN_BITE_MALOCCLUSION,HP_ANTERIOR_OPEN_BITE_MALOCCLUSION]
[GOBP_ACETYL_COA_BIOSYNTHETIC_PROCESS,GOBP_ACETYL_COA_BIOSYNTHETIC_PROCESS] was killed by [GOBP_THIOESTER_BIOSYNTHETIC_PROCESS,GOBP_THIOESTER_BIOSYNTHETIC_PROCESS]
[GOBP_COLLAGEN_METABOLIC_PROCESS,GOBP_COLLAGEN_METABOLIC_PROCESS] was killed by [HP_ANTERIOR_OPEN_BITE_MALOCCLUSION,HP_ANTERIOR_OPEN_BITE_MALOCCLUSION]
[HP_ABNORMAL_2ND_FINGER_MORPHOLOGY,HP_ABNORMAL_2ND_FINGER_MORPHOLOGY] was killed by [HP_ANTERIOR_OPEN_BITE_MALOCCLUSION,HP_ANTERIOR_OPEN_BITE_MALOCCLUSION]
[GOCC_SWR1_COMPLEX,GOCC_SWR1_COMPLEX] was killed by [GOCC_PROTEIN_ACETYLTRANSFERASE_COMPLEX,GOCC_PROTEIN_ACETYLTRANSFERASE_COMPLEX]
[GOMF_HISTONE_DEMETHYLASE_ACTIVITY_H3_K9_SPECIFIC,GOMF_HISTONE_DEMETHYLASE_ACTIVITY_H3_K9_SPECIFIC] was killed by [GOBP_RECOMBINATIONAL_REPAIR,GOBP_RECOMBINATIONAL_REPAIR]
[GOBP_POSITIVE_REGULATION_OF_TRANSCRIPTION_ELONGATION_FROM_RNA_POLYMERASE_II_PROMOTER,GOBP_POSITIVE_REGULATION_OF_TRANSCRIPTION_ELONGATION_FROM_RNA_POLYMERASE_II_PROMOTER] was killed by [GOBP_NCRNA_TRANSCRIPTION,GOBP_NCRNA_TRANSCRIPTION]
[HP_HODGKIN_LYMPHOMA,HP_HODGKIN_LYMPHOMA] was killed by [HP_INCREASED_CIRCULATING_IGG_LEVEL,HP_INCREASED_CIRCULATING_IGG_LEVEL]
[GOBP_PHOSPHATIDYLSERINE_METABOLIC_PROCESS,GOBP_PHOSPHATIDYLSERINE_METABOLIC_PROCESS] was killed by [GOMF_PHOSPHOLIPASE_A2_ACTIVITY_CONSUMING_1_2_DIPALMITOYLPHOSPHATIDYLCHOLINE,GOMF_PHOSPHOLIPASE_A2_ACTIVITY_CONSUMING_1_2_DIPALMITOYLPHOSPHATIDYLCHOLINE]
[GOBP_ENAMEL_MINERALIZATION,GOBP_ENAMEL_MINERALIZATION] was killed by [HP_ANTERIOR_OPEN_BITE_MALOCCLUSION,HP_ANTERIOR_OPEN_BITE_MALOCCLUSION]
[HP_ABNORMAL_NUMBER_OF_PERMANENT_TEETH,HP_ABNORMAL_NUMBER_OF_PERMANENT_TEETH] was killed by [GOCC_PROTEIN_ACETYLTRANSFERASE_COMPLEX,GOCC_PROTEIN_ACETYLTRANSFERASE_COMPLEX]
[GOBP_METANEPHROS_DEVELOPMENT,GOBP_METANEPHROS_DEVELOPMENT] was killed by [GOBP_CELL_PROLIFERATION_INVOLVED_IN_HEART_MORPHOGENESIS,GOBP_CELL_PROLIFERATION_INVOLVED_IN_HEART_MORPHOGENESIS]
[GOBP_POSITIVE_REGULATION_OF_CANONICAL_WNT_SIGNALING_PATHWAY,GOBP_POSITIVE_REGULATION_OF_CANONICAL_WNT_SIGNALING_PATHWAY] was killed by [GOBP_REGULATION_OF_UBIQUITIN_DEPENDENT_PROTEIN_CATABOLIC_PROCESS,GOBP_REGULATION_OF_UBIQUITIN_DEPENDENT_PROTEIN_CATABOLIC_PROCESS]
[GOCC_POSTSYNAPTIC_CYTOSOL,GOCC_POSTSYNAPTIC_CYTOSOL] was killed by [GOBP_POSITIVE_REGULATION_OF_CYTOPLASMIC_TRANSLATION,GOBP_POSITIVE_REGULATION_OF_CYTOPLASMIC_TRANSLATION]
[HP_SYSTEMIC_LUPUS_ERYTHEMATOSUS,HP_SYSTEMIC_LUPUS_ERYTHEMATOSUS] was killed by [HP_INCREASED_CIRCULATING_IGG_LEVEL,HP_INCREASED_CIRCULATING_IGG_LEVEL]
[HP_ABNORMAL_CHOROID_MORPHOLOGY,HP_ABNORMAL_CHOROID_MORPHOLOGY] was killed by [GOCC_PROTEIN_ACETYLTRANSFERASE_COMPLEX,GOCC_PROTEIN_ACETYLTRANSFERASE_COMPLEX]
[GOBP_NEPHRON_MORPHOGENESIS,GOBP_NEPHRON_MORPHOGENESIS] was killed by [GOBP_CELL_PROLIFERATION_INVOLVED_IN_HEART_MORPHOGENESIS,GOBP_CELL_PROLIFERATION_INVOLVED_IN_HEART_MORPHOGENESIS]
[GOBP_VIRAL_TRANSLATION,GOBP_VIRAL_TRANSLATION] was killed by [GOBP_ALTERNATIVE_MRNA_SPLICING_VIA_SPLICEOSOME,GOBP_ALTERNATIVE_MRNA_SPLICING_VIA_SPLICEOSOME]
[GOBP_REGULATION_OF_ATP_BIOSYNTHETIC_PROCESS,GOBP_REGULATION_OF_ATP_BIOSYNTHETIC_PROCESS] was killed by [GOBP_INTERLEUKIN_10_PRODUCTION,GOBP_INTERLEUKIN_10_PRODUCTION]
[HP_LIP_PIT,HP_LIP_PIT] was killed by [GOBP_CELL_PROLIFERATION_INVOLVED_IN_HEART_MORPHOGENESIS,GOBP_CELL_PROLIFERATION_INVOLVED_IN_HEART_MORPHOGENESIS]
[GOBP_TRANSFORMING_GROWTH_FACTOR_BETA_ACTIVATION,GOBP_TRANSFORMING_GROWTH_FACTOR_BETA_ACTIVATION] was killed by [HP_ANTERIOR_OPEN_BITE_MALOCCLUSION,HP_ANTERIOR_OPEN_BITE_MALOCCLUSION]
[GOCC_ENDORIBONUCLEASE_COMPLEX,GOCC_ENDORIBONUCLEASE_COMPLEX] was killed by [GOBP_POSITIVE_REGULATION_OF_CYTOPLASMIC_TRANSLATION,GOBP_POSITIVE_REGULATION_OF_CYTOPLASMIC_TRANSLATION]
[HP_COMBINED_IMMUNODEFICIENCY,HP_COMBINED_IMMUNODEFICIENCY] was killed by [HP_INCREASED_CIRCULATING_IGG_LEVEL,HP_INCREASED_CIRCULATING_IGG_LEVEL]
[GOBP_ERROR_PRONE_TRANSLESION_SYNTHESIS,GOBP_ERROR_PRONE_TRANSLESION_SYNTHESIS] was killed by [GOBP_RECOMBINATIONAL_REPAIR,GOBP_RECOMBINATIONAL_REPAIR]
[GOCC_TRANSCRIPTION_FACTOR_TFTC_COMPLEX,GOCC_TRANSCRIPTION_FACTOR_TFTC_COMPLEX] was killed by [GOCC_PROTEIN_ACETYLTRANSFERASE_COMPLEX,GOCC_PROTEIN_ACETYLTRANSFERASE_COMPLEX]
[GOBP_AMYLOID_FIBRIL_FORMATION,GOBP_AMYLOID_FIBRIL_FORMATION] was killed by [GOBP_REGULATION_OF_UBIQUITIN_DEPENDENT_PROTEIN_CATABOLIC_PROCESS,GOBP_REGULATION_OF_UBIQUITIN_DEPENDENT_PROTEIN_CATABOLIC_PROCESS]
[HP_IRREGULAR_MENSTRUATION,HP_IRREGULAR_MENSTRUATION] was killed by [HP_ABNORMAL_EPIPHYSEAL_OSSIFICATION,HP_ABNORMAL_EPIPHYSEAL_OSSIFICATION]
[GOBP_SULFUR_COMPOUND_CATABOLIC_PROCESS,GOBP_SULFUR_COMPOUND_CATABOLIC_PROCESS] was killed by [GOBP_THIOESTER_BIOSYNTHETIC_PROCESS,GOBP_THIOESTER_BIOSYNTHETIC_PROCESS]
[GOBP_ESTABLISHMENT_OF_RNA_LOCALIZATION,GOBP_ESTABLISHMENT_OF_RNA_LOCALIZATION] was killed by [GOBP_ALTERNATIVE_MRNA_SPLICING_VIA_SPLICEOSOME,GOBP_ALTERNATIVE_MRNA_SPLICING_VIA_SPLICEOSOME]
[GOBP_REGULATION_OF_POTASSIUM_ION_TRANSPORT,GOBP_REGULATION_OF_POTASSIUM_ION_TRANSPORT] was killed by [GOBP_REGULATION_OF_UBIQUITIN_DEPENDENT_PROTEIN_CATABOLIC_PROCESS,GOBP_REGULATION_OF_UBIQUITIN_DEPENDENT_PROTEIN_CATABOLIC_PROCESS]
[GOBP_REGULATION_OF_TRANSCRIPTION_INITIATION_FROM_RNA_POLYMERASE_II_PROMOTER,GOBP_REGULATION_OF_TRANSCRIPTION_INITIATION_FROM_RNA_POLYMERASE_II_PROMOTER] was killed by [GOBP_POSITIVE_REGULATION_OF_CYTOPLASMIC_TRANSLATION,GOBP_POSITIVE_REGULATION_OF_CYTOPLASMIC_TRANSLATION]
[GOBP_REGULATION_OF_VESICLE_FUSION,GOBP_REGULATION_OF_VESICLE_FUSION] was killed by [GOMF_PHOSPHOLIPASE_INHIBITOR_ACTIVITY,GOMF_PHOSPHOLIPASE_INHIBITOR_ACTIVITY]
[HP_LEWY_BODIES,HP_LEWY_BODIES] was killed by [GOBP_REGULATION_OF_UBIQUITIN_DEPENDENT_PROTEIN_CATABOLIC_PROCESS,GOBP_REGULATION_OF_UBIQUITIN_DEPENDENT_PROTEIN_CATABOLIC_PROCESS]
[GOBP_REGULATION_OF_PHOSPHOLIPASE_C_ACTIVITY,GOBP_REGULATION_OF_PHOSPHOLIPASE_C_ACTIVITY] was killed by [GOBP_REGULATION_OF_MICROTUBULE_BINDING,GOBP_REGULATION_OF_MICROTUBULE_BINDING]
[GOBP_NEGATIVE_REGULATION_OF_CELL_GROWTH,GOBP_NEGATIVE_REGULATION_OF_CELL_GROWTH] was killed by [GOBP_CELL_PROLIFERATION_INVOLVED_IN_HEART_MORPHOGENESIS,GOBP_CELL_PROLIFERATION_INVOLVED_IN_HEART_MORPHOGENESIS]
[HP_HYPOPLASIA_OF_TEETH,HP_HYPOPLASIA_OF_TEETH] was killed by [HP_ANTERIOR_OPEN_BITE_MALOCCLUSION,HP_ANTERIOR_OPEN_BITE_MALOCCLUSION]
[GOBP_PHOSPHATIDYLCHOLINE_METABOLIC_PROCESS,GOBP_PHOSPHATIDYLCHOLINE_METABOLIC_PROCESS] was killed by [GOMF_PHOSPHOLIPASE_A2_ACTIVITY_CONSUMING_1_2_DIPALMITOYLPHOSPHATIDYLCHOLINE,GOMF_PHOSPHOLIPASE_A2_ACTIVITY_CONSUMING_1_2_DIPALMITOYLPHOSPHATIDYLCHOLINE]
[GOBP_REGULATION_OF_MONOCYTE_DIFFERENTIATION,GOBP_REGULATION_OF_MONOCYTE_DIFFERENTIATION] was killed by [HP_ANTERIOR_OPEN_BITE_MALOCCLUSION,HP_ANTERIOR_OPEN_BITE_MALOCCLUSION]
[HP_BLADDER_DIVERTICULUM,HP_BLADDER_DIVERTICULUM] was killed by [HP_ABNORMALITY_OF_BLADDER_MORPHOLOGY,HP_ABNORMALITY_OF_BLADDER_MORPHOLOGY]
[GOBP_CARDIAC_ATRIUM_DEVELOPMENT,GOBP_CARDIAC_ATRIUM_DEVELOPMENT] was killed by [GOBP_CELL_PROLIFERATION_INVOLVED_IN_HEART_MORPHOGENESIS,GOBP_CELL_PROLIFERATION_INVOLVED_IN_HEART_MORPHOGENESIS]
[GOMF_TAU_PROTEIN_BINDING,GOMF_TAU_PROTEIN_BINDING] was killed by [GOBP_REGULATION_OF_UBIQUITIN_DEPENDENT_PROTEIN_CATABOLIC_PROCESS,GOBP_REGULATION_OF_UBIQUITIN_DEPENDENT_PROTEIN_CATABOLIC_PROCESS]
[GOBP_REGULATION_OF_POTASSIUM_ION_TRANSMEMBRANE_TRANSPORTER_ACTIVITY,GOBP_REGULATION_OF_POTASSIUM_ION_TRANSMEMBRANE_TRANSPORTER_ACTIVITY] was killed by [HP_ATHETOSIS,HP_ATHETOSIS]
[GOMF_NUCLEAR_RECEPTOR_COACTIVATOR_ACTIVITY,GOMF_NUCLEAR_RECEPTOR_COACTIVATOR_ACTIVITY] was killed by [GOCC_PROTEIN_ACETYLTRANSFERASE_COMPLEX,GOCC_PROTEIN_ACETYLTRANSFERASE_COMPLEX]
[HP_THORACOLUMBAR_SCOLIOSIS,HP_THORACOLUMBAR_SCOLIOSIS] was killed by [HP_ABNORMALITY_OF_BLADDER_MORPHOLOGY,HP_ABNORMALITY_OF_BLADDER_MORPHOLOGY]
[GOCC_POLYSOMAL_RIBOSOME,GOCC_POLYSOMAL_RIBOSOME] was killed by [GOBP_ALTERNATIVE_MRNA_SPLICING_VIA_SPLICEOSOME,GOBP_ALTERNATIVE_MRNA_SPLICING_VIA_SPLICEOSOME]
[HP_SEVERE_GLOBAL_DEVELOPMENTAL_DELAY,HP_SEVERE_GLOBAL_DEVELOPMENTAL_DELAY] was killed by [HP_ABNORMAL_EPIPHYSEAL_OSSIFICATION,HP_ABNORMAL_EPIPHYSEAL_OSSIFICATION]
[GOMF_PROTEIN_DEMETHYLASE_ACTIVITY,GOMF_PROTEIN_DEMETHYLASE_ACTIVITY] was killed by [GOBP_RECOMBINATIONAL_REPAIR,GOBP_RECOMBINATIONAL_REPAIR]
[HP_ABSENT_FOREARM_BONE,HP_ABSENT_FOREARM_BONE] was killed by [GOBP_RECOMBINATIONAL_REPAIR,GOBP_RECOMBINATIONAL_REPAIR]
[GOBP_RRNA_PSEUDOURIDINE_SYNTHESIS,GOBP_RRNA_PSEUDOURIDINE_SYNTHESIS] was killed by [GOBP_MITOCHONDRIAL_GENE_EXPRESSION,GOBP_MITOCHONDRIAL_GENE_EXPRESSION]
[HP_ABNORMALITY_OF_BLOOD_VOLUME_HOMEOSTASIS,HP_ABNORMALITY_OF_BLOOD_VOLUME_HOMEOSTASIS] was killed by [GOBP_CELL_PROLIFERATION_INVOLVED_IN_HEART_MORPHOGENESIS,GOBP_CELL_PROLIFERATION_INVOLVED_IN_HEART_MORPHOGENESIS]
[HP_ABSENT_HAND,HP_ABSENT_HAND] was killed by [GOBP_CELL_PROLIFERATION_INVOLVED_IN_HEART_MORPHOGENESIS,GOBP_CELL_PROLIFERATION_INVOLVED_IN_HEART_MORPHOGENESIS]
[GOCC_ENDOPLASMIC_RETICULUM_GOLGI_INTERMEDIATE_COMPARTMENT_MEMBRANE,GOCC_ENDOPLASMIC_RETICULUM_GOLGI_INTERMEDIATE_COMPARTMENT_MEMBRANE] was killed by [GOCC_PLATELET_ALPHA_GRANULE_LUMEN,GOCC_PLATELET_ALPHA_GRANULE_LUMEN]
[GOBP_POSITIVE_REGULATION_OF_UBIQUITIN_DEPENDENT_PROTEIN_CATABOLIC_PROCESS,GOBP_POSITIVE_REGULATION_OF_UBIQUITIN_DEPENDENT_PROTEIN_CATABOLIC_PROCESS] was killed by [GOBP_REGULATION_OF_UBIQUITIN_DEPENDENT_PROTEIN_CATABOLIC_PROCESS,GOBP_REGULATION_OF_UBIQUITIN_DEPENDENT_PROTEIN_CATABOLIC_PROCESS]
[HP_FACIAL_HYPERTRICHOSIS,HP_FACIAL_HYPERTRICHOSIS] was killed by [HP_ANTERIOR_OPEN_BITE_MALOCCLUSION,HP_ANTERIOR_OPEN_BITE_MALOCCLUSION]
[HP_UNEXPLAINED_FEVERS,HP_UNEXPLAINED_FEVERS] was killed by [HP_ABNORMALITY_OF_BLADDER_MORPHOLOGY,HP_ABNORMALITY_OF_BLADDER_MORPHOLOGY]
[GOBP_TRNA_THREONYLCARBAMOYLADENOSINE_METABOLIC_PROCESS,GOBP_TRNA_THREONYLCARBAMOYLADENOSINE_METABOLIC_PROCESS] was killed by [GOBP_MITOCHONDRIAL_GENE_EXPRESSION,GOBP_MITOCHONDRIAL_GENE_EXPRESSION]
[GOCC_ELONGATOR_HOLOENZYME_COMPLEX,GOCC_ELONGATOR_HOLOENZYME_COMPLEX] was killed by [GOMF_METAL_CLUSTER_BINDING,GOMF_METAL_CLUSTER_BINDING]
[HP_METAPHYSEAL_CUPPING,HP_METAPHYSEAL_CUPPING] was killed by [HP_ABNORMAL_EPIPHYSEAL_OSSIFICATION,HP_ABNORMAL_EPIPHYSEAL_OSSIFICATION]
[HP_EXAGGERATED_CUPID_S_BOW,HP_EXAGGERATED_CUPID_S_BOW] was killed by [HP_ABNORMAL_EPIPHYSEAL_OSSIFICATION,HP_ABNORMAL_EPIPHYSEAL_OSSIFICATION]
[GOCC_GOLGI_LUMEN,GOCC_GOLGI_LUMEN] was killed by [GOCC_PLATELET_ALPHA_GRANULE_LUMEN,GOCC_PLATELET_ALPHA_GRANULE_LUMEN]
[HP_CHRONIC_NONINFECTIOUS_LYMPHADENOPATHY,HP_CHRONIC_NONINFECTIOUS_LYMPHADENOPATHY] was killed by [HP_INCREASED_CIRCULATING_IGG_LEVEL,HP_INCREASED_CIRCULATING_IGG_LEVEL]
[HP_NON_OBSTRUCTIVE_AZOOSPERMIA,HP_NON_OBSTRUCTIVE_AZOOSPERMIA] was killed by [GOBP_RECOMBINATIONAL_REPAIR,GOBP_RECOMBINATIONAL_REPAIR]
[GOBP_POSITIVE_REGULATION_OF_SISTER_CHROMATID_COHESION,GOBP_POSITIVE_REGULATION_OF_SISTER_CHROMATID_COHESION] was killed by [GOBP_RECOMBINATIONAL_REPAIR,GOBP_RECOMBINATIONAL_REPAIR]
[GOCC_NURF_COMPLEX,GOCC_NURF_COMPLEX] was killed by [GOCC_ISWI_TYPE_COMPLEX,GOCC_ISWI_TYPE_COMPLEX]
[GOCC_RNA_POLYMERASE_II_TRANSCRIPTION_REGULATOR_COMPLEX,GOCC_RNA_POLYMERASE_II_TRANSCRIPTION_REGULATOR_COMPLEX] was killed by [GOCC_PROTEIN_ACETYLTRANSFERASE_COMPLEX,GOCC_PROTEIN_ACETYLTRANSFERASE_COMPLEX]
[GOBP_TRNA_MODIFICATION,GOBP_TRNA_MODIFICATION] was killed by [GOBP_MITOCHONDRIAL_GENE_EXPRESSION,GOBP_MITOCHONDRIAL_GENE_EXPRESSION]
[GOMF_FERROUS_IRON_BINDING,GOMF_FERROUS_IRON_BINDING] was killed by [GOMF_METAL_CLUSTER_BINDING,GOMF_METAL_CLUSTER_BINDING]
[GOCC_PROTEIN_PHOSPHATASE_TYPE_1_COMPLEX,GOCC_PROTEIN_PHOSPHATASE_TYPE_1_COMPLEX] was killed by [GOBP_POSITIVE_REGULATION_OF_CYTOPLASMIC_TRANSLATION,GOBP_POSITIVE_REGULATION_OF_CYTOPLASMIC_TRANSLATION]
[GOBP_ACETYL_COA_METABOLIC_PROCESS,GOBP_ACETYL_COA_METABOLIC_PROCESS] was killed by [GOBP_THIOESTER_BIOSYNTHETIC_PROCESS,GOBP_THIOESTER_BIOSYNTHETIC_PROCESS]
[GOBP_REGULATION_OF_INSULIN_LIKE_GROWTH_FACTOR_RECEPTOR_SIGNALING_PATHWAY,GOBP_REGULATION_OF_INSULIN_LIKE_GROWTH_FACTOR_RECEPTOR_SIGNALING_PATHWAY] was killed by [HP_ANTERIOR_OPEN_BITE_MALOCCLUSION,HP_ANTERIOR_OPEN_BITE_MALOCCLUSION]
[HP_NARROW_MOUTH,HP_NARROW_MOUTH] was killed by [GOCC_PROTEIN_ACETYLTRANSFERASE_COMPLEX,GOCC_PROTEIN_ACETYLTRANSFERASE_COMPLEX]
[GOBP_LEUKOCYTE_HOMEOSTASIS,GOBP_LEUKOCYTE_HOMEOSTASIS] was killed by [GOBP_INTERLEUKIN_10_PRODUCTION,GOBP_INTERLEUKIN_10_PRODUCTION]
[GOBP_PHOSPHATIDYLSERINE_ACYL_CHAIN_REMODELING,GOBP_PHOSPHATIDYLSERINE_ACYL_CHAIN_REMODELING] was killed by [GOMF_PHOSPHOLIPASE_A2_ACTIVITY_CONSUMING_1_2_DIPALMITOYLPHOSPHATIDYLCHOLINE,GOMF_PHOSPHOLIPASE_A2_ACTIVITY_CONSUMING_1_2_DIPALMITOYLPHOSPHATIDYLCHOLINE]
[GOCC_ANAPHASE_PROMOTING_COMPLEX,GOCC_ANAPHASE_PROMOTING_COMPLEX] was killed by [GOBP_PROTEIN_K11_LINKED_UBIQUITINATION,GOBP_PROTEIN_K11_LINKED_UBIQUITINATION]
[GOBP_REGULATION_OF_MRNA_SPLICING_VIA_SPLICEOSOME,GOBP_REGULATION_OF_MRNA_SPLICING_VIA_SPLICEOSOME] was killed by [GOBP_ALTERNATIVE_MRNA_SPLICING_VIA_SPLICEOSOME,GOBP_ALTERNATIVE_MRNA_SPLICING_VIA_SPLICEOSOME]
[HP_ABNORMALITY_OF_THE_MIDDLE_PHALANX_OF_THE_5TH_FINGER,HP_ABNORMALITY_OF_THE_MIDDLE_PHALANX_OF_THE_5TH_FINGER] was killed by [HP_ANTERIOR_OPEN_BITE_MALOCCLUSION,HP_ANTERIOR_OPEN_BITE_MALOCCLUSION]
[GOMF_CYCLIN_DEPENDENT_PROTEIN_SERINE_THREONINE_KINASE_REGULATOR_ACTIVITY,GOMF_CYCLIN_DEPENDENT_PROTEIN_SERINE_THREONINE_KINASE_REGULATOR_ACTIVITY] was killed by [GOBP_NCRNA_TRANSCRIPTION,GOBP_NCRNA_TRANSCRIPTION]
[HP_THYROID_CARCINOMA,HP_THYROID_CARCINOMA] was killed by [GOBP_REGULATION_OF_UBIQUITIN_DEPENDENT_PROTEIN_CATABOLIC_PROCESS,GOBP_REGULATION_OF_UBIQUITIN_DEPENDENT_PROTEIN_CATABOLIC_PROCESS]
[GOBP_REGULATION_OF_BRANCHING_INVOLVED_IN_URETERIC_BUD_MORPHOGENESIS,GOBP_REGULATION_OF_BRANCHING_INVOLVED_IN_URETERIC_BUD_MORPHOGENESIS] was killed by [GOBP_CELL_PROLIFERATION_INVOLVED_IN_HEART_MORPHOGENESIS,GOBP_CELL_PROLIFERATION_INVOLVED_IN_HEART_MORPHOGENESIS]
[HP_ABNORMAL_TISSUE_METABOLITE_CONCENTRATION,HP_ABNORMAL_TISSUE_METABOLITE_CONCENTRATION] was killed by [HP_ABNORMAL_EPIPHYSEAL_OSSIFICATION,HP_ABNORMAL_EPIPHYSEAL_OSSIFICATION]
[HP_IRREGULAR_HYPERPIGMENTATION,HP_IRREGULAR_HYPERPIGMENTATION] was killed by [GOBP_RECOMBINATIONAL_REPAIR,GOBP_RECOMBINATIONAL_REPAIR]
[GOCC_RNAI_EFFECTOR_COMPLEX,GOCC_RNAI_EFFECTOR_COMPLEX] was killed by [GOBP_POSITIVE_REGULATION_OF_CYTOPLASMIC_TRANSLATION,GOBP_POSITIVE_REGULATION_OF_CYTOPLASMIC_TRANSLATION]
[GOMF_ADENYLYLTRANSFERASE_ACTIVITY,GOMF_ADENYLYLTRANSFERASE_ACTIVITY] was killed by [GOBP_REGULATION_OF_MICROTUBULE_BINDING,GOBP_REGULATION_OF_MICROTUBULE_BINDING]
[HP_DYSTROPHIC_TOENAIL,HP_DYSTROPHIC_TOENAIL] was killed by [GOBP_CELL_PROLIFERATION_INVOLVED_IN_HEART_MORPHOGENESIS,GOBP_CELL_PROLIFERATION_INVOLVED_IN_HEART_MORPHOGENESIS]
[GOBP_REPLICATION_FORK_PROCESSING,GOBP_REPLICATION_FORK_PROCESSING] was killed by [GOBP_RECOMBINATIONAL_REPAIR,GOBP_RECOMBINATIONAL_REPAIR]
[GOBP_NEURON_FATE_COMMITMENT,GOBP_NEURON_FATE_COMMITMENT] was killed by [GOBP_CELL_PROLIFERATION_INVOLVED_IN_HEART_MORPHOGENESIS,GOBP_CELL_PROLIFERATION_INVOLVED_IN_HEART_MORPHOGENESIS]
[GOBP_POSITIVE_REGULATION_OF_VIRAL_GENOME_REPLICATION,GOBP_POSITIVE_REGULATION_OF_VIRAL_GENOME_REPLICATION] was killed by [GOBP_CELL_PROLIFERATION_INVOLVED_IN_HEART_MORPHOGENESIS,GOBP_CELL_PROLIFERATION_INVOLVED_IN_HEART_MORPHOGENESIS]
[GOBP_POSITIVE_REGULATION_OF_CELL_MIGRATION_INVOLVED_IN_SPROUTING_ANGIOGENESIS,GOBP_POSITIVE_REGULATION_OF_CELL_MIGRATION_INVOLVED_IN_SPROUTING_ANGIOGENESIS] was killed by [GOBP_REGULATION_OF_MICROTUBULE_BINDING,GOBP_REGULATION_OF_MICROTUBULE_BINDING]
[GOBP_NEGATIVE_REGULATION_OF_PROTEIN_MODIFICATION_BY_SMALL_PROTEIN_CONJUGATION_OR_REMOVAL,GOBP_NEGATIVE_REGULATION_OF_PROTEIN_MODIFICATION_BY_SMALL_PROTEIN_CONJUGATION_OR_REMOVAL] was killed by [GOBP_REGULATION_OF_UBIQUITIN_DEPENDENT_PROTEIN_CATABOLIC_PROCESS,GOBP_REGULATION_OF_UBIQUITIN_DEPENDENT_PROTEIN_CATABOLIC_PROCESS]
[GOMF_REGULATORY_RNA_BINDING,GOMF_REGULATORY_RNA_BINDING] was killed by [GOBP_ALTERNATIVE_MRNA_SPLICING_VIA_SPLICEOSOME,GOBP_ALTERNATIVE_MRNA_SPLICING_VIA_SPLICEOSOME]
[HP_APLASIA_HYPOPLASIA_OF_THE_LUNGS,HP_APLASIA_HYPOPLASIA_OF_THE_LUNGS] was killed by [HP_ABNORMAL_EPIPHYSEAL_OSSIFICATION,HP_ABNORMAL_EPIPHYSEAL_OSSIFICATION]
[GOBP_RETINA_DEVELOPMENT_IN_CAMERA_TYPE_EYE,GOBP_RETINA_DEVELOPMENT_IN_CAMERA_TYPE_EYE] was killed by [GOBP_CELL_PROLIFERATION_INVOLVED_IN_HEART_MORPHOGENESIS,GOBP_CELL_PROLIFERATION_INVOLVED_IN_HEART_MORPHOGENESIS]
[GOBP_HISTONE_H3_ACETYLATION,GOBP_HISTONE_H3_ACETYLATION] was killed by [GOCC_PROTEIN_ACETYLTRANSFERASE_COMPLEX,GOCC_PROTEIN_ACETYLTRANSFERASE_COMPLEX]
[HP_MISSING_RIBS,HP_MISSING_RIBS] was killed by [HP_ANTERIOR_OPEN_BITE_MALOCCLUSION,HP_ANTERIOR_OPEN_BITE_MALOCCLUSION]
[GOBP_PHOSPHATIDYLETHANOLAMINE_ACYL_CHAIN_REMODELING,GOBP_PHOSPHATIDYLETHANOLAMINE_ACYL_CHAIN_REMODELING] was killed by [GOMF_PHOSPHOLIPASE_A2_ACTIVITY_CONSUMING_1_2_DIPALMITOYLPHOSPHATIDYLCHOLINE,GOMF_PHOSPHOLIPASE_A2_ACTIVITY_CONSUMING_1_2_DIPALMITOYLPHOSPHATIDYLCHOLINE]
[GOMF_GENERAL_TRANSCRIPTION_INITIATION_FACTOR_BINDING,GOMF_GENERAL_TRANSCRIPTION_INITIATION_FACTOR_BINDING] was killed by [GOCC_PROTEIN_ACETYLTRANSFERASE_COMPLEX,GOCC_PROTEIN_ACETYLTRANSFERASE_COMPLEX]
[HP_NEONATAL_HYPOGLYCEMIA,HP_NEONATAL_HYPOGLYCEMIA] was killed by [HP_ATHETOSIS,HP_ATHETOSIS]
[GOBP_HISTONE_H3_K9_DEMETHYLATION,GOBP_HISTONE_H3_K9_DEMETHYLATION] was killed by [GOBP_RECOMBINATIONAL_REPAIR,GOBP_RECOMBINATIONAL_REPAIR]
[GOBP_TYPE_B_PANCREATIC_CELL_PROLIFERATION,GOBP_TYPE_B_PANCREATIC_CELL_PROLIFERATION] was killed by [GOBP_RESPONSE_TO_OSMOTIC_STRESS,GOBP_RESPONSE_TO_OSMOTIC_STRESS]
[GOBP_VENOUS_BLOOD_VESSEL_DEVELOPMENT,GOBP_VENOUS_BLOOD_VESSEL_DEVELOPMENT] was killed by [GOBP_CELL_PROLIFERATION_INVOLVED_IN_HEART_MORPHOGENESIS,GOBP_CELL_PROLIFERATION_INVOLVED_IN_HEART_MORPHOGENESIS]
[GOMF_VASCULAR_ENDOTHELIAL_GROWTH_FACTOR_RECEPTOR_BINDING,GOMF_VASCULAR_ENDOTHELIAL_GROWTH_FACTOR_RECEPTOR_BINDING] was killed by [GOCC_PLATELET_ALPHA_GRANULE_LUMEN,GOCC_PLATELET_ALPHA_GRANULE_LUMEN]
[HP_HYPERCOAGULABILITY,HP_HYPERCOAGULABILITY] was killed by [GOCC_PLATELET_ALPHA_GRANULE_LUMEN,GOCC_PLATELET_ALPHA_GRANULE_LUMEN]
[GOBP_NEGATIVE_REGULATION_OF_PEPTIDE_SECRETION,GOBP_NEGATIVE_REGULATION_OF_PEPTIDE_SECRETION] was killed by [GOBP_REGULATION_OF_CELLULAR_AMINE_METABOLIC_PROCESS,GOBP_REGULATION_OF_CELLULAR_AMINE_METABOLIC_PROCESS]
[GOBP_LONG_CHAIN_FATTY_ACYL_COA_METABOLIC_PROCESS,GOBP_LONG_CHAIN_FATTY_ACYL_COA_METABOLIC_PROCESS] was killed by [GOBP_THIOESTER_BIOSYNTHETIC_PROCESS,GOBP_THIOESTER_BIOSYNTHETIC_PROCESS]
[HP_ABNORMAL_5TH_FINGER_PHALANX_MORPHOLOGY,HP_ABNORMAL_5TH_FINGER_PHALANX_MORPHOLOGY] was killed by [GOBP_NCRNA_TRANSCRIPTION,GOBP_NCRNA_TRANSCRIPTION]
[HP_DYSPAREUNIA,HP_DYSPAREUNIA] was killed by [GOBP_INTERLEUKIN_10_PRODUCTION,GOBP_INTERLEUKIN_10_PRODUCTION]
[GOMF_MYOSIN_BINDING,GOMF_MYOSIN_BINDING] was killed by [GOBP_POSITIVE_REGULATION_OF_ATPASE_ACTIVITY,GOBP_POSITIVE_REGULATION_OF_ATPASE_ACTIVITY]
[GOMF_SEROTONIN_RECEPTOR_ACTIVITY,GOMF_SEROTONIN_RECEPTOR_ACTIVITY] was killed by [GOBP_REGULATION_OF_CELLULAR_AMINE_METABOLIC_PROCESS,GOBP_REGULATION_OF_CELLULAR_AMINE_METABOLIC_PROCESS]
[GOCC_LARGE_RIBOSOMAL_SUBUNIT,GOCC_LARGE_RIBOSOMAL_SUBUNIT] was killed by [GOBP_MITOCHONDRIAL_GENE_EXPRESSION,GOBP_MITOCHONDRIAL_GENE_EXPRESSION]
[HP_ESOPHAGEAL_NEOPLASM,HP_ESOPHAGEAL_NEOPLASM] was killed by [GOBP_RECOMBINATIONAL_REPAIR,GOBP_RECOMBINATIONAL_REPAIR]
[HP_PLANTAR_HYPERKERATOSIS,HP_PLANTAR_HYPERKERATOSIS] was killed by [HP_ABNORMALITY_OF_BLADDER_MORPHOLOGY,HP_ABNORMALITY_OF_BLADDER_MORPHOLOGY]
[HP_HYPERCHOLESTEROLEMIA,HP_HYPERCHOLESTEROLEMIA] was killed by [HP_ABNORMAL_EPIPHYSEAL_OSSIFICATION,HP_ABNORMAL_EPIPHYSEAL_OSSIFICATION]
[GOMF_TRANSFERASE_ACTIVITY_TRANSFERRING_PENTOSYL_GROUPS,GOMF_TRANSFERASE_ACTIVITY_TRANSFERRING_PENTOSYL_GROUPS] was killed by [GOBP_REGULATION_OF_CELLULAR_AMINE_METABOLIC_PROCESS,GOBP_REGULATION_OF_CELLULAR_AMINE_METABOLIC_PROCESS]
[GOBP_HEART_FIELD_SPECIFICATION,GOBP_HEART_FIELD_SPECIFICATION] was killed by [GOBP_CELL_PROLIFERATION_INVOLVED_IN_HEART_MORPHOGENESIS,GOBP_CELL_PROLIFERATION_INVOLVED_IN_HEART_MORPHOGENESIS]
[GOCC_SMALL_RIBOSOMAL_SUBUNIT,GOCC_SMALL_RIBOSOMAL_SUBUNIT] was killed by [GOBP_MITOCHONDRIAL_GENE_EXPRESSION,GOBP_MITOCHONDRIAL_GENE_EXPRESSION]
[GOBP_EMBRYONIC_APPENDAGE_MORPHOGENESIS,GOBP_EMBRYONIC_APPENDAGE_MORPHOGENESIS] was killed by [GOBP_CELL_PROLIFERATION_INVOLVED_IN_HEART_MORPHOGENESIS,GOBP_CELL_PROLIFERATION_INVOLVED_IN_HEART_MORPHOGENESIS]
[GOBP_TRNA_3_END_PROCESSING,GOBP_TRNA_3_END_PROCESSING] was killed by [GOBP_MITOCHONDRIAL_GENE_EXPRESSION,GOBP_MITOCHONDRIAL_GENE_EXPRESSION]
[HP_PERICARDIAL_EFFUSION,HP_PERICARDIAL_EFFUSION] was killed by [GOBP_CELL_PROLIFERATION_INVOLVED_IN_HEART_MORPHOGENESIS,GOBP_CELL_PROLIFERATION_INVOLVED_IN_HEART_MORPHOGENESIS]
[HP_ABNORMAL_BLOOD_PHOSPHATE_CONCENTRATION,HP_ABNORMAL_BLOOD_PHOSPHATE_CONCENTRATION] was killed by [HP_ABNORMAL_EPIPHYSEAL_OSSIFICATION,HP_ABNORMAL_EPIPHYSEAL_OSSIFICATION]
[GOBP_VIRAL_BUDDING,GOBP_VIRAL_BUDDING] was killed by [GOBP_MULTI_ORGANISM_LOCALIZATION,GOBP_MULTI_ORGANISM_LOCALIZATION]
[GOBP_GLYCEROL_ETHER_METABOLIC_PROCESS,GOBP_GLYCEROL_ETHER_METABOLIC_PROCESS] was killed by [HP_ABNORMAL_EPIPHYSEAL_OSSIFICATION,HP_ABNORMAL_EPIPHYSEAL_OSSIFICATION]
[HP_ABNORMALITY_OF_THE_DENTATE_NUCLEUS,HP_ABNORMALITY_OF_THE_DENTATE_NUCLEUS] was killed by [HP_ATHETOSIS,HP_ATHETOSIS]
[HP_HYPOPLASTIC_TOENAILS,HP_HYPOPLASTIC_TOENAILS] was killed by [HP_ABNORMALITY_OF_BLADDER_MORPHOLOGY,HP_ABNORMALITY_OF_BLADDER_MORPHOLOGY]
[HP_AMYLOIDOSIS,HP_AMYLOIDOSIS] was killed by [GOCC_PLATELET_ALPHA_GRANULE_LUMEN,GOCC_PLATELET_ALPHA_GRANULE_LUMEN]
[HP_CELLULAR_IMMUNODEFICIENCY,HP_CELLULAR_IMMUNODEFICIENCY] was killed by [GOCC_PROTEIN_ACETYLTRANSFERASE_COMPLEX,GOCC_PROTEIN_ACETYLTRANSFERASE_COMPLEX]
[HP_SENSORIMOTOR_NEUROPATHY,HP_SENSORIMOTOR_NEUROPATHY] was killed by [HP_ABNORMAL_EPIPHYSEAL_OSSIFICATION,HP_ABNORMAL_EPIPHYSEAL_OSSIFICATION]
[HP_DECREASED_SKULL_OSSIFICATION,HP_DECREASED_SKULL_OSSIFICATION] was killed by [HP_ABNORMAL_EPIPHYSEAL_OSSIFICATION,HP_ABNORMAL_EPIPHYSEAL_OSSIFICATION]
[GOBP_GENITALIA_DEVELOPMENT,GOBP_GENITALIA_DEVELOPMENT] was killed by [GOBP_POSITIVE_REGULATION_OF_ATPASE_ACTIVITY,GOBP_POSITIVE_REGULATION_OF_ATPASE_ACTIVITY]
[GOCC_POLYSOME,GOCC_POLYSOME] was killed by [GOCC_PROTEIN_ACETYLTRANSFERASE_COMPLEX,GOCC_PROTEIN_ACETYLTRANSFERASE_COMPLEX]
[GOBP_VIRION_ASSEMBLY,GOBP_VIRION_ASSEMBLY] was killed by [GOBP_MULTI_ORGANISM_LOCALIZATION,GOBP_MULTI_ORGANISM_LOCALIZATION]
[GOCC_NUCLEAR_CYCLIN_DEPENDENT_PROTEIN_KINASE_HOLOENZYME_COMPLEX,GOCC_NUCLEAR_CYCLIN_DEPENDENT_PROTEIN_KINASE_HOLOENZYME_COMPLEX] was killed by [GOBP_NCRNA_TRANSCRIPTION,GOBP_NCRNA_TRANSCRIPTION]
[GOBP_NEGATIVE_REGULATION_OF_VASCULATURE_DEVELOPMENT,GOBP_NEGATIVE_REGULATION_OF_VASCULATURE_DEVELOPMENT] was killed by [GOCC_PLATELET_ALPHA_GRANULE_LUMEN,GOCC_PLATELET_ALPHA_GRANULE_LUMEN]
[GOCC_INCLUSION_BODY,GOCC_INCLUSION_BODY] was killed by [GOBP_REGULATION_OF_UBIQUITIN_DEPENDENT_PROTEIN_CATABOLIC_PROCESS,GOBP_REGULATION_OF_UBIQUITIN_DEPENDENT_PROTEIN_CATABOLIC_PROCESS]
[HP_ABNORMAL_CIRCULATING_IGG_LEVEL,HP_ABNORMAL_CIRCULATING_IGG_LEVEL] was killed by [GOBP_RECOMBINATIONAL_REPAIR,GOBP_RECOMBINATIONAL_REPAIR]
[GOCC_NUCLEAR_PORE_NUCLEAR_BASKET,GOCC_NUCLEAR_PORE_NUCLEAR_BASKET] was killed by [GOBP_MULTI_ORGANISM_LOCALIZATION,GOBP_MULTI_ORGANISM_LOCALIZATION]
[HP_TICS,HP_TICS] was killed by [HP_ATHETOSIS,HP_ATHETOSIS]
[GOMF_UBIQUITIN_LIKE_PROTEIN_CONJUGATING_ENZYME_ACTIVITY,GOMF_UBIQUITIN_LIKE_PROTEIN_CONJUGATING_ENZYME_ACTIVITY] was killed by [GOBP_PROTEIN_K11_LINKED_UBIQUITINATION,GOBP_PROTEIN_K11_LINKED_UBIQUITINATION]
[GOBP_KIDNEY_MORPHOGENESIS,GOBP_KIDNEY_MORPHOGENESIS] was killed by [GOBP_CELL_PROLIFERATION_INVOLVED_IN_HEART_MORPHOGENESIS,GOBP_CELL_PROLIFERATION_INVOLVED_IN_HEART_MORPHOGENESIS]
[GOBP_POSITIVE_REGULATION_OF_LIPASE_ACTIVITY,GOBP_POSITIVE_REGULATION_OF_LIPASE_ACTIVITY] was killed by [GOMF_PHOSPHOLIPASE_A2_ACTIVITY_CONSUMING_1_2_DIPALMITOYLPHOSPHATIDYLCHOLINE,GOMF_PHOSPHOLIPASE_A2_ACTIVITY_CONSUMING_1_2_DIPALMITOYLPHOSPHATIDYLCHOLINE]
[GOBP_MITOTIC_CELL_CYCLE_CHECKPOINT,GOBP_MITOTIC_CELL_CYCLE_CHECKPOINT] was killed by [GOBP_RECOMBINATIONAL_REPAIR,GOBP_RECOMBINATIONAL_REPAIR]
[GOBP_ACETYL_COA_BIOSYNTHETIC_PROCESS_FROM_PYRUVATE,GOBP_ACETYL_COA_BIOSYNTHETIC_PROCESS_FROM_PYRUVATE] was killed by [GOBP_THIOESTER_BIOSYNTHETIC_PROCESS,GOBP_THIOESTER_BIOSYNTHETIC_PROCESS]
[GOBP_POSITIVE_REGULATION_OF_PROTEIN_EXPORT_FROM_NUCLEUS,GOBP_POSITIVE_REGULATION_OF_PROTEIN_EXPORT_FROM_NUCLEUS] was killed by [GOBP_NEGATIVE_REGULATION_OF_TUMOR_NECROSIS_FACTOR_MEDIATED_SIGNALING_PATHWAY,GOBP_NEGATIVE_REGULATION_OF_TUMOR_NECROSIS_FACTOR_MEDIATED_SIGNALING_PATHWAY]
[GOMF_I_SMAD_BINDING,GOMF_I_SMAD_BINDING] was killed by [GOBP_CELL_PROLIFERATION_INVOLVED_IN_HEART_MORPHOGENESIS,GOBP_CELL_PROLIFERATION_INVOLVED_IN_HEART_MORPHOGENESIS]
[HP_CUPPED_RIBS,HP_CUPPED_RIBS] was killed by [HP_ABNORMAL_EPIPHYSEAL_OSSIFICATION,HP_ABNORMAL_EPIPHYSEAL_OSSIFICATION]
[GOMF_TRANSCRIPTION_COREPRESSOR_ACTIVITY,GOMF_TRANSCRIPTION_COREPRESSOR_ACTIVITY] was killed by [GOCC_PROTEIN_ACETYLTRANSFERASE_COMPLEX,GOCC_PROTEIN_ACETYLTRANSFERASE_COMPLEX]
[HP_LEFT_VENTRICULAR_HYPERTROPHY,HP_LEFT_VENTRICULAR_HYPERTROPHY] was killed by [GOBP_PROTEIN_LOCALIZATION_TO_CILIUM,GOBP_PROTEIN_LOCALIZATION_TO_CILIUM]
[HP_DECREASED_CIRCULATING_TOTAL_IGM,HP_DECREASED_CIRCULATING_TOTAL_IGM] was killed by [GOBP_POSITIVE_REGULATION_OF_CYTOPLASMIC_TRANSLATION,GOBP_POSITIVE_REGULATION_OF_CYTOPLASMIC_TRANSLATION]
[GOBP_POTASSIUM_ION_HOMEOSTASIS,GOBP_POTASSIUM_ION_HOMEOSTASIS] was killed by [GOBP_RESPONSE_TO_OSMOTIC_STRESS,GOBP_RESPONSE_TO_OSMOTIC_STRESS]
[GOBP_TRANSCRIPTION_PREINITIATION_COMPLEX_ASSEMBLY,GOBP_TRANSCRIPTION_PREINITIATION_COMPLEX_ASSEMBLY] was killed by [GOCC_PROTEIN_ACETYLTRANSFERASE_COMPLEX,GOCC_PROTEIN_ACETYLTRANSFERASE_COMPLEX]
[GOBP_REGULATION_OF_LYMPHOCYTE_CHEMOTAXIS,GOBP_REGULATION_OF_LYMPHOCYTE_CHEMOTAXIS] was killed by [GOBP_RESPONSE_TO_OSMOTIC_STRESS,GOBP_RESPONSE_TO_OSMOTIC_STRESS]
[GOBP_REGULATION_OF_T_CELL_CHEMOTAXIS,GOBP_REGULATION_OF_T_CELL_CHEMOTAXIS] was killed by [GOBP_RESPONSE_TO_OSMOTIC_STRESS,GOBP_RESPONSE_TO_OSMOTIC_STRESS]
[HP_CEREBRAL_WHITE_MATTER_ATROPHY,HP_CEREBRAL_WHITE_MATTER_ATROPHY] was killed by [HP_ATHETOSIS,HP_ATHETOSIS]
[GOMF_LYSOPHOSPHOLIPASE_ACTIVITY,GOMF_LYSOPHOSPHOLIPASE_ACTIVITY] was killed by [GOMF_PHOSPHOLIPASE_A2_ACTIVITY_CONSUMING_1_2_DIPALMITOYLPHOSPHATIDYLCHOLINE,GOMF_PHOSPHOLIPASE_A2_ACTIVITY_CONSUMING_1_2_DIPALMITOYLPHOSPHATIDYLCHOLINE]
[GOBP_NIK_NF_KAPPAB_SIGNALING,GOBP_NIK_NF_KAPPAB_SIGNALING] was killed by [GOBP_INTERLEUKIN_10_PRODUCTION,GOBP_INTERLEUKIN_10_PRODUCTION]
[HP_FLAT_ACETABULAR_ROOF,HP_FLAT_ACETABULAR_ROOF] was killed by [HP_ABNORMAL_EPIPHYSEAL_OSSIFICATION,HP_ABNORMAL_EPIPHYSEAL_OSSIFICATION]
[HP_PENDULAR_NYSTAGMUS,HP_PENDULAR_NYSTAGMUS] was killed by [HP_ATHETOSIS,HP_ATHETOSIS]
[HP_ABNORMALITY_OF_THE_CHOANAE,HP_ABNORMALITY_OF_THE_CHOANAE] was killed by [GOBP_RECOMBINATIONAL_REPAIR,GOBP_RECOMBINATIONAL_REPAIR]
[GOBP_POSITIVE_REGULATION_OF_TYROSINE_PHOSPHORYLATION_OF_STAT_PROTEIN,GOBP_POSITIVE_REGULATION_OF_TYROSINE_PHOSPHORYLATION_OF_STAT_PROTEIN] was killed by [GOBP_CELL_PROLIFERATION_INVOLVED_IN_HEART_MORPHOGENESIS,GOBP_CELL_PROLIFERATION_INVOLVED_IN_HEART_MORPHOGENESIS]
[HP_ABNORMAL_CIRCULATING_LONG_CHAIN_FATTY_ACID_CONCENTRATION,HP_ABNORMAL_CIRCULATING_LONG_CHAIN_FATTY_ACID_CONCENTRATION] was killed by [HP_ABNORMAL_EPIPHYSEAL_OSSIFICATION,HP_ABNORMAL_EPIPHYSEAL_OSSIFICATION]
[GOMF_TRANSLATION_REGULATOR_ACTIVITY_NUCLEIC_ACID_BINDING,GOMF_TRANSLATION_REGULATOR_ACTIVITY_NUCLEIC_ACID_BINDING] was killed by [GOBP_MITOCHONDRIAL_GENE_EXPRESSION,GOBP_MITOCHONDRIAL_GENE_EXPRESSION]
[HP_APLASIA_HYPOPLASIA_OF_THE_PUBIC_BONE,HP_APLASIA_HYPOPLASIA_OF_THE_PUBIC_BONE] was killed by [HP_ABNORMAL_EPIPHYSEAL_OSSIFICATION,HP_ABNORMAL_EPIPHYSEAL_OSSIFICATION]
[HP_ABNORMAL_SPEECH_PROSODY,HP_ABNORMAL_SPEECH_PROSODY] was killed by [GOBP_REGULATION_OF_UBIQUITIN_DEPENDENT_PROTEIN_CATABOLIC_PROCESS,GOBP_REGULATION_OF_UBIQUITIN_DEPENDENT_PROTEIN_CATABOLIC_PROCESS]
[HP_MULTIPLE_LENTIGINES,HP_MULTIPLE_LENTIGINES] was killed by [HP_ABNORMAL_EPIPHYSEAL_OSSIFICATION,HP_ABNORMAL_EPIPHYSEAL_OSSIFICATION]
[GOBP_IRES_DEPENDENT_VIRAL_TRANSLATIONAL_INITIATION,GOBP_IRES_DEPENDENT_VIRAL_TRANSLATIONAL_INITIATION] was killed by [GOBP_ALTERNATIVE_MRNA_SPLICING_VIA_SPLICEOSOME,GOBP_ALTERNATIVE_MRNA_SPLICING_VIA_SPLICEOSOME]
[GOMF_INTRAMOLECULAR_TRANSFERASE_ACTIVITY,GOMF_INTRAMOLECULAR_TRANSFERASE_ACTIVITY] was killed by [GOBP_MITOCHONDRIAL_GENE_EXPRESSION,GOBP_MITOCHONDRIAL_GENE_EXPRESSION]
[GOBP_HYALURONAN_METABOLIC_PROCESS,GOBP_HYALURONAN_METABOLIC_PROCESS] was killed by [GOCC_PLATELET_ALPHA_GRANULE_LUMEN,GOCC_PLATELET_ALPHA_GRANULE_LUMEN]
[GOBP_REGULATION_OF_DNA_TEMPLATED_TRANSCRIPTION_ELONGATION,GOBP_REGULATION_OF_DNA_TEMPLATED_TRANSCRIPTION_ELONGATION] was killed by [GOBP_ALTERNATIVE_MRNA_SPLICING_VIA_SPLICEOSOME,GOBP_ALTERNATIVE_MRNA_SPLICING_VIA_SPLICEOSOME]
[GOBP_NEGATIVE_REGULATION_OF_CYSTEINE_TYPE_ENDOPEPTIDASE_ACTIVITY,GOBP_NEGATIVE_REGULATION_OF_CYSTEINE_TYPE_ENDOPEPTIDASE_ACTIVITY] was killed by [GOBP_REGULATION_OF_UBIQUITIN_DEPENDENT_PROTEIN_CATABOLIC_PROCESS,GOBP_REGULATION_OF_UBIQUITIN_DEPENDENT_PROTEIN_CATABOLIC_PROCESS]
[GOBP_POSITIVE_REGULATION_OF_CHROMATIN_ORGANIZATION,GOBP_POSITIVE_REGULATION_OF_CHROMATIN_ORGANIZATION] was killed by [GOCC_PROTEIN_ACETYLTRANSFERASE_COMPLEX,GOCC_PROTEIN_ACETYLTRANSFERASE_COMPLEX]
[GOBP_REGULATION_OF_GLIAL_CELL_PROLIFERATION,GOBP_REGULATION_OF_GLIAL_CELL_PROLIFERATION] was killed by [GOBP_CELL_PROLIFERATION_INVOLVED_IN_HEART_MORPHOGENESIS,GOBP_CELL_PROLIFERATION_INVOLVED_IN_HEART_MORPHOGENESIS]
[HP_DEEPLY_SET_EYE,HP_DEEPLY_SET_EYE] was killed by [GOCC_PROTEIN_ACETYLTRANSFERASE_COMPLEX,GOCC_PROTEIN_ACETYLTRANSFERASE_COMPLEX]
[HP_OPEN_BITE,HP_OPEN_BITE] was killed by [HP_ANTERIOR_OPEN_BITE_MALOCCLUSION,HP_ANTERIOR_OPEN_BITE_MALOCCLUSION]
