[ELVIDGE_HYPOXIA_BY_DMOG_UP,ELVIDGE_HYPOXIA_BY_DMOG_UP] was killed by [BUFFA_HYPOXIA_METAGENE,BUFFA_HYPOXIA_METAGENE]
[BHATTACHARYA_EMBRYONIC_STEM_CELL,BHATTACHARYA_EMBRYONIC_STEM_CELL] was killed by [BUFFA_HYPOXIA_METAGENE,BUFFA_HYPOXIA_METAGENE]
[SHIPP_DLBCL_VS_FOLLICULAR_LYMPHOMA_UP,SHIPP_DLBCL_VS_FOLLICULAR_LYMPHOMA_UP] was killed by [BUFFA_HYPOXIA_METAGENE,BUFFA_HYPOXIA_METAGENE]
[ELVIDGE_HYPOXIA_UP,ELVIDGE_HYPOXIA_UP] was killed by [BUFFA_HYPOXIA_METAGENE,BUFFA_HYPOXIA_METAGENE]
[THEILGAARD_NEUTROPHIL_AT_SKIN_WOUND_UP,THEILGAARD_NEUTROPHIL_AT_SKIN_WOUND_UP] was killed by [ZAMORA_NOS2_TARGETS_DN,ZAMORA_NOS2_TARGETS_DN]
[CHICAS_RB1_TARGETS_LOW_SERUM,CHICAS_RB1_TARGETS_LOW_SERUM] was killed by [FISCHER_G1_S_CELL_CYCLE,FISCHER_G1_S_CELL_CYCLE]
[GROSS_HYPOXIA_VIA_ELK3_AND_HIF1A_UP,GROSS_HYPOXIA_VIA_ELK3_AND_HIF1A_UP] was killed by [BUFFA_HYPOXIA_METAGENE,BUFFA_HYPOXIA_METAGENE]
[PUIFFE_INVASION_INHIBITED_BY_ASCITES_UP,PUIFFE_INVASION_INHIBITED_BY_ASCITES_UP] was killed by [ONDER_CDH1_TARGETS_1_DN,ONDER_CDH1_TARGETS_1_DN]
[TAKAO_RESPONSE_TO_UVB_RADIATION_DN,TAKAO_RESPONSE_TO_UVB_RADIATION_DN] was killed by [ONDER_CDH1_TARGETS_1_DN,ONDER_CDH1_TARGETS_1_DN]
[WOO_LIVER_CANCER_RECURRENCE_UP,WOO_LIVER_CANCER_RECURRENCE_UP] was killed by [BUFFA_HYPOXIA_METAGENE,BUFFA_HYPOXIA_METAGENE]
[CASORELLI_ACUTE_PROMYELOCYTIC_LEUKEMIA_UP,CASORELLI_ACUTE_PROMYELOCYTIC_LEUKEMIA_UP] was killed by [HUTTMANN_B_CLL_POOR_SURVIVAL_DN,HUTTMANN_B_CLL_POOR_SURVIVAL_DN]
[PUJANA_BREAST_CANCER_LIT_INT_NETWORK,PUJANA_BREAST_CANCER_LIT_INT_NETWORK] was killed by [FISCHER_G1_S_CELL_CYCLE,FISCHER_G1_S_CELL_CYCLE]
[WINTER_HYPOXIA_UP,WINTER_HYPOXIA_UP] was killed by [BUFFA_HYPOXIA_METAGENE,BUFFA_HYPOXIA_METAGENE]
[ELVIDGE_HIF1A_TARGETS_DN,ELVIDGE_HIF1A_TARGETS_DN] was killed by [BUFFA_HYPOXIA_METAGENE,BUFFA_HYPOXIA_METAGENE]
[JOHANSSON_GLIOMAGENESIS_BY_PDGFB_UP,JOHANSSON_GLIOMAGENESIS_BY_PDGFB_UP] was killed by [ZAMORA_NOS2_TARGETS_DN,ZAMORA_NOS2_TARGETS_DN]
[GENTILE_UV_RESPONSE_CLUSTER_D8,GENTILE_UV_RESPONSE_CLUSTER_D8] was killed by [HOELZEL_NF1_TARGETS_DN,HOELZEL_NF1_TARGETS_DN]
[DAIRKEE_CANCER_PRONE_RESPONSE_BPA,DAIRKEE_CANCER_PRONE_RESPONSE_BPA] was killed by [ZAMORA_NOS2_TARGETS_DN,ZAMORA_NOS2_TARGETS_DN]
[CONRAD_STEM_CELL,CONRAD_STEM_CELL] was killed by [HUTTMANN_B_CLL_POOR_SURVIVAL_DN,HUTTMANN_B_CLL_POOR_SURVIVAL_DN]
[ELVIDGE_HIF1A_AND_HIF2A_TARGETS_DN,ELVIDGE_HIF1A_AND_HIF2A_TARGETS_DN] was killed by [BUFFA_HYPOXIA_METAGENE,BUFFA_HYPOXIA_METAGENE]
[UDAYAKUMAR_MED1_TARGETS_UP,UDAYAKUMAR_MED1_TARGETS_UP] was killed by [ONDER_CDH1_TARGETS_1_DN,ONDER_CDH1_TARGETS_1_DN]
[ALCALA_APOPTOSIS,ALCALA_APOPTOSIS] was killed by [ZAMORA_NOS2_TARGETS_DN,ZAMORA_NOS2_TARGETS_DN]
[BOUDOUKHA_BOUND_BY_IGF2BP2,BOUDOUKHA_BOUND_BY_IGF2BP2] was killed by [WAMUNYOKOLI_OVARIAN_CANCER_LMP_DN,WAMUNYOKOLI_OVARIAN_CANCER_LMP_DN]
