[KCCGNSWTTT_UNKNOWN,KCCGNSWTTT_UNKNOWN] was killed by [TMTCGCGANR_UNKNOWN,TMTCGCGANR_UNKNOWN]
[GCGSCMNTTT_UNKNOWN,GCGSCMNTTT_UNKNOWN] was killed by [SGCGSSAAA_E2F1DP2_01,SGCGSSAAA_E2F1DP2_01]
[AAGWWRNYGGC_UNKNOWN,AAGWWRNYGGC_UNKNOWN] was killed by [SGCGSSAAA_E2F1DP2_01,SGCGSSAAA_E2F1DP2_01]
[TTTNNANAGCYR_UNKNOWN,TTTNNANAGCYR_UNKNOWN] was killed by [KRCTCNNNNMANAGC_UNKNOWN,KRCTCNNNNMANAGC_UNKNOWN]
[MEF2_01,MEF2_01] was killed by [GATA_Q6,GATA_Q6]
[CRGAARNNNNCGA_UNKNOWN,CRGAARNNNNCGA_UNKNOWN] was killed by [SREBP1_01,SREBP1_01]
[RRCCGTTA_UNKNOWN,RRCCGTTA_UNKNOWN] was killed by [SGCGSSAAA_E2F1DP2_01,SGCGSSAAA_E2F1DP2_01]
[HMEF2_Q6,HMEF2_Q6] was killed by [YNTTTNNNANGCARM_UNKNOWN,YNTTTNNNANGCARM_UNKNOWN]
[CCGNMNNTNACG_UNKNOWN,CCGNMNNTNACG_UNKNOWN] was killed by [GCGNNANTTCC_UNKNOWN,GCGNNANTTCC_UNKNOWN]
[CAGNWMCNNNGAC_UNKNOWN,CAGNWMCNNNGAC_UNKNOWN] was killed by [NRSF_01,NRSF_01]
[TAANNYSGCG_UNKNOWN,TAANNYSGCG_UNKNOWN] was killed by [TMTCGCGANR_UNKNOWN,TMTCGCGANR_UNKNOWN]
[GGCNKCCATNK_UNKNOWN,GGCNKCCATNK_UNKNOWN] was killed by [TMTCGCGANR_UNKNOWN,TMTCGCGANR_UNKNOWN]
[GGCNRNWCTTYS_UNKNOWN,GGCNRNWCTTYS_UNKNOWN] was killed by [GCGNNANTTCC_UNKNOWN,GCGNNANTTCC_UNKNOWN]
[TGASTMAGC_NFE2_01,TGASTMAGC_NFE2_01] was killed by [TMTCGCGANR_UNKNOWN,TMTCGCGANR_UNKNOWN]
[AR_Q2,AR_Q2] was killed by [AGCYRWTTC_UNKNOWN,AGCYRWTTC_UNKNOWN]
[PR_01,PR_01] was killed by [GATA_Q6,GATA_Q6]
[HEN1_01,HEN1_01] was killed by [AGCYRWTTC_UNKNOWN,AGCYRWTTC_UNKNOWN]
[GGGNRMNNYCAT_UNKNOWN,GGGNRMNNYCAT_UNKNOWN] was killed by [ACAWNRNSRCGG_UNKNOWN,ACAWNRNSRCGG_UNKNOWN]
[PAX3_B,PAX3_B] was killed by [YNTTTNNNANGCARM_UNKNOWN,YNTTTNNNANGCARM_UNKNOWN]
[E2F_Q2,E2F_Q2] was killed by [GATA_Q6,GATA_Q6]
[AACWWCAANK_UNKNOWN,AACWWCAANK_UNKNOWN] was killed by [AGCYRWTTC_UNKNOWN,AGCYRWTTC_UNKNOWN]
[MEIS1BHOXA9_01,MEIS1BHOXA9_01] was killed by [GATA_Q6,GATA_Q6]
[GGARNTKYCCA_UNKNOWN,GGARNTKYCCA_UNKNOWN] was killed by [YNTTTNNNANGCARM_UNKNOWN,YNTTTNNNANGCARM_UNKNOWN]
[YWATTWNNRGCT_UNKNOWN,YWATTWNNRGCT_UNKNOWN] was killed by [YNTTTNNNANGCARM_UNKNOWN,YNTTTNNNANGCARM_UNKNOWN]
[GATGKMRGCG_UNKNOWN,GATGKMRGCG_UNKNOWN] was killed by [ACAWNRNSRCGG_UNKNOWN,ACAWNRNSRCGG_UNKNOWN]
[KTGGYRSGAA_UNKNOWN,KTGGYRSGAA_UNKNOWN] was killed by [SGCGSSAAA_E2F1DP2_01,SGCGSSAAA_E2F1DP2_01]
[TAAYNRNNTCC_UNKNOWN,TAAYNRNNTCC_UNKNOWN] was killed by [GATA_Q6,GATA_Q6]
[TNCATNTCCYR_UNKNOWN,TNCATNTCCYR_UNKNOWN] was killed by [AACYNNNNTTCCS_UNKNOWN,AACYNNNNTTCCS_UNKNOWN]
[GGAMTNNNNNTCCY_UNKNOWN,GGAMTNNNNNTCCY_UNKNOWN] was killed by [AACYNNNNTTCCS_UNKNOWN,AACYNNNNTTCCS_UNKNOWN]
[STTTCRNTTT_IRF_Q6,STTTCRNTTT_IRF_Q6] was killed by [AGCYRWTTC_UNKNOWN,AGCYRWTTC_UNKNOWN]
[SNACANNNYSYAGA_UNKNOWN,SNACANNNYSYAGA_UNKNOWN] was killed by [AR_03,AR_03]
[AR_02,AR_02] was killed by [AR_03,AR_03]
[CDPCR1_01,CDPCR1_01] was killed by [NRSF_01,NRSF_01]
[MYOGNF1_01,MYOGNF1_01] was killed by [AR_03,AR_03]
[WCTCNATGGY_UNKNOWN,WCTCNATGGY_UNKNOWN] was killed by [GGAANCGGAANY_UNKNOWN,GGAANCGGAANY_UNKNOWN]
[PPARA_02,PPARA_02] was killed by [AGCYRWTTC_UNKNOWN,AGCYRWTTC_UNKNOWN]
[RYTAAWNNNTGAY_UNKNOWN,RYTAAWNNNTGAY_UNKNOWN] was killed by [NRSF_01,NRSF_01]
[FREAC4_01,FREAC4_01] was killed by [SGCGSSAAA_E2F1DP2_01,SGCGSSAAA_E2F1DP2_01]
[EN1_01,EN1_01] was killed by [GATA_Q6,GATA_Q6]
[POU3F2_01,POU3F2_01] was killed by [NRSF_01,NRSF_01]
[EVI1_01,EVI1_01] was killed by [GATA_Q6,GATA_Q6]
[RACTNNRTTTNC_UNKNOWN,RACTNNRTTTNC_UNKNOWN] was killed by [AACYNNNNTTCCS_UNKNOWN,AACYNNNNTTCCS_UNKNOWN]
[MAZ_Q6,MAZ_Q6] was killed by [ACAWNRNSRCGG_UNKNOWN,ACAWNRNSRCGG_UNKNOWN]
[CCAWNWWNNNGGC_UNKNOWN,CCAWNWWNNNGGC_UNKNOWN] was killed by [TMTCGCGANR_UNKNOWN,TMTCGCGANR_UNKNOWN]
[CCAWYNNGAAR_UNKNOWN,CCAWYNNGAAR_UNKNOWN] was killed by [TMTCGCGANR_UNKNOWN,TMTCGCGANR_UNKNOWN]
[CCAATNNSNNNGCG_UNKNOWN,CCAATNNSNNNGCG_UNKNOWN] was killed by [SGCGSSAAA_E2F1DP2_01,SGCGSSAAA_E2F1DP2_01]
[CGTSACG_PAX3_B,CGTSACG_PAX3_B] was killed by [GCGNNANTTCC_UNKNOWN,GCGNNANTTCC_UNKNOWN]
[TTGCWCAAY_CEBPB_02,TTGCWCAAY_CEBPB_02] was killed by [AR_03,AR_03]
[EVI1_02,EVI1_02] was killed by [GATA_Q6,GATA_Q6]
[HNF3_Q6,HNF3_Q6] was killed by [GGAANCGGAANY_UNKNOWN,GGAANCGGAANY_UNKNOWN]
[GGCNNMSMYNTTG_UNKNOWN,GGCNNMSMYNTTG_UNKNOWN] was killed by [ACAWNRNSRCGG_UNKNOWN,ACAWNRNSRCGG_UNKNOWN]
[MCAATNNNNNGCG_UNKNOWN,MCAATNNNNNGCG_UNKNOWN] was killed by [TMTCGCGANR_UNKNOWN,TMTCGCGANR_UNKNOWN]
[FREAC7_01,FREAC7_01] was killed by [TMTCGCGANR_UNKNOWN,TMTCGCGANR_UNKNOWN]
[AHRARNT_02,AHRARNT_02] was killed by [SREBP1_01,SREBP1_01]
[GATA2_01,GATA2_01] was killed by [AR_03,AR_03]
[E2F_01,E2F_01] was killed by [KRCTCNNNNMANAGC_UNKNOWN,KRCTCNNNNMANAGC_UNKNOWN]
[YRCCAKNNGNCGC_UNKNOWN,YRCCAKNNGNCGC_UNKNOWN] was killed by [AGCYRWTTC_UNKNOWN,AGCYRWTTC_UNKNOWN]
[LXR_DR4_Q3,LXR_DR4_Q3] was killed by [AGCYRWTTC_UNKNOWN,AGCYRWTTC_UNKNOWN]
[ACCTGTTG_UNKNOWN,ACCTGTTG_UNKNOWN] was killed by [GCGNNANTTCC_UNKNOWN,GCGNNANTTCC_UNKNOWN]
[CREBP1_01,CREBP1_01] was killed by [GCGNNANTTCC_UNKNOWN,GCGNNANTTCC_UNKNOWN]
[HEN1_02,HEN1_02] was killed by [AGCYRWTTC_UNKNOWN,AGCYRWTTC_UNKNOWN]
[FXR_IR1_Q6,FXR_IR1_Q6] was killed by [AGCYRWTTC_UNKNOWN,AGCYRWTTC_UNKNOWN]
[KMCATNNWGGA_UNKNOWN,KMCATNNWGGA_UNKNOWN] was killed by [SGCGSSAAA_E2F1DP2_01,SGCGSSAAA_E2F1DP2_01]
[YTCCCRNNAGGY_UNKNOWN,YTCCCRNNAGGY_UNKNOWN] was killed by [GKCGCNNNNNNNTGAYG_UNKNOWN,GKCGCNNNNNNNTGAYG_UNKNOWN]
[HMX1_01,HMX1_01] was killed by [ACAWNRNSRCGG_UNKNOWN,ACAWNRNSRCGG_UNKNOWN]
[NKX22_01,NKX22_01] was killed by [TMTCGCGANR_UNKNOWN,TMTCGCGANR_UNKNOWN]
[CGGAARNGGCNG_UNKNOWN,CGGAARNGGCNG_UNKNOWN] was killed by [AGCYRWTTC_UNKNOWN,AGCYRWTTC_UNKNOWN]
[ATGGYGGA_UNKNOWN,ATGGYGGA_UNKNOWN] was killed by [SGCGSSAAA_E2F1DP2_01,SGCGSSAAA_E2F1DP2_01]
[TTCNRGNNNNTTC_HSF_Q6,TTCNRGNNNNTTC_HSF_Q6] was killed by [GCGNNANTTCC_UNKNOWN,GCGNNANTTCC_UNKNOWN]
[RTTTNNNYTGGM_UNKNOWN,RTTTNNNYTGGM_UNKNOWN] was killed by [TMTCGCGANR_UNKNOWN,TMTCGCGANR_UNKNOWN]
[MEIS1AHOXA9_01,MEIS1AHOXA9_01] was killed by [GATA_Q6,GATA_Q6]
[TAAWWATAG_RSRFC4_Q2,TAAWWATAG_RSRFC4_Q2] was killed by [GATA_Q6,GATA_Q6]
[FOXJ2_01,FOXJ2_01] was killed by [TMTCGCGANR_UNKNOWN,TMTCGCGANR_UNKNOWN]
[CCCNNNNNNAAGWT_UNKNOWN,CCCNNNNNNAAGWT_UNKNOWN] was killed by [GATA_Q6,GATA_Q6]
[MYC_Q2,MYC_Q2] was killed by [SREBP1_01,SREBP1_01]
[YAATNRNNNYNATT_UNKNOWN,YAATNRNNNYNATT_UNKNOWN] was killed by [SGCGSSAAA_E2F1DP2_01,SGCGSSAAA_E2F1DP2_01]
[NCX_01,NCX_01] was killed by [SGCGSSAAA_E2F1DP2_01,SGCGSSAAA_E2F1DP2_01]
[YTAAYNGCT_UNKNOWN,YTAAYNGCT_UNKNOWN] was killed by [SGCGSSAAA_E2F1DP2_01,SGCGSSAAA_E2F1DP2_01]
[RNTCANNRNNYNATTW_UNKNOWN,RNTCANNRNNYNATTW_UNKNOWN] was killed by [AGCYRWTTC_UNKNOWN,AGCYRWTTC_UNKNOWN]
[YTAATTAA_LHX3_01,YTAATTAA_LHX3_01] was killed by [GATA_Q6,GATA_Q6]
[PAX5_01,PAX5_01] was killed by [SGCGSSAAA_E2F1DP2_01,SGCGSSAAA_E2F1DP2_01]
[SREBP1_02,SREBP1_02] was killed by [ACAWNRNSRCGG_UNKNOWN,ACAWNRNSRCGG_UNKNOWN]
[ATCMNTCCGY_UNKNOWN,ATCMNTCCGY_UNKNOWN] was killed by [SGCGSSAAA_E2F1DP2_01,SGCGSSAAA_E2F1DP2_01]
[TTANWNANTGGM_UNKNOWN,TTANWNANTGGM_UNKNOWN] was killed by [GATA_Q6,GATA_Q6]
[ATF_B,ATF_B] was killed by [GGAANCGGAANY_UNKNOWN,GGAANCGGAANY_UNKNOWN]
[IRF2_01,IRF2_01] was killed by [TMTCGCGANR_UNKNOWN,TMTCGCGANR_UNKNOWN]
[MIF1_01,MIF1_01] was killed by [GCGNNANTTCC_UNKNOWN,GCGNNANTTCC_UNKNOWN]
[STAT3_01,STAT3_01] was killed by [SGCGSSAAA_E2F1DP2_01,SGCGSSAAA_E2F1DP2_01]
[GTTGNYNNRGNAAC_UNKNOWN,GTTGNYNNRGNAAC_UNKNOWN] was killed by [SGCGSSAAA_E2F1DP2_01,SGCGSSAAA_E2F1DP2_01]
[CATRRAGC_UNKNOWN,CATRRAGC_UNKNOWN] was killed by [TMTCGCGANR_UNKNOWN,TMTCGCGANR_UNKNOWN]
[PBX1_02,PBX1_02] was killed by [TMTCGCGANR_UNKNOWN,TMTCGCGANR_UNKNOWN]
[YGCANTGCR_UNKNOWN,YGCANTGCR_UNKNOWN] was killed by [TMTCGCGANR_UNKNOWN,TMTCGCGANR_UNKNOWN]
[ARGGGTTAA_UNKNOWN,ARGGGTTAA_UNKNOWN] was killed by [GCGNNANTTCC_UNKNOWN,GCGNNANTTCC_UNKNOWN]
[GGCKCATGS_UNKNOWN,GGCKCATGS_UNKNOWN] was killed by [ACAWNRNSRCGG_UNKNOWN,ACAWNRNSRCGG_UNKNOWN]
[MYAATNNNNNNNGGC_UNKNOWN,MYAATNNNNNNNGGC_UNKNOWN] was killed by [SGCGSSAAA_E2F1DP2_01,SGCGSSAAA_E2F1DP2_01]
[CDP_01,CDP_01] was killed by [TMTCGCGANR_UNKNOWN,TMTCGCGANR_UNKNOWN]
[YGTCCTTGR_UNKNOWN,YGTCCTTGR_UNKNOWN] was killed by [TMTCGCGANR_UNKNOWN,TMTCGCGANR_UNKNOWN]
[CAGNYGKNAAA_UNKNOWN,CAGNYGKNAAA_UNKNOWN] was killed by [GATA_Q6,GATA_Q6]
[CTGYNNCTYTAA_UNKNOWN,CTGYNNCTYTAA_UNKNOWN] was killed by [YNTTTNNNANGCARM_UNKNOWN,YNTTTNNNANGCARM_UNKNOWN]
[NKX25_01,NKX25_01] was killed by [TMTCGCGANR_UNKNOWN,TMTCGCGANR_UNKNOWN]
[STAT3_02,STAT3_02] was killed by [GGAANCGGAANY_UNKNOWN,GGAANCGGAANY_UNKNOWN]
[HOX13_01,HOX13_01] was killed by [AGCYRWTTC_UNKNOWN,AGCYRWTTC_UNKNOWN]
[GNCF_01,GNCF_01] was killed by [AGCYRWTTC_UNKNOWN,AGCYRWTTC_UNKNOWN]
[GTTRYCATRR_UNKNOWN,GTTRYCATRR_UNKNOWN] was killed by [ACAWNRNSRCGG_UNKNOWN,ACAWNRNSRCGG_UNKNOWN]
[PR_02,PR_02] was killed by [SGCGSSAAA_E2F1DP2_01,SGCGSSAAA_E2F1DP2_01]
[RYCACNNRNNRNCAG_UNKNOWN,RYCACNNRNNRNCAG_UNKNOWN] was killed by [YNTTTNNNANGCARM_UNKNOWN,YNTTTNNNANGCARM_UNKNOWN]
[YYCATTCAWW_UNKNOWN,YYCATTCAWW_UNKNOWN] was killed by [GCGNNANTTCC_UNKNOWN,GCGNNANTTCC_UNKNOWN]
[HFH3_01,HFH3_01] was killed by [GATA_Q6,GATA_Q6]
[RYAAAKNNNNNNTTGW_UNKNOWN,RYAAAKNNNNNNTTGW_UNKNOWN] was killed by [TMTCGCGANR_UNKNOWN,TMTCGCGANR_UNKNOWN]
[TGTYNNNNNRGCARM_UNKNOWN,TGTYNNNNNRGCARM_UNKNOWN] was killed by [AGCYRWTTC_UNKNOWN,AGCYRWTTC_UNKNOWN]
[GRE_C,GRE_C] was killed by [GATA_Q6,GATA_Q6]
[AR_01,AR_01] was killed by [YNTTTNNNANGCARM_UNKNOWN,YNTTTNNNANGCARM_UNKNOWN]
[SEF1_C,SEF1_C] was killed by [TMTCGCGANR_UNKNOWN,TMTCGCGANR_UNKNOWN]
[WYAAANNRNNNGCG_UNKNOWN,WYAAANNRNNNGCG_UNKNOWN] was killed by [SGCGSSAAA_E2F1DP2_01,SGCGSSAAA_E2F1DP2_01]
[DR3_Q4,DR3_Q4] was killed by [GCGNNANTTCC_UNKNOWN,GCGNNANTTCC_UNKNOWN]
[YAATNANRNNNCAG_UNKNOWN,YAATNANRNNNCAG_UNKNOWN] was killed by [KRCTCNNNNMANAGC_UNKNOWN,KRCTCNNNNMANAGC_UNKNOWN]
[PAX5_02,PAX5_02] was killed by [YNTTTNNNANGCARM_UNKNOWN,YNTTTNNNANGCARM_UNKNOWN]
[ROAZ_01,ROAZ_01] was killed by [GCGNNANTTCC_UNKNOWN,GCGNNANTTCC_UNKNOWN]
[GTTNYYNNGGTNA_UNKNOWN,GTTNYYNNGGTNA_UNKNOWN] was killed by [ACAWNRNSRCGG_UNKNOWN,ACAWNRNSRCGG_UNKNOWN]
[ARP1_01,ARP1_01] was killed by [GGAANCGGAANY_UNKNOWN,GGAANCGGAANY_UNKNOWN]
[EGR2_01,EGR2_01] was killed by [GCGNNANTTCC_UNKNOWN,GCGNNANTTCC_UNKNOWN]
[AAANWWTGC_UNKNOWN,AAANWWTGC_UNKNOWN] was killed by [SGCGSSAAA_E2F1DP2_01,SGCGSSAAA_E2F1DP2_01]
[CYTAGCAAY_UNKNOWN,CYTAGCAAY_UNKNOWN] was killed by [GCGNNANTTCC_UNKNOWN,GCGNNANTTCC_UNKNOWN]
[EVI1_05,EVI1_05] was killed by [KRCTCNNNNMANAGC_UNKNOWN,KRCTCNNNNMANAGC_UNKNOWN]
[EGR3_01,EGR3_01] was killed by [GCGNNANTTCC_UNKNOWN,GCGNNANTTCC_UNKNOWN]
[PAX2_01,PAX2_01] was killed by [SGCGSSAAA_E2F1DP2_01,SGCGSSAAA_E2F1DP2_01]
[XBP1_01,XBP1_01] was killed by [TMTCGCGANR_UNKNOWN,TMTCGCGANR_UNKNOWN]
[AHR_01,AHR_01] was killed by [TMTCGCGANR_UNKNOWN,TMTCGCGANR_UNKNOWN]
[STAT5A_02,STAT5A_02] was killed by [NRSF_01,NRSF_01]
[AHRARNT_01,AHRARNT_01] was killed by [GATA_Q6,GATA_Q6]
[PAX6_01,PAX6_01] was killed by [GATA_Q6,GATA_Q6]
[CCTNTMAGA_UNKNOWN,CCTNTMAGA_UNKNOWN] was killed by [GGAANCGGAANY_UNKNOWN,GGAANCGGAANY_UNKNOWN]
[YGACNNYACAR_UNKNOWN,YGACNNYACAR_UNKNOWN] was killed by [TMTCGCGANR_UNKNOWN,TMTCGCGANR_UNKNOWN]
[ACAWYAAAG_UNKNOWN,ACAWYAAAG_UNKNOWN] was killed by [TMTCGCGANR_UNKNOWN,TMTCGCGANR_UNKNOWN]
[CTGRYYYNATT_UNKNOWN,CTGRYYYNATT_UNKNOWN] was killed by [TMTCGCGANR_UNKNOWN,TMTCGCGANR_UNKNOWN]
[GAANYNYGACNY_UNKNOWN,GAANYNYGACNY_UNKNOWN] was killed by [TMTCGCGANR_UNKNOWN,TMTCGCGANR_UNKNOWN]
[GTCNYYATGR_UNKNOWN,GTCNYYATGR_UNKNOWN] was killed by [SGCGSSAAA_E2F1DP2_01,SGCGSSAAA_E2F1DP2_01]
[CTCNANGTGNY_UNKNOWN,CTCNANGTGNY_UNKNOWN] was killed by [ACAWNRNSRCGG_UNKNOWN,ACAWNRNSRCGG_UNKNOWN]
[CDPCR3_01,CDPCR3_01] was killed by [TMTCGCGANR_UNKNOWN,TMTCGCGANR_UNKNOWN]
[PAX8_01,PAX8_01] was killed by [AGCYRWTTC_UNKNOWN,AGCYRWTTC_UNKNOWN]
[EVI1_03,EVI1_03] was killed by [GATA_Q6,GATA_Q6]
[TAXCREB_01,TAXCREB_01] was killed by [TMTCGCGANR_UNKNOWN,TMTCGCGANR_UNKNOWN]
[COMP1_01,COMP1_01] was killed by [GGAANCGGAANY_UNKNOWN,GGAANCGGAANY_UNKNOWN]
[MSX1_01,MSX1_01] was killed by [TMTCGCGANR_UNKNOWN,TMTCGCGANR_UNKNOWN]
[ATF6_01,ATF6_01] was killed by [KRCTCNNNNMANAGC_UNKNOWN,KRCTCNNNNMANAGC_UNKNOWN]
[RAAGNYNNCTTY_UNKNOWN,RAAGNYNNCTTY_UNKNOWN] was killed by [GATA_Q6,GATA_Q6]
[CDP_02,CDP_02] was killed by [TMTCGCGANR_UNKNOWN,TMTCGCGANR_UNKNOWN]
[AP2REP_01,AP2REP_01] was killed by [KRCTCNNNNMANAGC_UNKNOWN,KRCTCNNNNMANAGC_UNKNOWN]
[RYTGCNWTGGNR_UNKNOWN,RYTGCNWTGGNR_UNKNOWN] was killed by [KRCTCNNNNMANAGC_UNKNOWN,KRCTCNNNNMANAGC_UNKNOWN]
[GCCNNNWTAAR_UNKNOWN,GCCNNNWTAAR_UNKNOWN] was killed by [GATA_Q6,GATA_Q6]
[RORA2_01,RORA2_01] was killed by [TMTCGCGANR_UNKNOWN,TMTCGCGANR_UNKNOWN]
[FXR_Q3,FXR_Q3] was killed by [TMTCGCGANR_UNKNOWN,TMTCGCGANR_UNKNOWN]
[PAX3_01,PAX3_01] was killed by [ACAWNRNSRCGG_UNKNOWN,ACAWNRNSRCGG_UNKNOWN]
[LXR_Q3,LXR_Q3] was killed by [TMTCGCGANR_UNKNOWN,TMTCGCGANR_UNKNOWN]
[PAX8_B,PAX8_B] was killed by [KRCTCNNNNMANAGC_UNKNOWN,KRCTCNNNNMANAGC_UNKNOWN]
[OCT1_07,OCT1_07] was killed by [KRCTCNNNNMANAGC_UNKNOWN,KRCTCNNNNMANAGC_UNKNOWN]
[WWTAAGGC_UNKNOWN,WWTAAGGC_UNKNOWN] was killed by [KRCTCNNNNMANAGC_UNKNOWN,KRCTCNNNNMANAGC_UNKNOWN]
[HTF_01,HTF_01] was killed by [KRCTCNNNNMANAGC_UNKNOWN,KRCTCNNNNMANAGC_UNKNOWN]
