[GOBP_REGULATION_OF_RESPONSE_TO_CYTOKINE_STIMULUS,GOBP_REGULATION_OF_RESPONSE_TO_CYTOKINE_STIMULUS] was killed by [GOBP_TUMOR_NECROSIS_FACTOR_MEDIATED_SIGNALING_PATHWAY,GOBP_TUMOR_NECROSIS_FACTOR_MEDIATED_SIGNALING_PATHWAY]
[GOCC_ATPASE_COMPLEX,GOCC_ATPASE_COMPLEX] was killed by [GOCC_SWI_SNF_SUPERFAMILY_TYPE_COMPLEX,GOCC_SWI_SNF_SUPERFAMILY_TYPE_COMPLEX]
[GOBP_REGULATION_OF_DENDRITE_DEVELOPMENT,GOBP_REGULATION_OF_DENDRITE_DEVELOPMENT] was killed by [GOBP_RETINA_DEVELOPMENT_IN_CAMERA_TYPE_EYE,GOBP_RETINA_DEVELOPMENT_IN_CAMERA_TYPE_EYE]
[GOCC_HISTONE_DEACETYLASE_COMPLEX,GOCC_HISTONE_DEACETYLASE_COMPLEX] was killed by [GOCC_SWI_SNF_SUPERFAMILY_TYPE_COMPLEX,GOCC_SWI_SNF_SUPERFAMILY_TYPE_COMPLEX]
[GOBP_RESPONSE_TO_UV,GOBP_RESPONSE_TO_UV] was killed by [GOBP_LIPOSACCHARIDE_METABOLIC_PROCESS,GOBP_LIPOSACCHARIDE_METABOLIC_PROCESS]
[GOMF_NUCLEOSOME_BINDING,GOMF_NUCLEOSOME_BINDING] was killed by [GOCC_SWI_SNF_SUPERFAMILY_TYPE_COMPLEX,GOCC_SWI_SNF_SUPERFAMILY_TYPE_COMPLEX]
[GOBP_REGULATION_OF_ANIMAL_ORGAN_MORPHOGENESIS,GOBP_REGULATION_OF_ANIMAL_ORGAN_MORPHOGENESIS] was killed by [GOBP_TUMOR_NECROSIS_FACTOR_MEDIATED_SIGNALING_PATHWAY,GOBP_TUMOR_NECROSIS_FACTOR_MEDIATED_SIGNALING_PATHWAY]
[GOBP_TRANSLATIONAL_INITIATION,GOBP_TRANSLATIONAL_INITIATION] was killed by [GOMF_POLY_PURINE_TRACT_BINDING,GOMF_POLY_PURINE_TRACT_BINDING]
[GOBP_BONE_MORPHOGENESIS,GOBP_BONE_MORPHOGENESIS] was killed by [GOBP_RETINA_DEVELOPMENT_IN_CAMERA_TYPE_EYE,GOBP_RETINA_DEVELOPMENT_IN_CAMERA_TYPE_EYE]
[GOBP_DNA_REPLICATION_INDEPENDENT_NUCLEOSOME_ORGANIZATION,GOBP_DNA_REPLICATION_INDEPENDENT_NUCLEOSOME_ORGANIZATION] was killed by [GOCC_SWI_SNF_SUPERFAMILY_TYPE_COMPLEX,GOCC_SWI_SNF_SUPERFAMILY_TYPE_COMPLEX]
[GOBP_REGULATION_OF_TUMOR_NECROSIS_FACTOR_MEDIATED_SIGNALING_PATHWAY,GOBP_REGULATION_OF_TUMOR_NECROSIS_FACTOR_MEDIATED_SIGNALING_PATHWAY] was killed by [GOBP_TUMOR_NECROSIS_FACTOR_MEDIATED_SIGNALING_PATHWAY,GOBP_TUMOR_NECROSIS_FACTOR_MEDIATED_SIGNALING_PATHWAY]
[GOCC_CYTOSOLIC_SMALL_RIBOSOMAL_SUBUNIT,GOCC_CYTOSOLIC_SMALL_RIBOSOMAL_SUBUNIT] was killed by [GOMF_POLY_PURINE_TRACT_BINDING,GOMF_POLY_PURINE_TRACT_BINDING]
[GOBP_ANTIGEN_PROCESSING_AND_PRESENTATION_OF_EXOGENOUS_PEPTIDE_ANTIGEN_VIA_MHC_CLASS_I,GOBP_ANTIGEN_PROCESSING_AND_PRESENTATION_OF_EXOGENOUS_PEPTIDE_ANTIGEN_VIA_MHC_CLASS_I] was killed by [GOBP_TUMOR_NECROSIS_FACTOR_MEDIATED_SIGNALING_PATHWAY,GOBP_TUMOR_NECROSIS_FACTOR_MEDIATED_SIGNALING_PATHWAY]
[GOBP_ESTABLISHMENT_OF_TISSUE_POLARITY,GOBP_ESTABLISHMENT_OF_TISSUE_POLARITY] was killed by [GOBP_TUMOR_NECROSIS_FACTOR_MEDIATED_SIGNALING_PATHWAY,GOBP_TUMOR_NECROSIS_FACTOR_MEDIATED_SIGNALING_PATHWAY]
[GOMF_PHOSPHATIDYLINOSITOL_PHOSPHATE_PHOSPHATASE_ACTIVITY,GOMF_PHOSPHATIDYLINOSITOL_PHOSPHATE_PHOSPHATASE_ACTIVITY] was killed by [GOBP_POLYOL_METABOLIC_PROCESS,GOBP_POLYOL_METABOLIC_PROCESS]
[GOBP_POSITIVE_REGULATION_OF_CANONICAL_WNT_SIGNALING_PATHWAY,GOBP_POSITIVE_REGULATION_OF_CANONICAL_WNT_SIGNALING_PATHWAY] was killed by [GOBP_TUMOR_NECROSIS_FACTOR_MEDIATED_SIGNALING_PATHWAY,GOBP_TUMOR_NECROSIS_FACTOR_MEDIATED_SIGNALING_PATHWAY]
[GOBP_GOLGI_TO_PLASMA_MEMBRANE_TRANSPORT,GOBP_GOLGI_TO_PLASMA_MEMBRANE_TRANSPORT] was killed by [GOCC_RECYCLING_ENDOSOME,GOCC_RECYCLING_ENDOSOME]
[GOBP_DNA_BIOSYNTHETIC_PROCESS,GOBP_DNA_BIOSYNTHETIC_PROCESS] was killed by [GOMF_TELOMERASE_RNA_BINDING,GOMF_TELOMERASE_RNA_BINDING]
[GOBP_NEGATIVE_REGULATION_OF_CANONICAL_WNT_SIGNALING_PATHWAY,GOBP_NEGATIVE_REGULATION_OF_CANONICAL_WNT_SIGNALING_PATHWAY] was killed by [GOBP_TUMOR_NECROSIS_FACTOR_MEDIATED_SIGNALING_PATHWAY,GOBP_TUMOR_NECROSIS_FACTOR_MEDIATED_SIGNALING_PATHWAY]
[GOBP_NEGATIVE_REGULATION_OF_RESPONSE_TO_CYTOKINE_STIMULUS,GOBP_NEGATIVE_REGULATION_OF_RESPONSE_TO_CYTOKINE_STIMULUS] was killed by [GOBP_TUMOR_NECROSIS_FACTOR_MEDIATED_SIGNALING_PATHWAY,GOBP_TUMOR_NECROSIS_FACTOR_MEDIATED_SIGNALING_PATHWAY]
[GOCC_SARCOLEMMA,GOCC_SARCOLEMMA] was killed by [GOBP_RETINA_DEVELOPMENT_IN_CAMERA_TYPE_EYE,GOBP_RETINA_DEVELOPMENT_IN_CAMERA_TYPE_EYE]
[GOBP_MORPHOGENESIS_OF_A_POLARIZED_EPITHELIUM,GOBP_MORPHOGENESIS_OF_A_POLARIZED_EPITHELIUM] was killed by [GOBP_TUMOR_NECROSIS_FACTOR_MEDIATED_SIGNALING_PATHWAY,GOBP_TUMOR_NECROSIS_FACTOR_MEDIATED_SIGNALING_PATHWAY]
[GOMF_POLY_A_BINDING,GOMF_POLY_A_BINDING] was killed by [GOMF_POLY_PURINE_TRACT_BINDING,GOMF_POLY_PURINE_TRACT_BINDING]
[GOBP_CELLULAR_CARBOHYDRATE_CATABOLIC_PROCESS,GOBP_CELLULAR_CARBOHYDRATE_CATABOLIC_PROCESS] was killed by [GOBP_POLYOL_METABOLIC_PROCESS,GOBP_POLYOL_METABOLIC_PROCESS]
[GOBP_GLYCOLIPID_BIOSYNTHETIC_PROCESS,GOBP_GLYCOLIPID_BIOSYNTHETIC_PROCESS] was killed by [GOBP_LIPOSACCHARIDE_METABOLIC_PROCESS,GOBP_LIPOSACCHARIDE_METABOLIC_PROCESS]
[GOCC_POLYSOME,GOCC_POLYSOME] was killed by [GOMF_POLY_PURINE_TRACT_BINDING,GOMF_POLY_PURINE_TRACT_BINDING]
[GOBP_MITOCHONDRIAL_CALCIUM_ION_TRANSMEMBRANE_TRANSPORT,GOBP_MITOCHONDRIAL_CALCIUM_ION_TRANSMEMBRANE_TRANSPORT] was killed by [GOBP_RETINA_DEVELOPMENT_IN_CAMERA_TYPE_EYE,GOBP_RETINA_DEVELOPMENT_IN_CAMERA_TYPE_EYE]
[GOBP_ATP_DEPENDENT_CHROMATIN_REMODELING,GOBP_ATP_DEPENDENT_CHROMATIN_REMODELING] was killed by [GOCC_SWI_SNF_SUPERFAMILY_TYPE_COMPLEX,GOCC_SWI_SNF_SUPERFAMILY_TYPE_COMPLEX]
