[HP_NEOPLASM_OF_THE_ENDOCRINE_SYSTEM,HP_NEOPLASM_OF_THE_ENDOCRINE_SYSTEM] was killed by [HP_RELATIVE_MACROCEPHALY,HP_RELATIVE_MACROCEPHALY]
[HP_VOCAL_CORD_PARALYSIS,HP_VOCAL_CORD_PARALYSIS] was killed by [HP_CRANIAL_NERVE_COMPRESSION,HP_CRANIAL_NERVE_COMPRESSION]
[HP_ABNORMALITY_OF_CIRCULATING_ADRENOCORTICOTROPIN_LEVEL,HP_ABNORMALITY_OF_CIRCULATING_ADRENOCORTICOTROPIN_LEVEL] was killed by [HP_NEOPLASM_OF_THE_PITUITARY_GLAND,HP_NEOPLASM_OF_THE_PITUITARY_GLAND]
[HP_PARALYSIS,HP_PARALYSIS] was killed by [HP_CRANIAL_NERVE_COMPRESSION,HP_CRANIAL_NERVE_COMPRESSION]
[HP_DEVIATION_OF_THE_THUMB,HP_DEVIATION_OF_THE_THUMB] was killed by [HP_ABNORMALLY_FOLDED_HELIX,HP_ABNORMALLY_FOLDED_HELIX]
[HP_NEOPLASM_OF_THE_PERIPHERAL_NERVOUS_SYSTEM,HP_NEOPLASM_OF_THE_PERIPHERAL_NERVOUS_SYSTEM] was killed by [HP_RELATIVE_MACROCEPHALY,HP_RELATIVE_MACROCEPHALY]
[HP_SLOW_DECREASE_IN_VISUAL_ACUITY,HP_SLOW_DECREASE_IN_VISUAL_ACUITY] was killed by [HP_NEOPLASM_OF_THE_PITUITARY_GLAND,HP_NEOPLASM_OF_THE_PITUITARY_GLAND]
[HP_DIFFICULTY_CLIMBING_STAIRS,HP_DIFFICULTY_CLIMBING_STAIRS] was killed by [HP_BILATERAL_SENSORINEURAL_HEARING_IMPAIRMENT,HP_BILATERAL_SENSORINEURAL_HEARING_IMPAIRMENT]
[HP_HYPERPITUITARISM,HP_HYPERPITUITARISM] was killed by [HP_NEOPLASM_OF_THE_PITUITARY_GLAND,HP_NEOPLASM_OF_THE_PITUITARY_GLAND]
[HP_NEOPLASM_OF_THE_LIVER,HP_NEOPLASM_OF_THE_LIVER] was killed by [HP_NEOPLASM_OF_THE_PITUITARY_GLAND,HP_NEOPLASM_OF_THE_PITUITARY_GLAND]
[HP_PALLOR,HP_PALLOR] was killed by [HP_CRANIAL_NERVE_COMPRESSION,HP_CRANIAL_NERVE_COMPRESSION]
[HP_ABNORMALITY_OF_PROTHROMBIN,HP_ABNORMALITY_OF_PROTHROMBIN] was killed by [HP_ABNORMALITY_OF_THE_COAGULATION_CASCADE,HP_ABNORMALITY_OF_THE_COAGULATION_CASCADE]
[HP_ABNORMAL_RENAL_CORTEX_MORPHOLOGY,HP_ABNORMAL_RENAL_CORTEX_MORPHOLOGY] was killed by [HP_CRANIAL_NERVE_COMPRESSION,HP_CRANIAL_NERVE_COMPRESSION]
[HP_GENERALIZED_HIRSUTISM,HP_GENERALIZED_HIRSUTISM] was killed by [HP_NEOPLASM_OF_THE_PITUITARY_GLAND,HP_NEOPLASM_OF_THE_PITUITARY_GLAND]
[HP_DISPROPORTIONATE_SHORT_LIMB_SHORT_STATURE,HP_DISPROPORTIONATE_SHORT_LIMB_SHORT_STATURE] was killed by [HP_ABNORMALLY_FOLDED_HELIX,HP_ABNORMALLY_FOLDED_HELIX]
[HP_MIGRAINE,HP_MIGRAINE] was killed by [HP_NEOPLASM_OF_THE_PITUITARY_GLAND,HP_NEOPLASM_OF_THE_PITUITARY_GLAND]
[HP_RHIZOMELIA,HP_RHIZOMELIA] was killed by [HP_ABNORMALLY_FOLDED_HELIX,HP_ABNORMALLY_FOLDED_HELIX]
[HP_ABNORMALITY_OF_THE_DIAPHRAGM,HP_ABNORMALITY_OF_THE_DIAPHRAGM] was killed by [HP_ABNORMALLY_FOLDED_HELIX,HP_ABNORMALLY_FOLDED_HELIX]
[HP_APLASIA_HYPOPLASIA_AFFECTING_THE_ANTERIOR_SEGMENT_OF_THE_EYE,HP_APLASIA_HYPOPLASIA_AFFECTING_THE_ANTERIOR_SEGMENT_OF_THE_EYE] was killed by [HP_CRANIAL_NERVE_COMPRESSION,HP_CRANIAL_NERVE_COMPRESSION]
[HP_BIFID_UVULA,HP_BIFID_UVULA] was killed by [HP_RELATIVE_MACROCEPHALY,HP_RELATIVE_MACROCEPHALY]
[HP_MILDLY_ELEVATED_CREATINE_KINASE,HP_MILDLY_ELEVATED_CREATINE_KINASE] was killed by [HP_CRANIAL_NERVE_COMPRESSION,HP_CRANIAL_NERVE_COMPRESSION]
[HP_ECZEMA,HP_ECZEMA] was killed by [HP_ABNORMALLY_FOLDED_HELIX,HP_ABNORMALLY_FOLDED_HELIX]
[HP_DYSPHONIA,HP_DYSPHONIA] was killed by [HP_RELATIVE_MACROCEPHALY,HP_RELATIVE_MACROCEPHALY]
[HP_CONGENITAL_DIAPHRAGMATIC_HERNIA,HP_CONGENITAL_DIAPHRAGMATIC_HERNIA] was killed by [HP_ABNORMALLY_FOLDED_HELIX,HP_ABNORMALLY_FOLDED_HELIX]
[HP_ASTHMA,HP_ASTHMA] was killed by [HP_ABNORMALLY_FOLDED_HELIX,HP_ABNORMALLY_FOLDED_HELIX]
[HP_PAPILLEDEMA,HP_PAPILLEDEMA] was killed by [HP_RELATIVE_MACROCEPHALY,HP_RELATIVE_MACROCEPHALY]
[HP_ABNORMALITY_OF_COAGULATION,HP_ABNORMALITY_OF_COAGULATION] was killed by [HP_ABNORMALITY_OF_THE_COAGULATION_CASCADE,HP_ABNORMALITY_OF_THE_COAGULATION_CASCADE]
[HP_ABNORMALITY_OF_THE_THORACIC_CAVITY,HP_ABNORMALITY_OF_THE_THORACIC_CAVITY] was killed by [HP_NEOPLASM_OF_THE_PITUITARY_GLAND,HP_NEOPLASM_OF_THE_PITUITARY_GLAND]
[HP_COUGH,HP_COUGH] was killed by [HP_ABNORMALITY_OF_THE_COAGULATION_CASCADE,HP_ABNORMALITY_OF_THE_COAGULATION_CASCADE]
[HP_PROGRESSIVE_VISUAL_LOSS,HP_PROGRESSIVE_VISUAL_LOSS] was killed by [HP_NEOPLASM_OF_THE_PITUITARY_GLAND,HP_NEOPLASM_OF_THE_PITUITARY_GLAND]
[HP_BRAIN_IMAGING_ABNORMALITY,HP_BRAIN_IMAGING_ABNORMALITY] was killed by [HP_NEOPLASM_OF_THE_PITUITARY_GLAND,HP_NEOPLASM_OF_THE_PITUITARY_GLAND]
[HP_ANIRIDIA,HP_ANIRIDIA] was killed by [HP_CRANIAL_NERVE_COMPRESSION,HP_CRANIAL_NERVE_COMPRESSION]
[HP_SYNCOPE,HP_SYNCOPE] was killed by [HP_NEOPLASM_OF_THE_PITUITARY_GLAND,HP_NEOPLASM_OF_THE_PITUITARY_GLAND]
[HP_RHINITIS,HP_RHINITIS] was killed by [HP_CRANIAL_NERVE_COMPRESSION,HP_CRANIAL_NERVE_COMPRESSION]
[HP_DECREASED_CIRCULATING_ACTH_LEVEL,HP_DECREASED_CIRCULATING_ACTH_LEVEL] was killed by [HP_NEOPLASM_OF_THE_PITUITARY_GLAND,HP_NEOPLASM_OF_THE_PITUITARY_GLAND]
[HP_ABNORMAL_PROLACTIN_LEVEL,HP_ABNORMAL_PROLACTIN_LEVEL] was killed by [HP_NEOPLASM_OF_THE_PITUITARY_GLAND,HP_NEOPLASM_OF_THE_PITUITARY_GLAND]
[HP_UPPER_LIMB_UNDERGROWTH,HP_UPPER_LIMB_UNDERGROWTH] was killed by [HP_RELATIVE_MACROCEPHALY,HP_RELATIVE_MACROCEPHALY]
[HP_ABNORMALITY_OF_THE_MITOCHONDRION,HP_ABNORMALITY_OF_THE_MITOCHONDRION] was killed by [HP_BILATERAL_SENSORINEURAL_HEARING_IMPAIRMENT,HP_BILATERAL_SENSORINEURAL_HEARING_IMPAIRMENT]
[HP_INCREASED_CIRCULATING_PROLACTIN_CONCENTRATION,HP_INCREASED_CIRCULATING_PROLACTIN_CONCENTRATION] was killed by [HP_NEOPLASM_OF_THE_PITUITARY_GLAND,HP_NEOPLASM_OF_THE_PITUITARY_GLAND]
[HP_CHRONIC_RHINITIS,HP_CHRONIC_RHINITIS] was killed by [HP_CRANIAL_NERVE_COMPRESSION,HP_CRANIAL_NERVE_COMPRESSION]
[HP_AIRWAY_OBSTRUCTION,HP_AIRWAY_OBSTRUCTION] was killed by [HP_ABNORMALLY_FOLDED_HELIX,HP_ABNORMALLY_FOLDED_HELIX]
[HP_DEVIATION_OF_TOES,HP_DEVIATION_OF_TOES] was killed by [HP_RELATIVE_MACROCEPHALY,HP_RELATIVE_MACROCEPHALY]
[HP_ABNORMALITY_OF_THE_SHOULDER_GIRDLE_MUSCULATURE,HP_ABNORMALITY_OF_THE_SHOULDER_GIRDLE_MUSCULATURE] was killed by [HP_ABNORMALITY_OF_THE_COAGULATION_CASCADE,HP_ABNORMALITY_OF_THE_COAGULATION_CASCADE]
[HP_ABNORMAL_URINE_CYTOLOGY,HP_ABNORMAL_URINE_CYTOLOGY] was killed by [HP_CRANIAL_NERVE_COMPRESSION,HP_CRANIAL_NERVE_COMPRESSION]
[HP_ABNORMAL_UTERUS_MORPHOLOGY,HP_ABNORMAL_UTERUS_MORPHOLOGY] was killed by [HP_NEOPLASM_OF_THE_PITUITARY_GLAND,HP_NEOPLASM_OF_THE_PITUITARY_GLAND]
[HP_GASTROINTESTINAL_HEMORRHAGE,HP_GASTROINTESTINAL_HEMORRHAGE] was killed by [HP_ABNORMALLY_FOLDED_HELIX,HP_ABNORMALLY_FOLDED_HELIX]
[HP_ABNORMALITY_OF_THE_HELIX,HP_ABNORMALITY_OF_THE_HELIX] was killed by [HP_RELATIVE_MACROCEPHALY,HP_RELATIVE_MACROCEPHALY]
[HP_ABNORMALITY_OF_CIRCULATING_GLUCOCORTICOID_LEVEL,HP_ABNORMALITY_OF_CIRCULATING_GLUCOCORTICOID_LEVEL] was killed by [HP_NEOPLASM_OF_THE_PITUITARY_GLAND,HP_NEOPLASM_OF_THE_PITUITARY_GLAND]
[HP_ICHTHYOSIS,HP_ICHTHYOSIS] was killed by [HP_ABNORMALITY_OF_THE_COAGULATION_CASCADE,HP_ABNORMALITY_OF_THE_COAGULATION_CASCADE]
[HP_CHRONIC_PULMONARY_OBSTRUCTION,HP_CHRONIC_PULMONARY_OBSTRUCTION] was killed by [HP_ABNORMALLY_FOLDED_HELIX,HP_ABNORMALLY_FOLDED_HELIX]
[HP_MALIGNANT_NEOPLASM_OF_THE_CENTRAL_NERVOUS_SYSTEM,HP_MALIGNANT_NEOPLASM_OF_THE_CENTRAL_NERVOUS_SYSTEM] was killed by [HP_NEOPLASM_OF_THE_PITUITARY_GLAND,HP_NEOPLASM_OF_THE_PITUITARY_GLAND]
[HP_HEPATOCELLULAR_CARCINOMA,HP_HEPATOCELLULAR_CARCINOMA] was killed by [HP_NEOPLASM_OF_THE_PITUITARY_GLAND,HP_NEOPLASM_OF_THE_PITUITARY_GLAND]
[HP_HYPOPLASIA_OF_THE_ZYGOMATIC_BONE,HP_HYPOPLASIA_OF_THE_ZYGOMATIC_BONE] was killed by [HP_ABNORMALITY_OF_THE_COAGULATION_CASCADE,HP_ABNORMALITY_OF_THE_COAGULATION_CASCADE]
[HP_INTRACRANIAL_HEMORRHAGE,HP_INTRACRANIAL_HEMORRHAGE] was killed by [HP_CRANIAL_NERVE_COMPRESSION,HP_CRANIAL_NERVE_COMPRESSION]
[HP_SPRENGEL_ANOMALY,HP_SPRENGEL_ANOMALY] was killed by [HP_ABNORMALITY_OF_THE_COAGULATION_CASCADE,HP_ABNORMALITY_OF_THE_COAGULATION_CASCADE]
[HP_SCAPULAR_WINGING,HP_SCAPULAR_WINGING] was killed by [HP_ABNORMALITY_OF_THE_COAGULATION_CASCADE,HP_ABNORMALITY_OF_THE_COAGULATION_CASCADE]
[HP_MALIGNANT_GENITOURINARY_TRACT_TUMOR,HP_MALIGNANT_GENITOURINARY_TRACT_TUMOR] was killed by [HP_NEOPLASM_OF_THE_PITUITARY_GLAND,HP_NEOPLASM_OF_THE_PITUITARY_GLAND]
[HP_GLIOBLASTOMA_MULTIFORME,HP_GLIOBLASTOMA_MULTIFORME] was killed by [HP_NEOPLASM_OF_THE_PITUITARY_GLAND,HP_NEOPLASM_OF_THE_PITUITARY_GLAND]
[HP_MULTICYSTIC_KIDNEY_DYSPLASIA,HP_MULTICYSTIC_KIDNEY_DYSPLASIA] was killed by [HP_ABNORMALLY_FOLDED_HELIX,HP_ABNORMALLY_FOLDED_HELIX]
[HP_EMOTIONAL_LABILITY,HP_EMOTIONAL_LABILITY] was killed by [HP_CRANIAL_NERVE_COMPRESSION,HP_CRANIAL_NERVE_COMPRESSION]
[HP_TOE_CLINODACTYLY,HP_TOE_CLINODACTYLY] was killed by [HP_RELATIVE_MACROCEPHALY,HP_RELATIVE_MACROCEPHALY]
[HP_NEOPLASM_OF_THE_SKELETAL_SYSTEM,HP_NEOPLASM_OF_THE_SKELETAL_SYSTEM] was killed by [HP_NEOPLASM_OF_THE_PITUITARY_GLAND,HP_NEOPLASM_OF_THE_PITUITARY_GLAND]
[HP_HYPOPLASTIC_FACIAL_BONES,HP_HYPOPLASTIC_FACIAL_BONES] was killed by [HP_ABNORMALITY_OF_THE_COAGULATION_CASCADE,HP_ABNORMALITY_OF_THE_COAGULATION_CASCADE]
[HP_ABNORMAL_PLATELET_MORPHOLOGY,HP_ABNORMAL_PLATELET_MORPHOLOGY] was killed by [HP_ABNORMALITY_OF_THE_COAGULATION_CASCADE,HP_ABNORMALITY_OF_THE_COAGULATION_CASCADE]
[HP_CUTANEOUS_SYNDACTYLY,HP_CUTANEOUS_SYNDACTYLY] was killed by [HP_ABNORMALLY_FOLDED_HELIX,HP_ABNORMALLY_FOLDED_HELIX]
[HP_CARDIAC_CONDUCTION_ABNORMALITY,HP_CARDIAC_CONDUCTION_ABNORMALITY] was killed by [HP_ABNORMALLY_FOLDED_HELIX,HP_ABNORMALLY_FOLDED_HELIX]
[HP_CHROMOSOME_BREAKAGE,HP_CHROMOSOME_BREAKAGE] was killed by [HP_NEOPLASM_OF_THE_PITUITARY_GLAND,HP_NEOPLASM_OF_THE_PITUITARY_GLAND]
[HP_ABSENT_TOE,HP_ABSENT_TOE] was killed by [HP_RELATIVE_MACROCEPHALY,HP_RELATIVE_MACROCEPHALY]
[HP_HALLUCINATIONS,HP_HALLUCINATIONS] was killed by [HP_NEOPLASM_OF_THE_PITUITARY_GLAND,HP_NEOPLASM_OF_THE_PITUITARY_GLAND]
[HP_HOLOPROSENCEPHALY,HP_HOLOPROSENCEPHALY] was killed by [HP_ABNORMALLY_FOLDED_HELIX,HP_ABNORMALLY_FOLDED_HELIX]
[HP_ABNORMAL_CARDIAC_TEST,HP_ABNORMAL_CARDIAC_TEST] was killed by [HP_RELATIVE_MACROCEPHALY,HP_RELATIVE_MACROCEPHALY]
[HP_ABNORMALITY_OF_THE_5TH_TOE,HP_ABNORMALITY_OF_THE_5TH_TOE] was killed by [HP_NEOPLASM_OF_THE_PITUITARY_GLAND,HP_NEOPLASM_OF_THE_PITUITARY_GLAND]
[HP_INCREASED_INTRACRANIAL_PRESSURE,HP_INCREASED_INTRACRANIAL_PRESSURE] was killed by [HP_NEOPLASM_OF_THE_PITUITARY_GLAND,HP_NEOPLASM_OF_THE_PITUITARY_GLAND]
[HP_ABNORMAL_5TH_FINGER_PHALANX_MORPHOLOGY,HP_ABNORMAL_5TH_FINGER_PHALANX_MORPHOLOGY] was killed by [HP_NEOPLASM_OF_THE_PITUITARY_GLAND,HP_NEOPLASM_OF_THE_PITUITARY_GLAND]
[HP_GLIOMA,HP_GLIOMA] was killed by [HP_NEOPLASM_OF_THE_PITUITARY_GLAND,HP_NEOPLASM_OF_THE_PITUITARY_GLAND]
[HP_DEVIATION_OF_THE_HALLUX,HP_DEVIATION_OF_THE_HALLUX] was killed by [HP_RELATIVE_MACROCEPHALY,HP_RELATIVE_MACROCEPHALY]
[HP_IMMUNOLOGIC_HYPERSENSITIVITY,HP_IMMUNOLOGIC_HYPERSENSITIVITY] was killed by [HP_ABNORMALLY_FOLDED_HELIX,HP_ABNORMALLY_FOLDED_HELIX]
[HP_RECURRENT_LOWER_RESPIRATORY_TRACT_INFECTIONS,HP_RECURRENT_LOWER_RESPIRATORY_TRACT_INFECTIONS] was killed by [HP_RECURRENT_ABSCESS_FORMATION,HP_RECURRENT_ABSCESS_FORMATION]
[HP_FINE_HAIR,HP_FINE_HAIR] was killed by [HP_ABNORMALITY_OF_THE_COAGULATION_CASCADE,HP_ABNORMALITY_OF_THE_COAGULATION_CASCADE]
[HP_HEREDITARY_NONPOLYPOSIS_COLORECTAL_CARCINOMA,HP_HEREDITARY_NONPOLYPOSIS_COLORECTAL_CARCINOMA] was killed by [HP_NEOPLASM_OF_THE_PITUITARY_GLAND,HP_NEOPLASM_OF_THE_PITUITARY_GLAND]
