[MORF_G22P1,MORF_G22P1] was killed by [MORF_ANP32B,MORF_ANP32B]
[MORF_RAD21,MORF_RAD21] was killed by [MORF_ANP32B,MORF_ANP32B]
[MORF_HAT1,MORF_HAT1] was killed by [MORF_ANP32B,MORF_ANP32B]
[MORF_CTBP1,MORF_CTBP1] was killed by [MORF_ANP32B,MORF_ANP32B]
[MORF_PRKDC,MORF_PRKDC] was killed by [MORF_ANP32B,MORF_ANP32B]
[MORF_CDC10,MORF_CDC10] was killed by [MORF_ANP32B,MORF_ANP32B]
[GNF2_DAP3,GNF2_DAP3] was killed by [MORF_ANP32B,MORF_ANP32B]
[MORF_DAP3,MORF_DAP3] was killed by [MORF_ANP32B,MORF_ANP32B]
[MORF_RAD23B,MORF_RAD23B] was killed by [MORF_ANP32B,MORF_ANP32B]
[MORF_PSMC1,MORF_PSMC1] was killed by [MORF_ANP32B,MORF_ANP32B]
[GNF2_RBBP6,GNF2_RBBP6] was killed by [MORF_ANP32B,MORF_ANP32B]
[MORF_EIF4A2,MORF_EIF4A2] was killed by [MORF_ANP32B,MORF_ANP32B]
[MORF_PPP1CC,MORF_PPP1CC] was killed by [MORF_ANP32B,MORF_ANP32B]
[GNF2_RAN,GNF2_RAN] was killed by [MORF_ANP32B,MORF_ANP32B]
[MORF_PPP1CA,MORF_PPP1CA] was killed by [MORF_ANP32B,MORF_ANP32B]
[MORF_RAB1A,MORF_RAB1A] was killed by [MORF_ANP32B,MORF_ANP32B]
[MORF_NPM1,MORF_NPM1] was killed by [MORF_ANP32B,MORF_ANP32B]
[GCM_APEX1,GCM_APEX1] was killed by [MORF_ANP32B,MORF_ANP32B]
[MORF_EIF3S6,MORF_EIF3S6] was killed by [MORF_ANP32B,MORF_ANP32B]
[MORF_RFC4,MORF_RFC4] was killed by [MORF_ANP32B,MORF_ANP32B]
[GNF2_FBL,GNF2_FBL] was killed by [MORF_ANP32B,MORF_ANP32B]
[MORF_DNMT1,MORF_DNMT1] was killed by [MORF_ANP32B,MORF_ANP32B]
[MORF_EI24,MORF_EI24] was killed by [MORF_ANP32B,MORF_ANP32B]
[MORF_ACTG1,MORF_ACTG1] was killed by [MORF_ANP32B,MORF_ANP32B]
[GCM_ACTG1,GCM_ACTG1] was killed by [MORF_ANP32B,MORF_ANP32B]
[GNF2_PA2G4,GNF2_PA2G4] was killed by [MORF_ANP32B,MORF_ANP32B]
[GCM_MYST2,GCM_MYST2] was killed by [GCM_MLL,GCM_MLL]
[MORF_PAPSS1,MORF_PAPSS1] was killed by [MORF_ANP32B,MORF_ANP32B]
[MORF_MAP2K2,MORF_MAP2K2] was killed by [MORF_ANP32B,MORF_ANP32B]
[MORF_PSMC2,MORF_PSMC2] was killed by [MORF_ANP32B,MORF_ANP32B]
[MORF_NME2,MORF_NME2] was killed by [MORF_ANP32B,MORF_ANP32B]
[MORF_PRKAR1A,MORF_PRKAR1A] was killed by [MORF_ANP32B,MORF_ANP32B]
[MORF_FBL,MORF_FBL] was killed by [MORF_ANP32B,MORF_ANP32B]
[GNF2_SMC4L1,GNF2_SMC4L1] was killed by [MORF_ANP32B,MORF_ANP32B]
[MORF_PPP2CA,MORF_PPP2CA] was killed by [MORF_ANP32B,MORF_ANP32B]
[GNF2_EIF3S6,GNF2_EIF3S6] was killed by [MORF_ANP32B,MORF_ANP32B]
[MORF_PTPN11,MORF_PTPN11] was killed by [MORF_ANP32B,MORF_ANP32B]
[MORF_AP3D1,MORF_AP3D1] was killed by [MORF_ANP32B,MORF_ANP32B]
[GNF2_KPNB1,GNF2_KPNB1] was killed by [MORF_ANP32B,MORF_ANP32B]
[GNF2_APEX1,GNF2_APEX1] was killed by [MORF_ANP32B,MORF_ANP32B]
[MORF_ERH,MORF_ERH] was killed by [MORF_ANP32B,MORF_ANP32B]
[GCM_DFFA,GCM_DFFA] was killed by [GCM_MLL,GCM_MLL]
[GCM_RAB10,GCM_RAB10] was killed by [GCM_MLL,GCM_MLL]
[MODULE_68,MODULE_68] was killed by [MODULE_298,MODULE_298]
[MORF_RAF1,MORF_RAF1] was killed by [MORF_ANP32B,MORF_ANP32B]
[MODULE_274,MODULE_274] was killed by [MODULE_92,MODULE_92]
[MORF_MBD4,MORF_MBD4] was killed by [MORF_ANP32B,MORF_ANP32B]
[MORF_RRM1,MORF_RRM1] was killed by [MORF_ANP32B,MORF_ANP32B]
[GNF2_RFC4,GNF2_RFC4] was killed by [GNF2_RRM1,GNF2_RRM1]
[GCM_ZNF198,GCM_ZNF198] was killed by [GCM_MLL,GCM_MLL]
[GCM_PSME1,GCM_PSME1] was killed by [MORF_ANP32B,MORF_ANP32B]
[MORF_CCNI,MORF_CCNI] was killed by [MORF_ANP32B,MORF_ANP32B]
[MODULE_289,MODULE_289] was killed by [MODULE_92,MODULE_92]
[GNF2_FEN1,GNF2_FEN1] was killed by [GNF2_RRM1,GNF2_RRM1]
[MORF_FLT1,MORF_FLT1] was killed by [MORF_IL4,MORF_IL4]
[MORF_RFC1,MORF_RFC1] was killed by [MORF_TPR,MORF_TPR]
[MORF_RPA2,MORF_RPA2] was killed by [MORF_ANP32B,MORF_ANP32B]
[GCM_NPM1,GCM_NPM1] was killed by [MORF_ANP32B,MORF_ANP32B]
[GNF2_HDAC1,GNF2_HDAC1] was killed by [MORF_ANP32B,MORF_ANP32B]
[GNF2_DEK,GNF2_DEK] was killed by [MORF_ANP32B,MORF_ANP32B]
[MORF_BECN1,MORF_BECN1] was killed by [MORF_TPR,MORF_TPR]
[MODULE_244,MODULE_244] was killed by [GNF2_RRM1,GNF2_RRM1]
[MORF_DAP,MORF_DAP] was killed by [MORF_ANP32B,MORF_ANP32B]
[MODULE_152,MODULE_152] was killed by [MORF_ANP32B,MORF_ANP32B]
[MODULE_180,MODULE_180] was killed by [MODULE_298,MODULE_298]
[MORF_MAP2K7,MORF_MAP2K7] was killed by [MORF_IL4,MORF_IL4]
[GCM_CBFB,GCM_CBFB] was killed by [MORF_ANP32B,MORF_ANP32B]
[GCM_MAP4K4,GCM_MAP4K4] was killed by [GCM_MLL,GCM_MLL]
[GNF2_NPM1,GNF2_NPM1] was killed by [MORF_ANP32B,MORF_ANP32B]
[MORF_PPP6C,MORF_PPP6C] was killed by [MORF_ANP32B,MORF_ANP32B]
[MORF_UNG,MORF_UNG] was killed by [MORF_ANP32B,MORF_ANP32B]
[GNF2_MAPT,GNF2_MAPT] was killed by [MODULE_113,MODULE_113]
[MORF_PRDX3,MORF_PRDX3] was killed by [MORF_ANP32B,MORF_ANP32B]
[MORF_EIF4E,MORF_EIF4E] was killed by [MORF_TPR,MORF_TPR]
[MORF_RAD54L,MORF_RAD54L] was killed by [GNF2_RRM1,GNF2_RRM1]
[GNF2_PCNA,GNF2_PCNA] was killed by [GNF2_RRM1,GNF2_RRM1]
[GCM_CSNK2B,GCM_CSNK2B] was killed by [MORF_ANP32B,MORF_ANP32B]
[MORF_TERF2IP,MORF_TERF2IP] was killed by [MORF_ANP32B,MORF_ANP32B]
[MODULE_122,MODULE_122] was killed by [MODULE_92,MODULE_92]
[GNF2_CCNA2,GNF2_CCNA2] was killed by [GNF2_RRM1,GNF2_RRM1]
[MORF_CTSB,MORF_CTSB] was killed by [MORF_IL4,MORF_IL4]
[GNF2_HAT1,GNF2_HAT1] was killed by [MORF_ANP32B,MORF_ANP32B]
[GNF2_MCM5,GNF2_MCM5] was killed by [MORF_ANP32B,MORF_ANP32B]
[GCM_CHUK,GCM_CHUK] was killed by [GCM_MLL,GCM_MLL]
[GNF2_XRCC5,GNF2_XRCC5] was killed by [MORF_ANP32B,MORF_ANP32B]
[MODULE_183,MODULE_183] was killed by [MORF_ANP32B,MORF_ANP32B]
[GCM_DDX5,GCM_DDX5] was killed by [MORF_ANP32B,MORF_ANP32B]
[MODULE_124,MODULE_124] was killed by [GNF2_RRM1,GNF2_RRM1]
[MODULE_146,MODULE_146] was killed by [MODULE_92,MODULE_92]
[GNF2_ST13,GNF2_ST13] was killed by [MORF_ANP32B,MORF_ANP32B]
[MORF_CDC16,MORF_CDC16] was killed by [MORF_ANP32B,MORF_ANP32B]
[MORF_CDH4,MORF_CDH4] was killed by [MORF_IL4,MORF_IL4]
[MORF_MSH2,MORF_MSH2] was killed by [MORF_ANP32B,MORF_ANP32B]
[MODULE_382,MODULE_382] was killed by [MODULE_92,MODULE_92]
[MORF_BUB1B,MORF_BUB1B] was killed by [GNF2_RRM1,GNF2_RRM1]
[MORF_UBE2N,MORF_UBE2N] was killed by [MORF_ANP32B,MORF_ANP32B]
[MODULE_159,MODULE_159] was killed by [MORF_ANP32B,MORF_ANP32B]
[MODULE_433,MODULE_433] was killed by [MODULE_92,MODULE_92]
[MORF_TPT1,MORF_TPT1] was killed by [MORF_ANP32B,MORF_ANP32B]
[GCM_RAN,GCM_RAN] was killed by [GCM_MLL,GCM_MLL]
[GCM_UBE2N,GCM_UBE2N] was killed by [GCM_MLL,GCM_MLL]
[MORF_RAB5A,MORF_RAB5A] was killed by [MORF_ANP32B,MORF_ANP32B]
[MORF_SP3,MORF_SP3] was killed by [MORF_ANP32B,MORF_ANP32B]
[MORF_GSPT1,MORF_GSPT1] was killed by [GNF2_NS,GNF2_NS]
[MORF_JUND,MORF_JUND] was killed by [MORF_ANP32B,MORF_ANP32B]
[MORF_MTA1,MORF_MTA1] was killed by [MORF_ANP32B,MORF_ANP32B]
[GNF2_HPN,GNF2_HPN] was killed by [GNF2_HPX,GNF2_HPX]
[GNF2_IGFBP1,GNF2_IGFBP1] was killed by [GNF2_KISS1,GNF2_KISS1]
[MORF_RAB11A,MORF_RAB11A] was killed by [MORF_TPR,MORF_TPR]
[GCM_GSPT1,GCM_GSPT1] was killed by [GCM_MLL,GCM_MLL]
[MORF_PCNA,MORF_PCNA] was killed by [MORF_ANP32B,MORF_ANP32B]
[MORF_LTK,MORF_LTK] was killed by [MORF_TPR,MORF_TPR]
[GNF2_LCAT,GNF2_LCAT] was killed by [GNF2_HPX,GNF2_HPX]
[GNF2_CKS2,GNF2_CKS2] was killed by [GNF2_RRM1,GNF2_RRM1]
[MODULE_139,MODULE_139] was killed by [MODULE_298,MODULE_298]
[GNF2_MMP11,GNF2_MMP11] was killed by [GNF2_KISS1,GNF2_KISS1]
[GNF2_TIMP2,GNF2_TIMP2] was killed by [GNF2_KISS1,GNF2_KISS1]
[MORF_PPP2R5E,MORF_PPP2R5E] was killed by [MORF_TPR,MORF_TPR]
[GNF2_CDKN1C,GNF2_CDKN1C] was killed by [GNF2_KISS1,GNF2_KISS1]
[MORF_RPA1,MORF_RPA1] was killed by [MORF_ANP32B,MORF_ANP32B]
[GNF2_CENPF,GNF2_CENPF] was killed by [GNF2_RRM1,GNF2_RRM1]
[MORF_BAG5,MORF_BAG5] was killed by [MORF_ANP32B,MORF_ANP32B]
[MODULE_62,MODULE_62] was killed by [MORF_ANP32B,MORF_ANP32B]
[MORF_CCNF,MORF_CCNF] was killed by [MORF_TPR,MORF_TPR]
[GCM_PFN1,GCM_PFN1] was killed by [MORF_ANP32B,MORF_ANP32B]
[GNF2_CDC2,GNF2_CDC2] was killed by [GNF2_RRM1,GNF2_RRM1]
[GCM_RAD21,GCM_RAD21] was killed by [MORF_ANP32B,MORF_ANP32B]
[GNF2_MCM4,GNF2_MCM4] was killed by [GNF2_RRM1,GNF2_RRM1]
[MORF_ATOX1,MORF_ATOX1] was killed by [MORF_ANP32B,MORF_ANP32B]
[GNF2_RFC3,GNF2_RFC3] was killed by [GNF2_RRM1,GNF2_RRM1]
[MODULE_125,MODULE_125] was killed by [GNF2_RRM1,GNF2_RRM1]
[GCM_MAX,GCM_MAX] was killed by [GCM_MLL,GCM_MLL]
[CAR_IGFBP1,CAR_IGFBP1] was killed by [MODULE_113,MODULE_113]
[MODULE_126,MODULE_126] was killed by [GNF2_RRM1,GNF2_RRM1]
[GNF2_TPT1,GNF2_TPT1] was killed by [MORF_ANP32B,MORF_ANP32B]
[GNF2_MLH1,GNF2_MLH1] was killed by [MORF_ANP32B,MORF_ANP32B]
[MORF_SART1,MORF_SART1] was killed by [MORF_ANP32B,MORF_ANP32B]
[GNF2_RAB3A,GNF2_RAB3A] was killed by [GNF2_DNM1,GNF2_DNM1]
[MODULE_430,MODULE_430] was killed by [GNF2_STAT6,GNF2_STAT6]
[MODULE_158,MODULE_158] was killed by [GNF2_RRM1,GNF2_RRM1]
[MODULE_375,MODULE_375] was killed by [MODULE_92,MODULE_92]
[MORF_PHB,MORF_PHB] was killed by [MORF_TPR,MORF_TPR]
[MODULE_111,MODULE_111] was killed by [MODULE_298,MODULE_298]
[GNF2_EGFR,GNF2_EGFR] was killed by [GNF2_KISS1,GNF2_KISS1]
[MORF_GMPS,MORF_GMPS] was killed by [MORF_ANP32B,MORF_ANP32B]
[MORF_SS18,MORF_SS18] was killed by [MORF_TPR,MORF_TPR]
[GNF2_ESPL1,GNF2_ESPL1] was killed by [GNF2_RRM1,GNF2_RRM1]
[GCM_IL6ST,GCM_IL6ST] was killed by [GCM_MLL,GCM_MLL]
[MORF_FEN1,MORF_FEN1] was killed by [MORF_ANP32B,MORF_ANP32B]
[MORF_SNRP70,MORF_SNRP70] was killed by [MORF_ANP32B,MORF_ANP32B]
[GNF2_MSH6,GNF2_MSH6] was killed by [GNF2_RRM1,GNF2_RRM1]
[MODULE_57,MODULE_57] was killed by [GNF2_RRM1,GNF2_RRM1]
[GCM_HDAC1,GCM_HDAC1] was killed by [MORF_ANP32B,MORF_ANP32B]
[GCM_DLG1,GCM_DLG1] was killed by [GCM_MLL,GCM_MLL]
[MODULE_324,MODULE_324] was killed by [MODULE_234,MODULE_234]
[MODULE_149,MODULE_149] was killed by [MORF_ANP32B,MORF_ANP32B]
[MORF_CUL1,MORF_CUL1] was killed by [MORF_ANP32B,MORF_ANP32B]
[MORF_ESPL1,MORF_ESPL1] was killed by [MORF_ANP32B,MORF_ANP32B]
[GNF2_TM4SF2,GNF2_TM4SF2] was killed by [GNF2_DNM1,GNF2_DNM1]
[GCM_PPP1CC,GCM_PPP1CC] was killed by [MORF_ANP32B,MORF_ANP32B]
[GNF2_SPRR1B,GNF2_SPRR1B] was killed by [MODULE_298,MODULE_298]
[GNF2_MYL3,GNF2_MYL3] was killed by [GNF2_MYL2,GNF2_MYL2]
[GNF2_PTPN6,GNF2_PTPN6] was killed by [GNF2_STAT6,GNF2_STAT6]
[GCM_TPR,GCM_TPR] was killed by [MORF_ANP32B,MORF_ANP32B]
[MODULE_330,MODULE_330] was killed by [MODULE_92,MODULE_92]
[MODULE_292,MODULE_292] was killed by [MODULE_92,MODULE_92]
[MORF_BUB1,MORF_BUB1] was killed by [GNF2_RRM1,GNF2_RRM1]
[CAR_MLANA,CAR_MLANA] was killed by [MODULE_298,MODULE_298]
[MORF_LCAT,MORF_LCAT] was killed by [GNF2_MLF1,GNF2_MLF1]
[MORF_SMC1L1,MORF_SMC1L1] was killed by [MORF_ANP32B,MORF_ANP32B]
[MORF_DEAF1,MORF_DEAF1] was killed by [GNF2_NS,GNF2_NS]
[GNF2_MSH2,GNF2_MSH2] was killed by [GNF2_RRM1,GNF2_RRM1]
[MODULE_91,MODULE_91] was killed by [MORF_ANP32B,MORF_ANP32B]
[GNF2_CKS1B,GNF2_CKS1B] was killed by [GNF2_RRM1,GNF2_RRM1]
[GNF2_BUB1B,GNF2_BUB1B] was killed by [GNF2_RRM1,GNF2_RRM1]
[GNF2_HMMR,GNF2_HMMR] was killed by [GNF2_RRM1,GNF2_RRM1]
[MORF_RAGE,MORF_RAGE] was killed by [MORF_TPR,MORF_TPR]
[MORF_BMI1,MORF_BMI1] was killed by [GNF2_STAT6,GNF2_STAT6]
[GNF2_TTK,GNF2_TTK] was killed by [GNF2_RRM1,GNF2_RRM1]
[GNF2_CCNB2,GNF2_CCNB2] was killed by [GNF2_RRM1,GNF2_RRM1]
[GCM_MSN,GCM_MSN] was killed by [MORF_ANP32B,MORF_ANP32B]
[CAR_HPX,CAR_HPX] was killed by [MODULE_113,MODULE_113]
[GNF2_SERPINI2,GNF2_SERPINI2] was killed by [GNF2_SPINK1,GNF2_SPINK1]
[GNF2_CCNA1,GNF2_CCNA1] was killed by [GNF2_MLF1,GNF2_MLF1]
[MODULE_28,MODULE_28] was killed by [MORF_ANP32B,MORF_ANP32B]
[MODULE_182,MODULE_182] was killed by [MODULE_97,MODULE_97]
[GNF2_ITGB2,GNF2_ITGB2] was killed by [GNF2_STAT6,GNF2_STAT6]
[MODULE_484,MODULE_484] was killed by [GNF2_STAT6,GNF2_STAT6]
[GNF2_INPP5D,GNF2_INPP5D] was killed by [GNF2_STAT6,GNF2_STAT6]
[GNF2_TDG,GNF2_TDG] was killed by [MORF_ANP32B,MORF_ANP32B]
[MODULE_157,MODULE_157] was killed by [MODULE_298,MODULE_298]
[GNF2_GSTM1,GNF2_GSTM1] was killed by [GNF2_HPX,GNF2_HPX]
[GNF2_CDC20,GNF2_CDC20] was killed by [GNF2_RRM1,GNF2_RRM1]
[GNF2_ANP32B,GNF2_ANP32B] was killed by [MORF_ANP32B,MORF_ANP32B]
[MODULE_153,MODULE_153] was killed by [MODULE_298,MODULE_298]
[MORF_PPP2R4,MORF_PPP2R4] was killed by [MORF_ANP32B,MORF_ANP32B]
[GNF2_BNIP2,GNF2_BNIP2] was killed by [GNF2_STAT6,GNF2_STAT6]
[GCM_MAPK10,GCM_MAPK10] was killed by [GNF2_DNM1,GNF2_DNM1]
[MODULE_171,MODULE_171] was killed by [MODULE_92,MODULE_92]
[GCM_ANP32B,GCM_ANP32B] was killed by [MORF_ANP32B,MORF_ANP32B]
[MORF_PTPRR,MORF_PTPRR] was killed by [MORF_IL4,MORF_IL4]
[MODULE_400,MODULE_400] was killed by [MODULE_234,MODULE_234]
[MORF_TERF1,MORF_TERF1] was killed by [MORF_ANP32B,MORF_ANP32B]
[MODULE_130,MODULE_130] was killed by [GNF2_HPX,GNF2_HPX]
[MORF_RAP1A,MORF_RAP1A] was killed by [GCM_MLL,GCM_MLL]
[MODULE_201,MODULE_201] was killed by [MODULE_316,MODULE_316]
[MODULE_307,MODULE_307] was killed by [MORF_ANP32B,MORF_ANP32B]
[MORF_GPX4,MORF_GPX4] was killed by [MORF_ANP32B,MORF_ANP32B]
[MODULE_58,MODULE_58] was killed by [GNF2_HPX,GNF2_HPX]
[MORF_JAK3,MORF_JAK3] was killed by [MORF_TPR,MORF_TPR]
[GNF2_CD53,GNF2_CD53] was killed by [GNF2_STAT6,GNF2_STAT6]
[MODULE_121,MODULE_121] was killed by [MODULE_92,MODULE_92]
[GNF2_SELL,GNF2_SELL] was killed by [GNF2_STAT6,GNF2_STAT6]
[GNF2_DDX5,GNF2_DDX5] was killed by [GNF2_STAT6,GNF2_STAT6]
[MODULE_115,MODULE_115] was killed by [MORF_ANP32B,MORF_ANP32B]
[MORF_IL9,MORF_IL9] was killed by [MORF_WNT1,MORF_WNT1]
[MORF_NF1,MORF_NF1] was killed by [MORF_ANP32B,MORF_ANP32B]
[MORF_CSNK1D,MORF_CSNK1D] was killed by [MORF_TPR,MORF_TPR]
[MODULE_199,MODULE_199] was killed by [MODULE_234,MODULE_234]
[GCM_HMGA2,GCM_HMGA2] was killed by [MODULE_298,MODULE_298]
[MODULE_403,MODULE_403] was killed by [GNF2_RRM1,GNF2_RRM1]
[GNF2_CBFB,GNF2_CBFB] was killed by [MORF_ANP32B,MORF_ANP32B]
[GCM_HBP1,GCM_HBP1] was killed by [GCM_MLL,GCM_MLL]
[GNF2_DENR,GNF2_DENR] was killed by [MORF_ANP32B,MORF_ANP32B]
[GNF2_RTN1,GNF2_RTN1] was killed by [MODULE_113,MODULE_113]
[CAR_WBSCR22,CAR_WBSCR22] was killed by [MODULE_298,MODULE_298]
[MORF_THPO,MORF_THPO] was killed by [MORF_IL4,MORF_IL4]
[MODULE_273,MODULE_273] was killed by [MORF_ANP32B,MORF_ANP32B]
[MORF_CD8A,MORF_CD8A] was killed by [MORF_IL4,MORF_IL4]
[MODULE_81,MODULE_81] was killed by [MORF_ANP32B,MORF_ANP32B]
[MODULE_329,MODULE_329] was killed by [MODULE_316,MODULE_316]
[MODULE_154,MODULE_154] was killed by [MODULE_298,MODULE_298]
[MODULE_308,MODULE_308] was killed by [MODULE_97,MODULE_97]
[MORF_XPC,MORF_XPC] was killed by [MORF_ANP32B,MORF_ANP32B]
[MODULE_357,MODULE_357] was killed by [MODULE_298,MODULE_298]
[GNF2_PAK2,GNF2_PAK2] was killed by [GNF2_STAT6,GNF2_STAT6]
[MODULE_297,MODULE_297] was killed by [MODULE_298,MODULE_298]
[GCM_BCL2L1,GCM_BCL2L1] was killed by [GCM_MLL,GCM_MLL]
[GCM_RAF1,GCM_RAF1] was killed by [MORF_ANP32B,MORF_ANP32B]
[MODULE_208,MODULE_208] was killed by [MODULE_92,MODULE_92]
[MODULE_164,MODULE_164] was killed by [GNF2_HPX,GNF2_HPX]
[GNF2_ELAC2,GNF2_ELAC2] was killed by [MORF_ANP32B,MORF_ANP32B]
[GNF2_TYK2,GNF2_TYK2] was killed by [GNF2_STAT6,GNF2_STAT6]
[MODULE_277,MODULE_277] was killed by [MODULE_97,MODULE_97]
[GNF2_HLA_C,GNF2_HLA_C] was killed by [GNF2_STAT6,GNF2_STAT6]
[MORF_BCL2L11,MORF_BCL2L11] was killed by [MORF_ANP32B,MORF_ANP32B]
[MODULE_287,MODULE_287] was killed by [MODULE_234,MODULE_234]
[MODULE_303,MODULE_303] was killed by [GNF2_RRM1,GNF2_RRM1]
[MODULE_105,MODULE_105] was killed by [GNF2_RRM1,GNF2_RRM1]
[MODULE_197,MODULE_197] was killed by [MORF_ANP32B,MORF_ANP32B]
[MODULE_404,MODULE_404] was killed by [MODULE_113,MODULE_113]
[GCM_ING1,GCM_ING1] was killed by [GCM_MLL,GCM_MLL]
[GNF2_PPP6C,GNF2_PPP6C] was killed by [MORF_ANP32B,MORF_ANP32B]
[MODULE_109,MODULE_109] was killed by [GNF2_HPX,GNF2_HPX]
[GNF2_RRM2,GNF2_RRM2] was killed by [GNF2_RRM1,GNF2_RRM1]
[MORF_MAP3K14,MORF_MAP3K14] was killed by [MORF_WNT1,MORF_WNT1]
[GCM_PTK2,GCM_PTK2] was killed by [GCM_MLL,GCM_MLL]
[GNF2_CENPE,GNF2_CENPE] was killed by [GNF2_RRM1,GNF2_RRM1]
[GCM_SUFU,GCM_SUFU] was killed by [GCM_MLL,GCM_MLL]
[MORF_CDK2,MORF_CDK2] was killed by [MORF_ANP32B,MORF_ANP32B]
[GNF2_CYP2B6,GNF2_CYP2B6] was killed by [GNF2_HPX,GNF2_HPX]
[GNF2_H2AFX,GNF2_H2AFX] was killed by [GNF2_RRM1,GNF2_RRM1]
[MODULE_387,MODULE_387] was killed by [MODULE_92,MODULE_92]
[MODULE_263,MODULE_263] was killed by [MODULE_92,MODULE_92]
[MODULE_209,MODULE_209] was killed by [GNF2_HPX,GNF2_HPX]
[GCM_TPT1,GCM_TPT1] was killed by [MORF_ANP32B,MORF_ANP32B]
[GNF2_G22P1,GNF2_G22P1] was killed by [MORF_ANP32B,MORF_ANP32B]
[GCM_CSNK1A1,GCM_CSNK1A1] was killed by [GCM_MLL,GCM_MLL]
[GCM_PPM1D,GCM_PPM1D] was killed by [GCM_MLL,GCM_MLL]
[GNF2_TST,GNF2_TST] was killed by [GNF2_HPX,GNF2_HPX]
[GNF2_CASP1,GNF2_CASP1] was killed by [GNF2_STAT6,GNF2_STAT6]
[MORF_RUNX1,MORF_RUNX1] was killed by [MORF_ANP32B,MORF_ANP32B]
[GNF2_CASP4,GNF2_CASP4] was killed by [GNF2_STAT6,GNF2_STAT6]
[MODULE_410,MODULE_410] was killed by [MODULE_234,MODULE_234]
[MODULE_363,MODULE_363] was killed by [MORF_ANP32B,MORF_ANP32B]
[GNF2_RPA1,GNF2_RPA1] was killed by [MORF_ANP32B,MORF_ANP32B]
[MODULE_323,MODULE_323] was killed by [GCM_MLL,GCM_MLL]
[GCM_BAG5,GCM_BAG5] was killed by [GCM_MLL,GCM_MLL]
[GNF2_PTPRC,GNF2_PTPRC] was killed by [GNF2_STAT6,GNF2_STAT6]
[MODULE_261,MODULE_261] was killed by [MODULE_97,MODULE_97]
[CAR_MYST2,CAR_MYST2] was killed by [MORF_IL4,MORF_IL4]
[GNF2_RAP1B,GNF2_RAP1B] was killed by [GNF2_STAT6,GNF2_STAT6]
[MORF_THRA,MORF_THRA] was killed by [MODULE_298,MODULE_298]
[MODULE_388,MODULE_388] was killed by [MORF_ANP32B,MORF_ANP32B]
[GNF2_MSN,GNF2_MSN] was killed by [GNF2_STAT6,GNF2_STAT6]
[GNF2_SMC2L1,GNF2_SMC2L1] was killed by [GNF2_RRM1,GNF2_RRM1]
[MODULE_172,MODULE_172] was killed by [GNF2_HPX,GNF2_HPX]
[MODULE_106,MODULE_106] was killed by [MODULE_113,MODULE_113]
[GNF2_CEBPA,GNF2_CEBPA] was killed by [GNF2_HPX,GNF2_HPX]
[MODULE_107,MODULE_107] was killed by [GNF2_HPX,GNF2_HPX]
[GNF2_MKI67,GNF2_MKI67] was killed by [GNF2_RRM1,GNF2_RRM1]
[MODULE_248,MODULE_248] was killed by [MORF_ANP32B,MORF_ANP32B]
[MORF_RAB6A,MORF_RAB6A] was killed by [MORF_ANP32B,MORF_ANP32B]
[GNF2_CD48,GNF2_CD48] was killed by [GNF2_STAT6,GNF2_STAT6]
[MODULE_358,MODULE_358] was killed by [MODULE_97,MODULE_97]
[MODULE_20,MODULE_20] was killed by [MODULE_298,MODULE_298]
[GNF2_ICAM3,GNF2_ICAM3] was killed by [GNF2_STAT6,GNF2_STAT6]
[MODULE_191,MODULE_191] was killed by [MODULE_92,MODULE_92]
[MODULE_262,MODULE_262] was killed by [MODULE_92,MODULE_92]
[GCM_DENR,GCM_DENR] was killed by [GCM_MLL,GCM_MLL]
[MODULE_385,MODULE_385] was killed by [MODULE_92,MODULE_92]
[MORF_STK17A,MORF_STK17A] was killed by [MORF_ANP32B,MORF_ANP32B]
[GNF2_VAV1,GNF2_VAV1] was killed by [GNF2_STAT6,GNF2_STAT6]
[GNF2_CDH3,GNF2_CDH3] was killed by [MODULE_298,MODULE_298]
[GNF2_MCL1,GNF2_MCL1] was killed by [GNF2_STAT6,GNF2_STAT6]
[MODULE_141,MODULE_141] was killed by [MODULE_316,MODULE_316]
[GNF2_UBE2I,GNF2_UBE2I] was killed by [MORF_ANP32B,MORF_ANP32B]
[MODULE_25,MODULE_25] was killed by [MORF_ANP32B,MORF_ANP32B]
[MODULE_226,MODULE_226] was killed by [MODULE_87,MODULE_87]
[MODULE_489,MODULE_489] was killed by [MORF_WNT1,MORF_WNT1]
[GCM_LTK,GCM_LTK] was killed by [MODULE_298,MODULE_298]
[MORF_PRKCA,MORF_PRKCA] was killed by [MORF_ANP32B,MORF_ANP32B]
[MODULE_219,MODULE_219] was killed by [GNF2_RRM1,GNF2_RRM1]
[GNF2_SERPINB5,GNF2_SERPINB5] was killed by [MODULE_298,MODULE_298]
[MODULE_85,MODULE_85] was killed by [MODULE_113,MODULE_113]
[GNF2_BUB3,GNF2_BUB3] was killed by [MORF_ANP32B,MORF_ANP32B]
[GNF2_CDH11,GNF2_CDH11] was killed by [MODULE_234,MODULE_234]
[MODULE_71,MODULE_71] was killed by [MODULE_368,MODULE_368]
[MODULE_96,MODULE_96] was killed by [MODULE_234,MODULE_234]
[MODULE_345,MODULE_345] was killed by [MORF_ANP32B,MORF_ANP32B]
[GNF2_AF1Q,GNF2_AF1Q] was killed by [MODULE_113,MODULE_113]
[MODULE_321,MODULE_321] was killed by [MODULE_239,MODULE_239]
[MODULE_21,MODULE_21] was killed by [GNF2_RRM1,GNF2_RRM1]
[MODULE_245,MODULE_245] was killed by [MORF_ANP32B,MORF_ANP32B]
[GNF2_MYD88,GNF2_MYD88] was killed by [GNF2_STAT6,GNF2_STAT6]
[MODULE_56,MODULE_56] was killed by [GNF2_RRM1,GNF2_RRM1]
[MODULE_86,MODULE_86] was killed by [MODULE_87,MODULE_87]
[MODULE_108,MODULE_108] was killed by [MODULE_92,MODULE_92]
[MODULE_162,MODULE_162] was killed by [MORF_IL4,MORF_IL4]
[MODULE_281,MODULE_281] was killed by [MORF_ANP32B,MORF_ANP32B]
[GCM_PTPRU,GCM_PTPRU] was killed by [MODULE_298,MODULE_298]
[GNF2_SMC1L1,GNF2_SMC1L1] was killed by [MORF_ANP32B,MORF_ANP32B]
[MORF_UBE2A,MORF_UBE2A] was killed by [MORF_TPR,MORF_TPR]
[GNF2_GLTSCR2,GNF2_GLTSCR2] was killed by [MORF_ANP32B,MORF_ANP32B]
[GNF2_FGR,GNF2_FGR] was killed by [GNF2_STAT6,GNF2_STAT6]
[MODULE_455,MODULE_455] was killed by [MODULE_298,MODULE_298]
[MORF_TTN,MORF_TTN] was killed by [MORF_IL4,MORF_IL4]
[MODULE_40,MODULE_40] was killed by [GNF2_HPX,GNF2_HPX]
[GNF2_LYN,GNF2_LYN] was killed by [GNF2_STAT6,GNF2_STAT6]
[MODULE_418,MODULE_418] was killed by [MODULE_298,MODULE_298]
[MODULE_306,MODULE_306] was killed by [MODULE_87,MODULE_87]
[MODULE_438,MODULE_438] was killed by [MODULE_298,MODULE_298]
[MODULE_135,MODULE_135] was killed by [GNF2_HPX,GNF2_HPX]
[MODULE_451,MODULE_451] was killed by [GNF2_RRM1,GNF2_RRM1]
[GCM_SMARCC1,GCM_SMARCC1] was killed by [MORF_ANP32B,MORF_ANP32B]
[MORF_PPP5C,MORF_PPP5C] was killed by [MORF_TPR,MORF_TPR]
[GNF2_TNFSF10,GNF2_TNFSF10] was killed by [GNF2_SPI1,GNF2_SPI1]
[MORF_ETV3,MORF_ETV3] was killed by [MODULE_298,MODULE_298]
[MODULE_259,MODULE_259] was killed by [MODULE_92,MODULE_92]
[MODULE_200,MODULE_200] was killed by [MODULE_234,MODULE_234]
[MORF_RBM8A,MORF_RBM8A] was killed by [MORF_TPR,MORF_TPR]
[GNF2_CD97,GNF2_CD97] was killed by [GNF2_STAT6,GNF2_STAT6]
[MORF_EPHA7,MORF_EPHA7] was killed by [MORF_ANP32B,MORF_ANP32B]
[MODULE_218,MODULE_218] was killed by [MORF_IL4,MORF_IL4]
[MODULE_512,MODULE_512] was killed by [MODULE_316,MODULE_316]
[GCM_TINF2,GCM_TINF2] was killed by [GCM_MLL,GCM_MLL]
[MODULE_77,MODULE_77] was killed by [MORF_ANP32B,MORF_ANP32B]
[MODULE_568,MODULE_568] was killed by [MODULE_491,MODULE_491]
[MODULE_82,MODULE_82] was killed by [MORF_ANP32B,MORF_ANP32B]
[MODULE_328,MODULE_328] was killed by [MODULE_316,MODULE_316]
[GCM_BMPR2,GCM_BMPR2] was killed by [GCM_MLL,GCM_MLL]
[MORF_TNFRSF6,MORF_TNFRSF6] was killed by [MORF_ANP32B,MORF_ANP32B]
[GNF2_PTX3,GNF2_PTX3] was killed by [MODULE_234,MODULE_234]
[MODULE_509,MODULE_509] was killed by [MODULE_87,MODULE_87]
[MODULE_214,MODULE_214] was killed by [MODULE_316,MODULE_316]
[MORF_USP5,MORF_USP5] was killed by [MORF_TPR,MORF_TPR]
[MORF_JAG1,MORF_JAG1] was killed by [MORF_TPR,MORF_TPR]
[MORF_PDCD1,MORF_PDCD1] was killed by [MORF_IL4,MORF_IL4]
[MORF_PPP2R5B,MORF_PPP2R5B] was killed by [MORF_ANP32B,MORF_ANP32B]
[GCM_CRKL,GCM_CRKL] was killed by [GCM_MLL,GCM_MLL]
[MORF_ESR1,MORF_ESR1] was killed by [MORF_ANP32B,MORF_ANP32B]
[MODULE_133,MODULE_133] was killed by [GNF2_NS,GNF2_NS]
[MORF_PML,MORF_PML] was killed by [MORF_ANP32B,MORF_ANP32B]
[MORF_ITGA2,MORF_ITGA2] was killed by [MORF_IL4,MORF_IL4]
[MODULE_525,MODULE_525] was killed by [MODULE_97,MODULE_97]
[MODULE_59,MODULE_59] was killed by [MODULE_368,MODULE_368]
[MORF_RAB3A,MORF_RAB3A] was killed by [GNF2_MLF1,GNF2_MLF1]
[MODULE_540,MODULE_540] was killed by [MODULE_332,MODULE_332]
[MODULE_210,MODULE_210] was killed by [GNF2_KISS1,GNF2_KISS1]
[MODULE_436,MODULE_436] was killed by [MORF_ANP32B,MORF_ANP32B]
[MODULE_223,MODULE_223] was killed by [MORF_ANP32B,MORF_ANP32B]
[MODULE_215,MODULE_215] was killed by [MODULE_316,MODULE_316]
[MODULE_395,MODULE_395] was killed by [MODULE_87,MODULE_87]
[GCM_NUMA1,GCM_NUMA1] was killed by [GCM_MLL,GCM_MLL]
[MODULE_355,MODULE_355] was killed by [MORF_ANP32B,MORF_ANP32B]
[MORF_KDR,MORF_KDR] was killed by [MORF_ANP32B,MORF_ANP32B]
[MORF_IKBKG,MORF_IKBKG] was killed by [MODULE_92,MODULE_92]
[MODULE_372,MODULE_372] was killed by [GNF2_RRM1,GNF2_RRM1]
[GNF2_IGF1,GNF2_IGF1] was killed by [GNF2_HPX,GNF2_HPX]
[MODULE_35,MODULE_35] was killed by [GNF2_NS,GNF2_NS]
[MODULE_299,MODULE_299] was killed by [MORF_ANP32B,MORF_ANP32B]
[MODULE_521,MODULE_521] was killed by [MODULE_92,MODULE_92]
[GCM_RBM8A,GCM_RBM8A] was killed by [GCM_MLL,GCM_MLL]
[MODULE_267,MODULE_267] was killed by [MODULE_316,MODULE_316]
[GCM_CDH5,GCM_CDH5] was killed by [GNF2_KISS1,GNF2_KISS1]
[MODULE_562,MODULE_562] was killed by [GNF2_KISS1,GNF2_KISS1]
[GNF2_BUB1,GNF2_BUB1] was killed by [GNF2_RRM1,GNF2_RRM1]
[MODULE_155,MODULE_155] was killed by [MORF_ANP32B,MORF_ANP32B]
[GCM_GSTA4,GCM_GSTA4] was killed by [GCM_MLL,GCM_MLL]
[MORF_MYL3,MORF_MYL3] was killed by [MORF_IL4,MORF_IL4]
[MODULE_547,MODULE_547] was killed by [MODULE_352,MODULE_352]
[GCM_BNIP1,GCM_BNIP1] was killed by [GNF2_MYL2,GNF2_MYL2]
[MODULE_288,MODULE_288] was killed by [MODULE_92,MODULE_92]
[MODULE_93,MODULE_93] was killed by [MORF_ANP32B,MORF_ANP32B]
[MODULE_110,MODULE_110] was killed by [GNF2_NS,GNF2_NS]
[GCM_VAV1,GCM_VAV1] was killed by [GNF2_STAT6,GNF2_STAT6]
[MODULE_501,MODULE_501] was killed by [MODULE_92,MODULE_92]
[MODULE_61,MODULE_61] was killed by [MORF_ANP32B,MORF_ANP32B]
[MORF_REV3L,MORF_REV3L] was killed by [MORF_TPR,MORF_TPR]
[MORF_BNIP1,MORF_BNIP1] was killed by [MORF_ANP32B,MORF_ANP32B]
[MODULE_102,MODULE_102] was killed by [GNF2_RRM1,GNF2_RRM1]
[MODULE_196,MODULE_196] was killed by [GNF2_RRM1,GNF2_RRM1]
[MODULE_318,MODULE_318] was killed by [GNF2_RRM1,GNF2_RRM1]
[GCM_CSNK1D,GCM_CSNK1D] was killed by [GCM_MLL,GCM_MLL]
[MODULE_367,MODULE_367] was killed by [MODULE_92,MODULE_92]
[MORF_FRK,MORF_FRK] was killed by [MORF_ANP32B,MORF_ANP32B]
