[TMTCGCGANR_UNKNOWN,TMTCGCGANR_UNKNOWN] was killed by [GGCNKCCATNK_UNKNOWN,GGCNKCCATNK_UNKNOWN]
[CCGNMNNTNACG_UNKNOWN,CCGNMNNTNACG_UNKNOWN] was killed by [SREBP1_01,SREBP1_01]
[KCCGNSWTTT_UNKNOWN,KCCGNSWTTT_UNKNOWN] was killed by [SGCGSSAAA_E2F1DP2_01,SGCGSSAAA_E2F1DP2_01]
[AAGWWRNYGGC_UNKNOWN,AAGWWRNYGGC_UNKNOWN] was killed by [SGCGSSAAA_E2F1DP2_01,SGCGSSAAA_E2F1DP2_01]
[GGCNNMSMYNTTG_UNKNOWN,GGCNNMSMYNTTG_UNKNOWN] was killed by [GGCNKCCATNK_UNKNOWN,GGCNKCCATNK_UNKNOWN]
[XBP1_01,XBP1_01] was killed by [GGCNKCCATNK_UNKNOWN,GGCNKCCATNK_UNKNOWN]
[MEIS1BHOXA9_01,MEIS1BHOXA9_01] was killed by [HNF3_Q6,HNF3_Q6]
[E2F_Q2,E2F_Q2] was killed by [GGCNKCCATNK_UNKNOWN,GGCNKCCATNK_UNKNOWN]
[ETF_Q6,ETF_Q6] was killed by [GGCNKCCATNK_UNKNOWN,GGCNKCCATNK_UNKNOWN]
[CAGNWMCNNNGAC_UNKNOWN,CAGNWMCNNNGAC_UNKNOWN] was killed by [NRSF_01,NRSF_01]
[EVI1_03,EVI1_03] was killed by [HNF3_Q6,HNF3_Q6]
[RRCCGTTA_UNKNOWN,RRCCGTTA_UNKNOWN] was killed by [SGCGSSAAA_E2F1DP2_01,SGCGSSAAA_E2F1DP2_01]
[POU3F2_01,POU3F2_01] was killed by [NRSF_01,NRSF_01]
[YNTTTNNNANGCARM_UNKNOWN,YNTTTNNNANGCARM_UNKNOWN] was killed by [HNF3_Q6,HNF3_Q6]
[RTTTNNNYTGGM_UNKNOWN,RTTTNNNYTGGM_UNKNOWN] was killed by [HNF3_Q6,HNF3_Q6]
[HMEF2_Q6,HMEF2_Q6] was killed by [HNF3_Q6,HNF3_Q6]
[AHRARNT_01,AHRARNT_01] was killed by [HNF3_Q6,HNF3_Q6]
[ATGGYGGA_UNKNOWN,ATGGYGGA_UNKNOWN] was killed by [SGCGSSAAA_E2F1DP2_01,SGCGSSAAA_E2F1DP2_01]
[GGCNRNWCTTYS_UNKNOWN,GGCNRNWCTTYS_UNKNOWN] was killed by [GCGNNANTTCC_UNKNOWN,GCGNNANTTCC_UNKNOWN]
[NKX25_01,NKX25_01] was killed by [HNF3_Q6,HNF3_Q6]
[GGGNRMNNYCAT_UNKNOWN,GGGNRMNNYCAT_UNKNOWN] was killed by [GGCNKCCATNK_UNKNOWN,GGCNKCCATNK_UNKNOWN]
[EVI1_05,EVI1_05] was killed by [HNF3_Q6,HNF3_Q6]
[AAANWWTGC_UNKNOWN,AAANWWTGC_UNKNOWN] was killed by [HNF3_Q6,HNF3_Q6]
[E2F_01,E2F_01] was killed by [SGCGSSAAA_E2F1DP2_01,SGCGSSAAA_E2F1DP2_01]
[CRGAARNNNNCGA_UNKNOWN,CRGAARNNNNCGA_UNKNOWN] was killed by [SREBP1_01,SREBP1_01]
[KRCTCNNNNMANAGC_UNKNOWN,KRCTCNNNNMANAGC_UNKNOWN] was killed by [SGCGSSAAA_E2F1DP2_01,SGCGSSAAA_E2F1DP2_01]
[TAXCREB_01,TAXCREB_01] was killed by [GGCNKCCATNK_UNKNOWN,GGCNKCCATNK_UNKNOWN]
[KMCATNNWGGA_UNKNOWN,KMCATNNWGGA_UNKNOWN] was killed by [SGCGSSAAA_E2F1DP2_01,SGCGSSAAA_E2F1DP2_01]
[PBX1_02,PBX1_02] was killed by [SGCGSSAAA_E2F1DP2_01,SGCGSSAAA_E2F1DP2_01]
[EVI1_02,EVI1_02] was killed by [HNF3_Q6,HNF3_Q6]
[YGCANTGCR_UNKNOWN,YGCANTGCR_UNKNOWN] was killed by [HNF3_Q6,HNF3_Q6]
[FOXJ2_01,FOXJ2_01] was killed by [HNF3_Q6,HNF3_Q6]
[MYAATNNNNNNNGGC_UNKNOWN,MYAATNNNNNNNGGC_UNKNOWN] was killed by [GGCNKCCATNK_UNKNOWN,GGCNKCCATNK_UNKNOWN]
[CDPCR1_01,CDPCR1_01] was killed by [NRSF_01,NRSF_01]
[FREAC4_01,FREAC4_01] was killed by [SGCGSSAAA_E2F1DP2_01,SGCGSSAAA_E2F1DP2_01]
[ATCMNTCCGY_UNKNOWN,ATCMNTCCGY_UNKNOWN] was killed by [SGCGSSAAA_E2F1DP2_01,SGCGSSAAA_E2F1DP2_01]
[SRF_01,SRF_01] was killed by [HNF3_Q6,HNF3_Q6]
[TNCATNTCCYR_UNKNOWN,TNCATNTCCYR_UNKNOWN] was killed by [SGCGSSAAA_E2F1DP2_01,SGCGSSAAA_E2F1DP2_01]
[YTAAYNGCT_UNKNOWN,YTAAYNGCT_UNKNOWN] was killed by [SGCGSSAAA_E2F1DP2_01,SGCGSSAAA_E2F1DP2_01]
[MSX1_01,MSX1_01] was killed by [GGCNKCCATNK_UNKNOWN,GGCNKCCATNK_UNKNOWN]
[CCCNNNNNNAAGWT_UNKNOWN,CCCNNNNNNAAGWT_UNKNOWN] was killed by [GCGNNANTTCC_UNKNOWN,GCGNNANTTCC_UNKNOWN]
[KTGGYRSGAA_UNKNOWN,KTGGYRSGAA_UNKNOWN] was killed by [SGCGSSAAA_E2F1DP2_01,SGCGSSAAA_E2F1DP2_01]
[GCGSCMNTTT_UNKNOWN,GCGSCMNTTT_UNKNOWN] was killed by [SGCGSSAAA_E2F1DP2_01,SGCGSSAAA_E2F1DP2_01]
[TAAYNRNNTCC_UNKNOWN,TAAYNRNNTCC_UNKNOWN] was killed by [HNF3_Q6,HNF3_Q6]
[CYTAGCAAY_UNKNOWN,CYTAGCAAY_UNKNOWN] was killed by [GATA_Q6,GATA_Q6]
[AR_02,AR_02] was killed by [GGCNKCCATNK_UNKNOWN,GGCNKCCATNK_UNKNOWN]
[CDP_02,CDP_02] was killed by [SGCGSSAAA_E2F1DP2_01,SGCGSSAAA_E2F1DP2_01]
[TAANNYSGCG_UNKNOWN,TAANNYSGCG_UNKNOWN] was killed by [SGCGSSAAA_E2F1DP2_01,SGCGSSAAA_E2F1DP2_01]
[ARGGGTTAA_UNKNOWN,ARGGGTTAA_UNKNOWN] was killed by [GATA_Q6,GATA_Q6]
[CGGAARNGGCNG_UNKNOWN,CGGAARNGGCNG_UNKNOWN] was killed by [HNF3_Q6,HNF3_Q6]
[TTTNNANAGCYR_UNKNOWN,TTTNNANAGCYR_UNKNOWN] was killed by [GATA_Q6,GATA_Q6]
[FXR_Q3,FXR_Q3] was killed by [HNF3_Q6,HNF3_Q6]
[MIF1_01,MIF1_01] was killed by [GCGNNANTTCC_UNKNOWN,GCGNNANTTCC_UNKNOWN]
[CGTSACG_PAX3_B,CGTSACG_PAX3_B] was killed by [SREBP1_01,SREBP1_01]
[GATGKMRGCG_UNKNOWN,GATGKMRGCG_UNKNOWN] was killed by [HNF3_Q6,HNF3_Q6]
[AR_01,AR_01] was killed by [HNF3_Q6,HNF3_Q6]
