[MIR4678,MIR4678] was killed by [MIR4255,MIR4255]
[MIR10395_3P,MIR10395_3P] was killed by [MIR302D_5P,MIR302D_5P]
[MIR6807_3P,MIR6807_3P] was killed by [MIR302D_5P,MIR302D_5P]
[CTGTTAC_MIR194,CTGTTAC_MIR194] was killed by [GTCTTCC_MIR7,GTCTTCC_MIR7]
[ACTGTAG_MIR139,ACTGTAG_MIR139] was killed by [MIR4255,MIR4255]
[MIR1227_3P,MIR1227_3P] was killed by [MIR3064_3P,MIR3064_3P]
[MIR217_5P,MIR217_5P] was killed by [MIR302D_5P,MIR302D_5P]
[MIR503_5P,MIR503_5P] was killed by [MIR4255,MIR4255]
[MIR142_3P,MIR142_3P] was killed by [MIR4255,MIR4255]
[MIR6824_3P,MIR6824_3P] was killed by [MIR6764_3P,MIR6764_3P]
[MIR1825,MIR1825] was killed by [MIR522_3P,MIR522_3P]
[MIR224_3P,MIR224_3P] was killed by [MIR522_3P,MIR522_3P]
[MIR1301_3P_MIR5047,MIR1301_3P_MIR5047] was killed by [MIR371A_5P,MIR371A_5P]
[AAGTCCA_MIR422B_MIR422A,AAGTCCA_MIR422B_MIR422A] was killed by [MIR522_3P,MIR522_3P]
[MIR337_3P,MIR337_3P] was killed by [MIR4255,MIR4255]
[MIR139_5P,MIR139_5P] was killed by [MIR522_3P,MIR522_3P]
[MIR4778_5P,MIR4778_5P] was killed by [MIR302D_5P,MIR302D_5P]
[MIR221_3P,MIR221_3P] was killed by [MIR4436B_5P,MIR4436B_5P]
[MIR18A_5P_MIR18B_5P,MIR18A_5P_MIR18B_5P] was killed by [MIR4255,MIR4255]
[AGTCTTA_MIR499,AGTCTTA_MIR499] was killed by [MIR3064_3P,MIR3064_3P]
[MIR1537_5P,MIR1537_5P] was killed by [MIR302D_5P,MIR302D_5P]
[MIR1183,MIR1183] was killed by [MIR888_3P,MIR888_3P]
[MIR619_5P,MIR619_5P] was killed by [MIR6764_3P,MIR6764_3P]
[MIR222_3P,MIR222_3P] was killed by [MIR4436B_5P,MIR4436B_5P]
[MIR505_3P,MIR505_3P] was killed by [MIR3064_3P,MIR3064_3P]
[MIR154_3P,MIR154_3P] was killed by [MIR487A_3P,MIR487A_3P]
[MIR7161_5P,MIR7161_5P] was killed by [MIR371A_5P,MIR371A_5P]
[MIR4735_5P,MIR4735_5P] was killed by [MIR4255,MIR4255]
[GACTGTT_MIR212_MIR132,GACTGTT_MIR212_MIR132] was killed by [GTCTTCC_MIR7,GTCTTCC_MIR7]
[MIR138_2_3P,MIR138_2_3P] was killed by [MIR3064_3P,MIR3064_3P]
[ATGCAGT_MIR217,ATGCAGT_MIR217] was killed by [MIR4255,MIR4255]
[TAATGTG_MIR323,TAATGTG_MIR323] was killed by [MIR4255,MIR4255]
[MIR16_1_3P,MIR16_1_3P] was killed by [MIR7850_5P,MIR7850_5P]
[MIR520F_3P,MIR520F_3P] was killed by [MIR4255,MIR4255]
[MIR6716_5P,MIR6716_5P] was killed by [MIR302D_5P,MIR302D_5P]
[MIR4777_3P,MIR4777_3P] was killed by [MIR302D_5P,MIR302D_5P]
[MIR548M,MIR548M] was killed by [MIR4255,MIR4255]
[MIR135A_3P,MIR135A_3P] was killed by [MIR600,MIR600]
[GTATGAT_MIR154_MIR487,GTATGAT_MIR154_MIR487] was killed by [MIR371A_5P,MIR371A_5P]
[MIR12129,MIR12129] was killed by [MIR600,MIR600]
[ATGAAGG_MIR205,ATGAAGG_MIR205] was killed by [GTCTTCC_MIR7,GTCTTCC_MIR7]
[MIR194_5P,MIR194_5P] was killed by [MIR4255,MIR4255]
[MIR181A_2_3P,MIR181A_2_3P] was killed by [MIR4255,MIR4255]
[MIR548AV_3P,MIR548AV_3P] was killed by [MIR4436B_5P,MIR4436B_5P]
[MIR135A_2_3P,MIR135A_2_3P] was killed by [MIR3064_3P,MIR3064_3P]
[MIR6739_3P,MIR6739_3P] was killed by [MIR4255,MIR4255]
[ACACTCC_MIR122A,ACACTCC_MIR122A] was killed by [GTCTTCC_MIR7,GTCTTCC_MIR7]
[ACCATTT_MIR522,ACCATTT_MIR522] was killed by [MIR6773_5P,MIR6773_5P]
[MIR6830_5P,MIR6830_5P] was killed by [GTCTTCC_MIR7,GTCTTCC_MIR7]
[MIR513B_3P,MIR513B_3P] was killed by [MIR4255,MIR4255]
[MIR143_5P,MIR143_5P] was killed by [MIR3064_3P,MIR3064_3P]
[MIR6724_5P,MIR6724_5P] was killed by [MIR6773_5P,MIR6773_5P]
[GGCACTT_MIR519E,GGCACTT_MIR519E] was killed by [MIR3064_3P,MIR3064_3P]
[ATAGGAA_MIR202,ATAGGAA_MIR202] was killed by [MIR3064_3P,MIR3064_3P]
[MIR4735_3P,MIR4735_3P] was killed by [MIR4255,MIR4255]
[MIR135B_3P,MIR135B_3P] was killed by [MIR3064_3P,MIR3064_3P]
[MIR548B_3P,MIR548B_3P] was killed by [MIR888_3P,MIR888_3P]
[MIR4418,MIR4418] was killed by [MIR4255,MIR4255]
[MIR1253,MIR1253] was killed by [MIR6764_3P,MIR6764_3P]
[MIR186_3P,MIR186_3P] was killed by [MIR7850_5P,MIR7850_5P]
[MIR6806_5P,MIR6806_5P] was killed by [MIR371A_5P,MIR371A_5P]
[MIR212_3P,MIR212_3P] was killed by [GTCTTCC_MIR7,GTCTTCC_MIR7]
[MIR5583_5P,MIR5583_5P] was killed by [GTCTTCC_MIR7,GTCTTCC_MIR7]
[MIR513C_5P,MIR513C_5P] was killed by [MIR371A_5P,MIR371A_5P]
[MIR187_5P,MIR187_5P] was killed by [MIR4255,MIR4255]
[MIR10526_3P,MIR10526_3P] was killed by [MIR6764_3P,MIR6764_3P]
[MIR630,MIR630] was killed by [MIR4255,MIR4255]
[MIR6828_5P,MIR6828_5P] was killed by [MIR487A_3P,MIR487A_3P]
[ACACTAC_MIR1423P,ACACTAC_MIR1423P] was killed by [MIR4255,MIR4255]
[MIR374B_3P,MIR374B_3P] was killed by [MIR4255,MIR4255]
[MIR6895_5P,MIR6895_5P] was killed by [GTCTTCC_MIR7,GTCTTCC_MIR7]
[MIR509_5P,MIR509_5P] was killed by [MIR4255,MIR4255]
[ATTACAT_MIR3803P,ATTACAT_MIR3803P] was killed by [MIR4255,MIR4255]
[TCATCTC_MIR143,TCATCTC_MIR143] was killed by [MIR4255,MIR4255]
[MIR1256,MIR1256] was killed by [MIR4255,MIR4255]
[MIR34B_3P,MIR34B_3P] was killed by [MIR6764_3P,MIR6764_3P]
[MIR5004_5P,MIR5004_5P] was killed by [GTCTTCC_MIR7,GTCTTCC_MIR7]
[MIR2053,MIR2053] was killed by [MIR302D_5P,MIR302D_5P]
[MIR520E_5P,MIR520E_5P] was killed by [MIR4436B_5P,MIR4436B_5P]
[MIR302A_5P,MIR302A_5P] was killed by [MIR4255,MIR4255]
[MIR550B_3P,MIR550B_3P] was killed by [MIR4255,MIR4255]
[MIR3920,MIR3920] was killed by [MIR4257,MIR4257]
[GTGTTGA_MIR505,GTGTTGA_MIR505] was killed by [GTCTTCC_MIR7,GTCTTCC_MIR7]
[MIR3129_3P,MIR3129_3P] was killed by [MIR3064_3P,MIR3064_3P]
[ATGCTGG_MIR338,ATGCTGG_MIR338] was killed by [MIR3064_3P,MIR3064_3P]
[MIR1324,MIR1324] was killed by [GTCTTCC_MIR7,GTCTTCC_MIR7]
[GCACCTT_MIR18A_MIR18B,GCACCTT_MIR18A_MIR18B] was killed by [MIR302D_5P,MIR302D_5P]
[MIR4794,MIR4794] was killed by [MIR371A_5P,MIR371A_5P]
[MIR514B_5P,MIR514B_5P] was killed by [MIR371A_5P,MIR371A_5P]
[GAGCTGG_MIR337,GAGCTGG_MIR337] was killed by [GTCTTCC_MIR7,GTCTTCC_MIR7]
[MIR132_3P,MIR132_3P] was killed by [MIR4436B_5P,MIR4436B_5P]
[MIR433_3P,MIR433_3P] was killed by [MIR3064_3P,MIR3064_3P]
[MIR6867_3P,MIR6867_3P] was killed by [MIR339_5P,MIR339_5P]
[MIR520G_5P,MIR520G_5P] was killed by [MIR652_5P,MIR652_5P]
[MIR190B_3P,MIR190B_3P] was killed by [MIR4436B_5P,MIR4436B_5P]
[MIR509_3_5P,MIR509_3_5P] was killed by [MIR4255,MIR4255]
[MIR4452,MIR4452] was killed by [MIR3064_3P,MIR3064_3P]
[MIR325,MIR325] was killed by [MIR371A_5P,MIR371A_5P]
[MIR6845_3P,MIR6845_3P] was killed by [MIR3064_3P,MIR3064_3P]
[MIR5589_3P,MIR5589_3P] was killed by [MIR4255,MIR4255]
[MIR5690,MIR5690] was killed by [MIR4255,MIR4255]
[MIR8087,MIR8087] was killed by [MIR371A_5P,MIR371A_5P]
[MIR4753_5P,MIR4753_5P] was killed by [MIR4255,MIR4255]
[MIR4540,MIR4540] was killed by [MIR522_3P,MIR522_3P]
[GCAAAAA_MIR129,GCAAAAA_MIR129] was killed by [MIR371A_5P,MIR371A_5P]
[MIR12132,MIR12132] was killed by [MIR888_3P,MIR888_3P]
[MIR379_3P_MIR411_3P,MIR379_3P_MIR411_3P] was killed by [MIR4255,MIR4255]
[MIR374A_3P,MIR374A_3P] was killed by [MIR3144_3P,MIR3144_3P]
[ATACTGT_MIR144,ATACTGT_MIR144] was killed by [MIR4255,MIR4255]
[ATAAGCT_MIR21,ATAAGCT_MIR21] was killed by [MIR522_3P,MIR522_3P]
[MIR3614_5P,MIR3614_5P] was killed by [MIR371A_5P,MIR371A_5P]
[AGCATTA_MIR155,AGCATTA_MIR155] was killed by [MIR4255,MIR4255]
[MIR6828_3P,MIR6828_3P] was killed by [MIR7850_5P,MIR7850_5P]
[AGGAGTG_MIR483,AGGAGTG_MIR483] was killed by [GTCTTCC_MIR7,GTCTTCC_MIR7]
[MIR219B_3P,MIR219B_3P] was killed by [GTCTTCC_MIR7,GTCTTCC_MIR7]
[MIR188_3P,MIR188_3P] was killed by [MIR3064_3P,MIR3064_3P]
[MIR4649_3P,MIR4649_3P] was killed by [MIR6764_3P,MIR6764_3P]
[MIR4685_3P,MIR4685_3P] was killed by [TTCCGTT_MIR191,TTCCGTT_MIR191]
[GGCAGTG_MIR3243P,GGCAGTG_MIR3243P] was killed by [GTCTTCC_MIR7,GTCTTCC_MIR7]
[MIR320A_5P,MIR320A_5P] was killed by [MIR371A_5P,MIR371A_5P]
[MIR6516_3P,MIR6516_3P] was killed by [MIR4255,MIR4255]
[MIR499B_3P,MIR499B_3P] was killed by [MIR3064_3P,MIR3064_3P]
[MIR6073,MIR6073] was killed by [MIR4255,MIR4255]
[MIR6891_3P,MIR6891_3P] was killed by [MIR888_3P,MIR888_3P]
[MIR4327,MIR4327] was killed by [MIR4436B_5P,MIR4436B_5P]
[MIR5008_3P,MIR5008_3P] was killed by [MIR600,MIR600]
[AGTCAGC_MIR345,AGTCAGC_MIR345] was killed by [GTCTTCC_MIR7,GTCTTCC_MIR7]
[MIR5579_5P,MIR5579_5P] was killed by [MIR7850_5P,MIR7850_5P]
[MIR5197_5P,MIR5197_5P] was killed by [MIR4436B_5P,MIR4436B_5P]
[MIR520F_5P,MIR520F_5P] was killed by [MIR4255,MIR4255]
[MIR500A_5P,MIR500A_5P] was killed by [MIR3064_3P,MIR3064_3P]
[ACACTGG_MIR199A_MIR199B,ACACTGG_MIR199A_MIR199B] was killed by [MIR302D_5P,MIR302D_5P]
[CAGCCTC_MIR4855P,CAGCCTC_MIR4855P] was killed by [GTCTTCC_MIR7,GTCTTCC_MIR7]
[MIR6719_3P,MIR6719_3P] was killed by [MIR888_3P,MIR888_3P]
[MIR6757_3P,MIR6757_3P] was killed by [MIR4436B_5P,MIR4436B_5P]
[ATCATGA_MIR433,ATCATGA_MIR433] was killed by [MIR371A_5P,MIR371A_5P]
[MIR2467_3P,MIR2467_3P] was killed by [MIR6773_5P,MIR6773_5P]
[MIR643,MIR643] was killed by [MIR504_3P,MIR504_3P]
[MIR192_5P,MIR192_5P] was killed by [MIR767_3P,MIR767_3P]
[MIR222_5P,MIR222_5P] was killed by [MIR4255,MIR4255]
[MIR199A_3P_MIR199B_3P,MIR199A_3P_MIR199B_3P] was killed by [MIR4255,MIR4255]
[MIR6128,MIR6128] was killed by [GTCTTCC_MIR7,GTCTTCC_MIR7]
[TCCAGAT_MIR5165P,TCCAGAT_MIR5165P] was killed by [MIR371A_5P,MIR371A_5P]
[MIR7703,MIR7703] was killed by [MIR6764_3P,MIR6764_3P]
[MIR103A_1_5P,MIR103A_1_5P] was killed by [MIR302D_5P,MIR302D_5P]
[MIR19B_1_5P_MIR19B_2_5P,MIR19B_1_5P_MIR19B_2_5P] was killed by [MIR3064_3P,MIR3064_3P]
[MIR4774_5P,MIR4774_5P] was killed by [MIR6764_3P,MIR6764_3P]
[MIR210_5P,MIR210_5P] was killed by [MIR499B_5P,MIR499B_5P]
[MIR664A_5P,MIR664A_5P] was killed by [MIR371A_5P,MIR371A_5P]
[GGTGAAG_MIR412,GGTGAAG_MIR412] was killed by [MIR600,MIR600]
[MIR19A_5P,MIR19A_5P] was killed by [MIR3064_3P,MIR3064_3P]
[GCATTTG_MIR105,GCATTTG_MIR105] was killed by [MIR302D_5P,MIR302D_5P]
[MIR1207_3P,MIR1207_3P] was killed by [MIR4436B_5P,MIR4436B_5P]
[MIR125B_2_3P,MIR125B_2_3P] was killed by [MIR302D_5P,MIR302D_5P]
[ACCAATC_MIR509,ACCAATC_MIR509] was killed by [MIR767_3P,MIR767_3P]
[MIR122_3P,MIR122_3P] was killed by [MIR522_3P,MIR522_3P]
[MIR4693_5P,MIR4693_5P] was killed by [MIR4255,MIR4255]
[MIR200A_5P,MIR200A_5P] was killed by [MIR3064_3P,MIR3064_3P]
[MIR103A_2_5P,MIR103A_2_5P] was killed by [MIR302D_5P,MIR302D_5P]
[GCTTGAA_MIR498,GCTTGAA_MIR498] was killed by [GTCTTCC_MIR7,GTCTTCC_MIR7]
[MIR371B_3P,MIR371B_3P] was killed by [MIR4255,MIR4255]
[MIR499A_3P,MIR499A_3P] was killed by [MIR3064_3P,MIR3064_3P]
[GTGCCAT_MIR183,GTGCCAT_MIR183] was killed by [MIR4255,MIR4255]
[MIR760,MIR760] was killed by [MIR8057,MIR8057]
[CTACTAG_MIR325,CTACTAG_MIR325] was killed by [MIR371A_5P,MIR371A_5P]
[MIR6866_3P,MIR6866_3P] was killed by [MIR302D_5P,MIR302D_5P]
[MIR3129_5P,MIR3129_5P] was killed by [MIR4255,MIR4255]
[MIR5003_5P,MIR5003_5P] was killed by [MIR4255,MIR4255]
[MIR890,MIR890] was killed by [MIR4436B_5P,MIR4436B_5P]
[MIR3927_3P,MIR3927_3P] was killed by [MIR371A_5P,MIR371A_5P]
[MIR922,MIR922] was killed by [MIR6764_3P,MIR6764_3P]
[MIR4286,MIR4286] was killed by [MIR4257,MIR4257]
[MIR124_5P,MIR124_5P] was killed by [MIR4255,MIR4255]
[CCAGGGG_MIR331,CCAGGGG_MIR331] was killed by [GTCTTCC_MIR7,GTCTTCC_MIR7]
[MIR2116_5P,MIR2116_5P] was killed by [MIR4255,MIR4255]
[MIR12135,MIR12135] was killed by [MIR888_3P,MIR888_3P]
[MIR196A_5P_MIR196B_5P,MIR196A_5P_MIR196B_5P] was killed by [MIR4255,MIR4255]
[MIR512_5P,MIR512_5P] was killed by [MIR4255,MIR4255]
[MIR4277,MIR4277] was killed by [MIR4255,MIR4255]
[MIR593_5P,MIR593_5P] was killed by [TTCCGTT_MIR191,TTCCGTT_MIR191]
[MIR6503_5P,MIR6503_5P] was killed by [MIR6072,MIR6072]
[MIR6855_5P,MIR6855_5P] was killed by [GTCTTCC_MIR7,GTCTTCC_MIR7]
[MIR215_5P,MIR215_5P] was killed by [MIR7850_5P,MIR7850_5P]
[MIR6831_5P,MIR6831_5P] was killed by [MIR371A_5P,MIR371A_5P]
[MIR4704_5P,MIR4704_5P] was killed by [MIR522_3P,MIR522_3P]
[MIR4633_5P,MIR4633_5P] was killed by [MIR3144_3P,MIR3144_3P]
[MIR6792_5P,MIR6792_5P] was killed by [MIR4255,MIR4255]
[MIR4659B_5P,MIR4659B_5P] was killed by [MIR8057,MIR8057]
[MIR4499,MIR4499] was killed by [MIR767_3P,MIR767_3P]
[MIR12127,MIR12127] was killed by [MIR3064_3P,MIR3064_3P]
[MIR6513_3P,MIR6513_3P] was killed by [MIR4255,MIR4255]
[MIR487A_5P,MIR487A_5P] was killed by [MIR4436B_5P,MIR4436B_5P]
[MIR6506_5P,MIR6506_5P] was killed by [MIR371A_5P,MIR371A_5P]
[GTGACTT_MIR224,GTGACTT_MIR224] was killed by [MIR4255,MIR4255]
[MIR6500_3P,MIR6500_3P] was killed by [MIR3064_3P,MIR3064_3P]
[MIR508_5P,MIR508_5P] was killed by [MIR4436B_5P,MIR4436B_5P]
[MIR2276_3P,MIR2276_3P] was killed by [MIR4255,MIR4255]
[MIR200B_5P,MIR200B_5P] was killed by [MIR3064_3P,MIR3064_3P]
[MIR5689,MIR5689] was killed by [MIR3064_3P,MIR3064_3P]
[MIR4662A_5P,MIR4662A_5P] was killed by [MIR3064_3P,MIR3064_3P]
[MIR3925_3P,MIR3925_3P] was killed by [MIR3064_3P,MIR3064_3P]
[ACAGGGT_MIR10A_MIR10B,ACAGGGT_MIR10A_MIR10B] was killed by [MIR371A_5P,MIR371A_5P]
[MIR6079,MIR6079] was killed by [MIR3064_3P,MIR3064_3P]
[MIR5087,MIR5087] was killed by [MIR652_5P,MIR652_5P]
[MIR148A_5P,MIR148A_5P] was killed by [MIR371A_5P,MIR371A_5P]
[MIR216B_3P,MIR216B_3P] was killed by [MIR4436B_5P,MIR4436B_5P]
[MIR6892_5P,MIR6892_5P] was killed by [MIR522_3P,MIR522_3P]
[MIR20A_3P,MIR20A_3P] was killed by [MIR302D_5P,MIR302D_5P]
[MIR675_3P,MIR675_3P] was killed by [GTCTTCC_MIR7,GTCTTCC_MIR7]
[MIR4475,MIR4475] was killed by [MIR522_3P,MIR522_3P]
[CTCCAAG_MIR432,CTCCAAG_MIR432] was killed by [MIR339_5P,MIR339_5P]
[MIR3689A_5P_MIR3689B_5P_MIR3689E_MIR3689F,MIR3689A_5P_MIR3689B_5P_MIR3689E_MIR3689F] was killed by [MIR522_3P,MIR522_3P]
