[GOCC_CIS_GOLGI_NETWORK,GOCC_CIS_GOLGI_NETWORK] was killed by [GOCC_GOLGI_CISTERNA_MEMBRANE,GOCC_GOLGI_CISTERNA_MEMBRANE]
[GOCC_GOLGI_CISTERNA,GOCC_GOLGI_CISTERNA] was killed by [GOCC_GOLGI_CISTERNA_MEMBRANE,GOCC_GOLGI_CISTERNA_MEMBRANE]
[HP_ADVANCED_ERUPTION_OF_TEETH,HP_ADVANCED_ERUPTION_OF_TEETH] was killed by [GOBP_PROTEIN_METHYLATION,GOBP_PROTEIN_METHYLATION]
[GOBP_NUCLEAR_TRANSCRIBED_MRNA_CATABOLIC_PROCESS_NONSENSE_MEDIATED_DECAY,GOBP_NUCLEAR_TRANSCRIBED_MRNA_CATABOLIC_PROCESS_NONSENSE_MEDIATED_DECAY] was killed by [GOBP_TRANSLATIONAL_INITIATION,GOBP_TRANSLATIONAL_INITIATION]
[GOBP_UBIQUITIN_DEPENDENT_ERAD_PATHWAY,GOBP_UBIQUITIN_DEPENDENT_ERAD_PATHWAY] was killed by [GOBP_ERAD_PATHWAY,GOBP_ERAD_PATHWAY]
[GOCC_SITE_OF_POLARIZED_GROWTH,GOCC_SITE_OF_POLARIZED_GROWTH] was killed by [GOMF_DNA_POLYMERASE_BINDING,GOMF_DNA_POLYMERASE_BINDING]
[GOBP_REGULATION_OF_CHROMATIN_ORGANIZATION,GOBP_REGULATION_OF_CHROMATIN_ORGANIZATION] was killed by [GOBP_PROTEIN_METHYLATION,GOBP_PROTEIN_METHYLATION]
[GOBP_POSITIVE_REGULATION_OF_PEPTIDYL_SERINE_PHOSPHORYLATION,GOBP_POSITIVE_REGULATION_OF_PEPTIDYL_SERINE_PHOSPHORYLATION] was killed by [GOBP_CELLULAR_TRANSITION_METAL_ION_HOMEOSTASIS,GOBP_CELLULAR_TRANSITION_METAL_ION_HOMEOSTASIS]
[GOCC_GOLGI_CIS_CISTERNA,GOCC_GOLGI_CIS_CISTERNA] was killed by [GOCC_GOLGI_CISTERNA_MEMBRANE,GOCC_GOLGI_CISTERNA_MEMBRANE]
[GOBP_POSITIVE_REGULATION_OF_DNA_REPAIR,GOBP_POSITIVE_REGULATION_OF_DNA_REPAIR] was killed by [GOBP_RESPONSE_TO_IONIZING_RADIATION,GOBP_RESPONSE_TO_IONIZING_RADIATION]
[HP_GASTROINTESTINAL_HEMORRHAGE,HP_GASTROINTESTINAL_HEMORRHAGE] was killed by [GOBP_CELLULAR_TRANSITION_METAL_ION_HOMEOSTASIS,GOBP_CELLULAR_TRANSITION_METAL_ION_HOMEOSTASIS]
[GOBP_POSITIVE_REGULATION_OF_TELOMERASE_ACTIVITY,GOBP_POSITIVE_REGULATION_OF_TELOMERASE_ACTIVITY] was killed by [GOMF_DNA_POLYMERASE_BINDING,GOMF_DNA_POLYMERASE_BINDING]
[HP_EXTERNAL_OPHTHALMOPLEGIA,HP_EXTERNAL_OPHTHALMOPLEGIA] was killed by [GOBP_RESPONSE_TO_IONIZING_RADIATION,GOBP_RESPONSE_TO_IONIZING_RADIATION]
[GOBP_TELOMERE_ORGANIZATION,GOBP_TELOMERE_ORGANIZATION] was killed by [GOBP_RESPONSE_TO_IONIZING_RADIATION,GOBP_RESPONSE_TO_IONIZING_RADIATION]
[GOBP_ALPHA_BETA_T_CELL_DIFFERENTIATION,GOBP_ALPHA_BETA_T_CELL_DIFFERENTIATION] was killed by [GOBP_CELLULAR_TRANSITION_METAL_ION_HOMEOSTASIS,GOBP_CELLULAR_TRANSITION_METAL_ION_HOMEOSTASIS]
[GOBP_ESTABLISHMENT_OF_PROTEIN_LOCALIZATION_TO_ENDOPLASMIC_RETICULUM,GOBP_ESTABLISHMENT_OF_PROTEIN_LOCALIZATION_TO_ENDOPLASMIC_RETICULUM] was killed by [GOBP_TRANSLATIONAL_INITIATION,GOBP_TRANSLATIONAL_INITIATION]
[GOBP_REGULATION_OF_HISTONE_METHYLATION,GOBP_REGULATION_OF_HISTONE_METHYLATION] was killed by [GOBP_PROTEIN_METHYLATION,GOBP_PROTEIN_METHYLATION]
[GOBP_REGULATION_OF_PROTEIN_LOCALIZATION_TO_NUCLEUS,GOBP_REGULATION_OF_PROTEIN_LOCALIZATION_TO_NUCLEUS] was killed by [GOBP_NEGATIVE_REGULATION_OF_CELLULAR_PROTEIN_LOCALIZATION,GOBP_NEGATIVE_REGULATION_OF_CELLULAR_PROTEIN_LOCALIZATION]
[GOBP_HISTONE_METHYLATION,GOBP_HISTONE_METHYLATION] was killed by [GOBP_PROTEIN_METHYLATION,GOBP_PROTEIN_METHYLATION]
[GOBP_CHAPERONE_MEDIATED_PROTEIN_COMPLEX_ASSEMBLY,GOBP_CHAPERONE_MEDIATED_PROTEIN_COMPLEX_ASSEMBLY] was killed by [GOMF_DNA_POLYMERASE_BINDING,GOMF_DNA_POLYMERASE_BINDING]
[GOBP_PROTEIN_FOLDING_IN_ENDOPLASMIC_RETICULUM,GOBP_PROTEIN_FOLDING_IN_ENDOPLASMIC_RETICULUM] was killed by [GOBP_ERAD_PATHWAY,GOBP_ERAD_PATHWAY]
[GOBP_NEGATIVE_REGULATION_OF_PHAGOCYTOSIS,GOBP_NEGATIVE_REGULATION_OF_PHAGOCYTOSIS] was killed by [GOMF_DNA_POLYMERASE_BINDING,GOMF_DNA_POLYMERASE_BINDING]
[HP_WEAKNESS_OF_MUSCLES_OF_RESPIRATION,HP_WEAKNESS_OF_MUSCLES_OF_RESPIRATION] was killed by [HP_HYPOMIMIC_FACE,HP_HYPOMIMIC_FACE]
[GOBP_REGULATION_OF_DENDRITE_MORPHOGENESIS,GOBP_REGULATION_OF_DENDRITE_MORPHOGENESIS] was killed by [GOBP_POSITIVE_REGULATION_OF_REGULATED_SECRETORY_PATHWAY,GOBP_POSITIVE_REGULATION_OF_REGULATED_SECRETORY_PATHWAY]
[GOBP_MITOCHONDRIAL_OUTER_MEMBRANE_PERMEABILIZATION,GOBP_MITOCHONDRIAL_OUTER_MEMBRANE_PERMEABILIZATION] was killed by [GOBP_CELLULAR_RESPONSE_TO_CORTICOSTEROID_STIMULUS,GOBP_CELLULAR_RESPONSE_TO_CORTICOSTEROID_STIMULUS]
[GOBP_INTERFERON_BETA_PRODUCTION,GOBP_INTERFERON_BETA_PRODUCTION] was killed by [GOMF_DNA_POLYMERASE_BINDING,GOMF_DNA_POLYMERASE_BINDING]
[HP_MITOCHONDRIAL_MYOPATHY,HP_MITOCHONDRIAL_MYOPATHY] was killed by [HP_HYPOMIMIC_FACE,HP_HYPOMIMIC_FACE]
[GOBP_POSITIVE_REGULATION_OF_PROTEIN_LOCALIZATION_TO_NUCLEUS,GOBP_POSITIVE_REGULATION_OF_PROTEIN_LOCALIZATION_TO_NUCLEUS] was killed by [GOBP_RESPONSE_TO_IONIZING_RADIATION,GOBP_RESPONSE_TO_IONIZING_RADIATION]
[GOBP_RIBOSOMAL_LARGE_SUBUNIT_BIOGENESIS,GOBP_RIBOSOMAL_LARGE_SUBUNIT_BIOGENESIS] was killed by [GOBP_TRANSLATIONAL_INITIATION,GOBP_TRANSLATIONAL_INITIATION]
[HP_MUSCLE_ABNORMALITY_RELATED_TO_MITOCHONDRIAL_DYSFUNCTION,HP_MUSCLE_ABNORMALITY_RELATED_TO_MITOCHONDRIAL_DYSFUNCTION] was killed by [HP_HYPOMIMIC_FACE,HP_HYPOMIMIC_FACE]
[GOCC_FICOLIN_1_RICH_GRANULE,GOCC_FICOLIN_1_RICH_GRANULE] was killed by [GOMF_DNA_POLYMERASE_BINDING,GOMF_DNA_POLYMERASE_BINDING]
[GOMF_RIBONUCLEOPROTEIN_COMPLEX_BINDING,GOMF_RIBONUCLEOPROTEIN_COMPLEX_BINDING] was killed by [GOBP_TRANSLATIONAL_INITIATION,GOBP_TRANSLATIONAL_INITIATION]
[GOCC_FICOLIN_1_RICH_GRANULE_LUMEN,GOCC_FICOLIN_1_RICH_GRANULE_LUMEN] was killed by [GOMF_DNA_POLYMERASE_BINDING,GOMF_DNA_POLYMERASE_BINDING]
[GOBP_EXTRINSIC_APOPTOTIC_SIGNALING_PATHWAY_VIA_DEATH_DOMAIN_RECEPTORS,GOBP_EXTRINSIC_APOPTOTIC_SIGNALING_PATHWAY_VIA_DEATH_DOMAIN_RECEPTORS] was killed by [GOBP_NEGATIVE_REGULATION_OF_CELLULAR_PROTEIN_LOCALIZATION,GOBP_NEGATIVE_REGULATION_OF_CELLULAR_PROTEIN_LOCALIZATION]
[GOBP_TELOMERE_MAINTENANCE_VIA_TELOMERE_LENGTHENING,GOBP_TELOMERE_MAINTENANCE_VIA_TELOMERE_LENGTHENING] was killed by [GOMF_DNA_POLYMERASE_BINDING,GOMF_DNA_POLYMERASE_BINDING]
[GOBP_REGULATION_OF_MEMBRANE_PERMEABILITY,GOBP_REGULATION_OF_MEMBRANE_PERMEABILITY] was killed by [GOBP_CELLULAR_RESPONSE_TO_CORTICOSTEROID_STIMULUS,GOBP_CELLULAR_RESPONSE_TO_CORTICOSTEROID_STIMULUS]
[GOMF_RNA_POLYMERASE_II_TRANSCRIPTION_FACTOR_BINDING,GOMF_RNA_POLYMERASE_II_TRANSCRIPTION_FACTOR_BINDING] was killed by [GOBP_PROTEIN_METHYLATION,GOBP_PROTEIN_METHYLATION]
[GOCC_PIGMENT_GRANULE,GOCC_PIGMENT_GRANULE] was killed by [GOMF_DNA_POLYMERASE_BINDING,GOMF_DNA_POLYMERASE_BINDING]
[GOCC_GOLGI_STACK,GOCC_GOLGI_STACK] was killed by [GOCC_GOLGI_CISTERNA_MEMBRANE,GOCC_GOLGI_CISTERNA_MEMBRANE]
[HP_APLASIA_OF_THE_FINGERS,HP_APLASIA_OF_THE_FINGERS] was killed by [GOBP_RESPONSE_TO_IONIZING_RADIATION,GOBP_RESPONSE_TO_IONIZING_RADIATION]
[GOCC_EXTRINSIC_COMPONENT_OF_ORGANELLE_MEMBRANE,GOCC_EXTRINSIC_COMPONENT_OF_ORGANELLE_MEMBRANE] was killed by [GOBP_CELLULAR_RESPONSE_TO_CORTICOSTEROID_STIMULUS,GOBP_CELLULAR_RESPONSE_TO_CORTICOSTEROID_STIMULUS]
[GOBP_RNA_DEPENDENT_DNA_BIOSYNTHETIC_PROCESS,GOBP_RNA_DEPENDENT_DNA_BIOSYNTHETIC_PROCESS] was killed by [GOMF_DNA_POLYMERASE_BINDING,GOMF_DNA_POLYMERASE_BINDING]
[GOBP_POSITIVE_REGULATION_OF_MRNA_METABOLIC_PROCESS,GOBP_POSITIVE_REGULATION_OF_MRNA_METABOLIC_PROCESS] was killed by [GOBP_TRANSLATIONAL_INITIATION,GOBP_TRANSLATIONAL_INITIATION]
[HP_ABNORMAL_FACIAL_EXPRESSION,HP_ABNORMAL_FACIAL_EXPRESSION] was killed by [HP_HYPOMIMIC_FACE,HP_HYPOMIMIC_FACE]
[GOBP_INTERLEUKIN_6_PRODUCTION,GOBP_INTERLEUKIN_6_PRODUCTION] was killed by [GOBP_CD4_POSITIVE_ALPHA_BETA_T_CELL_DIFFERENTIATION,GOBP_CD4_POSITIVE_ALPHA_BETA_T_CELL_DIFFERENTIATION]
[HP_MENINGITIS,HP_MENINGITIS] was killed by [GOBP_CD4_POSITIVE_ALPHA_BETA_T_CELL_DIFFERENTIATION,GOBP_CD4_POSITIVE_ALPHA_BETA_T_CELL_DIFFERENTIATION]
[GOBP_POSITIVE_REGULATION_OF_DENDRITIC_SPINE_DEVELOPMENT,GOBP_POSITIVE_REGULATION_OF_DENDRITIC_SPINE_DEVELOPMENT] was killed by [GOBP_CD4_POSITIVE_ALPHA_BETA_T_CELL_DIFFERENTIATION,GOBP_CD4_POSITIVE_ALPHA_BETA_T_CELL_DIFFERENTIATION]
[GOBP_RESPONSE_TO_INTERLEUKIN_6,GOBP_RESPONSE_TO_INTERLEUKIN_6] was killed by [GOBP_CD4_POSITIVE_ALPHA_BETA_T_CELL_DIFFERENTIATION,GOBP_CD4_POSITIVE_ALPHA_BETA_T_CELL_DIFFERENTIATION]
[GOBP_MOLTING_CYCLE,GOBP_MOLTING_CYCLE] was killed by [GOBP_RESPONSE_TO_IONIZING_RADIATION,GOBP_RESPONSE_TO_IONIZING_RADIATION]
[GOCC_SCF_UBIQUITIN_LIGASE_COMPLEX,GOCC_SCF_UBIQUITIN_LIGASE_COMPLEX] was killed by [GOBP_CELLULAR_TRANSITION_METAL_ION_HOMEOSTASIS,GOBP_CELLULAR_TRANSITION_METAL_ION_HOMEOSTASIS]
[GOBP_REGULATION_OF_MICROTUBULE_DEPOLYMERIZATION,GOBP_REGULATION_OF_MICROTUBULE_DEPOLYMERIZATION] was killed by [GOBP_NEGATIVE_REGULATION_OF_CELL_MATRIX_ADHESION,GOBP_NEGATIVE_REGULATION_OF_CELL_MATRIX_ADHESION]
[GOBP_REGULATION_OF_LYMPHOCYTE_DIFFERENTIATION,GOBP_REGULATION_OF_LYMPHOCYTE_DIFFERENTIATION] was killed by [GOBP_RESPONSE_TO_IONIZING_RADIATION,GOBP_RESPONSE_TO_IONIZING_RADIATION]
[GOBP_POSITIVE_REGULATION_OF_RESPONSE_TO_DNA_DAMAGE_STIMULUS,GOBP_POSITIVE_REGULATION_OF_RESPONSE_TO_DNA_DAMAGE_STIMULUS] was killed by [GOBP_RESPONSE_TO_IONIZING_RADIATION,GOBP_RESPONSE_TO_IONIZING_RADIATION]
[GOBP_ALPHA_BETA_T_CELL_ACTIVATION,GOBP_ALPHA_BETA_T_CELL_ACTIVATION] was killed by [GOBP_CELLULAR_TRANSITION_METAL_ION_HOMEOSTASIS,GOBP_CELLULAR_TRANSITION_METAL_ION_HOMEOSTASIS]
[GOCC_LARGE_RIBOSOMAL_SUBUNIT,GOCC_LARGE_RIBOSOMAL_SUBUNIT] was killed by [GOBP_TRANSLATIONAL_INITIATION,GOBP_TRANSLATIONAL_INITIATION]
[HP_DEEP_PHILTRUM,HP_DEEP_PHILTRUM] was killed by [GOBP_PROTEIN_METHYLATION,GOBP_PROTEIN_METHYLATION]
[GOBP_TRANSITION_METAL_ION_TRANSPORT,GOBP_TRANSITION_METAL_ION_TRANSPORT] was killed by [GOBP_CELLULAR_TRANSITION_METAL_ION_HOMEOSTASIS,GOBP_CELLULAR_TRANSITION_METAL_ION_HOMEOSTASIS]
[GOBP_CELL_ADHESION_MEDIATED_BY_INTEGRIN,GOBP_CELL_ADHESION_MEDIATED_BY_INTEGRIN] was killed by [GOBP_POSITIVE_REGULATION_OF_REGULATED_SECRETORY_PATHWAY,GOBP_POSITIVE_REGULATION_OF_REGULATED_SECRETORY_PATHWAY]
[GOBP_POSITIVE_REGULATION_OF_DNA_METABOLIC_PROCESS,GOBP_POSITIVE_REGULATION_OF_DNA_METABOLIC_PROCESS] was killed by [GOBP_RESPONSE_TO_IONIZING_RADIATION,GOBP_RESPONSE_TO_IONIZING_RADIATION]
[HP_PROGRESSIVE_CEREBELLAR_ATAXIA,HP_PROGRESSIVE_CEREBELLAR_ATAXIA] was killed by [HP_DECREASED_ACTIVITY_OF_MITOCHONDRIAL_COMPLEX_I,HP_DECREASED_ACTIVITY_OF_MITOCHONDRIAL_COMPLEX_I]
[HP_ABNORMAL_THYROID_MORPHOLOGY,HP_ABNORMAL_THYROID_MORPHOLOGY] was killed by [GOBP_RESPONSE_TO_IONIZING_RADIATION,GOBP_RESPONSE_TO_IONIZING_RADIATION]
[HP_LIPID_ACCUMULATION_IN_HEPATOCYTES,HP_LIPID_ACCUMULATION_IN_HEPATOCYTES] was killed by [HP_HYPOMIMIC_FACE,HP_HYPOMIMIC_FACE]
[GOBP_CHLORIDE_TRANSPORT,GOBP_CHLORIDE_TRANSPORT] was killed by [GOMF_ANTIPORTER_ACTIVITY,GOMF_ANTIPORTER_ACTIVITY]
[GOBP_SYNAPSE_ASSEMBLY,GOBP_SYNAPSE_ASSEMBLY] was killed by [HP_HYPOMIMIC_FACE,HP_HYPOMIMIC_FACE]
[HP_HYDROPS_FETALIS,HP_HYDROPS_FETALIS] was killed by [GOBP_TRANSLATIONAL_INITIATION,GOBP_TRANSLATIONAL_INITIATION]
[GOBP_POSITIVE_REGULATION_OF_TYPE_I_INTERFERON_PRODUCTION,GOBP_POSITIVE_REGULATION_OF_TYPE_I_INTERFERON_PRODUCTION] was killed by [GOBP_PROTEIN_METHYLATION,GOBP_PROTEIN_METHYLATION]
[HP_NEONATAL_HYPOGLYCEMIA,HP_NEONATAL_HYPOGLYCEMIA] was killed by [GOBP_PROTEIN_METHYLATION,GOBP_PROTEIN_METHYLATION]
[HP_PROXIMAL_MUSCLE_WEAKNESS_IN_LOWER_LIMBS,HP_PROXIMAL_MUSCLE_WEAKNESS_IN_LOWER_LIMBS] was killed by [GOBP_RESPONSE_TO_IONIZING_RADIATION,GOBP_RESPONSE_TO_IONIZING_RADIATION]
[GOBP_CD4_POSITIVE_ALPHA_BETA_T_CELL_ACTIVATION,GOBP_CD4_POSITIVE_ALPHA_BETA_T_CELL_ACTIVATION] was killed by [GOBP_CD4_POSITIVE_ALPHA_BETA_T_CELL_DIFFERENTIATION,GOBP_CD4_POSITIVE_ALPHA_BETA_T_CELL_DIFFERENTIATION]
[GOMF_METAL_CLUSTER_BINDING,GOMF_METAL_CLUSTER_BINDING] was killed by [GOBP_CELLULAR_TRANSITION_METAL_ION_HOMEOSTASIS,GOBP_CELLULAR_TRANSITION_METAL_ION_HOMEOSTASIS]
[HP_SUDDEN_DEATH,HP_SUDDEN_DEATH] was killed by [HP_DECREASED_ACTIVITY_OF_MITOCHONDRIAL_COMPLEX_I,HP_DECREASED_ACTIVITY_OF_MITOCHONDRIAL_COMPLEX_I]
[HP_ABNORMAL_METABOLISM,HP_ABNORMAL_METABOLISM] was killed by [GOBP_ERAD_PATHWAY,GOBP_ERAD_PATHWAY]
[GOBP_POSITIVE_REGULATION_OF_BINDING,GOBP_POSITIVE_REGULATION_OF_BINDING] was killed by [GOBP_TRANSLATIONAL_INITIATION,GOBP_TRANSLATIONAL_INITIATION]
[HP_VERTEBRAL_SEGMENTATION_DEFECT,HP_VERTEBRAL_SEGMENTATION_DEFECT] was killed by [GOMF_DNA_POLYMERASE_BINDING,GOMF_DNA_POLYMERASE_BINDING]
[GOBP_NEGATIVE_REGULATION_OF_IMMUNE_EFFECTOR_PROCESS,GOBP_NEGATIVE_REGULATION_OF_IMMUNE_EFFECTOR_PROCESS] was killed by [GOBP_RESPONSE_TO_IONIZING_RADIATION,GOBP_RESPONSE_TO_IONIZING_RADIATION]
[GOBP_NEGATIVE_REGULATION_OF_MICROTUBULE_POLYMERIZATION_OR_DEPOLYMERIZATION,GOBP_NEGATIVE_REGULATION_OF_MICROTUBULE_POLYMERIZATION_OR_DEPOLYMERIZATION] was killed by [GOBP_NEGATIVE_REGULATION_OF_CELL_MATRIX_ADHESION,GOBP_NEGATIVE_REGULATION_OF_CELL_MATRIX_ADHESION]
[GOBP_NEGATIVE_REGULATION_OF_INFLAMMATORY_RESPONSE,GOBP_NEGATIVE_REGULATION_OF_INFLAMMATORY_RESPONSE] was killed by [GOBP_CD4_POSITIVE_ALPHA_BETA_T_CELL_DIFFERENTIATION,GOBP_CD4_POSITIVE_ALPHA_BETA_T_CELL_DIFFERENTIATION]
[GOBP_REGULATION_OF_MITOCHONDRIAL_MEMBRANE_PERMEABILITY,GOBP_REGULATION_OF_MITOCHONDRIAL_MEMBRANE_PERMEABILITY] was killed by [GOBP_CELLULAR_RESPONSE_TO_CORTICOSTEROID_STIMULUS,GOBP_CELLULAR_RESPONSE_TO_CORTICOSTEROID_STIMULUS]
[HP_ACUTE_LYMPHOBLASTIC_LEUKEMIA,HP_ACUTE_LYMPHOBLASTIC_LEUKEMIA] was killed by [GOBP_RESPONSE_TO_IONIZING_RADIATION,GOBP_RESPONSE_TO_IONIZING_RADIATION]
[GOBP_CD8_POSITIVE_ALPHA_BETA_T_CELL_ACTIVATION,GOBP_CD8_POSITIVE_ALPHA_BETA_T_CELL_ACTIVATION] was killed by [GOBP_CD4_POSITIVE_ALPHA_BETA_T_CELL_DIFFERENTIATION,GOBP_CD4_POSITIVE_ALPHA_BETA_T_CELL_DIFFERENTIATION]
[GOCC_CYTOSOLIC_LARGE_RIBOSOMAL_SUBUNIT,GOCC_CYTOSOLIC_LARGE_RIBOSOMAL_SUBUNIT] was killed by [GOBP_TRANSLATIONAL_INITIATION,GOBP_TRANSLATIONAL_INITIATION]
[HP_BACK_PAIN,HP_BACK_PAIN] was killed by [GOMF_ANTIPORTER_ACTIVITY,GOMF_ANTIPORTER_ACTIVITY]
[GOBP_REGULATION_OF_EXTRINSIC_APOPTOTIC_SIGNALING_PATHWAY_VIA_DEATH_DOMAIN_RECEPTORS,GOBP_REGULATION_OF_EXTRINSIC_APOPTOTIC_SIGNALING_PATHWAY_VIA_DEATH_DOMAIN_RECEPTORS] was killed by [GOBP_NEGATIVE_REGULATION_OF_CELLULAR_PROTEIN_LOCALIZATION,GOBP_NEGATIVE_REGULATION_OF_CELLULAR_PROTEIN_LOCALIZATION]
[GOBP_NUCLEAR_EXPORT,GOBP_NUCLEAR_EXPORT] was killed by [GOBP_NEGATIVE_REGULATION_OF_CELLULAR_PROTEIN_LOCALIZATION,GOBP_NEGATIVE_REGULATION_OF_CELLULAR_PROTEIN_LOCALIZATION]
[HP_LOWER_LIMB_HYPERTONIA,HP_LOWER_LIMB_HYPERTONIA] was killed by [GOBP_PROTEIN_METHYLATION,GOBP_PROTEIN_METHYLATION]
