[VERNELL_RETINOBLASTOMA_PATHWAY_UP,VERNELL_RETINOBLASTOMA_PATHWAY_UP] was killed by [BURTON_ADIPOGENESIS_3,BURTON_ADIPOGENESIS_3]
[MORI_IMMATURE_B_LYMPHOCYTE_DN,MORI_IMMATURE_B_LYMPHOCYTE_DN] was killed by [BURTON_ADIPOGENESIS_3,BURTON_ADIPOGENESIS_3]
[CHEMNITZ_RESPONSE_TO_PROSTAGLANDIN_E2_UP,CHEMNITZ_RESPONSE_TO_PROSTAGLANDIN_E2_UP] was killed by [BURTON_ADIPOGENESIS_3,BURTON_ADIPOGENESIS_3]
[KONG_E2F3_TARGETS,KONG_E2F3_TARGETS] was killed by [BURTON_ADIPOGENESIS_3,BURTON_ADIPOGENESIS_3]
[FURUKAWA_DUSP6_TARGETS_PCI35_DN,FURUKAWA_DUSP6_TARGETS_PCI35_DN] was killed by [BURTON_ADIPOGENESIS_3,BURTON_ADIPOGENESIS_3]
[FERRANDO_T_ALL_WITH_MLL_ENL_FUSION_DN,FERRANDO_T_ALL_WITH_MLL_ENL_FUSION_DN] was killed by [BURTON_ADIPOGENESIS_3,BURTON_ADIPOGENESIS_3]
[FLORIO_NEOCORTEX_BASAL_RADIAL_GLIA_DN,FLORIO_NEOCORTEX_BASAL_RADIAL_GLIA_DN] was killed by [BURTON_ADIPOGENESIS_3,BURTON_ADIPOGENESIS_3]
[CHICAS_RB1_TARGETS_LOW_SERUM,CHICAS_RB1_TARGETS_LOW_SERUM] was killed by [BURTON_ADIPOGENESIS_3,BURTON_ADIPOGENESIS_3]
[PYEON_CANCER_HEAD_AND_NECK_VS_CERVICAL_UP,PYEON_CANCER_HEAD_AND_NECK_VS_CERVICAL_UP] was killed by [BURTON_ADIPOGENESIS_3,BURTON_ADIPOGENESIS_3]
[YU_MYC_TARGETS_UP,YU_MYC_TARGETS_UP] was killed by [BURTON_ADIPOGENESIS_3,BURTON_ADIPOGENESIS_3]
[KANG_DOXORUBICIN_RESISTANCE_UP,KANG_DOXORUBICIN_RESISTANCE_UP] was killed by [BURTON_ADIPOGENESIS_3,BURTON_ADIPOGENESIS_3]
[ZHOU_CELL_CYCLE_GENES_IN_IR_RESPONSE_24HR,ZHOU_CELL_CYCLE_GENES_IN_IR_RESPONSE_24HR] was killed by [BURTON_ADIPOGENESIS_3,BURTON_ADIPOGENESIS_3]
[REICHERT_MITOSIS_LIN9_TARGETS,REICHERT_MITOSIS_LIN9_TARGETS] was killed by [BURTON_ADIPOGENESIS_3,BURTON_ADIPOGENESIS_3]
[MISSIAGLIA_REGULATED_BY_METHYLATION_DN,MISSIAGLIA_REGULATED_BY_METHYLATION_DN] was killed by [BURTON_ADIPOGENESIS_3,BURTON_ADIPOGENESIS_3]
[WU_APOPTOSIS_BY_CDKN1A_VIA_TP53,WU_APOPTOSIS_BY_CDKN1A_VIA_TP53] was killed by [BURTON_ADIPOGENESIS_3,BURTON_ADIPOGENESIS_3]
[LEE_EARLY_T_LYMPHOCYTE_UP,LEE_EARLY_T_LYMPHOCYTE_UP] was killed by [BURTON_ADIPOGENESIS_3,BURTON_ADIPOGENESIS_3]
[GRAHAM_NORMAL_QUIESCENT_VS_NORMAL_DIVIDING_DN,GRAHAM_NORMAL_QUIESCENT_VS_NORMAL_DIVIDING_DN] was killed by [BURTON_ADIPOGENESIS_3,BURTON_ADIPOGENESIS_3]
[MASSARWEH_RESPONSE_TO_ESTRADIOL,MASSARWEH_RESPONSE_TO_ESTRADIOL] was killed by [CHUNG_BLISTER_CYTOTOXICITY_UP,CHUNG_BLISTER_CYTOTOXICITY_UP]
[ZHANG_RESPONSE_TO_CANTHARIDIN_DN,ZHANG_RESPONSE_TO_CANTHARIDIN_DN] was killed by [CHUNG_BLISTER_CYTOTOXICITY_UP,CHUNG_BLISTER_CYTOTOXICITY_UP]
[SANSOM_APC_TARGETS_UP,SANSOM_APC_TARGETS_UP] was killed by [BURTON_ADIPOGENESIS_3,BURTON_ADIPOGENESIS_3]
[CONCANNON_APOPTOSIS_BY_EPOXOMICIN_DN,CONCANNON_APOPTOSIS_BY_EPOXOMICIN_DN] was killed by [BURTON_ADIPOGENESIS_3,BURTON_ADIPOGENESIS_3]
[RIZ_ERYTHROID_DIFFERENTIATION_CCNE1,RIZ_ERYTHROID_DIFFERENTIATION_CCNE1] was killed by [BURTON_ADIPOGENESIS_3,BURTON_ADIPOGENESIS_3]
[CHIARADONNA_NEOPLASTIC_TRANSFORMATION_KRAS_UP,CHIARADONNA_NEOPLASTIC_TRANSFORMATION_KRAS_UP] was killed by [BURTON_ADIPOGENESIS_3,BURTON_ADIPOGENESIS_3]
[ZHOU_CELL_CYCLE_GENES_IN_IR_RESPONSE_6HR,ZHOU_CELL_CYCLE_GENES_IN_IR_RESPONSE_6HR] was killed by [BURTON_ADIPOGENESIS_3,BURTON_ADIPOGENESIS_3]
[TURASHVILI_BREAST_DUCTAL_CARCINOMA_VS_LOBULAR_NORMAL_UP,TURASHVILI_BREAST_DUCTAL_CARCINOMA_VS_LOBULAR_NORMAL_UP] was killed by [BURTON_ADIPOGENESIS_3,BURTON_ADIPOGENESIS_3]
[STEIN_ESRRA_TARGETS_RESPONSIVE_TO_ESTROGEN_DN,STEIN_ESRRA_TARGETS_RESPONSIVE_TO_ESTROGEN_DN] was killed by [BURTON_ADIPOGENESIS_3,BURTON_ADIPOGENESIS_3]
[MOREAUX_B_LYMPHOCYTE_MATURATION_BY_TACI_DN,MOREAUX_B_LYMPHOCYTE_MATURATION_BY_TACI_DN] was killed by [BURTON_ADIPOGENESIS_3,BURTON_ADIPOGENESIS_3]
[NAKAMURA_CANCER_MICROENVIRONMENT_DN,NAKAMURA_CANCER_MICROENVIRONMENT_DN] was killed by [BURTON_ADIPOGENESIS_3,BURTON_ADIPOGENESIS_3]
[TANG_SENESCENCE_TP53_TARGETS_DN,TANG_SENESCENCE_TP53_TARGETS_DN] was killed by [BURTON_ADIPOGENESIS_3,BURTON_ADIPOGENESIS_3]
[VERHAAK_GLIOBLASTOMA_CLASSICAL,VERHAAK_GLIOBLASTOMA_CLASSICAL] was killed by [NIKOLSKY_BREAST_CANCER_7Q21_Q22_AMPLICON,NIKOLSKY_BREAST_CANCER_7Q21_Q22_AMPLICON]
[FARMER_BREAST_CANCER_CLUSTER_2,FARMER_BREAST_CANCER_CLUSTER_2] was killed by [BURTON_ADIPOGENESIS_3,BURTON_ADIPOGENESIS_3]
[GREENBAUM_E2A_TARGETS_UP,GREENBAUM_E2A_TARGETS_UP] was killed by [BURTON_ADIPOGENESIS_3,BURTON_ADIPOGENESIS_3]
[NUNODA_RESPONSE_TO_DASATINIB_IMATINIB_UP,NUNODA_RESPONSE_TO_DASATINIB_IMATINIB_UP] was killed by [NIKOLSKY_BREAST_CANCER_7Q21_Q22_AMPLICON,NIKOLSKY_BREAST_CANCER_7Q21_Q22_AMPLICON]
[LY_AGING_PREMATURE_DN,LY_AGING_PREMATURE_DN] was killed by [BURTON_ADIPOGENESIS_3,BURTON_ADIPOGENESIS_3]
