[TOX4_TARGET_GENES,TOX4_TARGET_GENES] was killed by [TMTCGCGANR_UNKNOWN,TMTCGCGANR_UNKNOWN]
[ZBED4_TARGET_GENES,ZBED4_TARGET_GENES] was killed by [SETBP1_TARGET_GENES,SETBP1_TARGET_GENES]
[ZZZ3_TARGET_GENES,ZZZ3_TARGET_GENES] was killed by [TMTCGCGANR_UNKNOWN,TMTCGCGANR_UNKNOWN]
[ARHGAP35_TARGET_GENES,ARHGAP35_TARGET_GENES] was killed by [TMTCGCGANR_UNKNOWN,TMTCGCGANR_UNKNOWN]
[RUVBL1_TARGET_GENES,RUVBL1_TARGET_GENES] was killed by [ZNF667_TARGET_GENES,ZNF667_TARGET_GENES]
[CREB3L2_TARGET_GENES,CREB3L2_TARGET_GENES] was killed by [ZNF667_TARGET_GENES,ZNF667_TARGET_GENES]
[YBX3_TARGET_GENES,YBX3_TARGET_GENES] was killed by [ZNF667_TARGET_GENES,ZNF667_TARGET_GENES]
[AAGWWRNYGGC_UNKNOWN,AAGWWRNYGGC_UNKNOWN] was killed by [TMTCGCGANR_UNKNOWN,TMTCGCGANR_UNKNOWN]
[HOXA7_TARGET_GENES,HOXA7_TARGET_GENES] was killed by [ZNF667_TARGET_GENES,ZNF667_TARGET_GENES]
[AACYNNNNTTCCS_UNKNOWN,AACYNNNNTTCCS_UNKNOWN] was killed by [ZBTB5_TARGET_GENES,ZBTB5_TARGET_GENES]
[MYC_Q2,MYC_Q2] was killed by [SREBP1_01,SREBP1_01]
[GGCNKCCATNK_UNKNOWN,GGCNKCCATNK_UNKNOWN] was killed by [TMTCGCGANR_UNKNOWN,TMTCGCGANR_UNKNOWN]
[DNMT1_TARGET_GENES,DNMT1_TARGET_GENES] was killed by [SETBP1_TARGET_GENES,SETBP1_TARGET_GENES]
[IRX2_TARGET_GENES,IRX2_TARGET_GENES] was killed by [SGCGSSAAA_E2F1DP2_01,SGCGSSAAA_E2F1DP2_01]
[GGAMTNNNNNTCCY_UNKNOWN,GGAMTNNNNNTCCY_UNKNOWN] was killed by [E2F_Q2,E2F_Q2]
[ZNF547_TARGET_GENES,ZNF547_TARGET_GENES] was killed by [ZNF667_TARGET_GENES,ZNF667_TARGET_GENES]
[EGR2_01,EGR2_01] was killed by [GCGNNANTTCC_UNKNOWN,GCGNNANTTCC_UNKNOWN]
[GGCNRNWCTTYS_UNKNOWN,GGCNRNWCTTYS_UNKNOWN] was killed by [GCGNNANTTCC_UNKNOWN,GCGNNANTTCC_UNKNOWN]
[E2F_01,E2F_01] was killed by [SGCGSSAAA_E2F1DP2_01,SGCGSSAAA_E2F1DP2_01]
[RAX2_TARGET_GENES,RAX2_TARGET_GENES] was killed by [TMTCGCGANR_UNKNOWN,TMTCGCGANR_UNKNOWN]
[TSHZ1_TARGET_GENES,TSHZ1_TARGET_GENES] was killed by [TMTCGCGANR_UNKNOWN,TMTCGCGANR_UNKNOWN]
[KCCGNSWTTT_UNKNOWN,KCCGNSWTTT_UNKNOWN] was killed by [TMTCGCGANR_UNKNOWN,TMTCGCGANR_UNKNOWN]
[MCM2_TARGET_GENES,MCM2_TARGET_GENES] was killed by [AACWWCAANK_UNKNOWN,AACWWCAANK_UNKNOWN]
[TBX1_TARGET_GENES,TBX1_TARGET_GENES] was killed by [NR1D1_TARGET_GENES,NR1D1_TARGET_GENES]
[RACTNNRTTTNC_UNKNOWN,RACTNNRTTTNC_UNKNOWN] was killed by [AACWWCAANK_UNKNOWN,AACWWCAANK_UNKNOWN]
[ZBTB1_TARGET_GENES,ZBTB1_TARGET_GENES] was killed by [ZNF667_TARGET_GENES,ZNF667_TARGET_GENES]
[ZNF595_TARGET_GENES,ZNF595_TARGET_GENES] was killed by [ZNF667_TARGET_GENES,ZNF667_TARGET_GENES]
[SIPA1_TARGET_GENES,SIPA1_TARGET_GENES] was killed by [ZNF667_TARGET_GENES,ZNF667_TARGET_GENES]
[CREBP1_01,CREBP1_01] was killed by [GCGNNANTTCC_UNKNOWN,GCGNNANTTCC_UNKNOWN]
[YTAATTAA_LHX3_01,YTAATTAA_LHX3_01] was killed by [GATA_Q6,GATA_Q6]
[TAANNYSGCG_UNKNOWN,TAANNYSGCG_UNKNOWN] was killed by [TMTCGCGANR_UNKNOWN,TMTCGCGANR_UNKNOWN]
[CCGNMNNTNACG_UNKNOWN,CCGNMNNTNACG_UNKNOWN] was killed by [SGCGSSAAA_E2F1DP2_01,SGCGSSAAA_E2F1DP2_01]
[HOXC13_TARGET_GENES,HOXC13_TARGET_GENES] was killed by [MXD1_TARGET_GENES,MXD1_TARGET_GENES]
[MYBL1_TARGET_GENES,MYBL1_TARGET_GENES] was killed by [MXD1_TARGET_GENES,MXD1_TARGET_GENES]
[KRCTCNNNNMANAGC_UNKNOWN,KRCTCNNNNMANAGC_UNKNOWN] was killed by [SGCGSSAAA_E2F1DP2_01,SGCGSSAAA_E2F1DP2_01]
[ACTWSNACTNY_UNKNOWN,ACTWSNACTNY_UNKNOWN] was killed by [HOXD11_TARGET_GENES,HOXD11_TARGET_GENES]
[ETF_Q6,ETF_Q6] was killed by [SETBP1_TARGET_GENES,SETBP1_TARGET_GENES]
[MIF1_01,MIF1_01] was killed by [MCM3_TARGET_GENES,MCM3_TARGET_GENES]
[TNCATNTCCYR_UNKNOWN,TNCATNTCCYR_UNKNOWN] was killed by [AACWWCAANK_UNKNOWN,AACWWCAANK_UNKNOWN]
[SOX11_TARGET_GENES,SOX11_TARGET_GENES] was killed by [SGCGSSAAA_E2F1DP2_01,SGCGSSAAA_E2F1DP2_01]
[ZNF777_TARGET_GENES,ZNF777_TARGET_GENES] was killed by [ZNF667_TARGET_GENES,ZNF667_TARGET_GENES]
[PAX5_01,PAX5_01] was killed by [SGCGSSAAA_E2F1DP2_01,SGCGSSAAA_E2F1DP2_01]
[ZSCAN5C_TARGET_GENES,ZSCAN5C_TARGET_GENES] was killed by [ZNF667_TARGET_GENES,ZNF667_TARGET_GENES]
[GGCNNMSMYNTTG_UNKNOWN,GGCNNMSMYNTTG_UNKNOWN] was killed by [SREBP1_01,SREBP1_01]
[DICER1_TARGET_GENES,DICER1_TARGET_GENES] was killed by [SETBP1_TARGET_GENES,SETBP1_TARGET_GENES]
[GGGNNTTTCC_NFKB_Q6_01,GGGNNTTTCC_NFKB_Q6_01] was killed by [SREBP1_01,SREBP1_01]
[ATGGYGGA_UNKNOWN,ATGGYGGA_UNKNOWN] was killed by [SGCGSSAAA_E2F1DP2_01,SGCGSSAAA_E2F1DP2_01]
[DR3_Q4,DR3_Q4] was killed by [SGCGSSAAA_E2F1DP2_01,SGCGSSAAA_E2F1DP2_01]
[ZNF623_TARGET_GENES,ZNF623_TARGET_GENES] was killed by [ZNF667_TARGET_GENES,ZNF667_TARGET_GENES]
[CGGAARNGGCNG_UNKNOWN,CGGAARNGGCNG_UNKNOWN] was killed by [SREBP1_01,SREBP1_01]
[YYCATTCAWW_UNKNOWN,YYCATTCAWW_UNKNOWN] was killed by [SREBP1_01,SREBP1_01]
[RRCCGTTA_UNKNOWN,RRCCGTTA_UNKNOWN] was killed by [SGCGSSAAA_E2F1DP2_01,SGCGSSAAA_E2F1DP2_01]
[PER1_TARGET_GENES,PER1_TARGET_GENES] was killed by [TMTCGCGANR_UNKNOWN,TMTCGCGANR_UNKNOWN]
[ZNF622_TARGET_GENES,ZNF622_TARGET_GENES] was killed by [ZBTB5_TARGET_GENES,ZBTB5_TARGET_GENES]
[FOXQ1_TARGET_GENES,FOXQ1_TARGET_GENES] was killed by [SGCGSSAAA_E2F1DP2_01,SGCGSSAAA_E2F1DP2_01]
[ZNF133_TARGET_GENES,ZNF133_TARGET_GENES] was killed by [HOXD11_TARGET_GENES,HOXD11_TARGET_GENES]
[STTTCRNTTT_IRF_Q6,STTTCRNTTT_IRF_Q6] was killed by [E2F_Q2,E2F_Q2]
[CCAWYNNGAAR_UNKNOWN,CCAWYNNGAAR_UNKNOWN] was killed by [MCM3_TARGET_GENES,MCM3_TARGET_GENES]
[NCX_01,NCX_01] was killed by [SGCGSSAAA_E2F1DP2_01,SGCGSSAAA_E2F1DP2_01]
[SNACANNNYSYAGA_UNKNOWN,SNACANNNYSYAGA_UNKNOWN] was killed by [AACWWCAANK_UNKNOWN,AACWWCAANK_UNKNOWN]
[RBM15_TARGET_GENES,RBM15_TARGET_GENES] was killed by [SGCGSSAAA_E2F1DP2_01,SGCGSSAAA_E2F1DP2_01]
[ZNF37A_TARGET_GENES,ZNF37A_TARGET_GENES] was killed by [ZNF667_TARGET_GENES,ZNF667_TARGET_GENES]
[TERF2_TARGET_GENES,TERF2_TARGET_GENES] was killed by [E2F_Q2,E2F_Q2]
[TFCP2_TARGET_GENES,TFCP2_TARGET_GENES] was killed by [ZNF667_TARGET_GENES,ZNF667_TARGET_GENES]
[ZNF669_TARGET_GENES,ZNF669_TARGET_GENES] was killed by [SETBP1_TARGET_GENES,SETBP1_TARGET_GENES]
[ATCMNTCCGY_UNKNOWN,ATCMNTCCGY_UNKNOWN] was killed by [SGCGSSAAA_E2F1DP2_01,SGCGSSAAA_E2F1DP2_01]
[FREAC4_01,FREAC4_01] was killed by [AACWWCAANK_UNKNOWN,AACWWCAANK_UNKNOWN]
[MCRS1_TARGET_GENES,MCRS1_TARGET_GENES] was killed by [ZNF667_TARGET_GENES,ZNF667_TARGET_GENES]
[CYTAGCAAY_UNKNOWN,CYTAGCAAY_UNKNOWN] was killed by [GCGNNANTTCC_UNKNOWN,GCGNNANTTCC_UNKNOWN]
[EGR3_01,EGR3_01] was killed by [GCGNNANTTCC_UNKNOWN,GCGNNANTTCC_UNKNOWN]
[DROSHA_TARGET_GENES,DROSHA_TARGET_GENES] was killed by [MCM3_TARGET_GENES,MCM3_TARGET_GENES]
[PR_01,PR_01] was killed by [SGCGSSAAA_E2F1DP2_01,SGCGSSAAA_E2F1DP2_01]
[TAAWWATAG_RSRFC4_Q2,TAAWWATAG_RSRFC4_Q2] was killed by [GATA_Q6,GATA_Q6]
[STAT3_02,STAT3_02] was killed by [SREBP1_01,SREBP1_01]
[RBL1_TARGET_GENES,RBL1_TARGET_GENES] was killed by [MCM3_TARGET_GENES,MCM3_TARGET_GENES]
[MCAATNNNNNGCG_UNKNOWN,MCAATNNNNNGCG_UNKNOWN] was killed by [TMTCGCGANR_UNKNOWN,TMTCGCGANR_UNKNOWN]
[PR_02,PR_02] was killed by [SGCGSSAAA_E2F1DP2_01,SGCGSSAAA_E2F1DP2_01]
[TTCNRGNNNNTTC_HSF_Q6,TTCNRGNNNNTTC_HSF_Q6] was killed by [GCGNNANTTCC_UNKNOWN,GCGNNANTTCC_UNKNOWN]
[ZNF677_TARGET_GENES,ZNF677_TARGET_GENES] was killed by [ZNF667_TARGET_GENES,ZNF667_TARGET_GENES]
[CDP_02,CDP_02] was killed by [SGCGSSAAA_E2F1DP2_01,SGCGSSAAA_E2F1DP2_01]
[GCGSCMNTTT_UNKNOWN,GCGSCMNTTT_UNKNOWN] was killed by [SGCGSSAAA_E2F1DP2_01,SGCGSSAAA_E2F1DP2_01]
[PAX8_TARGET_GENES,PAX8_TARGET_GENES] was killed by [SREBP1_01,SREBP1_01]
[CGTSACG_PAX3_B,CGTSACG_PAX3_B] was killed by [SREBP1_01,SREBP1_01]
[PBX1_02,PBX1_02] was killed by [SGCGSSAAA_E2F1DP2_01,SGCGSSAAA_E2F1DP2_01]
[ATF_B,ATF_B] was killed by [GKCGCNNNNNNNTGAYG_UNKNOWN,GKCGCNNNNNNNTGAYG_UNKNOWN]
[YTAAYNGCT_UNKNOWN,YTAAYNGCT_UNKNOWN] was killed by [SGCGSSAAA_E2F1DP2_01,SGCGSSAAA_E2F1DP2_01]
[MAPK3_TARGET_GENES,MAPK3_TARGET_GENES] was killed by [NR1D1_TARGET_GENES,NR1D1_TARGET_GENES]
[HDAC8_TARGET_GENES,HDAC8_TARGET_GENES] was killed by [SGCGSSAAA_E2F1DP2_01,SGCGSSAAA_E2F1DP2_01]
[HOXA13_TARGET_GENES,HOXA13_TARGET_GENES] was killed by [GKCGCNNNNNNNTGAYG_UNKNOWN,GKCGCNNNNNNNTGAYG_UNKNOWN]
[ZNF165_TARGET_GENES,ZNF165_TARGET_GENES] was killed by [MXD1_TARGET_GENES,MXD1_TARGET_GENES]
[EVI1_02,EVI1_02] was killed by [GATA_Q6,GATA_Q6]
[KDM1B_TARGET_GENES,KDM1B_TARGET_GENES] was killed by [CDH4_TARGET_GENES,CDH4_TARGET_GENES]
[NUFIP1_TARGET_GENES,NUFIP1_TARGET_GENES] was killed by [ZBTB5_TARGET_GENES,ZBTB5_TARGET_GENES]
[GCCNNNWTAAR_UNKNOWN,GCCNNNWTAAR_UNKNOWN] was killed by [SREBP1_01,SREBP1_01]
[SQSTM1_TARGET_GENES,SQSTM1_TARGET_GENES] was killed by [NR1D1_TARGET_GENES,NR1D1_TARGET_GENES]
[ZNF584_TARGET_GENES,ZNF584_TARGET_GENES] was killed by [MCM3_TARGET_GENES,MCM3_TARGET_GENES]
[CHAF1A_TARGET_GENES,CHAF1A_TARGET_GENES] was killed by [ZNF667_TARGET_GENES,ZNF667_TARGET_GENES]
[OCT1_07,OCT1_07] was killed by [GATA_Q6,GATA_Q6]
[PHB2_TARGET_GENES,PHB2_TARGET_GENES] was killed by [MCM3_TARGET_GENES,MCM3_TARGET_GENES]
[YGCANTGCR_UNKNOWN,YGCANTGCR_UNKNOWN] was killed by [TMTCGCGANR_UNKNOWN,TMTCGCGANR_UNKNOWN]
[YRTCANNRCGC_UNKNOWN,YRTCANNRCGC_UNKNOWN] was killed by [E2F_Q2,E2F_Q2]
[AHRARNT_01,AHRARNT_01] was killed by [SGCGSSAAA_E2F1DP2_01,SGCGSSAAA_E2F1DP2_01]
[HEY2_TARGET_GENES,HEY2_TARGET_GENES] was killed by [METHYLCYTOSINE_DIOXYGENASE_TET_UNIPROT_A0A023HHK9_UNREVIEWED_TARGET_GENES,METHYLCYTOSINE_DIOXYGENASE_TET_UNIPROT_A0A023HHK9_UNREVIEWED_TARGET_GENES]
[TAXCREB_01,TAXCREB_01] was killed by [TMTCGCGANR_UNKNOWN,TMTCGCGANR_UNKNOWN]
[AR_03,AR_03] was killed by [E2F_Q2,E2F_Q2]
[EN1_01,EN1_01] was killed by [SREBP1_01,SREBP1_01]
[ZNF582_TARGET_GENES,ZNF582_TARGET_GENES] was killed by [GTF3A_TARGET_GENES,GTF3A_TARGET_GENES]
[ATOH8_TARGET_GENES,ATOH8_TARGET_GENES] was killed by [ZMYM2_TARGET_GENES,ZMYM2_TARGET_GENES]
[YNTTTNNNANGCARM_UNKNOWN,YNTTTNNNANGCARM_UNKNOWN] was killed by [AACWWCAANK_UNKNOWN,AACWWCAANK_UNKNOWN]
[AP2REP_01,AP2REP_01] was killed by [SGCGSSAAA_E2F1DP2_01,SGCGSSAAA_E2F1DP2_01]
[PSIP1_TARGET_GENES,PSIP1_TARGET_GENES] was killed by [METHYLCYTOSINE_DIOXYGENASE_TET_UNIPROT_A0A023HHK9_UNREVIEWED_TARGET_GENES,METHYLCYTOSINE_DIOXYGENASE_TET_UNIPROT_A0A023HHK9_UNREVIEWED_TARGET_GENES]
[YWATTWNNRGCT_UNKNOWN,YWATTWNNRGCT_UNKNOWN] was killed by [AACWWCAANK_UNKNOWN,AACWWCAANK_UNKNOWN]
[GTTGNYNNRGNAAC_UNKNOWN,GTTGNYNNRGNAAC_UNKNOWN] was killed by [GATGKMRGCG_UNKNOWN,GATGKMRGCG_UNKNOWN]
[ALX4_TARGET_GENES,ALX4_TARGET_GENES] was killed by [NR1D1_TARGET_GENES,NR1D1_TARGET_GENES]
[MAZ_Q6,MAZ_Q6] was killed by [TMTCGCGANR_UNKNOWN,TMTCGCGANR_UNKNOWN]
[SMARCA1_TARGET_GENES,SMARCA1_TARGET_GENES] was killed by [ZBTB5_TARGET_GENES,ZBTB5_TARGET_GENES]
[GGCKCATGS_UNKNOWN,GGCKCATGS_UNKNOWN] was killed by [SGCGSSAAA_E2F1DP2_01,SGCGSSAAA_E2F1DP2_01]
[WWTAAGGC_UNKNOWN,WWTAAGGC_UNKNOWN] was killed by [AACWWCAANK_UNKNOWN,AACWWCAANK_UNKNOWN]
[UBE2I_TARGET_GENES,UBE2I_TARGET_GENES] was killed by [ZNF667_TARGET_GENES,ZNF667_TARGET_GENES]
[CTR9_TARGET_GENES,CTR9_TARGET_GENES] was killed by [NR1D1_TARGET_GENES,NR1D1_TARGET_GENES]
[AAANWWTGC_UNKNOWN,AAANWWTGC_UNKNOWN] was killed by [SGCGSSAAA_E2F1DP2_01,SGCGSSAAA_E2F1DP2_01]
[MYAATNNNNNNNGGC_UNKNOWN,MYAATNNNNNNNGGC_UNKNOWN] was killed by [SGCGSSAAA_E2F1DP2_01,SGCGSSAAA_E2F1DP2_01]
[ATF6_01,ATF6_01] was killed by [SGCGSSAAA_E2F1DP2_01,SGCGSSAAA_E2F1DP2_01]
[HFH3_01,HFH3_01] was killed by [AACWWCAANK_UNKNOWN,AACWWCAANK_UNKNOWN]
[ZFP82_TARGET_GENES,ZFP82_TARGET_GENES] was killed by [ZNF667_TARGET_GENES,ZNF667_TARGET_GENES]
[PRMT5_TARGET_GENES,PRMT5_TARGET_GENES] was killed by [SGCGSSAAA_E2F1DP2_01,SGCGSSAAA_E2F1DP2_01]
[GGGNRMNNYCAT_UNKNOWN,GGGNRMNNYCAT_UNKNOWN] was killed by [ZBTB5_TARGET_GENES,ZBTB5_TARGET_GENES]
[AR_01,AR_01] was killed by [AACWWCAANK_UNKNOWN,AACWWCAANK_UNKNOWN]
[THRA_TARGET_GENES,THRA_TARGET_GENES] was killed by [SETBP1_TARGET_GENES,SETBP1_TARGET_GENES]
[ZMYND11_TARGET_GENES,ZMYND11_TARGET_GENES] was killed by [ZNF667_TARGET_GENES,ZNF667_TARGET_GENES]
[PTPRA_TARGET_GENES,PTPRA_TARGET_GENES] was killed by [E2F_Q2,E2F_Q2]
[RYTGCNWTGGNR_UNKNOWN,RYTGCNWTGGNR_UNKNOWN] was killed by [SGCGSSAAA_E2F1DP2_01,SGCGSSAAA_E2F1DP2_01]
[PAX6_01,PAX6_01] was killed by [AACWWCAANK_UNKNOWN,AACWWCAANK_UNKNOWN]
[CCAWNWWNNNGGC_UNKNOWN,CCAWNWWNNNGGC_UNKNOWN] was killed by [TMTCGCGANR_UNKNOWN,TMTCGCGANR_UNKNOWN]
[HMEF2_Q6,HMEF2_Q6] was killed by [GATA_Q6,GATA_Q6]
[TTTNNANAGCYR_UNKNOWN,TTTNNANAGCYR_UNKNOWN] was killed by [SGCGSSAAA_E2F1DP2_01,SGCGSSAAA_E2F1DP2_01]
[AR_02,AR_02] was killed by [AACWWCAANK_UNKNOWN,AACWWCAANK_UNKNOWN]
[YAATNRNNNYNATT_UNKNOWN,YAATNRNNNYNATT_UNKNOWN] was killed by [SREBP1_01,SREBP1_01]
[KMCATNNWGGA_UNKNOWN,KMCATNNWGGA_UNKNOWN] was killed by [SGCGSSAAA_E2F1DP2_01,SGCGSSAAA_E2F1DP2_01]
[STAT5A_02,STAT5A_02] was killed by [TMTCGCGANR_UNKNOWN,TMTCGCGANR_UNKNOWN]
[RORA2_01,RORA2_01] was killed by [AACWWCAANK_UNKNOWN,AACWWCAANK_UNKNOWN]
[KTGGYRSGAA_UNKNOWN,KTGGYRSGAA_UNKNOWN] was killed by [TMTCGCGANR_UNKNOWN,TMTCGCGANR_UNKNOWN]
[MEIS1BHOXA9_01,MEIS1BHOXA9_01] was killed by [SREBP1_01,SREBP1_01]
[ADNP_TARGET_GENES,ADNP_TARGET_GENES] was killed by [ZMYM2_TARGET_GENES,ZMYM2_TARGET_GENES]
[PIAS4_TARGET_GENES,PIAS4_TARGET_GENES] was killed by [SGCGSSAAA_E2F1DP2_01,SGCGSSAAA_E2F1DP2_01]
[CCCNNNNNNAAGWT_UNKNOWN,CCCNNNNNNAAGWT_UNKNOWN] was killed by [MCM3_TARGET_GENES,MCM3_TARGET_GENES]
[ACCTGTTG_UNKNOWN,ACCTGTTG_UNKNOWN] was killed by [MCM3_TARGET_GENES,MCM3_TARGET_GENES]
[NRSF_01,NRSF_01] was killed by [SGCGSSAAA_E2F1DP2_01,SGCGSSAAA_E2F1DP2_01]
[IRX3_TARGET_GENES,IRX3_TARGET_GENES] was killed by [ZNF667_TARGET_GENES,ZNF667_TARGET_GENES]
[CTCNANGTGNY_UNKNOWN,CTCNANGTGNY_UNKNOWN] was killed by [E2F_Q2,E2F_Q2]
[FOXJ2_01,FOXJ2_01] was killed by [SREBP1_01,SREBP1_01]
[CDPCR1_01,CDPCR1_01] was killed by [SGCGSSAAA_E2F1DP2_01,SGCGSSAAA_E2F1DP2_01]
[MSX2_TARGET_GENES,MSX2_TARGET_GENES] was killed by [MXD1_TARGET_GENES,MXD1_TARGET_GENES]
[BCL6B_TARGET_GENES,BCL6B_TARGET_GENES] was killed by [PPARGC1A_TARGET_GENES,PPARGC1A_TARGET_GENES]
[CAVIN1_TARGET_GENES,CAVIN1_TARGET_GENES] was killed by [E2F_Q2,E2F_Q2]
[WCTCNATGGY_UNKNOWN,WCTCNATGGY_UNKNOWN] was killed by [SGCGSSAAA_E2F1DP2_01,SGCGSSAAA_E2F1DP2_01]
[LXR_DR4_Q3,LXR_DR4_Q3] was killed by [GCGNNANTTCC_UNKNOWN,GCGNNANTTCC_UNKNOWN]
[PAF1_TARGET_GENES,PAF1_TARGET_GENES] was killed by [SETBP1_TARGET_GENES,SETBP1_TARGET_GENES]
[ZNF41_TARGET_GENES,ZNF41_TARGET_GENES] was killed by [ZNF667_TARGET_GENES,ZNF667_TARGET_GENES]
[ZFP28_TARGET_GENES,ZFP28_TARGET_GENES] was killed by [GTF3A_TARGET_GENES,GTF3A_TARGET_GENES]
[CASP3_TARGET_GENES,CASP3_TARGET_GENES] was killed by [SETBP1_TARGET_GENES,SETBP1_TARGET_GENES]
[ZNF34_TARGET_GENES,ZNF34_TARGET_GENES] was killed by [ZNF667_TARGET_GENES,ZNF667_TARGET_GENES]
[ZSCAN23_TARGET_GENES,ZSCAN23_TARGET_GENES] was killed by [ZNF667_TARGET_GENES,ZNF667_TARGET_GENES]
[FREAC7_01,FREAC7_01] was killed by [GCGNNANTTCC_UNKNOWN,GCGNNANTTCC_UNKNOWN]
[SS18_SSX1_FUSION_UNIPROT_Q8IZH1_UNREVIEWED_TARGET_GENES,SS18_SSX1_FUSION_UNIPROT_Q8IZH1_UNREVIEWED_TARGET_GENES] was killed by [GCGNNANTTCC_UNKNOWN,GCGNNANTTCC_UNKNOWN]
[MED25_TARGET_GENES,MED25_TARGET_GENES] was killed by [MXD1_TARGET_GENES,MXD1_TARGET_GENES]
[ZSCAN18_TARGET_GENES,ZSCAN18_TARGET_GENES] was killed by [ZNF667_TARGET_GENES,ZNF667_TARGET_GENES]
[EVI1_01,EVI1_01] was killed by [GATA_Q6,GATA_Q6]
[HJURP_TARGET_GENES,HJURP_TARGET_GENES] was killed by [SETBP1_TARGET_GENES,SETBP1_TARGET_GENES]
[YTTCCNNNGGAMR_UNKNOWN,YTTCCNNNGGAMR_UNKNOWN] was killed by [GGAANCGGAANY_UNKNOWN,GGAANCGGAANY_UNKNOWN]
[FXR_IR1_Q6,FXR_IR1_Q6] was killed by [ZNF704_TARGET_GENES,ZNF704_TARGET_GENES]
[GTTRYCATRR_UNKNOWN,GTTRYCATRR_UNKNOWN] was killed by [GATGKMRGCG_UNKNOWN,GATGKMRGCG_UNKNOWN]
[YAATNANRNNNCAG_UNKNOWN,YAATNANRNNNCAG_UNKNOWN] was killed by [GATGKMRGCG_UNKNOWN,GATGKMRGCG_UNKNOWN]
[TCOF1_TARGET_GENES,TCOF1_TARGET_GENES] was killed by [SETBP1_TARGET_GENES,SETBP1_TARGET_GENES]
[XBP1_01,XBP1_01] was killed by [TMTCGCGANR_UNKNOWN,TMTCGCGANR_UNKNOWN]
[FOXD3_TARGET_GENES,FOXD3_TARGET_GENES] was killed by [GKCGCNNNNNNNTGAYG_UNKNOWN,GKCGCNNNNNNNTGAYG_UNKNOWN]
[TTGCWCAAY_CEBPB_02,TTGCWCAAY_CEBPB_02] was killed by [SGCGSSAAA_E2F1DP2_01,SGCGSSAAA_E2F1DP2_01]
[SRF_01,SRF_01] was killed by [ZBTB5_TARGET_GENES,ZBTB5_TARGET_GENES]
[HTF_01,HTF_01] was killed by [SGCGSSAAA_E2F1DP2_01,SGCGSSAAA_E2F1DP2_01]
[GGARNTKYCCA_UNKNOWN,GGARNTKYCCA_UNKNOWN] was killed by [E2F_Q2,E2F_Q2]
[ARP1_01,ARP1_01] was killed by [GGAANCGGAANY_UNKNOWN,GGAANCGGAANY_UNKNOWN]
[CDX1_TARGET_GENES,CDX1_TARGET_GENES] was killed by [ZNF667_TARGET_GENES,ZNF667_TARGET_GENES]
[COBLL1_TARGET_GENES,COBLL1_TARGET_GENES] was killed by [ZNF667_TARGET_GENES,ZNF667_TARGET_GENES]
[CRGAARNNNNCGA_UNKNOWN,CRGAARNNNNCGA_UNKNOWN] was killed by [GGAANCGGAANY_UNKNOWN,GGAANCGGAANY_UNKNOWN]
[RGTTAMWNATT_HNF1_01,RGTTAMWNATT_HNF1_01] was killed by [AACWWCAANK_UNKNOWN,AACWWCAANK_UNKNOWN]
[SREBP1_02,SREBP1_02] was killed by [HOXD11_TARGET_GENES,HOXD11_TARGET_GENES]
[EVI1_05,EVI1_05] was killed by [AACWWCAANK_UNKNOWN,AACWWCAANK_UNKNOWN]
[SIRT3_TARGET_GENES,SIRT3_TARGET_GENES] was killed by [GGAANCGGAANY_UNKNOWN,GGAANCGGAANY_UNKNOWN]
[MEIS1AHOXA9_01,MEIS1AHOXA9_01] was killed by [SREBP1_01,SREBP1_01]
[DPPA3_TARGET_GENES,DPPA3_TARGET_GENES] was killed by [SREBP1_01,SREBP1_01]
[AR_Q2,AR_Q2] was killed by [SGCGSSAAA_E2F1DP2_01,SGCGSSAAA_E2F1DP2_01]
[ARGGGTTAA_UNKNOWN,ARGGGTTAA_UNKNOWN] was killed by [E2F_Q2,E2F_Q2]
[ZNF560_TARGET_GENES,ZNF560_TARGET_GENES] was killed by [NR1D1_TARGET_GENES,NR1D1_TARGET_GENES]
[GRE_C,GRE_C] was killed by [GCGNNANTTCC_UNKNOWN,GCGNNANTTCC_UNKNOWN]
[HOXC11_TARGET_GENES,HOXC11_TARGET_GENES] was killed by [SETBP1_TARGET_GENES,SETBP1_TARGET_GENES]
[RYCACNNRNNRNCAG_UNKNOWN,RYCACNNRNNRNCAG_UNKNOWN] was killed by [TMTCGCGANR_UNKNOWN,TMTCGCGANR_UNKNOWN]
[ZNF19_TARGET_GENES,ZNF19_TARGET_GENES] was killed by [GCGNNANTTCC_UNKNOWN,GCGNNANTTCC_UNKNOWN]
[NR2E3_TARGET_GENES,NR2E3_TARGET_GENES] was killed by [ZMYM2_TARGET_GENES,ZMYM2_TARGET_GENES]
[MEF2_04,MEF2_04] was killed by [GATA_Q6,GATA_Q6]
[TTANWNANTGGM_UNKNOWN,TTANWNANTGGM_UNKNOWN] was killed by [E2F_Q2,E2F_Q2]
[NKX22_01,NKX22_01] was killed by [SGCGSSAAA_E2F1DP2_01,SGCGSSAAA_E2F1DP2_01]
[CAGNWMCNNNGAC_UNKNOWN,CAGNWMCNNNGAC_UNKNOWN] was killed by [SREBP1_01,SREBP1_01]
[ACAWYAAAG_UNKNOWN,ACAWYAAAG_UNKNOWN] was killed by [SREBP1_01,SREBP1_01]
[EVI1_03,EVI1_03] was killed by [GATA_Q6,GATA_Q6]
[RAAGNYNNCTTY_UNKNOWN,RAAGNYNNCTTY_UNKNOWN] was killed by [SREBP1_01,SREBP1_01]
[CCTNTMAGA_UNKNOWN,CCTNTMAGA_UNKNOWN] was killed by [SGCGSSAAA_E2F1DP2_01,SGCGSSAAA_E2F1DP2_01]
[GTTNYYNNGGTNA_UNKNOWN,GTTNYYNNGGTNA_UNKNOWN] was killed by [ZNF667_TARGET_GENES,ZNF667_TARGET_GENES]
[RPA1_TARGET_GENES,RPA1_TARGET_GENES] was killed by [SETBP1_TARGET_GENES,SETBP1_TARGET_GENES]
[HNF3_Q6,HNF3_Q6] was killed by [E2F_Q2,E2F_Q2]
[MEF2_01,MEF2_01] was killed by [E2F_Q2,E2F_Q2]
[METTL14_TARGET_GENES,METTL14_TARGET_GENES] was killed by [SETBP1_TARGET_GENES,SETBP1_TARGET_GENES]
[ZA_UNIPROT_Q9UM89_UNREVIEWED_TARGET_GENES,ZA_UNIPROT_Q9UM89_UNREVIEWED_TARGET_GENES] was killed by [TMTCGCGANR_UNKNOWN,TMTCGCGANR_UNKNOWN]
[LMNB2_TARGET_GENES,LMNB2_TARGET_GENES] was killed by [TMTCGCGANR_UNKNOWN,TMTCGCGANR_UNKNOWN]
[ZNF169_TARGET_GENES,ZNF169_TARGET_GENES] was killed by [ZNF667_TARGET_GENES,ZNF667_TARGET_GENES]
[TGTYNNNNNRGCARM_UNKNOWN,TGTYNNNNNRGCARM_UNKNOWN] was killed by [GATA_Q6,GATA_Q6]
[PAX8_01,PAX8_01] was killed by [SGCGSSAAA_E2F1DP2_01,SGCGSSAAA_E2F1DP2_01]
[HEN1_02,HEN1_02] was killed by [TMTCGCGANR_UNKNOWN,TMTCGCGANR_UNKNOWN]
[RARB_TARGET_GENES,RARB_TARGET_GENES] was killed by [SETBP1_TARGET_GENES,SETBP1_TARGET_GENES]
[FOXF1_TARGET_GENES,FOXF1_TARGET_GENES] was killed by [SETBP1_TARGET_GENES,SETBP1_TARGET_GENES]
[PTTG1_TARGET_GENES,PTTG1_TARGET_GENES] was killed by [MCM3_TARGET_GENES,MCM3_TARGET_GENES]
[ZNF20_TARGET_GENES,ZNF20_TARGET_GENES] was killed by [ZNF585B_TARGET_GENES,ZNF585B_TARGET_GENES]
[PAX3_B,PAX3_B] was killed by [SREBP1_01,SREBP1_01]
[ARID3B_TARGET_GENES,ARID3B_TARGET_GENES] was killed by [SETBP1_TARGET_GENES,SETBP1_TARGET_GENES]
[ZNF502_TARGET_GENES,ZNF502_TARGET_GENES] was killed by [SETBP1_TARGET_GENES,SETBP1_TARGET_GENES]
[POU3F2_01,POU3F2_01] was killed by [SREBP1_01,SREBP1_01]
[ZNF501_TARGET_GENES,ZNF501_TARGET_GENES] was killed by [ZNF704_TARGET_GENES,ZNF704_TARGET_GENES]
[MDM2_TARGET_GENES,MDM2_TARGET_GENES] was killed by [SGCGSSAAA_E2F1DP2_01,SGCGSSAAA_E2F1DP2_01]
[HSF4_TARGET_GENES,HSF4_TARGET_GENES] was killed by [ZBTB5_TARGET_GENES,ZBTB5_TARGET_GENES]
[MYF6_TARGET_GENES,MYF6_TARGET_GENES] was killed by [ZMYM2_TARGET_GENES,ZMYM2_TARGET_GENES]
[STN1_TARGET_GENES,STN1_TARGET_GENES] was killed by [TMTCGCGANR_UNKNOWN,TMTCGCGANR_UNKNOWN]
[PAX8_B,PAX8_B] was killed by [SREBP1_01,SREBP1_01]
[FXR_Q3,FXR_Q3] was killed by [AACWWCAANK_UNKNOWN,AACWWCAANK_UNKNOWN]
[GAANYNYGACNY_UNKNOWN,GAANYNYGACNY_UNKNOWN] was killed by [SGCGSSAAA_E2F1DP2_01,SGCGSSAAA_E2F1DP2_01]
[RTTTNNNYTGGM_UNKNOWN,RTTTNNNYTGGM_UNKNOWN] was killed by [SREBP1_01,SREBP1_01]
[NEUROG3_TARGET_GENES,NEUROG3_TARGET_GENES] was killed by [SETBP1_TARGET_GENES,SETBP1_TARGET_GENES]
[HEN1_01,HEN1_01] was killed by [SREBP1_01,SREBP1_01]
[GTCNYYATGR_UNKNOWN,GTCNYYATGR_UNKNOWN] was killed by [SGCGSSAAA_E2F1DP2_01,SGCGSSAAA_E2F1DP2_01]
[CAGNYGKNAAA_UNKNOWN,CAGNYGKNAAA_UNKNOWN] was killed by [SGCGSSAAA_E2F1DP2_01,SGCGSSAAA_E2F1DP2_01]
[MCM5_TARGET_GENES,MCM5_TARGET_GENES] was killed by [PPARA_TARGET_GENES,PPARA_TARGET_GENES]
[ZNF510_TARGET_GENES,ZNF510_TARGET_GENES] was killed by [MXD1_TARGET_GENES,MXD1_TARGET_GENES]
[TERT_TARGET_GENES,TERT_TARGET_GENES] was killed by [GTF3A_TARGET_GENES,GTF3A_TARGET_GENES]
[CCAATNNSNNNGCG_UNKNOWN,CCAATNNSNNNGCG_UNKNOWN] was killed by [SGCGSSAAA_E2F1DP2_01,SGCGSSAAA_E2F1DP2_01]
[ACAWNRNSRCGG_UNKNOWN,ACAWNRNSRCGG_UNKNOWN] was killed by [SGCGSSAAA_E2F1DP2_01,SGCGSSAAA_E2F1DP2_01]
[COMP1_01,COMP1_01] was killed by [SGCGSSAAA_E2F1DP2_01,SGCGSSAAA_E2F1DP2_01]
[CREBL2_TARGET_GENES,CREBL2_TARGET_GENES] was killed by [PPARGC1A_TARGET_GENES,PPARGC1A_TARGET_GENES]
[MTHFD1_TARGET_GENES,MTHFD1_TARGET_GENES] was killed by [SGCGSSAAA_E2F1DP2_01,SGCGSSAAA_E2F1DP2_01]
[ZNF302_TARGET_GENES,ZNF302_TARGET_GENES] was killed by [MCM3_TARGET_GENES,MCM3_TARGET_GENES]
[ZNF529_TARGET_GENES,ZNF529_TARGET_GENES] was killed by [ZNF704_TARGET_GENES,ZNF704_TARGET_GENES]
[HOXA3_01,HOXA3_01] was killed by [NR1D1_TARGET_GENES,NR1D1_TARGET_GENES]
[ZNF774_TARGET_GENES,ZNF774_TARGET_GENES] was killed by [ZMYM2_TARGET_GENES,ZMYM2_TARGET_GENES]
[ZNF586_TARGET_GENES,ZNF586_TARGET_GENES] was killed by [ZNF667_TARGET_GENES,ZNF667_TARGET_GENES]
[EGFR_TARGET_GENES,EGFR_TARGET_GENES] was killed by [SREBP1_01,SREBP1_01]
[TAAYNRNNTCC_UNKNOWN,TAAYNRNNTCC_UNKNOWN] was killed by [SREBP1_01,SREBP1_01]
[SNAPC4_TARGET_GENES,SNAPC4_TARGET_GENES] was killed by [SETBP1_TARGET_GENES,SETBP1_TARGET_GENES]
[SVIL_TARGET_GENES,SVIL_TARGET_GENES] was killed by [SETBP1_TARGET_GENES,SETBP1_TARGET_GENES]
[STAT3_01,STAT3_01] was killed by [SGCGSSAAA_E2F1DP2_01,SGCGSSAAA_E2F1DP2_01]
[GATA2_01,GATA2_01] was killed by [TMTCGCGANR_UNKNOWN,TMTCGCGANR_UNKNOWN]
[ZNF837_TARGET_GENES,ZNF837_TARGET_GENES] was killed by [ZBTB5_TARGET_GENES,ZBTB5_TARGET_GENES]
[LXR_Q3,LXR_Q3] was killed by [SGCGSSAAA_E2F1DP2_01,SGCGSSAAA_E2F1DP2_01]
[CATRRAGC_UNKNOWN,CATRRAGC_UNKNOWN] was killed by [SGCGSSAAA_E2F1DP2_01,SGCGSSAAA_E2F1DP2_01]
[RYTGCNNRGNAAC_MIF1_01,RYTGCNNRGNAAC_MIF1_01] was killed by [SETBP1_TARGET_GENES,SETBP1_TARGET_GENES]
[CARM1_TARGET_GENES,CARM1_TARGET_GENES] was killed by [PPARGC1A_TARGET_GENES,PPARGC1A_TARGET_GENES]
[NEUROD2_TARGET_GENES,NEUROD2_TARGET_GENES] was killed by [HOXD11_TARGET_GENES,HOXD11_TARGET_GENES]
[ZFP37_TARGET_GENES,ZFP37_TARGET_GENES] was killed by [ZNF667_TARGET_GENES,ZNF667_TARGET_GENES]
[ZNF530_TARGET_GENES,ZNF530_TARGET_GENES] was killed by [PPARGC1A_TARGET_GENES,PPARGC1A_TARGET_GENES]
[IRF2_01,IRF2_01] was killed by [E2F_Q2,E2F_Q2]
[ZNF157_TARGET_GENES,ZNF157_TARGET_GENES] was killed by [THRAP3_TARGET_GENES,THRAP3_TARGET_GENES]
[ZNF791_TARGET_GENES,ZNF791_TARGET_GENES] was killed by [MCM3_TARGET_GENES,MCM3_TARGET_GENES]
[TFAM_TARGET_GENES,TFAM_TARGET_GENES] was killed by [SETBP1_TARGET_GENES,SETBP1_TARGET_GENES]
[ZNF239_TARGET_GENES,ZNF239_TARGET_GENES] was killed by [ZNF667_TARGET_GENES,ZNF667_TARGET_GENES]
[YTCCCRNNAGGY_UNKNOWN,YTCCCRNNAGGY_UNKNOWN] was killed by [GKCGCNNNNNNNTGAYG_UNKNOWN,GKCGCNNNNNNNTGAYG_UNKNOWN]
[MSX1_01,MSX1_01] was killed by [MCM3_TARGET_GENES,MCM3_TARGET_GENES]
[CENPT_TARGET_GENES,CENPT_TARGET_GENES] was killed by [SETBP1_TARGET_GENES,SETBP1_TARGET_GENES]
[AHR_01,AHR_01] was killed by [TMTCGCGANR_UNKNOWN,TMTCGCGANR_UNKNOWN]
[YRCCAKNNGNCGC_UNKNOWN,YRCCAKNNGNCGC_UNKNOWN] was killed by [TMTCGCGANR_UNKNOWN,TMTCGCGANR_UNKNOWN]
[ZNF404_TARGET_GENES,ZNF404_TARGET_GENES] was killed by [SETBP1_TARGET_GENES,SETBP1_TARGET_GENES]
[AGCYRWTTC_UNKNOWN,AGCYRWTTC_UNKNOWN] was killed by [TMTCGCGANR_UNKNOWN,TMTCGCGANR_UNKNOWN]
[SNAPC2_TARGET_GENES,SNAPC2_TARGET_GENES] was killed by [TMTCGCGANR_UNKNOWN,TMTCGCGANR_UNKNOWN]
[ZNF488_TARGET_GENES,ZNF488_TARGET_GENES] was killed by [THRAP3_TARGET_GENES,THRAP3_TARGET_GENES]
[ZNF708_TARGET_GENES,ZNF708_TARGET_GENES] was killed by [ZNF667_TARGET_GENES,ZNF667_TARGET_GENES]
[LAMB3_TARGET_GENES,LAMB3_TARGET_GENES] was killed by [SETBP1_TARGET_GENES,SETBP1_TARGET_GENES]
[RUVBL2_TARGET_GENES,RUVBL2_TARGET_GENES] was killed by [ZNF667_TARGET_GENES,ZNF667_TARGET_GENES]
[RBMX_TARGET_GENES,RBMX_TARGET_GENES] was killed by [SETBP1_TARGET_GENES,SETBP1_TARGET_GENES]
[ZFP36L1_TARGET_GENES,ZFP36L1_TARGET_GENES] was killed by [ZNF667_TARGET_GENES,ZNF667_TARGET_GENES]
[NR5A1_TARGET_GENES,NR5A1_TARGET_GENES] was killed by [MCM3_TARGET_GENES,MCM3_TARGET_GENES]
[YGTCCTTGR_UNKNOWN,YGTCCTTGR_UNKNOWN] was killed by [SREBP1_01,SREBP1_01]
[FOXC1_TARGET_GENES,FOXC1_TARGET_GENES] was killed by [MXD1_TARGET_GENES,MXD1_TARGET_GENES]
[MED16_TARGET_GENES,MED16_TARGET_GENES] was killed by [MXD1_TARGET_GENES,MXD1_TARGET_GENES]
[NME2_TARGET_GENES,NME2_TARGET_GENES] was killed by [PPARGC1A_TARGET_GENES,PPARGC1A_TARGET_GENES]
[ZNF746_TARGET_GENES,ZNF746_TARGET_GENES] was killed by [SGCGSSAAA_E2F1DP2_01,SGCGSSAAA_E2F1DP2_01]
[ILK_TARGET_GENES,ILK_TARGET_GENES] was killed by [MCM3_TARGET_GENES,MCM3_TARGET_GENES]
[HMCES_TARGET_GENES,HMCES_TARGET_GENES] was killed by [METHYLCYTOSINE_DIOXYGENASE_TET_UNIPROT_A0A023HHK9_UNREVIEWED_TARGET_GENES,METHYLCYTOSINE_DIOXYGENASE_TET_UNIPROT_A0A023HHK9_UNREVIEWED_TARGET_GENES]
[ZNF202_TARGET_GENES,ZNF202_TARGET_GENES] was killed by [PCGF6_TARGET_GENES,PCGF6_TARGET_GENES]
[ZNF491_TARGET_GENES,ZNF491_TARGET_GENES] was killed by [TMTCGCGANR_UNKNOWN,TMTCGCGANR_UNKNOWN]
[WRN_TARGET_GENES,WRN_TARGET_GENES] was killed by [MXD1_TARGET_GENES,MXD1_TARGET_GENES]
[NKX25_01,NKX25_01] was killed by [GATA_Q6,GATA_Q6]
[PPARA_01,PPARA_01] was killed by [PPARA_TARGET_GENES,PPARA_TARGET_GENES]
[SMCHD1_TARGET_GENES,SMCHD1_TARGET_GENES] was killed by [SETBP1_TARGET_GENES,SETBP1_TARGET_GENES]
[PPARA_02,PPARA_02] was killed by [TMTCGCGANR_UNKNOWN,TMTCGCGANR_UNKNOWN]
[LAMTOR5_TARGET_GENES,LAMTOR5_TARGET_GENES] was killed by [SETBP1_TARGET_GENES,SETBP1_TARGET_GENES]
[NR4A2_TARGET_GENES,NR4A2_TARGET_GENES] was killed by [ZMYM2_TARGET_GENES,ZMYM2_TARGET_GENES]
[TFDP2_TARGET_GENES,TFDP2_TARGET_GENES] was killed by [SGCGSSAAA_E2F1DP2_01,SGCGSSAAA_E2F1DP2_01]
