[GO_POSITIVE_REGULATION_OF_VIRAL_LIFE_CYCLE,GO_POSITIVE_REGULATION_OF_VIRAL_LIFE_CYCLE] was killed by [GO_POSITIVE_REGULATION_OF_VIRAL_PROCESS,GO_POSITIVE_REGULATION_OF_VIRAL_PROCESS]
[GO_NEGATIVE_REGULATION_OF_TRANSMEMBRANE_TRANSPORT,GO_NEGATIVE_REGULATION_OF_TRANSMEMBRANE_TRANSPORT] was killed by [GO_NEGATIVE_REGULATION_OF_ION_TRANSPORT,GO_NEGATIVE_REGULATION_OF_ION_TRANSPORT]
[GO_STEROID_BIOSYNTHETIC_PROCESS,GO_STEROID_BIOSYNTHETIC_PROCESS] was killed by [GO_REGULATION_OF_LIPID_BIOSYNTHETIC_PROCESS,GO_REGULATION_OF_LIPID_BIOSYNTHETIC_PROCESS]
[GO_DNA_DEPENDENT_DNA_REPLICATION,GO_DNA_DEPENDENT_DNA_REPLICATION] was killed by [GO_NEGATIVE_REGULATION_OF_CHROMOSOME_ORGANIZATION,GO_NEGATIVE_REGULATION_OF_CHROMOSOME_ORGANIZATION]
[GO_NEGATIVE_REGULATION_OF_CHROMATIN_ORGANIZATION,GO_NEGATIVE_REGULATION_OF_CHROMATIN_ORGANIZATION] was killed by [GO_NEGATIVE_REGULATION_OF_CHROMOSOME_ORGANIZATION,GO_NEGATIVE_REGULATION_OF_CHROMOSOME_ORGANIZATION]
[GO_RIBONUCLEOPROTEIN_COMPLEX_BINDING,GO_RIBONUCLEOPROTEIN_COMPLEX_BINDING] was killed by [GO_POSITIVE_REGULATION_OF_VIRAL_PROCESS,GO_POSITIVE_REGULATION_OF_VIRAL_PROCESS]
[GO_MAINTENANCE_OF_CELL_NUMBER,GO_MAINTENANCE_OF_CELL_NUMBER] was killed by [GO_NEGATIVE_REGULATION_OF_CHROMOSOME_ORGANIZATION,GO_NEGATIVE_REGULATION_OF_CHROMOSOME_ORGANIZATION]
[GO_NEGATIVE_REGULATION_OF_NEURON_PROJECTION_DEVELOPMENT,GO_NEGATIVE_REGULATION_OF_NEURON_PROJECTION_DEVELOPMENT] was killed by [GO_NEGATIVE_REGULATION_OF_CELL_PROJECTION_ORGANIZATION,GO_NEGATIVE_REGULATION_OF_CELL_PROJECTION_ORGANIZATION]
[GO_POSITIVE_REGULATION_OF_PROTEIN_BINDING,GO_POSITIVE_REGULATION_OF_PROTEIN_BINDING] was killed by [GO_PLACENTA_DEVELOPMENT,GO_PLACENTA_DEVELOPMENT]
[GO_REGULATION_OF_CHROMOSOME_SEGREGATION,GO_REGULATION_OF_CHROMOSOME_SEGREGATION] was killed by [GO_NEGATIVE_REGULATION_OF_CHROMOSOME_ORGANIZATION,GO_NEGATIVE_REGULATION_OF_CHROMOSOME_ORGANIZATION]
[GO_POSITIVE_REGULATION_OF_VIRAL_GENOME_REPLICATION,GO_POSITIVE_REGULATION_OF_VIRAL_GENOME_REPLICATION] was killed by [GO_POSITIVE_REGULATION_OF_VIRAL_PROCESS,GO_POSITIVE_REGULATION_OF_VIRAL_PROCESS]
[GO_EMBRYONIC_PLACENTA_DEVELOPMENT,GO_EMBRYONIC_PLACENTA_DEVELOPMENT] was killed by [GO_PLACENTA_DEVELOPMENT,GO_PLACENTA_DEVELOPMENT]
[GO_CELLULAR_RESPONSE_TO_AMMONIUM_ION,GO_CELLULAR_RESPONSE_TO_AMMONIUM_ION] was killed by [GO_NEGATIVE_REGULATION_OF_CELL_PROJECTION_ORGANIZATION,GO_NEGATIVE_REGULATION_OF_CELL_PROJECTION_ORGANIZATION]
[GO_METAPHASE_ANAPHASE_TRANSITION_OF_CELL_CYCLE,GO_METAPHASE_ANAPHASE_TRANSITION_OF_CELL_CYCLE] was killed by [GO_NEGATIVE_REGULATION_OF_CHROMOSOME_ORGANIZATION,GO_NEGATIVE_REGULATION_OF_CHROMOSOME_ORGANIZATION]
[GO_NEGATIVE_REGULATION_OF_ION_TRANSMEMBRANE_TRANSPORT,GO_NEGATIVE_REGULATION_OF_ION_TRANSMEMBRANE_TRANSPORT] was killed by [GO_NEGATIVE_REGULATION_OF_ION_TRANSPORT,GO_NEGATIVE_REGULATION_OF_ION_TRANSPORT]
[GO_RESPONSE_TO_CATECHOLAMINE,GO_RESPONSE_TO_CATECHOLAMINE] was killed by [GO_NEGATIVE_REGULATION_OF_CELL_PROJECTION_ORGANIZATION,GO_NEGATIVE_REGULATION_OF_CELL_PROJECTION_ORGANIZATION]
[GO_RESPONSE_TO_AMMONIUM_ION,GO_RESPONSE_TO_AMMONIUM_ION] was killed by [GO_NEGATIVE_REGULATION_OF_CELL_PROJECTION_ORGANIZATION,GO_NEGATIVE_REGULATION_OF_CELL_PROJECTION_ORGANIZATION]
[GO_REGULATION_OF_STEROID_BIOSYNTHETIC_PROCESS,GO_REGULATION_OF_STEROID_BIOSYNTHETIC_PROCESS] was killed by [GO_REGULATION_OF_LIPID_BIOSYNTHETIC_PROCESS,GO_REGULATION_OF_LIPID_BIOSYNTHETIC_PROCESS]
[GO_REGULATION_OF_LEUKOCYTE_DEGRANULATION,GO_REGULATION_OF_LEUKOCYTE_DEGRANULATION] was killed by [GO_PHAGOCYTIC_VESICLE,GO_PHAGOCYTIC_VESICLE]
[GO_REGULATION_OF_SISTER_CHROMATID_SEGREGATION,GO_REGULATION_OF_SISTER_CHROMATID_SEGREGATION] was killed by [GO_NEGATIVE_REGULATION_OF_CHROMOSOME_ORGANIZATION,GO_NEGATIVE_REGULATION_OF_CHROMOSOME_ORGANIZATION]
[GO_REGULATION_OF_DNA_BINDING,GO_REGULATION_OF_DNA_BINDING] was killed by [GO_NEGATIVE_REGULATION_OF_CHROMOSOME_ORGANIZATION,GO_NEGATIVE_REGULATION_OF_CHROMOSOME_ORGANIZATION]
[GO_REGULATION_OF_CHROMOSOME_SEPARATION,GO_REGULATION_OF_CHROMOSOME_SEPARATION] was killed by [GO_NEGATIVE_REGULATION_OF_CHROMOSOME_ORGANIZATION,GO_NEGATIVE_REGULATION_OF_CHROMOSOME_ORGANIZATION]
[GO_CENTRIOLE,GO_CENTRIOLE] was killed by [GO_SPINDLE_MICROTUBULE,GO_SPINDLE_MICROTUBULE]
[GO_SISTER_CHROMATID_SEGREGATION,GO_SISTER_CHROMATID_SEGREGATION] was killed by [GO_NEGATIVE_REGULATION_OF_CHROMOSOME_ORGANIZATION,GO_NEGATIVE_REGULATION_OF_CHROMOSOME_ORGANIZATION]
[GO_REGULATION_OF_CHROMATIN_ORGANIZATION,GO_REGULATION_OF_CHROMATIN_ORGANIZATION] was killed by [GO_NEGATIVE_REGULATION_OF_CHROMOSOME_ORGANIZATION,GO_NEGATIVE_REGULATION_OF_CHROMOSOME_ORGANIZATION]
[GO_POSITIVE_REGULATION_OF_ION_TRANSMEMBRANE_TRANSPORT,GO_POSITIVE_REGULATION_OF_ION_TRANSMEMBRANE_TRANSPORT] was killed by [GO_NEGATIVE_REGULATION_OF_CELL_PROJECTION_ORGANIZATION,GO_NEGATIVE_REGULATION_OF_CELL_PROJECTION_ORGANIZATION]
[GO_RESPONSE_TO_DOPAMINE,GO_RESPONSE_TO_DOPAMINE] was killed by [GO_NEGATIVE_REGULATION_OF_CELL_PROJECTION_ORGANIZATION,GO_NEGATIVE_REGULATION_OF_CELL_PROJECTION_ORGANIZATION]
[GO_FEMALE_PREGNANCY,GO_FEMALE_PREGNANCY] was killed by [GO_PLACENTA_DEVELOPMENT,GO_PLACENTA_DEVELOPMENT]
[GO_NEGATIVE_REGULATION_OF_CELLULAR_PROTEIN_LOCALIZATION,GO_NEGATIVE_REGULATION_OF_CELLULAR_PROTEIN_LOCALIZATION] was killed by [GO_NEGATIVE_REGULATION_OF_ION_TRANSPORT,GO_NEGATIVE_REGULATION_OF_ION_TRANSPORT]
[GO_MITOTIC_SISTER_CHROMATID_SEGREGATION,GO_MITOTIC_SISTER_CHROMATID_SEGREGATION] was killed by [GO_NEGATIVE_REGULATION_OF_CHROMOSOME_ORGANIZATION,GO_NEGATIVE_REGULATION_OF_CHROMOSOME_ORGANIZATION]
[GO_RIBOSOME_BINDING,GO_RIBOSOME_BINDING] was killed by [GO_REGULATION_OF_LIPID_BIOSYNTHETIC_PROCESS,GO_REGULATION_OF_LIPID_BIOSYNTHETIC_PROCESS]
[GO_NEGATIVE_REGULATION_OF_CELL_SUBSTRATE_ADHESION,GO_NEGATIVE_REGULATION_OF_CELL_SUBSTRATE_ADHESION] was killed by [GO_NEGATIVE_REGULATION_OF_CELL_PROJECTION_ORGANIZATION,GO_NEGATIVE_REGULATION_OF_CELL_PROJECTION_ORGANIZATION]
[GO_REGULATION_OF_RNA_SPLICING,GO_REGULATION_OF_RNA_SPLICING] was killed by [GO_POSITIVE_REGULATION_OF_VIRAL_PROCESS,GO_POSITIVE_REGULATION_OF_VIRAL_PROCESS]
[GO_NEGATIVE_REGULATION_OF_SMALL_MOLECULE_METABOLIC_PROCESS,GO_NEGATIVE_REGULATION_OF_SMALL_MOLECULE_METABOLIC_PROCESS] was killed by [GO_REGULATION_OF_LIPID_BIOSYNTHETIC_PROCESS,GO_REGULATION_OF_LIPID_BIOSYNTHETIC_PROCESS]
[GO_EMBRYO_IMPLANTATION,GO_EMBRYO_IMPLANTATION] was killed by [GO_PLACENTA_DEVELOPMENT,GO_PLACENTA_DEVELOPMENT]
[GO_POSITIVE_REGULATION_OF_GENE_EXPRESSION_EPIGENETIC,GO_POSITIVE_REGULATION_OF_GENE_EXPRESSION_EPIGENETIC] was killed by [GO_NEGATIVE_REGULATION_OF_CHROMOSOME_ORGANIZATION,GO_NEGATIVE_REGULATION_OF_CHROMOSOME_ORGANIZATION]
[GO_NEURON_MIGRATION,GO_NEURON_MIGRATION] was killed by [GO_NEGATIVE_REGULATION_OF_CELL_PROJECTION_ORGANIZATION,GO_NEGATIVE_REGULATION_OF_CELL_PROJECTION_ORGANIZATION]
[GO_RECEPTOR_INTERNALIZATION,GO_RECEPTOR_INTERNALIZATION] was killed by [GO_LEARNING,GO_LEARNING]
[GO_POSITIVE_REGULATION_OF_TRANSMEMBRANE_RECEPTOR_PROTEIN_SERINE_THREONINE_KINASE_SIGNALING_PATHWAY,GO_POSITIVE_REGULATION_OF_TRANSMEMBRANE_RECEPTOR_PROTEIN_SERINE_THREONINE_KINASE_SIGNALING_PATHWAY] was killed by [GO_PLACENTA_DEVELOPMENT,GO_PLACENTA_DEVELOPMENT]
[GO_POLY_A_BINDING,GO_POLY_A_BINDING] was killed by [GO_POSITIVE_REGULATION_OF_VIRAL_PROCESS,GO_POSITIVE_REGULATION_OF_VIRAL_PROCESS]
[GO_STRIATED_MUSCLE_CONTRACTION,GO_STRIATED_MUSCLE_CONTRACTION] was killed by [GO_NEGATIVE_REGULATION_OF_ION_TRANSPORT,GO_NEGATIVE_REGULATION_OF_ION_TRANSPORT]
[GO_DENDRITIC_SPINE_DEVELOPMENT,GO_DENDRITIC_SPINE_DEVELOPMENT] was killed by [GO_NEGATIVE_REGULATION_OF_CELL_PROJECTION_ORGANIZATION,GO_NEGATIVE_REGULATION_OF_CELL_PROJECTION_ORGANIZATION]
[GO_CYTOPLASMIC_MICROTUBULE,GO_CYTOPLASMIC_MICROTUBULE] was killed by [GO_SPINDLE_MICROTUBULE,GO_SPINDLE_MICROTUBULE]
[GO_REGULATION_OF_DENDRITIC_SPINE_DEVELOPMENT,GO_REGULATION_OF_DENDRITIC_SPINE_DEVELOPMENT] was killed by [GO_NEGATIVE_REGULATION_OF_CELL_PROJECTION_ORGANIZATION,GO_NEGATIVE_REGULATION_OF_CELL_PROJECTION_ORGANIZATION]
[GO_POSITIVE_REGULATION_OF_DENDRITE_DEVELOPMENT,GO_POSITIVE_REGULATION_OF_DENDRITE_DEVELOPMENT] was killed by [GO_NEGATIVE_REGULATION_OF_CELL_PROJECTION_ORGANIZATION,GO_NEGATIVE_REGULATION_OF_CELL_PROJECTION_ORGANIZATION]
[GO_ACTIN_NUCLEATION,GO_ACTIN_NUCLEATION] was killed by [GO_PHAGOCYTIC_VESICLE,GO_PHAGOCYTIC_VESICLE]
[GO_NADP_BINDING,GO_NADP_BINDING] was killed by [GO_REGULATION_OF_LIPID_BIOSYNTHETIC_PROCESS,GO_REGULATION_OF_LIPID_BIOSYNTHETIC_PROCESS]
[GO_ORGANOPHOSPHATE_ESTER_TRANSPORT,GO_ORGANOPHOSPHATE_ESTER_TRANSPORT] was killed by [GO_REGULATION_OF_LIPID_BIOSYNTHETIC_PROCESS,GO_REGULATION_OF_LIPID_BIOSYNTHETIC_PROCESS]
[GO_POSITIVE_REGULATION_OF_WNT_SIGNALING_PATHWAY,GO_POSITIVE_REGULATION_OF_WNT_SIGNALING_PATHWAY] was killed by [GO_NEGATIVE_REGULATION_OF_CHROMOSOME_ORGANIZATION,GO_NEGATIVE_REGULATION_OF_CHROMOSOME_ORGANIZATION]
[GO_SMAD_PROTEIN_SIGNAL_TRANSDUCTION,GO_SMAD_PROTEIN_SIGNAL_TRANSDUCTION] was killed by [GO_NEGATIVE_REGULATION_OF_CHROMOSOME_ORGANIZATION,GO_NEGATIVE_REGULATION_OF_CHROMOSOME_ORGANIZATION]
[GO_NEGATIVE_REGULATION_OF_HISTONE_MODIFICATION,GO_NEGATIVE_REGULATION_OF_HISTONE_MODIFICATION] was killed by [GO_NEGATIVE_REGULATION_OF_CHROMOSOME_ORGANIZATION,GO_NEGATIVE_REGULATION_OF_CHROMOSOME_ORGANIZATION]
[GO_POSITIVE_REGULATION_OF_DENDRITIC_SPINE_DEVELOPMENT,GO_POSITIVE_REGULATION_OF_DENDRITIC_SPINE_DEVELOPMENT] was killed by [GO_NEGATIVE_REGULATION_OF_CELL_PROJECTION_ORGANIZATION,GO_NEGATIVE_REGULATION_OF_CELL_PROJECTION_ORGANIZATION]
[GO_CARDIAC_MUSCLE_CELL_PROLIFERATION,GO_CARDIAC_MUSCLE_CELL_PROLIFERATION] was killed by [GO_PLACENTA_DEVELOPMENT,GO_PLACENTA_DEVELOPMENT]
[GO_NEGATIVE_REGULATION_OF_TRANSPORTER_ACTIVITY,GO_NEGATIVE_REGULATION_OF_TRANSPORTER_ACTIVITY] was killed by [GO_NEGATIVE_REGULATION_OF_ION_TRANSPORT,GO_NEGATIVE_REGULATION_OF_ION_TRANSPORT]
[GO_P53_BINDING,GO_P53_BINDING] was killed by [GO_LEARNING,GO_LEARNING]
[GO_REGULATION_OF_ALCOHOL_BIOSYNTHETIC_PROCESS,GO_REGULATION_OF_ALCOHOL_BIOSYNTHETIC_PROCESS] was killed by [GO_REGULATION_OF_LIPID_BIOSYNTHETIC_PROCESS,GO_REGULATION_OF_LIPID_BIOSYNTHETIC_PROCESS]
[GO_PEPTIDYL_LYSINE_METHYLATION,GO_PEPTIDYL_LYSINE_METHYLATION] was killed by [GO_NEGATIVE_REGULATION_OF_CHROMOSOME_ORGANIZATION,GO_NEGATIVE_REGULATION_OF_CHROMOSOME_ORGANIZATION]
[GO_POSITIVE_REGULATION_OF_CALCIUM_ION_TRANSPORT,GO_POSITIVE_REGULATION_OF_CALCIUM_ION_TRANSPORT] was killed by [GO_NEGATIVE_REGULATION_OF_ION_TRANSPORT,GO_NEGATIVE_REGULATION_OF_ION_TRANSPORT]
[GO_POSITIVE_REGULATION_OF_CALCIUM_ION_TRANSMEMBRANE_TRANSPORT,GO_POSITIVE_REGULATION_OF_CALCIUM_ION_TRANSMEMBRANE_TRANSPORT] was killed by [GO_NEGATIVE_REGULATION_OF_ION_TRANSPORT,GO_NEGATIVE_REGULATION_OF_ION_TRANSPORT]
[GO_POSITIVE_REGULATION_OF_CATION_CHANNEL_ACTIVITY,GO_POSITIVE_REGULATION_OF_CATION_CHANNEL_ACTIVITY] was killed by [GO_NEGATIVE_REGULATION_OF_ION_TRANSPORT,GO_NEGATIVE_REGULATION_OF_ION_TRANSPORT]
[GO_REGULATION_OF_MRNA_PROCESSING,GO_REGULATION_OF_MRNA_PROCESSING] was killed by [GO_POSITIVE_REGULATION_OF_VIRAL_PROCESS,GO_POSITIVE_REGULATION_OF_VIRAL_PROCESS]
[GO_REGULATION_OF_PLASMA_LIPOPROTEIN_PARTICLE_LEVELS,GO_REGULATION_OF_PLASMA_LIPOPROTEIN_PARTICLE_LEVELS] was killed by [GO_REGULATION_OF_LIPID_BIOSYNTHETIC_PROCESS,GO_REGULATION_OF_LIPID_BIOSYNTHETIC_PROCESS]
[GO_PHAGOCYTIC_VESICLE_MEMBRANE,GO_PHAGOCYTIC_VESICLE_MEMBRANE] was killed by [GO_PHAGOCYTIC_VESICLE,GO_PHAGOCYTIC_VESICLE]
[GO_REGULATION_OF_CALCIUM_ION_TRANSPORT_INTO_CYTOSOL,GO_REGULATION_OF_CALCIUM_ION_TRANSPORT_INTO_CYTOSOL] was killed by [GO_NEGATIVE_REGULATION_OF_ION_TRANSPORT,GO_NEGATIVE_REGULATION_OF_ION_TRANSPORT]
[GO_LOCALIZATION_WITHIN_MEMBRANE,GO_LOCALIZATION_WITHIN_MEMBRANE] was killed by [GO_CELLULAR_PROTEIN_CONTAINING_COMPLEX_LOCALIZATION,GO_CELLULAR_PROTEIN_CONTAINING_COMPLEX_LOCALIZATION]
[GO_LYSINE_N_METHYLTRANSFERASE_ACTIVITY,GO_LYSINE_N_METHYLTRANSFERASE_ACTIVITY] was killed by [GO_PLACENTA_DEVELOPMENT,GO_PLACENTA_DEVELOPMENT]
[GO_IMMUNOLOGICAL_SYNAPSE,GO_IMMUNOLOGICAL_SYNAPSE] was killed by [GO_CELLULAR_PROTEIN_CONTAINING_COMPLEX_LOCALIZATION,GO_CELLULAR_PROTEIN_CONTAINING_COMPLEX_LOCALIZATION]
[GO_REGULATION_OF_MYELOID_LEUKOCYTE_MEDIATED_IMMUNITY,GO_REGULATION_OF_MYELOID_LEUKOCYTE_MEDIATED_IMMUNITY] was killed by [GO_PHAGOCYTIC_VESICLE,GO_PHAGOCYTIC_VESICLE]
[GO_SYNAPTIC_VESICLE_ENDOCYTOSIS,GO_SYNAPTIC_VESICLE_ENDOCYTOSIS] was killed by [GO_NEGATIVE_REGULATION_OF_CELL_PROJECTION_ORGANIZATION,GO_NEGATIVE_REGULATION_OF_CELL_PROJECTION_ORGANIZATION]
[GO_REGULATION_OF_ANION_TRANSPORT,GO_REGULATION_OF_ANION_TRANSPORT] was killed by [GO_NEGATIVE_REGULATION_OF_CELL_PROJECTION_ORGANIZATION,GO_NEGATIVE_REGULATION_OF_CELL_PROJECTION_ORGANIZATION]
[GO_STEROID_BINDING,GO_STEROID_BINDING] was killed by [GO_REGULATION_OF_LIPID_BIOSYNTHETIC_PROCESS,GO_REGULATION_OF_LIPID_BIOSYNTHETIC_PROCESS]
[GO_POSITIVE_REGULATION_OF_TYPE_I_INTERFERON_PRODUCTION,GO_POSITIVE_REGULATION_OF_TYPE_I_INTERFERON_PRODUCTION] was killed by [GO_POSITIVE_REGULATION_OF_VIRAL_PROCESS,GO_POSITIVE_REGULATION_OF_VIRAL_PROCESS]
[GO_REGULATION_OF_CALCIUM_ION_TRANSMEMBRANE_TRANSPORTER_ACTIVITY,GO_REGULATION_OF_CALCIUM_ION_TRANSMEMBRANE_TRANSPORTER_ACTIVITY] was killed by [GO_NEGATIVE_REGULATION_OF_ION_TRANSPORT,GO_NEGATIVE_REGULATION_OF_ION_TRANSPORT]
[GO_FATTY_ACID_BETA_OXIDATION,GO_FATTY_ACID_BETA_OXIDATION] was killed by [GO_NEGATIVE_REGULATION_OF_ION_TRANSPORT,GO_NEGATIVE_REGULATION_OF_ION_TRANSPORT]
[GO_SYNAPTIC_VESICLE_RECYCLING,GO_SYNAPTIC_VESICLE_RECYCLING] was killed by [GO_NEGATIVE_REGULATION_OF_CELL_PROJECTION_ORGANIZATION,GO_NEGATIVE_REGULATION_OF_CELL_PROJECTION_ORGANIZATION]
[GO_PHOSPHOLIPID_TRANSPORT,GO_PHOSPHOLIPID_TRANSPORT] was killed by [GO_REGULATION_OF_LIPID_BIOSYNTHETIC_PROCESS,GO_REGULATION_OF_LIPID_BIOSYNTHETIC_PROCESS]
[GO_NUCLEAR_MATRIX,GO_NUCLEAR_MATRIX] was killed by [GO_SPINDLE_MICROTUBULE,GO_SPINDLE_MICROTUBULE]
[GO_HISTONE_LYSINE_N_METHYLTRANSFERASE_ACTIVITY,GO_HISTONE_LYSINE_N_METHYLTRANSFERASE_ACTIVITY] was killed by [GO_PLACENTA_DEVELOPMENT,GO_PLACENTA_DEVELOPMENT]
