[GNF2_RRM1,GNF2_RRM1] was killed by [MORF_RFC4,MORF_RFC4]
[MORF_ANP32B,MORF_ANP32B] was killed by [MORF_NPM1,MORF_NPM1]
[GNF2_CASP1,GNF2_CASP1] was killed by [GNF2_HCK,GNF2_HCK]
[GNF2_FBL,GNF2_FBL] was killed by [MORF_NPM1,MORF_NPM1]
[GNF2_SMC4L1,GNF2_SMC4L1] was killed by [MORF_RFC4,MORF_RFC4]
[MORF_ACTG1,MORF_ACTG1] was killed by [MORF_NPM1,MORF_NPM1]
[GNF2_PCNA,GNF2_PCNA] was killed by [MORF_RFC4,MORF_RFC4]
[MORF_G22P1,MORF_G22P1] was killed by [MORF_NPM1,MORF_NPM1]
[MORF_PPP1CC,MORF_PPP1CC] was killed by [MORF_RFC4,MORF_RFC4]
[MORF_HAT1,MORF_HAT1] was killed by [MORF_RFC4,MORF_RFC4]
[GNF2_TNFRSF1B,GNF2_TNFRSF1B] was killed by [GNF2_HCK,GNF2_HCK]
[MORF_PRKDC,MORF_PRKDC] was killed by [MORF_RFC4,MORF_RFC4]
[MORF_EIF4A2,MORF_EIF4A2] was killed by [MORF_NPM1,MORF_NPM1]
[MORF_NME2,MORF_NME2] was killed by [MORF_NPM1,MORF_NPM1]
[GNF2_PA2G4,GNF2_PA2G4] was killed by [MORF_RFC4,MORF_RFC4]
[GNF2_EIF3S6,GNF2_EIF3S6] was killed by [MORF_NPM1,MORF_NPM1]
[GNF2_RFC4,GNF2_RFC4] was killed by [MORF_RFC4,MORF_RFC4]
[GNF2_CCNA2,GNF2_CCNA2] was killed by [MORF_RFC4,MORF_RFC4]
[MORF_DAP3,MORF_DAP3] was killed by [MORF_NPM1,MORF_NPM1]
[MORF_DNMT1,MORF_DNMT1] was killed by [MORF_RFC4,MORF_RFC4]
[GNF2_FEN1,GNF2_FEN1] was killed by [MORF_RFC4,MORF_RFC4]
[MORF_RRM1,MORF_RRM1] was killed by [MORF_RFC4,MORF_RFC4]
[MORF_TPT1,MORF_TPT1] was killed by [MORF_NPM1,MORF_NPM1]
[MORF_FBL,MORF_FBL] was killed by [MORF_NPM1,MORF_NPM1]
[GNF2_MCM5,GNF2_MCM5] was killed by [MORF_RFC4,MORF_RFC4]
[GNF2_CARD15,GNF2_CARD15] was killed by [GNF2_HCK,GNF2_HCK]
[GNF2_MCM4,GNF2_MCM4] was killed by [MORF_RFC4,MORF_RFC4]
[MORF_PPP2CA,MORF_PPP2CA] was killed by [MORF_NPM1,MORF_NPM1]
[MORF_RAD21,MORF_RAD21] was killed by [MORF_NPM1,MORF_NPM1]
[GNF2_DAP3,GNF2_DAP3] was killed by [MORF_NPM1,MORF_NPM1]
[GNF2_RAN,GNF2_RAN] was killed by [MORF_RFC4,MORF_RFC4]
[GCM_ACTG1,GCM_ACTG1] was killed by [MORF_NPM1,MORF_NPM1]
[GNF2_CENPF,GNF2_CENPF] was killed by [MORF_RFC4,MORF_RFC4]
[GCM_APEX1,GCM_APEX1] was killed by [MORF_NPM1,MORF_NPM1]
[GNF2_CCNB2,GNF2_CCNB2] was killed by [MORF_RFC4,MORF_RFC4]
[MORF_PCNA,MORF_PCNA] was killed by [MORF_NPM1,MORF_NPM1]
[MORF_RAD54L,MORF_RAD54L] was killed by [MORF_RFC4,MORF_RFC4]
[GNF2_HDAC1,GNF2_HDAC1] was killed by [GNF2_KPNB1,GNF2_KPNB1]
[GNF2_CDC20,GNF2_CDC20] was killed by [MORF_RFC4,MORF_RFC4]
[GNF2_APEX1,GNF2_APEX1] was killed by [MORF_NPM1,MORF_NPM1]
[MORF_EIF3S6,MORF_EIF3S6] was killed by [MORF_NPM1,MORF_NPM1]
[MORF_CDC10,MORF_CDC10] was killed by [MORF_RFC4,MORF_RFC4]
[MORF_CTBP1,MORF_CTBP1] was killed by [MORF_NPM1,MORF_NPM1]
[GCM_NPM1,GCM_NPM1] was killed by [MORF_NPM1,MORF_NPM1]
[MORF_RAB1A,MORF_RAB1A] was killed by [MORF_PSMC1,MORF_PSMC1]
[GNF2_XRCC5,GNF2_XRCC5] was killed by [MORF_RFC4,MORF_RFC4]
[MORF_MSH2,MORF_MSH2] was killed by [MORF_RFC4,MORF_RFC4]
[GNF2_S100A4,GNF2_S100A4] was killed by [GNF2_HCK,GNF2_HCK]
[GNF2_CKS2,GNF2_CKS2] was killed by [MORF_RFC4,MORF_RFC4]
[GCM_CSNK2B,GCM_CSNK2B] was killed by [MORF_NPM1,MORF_NPM1]
[GNF2_CDC2,GNF2_CDC2] was killed by [MORF_RFC4,MORF_RFC4]
[MORF_PTPN11,MORF_PTPN11] was killed by [MORF_RFC4,MORF_RFC4]
[GNF2_ITGB2,GNF2_ITGB2] was killed by [GNF2_HCK,GNF2_HCK]
[GNF2_RFC3,GNF2_RFC3] was killed by [MORF_RFC4,MORF_RFC4]
[GNF2_HPX,GNF2_HPX] was killed by [CAR_HPX,CAR_HPX]
[MORF_IL4,MORF_IL4] was killed by [MORF_PSMC1,MORF_PSMC1]
[MORF_SMC1L1,MORF_SMC1L1] was killed by [MORF_RFC4,MORF_RFC4]
[GNF2_ST13,GNF2_ST13] was killed by [MORF_NPM1,MORF_NPM1]
[MORF_BUB1,MORF_BUB1] was killed by [MORF_RFC4,MORF_RFC4]
[MORF_PPP6C,MORF_PPP6C] was killed by [MORF_PSMC1,MORF_PSMC1]
[MORF_CTSB,MORF_CTSB] was killed by [MORF_PSMC1,MORF_PSMC1]
[MORF_PPP1CA,MORF_PPP1CA] was killed by [MORF_NPM1,MORF_NPM1]
[GNF2_MCL1,GNF2_MCL1] was killed by [GNF2_HCK,GNF2_HCK]
[MORF_UBE2N,MORF_UBE2N] was killed by [MORF_RFC4,MORF_RFC4]
[MORF_UNG,MORF_UNG] was killed by [MORF_RFC4,MORF_RFC4]
[MORF_JUND,MORF_JUND] was killed by [MORF_NPM1,MORF_NPM1]
[MORF_WNT1,MORF_WNT1] was killed by [MORF_MAP3K14,MORF_MAP3K14]
[GNF2_DEK,GNF2_DEK] was killed by [MORF_RFC4,MORF_RFC4]
[MORF_BUB1B,MORF_BUB1B] was killed by [MORF_RFC4,MORF_RFC4]
[GNF2_CENPE,GNF2_CENPE] was killed by [MORF_RFC4,MORF_RFC4]
[MORF_AP3D1,MORF_AP3D1] was killed by [MORF_RFC4,MORF_RFC4]
[MORF_RAB5A,MORF_RAB5A] was killed by [MORF_PSMC1,MORF_PSMC1]
[GNF2_MLH1,GNF2_MLH1] was killed by [MORF_RFC4,MORF_RFC4]
[GCM_DDX5,GCM_DDX5] was killed by [MORF_NPM1,MORF_NPM1]
[GNF2_HPN,GNF2_HPN] was killed by [CAR_HPX,CAR_HPX]
[MORF_FEN1,MORF_FEN1] was killed by [MORF_RFC4,MORF_RFC4]
[MORF_PAPSS1,MORF_PAPSS1] was killed by [MORF_RFC4,MORF_RFC4]
[GCM_TPT1,GCM_TPT1] was killed by [MORF_NPM1,MORF_NPM1]
[GCM_CBFB,GCM_CBFB] was killed by [MORF_NPM1,MORF_NPM1]
[GNF2_BUB1B,GNF2_BUB1B] was killed by [MORF_RFC4,MORF_RFC4]
[GNF2_HMMR,GNF2_HMMR] was killed by [MORF_RFC4,MORF_RFC4]
[GNF2_MSH2,GNF2_MSH2] was killed by [MORF_RFC4,MORF_RFC4]
[MORF_EI24,MORF_EI24] was killed by [MORF_RFC4,MORF_RFC4]
[GNF2_CKS1B,GNF2_CKS1B] was killed by [MORF_RFC4,MORF_RFC4]
[MORF_MAP2K2,MORF_MAP2K2] was killed by [MORF_RFC4,MORF_RFC4]
[GNF2_LCAT,GNF2_LCAT] was killed by [CAR_HPX,CAR_HPX]
[MORF_CDH4,MORF_CDH4] was killed by [MORF_MAP2K7,MORF_MAP2K7]
[GNF2_TTK,GNF2_TTK] was killed by [MORF_RFC4,MORF_RFC4]
[MORF_ESPL1,MORF_ESPL1] was killed by [MORF_RFC4,MORF_RFC4]
[MORF_CDC16,MORF_CDC16] was killed by [MORF_RFC4,MORF_RFC4]
[GNF2_HAT1,GNF2_HAT1] was killed by [MORF_RFC4,MORF_RFC4]
[GNF2_SMC2L1,GNF2_SMC2L1] was killed by [MORF_RFC4,MORF_RFC4]
[GNF2_CD1D,GNF2_CD1D] was killed by [GNF2_HCK,GNF2_HCK]
[MORF_ERH,MORF_ERH] was killed by [MORF_NPM1,MORF_NPM1]
[MORF_RPA1,MORF_RPA1] was killed by [MORF_RFC4,MORF_RFC4]
[MORF_PRKAR1A,MORF_PRKAR1A] was killed by [MORF_PSMC1,MORF_PSMC1]
[GCM_MYST2,GCM_MYST2] was killed by [GCM_MLL,GCM_MLL]
[GNF2_RRM2,GNF2_RRM2] was killed by [MORF_RFC4,MORF_RFC4]
[MORF_LCAT,MORF_LCAT] was killed by [MORF_MAP3K14,MORF_MAP3K14]
[MORF_SART1,MORF_SART1] was killed by [MORF_NPM1,MORF_NPM1]
[GCM_DFFA,GCM_DFFA] was killed by [GCM_MLL,GCM_MLL]
[GNF2_RBBP6,GNF2_RBBP6] was killed by [MORF_NPM1,MORF_NPM1]
[GNF2_PECAM1,GNF2_PECAM1] was killed by [GNF2_HCK,GNF2_HCK]
[CAR_IGFBP1,CAR_IGFBP1] was killed by [CAR_HPX,CAR_HPX]
[MORF_RAF1,MORF_RAF1] was killed by [MORF_RFC4,MORF_RFC4]
[GNF2_CD33,GNF2_CD33] was killed by [GNF2_HCK,GNF2_HCK]
[MORF_BCL2L11,MORF_BCL2L11] was killed by [MORF_NPM1,MORF_NPM1]
[GCM_UBE2N,GCM_UBE2N] was killed by [GCM_MLL,GCM_MLL]
[GNF2_FGR,GNF2_FGR] was killed by [GNF2_HCK,GNF2_HCK]
[GNF2_MYD88,GNF2_MYD88] was killed by [GNF2_HCK,GNF2_HCK]
[MORF_EPHA7,MORF_EPHA7] was killed by [MORF_PSMC1,MORF_PSMC1]
[MORF_RAD23B,MORF_RAD23B] was killed by [MORF_PSMC1,MORF_PSMC1]
[MORF_CCNI,MORF_CCNI] was killed by [MORF_NPM1,MORF_NPM1]
[MORF_CUL1,MORF_CUL1] was killed by [MORF_RFC4,MORF_RFC4]
[GNF2_TPT1,GNF2_TPT1] was killed by [MORF_NPM1,MORF_NPM1]
[MORF_CD8A,MORF_CD8A] was killed by [MORF_MAP2K7,MORF_MAP2K7]
[GNF2_PTPN6,GNF2_PTPN6] was killed by [GNF2_STAT6,GNF2_STAT6]
[MORF_SP3,MORF_SP3] was killed by [MORF_RFC4,MORF_RFC4]
[GCM_GSPT1,GCM_GSPT1] was killed by [GCM_MLL,GCM_MLL]
[MORF_TERF1,MORF_TERF1] was killed by [MORF_NPM1,MORF_NPM1]
[MORF_DAP,MORF_DAP] was killed by [MORF_PSMC1,MORF_PSMC1]
[MORF_MTA1,MORF_MTA1] was killed by [MORF_RFC4,MORF_RFC4]
[GNF2_NPM1,GNF2_NPM1] was killed by [MORF_NPM1,MORF_NPM1]
[GNF2_TIMP2,GNF2_TIMP2] was killed by [GNF2_KISS1,GNF2_KISS1]
[MORF_GSPT1,MORF_GSPT1] was killed by [MORF_RFC4,MORF_RFC4]
[MORF_FRK,MORF_FRK] was killed by [MORF_MAP3K14,MORF_MAP3K14]
[MORF_PPP2R4,MORF_PPP2R4] was killed by [MORF_PSMC1,MORF_PSMC1]
[GNF2_MLF1,GNF2_MLF1] was killed by [GNF2_CCNA1,GNF2_CCNA1]
[GNF2_EGFR,GNF2_EGFR] was killed by [GNF2_KISS1,GNF2_KISS1]
[GNF2_PTPRC,GNF2_PTPRC] was killed by [GNF2_STAT6,GNF2_STAT6]
[MORF_TNFRSF6,MORF_TNFRSF6] was killed by [MORF_NPM1,MORF_NPM1]
[GNF2_TNFSF10,GNF2_TNFSF10] was killed by [GNF2_HCK,GNF2_HCK]
[GNF2_MSH6,GNF2_MSH6] was killed by [MORF_RFC4,MORF_RFC4]
[GNF2_DENR,GNF2_DENR] was killed by [GNF2_KPNB1,GNF2_KPNB1]
[GNF2_NS,GNF2_NS] was killed by [MORF_RFC4,MORF_RFC4]
[GNF2_ESPL1,GNF2_ESPL1] was killed by [MORF_RFC4,MORF_RFC4]
[GNF2_SELL,GNF2_SELL] was killed by [GNF2_HCK,GNF2_HCK]
[GNF2_GSTM1,GNF2_GSTM1] was killed by [CAR_HPX,CAR_HPX]
[GNF2_CD14,GNF2_CD14] was killed by [GNF2_HCK,GNF2_HCK]
[MORF_RPA2,MORF_RPA2] was killed by [MORF_RFC4,MORF_RFC4]
[MORF_PSMC2,MORF_PSMC2] was killed by [MORF_PSMC1,MORF_PSMC1]
[GCM_PPP1CC,GCM_PPP1CC] was killed by [MORF_NPM1,MORF_NPM1]
[GCM_PSME1,GCM_PSME1] was killed by [MORF_NPM1,MORF_NPM1]
[GNF2_TDG,GNF2_TDG] was killed by [MORF_RFC4,MORF_RFC4]
[MORF_DEAF1,MORF_DEAF1] was killed by [MORF_RFC4,MORF_RFC4]
[GCM_MAX,GCM_MAX] was killed by [GNF2_KPNB1,GNF2_KPNB1]
[GNF2_MMP11,GNF2_MMP11] was killed by [GNF2_KISS1,GNF2_KISS1]
[MORF_IL9,MORF_IL9] was killed by [MORF_MAP3K14,MORF_MAP3K14]
[MORF_RAB3A,MORF_RAB3A] was killed by [MORF_MAP3K14,MORF_MAP3K14]
[MORF_EIF4E,MORF_EIF4E] was killed by [MORF_RFC4,MORF_RFC4]
[GNF2_ICAM3,GNF2_ICAM3] was killed by [GNF2_HCK,GNF2_HCK]
[GNF2_SERPINI2,GNF2_SERPINI2] was killed by [GNF2_SPINK1,GNF2_SPINK1]
[MORF_PRKCA,MORF_PRKCA] was killed by [MORF_NPM1,MORF_NPM1]
[MORF_RAB6A,MORF_RAB6A] was killed by [MORF_RFC4,MORF_RFC4]
[GNF2_FOS,GNF2_FOS] was killed by [GNF2_HCK,GNF2_HCK]
[GNF2_H2AFX,GNF2_H2AFX] was killed by [MORF_RFC4,MORF_RFC4]
[GNF2_ANP32B,GNF2_ANP32B] was killed by [MORF_RFC4,MORF_RFC4]
[MORF_SNRP70,MORF_SNRP70] was killed by [MORF_NPM1,MORF_NPM1]
[GNF2_CDKN1C,GNF2_CDKN1C] was killed by [GNF2_KISS1,GNF2_KISS1]
[GNF2_CD53,GNF2_CD53] was killed by [GNF2_STAT6,GNF2_STAT6]
[MORF_ATOX1,MORF_ATOX1] was killed by [MORF_PSMC1,MORF_PSMC1]
[MORF_TERF2IP,MORF_TERF2IP] was killed by [MORF_MAP2K7,MORF_MAP2K7]
[MORF_PTPRR,MORF_PTPRR] was killed by [MORF_MAP2K7,MORF_MAP2K7]
[MORF_BAG5,MORF_BAG5] was killed by [MORF_PSMC1,MORF_PSMC1]
[GCM_HMGA2,GCM_HMGA2] was killed by [MORF_NPM1,MORF_NPM1]
[GNF2_GLTSCR2,GNF2_GLTSCR2] was killed by [MORF_NPM1,MORF_NPM1]
[MORF_THPO,MORF_THPO] was killed by [MORF_NPM1,MORF_NPM1]
[GNF2_HLA_C,GNF2_HLA_C] was killed by [GNF2_STAT6,GNF2_STAT6]
[GNF2_TST,GNF2_TST] was killed by [MORF_PSMC1,MORF_PSMC1]
[GCM_ZNF198,GCM_ZNF198] was killed by [MORF_PSMC1,MORF_PSMC1]
[MORF_MBD4,MORF_MBD4] was killed by [MORF_PSMC1,MORF_PSMC1]
[MORF_DCC,MORF_DCC] was killed by [MORF_PSMC1,MORF_PSMC1]
[GNF2_BUB1,GNF2_BUB1] was killed by [MORF_RFC4,MORF_RFC4]
[GNF2_SPI1,GNF2_SPI1] was killed by [GNF2_HCK,GNF2_HCK]
[MORF_GMPS,MORF_GMPS] was killed by [MORF_RFC4,MORF_RFC4]
[GCM_ING1,GCM_ING1] was killed by [GCM_MLL,GCM_MLL]
[GNF2_IGFBP1,GNF2_IGFBP1] was killed by [GNF2_KISS1,GNF2_KISS1]
[GCM_HBP1,GCM_HBP1] was killed by [GCM_MLL,GCM_MLL]
[MORF_GPX4,MORF_GPX4] was killed by [MORF_PSMC1,MORF_PSMC1]
[MORF_PRDX3,MORF_PRDX3] was killed by [MORF_RFC4,MORF_RFC4]
[MORF_XPC,MORF_XPC] was killed by [MORF_PSMC1,MORF_PSMC1]
[GNF2_VAV1,GNF2_VAV1] was killed by [GNF2_STAT6,GNF2_STAT6]
[MORF_KDR,MORF_KDR] was killed by [MORF_MAP2K7,MORF_MAP2K7]
[MORF_TPR,MORF_TPR] was killed by [MORF_NPM1,MORF_NPM1]
[GNF2_TM4SF2,GNF2_TM4SF2] was killed by [GNF2_DNM1,GNF2_DNM1]
[GNF2_UBE2I,GNF2_UBE2I] was killed by [MORF_NPM1,MORF_NPM1]
[GCM_RAF1,GCM_RAF1] was killed by [MORF_NPM1,MORF_NPM1]
[GNF2_ELAC2,GNF2_ELAC2] was killed by [GNF2_KPNB1,GNF2_KPNB1]
[MORF_LTK,MORF_LTK] was killed by [MORF_NPM1,MORF_NPM1]
[GNF2_SERPINB5,GNF2_SERPINB5] was killed by [GNF2_CDH3,GNF2_CDH3]
[GNF2_MSN,GNF2_MSN] was killed by [GNF2_STAT6,GNF2_STAT6]
[GCM_NUMA1,GCM_NUMA1] was killed by [GCM_MLL,GCM_MLL]
[GNF2_BUB3,GNF2_BUB3] was killed by [MORF_RFC4,MORF_RFC4]
[GCM_ERBB2IP,GCM_ERBB2IP] was killed by [GCM_RAB10,GCM_RAB10]
[MORF_CDK2,MORF_CDK2] was killed by [MORF_RFC4,MORF_RFC4]
[GNF2_G22P1,GNF2_G22P1] was killed by [MORF_NPM1,MORF_NPM1]
[MORF_CSNK1D,MORF_CSNK1D] was killed by [MORF_BECN1,MORF_BECN1]
[MORF_FLT1,MORF_FLT1] was killed by [MORF_NPM1,MORF_NPM1]
[GNF2_CEBPA,GNF2_CEBPA] was killed by [CAR_HPX,CAR_HPX]
[GNF2_RTN1,GNF2_RTN1] was killed by [GNF2_DNM1,GNF2_DNM1]
[MORF_STK17A,MORF_STK17A] was killed by [MORF_NPM1,MORF_NPM1]
[GNF2_PAK2,GNF2_PAK2] was killed by [GNF2_STAT6,GNF2_STAT6]
[GNF2_CD97,GNF2_CD97] was killed by [GNF2_STAT6,GNF2_STAT6]
[MORF_RFC1,MORF_RFC1] was killed by [MORF_NPM1,MORF_NPM1]
[GCM_MAP4K4,GCM_MAP4K4] was killed by [MORF_RFC4,MORF_RFC4]
[GNF2_BNIP2,GNF2_BNIP2] was killed by [GNF2_STAT6,GNF2_STAT6]
[GCM_RAD21,GCM_RAD21] was killed by [MORF_NPM1,MORF_NPM1]
[GNF2_MAPT,GNF2_MAPT] was killed by [GNF2_DNM1,GNF2_DNM1]
[MORF_UBE2A,MORF_UBE2A] was killed by [MORF_BECN1,MORF_BECN1]
[GNF2_MKI67,GNF2_MKI67] was killed by [MORF_RFC4,MORF_RFC4]
[MORF_ARAF1,MORF_ARAF1] was killed by [MORF_BECN1,MORF_BECN1]
[GCM_BCL2L1,GCM_BCL2L1] was killed by [GCM_MLL,GCM_MLL]
[MORF_ETV3,MORF_ETV3] was killed by [MORF_MAP2K7,MORF_MAP2K7]
[GNF2_RAP1B,GNF2_RAP1B] was killed by [GNF2_STAT6,GNF2_STAT6]
[GNF2_RPA1,GNF2_RPA1] was killed by [MORF_RFC4,MORF_RFC4]
[GCM_RAN,GCM_RAN] was killed by [GNF2_HCK,GNF2_HCK]
[GCM_RBM8A,GCM_RBM8A] was killed by [GCM_MLL,GCM_MLL]
[GNF2_INPP5D,GNF2_INPP5D] was killed by [GNF2_STAT6,GNF2_STAT6]
[GCM_CSNK1D,GCM_CSNK1D] was killed by [GCM_MLL,GCM_MLL]
[MORF_USP5,MORF_USP5] was killed by [MORF_RFC4,MORF_RFC4]
[MORF_PDCD1,MORF_PDCD1] was killed by [MORF_PSMC1,MORF_PSMC1]
[GNF2_PPP6C,GNF2_PPP6C] was killed by [GNF2_KPNB1,GNF2_KPNB1]
[GCM_CSNK1A1,GCM_CSNK1A1] was killed by [GCM_MLL,GCM_MLL]
[GNF2_RAB3A,GNF2_RAB3A] was killed by [GNF2_DNM1,GNF2_DNM1]
[MORF_DMPK,MORF_DMPK] was killed by [MORF_NPM1,MORF_NPM1]
[GNF2_CASP4,GNF2_CASP4] was killed by [GNF2_HCK,GNF2_HCK]
[GNF2_MBD4,GNF2_MBD4] was killed by [MORF_NPM1,MORF_NPM1]
[MORF_BNIP1,MORF_BNIP1] was killed by [MORF_NPM1,MORF_NPM1]
[MORF_MYL3,MORF_MYL3] was killed by [MORF_PSMC1,MORF_PSMC1]
[MORF_NF1,MORF_NF1] was killed by [MORF_NPM1,MORF_NPM1]
[GNF2_MMP1,GNF2_MMP1] was killed by [GNF2_PTX3,GNF2_PTX3]
[GNF2_CD48,GNF2_CD48] was killed by [GNF2_STAT6,GNF2_STAT6]
[MORF_BMI1,MORF_BMI1] was killed by [MORF_RFC4,MORF_RFC4]
[GCM_CHUK,GCM_CHUK] was killed by [GCM_MLL,GCM_MLL]
[GCM_FANCC,GCM_FANCC] was killed by [GCM_MLL,GCM_MLL]
[GCM_BAG5,GCM_BAG5] was killed by [GCM_MLL,GCM_MLL]
[GNF2_MYL3,GNF2_MYL3] was killed by [GNF2_MYL2,GNF2_MYL2]
[MORF_PPP2R5E,MORF_PPP2R5E] was killed by [GCM_MLL,GCM_MLL]
[GCM_PTK2,GCM_PTK2] was killed by [MORF_RFC4,MORF_RFC4]
[GNF2_SMC1L1,GNF2_SMC1L1] was killed by [GNF2_KPNB1,GNF2_KPNB1]
[MORF_CASP10,MORF_CASP10] was killed by [MORF_NPM1,MORF_NPM1]
[MORF_RAB11A,MORF_RAB11A] was killed by [MORF_PSMC1,MORF_PSMC1]
[GNF2_CBFB,GNF2_CBFB] was killed by [GNF2_KPNB1,GNF2_KPNB1]
[GCM_SMARCD1,GCM_SMARCD1] was killed by [MORF_NPM1,MORF_NPM1]
[GCM_RING1,GCM_RING1] was killed by [GCM_MLL,GCM_MLL]
[GCM_PFN1,GCM_PFN1] was killed by [MORF_NPM1,MORF_NPM1]
[GNF2_ITGAL,GNF2_ITGAL] was killed by [GNF2_DDX5,GNF2_DDX5]
[MORF_PHB,MORF_PHB] was killed by [MORF_RFC4,MORF_RFC4]
[GNF2_AF1Q,GNF2_AF1Q] was killed by [GNF2_DNM1,GNF2_DNM1]
[MORF_RAGE,MORF_RAGE] was killed by [MORF_NPM1,MORF_NPM1]
[GCM_CALM1,GCM_CALM1] was killed by [MORF_RFC4,MORF_RFC4]
[GCM_PRKCG,GCM_PRKCG] was killed by [GCM_MLL,GCM_MLL]
[GNF2_CDH11,GNF2_CDH11] was killed by [GNF2_PTX3,GNF2_PTX3]
[MORF_ESR1,MORF_ESR1] was killed by [MORF_NPM1,MORF_NPM1]
[GCM_LTK,GCM_LTK] was killed by [GCM_CDH5,GCM_CDH5]
[GCM_TINF2,GCM_TINF2] was killed by [GCM_MLL,GCM_MLL]
[GCM_BMPR2,GCM_BMPR2] was killed by [MORF_RFC4,MORF_RFC4]
[GCM_BNIP1,GCM_BNIP1] was killed by [MORF_NPM1,MORF_NPM1]
[GCM_TPR,GCM_TPR] was killed by [MORF_RFC4,MORF_RFC4]
[GCM_CASP2,GCM_CASP2] was killed by [GCM_MLL,GCM_MLL]
[GCM_CRKL,GCM_CRKL] was killed by [GCM_MLL,GCM_MLL]
[MORF_JAK3,MORF_JAK3] was killed by [MORF_NPM1,MORF_NPM1]
[GNF2_LYN,GNF2_LYN] was killed by [GNF2_STAT6,GNF2_STAT6]
[CAR_MLANA,CAR_MLANA] was killed by [MORF_MAP2K7,MORF_MAP2K7]
[MORF_RUNX1,MORF_RUNX1] was killed by [MORF_NPM1,MORF_NPM1]
[MORF_PPP2R5B,MORF_PPP2R5B] was killed by [MORF_NPM1,MORF_NPM1]
[MORF_SS18,MORF_SS18] was killed by [MORF_PSMC1,MORF_PSMC1]
[GNF2_SNRK,GNF2_SNRK] was killed by [GNF2_DDX5,GNF2_DDX5]
[GCM_PTPRU,GCM_PTPRU] was killed by [GCM_CDH5,GCM_CDH5]
[MORF_PML,MORF_PML] was killed by [MORF_NPM1,MORF_NPM1]
[GCM_MAPK10,GCM_MAPK10] was killed by [MORF_NPM1,MORF_NPM1]
[MORF_RBM8A,MORF_RBM8A] was killed by [MORF_NPM1,MORF_NPM1]
[GNF2_CYP2B6,GNF2_CYP2B6] was killed by [MORF_PSMC1,MORF_PSMC1]
[MORF_ITGA2,MORF_ITGA2] was killed by [MORF_PSMC1,MORF_PSMC1]
[MORF_TTN,MORF_TTN] was killed by [MORF_PSMC1,MORF_PSMC1]
[MORF_REV3L,MORF_REV3L] was killed by [MORF_PSMC1,MORF_PSMC1]
[GNF2_CASP8,GNF2_CASP8] was killed by [GNF2_DDX5,GNF2_DDX5]
[GCM_DLG1,GCM_DLG1] was killed by [MORF_NPM1,MORF_NPM1]
[GCM_SUFU,GCM_SUFU] was killed by [MORF_NPM1,MORF_NPM1]
[GCM_MSN,GCM_MSN] was killed by [MORF_NPM1,MORF_NPM1]
[MORF_MYC,MORF_MYC] was killed by [MORF_NPM1,MORF_NPM1]
[GCM_ANP32B,GCM_ANP32B] was killed by [MORF_NPM1,MORF_NPM1]
[GCM_DDX11,GCM_DDX11] was killed by [GCM_MLL,GCM_MLL]
[GNF2_TYK2,GNF2_TYK2] was killed by [GNF2_STAT6,GNF2_STAT6]
[GCM_FCGR2B,GCM_FCGR2B] was killed by [GCM_CDH5,GCM_CDH5]
[GCM_NCAM1,GCM_NCAM1] was killed by [GNF2_HCK,GNF2_HCK]
[GCM_DEAF1,GCM_DEAF1] was killed by [GCM_RAB10,GCM_RAB10]
[GCM_ATM,GCM_ATM] was killed by [GCM_CDH5,GCM_CDH5]
[GCM_USP6,GCM_USP6] was killed by [MORF_NPM1,MORF_NPM1]
[MORF_THRA,MORF_THRA] was killed by [MORF_NPM1,MORF_NPM1]
[GCM_IL6ST,GCM_IL6ST] was killed by [MORF_NPM1,MORF_NPM1]
[MORF_JAG1,MORF_JAG1] was killed by [MORF_NPM1,MORF_NPM1]
[GCM_DPF2,GCM_DPF2] was killed by [GCM_CDH5,GCM_CDH5]
[GNF2_TAL1,GNF2_TAL1] was killed by [MORF_PSMC1,MORF_PSMC1]
[GCM_DENR,GCM_DENR] was killed by [MORF_PSMC1,MORF_PSMC1]
[MORF_RAP1A,MORF_RAP1A] was killed by [MORF_NPM1,MORF_NPM1]
[GNF2_PTPN4,GNF2_PTPN4] was killed by [MORF_NPM1,MORF_NPM1]
[GCM_FANCL,GCM_FANCL] was killed by [GCM_MLL,GCM_MLL]
[GNF2_IGF1,GNF2_IGF1] was killed by [CAR_HPX,CAR_HPX]
[GNF2_IL2RB,GNF2_IL2RB] was killed by [MORF_NPM1,MORF_NPM1]
[GCM_HDAC1,GCM_HDAC1] was killed by [MORF_NPM1,MORF_NPM1]
[MORF_ZNF10,MORF_ZNF10] was killed by [MORF_NPM1,MORF_NPM1]
[MORF_IKBKG,MORF_IKBKG] was killed by [MORF_NPM1,MORF_NPM1]
[MORF_PPP5C,MORF_PPP5C] was killed by [MORF_NPM1,MORF_NPM1]
[CAR_WBSCR22,CAR_WBSCR22] was killed by [MORF_PSMC1,MORF_PSMC1]
[GCM_MAP1B,GCM_MAP1B] was killed by [MORF_RFC4,MORF_RFC4]
[MORF_MYST2,MORF_MYST2] was killed by [MORF_RFC4,MORF_RFC4]
[GCM_SIRT2,GCM_SIRT2] was killed by [MORF_NPM1,MORF_NPM1]
[GNF2_ANK1,GNF2_ANK1] was killed by [MORF_NPM1,MORF_NPM1]
[GNF2_SPTB,GNF2_SPTB] was killed by [MORF_NPM1,MORF_NPM1]
[GCM_MYCL1,GCM_MYCL1] was killed by [GCM_CDH5,GCM_CDH5]
[GCM_TEC,GCM_TEC] was killed by [GCM_CDH5,GCM_CDH5]
[MORF_BMPR2,MORF_BMPR2] was killed by [MORF_NPM1,MORF_NPM1]
[MORF_LMO1,MORF_LMO1] was killed by [MORF_NPM1,MORF_NPM1]
[GCM_SMO,GCM_SMO] was killed by [MORF_NPM1,MORF_NPM1]
[GCM_ERCC4,GCM_ERCC4] was killed by [GCM_CDH5,GCM_CDH5]
[MORF_RFC5,MORF_RFC5] was killed by [MORF_NPM1,MORF_NPM1]
[MORF_HEAB,MORF_HEAB] was killed by [MORF_NPM1,MORF_NPM1]
[GCM_PRKAG1,GCM_PRKAG1] was killed by [MORF_NPM1,MORF_NPM1]
[GCM_AIP,GCM_AIP] was killed by [MORF_RFC4,MORF_RFC4]
[GCM_VAV1,GCM_VAV1] was killed by [MORF_NPM1,MORF_NPM1]
[CAR_MYST2,CAR_MYST2] was killed by [CAR_TNFRSF25,CAR_TNFRSF25]
[GNF2_ATM,GNF2_ATM] was killed by [MORF_NPM1,MORF_NPM1]
[MORF_PTEN,MORF_PTEN] was killed by [MORF_NPM1,MORF_NPM1]
[GCM_SUPT4H1,GCM_SUPT4H1] was killed by [MORF_NPM1,MORF_NPM1]
[MORF_ORC1L,MORF_ORC1L] was killed by [MORF_RFC4,MORF_RFC4]
[GCM_PTPRD,GCM_PTPRD] was killed by [MORF_NPM1,MORF_NPM1]
[MORF_PRKACA,MORF_PRKACA] was killed by [MORF_NPM1,MORF_NPM1]
[MORF_PTPN9,MORF_PTPN9] was killed by [MORF_NPM1,MORF_NPM1]
[GCM_GSTA4,GCM_GSTA4] was killed by [GNF2_HCK,GNF2_HCK]
[MORF_PDPK1,MORF_PDPK1] was killed by [MORF_NPM1,MORF_NPM1]
[MORF_ERCC2,MORF_ERCC2] was killed by [MORF_NPM1,MORF_NPM1]
[MORF_DDX11,MORF_DDX11] was killed by [MORF_NPM1,MORF_NPM1]
[GCM_PPM1D,GCM_PPM1D] was killed by [MORF_NPM1,MORF_NPM1]
[GCM_BECN1,GCM_BECN1] was killed by [GNF2_HCK,GNF2_HCK]
[MORF_CNTN1,MORF_CNTN1] was killed by [MORF_NPM1,MORF_NPM1]
[GNF2_SPTA1,GNF2_SPTA1] was killed by [MORF_NPM1,MORF_NPM1]
[GCM_RAP2A,GCM_RAP2A] was killed by [MORF_RFC4,MORF_RFC4]
[GNF2_PCAF,GNF2_PCAF] was killed by [MORF_NPM1,MORF_NPM1]
[MORF_CASP2,MORF_CASP2] was killed by [MORF_NPM1,MORF_NPM1]
[MORF_PSMF1,MORF_PSMF1] was killed by [MORF_NPM1,MORF_NPM1]
[MORF_FANCG,MORF_FANCG] was killed by [MORF_NPM1,MORF_NPM1]
[MORF_CDC2L5,MORF_CDC2L5] was killed by [MORF_NPM1,MORF_NPM1]
[GNF2_RAD23A,GNF2_RAD23A] was killed by [MORF_NPM1,MORF_NPM1]
[GNF2_MAP2K3,GNF2_MAP2K3] was killed by [GNF2_HCK,GNF2_HCK]
[GNF2_BNIP3L,GNF2_BNIP3L] was killed by [MORF_NPM1,MORF_NPM1]
[GNF2_CDC27,GNF2_CDC27] was killed by [GNF2_HCK,GNF2_HCK]
