[MIR4790_3P,MIR4790_3P] was killed by [MIR605_5P,MIR605_5P]
[MIR1178_3P,MIR1178_3P] was killed by [MIR605_5P,MIR605_5P]
[MIR21_5P,MIR21_5P] was killed by [AGCATTA_MIR155,AGCATTA_MIR155]
[MIR202_5P,MIR202_5P] was killed by [MIR337_3P,MIR337_3P]
[MIR4521,MIR4521] was killed by [MIR605_5P,MIR605_5P]
[MIR5579_3P,MIR5579_3P] was killed by [AGCATTA_MIR155,AGCATTA_MIR155]
[MIR194_5P,MIR194_5P] was killed by [AGCATTA_MIR155,AGCATTA_MIR155]
[CDP_02,CDP_02] was killed by [MIR106A_3P,MIR106A_3P]
[MIR3925_5P,MIR3925_5P] was killed by [MIR630,MIR630]
[MIR383_3P,MIR383_3P] was killed by [MIR12115,MIR12115]
[MIR26B_3P,MIR26B_3P] was killed by [MIR12115,MIR12115]
[MIR3192_3P,MIR3192_3P] was killed by [MIR630,MIR630]
[MIR4493,MIR4493] was killed by [MIR520E_5P,MIR520E_5P]
[MIR4728_3P,MIR4728_3P] was killed by [MIR520E_5P,MIR520E_5P]
[MIR6792_5P,MIR6792_5P] was killed by [MIR520E_5P,MIR520E_5P]
[ATAGGAA_MIR202,ATAGGAA_MIR202] was killed by [MIR337_3P,MIR337_3P]
[MIR4739,MIR4739] was killed by [AGCATTA_MIR155,AGCATTA_MIR155]
[MIR590_5P,MIR590_5P] was killed by [AGCATTA_MIR155,AGCATTA_MIR155]
[MIR648,MIR648] was killed by [MIR630,MIR630]
[MIR508_3P,MIR508_3P] was killed by [MIR605_5P,MIR605_5P]
[MIR4491,MIR4491] was killed by [MIR297,MIR297]
[MIR4657,MIR4657] was killed by [MIR297,MIR297]
[MIR4680_5P,MIR4680_5P] was killed by [MIR337_3P,MIR337_3P]
[MIR190A_5P,MIR190A_5P] was killed by [MIR297,MIR297]
