[REACTOME_DNA_REPLICATION,REACTOME_DNA_REPLICATION] was killed by [REACTOME_S_PHASE,REACTOME_S_PHASE]
[REACTOME_APC_C_CDH1_MEDIATED_DEGRADATION_OF_CDC20_AND_OTHER_APC_C_CDH1_TARGETED_PROTEINS_IN_LATE_MITOSIS_EARLY_G1,REACTOME_APC_C_CDH1_MEDIATED_DEGRADATION_OF_CDC20_AND_OTHER_APC_C_CDH1_TARGETED_PROTEINS_IN_LATE_MITOSIS_EARLY_G1] was killed by [REACTOME_S_PHASE,REACTOME_S_PHASE]
[REACTOME_MITOTIC_G1_PHASE_AND_G1_S_TRANSITION,REACTOME_MITOTIC_G1_PHASE_AND_G1_S_TRANSITION] was killed by [REACTOME_S_PHASE,REACTOME_S_PHASE]
[REACTOME_REGULATION_OF_HMOX1_EXPRESSION_AND_ACTIVITY,REACTOME_REGULATION_OF_HMOX1_EXPRESSION_AND_ACTIVITY] was killed by [REACTOME_S_PHASE,REACTOME_S_PHASE]
[REACTOME_REGULATION_OF_PTEN_STABILITY_AND_ACTIVITY,REACTOME_REGULATION_OF_PTEN_STABILITY_AND_ACTIVITY] was killed by [REACTOME_S_PHASE,REACTOME_S_PHASE]
[REACTOME_DEGRADATION_OF_BETA_CATENIN_BY_THE_DESTRUCTION_COMPLEX,REACTOME_DEGRADATION_OF_BETA_CATENIN_BY_THE_DESTRUCTION_COMPLEX] was killed by [REACTOME_S_PHASE,REACTOME_S_PHASE]
[REACTOME_DECTIN_1_MEDIATED_NONCANONICAL_NF_KB_SIGNALING,REACTOME_DECTIN_1_MEDIATED_NONCANONICAL_NF_KB_SIGNALING] was killed by [REACTOME_S_PHASE,REACTOME_S_PHASE]
[REACTOME_ASYMMETRIC_LOCALIZATION_OF_PCP_PROTEINS,REACTOME_ASYMMETRIC_LOCALIZATION_OF_PCP_PROTEINS] was killed by [REACTOME_S_PHASE,REACTOME_S_PHASE]
[REACTOME_DEGRADATION_OF_DVL,REACTOME_DEGRADATION_OF_DVL] was killed by [REACTOME_S_PHASE,REACTOME_S_PHASE]
[REACTOME_HEDGEHOG_LIGAND_BIOGENESIS,REACTOME_HEDGEHOG_LIGAND_BIOGENESIS] was killed by [REACTOME_S_PHASE,REACTOME_S_PHASE]
[REACTOME_SWITCHING_OF_ORIGINS_TO_A_POST_REPLICATIVE_STATE,REACTOME_SWITCHING_OF_ORIGINS_TO_A_POST_REPLICATIVE_STATE] was killed by [REACTOME_S_PHASE,REACTOME_S_PHASE]
[REACTOME_REGULATION_OF_RAS_BY_GAPS,REACTOME_REGULATION_OF_RAS_BY_GAPS] was killed by [REACTOME_S_PHASE,REACTOME_S_PHASE]
[REACTOME_CYCLIN_A_B1_B2_ASSOCIATED_EVENTS_DURING_G2_M_TRANSITION,REACTOME_CYCLIN_A_B1_B2_ASSOCIATED_EVENTS_DURING_G2_M_TRANSITION] was killed by [REACTOME_S_PHASE,REACTOME_S_PHASE]
[REACTOME_SEPARATION_OF_SISTER_CHROMATIDS,REACTOME_SEPARATION_OF_SISTER_CHROMATIDS] was killed by [REACTOME_S_PHASE,REACTOME_S_PHASE]
[REACTOME_APC_C_MEDIATED_DEGRADATION_OF_CELL_CYCLE_PROTEINS,REACTOME_APC_C_MEDIATED_DEGRADATION_OF_CELL_CYCLE_PROTEINS] was killed by [REACTOME_S_PHASE,REACTOME_S_PHASE]
[REACTOME_RNA_POLYMERASE_III_TRANSCRIPTION_INITIATION_FROM_TYPE_1_PROMOTER,REACTOME_RNA_POLYMERASE_III_TRANSCRIPTION_INITIATION_FROM_TYPE_1_PROMOTER] was killed by [REACTOME_RNA_POLYMERASE_III_TRANSCRIPTION,REACTOME_RNA_POLYMERASE_III_TRANSCRIPTION]
[REACTOME_CYCLIN_D_ASSOCIATED_EVENTS_IN_G1,REACTOME_CYCLIN_D_ASSOCIATED_EVENTS_IN_G1] was killed by [REACTOME_S_PHASE,REACTOME_S_PHASE]
[REACTOME_STABILIZATION_OF_P53,REACTOME_STABILIZATION_OF_P53] was killed by [REACTOME_S_PHASE,REACTOME_S_PHASE]
[REACTOME_RECOGNITION_OF_DNA_DAMAGE_BY_PCNA_CONTAINING_REPLICATION_COMPLEX,REACTOME_RECOGNITION_OF_DNA_DAMAGE_BY_PCNA_CONTAINING_REPLICATION_COMPLEX] was killed by [REACTOME_S_PHASE,REACTOME_S_PHASE]
[REACTOME_DNA_DOUBLE_STRAND_BREAK_REPAIR,REACTOME_DNA_DOUBLE_STRAND_BREAK_REPAIR] was killed by [REACTOME_S_PHASE,REACTOME_S_PHASE]
[REACTOME_MRNA_SPLICING,REACTOME_MRNA_SPLICING] was killed by [REACTOME_RNA_POLYMERASE_III_TRANSCRIPTION,REACTOME_RNA_POLYMERASE_III_TRANSCRIPTION]
[REACTOME_IRON_UPTAKE_AND_TRANSPORT,REACTOME_IRON_UPTAKE_AND_TRANSPORT] was killed by [REACTOME_S_PHASE,REACTOME_S_PHASE]
[REACTOME_CELLULAR_RESPONSE_TO_CHEMICAL_STRESS,REACTOME_CELLULAR_RESPONSE_TO_CHEMICAL_STRESS] was killed by [REACTOME_S_PHASE,REACTOME_S_PHASE]
[REACTOME_MITOTIC_G2_G2_M_PHASES,REACTOME_MITOTIC_G2_G2_M_PHASES] was killed by [REACTOME_S_PHASE,REACTOME_S_PHASE]
[REACTOME_DEGRADATION_OF_AXIN,REACTOME_DEGRADATION_OF_AXIN] was killed by [REACTOME_S_PHASE,REACTOME_S_PHASE]
[REACTOME_REGULATION_OF_RUNX3_EXPRESSION_AND_ACTIVITY,REACTOME_REGULATION_OF_RUNX3_EXPRESSION_AND_ACTIVITY] was killed by [REACTOME_S_PHASE,REACTOME_S_PHASE]
[REACTOME_ORC1_REMOVAL_FROM_CHROMATIN,REACTOME_ORC1_REMOVAL_FROM_CHROMATIN] was killed by [REACTOME_S_PHASE,REACTOME_S_PHASE]
[REACTOME_DNA_REPLICATION_PRE_INITIATION,REACTOME_DNA_REPLICATION_PRE_INITIATION] was killed by [REACTOME_S_PHASE,REACTOME_S_PHASE]
[REACTOME_DEGRADATION_OF_GLI1_BY_THE_PROTEASOME,REACTOME_DEGRADATION_OF_GLI1_BY_THE_PROTEASOME] was killed by [REACTOME_S_PHASE,REACTOME_S_PHASE]
[REACTOME_CROSS_PRESENTATION_OF_SOLUBLE_EXOGENOUS_ANTIGENS_ENDOSOMES,REACTOME_CROSS_PRESENTATION_OF_SOLUBLE_EXOGENOUS_ANTIGENS_ENDOSOMES] was killed by [REACTOME_S_PHASE,REACTOME_S_PHASE]
[REACTOME_ASSEMBLY_OF_THE_PRE_REPLICATIVE_COMPLEX,REACTOME_ASSEMBLY_OF_THE_PRE_REPLICATIVE_COMPLEX] was killed by [REACTOME_S_PHASE,REACTOME_S_PHASE]
[REACTOME_THE_ROLE_OF_GTSE1_IN_G2_M_PROGRESSION_AFTER_G2_CHECKPOINT,REACTOME_THE_ROLE_OF_GTSE1_IN_G2_M_PROGRESSION_AFTER_G2_CHECKPOINT] was killed by [REACTOME_S_PHASE,REACTOME_S_PHASE]
[REACTOME_CYCLIN_A_CDK2_ASSOCIATED_EVENTS_AT_S_PHASE_ENTRY,REACTOME_CYCLIN_A_CDK2_ASSOCIATED_EVENTS_AT_S_PHASE_ENTRY] was killed by [REACTOME_S_PHASE,REACTOME_S_PHASE]
[REACTOME_REGULATION_OF_MRNA_STABILITY_BY_PROTEINS_THAT_BIND_AU_RICH_ELEMENTS,REACTOME_REGULATION_OF_MRNA_STABILITY_BY_PROTEINS_THAT_BIND_AU_RICH_ELEMENTS] was killed by [REACTOME_S_PHASE,REACTOME_S_PHASE]
[REACTOME_GLOBAL_GENOME_NUCLEOTIDE_EXCISION_REPAIR_GG_NER,REACTOME_GLOBAL_GENOME_NUCLEOTIDE_EXCISION_REPAIR_GG_NER] was killed by [REACTOME_HATS_ACETYLATE_HISTONES,REACTOME_HATS_ACETYLATE_HISTONES]
[REACTOME_ANTIGEN_PROCESSING_CROSS_PRESENTATION,REACTOME_ANTIGEN_PROCESSING_CROSS_PRESENTATION] was killed by [REACTOME_S_PHASE,REACTOME_S_PHASE]
[REACTOME_HOMOLOGY_DIRECTED_REPAIR,REACTOME_HOMOLOGY_DIRECTED_REPAIR] was killed by [REACTOME_S_PHASE,REACTOME_S_PHASE]
[REACTOME_RUNX1_REGULATES_TRANSCRIPTION_OF_GENES_INVOLVED_IN_DIFFERENTIATION_OF_HSCS,REACTOME_RUNX1_REGULATES_TRANSCRIPTION_OF_GENES_INVOLVED_IN_DIFFERENTIATION_OF_HSCS] was killed by [REACTOME_S_PHASE,REACTOME_S_PHASE]
[REACTOME_TRANSCRIPTIONAL_REGULATION_BY_E2F6,REACTOME_TRANSCRIPTIONAL_REGULATION_BY_E2F6] was killed by [REACTOME_S_PHASE,REACTOME_S_PHASE]
[REACTOME_TRANSCRIPTIONAL_REGULATION_BY_RUNX3,REACTOME_TRANSCRIPTIONAL_REGULATION_BY_RUNX3] was killed by [REACTOME_HATS_ACETYLATE_HISTONES,REACTOME_HATS_ACETYLATE_HISTONES]
[REACTOME_ACETYLCHOLINE_BINDING_AND_DOWNSTREAM_EVENTS,REACTOME_ACETYLCHOLINE_BINDING_AND_DOWNSTREAM_EVENTS] was killed by [REACTOME_HIGHLY_CALCIUM_PERMEABLE_POSTSYNAPTIC_NICOTINIC_ACETYLCHOLINE_RECEPTORS,REACTOME_HIGHLY_CALCIUM_PERMEABLE_POSTSYNAPTIC_NICOTINIC_ACETYLCHOLINE_RECEPTORS]
[REACTOME_SUMOYLATION_OF_DNA_DAMAGE_RESPONSE_AND_REPAIR_PROTEINS,REACTOME_SUMOYLATION_OF_DNA_DAMAGE_RESPONSE_AND_REPAIR_PROTEINS] was killed by [REACTOME_S_PHASE,REACTOME_S_PHASE]
[REACTOME_CELL_JUNCTION_ORGANIZATION,REACTOME_CELL_JUNCTION_ORGANIZATION] was killed by [REACTOME_CELL_CELL_JUNCTION_ORGANIZATION,REACTOME_CELL_CELL_JUNCTION_ORGANIZATION]
[REACTOME_CELL_CELL_COMMUNICATION,REACTOME_CELL_CELL_COMMUNICATION] was killed by [REACTOME_CELL_CELL_JUNCTION_ORGANIZATION,REACTOME_CELL_CELL_JUNCTION_ORGANIZATION]
[REACTOME_MITOPHAGY,REACTOME_MITOPHAGY] was killed by [REACTOME_S_PHASE,REACTOME_S_PHASE]
[REACTOME_RIPK1_MEDIATED_REGULATED_NECROSIS,REACTOME_RIPK1_MEDIATED_REGULATED_NECROSIS] was killed by [REACTOME_S_PHASE,REACTOME_S_PHASE]
[REACTOME_CYTOPROTECTION_BY_HMOX1,REACTOME_CYTOPROTECTION_BY_HMOX1] was killed by [REACTOME_S_PHASE,REACTOME_S_PHASE]
[REACTOME_TERMINATION_OF_TRANSLESION_DNA_SYNTHESIS,REACTOME_TERMINATION_OF_TRANSLESION_DNA_SYNTHESIS] was killed by [REACTOME_S_PHASE,REACTOME_S_PHASE]
[REACTOME_AUF1_HNRNP_D0_BINDS_AND_DESTABILIZES_MRNA,REACTOME_AUF1_HNRNP_D0_BINDS_AND_DESTABILIZES_MRNA] was killed by [REACTOME_S_PHASE,REACTOME_S_PHASE]
[REACTOME_DNA_DAMAGE_BYPASS,REACTOME_DNA_DAMAGE_BYPASS] was killed by [REACTOME_S_PHASE,REACTOME_S_PHASE]
[REACTOME_TRANSCRIPTIONAL_REGULATION_OF_WHITE_ADIPOCYTE_DIFFERENTIATION,REACTOME_TRANSCRIPTIONAL_REGULATION_OF_WHITE_ADIPOCYTE_DIFFERENTIATION] was killed by [REACTOME_HATS_ACETYLATE_HISTONES,REACTOME_HATS_ACETYLATE_HISTONES]
[REACTOME_REGULATION_OF_LIPID_METABOLISM_BY_PPARALPHA,REACTOME_REGULATION_OF_LIPID_METABOLISM_BY_PPARALPHA] was killed by [REACTOME_HATS_ACETYLATE_HISTONES,REACTOME_HATS_ACETYLATE_HISTONES]
[REACTOME_NEGATIVE_REGULATION_OF_NOTCH4_SIGNALING,REACTOME_NEGATIVE_REGULATION_OF_NOTCH4_SIGNALING] was killed by [REACTOME_S_PHASE,REACTOME_S_PHASE]
[REACTOME_UCH_PROTEINASES,REACTOME_UCH_PROTEINASES] was killed by [REACTOME_HATS_ACETYLATE_HISTONES,REACTOME_HATS_ACETYLATE_HISTONES]
[REACTOME_DEFECTIVE_CFTR_CAUSES_CYSTIC_FIBROSIS,REACTOME_DEFECTIVE_CFTR_CAUSES_CYSTIC_FIBROSIS] was killed by [REACTOME_S_PHASE,REACTOME_S_PHASE]
[REACTOME_REGULATION_OF_RUNX2_EXPRESSION_AND_ACTIVITY,REACTOME_REGULATION_OF_RUNX2_EXPRESSION_AND_ACTIVITY] was killed by [REACTOME_S_PHASE,REACTOME_S_PHASE]
[REACTOME_HEDGEHOG_ON_STATE,REACTOME_HEDGEHOG_ON_STATE] was killed by [REACTOME_S_PHASE,REACTOME_S_PHASE]
[REACTOME_PCP_CE_PATHWAY,REACTOME_PCP_CE_PATHWAY] was killed by [REACTOME_S_PHASE,REACTOME_S_PHASE]
[REACTOME_HEDGEHOG_OFF_STATE,REACTOME_HEDGEHOG_OFF_STATE] was killed by [REACTOME_S_PHASE,REACTOME_S_PHASE]
[REACTOME_TRANSLESION_SYNTHESIS_BY_POLK,REACTOME_TRANSLESION_SYNTHESIS_BY_POLK] was killed by [REACTOME_S_PHASE,REACTOME_S_PHASE]
[REACTOME_REGULATION_OF_EXPRESSION_OF_SLITS_AND_ROBOS,REACTOME_REGULATION_OF_EXPRESSION_OF_SLITS_AND_ROBOS] was killed by [REACTOME_S_PHASE,REACTOME_S_PHASE]
[REACTOME_SIGNALING_BY_NOTCH4,REACTOME_SIGNALING_BY_NOTCH4] was killed by [REACTOME_HATS_ACETYLATE_HISTONES,REACTOME_HATS_ACETYLATE_HISTONES]
[REACTOME_NUCLEOTIDE_EXCISION_REPAIR,REACTOME_NUCLEOTIDE_EXCISION_REPAIR] was killed by [REACTOME_HATS_ACETYLATE_HISTONES,REACTOME_HATS_ACETYLATE_HISTONES]
[REACTOME_ABC_TRANSPORTER_DISORDERS,REACTOME_ABC_TRANSPORTER_DISORDERS] was killed by [REACTOME_S_PHASE,REACTOME_S_PHASE]
[REACTOME_RNA_POLYMERASE_III_TRANSCRIPTION_TERMINATION,REACTOME_RNA_POLYMERASE_III_TRANSCRIPTION_TERMINATION] was killed by [REACTOME_RNA_POLYMERASE_III_TRANSCRIPTION,REACTOME_RNA_POLYMERASE_III_TRANSCRIPTION]
[REACTOME_SUMOYLATION_OF_TRANSCRIPTION_FACTORS,REACTOME_SUMOYLATION_OF_TRANSCRIPTION_FACTORS] was killed by [REACTOME_SUMOYLATION,REACTOME_SUMOYLATION]
[REACTOME_DNA_DAMAGE_RECOGNITION_IN_GG_NER,REACTOME_DNA_DAMAGE_RECOGNITION_IN_GG_NER] was killed by [REACTOME_HATS_ACETYLATE_HISTONES,REACTOME_HATS_ACETYLATE_HISTONES]
[REACTOME_MOLECULES_ASSOCIATED_WITH_ELASTIC_FIBRES,REACTOME_MOLECULES_ASSOCIATED_WITH_ELASTIC_FIBRES] was killed by [REACTOME_ELASTIC_FIBRE_FORMATION,REACTOME_ELASTIC_FIBRE_FORMATION]
[REACTOME_OVARIAN_TUMOR_DOMAIN_PROTEASES,REACTOME_OVARIAN_TUMOR_DOMAIN_PROTEASES] was killed by [REACTOME_S_PHASE,REACTOME_S_PHASE]
[REACTOME_INTERLEUKIN_1_SIGNALING,REACTOME_INTERLEUKIN_1_SIGNALING] was killed by [REACTOME_S_PHASE,REACTOME_S_PHASE]
[REACTOME_RUNX1_INTERACTS_WITH_CO_FACTORS_WHOSE_PRECISE_EFFECT_ON_RUNX1_TARGETS_IS_NOT_KNOWN,REACTOME_RUNX1_INTERACTS_WITH_CO_FACTORS_WHOSE_PRECISE_EFFECT_ON_RUNX1_TARGETS_IS_NOT_KNOWN] was killed by [REACTOME_SUMOYLATION,REACTOME_SUMOYLATION]
[REACTOME_TIGHT_JUNCTION_INTERACTIONS,REACTOME_TIGHT_JUNCTION_INTERACTIONS] was killed by [REACTOME_CELL_CELL_JUNCTION_ORGANIZATION,REACTOME_CELL_CELL_JUNCTION_ORGANIZATION]
[REACTOME_DOWNSTREAM_SIGNALING_EVENTS_OF_B_CELL_RECEPTOR_BCR,REACTOME_DOWNSTREAM_SIGNALING_EVENTS_OF_B_CELL_RECEPTOR_BCR] was killed by [REACTOME_S_PHASE,REACTOME_S_PHASE]
[REACTOME_SUMOYLATION_OF_TRANSCRIPTION_COFACTORS,REACTOME_SUMOYLATION_OF_TRANSCRIPTION_COFACTORS] was killed by [REACTOME_HATS_ACETYLATE_HISTONES,REACTOME_HATS_ACETYLATE_HISTONES]
[REACTOME_DISORDERS_OF_TRANSMEMBRANE_TRANSPORTERS,REACTOME_DISORDERS_OF_TRANSMEMBRANE_TRANSPORTERS] was killed by [REACTOME_S_PHASE,REACTOME_S_PHASE]
[REACTOME_SUMOYLATION_OF_INTRACELLULAR_RECEPTORS,REACTOME_SUMOYLATION_OF_INTRACELLULAR_RECEPTORS] was killed by [REACTOME_SUMOYLATION,REACTOME_SUMOYLATION]
[REACTOME_SENESCENCE_ASSOCIATED_SECRETORY_PHENOTYPE_SASP,REACTOME_SENESCENCE_ASSOCIATED_SECRETORY_PHENOTYPE_SASP] was killed by [REACTOME_S_PHASE,REACTOME_S_PHASE]
[REACTOME_G0_AND_EARLY_G1,REACTOME_G0_AND_EARLY_G1] was killed by [REACTOME_S_PHASE,REACTOME_S_PHASE]
[REACTOME_BUDDING_AND_MATURATION_OF_HIV_VIRION,REACTOME_BUDDING_AND_MATURATION_OF_HIV_VIRION] was killed by [REACTOME_S_PHASE,REACTOME_S_PHASE]
[REACTOME_ACTIVATION_OF_GENE_EXPRESSION_BY_SREBF_SREBP,REACTOME_ACTIVATION_OF_GENE_EXPRESSION_BY_SREBF_SREBP] was killed by [REACTOME_HATS_ACETYLATE_HISTONES,REACTOME_HATS_ACETYLATE_HISTONES]
[REACTOME_ASSEMBLY_OF_THE_HIV_VIRION,REACTOME_ASSEMBLY_OF_THE_HIV_VIRION] was killed by [REACTOME_S_PHASE,REACTOME_S_PHASE]
[REACTOME_COMPETING_ENDOGENOUS_RNAS_CERNAS_REGULATE_PTEN_TRANSLATION,REACTOME_COMPETING_ENDOGENOUS_RNAS_CERNAS_REGULATE_PTEN_TRANSLATION] was killed by [REACTOME_SMALL_INTERFERING_RNA_SIRNA_BIOGENESIS,REACTOME_SMALL_INTERFERING_RNA_SIRNA_BIOGENESIS]
[REACTOME_ESTROGEN_DEPENDENT_NUCLEAR_EVENTS_DOWNSTREAM_OF_ESR_MEMBRANE_SIGNALING,REACTOME_ESTROGEN_DEPENDENT_NUCLEAR_EVENTS_DOWNSTREAM_OF_ESR_MEMBRANE_SIGNALING] was killed by [REACTOME_S_PHASE,REACTOME_S_PHASE]
[REACTOME_PCNA_DEPENDENT_LONG_PATCH_BASE_EXCISION_REPAIR,REACTOME_PCNA_DEPENDENT_LONG_PATCH_BASE_EXCISION_REPAIR] was killed by [REACTOME_S_PHASE,REACTOME_S_PHASE]
[REACTOME_REGULATION_OF_IFNG_SIGNALING,REACTOME_REGULATION_OF_IFNG_SIGNALING] was killed by [REACTOME_SUMOYLATION,REACTOME_SUMOYLATION]
[REACTOME_POLO_LIKE_KINASE_MEDIATED_EVENTS,REACTOME_POLO_LIKE_KINASE_MEDIATED_EVENTS] was killed by [REACTOME_S_PHASE,REACTOME_S_PHASE]
[REACTOME_HDR_THROUGH_HOMOLOGOUS_RECOMBINATION_HRR,REACTOME_HDR_THROUGH_HOMOLOGOUS_RECOMBINATION_HRR] was killed by [REACTOME_S_PHASE,REACTOME_S_PHASE]
[REACTOME_RECYCLING_PATHWAY_OF_L1,REACTOME_RECYCLING_PATHWAY_OF_L1] was killed by [REACTOME_NEGATIVE_FEEDBACK_REGULATION_OF_MAPK_PATHWAY,REACTOME_NEGATIVE_FEEDBACK_REGULATION_OF_MAPK_PATHWAY]
[REACTOME_MICRORNA_MIRNA_BIOGENESIS,REACTOME_MICRORNA_MIRNA_BIOGENESIS] was killed by [REACTOME_RNA_POLYMERASE_III_TRANSCRIPTION,REACTOME_RNA_POLYMERASE_III_TRANSCRIPTION]
[REACTOME_MAPK6_MAPK4_SIGNALING,REACTOME_MAPK6_MAPK4_SIGNALING] was killed by [REACTOME_S_PHASE,REACTOME_S_PHASE]
[REACTOME_LATE_ENDOSOMAL_MICROAUTOPHAGY,REACTOME_LATE_ENDOSOMAL_MICROAUTOPHAGY] was killed by [REACTOME_S_PHASE,REACTOME_S_PHASE]
[REACTOME_PTEN_REGULATION,REACTOME_PTEN_REGULATION] was killed by [REACTOME_S_PHASE,REACTOME_S_PHASE]
[REACTOME_GAP_FILLING_DNA_REPAIR_SYNTHESIS_AND_LIGATION_IN_GG_NER,REACTOME_GAP_FILLING_DNA_REPAIR_SYNTHESIS_AND_LIGATION_IN_GG_NER] was killed by [REACTOME_S_PHASE,REACTOME_S_PHASE]
[REACTOME_RESOLUTION_OF_AP_SITES_VIA_THE_MULTIPLE_NUCLEOTIDE_PATCH_REPLACEMENT_PATHWAY,REACTOME_RESOLUTION_OF_AP_SITES_VIA_THE_MULTIPLE_NUCLEOTIDE_PATCH_REPLACEMENT_PATHWAY] was killed by [REACTOME_S_PHASE,REACTOME_S_PHASE]
[REACTOME_THE_NLRP3_INFLAMMASOME,REACTOME_THE_NLRP3_INFLAMMASOME] was killed by [REACTOME_SUMOYLATION,REACTOME_SUMOYLATION]
[REACTOME_REGULATION_OF_RUNX1_EXPRESSION_AND_ACTIVITY,REACTOME_REGULATION_OF_RUNX1_EXPRESSION_AND_ACTIVITY] was killed by [REACTOME_SMALL_INTERFERING_RNA_SIRNA_BIOGENESIS,REACTOME_SMALL_INTERFERING_RNA_SIRNA_BIOGENESIS]
[REACTOME_MAP2K_AND_MAPK_ACTIVATION,REACTOME_MAP2K_AND_MAPK_ACTIVATION] was killed by [REACTOME_ELASTIC_FIBRE_FORMATION,REACTOME_ELASTIC_FIBRE_FORMATION]
[REACTOME_NEGATIVE_REGULATION_OF_FLT3,REACTOME_NEGATIVE_REGULATION_OF_FLT3] was killed by [REACTOME_S_PHASE,REACTOME_S_PHASE]
[REACTOME_ADHERENS_JUNCTIONS_INTERACTIONS,REACTOME_ADHERENS_JUNCTIONS_INTERACTIONS] was killed by [REACTOME_CELL_CELL_JUNCTION_ORGANIZATION,REACTOME_CELL_CELL_JUNCTION_ORGANIZATION]
[REACTOME_TRANSCRIPTION_OF_E2F_TARGETS_UNDER_NEGATIVE_CONTROL_BY_P107_RBL1_AND_P130_RBL2_IN_COMPLEX_WITH_HDAC1,REACTOME_TRANSCRIPTION_OF_E2F_TARGETS_UNDER_NEGATIVE_CONTROL_BY_P107_RBL1_AND_P130_RBL2_IN_COMPLEX_WITH_HDAC1] was killed by [REACTOME_S_PHASE,REACTOME_S_PHASE]
[REACTOME_SIGNALING_BY_HEDGEHOG,REACTOME_SIGNALING_BY_HEDGEHOG] was killed by [REACTOME_S_PHASE,REACTOME_S_PHASE]
[REACTOME_REGULATION_OF_BACH1_ACTIVITY,REACTOME_REGULATION_OF_BACH1_ACTIVITY] was killed by [REACTOME_S_PHASE,REACTOME_S_PHASE]
[REACTOME_TRANSCRIPTION_OF_E2F_TARGETS_UNDER_NEGATIVE_CONTROL_BY_DREAM_COMPLEX,REACTOME_TRANSCRIPTION_OF_E2F_TARGETS_UNDER_NEGATIVE_CONTROL_BY_DREAM_COMPLEX] was killed by [REACTOME_S_PHASE,REACTOME_S_PHASE]
[REACTOME_G2_M_CHECKPOINTS,REACTOME_G2_M_CHECKPOINTS] was killed by [REACTOME_S_PHASE,REACTOME_S_PHASE]
[REACTOME_HIGHLY_CALCIUM_PERMEABLE_NICOTINIC_ACETYLCHOLINE_RECEPTORS,REACTOME_HIGHLY_CALCIUM_PERMEABLE_NICOTINIC_ACETYLCHOLINE_RECEPTORS] was killed by [REACTOME_HIGHLY_CALCIUM_PERMEABLE_POSTSYNAPTIC_NICOTINIC_ACETYLCHOLINE_RECEPTORS,REACTOME_HIGHLY_CALCIUM_PERMEABLE_POSTSYNAPTIC_NICOTINIC_ACETYLCHOLINE_RECEPTORS]
[REACTOME_REGULATION_OF_PTEN_MRNA_TRANSLATION,REACTOME_REGULATION_OF_PTEN_MRNA_TRANSLATION] was killed by [REACTOME_SMALL_INTERFERING_RNA_SIRNA_BIOGENESIS,REACTOME_SMALL_INTERFERING_RNA_SIRNA_BIOGENESIS]
[REACTOME_REGULATION_OF_PTEN_LOCALIZATION,REACTOME_REGULATION_OF_PTEN_LOCALIZATION] was killed by [REACTOME_S_PHASE,REACTOME_S_PHASE]
[REACTOME_SIGNALLING_TO_ERKS,REACTOME_SIGNALLING_TO_ERKS] was killed by [REACTOME_NEGATIVE_FEEDBACK_REGULATION_OF_MAPK_PATHWAY,REACTOME_NEGATIVE_FEEDBACK_REGULATION_OF_MAPK_PATHWAY]
[REACTOME_G1_S_SPECIFIC_TRANSCRIPTION,REACTOME_G1_S_SPECIFIC_TRANSCRIPTION] was killed by [REACTOME_S_PHASE,REACTOME_S_PHASE]
[REACTOME_SYNTHESIS_OF_ACTIVE_UBIQUITIN_ROLES_OF_E1_AND_E2_ENZYMES,REACTOME_SYNTHESIS_OF_ACTIVE_UBIQUITIN_ROLES_OF_E1_AND_E2_ENZYMES] was killed by [REACTOME_S_PHASE,REACTOME_S_PHASE]
