[TAANNYSGCG_UNKNOWN,TAANNYSGCG_UNKNOWN] was killed by [TMTCGCGANR_UNKNOWN,TMTCGCGANR_UNKNOWN]
[SGCGSSAAA_E2F1DP2_01,SGCGSSAAA_E2F1DP2_01] was killed by [PBX1_02,PBX1_02]
[GATA_Q6,GATA_Q6] was killed by [PBX1_02,PBX1_02]
[AHRARNT_02,AHRARNT_02] was killed by [PBX1_02,PBX1_02]
[KCCGNSWTTT_UNKNOWN,KCCGNSWTTT_UNKNOWN] was killed by [TMTCGCGANR_UNKNOWN,TMTCGCGANR_UNKNOWN]
[YGCANTGCR_UNKNOWN,YGCANTGCR_UNKNOWN] was killed by [HEN1_01,HEN1_01]
[MSX1_01,MSX1_01] was killed by [PBX1_02,PBX1_02]
[GKCGCNNNNNNNTGAYG_UNKNOWN,GKCGCNNNNNNNTGAYG_UNKNOWN] was killed by [PBX1_02,PBX1_02]
[NKX22_01,NKX22_01] was killed by [TMTCGCGANR_UNKNOWN,TMTCGCGANR_UNKNOWN]
[GGCNKCCATNK_UNKNOWN,GGCNKCCATNK_UNKNOWN] was killed by [TMTCGCGANR_UNKNOWN,TMTCGCGANR_UNKNOWN]
[CDP_01,CDP_01] was killed by [PBX1_02,PBX1_02]
[YNTTTNNNANGCARM_UNKNOWN,YNTTTNNNANGCARM_UNKNOWN] was killed by [NRSF_01,NRSF_01]
[PR_01,PR_01] was killed by [PBX1_02,PBX1_02]
[PR_02,PR_02] was killed by [PBX1_02,PBX1_02]
[CDP_02,CDP_02] was killed by [PBX1_02,PBX1_02]
[PAX6_01,PAX6_01] was killed by [PBX1_02,PBX1_02]
[GCGSCMNTTT_UNKNOWN,GCGSCMNTTT_UNKNOWN] was killed by [AAGWWRNYGGC_UNKNOWN,AAGWWRNYGGC_UNKNOWN]
[KMCATNNWGGA_UNKNOWN,KMCATNNWGGA_UNKNOWN] was killed by [AAGWWRNYGGC_UNKNOWN,AAGWWRNYGGC_UNKNOWN]
[STAT3_02,STAT3_02] was killed by [HEN1_01,HEN1_01]
[CDPCR1_01,CDPCR1_01] was killed by [PBX1_02,PBX1_02]
[MYC_Q2,MYC_Q2] was killed by [SREBP1_01,SREBP1_01]
[NCX_01,NCX_01] was killed by [EVI1_01,EVI1_01]
[MIF1_01,MIF1_01] was killed by [GCGNNANTTCC_UNKNOWN,GCGNNANTTCC_UNKNOWN]
[YTAAYNGCT_UNKNOWN,YTAAYNGCT_UNKNOWN] was killed by [PBX1_02,PBX1_02]
[CTCNANGTGNY_UNKNOWN,CTCNANGTGNY_UNKNOWN] was killed by [HEN1_01,HEN1_01]
[RYTAAWNNNTGAY_UNKNOWN,RYTAAWNNNTGAY_UNKNOWN] was killed by [PBX1_02,PBX1_02]
[AAANWWTGC_UNKNOWN,AAANWWTGC_UNKNOWN] was killed by [PBX1_02,PBX1_02]
[GAANYNYGACNY_UNKNOWN,GAANYNYGACNY_UNKNOWN] was killed by [HEN1_01,HEN1_01]
[PAX8_B,PAX8_B] was killed by [PBX1_02,PBX1_02]
[PAX5_01,PAX5_01] was killed by [PBX1_02,PBX1_02]
[POU3F2_01,POU3F2_01] was killed by [PBX1_02,PBX1_02]
[ATGGYGGA_UNKNOWN,ATGGYGGA_UNKNOWN] was killed by [PBX1_02,PBX1_02]
[COMP1_01,COMP1_01] was killed by [PBX1_02,PBX1_02]
[TAAYNRNNTCC_UNKNOWN,TAAYNRNNTCC_UNKNOWN] was killed by [PBX1_02,PBX1_02]
[CRGAARNNNNCGA_UNKNOWN,CRGAARNNNNCGA_UNKNOWN] was killed by [SREBP1_01,SREBP1_01]
[GCCNNNWTAAR_UNKNOWN,GCCNNNWTAAR_UNKNOWN] was killed by [PBX1_02,PBX1_02]
[YAATNRNNNYNATT_UNKNOWN,YAATNRNNNYNATT_UNKNOWN] was killed by [PBX1_02,PBX1_02]
[AACWWCAANK_UNKNOWN,AACWWCAANK_UNKNOWN] was killed by [TMTCGCGANR_UNKNOWN,TMTCGCGANR_UNKNOWN]
[RNCTGNYNRNCTGNY_UNKNOWN,RNCTGNYNRNCTGNY_UNKNOWN] was killed by [HEN1_01,HEN1_01]
[HFH3_01,HFH3_01] was killed by [PBX1_02,PBX1_02]
[GATGKMRGCG_UNKNOWN,GATGKMRGCG_UNKNOWN] was killed by [AAGWWRNYGGC_UNKNOWN,AAGWWRNYGGC_UNKNOWN]
[SRF_01,SRF_01] was killed by [PBX1_02,PBX1_02]
[RYCACNNRNNRNCAG_UNKNOWN,RYCACNNRNNRNCAG_UNKNOWN] was killed by [HEN1_01,HEN1_01]
[FXR_Q3,FXR_Q3] was killed by [PBX1_02,PBX1_02]
[E2F_Q2,E2F_Q2] was killed by [AAGWWRNYGGC_UNKNOWN,AAGWWRNYGGC_UNKNOWN]
[GTCNYYATGR_UNKNOWN,GTCNYYATGR_UNKNOWN] was killed by [HEN1_01,HEN1_01]
[GGCNRNWCTTYS_UNKNOWN,GGCNRNWCTTYS_UNKNOWN] was killed by [GCGNNANTTCC_UNKNOWN,GCGNNANTTCC_UNKNOWN]
[HEN1_02,HEN1_02] was killed by [HEN1_01,HEN1_01]
[ACAWNRNSRCGG_UNKNOWN,ACAWNRNSRCGG_UNKNOWN] was killed by [AAGWWRNYGGC_UNKNOWN,AAGWWRNYGGC_UNKNOWN]
[GTTNYYNNGGTNA_UNKNOWN,GTTNYYNNGGTNA_UNKNOWN] was killed by [AAGWWRNYGGC_UNKNOWN,AAGWWRNYGGC_UNKNOWN]
[WYAAANNRNNNGCG_UNKNOWN,WYAAANNRNNNGCG_UNKNOWN] was killed by [HEN1_01,HEN1_01]
[RTTTNNNYTGGM_UNKNOWN,RTTTNNNYTGGM_UNKNOWN] was killed by [TMTCGCGANR_UNKNOWN,TMTCGCGANR_UNKNOWN]
[EN1_01,EN1_01] was killed by [PBX1_02,PBX1_02]
[ACCTGTTG_UNKNOWN,ACCTGTTG_UNKNOWN] was killed by [PBX1_02,PBX1_02]
[CCGNMNNTNACG_UNKNOWN,CCGNMNNTNACG_UNKNOWN] was killed by [GGAANCGGAANY_UNKNOWN,GGAANCGGAANY_UNKNOWN]
[ROAZ_01,ROAZ_01] was killed by [SREBP1_01,SREBP1_01]
[OCT1_07,OCT1_07] was killed by [GGAANCGGAANY_UNKNOWN,GGAANCGGAANY_UNKNOWN]
[YYCATTCAWW_UNKNOWN,YYCATTCAWW_UNKNOWN] was killed by [GCGNNANTTCC_UNKNOWN,GCGNNANTTCC_UNKNOWN]
[CAGNWMCNNNGAC_UNKNOWN,CAGNWMCNNNGAC_UNKNOWN] was killed by [NRSF_01,NRSF_01]
[E2F_01,E2F_01] was killed by [KRCTCNNNNMANAGC_UNKNOWN,KRCTCNNNNMANAGC_UNKNOWN]
[AACYNNNNTTCCS_UNKNOWN,AACYNNNNTTCCS_UNKNOWN] was killed by [SREBP1_01,SREBP1_01]
[GRE_C,GRE_C] was killed by [PBX1_02,PBX1_02]
[YTAATTAA_LHX3_01,YTAATTAA_LHX3_01] was killed by [PBX1_02,PBX1_02]
[STAT1_01,STAT1_01] was killed by [PBX1_02,PBX1_02]
[TTCNRGNNNNTTC_HSF_Q6,TTCNRGNNNNTTC_HSF_Q6] was killed by [GCGNNANTTCC_UNKNOWN,GCGNNANTTCC_UNKNOWN]
[CCAWYNNGAAR_UNKNOWN,CCAWYNNGAAR_UNKNOWN] was killed by [TMTCGCGANR_UNKNOWN,TMTCGCGANR_UNKNOWN]
[MCAATNNNNNGCG_UNKNOWN,MCAATNNNNNGCG_UNKNOWN] was killed by [TMTCGCGANR_UNKNOWN,TMTCGCGANR_UNKNOWN]
[MEIS1BHOXA9_01,MEIS1BHOXA9_01] was killed by [GGAANCGGAANY_UNKNOWN,GGAANCGGAANY_UNKNOWN]
[AR_Q2,AR_Q2] was killed by [PBX1_02,PBX1_02]
[NKX25_01,NKX25_01] was killed by [TMTCGCGANR_UNKNOWN,TMTCGCGANR_UNKNOWN]
[ACTWSNACTNY_UNKNOWN,ACTWSNACTNY_UNKNOWN] was killed by [TMTCGCGANR_UNKNOWN,TMTCGCGANR_UNKNOWN]
[CCAWNWWNNNGGC_UNKNOWN,CCAWNWWNNNGGC_UNKNOWN] was killed by [TMTCGCGANR_UNKNOWN,TMTCGCGANR_UNKNOWN]
[YWATTWNNRGCT_UNKNOWN,YWATTWNNRGCT_UNKNOWN] was killed by [PBX1_02,PBX1_02]
[MEIS1AHOXA9_01,MEIS1AHOXA9_01] was killed by [PBX1_02,PBX1_02]
[GATA2_01,GATA2_01] was killed by [HEN1_01,HEN1_01]
[MYAATNNNNNNNGGC_UNKNOWN,MYAATNNNNNNNGGC_UNKNOWN] was killed by [PBX1_02,PBX1_02]
