[GCGNNANTTCC_UNKNOWN,GCGNNANTTCC_UNKNOWN] was killed by [CCGNMNNTNACG_UNKNOWN,CCGNMNNTNACG_UNKNOWN]
[GGCNKCCATNK_UNKNOWN,GGCNKCCATNK_UNKNOWN] was killed by [TMTCGCGANR_UNKNOWN,TMTCGCGANR_UNKNOWN]
[GCGSCMNTTT_UNKNOWN,GCGSCMNTTT_UNKNOWN] was killed by [SGCGSSAAA_E2F1DP2_01,SGCGSSAAA_E2F1DP2_01]
[AAGWWRNYGGC_UNKNOWN,AAGWWRNYGGC_UNKNOWN] was killed by [SGCGSSAAA_E2F1DP2_01,SGCGSSAAA_E2F1DP2_01]
[KCCGNSWTTT_UNKNOWN,KCCGNSWTTT_UNKNOWN] was killed by [TMTCGCGANR_UNKNOWN,TMTCGCGANR_UNKNOWN]
[CAGNWMCNNNGAC_UNKNOWN,CAGNWMCNNNGAC_UNKNOWN] was killed by [NRSF_01,NRSF_01]
[RRCCGTTA_UNKNOWN,RRCCGTTA_UNKNOWN] was killed by [SGCGSSAAA_E2F1DP2_01,SGCGSSAAA_E2F1DP2_01]
[ACAWNRNSRCGG_UNKNOWN,ACAWNRNSRCGG_UNKNOWN] was killed by [SGCGSSAAA_E2F1DP2_01,SGCGSSAAA_E2F1DP2_01]
[CRGAARNNNNCGA_UNKNOWN,CRGAARNNNNCGA_UNKNOWN] was killed by [SREBP1_01,SREBP1_01]
[WCTCNATGGY_UNKNOWN,WCTCNATGGY_UNKNOWN] was killed by [GGAANCGGAANY_UNKNOWN,GGAANCGGAANY_UNKNOWN]
[GGAMTNNNNNTCCY_UNKNOWN,GGAMTNNNNNTCCY_UNKNOWN] was killed by [E2F_Q2,E2F_Q2]
[TGTYNNNNNRGCARM_UNKNOWN,TGTYNNNNNRGCARM_UNKNOWN] was killed by [HNF3_Q6,HNF3_Q6]
[PBX1_02,PBX1_02] was killed by [SGCGSSAAA_E2F1DP2_01,SGCGSSAAA_E2F1DP2_01]
[GGCNNMSMYNTTG_UNKNOWN,GGCNNMSMYNTTG_UNKNOWN] was killed by [E2F_Q2,E2F_Q2]
[CGTSACG_PAX3_B,CGTSACG_PAX3_B] was killed by [CCGNMNNTNACG_UNKNOWN,CCGNMNNTNACG_UNKNOWN]
[TAANNYSGCG_UNKNOWN,TAANNYSGCG_UNKNOWN] was killed by [TMTCGCGANR_UNKNOWN,TMTCGCGANR_UNKNOWN]
[GATA_Q6,GATA_Q6] was killed by [E2F_Q2,E2F_Q2]
[YNTTTNNNANGCARM_UNKNOWN,YNTTTNNNANGCARM_UNKNOWN] was killed by [HNF3_Q6,HNF3_Q6]
[SNACANNNYSYAGA_UNKNOWN,SNACANNNYSYAGA_UNKNOWN] was killed by [RGTTAMWNATT_HNF1_01,RGTTAMWNATT_HNF1_01]
[HEN1_01,HEN1_01] was killed by [HNF3_Q6,HNF3_Q6]
[GKCGCNNNNNNNTGAYG_UNKNOWN,GKCGCNNNNNNNTGAYG_UNKNOWN] was killed by [SGCGSSAAA_E2F1DP2_01,SGCGSSAAA_E2F1DP2_01]
[TAAWWATAG_RSRFC4_Q2,TAAWWATAG_RSRFC4_Q2] was killed by [HNF3_Q6,HNF3_Q6]
[CTGRYYYNATT_UNKNOWN,CTGRYYYNATT_UNKNOWN] was killed by [RGTTAMWNATT_HNF1_01,RGTTAMWNATT_HNF1_01]
[CCAATNNSNNNGCG_UNKNOWN,CCAATNNSNNNGCG_UNKNOWN] was killed by [SGCGSSAAA_E2F1DP2_01,SGCGSSAAA_E2F1DP2_01]
[POU3F2_01,POU3F2_01] was killed by [NRSF_01,NRSF_01]
[AGCYRWTTC_UNKNOWN,AGCYRWTTC_UNKNOWN] was killed by [SREBP1_01,SREBP1_01]
[STAT1_01,STAT1_01] was killed by [CCGNMNNTNACG_UNKNOWN,CCGNMNNTNACG_UNKNOWN]
[TGASTMAGC_NFE2_01,TGASTMAGC_NFE2_01] was killed by [TMTCGCGANR_UNKNOWN,TMTCGCGANR_UNKNOWN]
[PR_01,PR_01] was killed by [RGTTAMWNATT_HNF1_01,RGTTAMWNATT_HNF1_01]
[RAAGNYNNCTTY_UNKNOWN,RAAGNYNNCTTY_UNKNOWN] was killed by [HNF3_Q6,HNF3_Q6]
[ARP1_01,ARP1_01] was killed by [RGTTAMWNATT_HNF1_01,RGTTAMWNATT_HNF1_01]
[AACWWCAANK_UNKNOWN,AACWWCAANK_UNKNOWN] was killed by [TMTCGCGANR_UNKNOWN,TMTCGCGANR_UNKNOWN]
[ACTWSNACTNY_UNKNOWN,ACTWSNACTNY_UNKNOWN] was killed by [CCGNMNNTNACG_UNKNOWN,CCGNMNNTNACG_UNKNOWN]
[FREAC4_01,FREAC4_01] was killed by [SGCGSSAAA_E2F1DP2_01,SGCGSSAAA_E2F1DP2_01]
[EN1_01,EN1_01] was killed by [HNF3_Q6,HNF3_Q6]
[TTCNRGNNNNTTC_HSF_Q6,TTCNRGNNNNTTC_HSF_Q6] was killed by [CCGNMNNTNACG_UNKNOWN,CCGNMNNTNACG_UNKNOWN]
[RYTAAWNNNTGAY_UNKNOWN,RYTAAWNNNTGAY_UNKNOWN] was killed by [NRSF_01,NRSF_01]
[GTTNYYNNGGTNA_UNKNOWN,GTTNYYNNGGTNA_UNKNOWN] was killed by [HNF3_Q6,HNF3_Q6]
[GCCNNNWTAAR_UNKNOWN,GCCNNNWTAAR_UNKNOWN] was killed by [RGTTAMWNATT_HNF1_01,RGTTAMWNATT_HNF1_01]
[IRF2_01,IRF2_01] was killed by [SREBP1_01,SREBP1_01]
[NKX22_01,NKX22_01] was killed by [TMTCGCGANR_UNKNOWN,TMTCGCGANR_UNKNOWN]
[TTTNNANAGCYR_UNKNOWN,TTTNNANAGCYR_UNKNOWN] was killed by [KRCTCNNNNMANAGC_UNKNOWN,KRCTCNNNNMANAGC_UNKNOWN]
[FOXJ2_01,FOXJ2_01] was killed by [TMTCGCGANR_UNKNOWN,TMTCGCGANR_UNKNOWN]
[HMEF2_Q6,HMEF2_Q6] was killed by [HNF3_Q6,HNF3_Q6]
[KMCATNNWGGA_UNKNOWN,KMCATNNWGGA_UNKNOWN] was killed by [SGCGSSAAA_E2F1DP2_01,SGCGSSAAA_E2F1DP2_01]
[CDPCR1_01,CDPCR1_01] was killed by [NRSF_01,NRSF_01]
[CCANNAGRKGGC_UNKNOWN,CCANNAGRKGGC_UNKNOWN] was killed by [SREBP1_01,SREBP1_01]
[ETF_Q6,ETF_Q6] was killed by [E2F_Q2,E2F_Q2]
[E2F_01,E2F_01] was killed by [SGCGSSAAA_E2F1DP2_01,SGCGSSAAA_E2F1DP2_01]
[FXR_Q3,FXR_Q3] was killed by [RGTTAMWNATT_HNF1_01,RGTTAMWNATT_HNF1_01]
[SRF_01,SRF_01] was killed by [CCGNMNNTNACG_UNKNOWN,CCGNMNNTNACG_UNKNOWN]
[PAX8_B,PAX8_B] was killed by [NRSF_01,NRSF_01]
[CTGYNNCTYTAA_UNKNOWN,CTGYNNCTYTAA_UNKNOWN] was killed by [HNF3_Q6,HNF3_Q6]
[GRE_C,GRE_C] was killed by [RGTTAMWNATT_HNF1_01,RGTTAMWNATT_HNF1_01]
[MEIS1AHOXA9_01,MEIS1AHOXA9_01] was killed by [HNF3_Q6,HNF3_Q6]
[CREBP1_01,CREBP1_01] was killed by [E2F_Q2,E2F_Q2]
[NKX25_01,NKX25_01] was killed by [TMTCGCGANR_UNKNOWN,TMTCGCGANR_UNKNOWN]
[CCAWWNAAGG_SRF_Q4,CCAWWNAAGG_SRF_Q4] was killed by [RGTTAMWNATT_HNF1_01,RGTTAMWNATT_HNF1_01]
[MSX1_01,MSX1_01] was killed by [TMTCGCGANR_UNKNOWN,TMTCGCGANR_UNKNOWN]
[EVI1_05,EVI1_05] was killed by [HNF3_Q6,HNF3_Q6]
[RNCTGNYNRNCTGNY_UNKNOWN,RNCTGNYNRNCTGNY_UNKNOWN] was killed by [HNF3_Q6,HNF3_Q6]
[MYC_Q2,MYC_Q2] was killed by [SREBP1_01,SREBP1_01]
[CDP_01,CDP_01] was killed by [RGTTAMWNATT_HNF1_01,RGTTAMWNATT_HNF1_01]
