[REACTOME_SCAVENGING_OF_HEME_FROM_PLASMA,REACTOME_SCAVENGING_OF_HEME_FROM_PLASMA] was killed by [REACTOME_CREATION_OF_C4_AND_C2_ACTIVATORS,REACTOME_CREATION_OF_C4_AND_C2_ACTIVATORS]
[REACTOME_CD22_MEDIATED_BCR_REGULATION,REACTOME_CD22_MEDIATED_BCR_REGULATION] was killed by [REACTOME_CREATION_OF_C4_AND_C2_ACTIVATORS,REACTOME_CREATION_OF_C4_AND_C2_ACTIVATORS]
[REACTOME_INITIAL_TRIGGERING_OF_COMPLEMENT,REACTOME_INITIAL_TRIGGERING_OF_COMPLEMENT] was killed by [REACTOME_CREATION_OF_C4_AND_C2_ACTIVATORS,REACTOME_CREATION_OF_C4_AND_C2_ACTIVATORS]
[REACTOME_FCGR_ACTIVATION,REACTOME_FCGR_ACTIVATION] was killed by [REACTOME_CREATION_OF_C4_AND_C2_ACTIVATORS,REACTOME_CREATION_OF_C4_AND_C2_ACTIVATORS]
[REACTOME_IMMUNOREGULATORY_INTERACTIONS_BETWEEN_A_LYMPHOID_AND_A_NON_LYMPHOID_CELL,REACTOME_IMMUNOREGULATORY_INTERACTIONS_BETWEEN_A_LYMPHOID_AND_A_NON_LYMPHOID_CELL] was killed by [REACTOME_CREATION_OF_C4_AND_C2_ACTIVATORS,REACTOME_CREATION_OF_C4_AND_C2_ACTIVATORS]
[REACTOME_BINDING_AND_UPTAKE_OF_LIGANDS_BY_SCAVENGER_RECEPTORS,REACTOME_BINDING_AND_UPTAKE_OF_LIGANDS_BY_SCAVENGER_RECEPTORS] was killed by [REACTOME_CREATION_OF_C4_AND_C2_ACTIVATORS,REACTOME_CREATION_OF_C4_AND_C2_ACTIVATORS]
[REACTOME_COMPLEMENT_CASCADE,REACTOME_COMPLEMENT_CASCADE] was killed by [REACTOME_CREATION_OF_C4_AND_C2_ACTIVATORS,REACTOME_CREATION_OF_C4_AND_C2_ACTIVATORS]
[REACTOME_ROLE_OF_LAT2_NTAL_LAB_ON_CALCIUM_MOBILIZATION,REACTOME_ROLE_OF_LAT2_NTAL_LAB_ON_CALCIUM_MOBILIZATION] was killed by [REACTOME_CREATION_OF_C4_AND_C2_ACTIVATORS,REACTOME_CREATION_OF_C4_AND_C2_ACTIVATORS]
[REACTOME_ANTIGEN_ACTIVATES_B_CELL_RECEPTOR_BCR_LEADING_TO_GENERATION_OF_SECOND_MESSENGERS,REACTOME_ANTIGEN_ACTIVATES_B_CELL_RECEPTOR_BCR_LEADING_TO_GENERATION_OF_SECOND_MESSENGERS] was killed by [REACTOME_CREATION_OF_C4_AND_C2_ACTIVATORS,REACTOME_CREATION_OF_C4_AND_C2_ACTIVATORS]
[REACTOME_ROLE_OF_PHOSPHOLIPIDS_IN_PHAGOCYTOSIS,REACTOME_ROLE_OF_PHOSPHOLIPIDS_IN_PHAGOCYTOSIS] was killed by [REACTOME_CREATION_OF_C4_AND_C2_ACTIVATORS,REACTOME_CREATION_OF_C4_AND_C2_ACTIVATORS]
[REACTOME_INFLUENZA_INFECTION,REACTOME_INFLUENZA_INFECTION] was killed by [REACTOME_MRNA_SPLICING,REACTOME_MRNA_SPLICING]
[REACTOME_FCERI_MEDIATED_CA_2_MOBILIZATION,REACTOME_FCERI_MEDIATED_CA_2_MOBILIZATION] was killed by [REACTOME_CREATION_OF_C4_AND_C2_ACTIVATORS,REACTOME_CREATION_OF_C4_AND_C2_ACTIVATORS]
[REACTOME_FCGR3A_MEDIATED_IL10_SYNTHESIS,REACTOME_FCGR3A_MEDIATED_IL10_SYNTHESIS] was killed by [REACTOME_CREATION_OF_C4_AND_C2_ACTIVATORS,REACTOME_CREATION_OF_C4_AND_C2_ACTIVATORS]
[REACTOME_FCERI_MEDIATED_MAPK_ACTIVATION,REACTOME_FCERI_MEDIATED_MAPK_ACTIVATION] was killed by [REACTOME_CREATION_OF_C4_AND_C2_ACTIVATORS,REACTOME_CREATION_OF_C4_AND_C2_ACTIVATORS]
[REACTOME_DNA_REPLICATION,REACTOME_DNA_REPLICATION] was killed by [REACTOME_S_PHASE,REACTOME_S_PHASE]
[REACTOME_PARASITE_INFECTION,REACTOME_PARASITE_INFECTION] was killed by [REACTOME_CREATION_OF_C4_AND_C2_ACTIVATORS,REACTOME_CREATION_OF_C4_AND_C2_ACTIVATORS]
[REACTOME_NONSENSE_MEDIATED_DECAY_NMD,REACTOME_NONSENSE_MEDIATED_DECAY_NMD] was killed by [REACTOME_EUKARYOTIC_TRANSLATION_INITIATION,REACTOME_EUKARYOTIC_TRANSLATION_INITIATION]
[REACTOME_NUCLEOTIDE_EXCISION_REPAIR,REACTOME_NUCLEOTIDE_EXCISION_REPAIR] was killed by [REACTOME_MRNA_SPLICING,REACTOME_MRNA_SPLICING]
[REACTOME_REGULATION_OF_EXPRESSION_OF_SLITS_AND_ROBOS,REACTOME_REGULATION_OF_EXPRESSION_OF_SLITS_AND_ROBOS] was killed by [REACTOME_S_PHASE,REACTOME_S_PHASE]
[REACTOME_FCERI_MEDIATED_NF_KB_ACTIVATION,REACTOME_FCERI_MEDIATED_NF_KB_ACTIVATION] was killed by [REACTOME_CREATION_OF_C4_AND_C2_ACTIVATORS,REACTOME_CREATION_OF_C4_AND_C2_ACTIVATORS]
[REACTOME_RESPIRATORY_ELECTRON_TRANSPORT_ATP_SYNTHESIS_BY_CHEMIOSMOTIC_COUPLING_AND_HEAT_PRODUCTION_BY_UNCOUPLING_PROTEINS,REACTOME_RESPIRATORY_ELECTRON_TRANSPORT_ATP_SYNTHESIS_BY_CHEMIOSMOTIC_COUPLING_AND_HEAT_PRODUCTION_BY_UNCOUPLING_PROTEINS] was killed by [REACTOME_THE_CITRIC_ACID_TCA_CYCLE_AND_RESPIRATORY_ELECTRON_TRANSPORT,REACTOME_THE_CITRIC_ACID_TCA_CYCLE_AND_RESPIRATORY_ELECTRON_TRANSPORT]
[REACTOME_SEPARATION_OF_SISTER_CHROMATIDS,REACTOME_SEPARATION_OF_SISTER_CHROMATIDS] was killed by [REACTOME_S_PHASE,REACTOME_S_PHASE]
[REACTOME_EUKARYOTIC_TRANSLATION_ELONGATION,REACTOME_EUKARYOTIC_TRANSLATION_ELONGATION] was killed by [REACTOME_EUKARYOTIC_TRANSLATION_INITIATION,REACTOME_EUKARYOTIC_TRANSLATION_INITIATION]
[REACTOME_RESPIRATORY_ELECTRON_TRANSPORT,REACTOME_RESPIRATORY_ELECTRON_TRANSPORT] was killed by [REACTOME_THE_CITRIC_ACID_TCA_CYCLE_AND_RESPIRATORY_ELECTRON_TRANSPORT,REACTOME_THE_CITRIC_ACID_TCA_CYCLE_AND_RESPIRATORY_ELECTRON_TRANSPORT]
[REACTOME_CELLULAR_RESPONSE_TO_STARVATION,REACTOME_CELLULAR_RESPONSE_TO_STARVATION] was killed by [REACTOME_EUKARYOTIC_TRANSLATION_INITIATION,REACTOME_EUKARYOTIC_TRANSLATION_INITIATION]
[REACTOME_SRP_DEPENDENT_COTRANSLATIONAL_PROTEIN_TARGETING_TO_MEMBRANE,REACTOME_SRP_DEPENDENT_COTRANSLATIONAL_PROTEIN_TARGETING_TO_MEMBRANE] was killed by [REACTOME_EUKARYOTIC_TRANSLATION_INITIATION,REACTOME_EUKARYOTIC_TRANSLATION_INITIATION]
[REACTOME_FCGAMMA_RECEPTOR_FCGR_DEPENDENT_PHAGOCYTOSIS,REACTOME_FCGAMMA_RECEPTOR_FCGR_DEPENDENT_PHAGOCYTOSIS] was killed by [REACTOME_CREATION_OF_C4_AND_C2_ACTIVATORS,REACTOME_CREATION_OF_C4_AND_C2_ACTIVATORS]
[REACTOME_RESPONSE_OF_EIF2AK4_GCN2_TO_AMINO_ACID_DEFICIENCY,REACTOME_RESPONSE_OF_EIF2AK4_GCN2_TO_AMINO_ACID_DEFICIENCY] was killed by [REACTOME_EUKARYOTIC_TRANSLATION_INITIATION,REACTOME_EUKARYOTIC_TRANSLATION_INITIATION]
[REACTOME_MITOTIC_G1_PHASE_AND_G1_S_TRANSITION,REACTOME_MITOTIC_G1_PHASE_AND_G1_S_TRANSITION] was killed by [REACTOME_S_PHASE,REACTOME_S_PHASE]
[REACTOME_MITOTIC_G2_G2_M_PHASES,REACTOME_MITOTIC_G2_G2_M_PHASES] was killed by [REACTOME_S_PHASE,REACTOME_S_PHASE]
[REACTOME_G2_M_CHECKPOINTS,REACTOME_G2_M_CHECKPOINTS] was killed by [REACTOME_S_PHASE,REACTOME_S_PHASE]
[REACTOME_GLOBAL_GENOME_NUCLEOTIDE_EXCISION_REPAIR_GG_NER,REACTOME_GLOBAL_GENOME_NUCLEOTIDE_EXCISION_REPAIR_GG_NER] was killed by [REACTOME_S_PHASE,REACTOME_S_PHASE]
[REACTOME_TRANSPORT_OF_MATURE_TRANSCRIPT_TO_CYTOPLASM,REACTOME_TRANSPORT_OF_MATURE_TRANSCRIPT_TO_CYTOPLASM] was killed by [REACTOME_MRNA_SPLICING,REACTOME_MRNA_SPLICING]
[REACTOME_SELENOAMINO_ACID_METABOLISM,REACTOME_SELENOAMINO_ACID_METABOLISM] was killed by [REACTOME_EUKARYOTIC_TRANSLATION_INITIATION,REACTOME_EUKARYOTIC_TRANSLATION_INITIATION]
[REACTOME_MITOTIC_SPINDLE_CHECKPOINT,REACTOME_MITOTIC_SPINDLE_CHECKPOINT] was killed by [REACTOME_TRNA_PROCESSING,REACTOME_TRNA_PROCESSING]
[REACTOME_HIV_LIFE_CYCLE,REACTOME_HIV_LIFE_CYCLE] was killed by [REACTOME_MRNA_SPLICING,REACTOME_MRNA_SPLICING]
[REACTOME_SIGNALING_BY_THE_B_CELL_RECEPTOR_BCR,REACTOME_SIGNALING_BY_THE_B_CELL_RECEPTOR_BCR] was killed by [REACTOME_CREATION_OF_C4_AND_C2_ACTIVATORS,REACTOME_CREATION_OF_C4_AND_C2_ACTIVATORS]
[REACTOME_CELL_SURFACE_INTERACTIONS_AT_THE_VASCULAR_WALL,REACTOME_CELL_SURFACE_INTERACTIONS_AT_THE_VASCULAR_WALL] was killed by [REACTOME_CREATION_OF_C4_AND_C2_ACTIVATORS,REACTOME_CREATION_OF_C4_AND_C2_ACTIVATORS]
[REACTOME_DNA_DOUBLE_STRAND_BREAK_REPAIR,REACTOME_DNA_DOUBLE_STRAND_BREAK_REPAIR] was killed by [REACTOME_S_PHASE,REACTOME_S_PHASE]
[REACTOME_SWITCHING_OF_ORIGINS_TO_A_POST_REPLICATIVE_STATE,REACTOME_SWITCHING_OF_ORIGINS_TO_A_POST_REPLICATIVE_STATE] was killed by [REACTOME_S_PHASE,REACTOME_S_PHASE]
[REACTOME_BETA_DEFENSINS,REACTOME_BETA_DEFENSINS] was killed by [REACTOME_DEFENSINS,REACTOME_DEFENSINS]
[REACTOME_ANTIMICROBIAL_PEPTIDES,REACTOME_ANTIMICROBIAL_PEPTIDES] was killed by [REACTOME_DEFENSINS,REACTOME_DEFENSINS]
[REACTOME_MRNA_SPLICING_MINOR_PATHWAY,REACTOME_MRNA_SPLICING_MINOR_PATHWAY] was killed by [REACTOME_MRNA_SPLICING,REACTOME_MRNA_SPLICING]
[REACTOME_DNA_REPLICATION_PRE_INITIATION,REACTOME_DNA_REPLICATION_PRE_INITIATION] was killed by [REACTOME_S_PHASE,REACTOME_S_PHASE]
[REACTOME_HOMOLOGY_DIRECTED_REPAIR,REACTOME_HOMOLOGY_DIRECTED_REPAIR] was killed by [REACTOME_S_PHASE,REACTOME_S_PHASE]
[REACTOME_TRANSCRIPTION_COUPLED_NUCLEOTIDE_EXCISION_REPAIR_TC_NER,REACTOME_TRANSCRIPTION_COUPLED_NUCLEOTIDE_EXCISION_REPAIR_TC_NER] was killed by [REACTOME_MRNA_SPLICING,REACTOME_MRNA_SPLICING]
[REACTOME_CHROMOSOME_MAINTENANCE,REACTOME_CHROMOSOME_MAINTENANCE] was killed by [REACTOME_MRNA_SPLICING,REACTOME_MRNA_SPLICING]
[REACTOME_HCMV_INFECTION,REACTOME_HCMV_INFECTION] was killed by [REACTOME_TRNA_PROCESSING,REACTOME_TRNA_PROCESSING]
[REACTOME_HOST_INTERACTIONS_OF_HIV_FACTORS,REACTOME_HOST_INTERACTIONS_OF_HIV_FACTORS] was killed by [REACTOME_TRNA_PROCESSING,REACTOME_TRNA_PROCESSING]
[REACTOME_RNA_POLYMERASE_II_TRANSCRIPTION_TERMINATION,REACTOME_RNA_POLYMERASE_II_TRANSCRIPTION_TERMINATION] was killed by [REACTOME_MRNA_SPLICING,REACTOME_MRNA_SPLICING]
[REACTOME_TRNA_PROCESSING_IN_THE_NUCLEUS,REACTOME_TRNA_PROCESSING_IN_THE_NUCLEUS] was killed by [REACTOME_TRNA_PROCESSING,REACTOME_TRNA_PROCESSING]
[REACTOME_SNRNP_ASSEMBLY,REACTOME_SNRNP_ASSEMBLY] was killed by [REACTOME_MRNA_SPLICING,REACTOME_MRNA_SPLICING]
[REACTOME_FC_EPSILON_RECEPTOR_FCERI_SIGNALING,REACTOME_FC_EPSILON_RECEPTOR_FCERI_SIGNALING] was killed by [REACTOME_CREATION_OF_C4_AND_C2_ACTIVATORS,REACTOME_CREATION_OF_C4_AND_C2_ACTIVATORS]
[REACTOME_MITOCHONDRIAL_PROTEIN_IMPORT,REACTOME_MITOCHONDRIAL_PROTEIN_IMPORT] was killed by [REACTOME_THE_CITRIC_ACID_TCA_CYCLE_AND_RESPIRATORY_ELECTRON_TRANSPORT,REACTOME_THE_CITRIC_ACID_TCA_CYCLE_AND_RESPIRATORY_ELECTRON_TRANSPORT]
[REACTOME_REGULATION_OF_TP53_ACTIVITY,REACTOME_REGULATION_OF_TP53_ACTIVITY] was killed by [REACTOME_S_PHASE,REACTOME_S_PHASE]
[REACTOME_TRNA_MODIFICATION_IN_THE_NUCLEUS_AND_CYTOSOL,REACTOME_TRNA_MODIFICATION_IN_THE_NUCLEUS_AND_CYTOSOL] was killed by [REACTOME_TRNA_PROCESSING,REACTOME_TRNA_PROCESSING]
[REACTOME_APC_C_MEDIATED_DEGRADATION_OF_CELL_CYCLE_PROTEINS,REACTOME_APC_C_MEDIATED_DEGRADATION_OF_CELL_CYCLE_PROTEINS] was killed by [REACTOME_S_PHASE,REACTOME_S_PHASE]
[REACTOME_HCMV_EARLY_EVENTS,REACTOME_HCMV_EARLY_EVENTS] was killed by [REACTOME_TRNA_PROCESSING,REACTOME_TRNA_PROCESSING]
[REACTOME_REGULATION_OF_PLK1_ACTIVITY_AT_G2_M_TRANSITION,REACTOME_REGULATION_OF_PLK1_ACTIVITY_AT_G2_M_TRANSITION] was killed by [REACTOME_ANCHORING_OF_THE_BASAL_BODY_TO_THE_PLASMA_MEMBRANE,REACTOME_ANCHORING_OF_THE_BASAL_BODY_TO_THE_PLASMA_MEMBRANE]
[REACTOME_ORC1_REMOVAL_FROM_CHROMATIN,REACTOME_ORC1_REMOVAL_FROM_CHROMATIN] was killed by [REACTOME_S_PHASE,REACTOME_S_PHASE]
[REACTOME_RESOLUTION_OF_SISTER_CHROMATID_COHESION,REACTOME_RESOLUTION_OF_SISTER_CHROMATID_COHESION] was killed by [REACTOME_TRNA_PROCESSING,REACTOME_TRNA_PROCESSING]
[REACTOME_HCMV_LATE_EVENTS,REACTOME_HCMV_LATE_EVENTS] was killed by [REACTOME_TRNA_PROCESSING,REACTOME_TRNA_PROCESSING]
[REACTOME_APC_C_CDH1_MEDIATED_DEGRADATION_OF_CDC20_AND_OTHER_APC_C_CDH1_TARGETED_PROTEINS_IN_LATE_MITOSIS_EARLY_G1,REACTOME_APC_C_CDH1_MEDIATED_DEGRADATION_OF_CDC20_AND_OTHER_APC_C_CDH1_TARGETED_PROTEINS_IN_LATE_MITOSIS_EARLY_G1] was killed by [REACTOME_S_PHASE,REACTOME_S_PHASE]
[REACTOME_SUMOYLATION,REACTOME_SUMOYLATION] was killed by [REACTOME_TRNA_PROCESSING,REACTOME_TRNA_PROCESSING]
[REACTOME_HDR_THROUGH_HOMOLOGOUS_RECOMBINATION_HRR,REACTOME_HDR_THROUGH_HOMOLOGOUS_RECOMBINATION_HRR] was killed by [REACTOME_S_PHASE,REACTOME_S_PHASE]
[REACTOME_VIRAL_MESSENGER_RNA_SYNTHESIS,REACTOME_VIRAL_MESSENGER_RNA_SYNTHESIS] was killed by [REACTOME_MRNA_SPLICING,REACTOME_MRNA_SPLICING]
[REACTOME_COMPLEX_I_BIOGENESIS,REACTOME_COMPLEX_I_BIOGENESIS] was killed by [REACTOME_THE_CITRIC_ACID_TCA_CYCLE_AND_RESPIRATORY_ELECTRON_TRANSPORT,REACTOME_THE_CITRIC_ACID_TCA_CYCLE_AND_RESPIRATORY_ELECTRON_TRANSPORT]
[REACTOME_CYCLIN_A_CDK2_ASSOCIATED_EVENTS_AT_S_PHASE_ENTRY,REACTOME_CYCLIN_A_CDK2_ASSOCIATED_EVENTS_AT_S_PHASE_ENTRY] was killed by [REACTOME_S_PHASE,REACTOME_S_PHASE]
[REACTOME_ASSEMBLY_OF_THE_PRE_REPLICATIVE_COMPLEX,REACTOME_ASSEMBLY_OF_THE_PRE_REPLICATIVE_COMPLEX] was killed by [REACTOME_S_PHASE,REACTOME_S_PHASE]
[REACTOME_DUAL_INCISION_IN_TC_NER,REACTOME_DUAL_INCISION_IN_TC_NER] was killed by [REACTOME_MRNA_SPLICING,REACTOME_MRNA_SPLICING]
[REACTOME_TRANSCRIPTIONAL_REGULATION_BY_SMALL_RNAS,REACTOME_TRANSCRIPTIONAL_REGULATION_BY_SMALL_RNAS] was killed by [REACTOME_MRNA_SPLICING,REACTOME_MRNA_SPLICING]
[REACTOME_SUMOYLATION_OF_DNA_REPLICATION_PROTEINS,REACTOME_SUMOYLATION_OF_DNA_REPLICATION_PROTEINS] was killed by [REACTOME_TRNA_PROCESSING,REACTOME_TRNA_PROCESSING]
[REACTOME_FORMATION_OF_RNA_POL_II_ELONGATION_COMPLEX,REACTOME_FORMATION_OF_RNA_POL_II_ELONGATION_COMPLEX] was killed by [REACTOME_MRNA_SPLICING,REACTOME_MRNA_SPLICING]
[REACTOME_CHEMOKINE_RECEPTORS_BIND_CHEMOKINES,REACTOME_CHEMOKINE_RECEPTORS_BIND_CHEMOKINES] was killed by [REACTOME_PEPTIDE_LIGAND_BINDING_RECEPTORS,REACTOME_PEPTIDE_LIGAND_BINDING_RECEPTORS]
[REACTOME_RECRUITMENT_OF_MITOTIC_CENTROSOME_PROTEINS_AND_COMPLEXES,REACTOME_RECRUITMENT_OF_MITOTIC_CENTROSOME_PROTEINS_AND_COMPLEXES] was killed by [REACTOME_ANCHORING_OF_THE_BASAL_BODY_TO_THE_PLASMA_MEMBRANE,REACTOME_ANCHORING_OF_THE_BASAL_BODY_TO_THE_PLASMA_MEMBRANE]
[REACTOME_INTERLEUKIN_10_SIGNALING,REACTOME_INTERLEUKIN_10_SIGNALING] was killed by [REACTOME_PEPTIDE_LIGAND_BINDING_RECEPTORS,REACTOME_PEPTIDE_LIGAND_BINDING_RECEPTORS]
[REACTOME_TRANSPORT_OF_MATURE_MRNAS_DERIVED_FROM_INTRONLESS_TRANSCRIPTS,REACTOME_TRANSPORT_OF_MATURE_MRNAS_DERIVED_FROM_INTRONLESS_TRANSCRIPTS] was killed by [REACTOME_MRNA_SPLICING,REACTOME_MRNA_SPLICING]
[REACTOME_AURKA_ACTIVATION_BY_TPX2,REACTOME_AURKA_ACTIVATION_BY_TPX2] was killed by [REACTOME_ANCHORING_OF_THE_BASAL_BODY_TO_THE_PLASMA_MEMBRANE,REACTOME_ANCHORING_OF_THE_BASAL_BODY_TO_THE_PLASMA_MEMBRANE]
[REACTOME_ACTIVATION_OF_ATR_IN_RESPONSE_TO_REPLICATION_STRESS,REACTOME_ACTIVATION_OF_ATR_IN_RESPONSE_TO_REPLICATION_STRESS] was killed by [REACTOME_S_PHASE,REACTOME_S_PHASE]
[REACTOME_UCH_PROTEINASES,REACTOME_UCH_PROTEINASES] was killed by [REACTOME_S_PHASE,REACTOME_S_PHASE]
[REACTOME_GOLGI_TO_ER_RETROGRADE_TRANSPORT,REACTOME_GOLGI_TO_ER_RETROGRADE_TRANSPORT] was killed by [REACTOME_ANCHORING_OF_THE_BASAL_BODY_TO_THE_PLASMA_MEMBRANE,REACTOME_ANCHORING_OF_THE_BASAL_BODY_TO_THE_PLASMA_MEMBRANE]
[REACTOME_TELOMERE_MAINTENANCE,REACTOME_TELOMERE_MAINTENANCE] was killed by [REACTOME_MRNA_SPLICING,REACTOME_MRNA_SPLICING]
[REACTOME_RNA_POLYMERASE_II_TRANSCRIBES_SNRNA_GENES,REACTOME_RNA_POLYMERASE_II_TRANSCRIBES_SNRNA_GENES] was killed by [REACTOME_MRNA_SPLICING,REACTOME_MRNA_SPLICING]
[REACTOME_ACTIVATION_OF_THE_PRE_REPLICATIVE_COMPLEX,REACTOME_ACTIVATION_OF_THE_PRE_REPLICATIVE_COMPLEX] was killed by [REACTOME_S_PHASE,REACTOME_S_PHASE]
[REACTOME_SUMOYLATION_OF_DNA_DAMAGE_RESPONSE_AND_REPAIR_PROTEINS,REACTOME_SUMOYLATION_OF_DNA_DAMAGE_RESPONSE_AND_REPAIR_PROTEINS] was killed by [REACTOME_TRNA_PROCESSING,REACTOME_TRNA_PROCESSING]
[REACTOME_NEGATIVE_EPIGENETIC_REGULATION_OF_RRNA_EXPRESSION,REACTOME_NEGATIVE_EPIGENETIC_REGULATION_OF_RRNA_EXPRESSION] was killed by [REACTOME_EPIGENETIC_REGULATION_OF_GENE_EXPRESSION,REACTOME_EPIGENETIC_REGULATION_OF_GENE_EXPRESSION]
[REACTOME_TRANSCRIPTION_OF_THE_HIV_GENOME,REACTOME_TRANSCRIPTION_OF_THE_HIV_GENOME] was killed by [REACTOME_MRNA_SPLICING,REACTOME_MRNA_SPLICING]
[REACTOME_G_ALPHA_S_SIGNALLING_EVENTS,REACTOME_G_ALPHA_S_SIGNALLING_EVENTS] was killed by [REACTOME_PEPTIDE_LIGAND_BINDING_RECEPTORS,REACTOME_PEPTIDE_LIGAND_BINDING_RECEPTORS]
[REACTOME_PTEN_REGULATION,REACTOME_PTEN_REGULATION] was killed by [REACTOME_S_PHASE,REACTOME_S_PHASE]
[REACTOME_ER_TO_GOLGI_ANTEROGRADE_TRANSPORT,REACTOME_ER_TO_GOLGI_ANTEROGRADE_TRANSPORT] was killed by [REACTOME_ANCHORING_OF_THE_BASAL_BODY_TO_THE_PLASMA_MEMBRANE,REACTOME_ANCHORING_OF_THE_BASAL_BODY_TO_THE_PLASMA_MEMBRANE]
[REACTOME_PROTEIN_UBIQUITINATION,REACTOME_PROTEIN_UBIQUITINATION] was killed by [REACTOME_S_PHASE,REACTOME_S_PHASE]
[REACTOME_REGULATION_OF_TP53_ACTIVITY_THROUGH_PHOSPHORYLATION,REACTOME_REGULATION_OF_TP53_ACTIVITY_THROUGH_PHOSPHORYLATION] was killed by [REACTOME_S_PHASE,REACTOME_S_PHASE]
[REACTOME_ACTIVATION_OF_THE_MRNA_UPON_BINDING_OF_THE_CAP_BINDING_COMPLEX_AND_EIFS_AND_SUBSEQUENT_BINDING_TO_43S,REACTOME_ACTIVATION_OF_THE_MRNA_UPON_BINDING_OF_THE_CAP_BINDING_COMPLEX_AND_EIFS_AND_SUBSEQUENT_BINDING_TO_43S] was killed by [REACTOME_RRNA_MODIFICATION_IN_THE_NUCLEUS_AND_CYTOSOL,REACTOME_RRNA_MODIFICATION_IN_THE_NUCLEUS_AND_CYTOSOL]
[REACTOME_RHO_GTPASES_ACTIVATE_FORMINS,REACTOME_RHO_GTPASES_ACTIVATE_FORMINS] was killed by [REACTOME_TRNA_PROCESSING,REACTOME_TRNA_PROCESSING]
[REACTOME_HATS_ACETYLATE_HISTONES,REACTOME_HATS_ACETYLATE_HISTONES] was killed by [REACTOME_EPIGENETIC_REGULATION_OF_GENE_EXPRESSION,REACTOME_EPIGENETIC_REGULATION_OF_GENE_EXPRESSION]
[REACTOME_HIV_TRANSCRIPTION_ELONGATION,REACTOME_HIV_TRANSCRIPTION_ELONGATION] was killed by [REACTOME_MRNA_SPLICING,REACTOME_MRNA_SPLICING]
[REACTOME_FORMATION_OF_TC_NER_PRE_INCISION_COMPLEX,REACTOME_FORMATION_OF_TC_NER_PRE_INCISION_COMPLEX] was killed by [REACTOME_MRNA_SPLICING,REACTOME_MRNA_SPLICING]
[REACTOME_DNA_STRAND_ELONGATION,REACTOME_DNA_STRAND_ELONGATION] was killed by [REACTOME_S_PHASE,REACTOME_S_PHASE]
[REACTOME_INTERACTIONS_OF_VPR_WITH_HOST_CELLULAR_PROTEINS,REACTOME_INTERACTIONS_OF_VPR_WITH_HOST_CELLULAR_PROTEINS] was killed by [REACTOME_TRNA_PROCESSING,REACTOME_TRNA_PROCESSING]
[REACTOME_MITOTIC_PROPHASE,REACTOME_MITOTIC_PROPHASE] was killed by [REACTOME_TRNA_PROCESSING,REACTOME_TRNA_PROCESSING]
[REACTOME_PROCESSING_OF_DNA_DOUBLE_STRAND_BREAK_ENDS,REACTOME_PROCESSING_OF_DNA_DOUBLE_STRAND_BREAK_ENDS] was killed by [REACTOME_S_PHASE,REACTOME_S_PHASE]
[REACTOME_INTERACTIONS_OF_REV_WITH_HOST_CELLULAR_PROTEINS,REACTOME_INTERACTIONS_OF_REV_WITH_HOST_CELLULAR_PROTEINS] was killed by [REACTOME_TRNA_PROCESSING,REACTOME_TRNA_PROCESSING]
[REACTOME_EXTENSION_OF_TELOMERES,REACTOME_EXTENSION_OF_TELOMERES] was killed by [REACTOME_S_PHASE,REACTOME_S_PHASE]
[REACTOME_DNA_DAMAGE_RECOGNITION_IN_GG_NER,REACTOME_DNA_DAMAGE_RECOGNITION_IN_GG_NER] was killed by [REACTOME_S_PHASE,REACTOME_S_PHASE]
[REACTOME_TP53_REGULATES_METABOLIC_GENES,REACTOME_TP53_REGULATES_METABOLIC_GENES] was killed by [REACTOME_THE_CITRIC_ACID_TCA_CYCLE_AND_RESPIRATORY_ELECTRON_TRANSPORT,REACTOME_THE_CITRIC_ACID_TCA_CYCLE_AND_RESPIRATORY_ELECTRON_TRANSPORT]
[REACTOME_TP53_REGULATES_TRANSCRIPTION_OF_DNA_REPAIR_GENES,REACTOME_TP53_REGULATES_TRANSCRIPTION_OF_DNA_REPAIR_GENES] was killed by [REACTOME_MRNA_SPLICING,REACTOME_MRNA_SPLICING]
[REACTOME_CRISTAE_FORMATION,REACTOME_CRISTAE_FORMATION] was killed by [REACTOME_THE_CITRIC_ACID_TCA_CYCLE_AND_RESPIRATORY_ELECTRON_TRANSPORT,REACTOME_THE_CITRIC_ACID_TCA_CYCLE_AND_RESPIRATORY_ELECTRON_TRANSPORT]
[REACTOME_TRANSPORT_OF_THE_SLBP_DEPENDANT_MATURE_MRNA,REACTOME_TRANSPORT_OF_THE_SLBP_DEPENDANT_MATURE_MRNA] was killed by [REACTOME_TRNA_PROCESSING,REACTOME_TRNA_PROCESSING]
[REACTOME_CYTOSOLIC_TRNA_AMINOACYLATION,REACTOME_CYTOSOLIC_TRNA_AMINOACYLATION] was killed by [REACTOME_TRNA_AMINOACYLATION,REACTOME_TRNA_AMINOACYLATION]
[REACTOME_RNA_POLYMERASE_III_TRANSCRIPTION,REACTOME_RNA_POLYMERASE_III_TRANSCRIPTION] was killed by [REACTOME_MRNA_SPLICING,REACTOME_MRNA_SPLICING]
[REACTOME_MITOCHONDRIAL_BIOGENESIS,REACTOME_MITOCHONDRIAL_BIOGENESIS] was killed by [REACTOME_THE_CITRIC_ACID_TCA_CYCLE_AND_RESPIRATORY_ELECTRON_TRANSPORT,REACTOME_THE_CITRIC_ACID_TCA_CYCLE_AND_RESPIRATORY_ELECTRON_TRANSPORT]
[REACTOME_APOPTOSIS,REACTOME_APOPTOSIS] was killed by [REACTOME_S_PHASE,REACTOME_S_PHASE]
[REACTOME_ADORA2B_MEDIATED_ANTI_INFLAMMATORY_CYTOKINES_PRODUCTION,REACTOME_ADORA2B_MEDIATED_ANTI_INFLAMMATORY_CYTOKINES_PRODUCTION] was killed by [REACTOME_PEPTIDE_LIGAND_BINDING_RECEPTORS,REACTOME_PEPTIDE_LIGAND_BINDING_RECEPTORS]
[REACTOME_SUMOYLATION_OF_SUMOYLATION_PROTEINS,REACTOME_SUMOYLATION_OF_SUMOYLATION_PROTEINS] was killed by [REACTOME_TRNA_PROCESSING,REACTOME_TRNA_PROCESSING]
[REACTOME_TRANSPORT_TO_THE_GOLGI_AND_SUBSEQUENT_MODIFICATION,REACTOME_TRANSPORT_TO_THE_GOLGI_AND_SUBSEQUENT_MODIFICATION] was killed by [REACTOME_ANCHORING_OF_THE_BASAL_BODY_TO_THE_PLASMA_MEMBRANE,REACTOME_ANCHORING_OF_THE_BASAL_BODY_TO_THE_PLASMA_MEMBRANE]
[REACTOME_REGULATION_OF_INSULIN_LIKE_GROWTH_FACTOR_IGF_TRANSPORT_AND_UPTAKE_BY_INSULIN_LIKE_GROWTH_FACTOR_BINDING_PROTEINS_IGFBPS,REACTOME_REGULATION_OF_INSULIN_LIKE_GROWTH_FACTOR_IGF_TRANSPORT_AND_UPTAKE_BY_INSULIN_LIKE_GROWTH_FACTOR_BINDING_PROTEINS_IGFBPS] was killed by [REACTOME_ECM_PROTEOGLYCANS,REACTOME_ECM_PROTEOGLYCANS]
[REACTOME_HOMOLOGOUS_DNA_PAIRING_AND_STRAND_EXCHANGE,REACTOME_HOMOLOGOUS_DNA_PAIRING_AND_STRAND_EXCHANGE] was killed by [REACTOME_S_PHASE,REACTOME_S_PHASE]
[REACTOME_POSTMITOTIC_NUCLEAR_PORE_COMPLEX_NPC_REFORMATION,REACTOME_POSTMITOTIC_NUCLEAR_PORE_COMPLEX_NPC_REFORMATION] was killed by [REACTOME_TRNA_PROCESSING,REACTOME_TRNA_PROCESSING]
[REACTOME_NUCLEAR_IMPORT_OF_REV_PROTEIN,REACTOME_NUCLEAR_IMPORT_OF_REV_PROTEIN] was killed by [REACTOME_TRNA_PROCESSING,REACTOME_TRNA_PROCESSING]
[REACTOME_CELLULAR_SENESCENCE,REACTOME_CELLULAR_SENESCENCE] was killed by [REACTOME_S_PHASE,REACTOME_S_PHASE]
[REACTOME_G2_M_DNA_DAMAGE_CHECKPOINT,REACTOME_G2_M_DNA_DAMAGE_CHECKPOINT] was killed by [REACTOME_S_PHASE,REACTOME_S_PHASE]
[REACTOME_FORMATION_OF_THE_EARLY_ELONGATION_COMPLEX,REACTOME_FORMATION_OF_THE_EARLY_ELONGATION_COMPLEX] was killed by [REACTOME_MRNA_SPLICING,REACTOME_MRNA_SPLICING]
[REACTOME_REGULATION_OF_PTEN_STABILITY_AND_ACTIVITY,REACTOME_REGULATION_OF_PTEN_STABILITY_AND_ACTIVITY] was killed by [REACTOME_S_PHASE,REACTOME_S_PHASE]
[REACTOME_NEGATIVE_REGULATION_OF_NOTCH4_SIGNALING,REACTOME_NEGATIVE_REGULATION_OF_NOTCH4_SIGNALING] was killed by [REACTOME_S_PHASE,REACTOME_S_PHASE]
[REACTOME_HDR_THROUGH_SINGLE_STRAND_ANNEALING_SSA,REACTOME_HDR_THROUGH_SINGLE_STRAND_ANNEALING_SSA] was killed by [REACTOME_S_PHASE,REACTOME_S_PHASE]
[REACTOME_DEADENYLATION_DEPENDENT_MRNA_DECAY,REACTOME_DEADENYLATION_DEPENDENT_MRNA_DECAY] was killed by [REACTOME_MRNA_SPLICING,REACTOME_MRNA_SPLICING]
[REACTOME_SUMOYLATION_OF_UBIQUITINYLATION_PROTEINS,REACTOME_SUMOYLATION_OF_UBIQUITINYLATION_PROTEINS] was killed by [REACTOME_TRNA_PROCESSING,REACTOME_TRNA_PROCESSING]
[REACTOME_CYTOPROTECTION_BY_HMOX1,REACTOME_CYTOPROTECTION_BY_HMOX1] was killed by [REACTOME_S_PHASE,REACTOME_S_PHASE]
[REACTOME_DOWNSTREAM_SIGNALING_EVENTS_OF_B_CELL_RECEPTOR_BCR,REACTOME_DOWNSTREAM_SIGNALING_EVENTS_OF_B_CELL_RECEPTOR_BCR] was killed by [REACTOME_S_PHASE,REACTOME_S_PHASE]
[REACTOME_SCF_SKP2_MEDIATED_DEGRADATION_OF_P27_P21,REACTOME_SCF_SKP2_MEDIATED_DEGRADATION_OF_P27_P21] was killed by [REACTOME_S_PHASE,REACTOME_S_PHASE]
[REACTOME_RHOA_GTPASE_CYCLE,REACTOME_RHOA_GTPASE_CYCLE] was killed by [REACTOME_RAC1_GTPASE_CYCLE,REACTOME_RAC1_GTPASE_CYCLE]
[REACTOME_REGULATION_OF_RUNX3_EXPRESSION_AND_ACTIVITY,REACTOME_REGULATION_OF_RUNX3_EXPRESSION_AND_ACTIVITY] was killed by [REACTOME_S_PHASE,REACTOME_S_PHASE]
[REACTOME_BASE_EXCISION_REPAIR,REACTOME_BASE_EXCISION_REPAIR] was killed by [REACTOME_S_PHASE,REACTOME_S_PHASE]
[REACTOME_REGULATION_OF_HMOX1_EXPRESSION_AND_ACTIVITY,REACTOME_REGULATION_OF_HMOX1_EXPRESSION_AND_ACTIVITY] was killed by [REACTOME_S_PHASE,REACTOME_S_PHASE]
[REACTOME_RNA_POLYMERASE_I_TRANSCRIPTION,REACTOME_RNA_POLYMERASE_I_TRANSCRIPTION] was killed by [REACTOME_EPIGENETIC_REGULATION_OF_GENE_EXPRESSION,REACTOME_EPIGENETIC_REGULATION_OF_GENE_EXPRESSION]
[REACTOME_EXPORT_OF_VIRAL_RIBONUCLEOPROTEINS_FROM_NUCLEUS,REACTOME_EXPORT_OF_VIRAL_RIBONUCLEOPROTEINS_FROM_NUCLEUS] was killed by [REACTOME_TRNA_PROCESSING,REACTOME_TRNA_PROCESSING]
[REACTOME_RNA_POLYMERASE_I_TRANSCRIPTION_INITIATION,REACTOME_RNA_POLYMERASE_I_TRANSCRIPTION_INITIATION] was killed by [REACTOME_MRNA_SPLICING,REACTOME_MRNA_SPLICING]
[REACTOME_REGULATION_OF_RAS_BY_GAPS,REACTOME_REGULATION_OF_RAS_BY_GAPS] was killed by [REACTOME_S_PHASE,REACTOME_S_PHASE]
[REACTOME_NS1_MEDIATED_EFFECTS_ON_HOST_PATHWAYS,REACTOME_NS1_MEDIATED_EFFECTS_ON_HOST_PATHWAYS] was killed by [REACTOME_TRNA_PROCESSING,REACTOME_TRNA_PROCESSING]
[REACTOME_RECRUITMENT_OF_NUMA_TO_MITOTIC_CENTROSOMES,REACTOME_RECRUITMENT_OF_NUMA_TO_MITOTIC_CENTROSOMES] was killed by [REACTOME_ANCHORING_OF_THE_BASAL_BODY_TO_THE_PLASMA_MEMBRANE,REACTOME_ANCHORING_OF_THE_BASAL_BODY_TO_THE_PLASMA_MEMBRANE]
[REACTOME_ENDOSOMAL_SORTING_COMPLEX_REQUIRED_FOR_TRANSPORT_ESCRT,REACTOME_ENDOSOMAL_SORTING_COMPLEX_REQUIRED_FOR_TRANSPORT_ESCRT] was killed by [REACTOME_S_PHASE,REACTOME_S_PHASE]
[REACTOME_REGULATION_OF_MRNA_STABILITY_BY_PROTEINS_THAT_BIND_AU_RICH_ELEMENTS,REACTOME_REGULATION_OF_MRNA_STABILITY_BY_PROTEINS_THAT_BIND_AU_RICH_ELEMENTS] was killed by [REACTOME_S_PHASE,REACTOME_S_PHASE]
[REACTOME_GENE_SILENCING_BY_RNA,REACTOME_GENE_SILENCING_BY_RNA] was killed by [REACTOME_MRNA_SPLICING,REACTOME_MRNA_SPLICING]
[REACTOME_NON_INTEGRIN_MEMBRANE_ECM_INTERACTIONS,REACTOME_NON_INTEGRIN_MEMBRANE_ECM_INTERACTIONS] was killed by [REACTOME_ECM_PROTEOGLYCANS,REACTOME_ECM_PROTEOGLYCANS]
[REACTOME_TELOMERE_C_STRAND_LAGGING_STRAND_SYNTHESIS,REACTOME_TELOMERE_C_STRAND_LAGGING_STRAND_SYNTHESIS] was killed by [REACTOME_S_PHASE,REACTOME_S_PHASE]
[REACTOME_DNA_DAMAGE_TELOMERE_STRESS_INDUCED_SENESCENCE,REACTOME_DNA_DAMAGE_TELOMERE_STRESS_INDUCED_SENESCENCE] was killed by [REACTOME_S_PHASE,REACTOME_S_PHASE]
[REACTOME_REGULATION_OF_GLUCOKINASE_BY_GLUCOKINASE_REGULATORY_PROTEIN,REACTOME_REGULATION_OF_GLUCOKINASE_BY_GLUCOKINASE_REGULATORY_PROTEIN] was killed by [REACTOME_TRNA_PROCESSING,REACTOME_TRNA_PROCESSING]
[REACTOME_SARS_COV_INFECTIONS,REACTOME_SARS_COV_INFECTIONS] was killed by [REACTOME_EPIGENETIC_REGULATION_OF_GENE_EXPRESSION,REACTOME_EPIGENETIC_REGULATION_OF_GENE_EXPRESSION]
[REACTOME_DECTIN_1_MEDIATED_NONCANONICAL_NF_KB_SIGNALING,REACTOME_DECTIN_1_MEDIATED_NONCANONICAL_NF_KB_SIGNALING] was killed by [REACTOME_S_PHASE,REACTOME_S_PHASE]
[REACTOME_RNA_POLYMERASE_I_PROMOTER_ESCAPE,REACTOME_RNA_POLYMERASE_I_PROMOTER_ESCAPE] was killed by [REACTOME_EPIGENETIC_REGULATION_OF_GENE_EXPRESSION,REACTOME_EPIGENETIC_REGULATION_OF_GENE_EXPRESSION]
[REACTOME_CITRIC_ACID_CYCLE_TCA_CYCLE,REACTOME_CITRIC_ACID_CYCLE_TCA_CYCLE] was killed by [REACTOME_THE_CITRIC_ACID_TCA_CYCLE_AND_RESPIRATORY_ELECTRON_TRANSPORT,REACTOME_THE_CITRIC_ACID_TCA_CYCLE_AND_RESPIRATORY_ELECTRON_TRANSPORT]
[REACTOME_RESOLUTION_OF_D_LOOP_STRUCTURES_THROUGH_SYNTHESIS_DEPENDENT_STRAND_ANNEALING_SDSA,REACTOME_RESOLUTION_OF_D_LOOP_STRUCTURES_THROUGH_SYNTHESIS_DEPENDENT_STRAND_ANNEALING_SDSA] was killed by [REACTOME_RESOLUTION_OF_D_LOOP_STRUCTURES,REACTOME_RESOLUTION_OF_D_LOOP_STRUCTURES]
[REACTOME_PROTEIN_LOCALIZATION,REACTOME_PROTEIN_LOCALIZATION] was killed by [REACTOME_THE_CITRIC_ACID_TCA_CYCLE_AND_RESPIRATORY_ELECTRON_TRANSPORT,REACTOME_THE_CITRIC_ACID_TCA_CYCLE_AND_RESPIRATORY_ELECTRON_TRANSPORT]
[REACTOME_SUMOYLATION_OF_RNA_BINDING_PROTEINS,REACTOME_SUMOYLATION_OF_RNA_BINDING_PROTEINS] was killed by [REACTOME_TRNA_PROCESSING,REACTOME_TRNA_PROCESSING]
[REACTOME_DUAL_INCISION_IN_GG_NER,REACTOME_DUAL_INCISION_IN_GG_NER] was killed by [REACTOME_S_PHASE,REACTOME_S_PHASE]
[REACTOME_EPH_EPHRIN_SIGNALING,REACTOME_EPH_EPHRIN_SIGNALING] was killed by [REACTOME_RAC1_GTPASE_CYCLE,REACTOME_RAC1_GTPASE_CYCLE]
[REACTOME_RESOLUTION_OF_ABASIC_SITES_AP_SITES,REACTOME_RESOLUTION_OF_ABASIC_SITES_AP_SITES] was killed by [REACTOME_S_PHASE,REACTOME_S_PHASE]
[REACTOME_HIV_ELONGATION_ARREST_AND_RECOVERY,REACTOME_HIV_ELONGATION_ARREST_AND_RECOVERY] was killed by [REACTOME_MRNA_SPLICING,REACTOME_MRNA_SPLICING]
[REACTOME_ABORTIVE_ELONGATION_OF_HIV_1_TRANSCRIPT_IN_THE_ABSENCE_OF_TAT,REACTOME_ABORTIVE_ELONGATION_OF_HIV_1_TRANSCRIPT_IN_THE_ABSENCE_OF_TAT] was killed by [REACTOME_MRNA_SPLICING,REACTOME_MRNA_SPLICING]
[REACTOME_AUF1_HNRNP_D0_BINDS_AND_DESTABILIZES_MRNA,REACTOME_AUF1_HNRNP_D0_BINDS_AND_DESTABILIZES_MRNA] was killed by [REACTOME_S_PHASE,REACTOME_S_PHASE]
[REACTOME_FORMATION_OF_INCISION_COMPLEX_IN_GG_NER,REACTOME_FORMATION_OF_INCISION_COMPLEX_IN_GG_NER] was killed by [REACTOME_S_PHASE,REACTOME_S_PHASE]
[REACTOME_RHOV_GTPASE_CYCLE,REACTOME_RHOV_GTPASE_CYCLE] was killed by [REACTOME_RAC1_GTPASE_CYCLE,REACTOME_RAC1_GTPASE_CYCLE]
[REACTOME_COPI_MEDIATED_ANTEROGRADE_TRANSPORT,REACTOME_COPI_MEDIATED_ANTEROGRADE_TRANSPORT] was killed by [REACTOME_ANCHORING_OF_THE_BASAL_BODY_TO_THE_PLASMA_MEMBRANE,REACTOME_ANCHORING_OF_THE_BASAL_BODY_TO_THE_PLASMA_MEMBRANE]
[REACTOME_RNA_POLYMERASE_III_TRANSCRIPTION_INITIATION_FROM_TYPE_1_PROMOTER,REACTOME_RNA_POLYMERASE_III_TRANSCRIPTION_INITIATION_FROM_TYPE_1_PROMOTER] was killed by [REACTOME_MRNA_SPLICING,REACTOME_MRNA_SPLICING]
[REACTOME_RNA_POLYMERASE_III_TRANSCRIPTION_TERMINATION,REACTOME_RNA_POLYMERASE_III_TRANSCRIPTION_TERMINATION] was killed by [REACTOME_MRNA_SPLICING,REACTOME_MRNA_SPLICING]
[REACTOME_INTERLEUKIN_4_AND_INTERLEUKIN_13_SIGNALING,REACTOME_INTERLEUKIN_4_AND_INTERLEUKIN_13_SIGNALING] was killed by [REACTOME_PEPTIDE_LIGAND_BINDING_RECEPTORS,REACTOME_PEPTIDE_LIGAND_BINDING_RECEPTORS]
[REACTOME_INTERACTION_BETWEEN_L1_AND_ANKYRINS,REACTOME_INTERACTION_BETWEEN_L1_AND_ANKYRINS] was killed by [REACTOME_MUSCLE_CONTRACTION,REACTOME_MUSCLE_CONTRACTION]
[REACTOME_POTASSIUM_CHANNELS,REACTOME_POTASSIUM_CHANNELS] was killed by [REACTOME_MUSCLE_CONTRACTION,REACTOME_MUSCLE_CONTRACTION]
[REACTOME_HIV_TRANSCRIPTION_INITIATION,REACTOME_HIV_TRANSCRIPTION_INITIATION] was killed by [REACTOME_MRNA_SPLICING,REACTOME_MRNA_SPLICING]
[REACTOME_CELLULAR_RESPONSE_TO_HEAT_STRESS,REACTOME_CELLULAR_RESPONSE_TO_HEAT_STRESS] was killed by [REACTOME_TRNA_PROCESSING,REACTOME_TRNA_PROCESSING]
[REACTOME_FANCONI_ANEMIA_PATHWAY,REACTOME_FANCONI_ANEMIA_PATHWAY] was killed by [REACTOME_S_PHASE,REACTOME_S_PHASE]
[REACTOME_CDC42_GTPASE_CYCLE,REACTOME_CDC42_GTPASE_CYCLE] was killed by [REACTOME_RAC1_GTPASE_CYCLE,REACTOME_RAC1_GTPASE_CYCLE]
[REACTOME_REGULATION_OF_HSF1_MEDIATED_HEAT_SHOCK_RESPONSE,REACTOME_REGULATION_OF_HSF1_MEDIATED_HEAT_SHOCK_RESPONSE] was killed by [REACTOME_TRNA_PROCESSING,REACTOME_TRNA_PROCESSING]
[REACTOME_SUMOYLATION_OF_CHROMATIN_ORGANIZATION_PROTEINS,REACTOME_SUMOYLATION_OF_CHROMATIN_ORGANIZATION_PROTEINS] was killed by [REACTOME_TRNA_PROCESSING,REACTOME_TRNA_PROCESSING]
[REACTOME_CELLULAR_RESPONSE_TO_CHEMICAL_STRESS,REACTOME_CELLULAR_RESPONSE_TO_CHEMICAL_STRESS] was killed by [REACTOME_S_PHASE,REACTOME_S_PHASE]
[REACTOME_L1CAM_INTERACTIONS,REACTOME_L1CAM_INTERACTIONS] was killed by [REACTOME_MUSCLE_CONTRACTION,REACTOME_MUSCLE_CONTRACTION]
[REACTOME_POSITIVE_EPIGENETIC_REGULATION_OF_RRNA_EXPRESSION,REACTOME_POSITIVE_EPIGENETIC_REGULATION_OF_RRNA_EXPRESSION] was killed by [REACTOME_EPIGENETIC_REGULATION_OF_GENE_EXPRESSION,REACTOME_EPIGENETIC_REGULATION_OF_GENE_EXPRESSION]
[REACTOME_RAC2_GTPASE_CYCLE,REACTOME_RAC2_GTPASE_CYCLE] was killed by [REACTOME_RAC1_GTPASE_CYCLE,REACTOME_RAC1_GTPASE_CYCLE]
[REACTOME_STABILIZATION_OF_P53,REACTOME_STABILIZATION_OF_P53] was killed by [REACTOME_S_PHASE,REACTOME_S_PHASE]
[REACTOME_RUNX1_REGULATES_TRANSCRIPTION_OF_GENES_INVOLVED_IN_DIFFERENTIATION_OF_HSCS,REACTOME_RUNX1_REGULATES_TRANSCRIPTION_OF_GENES_INVOLVED_IN_DIFFERENTIATION_OF_HSCS] was killed by [REACTOME_S_PHASE,REACTOME_S_PHASE]
[REACTOME_SENESCENCE_ASSOCIATED_SECRETORY_PHENOTYPE_SASP,REACTOME_SENESCENCE_ASSOCIATED_SECRETORY_PHENOTYPE_SASP] was killed by [REACTOME_S_PHASE,REACTOME_S_PHASE]
[REACTOME_RAB_REGULATION_OF_TRAFFICKING,REACTOME_RAB_REGULATION_OF_TRAFFICKING] was killed by [REACTOME_COPII_MEDIATED_VESICLE_TRANSPORT,REACTOME_COPII_MEDIATED_VESICLE_TRANSPORT]
[REACTOME_HDACS_DEACETYLATE_HISTONES,REACTOME_HDACS_DEACETYLATE_HISTONES] was killed by [REACTOME_EPIGENETIC_REGULATION_OF_GENE_EXPRESSION,REACTOME_EPIGENETIC_REGULATION_OF_GENE_EXPRESSION]
[REACTOME_N_GLYCAN_TRIMMING_IN_THE_ER_AND_CALNEXIN_CALRETICULIN_CYCLE,REACTOME_N_GLYCAN_TRIMMING_IN_THE_ER_AND_CALNEXIN_CALRETICULIN_CYCLE] was killed by [REACTOME_S_PHASE,REACTOME_S_PHASE]
[REACTOME_MRNA_CAPPING,REACTOME_MRNA_CAPPING] was killed by [REACTOME_MRNA_SPLICING,REACTOME_MRNA_SPLICING]
[REACTOME_MTOR_SIGNALLING,REACTOME_MTOR_SIGNALLING] was killed by [REACTOME_EUKARYOTIC_TRANSLATION_INITIATION,REACTOME_EUKARYOTIC_TRANSLATION_INITIATION]
[REACTOME_FGFR2_ALTERNATIVE_SPLICING,REACTOME_FGFR2_ALTERNATIVE_SPLICING] was killed by [REACTOME_MRNA_SPLICING,REACTOME_MRNA_SPLICING]
[REACTOME_DEPOSITION_OF_NEW_CENPA_CONTAINING_NUCLEOSOMES_AT_THE_CENTROMERE,REACTOME_DEPOSITION_OF_NEW_CENPA_CONTAINING_NUCLEOSOMES_AT_THE_CENTROMERE] was killed by [REACTOME_EPIGENETIC_REGULATION_OF_GENE_EXPRESSION,REACTOME_EPIGENETIC_REGULATION_OF_GENE_EXPRESSION]
[REACTOME_LAMININ_INTERACTIONS,REACTOME_LAMININ_INTERACTIONS] was killed by [REACTOME_ECM_PROTEOGLYCANS,REACTOME_ECM_PROTEOGLYCANS]
[REACTOME_DEGRADATION_OF_AXIN,REACTOME_DEGRADATION_OF_AXIN] was killed by [REACTOME_S_PHASE,REACTOME_S_PHASE]
[REACTOME_RETROGRADE_TRANSPORT_AT_THE_TRANS_GOLGI_NETWORK,REACTOME_RETROGRADE_TRANSPORT_AT_THE_TRANS_GOLGI_NETWORK] was killed by [REACTOME_COPII_MEDIATED_VESICLE_TRANSPORT,REACTOME_COPII_MEDIATED_VESICLE_TRANSPORT]
[REACTOME_DNA_DAMAGE_BYPASS,REACTOME_DNA_DAMAGE_BYPASS] was killed by [REACTOME_S_PHASE,REACTOME_S_PHASE]
[REACTOME_SPHINGOLIPID_METABOLISM,REACTOME_SPHINGOLIPID_METABOLISM] was killed by [REACTOME_GLYCOSPHINGOLIPID_METABOLISM,REACTOME_GLYCOSPHINGOLIPID_METABOLISM]
[REACTOME_DISEASES_ASSOCIATED_WITH_O_GLYCOSYLATION_OF_PROTEINS,REACTOME_DISEASES_ASSOCIATED_WITH_O_GLYCOSYLATION_OF_PROTEINS] was killed by [REACTOME_O_GLYCOSYLATION_OF_TSR_DOMAIN_CONTAINING_PROTEINS,REACTOME_O_GLYCOSYLATION_OF_TSR_DOMAIN_CONTAINING_PROTEINS]
[REACTOME_THE_ROLE_OF_GTSE1_IN_G2_M_PROGRESSION_AFTER_G2_CHECKPOINT,REACTOME_THE_ROLE_OF_GTSE1_IN_G2_M_PROGRESSION_AFTER_G2_CHECKPOINT] was killed by [REACTOME_S_PHASE,REACTOME_S_PHASE]
[REACTOME_DEGRADATION_OF_GLI1_BY_THE_PROTEASOME,REACTOME_DEGRADATION_OF_GLI1_BY_THE_PROTEASOME] was killed by [REACTOME_S_PHASE,REACTOME_S_PHASE]
[REACTOME_REGULATION_OF_RUNX2_EXPRESSION_AND_ACTIVITY,REACTOME_REGULATION_OF_RUNX2_EXPRESSION_AND_ACTIVITY] was killed by [REACTOME_S_PHASE,REACTOME_S_PHASE]
[REACTOME_RESOLUTION_OF_AP_SITES_VIA_THE_MULTIPLE_NUCLEOTIDE_PATCH_REPLACEMENT_PATHWAY,REACTOME_RESOLUTION_OF_AP_SITES_VIA_THE_MULTIPLE_NUCLEOTIDE_PATCH_REPLACEMENT_PATHWAY] was killed by [REACTOME_S_PHASE,REACTOME_S_PHASE]
[REACTOME_COPI_DEPENDENT_GOLGI_TO_ER_RETROGRADE_TRAFFIC,REACTOME_COPI_DEPENDENT_GOLGI_TO_ER_RETROGRADE_TRAFFIC] was killed by [REACTOME_COPII_MEDIATED_VESICLE_TRANSPORT,REACTOME_COPII_MEDIATED_VESICLE_TRANSPORT]
[REACTOME_AUTOPHAGY,REACTOME_AUTOPHAGY] was killed by [REACTOME_ANCHORING_OF_THE_BASAL_BODY_TO_THE_PLASMA_MEMBRANE,REACTOME_ANCHORING_OF_THE_BASAL_BODY_TO_THE_PLASMA_MEMBRANE]
[REACTOME_DISEASES_OF_PROGRAMMED_CELL_DEATH,REACTOME_DISEASES_OF_PROGRAMMED_CELL_DEATH] was killed by [REACTOME_S_PHASE,REACTOME_S_PHASE]
[REACTOME_E3_UBIQUITIN_LIGASES_UBIQUITINATE_TARGET_PROTEINS,REACTOME_E3_UBIQUITIN_LIGASES_UBIQUITINATE_TARGET_PROTEINS] was killed by [REACTOME_S_PHASE,REACTOME_S_PHASE]
[REACTOME_SYNTHESIS_OF_ACTIVE_UBIQUITIN_ROLES_OF_E1_AND_E2_ENZYMES,REACTOME_SYNTHESIS_OF_ACTIVE_UBIQUITIN_ROLES_OF_E1_AND_E2_ENZYMES] was killed by [REACTOME_S_PHASE,REACTOME_S_PHASE]
[REACTOME_CLEC7A_DECTIN_1_SIGNALING,REACTOME_CLEC7A_DECTIN_1_SIGNALING] was killed by [REACTOME_S_PHASE,REACTOME_S_PHASE]
[REACTOME_PYRUVATE_METABOLISM_AND_CITRIC_ACID_TCA_CYCLE,REACTOME_PYRUVATE_METABOLISM_AND_CITRIC_ACID_TCA_CYCLE] was killed by [REACTOME_THE_CITRIC_ACID_TCA_CYCLE_AND_RESPIRATORY_ELECTRON_TRANSPORT,REACTOME_THE_CITRIC_ACID_TCA_CYCLE_AND_RESPIRATORY_ELECTRON_TRANSPORT]
[REACTOME_NUCLEAR_PORE_COMPLEX_NPC_DISASSEMBLY,REACTOME_NUCLEAR_PORE_COMPLEX_NPC_DISASSEMBLY] was killed by [REACTOME_TRNA_PROCESSING,REACTOME_TRNA_PROCESSING]
[REACTOME_RESPONSE_TO_ELEVATED_PLATELET_CYTOSOLIC_CA2,REACTOME_RESPONSE_TO_ELEVATED_PLATELET_CYTOSOLIC_CA2] was killed by [REACTOME_ECM_PROTEOGLYCANS,REACTOME_ECM_PROTEOGLYCANS]
[REACTOME_NEGATIVE_REGULATORS_OF_DDX58_IFIH1_SIGNALING,REACTOME_NEGATIVE_REGULATORS_OF_DDX58_IFIH1_SIGNALING] was killed by [REACTOME_S_PHASE,REACTOME_S_PHASE]
[REACTOME_INTEGRIN_CELL_SURFACE_INTERACTIONS,REACTOME_INTEGRIN_CELL_SURFACE_INTERACTIONS] was killed by [REACTOME_ECM_PROTEOGLYCANS,REACTOME_ECM_PROTEOGLYCANS]
[REACTOME_ASYMMETRIC_LOCALIZATION_OF_PCP_PROTEINS,REACTOME_ASYMMETRIC_LOCALIZATION_OF_PCP_PROTEINS] was killed by [REACTOME_S_PHASE,REACTOME_S_PHASE]
[REACTOME_DEFECTIVE_CFTR_CAUSES_CYSTIC_FIBROSIS,REACTOME_DEFECTIVE_CFTR_CAUSES_CYSTIC_FIBROSIS] was killed by [REACTOME_S_PHASE,REACTOME_S_PHASE]
[REACTOME_GLYCOSAMINOGLYCAN_METABOLISM,REACTOME_GLYCOSAMINOGLYCAN_METABOLISM] was killed by [REACTOME_ECM_PROTEOGLYCANS,REACTOME_ECM_PROTEOGLYCANS]
[REACTOME_RUNX1_REGULATES_GENES_INVOLVED_IN_MEGAKARYOCYTE_DIFFERENTIATION_AND_PLATELET_FUNCTION,REACTOME_RUNX1_REGULATES_GENES_INVOLVED_IN_MEGAKARYOCYTE_DIFFERENTIATION_AND_PLATELET_FUNCTION] was killed by [REACTOME_EPIGENETIC_REGULATION_OF_GENE_EXPRESSION,REACTOME_EPIGENETIC_REGULATION_OF_GENE_EXPRESSION]
[REACTOME_CONDENSATION_OF_PROPHASE_CHROMOSOMES,REACTOME_CONDENSATION_OF_PROPHASE_CHROMOSOMES] was killed by [REACTOME_EPIGENETIC_REGULATION_OF_GENE_EXPRESSION,REACTOME_EPIGENETIC_REGULATION_OF_GENE_EXPRESSION]
[REACTOME_MITOCHONDRIAL_TRNA_AMINOACYLATION,REACTOME_MITOCHONDRIAL_TRNA_AMINOACYLATION] was killed by [REACTOME_TRNA_AMINOACYLATION,REACTOME_TRNA_AMINOACYLATION]
[REACTOME_RNA_POLYMERASE_I_TRANSCRIPTION_TERMINATION,REACTOME_RNA_POLYMERASE_I_TRANSCRIPTION_TERMINATION] was killed by [REACTOME_MRNA_SPLICING,REACTOME_MRNA_SPLICING]
[REACTOME_HEDGEHOG_OFF_STATE,REACTOME_HEDGEHOG_OFF_STATE] was killed by [REACTOME_S_PHASE,REACTOME_S_PHASE]
[REACTOME_DEGRADATION_OF_DVL,REACTOME_DEGRADATION_OF_DVL] was killed by [REACTOME_S_PHASE,REACTOME_S_PHASE]
[REACTOME_DEGRADATION_OF_BETA_CATENIN_BY_THE_DESTRUCTION_COMPLEX,REACTOME_DEGRADATION_OF_BETA_CATENIN_BY_THE_DESTRUCTION_COMPLEX] was killed by [REACTOME_S_PHASE,REACTOME_S_PHASE]
[REACTOME_MEIOSIS,REACTOME_MEIOSIS] was killed by [REACTOME_S_PHASE,REACTOME_S_PHASE]
[REACTOME_SARS_COV_2_INFECTION,REACTOME_SARS_COV_2_INFECTION] was killed by [REACTOME_S_PHASE,REACTOME_S_PHASE]
[REACTOME_PROCESSING_OF_CAPPED_INTRONLESS_PRE_MRNA,REACTOME_PROCESSING_OF_CAPPED_INTRONLESS_PRE_MRNA] was killed by [REACTOME_MRNA_SPLICING,REACTOME_MRNA_SPLICING]
[REACTOME_SIGNALING_BY_NTRKS,REACTOME_SIGNALING_BY_NTRKS] was killed by [REACTOME_CLATHRIN_MEDIATED_ENDOCYTOSIS,REACTOME_CLATHRIN_MEDIATED_ENDOCYTOSIS]
[REACTOME_LAGGING_STRAND_SYNTHESIS,REACTOME_LAGGING_STRAND_SYNTHESIS] was killed by [REACTOME_S_PHASE,REACTOME_S_PHASE]
[REACTOME_BUDDING_AND_MATURATION_OF_HIV_VIRION,REACTOME_BUDDING_AND_MATURATION_OF_HIV_VIRION] was killed by [REACTOME_S_PHASE,REACTOME_S_PHASE]
[REACTOME_METABOLISM_OF_POLYAMINES,REACTOME_METABOLISM_OF_POLYAMINES] was killed by [REACTOME_S_PHASE,REACTOME_S_PHASE]
[REACTOME_UNWINDING_OF_DNA,REACTOME_UNWINDING_OF_DNA] was killed by [REACTOME_S_PHASE,REACTOME_S_PHASE]
[REACTOME_DEGRADATION_OF_THE_EXTRACELLULAR_MATRIX,REACTOME_DEGRADATION_OF_THE_EXTRACELLULAR_MATRIX] was killed by [REACTOME_ECM_PROTEOGLYCANS,REACTOME_ECM_PROTEOGLYCANS]
[REACTOME_G1_S_DNA_DAMAGE_CHECKPOINTS,REACTOME_G1_S_DNA_DAMAGE_CHECKPOINTS] was killed by [REACTOME_S_PHASE,REACTOME_S_PHASE]
[REACTOME_NUCLEAR_ENVELOPE_NE_REASSEMBLY,REACTOME_NUCLEAR_ENVELOPE_NE_REASSEMBLY] was killed by [REACTOME_TRNA_PROCESSING,REACTOME_TRNA_PROCESSING]
[REACTOME_STRIATED_MUSCLE_CONTRACTION,REACTOME_STRIATED_MUSCLE_CONTRACTION] was killed by [REACTOME_MUSCLE_CONTRACTION,REACTOME_MUSCLE_CONTRACTION]
[REACTOME_OVARIAN_TUMOR_DOMAIN_PROTEASES,REACTOME_OVARIAN_TUMOR_DOMAIN_PROTEASES] was killed by [REACTOME_S_PHASE,REACTOME_S_PHASE]
[REACTOME_INHIBITION_OF_DNA_RECOMBINATION_AT_TELOMERE,REACTOME_INHIBITION_OF_DNA_RECOMBINATION_AT_TELOMERE] was killed by [REACTOME_MRNA_SPLICING,REACTOME_MRNA_SPLICING]
[REACTOME_TRANSLESION_SYNTHESIS_BY_Y_FAMILY_DNA_POLYMERASES_BYPASSES_LESIONS_ON_DNA_TEMPLATE,REACTOME_TRANSLESION_SYNTHESIS_BY_Y_FAMILY_DNA_POLYMERASES_BYPASSES_LESIONS_ON_DNA_TEMPLATE] was killed by [REACTOME_S_PHASE,REACTOME_S_PHASE]
[REACTOME_METABOLISM_OF_NUCLEOTIDES,REACTOME_METABOLISM_OF_NUCLEOTIDES] was killed by [REACTOME_NUCLEOBASE_BIOSYNTHESIS,REACTOME_NUCLEOBASE_BIOSYNTHESIS]
[REACTOME_GLYCOGEN_METABOLISM,REACTOME_GLYCOGEN_METABOLISM] was killed by [REACTOME_S_PHASE,REACTOME_S_PHASE]
[REACTOME_CHONDROITIN_SULFATE_DERMATAN_SULFATE_METABOLISM,REACTOME_CHONDROITIN_SULFATE_DERMATAN_SULFATE_METABOLISM] was killed by [REACTOME_ECM_PROTEOGLYCANS,REACTOME_ECM_PROTEOGLYCANS]
[REACTOME_CALNEXIN_CALRETICULIN_CYCLE,REACTOME_CALNEXIN_CALRETICULIN_CYCLE] was killed by [REACTOME_S_PHASE,REACTOME_S_PHASE]
[REACTOME_PCNA_DEPENDENT_LONG_PATCH_BASE_EXCISION_REPAIR,REACTOME_PCNA_DEPENDENT_LONG_PATCH_BASE_EXCISION_REPAIR] was killed by [REACTOME_S_PHASE,REACTOME_S_PHASE]
[REACTOME_ANTIVIRAL_MECHANISM_BY_IFN_STIMULATED_GENES,REACTOME_ANTIVIRAL_MECHANISM_BY_IFN_STIMULATED_GENES] was killed by [REACTOME_TRNA_PROCESSING,REACTOME_TRNA_PROCESSING]
[REACTOME_NUCLEAR_ENVELOPE_BREAKDOWN,REACTOME_NUCLEAR_ENVELOPE_BREAKDOWN] was killed by [REACTOME_TRNA_PROCESSING,REACTOME_TRNA_PROCESSING]
[REACTOME_NONHOMOLOGOUS_END_JOINING_NHEJ,REACTOME_NONHOMOLOGOUS_END_JOINING_NHEJ] was killed by [REACTOME_EPIGENETIC_REGULATION_OF_GENE_EXPRESSION,REACTOME_EPIGENETIC_REGULATION_OF_GENE_EXPRESSION]
[REACTOME_APC_C_CDC20_MEDIATED_DEGRADATION_OF_CYCLIN_B,REACTOME_APC_C_CDC20_MEDIATED_DEGRADATION_OF_CYCLIN_B] was killed by [REACTOME_S_PHASE,REACTOME_S_PHASE]
[REACTOME_REGULATION_OF_CHOLESTEROL_BIOSYNTHESIS_BY_SREBP_SREBF,REACTOME_REGULATION_OF_CHOLESTEROL_BIOSYNTHESIS_BY_SREBP_SREBF] was killed by [REACTOME_COPII_MEDIATED_VESICLE_TRANSPORT,REACTOME_COPII_MEDIATED_VESICLE_TRANSPORT]
[REACTOME_ERCC6_CSB_AND_EHMT2_G9A_POSITIVELY_REGULATE_RRNA_EXPRESSION,REACTOME_ERCC6_CSB_AND_EHMT2_G9A_POSITIVELY_REGULATE_RRNA_EXPRESSION] was killed by [REACTOME_EPIGENETIC_REGULATION_OF_GENE_EXPRESSION,REACTOME_EPIGENETIC_REGULATION_OF_GENE_EXPRESSION]
[REACTOME_SIRT1_NEGATIVELY_REGULATES_RRNA_EXPRESSION,REACTOME_SIRT1_NEGATIVELY_REGULATES_RRNA_EXPRESSION] was killed by [REACTOME_EPIGENETIC_REGULATION_OF_GENE_EXPRESSION,REACTOME_EPIGENETIC_REGULATION_OF_GENE_EXPRESSION]
[REACTOME_B_WICH_COMPLEX_POSITIVELY_REGULATES_RRNA_EXPRESSION,REACTOME_B_WICH_COMPLEX_POSITIVELY_REGULATES_RRNA_EXPRESSION] was killed by [REACTOME_MRNA_SPLICING,REACTOME_MRNA_SPLICING]
[REACTOME_SIGNALING_BY_VEGF,REACTOME_SIGNALING_BY_VEGF] was killed by [REACTOME_RAC1_GTPASE_CYCLE,REACTOME_RAC1_GTPASE_CYCLE]
[REACTOME_DISORDERS_OF_TRANSMEMBRANE_TRANSPORTERS,REACTOME_DISORDERS_OF_TRANSMEMBRANE_TRANSPORTERS] was killed by [REACTOME_TRNA_PROCESSING,REACTOME_TRNA_PROCESSING]
[REACTOME_GROWTH_HORMONE_RECEPTOR_SIGNALING,REACTOME_GROWTH_HORMONE_RECEPTOR_SIGNALING] was killed by [REACTOME_INTERLEUKIN_15_SIGNALING,REACTOME_INTERLEUKIN_15_SIGNALING]
[REACTOME_CELLULAR_RESPONSE_TO_HYPOXIA,REACTOME_CELLULAR_RESPONSE_TO_HYPOXIA] was killed by [REACTOME_S_PHASE,REACTOME_S_PHASE]
[REACTOME_MHC_CLASS_II_ANTIGEN_PRESENTATION,REACTOME_MHC_CLASS_II_ANTIGEN_PRESENTATION] was killed by [REACTOME_ANCHORING_OF_THE_BASAL_BODY_TO_THE_PLASMA_MEMBRANE,REACTOME_ANCHORING_OF_THE_BASAL_BODY_TO_THE_PLASMA_MEMBRANE]
[REACTOME_POLYMERASE_SWITCHING_ON_THE_C_STRAND_OF_THE_TELOMERE,REACTOME_POLYMERASE_SWITCHING_ON_THE_C_STRAND_OF_THE_TELOMERE] was killed by [REACTOME_S_PHASE,REACTOME_S_PHASE]
[REACTOME_GLUCOSE_METABOLISM,REACTOME_GLUCOSE_METABOLISM] was killed by [REACTOME_TRNA_PROCESSING,REACTOME_TRNA_PROCESSING]
[REACTOME_SMOOTH_MUSCLE_CONTRACTION,REACTOME_SMOOTH_MUSCLE_CONTRACTION] was killed by [REACTOME_MUSCLE_CONTRACTION,REACTOME_MUSCLE_CONTRACTION]
[REACTOME_MEIOTIC_RECOMBINATION,REACTOME_MEIOTIC_RECOMBINATION] was killed by [REACTOME_EPIGENETIC_REGULATION_OF_GENE_EXPRESSION,REACTOME_EPIGENETIC_REGULATION_OF_GENE_EXPRESSION]
[REACTOME_PRC2_METHYLATES_HISTONES_AND_DNA,REACTOME_PRC2_METHYLATES_HISTONES_AND_DNA] was killed by [REACTOME_EPIGENETIC_REGULATION_OF_GENE_EXPRESSION,REACTOME_EPIGENETIC_REGULATION_OF_GENE_EXPRESSION]
[REACTOME_RNA_POLYMERASE_III_TRANSCRIPTION_INITIATION_FROM_TYPE_3_PROMOTER,REACTOME_RNA_POLYMERASE_III_TRANSCRIPTION_INITIATION_FROM_TYPE_3_PROMOTER] was killed by [REACTOME_MRNA_SPLICING,REACTOME_MRNA_SPLICING]
[REACTOME_PCP_CE_PATHWAY,REACTOME_PCP_CE_PATHWAY] was killed by [REACTOME_S_PHASE,REACTOME_S_PHASE]
[REACTOME_ASSEMBLY_OF_ACTIVE_LPL_AND_LIPC_LIPASE_COMPLEXES,REACTOME_ASSEMBLY_OF_ACTIVE_LPL_AND_LIPC_LIPASE_COMPLEXES] was killed by [REACTOME_UNFOLDED_PROTEIN_RESPONSE_UPR,REACTOME_UNFOLDED_PROTEIN_RESPONSE_UPR]
[REACTOME_HEDGEHOG_ON_STATE,REACTOME_HEDGEHOG_ON_STATE] was killed by [REACTOME_S_PHASE,REACTOME_S_PHASE]
[REACTOME_SIGNALING_BY_NOTCH4,REACTOME_SIGNALING_BY_NOTCH4] was killed by [REACTOME_S_PHASE,REACTOME_S_PHASE]
[REACTOME_ABC_FAMILY_PROTEINS_MEDIATED_TRANSPORT,REACTOME_ABC_FAMILY_PROTEINS_MEDIATED_TRANSPORT] was killed by [REACTOME_S_PHASE,REACTOME_S_PHASE]
[REACTOME_ATF6_ATF6_ALPHA_ACTIVATES_CHAPERONES,REACTOME_ATF6_ATF6_ALPHA_ACTIVATES_CHAPERONES] was killed by [REACTOME_UNFOLDED_PROTEIN_RESPONSE_UPR,REACTOME_UNFOLDED_PROTEIN_RESPONSE_UPR]
[REACTOME_PURINE_RIBONUCLEOSIDE_MONOPHOSPHATE_BIOSYNTHESIS,REACTOME_PURINE_RIBONUCLEOSIDE_MONOPHOSPHATE_BIOSYNTHESIS] was killed by [REACTOME_NUCLEOBASE_BIOSYNTHESIS,REACTOME_NUCLEOBASE_BIOSYNTHESIS]
[REACTOME_SIGNALING_BY_HEDGEHOG,REACTOME_SIGNALING_BY_HEDGEHOG] was killed by [REACTOME_S_PHASE,REACTOME_S_PHASE]
[REACTOME_DAP12_INTERACTIONS,REACTOME_DAP12_INTERACTIONS] was killed by [REACTOME_RAC1_GTPASE_CYCLE,REACTOME_RAC1_GTPASE_CYCLE]
[REACTOME_DNA_DOUBLE_STRAND_BREAK_RESPONSE,REACTOME_DNA_DOUBLE_STRAND_BREAK_RESPONSE] was killed by [REACTOME_EPIGENETIC_REGULATION_OF_GENE_EXPRESSION,REACTOME_EPIGENETIC_REGULATION_OF_GENE_EXPRESSION]
[REACTOME_RECOGNITION_OF_DNA_DAMAGE_BY_PCNA_CONTAINING_REPLICATION_COMPLEX,REACTOME_RECOGNITION_OF_DNA_DAMAGE_BY_PCNA_CONTAINING_REPLICATION_COMPLEX] was killed by [REACTOME_S_PHASE,REACTOME_S_PHASE]
[REACTOME_EGR2_AND_SOX10_MEDIATED_INITIATION_OF_SCHWANN_CELL_MYELINATION,REACTOME_EGR2_AND_SOX10_MEDIATED_INITIATION_OF_SCHWANN_CELL_MYELINATION] was killed by [REACTOME_ECM_PROTEOGLYCANS,REACTOME_ECM_PROTEOGLYCANS]
[REACTOME_RRNA_PROCESSING_IN_THE_MITOCHONDRION,REACTOME_RRNA_PROCESSING_IN_THE_MITOCHONDRION] was killed by [REACTOME_MITOCHONDRIAL_TRANSLATION,REACTOME_MITOCHONDRIAL_TRANSLATION]
[REACTOME_GABA_RECEPTOR_ACTIVATION,REACTOME_GABA_RECEPTOR_ACTIVATION] was killed by [REACTOME_CLASS_B_2_SECRETIN_FAMILY_RECEPTORS,REACTOME_CLASS_B_2_SECRETIN_FAMILY_RECEPTORS]
[REACTOME_SIGNALING_BY_LEPTIN,REACTOME_SIGNALING_BY_LEPTIN] was killed by [REACTOME_INTERLEUKIN_15_SIGNALING,REACTOME_INTERLEUKIN_15_SIGNALING]
[REACTOME_GAP_FILLING_DNA_REPAIR_SYNTHESIS_AND_LIGATION_IN_GG_NER,REACTOME_GAP_FILLING_DNA_REPAIR_SYNTHESIS_AND_LIGATION_IN_GG_NER] was killed by [REACTOME_S_PHASE,REACTOME_S_PHASE]
[REACTOME_GLYCOLYSIS,REACTOME_GLYCOLYSIS] was killed by [REACTOME_TRNA_PROCESSING,REACTOME_TRNA_PROCESSING]
[REACTOME_TRANSLOCATION_OF_SLC2A4_GLUT4_TO_THE_PLASMA_MEMBRANE,REACTOME_TRANSLOCATION_OF_SLC2A4_GLUT4_TO_THE_PLASMA_MEMBRANE] was killed by [REACTOME_ANCHORING_OF_THE_BASAL_BODY_TO_THE_PLASMA_MEMBRANE,REACTOME_ANCHORING_OF_THE_BASAL_BODY_TO_THE_PLASMA_MEMBRANE]
[REACTOME_POLYMERASE_SWITCHING,REACTOME_POLYMERASE_SWITCHING] was killed by [REACTOME_S_PHASE,REACTOME_S_PHASE]
[REACTOME_RHOG_GTPASE_CYCLE,REACTOME_RHOG_GTPASE_CYCLE] was killed by [REACTOME_RAC1_GTPASE_CYCLE,REACTOME_RAC1_GTPASE_CYCLE]
[REACTOME_PKMTS_METHYLATE_HISTONE_LYSINES,REACTOME_PKMTS_METHYLATE_HISTONE_LYSINES] was killed by [REACTOME_EPIGENETIC_REGULATION_OF_GENE_EXPRESSION,REACTOME_EPIGENETIC_REGULATION_OF_GENE_EXPRESSION]
[REACTOME_ABC_TRANSPORTER_DISORDERS,REACTOME_ABC_TRANSPORTER_DISORDERS] was killed by [REACTOME_S_PHASE,REACTOME_S_PHASE]
[REACTOME_ASSEMBLY_OF_COLLAGEN_FIBRILS_AND_OTHER_MULTIMERIC_STRUCTURES,REACTOME_ASSEMBLY_OF_COLLAGEN_FIBRILS_AND_OTHER_MULTIMERIC_STRUCTURES] was killed by [REACTOME_ECM_PROTEOGLYCANS,REACTOME_ECM_PROTEOGLYCANS]
[REACTOME_G1_S_SPECIFIC_TRANSCRIPTION,REACTOME_G1_S_SPECIFIC_TRANSCRIPTION] was killed by [REACTOME_S_PHASE,REACTOME_S_PHASE]
[REACTOME_CROSS_PRESENTATION_OF_SOLUBLE_EXOGENOUS_ANTIGENS_ENDOSOMES,REACTOME_CROSS_PRESENTATION_OF_SOLUBLE_EXOGENOUS_ANTIGENS_ENDOSOMES] was killed by [REACTOME_S_PHASE,REACTOME_S_PHASE]
[REACTOME_CARDIAC_CONDUCTION,REACTOME_CARDIAC_CONDUCTION] was killed by [REACTOME_MUSCLE_CONTRACTION,REACTOME_MUSCLE_CONTRACTION]
[REACTOME_REGULATION_OF_LIPID_METABOLISM_BY_PPARALPHA,REACTOME_REGULATION_OF_LIPID_METABOLISM_BY_PPARALPHA] was killed by [REACTOME_CHOLESTEROL_BIOSYNTHESIS,REACTOME_CHOLESTEROL_BIOSYNTHESIS]
[REACTOME_APC_CDC20_MEDIATED_DEGRADATION_OF_NEK2A,REACTOME_APC_CDC20_MEDIATED_DEGRADATION_OF_NEK2A] was killed by [REACTOME_S_PHASE,REACTOME_S_PHASE]
[REACTOME_DEADENYLATION_OF_MRNA,REACTOME_DEADENYLATION_OF_MRNA] was killed by [REACTOME_EUKARYOTIC_TRANSLATION_INITIATION,REACTOME_EUKARYOTIC_TRANSLATION_INITIATION]
[REACTOME_RNA_POLYMERASE_III_CHAIN_ELONGATION,REACTOME_RNA_POLYMERASE_III_CHAIN_ELONGATION] was killed by [REACTOME_MRNA_SPLICING,REACTOME_MRNA_SPLICING]
[REACTOME_E2F_MEDIATED_REGULATION_OF_DNA_REPLICATION,REACTOME_E2F_MEDIATED_REGULATION_OF_DNA_REPLICATION] was killed by [REACTOME_S_PHASE,REACTOME_S_PHASE]
[REACTOME_TNF_SIGNALING,REACTOME_TNF_SIGNALING] was killed by [REACTOME_S_PHASE,REACTOME_S_PHASE]
[REACTOME_AGGREPHAGY,REACTOME_AGGREPHAGY] was killed by [REACTOME_S_PHASE,REACTOME_S_PHASE]
[REACTOME_MTORC1_MEDIATED_SIGNALLING,REACTOME_MTORC1_MEDIATED_SIGNALLING] was killed by [REACTOME_EUKARYOTIC_TRANSLATION_INITIATION,REACTOME_EUKARYOTIC_TRANSLATION_INITIATION]
[REACTOME_DEATH_RECEPTOR_SIGNALLING,REACTOME_DEATH_RECEPTOR_SIGNALLING] was killed by [REACTOME_RAC1_GTPASE_CYCLE,REACTOME_RAC1_GTPASE_CYCLE]
[REACTOME_O_LINKED_GLYCOSYLATION,REACTOME_O_LINKED_GLYCOSYLATION] was killed by [REACTOME_O_GLYCOSYLATION_OF_TSR_DOMAIN_CONTAINING_PROTEINS,REACTOME_O_GLYCOSYLATION_OF_TSR_DOMAIN_CONTAINING_PROTEINS]
[REACTOME_DISEASES_OF_GLYCOSYLATION,REACTOME_DISEASES_OF_GLYCOSYLATION] was killed by [REACTOME_ECM_PROTEOGLYCANS,REACTOME_ECM_PROTEOGLYCANS]
[REACTOME_TRANSCRIPTIONAL_REGULATION_BY_E2F6,REACTOME_TRANSCRIPTIONAL_REGULATION_BY_E2F6] was killed by [REACTOME_S_PHASE,REACTOME_S_PHASE]
[REACTOME_FORMATION_OF_FIBRIN_CLOT_CLOTTING_CASCADE,REACTOME_FORMATION_OF_FIBRIN_CLOT_CLOTTING_CASCADE] was killed by [REACTOME_PEPTIDE_LIGAND_BINDING_RECEPTORS,REACTOME_PEPTIDE_LIGAND_BINDING_RECEPTORS]
[REACTOME_INHIBITION_OF_THE_PROTEOLYTIC_ACTIVITY_OF_APC_C_REQUIRED_FOR_THE_ONSET_OF_ANAPHASE_BY_MITOTIC_SPINDLE_CHECKPOINT_COMPONENTS,REACTOME_INHIBITION_OF_THE_PROTEOLYTIC_ACTIVITY_OF_APC_C_REQUIRED_FOR_THE_ONSET_OF_ANAPHASE_BY_MITOTIC_SPINDLE_CHECKPOINT_COMPONENTS] was killed by [REACTOME_S_PHASE,REACTOME_S_PHASE]
[REACTOME_SIGNALING_BY_TGF_BETA_RECEPTOR_COMPLEX,REACTOME_SIGNALING_BY_TGF_BETA_RECEPTOR_COMPLEX] was killed by [REACTOME_S_PHASE,REACTOME_S_PHASE]
[REACTOME_LATE_ENDOSOMAL_MICROAUTOPHAGY,REACTOME_LATE_ENDOSOMAL_MICROAUTOPHAGY] was killed by [REACTOME_S_PHASE,REACTOME_S_PHASE]
[REACTOME_VOLTAGE_GATED_POTASSIUM_CHANNELS,REACTOME_VOLTAGE_GATED_POTASSIUM_CHANNELS] was killed by [REACTOME_MUSCLE_CONTRACTION,REACTOME_MUSCLE_CONTRACTION]
[REACTOME_TERMINATION_OF_TRANSLESION_DNA_SYNTHESIS,REACTOME_TERMINATION_OF_TRANSLESION_DNA_SYNTHESIS] was killed by [REACTOME_S_PHASE,REACTOME_S_PHASE]
[REACTOME_SIGNALING_BY_BRAF_AND_RAF_FUSIONS,REACTOME_SIGNALING_BY_BRAF_AND_RAF_FUSIONS] was killed by [REACTOME_MUSCLE_CONTRACTION,REACTOME_MUSCLE_CONTRACTION]
[REACTOME_RECOGNITION_AND_ASSOCIATION_OF_DNA_GLYCOSYLASE_WITH_SITE_CONTAINING_AN_AFFECTED_PURINE,REACTOME_RECOGNITION_AND_ASSOCIATION_OF_DNA_GLYCOSYLASE_WITH_SITE_CONTAINING_AN_AFFECTED_PURINE] was killed by [REACTOME_EPIGENETIC_REGULATION_OF_GENE_EXPRESSION,REACTOME_EPIGENETIC_REGULATION_OF_GENE_EXPRESSION]
[REACTOME_RHOU_GTPASE_CYCLE,REACTOME_RHOU_GTPASE_CYCLE] was killed by [REACTOME_RAC1_GTPASE_CYCLE,REACTOME_RAC1_GTPASE_CYCLE]
[REACTOME_MEIOTIC_SYNAPSIS,REACTOME_MEIOTIC_SYNAPSIS] was killed by [REACTOME_EPIGENETIC_REGULATION_OF_GENE_EXPRESSION,REACTOME_EPIGENETIC_REGULATION_OF_GENE_EXPRESSION]
[REACTOME_RRNA_MODIFICATION_IN_THE_MITOCHONDRION,REACTOME_RRNA_MODIFICATION_IN_THE_MITOCHONDRION] was killed by [REACTOME_MITOCHONDRIAL_TRANSLATION,REACTOME_MITOCHONDRIAL_TRANSLATION]
[REACTOME_RAB_GEFS_EXCHANGE_GTP_FOR_GDP_ON_RABS,REACTOME_RAB_GEFS_EXCHANGE_GTP_FOR_GDP_ON_RABS] was killed by [REACTOME_COPII_MEDIATED_VESICLE_TRANSPORT,REACTOME_COPII_MEDIATED_VESICLE_TRANSPORT]
[REACTOME_REGULATION_OF_TP53_EXPRESSION_AND_DEGRADATION,REACTOME_REGULATION_OF_TP53_EXPRESSION_AND_DEGRADATION] was killed by [REACTOME_S_PHASE,REACTOME_S_PHASE]
[REACTOME_COPI_INDEPENDENT_GOLGI_TO_ER_RETROGRADE_TRAFFIC,REACTOME_COPI_INDEPENDENT_GOLGI_TO_ER_RETROGRADE_TRAFFIC] was killed by [REACTOME_ANCHORING_OF_THE_BASAL_BODY_TO_THE_PLASMA_MEMBRANE,REACTOME_ANCHORING_OF_THE_BASAL_BODY_TO_THE_PLASMA_MEMBRANE]
[REACTOME_PI_METABOLISM,REACTOME_PI_METABOLISM] was killed by [REACTOME_CLATHRIN_MEDIATED_ENDOCYTOSIS,REACTOME_CLATHRIN_MEDIATED_ENDOCYTOSIS]
[REACTOME_RAC3_GTPASE_CYCLE,REACTOME_RAC3_GTPASE_CYCLE] was killed by [REACTOME_RAC1_GTPASE_CYCLE,REACTOME_RAC1_GTPASE_CYCLE]
[REACTOME_FORMATION_OF_THE_BETA_CATENIN_TCF_TRANSACTIVATING_COMPLEX,REACTOME_FORMATION_OF_THE_BETA_CATENIN_TCF_TRANSACTIVATING_COMPLEX] was killed by [REACTOME_EPIGENETIC_REGULATION_OF_GENE_EXPRESSION,REACTOME_EPIGENETIC_REGULATION_OF_GENE_EXPRESSION]
[REACTOME_INTERLEUKIN_1_SIGNALING,REACTOME_INTERLEUKIN_1_SIGNALING] was killed by [REACTOME_S_PHASE,REACTOME_S_PHASE]
[REACTOME_RHO_GTPASES_ACTIVATE_WASPS_AND_WAVES,REACTOME_RHO_GTPASES_ACTIVATE_WASPS_AND_WAVES] was killed by [REACTOME_RAC1_GTPASE_CYCLE,REACTOME_RAC1_GTPASE_CYCLE]
[REACTOME_RMTS_METHYLATE_HISTONE_ARGININES,REACTOME_RMTS_METHYLATE_HISTONE_ARGININES] was killed by [REACTOME_EPIGENETIC_REGULATION_OF_GENE_EXPRESSION,REACTOME_EPIGENETIC_REGULATION_OF_GENE_EXPRESSION]
[REACTOME_BASE_EXCISION_REPAIR_AP_SITE_FORMATION,REACTOME_BASE_EXCISION_REPAIR_AP_SITE_FORMATION] was killed by [REACTOME_EPIGENETIC_REGULATION_OF_GENE_EXPRESSION,REACTOME_EPIGENETIC_REGULATION_OF_GENE_EXPRESSION]
[REACTOME_PHOSPHORYLATION_OF_THE_APC_C,REACTOME_PHOSPHORYLATION_OF_THE_APC_C] was killed by [REACTOME_S_PHASE,REACTOME_S_PHASE]
[REACTOME_ABERRANT_REGULATION_OF_MITOTIC_EXIT_IN_CANCER_DUE_TO_RB1_DEFECTS,REACTOME_ABERRANT_REGULATION_OF_MITOTIC_EXIT_IN_CANCER_DUE_TO_RB1_DEFECTS] was killed by [REACTOME_S_PHASE,REACTOME_S_PHASE]
[REACTOME_TOLL_LIKE_RECEPTOR_CASCADES,REACTOME_TOLL_LIKE_RECEPTOR_CASCADES] was killed by [REACTOME_MRNA_SPLICING,REACTOME_MRNA_SPLICING]
[REACTOME_CASPASE_ACTIVATION_VIA_EXTRINSIC_APOPTOTIC_SIGNALLING_PATHWAY,REACTOME_CASPASE_ACTIVATION_VIA_EXTRINSIC_APOPTOTIC_SIGNALLING_PATHWAY] was killed by [REACTOME_REGULATED_NECROSIS,REACTOME_REGULATED_NECROSIS]
[REACTOME_PLATELET_CALCIUM_HOMEOSTASIS,REACTOME_PLATELET_CALCIUM_HOMEOSTASIS] was killed by [REACTOME_MUSCLE_CONTRACTION,REACTOME_MUSCLE_CONTRACTION]
[REACTOME_TRANSCRIPTIONAL_REGULATION_BY_RUNX3,REACTOME_TRANSCRIPTIONAL_REGULATION_BY_RUNX3] was killed by [REACTOME_S_PHASE,REACTOME_S_PHASE]
[REACTOME_PEPTIDE_HORMONE_METABOLISM,REACTOME_PEPTIDE_HORMONE_METABOLISM] was killed by [REACTOME_CLASS_B_2_SECRETIN_FAMILY_RECEPTORS,REACTOME_CLASS_B_2_SECRETIN_FAMILY_RECEPTORS]
[REACTOME_EGFR_DOWNREGULATION,REACTOME_EGFR_DOWNREGULATION] was killed by [REACTOME_S_PHASE,REACTOME_S_PHASE]
[REACTOME_TRANS_GOLGI_NETWORK_VESICLE_BUDDING,REACTOME_TRANS_GOLGI_NETWORK_VESICLE_BUDDING] was killed by [REACTOME_CLATHRIN_MEDIATED_ENDOCYTOSIS,REACTOME_CLATHRIN_MEDIATED_ENDOCYTOSIS]
[REACTOME_ER_QUALITY_CONTROL_COMPARTMENT_ERQC,REACTOME_ER_QUALITY_CONTROL_COMPARTMENT_ERQC] was killed by [REACTOME_S_PHASE,REACTOME_S_PHASE]
[REACTOME_PHASE_0_RAPID_DEPOLARISATION,REACTOME_PHASE_0_RAPID_DEPOLARISATION] was killed by [REACTOME_MUSCLE_CONTRACTION,REACTOME_MUSCLE_CONTRACTION]
[REACTOME_TRANSCRIPTIONAL_ACTIVATION_OF_MITOCHONDRIAL_BIOGENESIS,REACTOME_TRANSCRIPTIONAL_ACTIVATION_OF_MITOCHONDRIAL_BIOGENESIS] was killed by [REACTOME_THE_CITRIC_ACID_TCA_CYCLE_AND_RESPIRATORY_ELECTRON_TRANSPORT,REACTOME_THE_CITRIC_ACID_TCA_CYCLE_AND_RESPIRATORY_ELECTRON_TRANSPORT]
[REACTOME_INTERFERON_GAMMA_SIGNALING,REACTOME_INTERFERON_GAMMA_SIGNALING] was killed by [REACTOME_INTERFERON_ALPHA_BETA_SIGNALING,REACTOME_INTERFERON_ALPHA_BETA_SIGNALING]
[REACTOME_ENERGY_DEPENDENT_REGULATION_OF_MTOR_BY_LKB1_AMPK,REACTOME_ENERGY_DEPENDENT_REGULATION_OF_MTOR_BY_LKB1_AMPK] was killed by [REACTOME_AMINO_ACIDS_REGULATE_MTORC1,REACTOME_AMINO_ACIDS_REGULATE_MTORC1]
[REACTOME_PROCESSIVE_SYNTHESIS_ON_THE_LAGGING_STRAND,REACTOME_PROCESSIVE_SYNTHESIS_ON_THE_LAGGING_STRAND] was killed by [REACTOME_S_PHASE,REACTOME_S_PHASE]
[REACTOME_MET_ACTIVATES_PTK2_SIGNALING,REACTOME_MET_ACTIVATES_PTK2_SIGNALING] was killed by [REACTOME_ECM_PROTEOGLYCANS,REACTOME_ECM_PROTEOGLYCANS]
[REACTOME_STIMULI_SENSING_CHANNELS,REACTOME_STIMULI_SENSING_CHANNELS] was killed by [REACTOME_MUSCLE_CONTRACTION,REACTOME_MUSCLE_CONTRACTION]
[REACTOME_INTERLEUKIN_3_INTERLEUKIN_5_AND_GM_CSF_SIGNALING,REACTOME_INTERLEUKIN_3_INTERLEUKIN_5_AND_GM_CSF_SIGNALING] was killed by [REACTOME_S_PHASE,REACTOME_S_PHASE]
[REACTOME_PROCESSIVE_SYNTHESIS_ON_THE_C_STRAND_OF_THE_TELOMERE,REACTOME_PROCESSIVE_SYNTHESIS_ON_THE_C_STRAND_OF_THE_TELOMERE] was killed by [REACTOME_S_PHASE,REACTOME_S_PHASE]
[REACTOME_NCAM1_INTERACTIONS,REACTOME_NCAM1_INTERACTIONS] was killed by [REACTOME_ECM_PROTEOGLYCANS,REACTOME_ECM_PROTEOGLYCANS]
[REACTOME_PROCESSING_OF_INTRONLESS_PRE_MRNAS,REACTOME_PROCESSING_OF_INTRONLESS_PRE_MRNAS] was killed by [REACTOME_MRNA_SPLICING,REACTOME_MRNA_SPLICING]
[REACTOME_NCAM_SIGNALING_FOR_NEURITE_OUT_GROWTH,REACTOME_NCAM_SIGNALING_FOR_NEURITE_OUT_GROWTH] was killed by [REACTOME_ECM_PROTEOGLYCANS,REACTOME_ECM_PROTEOGLYCANS]
[REACTOME_SIGNALING_BY_TGFB_FAMILY_MEMBERS,REACTOME_SIGNALING_BY_TGFB_FAMILY_MEMBERS] was killed by [REACTOME_S_PHASE,REACTOME_S_PHASE]
[REACTOME_DISEASES_OF_CARBOHYDRATE_METABOLISM,REACTOME_DISEASES_OF_CARBOHYDRATE_METABOLISM] was killed by [REACTOME_S_PHASE,REACTOME_S_PHASE]
[REACTOME_FOLDING_OF_ACTIN_BY_CCT_TRIC,REACTOME_FOLDING_OF_ACTIN_BY_CCT_TRIC] was killed by [REACTOME_BBSOME_MEDIATED_CARGO_TARGETING_TO_CILIUM,REACTOME_BBSOME_MEDIATED_CARGO_TARGETING_TO_CILIUM]
[REACTOME_SIGNALING_BY_EGFR,REACTOME_SIGNALING_BY_EGFR] was killed by [REACTOME_S_PHASE,REACTOME_S_PHASE]
[REACTOME_PRE_NOTCH_PROCESSING_IN_GOLGI,REACTOME_PRE_NOTCH_PROCESSING_IN_GOLGI] was killed by [REACTOME_MUSCLE_CONTRACTION,REACTOME_MUSCLE_CONTRACTION]
[REACTOME_INTRINSIC_PATHWAY_FOR_APOPTOSIS,REACTOME_INTRINSIC_PATHWAY_FOR_APOPTOSIS] was killed by [REACTOME_S_PHASE,REACTOME_S_PHASE]
[REACTOME_G_ALPHA_12_13_SIGNALLING_EVENTS,REACTOME_G_ALPHA_12_13_SIGNALLING_EVENTS] was killed by [REACTOME_RAC1_GTPASE_CYCLE,REACTOME_RAC1_GTPASE_CYCLE]
[REACTOME_ACTIVATION_OF_BH3_ONLY_PROTEINS,REACTOME_ACTIVATION_OF_BH3_ONLY_PROTEINS] was killed by [REACTOME_S_PHASE,REACTOME_S_PHASE]
[REACTOME_SURFACTANT_METABOLISM,REACTOME_SURFACTANT_METABOLISM] was killed by [REACTOME_AMINE_LIGAND_BINDING_RECEPTORS,REACTOME_AMINE_LIGAND_BINDING_RECEPTORS]
[REACTOME_MAP2K_AND_MAPK_ACTIVATION,REACTOME_MAP2K_AND_MAPK_ACTIVATION] was killed by [REACTOME_ECM_PROTEOGLYCANS,REACTOME_ECM_PROTEOGLYCANS]
[REACTOME_REGULATION_OF_TP53_ACTIVITY_THROUGH_ACETYLATION,REACTOME_REGULATION_OF_TP53_ACTIVITY_THROUGH_ACETYLATION] was killed by [REACTOME_S_PHASE,REACTOME_S_PHASE]
[REACTOME_MRNA_DECAY_BY_3_TO_5_EXORIBONUCLEASE,REACTOME_MRNA_DECAY_BY_3_TO_5_EXORIBONUCLEASE] was killed by [REACTOME_UNFOLDED_PROTEIN_RESPONSE_UPR,REACTOME_UNFOLDED_PROTEIN_RESPONSE_UPR]
[REACTOME_MYD88_INDEPENDENT_TLR4_CASCADE,REACTOME_MYD88_INDEPENDENT_TLR4_CASCADE] was killed by [REACTOME_S_PHASE,REACTOME_S_PHASE]
[REACTOME_G0_AND_EARLY_G1,REACTOME_G0_AND_EARLY_G1] was killed by [REACTOME_S_PHASE,REACTOME_S_PHASE]
[REACTOME_TRANSCRIPTION_OF_E2F_TARGETS_UNDER_NEGATIVE_CONTROL_BY_DREAM_COMPLEX,REACTOME_TRANSCRIPTION_OF_E2F_TARGETS_UNDER_NEGATIVE_CONTROL_BY_DREAM_COMPLEX] was killed by [REACTOME_S_PHASE,REACTOME_S_PHASE]
[REACTOME_TRANSLESION_SYNTHESIS_BY_POLH,REACTOME_TRANSLESION_SYNTHESIS_BY_POLH] was killed by [REACTOME_S_PHASE,REACTOME_S_PHASE]
[REACTOME_SIGNALING_BY_FGFR2_IIIA_TM,REACTOME_SIGNALING_BY_FGFR2_IIIA_TM] was killed by [REACTOME_MRNA_SPLICING,REACTOME_MRNA_SPLICING]
[REACTOME_REGULATION_OF_IFNA_SIGNALING,REACTOME_REGULATION_OF_IFNA_SIGNALING] was killed by [REACTOME_INTERFERON_ALPHA_BETA_SIGNALING,REACTOME_INTERFERON_ALPHA_BETA_SIGNALING]
[REACTOME_ONCOGENIC_MAPK_SIGNALING,REACTOME_ONCOGENIC_MAPK_SIGNALING] was killed by [REACTOME_MUSCLE_CONTRACTION,REACTOME_MUSCLE_CONTRACTION]
[REACTOME_TELOMERE_EXTENSION_BY_TELOMERASE,REACTOME_TELOMERE_EXTENSION_BY_TELOMERASE] was killed by [REACTOME_S_PHASE,REACTOME_S_PHASE]
[REACTOME_SIGNALING_BY_SCF_KIT,REACTOME_SIGNALING_BY_SCF_KIT] was killed by [REACTOME_RAC1_GTPASE_CYCLE,REACTOME_RAC1_GTPASE_CYCLE]
[REACTOME_CONVERSION_FROM_APC_C_CDC20_TO_APC_C_CDH1_IN_LATE_ANAPHASE,REACTOME_CONVERSION_FROM_APC_C_CDC20_TO_APC_C_CDH1_IN_LATE_ANAPHASE] was killed by [REACTOME_S_PHASE,REACTOME_S_PHASE]
[REACTOME_CARGO_TRAFFICKING_TO_THE_PERICILIARY_MEMBRANE,REACTOME_CARGO_TRAFFICKING_TO_THE_PERICILIARY_MEMBRANE] was killed by [REACTOME_ANCHORING_OF_THE_BASAL_BODY_TO_THE_PLASMA_MEMBRANE,REACTOME_ANCHORING_OF_THE_BASAL_BODY_TO_THE_PLASMA_MEMBRANE]
[REACTOME_FOXO_MEDIATED_TRANSCRIPTION,REACTOME_FOXO_MEDIATED_TRANSCRIPTION] was killed by [REACTOME_S_PHASE,REACTOME_S_PHASE]
[REACTOME_REGULATION_OF_TNFR1_SIGNALING,REACTOME_REGULATION_OF_TNFR1_SIGNALING] was killed by [REACTOME_S_PHASE,REACTOME_S_PHASE]
[REACTOME_MISMATCH_REPAIR,REACTOME_MISMATCH_REPAIR] was killed by [REACTOME_S_PHASE,REACTOME_S_PHASE]
[REACTOME_SIGNALING_BY_ERYTHROPOIETIN,REACTOME_SIGNALING_BY_ERYTHROPOIETIN] was killed by [REACTOME_RAC1_GTPASE_CYCLE,REACTOME_RAC1_GTPASE_CYCLE]
[REACTOME_COLLAGEN_DEGRADATION,REACTOME_COLLAGEN_DEGRADATION] was killed by [REACTOME_ECM_PROTEOGLYCANS,REACTOME_ECM_PROTEOGLYCANS]
[REACTOME_HEDGEHOG_LIGAND_BIOGENESIS,REACTOME_HEDGEHOG_LIGAND_BIOGENESIS] was killed by [REACTOME_S_PHASE,REACTOME_S_PHASE]
[REACTOME_CELL_CELL_COMMUNICATION,REACTOME_CELL_CELL_COMMUNICATION] was killed by [REACTOME_RAC1_GTPASE_CYCLE,REACTOME_RAC1_GTPASE_CYCLE]
[REACTOME_NEGATIVE_REGULATION_OF_MET_ACTIVITY,REACTOME_NEGATIVE_REGULATION_OF_MET_ACTIVITY] was killed by [REACTOME_S_PHASE,REACTOME_S_PHASE]
[REACTOME_SLBP_DEPENDENT_PROCESSING_OF_REPLICATION_DEPENDENT_HISTONE_PRE_MRNAS,REACTOME_SLBP_DEPENDENT_PROCESSING_OF_REPLICATION_DEPENDENT_HISTONE_PRE_MRNAS] was killed by [REACTOME_MRNA_SPLICING,REACTOME_MRNA_SPLICING]
[REACTOME_CDC6_ASSOCIATION_WITH_THE_ORC_ORIGIN_COMPLEX,REACTOME_CDC6_ASSOCIATION_WITH_THE_ORC_ORIGIN_COMPLEX] was killed by [REACTOME_S_PHASE,REACTOME_S_PHASE]
[REACTOME_TRANSLATION_OF_SARS_COV_2_STRUCTURAL_PROTEINS,REACTOME_TRANSLATION_OF_SARS_COV_2_STRUCTURAL_PROTEINS] was killed by [REACTOME_S_PHASE,REACTOME_S_PHASE]
[REACTOME_BETA_CATENIN_INDEPENDENT_WNT_SIGNALING,REACTOME_BETA_CATENIN_INDEPENDENT_WNT_SIGNALING] was killed by [REACTOME_PEPTIDE_LIGAND_BINDING_RECEPTORS,REACTOME_PEPTIDE_LIGAND_BINDING_RECEPTORS]
[REACTOME_DEFECTIVE_EXT2_CAUSES_EXOSTOSES_2,REACTOME_DEFECTIVE_EXT2_CAUSES_EXOSTOSES_2] was killed by [REACTOME_ECM_PROTEOGLYCANS,REACTOME_ECM_PROTEOGLYCANS]
[REACTOME_ATF6_ATF6_ALPHA_ACTIVATES_CHAPERONE_GENES,REACTOME_ATF6_ATF6_ALPHA_ACTIVATES_CHAPERONE_GENES] was killed by [REACTOME_UNFOLDED_PROTEIN_RESPONSE_UPR,REACTOME_UNFOLDED_PROTEIN_RESPONSE_UPR]
[REACTOME_REGULATION_OF_SIGNALING_BY_CBL,REACTOME_REGULATION_OF_SIGNALING_BY_CBL] was killed by [REACTOME_S_PHASE,REACTOME_S_PHASE]
[REACTOME_CYTOSOLIC_SENSORS_OF_PATHOGEN_ASSOCIATED_DNA,REACTOME_CYTOSOLIC_SENSORS_OF_PATHOGEN_ASSOCIATED_DNA] was killed by [REACTOME_MRNA_SPLICING,REACTOME_MRNA_SPLICING]
[REACTOME_NEUREXINS_AND_NEUROLIGINS,REACTOME_NEUREXINS_AND_NEUROLIGINS] was killed by [REACTOME_PROTEIN_PROTEIN_INTERACTIONS_AT_SYNAPSES,REACTOME_PROTEIN_PROTEIN_INTERACTIONS_AT_SYNAPSES]
[REACTOME_CYTOSOLIC_IRON_SULFUR_CLUSTER_ASSEMBLY,REACTOME_CYTOSOLIC_IRON_SULFUR_CLUSTER_ASSEMBLY] was killed by [REACTOME_RESOLUTION_OF_D_LOOP_STRUCTURES,REACTOME_RESOLUTION_OF_D_LOOP_STRUCTURES]
[REACTOME_ELEVATION_OF_CYTOSOLIC_CA2_LEVELS,REACTOME_ELEVATION_OF_CYTOSOLIC_CA2_LEVELS] was killed by [REACTOME_MUSCLE_CONTRACTION,REACTOME_MUSCLE_CONTRACTION]
[REACTOME_FORMATION_OF_ATP_BY_CHEMIOSMOTIC_COUPLING,REACTOME_FORMATION_OF_ATP_BY_CHEMIOSMOTIC_COUPLING] was killed by [REACTOME_THE_CITRIC_ACID_TCA_CYCLE_AND_RESPIRATORY_ELECTRON_TRANSPORT,REACTOME_THE_CITRIC_ACID_TCA_CYCLE_AND_RESPIRATORY_ELECTRON_TRANSPORT]
[REACTOME_GOLGI_ASSOCIATED_VESICLE_BIOGENESIS,REACTOME_GOLGI_ASSOCIATED_VESICLE_BIOGENESIS] was killed by [REACTOME_CLATHRIN_MEDIATED_ENDOCYTOSIS,REACTOME_CLATHRIN_MEDIATED_ENDOCYTOSIS]
[REACTOME_THE_ACTIVATION_OF_ARYLSULFATASES,REACTOME_THE_ACTIVATION_OF_ARYLSULFATASES] was killed by [REACTOME_GLYCOSPHINGOLIPID_METABOLISM,REACTOME_GLYCOSPHINGOLIPID_METABOLISM]
[REACTOME_IRE1ALPHA_ACTIVATES_CHAPERONES,REACTOME_IRE1ALPHA_ACTIVATES_CHAPERONES] was killed by [REACTOME_COPII_MEDIATED_VESICLE_TRANSPORT,REACTOME_COPII_MEDIATED_VESICLE_TRANSPORT]
[REACTOME_TRP_CHANNELS,REACTOME_TRP_CHANNELS] was killed by [REACTOME_REGULATED_NECROSIS,REACTOME_REGULATED_NECROSIS]
[REACTOME_TRANSCRIPTIONAL_REGULATION_BY_RUNX2,REACTOME_TRANSCRIPTIONAL_REGULATION_BY_RUNX2] was killed by [REACTOME_S_PHASE,REACTOME_S_PHASE]
[REACTOME_INTRA_GOLGI_TRAFFIC,REACTOME_INTRA_GOLGI_TRAFFIC] was killed by [REACTOME_COPII_MEDIATED_VESICLE_TRANSPORT,REACTOME_COPII_MEDIATED_VESICLE_TRANSPORT]
[REACTOME_TRAF6_MEDIATED_IRF7_ACTIVATION,REACTOME_TRAF6_MEDIATED_IRF7_ACTIVATION] was killed by [REACTOME_INTERFERON_ALPHA_BETA_SIGNALING,REACTOME_INTERFERON_ALPHA_BETA_SIGNALING]
[REACTOME_SIGNALING_BY_RETINOIC_ACID,REACTOME_SIGNALING_BY_RETINOIC_ACID] was killed by [REACTOME_THE_CITRIC_ACID_TCA_CYCLE_AND_RESPIRATORY_ELECTRON_TRANSPORT,REACTOME_THE_CITRIC_ACID_TCA_CYCLE_AND_RESPIRATORY_ELECTRON_TRANSPORT]
[REACTOME_INTERLEUKIN_2_SIGNALING,REACTOME_INTERLEUKIN_2_SIGNALING] was killed by [REACTOME_INTERLEUKIN_15_SIGNALING,REACTOME_INTERLEUKIN_15_SIGNALING]
[REACTOME_ERYTHROPOIETIN_ACTIVATES_PHOSPHOINOSITIDE_3_KINASE_PI3K,REACTOME_ERYTHROPOIETIN_ACTIVATES_PHOSPHOINOSITIDE_3_KINASE_PI3K] was killed by [REACTOME_RAC1_GTPASE_CYCLE,REACTOME_RAC1_GTPASE_CYCLE]
[REACTOME_DNA_METHYLATION,REACTOME_DNA_METHYLATION] was killed by [REACTOME_EPIGENETIC_REGULATION_OF_GENE_EXPRESSION,REACTOME_EPIGENETIC_REGULATION_OF_GENE_EXPRESSION]
[REACTOME_SIGNAL_TRANSDUCTION_BY_L1,REACTOME_SIGNAL_TRANSDUCTION_BY_L1] was killed by [REACTOME_RAC1_GTPASE_CYCLE,REACTOME_RAC1_GTPASE_CYCLE]
[REACTOME_ESTROGEN_DEPENDENT_GENE_EXPRESSION,REACTOME_ESTROGEN_DEPENDENT_GENE_EXPRESSION] was killed by [REACTOME_MRNA_SPLICING,REACTOME_MRNA_SPLICING]
[REACTOME_CARGO_RECOGNITION_FOR_CLATHRIN_MEDIATED_ENDOCYTOSIS,REACTOME_CARGO_RECOGNITION_FOR_CLATHRIN_MEDIATED_ENDOCYTOSIS] was killed by [REACTOME_CLATHRIN_MEDIATED_ENDOCYTOSIS,REACTOME_CLATHRIN_MEDIATED_ENDOCYTOSIS]
[REACTOME_PEPTIDE_HORMONE_BIOSYNTHESIS,REACTOME_PEPTIDE_HORMONE_BIOSYNTHESIS] was killed by [REACTOME_ANDROGEN_BIOSYNTHESIS,REACTOME_ANDROGEN_BIOSYNTHESIS]
[REACTOME_LISTERIA_MONOCYTOGENES_ENTRY_INTO_HOST_CELLS,REACTOME_LISTERIA_MONOCYTOGENES_ENTRY_INTO_HOST_CELLS] was killed by [REACTOME_S_PHASE,REACTOME_S_PHASE]
[REACTOME_DEFECTIVE_B4GALT7_CAUSES_EDS_PROGEROID_TYPE,REACTOME_DEFECTIVE_B4GALT7_CAUSES_EDS_PROGEROID_TYPE] was killed by [REACTOME_ECM_PROTEOGLYCANS,REACTOME_ECM_PROTEOGLYCANS]
[REACTOME_SIGNALING_BY_CYTOSOLIC_FGFR1_FUSION_MUTANTS,REACTOME_SIGNALING_BY_CYTOSOLIC_FGFR1_FUSION_MUTANTS] was killed by [REACTOME_RAC1_GTPASE_CYCLE,REACTOME_RAC1_GTPASE_CYCLE]
[REACTOME_SARS_COV_1_INFECTION,REACTOME_SARS_COV_1_INFECTION] was killed by [REACTOME_S_PHASE,REACTOME_S_PHASE]
[REACTOME_COLLAGEN_CHAIN_TRIMERIZATION,REACTOME_COLLAGEN_CHAIN_TRIMERIZATION] was killed by [REACTOME_ECM_PROTEOGLYCANS,REACTOME_ECM_PROTEOGLYCANS]
[REACTOME_EPHB_MEDIATED_FORWARD_SIGNALING,REACTOME_EPHB_MEDIATED_FORWARD_SIGNALING] was killed by [REACTOME_RAC1_GTPASE_CYCLE,REACTOME_RAC1_GTPASE_CYCLE]
[REACTOME_REGULATION_OF_KIT_SIGNALING,REACTOME_REGULATION_OF_KIT_SIGNALING] was killed by [REACTOME_CLATHRIN_MEDIATED_ENDOCYTOSIS,REACTOME_CLATHRIN_MEDIATED_ENDOCYTOSIS]
[REACTOME_SYNTHESIS_OF_PROSTAGLANDINS_PG_AND_THROMBOXANES_TX,REACTOME_SYNTHESIS_OF_PROSTAGLANDINS_PG_AND_THROMBOXANES_TX] was killed by [REACTOME_BIOSYNTHESIS_OF_SPECIALIZED_PRORESOLVING_MEDIATORS_SPMS,REACTOME_BIOSYNTHESIS_OF_SPECIALIZED_PRORESOLVING_MEDIATORS_SPMS]
[REACTOME_HYALURONAN_METABOLISM,REACTOME_HYALURONAN_METABOLISM] was killed by [REACTOME_GLYCOSPHINGOLIPID_METABOLISM,REACTOME_GLYCOSPHINGOLIPID_METABOLISM]
[REACTOME_REGULATION_OF_TLR_BY_ENDOGENOUS_LIGAND,REACTOME_REGULATION_OF_TLR_BY_ENDOGENOUS_LIGAND] was killed by [REACTOME_DEFENSINS,REACTOME_DEFENSINS]
[REACTOME_NEUROTRANSMITTER_RELEASE_CYCLE,REACTOME_NEUROTRANSMITTER_RELEASE_CYCLE] was killed by [REACTOME_CLATHRIN_MEDIATED_ENDOCYTOSIS,REACTOME_CLATHRIN_MEDIATED_ENDOCYTOSIS]
[REACTOME_ERYTHROPOIETIN_ACTIVATES_STAT5,REACTOME_ERYTHROPOIETIN_ACTIVATES_STAT5] was killed by [REACTOME_INTERLEUKIN_15_SIGNALING,REACTOME_INTERLEUKIN_15_SIGNALING]
[REACTOME_HDR_THROUGH_MMEJ_ALT_NHEJ,REACTOME_HDR_THROUGH_MMEJ_ALT_NHEJ] was killed by [REACTOME_RESOLUTION_OF_D_LOOP_STRUCTURES,REACTOME_RESOLUTION_OF_D_LOOP_STRUCTURES]
[REACTOME_PURINERGIC_SIGNALING_IN_LEISHMANIASIS_INFECTION,REACTOME_PURINERGIC_SIGNALING_IN_LEISHMANIASIS_INFECTION] was killed by [REACTOME_PEPTIDE_LIGAND_BINDING_RECEPTORS,REACTOME_PEPTIDE_LIGAND_BINDING_RECEPTORS]
[REACTOME_HYALURONAN_UPTAKE_AND_DEGRADATION,REACTOME_HYALURONAN_UPTAKE_AND_DEGRADATION] was killed by [REACTOME_GLYCOSPHINGOLIPID_METABOLISM,REACTOME_GLYCOSPHINGOLIPID_METABOLISM]
[REACTOME_ASSOCIATION_OF_TRIC_CCT_WITH_TARGET_PROTEINS_DURING_BIOSYNTHESIS,REACTOME_ASSOCIATION_OF_TRIC_CCT_WITH_TARGET_PROTEINS_DURING_BIOSYNTHESIS] was killed by [REACTOME_BBSOME_MEDIATED_CARGO_TARGETING_TO_CILIUM,REACTOME_BBSOME_MEDIATED_CARGO_TARGETING_TO_CILIUM]
[REACTOME_EPH_EPHRIN_MEDIATED_REPULSION_OF_CELLS,REACTOME_EPH_EPHRIN_MEDIATED_REPULSION_OF_CELLS] was killed by [REACTOME_RAC1_GTPASE_CYCLE,REACTOME_RAC1_GTPASE_CYCLE]
[REACTOME_HS_GAG_DEGRADATION,REACTOME_HS_GAG_DEGRADATION] was killed by [REACTOME_ECM_PROTEOGLYCANS,REACTOME_ECM_PROTEOGLYCANS]
[REACTOME_RHOC_GTPASE_CYCLE,REACTOME_RHOC_GTPASE_CYCLE] was killed by [REACTOME_RAC1_GTPASE_CYCLE,REACTOME_RAC1_GTPASE_CYCLE]
[REACTOME_NRAGE_SIGNALS_DEATH_THROUGH_JNK,REACTOME_NRAGE_SIGNALS_DEATH_THROUGH_JNK] was killed by [REACTOME_RAC1_GTPASE_CYCLE,REACTOME_RAC1_GTPASE_CYCLE]
[REACTOME_SYNDECAN_INTERACTIONS,REACTOME_SYNDECAN_INTERACTIONS] was killed by [REACTOME_ECM_PROTEOGLYCANS,REACTOME_ECM_PROTEOGLYCANS]
[REACTOME_INOSITOL_PHOSPHATE_METABOLISM,REACTOME_INOSITOL_PHOSPHATE_METABOLISM] was killed by [REACTOME_SYNTHESIS_OF_IP3_AND_IP4_IN_THE_CYTOSOL,REACTOME_SYNTHESIS_OF_IP3_AND_IP4_IN_THE_CYTOSOL]
[REACTOME_TP53_REGULATES_TRANSCRIPTION_OF_CELL_CYCLE_GENES,REACTOME_TP53_REGULATES_TRANSCRIPTION_OF_CELL_CYCLE_GENES] was killed by [REACTOME_S_PHASE,REACTOME_S_PHASE]
[REACTOME_GPVI_MEDIATED_ACTIVATION_CASCADE,REACTOME_GPVI_MEDIATED_ACTIVATION_CASCADE] was killed by [REACTOME_RAC1_GTPASE_CYCLE,REACTOME_RAC1_GTPASE_CYCLE]
[REACTOME_MICRORNA_MIRNA_BIOGENESIS,REACTOME_MICRORNA_MIRNA_BIOGENESIS] was killed by [REACTOME_MRNA_SPLICING,REACTOME_MRNA_SPLICING]
[REACTOME_RECYCLING_OF_EIF2_GDP,REACTOME_RECYCLING_OF_EIF2_GDP] was killed by [REACTOME_EUKARYOTIC_TRANSLATION_INITIATION,REACTOME_EUKARYOTIC_TRANSLATION_INITIATION]
[REACTOME_ACTIVATED_PKN1_STIMULATES_TRANSCRIPTION_OF_AR_ANDROGEN_RECEPTOR_REGULATED_GENES_KLK2_AND_KLK3,REACTOME_ACTIVATED_PKN1_STIMULATES_TRANSCRIPTION_OF_AR_ANDROGEN_RECEPTOR_REGULATED_GENES_KLK2_AND_KLK3] was killed by [REACTOME_EPIGENETIC_REGULATION_OF_GENE_EXPRESSION,REACTOME_EPIGENETIC_REGULATION_OF_GENE_EXPRESSION]
[REACTOME_DISEASES_ASSOCIATED_WITH_GLYCOSAMINOGLYCAN_METABOLISM,REACTOME_DISEASES_ASSOCIATED_WITH_GLYCOSAMINOGLYCAN_METABOLISM] was killed by [REACTOME_ECM_PROTEOGLYCANS,REACTOME_ECM_PROTEOGLYCANS]
[REACTOME_INTRAFLAGELLAR_TRANSPORT,REACTOME_INTRAFLAGELLAR_TRANSPORT] was killed by [REACTOME_ANCHORING_OF_THE_BASAL_BODY_TO_THE_PLASMA_MEMBRANE,REACTOME_ANCHORING_OF_THE_BASAL_BODY_TO_THE_PLASMA_MEMBRANE]
[REACTOME_BIOTIN_TRANSPORT_AND_METABOLISM,REACTOME_BIOTIN_TRANSPORT_AND_METABOLISM] was killed by [REACTOME_BRANCHED_CHAIN_AMINO_ACID_CATABOLISM,REACTOME_BRANCHED_CHAIN_AMINO_ACID_CATABOLISM]
[REACTOME_REGULATION_BY_C_FLIP,REACTOME_REGULATION_BY_C_FLIP] was killed by [REACTOME_REGULATED_NECROSIS,REACTOME_REGULATED_NECROSIS]
[REACTOME_ENDOSOMAL_VACUOLAR_PATHWAY,REACTOME_ENDOSOMAL_VACUOLAR_PATHWAY] was killed by [REACTOME_INTERFERON_ALPHA_BETA_SIGNALING,REACTOME_INTERFERON_ALPHA_BETA_SIGNALING]
[REACTOME_GLUCAGON_TYPE_LIGAND_RECEPTORS,REACTOME_GLUCAGON_TYPE_LIGAND_RECEPTORS] was killed by [REACTOME_CLASS_B_2_SECRETIN_FAMILY_RECEPTORS,REACTOME_CLASS_B_2_SECRETIN_FAMILY_RECEPTORS]
[REACTOME_DISEASES_ASSOCIATED_WITH_GLYCOSYLATION_PRECURSOR_BIOSYNTHESIS,REACTOME_DISEASES_ASSOCIATED_WITH_GLYCOSYLATION_PRECURSOR_BIOSYNTHESIS] was killed by [REACTOME_GLYCOSPHINGOLIPID_METABOLISM,REACTOME_GLYCOSPHINGOLIPID_METABOLISM]
[REACTOME_ACTIVATION_OF_GENE_EXPRESSION_BY_SREBF_SREBP,REACTOME_ACTIVATION_OF_GENE_EXPRESSION_BY_SREBF_SREBP] was killed by [REACTOME_CHOLESTEROL_BIOSYNTHESIS,REACTOME_CHOLESTEROL_BIOSYNTHESIS]
[REACTOME_NEGATIVE_REGULATION_OF_TCF_DEPENDENT_SIGNALING_BY_WNT_LIGAND_ANTAGONISTS,REACTOME_NEGATIVE_REGULATION_OF_TCF_DEPENDENT_SIGNALING_BY_WNT_LIGAND_ANTAGONISTS] was killed by [REACTOME_CLASS_B_2_SECRETIN_FAMILY_RECEPTORS,REACTOME_CLASS_B_2_SECRETIN_FAMILY_RECEPTORS]
[REACTOME_SYNTHESIS_OF_LEUKOTRIENES_LT_AND_EOXINS_EX,REACTOME_SYNTHESIS_OF_LEUKOTRIENES_LT_AND_EOXINS_EX] was killed by [REACTOME_BIOSYNTHESIS_OF_SPECIALIZED_PRORESOLVING_MEDIATORS_SPMS,REACTOME_BIOSYNTHESIS_OF_SPECIALIZED_PRORESOLVING_MEDIATORS_SPMS]
[REACTOME_GABA_B_RECEPTOR_ACTIVATION,REACTOME_GABA_B_RECEPTOR_ACTIVATION] was killed by [REACTOME_CLASS_B_2_SECRETIN_FAMILY_RECEPTORS,REACTOME_CLASS_B_2_SECRETIN_FAMILY_RECEPTORS]
[REACTOME_DISEASES_OF_MITOTIC_CELL_CYCLE,REACTOME_DISEASES_OF_MITOTIC_CELL_CYCLE] was killed by [REACTOME_S_PHASE,REACTOME_S_PHASE]
[REACTOME_CS_DS_DEGRADATION,REACTOME_CS_DS_DEGRADATION] was killed by [REACTOME_ECM_PROTEOGLYCANS,REACTOME_ECM_PROTEOGLYCANS]
[REACTOME_ION_CHANNEL_TRANSPORT,REACTOME_ION_CHANNEL_TRANSPORT] was killed by [REACTOME_MRNA_SPLICING,REACTOME_MRNA_SPLICING]
[REACTOME_REGULATION_OF_PTEN_GENE_TRANSCRIPTION,REACTOME_REGULATION_OF_PTEN_GENE_TRANSCRIPTION] was killed by [REACTOME_EPIGENETIC_REGULATION_OF_GENE_EXPRESSION,REACTOME_EPIGENETIC_REGULATION_OF_GENE_EXPRESSION]
[REACTOME_CYCLIN_A_B1_B2_ASSOCIATED_EVENTS_DURING_G2_M_TRANSITION,REACTOME_CYCLIN_A_B1_B2_ASSOCIATED_EVENTS_DURING_G2_M_TRANSITION] was killed by [REACTOME_S_PHASE,REACTOME_S_PHASE]
[REACTOME_ANTIGEN_PRESENTATION_FOLDING_ASSEMBLY_AND_PEPTIDE_LOADING_OF_CLASS_I_MHC,REACTOME_ANTIGEN_PRESENTATION_FOLDING_ASSEMBLY_AND_PEPTIDE_LOADING_OF_CLASS_I_MHC] was killed by [REACTOME_COPII_MEDIATED_VESICLE_TRANSPORT,REACTOME_COPII_MEDIATED_VESICLE_TRANSPORT]
[REACTOME_ARACHIDONIC_ACID_METABOLISM,REACTOME_ARACHIDONIC_ACID_METABOLISM] was killed by [REACTOME_BIOSYNTHESIS_OF_SPECIALIZED_PRORESOLVING_MEDIATORS_SPMS,REACTOME_BIOSYNTHESIS_OF_SPECIALIZED_PRORESOLVING_MEDIATORS_SPMS]
[REACTOME_ACTIVATED_TAK1_MEDIATES_P38_MAPK_ACTIVATION,REACTOME_ACTIVATED_TAK1_MEDIATES_P38_MAPK_ACTIVATION] was killed by [REACTOME_S_PHASE,REACTOME_S_PHASE]
[REACTOME_PECAM1_INTERACTIONS,REACTOME_PECAM1_INTERACTIONS] was killed by [REACTOME_ECM_PROTEOGLYCANS,REACTOME_ECM_PROTEOGLYCANS]
[REACTOME_CASPASE_MEDIATED_CLEAVAGE_OF_CYTOSKELETAL_PROTEINS,REACTOME_CASPASE_MEDIATED_CLEAVAGE_OF_CYTOSKELETAL_PROTEINS] was killed by [REACTOME_REGULATED_NECROSIS,REACTOME_REGULATED_NECROSIS]
[REACTOME_INHIBITION_OF_REPLICATION_INITIATION_OF_DAMAGED_DNA_BY_RB1_E2F1,REACTOME_INHIBITION_OF_REPLICATION_INITIATION_OF_DAMAGED_DNA_BY_RB1_E2F1] was killed by [REACTOME_S_PHASE,REACTOME_S_PHASE]
[REACTOME_TNFR1_INDUCED_PROAPOPTOTIC_SIGNALING,REACTOME_TNFR1_INDUCED_PROAPOPTOTIC_SIGNALING] was killed by [REACTOME_REGULATED_NECROSIS,REACTOME_REGULATED_NECROSIS]
[REACTOME_MITOTIC_TELOPHASE_CYTOKINESIS,REACTOME_MITOTIC_TELOPHASE_CYTOKINESIS] was killed by [REACTOME_S_PHASE,REACTOME_S_PHASE]
[REACTOME_OXIDATIVE_STRESS_INDUCED_SENESCENCE,REACTOME_OXIDATIVE_STRESS_INDUCED_SENESCENCE] was killed by [REACTOME_MRNA_SPLICING,REACTOME_MRNA_SPLICING]
[REACTOME_TBC_RABGAPS,REACTOME_TBC_RABGAPS] was killed by [REACTOME_CLATHRIN_MEDIATED_ENDOCYTOSIS,REACTOME_CLATHRIN_MEDIATED_ENDOCYTOSIS]
[REACTOME_SEMAPHORIN_INTERACTIONS,REACTOME_SEMAPHORIN_INTERACTIONS] was killed by [REACTOME_RAC1_GTPASE_CYCLE,REACTOME_RAC1_GTPASE_CYCLE]
[REACTOME_RECYCLING_PATHWAY_OF_L1,REACTOME_RECYCLING_PATHWAY_OF_L1] was killed by [REACTOME_ANCHORING_OF_THE_BASAL_BODY_TO_THE_PLASMA_MEMBRANE,REACTOME_ANCHORING_OF_THE_BASAL_BODY_TO_THE_PLASMA_MEMBRANE]
[REACTOME_CELL_DEATH_SIGNALLING_VIA_NRAGE_NRIF_AND_NADE,REACTOME_CELL_DEATH_SIGNALLING_VIA_NRAGE_NRIF_AND_NADE] was killed by [REACTOME_RAC1_GTPASE_CYCLE,REACTOME_RAC1_GTPASE_CYCLE]
[REACTOME_POTENTIAL_THERAPEUTICS_FOR_SARS,REACTOME_POTENTIAL_THERAPEUTICS_FOR_SARS] was killed by [REACTOME_EPIGENETIC_REGULATION_OF_GENE_EXPRESSION,REACTOME_EPIGENETIC_REGULATION_OF_GENE_EXPRESSION]
[REACTOME_JNK_C_JUN_KINASES_PHOSPHORYLATION_AND_ACTIVATION_MEDIATED_BY_ACTIVATED_HUMAN_TAK1,REACTOME_JNK_C_JUN_KINASES_PHOSPHORYLATION_AND_ACTIVATION_MEDIATED_BY_ACTIVATED_HUMAN_TAK1] was killed by [REACTOME_S_PHASE,REACTOME_S_PHASE]
[REACTOME_SIGNALING_BY_MODERATE_KINASE_ACTIVITY_BRAF_MUTANTS,REACTOME_SIGNALING_BY_MODERATE_KINASE_ACTIVITY_BRAF_MUTANTS] was killed by [REACTOME_MUSCLE_CONTRACTION,REACTOME_MUSCLE_CONTRACTION]
[REACTOME_RAF_ACTIVATION,REACTOME_RAF_ACTIVATION] was killed by [REACTOME_MUSCLE_CONTRACTION,REACTOME_MUSCLE_CONTRACTION]
[REACTOME_TGF_BETA_RECEPTOR_SIGNALING_IN_EMT_EPITHELIAL_TO_MESENCHYMAL_TRANSITION,REACTOME_TGF_BETA_RECEPTOR_SIGNALING_IN_EMT_EPITHELIAL_TO_MESENCHYMAL_TRANSITION] was killed by [REACTOME_S_PHASE,REACTOME_S_PHASE]
[REACTOME_ROS_AND_RNS_PRODUCTION_IN_PHAGOCYTES,REACTOME_ROS_AND_RNS_PRODUCTION_IN_PHAGOCYTES] was killed by [REACTOME_RAC1_GTPASE_CYCLE,REACTOME_RAC1_GTPASE_CYCLE]
[REACTOME_TRANSCRIPTIONAL_REGULATION_OF_GRANULOPOIESIS,REACTOME_TRANSCRIPTIONAL_REGULATION_OF_GRANULOPOIESIS] was killed by [REACTOME_S_PHASE,REACTOME_S_PHASE]
[REACTOME_RETINOID_CYCLE_DISEASE_EVENTS,REACTOME_RETINOID_CYCLE_DISEASE_EVENTS] was killed by [REACTOME_THE_RETINOID_CYCLE_IN_CONES_DAYLIGHT_VISION,REACTOME_THE_RETINOID_CYCLE_IN_CONES_DAYLIGHT_VISION]
[REACTOME_MAPK6_MAPK4_SIGNALING,REACTOME_MAPK6_MAPK4_SIGNALING] was killed by [REACTOME_S_PHASE,REACTOME_S_PHASE]
[REACTOME_INLB_MEDIATED_ENTRY_OF_LISTERIA_MONOCYTOGENES_INTO_HOST_CELL,REACTOME_INLB_MEDIATED_ENTRY_OF_LISTERIA_MONOCYTOGENES_INTO_HOST_CELL] was killed by [REACTOME_S_PHASE,REACTOME_S_PHASE]
[REACTOME_INSULIN_RECEPTOR_RECYCLING,REACTOME_INSULIN_RECEPTOR_RECYCLING] was killed by [REACTOME_AMINO_ACIDS_REGULATE_MTORC1,REACTOME_AMINO_ACIDS_REGULATE_MTORC1]
[REACTOME_SYNTHESIS_OF_PIPS_AT_THE_PLASMA_MEMBRANE,REACTOME_SYNTHESIS_OF_PIPS_AT_THE_PLASMA_MEMBRANE] was killed by [REACTOME_CLATHRIN_MEDIATED_ENDOCYTOSIS,REACTOME_CLATHRIN_MEDIATED_ENDOCYTOSIS]
[REACTOME_NF_KB_ACTIVATION_THROUGH_FADD_RIP_1_PATHWAY_MEDIATED_BY_CASPASE_8_AND_10,REACTOME_NF_KB_ACTIVATION_THROUGH_FADD_RIP_1_PATHWAY_MEDIATED_BY_CASPASE_8_AND_10] was killed by [REACTOME_REGULATED_NECROSIS,REACTOME_REGULATED_NECROSIS]
[REACTOME_ESTABLISHMENT_OF_SISTER_CHROMATID_COHESION,REACTOME_ESTABLISHMENT_OF_SISTER_CHROMATID_COHESION] was killed by [REACTOME_S_PHASE,REACTOME_S_PHASE]
[REACTOME_UPTAKE_AND_FUNCTION_OF_ANTHRAX_TOXINS,REACTOME_UPTAKE_AND_FUNCTION_OF_ANTHRAX_TOXINS] was killed by [REACTOME_SYNTHESIS_OF_IP3_AND_IP4_IN_THE_CYTOSOL,REACTOME_SYNTHESIS_OF_IP3_AND_IP4_IN_THE_CYTOSOL]
[REACTOME_DOWNREGULATION_OF_SMAD2_3_SMAD4_TRANSCRIPTIONAL_ACTIVITY,REACTOME_DOWNREGULATION_OF_SMAD2_3_SMAD4_TRANSCRIPTIONAL_ACTIVITY] was killed by [REACTOME_S_PHASE,REACTOME_S_PHASE]
[REACTOME_FLT3_SIGNALING_IN_DISEASE,REACTOME_FLT3_SIGNALING_IN_DISEASE] was killed by [REACTOME_S_PHASE,REACTOME_S_PHASE]
[REACTOME_REPRODUCTION,REACTOME_REPRODUCTION] was killed by [REACTOME_MRNA_SPLICING,REACTOME_MRNA_SPLICING]
[REACTOME_TRNA_PROCESSING_IN_THE_MITOCHONDRION,REACTOME_TRNA_PROCESSING_IN_THE_MITOCHONDRION] was killed by [REACTOME_MITOCHONDRIAL_TRANSLATION,REACTOME_MITOCHONDRIAL_TRANSLATION]
[REACTOME_GLI_PROTEINS_BIND_PROMOTERS_OF_HH_RESPONSIVE_GENES_TO_PROMOTE_TRANSCRIPTION,REACTOME_GLI_PROTEINS_BIND_PROMOTERS_OF_HH_RESPONSIVE_GENES_TO_PROMOTE_TRANSCRIPTION] was killed by [REACTOME_CLASS_B_2_SECRETIN_FAMILY_RECEPTORS,REACTOME_CLASS_B_2_SECRETIN_FAMILY_RECEPTORS]
[REACTOME_SIGNALING_BY_PDGF,REACTOME_SIGNALING_BY_PDGF] was killed by [REACTOME_ECM_PROTEOGLYCANS,REACTOME_ECM_PROTEOGLYCANS]
[REACTOME_GLYCOGEN_SYNTHESIS,REACTOME_GLYCOGEN_SYNTHESIS] was killed by [REACTOME_S_PHASE,REACTOME_S_PHASE]
[REACTOME_SIGNALING_BY_CSF3_G_CSF,REACTOME_SIGNALING_BY_CSF3_G_CSF] was killed by [REACTOME_S_PHASE,REACTOME_S_PHASE]
[REACTOME_KSRP_KHSRP_BINDS_AND_DESTABILIZES_MRNA,REACTOME_KSRP_KHSRP_BINDS_AND_DESTABILIZES_MRNA] was killed by [REACTOME_UNFOLDED_PROTEIN_RESPONSE_UPR,REACTOME_UNFOLDED_PROTEIN_RESPONSE_UPR]
[REACTOME_TRANSLESION_SYNTHESIS_BY_POLK,REACTOME_TRANSLESION_SYNTHESIS_BY_POLK] was killed by [REACTOME_S_PHASE,REACTOME_S_PHASE]
[REACTOME_SLC_TRANSPORTER_DISORDERS,REACTOME_SLC_TRANSPORTER_DISORDERS] was killed by [REACTOME_TRNA_PROCESSING,REACTOME_TRNA_PROCESSING]
[REACTOME_IRAK4_DEFICIENCY_TLR2_4,REACTOME_IRAK4_DEFICIENCY_TLR2_4] was killed by [REACTOME_DEFENSINS,REACTOME_DEFENSINS]
[REACTOME_PLASMA_LIPOPROTEIN_REMODELING,REACTOME_PLASMA_LIPOPROTEIN_REMODELING] was killed by [REACTOME_UNFOLDED_PROTEIN_RESPONSE_UPR,REACTOME_UNFOLDED_PROTEIN_RESPONSE_UPR]
[REACTOME_PERK_REGULATES_GENE_EXPRESSION,REACTOME_PERK_REGULATES_GENE_EXPRESSION] was killed by [REACTOME_EUKARYOTIC_TRANSLATION_INITIATION,REACTOME_EUKARYOTIC_TRANSLATION_INITIATION]
[REACTOME_GLYOXYLATE_METABOLISM_AND_GLYCINE_DEGRADATION,REACTOME_GLYOXYLATE_METABOLISM_AND_GLYCINE_DEGRADATION] was killed by [REACTOME_THE_CITRIC_ACID_TCA_CYCLE_AND_RESPIRATORY_ELECTRON_TRANSPORT,REACTOME_THE_CITRIC_ACID_TCA_CYCLE_AND_RESPIRATORY_ELECTRON_TRANSPORT]
[REACTOME_SYNAPTIC_ADHESION_LIKE_MOLECULES,REACTOME_SYNAPTIC_ADHESION_LIKE_MOLECULES] was killed by [REACTOME_REGULATED_NECROSIS,REACTOME_REGULATED_NECROSIS]
[REACTOME_UNBLOCKING_OF_NMDA_RECEPTORS_GLUTAMATE_BINDING_AND_ACTIVATION,REACTOME_UNBLOCKING_OF_NMDA_RECEPTORS_GLUTAMATE_BINDING_AND_ACTIVATION] was killed by [REACTOME_MUSCLE_CONTRACTION,REACTOME_MUSCLE_CONTRACTION]
[REACTOME_PHASE_II_CONJUGATION_OF_COMPOUNDS,REACTOME_PHASE_II_CONJUGATION_OF_COMPOUNDS] was killed by [REACTOME_GLUCURONIDATION,REACTOME_GLUCURONIDATION]
[REACTOME_INTERLEUKIN_20_FAMILY_SIGNALING,REACTOME_INTERLEUKIN_20_FAMILY_SIGNALING] was killed by [REACTOME_INTERLEUKIN_15_SIGNALING,REACTOME_INTERLEUKIN_15_SIGNALING]
[REACTOME_RAS_PROCESSING,REACTOME_RAS_PROCESSING] was killed by [REACTOME_S_PHASE,REACTOME_S_PHASE]
[REACTOME_PREVENTION_OF_PHAGOSOMAL_LYSOSOMAL_FUSION,REACTOME_PREVENTION_OF_PHAGOSOMAL_LYSOSOMAL_FUSION] was killed by [REACTOME_S_PHASE,REACTOME_S_PHASE]
[REACTOME_TANDEM_PORE_DOMAIN_POTASSIUM_CHANNELS,REACTOME_TANDEM_PORE_DOMAIN_POTASSIUM_CHANNELS] was killed by [REACTOME_MUSCLE_CONTRACTION,REACTOME_MUSCLE_CONTRACTION]
[REACTOME_UPTAKE_AND_ACTIONS_OF_BACTERIAL_TOXINS,REACTOME_UPTAKE_AND_ACTIONS_OF_BACTERIAL_TOXINS] was killed by [REACTOME_CLATHRIN_MEDIATED_ENDOCYTOSIS,REACTOME_CLATHRIN_MEDIATED_ENDOCYTOSIS]
[REACTOME_COOPERATION_OF_PREFOLDIN_AND_TRIC_CCT_IN_ACTIN_AND_TUBULIN_FOLDING,REACTOME_COOPERATION_OF_PREFOLDIN_AND_TRIC_CCT_IN_ACTIN_AND_TUBULIN_FOLDING] was killed by [REACTOME_ANCHORING_OF_THE_BASAL_BODY_TO_THE_PLASMA_MEMBRANE,REACTOME_ANCHORING_OF_THE_BASAL_BODY_TO_THE_PLASMA_MEMBRANE]
[REACTOME_EPHA_MEDIATED_GROWTH_CONE_COLLAPSE,REACTOME_EPHA_MEDIATED_GROWTH_CONE_COLLAPSE] was killed by [REACTOME_MUSCLE_CONTRACTION,REACTOME_MUSCLE_CONTRACTION]
[REACTOME_PIWI_INTERACTING_RNA_PIRNA_BIOGENESIS,REACTOME_PIWI_INTERACTING_RNA_PIRNA_BIOGENESIS] was killed by [REACTOME_MRNA_SPLICING,REACTOME_MRNA_SPLICING]
[REACTOME_PHOSPHOLIPASE_C_MEDIATED_CASCADE_FGFR4,REACTOME_PHOSPHOLIPASE_C_MEDIATED_CASCADE_FGFR4] was killed by [REACTOME_SYNTHESIS_OF_IP3_AND_IP4_IN_THE_CYTOSOL,REACTOME_SYNTHESIS_OF_IP3_AND_IP4_IN_THE_CYTOSOL]
[REACTOME_MET_PROMOTES_CELL_MOTILITY,REACTOME_MET_PROMOTES_CELL_MOTILITY] was killed by [REACTOME_ECM_PROTEOGLYCANS,REACTOME_ECM_PROTEOGLYCANS]
[REACTOME_TOLL_LIKE_RECEPTOR_9_TLR9_CASCADE,REACTOME_TOLL_LIKE_RECEPTOR_9_TLR9_CASCADE] was killed by [REACTOME_S_PHASE,REACTOME_S_PHASE]
[REACTOME_TRANSCRIPTIONAL_ACTIVITY_OF_SMAD2_SMAD3_SMAD4_HETEROTRIMER,REACTOME_TRANSCRIPTIONAL_ACTIVITY_OF_SMAD2_SMAD3_SMAD4_HETEROTRIMER] was killed by [REACTOME_S_PHASE,REACTOME_S_PHASE]
[REACTOME_INTERLEUKIN_2_FAMILY_SIGNALING,REACTOME_INTERLEUKIN_2_FAMILY_SIGNALING] was killed by [REACTOME_RAC1_GTPASE_CYCLE,REACTOME_RAC1_GTPASE_CYCLE]
[REACTOME_IRAK1_RECRUITS_IKK_COMPLEX,REACTOME_IRAK1_RECRUITS_IKK_COMPLEX] was killed by [REACTOME_S_PHASE,REACTOME_S_PHASE]
[REACTOME_COMMON_PATHWAY_OF_FIBRIN_CLOT_FORMATION,REACTOME_COMMON_PATHWAY_OF_FIBRIN_CLOT_FORMATION] was killed by [REACTOME_PEPTIDE_LIGAND_BINDING_RECEPTORS,REACTOME_PEPTIDE_LIGAND_BINDING_RECEPTORS]
[REACTOME_METALLOPROTEASE_DUBS,REACTOME_METALLOPROTEASE_DUBS] was killed by [REACTOME_S_PHASE,REACTOME_S_PHASE]
[REACTOME_DEFECTS_IN_VITAMIN_AND_COFACTOR_METABOLISM,REACTOME_DEFECTS_IN_VITAMIN_AND_COFACTOR_METABOLISM] was killed by [REACTOME_BRANCHED_CHAIN_AMINO_ACID_CATABOLISM,REACTOME_BRANCHED_CHAIN_AMINO_ACID_CATABOLISM]
[REACTOME_SIGNALING_BY_KIT_IN_DISEASE,REACTOME_SIGNALING_BY_KIT_IN_DISEASE] was killed by [REACTOME_RAC1_GTPASE_CYCLE,REACTOME_RAC1_GTPASE_CYCLE]
[REACTOME_SEMA4D_INDUCED_CELL_MIGRATION_AND_GROWTH_CONE_COLLAPSE,REACTOME_SEMA4D_INDUCED_CELL_MIGRATION_AND_GROWTH_CONE_COLLAPSE] was killed by [REACTOME_MUSCLE_CONTRACTION,REACTOME_MUSCLE_CONTRACTION]
[REACTOME_SIGNALING_BY_FGFR1_IN_DISEASE,REACTOME_SIGNALING_BY_FGFR1_IN_DISEASE] was killed by [REACTOME_RAC1_GTPASE_CYCLE,REACTOME_RAC1_GTPASE_CYCLE]
[REACTOME_CASPASE_ACTIVATION_VIA_DEATH_RECEPTORS_IN_THE_PRESENCE_OF_LIGAND,REACTOME_CASPASE_ACTIVATION_VIA_DEATH_RECEPTORS_IN_THE_PRESENCE_OF_LIGAND] was killed by [REACTOME_REGULATED_NECROSIS,REACTOME_REGULATED_NECROSIS]
[REACTOME_CIRCADIAN_CLOCK,REACTOME_CIRCADIAN_CLOCK] was killed by [REACTOME_S_PHASE,REACTOME_S_PHASE]
[REACTOME_TNFR1_INDUCED_NFKAPPAB_SIGNALING_PATHWAY,REACTOME_TNFR1_INDUCED_NFKAPPAB_SIGNALING_PATHWAY] was killed by [REACTOME_S_PHASE,REACTOME_S_PHASE]
[REACTOME_MUSCARINIC_ACETYLCHOLINE_RECEPTORS,REACTOME_MUSCARINIC_ACETYLCHOLINE_RECEPTORS] was killed by [REACTOME_AMINE_LIGAND_BINDING_RECEPTORS,REACTOME_AMINE_LIGAND_BINDING_RECEPTORS]
[REACTOME_DEFECTS_IN_BIOTIN_BTN_METABOLISM,REACTOME_DEFECTS_IN_BIOTIN_BTN_METABOLISM] was killed by [REACTOME_BRANCHED_CHAIN_AMINO_ACID_CATABOLISM,REACTOME_BRANCHED_CHAIN_AMINO_ACID_CATABOLISM]
[REACTOME_OREXIN_AND_NEUROPEPTIDES_FF_AND_QRFP_BIND_TO_THEIR_RESPECTIVE_RECEPTORS,REACTOME_OREXIN_AND_NEUROPEPTIDES_FF_AND_QRFP_BIND_TO_THEIR_RESPECTIVE_RECEPTORS] was killed by [REACTOME_PEPTIDE_LIGAND_BINDING_RECEPTORS,REACTOME_PEPTIDE_LIGAND_BINDING_RECEPTORS]
[REACTOME_DNA_REPLICATION_INITIATION,REACTOME_DNA_REPLICATION_INITIATION] was killed by [REACTOME_S_PHASE,REACTOME_S_PHASE]
[REACTOME_WNT5A_DEPENDENT_INTERNALIZATION_OF_FZD2_FZD5_AND_ROR2,REACTOME_WNT5A_DEPENDENT_INTERNALIZATION_OF_FZD2_FZD5_AND_ROR2] was killed by [REACTOME_CLASS_B_2_SECRETIN_FAMILY_RECEPTORS,REACTOME_CLASS_B_2_SECRETIN_FAMILY_RECEPTORS]
[REACTOME_KERATAN_SULFATE_DEGRADATION,REACTOME_KERATAN_SULFATE_DEGRADATION] was killed by [REACTOME_ECM_PROTEOGLYCANS,REACTOME_ECM_PROTEOGLYCANS]
[REACTOME_METABOLISM_OF_STEROIDS,REACTOME_METABOLISM_OF_STEROIDS] was killed by [REACTOME_MRNA_SPLICING,REACTOME_MRNA_SPLICING]
[REACTOME_RHO_GTPASES_ACTIVATE_KTN1,REACTOME_RHO_GTPASES_ACTIVATE_KTN1] was killed by [REACTOME_RAC1_GTPASE_CYCLE,REACTOME_RAC1_GTPASE_CYCLE]
[REACTOME_PROTEIN_METHYLATION,REACTOME_PROTEIN_METHYLATION] was killed by [REACTOME_SYNTHESIS_OF_DIPHTHAMIDE_EEF2,REACTOME_SYNTHESIS_OF_DIPHTHAMIDE_EEF2]
[REACTOME_RHO_GTPASES_ACTIVATE_PAKS,REACTOME_RHO_GTPASES_ACTIVATE_PAKS] was killed by [REACTOME_RAC1_GTPASE_CYCLE,REACTOME_RAC1_GTPASE_CYCLE]
[REACTOME_CTLA4_INHIBITORY_SIGNALING,REACTOME_CTLA4_INHIBITORY_SIGNALING] was killed by [REACTOME_S_PHASE,REACTOME_S_PHASE]
[REACTOME_ACTIVATION_OF_ANTERIOR_HOX_GENES_IN_HINDBRAIN_DEVELOPMENT_DURING_EARLY_EMBRYOGENESIS,REACTOME_ACTIVATION_OF_ANTERIOR_HOX_GENES_IN_HINDBRAIN_DEVELOPMENT_DURING_EARLY_EMBRYOGENESIS] was killed by [REACTOME_MRNA_SPLICING,REACTOME_MRNA_SPLICING]
[REACTOME_C_TYPE_LECTIN_RECEPTORS_CLRS,REACTOME_C_TYPE_LECTIN_RECEPTORS_CLRS] was killed by [REACTOME_MRNA_SPLICING,REACTOME_MRNA_SPLICING]
[REACTOME_REGULATION_OF_IFNG_SIGNALING,REACTOME_REGULATION_OF_IFNG_SIGNALING] was killed by [REACTOME_INTERLEUKIN_15_SIGNALING,REACTOME_INTERLEUKIN_15_SIGNALING]
[REACTOME_INWARDLY_RECTIFYING_K_CHANNELS,REACTOME_INWARDLY_RECTIFYING_K_CHANNELS] was killed by [REACTOME_MUSCLE_CONTRACTION,REACTOME_MUSCLE_CONTRACTION]
[REACTOME_LONG_TERM_POTENTIATION,REACTOME_LONG_TERM_POTENTIATION] was killed by [REACTOME_MUSCLE_CONTRACTION,REACTOME_MUSCLE_CONTRACTION]
[REACTOME_KERATAN_SULFATE_KERATIN_METABOLISM,REACTOME_KERATAN_SULFATE_KERATIN_METABOLISM] was killed by [REACTOME_ECM_PROTEOGLYCANS,REACTOME_ECM_PROTEOGLYCANS]
[REACTOME_RHO_GTPASES_ACTIVATE_PKNS,REACTOME_RHO_GTPASES_ACTIVATE_PKNS] was killed by [REACTOME_EPIGENETIC_REGULATION_OF_GENE_EXPRESSION,REACTOME_EPIGENETIC_REGULATION_OF_GENE_EXPRESSION]
[REACTOME_RND2_GTPASE_CYCLE,REACTOME_RND2_GTPASE_CYCLE] was killed by [REACTOME_RAC1_GTPASE_CYCLE,REACTOME_RAC1_GTPASE_CYCLE]
[REACTOME_TERMINATION_OF_O_GLYCAN_BIOSYNTHESIS,REACTOME_TERMINATION_OF_O_GLYCAN_BIOSYNTHESIS] was killed by [REACTOME_DECTIN_2_FAMILY,REACTOME_DECTIN_2_FAMILY]
[REACTOME_SELECTIVE_AUTOPHAGY,REACTOME_SELECTIVE_AUTOPHAGY] was killed by [REACTOME_ANCHORING_OF_THE_BASAL_BODY_TO_THE_PLASMA_MEMBRANE,REACTOME_ANCHORING_OF_THE_BASAL_BODY_TO_THE_PLASMA_MEMBRANE]
[REACTOME_SIGNALING_BY_FLT3_FUSION_PROTEINS,REACTOME_SIGNALING_BY_FLT3_FUSION_PROTEINS] was killed by [REACTOME_RAC1_GTPASE_CYCLE,REACTOME_RAC1_GTPASE_CYCLE]
[REACTOME_RHO_GTPASES_ACTIVATE_CIT,REACTOME_RHO_GTPASES_ACTIVATE_CIT] was killed by [REACTOME_MUSCLE_CONTRACTION,REACTOME_MUSCLE_CONTRACTION]
[REACTOME_CHONDROITIN_SULFATE_BIOSYNTHESIS,REACTOME_CHONDROITIN_SULFATE_BIOSYNTHESIS] was killed by [REACTOME_ECM_PROTEOGLYCANS,REACTOME_ECM_PROTEOGLYCANS]
[REACTOME_COHESIN_LOADING_ONTO_CHROMATIN,REACTOME_COHESIN_LOADING_ONTO_CHROMATIN] was killed by [REACTOME_S_PHASE,REACTOME_S_PHASE]
[REACTOME_CALCITONIN_LIKE_LIGAND_RECEPTORS,REACTOME_CALCITONIN_LIKE_LIGAND_RECEPTORS] was killed by [REACTOME_CLASS_B_2_SECRETIN_FAMILY_RECEPTORS,REACTOME_CLASS_B_2_SECRETIN_FAMILY_RECEPTORS]
[REACTOME_KETONE_BODY_METABOLISM,REACTOME_KETONE_BODY_METABOLISM] was killed by [REACTOME_BRANCHED_CHAIN_AMINO_ACID_CATABOLISM,REACTOME_BRANCHED_CHAIN_AMINO_ACID_CATABOLISM]
