[GOBP_NUCLEOTIDE_PHOSPHORYLATION,GOBP_NUCLEOTIDE_PHOSPHORYLATION] was killed by [GOBP_TRNA_TRANSPORT,GOBP_TRNA_TRANSPORT]
[GOBP_CARBOHYDRATE_CATABOLIC_PROCESS,GOBP_CARBOHYDRATE_CATABOLIC_PROCESS] was killed by [GOBP_TRNA_TRANSPORT,GOBP_TRNA_TRANSPORT]
[GOBP_POSITIVE_REGULATION_OF_POTASSIUM_ION_TRANSPORT,GOBP_POSITIVE_REGULATION_OF_POTASSIUM_ION_TRANSPORT] was killed by [GOBP_RESPONSE_TO_CATECHOLAMINE,GOBP_RESPONSE_TO_CATECHOLAMINE]
[GOBP_SODIUM_ION_TRANSMEMBRANE_TRANSPORT,GOBP_SODIUM_ION_TRANSMEMBRANE_TRANSPORT] was killed by [GOBP_RESPONSE_TO_CATECHOLAMINE,GOBP_RESPONSE_TO_CATECHOLAMINE]
[GOBP_NCRNA_EXPORT_FROM_NUCLEUS,GOBP_NCRNA_EXPORT_FROM_NUCLEUS] was killed by [GOBP_TRNA_TRANSPORT,GOBP_TRNA_TRANSPORT]
[GOBP_NEGATIVE_REGULATION_OF_GENE_EXPRESSION_EPIGENETIC,GOBP_NEGATIVE_REGULATION_OF_GENE_EXPRESSION_EPIGENETIC] was killed by [GOBP_RESPONSE_TO_CATECHOLAMINE,GOBP_RESPONSE_TO_CATECHOLAMINE]
[GOBP_REGULATION_OF_CARBOHYDRATE_CATABOLIC_PROCESS,GOBP_REGULATION_OF_CARBOHYDRATE_CATABOLIC_PROCESS] was killed by [GOBP_TRNA_TRANSPORT,GOBP_TRNA_TRANSPORT]
[GOBP_VESICLE_MEDIATED_TRANSPORT_BETWEEN_ENDOSOMAL_COMPARTMENTS,GOBP_VESICLE_MEDIATED_TRANSPORT_BETWEEN_ENDOSOMAL_COMPARTMENTS] was killed by [GOBP_MEMBRANE_DOCKING,GOBP_MEMBRANE_DOCKING]
[GOBP_REGULATION_OF_CELLULAR_RESPONSE_TO_HEAT,GOBP_REGULATION_OF_CELLULAR_RESPONSE_TO_HEAT] was killed by [GOBP_TRNA_TRANSPORT,GOBP_TRNA_TRANSPORT]
[GOBP_DETECTION_OF_LIGHT_STIMULUS,GOBP_DETECTION_OF_LIGHT_STIMULUS] was killed by [GOBP_RESPONSE_TO_CATECHOLAMINE,GOBP_RESPONSE_TO_CATECHOLAMINE]
[GOBP_POSITIVE_REGULATION_OF_I_KAPPAB_KINASE_NF_KAPPAB_SIGNALING,GOBP_POSITIVE_REGULATION_OF_I_KAPPAB_KINASE_NF_KAPPAB_SIGNALING] was killed by [GOBP_RESPONSE_TO_CATECHOLAMINE,GOBP_RESPONSE_TO_CATECHOLAMINE]
[GOBP_POSITIVE_REGULATION_OF_INTRACELLULAR_PROTEIN_TRANSPORT,GOBP_POSITIVE_REGULATION_OF_INTRACELLULAR_PROTEIN_TRANSPORT] was killed by [GOBP_RESPONSE_TO_CATECHOLAMINE,GOBP_RESPONSE_TO_CATECHOLAMINE]
[GOBP_PHOTOTRANSDUCTION,GOBP_PHOTOTRANSDUCTION] was killed by [GOBP_RESPONSE_TO_CATECHOLAMINE,GOBP_RESPONSE_TO_CATECHOLAMINE]
[GOBP_PHOTOTRANSDUCTION_VISIBLE_LIGHT,GOBP_PHOTOTRANSDUCTION_VISIBLE_LIGHT] was killed by [GOBP_RESPONSE_TO_CATECHOLAMINE,GOBP_RESPONSE_TO_CATECHOLAMINE]
[GOBP_NEURON_MIGRATION,GOBP_NEURON_MIGRATION] was killed by [GOBP_MEMBRANE_DOCKING,GOBP_MEMBRANE_DOCKING]
[GOBP_CELLULAR_RESPONSE_TO_REACTIVE_OXYGEN_SPECIES,GOBP_CELLULAR_RESPONSE_TO_REACTIVE_OXYGEN_SPECIES] was killed by [GOBP_RESPONSE_TO_CATECHOLAMINE,GOBP_RESPONSE_TO_CATECHOLAMINE]
[GOBP_REGULATION_OF_GENERATION_OF_PRECURSOR_METABOLITES_AND_ENERGY,GOBP_REGULATION_OF_GENERATION_OF_PRECURSOR_METABOLITES_AND_ENERGY] was killed by [GOBP_TRNA_TRANSPORT,GOBP_TRNA_TRANSPORT]
[GOBP_SMOOTH_MUSCLE_CONTRACTION,GOBP_SMOOTH_MUSCLE_CONTRACTION] was killed by [GOMF_SCAFFOLD_PROTEIN_BINDING,GOMF_SCAFFOLD_PROTEIN_BINDING]
[GOMF_HISTONE_DEMETHYLASE_ACTIVITY_H3_K9_SPECIFIC,GOMF_HISTONE_DEMETHYLASE_ACTIVITY_H3_K9_SPECIFIC] was killed by [GOBP_HISTONE_H3_K9_DEMETHYLATION,GOBP_HISTONE_H3_K9_DEMETHYLATION]
[GOBP_CELLULAR_RESPONSE_TO_HYDROGEN_PEROXIDE,GOBP_CELLULAR_RESPONSE_TO_HYDROGEN_PEROXIDE] was killed by [GOBP_RESPONSE_TO_CATECHOLAMINE,GOBP_RESPONSE_TO_CATECHOLAMINE]
[GOBP_PROTEIN_LOCALIZATION_TO_MICROTUBULE_ORGANIZING_CENTER,GOBP_PROTEIN_LOCALIZATION_TO_MICROTUBULE_ORGANIZING_CENTER] was killed by [GOBP_MEMBRANE_DOCKING,GOBP_MEMBRANE_DOCKING]
[GOBP_CILIARY_BASAL_BODY_PLASMA_MEMBRANE_DOCKING,GOBP_CILIARY_BASAL_BODY_PLASMA_MEMBRANE_DOCKING] was killed by [GOBP_MEMBRANE_DOCKING,GOBP_MEMBRANE_DOCKING]
[GOMF_PROTEIN_TYROSINE_KINASE_BINDING,GOMF_PROTEIN_TYROSINE_KINASE_BINDING] was killed by [GOMF_SCAFFOLD_PROTEIN_BINDING,GOMF_SCAFFOLD_PROTEIN_BINDING]
[GOBP_NUCLEOSIDE_DIPHOSPHATE_METABOLIC_PROCESS,GOBP_NUCLEOSIDE_DIPHOSPHATE_METABOLIC_PROCESS] was killed by [GOBP_TRNA_TRANSPORT,GOBP_TRNA_TRANSPORT]
[GOBP_CELLULAR_RESPONSE_TO_HEAT,GOBP_CELLULAR_RESPONSE_TO_HEAT] was killed by [GOBP_TRNA_TRANSPORT,GOBP_TRNA_TRANSPORT]
[GOBP_SUBSTRATE_ADHESION_DEPENDENT_CELL_SPREADING,GOBP_SUBSTRATE_ADHESION_DEPENDENT_CELL_SPREADING] was killed by [GOBP_RESPONSE_TO_CATECHOLAMINE,GOBP_RESPONSE_TO_CATECHOLAMINE]
[GOBP_REGULATION_OF_SODIUM_ION_TRANSMEMBRANE_TRANSPORT,GOBP_REGULATION_OF_SODIUM_ION_TRANSMEMBRANE_TRANSPORT] was killed by [GOBP_RESPONSE_TO_CATECHOLAMINE,GOBP_RESPONSE_TO_CATECHOLAMINE]
[GOBP_PYRUVATE_METABOLIC_PROCESS,GOBP_PYRUVATE_METABOLIC_PROCESS] was killed by [GOBP_TRNA_TRANSPORT,GOBP_TRNA_TRANSPORT]
[GOBP_POSITIVE_REGULATION_OF_CATION_TRANSMEMBRANE_TRANSPORT,GOBP_POSITIVE_REGULATION_OF_CATION_TRANSMEMBRANE_TRANSPORT] was killed by [GOBP_RESPONSE_TO_CATECHOLAMINE,GOBP_RESPONSE_TO_CATECHOLAMINE]
[GOBP_TUMOR_NECROSIS_FACTOR_SUPERFAMILY_CYTOKINE_PRODUCTION,GOBP_TUMOR_NECROSIS_FACTOR_SUPERFAMILY_CYTOKINE_PRODUCTION] was killed by [GOBP_RESPONSE_TO_CATECHOLAMINE,GOBP_RESPONSE_TO_CATECHOLAMINE]
[GOBP_REGULATION_OF_POTASSIUM_ION_TRANSPORT,GOBP_REGULATION_OF_POTASSIUM_ION_TRANSPORT] was killed by [GOBP_RESPONSE_TO_CATECHOLAMINE,GOBP_RESPONSE_TO_CATECHOLAMINE]
[GOBP_RESPONSE_TO_DOPAMINE,GOBP_RESPONSE_TO_DOPAMINE] was killed by [GOBP_RESPONSE_TO_CATECHOLAMINE,GOBP_RESPONSE_TO_CATECHOLAMINE]
[GOCC_POLYSOMAL_RIBOSOME,GOCC_POLYSOMAL_RIBOSOME] was killed by [GOCC_POLYSOME,GOCC_POLYSOME]
[GOBP_REGULATION_OF_VIRAL_GENOME_REPLICATION,GOBP_REGULATION_OF_VIRAL_GENOME_REPLICATION] was killed by [GOBP_VIRAL_GENOME_REPLICATION,GOBP_VIRAL_GENOME_REPLICATION]
[GOCC_CENTRIOLE,GOCC_CENTRIOLE] was killed by [GOBP_MEMBRANE_DOCKING,GOBP_MEMBRANE_DOCKING]
[GOBP_MACROMOLECULE_DEACYLATION,GOBP_MACROMOLECULE_DEACYLATION] was killed by [GOBP_RESPONSE_TO_CATECHOLAMINE,GOBP_RESPONSE_TO_CATECHOLAMINE]
[GOBP_RNA_SECONDARY_STRUCTURE_UNWINDING,GOBP_RNA_SECONDARY_STRUCTURE_UNWINDING] was killed by [GOCC_POLYSOME,GOCC_POLYSOME]
[GOBP_PEPTIDYL_LYSINE_DIMETHYLATION,GOBP_PEPTIDYL_LYSINE_DIMETHYLATION] was killed by [GOBP_HISTONE_H3_K9_DEMETHYLATION,GOBP_HISTONE_H3_K9_DEMETHYLATION]
[GOBP_POSTSYNAPTIC_SIGNAL_TRANSDUCTION,GOBP_POSTSYNAPTIC_SIGNAL_TRANSDUCTION] was killed by [GOBP_RESPONSE_TO_CATECHOLAMINE,GOBP_RESPONSE_TO_CATECHOLAMINE]
[GOBP_MONONUCLEAR_CELL_MIGRATION,GOBP_MONONUCLEAR_CELL_MIGRATION] was killed by [GOBP_RESPONSE_TO_CATECHOLAMINE,GOBP_RESPONSE_TO_CATECHOLAMINE]
[GOMF_PROTEASE_BINDING,GOMF_PROTEASE_BINDING] was killed by [GOBP_VIRAL_GENOME_REPLICATION,GOBP_VIRAL_GENOME_REPLICATION]
[GOMF_ISOMERASE_ACTIVITY,GOMF_ISOMERASE_ACTIVITY] was killed by [GOBP_VIRAL_GENOME_REPLICATION,GOBP_VIRAL_GENOME_REPLICATION]
[GOMF_STRUCTURAL_CONSTITUENT_OF_NUCLEAR_PORE,GOMF_STRUCTURAL_CONSTITUENT_OF_NUCLEAR_PORE] was killed by [GOBP_TRNA_TRANSPORT,GOBP_TRNA_TRANSPORT]
