[KEGG_HUNTINGTONS_DISEASE,KEGG_HUNTINGTONS_DISEASE] was killed by [KEGG_OXIDATIVE_PHOSPHORYLATION,KEGG_OXIDATIVE_PHOSPHORYLATION]
[KEGG_DNA_REPLICATION,KEGG_DNA_REPLICATION] was killed by [KEGG_CELL_CYCLE,KEGG_CELL_CYCLE]
[KEGG_PARKINSONS_DISEASE,KEGG_PARKINSONS_DISEASE] was killed by [KEGG_OXIDATIVE_PHOSPHORYLATION,KEGG_OXIDATIVE_PHOSPHORYLATION]
[KEGG_ALZHEIMERS_DISEASE,KEGG_ALZHEIMERS_DISEASE] was killed by [KEGG_OXIDATIVE_PHOSPHORYLATION,KEGG_OXIDATIVE_PHOSPHORYLATION]
[KEGG_RNA_DEGRADATION,KEGG_RNA_DEGRADATION] was killed by [KEGG_SPLICEOSOME,KEGG_SPLICEOSOME]
[KEGG_AUTOIMMUNE_THYROID_DISEASE,KEGG_AUTOIMMUNE_THYROID_DISEASE] was killed by [KEGG_SYSTEMIC_LUPUS_ERYTHEMATOSUS,KEGG_SYSTEMIC_LUPUS_ERYTHEMATOSUS]
[KEGG_CELL_ADHESION_MOLECULES_CAMS,KEGG_CELL_ADHESION_MOLECULES_CAMS] was killed by [KEGG_SYSTEMIC_LUPUS_ERYTHEMATOSUS,KEGG_SYSTEMIC_LUPUS_ERYTHEMATOSUS]
[KEGG_UBIQUITIN_MEDIATED_PROTEOLYSIS,KEGG_UBIQUITIN_MEDIATED_PROTEOLYSIS] was killed by [KEGG_CELL_CYCLE,KEGG_CELL_CYCLE]
[KEGG_ENDOCYTOSIS,KEGG_ENDOCYTOSIS] was killed by [KEGG_SYSTEMIC_LUPUS_ERYTHEMATOSUS,KEGG_SYSTEMIC_LUPUS_ERYTHEMATOSUS]
[KEGG_RETINOL_METABOLISM,KEGG_RETINOL_METABOLISM] was killed by [KEGG_STEROID_HORMONE_BIOSYNTHESIS,KEGG_STEROID_HORMONE_BIOSYNTHESIS]
[KEGG_GRAFT_VERSUS_HOST_DISEASE,KEGG_GRAFT_VERSUS_HOST_DISEASE] was killed by [KEGG_SYSTEMIC_LUPUS_ERYTHEMATOSUS,KEGG_SYSTEMIC_LUPUS_ERYTHEMATOSUS]
[KEGG_ALLOGRAFT_REJECTION,KEGG_ALLOGRAFT_REJECTION] was killed by [KEGG_SYSTEMIC_LUPUS_ERYTHEMATOSUS,KEGG_SYSTEMIC_LUPUS_ERYTHEMATOSUS]
[KEGG_ECM_RECEPTOR_INTERACTION,KEGG_ECM_RECEPTOR_INTERACTION] was killed by [KEGG_HEMATOPOIETIC_CELL_LINEAGE,KEGG_HEMATOPOIETIC_CELL_LINEAGE]
[KEGG_TYPE_I_DIABETES_MELLITUS,KEGG_TYPE_I_DIABETES_MELLITUS] was killed by [KEGG_SYSTEMIC_LUPUS_ERYTHEMATOSUS,KEGG_SYSTEMIC_LUPUS_ERYTHEMATOSUS]
[KEGG_DRUG_METABOLISM_CYTOCHROME_P450,KEGG_DRUG_METABOLISM_CYTOCHROME_P450] was killed by [KEGG_STEROID_HORMONE_BIOSYNTHESIS,KEGG_STEROID_HORMONE_BIOSYNTHESIS]
[KEGG_RNA_POLYMERASE,KEGG_RNA_POLYMERASE] was killed by [KEGG_PYRIMIDINE_METABOLISM,KEGG_PYRIMIDINE_METABOLISM]
[KEGG_NUCLEOTIDE_EXCISION_REPAIR,KEGG_NUCLEOTIDE_EXCISION_REPAIR] was killed by [KEGG_PYRIMIDINE_METABOLISM,KEGG_PYRIMIDINE_METABOLISM]
[KEGG_CHRONIC_MYELOID_LEUKEMIA,KEGG_CHRONIC_MYELOID_LEUKEMIA] was killed by [KEGG_CELL_CYCLE,KEGG_CELL_CYCLE]
[KEGG_PURINE_METABOLISM,KEGG_PURINE_METABOLISM] was killed by [KEGG_OXIDATIVE_PHOSPHORYLATION,KEGG_OXIDATIVE_PHOSPHORYLATION]
[KEGG_OTHER_GLYCAN_DEGRADATION,KEGG_OTHER_GLYCAN_DEGRADATION] was killed by [KEGG_LYSOSOME,KEGG_LYSOSOME]
[KEGG_ASCORBATE_AND_ALDARATE_METABOLISM,KEGG_ASCORBATE_AND_ALDARATE_METABOLISM] was killed by [KEGG_STEROID_HORMONE_BIOSYNTHESIS,KEGG_STEROID_HORMONE_BIOSYNTHESIS]
[KEGG_METABOLISM_OF_XENOBIOTICS_BY_CYTOCHROME_P450,KEGG_METABOLISM_OF_XENOBIOTICS_BY_CYTOCHROME_P450] was killed by [KEGG_STEROID_HORMONE_BIOSYNTHESIS,KEGG_STEROID_HORMONE_BIOSYNTHESIS]
[KEGG_JAK_STAT_SIGNALING_PATHWAY,KEGG_JAK_STAT_SIGNALING_PATHWAY] was killed by [KEGG_SPLICEOSOME,KEGG_SPLICEOSOME]
[KEGG_NEUROTROPHIN_SIGNALING_PATHWAY,KEGG_NEUROTROPHIN_SIGNALING_PATHWAY] was killed by [KEGG_CELL_CYCLE,KEGG_CELL_CYCLE]
[KEGG_FC_GAMMA_R_MEDIATED_PHAGOCYTOSIS,KEGG_FC_GAMMA_R_MEDIATED_PHAGOCYTOSIS] was killed by [KEGG_RENAL_CELL_CARCINOMA,KEGG_RENAL_CELL_CARCINOMA]
[KEGG_INTESTINAL_IMMUNE_NETWORK_FOR_IGA_PRODUCTION,KEGG_INTESTINAL_IMMUNE_NETWORK_FOR_IGA_PRODUCTION] was killed by [KEGG_SYSTEMIC_LUPUS_ERYTHEMATOSUS,KEGG_SYSTEMIC_LUPUS_ERYTHEMATOSUS]
[KEGG_RIG_I_LIKE_RECEPTOR_SIGNALING_PATHWAY,KEGG_RIG_I_LIKE_RECEPTOR_SIGNALING_PATHWAY] was killed by [KEGG_REGULATION_OF_AUTOPHAGY,KEGG_REGULATION_OF_AUTOPHAGY]
[KEGG_PENTOSE_AND_GLUCURONATE_INTERCONVERSIONS,KEGG_PENTOSE_AND_GLUCURONATE_INTERCONVERSIONS] was killed by [KEGG_STEROID_HORMONE_BIOSYNTHESIS,KEGG_STEROID_HORMONE_BIOSYNTHESIS]
[KEGG_MISMATCH_REPAIR,KEGG_MISMATCH_REPAIR] was killed by [KEGG_PYRIMIDINE_METABOLISM,KEGG_PYRIMIDINE_METABOLISM]
[KEGG_ACUTE_MYELOID_LEUKEMIA,KEGG_ACUTE_MYELOID_LEUKEMIA] was killed by [KEGG_RENAL_CELL_CARCINOMA,KEGG_RENAL_CELL_CARCINOMA]
[KEGG_FOCAL_ADHESION,KEGG_FOCAL_ADHESION] was killed by [KEGG_SPLICEOSOME,KEGG_SPLICEOSOME]
[KEGG_ANTIGEN_PROCESSING_AND_PRESENTATION,KEGG_ANTIGEN_PROCESSING_AND_PRESENTATION] was killed by [KEGG_SYSTEMIC_LUPUS_ERYTHEMATOSUS,KEGG_SYSTEMIC_LUPUS_ERYTHEMATOSUS]
[KEGG_NON_SMALL_CELL_LUNG_CANCER,KEGG_NON_SMALL_CELL_LUNG_CANCER] was killed by [KEGG_CELL_CYCLE,KEGG_CELL_CYCLE]
[KEGG_PHOSPHATIDYLINOSITOL_SIGNALING_SYSTEM,KEGG_PHOSPHATIDYLINOSITOL_SIGNALING_SYSTEM] was killed by [KEGG_RENAL_CELL_CARCINOMA,KEGG_RENAL_CELL_CARCINOMA]
[KEGG_GLYCOSPHINGOLIPID_BIOSYNTHESIS_GANGLIO_SERIES,KEGG_GLYCOSPHINGOLIPID_BIOSYNTHESIS_GANGLIO_SERIES] was killed by [KEGG_LYSOSOME,KEGG_LYSOSOME]
[KEGG_ASTHMA,KEGG_ASTHMA] was killed by [KEGG_SYSTEMIC_LUPUS_ERYTHEMATOSUS,KEGG_SYSTEMIC_LUPUS_ERYTHEMATOSUS]
[KEGG_ONE_CARBON_POOL_BY_FOLATE,KEGG_ONE_CARBON_POOL_BY_FOLATE] was killed by [KEGG_GLYCINE_SERINE_AND_THREONINE_METABOLISM,KEGG_GLYCINE_SERINE_AND_THREONINE_METABOLISM]
[KEGG_ERBB_SIGNALING_PATHWAY,KEGG_ERBB_SIGNALING_PATHWAY] was killed by [KEGG_RENAL_CELL_CARCINOMA,KEGG_RENAL_CELL_CARCINOMA]
[KEGG_INSULIN_SIGNALING_PATHWAY,KEGG_INSULIN_SIGNALING_PATHWAY] was killed by [KEGG_SPLICEOSOME,KEGG_SPLICEOSOME]
[KEGG_HYPERTROPHIC_CARDIOMYOPATHY_HCM,KEGG_HYPERTROPHIC_CARDIOMYOPATHY_HCM] was killed by [KEGG_HEMATOPOIETIC_CELL_LINEAGE,KEGG_HEMATOPOIETIC_CELL_LINEAGE]
[KEGG_ENDOMETRIAL_CANCER,KEGG_ENDOMETRIAL_CANCER] was killed by [KEGG_RENAL_CELL_CARCINOMA,KEGG_RENAL_CELL_CARCINOMA]
[KEGG_DRUG_METABOLISM_OTHER_ENZYMES,KEGG_DRUG_METABOLISM_OTHER_ENZYMES] was killed by [KEGG_STEROID_HORMONE_BIOSYNTHESIS,KEGG_STEROID_HORMONE_BIOSYNTHESIS]
[KEGG_ARGININE_AND_PROLINE_METABOLISM,KEGG_ARGININE_AND_PROLINE_METABOLISM] was killed by [KEGG_GLYCINE_SERINE_AND_THREONINE_METABOLISM,KEGG_GLYCINE_SERINE_AND_THREONINE_METABOLISM]
[KEGG_INOSITOL_PHOSPHATE_METABOLISM,KEGG_INOSITOL_PHOSPHATE_METABOLISM] was killed by [KEGG_RENAL_CELL_CARCINOMA,KEGG_RENAL_CELL_CARCINOMA]
[KEGG_COLORECTAL_CANCER,KEGG_COLORECTAL_CANCER] was killed by [KEGG_CELL_CYCLE,KEGG_CELL_CYCLE]
[KEGG_CALCIUM_SIGNALING_PATHWAY,KEGG_CALCIUM_SIGNALING_PATHWAY] was killed by [KEGG_SPLICEOSOME,KEGG_SPLICEOSOME]
[KEGG_B_CELL_RECEPTOR_SIGNALING_PATHWAY,KEGG_B_CELL_RECEPTOR_SIGNALING_PATHWAY] was killed by [KEGG_RENAL_CELL_CARCINOMA,KEGG_RENAL_CELL_CARCINOMA]
[KEGG_VIRAL_MYOCARDITIS,KEGG_VIRAL_MYOCARDITIS] was killed by [KEGG_SYSTEMIC_LUPUS_ERYTHEMATOSUS,KEGG_SYSTEMIC_LUPUS_ERYTHEMATOSUS]
[KEGG_PROSTATE_CANCER,KEGG_PROSTATE_CANCER] was killed by [KEGG_CELL_CYCLE,KEGG_CELL_CYCLE]
[KEGG_PORPHYRIN_AND_CHLOROPHYLL_METABOLISM,KEGG_PORPHYRIN_AND_CHLOROPHYLL_METABOLISM] was killed by [KEGG_STEROID_HORMONE_BIOSYNTHESIS,KEGG_STEROID_HORMONE_BIOSYNTHESIS]
[KEGG_APOPTOSIS,KEGG_APOPTOSIS] was killed by [KEGG_HEMATOPOIETIC_CELL_LINEAGE,KEGG_HEMATOPOIETIC_CELL_LINEAGE]
[KEGG_BASE_EXCISION_REPAIR,KEGG_BASE_EXCISION_REPAIR] was killed by [KEGG_PYRIMIDINE_METABOLISM,KEGG_PYRIMIDINE_METABOLISM]
[KEGG_PANCREATIC_CANCER,KEGG_PANCREATIC_CANCER] was killed by [KEGG_CELL_CYCLE,KEGG_CELL_CYCLE]
[KEGG_DILATED_CARDIOMYOPATHY,KEGG_DILATED_CARDIOMYOPATHY] was killed by [KEGG_SPLICEOSOME,KEGG_SPLICEOSOME]
[KEGG_DORSO_VENTRAL_AXIS_FORMATION,KEGG_DORSO_VENTRAL_AXIS_FORMATION] was killed by [KEGG_RENAL_CELL_CARCINOMA,KEGG_RENAL_CELL_CARCINOMA]
[KEGG_ARRHYTHMOGENIC_RIGHT_VENTRICULAR_CARDIOMYOPATHY_ARVC,KEGG_ARRHYTHMOGENIC_RIGHT_VENTRICULAR_CARDIOMYOPATHY_ARVC] was killed by [KEGG_HEMATOPOIETIC_CELL_LINEAGE,KEGG_HEMATOPOIETIC_CELL_LINEAGE]
[KEGG_WNT_SIGNALING_PATHWAY,KEGG_WNT_SIGNALING_PATHWAY] was killed by [KEGG_SPLICEOSOME,KEGG_SPLICEOSOME]
[KEGG_OOCYTE_MEIOSIS,KEGG_OOCYTE_MEIOSIS] was killed by [KEGG_SPLICEOSOME,KEGG_SPLICEOSOME]
[KEGG_VEGF_SIGNALING_PATHWAY,KEGG_VEGF_SIGNALING_PATHWAY] was killed by [KEGG_RENAL_CELL_CARCINOMA,KEGG_RENAL_CELL_CARCINOMA]
[KEGG_AXON_GUIDANCE,KEGG_AXON_GUIDANCE] was killed by [KEGG_SPLICEOSOME,KEGG_SPLICEOSOME]
[KEGG_LEISHMANIA_INFECTION,KEGG_LEISHMANIA_INFECTION] was killed by [KEGG_SYSTEMIC_LUPUS_ERYTHEMATOSUS,KEGG_SYSTEMIC_LUPUS_ERYTHEMATOSUS]
[KEGG_STARCH_AND_SUCROSE_METABOLISM,KEGG_STARCH_AND_SUCROSE_METABOLISM] was killed by [KEGG_STEROID_HORMONE_BIOSYNTHESIS,KEGG_STEROID_HORMONE_BIOSYNTHESIS]
[KEGG_HOMOLOGOUS_RECOMBINATION,KEGG_HOMOLOGOUS_RECOMBINATION] was killed by [KEGG_PYRIMIDINE_METABOLISM,KEGG_PYRIMIDINE_METABOLISM]
[KEGG_COMPLEMENT_AND_COAGULATION_CASCADES,KEGG_COMPLEMENT_AND_COAGULATION_CASCADES] was killed by [KEGG_SYSTEMIC_LUPUS_ERYTHEMATOSUS,KEGG_SYSTEMIC_LUPUS_ERYTHEMATOSUS]
[KEGG_NOTCH_SIGNALING_PATHWAY,KEGG_NOTCH_SIGNALING_PATHWAY] was killed by [KEGG_CELL_CYCLE,KEGG_CELL_CYCLE]
[KEGG_PRIMARY_IMMUNODEFICIENCY,KEGG_PRIMARY_IMMUNODEFICIENCY] was killed by [KEGG_HEMATOPOIETIC_CELL_LINEAGE,KEGG_HEMATOPOIETIC_CELL_LINEAGE]
[KEGG_PROGESTERONE_MEDIATED_OOCYTE_MATURATION,KEGG_PROGESTERONE_MEDIATED_OOCYTE_MATURATION] was killed by [KEGG_SPLICEOSOME,KEGG_SPLICEOSOME]
[KEGG_CYTOSOLIC_DNA_SENSING_PATHWAY,KEGG_CYTOSOLIC_DNA_SENSING_PATHWAY] was killed by [KEGG_PYRIMIDINE_METABOLISM,KEGG_PYRIMIDINE_METABOLISM]
[KEGG_P53_SIGNALING_PATHWAY,KEGG_P53_SIGNALING_PATHWAY] was killed by [KEGG_CELL_CYCLE,KEGG_CELL_CYCLE]
[KEGG_ADHERENS_JUNCTION,KEGG_ADHERENS_JUNCTION] was killed by [KEGG_RENAL_CELL_CARCINOMA,KEGG_RENAL_CELL_CARCINOMA]
[KEGG_GLIOMA,KEGG_GLIOMA] was killed by [KEGG_CELL_CYCLE,KEGG_CELL_CYCLE]
[KEGG_PRIMARY_BILE_ACID_BIOSYNTHESIS,KEGG_PRIMARY_BILE_ACID_BIOSYNTHESIS] was killed by [KEGG_STEROID_HORMONE_BIOSYNTHESIS,KEGG_STEROID_HORMONE_BIOSYNTHESIS]
[KEGG_CHEMOKINE_SIGNALING_PATHWAY,KEGG_CHEMOKINE_SIGNALING_PATHWAY] was killed by [KEGG_SPLICEOSOME,KEGG_SPLICEOSOME]
[KEGG_LEUKOCYTE_TRANSENDOTHELIAL_MIGRATION,KEGG_LEUKOCYTE_TRANSENDOTHELIAL_MIGRATION] was killed by [KEGG_SPLICEOSOME,KEGG_SPLICEOSOME]
[KEGG_VALINE_LEUCINE_AND_ISOLEUCINE_DEGRADATION,KEGG_VALINE_LEUCINE_AND_ISOLEUCINE_DEGRADATION] was killed by [KEGG_LYSINE_DEGRADATION,KEGG_LYSINE_DEGRADATION]
[KEGG_ALANINE_ASPARTATE_AND_GLUTAMATE_METABOLISM,KEGG_ALANINE_ASPARTATE_AND_GLUTAMATE_METABOLISM] was killed by [KEGG_GLYCINE_SERINE_AND_THREONINE_METABOLISM,KEGG_GLYCINE_SERINE_AND_THREONINE_METABOLISM]
[KEGG_ADIPOCYTOKINE_SIGNALING_PATHWAY,KEGG_ADIPOCYTOKINE_SIGNALING_PATHWAY] was killed by [KEGG_RENAL_CELL_CARCINOMA,KEGG_RENAL_CELL_CARCINOMA]
[KEGG_MELANOGENESIS,KEGG_MELANOGENESIS] was killed by [KEGG_SPLICEOSOME,KEGG_SPLICEOSOME]
[KEGG_VIBRIO_CHOLERAE_INFECTION,KEGG_VIBRIO_CHOLERAE_INFECTION] was killed by [KEGG_OXIDATIVE_PHOSPHORYLATION,KEGG_OXIDATIVE_PHOSPHORYLATION]
[KEGG_SPHINGOLIPID_METABOLISM,KEGG_SPHINGOLIPID_METABOLISM] was killed by [KEGG_LYSOSOME,KEGG_LYSOSOME]
[KEGG_T_CELL_RECEPTOR_SIGNALING_PATHWAY,KEGG_T_CELL_RECEPTOR_SIGNALING_PATHWAY] was killed by [KEGG_SPLICEOSOME,KEGG_SPLICEOSOME]
[KEGG_FC_EPSILON_RI_SIGNALING_PATHWAY,KEGG_FC_EPSILON_RI_SIGNALING_PATHWAY] was killed by [KEGG_SPLICEOSOME,KEGG_SPLICEOSOME]
[KEGG_GNRH_SIGNALING_PATHWAY,KEGG_GNRH_SIGNALING_PATHWAY] was killed by [KEGG_SPLICEOSOME,KEGG_SPLICEOSOME]
[KEGG_SULFUR_METABOLISM,KEGG_SULFUR_METABOLISM] was killed by [KEGG_STEROID_HORMONE_BIOSYNTHESIS,KEGG_STEROID_HORMONE_BIOSYNTHESIS]
[KEGG_CARDIAC_MUSCLE_CONTRACTION,KEGG_CARDIAC_MUSCLE_CONTRACTION] was killed by [KEGG_SPLICEOSOME,KEGG_SPLICEOSOME]
[KEGG_GLYCEROPHOSPHOLIPID_METABOLISM,KEGG_GLYCEROPHOSPHOLIPID_METABOLISM] was killed by [KEGG_SPLICEOSOME,KEGG_SPLICEOSOME]
[KEGG_PRION_DISEASES,KEGG_PRION_DISEASES] was killed by [KEGG_SYSTEMIC_LUPUS_ERYTHEMATOSUS,KEGG_SYSTEMIC_LUPUS_ERYTHEMATOSUS]
[KEGG_MTOR_SIGNALING_PATHWAY,KEGG_MTOR_SIGNALING_PATHWAY] was killed by [KEGG_REGULATION_OF_AUTOPHAGY,KEGG_REGULATION_OF_AUTOPHAGY]
[KEGG_CITRATE_CYCLE_TCA_CYCLE,KEGG_CITRATE_CYCLE_TCA_CYCLE] was killed by [KEGG_OXIDATIVE_PHOSPHORYLATION,KEGG_OXIDATIVE_PHOSPHORYLATION]
[KEGG_TOLL_LIKE_RECEPTOR_SIGNALING_PATHWAY,KEGG_TOLL_LIKE_RECEPTOR_SIGNALING_PATHWAY] was killed by [KEGG_SPLICEOSOME,KEGG_SPLICEOSOME]
[KEGG_FATTY_ACID_METABOLISM,KEGG_FATTY_ACID_METABOLISM] was killed by [KEGG_LYSINE_DEGRADATION,KEGG_LYSINE_DEGRADATION]
[KEGG_THYROID_CANCER,KEGG_THYROID_CANCER] was killed by [KEGG_RENAL_CELL_CARCINOMA,KEGG_RENAL_CELL_CARCINOMA]
[KEGG_SMALL_CELL_LUNG_CANCER,KEGG_SMALL_CELL_LUNG_CANCER] was killed by [KEGG_SPLICEOSOME,KEGG_SPLICEOSOME]
[KEGG_GLYCOSAMINOGLYCAN_DEGRADATION,KEGG_GLYCOSAMINOGLYCAN_DEGRADATION] was killed by [KEGG_LYSOSOME,KEGG_LYSOSOME]
[KEGG_SELENOAMINO_ACID_METABOLISM,KEGG_SELENOAMINO_ACID_METABOLISM] was killed by [KEGG_AMINOACYL_TRNA_BIOSYNTHESIS,KEGG_AMINOACYL_TRNA_BIOSYNTHESIS]
[KEGG_LONG_TERM_POTENTIATION,KEGG_LONG_TERM_POTENTIATION] was killed by [KEGG_SPLICEOSOME,KEGG_SPLICEOSOME]
[KEGG_CYSTEINE_AND_METHIONINE_METABOLISM,KEGG_CYSTEINE_AND_METHIONINE_METABOLISM] was killed by [KEGG_GLYCINE_SERINE_AND_THREONINE_METABOLISM,KEGG_GLYCINE_SERINE_AND_THREONINE_METABOLISM]
[KEGG_TYROSINE_METABOLISM,KEGG_TYROSINE_METABOLISM] was killed by [KEGG_GLYCINE_SERINE_AND_THREONINE_METABOLISM,KEGG_GLYCINE_SERINE_AND_THREONINE_METABOLISM]
[KEGG_PHENYLALANINE_METABOLISM,KEGG_PHENYLALANINE_METABOLISM] was killed by [KEGG_GLYCINE_SERINE_AND_THREONINE_METABOLISM,KEGG_GLYCINE_SERINE_AND_THREONINE_METABOLISM]
[KEGG_TRYPTOPHAN_METABOLISM,KEGG_TRYPTOPHAN_METABOLISM] was killed by [KEGG_AMINOACYL_TRNA_BIOSYNTHESIS,KEGG_AMINOACYL_TRNA_BIOSYNTHESIS]
[KEGG_PROPANOATE_METABOLISM,KEGG_PROPANOATE_METABOLISM] was killed by [KEGG_LYSINE_DEGRADATION,KEGG_LYSINE_DEGRADATION]
[KEGG_RENIN_ANGIOTENSIN_SYSTEM,KEGG_RENIN_ANGIOTENSIN_SYSTEM] was killed by [KEGG_HEMATOPOIETIC_CELL_LINEAGE,KEGG_HEMATOPOIETIC_CELL_LINEAGE]
[KEGG_VASCULAR_SMOOTH_MUSCLE_CONTRACTION,KEGG_VASCULAR_SMOOTH_MUSCLE_CONTRACTION] was killed by [KEGG_SPLICEOSOME,KEGG_SPLICEOSOME]
[KEGG_NITROGEN_METABOLISM,KEGG_NITROGEN_METABOLISM] was killed by [KEGG_GLYCINE_SERINE_AND_THREONINE_METABOLISM,KEGG_GLYCINE_SERINE_AND_THREONINE_METABOLISM]
[KEGG_NATURAL_KILLER_CELL_MEDIATED_CYTOTOXICITY,KEGG_NATURAL_KILLER_CELL_MEDIATED_CYTOTOXICITY] was killed by [KEGG_SPLICEOSOME,KEGG_SPLICEOSOME]
[KEGG_TGF_BETA_SIGNALING_PATHWAY,KEGG_TGF_BETA_SIGNALING_PATHWAY] was killed by [KEGG_SPLICEOSOME,KEGG_SPLICEOSOME]
[KEGG_MELANOMA,KEGG_MELANOMA] was killed by [KEGG_SPLICEOSOME,KEGG_SPLICEOSOME]
[KEGG_TASTE_TRANSDUCTION,KEGG_TASTE_TRANSDUCTION] was killed by [KEGG_SPLICEOSOME,KEGG_SPLICEOSOME]
[KEGG_LONG_TERM_DEPRESSION,KEGG_LONG_TERM_DEPRESSION] was killed by [KEGG_SPLICEOSOME,KEGG_SPLICEOSOME]
[KEGG_EPITHELIAL_CELL_SIGNALING_IN_HELICOBACTER_PYLORI_INFECTION,KEGG_EPITHELIAL_CELL_SIGNALING_IN_HELICOBACTER_PYLORI_INFECTION] was killed by [KEGG_SPLICEOSOME,KEGG_SPLICEOSOME]
[KEGG_TERPENOID_BACKBONE_BIOSYNTHESIS,KEGG_TERPENOID_BACKBONE_BIOSYNTHESIS] was killed by [KEGG_LYSINE_DEGRADATION,KEGG_LYSINE_DEGRADATION]
