[KEGG_CELL_CYCLE,KEGG_CELL_CYCLE] was killed by [KEGG_UBIQUITIN_MEDIATED_PROTEOLYSIS,KEGG_UBIQUITIN_MEDIATED_PROTEOLYSIS]
[KEGG_RNA_DEGRADATION,KEGG_RNA_DEGRADATION] was killed by [KEGG_SPLICEOSOME,KEGG_SPLICEOSOME]
[KEGG_HUNTINGTONS_DISEASE,KEGG_HUNTINGTONS_DISEASE] was killed by [KEGG_SPLICEOSOME,KEGG_SPLICEOSOME]
[KEGG_PARKINSONS_DISEASE,KEGG_PARKINSONS_DISEASE] was killed by [KEGG_ENDOCYTOSIS,KEGG_ENDOCYTOSIS]
[KEGG_ALZHEIMERS_DISEASE,KEGG_ALZHEIMERS_DISEASE] was killed by [KEGG_SPLICEOSOME,KEGG_SPLICEOSOME]
[KEGG_OXIDATIVE_PHOSPHORYLATION,KEGG_OXIDATIVE_PHOSPHORYLATION] was killed by [KEGG_ENDOCYTOSIS,KEGG_ENDOCYTOSIS]
[KEGG_DILATED_CARDIOMYOPATHY,KEGG_DILATED_CARDIOMYOPATHY] was killed by [KEGG_HYPERTROPHIC_CARDIOMYOPATHY_HCM,KEGG_HYPERTROPHIC_CARDIOMYOPATHY_HCM]
[KEGG_VALINE_LEUCINE_AND_ISOLEUCINE_DEGRADATION,KEGG_VALINE_LEUCINE_AND_ISOLEUCINE_DEGRADATION] was killed by [KEGG_ARGININE_AND_PROLINE_METABOLISM,KEGG_ARGININE_AND_PROLINE_METABOLISM]
[KEGG_CALCIUM_SIGNALING_PATHWAY,KEGG_CALCIUM_SIGNALING_PATHWAY] was killed by [KEGG_SPLICEOSOME,KEGG_SPLICEOSOME]
[KEGG_NUCLEOTIDE_EXCISION_REPAIR,KEGG_NUCLEOTIDE_EXCISION_REPAIR] was killed by [KEGG_UBIQUITIN_MEDIATED_PROTEOLYSIS,KEGG_UBIQUITIN_MEDIATED_PROTEOLYSIS]
[KEGG_OOCYTE_MEIOSIS,KEGG_OOCYTE_MEIOSIS] was killed by [KEGG_UBIQUITIN_MEDIATED_PROTEOLYSIS,KEGG_UBIQUITIN_MEDIATED_PROTEOLYSIS]
[KEGG_LYSINE_DEGRADATION,KEGG_LYSINE_DEGRADATION] was killed by [KEGG_CITRATE_CYCLE_TCA_CYCLE,KEGG_CITRATE_CYCLE_TCA_CYCLE]
[KEGG_SYSTEMIC_LUPUS_ERYTHEMATOSUS,KEGG_SYSTEMIC_LUPUS_ERYTHEMATOSUS] was killed by [KEGG_UBIQUITIN_MEDIATED_PROTEOLYSIS,KEGG_UBIQUITIN_MEDIATED_PROTEOLYSIS]
[KEGG_PROGESTERONE_MEDIATED_OOCYTE_MATURATION,KEGG_PROGESTERONE_MEDIATED_OOCYTE_MATURATION] was killed by [KEGG_UBIQUITIN_MEDIATED_PROTEOLYSIS,KEGG_UBIQUITIN_MEDIATED_PROTEOLYSIS]
[KEGG_NEUROTROPHIN_SIGNALING_PATHWAY,KEGG_NEUROTROPHIN_SIGNALING_PATHWAY] was killed by [KEGG_SPLICEOSOME,KEGG_SPLICEOSOME]
[KEGG_PYRIMIDINE_METABOLISM,KEGG_PYRIMIDINE_METABOLISM] was killed by [KEGG_ENDOCYTOSIS,KEGG_ENDOCYTOSIS]
[KEGG_LEISHMANIA_INFECTION,KEGG_LEISHMANIA_INFECTION] was killed by [KEGG_HYPERTROPHIC_CARDIOMYOPATHY_HCM,KEGG_HYPERTROPHIC_CARDIOMYOPATHY_HCM]
[KEGG_ECM_RECEPTOR_INTERACTION,KEGG_ECM_RECEPTOR_INTERACTION] was killed by [KEGG_ENDOCYTOSIS,KEGG_ENDOCYTOSIS]
[KEGG_P53_SIGNALING_PATHWAY,KEGG_P53_SIGNALING_PATHWAY] was killed by [KEGG_CHRONIC_MYELOID_LEUKEMIA,KEGG_CHRONIC_MYELOID_LEUKEMIA]
[KEGG_JAK_STAT_SIGNALING_PATHWAY,KEGG_JAK_STAT_SIGNALING_PATHWAY] was killed by [KEGG_SPLICEOSOME,KEGG_SPLICEOSOME]
[KEGG_COLORECTAL_CANCER,KEGG_COLORECTAL_CANCER] was killed by [KEGG_CHRONIC_MYELOID_LEUKEMIA,KEGG_CHRONIC_MYELOID_LEUKEMIA]
[KEGG_BASE_EXCISION_REPAIR,KEGG_BASE_EXCISION_REPAIR] was killed by [KEGG_DNA_REPLICATION,KEGG_DNA_REPLICATION]
[KEGG_ASCORBATE_AND_ALDARATE_METABOLISM,KEGG_ASCORBATE_AND_ALDARATE_METABOLISM] was killed by [KEGG_STEROID_HORMONE_BIOSYNTHESIS,KEGG_STEROID_HORMONE_BIOSYNTHESIS]
[KEGG_FC_GAMMA_R_MEDIATED_PHAGOCYTOSIS,KEGG_FC_GAMMA_R_MEDIATED_PHAGOCYTOSIS] was killed by [KEGG_ENDOCYTOSIS,KEGG_ENDOCYTOSIS]
[KEGG_TRYPTOPHAN_METABOLISM,KEGG_TRYPTOPHAN_METABOLISM] was killed by [KEGG_ARGININE_AND_PROLINE_METABOLISM,KEGG_ARGININE_AND_PROLINE_METABOLISM]
[KEGG_ALANINE_ASPARTATE_AND_GLUTAMATE_METABOLISM,KEGG_ALANINE_ASPARTATE_AND_GLUTAMATE_METABOLISM] was killed by [KEGG_ARGININE_AND_PROLINE_METABOLISM,KEGG_ARGININE_AND_PROLINE_METABOLISM]
[KEGG_NATURAL_KILLER_CELL_MEDIATED_CYTOTOXICITY,KEGG_NATURAL_KILLER_CELL_MEDIATED_CYTOTOXICITY] was killed by [KEGG_SPLICEOSOME,KEGG_SPLICEOSOME]
[KEGG_HEMATOPOIETIC_CELL_LINEAGE,KEGG_HEMATOPOIETIC_CELL_LINEAGE] was killed by [KEGG_HYPERTROPHIC_CARDIOMYOPATHY_HCM,KEGG_HYPERTROPHIC_CARDIOMYOPATHY_HCM]
[KEGG_FOCAL_ADHESION,KEGG_FOCAL_ADHESION] was killed by [KEGG_SPLICEOSOME,KEGG_SPLICEOSOME]
[KEGG_CELL_ADHESION_MOLECULES_CAMS,KEGG_CELL_ADHESION_MOLECULES_CAMS] was killed by [KEGG_SPLICEOSOME,KEGG_SPLICEOSOME]
[KEGG_LYSOSOME,KEGG_LYSOSOME] was killed by [KEGG_SPLICEOSOME,KEGG_SPLICEOSOME]
[KEGG_WNT_SIGNALING_PATHWAY,KEGG_WNT_SIGNALING_PATHWAY] was killed by [KEGG_SPLICEOSOME,KEGG_SPLICEOSOME]
[KEGG_B_CELL_RECEPTOR_SIGNALING_PATHWAY,KEGG_B_CELL_RECEPTOR_SIGNALING_PATHWAY] was killed by [KEGG_CHRONIC_MYELOID_LEUKEMIA,KEGG_CHRONIC_MYELOID_LEUKEMIA]
[KEGG_STARCH_AND_SUCROSE_METABOLISM,KEGG_STARCH_AND_SUCROSE_METABOLISM] was killed by [KEGG_STEROID_HORMONE_BIOSYNTHESIS,KEGG_STEROID_HORMONE_BIOSYNTHESIS]
[KEGG_ARRHYTHMOGENIC_RIGHT_VENTRICULAR_CARDIOMYOPATHY_ARVC,KEGG_ARRHYTHMOGENIC_RIGHT_VENTRICULAR_CARDIOMYOPATHY_ARVC] was killed by [KEGG_ENDOCYTOSIS,KEGG_ENDOCYTOSIS]
[KEGG_TYROSINE_METABOLISM,KEGG_TYROSINE_METABOLISM] was killed by [KEGG_ARGININE_AND_PROLINE_METABOLISM,KEGG_ARGININE_AND_PROLINE_METABOLISM]
[KEGG_PYRUVATE_METABOLISM,KEGG_PYRUVATE_METABOLISM] was killed by [KEGG_CITRATE_CYCLE_TCA_CYCLE,KEGG_CITRATE_CYCLE_TCA_CYCLE]
[KEGG_DRUG_METABOLISM_CYTOCHROME_P450,KEGG_DRUG_METABOLISM_CYTOCHROME_P450] was killed by [KEGG_ENDOCYTOSIS,KEGG_ENDOCYTOSIS]
[KEGG_ADIPOCYTOKINE_SIGNALING_PATHWAY,KEGG_ADIPOCYTOKINE_SIGNALING_PATHWAY] was killed by [KEGG_ENDOCYTOSIS,KEGG_ENDOCYTOSIS]
[KEGG_MTOR_SIGNALING_PATHWAY,KEGG_MTOR_SIGNALING_PATHWAY] was killed by [KEGG_CHRONIC_MYELOID_LEUKEMIA,KEGG_CHRONIC_MYELOID_LEUKEMIA]
[KEGG_MISMATCH_REPAIR,KEGG_MISMATCH_REPAIR] was killed by [KEGG_DNA_REPLICATION,KEGG_DNA_REPLICATION]
[KEGG_RIG_I_LIKE_RECEPTOR_SIGNALING_PATHWAY,KEGG_RIG_I_LIKE_RECEPTOR_SIGNALING_PATHWAY] was killed by [KEGG_CHRONIC_MYELOID_LEUKEMIA,KEGG_CHRONIC_MYELOID_LEUKEMIA]
[KEGG_PROSTATE_CANCER,KEGG_PROSTATE_CANCER] was killed by [KEGG_SPLICEOSOME,KEGG_SPLICEOSOME]
[KEGG_PURINE_METABOLISM,KEGG_PURINE_METABOLISM] was killed by [KEGG_SPLICEOSOME,KEGG_SPLICEOSOME]
[KEGG_METABOLISM_OF_XENOBIOTICS_BY_CYTOCHROME_P450,KEGG_METABOLISM_OF_XENOBIOTICS_BY_CYTOCHROME_P450] was killed by [KEGG_ENDOCYTOSIS,KEGG_ENDOCYTOSIS]
[KEGG_GLYCOSPHINGOLIPID_BIOSYNTHESIS_GLOBO_SERIES,KEGG_GLYCOSPHINGOLIPID_BIOSYNTHESIS_GLOBO_SERIES] was killed by [KEGG_AMINO_SUGAR_AND_NUCLEOTIDE_SUGAR_METABOLISM,KEGG_AMINO_SUGAR_AND_NUCLEOTIDE_SUGAR_METABOLISM]
[KEGG_PENTOSE_AND_GLUCURONATE_INTERCONVERSIONS,KEGG_PENTOSE_AND_GLUCURONATE_INTERCONVERSIONS] was killed by [KEGG_STEROID_HORMONE_BIOSYNTHESIS,KEGG_STEROID_HORMONE_BIOSYNTHESIS]
[KEGG_ADHERENS_JUNCTION,KEGG_ADHERENS_JUNCTION] was killed by [KEGG_CHRONIC_MYELOID_LEUKEMIA,KEGG_CHRONIC_MYELOID_LEUKEMIA]
[KEGG_BUTANOATE_METABOLISM,KEGG_BUTANOATE_METABOLISM] was killed by [KEGG_CITRATE_CYCLE_TCA_CYCLE,KEGG_CITRATE_CYCLE_TCA_CYCLE]
[KEGG_ACUTE_MYELOID_LEUKEMIA,KEGG_ACUTE_MYELOID_LEUKEMIA] was killed by [KEGG_CHRONIC_MYELOID_LEUKEMIA,KEGG_CHRONIC_MYELOID_LEUKEMIA]
[KEGG_DRUG_METABOLISM_OTHER_ENZYMES,KEGG_DRUG_METABOLISM_OTHER_ENZYMES] was killed by [KEGG_STEROID_HORMONE_BIOSYNTHESIS,KEGG_STEROID_HORMONE_BIOSYNTHESIS]
[KEGG_INSULIN_SIGNALING_PATHWAY,KEGG_INSULIN_SIGNALING_PATHWAY] was killed by [KEGG_SPLICEOSOME,KEGG_SPLICEOSOME]
[KEGG_RENAL_CELL_CARCINOMA,KEGG_RENAL_CELL_CARCINOMA] was killed by [KEGG_CHRONIC_MYELOID_LEUKEMIA,KEGG_CHRONIC_MYELOID_LEUKEMIA]
[KEGG_BLADDER_CANCER,KEGG_BLADDER_CANCER] was killed by [KEGG_ENDOCYTOSIS,KEGG_ENDOCYTOSIS]
[KEGG_LEUKOCYTE_TRANSENDOTHELIAL_MIGRATION,KEGG_LEUKOCYTE_TRANSENDOTHELIAL_MIGRATION] was killed by [KEGG_SPLICEOSOME,KEGG_SPLICEOSOME]
[KEGG_GAP_JUNCTION,KEGG_GAP_JUNCTION] was killed by [KEGG_SPLICEOSOME,KEGG_SPLICEOSOME]
[KEGG_SULFUR_METABOLISM,KEGG_SULFUR_METABOLISM] was killed by [KEGG_STEROID_HORMONE_BIOSYNTHESIS,KEGG_STEROID_HORMONE_BIOSYNTHESIS]
[KEGG_HOMOLOGOUS_RECOMBINATION,KEGG_HOMOLOGOUS_RECOMBINATION] was killed by [KEGG_DNA_REPLICATION,KEGG_DNA_REPLICATION]
[KEGG_AUTOIMMUNE_THYROID_DISEASE,KEGG_AUTOIMMUNE_THYROID_DISEASE] was killed by [KEGG_ENDOCYTOSIS,KEGG_ENDOCYTOSIS]
[KEGG_PPAR_SIGNALING_PATHWAY,KEGG_PPAR_SIGNALING_PATHWAY] was killed by [KEGG_UBIQUITIN_MEDIATED_PROTEOLYSIS,KEGG_UBIQUITIN_MEDIATED_PROTEOLYSIS]
[KEGG_FATTY_ACID_METABOLISM,KEGG_FATTY_ACID_METABOLISM] was killed by [KEGG_PEROXISOME,KEGG_PEROXISOME]
[KEGG_PROXIMAL_TUBULE_BICARBONATE_RECLAMATION,KEGG_PROXIMAL_TUBULE_BICARBONATE_RECLAMATION] was killed by [KEGG_CITRATE_CYCLE_TCA_CYCLE,KEGG_CITRATE_CYCLE_TCA_CYCLE]
[KEGG_ALPHA_LINOLENIC_ACID_METABOLISM,KEGG_ALPHA_LINOLENIC_ACID_METABOLISM] was killed by [KEGG_PEROXISOME,KEGG_PEROXISOME]
[KEGG_BIOSYNTHESIS_OF_UNSATURATED_FATTY_ACIDS,KEGG_BIOSYNTHESIS_OF_UNSATURATED_FATTY_ACIDS] was killed by [KEGG_PEROXISOME,KEGG_PEROXISOME]
[KEGG_TOLL_LIKE_RECEPTOR_SIGNALING_PATHWAY,KEGG_TOLL_LIKE_RECEPTOR_SIGNALING_PATHWAY] was killed by [KEGG_SPLICEOSOME,KEGG_SPLICEOSOME]
[KEGG_HEDGEHOG_SIGNALING_PATHWAY,KEGG_HEDGEHOG_SIGNALING_PATHWAY] was killed by [KEGG_ENDOCYTOSIS,KEGG_ENDOCYTOSIS]
[KEGG_APOPTOSIS,KEGG_APOPTOSIS] was killed by [KEGG_SPLICEOSOME,KEGG_SPLICEOSOME]
[KEGG_CHEMOKINE_SIGNALING_PATHWAY,KEGG_CHEMOKINE_SIGNALING_PATHWAY] was killed by [KEGG_SPLICEOSOME,KEGG_SPLICEOSOME]
[KEGG_TERPENOID_BACKBONE_BIOSYNTHESIS,KEGG_TERPENOID_BACKBONE_BIOSYNTHESIS] was killed by [KEGG_PEROXISOME,KEGG_PEROXISOME]
[KEGG_INTESTINAL_IMMUNE_NETWORK_FOR_IGA_PRODUCTION,KEGG_INTESTINAL_IMMUNE_NETWORK_FOR_IGA_PRODUCTION] was killed by [KEGG_HYPERTROPHIC_CARDIOMYOPATHY_HCM,KEGG_HYPERTROPHIC_CARDIOMYOPATHY_HCM]
[KEGG_CYSTEINE_AND_METHIONINE_METABOLISM,KEGG_CYSTEINE_AND_METHIONINE_METABOLISM] was killed by [KEGG_ARGININE_AND_PROLINE_METABOLISM,KEGG_ARGININE_AND_PROLINE_METABOLISM]
[KEGG_BASAL_CELL_CARCINOMA,KEGG_BASAL_CELL_CARCINOMA] was killed by [KEGG_ENDOCYTOSIS,KEGG_ENDOCYTOSIS]
[KEGG_PHOSPHATIDYLINOSITOL_SIGNALING_SYSTEM,KEGG_PHOSPHATIDYLINOSITOL_SIGNALING_SYSTEM] was killed by [KEGG_SPLICEOSOME,KEGG_SPLICEOSOME]
[KEGG_TYPE_II_DIABETES_MELLITUS,KEGG_TYPE_II_DIABETES_MELLITUS] was killed by [KEGG_AMINO_SUGAR_AND_NUCLEOTIDE_SUGAR_METABOLISM,KEGG_AMINO_SUGAR_AND_NUCLEOTIDE_SUGAR_METABOLISM]
[KEGG_PANCREATIC_CANCER,KEGG_PANCREATIC_CANCER] was killed by [KEGG_SPLICEOSOME,KEGG_SPLICEOSOME]
[KEGG_NON_SMALL_CELL_LUNG_CANCER,KEGG_NON_SMALL_CELL_LUNG_CANCER] was killed by [KEGG_CHRONIC_MYELOID_LEUKEMIA,KEGG_CHRONIC_MYELOID_LEUKEMIA]
[KEGG_LINOLEIC_ACID_METABOLISM,KEGG_LINOLEIC_ACID_METABOLISM] was killed by [KEGG_STEROID_HORMONE_BIOSYNTHESIS,KEGG_STEROID_HORMONE_BIOSYNTHESIS]
[KEGG_LONG_TERM_POTENTIATION,KEGG_LONG_TERM_POTENTIATION] was killed by [KEGG_SPLICEOSOME,KEGG_SPLICEOSOME]
[KEGG_CYTOSOLIC_DNA_SENSING_PATHWAY,KEGG_CYTOSOLIC_DNA_SENSING_PATHWAY] was killed by [KEGG_ENDOCYTOSIS,KEGG_ENDOCYTOSIS]
[KEGG_VALINE_LEUCINE_AND_ISOLEUCINE_BIOSYNTHESIS,KEGG_VALINE_LEUCINE_AND_ISOLEUCINE_BIOSYNTHESIS] was killed by [KEGG_AMINOACYL_TRNA_BIOSYNTHESIS,KEGG_AMINOACYL_TRNA_BIOSYNTHESIS]
[KEGG_PROPANOATE_METABOLISM,KEGG_PROPANOATE_METABOLISM] was killed by [KEGG_CITRATE_CYCLE_TCA_CYCLE,KEGG_CITRATE_CYCLE_TCA_CYCLE]
[KEGG_ARACHIDONIC_ACID_METABOLISM,KEGG_ARACHIDONIC_ACID_METABOLISM] was killed by [KEGG_SPLICEOSOME,KEGG_SPLICEOSOME]
[KEGG_VIBRIO_CHOLERAE_INFECTION,KEGG_VIBRIO_CHOLERAE_INFECTION] was killed by [KEGG_ENDOCYTOSIS,KEGG_ENDOCYTOSIS]
[KEGG_INOSITOL_PHOSPHATE_METABOLISM,KEGG_INOSITOL_PHOSPHATE_METABOLISM] was killed by [KEGG_CHRONIC_MYELOID_LEUKEMIA,KEGG_CHRONIC_MYELOID_LEUKEMIA]
[KEGG_GLYCOSPHINGOLIPID_BIOSYNTHESIS_GANGLIO_SERIES,KEGG_GLYCOSPHINGOLIPID_BIOSYNTHESIS_GANGLIO_SERIES] was killed by [KEGG_AMINO_SUGAR_AND_NUCLEOTIDE_SUGAR_METABOLISM,KEGG_AMINO_SUGAR_AND_NUCLEOTIDE_SUGAR_METABOLISM]
[KEGG_DORSO_VENTRAL_AXIS_FORMATION,KEGG_DORSO_VENTRAL_AXIS_FORMATION] was killed by [KEGG_CHRONIC_MYELOID_LEUKEMIA,KEGG_CHRONIC_MYELOID_LEUKEMIA]
[KEGG_EPITHELIAL_CELL_SIGNALING_IN_HELICOBACTER_PYLORI_INFECTION,KEGG_EPITHELIAL_CELL_SIGNALING_IN_HELICOBACTER_PYLORI_INFECTION] was killed by [KEGG_SPLICEOSOME,KEGG_SPLICEOSOME]
[KEGG_PHENYLALANINE_METABOLISM,KEGG_PHENYLALANINE_METABOLISM] was killed by [KEGG_ARGININE_AND_PROLINE_METABOLISM,KEGG_ARGININE_AND_PROLINE_METABOLISM]
[KEGG_PORPHYRIN_AND_CHLOROPHYLL_METABOLISM,KEGG_PORPHYRIN_AND_CHLOROPHYLL_METABOLISM] was killed by [KEGG_ENDOCYTOSIS,KEGG_ENDOCYTOSIS]
[KEGG_PRIMARY_BILE_ACID_BIOSYNTHESIS,KEGG_PRIMARY_BILE_ACID_BIOSYNTHESIS] was killed by [KEGG_PEROXISOME,KEGG_PEROXISOME]
[KEGG_ANTIGEN_PROCESSING_AND_PRESENTATION,KEGG_ANTIGEN_PROCESSING_AND_PRESENTATION] was killed by [KEGG_SPLICEOSOME,KEGG_SPLICEOSOME]
[KEGG_GLIOMA,KEGG_GLIOMA] was killed by [KEGG_SPLICEOSOME,KEGG_SPLICEOSOME]
[KEGG_RETINOL_METABOLISM,KEGG_RETINOL_METABOLISM] was killed by [KEGG_SPLICEOSOME,KEGG_SPLICEOSOME]
[KEGG_CARDIAC_MUSCLE_CONTRACTION,KEGG_CARDIAC_MUSCLE_CONTRACTION] was killed by [KEGG_SPLICEOSOME,KEGG_SPLICEOSOME]
[KEGG_GLYCINE_SERINE_AND_THREONINE_METABOLISM,KEGG_GLYCINE_SERINE_AND_THREONINE_METABOLISM] was killed by [KEGG_PEROXISOME,KEGG_PEROXISOME]
[KEGG_MELANOGENESIS,KEGG_MELANOGENESIS] was killed by [KEGG_SPLICEOSOME,KEGG_SPLICEOSOME]
[KEGG_PRION_DISEASES,KEGG_PRION_DISEASES] was killed by [KEGG_COMPLEMENT_AND_COAGULATION_CASCADES,KEGG_COMPLEMENT_AND_COAGULATION_CASCADES]
[KEGG_SMALL_CELL_LUNG_CANCER,KEGG_SMALL_CELL_LUNG_CANCER] was killed by [KEGG_SPLICEOSOME,KEGG_SPLICEOSOME]
[KEGG_GLYOXYLATE_AND_DICARBOXYLATE_METABOLISM,KEGG_GLYOXYLATE_AND_DICARBOXYLATE_METABOLISM] was killed by [KEGG_PEROXISOME,KEGG_PEROXISOME]
[KEGG_TGF_BETA_SIGNALING_PATHWAY,KEGG_TGF_BETA_SIGNALING_PATHWAY] was killed by [KEGG_SPLICEOSOME,KEGG_SPLICEOSOME]
[KEGG_GALACTOSE_METABOLISM,KEGG_GALACTOSE_METABOLISM] was killed by [KEGG_AMINO_SUGAR_AND_NUCLEOTIDE_SUGAR_METABOLISM,KEGG_AMINO_SUGAR_AND_NUCLEOTIDE_SUGAR_METABOLISM]
