[REACTOME_CREATION_OF_C4_AND_C2_ACTIVATORS,REACTOME_CREATION_OF_C4_AND_C2_ACTIVATORS] was killed by [REACTOME_SCAVENGING_OF_HEME_FROM_PLASMA,REACTOME_SCAVENGING_OF_HEME_FROM_PLASMA]
[REACTOME_INITIAL_TRIGGERING_OF_COMPLEMENT,REACTOME_INITIAL_TRIGGERING_OF_COMPLEMENT] was killed by [REACTOME_SCAVENGING_OF_HEME_FROM_PLASMA,REACTOME_SCAVENGING_OF_HEME_FROM_PLASMA]
[REACTOME_CD22_MEDIATED_BCR_REGULATION,REACTOME_CD22_MEDIATED_BCR_REGULATION] was killed by [REACTOME_SCAVENGING_OF_HEME_FROM_PLASMA,REACTOME_SCAVENGING_OF_HEME_FROM_PLASMA]
[REACTOME_FCGR_ACTIVATION,REACTOME_FCGR_ACTIVATION] was killed by [REACTOME_SCAVENGING_OF_HEME_FROM_PLASMA,REACTOME_SCAVENGING_OF_HEME_FROM_PLASMA]
[REACTOME_BINDING_AND_UPTAKE_OF_LIGANDS_BY_SCAVENGER_RECEPTORS,REACTOME_BINDING_AND_UPTAKE_OF_LIGANDS_BY_SCAVENGER_RECEPTORS] was killed by [REACTOME_SCAVENGING_OF_HEME_FROM_PLASMA,REACTOME_SCAVENGING_OF_HEME_FROM_PLASMA]
[REACTOME_ROLE_OF_LAT2_NTAL_LAB_ON_CALCIUM_MOBILIZATION,REACTOME_ROLE_OF_LAT2_NTAL_LAB_ON_CALCIUM_MOBILIZATION] was killed by [REACTOME_SCAVENGING_OF_HEME_FROM_PLASMA,REACTOME_SCAVENGING_OF_HEME_FROM_PLASMA]
[REACTOME_COMPLEMENT_CASCADE,REACTOME_COMPLEMENT_CASCADE] was killed by [REACTOME_SCAVENGING_OF_HEME_FROM_PLASMA,REACTOME_SCAVENGING_OF_HEME_FROM_PLASMA]
[REACTOME_FCERI_MEDIATED_MAPK_ACTIVATION,REACTOME_FCERI_MEDIATED_MAPK_ACTIVATION] was killed by [REACTOME_SCAVENGING_OF_HEME_FROM_PLASMA,REACTOME_SCAVENGING_OF_HEME_FROM_PLASMA]
[REACTOME_ANTIGEN_ACTIVATES_B_CELL_RECEPTOR_BCR_LEADING_TO_GENERATION_OF_SECOND_MESSENGERS,REACTOME_ANTIGEN_ACTIVATES_B_CELL_RECEPTOR_BCR_LEADING_TO_GENERATION_OF_SECOND_MESSENGERS] was killed by [REACTOME_SCAVENGING_OF_HEME_FROM_PLASMA,REACTOME_SCAVENGING_OF_HEME_FROM_PLASMA]
[REACTOME_INFLUENZA_INFECTION,REACTOME_INFLUENZA_INFECTION] was killed by [REACTOME_MRNA_SPLICING,REACTOME_MRNA_SPLICING]
[REACTOME_FCERI_MEDIATED_CA_2_MOBILIZATION,REACTOME_FCERI_MEDIATED_CA_2_MOBILIZATION] was killed by [REACTOME_SCAVENGING_OF_HEME_FROM_PLASMA,REACTOME_SCAVENGING_OF_HEME_FROM_PLASMA]
[REACTOME_ROLE_OF_PHOSPHOLIPIDS_IN_PHAGOCYTOSIS,REACTOME_ROLE_OF_PHOSPHOLIPIDS_IN_PHAGOCYTOSIS] was killed by [REACTOME_SCAVENGING_OF_HEME_FROM_PLASMA,REACTOME_SCAVENGING_OF_HEME_FROM_PLASMA]
[REACTOME_RESPIRATORY_ELECTRON_TRANSPORT_ATP_SYNTHESIS_BY_CHEMIOSMOTIC_COUPLING_AND_HEAT_PRODUCTION_BY_UNCOUPLING_PROTEINS,REACTOME_RESPIRATORY_ELECTRON_TRANSPORT_ATP_SYNTHESIS_BY_CHEMIOSMOTIC_COUPLING_AND_HEAT_PRODUCTION_BY_UNCOUPLING_PROTEINS] was killed by [REACTOME_THE_CITRIC_ACID_TCA_CYCLE_AND_RESPIRATORY_ELECTRON_TRANSPORT,REACTOME_THE_CITRIC_ACID_TCA_CYCLE_AND_RESPIRATORY_ELECTRON_TRANSPORT]
[REACTOME_DEFENSINS,REACTOME_DEFENSINS] was killed by [REACTOME_ANTIMICROBIAL_PEPTIDES,REACTOME_ANTIMICROBIAL_PEPTIDES]
[REACTOME_CELLULAR_RESPONSE_TO_STARVATION,REACTOME_CELLULAR_RESPONSE_TO_STARVATION] was killed by [REACTOME_EUKARYOTIC_TRANSLATION_INITIATION,REACTOME_EUKARYOTIC_TRANSLATION_INITIATION]
[REACTOME_RESPIRATORY_ELECTRON_TRANSPORT,REACTOME_RESPIRATORY_ELECTRON_TRANSPORT] was killed by [REACTOME_THE_CITRIC_ACID_TCA_CYCLE_AND_RESPIRATORY_ELECTRON_TRANSPORT,REACTOME_THE_CITRIC_ACID_TCA_CYCLE_AND_RESPIRATORY_ELECTRON_TRANSPORT]
[REACTOME_FCGR3A_MEDIATED_IL10_SYNTHESIS,REACTOME_FCGR3A_MEDIATED_IL10_SYNTHESIS] was killed by [REACTOME_SCAVENGING_OF_HEME_FROM_PLASMA,REACTOME_SCAVENGING_OF_HEME_FROM_PLASMA]
[REACTOME_PARASITE_INFECTION,REACTOME_PARASITE_INFECTION] was killed by [REACTOME_SCAVENGING_OF_HEME_FROM_PLASMA,REACTOME_SCAVENGING_OF_HEME_FROM_PLASMA]
[REACTOME_BETA_DEFENSINS,REACTOME_BETA_DEFENSINS] was killed by [REACTOME_ANTIMICROBIAL_PEPTIDES,REACTOME_ANTIMICROBIAL_PEPTIDES]
[REACTOME_DNA_REPLICATION,REACTOME_DNA_REPLICATION] was killed by [REACTOME_S_PHASE,REACTOME_S_PHASE]
[REACTOME_NUCLEOTIDE_EXCISION_REPAIR,REACTOME_NUCLEOTIDE_EXCISION_REPAIR] was killed by [REACTOME_MRNA_SPLICING,REACTOME_MRNA_SPLICING]
[REACTOME_FCERI_MEDIATED_NF_KB_ACTIVATION,REACTOME_FCERI_MEDIATED_NF_KB_ACTIVATION] was killed by [REACTOME_SCAVENGING_OF_HEME_FROM_PLASMA,REACTOME_SCAVENGING_OF_HEME_FROM_PLASMA]
[REACTOME_MITOTIC_SPINDLE_CHECKPOINT,REACTOME_MITOTIC_SPINDLE_CHECKPOINT] was killed by [REACTOME_TRNA_PROCESSING,REACTOME_TRNA_PROCESSING]
[REACTOME_IMMUNOREGULATORY_INTERACTIONS_BETWEEN_A_LYMPHOID_AND_A_NON_LYMPHOID_CELL,REACTOME_IMMUNOREGULATORY_INTERACTIONS_BETWEEN_A_LYMPHOID_AND_A_NON_LYMPHOID_CELL] was killed by [REACTOME_SCAVENGING_OF_HEME_FROM_PLASMA,REACTOME_SCAVENGING_OF_HEME_FROM_PLASMA]
[REACTOME_TRANSCRIPTIONAL_REGULATION_BY_SMALL_RNAS,REACTOME_TRANSCRIPTIONAL_REGULATION_BY_SMALL_RNAS] was killed by [REACTOME_MRNA_SPLICING,REACTOME_MRNA_SPLICING]
[REACTOME_ACTIVATION_OF_THE_MRNA_UPON_BINDING_OF_THE_CAP_BINDING_COMPLEX_AND_EIFS_AND_SUBSEQUENT_BINDING_TO_43S,REACTOME_ACTIVATION_OF_THE_MRNA_UPON_BINDING_OF_THE_CAP_BINDING_COMPLEX_AND_EIFS_AND_SUBSEQUENT_BINDING_TO_43S] was killed by [REACTOME_EUKARYOTIC_TRANSLATION_INITIATION,REACTOME_EUKARYOTIC_TRANSLATION_INITIATION]
[REACTOME_MITOCHONDRIAL_PROTEIN_IMPORT,REACTOME_MITOCHONDRIAL_PROTEIN_IMPORT] was killed by [REACTOME_THE_CITRIC_ACID_TCA_CYCLE_AND_RESPIRATORY_ELECTRON_TRANSPORT,REACTOME_THE_CITRIC_ACID_TCA_CYCLE_AND_RESPIRATORY_ELECTRON_TRANSPORT]
[REACTOME_MITOTIC_G1_PHASE_AND_G1_S_TRANSITION,REACTOME_MITOTIC_G1_PHASE_AND_G1_S_TRANSITION] was killed by [REACTOME_S_PHASE,REACTOME_S_PHASE]
[REACTOME_CELL_SURFACE_INTERACTIONS_AT_THE_VASCULAR_WALL,REACTOME_CELL_SURFACE_INTERACTIONS_AT_THE_VASCULAR_WALL] was killed by [REACTOME_SCAVENGING_OF_HEME_FROM_PLASMA,REACTOME_SCAVENGING_OF_HEME_FROM_PLASMA]
[REACTOME_SRP_DEPENDENT_COTRANSLATIONAL_PROTEIN_TARGETING_TO_MEMBRANE,REACTOME_SRP_DEPENDENT_COTRANSLATIONAL_PROTEIN_TARGETING_TO_MEMBRANE] was killed by [REACTOME_EUKARYOTIC_TRANSLATION_INITIATION,REACTOME_EUKARYOTIC_TRANSLATION_INITIATION]
[REACTOME_MITOTIC_G2_G2_M_PHASES,REACTOME_MITOTIC_G2_G2_M_PHASES] was killed by [REACTOME_S_PHASE,REACTOME_S_PHASE]
[REACTOME_EUKARYOTIC_TRANSLATION_ELONGATION,REACTOME_EUKARYOTIC_TRANSLATION_ELONGATION] was killed by [REACTOME_EUKARYOTIC_TRANSLATION_INITIATION,REACTOME_EUKARYOTIC_TRANSLATION_INITIATION]
[REACTOME_HIV_LIFE_CYCLE,REACTOME_HIV_LIFE_CYCLE] was killed by [REACTOME_MRNA_SPLICING,REACTOME_MRNA_SPLICING]
[REACTOME_SEPARATION_OF_SISTER_CHROMATIDS,REACTOME_SEPARATION_OF_SISTER_CHROMATIDS] was killed by [REACTOME_TRNA_PROCESSING,REACTOME_TRNA_PROCESSING]
[REACTOME_RESPONSE_OF_EIF2AK4_GCN2_TO_AMINO_ACID_DEFICIENCY,REACTOME_RESPONSE_OF_EIF2AK4_GCN2_TO_AMINO_ACID_DEFICIENCY] was killed by [REACTOME_EUKARYOTIC_TRANSLATION_INITIATION,REACTOME_EUKARYOTIC_TRANSLATION_INITIATION]
[REACTOME_HCMV_LATE_EVENTS,REACTOME_HCMV_LATE_EVENTS] was killed by [REACTOME_TRNA_PROCESSING,REACTOME_TRNA_PROCESSING]
[REACTOME_REGULATION_OF_TP53_ACTIVITY,REACTOME_REGULATION_OF_TP53_ACTIVITY] was killed by [REACTOME_S_PHASE,REACTOME_S_PHASE]
[REACTOME_NONSENSE_MEDIATED_DECAY_NMD,REACTOME_NONSENSE_MEDIATED_DECAY_NMD] was killed by [REACTOME_MRNA_SPLICING,REACTOME_MRNA_SPLICING]
[REACTOME_TRNA_PROCESSING_IN_THE_NUCLEUS,REACTOME_TRNA_PROCESSING_IN_THE_NUCLEUS] was killed by [REACTOME_TRNA_PROCESSING,REACTOME_TRNA_PROCESSING]
[REACTOME_SELENOAMINO_ACID_METABOLISM,REACTOME_SELENOAMINO_ACID_METABOLISM] was killed by [REACTOME_EUKARYOTIC_TRANSLATION_INITIATION,REACTOME_EUKARYOTIC_TRANSLATION_INITIATION]
[REACTOME_REGULATION_OF_EXPRESSION_OF_SLITS_AND_ROBOS,REACTOME_REGULATION_OF_EXPRESSION_OF_SLITS_AND_ROBOS] was killed by [REACTOME_EUKARYOTIC_TRANSLATION_INITIATION,REACTOME_EUKARYOTIC_TRANSLATION_INITIATION]
[REACTOME_PTEN_REGULATION,REACTOME_PTEN_REGULATION] was killed by [REACTOME_S_PHASE,REACTOME_S_PHASE]
[REACTOME_HCMV_EARLY_EVENTS,REACTOME_HCMV_EARLY_EVENTS] was killed by [REACTOME_TRNA_PROCESSING,REACTOME_TRNA_PROCESSING]
[REACTOME_SNRNP_ASSEMBLY,REACTOME_SNRNP_ASSEMBLY] was killed by [REACTOME_MRNA_SPLICING,REACTOME_MRNA_SPLICING]
[REACTOME_FCGAMMA_RECEPTOR_FCGR_DEPENDENT_PHAGOCYTOSIS,REACTOME_FCGAMMA_RECEPTOR_FCGR_DEPENDENT_PHAGOCYTOSIS] was killed by [REACTOME_SCAVENGING_OF_HEME_FROM_PLASMA,REACTOME_SCAVENGING_OF_HEME_FROM_PLASMA]
[REACTOME_SUMOYLATION_OF_UBIQUITINYLATION_PROTEINS,REACTOME_SUMOYLATION_OF_UBIQUITINYLATION_PROTEINS] was killed by [REACTOME_TRNA_PROCESSING,REACTOME_TRNA_PROCESSING]
[REACTOME_GLOBAL_GENOME_NUCLEOTIDE_EXCISION_REPAIR_GG_NER,REACTOME_GLOBAL_GENOME_NUCLEOTIDE_EXCISION_REPAIR_GG_NER] was killed by [REACTOME_S_PHASE,REACTOME_S_PHASE]
[REACTOME_HOST_INTERACTIONS_OF_HIV_FACTORS,REACTOME_HOST_INTERACTIONS_OF_HIV_FACTORS] was killed by [REACTOME_TRNA_PROCESSING,REACTOME_TRNA_PROCESSING]
[REACTOME_SIGNALING_BY_THE_B_CELL_RECEPTOR_BCR,REACTOME_SIGNALING_BY_THE_B_CELL_RECEPTOR_BCR] was killed by [REACTOME_SCAVENGING_OF_HEME_FROM_PLASMA,REACTOME_SCAVENGING_OF_HEME_FROM_PLASMA]
[REACTOME_TRANSPORT_OF_MATURE_TRANSCRIPT_TO_CYTOPLASM,REACTOME_TRANSPORT_OF_MATURE_TRANSCRIPT_TO_CYTOPLASM] was killed by [REACTOME_MRNA_SPLICING,REACTOME_MRNA_SPLICING]
[REACTOME_HCMV_INFECTION,REACTOME_HCMV_INFECTION] was killed by [REACTOME_TRNA_PROCESSING,REACTOME_TRNA_PROCESSING]
[REACTOME_RNA_POLYMERASE_I_PROMOTER_ESCAPE,REACTOME_RNA_POLYMERASE_I_PROMOTER_ESCAPE] was killed by [REACTOME_SIRT1_NEGATIVELY_REGULATES_RRNA_EXPRESSION,REACTOME_SIRT1_NEGATIVELY_REGULATES_RRNA_EXPRESSION]
[REACTOME_TRNA_MODIFICATION_IN_THE_NUCLEUS_AND_CYTOSOL,REACTOME_TRNA_MODIFICATION_IN_THE_NUCLEUS_AND_CYTOSOL] was killed by [REACTOME_TRNA_PROCESSING,REACTOME_TRNA_PROCESSING]
[REACTOME_SUMOYLATION_OF_DNA_DAMAGE_RESPONSE_AND_REPAIR_PROTEINS,REACTOME_SUMOYLATION_OF_DNA_DAMAGE_RESPONSE_AND_REPAIR_PROTEINS] was killed by [REACTOME_TRNA_PROCESSING,REACTOME_TRNA_PROCESSING]
[REACTOME_G2_M_CHECKPOINTS,REACTOME_G2_M_CHECKPOINTS] was killed by [REACTOME_S_PHASE,REACTOME_S_PHASE]
[REACTOME_B_WICH_COMPLEX_POSITIVELY_REGULATES_RRNA_EXPRESSION,REACTOME_B_WICH_COMPLEX_POSITIVELY_REGULATES_RRNA_EXPRESSION] was killed by [REACTOME_SIRT1_NEGATIVELY_REGULATES_RRNA_EXPRESSION,REACTOME_SIRT1_NEGATIVELY_REGULATES_RRNA_EXPRESSION]
[REACTOME_TRANSPORT_OF_MATURE_MRNAS_DERIVED_FROM_INTRONLESS_TRANSCRIPTS,REACTOME_TRANSPORT_OF_MATURE_MRNAS_DERIVED_FROM_INTRONLESS_TRANSCRIPTS] was killed by [REACTOME_MRNA_SPLICING,REACTOME_MRNA_SPLICING]
[REACTOME_SWITCHING_OF_ORIGINS_TO_A_POST_REPLICATIVE_STATE,REACTOME_SWITCHING_OF_ORIGINS_TO_A_POST_REPLICATIVE_STATE] was killed by [REACTOME_S_PHASE,REACTOME_S_PHASE]
[REACTOME_TRANSCRIPTION_COUPLED_NUCLEOTIDE_EXCISION_REPAIR_TC_NER,REACTOME_TRANSCRIPTION_COUPLED_NUCLEOTIDE_EXCISION_REPAIR_TC_NER] was killed by [REACTOME_MRNA_SPLICING,REACTOME_MRNA_SPLICING]
[REACTOME_FC_EPSILON_RECEPTOR_FCERI_SIGNALING,REACTOME_FC_EPSILON_RECEPTOR_FCERI_SIGNALING] was killed by [REACTOME_SCAVENGING_OF_HEME_FROM_PLASMA,REACTOME_SCAVENGING_OF_HEME_FROM_PLASMA]
[REACTOME_REGULATION_OF_MRNA_STABILITY_BY_PROTEINS_THAT_BIND_AU_RICH_ELEMENTS,REACTOME_REGULATION_OF_MRNA_STABILITY_BY_PROTEINS_THAT_BIND_AU_RICH_ELEMENTS] was killed by [REACTOME_S_PHASE,REACTOME_S_PHASE]
[REACTOME_RUNX1_REGULATES_GENES_INVOLVED_IN_MEGAKARYOCYTE_DIFFERENTIATION_AND_PLATELET_FUNCTION,REACTOME_RUNX1_REGULATES_GENES_INVOLVED_IN_MEGAKARYOCYTE_DIFFERENTIATION_AND_PLATELET_FUNCTION] was killed by [REACTOME_SIRT1_NEGATIVELY_REGULATES_RRNA_EXPRESSION,REACTOME_SIRT1_NEGATIVELY_REGULATES_RRNA_EXPRESSION]
[REACTOME_MRNA_SPLICING_MINOR_PATHWAY,REACTOME_MRNA_SPLICING_MINOR_PATHWAY] was killed by [REACTOME_MRNA_SPLICING,REACTOME_MRNA_SPLICING]
[REACTOME_VIRAL_MESSENGER_RNA_SYNTHESIS,REACTOME_VIRAL_MESSENGER_RNA_SYNTHESIS] was killed by [REACTOME_MRNA_SPLICING,REACTOME_MRNA_SPLICING]
[REACTOME_COMPLEX_I_BIOGENESIS,REACTOME_COMPLEX_I_BIOGENESIS] was killed by [REACTOME_THE_CITRIC_ACID_TCA_CYCLE_AND_RESPIRATORY_ELECTRON_TRANSPORT,REACTOME_THE_CITRIC_ACID_TCA_CYCLE_AND_RESPIRATORY_ELECTRON_TRANSPORT]
[REACTOME_UCH_PROTEINASES,REACTOME_UCH_PROTEINASES] was killed by [REACTOME_S_PHASE,REACTOME_S_PHASE]
[REACTOME_REGULATION_OF_PLK1_ACTIVITY_AT_G2_M_TRANSITION,REACTOME_REGULATION_OF_PLK1_ACTIVITY_AT_G2_M_TRANSITION] was killed by [REACTOME_ANCHORING_OF_THE_BASAL_BODY_TO_THE_PLASMA_MEMBRANE,REACTOME_ANCHORING_OF_THE_BASAL_BODY_TO_THE_PLASMA_MEMBRANE]
[REACTOME_TRANSCRIPTIONAL_REGULATION_OF_GRANULOPOIESIS,REACTOME_TRANSCRIPTIONAL_REGULATION_OF_GRANULOPOIESIS] was killed by [REACTOME_S_PHASE,REACTOME_S_PHASE]
[REACTOME_FORMATION_OF_THE_BETA_CATENIN_TCF_TRANSACTIVATING_COMPLEX,REACTOME_FORMATION_OF_THE_BETA_CATENIN_TCF_TRANSACTIVATING_COMPLEX] was killed by [REACTOME_SIRT1_NEGATIVELY_REGULATES_RRNA_EXPRESSION,REACTOME_SIRT1_NEGATIVELY_REGULATES_RRNA_EXPRESSION]
[REACTOME_RUNX1_REGULATES_TRANSCRIPTION_OF_GENES_INVOLVED_IN_DIFFERENTIATION_OF_HSCS,REACTOME_RUNX1_REGULATES_TRANSCRIPTION_OF_GENES_INVOLVED_IN_DIFFERENTIATION_OF_HSCS] was killed by [REACTOME_S_PHASE,REACTOME_S_PHASE]
[REACTOME_APC_C_MEDIATED_DEGRADATION_OF_CELL_CYCLE_PROTEINS,REACTOME_APC_C_MEDIATED_DEGRADATION_OF_CELL_CYCLE_PROTEINS] was killed by [REACTOME_S_PHASE,REACTOME_S_PHASE]
[REACTOME_APOPTOSIS,REACTOME_APOPTOSIS] was killed by [REACTOME_S_PHASE,REACTOME_S_PHASE]
[REACTOME_RNA_POLYMERASE_II_TRANSCRIBES_SNRNA_GENES,REACTOME_RNA_POLYMERASE_II_TRANSCRIBES_SNRNA_GENES] was killed by [REACTOME_MRNA_SPLICING,REACTOME_MRNA_SPLICING]
[REACTOME_ACTIVATED_PKN1_STIMULATES_TRANSCRIPTION_OF_AR_ANDROGEN_RECEPTOR_REGULATED_GENES_KLK2_AND_KLK3,REACTOME_ACTIVATED_PKN1_STIMULATES_TRANSCRIPTION_OF_AR_ANDROGEN_RECEPTOR_REGULATED_GENES_KLK2_AND_KLK3] was killed by [REACTOME_SIRT1_NEGATIVELY_REGULATES_RRNA_EXPRESSION,REACTOME_SIRT1_NEGATIVELY_REGULATES_RRNA_EXPRESSION]
[REACTOME_DNA_REPLICATION_PRE_INITIATION,REACTOME_DNA_REPLICATION_PRE_INITIATION] was killed by [REACTOME_S_PHASE,REACTOME_S_PHASE]
[REACTOME_GENE_SILENCING_BY_RNA,REACTOME_GENE_SILENCING_BY_RNA] was killed by [REACTOME_MRNA_SPLICING,REACTOME_MRNA_SPLICING]
[REACTOME_SARS_COV_INFECTIONS,REACTOME_SARS_COV_INFECTIONS] was killed by [REACTOME_MUSCLE_CONTRACTION,REACTOME_MUSCLE_CONTRACTION]
[REACTOME_SUMOYLATION_OF_SUMOYLATION_PROTEINS,REACTOME_SUMOYLATION_OF_SUMOYLATION_PROTEINS] was killed by [REACTOME_TRNA_PROCESSING,REACTOME_TRNA_PROCESSING]
[REACTOME_HDR_THROUGH_HOMOLOGOUS_RECOMBINATION_HRR,REACTOME_HDR_THROUGH_HOMOLOGOUS_RECOMBINATION_HRR] was killed by [REACTOME_S_PHASE,REACTOME_S_PHASE]
[REACTOME_APC_C_CDH1_MEDIATED_DEGRADATION_OF_CDC20_AND_OTHER_APC_C_CDH1_TARGETED_PROTEINS_IN_LATE_MITOSIS_EARLY_G1,REACTOME_APC_C_CDH1_MEDIATED_DEGRADATION_OF_CDC20_AND_OTHER_APC_C_CDH1_TARGETED_PROTEINS_IN_LATE_MITOSIS_EARLY_G1] was killed by [REACTOME_S_PHASE,REACTOME_S_PHASE]
[REACTOME_REGULATION_OF_TP53_ACTIVITY_THROUGH_PHOSPHORYLATION,REACTOME_REGULATION_OF_TP53_ACTIVITY_THROUGH_PHOSPHORYLATION] was killed by [REACTOME_S_PHASE,REACTOME_S_PHASE]
[REACTOME_RMTS_METHYLATE_HISTONE_ARGININES,REACTOME_RMTS_METHYLATE_HISTONE_ARGININES] was killed by [REACTOME_SIRT1_NEGATIVELY_REGULATES_RRNA_EXPRESSION,REACTOME_SIRT1_NEGATIVELY_REGULATES_RRNA_EXPRESSION]
[REACTOME_CYTOPROTECTION_BY_HMOX1,REACTOME_CYTOPROTECTION_BY_HMOX1] was killed by [REACTOME_THE_CITRIC_ACID_TCA_CYCLE_AND_RESPIRATORY_ELECTRON_TRANSPORT,REACTOME_THE_CITRIC_ACID_TCA_CYCLE_AND_RESPIRATORY_ELECTRON_TRANSPORT]
[REACTOME_DNA_DAMAGE_RECOGNITION_IN_GG_NER,REACTOME_DNA_DAMAGE_RECOGNITION_IN_GG_NER] was killed by [REACTOME_S_PHASE,REACTOME_S_PHASE]
[REACTOME_HATS_ACETYLATE_HISTONES,REACTOME_HATS_ACETYLATE_HISTONES] was killed by [REACTOME_SIRT1_NEGATIVELY_REGULATES_RRNA_EXPRESSION,REACTOME_SIRT1_NEGATIVELY_REGULATES_RRNA_EXPRESSION]
[REACTOME_CYCLIN_A_CDK2_ASSOCIATED_EVENTS_AT_S_PHASE_ENTRY,REACTOME_CYCLIN_A_CDK2_ASSOCIATED_EVENTS_AT_S_PHASE_ENTRY] was killed by [REACTOME_S_PHASE,REACTOME_S_PHASE]
[REACTOME_TRANSPORT_OF_THE_SLBP_DEPENDANT_MATURE_MRNA,REACTOME_TRANSPORT_OF_THE_SLBP_DEPENDANT_MATURE_MRNA] was killed by [REACTOME_TRNA_PROCESSING,REACTOME_TRNA_PROCESSING]
[REACTOME_RESOLUTION_OF_SISTER_CHROMATID_COHESION,REACTOME_RESOLUTION_OF_SISTER_CHROMATID_COHESION] was killed by [REACTOME_TRNA_PROCESSING,REACTOME_TRNA_PROCESSING]
[REACTOME_DNA_DOUBLE_STRAND_BREAK_REPAIR,REACTOME_DNA_DOUBLE_STRAND_BREAK_REPAIR] was killed by [REACTOME_S_PHASE,REACTOME_S_PHASE]
[REACTOME_CHROMOSOME_MAINTENANCE,REACTOME_CHROMOSOME_MAINTENANCE] was killed by [REACTOME_MRNA_SPLICING,REACTOME_MRNA_SPLICING]
[REACTOME_SUMOYLATION_OF_DNA_REPLICATION_PROTEINS,REACTOME_SUMOYLATION_OF_DNA_REPLICATION_PROTEINS] was killed by [REACTOME_TRNA_PROCESSING,REACTOME_TRNA_PROCESSING]
[REACTOME_RNA_POLYMERASE_I_TRANSCRIPTION,REACTOME_RNA_POLYMERASE_I_TRANSCRIPTION] was killed by [REACTOME_SIRT1_NEGATIVELY_REGULATES_RRNA_EXPRESSION,REACTOME_SIRT1_NEGATIVELY_REGULATES_RRNA_EXPRESSION]
[REACTOME_CELLULAR_SENESCENCE,REACTOME_CELLULAR_SENESCENCE] was killed by [REACTOME_S_PHASE,REACTOME_S_PHASE]
[REACTOME_ERCC6_CSB_AND_EHMT2_G9A_POSITIVELY_REGULATE_RRNA_EXPRESSION,REACTOME_ERCC6_CSB_AND_EHMT2_G9A_POSITIVELY_REGULATE_RRNA_EXPRESSION] was killed by [REACTOME_SIRT1_NEGATIVELY_REGULATES_RRNA_EXPRESSION,REACTOME_SIRT1_NEGATIVELY_REGULATES_RRNA_EXPRESSION]
[REACTOME_DNA_METHYLATION,REACTOME_DNA_METHYLATION] was killed by [REACTOME_SIRT1_NEGATIVELY_REGULATES_RRNA_EXPRESSION,REACTOME_SIRT1_NEGATIVELY_REGULATES_RRNA_EXPRESSION]
[REACTOME_TRANSCRIPTION_OF_THE_HIV_GENOME,REACTOME_TRANSCRIPTION_OF_THE_HIV_GENOME] was killed by [REACTOME_MRNA_SPLICING,REACTOME_MRNA_SPLICING]
[REACTOME_RNA_POLYMERASE_II_TRANSCRIPTION_TERMINATION,REACTOME_RNA_POLYMERASE_II_TRANSCRIPTION_TERMINATION] was killed by [REACTOME_MRNA_SPLICING,REACTOME_MRNA_SPLICING]
[REACTOME_INHIBITION_OF_DNA_RECOMBINATION_AT_TELOMERE,REACTOME_INHIBITION_OF_DNA_RECOMBINATION_AT_TELOMERE] was killed by [REACTOME_MRNA_SPLICING,REACTOME_MRNA_SPLICING]
[REACTOME_TELOMERE_MAINTENANCE,REACTOME_TELOMERE_MAINTENANCE] was killed by [REACTOME_MRNA_SPLICING,REACTOME_MRNA_SPLICING]
[REACTOME_MITOCHONDRIAL_BIOGENESIS,REACTOME_MITOCHONDRIAL_BIOGENESIS] was killed by [REACTOME_THE_CITRIC_ACID_TCA_CYCLE_AND_RESPIRATORY_ELECTRON_TRANSPORT,REACTOME_THE_CITRIC_ACID_TCA_CYCLE_AND_RESPIRATORY_ELECTRON_TRANSPORT]
[REACTOME_REGULATION_OF_PTEN_STABILITY_AND_ACTIVITY,REACTOME_REGULATION_OF_PTEN_STABILITY_AND_ACTIVITY] was killed by [REACTOME_S_PHASE,REACTOME_S_PHASE]
[REACTOME_DNA_DAMAGE_TELOMERE_STRESS_INDUCED_SENESCENCE,REACTOME_DNA_DAMAGE_TELOMERE_STRESS_INDUCED_SENESCENCE] was killed by [REACTOME_S_PHASE,REACTOME_S_PHASE]
[REACTOME_NS1_MEDIATED_EFFECTS_ON_HOST_PATHWAYS,REACTOME_NS1_MEDIATED_EFFECTS_ON_HOST_PATHWAYS] was killed by [REACTOME_TRNA_PROCESSING,REACTOME_TRNA_PROCESSING]
[REACTOME_MITOTIC_PROPHASE,REACTOME_MITOTIC_PROPHASE] was killed by [REACTOME_TRNA_PROCESSING,REACTOME_TRNA_PROCESSING]
[REACTOME_DEGRADATION_OF_BETA_CATENIN_BY_THE_DESTRUCTION_COMPLEX,REACTOME_DEGRADATION_OF_BETA_CATENIN_BY_THE_DESTRUCTION_COMPLEX] was killed by [REACTOME_S_PHASE,REACTOME_S_PHASE]
[REACTOME_RESOLUTION_OF_ABASIC_SITES_AP_SITES,REACTOME_RESOLUTION_OF_ABASIC_SITES_AP_SITES] was killed by [REACTOME_S_PHASE,REACTOME_S_PHASE]
[REACTOME_EXPORT_OF_VIRAL_RIBONUCLEOPROTEINS_FROM_NUCLEUS,REACTOME_EXPORT_OF_VIRAL_RIBONUCLEOPROTEINS_FROM_NUCLEUS] was killed by [REACTOME_TRNA_PROCESSING,REACTOME_TRNA_PROCESSING]
[REACTOME_POSITIVE_EPIGENETIC_REGULATION_OF_RRNA_EXPRESSION,REACTOME_POSITIVE_EPIGENETIC_REGULATION_OF_RRNA_EXPRESSION] was killed by [REACTOME_SIRT1_NEGATIVELY_REGULATES_RRNA_EXPRESSION,REACTOME_SIRT1_NEGATIVELY_REGULATES_RRNA_EXPRESSION]
[REACTOME_FANCONI_ANEMIA_PATHWAY,REACTOME_FANCONI_ANEMIA_PATHWAY] was killed by [REACTOME_S_PHASE,REACTOME_S_PHASE]
[REACTOME_NUCLEAR_PORE_COMPLEX_NPC_DISASSEMBLY,REACTOME_NUCLEAR_PORE_COMPLEX_NPC_DISASSEMBLY] was killed by [REACTOME_TRNA_PROCESSING,REACTOME_TRNA_PROCESSING]
[REACTOME_DUAL_INCISION_IN_TC_NER,REACTOME_DUAL_INCISION_IN_TC_NER] was killed by [REACTOME_MRNA_SPLICING,REACTOME_MRNA_SPLICING]
[REACTOME_CELLULAR_RESPONSE_TO_CHEMICAL_STRESS,REACTOME_CELLULAR_RESPONSE_TO_CHEMICAL_STRESS] was killed by [REACTOME_THE_CITRIC_ACID_TCA_CYCLE_AND_RESPIRATORY_ELECTRON_TRANSPORT,REACTOME_THE_CITRIC_ACID_TCA_CYCLE_AND_RESPIRATORY_ELECTRON_TRANSPORT]
[REACTOME_INTERLEUKIN_10_SIGNALING,REACTOME_INTERLEUKIN_10_SIGNALING] was killed by [REACTOME_PEPTIDE_LIGAND_BINDING_RECEPTORS,REACTOME_PEPTIDE_LIGAND_BINDING_RECEPTORS]
[REACTOME_HOMOLOGY_DIRECTED_REPAIR,REACTOME_HOMOLOGY_DIRECTED_REPAIR] was killed by [REACTOME_S_PHASE,REACTOME_S_PHASE]
[REACTOME_CONDENSATION_OF_PROPHASE_CHROMOSOMES,REACTOME_CONDENSATION_OF_PROPHASE_CHROMOSOMES] was killed by [REACTOME_SIRT1_NEGATIVELY_REGULATES_RRNA_EXPRESSION,REACTOME_SIRT1_NEGATIVELY_REGULATES_RRNA_EXPRESSION]
[REACTOME_MYD88_INDEPENDENT_TLR4_CASCADE,REACTOME_MYD88_INDEPENDENT_TLR4_CASCADE] was killed by [REACTOME_PROTEIN_LOCALIZATION,REACTOME_PROTEIN_LOCALIZATION]
[REACTOME_SUMOYLATION,REACTOME_SUMOYLATION] was killed by [REACTOME_TRNA_PROCESSING,REACTOME_TRNA_PROCESSING]
[REACTOME_REGULATION_OF_HMOX1_EXPRESSION_AND_ACTIVITY,REACTOME_REGULATION_OF_HMOX1_EXPRESSION_AND_ACTIVITY] was killed by [REACTOME_S_PHASE,REACTOME_S_PHASE]
[REACTOME_CHEMOKINE_RECEPTORS_BIND_CHEMOKINES,REACTOME_CHEMOKINE_RECEPTORS_BIND_CHEMOKINES] was killed by [REACTOME_PEPTIDE_LIGAND_BINDING_RECEPTORS,REACTOME_PEPTIDE_LIGAND_BINDING_RECEPTORS]
[REACTOME_INTERACTIONS_OF_VPR_WITH_HOST_CELLULAR_PROTEINS,REACTOME_INTERACTIONS_OF_VPR_WITH_HOST_CELLULAR_PROTEINS] was killed by [REACTOME_TRNA_PROCESSING,REACTOME_TRNA_PROCESSING]
[REACTOME_TP53_REGULATES_TRANSCRIPTION_OF_DNA_REPAIR_GENES,REACTOME_TP53_REGULATES_TRANSCRIPTION_OF_DNA_REPAIR_GENES] was killed by [REACTOME_MRNA_SPLICING,REACTOME_MRNA_SPLICING]
[REACTOME_AURKA_ACTIVATION_BY_TPX2,REACTOME_AURKA_ACTIVATION_BY_TPX2] was killed by [REACTOME_ANCHORING_OF_THE_BASAL_BODY_TO_THE_PLASMA_MEMBRANE,REACTOME_ANCHORING_OF_THE_BASAL_BODY_TO_THE_PLASMA_MEMBRANE]
[REACTOME_REGULATION_OF_INSULIN_LIKE_GROWTH_FACTOR_IGF_TRANSPORT_AND_UPTAKE_BY_INSULIN_LIKE_GROWTH_FACTOR_BINDING_PROTEINS_IGFBPS,REACTOME_REGULATION_OF_INSULIN_LIKE_GROWTH_FACTOR_IGF_TRANSPORT_AND_UPTAKE_BY_INSULIN_LIKE_GROWTH_FACTOR_BINDING_PROTEINS_IGFBPS] was killed by [REACTOME_DEGRADATION_OF_THE_EXTRACELLULAR_MATRIX,REACTOME_DEGRADATION_OF_THE_EXTRACELLULAR_MATRIX]
[REACTOME_ASSEMBLY_AND_CELL_SURFACE_PRESENTATION_OF_NMDA_RECEPTORS,REACTOME_ASSEMBLY_AND_CELL_SURFACE_PRESENTATION_OF_NMDA_RECEPTORS] was killed by [REACTOME_ANCHORING_OF_THE_BASAL_BODY_TO_THE_PLASMA_MEMBRANE,REACTOME_ANCHORING_OF_THE_BASAL_BODY_TO_THE_PLASMA_MEMBRANE]
[REACTOME_CELLULAR_RESPONSE_TO_HEAT_STRESS,REACTOME_CELLULAR_RESPONSE_TO_HEAT_STRESS] was killed by [REACTOME_TRNA_PROCESSING,REACTOME_TRNA_PROCESSING]
[REACTOME_REGULATION_OF_GLUCOKINASE_BY_GLUCOKINASE_REGULATORY_PROTEIN,REACTOME_REGULATION_OF_GLUCOKINASE_BY_GLUCOKINASE_REGULATORY_PROTEIN] was killed by [REACTOME_TRNA_PROCESSING,REACTOME_TRNA_PROCESSING]
[REACTOME_ASSEMBLY_OF_THE_PRE_REPLICATIVE_COMPLEX,REACTOME_ASSEMBLY_OF_THE_PRE_REPLICATIVE_COMPLEX] was killed by [REACTOME_S_PHASE,REACTOME_S_PHASE]
[REACTOME_SENESCENCE_ASSOCIATED_SECRETORY_PHENOTYPE_SASP,REACTOME_SENESCENCE_ASSOCIATED_SECRETORY_PHENOTYPE_SASP] was killed by [REACTOME_S_PHASE,REACTOME_S_PHASE]
[REACTOME_TOLL_LIKE_RECEPTOR_CASCADES,REACTOME_TOLL_LIKE_RECEPTOR_CASCADES] was killed by [REACTOME_TRAF6_MEDIATED_IRF7_ACTIVATION,REACTOME_TRAF6_MEDIATED_IRF7_ACTIVATION]
[REACTOME_ORC1_REMOVAL_FROM_CHROMATIN,REACTOME_ORC1_REMOVAL_FROM_CHROMATIN] was killed by [REACTOME_S_PHASE,REACTOME_S_PHASE]
[REACTOME_PROTEIN_UBIQUITINATION,REACTOME_PROTEIN_UBIQUITINATION] was killed by [REACTOME_PROTEIN_LOCALIZATION,REACTOME_PROTEIN_LOCALIZATION]
[REACTOME_DDX58_IFIH1_MEDIATED_INDUCTION_OF_INTERFERON_ALPHA_BETA,REACTOME_DDX58_IFIH1_MEDIATED_INDUCTION_OF_INTERFERON_ALPHA_BETA] was killed by [REACTOME_PROTEIN_LOCALIZATION,REACTOME_PROTEIN_LOCALIZATION]
[REACTOME_TOLL_LIKE_RECEPTOR_9_TLR9_CASCADE,REACTOME_TOLL_LIKE_RECEPTOR_9_TLR9_CASCADE] was killed by [REACTOME_REGULATED_NECROSIS,REACTOME_REGULATED_NECROSIS]
[REACTOME_DNA_DAMAGE_BYPASS,REACTOME_DNA_DAMAGE_BYPASS] was killed by [REACTOME_S_PHASE,REACTOME_S_PHASE]
[REACTOME_HOMOLOGOUS_DNA_PAIRING_AND_STRAND_EXCHANGE,REACTOME_HOMOLOGOUS_DNA_PAIRING_AND_STRAND_EXCHANGE] was killed by [REACTOME_S_PHASE,REACTOME_S_PHASE]
[REACTOME_RHO_GTPASES_ACTIVATE_FORMINS,REACTOME_RHO_GTPASES_ACTIVATE_FORMINS] was killed by [REACTOME_TRNA_PROCESSING,REACTOME_TRNA_PROCESSING]
[REACTOME_SCF_SKP2_MEDIATED_DEGRADATION_OF_P27_P21,REACTOME_SCF_SKP2_MEDIATED_DEGRADATION_OF_P27_P21] was killed by [REACTOME_S_PHASE,REACTOME_S_PHASE]
[REACTOME_NEGATIVE_REGULATION_OF_NOTCH4_SIGNALING,REACTOME_NEGATIVE_REGULATION_OF_NOTCH4_SIGNALING] was killed by [REACTOME_S_PHASE,REACTOME_S_PHASE]
[REACTOME_FORMATION_OF_RNA_POL_II_ELONGATION_COMPLEX,REACTOME_FORMATION_OF_RNA_POL_II_ELONGATION_COMPLEX] was killed by [REACTOME_MRNA_SPLICING,REACTOME_MRNA_SPLICING]
[REACTOME_HIV_ELONGATION_ARREST_AND_RECOVERY,REACTOME_HIV_ELONGATION_ARREST_AND_RECOVERY] was killed by [REACTOME_MRNA_SPLICING,REACTOME_MRNA_SPLICING]
[REACTOME_REGULATION_OF_HSF1_MEDIATED_HEAT_SHOCK_RESPONSE,REACTOME_REGULATION_OF_HSF1_MEDIATED_HEAT_SHOCK_RESPONSE] was killed by [REACTOME_TRNA_PROCESSING,REACTOME_TRNA_PROCESSING]
[REACTOME_CELLULAR_RESPONSE_TO_HYPOXIA,REACTOME_CELLULAR_RESPONSE_TO_HYPOXIA] was killed by [REACTOME_PROTEIN_LOCALIZATION,REACTOME_PROTEIN_LOCALIZATION]
[REACTOME_RECRUITMENT_OF_MITOTIC_CENTROSOME_PROTEINS_AND_COMPLEXES,REACTOME_RECRUITMENT_OF_MITOTIC_CENTROSOME_PROTEINS_AND_COMPLEXES] was killed by [REACTOME_ANCHORING_OF_THE_BASAL_BODY_TO_THE_PLASMA_MEMBRANE,REACTOME_ANCHORING_OF_THE_BASAL_BODY_TO_THE_PLASMA_MEMBRANE]
[REACTOME_INTERLEUKIN_4_AND_INTERLEUKIN_13_SIGNALING,REACTOME_INTERLEUKIN_4_AND_INTERLEUKIN_13_SIGNALING] was killed by [REACTOME_PEPTIDE_LIGAND_BINDING_RECEPTORS,REACTOME_PEPTIDE_LIGAND_BINDING_RECEPTORS]
[REACTOME_DOWNSTREAM_SIGNALING_EVENTS_OF_B_CELL_RECEPTOR_BCR,REACTOME_DOWNSTREAM_SIGNALING_EVENTS_OF_B_CELL_RECEPTOR_BCR] was killed by [REACTOME_S_PHASE,REACTOME_S_PHASE]
[REACTOME_DEADENYLATION_DEPENDENT_MRNA_DECAY,REACTOME_DEADENYLATION_DEPENDENT_MRNA_DECAY] was killed by [REACTOME_MRNA_SPLICING,REACTOME_MRNA_SPLICING]
[REACTOME_MEIOTIC_RECOMBINATION,REACTOME_MEIOTIC_RECOMBINATION] was killed by [REACTOME_SIRT1_NEGATIVELY_REGULATES_RRNA_EXPRESSION,REACTOME_SIRT1_NEGATIVELY_REGULATES_RRNA_EXPRESSION]
[REACTOME_AMYLOID_FIBER_FORMATION,REACTOME_AMYLOID_FIBER_FORMATION] was killed by [REACTOME_SIRT1_NEGATIVELY_REGULATES_RRNA_EXPRESSION,REACTOME_SIRT1_NEGATIVELY_REGULATES_RRNA_EXPRESSION]
[REACTOME_NUCLEAR_ENVELOPE_BREAKDOWN,REACTOME_NUCLEAR_ENVELOPE_BREAKDOWN] was killed by [REACTOME_TRNA_PROCESSING,REACTOME_TRNA_PROCESSING]
[REACTOME_CDC42_GTPASE_CYCLE,REACTOME_CDC42_GTPASE_CYCLE] was killed by [REACTOME_RAC1_GTPASE_CYCLE,REACTOME_RAC1_GTPASE_CYCLE]
[REACTOME_TRANSLESION_SYNTHESIS_BY_Y_FAMILY_DNA_POLYMERASES_BYPASSES_LESIONS_ON_DNA_TEMPLATE,REACTOME_TRANSLESION_SYNTHESIS_BY_Y_FAMILY_DNA_POLYMERASES_BYPASSES_LESIONS_ON_DNA_TEMPLATE] was killed by [REACTOME_PROTEIN_LOCALIZATION,REACTOME_PROTEIN_LOCALIZATION]
[REACTOME_NUCLEAR_IMPORT_OF_REV_PROTEIN,REACTOME_NUCLEAR_IMPORT_OF_REV_PROTEIN] was killed by [REACTOME_TRNA_PROCESSING,REACTOME_TRNA_PROCESSING]
[REACTOME_FORMATION_OF_TC_NER_PRE_INCISION_COMPLEX,REACTOME_FORMATION_OF_TC_NER_PRE_INCISION_COMPLEX] was killed by [REACTOME_MRNA_SPLICING,REACTOME_MRNA_SPLICING]
[REACTOME_DNA_STRAND_ELONGATION,REACTOME_DNA_STRAND_ELONGATION] was killed by [REACTOME_S_PHASE,REACTOME_S_PHASE]
[REACTOME_NEGATIVE_EPIGENETIC_REGULATION_OF_RRNA_EXPRESSION,REACTOME_NEGATIVE_EPIGENETIC_REGULATION_OF_RRNA_EXPRESSION] was killed by [REACTOME_SIRT1_NEGATIVELY_REGULATES_RRNA_EXPRESSION,REACTOME_SIRT1_NEGATIVELY_REGULATES_RRNA_EXPRESSION]
[REACTOME_ACTIVATION_OF_GENE_EXPRESSION_BY_SREBF_SREBP,REACTOME_ACTIVATION_OF_GENE_EXPRESSION_BY_SREBF_SREBP] was killed by [REACTOME_REGULATION_OF_CHOLESTEROL_BIOSYNTHESIS_BY_SREBP_SREBF,REACTOME_REGULATION_OF_CHOLESTEROL_BIOSYNTHESIS_BY_SREBP_SREBF]
[REACTOME_AUF1_HNRNP_D0_BINDS_AND_DESTABILIZES_MRNA,REACTOME_AUF1_HNRNP_D0_BINDS_AND_DESTABILIZES_MRNA] was killed by [REACTOME_EUKARYOTIC_TRANSLATION_INITIATION,REACTOME_EUKARYOTIC_TRANSLATION_INITIATION]
[REACTOME_PKMTS_METHYLATE_HISTONE_LYSINES,REACTOME_PKMTS_METHYLATE_HISTONE_LYSINES] was killed by [REACTOME_SIRT1_NEGATIVELY_REGULATES_RRNA_EXPRESSION,REACTOME_SIRT1_NEGATIVELY_REGULATES_RRNA_EXPRESSION]
[REACTOME_EXTENSION_OF_TELOMERES,REACTOME_EXTENSION_OF_TELOMERES] was killed by [REACTOME_S_PHASE,REACTOME_S_PHASE]
[REACTOME_BASE_EXCISION_REPAIR,REACTOME_BASE_EXCISION_REPAIR] was killed by [REACTOME_S_PHASE,REACTOME_S_PHASE]
[REACTOME_G1_S_DNA_DAMAGE_CHECKPOINTS,REACTOME_G1_S_DNA_DAMAGE_CHECKPOINTS] was killed by [REACTOME_S_PHASE,REACTOME_S_PHASE]
[REACTOME_DEGRADATION_OF_DVL,REACTOME_DEGRADATION_OF_DVL] was killed by [REACTOME_S_PHASE,REACTOME_S_PHASE]
[REACTOME_ACTIVATION_OF_ATR_IN_RESPONSE_TO_REPLICATION_STRESS,REACTOME_ACTIVATION_OF_ATR_IN_RESPONSE_TO_REPLICATION_STRESS] was killed by [REACTOME_S_PHASE,REACTOME_S_PHASE]
[REACTOME_BASE_EXCISION_REPAIR_AP_SITE_FORMATION,REACTOME_BASE_EXCISION_REPAIR_AP_SITE_FORMATION] was killed by [REACTOME_SIRT1_NEGATIVELY_REGULATES_RRNA_EXPRESSION,REACTOME_SIRT1_NEGATIVELY_REGULATES_RRNA_EXPRESSION]
[REACTOME_HDACS_DEACETYLATE_HISTONES,REACTOME_HDACS_DEACETYLATE_HISTONES] was killed by [REACTOME_SIRT1_NEGATIVELY_REGULATES_RRNA_EXPRESSION,REACTOME_SIRT1_NEGATIVELY_REGULATES_RRNA_EXPRESSION]
[REACTOME_RECOGNITION_AND_ASSOCIATION_OF_DNA_GLYCOSYLASE_WITH_SITE_CONTAINING_AN_AFFECTED_PURINE,REACTOME_RECOGNITION_AND_ASSOCIATION_OF_DNA_GLYCOSYLASE_WITH_SITE_CONTAINING_AN_AFFECTED_PURINE] was killed by [REACTOME_SIRT1_NEGATIVELY_REGULATES_RRNA_EXPRESSION,REACTOME_SIRT1_NEGATIVELY_REGULATES_RRNA_EXPRESSION]
[REACTOME_SUMOYLATION_OF_TRANSCRIPTION_COFACTORS,REACTOME_SUMOYLATION_OF_TRANSCRIPTION_COFACTORS] was killed by [REACTOME_REGULATION_OF_CHOLESTEROL_BIOSYNTHESIS_BY_SREBP_SREBF,REACTOME_REGULATION_OF_CHOLESTEROL_BIOSYNTHESIS_BY_SREBP_SREBF]
[REACTOME_HIV_TRANSCRIPTION_ELONGATION,REACTOME_HIV_TRANSCRIPTION_ELONGATION] was killed by [REACTOME_MRNA_SPLICING,REACTOME_MRNA_SPLICING]
[REACTOME_SUMOYLATION_OF_RNA_BINDING_PROTEINS,REACTOME_SUMOYLATION_OF_RNA_BINDING_PROTEINS] was killed by [REACTOME_TRNA_PROCESSING,REACTOME_TRNA_PROCESSING]
[REACTOME_RNA_POLYMERASE_III_TRANSCRIPTION,REACTOME_RNA_POLYMERASE_III_TRANSCRIPTION] was killed by [REACTOME_MRNA_SPLICING,REACTOME_MRNA_SPLICING]
[REACTOME_STABILIZATION_OF_P53,REACTOME_STABILIZATION_OF_P53] was killed by [REACTOME_S_PHASE,REACTOME_S_PHASE]
[REACTOME_REGULATION_OF_RUNX3_EXPRESSION_AND_ACTIVITY,REACTOME_REGULATION_OF_RUNX3_EXPRESSION_AND_ACTIVITY] was killed by [REACTOME_S_PHASE,REACTOME_S_PHASE]
[REACTOME_TRANSLESION_SYNTHESIS_BY_POLH,REACTOME_TRANSLESION_SYNTHESIS_BY_POLH] was killed by [REACTOME_PROTEIN_LOCALIZATION,REACTOME_PROTEIN_LOCALIZATION]
[REACTOME_ABORTIVE_ELONGATION_OF_HIV_1_TRANSCRIPT_IN_THE_ABSENCE_OF_TAT,REACTOME_ABORTIVE_ELONGATION_OF_HIV_1_TRANSCRIPT_IN_THE_ABSENCE_OF_TAT] was killed by [REACTOME_MRNA_SPLICING,REACTOME_MRNA_SPLICING]
[REACTOME_CYTOSOLIC_TRNA_AMINOACYLATION,REACTOME_CYTOSOLIC_TRNA_AMINOACYLATION] was killed by [REACTOME_TRNA_AMINOACYLATION,REACTOME_TRNA_AMINOACYLATION]
[REACTOME_ASYMMETRIC_LOCALIZATION_OF_PCP_PROTEINS,REACTOME_ASYMMETRIC_LOCALIZATION_OF_PCP_PROTEINS] was killed by [REACTOME_S_PHASE,REACTOME_S_PHASE]
[REACTOME_ENDOSOMAL_SORTING_COMPLEX_REQUIRED_FOR_TRANSPORT_ESCRT,REACTOME_ENDOSOMAL_SORTING_COMPLEX_REQUIRED_FOR_TRANSPORT_ESCRT] was killed by [REACTOME_PROTEIN_LOCALIZATION,REACTOME_PROTEIN_LOCALIZATION]
[REACTOME_MITOCHONDRIAL_TRNA_AMINOACYLATION,REACTOME_MITOCHONDRIAL_TRNA_AMINOACYLATION] was killed by [REACTOME_TRNA_AMINOACYLATION,REACTOME_TRNA_AMINOACYLATION]
[REACTOME_GOLGI_ASSOCIATED_VESICLE_BIOGENESIS,REACTOME_GOLGI_ASSOCIATED_VESICLE_BIOGENESIS] was killed by [REACTOME_TRANS_GOLGI_NETWORK_VESICLE_BUDDING,REACTOME_TRANS_GOLGI_NETWORK_VESICLE_BUDDING]
[REACTOME_NCAM1_INTERACTIONS,REACTOME_NCAM1_INTERACTIONS] was killed by [REACTOME_DEGRADATION_OF_THE_EXTRACELLULAR_MATRIX,REACTOME_DEGRADATION_OF_THE_EXTRACELLULAR_MATRIX]
[REACTOME_CITRIC_ACID_CYCLE_TCA_CYCLE,REACTOME_CITRIC_ACID_CYCLE_TCA_CYCLE] was killed by [REACTOME_THE_CITRIC_ACID_TCA_CYCLE_AND_RESPIRATORY_ELECTRON_TRANSPORT,REACTOME_THE_CITRIC_ACID_TCA_CYCLE_AND_RESPIRATORY_ELECTRON_TRANSPORT]
[REACTOME_PRC2_METHYLATES_HISTONES_AND_DNA,REACTOME_PRC2_METHYLATES_HISTONES_AND_DNA] was killed by [REACTOME_SIRT1_NEGATIVELY_REGULATES_RRNA_EXPRESSION,REACTOME_SIRT1_NEGATIVELY_REGULATES_RRNA_EXPRESSION]
[REACTOME_LONG_TERM_POTENTIATION,REACTOME_LONG_TERM_POTENTIATION] was killed by [REACTOME_MUSCLE_CONTRACTION,REACTOME_MUSCLE_CONTRACTION]
[REACTOME_TRANSLESION_SYNTHESIS_BY_POLK,REACTOME_TRANSLESION_SYNTHESIS_BY_POLK] was killed by [REACTOME_PROTEIN_LOCALIZATION,REACTOME_PROTEIN_LOCALIZATION]
[REACTOME_INTERACTIONS_OF_REV_WITH_HOST_CELLULAR_PROTEINS,REACTOME_INTERACTIONS_OF_REV_WITH_HOST_CELLULAR_PROTEINS] was killed by [REACTOME_TRNA_PROCESSING,REACTOME_TRNA_PROCESSING]
[REACTOME_HIV_TRANSCRIPTION_INITIATION,REACTOME_HIV_TRANSCRIPTION_INITIATION] was killed by [REACTOME_MRNA_SPLICING,REACTOME_MRNA_SPLICING]
[REACTOME_MEIOSIS,REACTOME_MEIOSIS] was killed by [REACTOME_S_PHASE,REACTOME_S_PHASE]
[REACTOME_GAP_JUNCTION_ASSEMBLY,REACTOME_GAP_JUNCTION_ASSEMBLY] was killed by [REACTOME_ANCHORING_OF_THE_BASAL_BODY_TO_THE_PLASMA_MEMBRANE,REACTOME_ANCHORING_OF_THE_BASAL_BODY_TO_THE_PLASMA_MEMBRANE]
[REACTOME_METABOLISM_OF_POLYAMINES,REACTOME_METABOLISM_OF_POLYAMINES] was killed by [REACTOME_S_PHASE,REACTOME_S_PHASE]
[REACTOME_ANTIVIRAL_MECHANISM_BY_IFN_STIMULATED_GENES,REACTOME_ANTIVIRAL_MECHANISM_BY_IFN_STIMULATED_GENES] was killed by [REACTOME_EUKARYOTIC_TRANSLATION_INITIATION,REACTOME_EUKARYOTIC_TRANSLATION_INITIATION]
[REACTOME_REGULATION_OF_SIGNALING_BY_CBL,REACTOME_REGULATION_OF_SIGNALING_BY_CBL] was killed by [REACTOME_PROTEIN_LOCALIZATION,REACTOME_PROTEIN_LOCALIZATION]
[REACTOME_FGFR2_ALTERNATIVE_SPLICING,REACTOME_FGFR2_ALTERNATIVE_SPLICING] was killed by [REACTOME_MRNA_SPLICING,REACTOME_MRNA_SPLICING]
[REACTOME_RNA_POLYMERASE_III_TRANSCRIPTION_INITIATION_FROM_TYPE_1_PROMOTER,REACTOME_RNA_POLYMERASE_III_TRANSCRIPTION_INITIATION_FROM_TYPE_1_PROMOTER] was killed by [REACTOME_MRNA_SPLICING,REACTOME_MRNA_SPLICING]
[REACTOME_DUAL_INCISION_IN_GG_NER,REACTOME_DUAL_INCISION_IN_GG_NER] was killed by [REACTOME_PROTEIN_LOCALIZATION,REACTOME_PROTEIN_LOCALIZATION]
[REACTOME_FLT3_SIGNALING_IN_DISEASE,REACTOME_FLT3_SIGNALING_IN_DISEASE] was killed by [REACTOME_PROTEIN_LOCALIZATION,REACTOME_PROTEIN_LOCALIZATION]
[REACTOME_REGULATION_OF_GENE_EXPRESSION_IN_BETA_CELLS,REACTOME_REGULATION_OF_GENE_EXPRESSION_IN_BETA_CELLS] was killed by [REACTOME_S_PHASE,REACTOME_S_PHASE]
[REACTOME_DEGRADATION_OF_AXIN,REACTOME_DEGRADATION_OF_AXIN] was killed by [REACTOME_S_PHASE,REACTOME_S_PHASE]
[REACTOME_GAP_FILLING_DNA_REPAIR_SYNTHESIS_AND_LIGATION_IN_GG_NER,REACTOME_GAP_FILLING_DNA_REPAIR_SYNTHESIS_AND_LIGATION_IN_GG_NER] was killed by [REACTOME_PROTEIN_LOCALIZATION,REACTOME_PROTEIN_LOCALIZATION]
[REACTOME_POTASSIUM_CHANNELS,REACTOME_POTASSIUM_CHANNELS] was killed by [REACTOME_MUSCLE_CONTRACTION,REACTOME_MUSCLE_CONTRACTION]
[REACTOME_L1CAM_INTERACTIONS,REACTOME_L1CAM_INTERACTIONS] was killed by [REACTOME_MUSCLE_CONTRACTION,REACTOME_MUSCLE_CONTRACTION]
[REACTOME_FORMATION_OF_THE_EARLY_ELONGATION_COMPLEX,REACTOME_FORMATION_OF_THE_EARLY_ELONGATION_COMPLEX] was killed by [REACTOME_MRNA_SPLICING,REACTOME_MRNA_SPLICING]
[REACTOME_RHOA_GTPASE_CYCLE,REACTOME_RHOA_GTPASE_CYCLE] was killed by [REACTOME_RAC1_GTPASE_CYCLE,REACTOME_RAC1_GTPASE_CYCLE]
[REACTOME_DEGRADATION_OF_GLI1_BY_THE_PROTEASOME,REACTOME_DEGRADATION_OF_GLI1_BY_THE_PROTEASOME] was killed by [REACTOME_S_PHASE,REACTOME_S_PHASE]
[REACTOME_CRISTAE_FORMATION,REACTOME_CRISTAE_FORMATION] was killed by [REACTOME_THE_CITRIC_ACID_TCA_CYCLE_AND_RESPIRATORY_ELECTRON_TRANSPORT,REACTOME_THE_CITRIC_ACID_TCA_CYCLE_AND_RESPIRATORY_ELECTRON_TRANSPORT]
[REACTOME_DIGESTION_AND_ABSORPTION,REACTOME_DIGESTION_AND_ABSORPTION] was killed by [REACTOME_DIGESTION,REACTOME_DIGESTION]
[REACTOME_TOLL_LIKE_RECEPTOR_TLR1_TLR2_CASCADE,REACTOME_TOLL_LIKE_RECEPTOR_TLR1_TLR2_CASCADE] was killed by [REACTOME_REGULATED_NECROSIS,REACTOME_REGULATED_NECROSIS]
[REACTOME_RAC2_GTPASE_CYCLE,REACTOME_RAC2_GTPASE_CYCLE] was killed by [REACTOME_RAC1_GTPASE_CYCLE,REACTOME_RAC1_GTPASE_CYCLE]
[REACTOME_CELL_CELL_COMMUNICATION,REACTOME_CELL_CELL_COMMUNICATION] was killed by [REACTOME_RAC1_GTPASE_CYCLE,REACTOME_RAC1_GTPASE_CYCLE]
[REACTOME_DECTIN_1_MEDIATED_NONCANONICAL_NF_KB_SIGNALING,REACTOME_DECTIN_1_MEDIATED_NONCANONICAL_NF_KB_SIGNALING] was killed by [REACTOME_S_PHASE,REACTOME_S_PHASE]
[REACTOME_HEDGEHOG_LIGAND_BIOGENESIS,REACTOME_HEDGEHOG_LIGAND_BIOGENESIS] was killed by [REACTOME_S_PHASE,REACTOME_S_PHASE]
[REACTOME_POTENTIAL_THERAPEUTICS_FOR_SARS,REACTOME_POTENTIAL_THERAPEUTICS_FOR_SARS] was killed by [REACTOME_MUSCLE_CONTRACTION,REACTOME_MUSCLE_CONTRACTION]
[REACTOME_PCP_CE_PATHWAY,REACTOME_PCP_CE_PATHWAY] was killed by [REACTOME_S_PHASE,REACTOME_S_PHASE]
[REACTOME_E3_UBIQUITIN_LIGASES_UBIQUITINATE_TARGET_PROTEINS,REACTOME_E3_UBIQUITIN_LIGASES_UBIQUITINATE_TARGET_PROTEINS] was killed by [REACTOME_PROTEIN_LOCALIZATION,REACTOME_PROTEIN_LOCALIZATION]
[REACTOME_PYRUVATE_METABOLISM_AND_CITRIC_ACID_TCA_CYCLE,REACTOME_PYRUVATE_METABOLISM_AND_CITRIC_ACID_TCA_CYCLE] was killed by [REACTOME_THE_CITRIC_ACID_TCA_CYCLE_AND_RESPIRATORY_ELECTRON_TRANSPORT,REACTOME_THE_CITRIC_ACID_TCA_CYCLE_AND_RESPIRATORY_ELECTRON_TRANSPORT]
[REACTOME_ADORA2B_MEDIATED_ANTI_INFLAMMATORY_CYTOKINES_PRODUCTION,REACTOME_ADORA2B_MEDIATED_ANTI_INFLAMMATORY_CYTOKINES_PRODUCTION] was killed by [REACTOME_PEPTIDE_LIGAND_BINDING_RECEPTORS,REACTOME_PEPTIDE_LIGAND_BINDING_RECEPTORS]
[REACTOME_RAS_PROCESSING,REACTOME_RAS_PROCESSING] was killed by [REACTOME_PROTEIN_LOCALIZATION,REACTOME_PROTEIN_LOCALIZATION]
[REACTOME_TNF_SIGNALING,REACTOME_TNF_SIGNALING] was killed by [REACTOME_PROTEIN_LOCALIZATION,REACTOME_PROTEIN_LOCALIZATION]
[REACTOME_SARS_COV_2_INFECTION,REACTOME_SARS_COV_2_INFECTION] was killed by [REACTOME_S_PHASE,REACTOME_S_PHASE]
[REACTOME_PROCESSING_OF_CAPPED_INTRONLESS_PRE_MRNA,REACTOME_PROCESSING_OF_CAPPED_INTRONLESS_PRE_MRNA] was killed by [REACTOME_MRNA_SPLICING,REACTOME_MRNA_SPLICING]
[REACTOME_TERMINATION_OF_TRANSLESION_DNA_SYNTHESIS,REACTOME_TERMINATION_OF_TRANSLESION_DNA_SYNTHESIS] was killed by [REACTOME_PROTEIN_LOCALIZATION,REACTOME_PROTEIN_LOCALIZATION]
[REACTOME_DISEASES_OF_PROGRAMMED_CELL_DEATH,REACTOME_DISEASES_OF_PROGRAMMED_CELL_DEATH] was killed by [REACTOME_S_PHASE,REACTOME_S_PHASE]
[REACTOME_G_ALPHA_S_SIGNALLING_EVENTS,REACTOME_G_ALPHA_S_SIGNALLING_EVENTS] was killed by [REACTOME_PEPTIDE_LIGAND_BINDING_RECEPTORS,REACTOME_PEPTIDE_LIGAND_BINDING_RECEPTORS]
[REACTOME_GLYCOGEN_METABOLISM,REACTOME_GLYCOGEN_METABOLISM] was killed by [REACTOME_PROTEIN_LOCALIZATION,REACTOME_PROTEIN_LOCALIZATION]
[REACTOME_CLEC7A_DECTIN_1_SIGNALING,REACTOME_CLEC7A_DECTIN_1_SIGNALING] was killed by [REACTOME_PROTEIN_LOCALIZATION,REACTOME_PROTEIN_LOCALIZATION]
[REACTOME_REGULATION_OF_TNFR1_SIGNALING,REACTOME_REGULATION_OF_TNFR1_SIGNALING] was killed by [REACTOME_PROTEIN_LOCALIZATION,REACTOME_PROTEIN_LOCALIZATION]
[REACTOME_THE_ROLE_OF_GTSE1_IN_G2_M_PROGRESSION_AFTER_G2_CHECKPOINT,REACTOME_THE_ROLE_OF_GTSE1_IN_G2_M_PROGRESSION_AFTER_G2_CHECKPOINT] was killed by [REACTOME_S_PHASE,REACTOME_S_PHASE]
[REACTOME_MEIOTIC_SYNAPSIS,REACTOME_MEIOTIC_SYNAPSIS] was killed by [REACTOME_SIRT1_NEGATIVELY_REGULATES_RRNA_EXPRESSION,REACTOME_SIRT1_NEGATIVELY_REGULATES_RRNA_EXPRESSION]
[REACTOME_NCAM_SIGNALING_FOR_NEURITE_OUT_GROWTH,REACTOME_NCAM_SIGNALING_FOR_NEURITE_OUT_GROWTH] was killed by [REACTOME_DEGRADATION_OF_THE_EXTRACELLULAR_MATRIX,REACTOME_DEGRADATION_OF_THE_EXTRACELLULAR_MATRIX]
[REACTOME_TP53_REGULATES_METABOLIC_GENES,REACTOME_TP53_REGULATES_METABOLIC_GENES] was killed by [REACTOME_THE_CITRIC_ACID_TCA_CYCLE_AND_RESPIRATORY_ELECTRON_TRANSPORT,REACTOME_THE_CITRIC_ACID_TCA_CYCLE_AND_RESPIRATORY_ELECTRON_TRANSPORT]
[REACTOME_PEROXISOMAL_PROTEIN_IMPORT,REACTOME_PEROXISOMAL_PROTEIN_IMPORT] was killed by [REACTOME_PROTEIN_LOCALIZATION,REACTOME_PROTEIN_LOCALIZATION]
[REACTOME_CYTOSOLIC_SENSORS_OF_PATHOGEN_ASSOCIATED_DNA,REACTOME_CYTOSOLIC_SENSORS_OF_PATHOGEN_ASSOCIATED_DNA] was killed by [REACTOME_MRNA_SPLICING,REACTOME_MRNA_SPLICING]
[REACTOME_RHOF_GTPASE_CYCLE,REACTOME_RHOF_GTPASE_CYCLE] was killed by [REACTOME_RAC1_GTPASE_CYCLE,REACTOME_RAC1_GTPASE_CYCLE]
[REACTOME_ACTIVATION_OF_THE_PRE_REPLICATIVE_COMPLEX,REACTOME_ACTIVATION_OF_THE_PRE_REPLICATIVE_COMPLEX] was killed by [REACTOME_S_PHASE,REACTOME_S_PHASE]
[REACTOME_METABOLISM_OF_NUCLEOTIDES,REACTOME_METABOLISM_OF_NUCLEOTIDES] was killed by [REACTOME_NUCLEOBASE_BIOSYNTHESIS,REACTOME_NUCLEOBASE_BIOSYNTHESIS]
[REACTOME_RHO_GTPASES_ACTIVATE_PKNS,REACTOME_RHO_GTPASES_ACTIVATE_PKNS] was killed by [REACTOME_SIRT1_NEGATIVELY_REGULATES_RRNA_EXPRESSION,REACTOME_SIRT1_NEGATIVELY_REGULATES_RRNA_EXPRESSION]
[REACTOME_MTORC1_MEDIATED_SIGNALLING,REACTOME_MTORC1_MEDIATED_SIGNALLING] was killed by [REACTOME_EUKARYOTIC_TRANSLATION_INITIATION,REACTOME_EUKARYOTIC_TRANSLATION_INITIATION]
[REACTOME_INTRINSIC_PATHWAY_FOR_APOPTOSIS,REACTOME_INTRINSIC_PATHWAY_FOR_APOPTOSIS] was killed by [REACTOME_S_PHASE,REACTOME_S_PHASE]
[REACTOME_TRANSLOCATION_OF_SLC2A4_GLUT4_TO_THE_PLASMA_MEMBRANE,REACTOME_TRANSLOCATION_OF_SLC2A4_GLUT4_TO_THE_PLASMA_MEMBRANE] was killed by [REACTOME_ANCHORING_OF_THE_BASAL_BODY_TO_THE_PLASMA_MEMBRANE,REACTOME_ANCHORING_OF_THE_BASAL_BODY_TO_THE_PLASMA_MEMBRANE]
[REACTOME_REGULATION_OF_TP53_ACTIVITY_THROUGH_METHYLATION,REACTOME_REGULATION_OF_TP53_ACTIVITY_THROUGH_METHYLATION] was killed by [REACTOME_PROTEIN_LOCALIZATION,REACTOME_PROTEIN_LOCALIZATION]
[REACTOME_REGULATION_OF_TP53_ACTIVITY_THROUGH_ACETYLATION,REACTOME_REGULATION_OF_TP53_ACTIVITY_THROUGH_ACETYLATION] was killed by [REACTOME_S_PHASE,REACTOME_S_PHASE]
[REACTOME_TNFR1_INDUCED_NFKAPPAB_SIGNALING_PATHWAY,REACTOME_TNFR1_INDUCED_NFKAPPAB_SIGNALING_PATHWAY] was killed by [REACTOME_PROTEIN_LOCALIZATION,REACTOME_PROTEIN_LOCALIZATION]
[REACTOME_DEFECTIVE_CFTR_CAUSES_CYSTIC_FIBROSIS,REACTOME_DEFECTIVE_CFTR_CAUSES_CYSTIC_FIBROSIS] was killed by [REACTOME_S_PHASE,REACTOME_S_PHASE]
[REACTOME_TP53_REGULATES_TRANSCRIPTION_OF_CELL_CYCLE_GENES,REACTOME_TP53_REGULATES_TRANSCRIPTION_OF_CELL_CYCLE_GENES] was killed by [REACTOME_S_PHASE,REACTOME_S_PHASE]
[REACTOME_CELL_JUNCTION_ORGANIZATION,REACTOME_CELL_JUNCTION_ORGANIZATION] was killed by [REACTOME_DEGRADATION_OF_THE_EXTRACELLULAR_MATRIX,REACTOME_DEGRADATION_OF_THE_EXTRACELLULAR_MATRIX]
[REACTOME_SIGNALING_BY_ERYTHROPOIETIN,REACTOME_SIGNALING_BY_ERYTHROPOIETIN] was killed by [REACTOME_RAC1_GTPASE_CYCLE,REACTOME_RAC1_GTPASE_CYCLE]
[REACTOME_PROCESSING_OF_INTRONLESS_PRE_MRNAS,REACTOME_PROCESSING_OF_INTRONLESS_PRE_MRNAS] was killed by [REACTOME_MRNA_SPLICING,REACTOME_MRNA_SPLICING]
[REACTOME_CLATHRIN_MEDIATED_ENDOCYTOSIS,REACTOME_CLATHRIN_MEDIATED_ENDOCYTOSIS] was killed by [REACTOME_MUSCLE_CONTRACTION,REACTOME_MUSCLE_CONTRACTION]
[REACTOME_RHO_GTPASES_ACTIVATE_NADPH_OXIDASES,REACTOME_RHO_GTPASES_ACTIVATE_NADPH_OXIDASES] was killed by [REACTOME_RAC1_GTPASE_CYCLE,REACTOME_RAC1_GTPASE_CYCLE]
[REACTOME_SEMAPHORIN_INTERACTIONS,REACTOME_SEMAPHORIN_INTERACTIONS] was killed by [REACTOME_MUSCLE_CONTRACTION,REACTOME_MUSCLE_CONTRACTION]
[REACTOME_IL_6_TYPE_CYTOKINE_RECEPTOR_LIGAND_INTERACTIONS,REACTOME_IL_6_TYPE_CYTOKINE_RECEPTOR_LIGAND_INTERACTIONS] was killed by [REACTOME_REGULATION_OF_IFNG_SIGNALING,REACTOME_REGULATION_OF_IFNG_SIGNALING]
[REACTOME_APC_CDC20_MEDIATED_DEGRADATION_OF_NEK2A,REACTOME_APC_CDC20_MEDIATED_DEGRADATION_OF_NEK2A] was killed by [REACTOME_PROTEIN_LOCALIZATION,REACTOME_PROTEIN_LOCALIZATION]
[REACTOME_TRANSCRIPTIONAL_REGULATION_OF_WHITE_ADIPOCYTE_DIFFERENTIATION,REACTOME_TRANSCRIPTIONAL_REGULATION_OF_WHITE_ADIPOCYTE_DIFFERENTIATION] was killed by [REACTOME_REGULATION_OF_CHOLESTEROL_BIOSYNTHESIS_BY_SREBP_SREBF,REACTOME_REGULATION_OF_CHOLESTEROL_BIOSYNTHESIS_BY_SREBP_SREBF]
[REACTOME_INTERLEUKIN_20_FAMILY_SIGNALING,REACTOME_INTERLEUKIN_20_FAMILY_SIGNALING] was killed by [REACTOME_REGULATION_OF_IFNG_SIGNALING,REACTOME_REGULATION_OF_IFNG_SIGNALING]
[REACTOME_INTERLEUKIN_17_SIGNALING,REACTOME_INTERLEUKIN_17_SIGNALING] was killed by [REACTOME_S_PHASE,REACTOME_S_PHASE]
[REACTOME_RHO_GTPASES_ACTIVATE_PAKS,REACTOME_RHO_GTPASES_ACTIVATE_PAKS] was killed by [REACTOME_MUSCLE_CONTRACTION,REACTOME_MUSCLE_CONTRACTION]
[REACTOME_MRNA_CAPPING,REACTOME_MRNA_CAPPING] was killed by [REACTOME_MRNA_SPLICING,REACTOME_MRNA_SPLICING]
[REACTOME_E2F_MEDIATED_REGULATION_OF_DNA_REPLICATION,REACTOME_E2F_MEDIATED_REGULATION_OF_DNA_REPLICATION] was killed by [REACTOME_S_PHASE,REACTOME_S_PHASE]
[REACTOME_SIGNALING_BY_HEDGEHOG,REACTOME_SIGNALING_BY_HEDGEHOG] was killed by [REACTOME_PEPTIDE_LIGAND_BINDING_RECEPTORS,REACTOME_PEPTIDE_LIGAND_BINDING_RECEPTORS]
[REACTOME_APC_C_CDC20_MEDIATED_DEGRADATION_OF_CYCLIN_B,REACTOME_APC_C_CDC20_MEDIATED_DEGRADATION_OF_CYCLIN_B] was killed by [REACTOME_PROTEIN_LOCALIZATION,REACTOME_PROTEIN_LOCALIZATION]
[REACTOME_DEPOSITION_OF_NEW_CENPA_CONTAINING_NUCLEOSOMES_AT_THE_CENTROMERE,REACTOME_DEPOSITION_OF_NEW_CENPA_CONTAINING_NUCLEOSOMES_AT_THE_CENTROMERE] was killed by [REACTOME_SIRT1_NEGATIVELY_REGULATES_RRNA_EXPRESSION,REACTOME_SIRT1_NEGATIVELY_REGULATES_RRNA_EXPRESSION]
[REACTOME_RESOLUTION_OF_D_LOOP_STRUCTURES,REACTOME_RESOLUTION_OF_D_LOOP_STRUCTURES] was killed by [REACTOME_RESOLUTION_OF_D_LOOP_STRUCTURES_THROUGH_SYNTHESIS_DEPENDENT_STRAND_ANNEALING_SDSA,REACTOME_RESOLUTION_OF_D_LOOP_STRUCTURES_THROUGH_SYNTHESIS_DEPENDENT_STRAND_ANNEALING_SDSA]
[REACTOME_HDR_THROUGH_SINGLE_STRAND_ANNEALING_SSA,REACTOME_HDR_THROUGH_SINGLE_STRAND_ANNEALING_SSA] was killed by [REACTOME_S_PHASE,REACTOME_S_PHASE]
[REACTOME_DEGRADATION_OF_CYSTEINE_AND_HOMOCYSTEINE,REACTOME_DEGRADATION_OF_CYSTEINE_AND_HOMOCYSTEINE] was killed by [REACTOME_SULFUR_AMINO_ACID_METABOLISM,REACTOME_SULFUR_AMINO_ACID_METABOLISM]
[REACTOME_RESOLUTION_OF_AP_SITES_VIA_THE_MULTIPLE_NUCLEOTIDE_PATCH_REPLACEMENT_PATHWAY,REACTOME_RESOLUTION_OF_AP_SITES_VIA_THE_MULTIPLE_NUCLEOTIDE_PATCH_REPLACEMENT_PATHWAY] was killed by [REACTOME_S_PHASE,REACTOME_S_PHASE]
[REACTOME_HEDGEHOG_OFF_STATE,REACTOME_HEDGEHOG_OFF_STATE] was killed by [REACTOME_S_PHASE,REACTOME_S_PHASE]
[REACTOME_SIGNALING_BY_TGF_BETA_RECEPTOR_COMPLEX,REACTOME_SIGNALING_BY_TGF_BETA_RECEPTOR_COMPLEX] was killed by [REACTOME_PROTEIN_LOCALIZATION,REACTOME_PROTEIN_LOCALIZATION]
[REACTOME_SYNTHESIS_OF_ACTIVE_UBIQUITIN_ROLES_OF_E1_AND_E2_ENZYMES,REACTOME_SYNTHESIS_OF_ACTIVE_UBIQUITIN_ROLES_OF_E1_AND_E2_ENZYMES] was killed by [REACTOME_PROTEIN_LOCALIZATION,REACTOME_PROTEIN_LOCALIZATION]
[REACTOME_ESTROGEN_DEPENDENT_GENE_EXPRESSION,REACTOME_ESTROGEN_DEPENDENT_GENE_EXPRESSION] was killed by [REACTOME_MRNA_SPLICING,REACTOME_MRNA_SPLICING]
[REACTOME_REGULATION_OF_RAS_BY_GAPS,REACTOME_REGULATION_OF_RAS_BY_GAPS] was killed by [REACTOME_S_PHASE,REACTOME_S_PHASE]
[REACTOME_REGULATION_OF_BETA_CELL_DEVELOPMENT,REACTOME_REGULATION_OF_BETA_CELL_DEVELOPMENT] was killed by [REACTOME_TRAF6_MEDIATED_IRF7_ACTIVATION,REACTOME_TRAF6_MEDIATED_IRF7_ACTIVATION]
[REACTOME_NEGATIVE_REGULATORS_OF_DDX58_IFIH1_SIGNALING,REACTOME_NEGATIVE_REGULATORS_OF_DDX58_IFIH1_SIGNALING] was killed by [REACTOME_PROTEIN_LOCALIZATION,REACTOME_PROTEIN_LOCALIZATION]
[REACTOME_CARDIAC_CONDUCTION,REACTOME_CARDIAC_CONDUCTION] was killed by [REACTOME_MUSCLE_CONTRACTION,REACTOME_MUSCLE_CONTRACTION]
[REACTOME_TRANSCRIPTIONAL_ACTIVATION_OF_MITOCHONDRIAL_BIOGENESIS,REACTOME_TRANSCRIPTIONAL_ACTIVATION_OF_MITOCHONDRIAL_BIOGENESIS] was killed by [REACTOME_REGULATION_OF_CHOLESTEROL_BIOSYNTHESIS_BY_SREBP_SREBF,REACTOME_REGULATION_OF_CHOLESTEROL_BIOSYNTHESIS_BY_SREBP_SREBF]
[REACTOME_FORMATION_OF_INCISION_COMPLEX_IN_GG_NER,REACTOME_FORMATION_OF_INCISION_COMPLEX_IN_GG_NER] was killed by [REACTOME_PROTEIN_LOCALIZATION,REACTOME_PROTEIN_LOCALIZATION]
[REACTOME_RNA_POLYMERASE_I_TRANSCRIPTION_INITIATION,REACTOME_RNA_POLYMERASE_I_TRANSCRIPTION_INITIATION] was killed by [REACTOME_MRNA_SPLICING,REACTOME_MRNA_SPLICING]
[REACTOME_TELOMERE_C_STRAND_LAGGING_STRAND_SYNTHESIS,REACTOME_TELOMERE_C_STRAND_LAGGING_STRAND_SYNTHESIS] was killed by [REACTOME_S_PHASE,REACTOME_S_PHASE]
[REACTOME_TP53_REGULATES_TRANSCRIPTION_OF_GENES_INVOLVED_IN_CYTOCHROME_C_RELEASE,REACTOME_TP53_REGULATES_TRANSCRIPTION_OF_GENES_INVOLVED_IN_CYTOCHROME_C_RELEASE] was killed by [REACTOME_REGULATED_NECROSIS,REACTOME_REGULATED_NECROSIS]
[REACTOME_RHOBTB3_ATPASE_CYCLE,REACTOME_RHOBTB3_ATPASE_CYCLE] was killed by [REACTOME_RAB_REGULATION_OF_TRAFFICKING,REACTOME_RAB_REGULATION_OF_TRAFFICKING]
[REACTOME_G2_M_DNA_DAMAGE_CHECKPOINT,REACTOME_G2_M_DNA_DAMAGE_CHECKPOINT] was killed by [REACTOME_S_PHASE,REACTOME_S_PHASE]
[REACTOME_TRANSPORT_TO_THE_GOLGI_AND_SUBSEQUENT_MODIFICATION,REACTOME_TRANSPORT_TO_THE_GOLGI_AND_SUBSEQUENT_MODIFICATION] was killed by [REACTOME_PEPTIDE_LIGAND_BINDING_RECEPTORS,REACTOME_PEPTIDE_LIGAND_BINDING_RECEPTORS]
[REACTOME_RHO_GTPASES_ACTIVATE_WASPS_AND_WAVES,REACTOME_RHO_GTPASES_ACTIVATE_WASPS_AND_WAVES] was killed by [REACTOME_RAC1_GTPASE_CYCLE,REACTOME_RAC1_GTPASE_CYCLE]
[REACTOME_RECOGNITION_OF_DNA_DAMAGE_BY_PCNA_CONTAINING_REPLICATION_COMPLEX,REACTOME_RECOGNITION_OF_DNA_DAMAGE_BY_PCNA_CONTAINING_REPLICATION_COMPLEX] was killed by [REACTOME_PROTEIN_LOCALIZATION,REACTOME_PROTEIN_LOCALIZATION]
[REACTOME_SIGNALING_BY_NOTCH3,REACTOME_SIGNALING_BY_NOTCH3] was killed by [REACTOME_S_PHASE,REACTOME_S_PHASE]
[REACTOME_REGULATION_OF_TP53_EXPRESSION_AND_DEGRADATION,REACTOME_REGULATION_OF_TP53_EXPRESSION_AND_DEGRADATION] was killed by [REACTOME_PROTEIN_LOCALIZATION,REACTOME_PROTEIN_LOCALIZATION]
[REACTOME_CONSTITUTIVE_SIGNALING_BY_ABERRANT_PI3K_IN_CANCER,REACTOME_CONSTITUTIVE_SIGNALING_BY_ABERRANT_PI3K_IN_CANCER] was killed by [REACTOME_RAC1_GTPASE_CYCLE,REACTOME_RAC1_GTPASE_CYCLE]
[REACTOME_TRANSLATION_OF_SARS_COV_1_STRUCTURAL_PROTEINS,REACTOME_TRANSLATION_OF_SARS_COV_1_STRUCTURAL_PROTEINS] was killed by [REACTOME_PROTEIN_LOCALIZATION,REACTOME_PROTEIN_LOCALIZATION]
[REACTOME_ABC_TRANSPORTER_DISORDERS,REACTOME_ABC_TRANSPORTER_DISORDERS] was killed by [REACTOME_PROTEIN_LOCALIZATION,REACTOME_PROTEIN_LOCALIZATION]
[REACTOME_C_TYPE_LECTIN_RECEPTORS_CLRS,REACTOME_C_TYPE_LECTIN_RECEPTORS_CLRS] was killed by [REACTOME_S_PHASE,REACTOME_S_PHASE]
[REACTOME_REGULATION_OF_IFNA_SIGNALING,REACTOME_REGULATION_OF_IFNA_SIGNALING] was killed by [REACTOME_TRAF6_MEDIATED_IRF7_ACTIVATION,REACTOME_TRAF6_MEDIATED_IRF7_ACTIVATION]
[REACTOME_PIWI_INTERACTING_RNA_PIRNA_BIOGENESIS,REACTOME_PIWI_INTERACTING_RNA_PIRNA_BIOGENESIS] was killed by [REACTOME_MRNA_SPLICING,REACTOME_MRNA_SPLICING]
[REACTOME_RUNX2_REGULATES_BONE_DEVELOPMENT,REACTOME_RUNX2_REGULATES_BONE_DEVELOPMENT] was killed by [REACTOME_SIGNALING_BY_NTRKS,REACTOME_SIGNALING_BY_NTRKS]
[REACTOME_FLT3_SIGNALING,REACTOME_FLT3_SIGNALING] was killed by [REACTOME_PROTEIN_LOCALIZATION,REACTOME_PROTEIN_LOCALIZATION]
[REACTOME_RECYCLING_OF_EIF2_GDP,REACTOME_RECYCLING_OF_EIF2_GDP] was killed by [REACTOME_EUKARYOTIC_TRANSLATION_INITIATION,REACTOME_EUKARYOTIC_TRANSLATION_INITIATION]
[REACTOME_RHOG_GTPASE_CYCLE,REACTOME_RHOG_GTPASE_CYCLE] was killed by [REACTOME_RAC1_GTPASE_CYCLE,REACTOME_RAC1_GTPASE_CYCLE]
[REACTOME_OXIDATIVE_STRESS_INDUCED_SENESCENCE,REACTOME_OXIDATIVE_STRESS_INDUCED_SENESCENCE] was killed by [REACTOME_S_PHASE,REACTOME_S_PHASE]
[REACTOME_RHOJ_GTPASE_CYCLE,REACTOME_RHOJ_GTPASE_CYCLE] was killed by [REACTOME_RAC1_GTPASE_CYCLE,REACTOME_RAC1_GTPASE_CYCLE]
[REACTOME_HDMS_DEMETHYLATE_HISTONES,REACTOME_HDMS_DEMETHYLATE_HISTONES] was killed by [REACTOME_SIRT1_NEGATIVELY_REGULATES_RRNA_EXPRESSION,REACTOME_SIRT1_NEGATIVELY_REGULATES_RRNA_EXPRESSION]
[REACTOME_EPIGENETIC_REGULATION_OF_GENE_EXPRESSION,REACTOME_EPIGENETIC_REGULATION_OF_GENE_EXPRESSION] was killed by [REACTOME_PEPTIDE_LIGAND_BINDING_RECEPTORS,REACTOME_PEPTIDE_LIGAND_BINDING_RECEPTORS]
[REACTOME_SIGNALING_BY_CYTOSOLIC_FGFR1_FUSION_MUTANTS,REACTOME_SIGNALING_BY_CYTOSOLIC_FGFR1_FUSION_MUTANTS] was killed by [REACTOME_RAC1_GTPASE_CYCLE,REACTOME_RAC1_GTPASE_CYCLE]
[REACTOME_PROCESSING_OF_DNA_DOUBLE_STRAND_BREAK_ENDS,REACTOME_PROCESSING_OF_DNA_DOUBLE_STRAND_BREAK_ENDS] was killed by [REACTOME_S_PHASE,REACTOME_S_PHASE]
[REACTOME_BUDDING_AND_MATURATION_OF_HIV_VIRION,REACTOME_BUDDING_AND_MATURATION_OF_HIV_VIRION] was killed by [REACTOME_PROTEIN_LOCALIZATION,REACTOME_PROTEIN_LOCALIZATION]
[REACTOME_TRANSPORT_OF_CONNEXONS_TO_THE_PLASMA_MEMBRANE,REACTOME_TRANSPORT_OF_CONNEXONS_TO_THE_PLASMA_MEMBRANE] was killed by [REACTOME_ANCHORING_OF_THE_BASAL_BODY_TO_THE_PLASMA_MEMBRANE,REACTOME_ANCHORING_OF_THE_BASAL_BODY_TO_THE_PLASMA_MEMBRANE]
[REACTOME_NOTCH3_ACTIVATION_AND_TRANSMISSION_OF_SIGNAL_TO_THE_NUCLEUS,REACTOME_NOTCH3_ACTIVATION_AND_TRANSMISSION_OF_SIGNAL_TO_THE_NUCLEUS] was killed by [REACTOME_PROTEIN_LOCALIZATION,REACTOME_PROTEIN_LOCALIZATION]
[REACTOME_NOTCH2_ACTIVATION_AND_TRANSMISSION_OF_SIGNAL_TO_THE_NUCLEUS,REACTOME_NOTCH2_ACTIVATION_AND_TRANSMISSION_OF_SIGNAL_TO_THE_NUCLEUS] was killed by [REACTOME_PROTEIN_LOCALIZATION,REACTOME_PROTEIN_LOCALIZATION]
[REACTOME_ER_TO_GOLGI_ANTEROGRADE_TRANSPORT,REACTOME_ER_TO_GOLGI_ANTEROGRADE_TRANSPORT] was killed by [REACTOME_PEPTIDE_LIGAND_BINDING_RECEPTORS,REACTOME_PEPTIDE_LIGAND_BINDING_RECEPTORS]
[REACTOME_BIOSYNTHESIS_OF_THE_N_GLYCAN_PRECURSOR_DOLICHOL_LIPID_LINKED_OLIGOSACCHARIDE_LLO_AND_TRANSFER_TO_A_NASCENT_PROTEIN,REACTOME_BIOSYNTHESIS_OF_THE_N_GLYCAN_PRECURSOR_DOLICHOL_LIPID_LINKED_OLIGOSACCHARIDE_LLO_AND_TRANSFER_TO_A_NASCENT_PROTEIN] was killed by [REACTOME_DISEASES_ASSOCIATED_WITH_N_GLYCOSYLATION_OF_PROTEINS,REACTOME_DISEASES_ASSOCIATED_WITH_N_GLYCOSYLATION_OF_PROTEINS]
[REACTOME_TRANSLATION_OF_SARS_COV_2_STRUCTURAL_PROTEINS,REACTOME_TRANSLATION_OF_SARS_COV_2_STRUCTURAL_PROTEINS] was killed by [REACTOME_PROTEIN_LOCALIZATION,REACTOME_PROTEIN_LOCALIZATION]
[REACTOME_SIGNALING_BY_FLT3_FUSION_PROTEINS,REACTOME_SIGNALING_BY_FLT3_FUSION_PROTEINS] was killed by [REACTOME_RAC1_GTPASE_CYCLE,REACTOME_RAC1_GTPASE_CYCLE]
[REACTOME_STRIATED_MUSCLE_CONTRACTION,REACTOME_STRIATED_MUSCLE_CONTRACTION] was killed by [REACTOME_MUSCLE_CONTRACTION,REACTOME_MUSCLE_CONTRACTION]
[REACTOME_TRAF6_MEDIATED_NF_KB_ACTIVATION,REACTOME_TRAF6_MEDIATED_NF_KB_ACTIVATION] was killed by [REACTOME_TRAF6_MEDIATED_IRF7_ACTIVATION,REACTOME_TRAF6_MEDIATED_IRF7_ACTIVATION]
[REACTOME_UNFOLDED_PROTEIN_RESPONSE_UPR,REACTOME_UNFOLDED_PROTEIN_RESPONSE_UPR] was killed by [REACTOME_REGULATION_OF_CHOLESTEROL_BIOSYNTHESIS_BY_SREBP_SREBF,REACTOME_REGULATION_OF_CHOLESTEROL_BIOSYNTHESIS_BY_SREBP_SREBF]
[REACTOME_TP53_REGULATES_TRANSCRIPTION_OF_CELL_DEATH_GENES,REACTOME_TP53_REGULATES_TRANSCRIPTION_OF_CELL_DEATH_GENES] was killed by [REACTOME_REGULATED_NECROSIS,REACTOME_REGULATED_NECROSIS]
[REACTOME_POST_CHAPERONIN_TUBULIN_FOLDING_PATHWAY,REACTOME_POST_CHAPERONIN_TUBULIN_FOLDING_PATHWAY] was killed by [REACTOME_ANCHORING_OF_THE_BASAL_BODY_TO_THE_PLASMA_MEMBRANE,REACTOME_ANCHORING_OF_THE_BASAL_BODY_TO_THE_PLASMA_MEMBRANE]
[REACTOME_MISMATCH_REPAIR,REACTOME_MISMATCH_REPAIR] was killed by [REACTOME_S_PHASE,REACTOME_S_PHASE]
[REACTOME_MAP3K8_TPL2_DEPENDENT_MAPK1_3_ACTIVATION,REACTOME_MAP3K8_TPL2_DEPENDENT_MAPK1_3_ACTIVATION] was killed by [REACTOME_EUKARYOTIC_TRANSLATION_INITIATION,REACTOME_EUKARYOTIC_TRANSLATION_INITIATION]
[REACTOME_CASPASE_MEDIATED_CLEAVAGE_OF_CYTOSKELETAL_PROTEINS,REACTOME_CASPASE_MEDIATED_CLEAVAGE_OF_CYTOSKELETAL_PROTEINS] was killed by [REACTOME_REGULATED_NECROSIS,REACTOME_REGULATED_NECROSIS]
[REACTOME_PURINE_RIBONUCLEOSIDE_MONOPHOSPHATE_BIOSYNTHESIS,REACTOME_PURINE_RIBONUCLEOSIDE_MONOPHOSPHATE_BIOSYNTHESIS] was killed by [REACTOME_NUCLEOBASE_BIOSYNTHESIS,REACTOME_NUCLEOBASE_BIOSYNTHESIS]
[REACTOME_MTOR_SIGNALLING,REACTOME_MTOR_SIGNALLING] was killed by [REACTOME_EUKARYOTIC_TRANSLATION_INITIATION,REACTOME_EUKARYOTIC_TRANSLATION_INITIATION]
[REACTOME_SIGNALING_BY_NTRK3_TRKC,REACTOME_SIGNALING_BY_NTRK3_TRKC] was killed by [REACTOME_RAC1_GTPASE_CYCLE,REACTOME_RAC1_GTPASE_CYCLE]
[REACTOME_NEPHRIN_FAMILY_INTERACTIONS,REACTOME_NEPHRIN_FAMILY_INTERACTIONS] was killed by [REACTOME_RAC1_GTPASE_CYCLE,REACTOME_RAC1_GTPASE_CYCLE]
[REACTOME_TP53_REGULATES_TRANSCRIPTION_OF_SEVERAL_ADDITIONAL_CELL_DEATH_GENES_WHOSE_SPECIFIC_ROLES_IN_P53_DEPENDENT_APOPTOSIS_REMAIN_UNCERTAIN,REACTOME_TP53_REGULATES_TRANSCRIPTION_OF_SEVERAL_ADDITIONAL_CELL_DEATH_GENES_WHOSE_SPECIFIC_ROLES_IN_P53_DEPENDENT_APOPTOSIS_REMAIN_UNCERTAIN] was killed by [REACTOME_REGULATED_NECROSIS,REACTOME_REGULATED_NECROSIS]
[REACTOME_SMOOTH_MUSCLE_CONTRACTION,REACTOME_SMOOTH_MUSCLE_CONTRACTION] was killed by [REACTOME_MUSCLE_CONTRACTION,REACTOME_MUSCLE_CONTRACTION]
[REACTOME_POSTMITOTIC_NUCLEAR_PORE_COMPLEX_NPC_REFORMATION,REACTOME_POSTMITOTIC_NUCLEAR_PORE_COMPLEX_NPC_REFORMATION] was killed by [REACTOME_TRNA_PROCESSING,REACTOME_TRNA_PROCESSING]
[REACTOME_TRAF3_DEPENDENT_IRF_ACTIVATION_PATHWAY,REACTOME_TRAF3_DEPENDENT_IRF_ACTIVATION_PATHWAY] was killed by [REACTOME_TRAF6_MEDIATED_IRF7_ACTIVATION,REACTOME_TRAF6_MEDIATED_IRF7_ACTIVATION]
[REACTOME_NUCLEAR_ENVELOPE_NE_REASSEMBLY,REACTOME_NUCLEAR_ENVELOPE_NE_REASSEMBLY] was killed by [REACTOME_TRNA_PROCESSING,REACTOME_TRNA_PROCESSING]
[REACTOME_ACTIVATION_OF_ANTERIOR_HOX_GENES_IN_HINDBRAIN_DEVELOPMENT_DURING_EARLY_EMBRYOGENESIS,REACTOME_ACTIVATION_OF_ANTERIOR_HOX_GENES_IN_HINDBRAIN_DEVELOPMENT_DURING_EARLY_EMBRYOGENESIS] was killed by [REACTOME_MRNA_SPLICING,REACTOME_MRNA_SPLICING]
[REACTOME_RAB_GEFS_EXCHANGE_GTP_FOR_GDP_ON_RABS,REACTOME_RAB_GEFS_EXCHANGE_GTP_FOR_GDP_ON_RABS] was killed by [REACTOME_RAB_REGULATION_OF_TRAFFICKING,REACTOME_RAB_REGULATION_OF_TRAFFICKING]
[REACTOME_PYROPTOSIS,REACTOME_PYROPTOSIS] was killed by [REACTOME_REGULATED_NECROSIS,REACTOME_REGULATED_NECROSIS]
[REACTOME_RECRUITMENT_OF_NUMA_TO_MITOTIC_CENTROSOMES,REACTOME_RECRUITMENT_OF_NUMA_TO_MITOTIC_CENTROSOMES] was killed by [REACTOME_ANCHORING_OF_THE_BASAL_BODY_TO_THE_PLASMA_MEMBRANE,REACTOME_ANCHORING_OF_THE_BASAL_BODY_TO_THE_PLASMA_MEMBRANE]
[REACTOME_SIGNALING_BY_FLT3_ITD_AND_TKD_MUTANTS,REACTOME_SIGNALING_BY_FLT3_ITD_AND_TKD_MUTANTS] was killed by [REACTOME_RAC1_GTPASE_CYCLE,REACTOME_RAC1_GTPASE_CYCLE]
[REACTOME_ACTIVATED_NOTCH1_TRANSMITS_SIGNAL_TO_THE_NUCLEUS,REACTOME_ACTIVATED_NOTCH1_TRANSMITS_SIGNAL_TO_THE_NUCLEUS] was killed by [REACTOME_PROTEIN_LOCALIZATION,REACTOME_PROTEIN_LOCALIZATION]
[REACTOME_HEDGEHOG_ON_STATE,REACTOME_HEDGEHOG_ON_STATE] was killed by [REACTOME_S_PHASE,REACTOME_S_PHASE]
[REACTOME_SUMOYLATION_OF_CHROMATIN_ORGANIZATION_PROTEINS,REACTOME_SUMOYLATION_OF_CHROMATIN_ORGANIZATION_PROTEINS] was killed by [REACTOME_TRNA_PROCESSING,REACTOME_TRNA_PROCESSING]
[REACTOME_SIGNALING_BY_NOTCH1_HD_DOMAIN_MUTANTS_IN_CANCER,REACTOME_SIGNALING_BY_NOTCH1_HD_DOMAIN_MUTANTS_IN_CANCER] was killed by [REACTOME_EUKARYOTIC_TRANSLATION_INITIATION,REACTOME_EUKARYOTIC_TRANSLATION_INITIATION]
[REACTOME_MITOCHONDRIAL_IRON_SULFUR_CLUSTER_BIOGENESIS,REACTOME_MITOCHONDRIAL_IRON_SULFUR_CLUSTER_BIOGENESIS] was killed by [REACTOME_PROTEIN_LOCALIZATION,REACTOME_PROTEIN_LOCALIZATION]
[REACTOME_RHOU_GTPASE_CYCLE,REACTOME_RHOU_GTPASE_CYCLE] was killed by [REACTOME_RAC1_GTPASE_CYCLE,REACTOME_RAC1_GTPASE_CYCLE]
[REACTOME_GAP_JUNCTION_TRAFFICKING_AND_REGULATION,REACTOME_GAP_JUNCTION_TRAFFICKING_AND_REGULATION] was killed by [REACTOME_ANCHORING_OF_THE_BASAL_BODY_TO_THE_PLASMA_MEMBRANE,REACTOME_ANCHORING_OF_THE_BASAL_BODY_TO_THE_PLASMA_MEMBRANE]
[REACTOME_UNBLOCKING_OF_NMDA_RECEPTORS_GLUTAMATE_BINDING_AND_ACTIVATION,REACTOME_UNBLOCKING_OF_NMDA_RECEPTORS_GLUTAMATE_BINDING_AND_ACTIVATION] was killed by [REACTOME_MUSCLE_CONTRACTION,REACTOME_MUSCLE_CONTRACTION]
[REACTOME_EPH_EPHRIN_SIGNALING,REACTOME_EPH_EPHRIN_SIGNALING] was killed by [REACTOME_MUSCLE_CONTRACTION,REACTOME_MUSCLE_CONTRACTION]
[REACTOME_SYNTHESIS_OF_PIPS_AT_THE_PLASMA_MEMBRANE,REACTOME_SYNTHESIS_OF_PIPS_AT_THE_PLASMA_MEMBRANE] was killed by [REACTOME_TRANS_GOLGI_NETWORK_VESICLE_BUDDING,REACTOME_TRANS_GOLGI_NETWORK_VESICLE_BUDDING]
[REACTOME_CREB_PHOSPHORYLATION,REACTOME_CREB_PHOSPHORYLATION] was killed by [REACTOME_SIGNALING_BY_NTRKS,REACTOME_SIGNALING_BY_NTRKS]
[REACTOME_COLLAGEN_DEGRADATION,REACTOME_COLLAGEN_DEGRADATION] was killed by [REACTOME_DEGRADATION_OF_THE_EXTRACELLULAR_MATRIX,REACTOME_DEGRADATION_OF_THE_EXTRACELLULAR_MATRIX]
[REACTOME_DEATH_RECEPTOR_SIGNALLING,REACTOME_DEATH_RECEPTOR_SIGNALLING] was killed by [REACTOME_PEPTIDE_LIGAND_BINDING_RECEPTORS,REACTOME_PEPTIDE_LIGAND_BINDING_RECEPTORS]
[REACTOME_RUNX2_REGULATES_OSTEOBLAST_DIFFERENTIATION,REACTOME_RUNX2_REGULATES_OSTEOBLAST_DIFFERENTIATION] was killed by [REACTOME_SIGNALING_BY_NTRKS,REACTOME_SIGNALING_BY_NTRKS]
[REACTOME_SIGNALING_BY_ERBB2_ECD_MUTANTS,REACTOME_SIGNALING_BY_ERBB2_ECD_MUTANTS] was killed by [REACTOME_RAC1_GTPASE_CYCLE,REACTOME_RAC1_GTPASE_CYCLE]
[REACTOME_METALLOPROTEASE_DUBS,REACTOME_METALLOPROTEASE_DUBS] was killed by [REACTOME_PROTEIN_LOCALIZATION,REACTOME_PROTEIN_LOCALIZATION]
[REACTOME_RHOD_GTPASE_CYCLE,REACTOME_RHOD_GTPASE_CYCLE] was killed by [REACTOME_RAC1_GTPASE_CYCLE,REACTOME_RAC1_GTPASE_CYCLE]
[REACTOME_REGULATION_OF_LIPID_METABOLISM_BY_PPARALPHA,REACTOME_REGULATION_OF_LIPID_METABOLISM_BY_PPARALPHA] was killed by [REACTOME_REGULATION_OF_CHOLESTEROL_BIOSYNTHESIS_BY_SREBP_SREBF,REACTOME_REGULATION_OF_CHOLESTEROL_BIOSYNTHESIS_BY_SREBP_SREBF]
[REACTOME_N_GLYCAN_TRIMMING_IN_THE_ER_AND_CALNEXIN_CALRETICULIN_CYCLE,REACTOME_N_GLYCAN_TRIMMING_IN_THE_ER_AND_CALNEXIN_CALRETICULIN_CYCLE] was killed by [REACTOME_PROTEIN_LOCALIZATION,REACTOME_PROTEIN_LOCALIZATION]
[REACTOME_RORA_ACTIVATES_GENE_EXPRESSION,REACTOME_RORA_ACTIVATES_GENE_EXPRESSION] was killed by [REACTOME_REGULATION_OF_CHOLESTEROL_BIOSYNTHESIS_BY_SREBP_SREBF,REACTOME_REGULATION_OF_CHOLESTEROL_BIOSYNTHESIS_BY_SREBP_SREBF]
[REACTOME_REGULATION_OF_PTEN_GENE_TRANSCRIPTION,REACTOME_REGULATION_OF_PTEN_GENE_TRANSCRIPTION] was killed by [REACTOME_AMINO_ACIDS_REGULATE_MTORC1,REACTOME_AMINO_ACIDS_REGULATE_MTORC1]
[REACTOME_CD209_DC_SIGN_SIGNALING,REACTOME_CD209_DC_SIGN_SIGNALING] was killed by [REACTOME_MUSCLE_CONTRACTION,REACTOME_MUSCLE_CONTRACTION]
[REACTOME_CLASS_I_PEROXISOMAL_MEMBRANE_PROTEIN_IMPORT,REACTOME_CLASS_I_PEROXISOMAL_MEMBRANE_PROTEIN_IMPORT] was killed by [REACTOME_PROTEIN_LOCALIZATION,REACTOME_PROTEIN_LOCALIZATION]
[REACTOME_GLUCONEOGENESIS,REACTOME_GLUCONEOGENESIS] was killed by [REACTOME_SULFUR_AMINO_ACID_METABOLISM,REACTOME_SULFUR_AMINO_ACID_METABOLISM]
[REACTOME_SIGNALING_BY_KIT_IN_DISEASE,REACTOME_SIGNALING_BY_KIT_IN_DISEASE] was killed by [REACTOME_RAC1_GTPASE_CYCLE,REACTOME_RAC1_GTPASE_CYCLE]
[REACTOME_RIPK1_MEDIATED_REGULATED_NECROSIS,REACTOME_RIPK1_MEDIATED_REGULATED_NECROSIS] was killed by [REACTOME_PROTEIN_LOCALIZATION,REACTOME_PROTEIN_LOCALIZATION]
[REACTOME_RAS_ACTIVATION_UPON_CA2_INFLUX_THROUGH_NMDA_RECEPTOR,REACTOME_RAS_ACTIVATION_UPON_CA2_INFLUX_THROUGH_NMDA_RECEPTOR] was killed by [REACTOME_MUSCLE_CONTRACTION,REACTOME_MUSCLE_CONTRACTION]
[REACTOME_RNA_POLYMERASE_III_TRANSCRIPTION_INITIATION_FROM_TYPE_3_PROMOTER,REACTOME_RNA_POLYMERASE_III_TRANSCRIPTION_INITIATION_FROM_TYPE_3_PROMOTER] was killed by [REACTOME_MRNA_SPLICING,REACTOME_MRNA_SPLICING]
[REACTOME_REPRODUCTION,REACTOME_REPRODUCTION] was killed by [REACTOME_PEPTIDE_LIGAND_BINDING_RECEPTORS,REACTOME_PEPTIDE_LIGAND_BINDING_RECEPTORS]
[REACTOME_SYNTHESIS_OF_BILE_ACIDS_AND_BILE_SALTS_VIA_7ALPHA_HYDROXYCHOLESTEROL,REACTOME_SYNTHESIS_OF_BILE_ACIDS_AND_BILE_SALTS_VIA_7ALPHA_HYDROXYCHOLESTEROL] was killed by [REACTOME_PROTEIN_LOCALIZATION,REACTOME_PROTEIN_LOCALIZATION]
[REACTOME_ANDROGEN_BIOSYNTHESIS,REACTOME_ANDROGEN_BIOSYNTHESIS] was killed by [REACTOME_GLUCOCORTICOID_BIOSYNTHESIS,REACTOME_GLUCOCORTICOID_BIOSYNTHESIS]
[REACTOME_INLB_MEDIATED_ENTRY_OF_LISTERIA_MONOCYTOGENES_INTO_HOST_CELL,REACTOME_INLB_MEDIATED_ENTRY_OF_LISTERIA_MONOCYTOGENES_INTO_HOST_CELL] was killed by [REACTOME_EUKARYOTIC_TRANSLATION_INITIATION,REACTOME_EUKARYOTIC_TRANSLATION_INITIATION]
[REACTOME_TELOMERE_EXTENSION_BY_TELOMERASE,REACTOME_TELOMERE_EXTENSION_BY_TELOMERASE] was killed by [REACTOME_S_PHASE,REACTOME_S_PHASE]
[REACTOME_GLUCAGON_TYPE_LIGAND_RECEPTORS,REACTOME_GLUCAGON_TYPE_LIGAND_RECEPTORS] was killed by [REACTOME_CLASS_B_2_SECRETIN_FAMILY_RECEPTORS,REACTOME_CLASS_B_2_SECRETIN_FAMILY_RECEPTORS]
[REACTOME_MAPK6_MAPK4_SIGNALING,REACTOME_MAPK6_MAPK4_SIGNALING] was killed by [REACTOME_S_PHASE,REACTOME_S_PHASE]
[REACTOME_INTERACTION_BETWEEN_L1_AND_ANKYRINS,REACTOME_INTERACTION_BETWEEN_L1_AND_ANKYRINS] was killed by [REACTOME_MUSCLE_CONTRACTION,REACTOME_MUSCLE_CONTRACTION]
[REACTOME_DEADENYLATION_OF_MRNA,REACTOME_DEADENYLATION_OF_MRNA] was killed by [REACTOME_EUKARYOTIC_TRANSLATION_INITIATION,REACTOME_EUKARYOTIC_TRANSLATION_INITIATION]
[REACTOME_REGULATION_OF_MECP2_EXPRESSION_AND_ACTIVITY,REACTOME_REGULATION_OF_MECP2_EXPRESSION_AND_ACTIVITY] was killed by [REACTOME_MUSCLE_CONTRACTION,REACTOME_MUSCLE_CONTRACTION]
[REACTOME_RHOBTB_GTPASE_CYCLE,REACTOME_RHOBTB_GTPASE_CYCLE] was killed by [REACTOME_MRNA_SPLICING,REACTOME_MRNA_SPLICING]
[REACTOME_CARBOXYTERMINAL_POST_TRANSLATIONAL_MODIFICATIONS_OF_TUBULIN,REACTOME_CARBOXYTERMINAL_POST_TRANSLATIONAL_MODIFICATIONS_OF_TUBULIN] was killed by [REACTOME_ANCHORING_OF_THE_BASAL_BODY_TO_THE_PLASMA_MEMBRANE,REACTOME_ANCHORING_OF_THE_BASAL_BODY_TO_THE_PLASMA_MEMBRANE]
[REACTOME_FATTY_ACID_METABOLISM,REACTOME_FATTY_ACID_METABOLISM] was killed by [REACTOME_PEPTIDE_LIGAND_BINDING_RECEPTORS,REACTOME_PEPTIDE_LIGAND_BINDING_RECEPTORS]
[REACTOME_INTERLEUKIN_6_FAMILY_SIGNALING,REACTOME_INTERLEUKIN_6_FAMILY_SIGNALING] was killed by [REACTOME_REGULATION_OF_IFNG_SIGNALING,REACTOME_REGULATION_OF_IFNG_SIGNALING]
[REACTOME_TICAM1_RIP1_MEDIATED_IKK_COMPLEX_RECRUITMENT,REACTOME_TICAM1_RIP1_MEDIATED_IKK_COMPLEX_RECRUITMENT] was killed by [REACTOME_EUKARYOTIC_TRANSLATION_INITIATION,REACTOME_EUKARYOTIC_TRANSLATION_INITIATION]
[REACTOME_INITIATION_OF_NUCLEAR_ENVELOPE_NE_REFORMATION,REACTOME_INITIATION_OF_NUCLEAR_ENVELOPE_NE_REFORMATION] was killed by [REACTOME_ANCHORING_OF_THE_BASAL_BODY_TO_THE_PLASMA_MEMBRANE,REACTOME_ANCHORING_OF_THE_BASAL_BODY_TO_THE_PLASMA_MEMBRANE]
[REACTOME_REGULATION_OF_RUNX2_EXPRESSION_AND_ACTIVITY,REACTOME_REGULATION_OF_RUNX2_EXPRESSION_AND_ACTIVITY] was killed by [REACTOME_S_PHASE,REACTOME_S_PHASE]
[REACTOME_CALCITONIN_LIKE_LIGAND_RECEPTORS,REACTOME_CALCITONIN_LIKE_LIGAND_RECEPTORS] was killed by [REACTOME_CLASS_B_2_SECRETIN_FAMILY_RECEPTORS,REACTOME_CLASS_B_2_SECRETIN_FAMILY_RECEPTORS]
[REACTOME_MYOCLONIC_EPILEPSY_OF_LAFORA,REACTOME_MYOCLONIC_EPILEPSY_OF_LAFORA] was killed by [REACTOME_EUKARYOTIC_TRANSLATION_INITIATION,REACTOME_EUKARYOTIC_TRANSLATION_INITIATION]
[REACTOME_REGULATION_OF_PTEN_LOCALIZATION,REACTOME_REGULATION_OF_PTEN_LOCALIZATION] was killed by [REACTOME_EUKARYOTIC_TRANSLATION_INITIATION,REACTOME_EUKARYOTIC_TRANSLATION_INITIATION]
[REACTOME_DISORDERS_OF_TRANSMEMBRANE_TRANSPORTERS,REACTOME_DISORDERS_OF_TRANSMEMBRANE_TRANSPORTERS] was killed by [REACTOME_FORMATION_OF_THE_CORNIFIED_ENVELOPE,REACTOME_FORMATION_OF_THE_CORNIFIED_ENVELOPE]
[REACTOME_TRANSCRIPTIONAL_REGULATION_BY_E2F6,REACTOME_TRANSCRIPTIONAL_REGULATION_BY_E2F6] was killed by [REACTOME_S_PHASE,REACTOME_S_PHASE]
[REACTOME_RHOH_GTPASE_CYCLE,REACTOME_RHOH_GTPASE_CYCLE] was killed by [REACTOME_RAC1_GTPASE_CYCLE,REACTOME_RAC1_GTPASE_CYCLE]
[REACTOME_O_GLYCOSYLATION_OF_TSR_DOMAIN_CONTAINING_PROTEINS,REACTOME_O_GLYCOSYLATION_OF_TSR_DOMAIN_CONTAINING_PROTEINS] was killed by [REACTOME_DEGRADATION_OF_THE_EXTRACELLULAR_MATRIX,REACTOME_DEGRADATION_OF_THE_EXTRACELLULAR_MATRIX]
[REACTOME_SIGNALING_BY_PDGF,REACTOME_SIGNALING_BY_PDGF] was killed by [REACTOME_DEGRADATION_OF_THE_EXTRACELLULAR_MATRIX,REACTOME_DEGRADATION_OF_THE_EXTRACELLULAR_MATRIX]
[REACTOME_ONCOGENIC_MAPK_SIGNALING,REACTOME_ONCOGENIC_MAPK_SIGNALING] was killed by [REACTOME_MUSCLE_CONTRACTION,REACTOME_MUSCLE_CONTRACTION]
[REACTOME_DAP12_INTERACTIONS,REACTOME_DAP12_INTERACTIONS] was killed by [REACTOME_RAC1_GTPASE_CYCLE,REACTOME_RAC1_GTPASE_CYCLE]
[REACTOME_ANTIGEN_PRESENTATION_FOLDING_ASSEMBLY_AND_PEPTIDE_LOADING_OF_CLASS_I_MHC,REACTOME_ANTIGEN_PRESENTATION_FOLDING_ASSEMBLY_AND_PEPTIDE_LOADING_OF_CLASS_I_MHC] was killed by [REACTOME_REGULATION_OF_CHOLESTEROL_BIOSYNTHESIS_BY_SREBP_SREBF,REACTOME_REGULATION_OF_CHOLESTEROL_BIOSYNTHESIS_BY_SREBP_SREBF]
[REACTOME_DAP12_SIGNALING,REACTOME_DAP12_SIGNALING] was killed by [REACTOME_RAC1_GTPASE_CYCLE,REACTOME_RAC1_GTPASE_CYCLE]
[REACTOME_SIGNALING_BY_CSF3_G_CSF,REACTOME_SIGNALING_BY_CSF3_G_CSF] was killed by [REACTOME_PROTEIN_LOCALIZATION,REACTOME_PROTEIN_LOCALIZATION]
[REACTOME_INTERLEUKIN_1_SIGNALING,REACTOME_INTERLEUKIN_1_SIGNALING] was killed by [REACTOME_S_PHASE,REACTOME_S_PHASE]
[REACTOME_SIGNALING_BY_VEGF,REACTOME_SIGNALING_BY_VEGF] was killed by [REACTOME_MUSCLE_CONTRACTION,REACTOME_MUSCLE_CONTRACTION]
[REACTOME_CD28_DEPENDENT_PI3K_AKT_SIGNALING,REACTOME_CD28_DEPENDENT_PI3K_AKT_SIGNALING] was killed by [REACTOME_S_PHASE,REACTOME_S_PHASE]
[REACTOME_INSERTION_OF_TAIL_ANCHORED_PROTEINS_INTO_THE_ENDOPLASMIC_RETICULUM_MEMBRANE,REACTOME_INSERTION_OF_TAIL_ANCHORED_PROTEINS_INTO_THE_ENDOPLASMIC_RETICULUM_MEMBRANE] was killed by [REACTOME_PROTEIN_LOCALIZATION,REACTOME_PROTEIN_LOCALIZATION]
[REACTOME_INTERLEUKIN_3_INTERLEUKIN_5_AND_GM_CSF_SIGNALING,REACTOME_INTERLEUKIN_3_INTERLEUKIN_5_AND_GM_CSF_SIGNALING] was killed by [REACTOME_PROTEIN_LOCALIZATION,REACTOME_PROTEIN_LOCALIZATION]
[REACTOME_MATURATION_OF_NUCLEOPROTEIN,REACTOME_MATURATION_OF_NUCLEOPROTEIN] was killed by [REACTOME_REGULATION_OF_IFNG_SIGNALING,REACTOME_REGULATION_OF_IFNG_SIGNALING]
[REACTOME_FOXO_MEDIATED_TRANSCRIPTION,REACTOME_FOXO_MEDIATED_TRANSCRIPTION] was killed by [REACTOME_S_PHASE,REACTOME_S_PHASE]
[REACTOME_DISASSEMBLY_OF_THE_DESTRUCTION_COMPLEX_AND_RECRUITMENT_OF_AXIN_TO_THE_MEMBRANE,REACTOME_DISASSEMBLY_OF_THE_DESTRUCTION_COMPLEX_AND_RECRUITMENT_OF_AXIN_TO_THE_MEMBRANE] was killed by [REACTOME_CLASS_B_2_SECRETIN_FAMILY_RECEPTORS,REACTOME_CLASS_B_2_SECRETIN_FAMILY_RECEPTORS]
[REACTOME_GOLGI_TO_ER_RETROGRADE_TRANSPORT,REACTOME_GOLGI_TO_ER_RETROGRADE_TRANSPORT] was killed by [REACTOME_PEPTIDE_LIGAND_BINDING_RECEPTORS,REACTOME_PEPTIDE_LIGAND_BINDING_RECEPTORS]
[REACTOME_TIE2_SIGNALING,REACTOME_TIE2_SIGNALING] was killed by [REACTOME_RAC1_GTPASE_CYCLE,REACTOME_RAC1_GTPASE_CYCLE]
[REACTOME_SIGNALING_BY_FGFR1_IN_DISEASE,REACTOME_SIGNALING_BY_FGFR1_IN_DISEASE] was killed by [REACTOME_RAC1_GTPASE_CYCLE,REACTOME_RAC1_GTPASE_CYCLE]
[REACTOME_ACTIVATION_OF_BH3_ONLY_PROTEINS,REACTOME_ACTIVATION_OF_BH3_ONLY_PROTEINS] was killed by [REACTOME_S_PHASE,REACTOME_S_PHASE]
[REACTOME_CELL_EXTRACELLULAR_MATRIX_INTERACTIONS,REACTOME_CELL_EXTRACELLULAR_MATRIX_INTERACTIONS] was killed by [REACTOME_RAC1_GTPASE_CYCLE,REACTOME_RAC1_GTPASE_CYCLE]
[REACTOME_INACTIVATION_OF_CSF3_G_CSF_SIGNALING,REACTOME_INACTIVATION_OF_CSF3_G_CSF_SIGNALING] was killed by [REACTOME_PROTEIN_LOCALIZATION,REACTOME_PROTEIN_LOCALIZATION]
[REACTOME_PCNA_DEPENDENT_LONG_PATCH_BASE_EXCISION_REPAIR,REACTOME_PCNA_DEPENDENT_LONG_PATCH_BASE_EXCISION_REPAIR] was killed by [REACTOME_S_PHASE,REACTOME_S_PHASE]
[REACTOME_TICAM1_DEPENDENT_ACTIVATION_OF_IRF3_IRF7,REACTOME_TICAM1_DEPENDENT_ACTIVATION_OF_IRF3_IRF7] was killed by [REACTOME_EUKARYOTIC_TRANSLATION_INITIATION,REACTOME_EUKARYOTIC_TRANSLATION_INITIATION]
[REACTOME_ALPHA_PROTEIN_KINASE_1_SIGNALING_PATHWAY,REACTOME_ALPHA_PROTEIN_KINASE_1_SIGNALING_PATHWAY] was killed by [REACTOME_EUKARYOTIC_TRANSLATION_INITIATION,REACTOME_EUKARYOTIC_TRANSLATION_INITIATION]
[REACTOME_LAGGING_STRAND_SYNTHESIS,REACTOME_LAGGING_STRAND_SYNTHESIS] was killed by [REACTOME_S_PHASE,REACTOME_S_PHASE]
[REACTOME_ROS_AND_RNS_PRODUCTION_IN_PHAGOCYTES,REACTOME_ROS_AND_RNS_PRODUCTION_IN_PHAGOCYTES] was killed by [REACTOME_RAC1_GTPASE_CYCLE,REACTOME_RAC1_GTPASE_CYCLE]
[REACTOME_CYCLIN_D_ASSOCIATED_EVENTS_IN_G1,REACTOME_CYCLIN_D_ASSOCIATED_EVENTS_IN_G1] was killed by [REACTOME_PROTEIN_LOCALIZATION,REACTOME_PROTEIN_LOCALIZATION]
[REACTOME_GLUCOSE_METABOLISM,REACTOME_GLUCOSE_METABOLISM] was killed by [REACTOME_TRNA_PROCESSING,REACTOME_TRNA_PROCESSING]
[REACTOME_ASSEMBLY_OF_COLLAGEN_FIBRILS_AND_OTHER_MULTIMERIC_STRUCTURES,REACTOME_ASSEMBLY_OF_COLLAGEN_FIBRILS_AND_OTHER_MULTIMERIC_STRUCTURES] was killed by [REACTOME_DEGRADATION_OF_THE_EXTRACELLULAR_MATRIX,REACTOME_DEGRADATION_OF_THE_EXTRACELLULAR_MATRIX]
[REACTOME_INWARDLY_RECTIFYING_K_CHANNELS,REACTOME_INWARDLY_RECTIFYING_K_CHANNELS] was killed by [REACTOME_MUSCLE_CONTRACTION,REACTOME_MUSCLE_CONTRACTION]
[REACTOME_BBSOME_MEDIATED_CARGO_TARGETING_TO_CILIUM,REACTOME_BBSOME_MEDIATED_CARGO_TARGETING_TO_CILIUM] was killed by [REACTOME_ASSOCIATION_OF_TRIC_CCT_WITH_TARGET_PROTEINS_DURING_BIOSYNTHESIS,REACTOME_ASSOCIATION_OF_TRIC_CCT_WITH_TARGET_PROTEINS_DURING_BIOSYNTHESIS]
[REACTOME_RNA_POLYMERASE_III_TRANSCRIPTION_TERMINATION,REACTOME_RNA_POLYMERASE_III_TRANSCRIPTION_TERMINATION] was killed by [REACTOME_MRNA_SPLICING,REACTOME_MRNA_SPLICING]
[REACTOME_GOLGI_CISTERNAE_PERICENTRIOLAR_STACK_REORGANIZATION,REACTOME_GOLGI_CISTERNAE_PERICENTRIOLAR_STACK_REORGANIZATION] was killed by [REACTOME_ANCHORING_OF_THE_BASAL_BODY_TO_THE_PLASMA_MEMBRANE,REACTOME_ANCHORING_OF_THE_BASAL_BODY_TO_THE_PLASMA_MEMBRANE]
[REACTOME_ERYTHROPOIETIN_ACTIVATES_RAS,REACTOME_ERYTHROPOIETIN_ACTIVATES_RAS] was killed by [REACTOME_RAC1_GTPASE_CYCLE,REACTOME_RAC1_GTPASE_CYCLE]
[REACTOME_EPH_EPHRIN_MEDIATED_REPULSION_OF_CELLS,REACTOME_EPH_EPHRIN_MEDIATED_REPULSION_OF_CELLS] was killed by [REACTOME_RAC1_GTPASE_CYCLE,REACTOME_RAC1_GTPASE_CYCLE]
[REACTOME_DISEASES_OF_MITOTIC_CELL_CYCLE,REACTOME_DISEASES_OF_MITOTIC_CELL_CYCLE] was killed by [REACTOME_S_PHASE,REACTOME_S_PHASE]
[REACTOME_LISTERIA_MONOCYTOGENES_ENTRY_INTO_HOST_CELLS,REACTOME_LISTERIA_MONOCYTOGENES_ENTRY_INTO_HOST_CELLS] was killed by [REACTOME_EUKARYOTIC_TRANSLATION_INITIATION,REACTOME_EUKARYOTIC_TRANSLATION_INITIATION]
[REACTOME_CONSTITUTIVE_SIGNALING_BY_LIGAND_RESPONSIVE_EGFR_CANCER_VARIANTS,REACTOME_CONSTITUTIVE_SIGNALING_BY_LIGAND_RESPONSIVE_EGFR_CANCER_VARIANTS] was killed by [REACTOME_EUKARYOTIC_TRANSLATION_INITIATION,REACTOME_EUKARYOTIC_TRANSLATION_INITIATION]
[REACTOME_EPHB_MEDIATED_FORWARD_SIGNALING,REACTOME_EPHB_MEDIATED_FORWARD_SIGNALING] was killed by [REACTOME_RAC1_GTPASE_CYCLE,REACTOME_RAC1_GTPASE_CYCLE]
[REACTOME_TRANSCRIPTIONAL_REGULATION_BY_VENTX,REACTOME_TRANSCRIPTIONAL_REGULATION_BY_VENTX] was killed by [REACTOME_S_PHASE,REACTOME_S_PHASE]
[REACTOME_MAPK_TARGETS_NUCLEAR_EVENTS_MEDIATED_BY_MAP_KINASES,REACTOME_MAPK_TARGETS_NUCLEAR_EVENTS_MEDIATED_BY_MAP_KINASES] was killed by [REACTOME_SIGNALING_BY_NTRKS,REACTOME_SIGNALING_BY_NTRKS]
[REACTOME_ACTIVATION_OF_MATRIX_METALLOPROTEINASES,REACTOME_ACTIVATION_OF_MATRIX_METALLOPROTEINASES] was killed by [REACTOME_ANTIMICROBIAL_PEPTIDES,REACTOME_ANTIMICROBIAL_PEPTIDES]
[REACTOME_VOLTAGE_GATED_POTASSIUM_CHANNELS,REACTOME_VOLTAGE_GATED_POTASSIUM_CHANNELS] was killed by [REACTOME_MUSCLE_CONTRACTION,REACTOME_MUSCLE_CONTRACTION]
[REACTOME_NRIF_SIGNALS_CELL_DEATH_FROM_THE_NUCLEUS,REACTOME_NRIF_SIGNALS_CELL_DEATH_FROM_THE_NUCLEUS] was killed by [REACTOME_EUKARYOTIC_TRANSLATION_INITIATION,REACTOME_EUKARYOTIC_TRANSLATION_INITIATION]
[REACTOME_ANTIGEN_PROCESSING_CROSS_PRESENTATION,REACTOME_ANTIGEN_PROCESSING_CROSS_PRESENTATION] was killed by [REACTOME_PEPTIDE_LIGAND_BINDING_RECEPTORS,REACTOME_PEPTIDE_LIGAND_BINDING_RECEPTORS]
[REACTOME_PURINERGIC_SIGNALING_IN_LEISHMANIASIS_INFECTION,REACTOME_PURINERGIC_SIGNALING_IN_LEISHMANIASIS_INFECTION] was killed by [REACTOME_PEPTIDE_LIGAND_BINDING_RECEPTORS,REACTOME_PEPTIDE_LIGAND_BINDING_RECEPTORS]
[REACTOME_SARS_COV_1_INFECTION,REACTOME_SARS_COV_1_INFECTION] was killed by [REACTOME_PROTEIN_LOCALIZATION,REACTOME_PROTEIN_LOCALIZATION]
[REACTOME_ER_QUALITY_CONTROL_COMPARTMENT_ERQC,REACTOME_ER_QUALITY_CONTROL_COMPARTMENT_ERQC] was killed by [REACTOME_EUKARYOTIC_TRANSLATION_INITIATION,REACTOME_EUKARYOTIC_TRANSLATION_INITIATION]
[REACTOME_TRAFFICKING_AND_PROCESSING_OF_ENDOSOMAL_TLR,REACTOME_TRAFFICKING_AND_PROCESSING_OF_ENDOSOMAL_TLR] was killed by [REACTOME_DEGRADATION_OF_THE_EXTRACELLULAR_MATRIX,REACTOME_DEGRADATION_OF_THE_EXTRACELLULAR_MATRIX]
[REACTOME_PERK_REGULATES_GENE_EXPRESSION,REACTOME_PERK_REGULATES_GENE_EXPRESSION] was killed by [REACTOME_EUKARYOTIC_TRANSLATION_INITIATION,REACTOME_EUKARYOTIC_TRANSLATION_INITIATION]
[REACTOME_CALNEXIN_CALRETICULIN_CYCLE,REACTOME_CALNEXIN_CALRETICULIN_CYCLE] was killed by [REACTOME_PROTEIN_LOCALIZATION,REACTOME_PROTEIN_LOCALIZATION]
[REACTOME_TNFR1_INDUCED_PROAPOPTOTIC_SIGNALING,REACTOME_TNFR1_INDUCED_PROAPOPTOTIC_SIGNALING] was killed by [REACTOME_TRAF6_MEDIATED_IRF7_ACTIVATION,REACTOME_TRAF6_MEDIATED_IRF7_ACTIVATION]
[REACTOME_ATF4_ACTIVATES_GENES_IN_RESPONSE_TO_ENDOPLASMIC_RETICULUM_STRESS,REACTOME_ATF4_ACTIVATES_GENES_IN_RESPONSE_TO_ENDOPLASMIC_RETICULUM_STRESS] was killed by [REACTOME_REGULATION_OF_CHOLESTEROL_BIOSYNTHESIS_BY_SREBP_SREBF,REACTOME_REGULATION_OF_CHOLESTEROL_BIOSYNTHESIS_BY_SREBP_SREBF]
[REACTOME_ABERRANT_REGULATION_OF_MITOTIC_EXIT_IN_CANCER_DUE_TO_RB1_DEFECTS,REACTOME_ABERRANT_REGULATION_OF_MITOTIC_EXIT_IN_CANCER_DUE_TO_RB1_DEFECTS] was killed by [REACTOME_S_PHASE,REACTOME_S_PHASE]
[REACTOME_ENDOSOMAL_VACUOLAR_PATHWAY,REACTOME_ENDOSOMAL_VACUOLAR_PATHWAY] was killed by [REACTOME_DEGRADATION_OF_THE_EXTRACELLULAR_MATRIX,REACTOME_DEGRADATION_OF_THE_EXTRACELLULAR_MATRIX]
[REACTOME_BETA_CATENIN_INDEPENDENT_WNT_SIGNALING,REACTOME_BETA_CATENIN_INDEPENDENT_WNT_SIGNALING] was killed by [REACTOME_PEPTIDE_LIGAND_BINDING_RECEPTORS,REACTOME_PEPTIDE_LIGAND_BINDING_RECEPTORS]
[REACTOME_FORMATION_OF_ATP_BY_CHEMIOSMOTIC_COUPLING,REACTOME_FORMATION_OF_ATP_BY_CHEMIOSMOTIC_COUPLING] was killed by [REACTOME_THE_CITRIC_ACID_TCA_CYCLE_AND_RESPIRATORY_ELECTRON_TRANSPORT,REACTOME_THE_CITRIC_ACID_TCA_CYCLE_AND_RESPIRATORY_ELECTRON_TRANSPORT]
[REACTOME_GPVI_MEDIATED_ACTIVATION_CASCADE,REACTOME_GPVI_MEDIATED_ACTIVATION_CASCADE] was killed by [REACTOME_RAC1_GTPASE_CYCLE,REACTOME_RAC1_GTPASE_CYCLE]
[REACTOME_SIGNALING_BY_NOTCH4,REACTOME_SIGNALING_BY_NOTCH4] was killed by [REACTOME_S_PHASE,REACTOME_S_PHASE]
[REACTOME_PLATELET_HOMEOSTASIS,REACTOME_PLATELET_HOMEOSTASIS] was killed by [REACTOME_MUSCLE_CONTRACTION,REACTOME_MUSCLE_CONTRACTION]
[REACTOME_BMAL1_CLOCK_NPAS2_ACTIVATES_CIRCADIAN_GENE_EXPRESSION,REACTOME_BMAL1_CLOCK_NPAS2_ACTIVATES_CIRCADIAN_GENE_EXPRESSION] was killed by [REACTOME_REGULATION_OF_CHOLESTEROL_BIOSYNTHESIS_BY_SREBP_SREBF,REACTOME_REGULATION_OF_CHOLESTEROL_BIOSYNTHESIS_BY_SREBP_SREBF]
[REACTOME_RHOV_GTPASE_CYCLE,REACTOME_RHOV_GTPASE_CYCLE] was killed by [REACTOME_MUSCLE_CONTRACTION,REACTOME_MUSCLE_CONTRACTION]
[REACTOME_MASTL_FACILITATES_MITOTIC_PROGRESSION,REACTOME_MASTL_FACILITATES_MITOTIC_PROGRESSION] was killed by [REACTOME_ANCHORING_OF_THE_BASAL_BODY_TO_THE_PLASMA_MEMBRANE,REACTOME_ANCHORING_OF_THE_BASAL_BODY_TO_THE_PLASMA_MEMBRANE]
[REACTOME_HDR_THROUGH_MMEJ_ALT_NHEJ,REACTOME_HDR_THROUGH_MMEJ_ALT_NHEJ] was killed by [REACTOME_RESOLUTION_OF_D_LOOP_STRUCTURES_THROUGH_SYNTHESIS_DEPENDENT_STRAND_ANNEALING_SDSA,REACTOME_RESOLUTION_OF_D_LOOP_STRUCTURES_THROUGH_SYNTHESIS_DEPENDENT_STRAND_ANNEALING_SDSA]
[REACTOME_GLYCOGEN_SYNTHESIS,REACTOME_GLYCOGEN_SYNTHESIS] was killed by [REACTOME_EUKARYOTIC_TRANSLATION_INITIATION,REACTOME_EUKARYOTIC_TRANSLATION_INITIATION]
[REACTOME_INTERLEUKIN_23_SIGNALING,REACTOME_INTERLEUKIN_23_SIGNALING] was killed by [REACTOME_REGULATION_OF_IFNG_SIGNALING,REACTOME_REGULATION_OF_IFNG_SIGNALING]
[REACTOME_RHOQ_GTPASE_CYCLE,REACTOME_RHOQ_GTPASE_CYCLE] was killed by [REACTOME_RAC1_GTPASE_CYCLE,REACTOME_RAC1_GTPASE_CYCLE]
[REACTOME_NEGATIVE_REGULATION_OF_FLT3,REACTOME_NEGATIVE_REGULATION_OF_FLT3] was killed by [REACTOME_EUKARYOTIC_TRANSLATION_INITIATION,REACTOME_EUKARYOTIC_TRANSLATION_INITIATION]
[REACTOME_CONSTITUTIVE_SIGNALING_BY_OVEREXPRESSED_ERBB2,REACTOME_CONSTITUTIVE_SIGNALING_BY_OVEREXPRESSED_ERBB2] was killed by [REACTOME_RAC1_GTPASE_CYCLE,REACTOME_RAC1_GTPASE_CYCLE]
[REACTOME_CYCLIN_A_B1_B2_ASSOCIATED_EVENTS_DURING_G2_M_TRANSITION,REACTOME_CYCLIN_A_B1_B2_ASSOCIATED_EVENTS_DURING_G2_M_TRANSITION] was killed by [REACTOME_S_PHASE,REACTOME_S_PHASE]
[REACTOME_GABA_RECEPTOR_ACTIVATION,REACTOME_GABA_RECEPTOR_ACTIVATION] was killed by [REACTOME_CLASS_B_2_SECRETIN_FAMILY_RECEPTORS,REACTOME_CLASS_B_2_SECRETIN_FAMILY_RECEPTORS]
[REACTOME_METABOLISM_OF_STEROIDS,REACTOME_METABOLISM_OF_STEROIDS] was killed by [REACTOME_MRNA_SPLICING,REACTOME_MRNA_SPLICING]
[REACTOME_ABC_FAMILY_PROTEINS_MEDIATED_TRANSPORT,REACTOME_ABC_FAMILY_PROTEINS_MEDIATED_TRANSPORT] was killed by [REACTOME_PEPTIDE_LIGAND_BINDING_RECEPTORS,REACTOME_PEPTIDE_LIGAND_BINDING_RECEPTORS]
[REACTOME_GLYCOSAMINOGLYCAN_METABOLISM,REACTOME_GLYCOSAMINOGLYCAN_METABOLISM] was killed by [REACTOME_PEPTIDE_LIGAND_BINDING_RECEPTORS,REACTOME_PEPTIDE_LIGAND_BINDING_RECEPTORS]
[REACTOME_COPI_DEPENDENT_GOLGI_TO_ER_RETROGRADE_TRAFFIC,REACTOME_COPI_DEPENDENT_GOLGI_TO_ER_RETROGRADE_TRAFFIC] was killed by [REACTOME_ANCHORING_OF_THE_BASAL_BODY_TO_THE_PLASMA_MEMBRANE,REACTOME_ANCHORING_OF_THE_BASAL_BODY_TO_THE_PLASMA_MEMBRANE]
[REACTOME_SUMOYLATION_OF_DNA_METHYLATION_PROTEINS,REACTOME_SUMOYLATION_OF_DNA_METHYLATION_PROTEINS] was killed by [REACTOME_REGULATION_OF_IFNG_SIGNALING,REACTOME_REGULATION_OF_IFNG_SIGNALING]
[REACTOME_RELAXIN_RECEPTORS,REACTOME_RELAXIN_RECEPTORS] was killed by [REACTOME_PEPTIDE_LIGAND_BINDING_RECEPTORS,REACTOME_PEPTIDE_LIGAND_BINDING_RECEPTORS]
[REACTOME_SIGNALING_BY_CTNNB1_PHOSPHO_SITE_MUTANTS,REACTOME_SIGNALING_BY_CTNNB1_PHOSPHO_SITE_MUTANTS] was killed by [REACTOME_SIGNALING_BY_NTRKS,REACTOME_SIGNALING_BY_NTRKS]
[REACTOME_INHIBITION_OF_THE_PROTEOLYTIC_ACTIVITY_OF_APC_C_REQUIRED_FOR_THE_ONSET_OF_ANAPHASE_BY_MITOTIC_SPINDLE_CHECKPOINT_COMPONENTS,REACTOME_INHIBITION_OF_THE_PROTEOLYTIC_ACTIVITY_OF_APC_C_REQUIRED_FOR_THE_ONSET_OF_ANAPHASE_BY_MITOTIC_SPINDLE_CHECKPOINT_COMPONENTS] was killed by [REACTOME_S_PHASE,REACTOME_S_PHASE]
[REACTOME_ESTROGEN_DEPENDENT_NUCLEAR_EVENTS_DOWNSTREAM_OF_ESR_MEMBRANE_SIGNALING,REACTOME_ESTROGEN_DEPENDENT_NUCLEAR_EVENTS_DOWNSTREAM_OF_ESR_MEMBRANE_SIGNALING] was killed by [REACTOME_S_PHASE,REACTOME_S_PHASE]
[REACTOME_POLYMERASE_SWITCHING_ON_THE_C_STRAND_OF_THE_TELOMERE,REACTOME_POLYMERASE_SWITCHING_ON_THE_C_STRAND_OF_THE_TELOMERE] was killed by [REACTOME_S_PHASE,REACTOME_S_PHASE]
[REACTOME_CHK1_CHK2_CDS1_MEDIATED_INACTIVATION_OF_CYCLIN_B_CDK1_COMPLEX,REACTOME_CHK1_CHK2_CDS1_MEDIATED_INACTIVATION_OF_CYCLIN_B_CDK1_COMPLEX] was killed by [REACTOME_ANCHORING_OF_THE_BASAL_BODY_TO_THE_PLASMA_MEMBRANE,REACTOME_ANCHORING_OF_THE_BASAL_BODY_TO_THE_PLASMA_MEMBRANE]
[REACTOME_INTERLEUKIN_6_SIGNALING,REACTOME_INTERLEUKIN_6_SIGNALING] was killed by [REACTOME_REGULATION_OF_IFNG_SIGNALING,REACTOME_REGULATION_OF_IFNG_SIGNALING]
[REACTOME_CDC6_ASSOCIATION_WITH_THE_ORC_ORIGIN_COMPLEX,REACTOME_CDC6_ASSOCIATION_WITH_THE_ORC_ORIGIN_COMPLEX] was killed by [REACTOME_S_PHASE,REACTOME_S_PHASE]
[REACTOME_SLBP_DEPENDENT_PROCESSING_OF_REPLICATION_DEPENDENT_HISTONE_PRE_MRNAS,REACTOME_SLBP_DEPENDENT_PROCESSING_OF_REPLICATION_DEPENDENT_HISTONE_PRE_MRNAS] was killed by [REACTOME_MRNA_SPLICING,REACTOME_MRNA_SPLICING]
[REACTOME_REGULATION_OF_RUNX1_EXPRESSION_AND_ACTIVITY,REACTOME_REGULATION_OF_RUNX1_EXPRESSION_AND_ACTIVITY] was killed by [REACTOME_REGULATION_OF_IFNG_SIGNALING,REACTOME_REGULATION_OF_IFNG_SIGNALING]
[REACTOME_MICRORNA_MIRNA_BIOGENESIS,REACTOME_MICRORNA_MIRNA_BIOGENESIS] was killed by [REACTOME_MRNA_SPLICING,REACTOME_MRNA_SPLICING]
[REACTOME_SHC_MEDIATED_CASCADE_FGFR1,REACTOME_SHC_MEDIATED_CASCADE_FGFR1] was killed by [REACTOME_SIGNALING_BY_NTRKS,REACTOME_SIGNALING_BY_NTRKS]
[REACTOME_NEGATIVE_REGULATION_OF_NMDA_RECEPTOR_MEDIATED_NEURONAL_TRANSMISSION,REACTOME_NEGATIVE_REGULATION_OF_NMDA_RECEPTOR_MEDIATED_NEURONAL_TRANSMISSION] was killed by [REACTOME_MUSCLE_CONTRACTION,REACTOME_MUSCLE_CONTRACTION]
[REACTOME_CHOLESTEROL_BIOSYNTHESIS,REACTOME_CHOLESTEROL_BIOSYNTHESIS] was killed by [REACTOME_REGULATION_OF_CHOLESTEROL_BIOSYNTHESIS_BY_SREBP_SREBF,REACTOME_REGULATION_OF_CHOLESTEROL_BIOSYNTHESIS_BY_SREBP_SREBF]
[REACTOME_NUCLEAR_SIGNALING_BY_ERBB4,REACTOME_NUCLEAR_SIGNALING_BY_ERBB4] was killed by [REACTOME_DEGRADATION_OF_THE_EXTRACELLULAR_MATRIX,REACTOME_DEGRADATION_OF_THE_EXTRACELLULAR_MATRIX]
[REACTOME_POLYMERASE_SWITCHING,REACTOME_POLYMERASE_SWITCHING] was killed by [REACTOME_S_PHASE,REACTOME_S_PHASE]
[REACTOME_PROLONGED_ERK_ACTIVATION_EVENTS,REACTOME_PROLONGED_ERK_ACTIVATION_EVENTS] was killed by [REACTOME_SIGNALING_BY_NTRKS,REACTOME_SIGNALING_BY_NTRKS]
[REACTOME_ADRENALINE_NORADRENALINE_INHIBITS_INSULIN_SECRETION,REACTOME_ADRENALINE_NORADRENALINE_INHIBITS_INSULIN_SECRETION] was killed by [REACTOME_MUSCLE_CONTRACTION,REACTOME_MUSCLE_CONTRACTION]
[REACTOME_G1_S_SPECIFIC_TRANSCRIPTION,REACTOME_G1_S_SPECIFIC_TRANSCRIPTION] was killed by [REACTOME_S_PHASE,REACTOME_S_PHASE]
[REACTOME_IKK_COMPLEX_RECRUITMENT_MEDIATED_BY_RIP1,REACTOME_IKK_COMPLEX_RECRUITMENT_MEDIATED_BY_RIP1] was killed by [REACTOME_EUKARYOTIC_TRANSLATION_INITIATION,REACTOME_EUKARYOTIC_TRANSLATION_INITIATION]
[REACTOME_RHO_GTPASES_ACTIVATE_ROCKS,REACTOME_RHO_GTPASES_ACTIVATE_ROCKS] was killed by [REACTOME_MUSCLE_CONTRACTION,REACTOME_MUSCLE_CONTRACTION]
[REACTOME_PROCESSING_AND_ACTIVATION_OF_SUMO,REACTOME_PROCESSING_AND_ACTIVATION_OF_SUMO] was killed by [REACTOME_REGULATION_OF_IFNG_SIGNALING,REACTOME_REGULATION_OF_IFNG_SIGNALING]
[REACTOME_MET_RECEPTOR_RECYCLING,REACTOME_MET_RECEPTOR_RECYCLING] was killed by [REACTOME_RAB_REGULATION_OF_TRAFFICKING,REACTOME_RAB_REGULATION_OF_TRAFFICKING]
[REACTOME_SHC_RELATED_EVENTS_TRIGGERED_BY_IGF1R,REACTOME_SHC_RELATED_EVENTS_TRIGGERED_BY_IGF1R] was killed by [REACTOME_SIGNALING_BY_NTRKS,REACTOME_SIGNALING_BY_NTRKS]
[REACTOME_TRNA_MODIFICATION_IN_THE_MITOCHONDRION,REACTOME_TRNA_MODIFICATION_IN_THE_MITOCHONDRION] was killed by [REACTOME_TRNA_PROCESSING,REACTOME_TRNA_PROCESSING]
[REACTOME_FOXO_MEDIATED_TRANSCRIPTION_OF_CELL_DEATH_GENES,REACTOME_FOXO_MEDIATED_TRANSCRIPTION_OF_CELL_DEATH_GENES] was killed by [REACTOME_REGULATION_OF_CHOLESTEROL_BIOSYNTHESIS_BY_SREBP_SREBF,REACTOME_REGULATION_OF_CHOLESTEROL_BIOSYNTHESIS_BY_SREBP_SREBF]
[REACTOME_TRANSFERRIN_ENDOCYTOSIS_AND_RECYCLING,REACTOME_TRANSFERRIN_ENDOCYTOSIS_AND_RECYCLING] was killed by [REACTOME_AMINO_ACIDS_REGULATE_MTORC1,REACTOME_AMINO_ACIDS_REGULATE_MTORC1]
[REACTOME_ECM_PROTEOGLYCANS,REACTOME_ECM_PROTEOGLYCANS] was killed by [REACTOME_DEGRADATION_OF_THE_EXTRACELLULAR_MATRIX,REACTOME_DEGRADATION_OF_THE_EXTRACELLULAR_MATRIX]
[REACTOME_RRNA_PROCESSING_IN_THE_MITOCHONDRION,REACTOME_RRNA_PROCESSING_IN_THE_MITOCHONDRION] was killed by [REACTOME_MITOCHONDRIAL_TRANSLATION,REACTOME_MITOCHONDRIAL_TRANSLATION]
[REACTOME_NEGATIVE_FEEDBACK_REGULATION_OF_MAPK_PATHWAY,REACTOME_NEGATIVE_FEEDBACK_REGULATION_OF_MAPK_PATHWAY] was killed by [REACTOME_SIGNALING_BY_NTRKS,REACTOME_SIGNALING_BY_NTRKS]
[REACTOME_TRANSCRIPTIONAL_REGULATION_OF_TESTIS_DIFFERENTIATION,REACTOME_TRANSCRIPTIONAL_REGULATION_OF_TESTIS_DIFFERENTIATION] was killed by [REACTOME_CLASS_B_2_SECRETIN_FAMILY_RECEPTORS,REACTOME_CLASS_B_2_SECRETIN_FAMILY_RECEPTORS]
[REACTOME_FORMATION_OF_FIBRIN_CLOT_CLOTTING_CASCADE,REACTOME_FORMATION_OF_FIBRIN_CLOT_CLOTTING_CASCADE] was killed by [REACTOME_PEPTIDE_LIGAND_BINDING_RECEPTORS,REACTOME_PEPTIDE_LIGAND_BINDING_RECEPTORS]
[REACTOME_RESPONSE_TO_ELEVATED_PLATELET_CYTOSOLIC_CA2,REACTOME_RESPONSE_TO_ELEVATED_PLATELET_CYTOSOLIC_CA2] was killed by [REACTOME_MRNA_SPLICING,REACTOME_MRNA_SPLICING]
[REACTOME_PHOSPHORYLATION_OF_THE_APC_C,REACTOME_PHOSPHORYLATION_OF_THE_APC_C] was killed by [REACTOME_S_PHASE,REACTOME_S_PHASE]
[REACTOME_SIGNALING_BY_PDGFR_IN_DISEASE,REACTOME_SIGNALING_BY_PDGFR_IN_DISEASE] was killed by [REACTOME_RAC1_GTPASE_CYCLE,REACTOME_RAC1_GTPASE_CYCLE]
[REACTOME_APOPTOTIC_FACTOR_MEDIATED_RESPONSE,REACTOME_APOPTOTIC_FACTOR_MEDIATED_RESPONSE] was killed by [REACTOME_REGULATED_NECROSIS,REACTOME_REGULATED_NECROSIS]
[REACTOME_RECYCLING_PATHWAY_OF_L1,REACTOME_RECYCLING_PATHWAY_OF_L1] was killed by [REACTOME_ANCHORING_OF_THE_BASAL_BODY_TO_THE_PLASMA_MEMBRANE,REACTOME_ANCHORING_OF_THE_BASAL_BODY_TO_THE_PLASMA_MEMBRANE]
[REACTOME_METABOLISM_OF_VITAMINS_AND_COFACTORS,REACTOME_METABOLISM_OF_VITAMINS_AND_COFACTORS] was killed by [REACTOME_PEPTIDE_LIGAND_BINDING_RECEPTORS,REACTOME_PEPTIDE_LIGAND_BINDING_RECEPTORS]
[REACTOME_JNK_C_JUN_KINASES_PHOSPHORYLATION_AND_ACTIVATION_MEDIATED_BY_ACTIVATED_HUMAN_TAK1,REACTOME_JNK_C_JUN_KINASES_PHOSPHORYLATION_AND_ACTIVATION_MEDIATED_BY_ACTIVATED_HUMAN_TAK1] was killed by [REACTOME_EUKARYOTIC_TRANSLATION_INITIATION,REACTOME_EUKARYOTIC_TRANSLATION_INITIATION]
[REACTOME_MET_ACTIVATES_PTK2_SIGNALING,REACTOME_MET_ACTIVATES_PTK2_SIGNALING] was killed by [REACTOME_DEGRADATION_OF_THE_EXTRACELLULAR_MATRIX,REACTOME_DEGRADATION_OF_THE_EXTRACELLULAR_MATRIX]
[REACTOME_GLYCOLYSIS,REACTOME_GLYCOLYSIS] was killed by [REACTOME_TRNA_PROCESSING,REACTOME_TRNA_PROCESSING]
[REACTOME_PEROXISOMAL_LIPID_METABOLISM,REACTOME_PEROXISOMAL_LIPID_METABOLISM] was killed by [REACTOME_PROTEIN_LOCALIZATION,REACTOME_PROTEIN_LOCALIZATION]
[REACTOME_COLLAGEN_FORMATION,REACTOME_COLLAGEN_FORMATION] was killed by [REACTOME_DEGRADATION_OF_THE_EXTRACELLULAR_MATRIX,REACTOME_DEGRADATION_OF_THE_EXTRACELLULAR_MATRIX]
[REACTOME_INTEGRIN_CELL_SURFACE_INTERACTIONS,REACTOME_INTEGRIN_CELL_SURFACE_INTERACTIONS] was killed by [REACTOME_DEGRADATION_OF_THE_EXTRACELLULAR_MATRIX,REACTOME_DEGRADATION_OF_THE_EXTRACELLULAR_MATRIX]
[REACTOME_SYNTHESIS_OF_BILE_ACIDS_AND_BILE_SALTS,REACTOME_SYNTHESIS_OF_BILE_ACIDS_AND_BILE_SALTS] was killed by [REACTOME_PROTEIN_LOCALIZATION,REACTOME_PROTEIN_LOCALIZATION]
[REACTOME_INTRA_GOLGI_TRAFFIC,REACTOME_INTRA_GOLGI_TRAFFIC] was killed by [REACTOME_RAB_REGULATION_OF_TRAFFICKING,REACTOME_RAB_REGULATION_OF_TRAFFICKING]
[REACTOME_ACTIVATION_OF_THE_AP_1_FAMILY_OF_TRANSCRIPTION_FACTORS,REACTOME_ACTIVATION_OF_THE_AP_1_FAMILY_OF_TRANSCRIPTION_FACTORS] was killed by [REACTOME_SIGNALING_BY_NTRKS,REACTOME_SIGNALING_BY_NTRKS]
[REACTOME_MET_PROMOTES_CELL_MOTILITY,REACTOME_MET_PROMOTES_CELL_MOTILITY] was killed by [REACTOME_DEGRADATION_OF_THE_EXTRACELLULAR_MATRIX,REACTOME_DEGRADATION_OF_THE_EXTRACELLULAR_MATRIX]
[REACTOME_COPII_MEDIATED_VESICLE_TRANSPORT,REACTOME_COPII_MEDIATED_VESICLE_TRANSPORT] was killed by [REACTOME_REGULATION_OF_CHOLESTEROL_BIOSYNTHESIS_BY_SREBP_SREBF,REACTOME_REGULATION_OF_CHOLESTEROL_BIOSYNTHESIS_BY_SREBP_SREBF]
[REACTOME_ALPHA_LINOLENIC_OMEGA3_AND_LINOLEIC_OMEGA6_ACID_METABOLISM,REACTOME_ALPHA_LINOLENIC_OMEGA3_AND_LINOLEIC_OMEGA6_ACID_METABOLISM] was killed by [REACTOME_PROTEIN_LOCALIZATION,REACTOME_PROTEIN_LOCALIZATION]
[REACTOME_RECYCLING_OF_BILE_ACIDS_AND_SALTS,REACTOME_RECYCLING_OF_BILE_ACIDS_AND_SALTS] was killed by [REACTOME_REGULATION_OF_CHOLESTEROL_BIOSYNTHESIS_BY_SREBP_SREBF,REACTOME_REGULATION_OF_CHOLESTEROL_BIOSYNTHESIS_BY_SREBP_SREBF]
[REACTOME_REGULATION_OF_PYRUVATE_DEHYDROGENASE_PDH_COMPLEX,REACTOME_REGULATION_OF_PYRUVATE_DEHYDROGENASE_PDH_COMPLEX] was killed by [REACTOME_THE_CITRIC_ACID_TCA_CYCLE_AND_RESPIRATORY_ELECTRON_TRANSPORT,REACTOME_THE_CITRIC_ACID_TCA_CYCLE_AND_RESPIRATORY_ELECTRON_TRANSPORT]
[REACTOME_ACTIVATION_OF_IRF3_IRF7_MEDIATED_BY_TBK1_IKK_EPSILON,REACTOME_ACTIVATION_OF_IRF3_IRF7_MEDIATED_BY_TBK1_IKK_EPSILON] was killed by [REACTOME_EUKARYOTIC_TRANSLATION_INITIATION,REACTOME_EUKARYOTIC_TRANSLATION_INITIATION]
[REACTOME_SIGNALING_BY_MET,REACTOME_SIGNALING_BY_MET] was killed by [REACTOME_RAC1_GTPASE_CYCLE,REACTOME_RAC1_GTPASE_CYCLE]
[REACTOME_RHOC_GTPASE_CYCLE,REACTOME_RHOC_GTPASE_CYCLE] was killed by [REACTOME_RAC1_GTPASE_CYCLE,REACTOME_RAC1_GTPASE_CYCLE]
[REACTOME_REGULATION_OF_FZD_BY_UBIQUITINATION,REACTOME_REGULATION_OF_FZD_BY_UBIQUITINATION] was killed by [REACTOME_EUKARYOTIC_TRANSLATION_INITIATION,REACTOME_EUKARYOTIC_TRANSLATION_INITIATION]
