[GSE17974_CTRL_VS_ACT_IL4_AND_ANTI_IL12_48H_CD4_TCELL_UP,GSE17974_CTRL_VS_ACT_IL4_AND_ANTI_IL12_48H_CD4_TCELL_UP] was killed by [GSE17974_0H_VS_48H_IN_VITRO_ACT_CD4_TCELL_UP,GSE17974_0H_VS_48H_IN_VITRO_ACT_CD4_TCELL_UP]
[GSE3982_MEMORY_CD4_TCELL_VS_TH1_UP,GSE3982_MEMORY_CD4_TCELL_VS_TH1_UP] was killed by [GSE19888_ADENOSINE_A3R_INH_PRETREAT_AND_ACT_BY_A3R_VS_A3R_INH_AND_TCELL_MEMBRANES_ACT_MAST_CELL_UP,GSE19888_ADENOSINE_A3R_INH_PRETREAT_AND_ACT_BY_A3R_VS_A3R_INH_AND_TCELL_MEMBRANES_ACT_MAST_CELL_UP]
[GSE19888_CTRL_VS_A3R_INHIBITOR_TREATED_MAST_CELL_DN,GSE19888_CTRL_VS_A3R_INHIBITOR_TREATED_MAST_CELL_DN] was killed by [GSE17974_0H_VS_48H_IN_VITRO_ACT_CD4_TCELL_UP,GSE17974_0H_VS_48H_IN_VITRO_ACT_CD4_TCELL_UP]
[GSE41176_UNSTIM_VS_ANTI_IGM_STIM_BCELL_3H_UP,GSE41176_UNSTIM_VS_ANTI_IGM_STIM_BCELL_3H_UP] was killed by [GSE19888_ADENOSINE_A3R_INH_PRETREAT_AND_ACT_BY_A3R_VS_A3R_INH_AND_TCELL_MEMBRANES_ACT_MAST_CELL_UP,GSE19888_ADENOSINE_A3R_INH_PRETREAT_AND_ACT_BY_A3R_VS_A3R_INH_AND_TCELL_MEMBRANES_ACT_MAST_CELL_UP]
[GSE37605_TREG_VS_TCONV_NOD_FOXP3_FUSION_GFP_UP,GSE37605_TREG_VS_TCONV_NOD_FOXP3_FUSION_GFP_UP] was killed by [GSE17974_0H_VS_48H_IN_VITRO_ACT_CD4_TCELL_UP,GSE17974_0H_VS_48H_IN_VITRO_ACT_CD4_TCELL_UP]
[GSE17974_0H_VS_72H_IN_VITRO_ACT_CD4_TCELL_UP,GSE17974_0H_VS_72H_IN_VITRO_ACT_CD4_TCELL_UP] was killed by [GSE17974_0H_VS_48H_IN_VITRO_ACT_CD4_TCELL_UP,GSE17974_0H_VS_48H_IN_VITRO_ACT_CD4_TCELL_UP]
[GSE2770_TGFB_AND_IL4_VS_IL12_TREATED_ACT_CD4_TCELL_6H_UP,GSE2770_TGFB_AND_IL4_VS_IL12_TREATED_ACT_CD4_TCELL_6H_UP] was killed by [GSE17974_0H_VS_48H_IN_VITRO_ACT_CD4_TCELL_UP,GSE17974_0H_VS_48H_IN_VITRO_ACT_CD4_TCELL_UP]
[GSE16266_CTRL_VS_LPS_STIM_MEF_UP,GSE16266_CTRL_VS_LPS_STIM_MEF_UP] was killed by [GSE19888_ADENOSINE_A3R_INH_PRETREAT_AND_ACT_BY_A3R_VS_A3R_INH_AND_TCELL_MEMBRANES_ACT_MAST_CELL_UP,GSE19888_ADENOSINE_A3R_INH_PRETREAT_AND_ACT_BY_A3R_VS_A3R_INH_AND_TCELL_MEMBRANES_ACT_MAST_CELL_UP]
[GSE25146_UNSTIM_VS_HELIOBACTER_PYLORI_LPS_STIM_AGS_CELL_UP,GSE25146_UNSTIM_VS_HELIOBACTER_PYLORI_LPS_STIM_AGS_CELL_UP] was killed by [GSE25123_CTRL_VS_IL4_STIM_PPARG_KO_MACROPHAGE_UP,GSE25123_CTRL_VS_IL4_STIM_PPARG_KO_MACROPHAGE_UP]
[GSE2585_THYMIC_DC_VS_THYMIC_MACROPHAGE_UP,GSE2585_THYMIC_DC_VS_THYMIC_MACROPHAGE_UP] was killed by [GSE3982_MAC_VS_NKCELL_UP,GSE3982_MAC_VS_NKCELL_UP]
[GSE18791_UNSTIM_VS_NEWCATSLE_VIRUS_DC_10H_UP,GSE18791_UNSTIM_VS_NEWCATSLE_VIRUS_DC_10H_UP] was killed by [GSE15139_GMCSF_TREATED_VS_UNTREATED_NEUTROPHILS_DN,GSE15139_GMCSF_TREATED_VS_UNTREATED_NEUTROPHILS_DN]
[GSE2706_UNSTIM_VS_2H_LPS_AND_R848_DC_UP,GSE2706_UNSTIM_VS_2H_LPS_AND_R848_DC_UP] was killed by [GSE5589_IL6_KO_VS_IL10_KO_LPS_STIM_MACROPHAGE_45MIN_UP,GSE5589_IL6_KO_VS_IL10_KO_LPS_STIM_MACROPHAGE_45MIN_UP]
[GSE27786_LIN_NEG_VS_NKCELL_UP,GSE27786_LIN_NEG_VS_NKCELL_UP] was killed by [GSE5589_IL6_KO_VS_IL10_KO_LPS_STIM_MACROPHAGE_45MIN_UP,GSE5589_IL6_KO_VS_IL10_KO_LPS_STIM_MACROPHAGE_45MIN_UP]
[GSE8515_IL1_VS_IL6_4H_STIM_MAC_DN,GSE8515_IL1_VS_IL6_4H_STIM_MAC_DN] was killed by [GSE40274_CTRL_VS_FOXP3_AND_HELIOS_TRANSDUCED_ACTIVATED_CD4_TCELL_UP,GSE40274_CTRL_VS_FOXP3_AND_HELIOS_TRANSDUCED_ACTIVATED_CD4_TCELL_UP]
[GSE25677_MPL_VS_R848_STIM_BCELL_UP,GSE25677_MPL_VS_R848_STIM_BCELL_UP] was killed by [GSE17721_POLYIC_VS_CPG_6H_BMDC_DN,GSE17721_POLYIC_VS_CPG_6H_BMDC_DN]
[GSE31082_DN_VS_CD4_SP_THYMOCYTE_DN,GSE31082_DN_VS_CD4_SP_THYMOCYTE_DN] was killed by [GSE25088_IL4_VS_IL4_AND_ROSIGLITAZONE_STIM_STAT6_KO_MACROPHAGE_DAY10_UP,GSE25088_IL4_VS_IL4_AND_ROSIGLITAZONE_STIM_STAT6_KO_MACROPHAGE_DAY10_UP]
[GSE22033_UNTREATED_VS_MRL24_TREATED_MEF_UP,GSE22033_UNTREATED_VS_MRL24_TREATED_MEF_UP] was killed by [GSE39820_TGFBETA1_VS_TGFBETA3_IN_IL6_TREATED_CD4_TCELL_DN,GSE39820_TGFBETA1_VS_TGFBETA3_IN_IL6_TREATED_CD4_TCELL_DN]
[GSE22935_24H_VS_48H_MBOVIS_BCG_STIM_MACROPHAGE_DN,GSE22935_24H_VS_48H_MBOVIS_BCG_STIM_MACROPHAGE_DN] was killed by [GSE17721_POLYIC_VS_CPG_6H_BMDC_DN,GSE17721_POLYIC_VS_CPG_6H_BMDC_DN]
[GSE42724_MEMORY_VS_B1_BCELL_UP,GSE42724_MEMORY_VS_B1_BCELL_UP] was killed by [GSE15139_GMCSF_TREATED_VS_UNTREATED_NEUTROPHILS_DN,GSE15139_GMCSF_TREATED_VS_UNTREATED_NEUTROPHILS_DN]
[GSE14769_UNSTIM_VS_80MIN_LPS_BMDM_UP,GSE14769_UNSTIM_VS_80MIN_LPS_BMDM_UP] was killed by [GSE27241_WT_VS_RORGT_KO_TH17_POLARIZED_CD4_TCELL_TREATED_WITH_DIGOXIN_UP,GSE27241_WT_VS_RORGT_KO_TH17_POLARIZED_CD4_TCELL_TREATED_WITH_DIGOXIN_UP]
[GSE14908_ATOPIC_VS_NONATOPIC_PATIENT_RESTING_CD4_TCELL_DN,GSE14908_ATOPIC_VS_NONATOPIC_PATIENT_RESTING_CD4_TCELL_DN] was killed by [GSE21033_CTRL_VS_POLYIC_STIM_DC_3H_DN,GSE21033_CTRL_VS_POLYIC_STIM_DC_3H_DN]
[GSE22886_NAIVE_BCELL_VS_DC_DN,GSE22886_NAIVE_BCELL_VS_DC_DN] was killed by [GSE5589_IL6_KO_VS_IL10_KO_LPS_STIM_MACROPHAGE_45MIN_UP,GSE5589_IL6_KO_VS_IL10_KO_LPS_STIM_MACROPHAGE_45MIN_UP]
[GSE10239_NAIVE_VS_DAY4.5_EFF_CD8_TCELL_DN,GSE10239_NAIVE_VS_DAY4.5_EFF_CD8_TCELL_DN] was killed by [GSE15139_GMCSF_TREATED_VS_UNTREATED_NEUTROPHILS_DN,GSE15139_GMCSF_TREATED_VS_UNTREATED_NEUTROPHILS_DN]
[GSE17974_0.5H_VS_72H_IL4_AND_ANTI_IL12_ACT_CD4_TCELL_UP,GSE17974_0.5H_VS_72H_IL4_AND_ANTI_IL12_ACT_CD4_TCELL_UP] was killed by [GSE17974_0H_VS_48H_IN_VITRO_ACT_CD4_TCELL_UP,GSE17974_0H_VS_48H_IN_VITRO_ACT_CD4_TCELL_UP]
[GSE25088_CTRL_VS_ROSIGLITAZONE_STIM_MACROPHAGE_UP,GSE25088_CTRL_VS_ROSIGLITAZONE_STIM_MACROPHAGE_UP] was killed by [GSE20366_TREG_VS_TCONV_UP,GSE20366_TREG_VS_TCONV_UP]
[GSE23321_CENTRAL_MEMORY_VS_NAIVE_CD8_TCELL_DN,GSE23321_CENTRAL_MEMORY_VS_NAIVE_CD8_TCELL_DN] was killed by [GSE37301_MULTIPOTENT_PROGENITOR_VS_PRO_BCELL_UP,GSE37301_MULTIPOTENT_PROGENITOR_VS_PRO_BCELL_UP]
[GSE36392_EOSINOPHIL_VS_NEUTROPHIL_IL25_TREATED_LUNG_UP,GSE36392_EOSINOPHIL_VS_NEUTROPHIL_IL25_TREATED_LUNG_UP] was killed by [GSE25088_IL4_VS_IL4_AND_ROSIGLITAZONE_STIM_STAT6_KO_MACROPHAGE_DAY10_UP,GSE25088_IL4_VS_IL4_AND_ROSIGLITAZONE_STIM_STAT6_KO_MACROPHAGE_DAY10_UP]
[GSE32533_WT_VS_MIR17_OVEREXPRESS_ACT_CD4_TCELL_UP,GSE32533_WT_VS_MIR17_OVEREXPRESS_ACT_CD4_TCELL_UP] was killed by [GSE3982_MAC_VS_NKCELL_UP,GSE3982_MAC_VS_NKCELL_UP]
[GSE20366_EX_VIVO_VS_DEC205_CONVERSION_DN,GSE20366_EX_VIVO_VS_DEC205_CONVERSION_DN] was killed by [GSE17974_0H_VS_48H_IN_VITRO_ACT_CD4_TCELL_UP,GSE17974_0H_VS_48H_IN_VITRO_ACT_CD4_TCELL_UP]
[GSE24142_DN2_VS_DN3_THYMOCYTE_FETAL_UP,GSE24142_DN2_VS_DN3_THYMOCYTE_FETAL_UP] was killed by [GSE25123_CTRL_VS_IL4_STIM_PPARG_KO_MACROPHAGE_UP,GSE25123_CTRL_VS_IL4_STIM_PPARG_KO_MACROPHAGE_UP]
[GSE20727_CTRL_VS_H2O2_TREATED_DC_UP,GSE20727_CTRL_VS_H2O2_TREATED_DC_UP] was killed by [GSE3982_BCELL_VS_TH1_UP,GSE3982_BCELL_VS_TH1_UP]
[GSE6259_FLT3L_INDUCED_33D1_POS_DC_VS_BCELL_DN,GSE6259_FLT3L_INDUCED_33D1_POS_DC_VS_BCELL_DN] was killed by [GSE360_L_MAJOR_VS_B_MALAYI_HIGH_DOSE_MAC_DN,GSE360_L_MAJOR_VS_B_MALAYI_HIGH_DOSE_MAC_DN]
[GSE33162_HDAC3_KO_VS_HDAC3_KO_4H_LPS_STIM_MACROPHAGE_UP,GSE33162_HDAC3_KO_VS_HDAC3_KO_4H_LPS_STIM_MACROPHAGE_UP] was killed by [GSE21033_CTRL_VS_POLYIC_STIM_DC_3H_DN,GSE21033_CTRL_VS_POLYIC_STIM_DC_3H_DN]
[GSE17721_LPS_VS_PAM3CSK4_2H_BMDC_UP,GSE17721_LPS_VS_PAM3CSK4_2H_BMDC_UP] was killed by [GSE19888_ADENOSINE_A3R_INH_PRETREAT_AND_ACT_BY_A3R_VS_A3R_INH_AND_TCELL_MEMBRANES_ACT_MAST_CELL_UP,GSE19888_ADENOSINE_A3R_INH_PRETREAT_AND_ACT_BY_A3R_VS_A3R_INH_AND_TCELL_MEMBRANES_ACT_MAST_CELL_UP]
