                                 Started job on |	Aug 30 21:51:43
                             Started mapping on |	Aug 30 21:52:55
                                    Finished on |	Aug 30 21:54:56
       Mapping speed, Million of reads per hour |	217.41

                          Number of input reads |	7307251
                      Average input read length |	51
                                    UNIQUE READS:
                   Uniquely mapped reads number |	4619629
                        Uniquely mapped reads % |	63.22%
                          Average mapped length |	48.37
                       Number of splices: Total |	636672
            Number of splices: Annotated (sjdb) |	631631
                       Number of splices: GT/AG |	629838
                       Number of splices: GC/AG |	5248
                       Number of splices: AT/AC |	665
               Number of splices: Non-canonical |	921
                      Mismatch rate per base, % |	0.34%
                         Deletion rate per base |	0.01%
                        Deletion average length |	1.40
                        Insertion rate per base |	0.00%
                       Insertion average length |	1.14
                             MULTI-MAPPING READS:
        Number of reads mapped to multiple loci |	2463507
             % of reads mapped to multiple loci |	33.71%
        Number of reads mapped to too many loci |	27768
             % of reads mapped to too many loci |	0.38%
                                  UNMAPPED READS:
  Number of reads unmapped: too many mismatches |	0
       % of reads unmapped: too many mismatches |	0.00%
            Number of reads unmapped: too short |	194620
                 % of reads unmapped: too short |	2.66%
                Number of reads unmapped: other |	1727
                     % of reads unmapped: other |	0.02%
                                  CHIMERIC READS:
                       Number of chimeric reads |	0
                            % of chimeric reads |	0.00%
