                                 Started job on |	Aug 30 22:07:47
                             Started mapping on |	Aug 30 22:09:00
                                    Finished on |	Aug 30 22:15:13
       Mapping speed, Million of reads per hour |	475.42

                          Number of input reads |	49258377
                      Average input read length |	51
                                    UNIQUE READS:
                   Uniquely mapped reads number |	35227885
                        Uniquely mapped reads % |	71.52%
                          Average mapped length |	48.36
                       Number of splices: Total |	4521871
            Number of splices: Annotated (sjdb) |	4487917
                       Number of splices: GT/AG |	4473566
                       Number of splices: GC/AG |	37811
                       Number of splices: AT/AC |	4506
               Number of splices: Non-canonical |	5988
                      Mismatch rate per base, % |	0.33%
                         Deletion rate per base |	0.01%
                        Deletion average length |	1.40
                        Insertion rate per base |	0.00%
                       Insertion average length |	1.14
                             MULTI-MAPPING READS:
        Number of reads mapped to multiple loci |	12344441
             % of reads mapped to multiple loci |	25.06%
        Number of reads mapped to too many loci |	205749
             % of reads mapped to too many loci |	0.42%
                                  UNMAPPED READS:
  Number of reads unmapped: too many mismatches |	0
       % of reads unmapped: too many mismatches |	0.00%
            Number of reads unmapped: too short |	1468606
                 % of reads unmapped: too short |	2.98%
                Number of reads unmapped: other |	11696
                     % of reads unmapped: other |	0.02%
                                  CHIMERIC READS:
                       Number of chimeric reads |	0
                            % of chimeric reads |	0.00%
