                                 Started job on |	Aug 30 22:34:11
                             Started mapping on |	Aug 30 22:35:27
                                    Finished on |	Aug 30 22:38:50
       Mapping speed, Million of reads per hour |	466.11

                          Number of input reads |	26283566
                      Average input read length |	51
                                    UNIQUE READS:
                   Uniquely mapped reads number |	18914538
                        Uniquely mapped reads % |	71.96%
                          Average mapped length |	48.37
                       Number of splices: Total |	2522227
            Number of splices: Annotated (sjdb) |	2503766
                       Number of splices: GT/AG |	2495291
                       Number of splices: GC/AG |	20352
                       Number of splices: AT/AC |	3017
               Number of splices: Non-canonical |	3567
                      Mismatch rate per base, % |	0.31%
                         Deletion rate per base |	0.01%
                        Deletion average length |	1.40
                        Insertion rate per base |	0.00%
                       Insertion average length |	1.16
                             MULTI-MAPPING READS:
        Number of reads mapped to multiple loci |	6595338
             % of reads mapped to multiple loci |	25.09%
        Number of reads mapped to too many loci |	131675
             % of reads mapped to too many loci |	0.50%
                                  UNMAPPED READS:
  Number of reads unmapped: too many mismatches |	0
       % of reads unmapped: too many mismatches |	0.00%
            Number of reads unmapped: too short |	637601
                 % of reads unmapped: too short |	2.43%
                Number of reads unmapped: other |	4414
                     % of reads unmapped: other |	0.02%
                                  CHIMERIC READS:
                       Number of chimeric reads |	0
                            % of chimeric reads |	0.00%
