                                 Started job on |	Aug 30 22:43:59
                             Started mapping on |	Aug 30 22:45:18
                                    Finished on |	Aug 30 22:46:34
       Mapping speed, Million of reads per hour |	211.60

                          Number of input reads |	4467194
                      Average input read length |	51
                                    UNIQUE READS:
                   Uniquely mapped reads number |	3078109
                        Uniquely mapped reads % |	68.90%
                          Average mapped length |	48.38
                       Number of splices: Total |	441160
            Number of splices: Annotated (sjdb) |	437960
                       Number of splices: GT/AG |	436502
                       Number of splices: GC/AG |	3543
                       Number of splices: AT/AC |	441
               Number of splices: Non-canonical |	674
                      Mismatch rate per base, % |	0.32%
                         Deletion rate per base |	0.01%
                        Deletion average length |	1.35
                        Insertion rate per base |	0.00%
                       Insertion average length |	1.16
                             MULTI-MAPPING READS:
        Number of reads mapped to multiple loci |	1272362
             % of reads mapped to multiple loci |	28.48%
        Number of reads mapped to too many loci |	19877
             % of reads mapped to too many loci |	0.44%
                                  UNMAPPED READS:
  Number of reads unmapped: too many mismatches |	0
       % of reads unmapped: too many mismatches |	0.00%
            Number of reads unmapped: too short |	96056
                 % of reads unmapped: too short |	2.15%
                Number of reads unmapped: other |	790
                     % of reads unmapped: other |	0.02%
                                  CHIMERIC READS:
                       Number of chimeric reads |	0
                            % of chimeric reads |	0.00%
