                                 Started job on |	Aug 30 23:06:52
                             Started mapping on |	Aug 30 23:08:28
                                    Finished on |	Aug 30 23:13:57
       Mapping speed, Million of reads per hour |	427.52

                          Number of input reads |	39070462
                      Average input read length |	51
                                    UNIQUE READS:
                   Uniquely mapped reads number |	28559226
                        Uniquely mapped reads % |	73.10%
                          Average mapped length |	48.24
                       Number of splices: Total |	3479139
            Number of splices: Annotated (sjdb) |	3444740
                       Number of splices: GT/AG |	3438704
                       Number of splices: GC/AG |	27535
                       Number of splices: AT/AC |	3975
               Number of splices: Non-canonical |	8925
                      Mismatch rate per base, % |	0.46%
                         Deletion rate per base |	0.03%
                        Deletion average length |	1.39
                        Insertion rate per base |	0.00%
                       Insertion average length |	1.13
                             MULTI-MAPPING READS:
        Number of reads mapped to multiple loci |	9417967
             % of reads mapped to multiple loci |	24.11%
        Number of reads mapped to too many loci |	176861
             % of reads mapped to too many loci |	0.45%
                                  UNMAPPED READS:
  Number of reads unmapped: too many mismatches |	0
       % of reads unmapped: too many mismatches |	0.00%
            Number of reads unmapped: too short |	910114
                 % of reads unmapped: too short |	2.33%
                Number of reads unmapped: other |	6294
                     % of reads unmapped: other |	0.02%
                                  CHIMERIC READS:
                       Number of chimeric reads |	0
                            % of chimeric reads |	0.00%
