                                 Started job on |	Aug 30 22:46:36
                             Started mapping on |	Aug 30 22:47:56
                                    Finished on |	Aug 30 22:53:40
       Mapping speed, Million of reads per hour |	491.70

                          Number of input reads |	46985090
                      Average input read length |	51
                                    UNIQUE READS:
                   Uniquely mapped reads number |	33431818
                        Uniquely mapped reads % |	71.15%
                          Average mapped length |	48.40
                       Number of splices: Total |	4650513
            Number of splices: Annotated (sjdb) |	4619530
                       Number of splices: GT/AG |	4603253
                       Number of splices: GC/AG |	36632
                       Number of splices: AT/AC |	4992
               Number of splices: Non-canonical |	5636
                      Mismatch rate per base, % |	0.29%
                         Deletion rate per base |	0.01%
                        Deletion average length |	1.38
                        Insertion rate per base |	0.00%
                       Insertion average length |	1.14
                             MULTI-MAPPING READS:
        Number of reads mapped to multiple loci |	12398352
             % of reads mapped to multiple loci |	26.39%
        Number of reads mapped to too many loci |	202436
             % of reads mapped to too many loci |	0.43%
                                  UNMAPPED READS:
  Number of reads unmapped: too many mismatches |	0
       % of reads unmapped: too many mismatches |	0.00%
            Number of reads unmapped: too short |	944157
                 % of reads unmapped: too short |	2.01%
                Number of reads unmapped: other |	8327
                     % of reads unmapped: other |	0.02%
                                  CHIMERIC READS:
                       Number of chimeric reads |	0
                            % of chimeric reads |	0.00%
