                                 Started job on |	Aug 30 23:27:21
                             Started mapping on |	Aug 30 23:28:36
                                    Finished on |	Aug 30 23:29:54
       Mapping speed, Million of reads per hour |	195.30

                          Number of input reads |	4231450
                      Average input read length |	51
                                    UNIQUE READS:
                   Uniquely mapped reads number |	3058317
                        Uniquely mapped reads % |	72.28%
                          Average mapped length |	48.37
                       Number of splices: Total |	375706
            Number of splices: Annotated (sjdb) |	372743
                       Number of splices: GT/AG |	371438
                       Number of splices: GC/AG |	3245
                       Number of splices: AT/AC |	437
               Number of splices: Non-canonical |	586
                      Mismatch rate per base, % |	0.31%
                         Deletion rate per base |	0.01%
                        Deletion average length |	1.40
                        Insertion rate per base |	0.00%
                       Insertion average length |	1.14
                             MULTI-MAPPING READS:
        Number of reads mapped to multiple loci |	1057893
             % of reads mapped to multiple loci |	25.00%
        Number of reads mapped to too many loci |	18884
             % of reads mapped to too many loci |	0.45%
                                  UNMAPPED READS:
  Number of reads unmapped: too many mismatches |	0
       % of reads unmapped: too many mismatches |	0.00%
            Number of reads unmapped: too short |	95656
                 % of reads unmapped: too short |	2.26%
                Number of reads unmapped: other |	700
                     % of reads unmapped: other |	0.02%
                                  CHIMERIC READS:
                       Number of chimeric reads |	0
                            % of chimeric reads |	0.00%
