                                 Started job on |	Aug 30 23:22:33
                             Started mapping on |	Aug 30 23:23:47
                                    Finished on |	Aug 30 23:27:17
       Mapping speed, Million of reads per hour |	344.12

                          Number of input reads |	20073751
                      Average input read length |	51
                                    UNIQUE READS:
                   Uniquely mapped reads number |	15660227
                        Uniquely mapped reads % |	78.01%
                          Average mapped length |	48.38
                       Number of splices: Total |	1796549
            Number of splices: Annotated (sjdb) |	1783162
                       Number of splices: GT/AG |	1776674
                       Number of splices: GC/AG |	15556
                       Number of splices: AT/AC |	1969
               Number of splices: Non-canonical |	2350
                      Mismatch rate per base, % |	0.34%
                         Deletion rate per base |	0.01%
                        Deletion average length |	1.39
                        Insertion rate per base |	0.00%
                       Insertion average length |	1.15
                             MULTI-MAPPING READS:
        Number of reads mapped to multiple loci |	4010185
             % of reads mapped to multiple loci |	19.98%
        Number of reads mapped to too many loci |	90613
             % of reads mapped to too many loci |	0.45%
                                  UNMAPPED READS:
  Number of reads unmapped: too many mismatches |	0
       % of reads unmapped: too many mismatches |	0.00%
            Number of reads unmapped: too short |	309515
                 % of reads unmapped: too short |	1.54%
                Number of reads unmapped: other |	3211
                     % of reads unmapped: other |	0.02%
                                  CHIMERIC READS:
                       Number of chimeric reads |	0
                            % of chimeric reads |	0.00%
