                                 Started job on |	Aug 31 00:48:15
                             Started mapping on |	Aug 31 00:49:36
                                    Finished on |	Aug 31 00:53:52
       Mapping speed, Million of reads per hour |	386.57

                          Number of input reads |	27489449
                      Average input read length |	51
                                    UNIQUE READS:
                   Uniquely mapped reads number |	20650451
                        Uniquely mapped reads % |	75.12%
                          Average mapped length |	48.37
                       Number of splices: Total |	2550973
            Number of splices: Annotated (sjdb) |	2529848
                       Number of splices: GT/AG |	2523940
                       Number of splices: GC/AG |	21319
                       Number of splices: AT/AC |	2491
               Number of splices: Non-canonical |	3223
                      Mismatch rate per base, % |	0.31%
                         Deletion rate per base |	0.01%
                        Deletion average length |	1.40
                        Insertion rate per base |	0.00%
                       Insertion average length |	1.16
                             MULTI-MAPPING READS:
        Number of reads mapped to multiple loci |	5947588
             % of reads mapped to multiple loci |	21.64%
        Number of reads mapped to too many loci |	136363
             % of reads mapped to too many loci |	0.50%
                                  UNMAPPED READS:
  Number of reads unmapped: too many mismatches |	0
       % of reads unmapped: too many mismatches |	0.00%
            Number of reads unmapped: too short |	749774
                 % of reads unmapped: too short |	2.73%
                Number of reads unmapped: other |	5273
                     % of reads unmapped: other |	0.02%
                                  CHIMERIC READS:
                       Number of chimeric reads |	0
                            % of chimeric reads |	0.00%
