                                 Started job on |	Aug 31 00:26:29
                             Started mapping on |	Aug 31 00:29:19
                                    Finished on |	Aug 31 00:31:45
       Mapping speed, Million of reads per hour |	173.96

                          Number of input reads |	7054893
                      Average input read length |	51
                                    UNIQUE READS:
                   Uniquely mapped reads number |	4919238
                        Uniquely mapped reads % |	69.73%
                          Average mapped length |	48.37
                       Number of splices: Total |	647500
            Number of splices: Annotated (sjdb) |	641959
                       Number of splices: GT/AG |	640497
                       Number of splices: GC/AG |	5335
                       Number of splices: AT/AC |	654
               Number of splices: Non-canonical |	1014
                      Mismatch rate per base, % |	0.32%
                         Deletion rate per base |	0.01%
                        Deletion average length |	1.38
                        Insertion rate per base |	0.00%
                       Insertion average length |	1.14
                             MULTI-MAPPING READS:
        Number of reads mapped to multiple loci |	1948318
             % of reads mapped to multiple loci |	27.62%
        Number of reads mapped to too many loci |	31761
             % of reads mapped to too many loci |	0.45%
                                  UNMAPPED READS:
  Number of reads unmapped: too many mismatches |	0
       % of reads unmapped: too many mismatches |	0.00%
            Number of reads unmapped: too short |	154449
                 % of reads unmapped: too short |	2.19%
                Number of reads unmapped: other |	1127
                     % of reads unmapped: other |	0.02%
                                  CHIMERIC READS:
                       Number of chimeric reads |	0
                            % of chimeric reads |	0.00%
