                                 Started job on |	Aug 31 00:31:55
                             Started mapping on |	Aug 31 00:34:17
                                    Finished on |	Aug 31 00:39:29
       Mapping speed, Million of reads per hour |	347.71

                          Number of input reads |	30134517
                      Average input read length |	51
                                    UNIQUE READS:
                   Uniquely mapped reads number |	22669676
                        Uniquely mapped reads % |	75.23%
                          Average mapped length |	48.38
                       Number of splices: Total |	2854645
            Number of splices: Annotated (sjdb) |	2831348
                       Number of splices: GT/AG |	2823895
                       Number of splices: GC/AG |	24100
                       Number of splices: AT/AC |	2818
               Number of splices: Non-canonical |	3832
                      Mismatch rate per base, % |	0.31%
                         Deletion rate per base |	0.01%
                        Deletion average length |	1.39
                        Insertion rate per base |	0.00%
                       Insertion average length |	1.15
                             MULTI-MAPPING READS:
        Number of reads mapped to multiple loci |	6501435
             % of reads mapped to multiple loci |	21.57%
        Number of reads mapped to too many loci |	146492
             % of reads mapped to too many loci |	0.49%
                                  UNMAPPED READS:
  Number of reads unmapped: too many mismatches |	0
       % of reads unmapped: too many mismatches |	0.00%
            Number of reads unmapped: too short |	811360
                 % of reads unmapped: too short |	2.69%
                Number of reads unmapped: other |	5554
                     % of reads unmapped: other |	0.02%
                                  CHIMERIC READS:
                       Number of chimeric reads |	0
                            % of chimeric reads |	0.00%
