[GO_RESPONSE_TO_DOPAMINE,GO_RESPONSE_TO_DOPAMINE] was killed by [GO_RESPONSE_TO_CATECHOLAMINE,GO_RESPONSE_TO_CATECHOLAMINE]
[GO_NEURON_PROJECTION_ORGANIZATION,GO_NEURON_PROJECTION_ORGANIZATION] was killed by [GO_RESPONSE_TO_CATECHOLAMINE,GO_RESPONSE_TO_CATECHOLAMINE]
[GO_CELLULAR_RESPONSE_TO_AMMONIUM_ION,GO_CELLULAR_RESPONSE_TO_AMMONIUM_ION] was killed by [GO_RESPONSE_TO_CATECHOLAMINE,GO_RESPONSE_TO_CATECHOLAMINE]
[GO_DENDRITIC_SPINE_DEVELOPMENT,GO_DENDRITIC_SPINE_DEVELOPMENT] was killed by [GO_RHO_GTPASE_BINDING,GO_RHO_GTPASE_BINDING]
[GO_REGULATION_OF_PROTEIN_IMPORT,GO_REGULATION_OF_PROTEIN_IMPORT] was killed by [GO_RESPONSE_TO_CATECHOLAMINE,GO_RESPONSE_TO_CATECHOLAMINE]
[GO_DETECTION_OF_VISIBLE_LIGHT,GO_DETECTION_OF_VISIBLE_LIGHT] was killed by [GO_RESPONSE_TO_CATECHOLAMINE,GO_RESPONSE_TO_CATECHOLAMINE]
[GO_VESICLE_DOCKING,GO_VESICLE_DOCKING] was killed by [GO_MEMBRANE_DOCKING,GO_MEMBRANE_DOCKING]
[GO_PHOTOTRANSDUCTION_VISIBLE_LIGHT,GO_PHOTOTRANSDUCTION_VISIBLE_LIGHT] was killed by [GO_RESPONSE_TO_CATECHOLAMINE,GO_RESPONSE_TO_CATECHOLAMINE]
[GO_LIPOSACCHARIDE_METABOLIC_PROCESS,GO_LIPOSACCHARIDE_METABOLIC_PROCESS] was killed by [GO_CALCIUM_DEPENDENT_PHOSPHOLIPID_BINDING,GO_CALCIUM_DEPENDENT_PHOSPHOLIPID_BINDING]
[GO_REACTIVE_OXYGEN_SPECIES_BIOSYNTHETIC_PROCESS,GO_REACTIVE_OXYGEN_SPECIES_BIOSYNTHETIC_PROCESS] was killed by [GO_RESPONSE_TO_CATECHOLAMINE,GO_RESPONSE_TO_CATECHOLAMINE]
[GO_UNFOLDED_PROTEIN_BINDING,GO_UNFOLDED_PROTEIN_BINDING] was killed by [GO_POSITIVE_REGULATION_OF_REACTIVE_OXYGEN_SPECIES_BIOSYNTHETIC_PROCESS,GO_POSITIVE_REGULATION_OF_REACTIVE_OXYGEN_SPECIES_BIOSYNTHETIC_PROCESS]
[GO_SUBSTRATE_ADHESION_DEPENDENT_CELL_SPREADING,GO_SUBSTRATE_ADHESION_DEPENDENT_CELL_SPREADING] was killed by [GO_RESPONSE_TO_CATECHOLAMINE,GO_RESPONSE_TO_CATECHOLAMINE]
[GO_DETECTION_OF_ABIOTIC_STIMULUS,GO_DETECTION_OF_ABIOTIC_STIMULUS] was killed by [GO_RESPONSE_TO_CATECHOLAMINE,GO_RESPONSE_TO_CATECHOLAMINE]
[GO_REGULATION_OF_CARBOHYDRATE_METABOLIC_PROCESS,GO_REGULATION_OF_CARBOHYDRATE_METABOLIC_PROCESS] was killed by [GO_POSITIVE_REGULATION_OF_REACTIVE_OXYGEN_SPECIES_BIOSYNTHETIC_PROCESS,GO_POSITIVE_REGULATION_OF_REACTIVE_OXYGEN_SPECIES_BIOSYNTHETIC_PROCESS]
[GO_DETECTION_OF_LIGHT_STIMULUS,GO_DETECTION_OF_LIGHT_STIMULUS] was killed by [GO_RESPONSE_TO_CATECHOLAMINE,GO_RESPONSE_TO_CATECHOLAMINE]
[GO_POSITIVE_REGULATION_OF_POTASSIUM_ION_TRANSPORT,GO_POSITIVE_REGULATION_OF_POTASSIUM_ION_TRANSPORT] was killed by [GO_RESPONSE_TO_CATECHOLAMINE,GO_RESPONSE_TO_CATECHOLAMINE]
[GO_PHOTOTRANSDUCTION,GO_PHOTOTRANSDUCTION] was killed by [GO_RESPONSE_TO_CATECHOLAMINE,GO_RESPONSE_TO_CATECHOLAMINE]
[GO_RIBONUCLEOPROTEIN_COMPLEX_SUBUNIT_ORGANIZATION,GO_RIBONUCLEOPROTEIN_COMPLEX_SUBUNIT_ORGANIZATION] was killed by [GO_POSITIVE_REGULATION_OF_REACTIVE_OXYGEN_SPECIES_BIOSYNTHETIC_PROCESS,GO_POSITIVE_REGULATION_OF_REACTIVE_OXYGEN_SPECIES_BIOSYNTHETIC_PROCESS]
[GO_POSITIVE_REGULATION_OF_DENDRITE_DEVELOPMENT,GO_POSITIVE_REGULATION_OF_DENDRITE_DEVELOPMENT] was killed by [GO_RHO_GTPASE_BINDING,GO_RHO_GTPASE_BINDING]
[GO_RESPONSE_TO_AMMONIUM_ION,GO_RESPONSE_TO_AMMONIUM_ION] was killed by [GO_RESPONSE_TO_CATECHOLAMINE,GO_RESPONSE_TO_CATECHOLAMINE]
[GO_AMINO_ACID_TRANSMEMBRANE_TRANSPORTER_ACTIVITY,GO_AMINO_ACID_TRANSMEMBRANE_TRANSPORTER_ACTIVITY] was killed by [GO_L_AMINO_ACID_TRANSMEMBRANE_TRANSPORTER_ACTIVITY,GO_L_AMINO_ACID_TRANSMEMBRANE_TRANSPORTER_ACTIVITY]
[GO_MORPHOGENESIS_OF_A_POLARIZED_EPITHELIUM,GO_MORPHOGENESIS_OF_A_POLARIZED_EPITHELIUM] was killed by [GO_MEMBRANE_DOCKING,GO_MEMBRANE_DOCKING]
[GO_POSITIVE_REGULATION_OF_NITRIC_OXIDE_METABOLIC_PROCESS,GO_POSITIVE_REGULATION_OF_NITRIC_OXIDE_METABOLIC_PROCESS] was killed by [GO_RESPONSE_TO_CATECHOLAMINE,GO_RESPONSE_TO_CATECHOLAMINE]
[GO_ESTABLISHMENT_OF_CELL_POLARITY,GO_ESTABLISHMENT_OF_CELL_POLARITY] was killed by [GO_MEMBRANE_DOCKING,GO_MEMBRANE_DOCKING]
[GO_CELLULAR_RESPONSE_TO_HYDROGEN_PEROXIDE,GO_CELLULAR_RESPONSE_TO_HYDROGEN_PEROXIDE] was killed by [GO_RESPONSE_TO_CATECHOLAMINE,GO_RESPONSE_TO_CATECHOLAMINE]
[GO_REGULATION_OF_GENERATION_OF_PRECURSOR_METABOLITES_AND_ENERGY,GO_REGULATION_OF_GENERATION_OF_PRECURSOR_METABOLITES_AND_ENERGY] was killed by [GO_RESPONSE_TO_CATECHOLAMINE,GO_RESPONSE_TO_CATECHOLAMINE]
[GO_NEURON_MIGRATION,GO_NEURON_MIGRATION] was killed by [GO_RHO_GTPASE_BINDING,GO_RHO_GTPASE_BINDING]
