[GSE2405_0H_VS_24H_A_PHAGOCYTOPHILUM_STIM_NEUTROPHIL_UP,GSE2405_0H_VS_24H_A_PHAGOCYTOPHILUM_STIM_NEUTROPHIL_UP] was killed by [GAUCHER_PBMC_YF_VAX_STAMARIL_UNKNOWN_AGE_7DY_DN,GAUCHER_PBMC_YF_VAX_STAMARIL_UNKNOWN_AGE_7DY_DN]
[GSE42088_UNINF_VS_LEISHMANIA_INF_DC_2H_DN,GSE42088_UNINF_VS_LEISHMANIA_INF_DC_2H_DN] was killed by [GAUCHER_PBMC_YF_VAX_STAMARIL_UNKNOWN_AGE_7DY_DN,GAUCHER_PBMC_YF_VAX_STAMARIL_UNKNOWN_AGE_7DY_DN]
[GSE2405_0H_VS_9H_A_PHAGOCYTOPHILUM_STIM_NEUTROPHIL_DN,GSE2405_0H_VS_9H_A_PHAGOCYTOPHILUM_STIM_NEUTROPHIL_DN] was killed by [GAUCHER_PBMC_YF_VAX_STAMARIL_UNKNOWN_AGE_7DY_DN,GAUCHER_PBMC_YF_VAX_STAMARIL_UNKNOWN_AGE_7DY_DN]
[GSE34205_HEALTHY_VS_FLU_INF_INFANT_PBMC_UP,GSE34205_HEALTHY_VS_FLU_INF_INFANT_PBMC_UP] was killed by [GAUCHER_PBMC_YF_VAX_STAMARIL_UNKNOWN_AGE_7DY_DN,GAUCHER_PBMC_YF_VAX_STAMARIL_UNKNOWN_AGE_7DY_DN]
[GSE6269_FLU_VS_E_COLI_INF_PBMC_DN,GSE6269_FLU_VS_E_COLI_INF_PBMC_DN] was killed by [GAUCHER_PBMC_YF_VAX_STAMARIL_UNKNOWN_AGE_7DY_DN,GAUCHER_PBMC_YF_VAX_STAMARIL_UNKNOWN_AGE_7DY_DN]
[GSE9006_HEALTHY_VS_TYPE_1_DIABETES_PBMC_4MONTH_POST_DX_UP,GSE9006_HEALTHY_VS_TYPE_1_DIABETES_PBMC_4MONTH_POST_DX_UP] was killed by [GSE9006_HEALTHY_VS_TYPE_1_DIABETES_PBMC_1MONTH_POST_DX_UP,GSE9006_HEALTHY_VS_TYPE_1_DIABETES_PBMC_1MONTH_POST_DX_UP]
[GSE21546_WT_VS_SAP1A_KO_ANTI_CD3_STIM_DP_THYMOCYTES_UP,GSE21546_WT_VS_SAP1A_KO_ANTI_CD3_STIM_DP_THYMOCYTES_UP] was killed by [GSE39916_B_CELL_SPLEEN_VS_PLASMA_CELL_BONE_MARROW_DN,GSE39916_B_CELL_SPLEEN_VS_PLASMA_CELL_BONE_MARROW_DN]
[GSE7219_UNSTIM_VS_LPS_AND_ANTI_CD40_STIM_NIK_NFKB2_KO_DC_DN,GSE7219_UNSTIM_VS_LPS_AND_ANTI_CD40_STIM_NIK_NFKB2_KO_DC_DN] was killed by [GSE39916_B_CELL_SPLEEN_VS_PLASMA_CELL_BONE_MARROW_DN,GSE39916_B_CELL_SPLEEN_VS_PLASMA_CELL_BONE_MARROW_DN]
[GSE6259_33D1_POS_DC_VS_CD4_TCELL_UP,GSE6259_33D1_POS_DC_VS_CD4_TCELL_UP] was killed by [GSE39916_B_CELL_SPLEEN_VS_PLASMA_CELL_BONE_MARROW_DN,GSE39916_B_CELL_SPLEEN_VS_PLASMA_CELL_BONE_MARROW_DN]
[GSE20715_0H_VS_48H_OZONE_LUNG_DN,GSE20715_0H_VS_48H_OZONE_LUNG_DN] was killed by [GSE36826_WT_VS_IL1R_KO_SKIN_STAPH_AUREUS_INF_UP,GSE36826_WT_VS_IL1R_KO_SKIN_STAPH_AUREUS_INF_UP]
[GSE21927_SPLEEN_C57BL6_VS_4T1_TUMOR_BALBC_MONOCYTES_UP,GSE21927_SPLEEN_C57BL6_VS_4T1_TUMOR_BALBC_MONOCYTES_UP] was killed by [GAUCHER_PBMC_YF_VAX_STAMARIL_UNKNOWN_AGE_7DY_DN,GAUCHER_PBMC_YF_VAX_STAMARIL_UNKNOWN_AGE_7DY_DN]
[GSE22886_NAIVE_BCELL_VS_NEUTROPHIL_UP,GSE22886_NAIVE_BCELL_VS_NEUTROPHIL_UP] was killed by [GAUCHER_PBMC_YF_VAX_STAMARIL_UNKNOWN_AGE_7DY_DN,GAUCHER_PBMC_YF_VAX_STAMARIL_UNKNOWN_AGE_7DY_DN]
[GSE11386_NAIVE_VS_MEMORY_BCELL_UP,GSE11386_NAIVE_VS_MEMORY_BCELL_UP] was killed by [GSE36826_WT_VS_IL1R_KO_SKIN_STAPH_AUREUS_INF_UP,GSE36826_WT_VS_IL1R_KO_SKIN_STAPH_AUREUS_INF_UP]
[GAUCHER_PBMC_YF_VAX_STAMARIL_UNKNOWN_AGE_3DY_DN,GAUCHER_PBMC_YF_VAX_STAMARIL_UNKNOWN_AGE_3DY_DN] was killed by [GAUCHER_PBMC_YF_VAX_STAMARIL_UNKNOWN_AGE_7DY_DN,GAUCHER_PBMC_YF_VAX_STAMARIL_UNKNOWN_AGE_7DY_DN]
[GSE30962_PRIMARY_VS_SECONDARY_ACUTE_LCMV_INF_CD8_TCELL_UP,GSE30962_PRIMARY_VS_SECONDARY_ACUTE_LCMV_INF_CD8_TCELL_UP] was killed by [GSE36826_WT_VS_IL1R_KO_SKIN_STAPH_AUREUS_INF_UP,GSE36826_WT_VS_IL1R_KO_SKIN_STAPH_AUREUS_INF_UP]
[GSE14415_TCONV_VS_FOXP3_KO_INDUCED_TREG_DN,GSE14415_TCONV_VS_FOXP3_KO_INDUCED_TREG_DN] was killed by [GSE36826_WT_VS_IL1R_KO_SKIN_STAPH_AUREUS_INF_UP,GSE36826_WT_VS_IL1R_KO_SKIN_STAPH_AUREUS_INF_UP]
[GSE3982_EFF_MEMORY_CD4_TCELL_VS_TH2_DN,GSE3982_EFF_MEMORY_CD4_TCELL_VS_TH2_DN] was killed by [GSE36826_WT_VS_IL1R_KO_SKIN_STAPH_AUREUS_INF_UP,GSE36826_WT_VS_IL1R_KO_SKIN_STAPH_AUREUS_INF_UP]
[GSE10325_BCELL_VS_LUPUS_BCELL_UP,GSE10325_BCELL_VS_LUPUS_BCELL_UP] was killed by [GAUCHER_PBMC_YF_VAX_STAMARIL_UNKNOWN_AGE_7DY_DN,GAUCHER_PBMC_YF_VAX_STAMARIL_UNKNOWN_AGE_7DY_DN]
[GSE14000_TRANSLATED_RNA_VS_MRNA_4H_LPS_DC_DN,GSE14000_TRANSLATED_RNA_VS_MRNA_4H_LPS_DC_DN] was killed by [GAUCHER_PBMC_YF_VAX_STAMARIL_UNKNOWN_AGE_7DY_DN,GAUCHER_PBMC_YF_VAX_STAMARIL_UNKNOWN_AGE_7DY_DN]
[GSE2770_TGFB_AND_IL4_ACT_VS_ACT_CD4_TCELL_2H_DN,GSE2770_TGFB_AND_IL4_ACT_VS_ACT_CD4_TCELL_2H_DN] was killed by [GSE360_HIGH_DOSE_B_MALAYI_VS_M_TUBERCULOSIS_DC_DN,GSE360_HIGH_DOSE_B_MALAYI_VS_M_TUBERCULOSIS_DC_DN]
[GSE40666_WT_VS_STAT4_KO_CD8_TCELL_UP,GSE40666_WT_VS_STAT4_KO_CD8_TCELL_UP] was killed by [GSE2770_UNTREATED_VS_TGFB_AND_IL4_TREATED_ACT_CD4_TCELL_48H_UP,GSE2770_UNTREATED_VS_TGFB_AND_IL4_TREATED_ACT_CD4_TCELL_48H_UP]
[GSE17721_CTRL_VS_GARDIQUIMOD_8H_BMDC_UP,GSE17721_CTRL_VS_GARDIQUIMOD_8H_BMDC_UP] was killed by [GSE17721_CTRL_VS_LPS_1H_BMDC_UP,GSE17721_CTRL_VS_LPS_1H_BMDC_UP]
[GSE360_HIGH_VS_LOW_DOSE_B_MALAYI_MAC_UP,GSE360_HIGH_VS_LOW_DOSE_B_MALAYI_MAC_UP] was killed by [GSE36826_WT_VS_IL1R_KO_SKIN_STAPH_AUREUS_INF_UP,GSE36826_WT_VS_IL1R_KO_SKIN_STAPH_AUREUS_INF_UP]
[GSE13547_CTRL_VS_ANTI_IGM_STIM_BCELL_2H_UP,GSE13547_CTRL_VS_ANTI_IGM_STIM_BCELL_2H_UP] was killed by [GSE36826_WT_VS_IL1R_KO_SKIN_STAPH_AUREUS_INF_UP,GSE36826_WT_VS_IL1R_KO_SKIN_STAPH_AUREUS_INF_UP]
[GSE15930_NAIVE_VS_24H_IN_VITRO_STIM_CD8_TCELL_DN,GSE15930_NAIVE_VS_24H_IN_VITRO_STIM_CD8_TCELL_DN] was killed by [GAUCHER_PBMC_YF_VAX_STAMARIL_UNKNOWN_AGE_7DY_DN,GAUCHER_PBMC_YF_VAX_STAMARIL_UNKNOWN_AGE_7DY_DN]
[GSE22611_UNSTIM_VS_6H_MDP_STIM_NOD2_TRANSDUCED_HEK293T_CELL_UP,GSE22611_UNSTIM_VS_6H_MDP_STIM_NOD2_TRANSDUCED_HEK293T_CELL_UP] was killed by [GSE36826_WT_VS_IL1R_KO_SKIN_STAPH_AUREUS_INF_UP,GSE36826_WT_VS_IL1R_KO_SKIN_STAPH_AUREUS_INF_UP]
[GSE17974_0H_VS_12H_IN_VITRO_ACT_CD4_TCELL_UP,GSE17974_0H_VS_12H_IN_VITRO_ACT_CD4_TCELL_UP] was killed by [GSE16450_CTRL_VS_IFNA_6H_STIM_MATURE_NEURON_CELL_LINE_UP,GSE16450_CTRL_VS_IFNA_6H_STIM_MATURE_NEURON_CELL_LINE_UP]
[GSE41978_ID2_KO_VS_ID2_KO_AND_BIM_KO_KLRG1_LOW_EFFECTOR_CD8_TCELL_DN,GSE41978_ID2_KO_VS_ID2_KO_AND_BIM_KO_KLRG1_LOW_EFFECTOR_CD8_TCELL_DN] was killed by [GAUCHER_PBMC_YF_VAX_STAMARIL_UNKNOWN_AGE_7DY_DN,GAUCHER_PBMC_YF_VAX_STAMARIL_UNKNOWN_AGE_7DY_DN]
[GSE10325_BCELL_VS_LUPUS_BCELL_DN,GSE10325_BCELL_VS_LUPUS_BCELL_DN] was killed by [GSE36826_WT_VS_IL1R_KO_SKIN_STAPH_AUREUS_INF_UP,GSE36826_WT_VS_IL1R_KO_SKIN_STAPH_AUREUS_INF_UP]
[GSE19401_PAM2CSK4_VS_RETINOIC_ACID_AND_PAM2CSK4_STIM_FOLLICULAR_DC_DN,GSE19401_PAM2CSK4_VS_RETINOIC_ACID_AND_PAM2CSK4_STIM_FOLLICULAR_DC_DN] was killed by [GSE24634_IL4_VS_CTRL_TREATED_NAIVE_CD4_TCELL_DAY7_DN,GSE24634_IL4_VS_CTRL_TREATED_NAIVE_CD4_TCELL_DAY7_DN]
[GSE2585_AIRE_KO_VS_WT_CD80_LOW_MTEC_UP,GSE2585_AIRE_KO_VS_WT_CD80_LOW_MTEC_UP] was killed by [GSE9006_HEALTHY_VS_TYPE_1_DIABETES_PBMC_1MONTH_POST_DX_UP,GSE9006_HEALTHY_VS_TYPE_1_DIABETES_PBMC_1MONTH_POST_DX_UP]
[GSE17974_CTRL_VS_ACT_IL4_AND_ANTI_IL12_4H_CD4_TCELL_UP,GSE17974_CTRL_VS_ACT_IL4_AND_ANTI_IL12_4H_CD4_TCELL_UP] was killed by [GAUCHER_PBMC_YF_VAX_STAMARIL_UNKNOWN_AGE_7DY_DN,GAUCHER_PBMC_YF_VAX_STAMARIL_UNKNOWN_AGE_7DY_DN]
[GSE12392_WT_VS_IFNB_KO_CD8A_NEG_SPLEEN_DC_DN,GSE12392_WT_VS_IFNB_KO_CD8A_NEG_SPLEEN_DC_DN] was killed by [GSE39916_B_CELL_SPLEEN_VS_PLASMA_CELL_BONE_MARROW_DN,GSE39916_B_CELL_SPLEEN_VS_PLASMA_CELL_BONE_MARROW_DN]
[GSE25123_IL4_VS_IL4_AND_ROSIGLITAZONE_STIM_MACROPHAGE_DAY10_DN,GSE25123_IL4_VS_IL4_AND_ROSIGLITAZONE_STIM_MACROPHAGE_DAY10_DN] was killed by [GSE6092_B_BURGDOFERI_VS_B_BURGDORFERI_AND_IFNG_STIM_ENDOTHELIAL_CELL_DN,GSE6092_B_BURGDOFERI_VS_B_BURGDORFERI_AND_IFNG_STIM_ENDOTHELIAL_CELL_DN]
[GSE2706_R848_VS_LPS_8H_STIM_DC_DN,GSE2706_R848_VS_LPS_8H_STIM_DC_DN] was killed by [GSE24634_IL4_VS_CTRL_TREATED_NAIVE_CD4_TCELL_DAY7_DN,GSE24634_IL4_VS_CTRL_TREATED_NAIVE_CD4_TCELL_DAY7_DN]
[GSE7509_DC_VS_MONOCYTE_WITH_FCGRIIB_STIM_DN,GSE7509_DC_VS_MONOCYTE_WITH_FCGRIIB_STIM_DN] was killed by [GSE5679_CTRL_VS_PPARG_LIGAND_ROSIGLITAZONE_AND_RARA_AGONIST_AM580_TREATED_DC_UP,GSE5679_CTRL_VS_PPARG_LIGAND_ROSIGLITAZONE_AND_RARA_AGONIST_AM580_TREATED_DC_UP]
[GSE37301_PRO_BCELL_VS_GRANULOCYTE_MONOCYTE_PROGENITOR_DN,GSE37301_PRO_BCELL_VS_GRANULOCYTE_MONOCYTE_PROGENITOR_DN] was killed by [GSE24634_IL4_VS_CTRL_TREATED_NAIVE_CD4_TCELL_DAY7_DN,GSE24634_IL4_VS_CTRL_TREATED_NAIVE_CD4_TCELL_DAY7_DN]
[GSE15930_NAIVE_VS_24H_IN_VITRO_STIM_INFAB_CD8_TCELL_DN,GSE15930_NAIVE_VS_24H_IN_VITRO_STIM_INFAB_CD8_TCELL_DN] was killed by [GAUCHER_PBMC_YF_VAX_STAMARIL_UNKNOWN_AGE_7DY_DN,GAUCHER_PBMC_YF_VAX_STAMARIL_UNKNOWN_AGE_7DY_DN]
[GSE22886_UNSTIM_VS_IL15_STIM_NKCELL_DN,GSE22886_UNSTIM_VS_IL15_STIM_NKCELL_DN] was killed by [GSE36826_WT_VS_IL1R_KO_SKIN_STAPH_AUREUS_INF_UP,GSE36826_WT_VS_IL1R_KO_SKIN_STAPH_AUREUS_INF_UP]
[GSE7459_UNTREATED_VS_IL6_TREATED_ACT_CD4_TCELL_UP,GSE7459_UNTREATED_VS_IL6_TREATED_ACT_CD4_TCELL_UP] was killed by [GSE27786_NKTCELL_VS_MONO_MAC_UP,GSE27786_NKTCELL_VS_MONO_MAC_UP]
[GSE9037_WT_VS_IRAK4_KO_BMDM_DN,GSE9037_WT_VS_IRAK4_KO_BMDM_DN] was killed by [GSE24634_IL4_VS_CTRL_TREATED_NAIVE_CD4_TCELL_DAY7_DN,GSE24634_IL4_VS_CTRL_TREATED_NAIVE_CD4_TCELL_DAY7_DN]
[GSE32901_NAIVE_VS_TH17_NEG_CD4_TCELL_UP,GSE32901_NAIVE_VS_TH17_NEG_CD4_TCELL_UP] was killed by [GSE36826_WT_VS_IL1R_KO_SKIN_STAPH_AUREUS_INF_UP,GSE36826_WT_VS_IL1R_KO_SKIN_STAPH_AUREUS_INF_UP]
[GSE13485_CTRL_VS_DAY7_YF17D_VACCINE_PBMC_UP,GSE13485_CTRL_VS_DAY7_YF17D_VACCINE_PBMC_UP] was killed by [GAUCHER_PBMC_YF_VAX_STAMARIL_UNKNOWN_AGE_7DY_DN,GAUCHER_PBMC_YF_VAX_STAMARIL_UNKNOWN_AGE_7DY_DN]
[GSE17721_0.5H_VS_12H_GARDIQUIMOD_BMDC_UP,GSE17721_0.5H_VS_12H_GARDIQUIMOD_BMDC_UP] was killed by [GSE41176_WT_VS_TAK1_KO_ANTI_IGM_STIM_BCELL_6H_UP,GSE41176_WT_VS_TAK1_KO_ANTI_IGM_STIM_BCELL_6H_UP]
[GSE21063_WT_VS_NFATC1_KO_8H_ANTI_IGM_STIM_BCELL_UP,GSE21063_WT_VS_NFATC1_KO_8H_ANTI_IGM_STIM_BCELL_UP] was killed by [GAUCHER_PBMC_YF_VAX_STAMARIL_UNKNOWN_AGE_7DY_DN,GAUCHER_PBMC_YF_VAX_STAMARIL_UNKNOWN_AGE_7DY_DN]
[GSE16451_IMMATURE_VS_MATURE_NEURON_CELL_LINE_WEST_EQUINE_ENC_VIRUS_UP,GSE16451_IMMATURE_VS_MATURE_NEURON_CELL_LINE_WEST_EQUINE_ENC_VIRUS_UP] was killed by [GSE16450_CTRL_VS_IFNA_6H_STIM_MATURE_NEURON_CELL_LINE_UP,GSE16450_CTRL_VS_IFNA_6H_STIM_MATURE_NEURON_CELL_LINE_UP]
[GSE8921_UNSTIM_0H_VS_TLR1_2_STIM_MONOCYTE_24H_UP,GSE8921_UNSTIM_0H_VS_TLR1_2_STIM_MONOCYTE_24H_UP] was killed by [GSE27786_NKTCELL_VS_MONO_MAC_UP,GSE27786_NKTCELL_VS_MONO_MAC_UP]
[GSE17721_0.5H_VS_4H_LPS_BMDC_DN,GSE17721_0.5H_VS_4H_LPS_BMDC_DN] was killed by [GSE6092_B_BURGDOFERI_VS_B_BURGDORFERI_AND_IFNG_STIM_ENDOTHELIAL_CELL_DN,GSE6092_B_BURGDOFERI_VS_B_BURGDORFERI_AND_IFNG_STIM_ENDOTHELIAL_CELL_DN]
[GSE2706_R848_VS_R848_AND_LPS_2H_STIM_DC_DN,GSE2706_R848_VS_R848_AND_LPS_2H_STIM_DC_DN] was killed by [GSE5679_CTRL_VS_PPARG_LIGAND_ROSIGLITAZONE_AND_RARA_AGONIST_AM580_TREATED_DC_UP,GSE5679_CTRL_VS_PPARG_LIGAND_ROSIGLITAZONE_AND_RARA_AGONIST_AM580_TREATED_DC_UP]
[GSE1460_CD4_THYMOCYTE_VS_NAIVE_CD4_TCELL_CORD_BLOOD_UP,GSE1460_CD4_THYMOCYTE_VS_NAIVE_CD4_TCELL_CORD_BLOOD_UP] was killed by [GSE9006_HEALTHY_VS_TYPE_1_DIABETES_PBMC_1MONTH_POST_DX_UP,GSE9006_HEALTHY_VS_TYPE_1_DIABETES_PBMC_1MONTH_POST_DX_UP]
[GSE11961_MEMORY_BCELL_DAY7_VS_GERMINAL_CENTER_BCELL_DAY7_UP,GSE11961_MEMORY_BCELL_DAY7_VS_GERMINAL_CENTER_BCELL_DAY7_UP] was killed by [GSE39916_B_CELL_SPLEEN_VS_PLASMA_CELL_BONE_MARROW_DN,GSE39916_B_CELL_SPLEEN_VS_PLASMA_CELL_BONE_MARROW_DN]
[GSE9509_10MIN_VS_30MIN_LPS_STIM_IL10_KO_MACROPHAGE_UP,GSE9509_10MIN_VS_30MIN_LPS_STIM_IL10_KO_MACROPHAGE_UP] was killed by [GSE36826_WT_VS_IL1R_KO_SKIN_STAPH_AUREUS_INF_UP,GSE36826_WT_VS_IL1R_KO_SKIN_STAPH_AUREUS_INF_UP]
[GSE22886_NAIVE_TCELL_VS_DC_UP,GSE22886_NAIVE_TCELL_VS_DC_UP] was killed by [GAUCHER_PBMC_YF_VAX_STAMARIL_UNKNOWN_AGE_7DY_DN,GAUCHER_PBMC_YF_VAX_STAMARIL_UNKNOWN_AGE_7DY_DN]
[GSE43863_NAIVE_VS_MEMORY_TFH_CD4_TCELL_D150_LCMV_UP,GSE43863_NAIVE_VS_MEMORY_TFH_CD4_TCELL_D150_LCMV_UP] was killed by [GSE9006_HEALTHY_VS_TYPE_1_DIABETES_PBMC_1MONTH_POST_DX_UP,GSE9006_HEALTHY_VS_TYPE_1_DIABETES_PBMC_1MONTH_POST_DX_UP]
[GSE34205_HEALTHY_VS_RSV_INF_INFANT_PBMC_UP,GSE34205_HEALTHY_VS_RSV_INF_INFANT_PBMC_UP] was killed by [GAUCHER_PBMC_YF_VAX_STAMARIL_UNKNOWN_AGE_7DY_DN,GAUCHER_PBMC_YF_VAX_STAMARIL_UNKNOWN_AGE_7DY_DN]
[GSE35543_IN_VITRO_ITREG_VS_CONVERTED_EX_ITREG_UP,GSE35543_IN_VITRO_ITREG_VS_CONVERTED_EX_ITREG_UP] was killed by [GSE36826_WT_VS_IL1R_KO_SKIN_STAPH_AUREUS_INF_UP,GSE36826_WT_VS_IL1R_KO_SKIN_STAPH_AUREUS_INF_UP]
[GSE22886_NAIVE_CD8_TCELL_VS_DC_DN,GSE22886_NAIVE_CD8_TCELL_VS_DC_DN] was killed by [GSE24634_IL4_VS_CTRL_TREATED_NAIVE_CD4_TCELL_DAY7_DN,GSE24634_IL4_VS_CTRL_TREATED_NAIVE_CD4_TCELL_DAY7_DN]
[GSE25087_FETAL_VS_ADULT_TREG_UP,GSE25087_FETAL_VS_ADULT_TREG_UP] was killed by [GSE36826_WT_VS_IL1R_KO_SKIN_STAPH_AUREUS_INF_UP,GSE36826_WT_VS_IL1R_KO_SKIN_STAPH_AUREUS_INF_UP]
[GSE40666_UNTREATED_VS_IFNA_STIM_STAT1_KO_CD8_TCELL_90MIN_UP,GSE40666_UNTREATED_VS_IFNA_STIM_STAT1_KO_CD8_TCELL_90MIN_UP] was killed by [GSE6092_B_BURGDOFERI_VS_B_BURGDORFERI_AND_IFNG_STIM_ENDOTHELIAL_CELL_DN,GSE6092_B_BURGDOFERI_VS_B_BURGDORFERI_AND_IFNG_STIM_ENDOTHELIAL_CELL_DN]
[GSE18893_TCONV_VS_TREG_24H_TNF_STIM_UP,GSE18893_TCONV_VS_TREG_24H_TNF_STIM_UP] was killed by [GSE36826_WT_VS_IL1R_KO_SKIN_STAPH_AUREUS_INF_UP,GSE36826_WT_VS_IL1R_KO_SKIN_STAPH_AUREUS_INF_UP]
[GSE13485_DAY1_VS_DAY21_YF17D_VACCINE_PBMC_UP,GSE13485_DAY1_VS_DAY21_YF17D_VACCINE_PBMC_UP] was killed by [GSE360_DC_VS_MAC_L_MAJOR_UP,GSE360_DC_VS_MAC_L_MAJOR_UP]
[GSE10239_MEMORY_VS_KLRG1HIGH_EFF_CD8_TCELL_DN,GSE10239_MEMORY_VS_KLRG1HIGH_EFF_CD8_TCELL_DN] was killed by [GSE21379_WT_VS_SAP_KO_CD4_TCELL_DN,GSE21379_WT_VS_SAP_KO_CD4_TCELL_DN]
[GSE37532_TREG_VS_TCONV_PPARG_KO_CD4_TCELL_FROM_LN_DN,GSE37532_TREG_VS_TCONV_PPARG_KO_CD4_TCELL_FROM_LN_DN] was killed by [GSE24574_NAIVE_VS_TCONV_CD4_TCELL_DN,GSE24574_NAIVE_VS_TCONV_CD4_TCELL_DN]
[GSE17721_CTRL_VS_GARDIQUIMOD_1H_BMDC_UP,GSE17721_CTRL_VS_GARDIQUIMOD_1H_BMDC_UP] was killed by [GSE17721_CTRL_VS_LPS_1H_BMDC_UP,GSE17721_CTRL_VS_LPS_1H_BMDC_UP]
[GSE17721_CPG_VS_GARDIQUIMOD_12H_BMDC_DN,GSE17721_CPG_VS_GARDIQUIMOD_12H_BMDC_DN] was killed by [GSE17721_POLYIC_VS_PAM3CSK4_16H_BMDC_DN,GSE17721_POLYIC_VS_PAM3CSK4_16H_BMDC_DN]
