[GO:0019083,viral transcription] was killed by [GO:0006614,SRP-dependent cotranslational protein targeting to membrane]
[GO:0006413,translational initiation] was killed by [GO:0006614,SRP-dependent cotranslational protein targeting to membrane]
[GO:0000184,nuclear-transcribed mRNA catabolic process, nonsense-mediated decay] was killed by [GO:0006614,SRP-dependent cotranslational protein targeting to membrane]
[GO:0022625,cytosolic large ribosomal subunit] was killed by [GO:0006614,SRP-dependent cotranslational protein targeting to membrane]
[GO:0003735,structural constituent of ribosome] was killed by [GO:0006614,SRP-dependent cotranslational protein targeting to membrane]
[GO:0006405,RNA export from nucleus] was killed by [GO:0008536,Ran GTPase binding]
[GO:0022627,cytosolic small ribosomal subunit] was killed by [GO:0006614,SRP-dependent cotranslational protein targeting to membrane]
[GO:0071013,catalytic step 2 spliceosome] was killed by [GO:0001649,osteoblast differentiation]
[GO:0005643,nuclear pore] was killed by [GO:0008536,Ran GTPase binding]
[GO:0002181,cytoplasmic translation] was killed by [GO:0006614,SRP-dependent cotranslational protein targeting to membrane]
[GO:0051437,positive regulation of ubiquitin-protein ligase activity involved in regulation of mitotic cell cycle transition] was killed by [GO:0010972,negative regulation of G2/M transition of mitotic cell cycle]
[GO:0005667,transcription factor complex] was killed by [GO:0001102,RNA polymerase II activating transcription factor binding]
[GO:0051082,unfolded protein binding] was killed by [GO:0044297,cell body]
[GO:0001726,ruffle] was killed by [GO:0001725,stress fiber]
[GO:0006457,protein folding] was killed by [GO:0044297,cell body]
[GO:0061418,regulation of transcription from RNA polymerase II promoter in response to hypoxia] was killed by [GO:0010972,negative regulation of G2/M transition of mitotic cell cycle]
[GO:0005911,cell-cell junction] was killed by [GO:0001725,stress fiber]
[GO:0070423,nucleotide-binding oligomerization domain containing signaling pathway] was killed by [GO:0010972,negative regulation of G2/M transition of mitotic cell cycle]
[GO:0060071,Wnt signaling pathway, planar cell polarity pathway] was killed by [GO:0010972,negative regulation of G2/M transition of mitotic cell cycle]
[GO:0031145,anaphase-promoting complex-dependent catabolic process] was killed by [GO:0010972,negative regulation of G2/M transition of mitotic cell cycle]
[GO:0051436,negative regulation of ubiquitin-protein ligase activity involved in mitotic cell cycle] was killed by [GO:0010972,negative regulation of G2/M transition of mitotic cell cycle]
[GO:0030130,clathrin coat of trans-Golgi network vesicle] was killed by [GO:0001649,osteoblast differentiation]
[GO:0005681,spliceosomal complex] was killed by [GO:0001649,osteoblast differentiation]
[GO:0019843,rRNA binding] was killed by [GO:0006614,SRP-dependent cotranslational protein targeting to membrane]
[GO:0070987,error-free translesion synthesis] was killed by [GO:0010972,negative regulation of G2/M transition of mitotic cell cycle]
[GO:0031146,SCF-dependent proteasomal ubiquitin-dependent protein catabolic process] was killed by [GO:0010972,negative regulation of G2/M transition of mitotic cell cycle]
[GO:0031491,nucleosome binding] was killed by [GO:2001243,negative regulation of intrinsic apoptotic signaling pathway]
[GO:0005903,brush border] was killed by [GO:0001725,stress fiber]
[GO:0008097,5S rRNA binding] was killed by [GO:0006614,SRP-dependent cotranslational protein targeting to membrane]
[GO:0016514,SWI/SNF complex] was killed by [GO:0031492,nucleosomal DNA binding]
[GO:0016363,nuclear matrix] was killed by [GO:0040008,regulation of growth]
[GO:0031397,negative regulation of protein ubiquitination] was killed by [GO:0043154,negative regulation of cysteine-type endopeptidase activity involved in apoptotic process]
[GO:0050680,negative regulation of epithelial cell proliferation] was killed by [GO:0001102,RNA polymerase II activating transcription factor binding]
[GO:0043524,negative regulation of neuron apoptotic process] was killed by [GO:0044297,cell body]
[GO:0015935,small ribosomal subunit] was killed by [GO:0006614,SRP-dependent cotranslational protein targeting to membrane]
[GO:0042769,DNA damage response, detection of DNA damage] was killed by [GO:0010972,negative regulation of G2/M transition of mitotic cell cycle]
[GO:0043044,ATP-dependent chromatin remodeling] was killed by [GO:0031492,nucleosomal DNA binding]
[GO:0035666,TRIF-dependent toll-like receptor signaling pathway] was killed by [GO:0044297,cell body]
[GO:0016580,Sin3 complex] was killed by [GO:0001102,RNA polymerase II activating transcription factor binding]
[GO:0000502,proteasome complex] was killed by [GO:0010972,negative regulation of G2/M transition of mitotic cell cycle]
[GO:0007265,Ras protein signal transduction] was killed by [GO:0044297,cell body]
[GO:0006294,nucleotide-excision repair, preincision complex assembly] was killed by [GO:0010972,negative regulation of G2/M transition of mitotic cell cycle]
[GO:1900034,regulation of cellular response to heat] was killed by [GO:0001102,RNA polymerase II activating transcription factor binding]
[GO:0071375,cellular response to peptide hormone stimulus] was killed by [GO:0008536,Ran GTPase binding]
[GO:0036503,ERAD pathway] was killed by [GO:1902187,negative regulation of viral release from host cell]
[GO:0031982,vesicle] was killed by [GO:0010972,negative regulation of G2/M transition of mitotic cell cycle]
[GO:0010569,regulation of double-strand break repair via homologous recombination] was killed by [GO:2001243,negative regulation of intrinsic apoptotic signaling pathway]
[GO:0032784,regulation of DNA-templated transcription, elongation] was killed by [GO:0001102,RNA polymerase II activating transcription factor binding]
[GO:0042470,melanosome] was killed by [GO:0001649,osteoblast differentiation]
[GO:0006986,response to unfolded protein] was killed by [GO:0043154,negative regulation of cysteine-type endopeptidase activity involved in apoptotic process]
[GO:0044183,protein binding involved in protein folding] was killed by [GO:0044297,cell body]
[GO:0032587,ruffle membrane] was killed by [GO:0044297,cell body]
[GO:0005905,clathrin-coated pit] was killed by [GO:0043154,negative regulation of cysteine-type endopeptidase activity involved in apoptotic process]
[GO:0000159,protein phosphatase type 2A complex] was killed by [GO:0040008,regulation of growth]
[GO:0009887,animal organ morphogenesis] was killed by [GO:0040008,regulation of growth]
[GO:0071564,npBAF complex] was killed by [GO:0040008,regulation of growth]
[GO:0002223,stimulatory C-type lectin receptor signaling pathway] was killed by [GO:0010972,negative regulation of G2/M transition of mitotic cell cycle]
[GO:0003690,double-stranded DNA binding] was killed by [GO:0006303,double-strand break repair via nonhomologous end joining]
[GO:0071364,cellular response to epidermal growth factor stimulus] was killed by [GO:0071732,cellular response to nitric oxide]
[GO:0043531,ADP binding] was killed by [GO:0040008,regulation of growth]
[GO:0030177,positive regulation of Wnt signaling pathway] was killed by [GO:0044297,cell body]
[GO:0036092,phosphatidylinositol-3-phosphate biosynthetic process] was killed by [GO:0030132,clathrin coat of coated pit]
[GO:0034198,cellular response to amino acid starvation] was killed by [GO:0031080,nuclear pore outer ring]
[GO:0010595,positive regulation of endothelial cell migration] was killed by [GO:0043154,negative regulation of cysteine-type endopeptidase activity involved in apoptotic process]
[GO:0000792,heterochromatin] was killed by [GO:0031492,nucleosomal DNA binding]
[GO:0030175,filopodium] was killed by [GO:0044297,cell body]
[GO:0030136,clathrin-coated vesicle] was killed by [GO:0030132,clathrin coat of coated pit]
[GO:0031648,protein destabilization] was killed by [GO:0001102,RNA polymerase II activating transcription factor binding]
[GO:0060976,coronary vasculature development] was killed by [GO:0071732,cellular response to nitric oxide]
[GO:0035267,NuA4 histone acetyltransferase complex] was killed by [GO:0040008,regulation of growth]
[GO:0006977,DNA damage response, signal transduction by p53 class mediator resulting in cell cycle arrest] was killed by [GO:0043154,negative regulation of cysteine-type endopeptidase activity involved in apoptotic process]
[GO:0016581,NuRD complex] was killed by [GO:0031492,nucleosomal DNA binding]
[GO:0043488,regulation of mRNA stability] was killed by [GO:0010972,negative regulation of G2/M transition of mitotic cell cycle]
[GO:0097192,extrinsic apoptotic signaling pathway in absence of ligand] was killed by [GO:2001243,negative regulation of intrinsic apoptotic signaling pathway]
[GO:0006296,nucleotide-excision repair, DNA incision, 5'-to lesion] was killed by [GO:0010972,negative regulation of G2/M transition of mitotic cell cycle]
[GO:0033683,nucleotide-excision repair, DNA incision] was killed by [GO:0010972,negative regulation of G2/M transition of mitotic cell cycle]
[GO:1903753,negative regulation of p38MAPK cascade] was killed by [GO:0044297,cell body]
[GO:0048208,COPII vesicle coating] was killed by [GO:0031080,nuclear pore outer ring]
[GO:0032588,trans-Golgi network membrane] was killed by [GO:0030132,clathrin coat of coated pit]
[GO:0030118,clathrin coat] was killed by [GO:0001649,osteoblast differentiation]
[GO:0030669,clathrin-coated endocytic vesicle membrane] was killed by [GO:0001649,osteoblast differentiation]
[GO:0070933,histone H4 deacetylation] was killed by [GO:0031492,nucleosomal DNA binding]
[GO:0060544,regulation of necroptotic process] was killed by [GO:0044297,cell body]
[GO:0000027,ribosomal large subunit assembly] was killed by [GO:0006614,SRP-dependent cotranslational protein targeting to membrane]
[GO:0061077,chaperone-mediated protein folding] was killed by [GO:0044297,cell body]
[GO:0042733,embryonic digit morphogenesis] was killed by [GO:0001102,RNA polymerase II activating transcription factor binding]
[GO:0008083,growth factor activity] was killed by [GO:0043154,negative regulation of cysteine-type endopeptidase activity involved in apoptotic process]
[GO:0008327,methyl-CpG binding] was killed by [GO:0031492,nucleosomal DNA binding]
[GO:0010803,regulation of tumor necrosis factor-mediated signaling pathway] was killed by [GO:0010972,negative regulation of G2/M transition of mitotic cell cycle]
[GO:0003729,mRNA binding] was killed by [GO:0006614,SRP-dependent cotranslational protein targeting to membrane]
[GO:0003725,double-stranded RNA binding] was killed by [GO:0001649,osteoblast differentiation]
[GO:0005741,mitochondrial outer membrane] was killed by [GO:2001243,negative regulation of intrinsic apoptotic signaling pathway]
[GO:0060333,interferon-gamma-mediated signaling pathway] was killed by [GO:1902187,negative regulation of viral release from host cell]
[GO:1902041,regulation of extrinsic apoptotic signaling pathway via death domain receptors] was killed by [GO:0044297,cell body]
[GO:2000059,negative regulation of protein ubiquitination involved in ubiquitin-dependent protein catabolic process] was killed by [GO:0006614,SRP-dependent cotranslational protein targeting to membrane]
[GO:0031623,receptor internalization] was killed by [GO:0030132,clathrin coat of coated pit]
[GO:0070266,necroptotic process] was killed by [GO:2001243,negative regulation of intrinsic apoptotic signaling pathway]
[GO:0051015,actin filament binding] was killed by [GO:0001725,stress fiber]
[GO:0071398,cellular response to fatty acid] was killed by [GO:0001102,RNA polymerase II activating transcription factor binding]
