[GOBP_ESTABLISHMENT_OF_PROTEIN_LOCALIZATION_TO_ENDOPLASMIC_RETICULUM,GOBP_ESTABLISHMENT_OF_PROTEIN_LOCALIZATION_TO_ENDOPLASMIC_RETICULUM] was killed by [GOBP_COTRANSLATIONAL_PROTEIN_TARGETING_TO_MEMBRANE,GOBP_COTRANSLATIONAL_PROTEIN_TARGETING_TO_MEMBRANE]
[GOBP_TRANSLATIONAL_INITIATION,GOBP_TRANSLATIONAL_INITIATION] was killed by [GOBP_COTRANSLATIONAL_PROTEIN_TARGETING_TO_MEMBRANE,GOBP_COTRANSLATIONAL_PROTEIN_TARGETING_TO_MEMBRANE]
[GOBP_PROTEIN_LOCALIZATION_TO_ENDOPLASMIC_RETICULUM,GOBP_PROTEIN_LOCALIZATION_TO_ENDOPLASMIC_RETICULUM] was killed by [GOBP_COTRANSLATIONAL_PROTEIN_TARGETING_TO_MEMBRANE,GOBP_COTRANSLATIONAL_PROTEIN_TARGETING_TO_MEMBRANE]
[GOBP_REGULATION_OF_PH,GOBP_REGULATION_OF_PH] was killed by [GOBP_MONOVALENT_INORGANIC_CATION_HOMEOSTASIS,GOBP_MONOVALENT_INORGANIC_CATION_HOMEOSTASIS]
[GOBP_NUCLEAR_TRANSCRIBED_MRNA_CATABOLIC_PROCESS_NONSENSE_MEDIATED_DECAY,GOBP_NUCLEAR_TRANSCRIBED_MRNA_CATABOLIC_PROCESS_NONSENSE_MEDIATED_DECAY] was killed by [GOBP_COTRANSLATIONAL_PROTEIN_TARGETING_TO_MEMBRANE,GOBP_COTRANSLATIONAL_PROTEIN_TARGETING_TO_MEMBRANE]
[GOBP_BLOOD_VESSEL_ENDOTHELIAL_CELL_MIGRATION,GOBP_BLOOD_VESSEL_ENDOTHELIAL_CELL_MIGRATION] was killed by [GOBP_POSITIVE_REGULATION_OF_EPITHELIAL_CELL_MIGRATION,GOBP_POSITIVE_REGULATION_OF_EPITHELIAL_CELL_MIGRATION]
[GOBP_CELLULAR_MONOVALENT_INORGANIC_CATION_HOMEOSTASIS,GOBP_CELLULAR_MONOVALENT_INORGANIC_CATION_HOMEOSTASIS] was killed by [GOBP_MONOVALENT_INORGANIC_CATION_HOMEOSTASIS,GOBP_MONOVALENT_INORGANIC_CATION_HOMEOSTASIS]
[GOBP_POSITIVE_REGULATION_OF_BLOOD_VESSEL_ENDOTHELIAL_CELL_MIGRATION,GOBP_POSITIVE_REGULATION_OF_BLOOD_VESSEL_ENDOTHELIAL_CELL_MIGRATION] was killed by [GOBP_POSITIVE_REGULATION_OF_EPITHELIAL_CELL_MIGRATION,GOBP_POSITIVE_REGULATION_OF_EPITHELIAL_CELL_MIGRATION]
[GOBP_RIBOSOMAL_SMALL_SUBUNIT_BIOGENESIS,GOBP_RIBOSOMAL_SMALL_SUBUNIT_BIOGENESIS] was killed by [GOBP_COTRANSLATIONAL_PROTEIN_TARGETING_TO_MEMBRANE,GOBP_COTRANSLATIONAL_PROTEIN_TARGETING_TO_MEMBRANE]
[GOBP_POSITIVE_REGULATION_OF_ENDOTHELIAL_CELL_MIGRATION,GOBP_POSITIVE_REGULATION_OF_ENDOTHELIAL_CELL_MIGRATION] was killed by [GOBP_POSITIVE_REGULATION_OF_EPITHELIAL_CELL_MIGRATION,GOBP_POSITIVE_REGULATION_OF_EPITHELIAL_CELL_MIGRATION]
[GOBP_REGULATION_OF_CELL_CYCLE_G1_S_PHASE_TRANSITION,GOBP_REGULATION_OF_CELL_CYCLE_G1_S_PHASE_TRANSITION] was killed by [GOBP_POSITIVE_REGULATION_OF_CELL_CYCLE_G1_S_PHASE_TRANSITION,GOBP_POSITIVE_REGULATION_OF_CELL_CYCLE_G1_S_PHASE_TRANSITION]
[GOBP_CYTOPLASMIC_TRANSLATION,GOBP_CYTOPLASMIC_TRANSLATION] was killed by [GOBP_COTRANSLATIONAL_PROTEIN_TARGETING_TO_MEMBRANE,GOBP_COTRANSLATIONAL_PROTEIN_TARGETING_TO_MEMBRANE]
[GOBP_POSITIVE_REGULATION_OF_TELOMERASE_ACTIVITY,GOBP_POSITIVE_REGULATION_OF_TELOMERASE_ACTIVITY] was killed by [GOBP_DE_NOVO_PROTEIN_FOLDING,GOBP_DE_NOVO_PROTEIN_FOLDING]
[GOBP_CARTILAGE_DEVELOPMENT,GOBP_CARTILAGE_DEVELOPMENT] was killed by [GOBP_POSITIVE_REGULATION_OF_EPITHELIAL_CELL_MIGRATION,GOBP_POSITIVE_REGULATION_OF_EPITHELIAL_CELL_MIGRATION]
[GOBP_VIRAL_GENE_EXPRESSION,GOBP_VIRAL_GENE_EXPRESSION] was killed by [GOBP_COTRANSLATIONAL_PROTEIN_TARGETING_TO_MEMBRANE,GOBP_COTRANSLATIONAL_PROTEIN_TARGETING_TO_MEMBRANE]
[GOBP_REGULATION_OF_MYELOID_LEUKOCYTE_DIFFERENTIATION,GOBP_REGULATION_OF_MYELOID_LEUKOCYTE_DIFFERENTIATION] was killed by [GOBP_POSITIVE_REGULATION_OF_EPITHELIAL_CELL_MIGRATION,GOBP_POSITIVE_REGULATION_OF_EPITHELIAL_CELL_MIGRATION]
[GOBP_POSITIVE_REGULATION_OF_DNA_BIOSYNTHETIC_PROCESS,GOBP_POSITIVE_REGULATION_OF_DNA_BIOSYNTHETIC_PROCESS] was killed by [GOBP_DE_NOVO_PROTEIN_FOLDING,GOBP_DE_NOVO_PROTEIN_FOLDING]
[GOBP_RIBOSOMAL_LARGE_SUBUNIT_BIOGENESIS,GOBP_RIBOSOMAL_LARGE_SUBUNIT_BIOGENESIS] was killed by [GOBP_COTRANSLATIONAL_PROTEIN_TARGETING_TO_MEMBRANE,GOBP_COTRANSLATIONAL_PROTEIN_TARGETING_TO_MEMBRANE]
[GOBP_CHAPERONE_COFACTOR_DEPENDENT_PROTEIN_REFOLDING,GOBP_CHAPERONE_COFACTOR_DEPENDENT_PROTEIN_REFOLDING] was killed by [GOBP_DE_NOVO_PROTEIN_FOLDING,GOBP_DE_NOVO_PROTEIN_FOLDING]
[GOBP_MORPHOGENESIS_OF_A_BRANCHING_STRUCTURE,GOBP_MORPHOGENESIS_OF_A_BRANCHING_STRUCTURE] was killed by [GOBP_MONOVALENT_INORGANIC_CATION_HOMEOSTASIS,GOBP_MONOVALENT_INORGANIC_CATION_HOMEOSTASIS]
[GOBP_ER_NUCLEUS_SIGNALING_PATHWAY,GOBP_ER_NUCLEUS_SIGNALING_PATHWAY] was killed by [GOBP_POSITIVE_REGULATION_OF_EPITHELIAL_CELL_MIGRATION,GOBP_POSITIVE_REGULATION_OF_EPITHELIAL_CELL_MIGRATION]
[GOBP_ENERGY_RESERVE_METABOLIC_PROCESS,GOBP_ENERGY_RESERVE_METABOLIC_PROCESS] was killed by [GOBP_POSITIVE_REGULATION_OF_EPITHELIAL_CELL_MIGRATION,GOBP_POSITIVE_REGULATION_OF_EPITHELIAL_CELL_MIGRATION]
[GOBP_OSTEOCLAST_DIFFERENTIATION,GOBP_OSTEOCLAST_DIFFERENTIATION] was killed by [GOBP_MONOVALENT_INORGANIC_CATION_HOMEOSTASIS,GOBP_MONOVALENT_INORGANIC_CATION_HOMEOSTASIS]
[GOBP_PH_REDUCTION,GOBP_PH_REDUCTION] was killed by [GOBP_MONOVALENT_INORGANIC_CATION_HOMEOSTASIS,GOBP_MONOVALENT_INORGANIC_CATION_HOMEOSTASIS]
[GOBP_REGULATION_OF_TELOMERASE_ACTIVITY,GOBP_REGULATION_OF_TELOMERASE_ACTIVITY] was killed by [GOBP_DE_NOVO_PROTEIN_FOLDING,GOBP_DE_NOVO_PROTEIN_FOLDING]
[GOBP_POSITIVE_REGULATION_OF_G1_S_TRANSITION_OF_MITOTIC_CELL_CYCLE,GOBP_POSITIVE_REGULATION_OF_G1_S_TRANSITION_OF_MITOTIC_CELL_CYCLE] was killed by [GOBP_POSITIVE_REGULATION_OF_CELL_CYCLE_G1_S_PHASE_TRANSITION,GOBP_POSITIVE_REGULATION_OF_CELL_CYCLE_G1_S_PHASE_TRANSITION]
[GOBP_REGULATION_OF_OSTEOCLAST_DIFFERENTIATION,GOBP_REGULATION_OF_OSTEOCLAST_DIFFERENTIATION] was killed by [GOBP_POSITIVE_REGULATION_OF_MYELOID_LEUKOCYTE_DIFFERENTIATION,GOBP_POSITIVE_REGULATION_OF_MYELOID_LEUKOCYTE_DIFFERENTIATION]
[GOBP_BONE_MINERALIZATION,GOBP_BONE_MINERALIZATION] was killed by [GOBP_POSITIVE_REGULATION_OF_EPITHELIAL_CELL_MIGRATION,GOBP_POSITIVE_REGULATION_OF_EPITHELIAL_CELL_MIGRATION]
[GOBP_STEM_CELL_PROLIFERATION,GOBP_STEM_CELL_PROLIFERATION] was killed by [GOBP_POSITIVE_REGULATION_OF_MYELOID_LEUKOCYTE_DIFFERENTIATION,GOBP_POSITIVE_REGULATION_OF_MYELOID_LEUKOCYTE_DIFFERENTIATION]
[GOBP_POSITIVE_REGULATION_OF_LIPID_BIOSYNTHETIC_PROCESS,GOBP_POSITIVE_REGULATION_OF_LIPID_BIOSYNTHETIC_PROCESS] was killed by [GOBP_POSITIVE_REGULATION_OF_EPITHELIAL_CELL_MIGRATION,GOBP_POSITIVE_REGULATION_OF_EPITHELIAL_CELL_MIGRATION]
[GOBP_CHAPERONE_MEDIATED_PROTEIN_FOLDING,GOBP_CHAPERONE_MEDIATED_PROTEIN_FOLDING] was killed by [GOBP_DE_NOVO_PROTEIN_FOLDING,GOBP_DE_NOVO_PROTEIN_FOLDING]
[GOBP_TRANSCRIPTION_BY_RNA_POLYMERASE_III,GOBP_TRANSCRIPTION_BY_RNA_POLYMERASE_III] was killed by [GOBP_POSITIVE_REGULATION_OF_CELL_CYCLE_G1_S_PHASE_TRANSITION,GOBP_POSITIVE_REGULATION_OF_CELL_CYCLE_G1_S_PHASE_TRANSITION]
[GOBP_INTEGRIN_MEDIATED_SIGNALING_PATHWAY,GOBP_INTEGRIN_MEDIATED_SIGNALING_PATHWAY] was killed by [GOBP_POSITIVE_REGULATION_OF_EPITHELIAL_CELL_MIGRATION,GOBP_POSITIVE_REGULATION_OF_EPITHELIAL_CELL_MIGRATION]
[GOBP_REGULATION_OF_CELLULAR_RESPONSE_TO_TRANSFORMING_GROWTH_FACTOR_BETA_STIMULUS,GOBP_REGULATION_OF_CELLULAR_RESPONSE_TO_TRANSFORMING_GROWTH_FACTOR_BETA_STIMULUS] was killed by [GOBP_POSITIVE_REGULATION_OF_EPITHELIAL_CELL_MIGRATION,GOBP_POSITIVE_REGULATION_OF_EPITHELIAL_CELL_MIGRATION]
[GOBP_BRANCHING_MORPHOGENESIS_OF_AN_EPITHELIAL_TUBE,GOBP_BRANCHING_MORPHOGENESIS_OF_AN_EPITHELIAL_TUBE] was killed by [GOBP_MONOVALENT_INORGANIC_CATION_HOMEOSTASIS,GOBP_MONOVALENT_INORGANIC_CATION_HOMEOSTASIS]
[GOBP_REGULATION_OF_LYMPHOCYTE_MIGRATION,GOBP_REGULATION_OF_LYMPHOCYTE_MIGRATION] was killed by [GOBP_POSITIVE_REGULATION_OF_EPITHELIAL_CELL_MIGRATION,GOBP_POSITIVE_REGULATION_OF_EPITHELIAL_CELL_MIGRATION]
[GOBP_RNA_DEPENDENT_DNA_BIOSYNTHETIC_PROCESS,GOBP_RNA_DEPENDENT_DNA_BIOSYNTHETIC_PROCESS] was killed by [GOBP_DE_NOVO_PROTEIN_FOLDING,GOBP_DE_NOVO_PROTEIN_FOLDING]
[GOBP_MEMBRANE_PROTEIN_PROTEOLYSIS,GOBP_MEMBRANE_PROTEIN_PROTEOLYSIS] was killed by [GOBP_POSITIVE_REGULATION_OF_EPITHELIAL_CELL_MIGRATION,GOBP_POSITIVE_REGULATION_OF_EPITHELIAL_CELL_MIGRATION]
[GOBP_TELOMERE_MAINTENANCE_VIA_TELOMERE_LENGTHENING,GOBP_TELOMERE_MAINTENANCE_VIA_TELOMERE_LENGTHENING] was killed by [GOBP_DE_NOVO_PROTEIN_FOLDING,GOBP_DE_NOVO_PROTEIN_FOLDING]
[GOBP_NEGATIVE_REGULATION_OF_CELL_CYCLE_G1_S_PHASE_TRANSITION,GOBP_NEGATIVE_REGULATION_OF_CELL_CYCLE_G1_S_PHASE_TRANSITION] was killed by [GOBP_POSITIVE_REGULATION_OF_CELL_CYCLE_G1_S_PHASE_TRANSITION,GOBP_POSITIVE_REGULATION_OF_CELL_CYCLE_G1_S_PHASE_TRANSITION]
[GOBP_CHONDROCYTE_DIFFERENTIATION,GOBP_CHONDROCYTE_DIFFERENTIATION] was killed by [GOBP_POSITIVE_REGULATION_OF_EPITHELIAL_CELL_MIGRATION,GOBP_POSITIVE_REGULATION_OF_EPITHELIAL_CELL_MIGRATION]
[GOBP_POSITIVE_REGULATION_OF_CELL_MATRIX_ADHESION,GOBP_POSITIVE_REGULATION_OF_CELL_MATRIX_ADHESION] was killed by [GOBP_POSITIVE_REGULATION_OF_EPITHELIAL_CELL_MIGRATION,GOBP_POSITIVE_REGULATION_OF_EPITHELIAL_CELL_MIGRATION]
[GOBP_THYMUS_DEVELOPMENT,GOBP_THYMUS_DEVELOPMENT] was killed by [GOBP_MONOVALENT_INORGANIC_CATION_HOMEOSTASIS,GOBP_MONOVALENT_INORGANIC_CATION_HOMEOSTASIS]
[GOBP_RESPONSE_TO_CORTICOSTEROID,GOBP_RESPONSE_TO_CORTICOSTEROID] was killed by [GOBP_POSITIVE_REGULATION_OF_EPITHELIAL_CELL_MIGRATION,GOBP_POSITIVE_REGULATION_OF_EPITHELIAL_CELL_MIGRATION]
[GOBP_RESPONSE_TO_ALKALOID,GOBP_RESPONSE_TO_ALKALOID] was killed by [GOBP_POSITIVE_REGULATION_OF_EPITHELIAL_CELL_MIGRATION,GOBP_POSITIVE_REGULATION_OF_EPITHELIAL_CELL_MIGRATION]
[GOBP_NEGATIVE_REGULATION_OF_TRANSMEMBRANE_RECEPTOR_PROTEIN_SERINE_THREONINE_KINASE_SIGNALING_PATHWAY,GOBP_NEGATIVE_REGULATION_OF_TRANSMEMBRANE_RECEPTOR_PROTEIN_SERINE_THREONINE_KINASE_SIGNALING_PATHWAY] was killed by [GOBP_POSITIVE_REGULATION_OF_EPITHELIAL_CELL_MIGRATION,GOBP_POSITIVE_REGULATION_OF_EPITHELIAL_CELL_MIGRATION]
