[GGCNKCCATNK_UNKNOWN,GGCNKCCATNK_UNKNOWN] was killed by [TMTCGCGANR_UNKNOWN,TMTCGCGANR_UNKNOWN]
[AAGWWRNYGGC_UNKNOWN,AAGWWRNYGGC_UNKNOWN] was killed by [SGCGSSAAA_E2F1DP2_01,SGCGSSAAA_E2F1DP2_01]
[KCCGNSWTTT_UNKNOWN,KCCGNSWTTT_UNKNOWN] was killed by [TMTCGCGANR_UNKNOWN,TMTCGCGANR_UNKNOWN]
[PBX1_02,PBX1_02] was killed by [SGCGSSAAA_E2F1DP2_01,SGCGSSAAA_E2F1DP2_01]
[EVI1_01,EVI1_01] was killed by [GATA_Q6,GATA_Q6]
[CDP_02,CDP_02] was killed by [GATA_Q6,GATA_Q6]
[MYC_Q2,MYC_Q2] was killed by [SREBP1_01,SREBP1_01]
[RGTTAMWNATT_HNF1_01,RGTTAMWNATT_HNF1_01] was killed by [MSX1_01,MSX1_01]
[RRCCGTTA_UNKNOWN,RRCCGTTA_UNKNOWN] was killed by [SGCGSSAAA_E2F1DP2_01,SGCGSSAAA_E2F1DP2_01]
[PAX5_01,PAX5_01] was killed by [SGCGSSAAA_E2F1DP2_01,SGCGSSAAA_E2F1DP2_01]
[E2F_Q2,E2F_Q2] was killed by [GATA_Q6,GATA_Q6]
[KMCATNNWGGA_UNKNOWN,KMCATNNWGGA_UNKNOWN] was killed by [MSX1_01,MSX1_01]
[HEN1_01,HEN1_01] was killed by [MSX1_01,MSX1_01]
[GGCNRNWCTTYS_UNKNOWN,GGCNRNWCTTYS_UNKNOWN] was killed by [GCGNNANTTCC_UNKNOWN,GCGNNANTTCC_UNKNOWN]
[CDPCR1_01,CDPCR1_01] was killed by [MSX1_01,MSX1_01]
[ARGGGTTAA_UNKNOWN,ARGGGTTAA_UNKNOWN] was killed by [GATA_Q6,GATA_Q6]
[CRGAARNNNNCGA_UNKNOWN,CRGAARNNNNCGA_UNKNOWN] was killed by [SREBP1_01,SREBP1_01]
[TAANNYSGCG_UNKNOWN,TAANNYSGCG_UNKNOWN] was killed by [TMTCGCGANR_UNKNOWN,TMTCGCGANR_UNKNOWN]
[CCGNMNNTNACG_UNKNOWN,CCGNMNNTNACG_UNKNOWN] was killed by [GCGNNANTTCC_UNKNOWN,GCGNNANTTCC_UNKNOWN]
[GCCNNNWTAAR_UNKNOWN,GCCNNNWTAAR_UNKNOWN] was killed by [GATA_Q6,GATA_Q6]
[AAANWWTGC_UNKNOWN,AAANWWTGC_UNKNOWN] was killed by [GATA_Q6,GATA_Q6]
[AHRARNT_02,AHRARNT_02] was killed by [SREBP1_01,SREBP1_01]
[NKX25_01,NKX25_01] was killed by [GATA_Q6,GATA_Q6]
[COMP1_01,COMP1_01] was killed by [GATA_Q6,GATA_Q6]
[MIF1_01,MIF1_01] was killed by [GCGNNANTTCC_UNKNOWN,GCGNNANTTCC_UNKNOWN]
[YNTTTNNNANGCARM_UNKNOWN,YNTTTNNNANGCARM_UNKNOWN] was killed by [MSX1_01,MSX1_01]
[STAT3_02,STAT3_02] was killed by [MSX1_01,MSX1_01]
[FREAC4_01,FREAC4_01] was killed by [SGCGSSAAA_E2F1DP2_01,SGCGSSAAA_E2F1DP2_01]
[CDP_01,CDP_01] was killed by [MSX1_01,MSX1_01]
[MEF2_01,MEF2_01] was killed by [SGCGSSAAA_E2F1DP2_01,SGCGSSAAA_E2F1DP2_01]
[TAAWWATAG_RSRFC4_Q2,TAAWWATAG_RSRFC4_Q2] was killed by [GATA_Q6,GATA_Q6]
[YAATNRNNNYNATT_UNKNOWN,YAATNRNNNYNATT_UNKNOWN] was killed by [GATA_Q6,GATA_Q6]
[AACWWCAANK_UNKNOWN,AACWWCAANK_UNKNOWN] was killed by [TMTCGCGANR_UNKNOWN,TMTCGCGANR_UNKNOWN]
[POU3F2_01,POU3F2_01] was killed by [GATA_Q6,GATA_Q6]
[GCGSCMNTTT_UNKNOWN,GCGSCMNTTT_UNKNOWN] was killed by [SGCGSSAAA_E2F1DP2_01,SGCGSSAAA_E2F1DP2_01]
[GGGNNTTTCC_NFKB_Q6_01,GGGNNTTTCC_NFKB_Q6_01] was killed by [MSX1_01,MSX1_01]
[TTANWNANTGGM_UNKNOWN,TTANWNANTGGM_UNKNOWN] was killed by [GATA_Q6,GATA_Q6]
[ACAWNRNSRCGG_UNKNOWN,ACAWNRNSRCGG_UNKNOWN] was killed by [SGCGSSAAA_E2F1DP2_01,SGCGSSAAA_E2F1DP2_01]
[ATGGYGGA_UNKNOWN,ATGGYGGA_UNKNOWN] was killed by [SGCGSSAAA_E2F1DP2_01,SGCGSSAAA_E2F1DP2_01]
[PAX8_B,PAX8_B] was killed by [SREBP1_01,SREBP1_01]
[EGR3_01,EGR3_01] was killed by [GCGNNANTTCC_UNKNOWN,GCGNNANTTCC_UNKNOWN]
[HFH3_01,HFH3_01] was killed by [GATA_Q6,GATA_Q6]
[WYAAANNRNNNGCG_UNKNOWN,WYAAANNRNNNGCG_UNKNOWN] was killed by [SGCGSSAAA_E2F1DP2_01,SGCGSSAAA_E2F1DP2_01]
[CCAWNWWNNNGGC_UNKNOWN,CCAWNWWNNNGGC_UNKNOWN] was killed by [TMTCGCGANR_UNKNOWN,TMTCGCGANR_UNKNOWN]
[LXR_Q3,LXR_Q3] was killed by [SGCGSSAAA_E2F1DP2_01,SGCGSSAAA_E2F1DP2_01]
[HMEF2_Q6,HMEF2_Q6] was killed by [MSX1_01,MSX1_01]
[MEIS1BHOXA9_01,MEIS1BHOXA9_01] was killed by [GATA_Q6,GATA_Q6]
[CGTSACG_PAX3_B,CGTSACG_PAX3_B] was killed by [GCGNNANTTCC_UNKNOWN,GCGNNANTTCC_UNKNOWN]
[NKX22_01,NKX22_01] was killed by [TMTCGCGANR_UNKNOWN,TMTCGCGANR_UNKNOWN]
[MAZ_Q6,MAZ_Q6] was killed by [GGAANCGGAANY_UNKNOWN,GGAANCGGAANY_UNKNOWN]
[AGCYRWTTC_UNKNOWN,AGCYRWTTC_UNKNOWN] was killed by [SREBP1_01,SREBP1_01]
