[GCM_NPM1,GCM_NPM1] was killed by [GCM_CSNK2B,GCM_CSNK2B]
[MORF_SMC1L1,MORF_SMC1L1] was killed by [GCM_CSNK2B,GCM_CSNK2B]
[GCM_APEX1,GCM_APEX1] was killed by [GCM_CSNK2B,GCM_CSNK2B]
[MORF_RFC4,MORF_RFC4] was killed by [GCM_CSNK2B,GCM_CSNK2B]
[MORF_PPP2CA,MORF_PPP2CA] was killed by [GCM_CSNK2B,GCM_CSNK2B]
[MORF_TERF1,MORF_TERF1] was killed by [GCM_CSNK2B,GCM_CSNK2B]
[MORF_G22P1,MORF_G22P1] was killed by [GCM_CSNK2B,GCM_CSNK2B]
[GCM_PFN1,GCM_PFN1] was killed by [GCM_CSNK2B,GCM_CSNK2B]
[GNF2_SMC2L1,GNF2_SMC2L1] was killed by [GNF2_RRM2,GNF2_RRM2]
[GNF2_BUB1,GNF2_BUB1] was killed by [GNF2_RRM2,GNF2_RRM2]
[GCM_PSME1,GCM_PSME1] was killed by [GCM_CSNK2B,GCM_CSNK2B]
[MORF_STK17A,MORF_STK17A] was killed by [GNF2_MLF1,GNF2_MLF1]
[MORF_CTBP1,MORF_CTBP1] was killed by [GCM_CSNK2B,GCM_CSNK2B]
[MORF_EIF4A2,MORF_EIF4A2] was killed by [GCM_CSNK2B,GCM_CSNK2B]
[MORF_DNMT1,MORF_DNMT1] was killed by [GCM_CSNK2B,GCM_CSNK2B]
[GNF2_HMMR,GNF2_HMMR] was killed by [GNF2_RRM2,GNF2_RRM2]
[MORF_CUL1,MORF_CUL1] was killed by [GCM_CSNK2B,GCM_CSNK2B]
[MORF_HAT1,MORF_HAT1] was killed by [GCM_CSNK2B,GCM_CSNK2B]
[MORF_RPA1,MORF_RPA1] was killed by [GCM_CSNK2B,GCM_CSNK2B]
[GCM_HDAC1,GCM_HDAC1] was killed by [GCM_CSNK2B,GCM_CSNK2B]
[MORF_PRKDC,MORF_PRKDC] was killed by [GCM_CSNK2B,GCM_CSNK2B]
[MORF_RAB3A,MORF_RAB3A] was killed by [MORF_LCAT,MORF_LCAT]
[GNF2_ESPL1,GNF2_ESPL1] was killed by [GNF2_RRM2,GNF2_RRM2]
[GNF2_APEX1,GNF2_APEX1] was killed by [GCM_CSNK2B,GCM_CSNK2B]
[MORF_CDC10,MORF_CDC10] was killed by [GCM_CSNK2B,GCM_CSNK2B]
[GNF2_DENR,GNF2_DENR] was killed by [GCM_CSNK2B,GCM_CSNK2B]
[GNF2_CDC2,GNF2_CDC2] was killed by [GNF2_RRM2,GNF2_RRM2]
[GNF2_CENPF,GNF2_CENPF] was killed by [GNF2_DEK,GNF2_DEK]
[GNF2_CDC20,GNF2_CDC20] was killed by [GNF2_RRM2,GNF2_RRM2]
[MORF_PPP6C,MORF_PPP6C] was killed by [MORF_LCAT,MORF_LCAT]
[GCM_ACTG1,GCM_ACTG1] was killed by [GCM_CSNK2B,GCM_CSNK2B]
[GNF2_RFC4,GNF2_RFC4] was killed by [GNF2_DEK,GNF2_DEK]
[MORF_NF1,MORF_NF1] was killed by [MORF_LCAT,MORF_LCAT]
[GCM_TPT1,GCM_TPT1] was killed by [GCM_CSNK2B,GCM_CSNK2B]
[GCM_MLL,GCM_MLL] was killed by [GCM_CSNK2B,GCM_CSNK2B]
[MORF_MAP3K14,MORF_MAP3K14] was killed by [GCM_CSNK2B,GCM_CSNK2B]
[MORF_IL9,MORF_IL9] was killed by [MORF_LCAT,MORF_LCAT]
[MORF_DEAF1,MORF_DEAF1] was killed by [GNF2_DEK,GNF2_DEK]
[MORF_RAP1A,MORF_RAP1A] was killed by [GNF2_MLF1,GNF2_MLF1]
[GNF2_MCM4,GNF2_MCM4] was killed by [GNF2_RRM2,GNF2_RRM2]
[MORF_MSH2,MORF_MSH2] was killed by [GCM_CSNK2B,GCM_CSNK2B]
[GNF2_CCNB2,GNF2_CCNB2] was killed by [GNF2_RRM2,GNF2_RRM2]
[MORF_NPM1,MORF_NPM1] was killed by [GCM_CSNK2B,GCM_CSNK2B]
[MORF_TPR,MORF_TPR] was killed by [GNF2_MLF1,GNF2_MLF1]
[GCM_MSN,GCM_MSN] was killed by [GCM_CSNK2B,GCM_CSNK2B]
[GNF2_CENPE,GNF2_CENPE] was killed by [GNF2_RRM2,GNF2_RRM2]
[MORF_SART1,MORF_SART1] was killed by [GCM_CSNK2B,GCM_CSNK2B]
[GNF2_NPM1,GNF2_NPM1] was killed by [GCM_CSNK2B,GCM_CSNK2B]
[GNF2_MSH2,GNF2_MSH2] was killed by [GNF2_DEK,GNF2_DEK]
[GNF2_ST13,GNF2_ST13] was killed by [GCM_CSNK2B,GCM_CSNK2B]
[GCM_DEAF1,GCM_DEAF1] was killed by [GCM_DLG1,GCM_DLG1]
[GNF2_TDG,GNF2_TDG] was killed by [GCM_CSNK2B,GCM_CSNK2B]
[GNF2_CCNA2,GNF2_CCNA2] was killed by [GNF2_RRM2,GNF2_RRM2]
[MORF_THPO,MORF_THPO] was killed by [GCM_CSNK2B,GCM_CSNK2B]
[GNF2_BUB1B,GNF2_BUB1B] was killed by [GNF2_RRM2,GNF2_RRM2]
[MORF_MTA1,MORF_MTA1] was killed by [GCM_CSNK2B,GCM_CSNK2B]
[GNF2_LCAT,GNF2_LCAT] was killed by [GCM_CSNK2B,GCM_CSNK2B]
[MORF_PSMF1,MORF_PSMF1] was killed by [MORF_LCAT,MORF_LCAT]
[MORF_TNFRSF6,MORF_TNFRSF6] was killed by [GCM_CSNK2B,GCM_CSNK2B]
[MORF_WNT1,MORF_WNT1] was killed by [GCM_CSNK2B,GCM_CSNK2B]
[MORF_ESPL1,MORF_ESPL1] was killed by [GCM_CSNK2B,GCM_CSNK2B]
[GNF2_XRCC5,GNF2_XRCC5] was killed by [GCM_CSNK2B,GCM_CSNK2B]
[MORF_ESR1,MORF_ESR1] was killed by [GNF2_DEK,GNF2_DEK]
[MORF_BUB1B,MORF_BUB1B] was killed by [GNF2_RRM2,GNF2_RRM2]
[MORF_BCL2L11,MORF_BCL2L11] was killed by [GNF2_DEK,GNF2_DEK]
[GNF2_EIF3S6,GNF2_EIF3S6] was killed by [GCM_CSNK2B,GCM_CSNK2B]
[GCM_BCL2L1,GCM_BCL2L1] was killed by [GCM_HBP1,GCM_HBP1]
[GNF2_CCNA1,GNF2_CCNA1] was killed by [GNF2_MLF1,GNF2_MLF1]
[GCM_PTPRD,GCM_PTPRD] was killed by [GCM_DLG1,GCM_DLG1]
[MORF_DMPK,MORF_DMPK] was killed by [GCM_CSNK2B,GCM_CSNK2B]
[GNF2_BUB3,GNF2_BUB3] was killed by [GNF2_DEK,GNF2_DEK]
[GNF2_PCNA,GNF2_PCNA] was killed by [GNF2_DEK,GNF2_DEK]
[MORF_UBE2N,MORF_UBE2N] was killed by [GCM_CSNK2B,GCM_CSNK2B]
[MORF_IL4,MORF_IL4] was killed by [GCM_CSNK2B,GCM_CSNK2B]
[MORF_CDK2,MORF_CDK2] was killed by [GCM_CSNK2B,GCM_CSNK2B]
[GNF2_TTK,GNF2_TTK] was killed by [GNF2_RRM2,GNF2_RRM2]
[MORF_FBL,MORF_FBL] was killed by [GCM_CSNK2B,GCM_CSNK2B]
[MORF_CASP10,MORF_CASP10] was killed by [GCM_CSNK2B,GCM_CSNK2B]
[GNF2_G22P1,GNF2_G22P1] was killed by [GCM_CSNK2B,GCM_CSNK2B]
[GCM_CBFB,GCM_CBFB] was killed by [GCM_CSNK2B,GCM_CSNK2B]
[GNF2_HPN,GNF2_HPN] was killed by [GCM_CSNK2B,GCM_CSNK2B]
[GNF2_GSTM1,GNF2_GSTM1] was killed by [GCM_CSNK2B,GCM_CSNK2B]
[MORF_AP3D1,MORF_AP3D1] was killed by [GCM_CSNK2B,GCM_CSNK2B]
[MORF_RRM1,MORF_RRM1] was killed by [GCM_CSNK2B,GCM_CSNK2B]
[MORF_PAPSS1,MORF_PAPSS1] was killed by [GNF2_MLF1,GNF2_MLF1]
[MORF_PPP1CC,MORF_PPP1CC] was killed by [GCM_CSNK2B,GCM_CSNK2B]
[MORF_RAD21,MORF_RAD21] was killed by [GCM_CSNK2B,GCM_CSNK2B]
[MORF_PCNA,MORF_PCNA] was killed by [GCM_CSNK2B,GCM_CSNK2B]
[MORF_PRKCA,MORF_PRKCA] was killed by [GCM_CSNK2B,GCM_CSNK2B]
[GCM_NCAM1,GCM_NCAM1] was killed by [GCM_CSNK2B,GCM_CSNK2B]
[GCM_ANP32B,GCM_ANP32B] was killed by [GCM_CSNK2B,GCM_CSNK2B]
[GNF2_CKS1B,GNF2_CKS1B] was killed by [GNF2_RRM2,GNF2_RRM2]
[MORF_SNRP70,MORF_SNRP70] was killed by [GCM_CSNK2B,GCM_CSNK2B]
[GNF2_SMC1L1,GNF2_SMC1L1] was killed by [GNF2_DEK,GNF2_DEK]
[GNF2_H2AFX,GNF2_H2AFX] was killed by [GNF2_DEK,GNF2_DEK]
[GNF2_HPX,GNF2_HPX] was killed by [GCM_CSNK2B,GCM_CSNK2B]
[GCM_MAP4K4,GCM_MAP4K4] was killed by [GCM_CSNK2B,GCM_CSNK2B]
[MORF_CCNF,MORF_CCNF] was killed by [MORF_LCAT,MORF_LCAT]
