[GNF2_TPT1,GNF2_TPT1] was killed by [GNF2_EIF3S6,GNF2_EIF3S6]
[MORF_TPT1,MORF_TPT1] was killed by [GNF2_EIF3S6,GNF2_EIF3S6]
[MORF_NPM1,MORF_NPM1] was killed by [GNF2_EIF3S6,GNF2_EIF3S6]
[GNF2_ST13,GNF2_ST13] was killed by [GNF2_EIF3S6,GNF2_EIF3S6]
[GCM_TPT1,GCM_TPT1] was killed by [GNF2_EIF3S6,GNF2_EIF3S6]
[MORF_ACTG1,MORF_ACTG1] was killed by [GNF2_EIF3S6,GNF2_EIF3S6]
[MORF_G22P1,MORF_G22P1] was killed by [GNF2_EIF3S6,GNF2_EIF3S6]
[GNF2_FBL,GNF2_FBL] was killed by [GNF2_EIF3S6,GNF2_EIF3S6]
[MORF_SMC1L1,MORF_SMC1L1] was killed by [MORF_CTBP1,MORF_CTBP1]
[MORF_ERH,MORF_ERH] was killed by [MORF_CTBP1,MORF_CTBP1]
[MORF_RRM1,MORF_RRM1] was killed by [MORF_RFC4,MORF_RFC4]
[MORF_EI24,MORF_EI24] was killed by [MORF_CTBP1,MORF_CTBP1]
[MORF_ANP32B,MORF_ANP32B] was killed by [GNF2_EIF3S6,GNF2_EIF3S6]
[GNF2_DEK,GNF2_DEK] was killed by [MORF_CTBP1,MORF_CTBP1]
[MORF_PPP1CC,MORF_PPP1CC] was killed by [MORF_CTBP1,MORF_CTBP1]
[GNF2_GLTSCR2,GNF2_GLTSCR2] was killed by [GNF2_EIF3S6,GNF2_EIF3S6]
[MORF_PCNA,MORF_PCNA] was killed by [MORF_CTBP1,MORF_CTBP1]
[GNF2_DAP3,GNF2_DAP3] was killed by [GNF2_EIF3S6,GNF2_EIF3S6]
[MORF_AP3D1,MORF_AP3D1] was killed by [MORF_CTBP1,MORF_CTBP1]
[GNF2_RAN,GNF2_RAN] was killed by [MORF_RFC4,MORF_RFC4]
[MORF_PRKDC,MORF_PRKDC] was killed by [MORF_CTBP1,MORF_CTBP1]
[MORF_DNMT1,MORF_DNMT1] was killed by [MORF_RFC4,MORF_RFC4]
[MORF_HAT1,MORF_HAT1] was killed by [MORF_CTBP1,MORF_CTBP1]
[MORF_BUB1B,MORF_BUB1B] was killed by [MORF_RFC4,MORF_RFC4]
[MORF_UNG,MORF_UNG] was killed by [MORF_RFC4,MORF_RFC4]
[MORF_MSH2,MORF_MSH2] was killed by [MORF_CTBP1,MORF_CTBP1]
[MORF_UBE2N,MORF_UBE2N] was killed by [MORF_CTBP1,MORF_CTBP1]
[GNF2_SMC4L1,GNF2_SMC4L1] was killed by [MORF_RFC4,MORF_RFC4]
[MODULE_29,MODULE_29] was killed by [GNF2_EIF3S6,GNF2_EIF3S6]
[MORF_DAP3,MORF_DAP3] was killed by [MORF_CTBP1,MORF_CTBP1]
[MORF_FBL,MORF_FBL] was killed by [GNF2_EIF3S6,GNF2_EIF3S6]
[MORF_JUND,MORF_JUND] was killed by [GNF2_EIF3S6,GNF2_EIF3S6]
[GNF2_XRCC5,GNF2_XRCC5] was killed by [MORF_CTBP1,MORF_CTBP1]
[MORF_RAD54L,MORF_RAD54L] was killed by [MORF_RFC4,MORF_RFC4]
[GNF2_CDC20,GNF2_CDC20] was killed by [MORF_RFC4,MORF_RFC4]
[GNF2_RFC4,GNF2_RFC4] was killed by [MORF_RFC4,MORF_RFC4]
[GNF2_PCNA,GNF2_PCNA] was killed by [MORF_RFC4,MORF_RFC4]
[MORF_RAD21,MORF_RAD21] was killed by [MORF_CTBP1,MORF_CTBP1]
[GNF2_PA2G4,GNF2_PA2G4] was killed by [MORF_RFC4,MORF_RFC4]
[MORF_MAP2K2,MORF_MAP2K2] was killed by [MORF_CTBP1,MORF_CTBP1]
[MORF_EIF3S6,MORF_EIF3S6] was killed by [GNF2_EIF3S6,GNF2_EIF3S6]
[GNF2_BUB1B,GNF2_BUB1B] was killed by [MORF_RFC4,MORF_RFC4]
[GCM_RAF1,GCM_RAF1] was killed by [MORF_CTBP1,MORF_CTBP1]
[MORF_CCNI,MORF_CCNI] was killed by [GNF2_EIF3S6,GNF2_EIF3S6]
[GNF2_CCNB2,GNF2_CCNB2] was killed by [MORF_RFC4,MORF_RFC4]
[GNF2_MCM4,GNF2_MCM4] was killed by [MORF_RFC4,MORF_RFC4]
[GNF2_FEN1,GNF2_FEN1] was killed by [MORF_RFC4,MORF_RFC4]
[GNF2_SMC2L1,GNF2_SMC2L1] was killed by [MORF_RFC4,MORF_RFC4]
[MORF_PRKAR1A,MORF_PRKAR1A] was killed by [MORF_CTBP1,MORF_CTBP1]
[MORF_RPA1,MORF_RPA1] was killed by [MORF_CTBP1,MORF_CTBP1]
[MORF_PPP1CA,MORF_PPP1CA] was killed by [MORF_CTBP1,MORF_CTBP1]
[MORF_BUB1,MORF_BUB1] was killed by [MORF_RFC4,MORF_RFC4]
[MORF_SP3,MORF_SP3] was killed by [MORF_CTBP1,MORF_CTBP1]
[GNF2_RRM1,GNF2_RRM1] was killed by [MORF_RFC4,MORF_RFC4]
[MORF_PTPN11,MORF_PTPN11] was killed by [MORF_CTBP1,MORF_CTBP1]
[GNF2_STAT6,GNF2_STAT6] was killed by [GNF2_SELL,GNF2_SELL]
[GCM_NPM1,GCM_NPM1] was killed by [GNF2_EIF3S6,GNF2_EIF3S6]
[GNF2_MYD88,GNF2_MYD88] was killed by [GNF2_SELL,GNF2_SELL]
[MORF_BMI1,MORF_BMI1] was killed by [MORF_CTBP1,MORF_CTBP1]
[GNF2_CKS2,GNF2_CKS2] was killed by [MORF_RFC4,MORF_RFC4]
[GNF2_H2AFX,GNF2_H2AFX] was killed by [MORF_RFC4,MORF_RFC4]
[GNF2_CDC2,GNF2_CDC2] was killed by [MORF_RFC4,MORF_RFC4]
[MORF_NME2,MORF_NME2] was killed by [GNF2_EIF3S6,GNF2_EIF3S6]
[GNF2_APEX1,GNF2_APEX1] was killed by [GNF2_EIF3S6,GNF2_EIF3S6]
[GNF2_TNFSF10,GNF2_TNFSF10] was killed by [GNF2_SELL,GNF2_SELL]
[GNF2_HAT1,GNF2_HAT1] was killed by [MORF_RFC4,MORF_RFC4]
[GNF2_CENPF,GNF2_CENPF] was killed by [MORF_RFC4,MORF_RFC4]
[GNF2_CENPE,GNF2_CENPE] was killed by [MORF_RFC4,MORF_RFC4]
[MORF_CDK2,MORF_CDK2] was killed by [MORF_CTBP1,MORF_CTBP1]
[MORF_BAG5,MORF_BAG5] was killed by [MORF_CTBP1,MORF_CTBP1]
[GNF2_RRM2,GNF2_RRM2] was killed by [MORF_RFC4,MORF_RFC4]
[MODULE_177,MODULE_177] was killed by [GNF2_SELL,GNF2_SELL]
[MORF_PRDX3,MORF_PRDX3] was killed by [MORF_CTBP1,MORF_CTBP1]
[MORF_PPP2CA,MORF_PPP2CA] was killed by [MORF_CTBP1,MORF_CTBP1]
[GNF2_MCL1,GNF2_MCL1] was killed by [GNF2_SELL,GNF2_SELL]
[MORF_FEN1,MORF_FEN1] was killed by [MORF_RFC4,MORF_RFC4]
[GNF2_RFC3,GNF2_RFC3] was killed by [MORF_RFC4,MORF_RFC4]
[MORF_ESPL1,MORF_ESPL1] was killed by [MORF_RFC4,MORF_RFC4]
[GNF2_MLH1,GNF2_MLH1] was killed by [MORF_RFC4,MORF_RFC4]
[GCM_DDX5,GCM_DDX5] was killed by [MORF_CTBP1,MORF_CTBP1]
[MODULE_183,MODULE_183] was killed by [MORF_CTBP1,MORF_CTBP1]
[GNF2_TDG,GNF2_TDG] was killed by [MORF_CTBP1,MORF_CTBP1]
[MODULE_36,MODULE_36] was killed by [MORF_CTBP1,MORF_CTBP1]
[MORF_PSMC1,MORF_PSMC1] was killed by [MORF_CTBP1,MORF_CTBP1]
[GNF2_TTK,GNF2_TTK] was killed by [MORF_RFC4,MORF_RFC4]
[MORF_EIF4A2,MORF_EIF4A2] was killed by [GNF2_EIF3S6,GNF2_EIF3S6]
[GNF2_MSH2,GNF2_MSH2] was killed by [MORF_RFC4,MORF_RFC4]
[GNF2_CCNA2,GNF2_CCNA2] was killed by [MORF_RFC4,MORF_RFC4]
[MORF_MTA1,MORF_MTA1] was killed by [MORF_CTBP1,MORF_CTBP1]
[GNF2_RPA1,GNF2_RPA1] was killed by [MORF_RFC4,MORF_RFC4]
[GNF2_HCK,GNF2_HCK] was killed by [GNF2_SELL,GNF2_SELL]
[MORF_SART1,MORF_SART1] was killed by [GNF2_EIF3S6,GNF2_EIF3S6]
[GCM_TPR,GCM_TPR] was killed by [MORF_RFC4,MORF_RFC4]
[MORF_DAP,MORF_DAP] was killed by [MORF_CTBP1,MORF_CTBP1]
[GNF2_PAK2,GNF2_PAK2] was killed by [GNF2_SELL,GNF2_SELL]
[GNF2_CD53,GNF2_CD53] was killed by [GNF2_SELL,GNF2_SELL]
[GNF2_CASP1,GNF2_CASP1] was killed by [GNF2_SELL,GNF2_SELL]
[MORF_PAPSS1,MORF_PAPSS1] was killed by [MORF_CTBP1,MORF_CTBP1]
[GNF2_NPM1,GNF2_NPM1] was killed by [GNF2_EIF3S6,GNF2_EIF3S6]
[MORF_RAB6A,MORF_RAB6A] was killed by [MORF_CTBP1,MORF_CTBP1]
[GCM_PFN1,GCM_PFN1] was killed by [GNF2_EIF3S6,GNF2_EIF3S6]
[GCM_AIP,GCM_AIP] was killed by [MORF_RFC4,MORF_RFC4]
[MORF_GMPS,MORF_GMPS] was killed by [MORF_CTBP1,MORF_CTBP1]
[GCM_APEX1,GCM_APEX1] was killed by [GNF2_EIF3S6,GNF2_EIF3S6]
[GNF2_MCM5,GNF2_MCM5] was killed by [MORF_RFC4,MORF_RFC4]
[GCM_RAD21,GCM_RAD21] was killed by [MORF_CTBP1,MORF_CTBP1]
