[ROSS_LEUKEMIA_WITH_MLL_FUSIONS,ROSS_LEUKEMIA_WITH_MLL_FUSIONS] was killed by [FOXD3_01,FOXD3_01]
[GO_POSITIVE_REGULATION_OF_SUBSTRATE_ADHESION_DEPENDENT_CELL_SPREADING,GO_POSITIVE_REGULATION_OF_SUBSTRATE_ADHESION_DEPENDENT_CELL_SPREADING] was killed by [FOXD3_01,FOXD3_01]
[GSE13547_2H_VS_12_H_ANTI_IGM_STIM_BCELL_UP,GSE13547_2H_VS_12_H_ANTI_IGM_STIM_BCELL_UP] was killed by [GO_INTERACTION_WITH_SYMBIONT,GO_INTERACTION_WITH_SYMBIONT]
[GSE21546_SAP1A_KO_VS_SAP1A_KO_AND_ELK1_KO_ANTI_CD3_STIM_DP_THYMOCYTES_DN,GSE21546_SAP1A_KO_VS_SAP1A_KO_AND_ELK1_KO_ANTI_CD3_STIM_DP_THYMOCYTES_DN] was killed by [FOXD3_01,FOXD3_01]
[GSE22103_UNSTIM_VS_GMCSF_AND_IFNG_STIM_NEUTROPHIL_DN,GSE22103_UNSTIM_VS_GMCSF_AND_IFNG_STIM_NEUTROPHIL_DN] was killed by [GSE2405_0H_VS_24H_A_PHAGOCYTOPHILUM_STIM_NEUTROPHIL_DN,GSE2405_0H_VS_24H_A_PHAGOCYTOPHILUM_STIM_NEUTROPHIL_DN]
[GSE42021_TREG_PLN_VS_CD24INT_TREG_THYMUS_DN,GSE42021_TREG_PLN_VS_CD24INT_TREG_THYMUS_DN] was killed by [GSE13484_12H_UNSTIM_VS_YF17D_VACCINE_STIM_PBMC_DN,GSE13484_12H_UNSTIM_VS_YF17D_VACCINE_STIM_PBMC_DN]
[GO_REGULATION_OF_SUBSTRATE_ADHESION_DEPENDENT_CELL_SPREADING,GO_REGULATION_OF_SUBSTRATE_ADHESION_DEPENDENT_CELL_SPREADING] was killed by [FOXD3_01,FOXD3_01]
[PENG_RAPAMYCIN_RESPONSE_UP,PENG_RAPAMYCIN_RESPONSE_UP] was killed by [GSE2405_0H_VS_24H_A_PHAGOCYTOPHILUM_STIM_NEUTROPHIL_DN,GSE2405_0H_VS_24H_A_PHAGOCYTOPHILUM_STIM_NEUTROPHIL_DN]
[GSE29949_MICROGLIA_BRAIN_VS_CD8_NEG_DC_SPLEEN_UP,GSE29949_MICROGLIA_BRAIN_VS_CD8_NEG_DC_SPLEEN_UP] was killed by [GSE2405_0H_VS_24H_A_PHAGOCYTOPHILUM_STIM_NEUTROPHIL_DN,GSE2405_0H_VS_24H_A_PHAGOCYTOPHILUM_STIM_NEUTROPHIL_DN]
[GO_COSTAMERE,GO_COSTAMERE] was killed by [GSE15330_LYMPHOID_MULTIPOTENT_VS_GRANULOCYTE_MONOCYTE_PROGENITOR_DN,GSE15330_LYMPHOID_MULTIPOTENT_VS_GRANULOCYTE_MONOCYTE_PROGENITOR_DN]
[GSE37534_UNTREATED_VS_GW1929_TREATED_CD4_TCELL_PPARG1_AND_FOXP3_TRASDUCED_DN,GSE37534_UNTREATED_VS_GW1929_TREATED_CD4_TCELL_PPARG1_AND_FOXP3_TRASDUCED_DN] was killed by [FOXD3_01,FOXD3_01]
[GSE30971_WBP7_HET_VS_KO_MACROPHAGE_4H_LPS_STIM_DN,GSE30971_WBP7_HET_VS_KO_MACROPHAGE_4H_LPS_STIM_DN] was killed by [GSE7460_TCONV_VS_TREG_LN_DN,GSE7460_TCONV_VS_TREG_LN_DN]
[GSE24142_EARLY_THYMIC_PROGENITOR_VS_DN2_THYMOCYTE_UP,GSE24142_EARLY_THYMIC_PROGENITOR_VS_DN2_THYMOCYTE_UP] was killed by [GSE7460_TCONV_VS_TREG_LN_DN,GSE7460_TCONV_VS_TREG_LN_DN]
[KAAB_FAILED_HEART_ATRIUM_UP,KAAB_FAILED_HEART_ATRIUM_UP] was killed by [GSE15330_LYMPHOID_MULTIPOTENT_VS_GRANULOCYTE_MONOCYTE_PROGENITOR_DN,GSE15330_LYMPHOID_MULTIPOTENT_VS_GRANULOCYTE_MONOCYTE_PROGENITOR_DN]
[SIMBULAN_UV_RESPONSE_IMMORTALIZED_DN,SIMBULAN_UV_RESPONSE_IMMORTALIZED_DN] was killed by [GSE15330_LYMPHOID_MULTIPOTENT_VS_GRANULOCYTE_MONOCYTE_PROGENITOR_DN,GSE15330_LYMPHOID_MULTIPOTENT_VS_GRANULOCYTE_MONOCYTE_PROGENITOR_DN]
[GO_RIBONUCLEOPROTEIN_COMPLEX_LOCALIZATION,GO_RIBONUCLEOPROTEIN_COMPLEX_LOCALIZATION] was killed by [GO_RNA_LOCALIZATION,GO_RNA_LOCALIZATION]
[REACTOME_METABOLISM_OF_NON_CODING_RNA,REACTOME_METABOLISM_OF_NON_CODING_RNA] was killed by [GO_RNA_LOCALIZATION,GO_RNA_LOCALIZATION]
[GSE3982_EOSINOPHIL_VS_NEUTROPHIL_UP,GSE3982_EOSINOPHIL_VS_NEUTROPHIL_UP] was killed by [FOXD3_01,FOXD3_01]
[GSE2770_IL12_VS_IL4_TREATED_ACT_CD4_TCELL_48H_DN,GSE2770_IL12_VS_IL4_TREATED_ACT_CD4_TCELL_48H_DN] was killed by [GSE2405_0H_VS_24H_A_PHAGOCYTOPHILUM_STIM_NEUTROPHIL_DN,GSE2405_0H_VS_24H_A_PHAGOCYTOPHILUM_STIM_NEUTROPHIL_DN]
[GSE7548_DAY7_VS_DAY28_PCC_IMMUNIZATION_CD4_TCELL_DN,GSE7548_DAY7_VS_DAY28_PCC_IMMUNIZATION_CD4_TCELL_DN] was killed by [GO_INTERACTION_WITH_SYMBIONT,GO_INTERACTION_WITH_SYMBIONT]
[GAUSSMANN_MLL_AF4_FUSION_TARGETS_F_UP,GAUSSMANN_MLL_AF4_FUSION_TARGETS_F_UP] was killed by [GSE13484_12H_UNSTIM_VS_YF17D_VACCINE_STIM_PBMC_DN,GSE13484_12H_UNSTIM_VS_YF17D_VACCINE_STIM_PBMC_DN]
[chr2q35,chr2q35] was killed by [MODULE_367,MODULE_367]
[GTCTTCC_MIR7,GTCTTCC_MIR7] was killed by [GSE41867_DAY8_VS_DAY15_LCMV_CLONE13_EFFECTOR_CD8_TCELL_DN,GSE41867_DAY8_VS_DAY15_LCMV_CLONE13_EFFECTOR_CD8_TCELL_DN]
[REACTOME_APOPTOTIC_EXECUTION_PHASE,REACTOME_APOPTOTIC_EXECUTION_PHASE] was killed by [GO_INTERACTION_WITH_SYMBIONT,GO_INTERACTION_WITH_SYMBIONT]
[CRX_DN.V1_DN,CRX_DN.V1_DN] was killed by [GSE15330_LYMPHOID_MULTIPOTENT_VS_GRANULOCYTE_MONOCYTE_PROGENITOR_DN,GSE15330_LYMPHOID_MULTIPOTENT_VS_GRANULOCYTE_MONOCYTE_PROGENITOR_DN]
[GSE40274_CTRL_VS_GATA1_TRANSDUCED_ACTIVATED_CD4_TCELL_DN,GSE40274_CTRL_VS_GATA1_TRANSDUCED_ACTIVATED_CD4_TCELL_DN] was killed by [GSE23925_DARK_ZONE_VS_NAIVE_BCELL_DN,GSE23925_DARK_ZONE_VS_NAIVE_BCELL_DN]
[GSE16522_ANTI_CD3CD28_STIM_VS_UNSTIM_NAIVE_CD8_TCELL_UP,GSE16522_ANTI_CD3CD28_STIM_VS_UNSTIM_NAIVE_CD8_TCELL_UP] was killed by [GSE41867_DAY8_VS_DAY15_LCMV_CLONE13_EFFECTOR_CD8_TCELL_DN,GSE41867_DAY8_VS_DAY15_LCMV_CLONE13_EFFECTOR_CD8_TCELL_DN]
[GO_ESTABLISHMENT_OF_PROTEIN_LOCALIZATION_TO_GOLGI,GO_ESTABLISHMENT_OF_PROTEIN_LOCALIZATION_TO_GOLGI] was killed by [GO_PROTEIN_LOCALIZATION_TO_GOLGI_APPARATUS,GO_PROTEIN_LOCALIZATION_TO_GOLGI_APPARATUS]
[GNF2_CKS2,GNF2_CKS2] was killed by [GSE2405_0H_VS_24H_A_PHAGOCYTOPHILUM_STIM_NEUTROPHIL_DN,GSE2405_0H_VS_24H_A_PHAGOCYTOPHILUM_STIM_NEUTROPHIL_DN]
[BERTUCCI_MEDULLARY_VS_DUCTAL_BREAST_CANCER_DN,BERTUCCI_MEDULLARY_VS_DUCTAL_BREAST_CANCER_DN] was killed by [GSE7460_TCONV_VS_TREG_LN_DN,GSE7460_TCONV_VS_TREG_LN_DN]
[GSE45365_WT_VS_IFNAR_KO_CD11B_DC_MCMV_INFECTION_DN,GSE45365_WT_VS_IFNAR_KO_CD11B_DC_MCMV_INFECTION_DN] was killed by [GSE2405_0H_VS_24H_A_PHAGOCYTOPHILUM_STIM_NEUTROPHIL_DN,GSE2405_0H_VS_24H_A_PHAGOCYTOPHILUM_STIM_NEUTROPHIL_DN]
[GSE45739_NRAS_KO_VS_WT_ACD3_ACD28_STIM_CD4_TCELL_DN,GSE45739_NRAS_KO_VS_WT_ACD3_ACD28_STIM_CD4_TCELL_DN] was killed by [GSE2405_0H_VS_24H_A_PHAGOCYTOPHILUM_STIM_NEUTROPHIL_DN,GSE2405_0H_VS_24H_A_PHAGOCYTOPHILUM_STIM_NEUTROPHIL_DN]
[GNF2_SMC4L1,GNF2_SMC4L1] was killed by [GSE2405_0H_VS_24H_A_PHAGOCYTOPHILUM_STIM_NEUTROPHIL_DN,GSE2405_0H_VS_24H_A_PHAGOCYTOPHILUM_STIM_NEUTROPHIL_DN]
[GSE12507_PDC_CELL_LINE_VS_IMMATUE_T_CELL_LINE_DN,GSE12507_PDC_CELL_LINE_VS_IMMATUE_T_CELL_LINE_DN] was killed by [GSE15330_LYMPHOID_MULTIPOTENT_VS_GRANULOCYTE_MONOCYTE_PROGENITOR_DN,GSE15330_LYMPHOID_MULTIPOTENT_VS_GRANULOCYTE_MONOCYTE_PROGENITOR_DN]
[REACTOME_APOPTOTIC_CLEAVAGE_OF_CELLULAR_PROTEINS,REACTOME_APOPTOTIC_CLEAVAGE_OF_CELLULAR_PROTEINS] was killed by [GO_INTERACTION_WITH_SYMBIONT,GO_INTERACTION_WITH_SYMBIONT]
[GSE21774_CD62L_POS_CD56_BRIGHT_VS_CD62L_NEG_CD56_DIM_NK_CELL_UP,GSE21774_CD62L_POS_CD56_BRIGHT_VS_CD62L_NEG_CD56_DIM_NK_CELL_UP] was killed by [GSE2405_0H_VS_24H_A_PHAGOCYTOPHILUM_STIM_NEUTROPHIL_DN,GSE2405_0H_VS_24H_A_PHAGOCYTOPHILUM_STIM_NEUTROPHIL_DN]
[GO_REGULATION_OF_GLUCOSE_TRANSPORT,GO_REGULATION_OF_GLUCOSE_TRANSPORT] was killed by [GO_RNA_LOCALIZATION,GO_RNA_LOCALIZATION]
[GSE43955_TGFB_IL6_VS_TGFB_IL6_IL23_TH17_ACT_CD4_TCELL_52H_DN,GSE43955_TGFB_IL6_VS_TGFB_IL6_IL23_TH17_ACT_CD4_TCELL_52H_DN] was killed by [GSE13484_12H_UNSTIM_VS_YF17D_VACCINE_STIM_PBMC_DN,GSE13484_12H_UNSTIM_VS_YF17D_VACCINE_STIM_PBMC_DN]
[GSE33292_DN3_THYMOCYTE_VS_TCF1_KO_TCELL_LYMPHOMA_DN,GSE33292_DN3_THYMOCYTE_VS_TCF1_KO_TCELL_LYMPHOMA_DN] was killed by [GSE15330_LYMPHOID_MULTIPOTENT_VS_GRANULOCYTE_MONOCYTE_PROGENITOR_DN,GSE15330_LYMPHOID_MULTIPOTENT_VS_GRANULOCYTE_MONOCYTE_PROGENITOR_DN]
[GSE37301_COMMON_LYMPHOID_PROGENITOR_VS_GRAN_MONO_PROGENITOR_DN,GSE37301_COMMON_LYMPHOID_PROGENITOR_VS_GRAN_MONO_PROGENITOR_DN] was killed by [GSE15330_LYMPHOID_MULTIPOTENT_VS_GRANULOCYTE_MONOCYTE_PROGENITOR_DN,GSE15330_LYMPHOID_MULTIPOTENT_VS_GRANULOCYTE_MONOCYTE_PROGENITOR_DN]
[GSE15330_LYMPHOID_MULTIPOTENT_VS_GRANULOCYTE_MONOCYTE_PROGENITOR_IKAROS_KO_DN,GSE15330_LYMPHOID_MULTIPOTENT_VS_GRANULOCYTE_MONOCYTE_PROGENITOR_IKAROS_KO_DN] was killed by [GSE15330_LYMPHOID_MULTIPOTENT_VS_GRANULOCYTE_MONOCYTE_PROGENITOR_DN,GSE15330_LYMPHOID_MULTIPOTENT_VS_GRANULOCYTE_MONOCYTE_PROGENITOR_DN]
[GSE21360_NAIVE_VS_QUATERNARY_MEMORY_CD8_TCELL_UP,GSE21360_NAIVE_VS_QUATERNARY_MEMORY_CD8_TCELL_UP] was killed by [KCCGNSWTTT_UNKNOWN,KCCGNSWTTT_UNKNOWN]
[ODONNELL_TFRC_TARGETS_DN,ODONNELL_TFRC_TARGETS_DN] was killed by [GSE2405_0H_VS_24H_A_PHAGOCYTOPHILUM_STIM_NEUTROPHIL_DN,GSE2405_0H_VS_24H_A_PHAGOCYTOPHILUM_STIM_NEUTROPHIL_DN]
[GSE7568_CTRL_VS_24H_TGFB_TREATED_MACROPHAGES_WITH_IL4_AND_DEXAMETHASONE_UP,GSE7568_CTRL_VS_24H_TGFB_TREATED_MACROPHAGES_WITH_IL4_AND_DEXAMETHASONE_UP] was killed by [KCCGNSWTTT_UNKNOWN,KCCGNSWTTT_UNKNOWN]
[MISSIAGLIA_REGULATED_BY_METHYLATION_DN,MISSIAGLIA_REGULATED_BY_METHYLATION_DN] was killed by [GSE2405_0H_VS_24H_A_PHAGOCYTOPHILUM_STIM_NEUTROPHIL_DN,GSE2405_0H_VS_24H_A_PHAGOCYTOPHILUM_STIM_NEUTROPHIL_DN]
[GSE36888_UNTREATED_VS_IL2_TREATED_TCELL_17H_DN,GSE36888_UNTREATED_VS_IL2_TREATED_TCELL_17H_DN] was killed by [GSE13484_12H_UNSTIM_VS_YF17D_VACCINE_STIM_PBMC_DN,GSE13484_12H_UNSTIM_VS_YF17D_VACCINE_STIM_PBMC_DN]
[GSE17721_LPS_VS_GARDIQUIMOD_0.5H_BMDC_DN,GSE17721_LPS_VS_GARDIQUIMOD_0.5H_BMDC_DN] was killed by [GSE8921_UNSTIM_0H_VS_TLR1_2_STIM_MONOCYTE_24H_DN,GSE8921_UNSTIM_0H_VS_TLR1_2_STIM_MONOCYTE_24H_DN]
[GO_NEGATIVE_REGULATION_OF_CELL_DIVISION,GO_NEGATIVE_REGULATION_OF_CELL_DIVISION] was killed by [GSE2405_0H_VS_24H_A_PHAGOCYTOPHILUM_STIM_NEUTROPHIL_DN,GSE2405_0H_VS_24H_A_PHAGOCYTOPHILUM_STIM_NEUTROPHIL_DN]
[GSE20366_CD103_KLRG1_DP_VS_DN_TREG_DN,GSE20366_CD103_KLRG1_DP_VS_DN_TREG_DN] was killed by [GSE41867_DAY8_VS_DAY15_LCMV_CLONE13_EFFECTOR_CD8_TCELL_DN,GSE41867_DAY8_VS_DAY15_LCMV_CLONE13_EFFECTOR_CD8_TCELL_DN]
[GSE7852_THYMUS_VS_FAT_TREG_UP,GSE7852_THYMUS_VS_FAT_TREG_UP] was killed by [SMIRNOV_RESPONSE_TO_IR_6HR_UP,SMIRNOV_RESPONSE_TO_IR_6HR_UP]
[GSE21380_NON_TFH_VS_GERMINAL_CENTER_TFH_CD4_TCELL_DN,GSE21380_NON_TFH_VS_GERMINAL_CENTER_TFH_CD4_TCELL_DN] was killed by [GSE41867_DAY8_VS_DAY15_LCMV_CLONE13_EFFECTOR_CD8_TCELL_DN,GSE41867_DAY8_VS_DAY15_LCMV_CLONE13_EFFECTOR_CD8_TCELL_DN]
[GSE41867_DAY15_EFFECTOR_VS_DAY30_EXHAUSTED_CD8_TCELL_LCMV_CLONE13_DN,GSE41867_DAY15_EFFECTOR_VS_DAY30_EXHAUSTED_CD8_TCELL_LCMV_CLONE13_DN] was killed by [KCCGNSWTTT_UNKNOWN,KCCGNSWTTT_UNKNOWN]
[GSE45365_HEALTHY_VS_MCMV_INFECTION_CD11B_DC_IFNAR_KO_DN,GSE45365_HEALTHY_VS_MCMV_INFECTION_CD11B_DC_IFNAR_KO_DN] was killed by [GSE2405_0H_VS_24H_A_PHAGOCYTOPHILUM_STIM_NEUTROPHIL_DN,GSE2405_0H_VS_24H_A_PHAGOCYTOPHILUM_STIM_NEUTROPHIL_DN]
[GSE2935_UV_INACTIVATED_VS_LIVE_SENDAI_VIRUS_INF_MACROPHAGE_DN,GSE2935_UV_INACTIVATED_VS_LIVE_SENDAI_VIRUS_INF_MACROPHAGE_DN] was killed by [FOXD3_01,FOXD3_01]
[GSE31082_DN_VS_CD4_SP_THYMOCYTE_UP,GSE31082_DN_VS_CD4_SP_THYMOCYTE_UP] was killed by [GSE41867_DAY8_VS_DAY15_LCMV_CLONE13_EFFECTOR_CD8_TCELL_DN,GSE41867_DAY8_VS_DAY15_LCMV_CLONE13_EFFECTOR_CD8_TCELL_DN]
[GO_DYNEIN_BINDING,GO_DYNEIN_BINDING] was killed by [GSE2405_0H_VS_24H_A_PHAGOCYTOPHILUM_STIM_NEUTROPHIL_DN,GSE2405_0H_VS_24H_A_PHAGOCYTOPHILUM_STIM_NEUTROPHIL_DN]
[GNF2_CENPE,GNF2_CENPE] was killed by [GSE2405_0H_VS_24H_A_PHAGOCYTOPHILUM_STIM_NEUTROPHIL_DN,GSE2405_0H_VS_24H_A_PHAGOCYTOPHILUM_STIM_NEUTROPHIL_DN]
[ROSTY_CERVICAL_CANCER_PROLIFERATION_CLUSTER,ROSTY_CERVICAL_CANCER_PROLIFERATION_CLUSTER] was killed by [GSE2405_0H_VS_24H_A_PHAGOCYTOPHILUM_STIM_NEUTROPHIL_DN,GSE2405_0H_VS_24H_A_PHAGOCYTOPHILUM_STIM_NEUTROPHIL_DN]
[GSE17974_2H_VS_72H_UNTREATED_IN_VITRO_CD4_TCELL_DN,GSE17974_2H_VS_72H_UNTREATED_IN_VITRO_CD4_TCELL_DN] was killed by [GSE41867_DAY8_VS_DAY15_LCMV_CLONE13_EFFECTOR_CD8_TCELL_DN,GSE41867_DAY8_VS_DAY15_LCMV_CLONE13_EFFECTOR_CD8_TCELL_DN]
[MODULE_438,MODULE_438] was killed by [GSE2405_0H_VS_24H_A_PHAGOCYTOPHILUM_STIM_NEUTROPHIL_DN,GSE2405_0H_VS_24H_A_PHAGOCYTOPHILUM_STIM_NEUTROPHIL_DN]
[GNF2_RRM2,GNF2_RRM2] was killed by [GSE2405_0H_VS_24H_A_PHAGOCYTOPHILUM_STIM_NEUTROPHIL_DN,GSE2405_0H_VS_24H_A_PHAGOCYTOPHILUM_STIM_NEUTROPHIL_DN]
[GSE17721_PAM3CSK4_VS_CPG_8H_BMDC_DN,GSE17721_PAM3CSK4_VS_CPG_8H_BMDC_DN] was killed by [GO_INTERACTION_WITH_SYMBIONT,GO_INTERACTION_WITH_SYMBIONT]
[GSE11884_WT_VS_FURIN_KO_NAIVE_CD4_TCELL_DN,GSE11884_WT_VS_FURIN_KO_NAIVE_CD4_TCELL_DN] was killed by [KCCGNSWTTT_UNKNOWN,KCCGNSWTTT_UNKNOWN]
[GO_CELLULAR_RESPONSE_TO_CORTICOSTEROID_STIMULUS,GO_CELLULAR_RESPONSE_TO_CORTICOSTEROID_STIMULUS] was killed by [GSE13484_12H_UNSTIM_VS_YF17D_VACCINE_STIM_PBMC_DN,GSE13484_12H_UNSTIM_VS_YF17D_VACCINE_STIM_PBMC_DN]
[GSE39820_CTRL_VS_TGFBETA1_IL6_IL23A_CD4_TCELL_DN,GSE39820_CTRL_VS_TGFBETA1_IL6_IL23A_CD4_TCELL_DN] was killed by [GSE2405_0H_VS_24H_A_PHAGOCYTOPHILUM_STIM_NEUTROPHIL_DN,GSE2405_0H_VS_24H_A_PHAGOCYTOPHILUM_STIM_NEUTROPHIL_DN]
[GO_REGULATION_OF_MUSCLE_TISSUE_DEVELOPMENT,GO_REGULATION_OF_MUSCLE_TISSUE_DEVELOPMENT] was killed by [GSE2405_0H_VS_24H_A_PHAGOCYTOPHILUM_STIM_NEUTROPHIL_DN,GSE2405_0H_VS_24H_A_PHAGOCYTOPHILUM_STIM_NEUTROPHIL_DN]
[GSE6259_33D1_POS_DC_VS_CD4_TCELL_UP,GSE6259_33D1_POS_DC_VS_CD4_TCELL_UP] was killed by [SMIRNOV_RESPONSE_TO_IR_6HR_UP,SMIRNOV_RESPONSE_TO_IR_6HR_UP]
[CORDENONSI_YAP_CONSERVED_SIGNATURE,CORDENONSI_YAP_CONSERVED_SIGNATURE] was killed by [GSE2405_0H_VS_24H_A_PHAGOCYTOPHILUM_STIM_NEUTROPHIL_DN,GSE2405_0H_VS_24H_A_PHAGOCYTOPHILUM_STIM_NEUTROPHIL_DN]
[GO_POLYSACCHARIDE_METABOLIC_PROCESS,GO_POLYSACCHARIDE_METABOLIC_PROCESS] was killed by [KCCGNSWTTT_UNKNOWN,KCCGNSWTTT_UNKNOWN]
[GO_MRNA_3_END_PROCESSING,GO_MRNA_3_END_PROCESSING] was killed by [GO_RNA_LOCALIZATION,GO_RNA_LOCALIZATION]
[GSE339_CD8POS_VS_CD4CD8DN_DC_DN,GSE339_CD8POS_VS_CD4CD8DN_DC_DN] was killed by [REACTOME_ASPARAGINE_N_LINKED_GLYCOSYLATION,REACTOME_ASPARAGINE_N_LINKED_GLYCOSYLATION]
[GSE36476_CTRL_VS_TSST_ACT_72H_MEMORY_CD4_TCELL_OLD_DN,GSE36476_CTRL_VS_TSST_ACT_72H_MEMORY_CD4_TCELL_OLD_DN] was killed by [GSE2405_0H_VS_24H_A_PHAGOCYTOPHILUM_STIM_NEUTROPHIL_DN,GSE2405_0H_VS_24H_A_PHAGOCYTOPHILUM_STIM_NEUTROPHIL_DN]
[GSE14308_TH2_VS_TH1_DN,GSE14308_TH2_VS_TH1_DN] was killed by [GSE8921_UNSTIM_0H_VS_TLR1_2_STIM_MONOCYTE_24H_DN,GSE8921_UNSTIM_0H_VS_TLR1_2_STIM_MONOCYTE_24H_DN]
[chr2q13,chr2q13] was killed by [GO_RNA_LOCALIZATION,GO_RNA_LOCALIZATION]
[AGCATTA_MIR155,AGCATTA_MIR155] was killed by [FOXD3_01,FOXD3_01]
[GSE369_PRE_VS_POST_IL6_INJECTION_SOCS3_KO_LIVER_UP,GSE369_PRE_VS_POST_IL6_INJECTION_SOCS3_KO_LIVER_UP] was killed by [GSE13484_12H_UNSTIM_VS_YF17D_VACCINE_STIM_PBMC_DN,GSE13484_12H_UNSTIM_VS_YF17D_VACCINE_STIM_PBMC_DN]
[GO_GASTRULATION,GO_GASTRULATION] was killed by [WANG_TARGETS_OF_MLL_CBP_FUSION_DN,WANG_TARGETS_OF_MLL_CBP_FUSION_DN]
[PID_FOXM1_PATHWAY,PID_FOXM1_PATHWAY] was killed by [GO_INTERACTION_WITH_SYMBIONT,GO_INTERACTION_WITH_SYMBIONT]
[GO_ANKYRIN_BINDING,GO_ANKYRIN_BINDING] was killed by [GSE15330_LYMPHOID_MULTIPOTENT_VS_GRANULOCYTE_MONOCYTE_PROGENITOR_DN,GSE15330_LYMPHOID_MULTIPOTENT_VS_GRANULOCYTE_MONOCYTE_PROGENITOR_DN]
[GSE37301_PRO_BCELL_VS_RAG2_KO_NK_CELL_UP,GSE37301_PRO_BCELL_VS_RAG2_KO_NK_CELL_UP] was killed by [GSE15330_LYMPHOID_MULTIPOTENT_VS_GRANULOCYTE_MONOCYTE_PROGENITOR_DN,GSE15330_LYMPHOID_MULTIPOTENT_VS_GRANULOCYTE_MONOCYTE_PROGENITOR_DN]
[REACTOME_TRANSPORT_OF_MATURE_MRNA_DERIVED_FROM_AN_INTRONLESS_TRANSCRIPT,REACTOME_TRANSPORT_OF_MATURE_MRNA_DERIVED_FROM_AN_INTRONLESS_TRANSCRIPT] was killed by [GO_RNA_LOCALIZATION,GO_RNA_LOCALIZATION]
[MORF_HAT1,MORF_HAT1] was killed by [GO_RNA_LOCALIZATION,GO_RNA_LOCALIZATION]
[GSE360_LOW_DOSE_B_MALAYI_VS_M_TUBERCULOSIS_MAC_DN,GSE360_LOW_DOSE_B_MALAYI_VS_M_TUBERCULOSIS_MAC_DN] was killed by [FOXD3_01,FOXD3_01]
[GSE40666_WT_VS_STAT1_KO_CD8_TCELL_WITH_IFNA_STIM_90MIN_DN,GSE40666_WT_VS_STAT1_KO_CD8_TCELL_WITH_IFNA_STIM_90MIN_DN] was killed by [GSE2405_0H_VS_24H_A_PHAGOCYTOPHILUM_STIM_NEUTROPHIL_DN,GSE2405_0H_VS_24H_A_PHAGOCYTOPHILUM_STIM_NEUTROPHIL_DN]
[GSE17721_LPS_VS_POLYIC_16H_BMDC_UP,GSE17721_LPS_VS_POLYIC_16H_BMDC_UP] was killed by [chr1p22,chr1p22]
[chrxp22,chrxp22] was killed by [SMIRNOV_RESPONSE_TO_IR_6HR_UP,SMIRNOV_RESPONSE_TO_IR_6HR_UP]
[GSE7852_TREG_VS_TCONV_LN_UP,GSE7852_TREG_VS_TCONV_LN_UP] was killed by [GSE7460_TCONV_VS_TREG_LN_DN,GSE7460_TCONV_VS_TREG_LN_DN]
[GO_CELLULAR_RESPONSE_TO_ACID_CHEMICAL,GO_CELLULAR_RESPONSE_TO_ACID_CHEMICAL] was killed by [GO_INTERACTION_WITH_SYMBIONT,GO_INTERACTION_WITH_SYMBIONT]
[GSE17721_POLYIC_VS_PAM3CSK4_0.5H_BMDC_DN,GSE17721_POLYIC_VS_PAM3CSK4_0.5H_BMDC_DN] was killed by [KCCGNSWTTT_UNKNOWN,KCCGNSWTTT_UNKNOWN]
[GNF2_FEN1,GNF2_FEN1] was killed by [GSE2405_0H_VS_24H_A_PHAGOCYTOPHILUM_STIM_NEUTROPHIL_DN,GSE2405_0H_VS_24H_A_PHAGOCYTOPHILUM_STIM_NEUTROPHIL_DN]
[GSE15930_STIM_VS_STIM_AND_IL-12_48H_CD8_T_CELL_DN,GSE15930_STIM_VS_STIM_AND_IL-12_48H_CD8_T_CELL_DN] was killed by [GSE2405_0H_VS_24H_A_PHAGOCYTOPHILUM_STIM_NEUTROPHIL_DN,GSE2405_0H_VS_24H_A_PHAGOCYTOPHILUM_STIM_NEUTROPHIL_DN]
[GSE6092_CTRL_VS_BORRELIA_BIRGDOFERI_INF_ENDOTHELIAL_CELL_DN,GSE6092_CTRL_VS_BORRELIA_BIRGDOFERI_INF_ENDOTHELIAL_CELL_DN] was killed by [GSE13484_12H_UNSTIM_VS_YF17D_VACCINE_STIM_PBMC_DN,GSE13484_12H_UNSTIM_VS_YF17D_VACCINE_STIM_PBMC_DN]
[GNF2_RRM1,GNF2_RRM1] was killed by [GSE2405_0H_VS_24H_A_PHAGOCYTOPHILUM_STIM_NEUTROPHIL_DN,GSE2405_0H_VS_24H_A_PHAGOCYTOPHILUM_STIM_NEUTROPHIL_DN]
[GNF2_CDC20,GNF2_CDC20] was killed by [GSE2405_0H_VS_24H_A_PHAGOCYTOPHILUM_STIM_NEUTROPHIL_DN,GSE2405_0H_VS_24H_A_PHAGOCYTOPHILUM_STIM_NEUTROPHIL_DN]
[LY_AGING_MIDDLE_DN,LY_AGING_MIDDLE_DN] was killed by [GSE2405_0H_VS_24H_A_PHAGOCYTOPHILUM_STIM_NEUTROPHIL_DN,GSE2405_0H_VS_24H_A_PHAGOCYTOPHILUM_STIM_NEUTROPHIL_DN]
[GSE43863_NAIVE_VS_MEMORY_TH1_CD4_TCELL_D150_LCMV_UP,GSE43863_NAIVE_VS_MEMORY_TH1_CD4_TCELL_D150_LCMV_UP] was killed by [GSE13484_12H_UNSTIM_VS_YF17D_VACCINE_STIM_PBMC_DN,GSE13484_12H_UNSTIM_VS_YF17D_VACCINE_STIM_PBMC_DN]
[GSE7852_TREG_VS_TCONV_FAT_UP,GSE7852_TREG_VS_TCONV_FAT_UP] was killed by [GSE15330_LYMPHOID_MULTIPOTENT_VS_GRANULOCYTE_MONOCYTE_PROGENITOR_DN,GSE15330_LYMPHOID_MULTIPOTENT_VS_GRANULOCYTE_MONOCYTE_PROGENITOR_DN]
[GSE23308_CTRL_VS_CORTICOSTERONE_TREATED_MACROPHAGE_MINERALCORTICOID_REC_KO_UP,GSE23308_CTRL_VS_CORTICOSTERONE_TREATED_MACROPHAGE_MINERALCORTICOID_REC_KO_UP] was killed by [FOXD3_01,FOXD3_01]
[GSE15930_STIM_VS_STIM_AND_TRICHOSTATINA_24H_CD8_T_CELL_UP,GSE15930_STIM_VS_STIM_AND_TRICHOSTATINA_24H_CD8_T_CELL_UP] was killed by [REACTOME_ASPARAGINE_N_LINKED_GLYCOSYLATION,REACTOME_ASPARAGINE_N_LINKED_GLYCOSYLATION]
[NAKAYAMA_SOFT_TISSUE_TUMORS_PCA2_UP,NAKAYAMA_SOFT_TISSUE_TUMORS_PCA2_UP] was killed by [GSE2405_0H_VS_24H_A_PHAGOCYTOPHILUM_STIM_NEUTROPHIL_DN,GSE2405_0H_VS_24H_A_PHAGOCYTOPHILUM_STIM_NEUTROPHIL_DN]
[GSE10240_IL17_VS_IL17_AND_IL22_STIM_PRIMARY_BRONCHIAL_EPITHELIAL_CELLS_UP,GSE10240_IL17_VS_IL17_AND_IL22_STIM_PRIMARY_BRONCHIAL_EPITHELIAL_CELLS_UP] was killed by [GSE37533_UNTREATED_VS_PIOGLIZATONE_TREATED_CD4_TCELL_FOXP3_TRASDUCED_CD4_TCELL_DN,GSE37533_UNTREATED_VS_PIOGLIZATONE_TREATED_CD4_TCELL_FOXP3_TRASDUCED_CD4_TCELL_DN]
[GO_NUCLEAR_UBIQUITIN_LIGASE_COMPLEX,GO_NUCLEAR_UBIQUITIN_LIGASE_COMPLEX] was killed by [GSE23925_DARK_ZONE_VS_NAIVE_BCELL_DN,GSE23925_DARK_ZONE_VS_NAIVE_BCELL_DN]
[GSE15330_HSC_VS_LYMPHOID_PRIMED_MULTIPOTENT_PROGENITOR_IKAROS_KO_UP,GSE15330_HSC_VS_LYMPHOID_PRIMED_MULTIPOTENT_PROGENITOR_IKAROS_KO_UP] was killed by [chr1p22,chr1p22]
[ROYLANCE_BREAST_CANCER_16Q_COPY_NUMBER_UP,ROYLANCE_BREAST_CANCER_16Q_COPY_NUMBER_UP] was killed by [GSE37533_UNTREATED_VS_PIOGLIZATONE_TREATED_CD4_TCELL_FOXP3_TRASDUCED_CD4_TCELL_DN,GSE37533_UNTREATED_VS_PIOGLIZATONE_TREATED_CD4_TCELL_FOXP3_TRASDUCED_CD4_TCELL_DN]
[GSE36476_YOUNG_VS_OLD_DONOR_MEMORY_CD4_TCELL_16H_TSST_ACT_UP,GSE36476_YOUNG_VS_OLD_DONOR_MEMORY_CD4_TCELL_16H_TSST_ACT_UP] was killed by [GO_INTERACTION_WITH_SYMBIONT,GO_INTERACTION_WITH_SYMBIONT]
[GSE27896_HDAC6_KO_VS_WT_TREG_DN,GSE27896_HDAC6_KO_VS_WT_TREG_DN] was killed by [GSE7460_TCONV_VS_TREG_LN_DN,GSE7460_TCONV_VS_TREG_LN_DN]
[REACTOME_PROCESSING_OF_INTRONLESS_PRE_MRNAS,REACTOME_PROCESSING_OF_INTRONLESS_PRE_MRNAS] was killed by [GO_RNA_LOCALIZATION,GO_RNA_LOCALIZATION]
[FLECHNER_PBL_KIDNEY_TRANSPLANT_REJECTED_VS_OK_DN,FLECHNER_PBL_KIDNEY_TRANSPLANT_REJECTED_VS_OK_DN] was killed by [GSE8921_UNSTIM_0H_VS_TLR1_2_STIM_MONOCYTE_24H_DN,GSE8921_UNSTIM_0H_VS_TLR1_2_STIM_MONOCYTE_24H_DN]
[GSE4748_CTRL_VS_LPS_AND_CYANOBACTERIUM_LPSLIKE_STIM_DC_3H_UP,GSE4748_CTRL_VS_LPS_AND_CYANOBACTERIUM_LPSLIKE_STIM_DC_3H_UP] was killed by [GSE15330_LYMPHOID_MULTIPOTENT_VS_GRANULOCYTE_MONOCYTE_PROGENITOR_DN,GSE15330_LYMPHOID_MULTIPOTENT_VS_GRANULOCYTE_MONOCYTE_PROGENITOR_DN]
[GO_TRNA_TRANSPORT,GO_TRNA_TRANSPORT] was killed by [GO_RNA_LOCALIZATION,GO_RNA_LOCALIZATION]
[TIEN_INTESTINE_PROBIOTICS_2HR_UP,TIEN_INTESTINE_PROBIOTICS_2HR_UP] was killed by [KCCGNSWTTT_UNKNOWN,KCCGNSWTTT_UNKNOWN]
[GSE2706_UNSTIM_VS_2H_LPS_AND_R848_DC_DN,GSE2706_UNSTIM_VS_2H_LPS_AND_R848_DC_DN] was killed by [GSE13484_12H_UNSTIM_VS_YF17D_VACCINE_STIM_PBMC_DN,GSE13484_12H_UNSTIM_VS_YF17D_VACCINE_STIM_PBMC_DN]
[KRAS.BREAST_UP.V1_DN,KRAS.BREAST_UP.V1_DN] was killed by [GSE37533_UNTREATED_VS_PIOGLIZATONE_TREATED_CD4_TCELL_FOXP3_TRASDUCED_CD4_TCELL_DN,GSE37533_UNTREATED_VS_PIOGLIZATONE_TREATED_CD4_TCELL_FOXP3_TRASDUCED_CD4_TCELL_DN]
[GSE29164_UNTREATED_VS_CD8_TCELL_TREATED_MELANOMA_DAY3_UP,GSE29164_UNTREATED_VS_CD8_TCELL_TREATED_MELANOMA_DAY3_UP] was killed by [GSE8921_UNSTIM_0H_VS_TLR1_2_STIM_MONOCYTE_24H_DN,GSE8921_UNSTIM_0H_VS_TLR1_2_STIM_MONOCYTE_24H_DN]
[GO_LIPID_HOMEOSTASIS,GO_LIPID_HOMEOSTASIS] was killed by [GSE8921_UNSTIM_0H_VS_TLR1_2_STIM_MONOCYTE_24H_DN,GSE8921_UNSTIM_0H_VS_TLR1_2_STIM_MONOCYTE_24H_DN]
[GSE2770_TGFB_AND_IL4_ACT_VS_ACT_CD4_TCELL_48H_UP,GSE2770_TGFB_AND_IL4_ACT_VS_ACT_CD4_TCELL_48H_UP] was killed by [GSE8921_UNSTIM_0H_VS_TLR1_2_STIM_MONOCYTE_24H_DN,GSE8921_UNSTIM_0H_VS_TLR1_2_STIM_MONOCYTE_24H_DN]
[GO_MODULATION_OF_TRANSCRIPTION_IN_OTHER_ORGANISM_INVOLVED_IN_SYMBIOTIC_INTERACTION,GO_MODULATION_OF_TRANSCRIPTION_IN_OTHER_ORGANISM_INVOLVED_IN_SYMBIOTIC_INTERACTION] was killed by [GO_INTERACTION_WITH_SYMBIONT,GO_INTERACTION_WITH_SYMBIONT]
[GO_MULTICELLULAR_ORGANISM_GROWTH,GO_MULTICELLULAR_ORGANISM_GROWTH] was killed by [FOXD3_01,FOXD3_01]
[GSE26669_CTRL_VS_COSTIM_BLOCK_MLR_CD4_TCELL_DN,GSE26669_CTRL_VS_COSTIM_BLOCK_MLR_CD4_TCELL_DN] was killed by [KCCGNSWTTT_UNKNOWN,KCCGNSWTTT_UNKNOWN]
[AGCTCCT_MIR28,AGCTCCT_MIR28] was killed by [GO_PEPTIDYL_THREONINE_MODIFICATION,GO_PEPTIDYL_THREONINE_MODIFICATION]
[WILCOX_RESPONSE_TO_PROGESTERONE_DN,WILCOX_RESPONSE_TO_PROGESTERONE_DN] was killed by [GSE15330_LYMPHOID_MULTIPOTENT_VS_GRANULOCYTE_MONOCYTE_PROGENITOR_DN,GSE15330_LYMPHOID_MULTIPOTENT_VS_GRANULOCYTE_MONOCYTE_PROGENITOR_DN]
[GSE26343_WT_VS_NFAT5_KO_MACROPHAGE_LPS_STIM_UP,GSE26343_WT_VS_NFAT5_KO_MACROPHAGE_LPS_STIM_UP] was killed by [GSE2405_0H_VS_24H_A_PHAGOCYTOPHILUM_STIM_NEUTROPHIL_DN,GSE2405_0H_VS_24H_A_PHAGOCYTOPHILUM_STIM_NEUTROPHIL_DN]
[GO_RETROGRADE_TRANSPORT_VESICLE_RECYCLING_WITHIN_GOLGI,GO_RETROGRADE_TRANSPORT_VESICLE_RECYCLING_WITHIN_GOLGI] was killed by [GO_PROTEIN_LOCALIZATION_TO_GOLGI_APPARATUS,GO_PROTEIN_LOCALIZATION_TO_GOLGI_APPARATUS]
[GSE25088_WT_VS_STAT6_KO_MACROPHAGE_ROSIGLITAZONE_AND_IL4_STIM_UP,GSE25088_WT_VS_STAT6_KO_MACROPHAGE_ROSIGLITAZONE_AND_IL4_STIM_UP] was killed by [GSE41867_DAY8_VS_DAY15_LCMV_CLONE13_EFFECTOR_CD8_TCELL_DN,GSE41867_DAY8_VS_DAY15_LCMV_CLONE13_EFFECTOR_CD8_TCELL_DN]
[GSE19941_UNSTIM_VS_LPS_STIM_IL10_KO_NFKBP50_KO_MACROPHAGE_UP,GSE19941_UNSTIM_VS_LPS_STIM_IL10_KO_NFKBP50_KO_MACROPHAGE_UP] was killed by [GSE2405_0H_VS_24H_A_PHAGOCYTOPHILUM_STIM_NEUTROPHIL_DN,GSE2405_0H_VS_24H_A_PHAGOCYTOPHILUM_STIM_NEUTROPHIL_DN]
[GSE29618_PRE_VS_DAY7_POST_LAIV_FLU_VACCINE_BCELL_UP,GSE29618_PRE_VS_DAY7_POST_LAIV_FLU_VACCINE_BCELL_UP] was killed by [GSE15330_LYMPHOID_MULTIPOTENT_VS_GRANULOCYTE_MONOCYTE_PROGENITOR_DN,GSE15330_LYMPHOID_MULTIPOTENT_VS_GRANULOCYTE_MONOCYTE_PROGENITOR_DN]
[GSE22025_UNTREATED_VS_TGFB1_TREATED_CD4_TCELL_DN,GSE22025_UNTREATED_VS_TGFB1_TREATED_CD4_TCELL_DN] was killed by [GSE13484_12H_UNSTIM_VS_YF17D_VACCINE_STIM_PBMC_DN,GSE13484_12H_UNSTIM_VS_YF17D_VACCINE_STIM_PBMC_DN]
[MORI_SMALL_PRE_BII_LYMPHOCYTE_DN,MORI_SMALL_PRE_BII_LYMPHOCYTE_DN] was killed by [GSE23925_DARK_ZONE_VS_NAIVE_BCELL_DN,GSE23925_DARK_ZONE_VS_NAIVE_BCELL_DN]
[GSE7460_CTRL_VS_TGFB_TREATED_ACT_FOXP3_MUT_TCONV_UP,GSE7460_CTRL_VS_TGFB_TREATED_ACT_FOXP3_MUT_TCONV_UP] was killed by [GSE41867_DAY8_VS_DAY15_LCMV_CLONE13_EFFECTOR_CD8_TCELL_DN,GSE41867_DAY8_VS_DAY15_LCMV_CLONE13_EFFECTOR_CD8_TCELL_DN]
[GNF2_SMC2L1,GNF2_SMC2L1] was killed by [GSE2405_0H_VS_24H_A_PHAGOCYTOPHILUM_STIM_NEUTROPHIL_DN,GSE2405_0H_VS_24H_A_PHAGOCYTOPHILUM_STIM_NEUTROPHIL_DN]
[GSE26030_TH1_VS_TH17_DAY15_POST_POLARIZATION_DN,GSE26030_TH1_VS_TH17_DAY15_POST_POLARIZATION_DN] was killed by [GSE15330_LYMPHOID_MULTIPOTENT_VS_GRANULOCYTE_MONOCYTE_PROGENITOR_DN,GSE15330_LYMPHOID_MULTIPOTENT_VS_GRANULOCYTE_MONOCYTE_PROGENITOR_DN]
[GSE14415_NATURAL_TREG_VS_TCONV_DN,GSE14415_NATURAL_TREG_VS_TCONV_DN] was killed by [GSE2405_0H_VS_24H_A_PHAGOCYTOPHILUM_STIM_NEUTROPHIL_DN,GSE2405_0H_VS_24H_A_PHAGOCYTOPHILUM_STIM_NEUTROPHIL_DN]
[CHENG_IMPRINTED_BY_ESTRADIOL,CHENG_IMPRINTED_BY_ESTRADIOL] was killed by [GSE8921_UNSTIM_0H_VS_TLR1_2_STIM_MONOCYTE_24H_DN,GSE8921_UNSTIM_0H_VS_TLR1_2_STIM_MONOCYTE_24H_DN]
[HOSHIDA_LIVER_CANCER_SUBCLASS_S2,HOSHIDA_LIVER_CANCER_SUBCLASS_S2] was killed by [GO_INTERACTION_WITH_SYMBIONT,GO_INTERACTION_WITH_SYMBIONT]
[GSE18791_CTRL_VS_NEWCASTLE_VIRUS_DC_12H_DN,GSE18791_CTRL_VS_NEWCASTLE_VIRUS_DC_12H_DN] was killed by [SMIRNOV_RESPONSE_TO_IR_6HR_UP,SMIRNOV_RESPONSE_TO_IR_6HR_UP]
[GSE360_L_DONOVANI_VS_T_GONDII_MAC_DN,GSE360_L_DONOVANI_VS_T_GONDII_MAC_DN] was killed by [MODULE_367,MODULE_367]
[GO_REGULATION_OF_DNA_TEMPLATED_TRANSCRIPTION_INITIATION,GO_REGULATION_OF_DNA_TEMPLATED_TRANSCRIPTION_INITIATION] was killed by [GSE3982_MAST_CELL_VS_TH2_DN,GSE3982_MAST_CELL_VS_TH2_DN]
[GSE7852_TREG_VS_TCONV_THYMUS_UP,GSE7852_TREG_VS_TCONV_THYMUS_UP] was killed by [GSE13484_12H_UNSTIM_VS_YF17D_VACCINE_STIM_PBMC_DN,GSE13484_12H_UNSTIM_VS_YF17D_VACCINE_STIM_PBMC_DN]
[GSE11057_EFF_MEM_VS_CENT_MEM_CD4_TCELL_UP,GSE11057_EFF_MEM_VS_CENT_MEM_CD4_TCELL_UP] was killed by [GSE33513_TCF7_KO_VS_HET_EARLY_THYMIC_PROGENITOR_DN,GSE33513_TCF7_KO_VS_HET_EARLY_THYMIC_PROGENITOR_DN]
[CROMER_METASTASIS_DN,CROMER_METASTASIS_DN] was killed by [GSE15330_LYMPHOID_MULTIPOTENT_VS_GRANULOCYTE_MONOCYTE_PROGENITOR_DN,GSE15330_LYMPHOID_MULTIPOTENT_VS_GRANULOCYTE_MONOCYTE_PROGENITOR_DN]
[GO_INTRA_GOLGI_VESICLE_MEDIATED_TRANSPORT,GO_INTRA_GOLGI_VESICLE_MEDIATED_TRANSPORT] was killed by [GO_PROTEIN_LOCALIZATION_TO_GOLGI_APPARATUS,GO_PROTEIN_LOCALIZATION_TO_GOLGI_APPARATUS]
[GGTAACC_MIR4095P,GGTAACC_MIR4095P] was killed by [GO_PEPTIDYL_THREONINE_MODIFICATION,GO_PEPTIDYL_THREONINE_MODIFICATION]
[GSE40274_FOXP3_VS_FOXP3_AND_GATA1_TRANSDUCED_ACTIVATED_CD4_TCELL_DN,GSE40274_FOXP3_VS_FOXP3_AND_GATA1_TRANSDUCED_ACTIVATED_CD4_TCELL_DN] was killed by [GSE21927_SPLENIC_C26GM_TUMOROUS_VS_BONE_MARROW_MONOCYTES_DN,GSE21927_SPLENIC_C26GM_TUMOROUS_VS_BONE_MARROW_MONOCYTES_DN]
[GNF2_TTK,GNF2_TTK] was killed by [GSE2405_0H_VS_24H_A_PHAGOCYTOPHILUM_STIM_NEUTROPHIL_DN,GSE2405_0H_VS_24H_A_PHAGOCYTOPHILUM_STIM_NEUTROPHIL_DN]
[GO_MODIFICATION_OF_MORPHOLOGY_OR_PHYSIOLOGY_OF_OTHER_ORGANISM,GO_MODIFICATION_OF_MORPHOLOGY_OR_PHYSIOLOGY_OF_OTHER_ORGANISM] was killed by [GO_INTERACTION_WITH_SYMBIONT,GO_INTERACTION_WITH_SYMBIONT]
[GSE28783_ANTI_MIR33_VS_CTRL_ATHEROSCLEROSIS_MACROPHAGE_DN,GSE28783_ANTI_MIR33_VS_CTRL_ATHEROSCLEROSIS_MACROPHAGE_DN] was killed by [MODULE_367,MODULE_367]
[MODULE_358,MODULE_358] was killed by [KCCGNSWTTT_UNKNOWN,KCCGNSWTTT_UNKNOWN]
[GSE26495_NAIVE_VS_PD1HIGH_CD8_TCELL_UP,GSE26495_NAIVE_VS_PD1HIGH_CD8_TCELL_UP] was killed by [GSE7460_TCONV_VS_TREG_LN_DN,GSE7460_TCONV_VS_TREG_LN_DN]
[GSE22886_NAIVE_VS_IGG_IGA_MEMORY_BCELL_UP,GSE22886_NAIVE_VS_IGG_IGA_MEMORY_BCELL_UP] was killed by [GSE2405_0H_VS_24H_A_PHAGOCYTOPHILUM_STIM_NEUTROPHIL_DN,GSE2405_0H_VS_24H_A_PHAGOCYTOPHILUM_STIM_NEUTROPHIL_DN]
[GSE46606_IRF4HIGH_VS_IRF4MID_CD40L_IL2_IL5_DAY3_STIMULATED_BCELL_DN,GSE46606_IRF4HIGH_VS_IRF4MID_CD40L_IL2_IL5_DAY3_STIMULATED_BCELL_DN] was killed by [GO_INTERACTION_WITH_SYMBIONT,GO_INTERACTION_WITH_SYMBIONT]
[XU_HGF_SIGNALING_NOT_VIA_AKT1_48HR_DN,XU_HGF_SIGNALING_NOT_VIA_AKT1_48HR_DN] was killed by [GSE2405_0H_VS_24H_A_PHAGOCYTOPHILUM_STIM_NEUTROPHIL_DN,GSE2405_0H_VS_24H_A_PHAGOCYTOPHILUM_STIM_NEUTROPHIL_DN]
[GO_NEGATIVE_REGULATION_OF_PROTEIN_MODIFICATION_BY_SMALL_PROTEIN_CONJUGATION_OR_REMOVAL,GO_NEGATIVE_REGULATION_OF_PROTEIN_MODIFICATION_BY_SMALL_PROTEIN_CONJUGATION_OR_REMOVAL] was killed by [KCCGNSWTTT_UNKNOWN,KCCGNSWTTT_UNKNOWN]
[GNF2_MKI67,GNF2_MKI67] was killed by [GSE2405_0H_VS_24H_A_PHAGOCYTOPHILUM_STIM_NEUTROPHIL_DN,GSE2405_0H_VS_24H_A_PHAGOCYTOPHILUM_STIM_NEUTROPHIL_DN]
[GSE14000_UNSTIM_VS_4H_LPS_DC_TRANSLATED_RNA_UP,GSE14000_UNSTIM_VS_4H_LPS_DC_TRANSLATED_RNA_UP] was killed by [GSE37533_UNTREATED_VS_PIOGLIZATONE_TREATED_CD4_TCELL_FOXP3_TRASDUCED_CD4_TCELL_DN,GSE37533_UNTREATED_VS_PIOGLIZATONE_TREATED_CD4_TCELL_FOXP3_TRASDUCED_CD4_TCELL_DN]
[GSE32986_GMCSF_VS_GMCSF_AND_CURDLAN_LOWDOSE_STIM_DC_UP,GSE32986_GMCSF_VS_GMCSF_AND_CURDLAN_LOWDOSE_STIM_DC_UP] was killed by [GSE21927_SPLENIC_C26GM_TUMOROUS_VS_BONE_MARROW_MONOCYTES_DN,GSE21927_SPLENIC_C26GM_TUMOROUS_VS_BONE_MARROW_MONOCYTES_DN]
[GSE29617_CTRL_VS_DAY7_TIV_FLU_VACCINE_PBMC_2008_UP,GSE29617_CTRL_VS_DAY7_TIV_FLU_VACCINE_PBMC_2008_UP] was killed by [GSE13484_12H_UNSTIM_VS_YF17D_VACCINE_STIM_PBMC_DN,GSE13484_12H_UNSTIM_VS_YF17D_VACCINE_STIM_PBMC_DN]
[GSE10325_BCELL_VS_LUPUS_BCELL_DN,GSE10325_BCELL_VS_LUPUS_BCELL_DN] was killed by [chr1p22,chr1p22]
[GSE36527_CD62L_HIGH_CD69_NEG_VS_CD62L_LOW_CD69_POS_TREG_KLRG1_NEG_DN,GSE36527_CD62L_HIGH_CD69_NEG_VS_CD62L_LOW_CD69_POS_TREG_KLRG1_NEG_DN] was killed by [GO_PEPTIDYL_THREONINE_MODIFICATION,GO_PEPTIDYL_THREONINE_MODIFICATION]
[GSE22103_UNSTIM_VS_LPS_STIM_NEUTROPHIL_DN,GSE22103_UNSTIM_VS_LPS_STIM_NEUTROPHIL_DN] was killed by [KCCGNSWTTT_UNKNOWN,KCCGNSWTTT_UNKNOWN]
[GO_NLS_BEARING_PROTEIN_IMPORT_INTO_NUCLEUS,GO_NLS_BEARING_PROTEIN_IMPORT_INTO_NUCLEUS] was killed by [GO_RNA_LOCALIZATION,GO_RNA_LOCALIZATION]
[JAK2_DN.V1_UP,JAK2_DN.V1_UP] was killed by [MODULE_367,MODULE_367]
[GO_MESONEPHROS_DEVELOPMENT,GO_MESONEPHROS_DEVELOPMENT] was killed by [GSE4984_LPS_VS_VEHICLE_CTRL_TREATED_DC_DN,GSE4984_LPS_VS_VEHICLE_CTRL_TREATED_DC_DN]
[BYSTRYKH_HEMATOPOIESIS_STEM_CELL_QTL_CIS,BYSTRYKH_HEMATOPOIESIS_STEM_CELL_QTL_CIS] was killed by [FOXD3_01,FOXD3_01]
[GSE9988_LOW_LPS_VS_ANTI_TREM1_AND_LPS_MONOCYTE_DN,GSE9988_LOW_LPS_VS_ANTI_TREM1_AND_LPS_MONOCYTE_DN] was killed by [GSE13484_12H_UNSTIM_VS_YF17D_VACCINE_STIM_PBMC_DN,GSE13484_12H_UNSTIM_VS_YF17D_VACCINE_STIM_PBMC_DN]
[GSE19923_HEB_KO_VS_HEB_AND_E2A_KO_DP_THYMOCYTE_UP,GSE19923_HEB_KO_VS_HEB_AND_E2A_KO_DP_THYMOCYTE_UP] was killed by [GSE8921_UNSTIM_0H_VS_TLR1_2_STIM_MONOCYTE_24H_DN,GSE8921_UNSTIM_0H_VS_TLR1_2_STIM_MONOCYTE_24H_DN]
[MORF_EI24,MORF_EI24] was killed by [GO_RNA_LOCALIZATION,GO_RNA_LOCALIZATION]
[GSE3982_CTRL_VS_LPS_48H_DC_UP,GSE3982_CTRL_VS_LPS_48H_DC_UP] was killed by [GSE2405_0H_VS_24H_A_PHAGOCYTOPHILUM_STIM_NEUTROPHIL_DN,GSE2405_0H_VS_24H_A_PHAGOCYTOPHILUM_STIM_NEUTROPHIL_DN]
[GSE14908_ATOPIC_VS_NONATOPIC_PATIENT_HDM_STIM_CD4_TCELL_UP,GSE14908_ATOPIC_VS_NONATOPIC_PATIENT_HDM_STIM_CD4_TCELL_UP] was killed by [MODULE_367,MODULE_367]
[GSE32034_UNTREATED_VS_ROSIGLIZATONE_TREATED_LY6C_LOW_MONOCYTE_DN,GSE32034_UNTREATED_VS_ROSIGLIZATONE_TREATED_LY6C_LOW_MONOCYTE_DN] was killed by [GSE23925_DARK_ZONE_VS_NAIVE_BCELL_DN,GSE23925_DARK_ZONE_VS_NAIVE_BCELL_DN]
[GSE17721_ALL_VS_24H_PAM3CSK4_BMDC_UP,GSE17721_ALL_VS_24H_PAM3CSK4_BMDC_UP] was killed by [GSE13484_12H_UNSTIM_VS_YF17D_VACCINE_STIM_PBMC_DN,GSE13484_12H_UNSTIM_VS_YF17D_VACCINE_STIM_PBMC_DN]
[HALLMARK_IL2_STAT5_SIGNALING,HALLMARK_IL2_STAT5_SIGNALING] was killed by [GSE13484_12H_UNSTIM_VS_YF17D_VACCINE_STIM_PBMC_DN,GSE13484_12H_UNSTIM_VS_YF17D_VACCINE_STIM_PBMC_DN]
[GSE29614_CTRL_VS_TIV_FLU_VACCINE_PBMC_2007_DN,GSE29614_CTRL_VS_TIV_FLU_VACCINE_PBMC_2007_DN] was killed by [GSE2405_0H_VS_24H_A_PHAGOCYTOPHILUM_STIM_NEUTROPHIL_DN,GSE2405_0H_VS_24H_A_PHAGOCYTOPHILUM_STIM_NEUTROPHIL_DN]
[GCM_HBP1,GCM_HBP1] was killed by [chr1p22,chr1p22]
[CHEN_HOXA5_TARGETS_9HR_DN,CHEN_HOXA5_TARGETS_9HR_DN] was killed by [FOXD3_01,FOXD3_01]
[GO_VENTRICULAR_SYSTEM_DEVELOPMENT,GO_VENTRICULAR_SYSTEM_DEVELOPMENT] was killed by [GSE2405_0H_VS_24H_A_PHAGOCYTOPHILUM_STIM_NEUTROPHIL_DN,GSE2405_0H_VS_24H_A_PHAGOCYTOPHILUM_STIM_NEUTROPHIL_DN]
[GO_NUCLEAR_IMPORT,GO_NUCLEAR_IMPORT] was killed by [GO_RNA_LOCALIZATION,GO_RNA_LOCALIZATION]
[MORF_ACTG1,MORF_ACTG1] was killed by [KCCGNSWTTT_UNKNOWN,KCCGNSWTTT_UNKNOWN]
[MYC_Q2,MYC_Q2] was killed by [GSE8921_UNSTIM_0H_VS_TLR1_2_STIM_MONOCYTE_24H_DN,GSE8921_UNSTIM_0H_VS_TLR1_2_STIM_MONOCYTE_24H_DN]
[GSE16450_CTRL_VS_IFNA_12H_STIM_MATURE_NEURON_CELL_LINE_DN,GSE16450_CTRL_VS_IFNA_12H_STIM_MATURE_NEURON_CELL_LINE_DN] was killed by [GSE2405_0H_VS_24H_A_PHAGOCYTOPHILUM_STIM_NEUTROPHIL_DN,GSE2405_0H_VS_24H_A_PHAGOCYTOPHILUM_STIM_NEUTROPHIL_DN]
[GSE36891_UNSTIM_VS_PAM_TLR2_STIM_PERITONEAL_MACROPHAGE_UP,GSE36891_UNSTIM_VS_PAM_TLR2_STIM_PERITONEAL_MACROPHAGE_UP] was killed by [FOXD3_01,FOXD3_01]
[GSE17186_NAIVE_VS_CD21HIGH_TRANSITIONAL_BCELL_DN,GSE17186_NAIVE_VS_CD21HIGH_TRANSITIONAL_BCELL_DN] was killed by [GSE2405_0H_VS_24H_A_PHAGOCYTOPHILUM_STIM_NEUTROPHIL_DN,GSE2405_0H_VS_24H_A_PHAGOCYTOPHILUM_STIM_NEUTROPHIL_DN]
[GSE22886_NAIVE_BCELL_VS_DC_UP,GSE22886_NAIVE_BCELL_VS_DC_UP] was killed by [KCCGNSWTTT_UNKNOWN,KCCGNSWTTT_UNKNOWN]
[GSE46606_UNSTIM_VS_CD40L_IL2_IL5_1DAY_STIMULATED_IRF4MID_SORTED_BCELL_UP,GSE46606_UNSTIM_VS_CD40L_IL2_IL5_1DAY_STIMULATED_IRF4MID_SORTED_BCELL_UP] was killed by [GSE2405_0H_VS_24H_A_PHAGOCYTOPHILUM_STIM_NEUTROPHIL_DN,GSE2405_0H_VS_24H_A_PHAGOCYTOPHILUM_STIM_NEUTROPHIL_DN]
[RUIZ_TNC_TARGETS_DN,RUIZ_TNC_TARGETS_DN] was killed by [GSE3982_MAST_CELL_VS_TH2_DN,GSE3982_MAST_CELL_VS_TH2_DN]
[GO_RNA_POLYMERASE_II_TRANSCRIPTION_COFACTOR_ACTIVITY,GO_RNA_POLYMERASE_II_TRANSCRIPTION_COFACTOR_ACTIVITY] was killed by [GSE33513_TCF7_KO_VS_HET_EARLY_THYMIC_PROGENITOR_DN,GSE33513_TCF7_KO_VS_HET_EARLY_THYMIC_PROGENITOR_DN]
[KLEIN_TARGETS_OF_BCR_ABL1_FUSION,KLEIN_TARGETS_OF_BCR_ABL1_FUSION] was killed by [FOXD3_01,FOXD3_01]
[REACTOME_PROCESSING_OF_CAPPED_INTRONLESS_PRE_MRNA,REACTOME_PROCESSING_OF_CAPPED_INTRONLESS_PRE_MRNA] was killed by [GO_RNA_LOCALIZATION,GO_RNA_LOCALIZATION]
[NIKOLSKY_BREAST_CANCER_15Q26_AMPLICON,NIKOLSKY_BREAST_CANCER_15Q26_AMPLICON] was killed by [GSE7460_TCONV_VS_TREG_LN_DN,GSE7460_TCONV_VS_TREG_LN_DN]
[REACTOME_APOPTOSIS,REACTOME_APOPTOSIS] was killed by [GO_INTERACTION_WITH_SYMBIONT,GO_INTERACTION_WITH_SYMBIONT]
[GSE11961_UNSTIM_VS_ANTI_IGM_AND_CD40_STIM_6H_FOLLICULAR_BCELL_UP,GSE11961_UNSTIM_VS_ANTI_IGM_AND_CD40_STIM_6H_FOLLICULAR_BCELL_UP] was killed by [GSE2405_0H_VS_24H_A_PHAGOCYTOPHILUM_STIM_NEUTROPHIL_DN,GSE2405_0H_VS_24H_A_PHAGOCYTOPHILUM_STIM_NEUTROPHIL_DN]
[REN_ALVEOLAR_RHABDOMYOSARCOMA_UP,REN_ALVEOLAR_RHABDOMYOSARCOMA_UP] was killed by [FOXD3_01,FOXD3_01]
[GSE9878_CTRL_VS_EBF_TRANSDUCED_PAX5_KO_PRO_BCELL_DN,GSE9878_CTRL_VS_EBF_TRANSDUCED_PAX5_KO_PRO_BCELL_DN] was killed by [GSE2405_0H_VS_24H_A_PHAGOCYTOPHILUM_STIM_NEUTROPHIL_DN,GSE2405_0H_VS_24H_A_PHAGOCYTOPHILUM_STIM_NEUTROPHIL_DN]
[MODULE_105,MODULE_105] was killed by [GO_RNA_LOCALIZATION,GO_RNA_LOCALIZATION]
[GSE19923_WT_VS_E2A_KO_DP_THYMOCYTE_UP,GSE19923_WT_VS_E2A_KO_DP_THYMOCYTE_UP] was killed by [FOXD3_01,FOXD3_01]
[GSE21360_SECONDARY_VS_QUATERNARY_MEMORY_CD8_TCELL_DN,GSE21360_SECONDARY_VS_QUATERNARY_MEMORY_CD8_TCELL_DN] was killed by [GSE33513_TCF7_KO_VS_HET_EARLY_THYMIC_PROGENITOR_DN,GSE33513_TCF7_KO_VS_HET_EARLY_THYMIC_PROGENITOR_DN]
[GSE40277_GATA1_AND_SATB1_TRANSDUCED_VS_CTRL_CD4_TCELL_DN,GSE40277_GATA1_AND_SATB1_TRANSDUCED_VS_CTRL_CD4_TCELL_DN] was killed by [FOXD3_01,FOXD3_01]
[GSE45365_CD8A_DC_VS_CD11B_DC_DN,GSE45365_CD8A_DC_VS_CD11B_DC_DN] was killed by [FOXD3_01,FOXD3_01]
[HOSHIDA_LIVER_CANCER_LATE_RECURRENCE_UP,HOSHIDA_LIVER_CANCER_LATE_RECURRENCE_UP] was killed by [GSE2405_0H_VS_24H_A_PHAGOCYTOPHILUM_STIM_NEUTROPHIL_DN,GSE2405_0H_VS_24H_A_PHAGOCYTOPHILUM_STIM_NEUTROPHIL_DN]
[SESTO_RESPONSE_TO_UV_C0,SESTO_RESPONSE_TO_UV_C0] was killed by [chr1p22,chr1p22]
[GSE26351_WNT_VS_BMP_PATHWAY_STIM_HEMATOPOIETIC_PROGENITORS_UP,GSE26351_WNT_VS_BMP_PATHWAY_STIM_HEMATOPOIETIC_PROGENITORS_UP] was killed by [GO_INTERACTION_WITH_SYMBIONT,GO_INTERACTION_WITH_SYMBIONT]
[GSE23321_CENTRAL_VS_EFFECTOR_MEMORY_CD8_TCELL_UP,GSE23321_CENTRAL_VS_EFFECTOR_MEMORY_CD8_TCELL_UP] was killed by [GSE23925_DARK_ZONE_VS_NAIVE_BCELL_DN,GSE23925_DARK_ZONE_VS_NAIVE_BCELL_DN]
[GSE15659_CD45RA_NEG_CD4_TCELL_VS_ACTIVATED_TREG_UP,GSE15659_CD45RA_NEG_CD4_TCELL_VS_ACTIVATED_TREG_UP] was killed by [GO_PROTEIN_LOCALIZATION_TO_GOLGI_APPARATUS,GO_PROTEIN_LOCALIZATION_TO_GOLGI_APPARATUS]
[GSE18893_TCONV_VS_TREG_24H_CULTURE_UP,GSE18893_TCONV_VS_TREG_24H_CULTURE_UP] was killed by [GSE7460_TCONV_VS_TREG_LN_DN,GSE7460_TCONV_VS_TREG_LN_DN]
[GSE37301_MULTIPOTENT_PROGENITOR_VS_GRAN_MONO_PROGENITOR_UP,GSE37301_MULTIPOTENT_PROGENITOR_VS_GRAN_MONO_PROGENITOR_UP] was killed by [GO_INTERACTION_WITH_SYMBIONT,GO_INTERACTION_WITH_SYMBIONT]
[GSE17721_PAM3CSK4_VS_CPG_4H_BMDC_DN,GSE17721_PAM3CSK4_VS_CPG_4H_BMDC_DN] was killed by [GSE21927_SPLENIC_C26GM_TUMOROUS_VS_BONE_MARROW_MONOCYTES_DN,GSE21927_SPLENIC_C26GM_TUMOROUS_VS_BONE_MARROW_MONOCYTES_DN]
[GSE12003_4D_VS_8D_CULTURE_MIR223_KO_BM_PROGENITOR_DN,GSE12003_4D_VS_8D_CULTURE_MIR223_KO_BM_PROGENITOR_DN] was killed by [GSE7460_TCONV_VS_TREG_LN_DN,GSE7460_TCONV_VS_TREG_LN_DN]
[PID_IL8_CXCR2_PATHWAY,PID_IL8_CXCR2_PATHWAY] was killed by [MODULE_367,MODULE_367]
[GSE19941_LPS_VS_LPS_AND_IL10_STIM_IL10_KO_NFKBP50_KO_MACROPHAGE_DN,GSE19941_LPS_VS_LPS_AND_IL10_STIM_IL10_KO_NFKBP50_KO_MACROPHAGE_DN] was killed by [GSE15330_LYMPHOID_MULTIPOTENT_VS_GRANULOCYTE_MONOCYTE_PROGENITOR_DN,GSE15330_LYMPHOID_MULTIPOTENT_VS_GRANULOCYTE_MONOCYTE_PROGENITOR_DN]
[GSE3982_MAST_CELL_VS_NKCELL_DN,GSE3982_MAST_CELL_VS_NKCELL_DN] was killed by [FOXD3_01,FOXD3_01]
[WU_ALZHEIMER_DISEASE_DN,WU_ALZHEIMER_DISEASE_DN] was killed by [GSE15330_LYMPHOID_MULTIPOTENT_VS_GRANULOCYTE_MONOCYTE_PROGENITOR_DN,GSE15330_LYMPHOID_MULTIPOTENT_VS_GRANULOCYTE_MONOCYTE_PROGENITOR_DN]
[GSE39820_IL1B_IL6_VS_IL1B_IL6_IL23A_TREATED_CD4_TCELL_DN,GSE39820_IL1B_IL6_VS_IL1B_IL6_IL23A_TREATED_CD4_TCELL_DN] was killed by [GSE7460_TCONV_VS_TREG_LN_DN,GSE7460_TCONV_VS_TREG_LN_DN]
[GSE28726_NAIVE_VS_ACTIVATED_NKTCELL_DN,GSE28726_NAIVE_VS_ACTIVATED_NKTCELL_DN] was killed by [FOXD3_01,FOXD3_01]
[GO_RESPIRATORY_SYSTEM_DEVELOPMENT,GO_RESPIRATORY_SYSTEM_DEVELOPMENT] was killed by [GO_INTERACTION_WITH_SYMBIONT,GO_INTERACTION_WITH_SYMBIONT]
[GSE37301_COMMON_LYMPHOID_PROGENITOR_VS_PRO_BCELL_DN,GSE37301_COMMON_LYMPHOID_PROGENITOR_VS_PRO_BCELL_DN] was killed by [MATTIOLI_MGUS_VS_PCL,MATTIOLI_MGUS_VS_PCL]
[GSE20366_TREG_VS_NAIVE_CD4_TCELL_DEC205_CONVERSION_UP,GSE20366_TREG_VS_NAIVE_CD4_TCELL_DEC205_CONVERSION_UP] was killed by [FOXD3_01,FOXD3_01]
[GNF2_HMMR,GNF2_HMMR] was killed by [GSE2405_0H_VS_24H_A_PHAGOCYTOPHILUM_STIM_NEUTROPHIL_DN,GSE2405_0H_VS_24H_A_PHAGOCYTOPHILUM_STIM_NEUTROPHIL_DN]
[STAMBOLSKY_RESPONSE_TO_VITAMIN_D3_UP,STAMBOLSKY_RESPONSE_TO_VITAMIN_D3_UP] was killed by [GSE2405_0H_VS_24H_A_PHAGOCYTOPHILUM_STIM_NEUTROPHIL_DN,GSE2405_0H_VS_24H_A_PHAGOCYTOPHILUM_STIM_NEUTROPHIL_DN]
[MARIADASON_RESPONSE_TO_BUTYRATE_SULINDAC_6,MARIADASON_RESPONSE_TO_BUTYRATE_SULINDAC_6] was killed by [GSE15330_LYMPHOID_MULTIPOTENT_VS_GRANULOCYTE_MONOCYTE_PROGENITOR_DN,GSE15330_LYMPHOID_MULTIPOTENT_VS_GRANULOCYTE_MONOCYTE_PROGENITOR_DN]
[GSE411_WT_VS_SOCS3_KO_MACROPHAGE_UP,GSE411_WT_VS_SOCS3_KO_MACROPHAGE_UP] was killed by [GSE2405_0H_VS_24H_A_PHAGOCYTOPHILUM_STIM_NEUTROPHIL_DN,GSE2405_0H_VS_24H_A_PHAGOCYTOPHILUM_STIM_NEUTROPHIL_DN]
[GSE18804_SPLEEN_MACROPHAGE_VS_COLON_TUMORAL_MACROPHAGE_UP,GSE18804_SPLEEN_MACROPHAGE_VS_COLON_TUMORAL_MACROPHAGE_UP] was killed by [GO_INTERACTION_WITH_SYMBIONT,GO_INTERACTION_WITH_SYMBIONT]
[GO_MRNA_CLEAVAGE,GO_MRNA_CLEAVAGE] was killed by [GO_RNA_LOCALIZATION,GO_RNA_LOCALIZATION]
[ACCAATC_MIR509,ACCAATC_MIR509] was killed by [GO_RESPONSE_TO_ATP,GO_RESPONSE_TO_ATP]
[LEE_EARLY_T_LYMPHOCYTE_DN,LEE_EARLY_T_LYMPHOCYTE_DN] was killed by [CROMER_TUMORIGENESIS_UP,CROMER_TUMORIGENESIS_UP]
[GSE20727_CTRL_VS_DNFB_ALLERGEN_TREATED_DC_DN,GSE20727_CTRL_VS_DNFB_ALLERGEN_TREATED_DC_DN] was killed by [KCCGNSWTTT_UNKNOWN,KCCGNSWTTT_UNKNOWN]
[GSE17721_LPS_VS_PAM3CSK4_4H_BMDC_UP,GSE17721_LPS_VS_PAM3CSK4_4H_BMDC_UP] was killed by [FOXD3_01,FOXD3_01]
[REACTOME_ANTIVIRAL_MECHANISM_BY_IFN_STIMULATED_GENES,REACTOME_ANTIVIRAL_MECHANISM_BY_IFN_STIMULATED_GENES] was killed by [GO_RNA_LOCALIZATION,GO_RNA_LOCALIZATION]
[GSE7509_FCGRIIB_VS_TNFA_IL1B_IL6_PGE_STIM_DC_DN,GSE7509_FCGRIIB_VS_TNFA_IL1B_IL6_PGE_STIM_DC_DN] was killed by [FOXD3_01,FOXD3_01]
[GSE8921_UNSTIM_0H_VS_TLR1_2_STIM_MONOCYTE_12H_UP,GSE8921_UNSTIM_0H_VS_TLR1_2_STIM_MONOCYTE_12H_UP] was killed by [GSE41867_DAY8_VS_DAY15_LCMV_CLONE13_EFFECTOR_CD8_TCELL_DN,GSE41867_DAY8_VS_DAY15_LCMV_CLONE13_EFFECTOR_CD8_TCELL_DN]
[GSE5679_PPARG_LIGAND_ROSIGLITAZONE_VS_ROSIGLITAZONE_AND_RARA_AGONIST_AM580_TREATED_DC_UP,GSE5679_PPARG_LIGAND_ROSIGLITAZONE_VS_ROSIGLITAZONE_AND_RARA_AGONIST_AM580_TREATED_DC_UP] was killed by [GSE13484_12H_UNSTIM_VS_YF17D_VACCINE_STIM_PBMC_DN,GSE13484_12H_UNSTIM_VS_YF17D_VACCINE_STIM_PBMC_DN]
[GO_REGULATION_OF_DNA_TEMPLATED_TRANSCRIPTION_IN_RESPONSE_TO_STRESS,GO_REGULATION_OF_DNA_TEMPLATED_TRANSCRIPTION_IN_RESPONSE_TO_STRESS] was killed by [GO_INTERACTION_WITH_SYMBIONT,GO_INTERACTION_WITH_SYMBIONT]
[GSE37532_TREG_VS_TCONV_CD4_TCELL_FROM_LN_UP,GSE37532_TREG_VS_TCONV_CD4_TCELL_FROM_LN_UP] was killed by [CHESLER_BRAIN_QTL_CIS,CHESLER_BRAIN_QTL_CIS]
[GSE17721_CTRL_VS_PAM3CSK4_8H_BMDC_UP,GSE17721_CTRL_VS_PAM3CSK4_8H_BMDC_UP] was killed by [GSE13484_12H_UNSTIM_VS_YF17D_VACCINE_STIM_PBMC_DN,GSE13484_12H_UNSTIM_VS_YF17D_VACCINE_STIM_PBMC_DN]
[GSE5589_UNSTIM_VS_45MIN_LPS_STIM_MACROPHAGE_DN,GSE5589_UNSTIM_VS_45MIN_LPS_STIM_MACROPHAGE_DN] was killed by [GSE41867_DAY8_VS_DAY15_LCMV_CLONE13_EFFECTOR_CD8_TCELL_DN,GSE41867_DAY8_VS_DAY15_LCMV_CLONE13_EFFECTOR_CD8_TCELL_DN]
[GO_MULTI_ORGANISM_LOCALIZATION,GO_MULTI_ORGANISM_LOCALIZATION] was killed by [GO_RNA_LOCALIZATION,GO_RNA_LOCALIZATION]
[GSE17721_PAM3CSK4_VS_GADIQUIMOD_0.5H_BMDC_DN,GSE17721_PAM3CSK4_VS_GADIQUIMOD_0.5H_BMDC_DN] was killed by [GSE4984_LPS_VS_VEHICLE_CTRL_TREATED_DC_DN,GSE4984_LPS_VS_VEHICLE_CTRL_TREATED_DC_DN]
[GGAMTNNNNNTCCY_UNKNOWN,GGAMTNNNNNTCCY_UNKNOWN] was killed by [FOXD3_01,FOXD3_01]
[GO_CARBOHYDRATE_HOMEOSTASIS,GO_CARBOHYDRATE_HOMEOSTASIS] was killed by [GO_INTERACTION_WITH_SYMBIONT,GO_INTERACTION_WITH_SYMBIONT]
[GSE32901_NAIVE_VS_TH17_NEG_CD4_TCELL_UP,GSE32901_NAIVE_VS_TH17_NEG_CD4_TCELL_UP] was killed by [GO_INTERACTION_WITH_SYMBIONT,GO_INTERACTION_WITH_SYMBIONT]
[GO_REGULATION_OF_PROTEIN_UBIQUITINATION_INVOLVED_IN_UBIQUITIN_DEPENDENT_PROTEIN_CATABOLIC_PROCESS,GO_REGULATION_OF_PROTEIN_UBIQUITINATION_INVOLVED_IN_UBIQUITIN_DEPENDENT_PROTEIN_CATABOLIC_PROCESS] was killed by [KCCGNSWTTT_UNKNOWN,KCCGNSWTTT_UNKNOWN]
[GSE37532_TREG_VS_TCONV_PPARG_KO_CD4_TCELL_FROM_LN_UP,GSE37532_TREG_VS_TCONV_PPARG_KO_CD4_TCELL_FROM_LN_UP] was killed by [GSE8921_UNSTIM_0H_VS_TLR1_2_STIM_MONOCYTE_24H_DN,GSE8921_UNSTIM_0H_VS_TLR1_2_STIM_MONOCYTE_24H_DN]
[GSE9509_LPS_VS_LPS_AND_IL10_STIM_IL10_KO_MACROPHAGE_10MIN_DN,GSE9509_LPS_VS_LPS_AND_IL10_STIM_IL10_KO_MACROPHAGE_10MIN_DN] was killed by [FOXD3_01,FOXD3_01]
[FERNANDEZ_BOUND_BY_MYC,FERNANDEZ_BOUND_BY_MYC] was killed by [GSE13484_12H_UNSTIM_VS_YF17D_VACCINE_STIM_PBMC_DN,GSE13484_12H_UNSTIM_VS_YF17D_VACCINE_STIM_PBMC_DN]
[MORF_DNMT1,MORF_DNMT1] was killed by [GO_RNA_LOCALIZATION,GO_RNA_LOCALIZATION]
[GSE3039_NKT_CELL_VS_ALPHABETA_CD8_TCELL_UP,GSE3039_NKT_CELL_VS_ALPHABETA_CD8_TCELL_UP] was killed by [GSE41867_DAY8_VS_DAY15_LCMV_CLONE13_EFFECTOR_CD8_TCELL_DN,GSE41867_DAY8_VS_DAY15_LCMV_CLONE13_EFFECTOR_CD8_TCELL_DN]
[GSE26495_PD1HIGH_VS_PD1LOW_CD8_TCELL_UP,GSE26495_PD1HIGH_VS_PD1LOW_CD8_TCELL_UP] was killed by [GSE4984_LPS_VS_VEHICLE_CTRL_TREATED_DC_DN,GSE4984_LPS_VS_VEHICLE_CTRL_TREATED_DC_DN]
[MODULE_126,MODULE_126] was killed by [GSE41867_DAY8_VS_DAY15_LCMV_CLONE13_EFFECTOR_CD8_TCELL_DN,GSE41867_DAY8_VS_DAY15_LCMV_CLONE13_EFFECTOR_CD8_TCELL_DN]
[MORF_PPP1CC,MORF_PPP1CC] was killed by [GO_RNA_LOCALIZATION,GO_RNA_LOCALIZATION]
[GO_NEGATIVE_REGULATION_OF_CELL_GROWTH,GO_NEGATIVE_REGULATION_OF_CELL_GROWTH] was killed by [KCCGNSWTTT_UNKNOWN,KCCGNSWTTT_UNKNOWN]
[GTGTTGA_MIR505,GTGTTGA_MIR505] was killed by [FOXD3_01,FOXD3_01]
[OSADA_ASCL1_TARGETS_DN,OSADA_ASCL1_TARGETS_DN] was killed by [GSE7460_TCONV_VS_TREG_LN_DN,GSE7460_TCONV_VS_TREG_LN_DN]
[GSE22432_MULTIPOTENT_PROGENITOR_VS_CDC_UP,GSE22432_MULTIPOTENT_PROGENITOR_VS_CDC_UP] was killed by [GO_PROTEIN_LOCALIZATION_TO_GOLGI_APPARATUS,GO_PROTEIN_LOCALIZATION_TO_GOLGI_APPARATUS]
[GSE17721_LPS_VS_PAM3CSK4_6H_BMDC_DN,GSE17721_LPS_VS_PAM3CSK4_6H_BMDC_DN] was killed by [WANG_TARGETS_OF_MLL_CBP_FUSION_DN,WANG_TARGETS_OF_MLL_CBP_FUSION_DN]
[GENTILE_RESPONSE_CLUSTER_D3,GENTILE_RESPONSE_CLUSTER_D3] was killed by [GSE13484_12H_UNSTIM_VS_YF17D_VACCINE_STIM_PBMC_DN,GSE13484_12H_UNSTIM_VS_YF17D_VACCINE_STIM_PBMC_DN]
[GO_CILIARY_PLASM,GO_CILIARY_PLASM] was killed by [GSE41867_DAY8_VS_DAY15_LCMV_CLONE13_EFFECTOR_CD8_TCELL_DN,GSE41867_DAY8_VS_DAY15_LCMV_CLONE13_EFFECTOR_CD8_TCELL_DN]
[GSE33292_WT_VS_TCF1_KO_DN3_THYMOCYTE_DN,GSE33292_WT_VS_TCF1_KO_DN3_THYMOCYTE_DN] was killed by [GSE2405_0H_VS_24H_A_PHAGOCYTOPHILUM_STIM_NEUTROPHIL_DN,GSE2405_0H_VS_24H_A_PHAGOCYTOPHILUM_STIM_NEUTROPHIL_DN]
[GSE1925_CTRL_VS_IFNG_PRIMED_MACROPHAGE_24H_IFNG_STIM_DN,GSE1925_CTRL_VS_IFNG_PRIMED_MACROPHAGE_24H_IFNG_STIM_DN] was killed by [WANG_TARGETS_OF_MLL_CBP_FUSION_DN,WANG_TARGETS_OF_MLL_CBP_FUSION_DN]
[GSE17721_LPS_VS_POLYIC_12H_BMDC_UP,GSE17721_LPS_VS_POLYIC_12H_BMDC_UP] was killed by [GO_RNA_LOCALIZATION,GO_RNA_LOCALIZATION]
[CROONQUIST_NRAS_VS_STROMAL_STIMULATION_UP,CROONQUIST_NRAS_VS_STROMAL_STIMULATION_UP] was killed by [GSE15330_LYMPHOID_MULTIPOTENT_VS_GRANULOCYTE_MONOCYTE_PROGENITOR_DN,GSE15330_LYMPHOID_MULTIPOTENT_VS_GRANULOCYTE_MONOCYTE_PROGENITOR_DN]
[KEGG_PROGESTERONE_MEDIATED_OOCYTE_MATURATION,KEGG_PROGESTERONE_MEDIATED_OOCYTE_MATURATION] was killed by [GSE7460_TCONV_VS_TREG_LN_DN,GSE7460_TCONV_VS_TREG_LN_DN]
[GSE5142_CTRL_VS_HTERT_TRANSDUCED_CD8_TCELL_EARLY_PASSAGE_CLONE_UP,GSE5142_CTRL_VS_HTERT_TRANSDUCED_CD8_TCELL_EARLY_PASSAGE_CLONE_UP] was killed by [GSE7460_TCONV_VS_TREG_LN_DN,GSE7460_TCONV_VS_TREG_LN_DN]
[KEGG_HUNTINGTONS_DISEASE,KEGG_HUNTINGTONS_DISEASE] was killed by [GO_INTERACTION_WITH_SYMBIONT,GO_INTERACTION_WITH_SYMBIONT]
[CCATCCA_MIR432,CCATCCA_MIR432] was killed by [GSE37533_UNTREATED_VS_PIOGLIZATONE_TREATED_CD4_TCELL_FOXP3_TRASDUCED_CD4_TCELL_DN,GSE37533_UNTREATED_VS_PIOGLIZATONE_TREATED_CD4_TCELL_FOXP3_TRASDUCED_CD4_TCELL_DN]
[WIERENGA_STAT5A_TARGETS_GROUP1,WIERENGA_STAT5A_TARGETS_GROUP1] was killed by [GSE13484_12H_UNSTIM_VS_YF17D_VACCINE_STIM_PBMC_DN,GSE13484_12H_UNSTIM_VS_YF17D_VACCINE_STIM_PBMC_DN]
[JAZAG_TGFB1_SIGNALING_UP,JAZAG_TGFB1_SIGNALING_UP] was killed by [GSE3982_MAST_CELL_VS_TH2_DN,GSE3982_MAST_CELL_VS_TH2_DN]
[GSE7460_CTRL_VS_TGFB_TREATED_ACT_CD8_TCELL_UP,GSE7460_CTRL_VS_TGFB_TREATED_ACT_CD8_TCELL_UP] was killed by [GSE7460_TCONV_VS_TREG_LN_DN,GSE7460_TCONV_VS_TREG_LN_DN]
[GAUSSMANN_MLL_AF4_FUSION_TARGETS_C_UP,GAUSSMANN_MLL_AF4_FUSION_TARGETS_C_UP] was killed by [FOXD3_01,FOXD3_01]
[GSE39382_IL3_VS_IL3_IL33_TREATED_MAST_CELL_UP,GSE39382_IL3_VS_IL3_IL33_TREATED_MAST_CELL_UP] was killed by [GSE41867_DAY8_VS_DAY15_LCMV_CLONE13_EFFECTOR_CD8_TCELL_DN,GSE41867_DAY8_VS_DAY15_LCMV_CLONE13_EFFECTOR_CD8_TCELL_DN]
[REACTOME_CASPASE_MEDIATED_CLEAVAGE_OF_CYTOSKELETAL_PROTEINS,REACTOME_CASPASE_MEDIATED_CLEAVAGE_OF_CYTOSKELETAL_PROTEINS] was killed by [GO_INTERACTION_WITH_SYMBIONT,GO_INTERACTION_WITH_SYMBIONT]
[GSE14415_TCONV_VS_FOXP3_KO_INDUCED_TREG_UP,GSE14415_TCONV_VS_FOXP3_KO_INDUCED_TREG_UP] was killed by [GO_RNA_LOCALIZATION,GO_RNA_LOCALIZATION]
[GO_REGULATION_OF_GLIOGENESIS,GO_REGULATION_OF_GLIOGENESIS] was killed by [MODULE_367,MODULE_367]
[RADAEVA_RESPONSE_TO_IFNA1_DN,RADAEVA_RESPONSE_TO_IFNA1_DN] was killed by [GSE15330_LYMPHOID_MULTIPOTENT_VS_GRANULOCYTE_MONOCYTE_PROGENITOR_DN,GSE15330_LYMPHOID_MULTIPOTENT_VS_GRANULOCYTE_MONOCYTE_PROGENITOR_DN]
[CATRRAGC_UNKNOWN,CATRRAGC_UNKNOWN] was killed by [FOXD3_01,FOXD3_01]
[BYSTRYKH_HEMATOPOIESIS_STEM_CELL_AND_BRAIN_QTL_CIS,BYSTRYKH_HEMATOPOIESIS_STEM_CELL_AND_BRAIN_QTL_CIS] was killed by [CHESLER_BRAIN_QTL_CIS,CHESLER_BRAIN_QTL_CIS]
[GO_REGULATION_OF_TRANSCRIPTION_FROM_RNA_POLYMERASE_II_PROMOTER_IN_RESPONSE_TO_HYPOXIA,GO_REGULATION_OF_TRANSCRIPTION_FROM_RNA_POLYMERASE_II_PROMOTER_IN_RESPONSE_TO_HYPOXIA] was killed by [GO_INTERACTION_WITH_SYMBIONT,GO_INTERACTION_WITH_SYMBIONT]
[GSE7764_NKCELL_VS_SPLENOCYTE_DN,GSE7764_NKCELL_VS_SPLENOCYTE_DN] was killed by [GSE2405_0H_VS_24H_A_PHAGOCYTOPHILUM_STIM_NEUTROPHIL_DN,GSE2405_0H_VS_24H_A_PHAGOCYTOPHILUM_STIM_NEUTROPHIL_DN]
[POMEROY_MEDULLOBLASTOMA_DESMOPLASIC_VS_CLASSIC_UP,POMEROY_MEDULLOBLASTOMA_DESMOPLASIC_VS_CLASSIC_UP] was killed by [GSE15330_LYMPHOID_MULTIPOTENT_VS_GRANULOCYTE_MONOCYTE_PROGENITOR_DN,GSE15330_LYMPHOID_MULTIPOTENT_VS_GRANULOCYTE_MONOCYTE_PROGENITOR_DN]
[AGGCACT_MIR5153P,AGGCACT_MIR5153P] was killed by [GO_INTERACTION_WITH_SYMBIONT,GO_INTERACTION_WITH_SYMBIONT]
[GSE2585_THYMIC_DC_VS_MTEC_DN,GSE2585_THYMIC_DC_VS_MTEC_DN] was killed by [GSE33513_TCF7_KO_VS_HET_EARLY_THYMIC_PROGENITOR_DN,GSE33513_TCF7_KO_VS_HET_EARLY_THYMIC_PROGENITOR_DN]
[GSE38696_LIGHT_ZONE_VS_DARK_ZONE_BCELL_UP,GSE38696_LIGHT_ZONE_VS_DARK_ZONE_BCELL_UP] was killed by [MATTIOLI_MGUS_VS_PCL,MATTIOLI_MGUS_VS_PCL]
[GO_DNA_METHYLATION_OR_DEMETHYLATION,GO_DNA_METHYLATION_OR_DEMETHYLATION] was killed by [KCCGNSWTTT_UNKNOWN,KCCGNSWTTT_UNKNOWN]
[GSE10325_CD4_TCELL_VS_BCELL_DN,GSE10325_CD4_TCELL_VS_BCELL_DN] was killed by [KCCGNSWTTT_UNKNOWN,KCCGNSWTTT_UNKNOWN]
[GO_ACTIN_FILAMENT_BINDING,GO_ACTIN_FILAMENT_BINDING] was killed by [GSE15330_LYMPHOID_MULTIPOTENT_VS_GRANULOCYTE_MONOCYTE_PROGENITOR_DN,GSE15330_LYMPHOID_MULTIPOTENT_VS_GRANULOCYTE_MONOCYTE_PROGENITOR_DN]
[GSE6269_FLU_VS_STAPH_AUREUS_INF_PBMC_DN,GSE6269_FLU_VS_STAPH_AUREUS_INF_PBMC_DN] was killed by [MODULE_367,MODULE_367]
[GSE37533_UNTREATED_VS_PIOGLIZATONE_TREATED_CD4_TCELL_PPARG1_AND_FOXP3_TRASDUCED_UP,GSE37533_UNTREATED_VS_PIOGLIZATONE_TREATED_CD4_TCELL_PPARG1_AND_FOXP3_TRASDUCED_UP] was killed by [GSE13484_12H_UNSTIM_VS_YF17D_VACCINE_STIM_PBMC_DN,GSE13484_12H_UNSTIM_VS_YF17D_VACCINE_STIM_PBMC_DN]
[LEIN_MEDULLA_MARKERS,LEIN_MEDULLA_MARKERS] was killed by [GSE13484_12H_UNSTIM_VS_YF17D_VACCINE_STIM_PBMC_DN,GSE13484_12H_UNSTIM_VS_YF17D_VACCINE_STIM_PBMC_DN]
[MORF_EIF4A2,MORF_EIF4A2] was killed by [KCCGNSWTTT_UNKNOWN,KCCGNSWTTT_UNKNOWN]
[GSE37301_LYMPHOID_PRIMED_MPP_VS_CD4_TCELL_UP,GSE37301_LYMPHOID_PRIMED_MPP_VS_CD4_TCELL_UP] was killed by [FOXD3_01,FOXD3_01]
[GO_OLFACTORY_LOBE_DEVELOPMENT,GO_OLFACTORY_LOBE_DEVELOPMENT] was killed by [GSE8921_UNSTIM_0H_VS_TLR1_2_STIM_MONOCYTE_24H_DN,GSE8921_UNSTIM_0H_VS_TLR1_2_STIM_MONOCYTE_24H_DN]
[GSE37532_WT_VS_PPARG_KO_VISCERAL_ADIPOSE_TISSUE_TREG_UP,GSE37532_WT_VS_PPARG_KO_VISCERAL_ADIPOSE_TISSUE_TREG_UP] was killed by [MATTIOLI_MGUS_VS_PCL,MATTIOLI_MGUS_VS_PCL]
[GSE6875_TCONV_VS_FOXP3_KO_TREG_DN,GSE6875_TCONV_VS_FOXP3_KO_TREG_DN] was killed by [GSE2405_0H_VS_24H_A_PHAGOCYTOPHILUM_STIM_NEUTROPHIL_DN,GSE2405_0H_VS_24H_A_PHAGOCYTOPHILUM_STIM_NEUTROPHIL_DN]
[GSE17721_12H_VS_24H_POLYIC_BMDC_DN,GSE17721_12H_VS_24H_POLYIC_BMDC_DN] was killed by [GO_RNA_LOCALIZATION,GO_RNA_LOCALIZATION]
[DELPUECH_FOXO3_TARGETS_DN,DELPUECH_FOXO3_TARGETS_DN] was killed by [GSE2405_0H_VS_24H_A_PHAGOCYTOPHILUM_STIM_NEUTROPHIL_DN,GSE2405_0H_VS_24H_A_PHAGOCYTOPHILUM_STIM_NEUTROPHIL_DN]
[HEDENFALK_BREAST_CANCER_BRACX_DN,HEDENFALK_BREAST_CANCER_BRACX_DN] was killed by [GO_INTERACTION_WITH_SYMBIONT,GO_INTERACTION_WITH_SYMBIONT]
[GSE28726_NAIVE_VS_ACTIVATED_VA24NEG_NKTCELL_UP,GSE28726_NAIVE_VS_ACTIVATED_VA24NEG_NKTCELL_UP] was killed by [GSE23925_DARK_ZONE_VS_NAIVE_BCELL_DN,GSE23925_DARK_ZONE_VS_NAIVE_BCELL_DN]
[GO_RESPONSE_TO_ETHANOL,GO_RESPONSE_TO_ETHANOL] was killed by [GO_INTERACTION_WITH_SYMBIONT,GO_INTERACTION_WITH_SYMBIONT]
[GSE13306_TREG_VS_TCONV_LAMINA_PROPRIA_DN,GSE13306_TREG_VS_TCONV_LAMINA_PROPRIA_DN] was killed by [GSE3982_MAST_CELL_VS_TH2_DN,GSE3982_MAST_CELL_VS_TH2_DN]
[REACTOME_POST_TRANSLATIONAL_PROTEIN_MODIFICATION,REACTOME_POST_TRANSLATIONAL_PROTEIN_MODIFICATION] was killed by [GSE2405_0H_VS_24H_A_PHAGOCYTOPHILUM_STIM_NEUTROPHIL_DN,GSE2405_0H_VS_24H_A_PHAGOCYTOPHILUM_STIM_NEUTROPHIL_DN]
[GSE2585_THYMIC_DC_VS_THYMIC_MACROPHAGE_UP,GSE2585_THYMIC_DC_VS_THYMIC_MACROPHAGE_UP] was killed by [GSE21927_SPLENIC_C26GM_TUMOROUS_VS_BONE_MARROW_MONOCYTES_DN,GSE21927_SPLENIC_C26GM_TUMOROUS_VS_BONE_MARROW_MONOCYTES_DN]
[NIELSEN_LEIOMYOSARCOMA_UP,NIELSEN_LEIOMYOSARCOMA_UP] was killed by [GSE15330_LYMPHOID_MULTIPOTENT_VS_GRANULOCYTE_MONOCYTE_PROGENITOR_DN,GSE15330_LYMPHOID_MULTIPOTENT_VS_GRANULOCYTE_MONOCYTE_PROGENITOR_DN]
[GO_NUCLEOTIDE_EXCISION_REPAIR,GO_NUCLEOTIDE_EXCISION_REPAIR] was killed by [GO_INTERACTION_WITH_SYMBIONT,GO_INTERACTION_WITH_SYMBIONT]
[GSE40225_WT_VS_RIP_B7X_DIABETIC_MOUSE_PANCREATIC_CD8_TCELL_DN,GSE40225_WT_VS_RIP_B7X_DIABETIC_MOUSE_PANCREATIC_CD8_TCELL_DN] was killed by [GSE3982_MAST_CELL_VS_TH2_DN,GSE3982_MAST_CELL_VS_TH2_DN]
[GO_PURINERGIC_NUCLEOTIDE_RECEPTOR_SIGNALING_PATHWAY,GO_PURINERGIC_NUCLEOTIDE_RECEPTOR_SIGNALING_PATHWAY] was killed by [MODULE_367,MODULE_367]
[GO_PURINERGIC_RECEPTOR_SIGNALING_PATHWAY,GO_PURINERGIC_RECEPTOR_SIGNALING_PATHWAY] was killed by [MODULE_367,MODULE_367]
[MODULE_265,MODULE_265] was killed by [MODULE_367,MODULE_367]
[REACTOME_INTEGRATION_OF_ENERGY_METABOLISM,REACTOME_INTEGRATION_OF_ENERGY_METABOLISM] was killed by [MODULE_367,MODULE_367]
[GROSS_HYPOXIA_VIA_HIF1A_UP,GROSS_HYPOXIA_VIA_HIF1A_UP] was killed by [REACTOME_ASPARAGINE_N_LINKED_GLYCOSYLATION,REACTOME_ASPARAGINE_N_LINKED_GLYCOSYLATION]
[REACTOME_RESPONSE_TO_ELEVATED_PLATELET_CYTOSOLIC_CA2_,REACTOME_RESPONSE_TO_ELEVATED_PLATELET_CYTOSOLIC_CA2_] was killed by [CROMER_TUMORIGENESIS_UP,CROMER_TUMORIGENESIS_UP]
[CERVERA_SDHB_TARGETS_1_UP,CERVERA_SDHB_TARGETS_1_UP] was killed by [GSE7460_TCONV_VS_TREG_LN_DN,GSE7460_TCONV_VS_TREG_LN_DN]
[FUKUSHIMA_TNFSF11_TARGETS,FUKUSHIMA_TNFSF11_TARGETS] was killed by [SMIRNOV_RESPONSE_TO_IR_6HR_UP,SMIRNOV_RESPONSE_TO_IR_6HR_UP]
[HOSHIDA_LIVER_CANCER_SURVIVAL_UP,HOSHIDA_LIVER_CANCER_SURVIVAL_UP] was killed by [GSE2405_0H_VS_24H_A_PHAGOCYTOPHILUM_STIM_NEUTROPHIL_DN,GSE2405_0H_VS_24H_A_PHAGOCYTOPHILUM_STIM_NEUTROPHIL_DN]
[AMUNDSON_GAMMA_RADIATION_RESPONSE,AMUNDSON_GAMMA_RADIATION_RESPONSE] was killed by [GSE2405_0H_VS_24H_A_PHAGOCYTOPHILUM_STIM_NEUTROPHIL_DN,GSE2405_0H_VS_24H_A_PHAGOCYTOPHILUM_STIM_NEUTROPHIL_DN]
[GSE369_PRE_VS_POST_IL6_INJECTION_SOCS3_KO_LIVER_DN,GSE369_PRE_VS_POST_IL6_INJECTION_SOCS3_KO_LIVER_DN] was killed by [SMIRNOV_RESPONSE_TO_IR_6HR_UP,SMIRNOV_RESPONSE_TO_IR_6HR_UP]
[GSE8685_IL2_STARVED_VS_IL15_ACT_IL2_STARVED_CD4_TCELL_UP,GSE8685_IL2_STARVED_VS_IL15_ACT_IL2_STARVED_CD4_TCELL_UP] was killed by [GSE23925_DARK_ZONE_VS_NAIVE_BCELL_DN,GSE23925_DARK_ZONE_VS_NAIVE_BCELL_DN]
[GSE17721_0.5H_VS_24H_GARDIQUIMOD_BMDC_UP,GSE17721_0.5H_VS_24H_GARDIQUIMOD_BMDC_UP] was killed by [KCCGNSWTTT_UNKNOWN,KCCGNSWTTT_UNKNOWN]
[chr3q25,chr3q25] was killed by [MODULE_367,MODULE_367]
[MORF_RRM1,MORF_RRM1] was killed by [GSE2405_0H_VS_24H_A_PHAGOCYTOPHILUM_STIM_NEUTROPHIL_DN,GSE2405_0H_VS_24H_A_PHAGOCYTOPHILUM_STIM_NEUTROPHIL_DN]
[GSE37533_UNTREATED_VS_PIOGLIZATONE_TREATED_CD4_TCELL_PPARG1_AND_FOXP3_TRASDUCED_DN,GSE37533_UNTREATED_VS_PIOGLIZATONE_TREATED_CD4_TCELL_PPARG1_AND_FOXP3_TRASDUCED_DN] was killed by [SMIRNOV_RESPONSE_TO_IR_6HR_UP,SMIRNOV_RESPONSE_TO_IR_6HR_UP]
[REACTOME_SMAD2_SMAD3_SMAD4_HETEROTRIMER_REGULATES_TRANSCRIPTION,REACTOME_SMAD2_SMAD3_SMAD4_HETEROTRIMER_REGULATES_TRANSCRIPTION] was killed by [GSE23925_DARK_ZONE_VS_NAIVE_BCELL_DN,GSE23925_DARK_ZONE_VS_NAIVE_BCELL_DN]
[GSE33424_CD161_HIGH_VS_NEG_CD8_TCELL_UP,GSE33424_CD161_HIGH_VS_NEG_CD8_TCELL_UP] was killed by [GSE2405_0H_VS_24H_A_PHAGOCYTOPHILUM_STIM_NEUTROPHIL_DN,GSE2405_0H_VS_24H_A_PHAGOCYTOPHILUM_STIM_NEUTROPHIL_DN]
[MODULE_361,MODULE_361] was killed by [GSE13484_12H_UNSTIM_VS_YF17D_VACCINE_STIM_PBMC_DN,GSE13484_12H_UNSTIM_VS_YF17D_VACCINE_STIM_PBMC_DN]
[GSE30083_SP1_VS_SP4_THYMOCYTE_DN,GSE30083_SP1_VS_SP4_THYMOCYTE_DN] was killed by [GSE7460_TCONV_VS_TREG_LN_DN,GSE7460_TCONV_VS_TREG_LN_DN]
[GO_CENTRIOLE,GO_CENTRIOLE] was killed by [SMIRNOV_RESPONSE_TO_IR_6HR_UP,SMIRNOV_RESPONSE_TO_IR_6HR_UP]
[GSE22432_MULTIPOTENT_PROGENITOR_VS_PDC_DN,GSE22432_MULTIPOTENT_PROGENITOR_VS_PDC_DN] was killed by [GO_PEPTIDYL_THREONINE_MODIFICATION,GO_PEPTIDYL_THREONINE_MODIFICATION]
[GO_PROTEIN_ACETYLATION,GO_PROTEIN_ACETYLATION] was killed by [GO_INTERACTION_WITH_SYMBIONT,GO_INTERACTION_WITH_SYMBIONT]
[GSE36392_EOSINOPHIL_VS_NEUTROPHIL_IL25_TREATED_LUNG_DN,GSE36392_EOSINOPHIL_VS_NEUTROPHIL_IL25_TREATED_LUNG_DN] was killed by [GSE41867_DAY8_VS_DAY15_LCMV_CLONE13_EFFECTOR_CD8_TCELL_DN,GSE41867_DAY8_VS_DAY15_LCMV_CLONE13_EFFECTOR_CD8_TCELL_DN]
[GSE41867_NAIVE_VS_DAY6_LCMV_ARMSTRONG_EFFECTOR_CD8_TCELL_DN,GSE41867_NAIVE_VS_DAY6_LCMV_ARMSTRONG_EFFECTOR_CD8_TCELL_DN] was killed by [GSE3982_MAST_CELL_VS_TH2_DN,GSE3982_MAST_CELL_VS_TH2_DN]
[GSE28783_CTRL_ANTI_MIR_VS_UNTREATED_ATHEROSCLEROSIS_MACROPHAGE_DN,GSE28783_CTRL_ANTI_MIR_VS_UNTREATED_ATHEROSCLEROSIS_MACROPHAGE_DN] was killed by [GSE7460_TCONV_VS_TREG_LN_DN,GSE7460_TCONV_VS_TREG_LN_DN]
[GSE7852_LN_VS_FAT_TCONV_DN,GSE7852_LN_VS_FAT_TCONV_DN] was killed by [GSE7460_TCONV_VS_TREG_LN_DN,GSE7460_TCONV_VS_TREG_LN_DN]
[BIOCARTA_HIVNEF_PATHWAY,BIOCARTA_HIVNEF_PATHWAY] was killed by [GO_INTERACTION_WITH_SYMBIONT,GO_INTERACTION_WITH_SYMBIONT]
[GSE13173_UNTREATED_VS_IL12_TREATED_ACT_CD8_TCELL_DN,GSE13173_UNTREATED_VS_IL12_TREATED_ACT_CD8_TCELL_DN] was killed by [GSE23925_DARK_ZONE_VS_NAIVE_BCELL_DN,GSE23925_DARK_ZONE_VS_NAIVE_BCELL_DN]
[GSE40274_CTRL_VS_FOXP3_AND_HELIOS_TRANSDUCED_ACTIVATED_CD4_TCELL_UP,GSE40274_CTRL_VS_FOXP3_AND_HELIOS_TRANSDUCED_ACTIVATED_CD4_TCELL_UP] was killed by [GSE2405_0H_VS_24H_A_PHAGOCYTOPHILUM_STIM_NEUTROPHIL_DN,GSE2405_0H_VS_24H_A_PHAGOCYTOPHILUM_STIM_NEUTROPHIL_DN]
[GSE40274_SATB1_VS_FOXP3_AND_SATB1_TRANSDUCED_ACTIVATED_CD4_TCELL_UP,GSE40274_SATB1_VS_FOXP3_AND_SATB1_TRANSDUCED_ACTIVATED_CD4_TCELL_UP] was killed by [GSE23925_DARK_ZONE_VS_NAIVE_BCELL_DN,GSE23925_DARK_ZONE_VS_NAIVE_BCELL_DN]
[GO_CELL_SUBSTRATE_JUNCTION_ASSEMBLY,GO_CELL_SUBSTRATE_JUNCTION_ASSEMBLY] was killed by [GSE15330_LYMPHOID_MULTIPOTENT_VS_GRANULOCYTE_MONOCYTE_PROGENITOR_DN,GSE15330_LYMPHOID_MULTIPOTENT_VS_GRANULOCYTE_MONOCYTE_PROGENITOR_DN]
[YAO_TEMPORAL_RESPONSE_TO_PROGESTERONE_CLUSTER_1,YAO_TEMPORAL_RESPONSE_TO_PROGESTERONE_CLUSTER_1] was killed by [GSE13484_12H_UNSTIM_VS_YF17D_VACCINE_STIM_PBMC_DN,GSE13484_12H_UNSTIM_VS_YF17D_VACCINE_STIM_PBMC_DN]
[MODULE_315,MODULE_315] was killed by [GSE2405_0H_VS_24H_A_PHAGOCYTOPHILUM_STIM_NEUTROPHIL_DN,GSE2405_0H_VS_24H_A_PHAGOCYTOPHILUM_STIM_NEUTROPHIL_DN]
[GSE9960_GRAM_NEG_VS_GRAM_POS_SEPSIS_PBMC_UP,GSE9960_GRAM_NEG_VS_GRAM_POS_SEPSIS_PBMC_UP] was killed by [GSE23925_DARK_ZONE_VS_NAIVE_BCELL_DN,GSE23925_DARK_ZONE_VS_NAIVE_BCELL_DN]
[YOKOE_CANCER_TESTIS_ANTIGENS,YOKOE_CANCER_TESTIS_ANTIGENS] was killed by [GSE2405_0H_VS_24H_A_PHAGOCYTOPHILUM_STIM_NEUTROPHIL_DN,GSE2405_0H_VS_24H_A_PHAGOCYTOPHILUM_STIM_NEUTROPHIL_DN]
[KEGG_MELANOGENESIS,KEGG_MELANOGENESIS] was killed by [GO_INTERACTION_WITH_SYMBIONT,GO_INTERACTION_WITH_SYMBIONT]
[CHESLER_BRAIN_HIGHEST_GENETIC_VARIANCE,CHESLER_BRAIN_HIGHEST_GENETIC_VARIANCE] was killed by [CHESLER_BRAIN_QTL_CIS,CHESLER_BRAIN_QTL_CIS]
[NIELSEN_LEIOMYOSARCOMA_CNN1_DN,NIELSEN_LEIOMYOSARCOMA_CNN1_DN] was killed by [GSE2405_0H_VS_24H_A_PHAGOCYTOPHILUM_STIM_NEUTROPHIL_DN,GSE2405_0H_VS_24H_A_PHAGOCYTOPHILUM_STIM_NEUTROPHIL_DN]
[BONCI_TARGETS_OF_MIR15A_AND_MIR16_1,BONCI_TARGETS_OF_MIR15A_AND_MIR16_1] was killed by [KCCGNSWTTT_UNKNOWN,KCCGNSWTTT_UNKNOWN]
[GSE20366_EX_VIVO_VS_HOMEOSTATIC_CONVERSION_TREG_UP,GSE20366_EX_VIVO_VS_HOMEOSTATIC_CONVERSION_TREG_UP] was killed by [GSE3982_MAST_CELL_VS_TH2_DN,GSE3982_MAST_CELL_VS_TH2_DN]
[GSE11057_NAIVE_VS_MEMORY_CD4_TCELL_DN,GSE11057_NAIVE_VS_MEMORY_CD4_TCELL_DN] was killed by [GSE7460_TCONV_VS_TREG_LN_DN,GSE7460_TCONV_VS_TREG_LN_DN]
[REACTOME_SIGNALING_BY_ILS,REACTOME_SIGNALING_BY_ILS] was killed by [GSE13484_12H_UNSTIM_VS_YF17D_VACCINE_STIM_PBMC_DN,GSE13484_12H_UNSTIM_VS_YF17D_VACCINE_STIM_PBMC_DN]
[GSE43955_TH0_VS_TGFB_IL6_TH17_ACT_CD4_TCELL_60H_UP,GSE43955_TH0_VS_TGFB_IL6_TH17_ACT_CD4_TCELL_60H_UP] was killed by [GO_INTERACTION_WITH_SYMBIONT,GO_INTERACTION_WITH_SYMBIONT]
[GSE1432_CTRL_VS_IFNG_1H_MICROGLIA_UP,GSE1432_CTRL_VS_IFNG_1H_MICROGLIA_UP] was killed by [GSE23925_DARK_ZONE_VS_NAIVE_BCELL_DN,GSE23925_DARK_ZONE_VS_NAIVE_BCELL_DN]
[GO_KINETOCHORE_ORGANIZATION,GO_KINETOCHORE_ORGANIZATION] was killed by [FOXD3_01,FOXD3_01]
[MODULE_222,MODULE_222] was killed by [GSE41867_DAY8_VS_DAY15_LCMV_CLONE13_EFFECTOR_CD8_TCELL_DN,GSE41867_DAY8_VS_DAY15_LCMV_CLONE13_EFFECTOR_CD8_TCELL_DN]
[GSE13306_RA_VS_UNTREATED_TCONV_DN,GSE13306_RA_VS_UNTREATED_TCONV_DN] was killed by [GSE2405_0H_VS_24H_A_PHAGOCYTOPHILUM_STIM_NEUTROPHIL_DN,GSE2405_0H_VS_24H_A_PHAGOCYTOPHILUM_STIM_NEUTROPHIL_DN]
[GSE3039_NKT_CELL_VS_B2_BCELL_UP,GSE3039_NKT_CELL_VS_B2_BCELL_UP] was killed by [GSE33513_TCF7_KO_VS_HET_EARLY_THYMIC_PROGENITOR_DN,GSE33513_TCF7_KO_VS_HET_EARLY_THYMIC_PROGENITOR_DN]
[GO_RESPONSE_TO_CORTICOSTEROID,GO_RESPONSE_TO_CORTICOSTEROID] was killed by [GO_INTERACTION_WITH_SYMBIONT,GO_INTERACTION_WITH_SYMBIONT]
[REACTOME_MRNA_3_END_PROCESSING,REACTOME_MRNA_3_END_PROCESSING] was killed by [GO_RNA_LOCALIZATION,GO_RNA_LOCALIZATION]
[MORF_ITGA2,MORF_ITGA2] was killed by [FOXD3_01,FOXD3_01]
[GSE2405_0H_VS_24H_A_PHAGOCYTOPHILUM_STIM_NEUTROPHIL_UP,GSE2405_0H_VS_24H_A_PHAGOCYTOPHILUM_STIM_NEUTROPHIL_UP] was killed by [GSE23925_DARK_ZONE_VS_NAIVE_BCELL_DN,GSE23925_DARK_ZONE_VS_NAIVE_BCELL_DN]
[GSE37532_TREG_VS_TCONV_PPARG_KO_CD4_TCELL_FROM_VISCERAL_ADIPOSE_TISSUE_UP,GSE37532_TREG_VS_TCONV_PPARG_KO_CD4_TCELL_FROM_VISCERAL_ADIPOSE_TISSUE_UP] was killed by [GSE13484_12H_UNSTIM_VS_YF17D_VACCINE_STIM_PBMC_DN,GSE13484_12H_UNSTIM_VS_YF17D_VACCINE_STIM_PBMC_DN]
[GSE8621_LPS_STIM_VS_LPS_PRIMED_AND_LPS_STIM_MACROPHAGE_UP,GSE8621_LPS_STIM_VS_LPS_PRIMED_AND_LPS_STIM_MACROPHAGE_UP] was killed by [GSE15330_LYMPHOID_MULTIPOTENT_VS_GRANULOCYTE_MONOCYTE_PROGENITOR_DN,GSE15330_LYMPHOID_MULTIPOTENT_VS_GRANULOCYTE_MONOCYTE_PROGENITOR_DN]
[KASLER_HDAC7_TARGETS_1_UP,KASLER_HDAC7_TARGETS_1_UP] was killed by [GO_RNA_LOCALIZATION,GO_RNA_LOCALIZATION]
[GSE7509_UNSTIM_VS_FCGRIIB_STIM_DC_UP,GSE7509_UNSTIM_VS_FCGRIIB_STIM_DC_UP] was killed by [GSE41867_DAY8_VS_DAY15_LCMV_CLONE13_EFFECTOR_CD8_TCELL_DN,GSE41867_DAY8_VS_DAY15_LCMV_CLONE13_EFFECTOR_CD8_TCELL_DN]
[LINDGREN_BLADDER_CANCER_CLUSTER_1_UP,LINDGREN_BLADDER_CANCER_CLUSTER_1_UP] was killed by [GSE41867_DAY8_VS_DAY15_LCMV_CLONE13_EFFECTOR_CD8_TCELL_DN,GSE41867_DAY8_VS_DAY15_LCMV_CLONE13_EFFECTOR_CD8_TCELL_DN]
[GSE24726_WT_VS_E2-2_KO_PDC_DAY4_POST_DELETION_DN,GSE24726_WT_VS_E2-2_KO_PDC_DAY4_POST_DELETION_DN] was killed by [REACTOME_ASPARAGINE_N_LINKED_GLYCOSYLATION,REACTOME_ASPARAGINE_N_LINKED_GLYCOSYLATION]
[GSE12845_NAIVE_VS_DARKZONE_GC_TONSIL_BCELL_UP,GSE12845_NAIVE_VS_DARKZONE_GC_TONSIL_BCELL_UP] was killed by [FOXD3_01,FOXD3_01]
[GSE14415_INDUCED_VS_NATURAL_TREG_DN,GSE14415_INDUCED_VS_NATURAL_TREG_DN] was killed by [GSE2405_0H_VS_24H_A_PHAGOCYTOPHILUM_STIM_NEUTROPHIL_DN,GSE2405_0H_VS_24H_A_PHAGOCYTOPHILUM_STIM_NEUTROPHIL_DN]
[BIOCARTA_VDR_PATHWAY,BIOCARTA_VDR_PATHWAY] was killed by [GO_INTERACTION_WITH_SYMBIONT,GO_INTERACTION_WITH_SYMBIONT]
[ZHANG_BREAST_CANCER_PROGENITORS_DN,ZHANG_BREAST_CANCER_PROGENITORS_DN] was killed by [GO_PROTEIN_LOCALIZATION_TO_GOLGI_APPARATUS,GO_PROTEIN_LOCALIZATION_TO_GOLGI_APPARATUS]
[GENTILE_UV_RESPONSE_CLUSTER_D5,GENTILE_UV_RESPONSE_CLUSTER_D5] was killed by [MATTIOLI_MGUS_VS_PCL,MATTIOLI_MGUS_VS_PCL]
[PID_IL2_STAT5_PATHWAY,PID_IL2_STAT5_PATHWAY] was killed by [GO_INTERACTION_WITH_SYMBIONT,GO_INTERACTION_WITH_SYMBIONT]
[GO_MULTI_ORGANISM_METABOLIC_PROCESS,GO_MULTI_ORGANISM_METABOLIC_PROCESS] was killed by [GO_RNA_LOCALIZATION,GO_RNA_LOCALIZATION]
[GSE27786_BCELL_VS_ERYTHROBLAST_DN,GSE27786_BCELL_VS_ERYTHROBLAST_DN] was killed by [GSE21927_SPLENIC_C26GM_TUMOROUS_VS_BONE_MARROW_MONOCYTES_DN,GSE21927_SPLENIC_C26GM_TUMOROUS_VS_BONE_MARROW_MONOCYTES_DN]
[GO_RNA_POLYMERASE_BINDING,GO_RNA_POLYMERASE_BINDING] was killed by [KCCGNSWTTT_UNKNOWN,KCCGNSWTTT_UNKNOWN]
[ALTEMEIER_RESPONSE_TO_LPS_WITH_MECHANICAL_VENTILATION,ALTEMEIER_RESPONSE_TO_LPS_WITH_MECHANICAL_VENTILATION] was killed by [GSE23925_DARK_ZONE_VS_NAIVE_BCELL_DN,GSE23925_DARK_ZONE_VS_NAIVE_BCELL_DN]
[GO_CHONDROCYTE_DIFFERENTIATION,GO_CHONDROCYTE_DIFFERENTIATION] was killed by [FOXD3_01,FOXD3_01]
[GO_G_PROTEIN_COUPLED_PURINERGIC_NUCLEOTIDE_RECEPTOR_SIGNALING_PATHWAY,GO_G_PROTEIN_COUPLED_PURINERGIC_NUCLEOTIDE_RECEPTOR_SIGNALING_PATHWAY] was killed by [MODULE_367,MODULE_367]
[GO_G_PROTEIN_COUPLED_PURINERGIC_RECEPTOR_SIGNALING_PATHWAY,GO_G_PROTEIN_COUPLED_PURINERGIC_RECEPTOR_SIGNALING_PATHWAY] was killed by [MODULE_367,MODULE_367]
[MODULE_76,MODULE_76] was killed by [MODULE_367,MODULE_367]
[GSE5099_MONOCYTE_VS_CLASSICAL_M1_MACROPHAGE_DN,GSE5099_MONOCYTE_VS_CLASSICAL_M1_MACROPHAGE_DN] was killed by [GSE13484_12H_UNSTIM_VS_YF17D_VACCINE_STIM_PBMC_DN,GSE13484_12H_UNSTIM_VS_YF17D_VACCINE_STIM_PBMC_DN]
