[RUBENSTEIN_SKELETAL_MUSCLE_T_CELLS,RUBENSTEIN_SKELETAL_MUSCLE_T_CELLS] was killed by [BUSSLINGER_DUODENAL_TRANSIT_AMPLIFYING_CELLS,BUSSLINGER_DUODENAL_TRANSIT_AMPLIFYING_CELLS]
[RUBENSTEIN_SKELETAL_MUSCLE_B_CELLS,RUBENSTEIN_SKELETAL_MUSCLE_B_CELLS] was killed by [BUSSLINGER_DUODENAL_TRANSIT_AMPLIFYING_CELLS,BUSSLINGER_DUODENAL_TRANSIT_AMPLIFYING_CELLS]
[TRAVAGLINI_LUNG_CD4_NAIVE_T_CELL,TRAVAGLINI_LUNG_CD4_NAIVE_T_CELL] was killed by [BUSSLINGER_DUODENAL_TRANSIT_AMPLIFYING_CELLS,BUSSLINGER_DUODENAL_TRANSIT_AMPLIFYING_CELLS]
[TRAVAGLINI_LUNG_BASAL_CELL,TRAVAGLINI_LUNG_BASAL_CELL] was killed by [BUSSLINGER_DUODENAL_TRANSIT_AMPLIFYING_CELLS,BUSSLINGER_DUODENAL_TRANSIT_AMPLIFYING_CELLS]
[FAN_OVARY_CL0_XBP1_SELK_HIGH_STROMAL_CELL,FAN_OVARY_CL0_XBP1_SELK_HIGH_STROMAL_CELL] was killed by [BUSSLINGER_DUODENAL_TRANSIT_AMPLIFYING_CELLS,BUSSLINGER_DUODENAL_TRANSIT_AMPLIFYING_CELLS]
[BUSSLINGER_GASTRIC_PPP1R1B_POSITIVE_CELLS,BUSSLINGER_GASTRIC_PPP1R1B_POSITIVE_CELLS] was killed by [BUSSLINGER_DUODENAL_TRANSIT_AMPLIFYING_CELLS,BUSSLINGER_DUODENAL_TRANSIT_AMPLIFYING_CELLS]
[LAKE_ADULT_KIDNEY_C7_PROXIMAL_TUBULE_EPITHELIAL_CELLS_S3,LAKE_ADULT_KIDNEY_C7_PROXIMAL_TUBULE_EPITHELIAL_CELLS_S3] was killed by [BUSSLINGER_DUODENAL_TRANSIT_AMPLIFYING_CELLS,BUSSLINGER_DUODENAL_TRANSIT_AMPLIFYING_CELLS]
[BUSSLINGER_GASTRIC_LYZ_POSITIVE_CELLS,BUSSLINGER_GASTRIC_LYZ_POSITIVE_CELLS] was killed by [BUSSLINGER_DUODENAL_TRANSIT_AMPLIFYING_CELLS,BUSSLINGER_DUODENAL_TRANSIT_AMPLIFYING_CELLS]
[FAN_OVARY_CL2_PUTATIVE_EARLY_ATRETIC_FOLLICLE_THECAL_CELL_1,FAN_OVARY_CL2_PUTATIVE_EARLY_ATRETIC_FOLLICLE_THECAL_CELL_1] was killed by [BUSSLINGER_DUODENAL_TRANSIT_AMPLIFYING_CELLS,BUSSLINGER_DUODENAL_TRANSIT_AMPLIFYING_CELLS]
[LAKE_ADULT_KIDNEY_C23_ENDOTHELIAL_CELLS_AVR,LAKE_ADULT_KIDNEY_C23_ENDOTHELIAL_CELLS_AVR] was killed by [BUSSLINGER_DUODENAL_TRANSIT_AMPLIFYING_CELLS,BUSSLINGER_DUODENAL_TRANSIT_AMPLIFYING_CELLS]
[BUSSLINGER_ESOPHAGEAL_QUIESCENT_BASAL_CELLS,BUSSLINGER_ESOPHAGEAL_QUIESCENT_BASAL_CELLS] was killed by [BUSSLINGER_DUODENAL_TRANSIT_AMPLIFYING_CELLS,BUSSLINGER_DUODENAL_TRANSIT_AMPLIFYING_CELLS]
[MANNO_MIDBRAIN_NEUROTYPES_BASAL,MANNO_MIDBRAIN_NEUROTYPES_BASAL] was killed by [BUSSLINGER_DUODENAL_TRANSIT_AMPLIFYING_CELLS,BUSSLINGER_DUODENAL_TRANSIT_AMPLIFYING_CELLS]
[MENON_FETAL_KIDNEY_1_EMBRYONIC_RED_BLOOD_CELLS,MENON_FETAL_KIDNEY_1_EMBRYONIC_RED_BLOOD_CELLS] was killed by [BUSSLINGER_DUODENAL_TRANSIT_AMPLIFYING_CELLS,BUSSLINGER_DUODENAL_TRANSIT_AMPLIFYING_CELLS]
[ZHENG_CORD_BLOOD_C9_GRANULOCYTE_MACROPHAGE_PROGENITOR,ZHENG_CORD_BLOOD_C9_GRANULOCYTE_MACROPHAGE_PROGENITOR] was killed by [BUSSLINGER_DUODENAL_TRANSIT_AMPLIFYING_CELLS,BUSSLINGER_DUODENAL_TRANSIT_AMPLIFYING_CELLS]
[TRAVAGLINI_LUNG_CLUB_CELL,TRAVAGLINI_LUNG_CLUB_CELL] was killed by [BUSSLINGER_DUODENAL_TRANSIT_AMPLIFYING_CELLS,BUSSLINGER_DUODENAL_TRANSIT_AMPLIFYING_CELLS]
[BUSSLINGER_ESOPHAGEAL_EARLY_SUPRABASAL_CELLS,BUSSLINGER_ESOPHAGEAL_EARLY_SUPRABASAL_CELLS] was killed by [BUSSLINGER_DUODENAL_TRANSIT_AMPLIFYING_CELLS,BUSSLINGER_DUODENAL_TRANSIT_AMPLIFYING_CELLS]
[HAY_BONE_MARROW_CD34_POS_HSC,HAY_BONE_MARROW_CD34_POS_HSC] was killed by [BUSSLINGER_DUODENAL_TRANSIT_AMPLIFYING_CELLS,BUSSLINGER_DUODENAL_TRANSIT_AMPLIFYING_CELLS]
[TRAVAGLINI_LUNG_AIRWAY_SMOOTH_MUSCLE_CELL,TRAVAGLINI_LUNG_AIRWAY_SMOOTH_MUSCLE_CELL] was killed by [BUSSLINGER_DUODENAL_TRANSIT_AMPLIFYING_CELLS,BUSSLINGER_DUODENAL_TRANSIT_AMPLIFYING_CELLS]
[MENON_FETAL_KIDNEY_5_PROXIMAL_TUBULE_CELLS,MENON_FETAL_KIDNEY_5_PROXIMAL_TUBULE_CELLS] was killed by [BUSSLINGER_DUODENAL_TRANSIT_AMPLIFYING_CELLS,BUSSLINGER_DUODENAL_TRANSIT_AMPLIFYING_CELLS]
[RUBENSTEIN_SKELETAL_MUSCLE_PERICYTES,RUBENSTEIN_SKELETAL_MUSCLE_PERICYTES] was killed by [BUSSLINGER_DUODENAL_TRANSIT_AMPLIFYING_CELLS,BUSSLINGER_DUODENAL_TRANSIT_AMPLIFYING_CELLS]
[BUSSLINGER_ESOPHAGEAL_PROLIFERATING_BASAL_CELLS,BUSSLINGER_ESOPHAGEAL_PROLIFERATING_BASAL_CELLS] was killed by [BUSSLINGER_DUODENAL_TRANSIT_AMPLIFYING_CELLS,BUSSLINGER_DUODENAL_TRANSIT_AMPLIFYING_CELLS]
[TRAVAGLINI_LUNG_VASCULAR_SMOOTH_MUSCLE_CELL,TRAVAGLINI_LUNG_VASCULAR_SMOOTH_MUSCLE_CELL] was killed by [BUSSLINGER_DUODENAL_TRANSIT_AMPLIFYING_CELLS,BUSSLINGER_DUODENAL_TRANSIT_AMPLIFYING_CELLS]
