[GOCC_IMMUNOGLOBULIN_COMPLEX_CIRCULATING,GOCC_IMMUNOGLOBULIN_COMPLEX_CIRCULATING] was killed by [GOCC_IMMUNOGLOBULIN_COMPLEX,GOCC_IMMUNOGLOBULIN_COMPLEX]
[GOCC_ORGANELLAR_RIBOSOME,GOCC_ORGANELLAR_RIBOSOME] was killed by [GOCC_RIBOSOMAL_SUBUNIT,GOCC_RIBOSOMAL_SUBUNIT]
[GOCC_LARGE_RIBOSOMAL_SUBUNIT,GOCC_LARGE_RIBOSOMAL_SUBUNIT] was killed by [GOCC_RIBOSOMAL_SUBUNIT,GOCC_RIBOSOMAL_SUBUNIT]
[GOCC_MITOCHONDRIAL_LARGE_RIBOSOMAL_SUBUNIT,GOCC_MITOCHONDRIAL_LARGE_RIBOSOMAL_SUBUNIT] was killed by [GOCC_RIBOSOMAL_SUBUNIT,GOCC_RIBOSOMAL_SUBUNIT]
[GOCC_SMALL_RIBOSOMAL_SUBUNIT,GOCC_SMALL_RIBOSOMAL_SUBUNIT] was killed by [GOCC_RIBOSOMAL_SUBUNIT,GOCC_RIBOSOMAL_SUBUNIT]
[GOCC_KINETOCHORE,GOCC_KINETOCHORE] was killed by [GOCC_CHROMOSOME_CENTROMERIC_REGION,GOCC_CHROMOSOME_CENTROMERIC_REGION]
[GOCC_CONDENSED_CHROMOSOME_CENTROMERIC_REGION,GOCC_CONDENSED_CHROMOSOME_CENTROMERIC_REGION] was killed by [GOCC_CHROMOSOME_CENTROMERIC_REGION,GOCC_CHROMOSOME_CENTROMERIC_REGION]
[GOCC_INTRINSIC_COMPONENT_OF_MITOCHONDRIAL_MEMBRANE,GOCC_INTRINSIC_COMPONENT_OF_MITOCHONDRIAL_MEMBRANE] was killed by [GOCC_INNER_MITOCHONDRIAL_MEMBRANE_PROTEIN_COMPLEX,GOCC_INNER_MITOCHONDRIAL_MEMBRANE_PROTEIN_COMPLEX]
[GOCC_CYTOSOLIC_RIBOSOME,GOCC_CYTOSOLIC_RIBOSOME] was killed by [GOCC_RIBOSOMAL_SUBUNIT,GOCC_RIBOSOMAL_SUBUNIT]
[GOCC_BLOOD_MICROPARTICLE,GOCC_BLOOD_MICROPARTICLE] was killed by [GOCC_IMMUNOGLOBULIN_COMPLEX,GOCC_IMMUNOGLOBULIN_COMPLEX]
[GOCC_CATALYTIC_STEP_2_SPLICEOSOME,GOCC_CATALYTIC_STEP_2_SPLICEOSOME] was killed by [GOCC_SPLICEOSOMAL_COMPLEX,GOCC_SPLICEOSOMAL_COMPLEX]
[GOCC_OXIDOREDUCTASE_COMPLEX,GOCC_OXIDOREDUCTASE_COMPLEX] was killed by [GOCC_INNER_MITOCHONDRIAL_MEMBRANE_PROTEIN_COMPLEX,GOCC_INNER_MITOCHONDRIAL_MEMBRANE_PROTEIN_COMPLEX]
[GOCC_METHYLTRANSFERASE_COMPLEX,GOCC_METHYLTRANSFERASE_COMPLEX] was killed by [GOCC_SPLICEOSOMAL_COMPLEX,GOCC_SPLICEOSOMAL_COMPLEX]
[GOCC_U2_TYPE_SPLICEOSOMAL_COMPLEX,GOCC_U2_TYPE_SPLICEOSOMAL_COMPLEX] was killed by [GOCC_SPLICEOSOMAL_COMPLEX,GOCC_SPLICEOSOMAL_COMPLEX]
[GOCC_RESPIRASOME,GOCC_RESPIRASOME] was killed by [GOCC_INNER_MITOCHONDRIAL_MEMBRANE_PROTEIN_COMPLEX,GOCC_INNER_MITOCHONDRIAL_MEMBRANE_PROTEIN_COMPLEX]
[GOCC_CHROMOSOME_TELOMERIC_REGION,GOCC_CHROMOSOME_TELOMERIC_REGION] was killed by [GOCC_CHROMOSOME_CENTROMERIC_REGION,GOCC_CHROMOSOME_CENTROMERIC_REGION]
[GOCC_LAMELLIPODIUM,GOCC_LAMELLIPODIUM] was killed by [GOCC_SITE_OF_POLARIZED_GROWTH,GOCC_SITE_OF_POLARIZED_GROWTH]
[GOCC_PHAGOCYTIC_VESICLE,GOCC_PHAGOCYTIC_VESICLE] was killed by [GOCC_ENDOPLASMIC_RETICULUM_PROTEIN_CONTAINING_COMPLEX,GOCC_ENDOPLASMIC_RETICULUM_PROTEIN_CONTAINING_COMPLEX]
[GOCC_SM_LIKE_PROTEIN_FAMILY_COMPLEX,GOCC_SM_LIKE_PROTEIN_FAMILY_COMPLEX] was killed by [GOCC_SPLICEOSOMAL_COMPLEX,GOCC_SPLICEOSOMAL_COMPLEX]
[GOCC_SITE_OF_DNA_DAMAGE,GOCC_SITE_OF_DNA_DAMAGE] was killed by [GOCC_CHROMOSOME_CENTROMERIC_REGION,GOCC_CHROMOSOME_CENTROMERIC_REGION]
[GOCC_PEPTIDASE_COMPLEX,GOCC_PEPTIDASE_COMPLEX] was killed by [GOCC_ENDOPLASMIC_RETICULUM_PROTEIN_CONTAINING_COMPLEX,GOCC_ENDOPLASMIC_RETICULUM_PROTEIN_CONTAINING_COMPLEX]
[GOCC_HOST_CELLULAR_COMPONENT,GOCC_HOST_CELLULAR_COMPONENT] was killed by [GOCC_CHROMOSOME_CENTROMERIC_REGION,GOCC_CHROMOSOME_CENTROMERIC_REGION]
[GOCC_SMALL_NUCLEAR_RIBONUCLEOPROTEIN_COMPLEX,GOCC_SMALL_NUCLEAR_RIBONUCLEOPROTEIN_COMPLEX] was killed by [GOCC_SPLICEOSOMAL_COMPLEX,GOCC_SPLICEOSOMAL_COMPLEX]
[GOCC_INTRINSIC_COMPONENT_OF_MITOCHONDRIAL_INNER_MEMBRANE,GOCC_INTRINSIC_COMPONENT_OF_MITOCHONDRIAL_INNER_MEMBRANE] was killed by [GOCC_INNER_MITOCHONDRIAL_MEMBRANE_PROTEIN_COMPLEX,GOCC_INNER_MITOCHONDRIAL_MEMBRANE_PROTEIN_COMPLEX]
[GOCC_MIDBODY,GOCC_MIDBODY] was killed by [GOCC_CHROMOSOME_CENTROMERIC_REGION,GOCC_CHROMOSOME_CENTROMERIC_REGION]
[GOCC_SPINDLE_POLE,GOCC_SPINDLE_POLE] was killed by [GOCC_CHROMOSOME_CENTROMERIC_REGION,GOCC_CHROMOSOME_CENTROMERIC_REGION]
[GOCC_INTRINSIC_COMPONENT_OF_POSTSYNAPTIC_MEMBRANE,GOCC_INTRINSIC_COMPONENT_OF_POSTSYNAPTIC_MEMBRANE] was killed by [GOCC_INTRINSIC_COMPONENT_OF_POSTSYNAPTIC_SPECIALIZATION_MEMBRANE,GOCC_INTRINSIC_COMPONENT_OF_POSTSYNAPTIC_SPECIALIZATION_MEMBRANE]
[GOCC_RUFFLE,GOCC_RUFFLE] was killed by [GOCC_SITE_OF_POLARIZED_GROWTH,GOCC_SITE_OF_POLARIZED_GROWTH]
[GOCC_REPLICATION_FORK,GOCC_REPLICATION_FORK] was killed by [GOCC_SITE_OF_DOUBLE_STRAND_BREAK,GOCC_SITE_OF_DOUBLE_STRAND_BREAK]
[GOCC_FIBRILLAR_CENTER,GOCC_FIBRILLAR_CENTER] was killed by [GOCC_PRERIBOSOME,GOCC_PRERIBOSOME]
[GOCC_RESPIRATORY_CHAIN_COMPLEX,GOCC_RESPIRATORY_CHAIN_COMPLEX] was killed by [GOCC_INNER_MITOCHONDRIAL_MEMBRANE_PROTEIN_COMPLEX,GOCC_INNER_MITOCHONDRIAL_MEMBRANE_PROTEIN_COMPLEX]
[GOCC_SPINDLE_MICROTUBULE,GOCC_SPINDLE_MICROTUBULE] was killed by [GOCC_CHROMOSOME_CENTROMERIC_REGION,GOCC_CHROMOSOME_CENTROMERIC_REGION]
[GOCC_ORGANELLE_ENVELOPE_LUMEN,GOCC_ORGANELLE_ENVELOPE_LUMEN] was killed by [GOCC_INNER_MITOCHONDRIAL_MEMBRANE_PROTEIN_COMPLEX,GOCC_INNER_MITOCHONDRIAL_MEMBRANE_PROTEIN_COMPLEX]
[GOCC_ENDOPEPTIDASE_COMPLEX,GOCC_ENDOPEPTIDASE_COMPLEX] was killed by [GOCC_ENDOPLASMIC_RETICULUM_PROTEIN_CONTAINING_COMPLEX,GOCC_ENDOPLASMIC_RETICULUM_PROTEIN_CONTAINING_COMPLEX]
[GOCC_CYTOSOLIC_SMALL_RIBOSOMAL_SUBUNIT,GOCC_CYTOSOLIC_SMALL_RIBOSOMAL_SUBUNIT] was killed by [GOCC_RIBOSOMAL_SUBUNIT,GOCC_RIBOSOMAL_SUBUNIT]
[GOCC_SMALL_SUBUNIT_PROCESSOME,GOCC_SMALL_SUBUNIT_PROCESSOME] was killed by [GOCC_PRERIBOSOME,GOCC_PRERIBOSOME]
[GOCC_INTRINSIC_COMPONENT_OF_SYNAPTIC_MEMBRANE,GOCC_INTRINSIC_COMPONENT_OF_SYNAPTIC_MEMBRANE] was killed by [GOCC_INTRINSIC_COMPONENT_OF_POSTSYNAPTIC_SPECIALIZATION_MEMBRANE,GOCC_INTRINSIC_COMPONENT_OF_POSTSYNAPTIC_SPECIALIZATION_MEMBRANE]
[GOCC_NUCLEAR_PERIPHERY,GOCC_NUCLEAR_PERIPHERY] was killed by [GOCC_CHROMOSOME_CENTROMERIC_REGION,GOCC_CHROMOSOME_CENTROMERIC_REGION]
[GOCC_ANCHORED_COMPONENT_OF_MEMBRANE,GOCC_ANCHORED_COMPONENT_OF_MEMBRANE] was killed by [GOCC_SPECIFIC_GRANULE,GOCC_SPECIFIC_GRANULE]
[GOCC_ACTIN_FILAMENT,GOCC_ACTIN_FILAMENT] was killed by [GOCC_SITE_OF_POLARIZED_GROWTH,GOCC_SITE_OF_POLARIZED_GROWTH]
[GOCC_POSTSYNAPTIC_SPECIALIZATION_MEMBRANE,GOCC_POSTSYNAPTIC_SPECIALIZATION_MEMBRANE] was killed by [GOCC_INTRINSIC_COMPONENT_OF_POSTSYNAPTIC_SPECIALIZATION_MEMBRANE,GOCC_INTRINSIC_COMPONENT_OF_POSTSYNAPTIC_SPECIALIZATION_MEMBRANE]
[GOCC_MITOTIC_SPINDLE,GOCC_MITOTIC_SPINDLE] was killed by [GOCC_CHROMOSOME_CENTROMERIC_REGION,GOCC_CHROMOSOME_CENTROMERIC_REGION]
[GOCC_FICOLIN_1_RICH_GRANULE,GOCC_FICOLIN_1_RICH_GRANULE] was killed by [GOCC_SPECIFIC_GRANULE,GOCC_SPECIFIC_GRANULE]
[GOCC_NADH_DEHYDROGENASE_COMPLEX,GOCC_NADH_DEHYDROGENASE_COMPLEX] was killed by [GOCC_INNER_MITOCHONDRIAL_MEMBRANE_PROTEIN_COMPLEX,GOCC_INNER_MITOCHONDRIAL_MEMBRANE_PROTEIN_COMPLEX]
[GOCC_OUTER_MITOCHONDRIAL_MEMBRANE_PROTEIN_COMPLEX,GOCC_OUTER_MITOCHONDRIAL_MEMBRANE_PROTEIN_COMPLEX] was killed by [GOCC_INNER_MITOCHONDRIAL_MEMBRANE_PROTEIN_COMPLEX,GOCC_INNER_MITOCHONDRIAL_MEMBRANE_PROTEIN_COMPLEX]
[GOCC_FICOLIN_1_RICH_GRANULE_LUMEN,GOCC_FICOLIN_1_RICH_GRANULE_LUMEN] was killed by [GOCC_SPECIFIC_GRANULE,GOCC_SPECIFIC_GRANULE]
[GOCC_TIM23_MITOCHONDRIAL_IMPORT_INNER_MEMBRANE_TRANSLOCASE_COMPLEX,GOCC_TIM23_MITOCHONDRIAL_IMPORT_INNER_MEMBRANE_TRANSLOCASE_COMPLEX] was killed by [GOCC_INNER_MITOCHONDRIAL_MEMBRANE_PROTEIN_COMPLEX,GOCC_INNER_MITOCHONDRIAL_MEMBRANE_PROTEIN_COMPLEX]
[GOCC_MICROBODY,GOCC_MICROBODY] was killed by [GOCC_MICROBODY_MEMBRANE,GOCC_MICROBODY_MEMBRANE]
[GOCC_90S_PRERIBOSOME,GOCC_90S_PRERIBOSOME] was killed by [GOCC_PRERIBOSOME,GOCC_PRERIBOSOME]
[GOCC_CAJAL_BODY,GOCC_CAJAL_BODY] was killed by [GOCC_SPLICEOSOMAL_COMPLEX,GOCC_SPLICEOSOMAL_COMPLEX]
[GOCC_PROTEIN_ACETYLTRANSFERASE_COMPLEX,GOCC_PROTEIN_ACETYLTRANSFERASE_COMPLEX] was killed by [GOCC_SWI_SNF_SUPERFAMILY_TYPE_COMPLEX,GOCC_SWI_SNF_SUPERFAMILY_TYPE_COMPLEX]
[GOCC_PML_BODY,GOCC_PML_BODY] was killed by [GOCC_CHROMOSOME_CENTROMERIC_REGION,GOCC_CHROMOSOME_CENTROMERIC_REGION]
[GOCC_PRECATALYTIC_SPLICEOSOME,GOCC_PRECATALYTIC_SPLICEOSOME] was killed by [GOCC_SPLICEOSOMAL_COMPLEX,GOCC_SPLICEOSOMAL_COMPLEX]
[GOCC_RECYCLING_ENDOSOME,GOCC_RECYCLING_ENDOSOME] was killed by [GOCC_SPECIFIC_GRANULE,GOCC_SPECIFIC_GRANULE]
[GOCC_NUCLEAR_REPLICATION_FORK,GOCC_NUCLEAR_REPLICATION_FORK] was killed by [GOCC_SPLICEOSOMAL_COMPLEX,GOCC_SPLICEOSOMAL_COMPLEX]
[GOCC_PHAGOCYTIC_VESICLE_MEMBRANE,GOCC_PHAGOCYTIC_VESICLE_MEMBRANE] was killed by [GOCC_ENDOPLASMIC_RETICULUM_PROTEIN_CONTAINING_COMPLEX,GOCC_ENDOPLASMIC_RETICULUM_PROTEIN_CONTAINING_COMPLEX]
[GOCC_SARCOLEMMA,GOCC_SARCOLEMMA] was killed by [GOCC_INTRINSIC_COMPONENT_OF_POSTSYNAPTIC_SPECIALIZATION_MEMBRANE,GOCC_INTRINSIC_COMPONENT_OF_POSTSYNAPTIC_SPECIALIZATION_MEMBRANE]
[GOCC_SNO_S_RNA_CONTAINING_RIBONUCLEOPROTEIN_COMPLEX,GOCC_SNO_S_RNA_CONTAINING_RIBONUCLEOPROTEIN_COMPLEX] was killed by [GOCC_SPLICEOSOMAL_COMPLEX,GOCC_SPLICEOSOMAL_COMPLEX]
[GOCC_ADHERENS_JUNCTION,GOCC_ADHERENS_JUNCTION] was killed by [GOCC_SITE_OF_POLARIZED_GROWTH,GOCC_SITE_OF_POLARIZED_GROWTH]
[GOCC_NEURON_PROJECTION_TERMINUS,GOCC_NEURON_PROJECTION_TERMINUS] was killed by [GOCC_INTRINSIC_COMPONENT_OF_POSTSYNAPTIC_SPECIALIZATION_MEMBRANE,GOCC_INTRINSIC_COMPONENT_OF_POSTSYNAPTIC_SPECIALIZATION_MEMBRANE]
[GOCC_HISTONE_METHYLTRANSFERASE_COMPLEX,GOCC_HISTONE_METHYLTRANSFERASE_COMPLEX] was killed by [GOCC_SWI_SNF_SUPERFAMILY_TYPE_COMPLEX,GOCC_SWI_SNF_SUPERFAMILY_TYPE_COMPLEX]
[GOCC_HETEROCHROMATIN,GOCC_HETEROCHROMATIN] was killed by [GOCC_CHROMOSOME_CENTROMERIC_REGION,GOCC_CHROMOSOME_CENTROMERIC_REGION]
[GOCC_CYTOSOLIC_LARGE_RIBOSOMAL_SUBUNIT,GOCC_CYTOSOLIC_LARGE_RIBOSOMAL_SUBUNIT] was killed by [GOCC_RIBOSOMAL_SUBUNIT,GOCC_RIBOSOMAL_SUBUNIT]
[GOCC_MOTILE_CILIUM,GOCC_MOTILE_CILIUM] was killed by [GOCC_CENTRIOLE,GOCC_CENTRIOLE]
[GOCC_EXCITATORY_SYNAPSE,GOCC_EXCITATORY_SYNAPSE] was killed by [GOCC_INTRINSIC_COMPONENT_OF_POSTSYNAPTIC_SPECIALIZATION_MEMBRANE,GOCC_INTRINSIC_COMPONENT_OF_POSTSYNAPTIC_SPECIALIZATION_MEMBRANE]
[GOCC_BASEMENT_MEMBRANE,GOCC_BASEMENT_MEMBRANE] was killed by [GOCC_COLLAGEN_TRIMER,GOCC_COLLAGEN_TRIMER]
[GOCC_AZUROPHIL_GRANULE,GOCC_AZUROPHIL_GRANULE] was killed by [GOCC_SPECIFIC_GRANULE,GOCC_SPECIFIC_GRANULE]
[GOCC_INTRINSIC_COMPONENT_OF_POSTSYNAPTIC_DENSITY_MEMBRANE,GOCC_INTRINSIC_COMPONENT_OF_POSTSYNAPTIC_DENSITY_MEMBRANE] was killed by [GOCC_INTRINSIC_COMPONENT_OF_POSTSYNAPTIC_SPECIALIZATION_MEMBRANE,GOCC_INTRINSIC_COMPONENT_OF_POSTSYNAPTIC_SPECIALIZATION_MEMBRANE]
[GOCC_CHLORIDE_CHANNEL_COMPLEX,GOCC_CHLORIDE_CHANNEL_COMPLEX] was killed by [GOCC_INTRINSIC_COMPONENT_OF_POSTSYNAPTIC_SPECIALIZATION_MEMBRANE,GOCC_INTRINSIC_COMPONENT_OF_POSTSYNAPTIC_SPECIALIZATION_MEMBRANE]
[GOCC_EXORIBONUCLEASE_COMPLEX,GOCC_EXORIBONUCLEASE_COMPLEX] was killed by [GOCC_P_BODY,GOCC_P_BODY]
[GOCC_POSTSYNAPTIC_DENSITY_MEMBRANE,GOCC_POSTSYNAPTIC_DENSITY_MEMBRANE] was killed by [GOCC_INTRINSIC_COMPONENT_OF_POSTSYNAPTIC_SPECIALIZATION_MEMBRANE,GOCC_INTRINSIC_COMPONENT_OF_POSTSYNAPTIC_SPECIALIZATION_MEMBRANE]
[GOCC_NUCLEAR_PORE,GOCC_NUCLEAR_PORE] was killed by [GOCC_CHROMOSOME_CENTROMERIC_REGION,GOCC_CHROMOSOME_CENTROMERIC_REGION]
[GOCC_NEURON_SPINE,GOCC_NEURON_SPINE] was killed by [GOCC_INTRINSIC_COMPONENT_OF_POSTSYNAPTIC_SPECIALIZATION_MEMBRANE,GOCC_INTRINSIC_COMPONENT_OF_POSTSYNAPTIC_SPECIALIZATION_MEMBRANE]
[GOCC_TERTIARY_GRANULE,GOCC_TERTIARY_GRANULE] was killed by [GOCC_SPECIFIC_GRANULE,GOCC_SPECIFIC_GRANULE]
[GOCC_CENTRIOLAR_SATELLITE,GOCC_CENTRIOLAR_SATELLITE] was killed by [GOCC_CENTRIOLE,GOCC_CENTRIOLE]
[GOCC_GAP_JUNCTION,GOCC_GAP_JUNCTION] was killed by [GOCC_CONNEXIN_COMPLEX,GOCC_CONNEXIN_COMPLEX]
[GOCC_EARLY_ENDOSOME_MEMBRANE,GOCC_EARLY_ENDOSOME_MEMBRANE] was killed by [GOCC_RECYCLING_ENDOSOME_MEMBRANE,GOCC_RECYCLING_ENDOSOME_MEMBRANE]
[GOCC_TERTIARY_GRANULE_MEMBRANE,GOCC_TERTIARY_GRANULE_MEMBRANE] was killed by [GOCC_SPECIFIC_GRANULE,GOCC_SPECIFIC_GRANULE]
[GOCC_INTRINSIC_COMPONENT_OF_MITOCHONDRIAL_OUTER_MEMBRANE,GOCC_INTRINSIC_COMPONENT_OF_MITOCHONDRIAL_OUTER_MEMBRANE] was killed by [GOCC_ORGANELLE_MEMBRANE_CONTACT_SITE,GOCC_ORGANELLE_MEMBRANE_CONTACT_SITE]
[GOCC_PHOSPHATASE_COMPLEX,GOCC_PHOSPHATASE_COMPLEX] was killed by [GOCC_CHROMOSOME_CENTROMERIC_REGION,GOCC_CHROMOSOME_CENTROMERIC_REGION]
[GOCC_HISTONE_DEACETYLASE_COMPLEX,GOCC_HISTONE_DEACETYLASE_COMPLEX] was killed by [GOCC_SWI_SNF_SUPERFAMILY_TYPE_COMPLEX,GOCC_SWI_SNF_SUPERFAMILY_TYPE_COMPLEX]
[GOCC_DNA_PACKAGING_COMPLEX,GOCC_DNA_PACKAGING_COMPLEX] was killed by [GOCC_CHROMOSOME_CENTROMERIC_REGION,GOCC_CHROMOSOME_CENTROMERIC_REGION]
[GOCC_MITOCHONDRIAL_SMALL_RIBOSOMAL_SUBUNIT,GOCC_MITOCHONDRIAL_SMALL_RIBOSOMAL_SUBUNIT] was killed by [GOCC_RIBOSOMAL_SUBUNIT,GOCC_RIBOSOMAL_SUBUNIT]
[GOCC_RNA_POLYMERASE_II_HOLOENZYME,GOCC_RNA_POLYMERASE_II_HOLOENZYME] was killed by [GOCC_RNA_POLYMERASE_COMPLEX,GOCC_RNA_POLYMERASE_COMPLEX]
[GOCC_ROUGH_ENDOPLASMIC_RETICULUM_MEMBRANE,GOCC_ROUGH_ENDOPLASMIC_RETICULUM_MEMBRANE] was killed by [GOCC_RIBOSOMAL_SUBUNIT,GOCC_RIBOSOMAL_SUBUNIT]
[GOCC_INO80_TYPE_COMPLEX,GOCC_INO80_TYPE_COMPLEX] was killed by [GOCC_SWI_SNF_SUPERFAMILY_TYPE_COMPLEX,GOCC_SWI_SNF_SUPERFAMILY_TYPE_COMPLEX]
[GOCC_PROTEASOME_CORE_COMPLEX,GOCC_PROTEASOME_CORE_COMPLEX] was killed by [GOCC_P_BODY,GOCC_P_BODY]
[GOCC_ANCHORED_COMPONENT_OF_PLASMA_MEMBRANE,GOCC_ANCHORED_COMPONENT_OF_PLASMA_MEMBRANE] was killed by [GOCC_INTRINSIC_COMPONENT_OF_POSTSYNAPTIC_SPECIALIZATION_MEMBRANE,GOCC_INTRINSIC_COMPONENT_OF_POSTSYNAPTIC_SPECIALIZATION_MEMBRANE]
[GOCC_POLE_PLASM,GOCC_POLE_PLASM] was killed by [GOCC_P_BODY,GOCC_P_BODY]
[GOCC_EXTRINSIC_COMPONENT_OF_PLASMA_MEMBRANE,GOCC_EXTRINSIC_COMPONENT_OF_PLASMA_MEMBRANE] was killed by [GOCC_ORGANELLE_MEMBRANE_CONTACT_SITE,GOCC_ORGANELLE_MEMBRANE_CONTACT_SITE]
[GOCC_TERMINAL_BOUTON,GOCC_TERMINAL_BOUTON] was killed by [GOCC_MEMBRANE_COAT,GOCC_MEMBRANE_COAT]
[GOCC_TELOMERASE_HOLOENZYME_COMPLEX,GOCC_TELOMERASE_HOLOENZYME_COMPLEX] was killed by [GOCC_SPLICEOSOMAL_COMPLEX,GOCC_SPLICEOSOMAL_COMPLEX]
[GOCC_GOLGI_ASSOCIATED_VESICLE,GOCC_GOLGI_ASSOCIATED_VESICLE] was killed by [GOCC_MEMBRANE_COAT,GOCC_MEMBRANE_COAT]
[GOCC_CYTOPLASMIC_STRESS_GRANULE,GOCC_CYTOPLASMIC_STRESS_GRANULE] was killed by [GOCC_SPLICEOSOMAL_COMPLEX,GOCC_SPLICEOSOMAL_COMPLEX]
[GOCC_RIBONUCLEASE_MRP_COMPLEX,GOCC_RIBONUCLEASE_MRP_COMPLEX] was killed by [GOCC_RNA_POLYMERASE_COMPLEX,GOCC_RNA_POLYMERASE_COMPLEX]
[GOCC_LEADING_EDGE_MEMBRANE,GOCC_LEADING_EDGE_MEMBRANE] was killed by [GOCC_INTRINSIC_COMPONENT_OF_POSTSYNAPTIC_SPECIALIZATION_MEMBRANE,GOCC_INTRINSIC_COMPONENT_OF_POSTSYNAPTIC_SPECIALIZATION_MEMBRANE]
[GOCC_PERICENTRIC_HETEROCHROMATIN,GOCC_PERICENTRIC_HETEROCHROMATIN] was killed by [GOCC_CHROMOSOME_CENTROMERIC_REGION,GOCC_CHROMOSOME_CENTROMERIC_REGION]
[GOCC_ENDOPLASMIC_RETICULUM_QUALITY_CONTROL_COMPARTMENT,GOCC_ENDOPLASMIC_RETICULUM_QUALITY_CONTROL_COMPARTMENT] was killed by [GOCC_ENDOPLASMIC_RETICULUM_PROTEIN_CONTAINING_COMPLEX,GOCC_ENDOPLASMIC_RETICULUM_PROTEIN_CONTAINING_COMPLEX]
[GOCC_CHROMATOID_BODY,GOCC_CHROMATOID_BODY] was killed by [GOCC_P_BODY,GOCC_P_BODY]
[GOCC_COPI_COATED_VESICLE,GOCC_COPI_COATED_VESICLE] was killed by [GOCC_MEMBRANE_COAT,GOCC_MEMBRANE_COAT]
[GOCC_SCHAFFER_COLLATERAL_CA1_SYNAPSE,GOCC_SCHAFFER_COLLATERAL_CA1_SYNAPSE] was killed by [GOCC_INTRINSIC_COMPONENT_OF_POSTSYNAPTIC_SPECIALIZATION_MEMBRANE,GOCC_INTRINSIC_COMPONENT_OF_POSTSYNAPTIC_SPECIALIZATION_MEMBRANE]
[GOCC_9PLUS2_MOTILE_CILIUM,GOCC_9PLUS2_MOTILE_CILIUM] was killed by [GOCC_CENTRIOLE,GOCC_CENTRIOLE]
[GOCC_SPLICEOSOMAL_TRI_SNRNP_COMPLEX,GOCC_SPLICEOSOMAL_TRI_SNRNP_COMPLEX] was killed by [GOCC_SPLICEOSOMAL_COMPLEX,GOCC_SPLICEOSOMAL_COMPLEX]
[GOCC_MLL1_2_COMPLEX,GOCC_MLL1_2_COMPLEX] was killed by [GOCC_SWI_SNF_SUPERFAMILY_TYPE_COMPLEX,GOCC_SWI_SNF_SUPERFAMILY_TYPE_COMPLEX]
[GOCC_NODE_OF_RANVIER,GOCC_NODE_OF_RANVIER] was killed by [GOCC_POTASSIUM_CHANNEL_COMPLEX,GOCC_POTASSIUM_CHANNEL_COMPLEX]
[GOCC_AUTOPHAGOSOME,GOCC_AUTOPHAGOSOME] was killed by [GOCC_RECYCLING_ENDOSOME_MEMBRANE,GOCC_RECYCLING_ENDOSOME_MEMBRANE]
[GOCC_CCR4_NOT_COMPLEX,GOCC_CCR4_NOT_COMPLEX] was killed by [GOCC_P_BODY,GOCC_P_BODY]
[GOCC_NUCLEAR_UBIQUITIN_LIGASE_COMPLEX,GOCC_NUCLEAR_UBIQUITIN_LIGASE_COMPLEX] was killed by [GOCC_CULLIN_RING_UBIQUITIN_LIGASE_COMPLEX,GOCC_CULLIN_RING_UBIQUITIN_LIGASE_COMPLEX]
[GOCC_ENDORIBONUCLEASE_COMPLEX,GOCC_ENDORIBONUCLEASE_COMPLEX] was killed by [GOCC_NUCLEOID,GOCC_NUCLEOID]
[GOCC_MICROBODY_LUMEN,GOCC_MICROBODY_LUMEN] was killed by [GOCC_MICROBODY_MEMBRANE,GOCC_MICROBODY_MEMBRANE]
[GOCC_MULTIVESICULAR_BODY_MEMBRANE,GOCC_MULTIVESICULAR_BODY_MEMBRANE] was killed by [GOCC_RECYCLING_ENDOSOME_MEMBRANE,GOCC_RECYCLING_ENDOSOME_MEMBRANE]
[GOCC_DNA_REPAIR_COMPLEX,GOCC_DNA_REPAIR_COMPLEX] was killed by [GOCC_SITE_OF_DOUBLE_STRAND_BREAK,GOCC_SITE_OF_DOUBLE_STRAND_BREAK]
[GOCC_U2_TYPE_CATALYTIC_STEP_2_SPLICEOSOME,GOCC_U2_TYPE_CATALYTIC_STEP_2_SPLICEOSOME] was killed by [GOCC_SPLICEOSOMAL_COMPLEX,GOCC_SPLICEOSOMAL_COMPLEX]
[GOCC_MITOTIC_SPINDLE_POLE,GOCC_MITOTIC_SPINDLE_POLE] was killed by [GOCC_CHROMOSOME_CENTROMERIC_REGION,GOCC_CHROMOSOME_CENTROMERIC_REGION]
[GOCC_SYNAPTIC_CLEFT,GOCC_SYNAPTIC_CLEFT] was killed by [GOCC_COLLAGEN_TRIMER,GOCC_COLLAGEN_TRIMER]
[GOCC_ATPASE_COMPLEX,GOCC_ATPASE_COMPLEX] was killed by [GOCC_SWI_SNF_SUPERFAMILY_TYPE_COMPLEX,GOCC_SWI_SNF_SUPERFAMILY_TYPE_COMPLEX]
[GOCC_SPECIFIC_GRANULE_MEMBRANE,GOCC_SPECIFIC_GRANULE_MEMBRANE] was killed by [GOCC_SPECIFIC_GRANULE,GOCC_SPECIFIC_GRANULE]
[GOCC_VESICLE_TETHERING_COMPLEX,GOCC_VESICLE_TETHERING_COMPLEX] was killed by [GOCC_SITE_OF_POLARIZED_GROWTH,GOCC_SITE_OF_POLARIZED_GROWTH]
[GOCC_INCLUSION_BODY,GOCC_INCLUSION_BODY] was killed by [GOCC_SITE_OF_DOUBLE_STRAND_BREAK,GOCC_SITE_OF_DOUBLE_STRAND_BREAK]
[GOCC_LATE_ENDOSOME_MEMBRANE,GOCC_LATE_ENDOSOME_MEMBRANE] was killed by [GOCC_SPECIFIC_GRANULE,GOCC_SPECIFIC_GRANULE]
[GOCC_POST_MRNA_RELEASE_SPLICEOSOMAL_COMPLEX,GOCC_POST_MRNA_RELEASE_SPLICEOSOMAL_COMPLEX] was killed by [GOCC_SPLICEOSOMAL_COMPLEX,GOCC_SPLICEOSOMAL_COMPLEX]
[GOCC_PRERIBOSOME_LARGE_SUBUNIT_PRECURSOR,GOCC_PRERIBOSOME_LARGE_SUBUNIT_PRECURSOR] was killed by [GOCC_PRERIBOSOME,GOCC_PRERIBOSOME]
[GOCC_RIBONUCLEASE_P_COMPLEX,GOCC_RIBONUCLEASE_P_COMPLEX] was killed by [GOCC_NUCLEOID,GOCC_NUCLEOID]
[GOCC_PODOSOME,GOCC_PODOSOME] was killed by [GOCC_SITE_OF_POLARIZED_GROWTH,GOCC_SITE_OF_POLARIZED_GROWTH]
[GOCC_RNA_POLYMERASE_II_CORE_COMPLEX,GOCC_RNA_POLYMERASE_II_CORE_COMPLEX] was killed by [GOCC_P_BODY,GOCC_P_BODY]
[GOCC_TRANS_GOLGI_NETWORK_MEMBRANE,GOCC_TRANS_GOLGI_NETWORK_MEMBRANE] was killed by [GOCC_MEMBRANE_COAT,GOCC_MEMBRANE_COAT]
[GOCC_SPECIFIC_GRANULE_LUMEN,GOCC_SPECIFIC_GRANULE_LUMEN] was killed by [GOCC_SPECIFIC_GRANULE,GOCC_SPECIFIC_GRANULE]
[GOCC_REPLISOME,GOCC_REPLISOME] was killed by [GOCC_SPLICEOSOMAL_COMPLEX,GOCC_SPLICEOSOMAL_COMPLEX]
[GOCC_AZUROPHIL_GRANULE_MEMBRANE,GOCC_AZUROPHIL_GRANULE_MEMBRANE] was killed by [GOCC_SPECIFIC_GRANULE,GOCC_SPECIFIC_GRANULE]
[GOCC_SAM_COMPLEX,GOCC_SAM_COMPLEX] was killed by [GOCC_INNER_MITOCHONDRIAL_MEMBRANE_PROTEIN_COMPLEX,GOCC_INNER_MITOCHONDRIAL_MEMBRANE_PROTEIN_COMPLEX]
[GOCC_DENDRITIC_SPINE_HEAD,GOCC_DENDRITIC_SPINE_HEAD] was killed by [GOCC_SITE_OF_POLARIZED_GROWTH,GOCC_SITE_OF_POLARIZED_GROWTH]
[GOCC_PLATELET_ALPHA_GRANULE,GOCC_PLATELET_ALPHA_GRANULE] was killed by [GOCC_SPECIFIC_GRANULE,GOCC_SPECIFIC_GRANULE]
[GOCC_COPI_COATED_VESICLE_MEMBRANE,GOCC_COPI_COATED_VESICLE_MEMBRANE] was killed by [GOCC_MEMBRANE_COAT,GOCC_MEMBRANE_COAT]
[GOCC_DNA_HELICASE_COMPLEX,GOCC_DNA_HELICASE_COMPLEX] was killed by [GOCC_SWI_SNF_SUPERFAMILY_TYPE_COMPLEX,GOCC_SWI_SNF_SUPERFAMILY_TYPE_COMPLEX]
[GOCC_CUL4A_RING_E3_UBIQUITIN_LIGASE_COMPLEX,GOCC_CUL4A_RING_E3_UBIQUITIN_LIGASE_COMPLEX] was killed by [GOCC_CULLIN_RING_UBIQUITIN_LIGASE_COMPLEX,GOCC_CULLIN_RING_UBIQUITIN_LIGASE_COMPLEX]
[GOCC_L_TYPE_VOLTAGE_GATED_CALCIUM_CHANNEL_COMPLEX,GOCC_L_TYPE_VOLTAGE_GATED_CALCIUM_CHANNEL_COMPLEX] was killed by [GOCC_INTRINSIC_COMPONENT_OF_POSTSYNAPTIC_SPECIALIZATION_MEMBRANE,GOCC_INTRINSIC_COMPONENT_OF_POSTSYNAPTIC_SPECIALIZATION_MEMBRANE]
[GOCC_METHYLOSOME,GOCC_METHYLOSOME] was killed by [GOCC_SPLICEOSOMAL_COMPLEX,GOCC_SPLICEOSOMAL_COMPLEX]
[GOCC_NEUROMUSCULAR_JUNCTION,GOCC_NEUROMUSCULAR_JUNCTION] was killed by [GOCC_INTRINSIC_COMPONENT_OF_POSTSYNAPTIC_SPECIALIZATION_MEMBRANE,GOCC_INTRINSIC_COMPONENT_OF_POSTSYNAPTIC_SPECIALIZATION_MEMBRANE]
[GOCC_ANAPHASE_PROMOTING_COMPLEX,GOCC_ANAPHASE_PROMOTING_COMPLEX] was killed by [GOCC_CULLIN_RING_UBIQUITIN_LIGASE_COMPLEX,GOCC_CULLIN_RING_UBIQUITIN_LIGASE_COMPLEX]
[GOCC_CILIARY_TRANSITION_ZONE,GOCC_CILIARY_TRANSITION_ZONE] was killed by [GOCC_CENTRIOLE,GOCC_CENTRIOLE]
[GOCC_SMOOTH_ENDOPLASMIC_RETICULUM,GOCC_SMOOTH_ENDOPLASMIC_RETICULUM] was killed by [GOCC_ENDOPLASMIC_RETICULUM_PROTEIN_CONTAINING_COMPLEX,GOCC_ENDOPLASMIC_RETICULUM_PROTEIN_CONTAINING_COMPLEX]
[GOCC_FILOPODIUM,GOCC_FILOPODIUM] was killed by [GOCC_SITE_OF_POLARIZED_GROWTH,GOCC_SITE_OF_POLARIZED_GROWTH]
[GOCC_GABA_ERGIC_SYNAPSE,GOCC_GABA_ERGIC_SYNAPSE] was killed by [GOCC_INTRINSIC_COMPONENT_OF_POSTSYNAPTIC_SPECIALIZATION_MEMBRANE,GOCC_INTRINSIC_COMPONENT_OF_POSTSYNAPTIC_SPECIALIZATION_MEMBRANE]
[GOCC_VOLTAGE_GATED_CALCIUM_CHANNEL_COMPLEX,GOCC_VOLTAGE_GATED_CALCIUM_CHANNEL_COMPLEX] was killed by [GOCC_ENDOPLASMIC_RETICULUM_PROTEIN_CONTAINING_COMPLEX,GOCC_ENDOPLASMIC_RETICULUM_PROTEIN_CONTAINING_COMPLEX]
[GOCC_U5_SNRNP,GOCC_U5_SNRNP] was killed by [GOCC_SPLICEOSOMAL_COMPLEX,GOCC_SPLICEOSOMAL_COMPLEX]
[GOCC_PIGMENT_GRANULE,GOCC_PIGMENT_GRANULE] was killed by [GOCC_ENDOPLASMIC_RETICULUM_PROTEIN_CONTAINING_COMPLEX,GOCC_ENDOPLASMIC_RETICULUM_PROTEIN_CONTAINING_COMPLEX]
[GOCC_CYTOCHROME_COMPLEX,GOCC_CYTOCHROME_COMPLEX] was killed by [GOCC_INNER_MITOCHONDRIAL_MEMBRANE_PROTEIN_COMPLEX,GOCC_INNER_MITOCHONDRIAL_MEMBRANE_PROTEIN_COMPLEX]
[GOCC_NEURON_PROJECTION_CYTOPLASM,GOCC_NEURON_PROJECTION_CYTOPLASM] was killed by [GOCC_CHROMOSOME_CENTROMERIC_REGION,GOCC_CHROMOSOME_CENTROMERIC_REGION]
[GOCC_LATERAL_ELEMENT,GOCC_LATERAL_ELEMENT] was killed by [GOCC_CHROMOSOME_CENTROMERIC_REGION,GOCC_CHROMOSOME_CENTROMERIC_REGION]
[GOCC_LAMELLIPODIUM_MEMBRANE,GOCC_LAMELLIPODIUM_MEMBRANE] was killed by [GOCC_PLATELET_ALPHA_GRANULE_MEMBRANE,GOCC_PLATELET_ALPHA_GRANULE_MEMBRANE]
[GOCC_NUCLEAR_LAMINA,GOCC_NUCLEAR_LAMINA] was killed by [GOCC_SITE_OF_DOUBLE_STRAND_BREAK,GOCC_SITE_OF_DOUBLE_STRAND_BREAK]
[GOCC_NMDA_SELECTIVE_GLUTAMATE_RECEPTOR_COMPLEX,GOCC_NMDA_SELECTIVE_GLUTAMATE_RECEPTOR_COMPLEX] was killed by [GOCC_INTRINSIC_COMPONENT_OF_POSTSYNAPTIC_SPECIALIZATION_MEMBRANE,GOCC_INTRINSIC_COMPONENT_OF_POSTSYNAPTIC_SPECIALIZATION_MEMBRANE]
[GOCC_TRANSCRIPTION_ELONGATION_FACTOR_COMPLEX,GOCC_TRANSCRIPTION_ELONGATION_FACTOR_COMPLEX] was killed by [GOCC_RNA_POLYMERASE_COMPLEX,GOCC_RNA_POLYMERASE_COMPLEX]
[GOCC_VESICLE_COAT,GOCC_VESICLE_COAT] was killed by [GOCC_MEMBRANE_COAT,GOCC_MEMBRANE_COAT]
[GOCC_COATED_VESICLE_MEMBRANE,GOCC_COATED_VESICLE_MEMBRANE] was killed by [GOCC_IMMUNOGLOBULIN_COMPLEX,GOCC_IMMUNOGLOBULIN_COMPLEX]
[GOCC_FANCONI_ANAEMIA_NUCLEAR_COMPLEX,GOCC_FANCONI_ANAEMIA_NUCLEAR_COMPLEX] was killed by [GOCC_CHROMOSOME_CENTROMERIC_REGION,GOCC_CHROMOSOME_CENTROMERIC_REGION]
[GOCC_MITOCHONDRIAL_OUTER_MEMBRANE_TRANSLOCASE_COMPLEX,GOCC_MITOCHONDRIAL_OUTER_MEMBRANE_TRANSLOCASE_COMPLEX] was killed by [GOCC_ORGANELLE_MEMBRANE_CONTACT_SITE,GOCC_ORGANELLE_MEMBRANE_CONTACT_SITE]
[GOCC_ACTOMYOSIN,GOCC_ACTOMYOSIN] was killed by [GOCC_SITE_OF_POLARIZED_GROWTH,GOCC_SITE_OF_POLARIZED_GROWTH]
[GOCC_TRANSCRIPTION_FACTOR_TFIID_COMPLEX,GOCC_TRANSCRIPTION_FACTOR_TFIID_COMPLEX] was killed by [GOCC_RNA_POLYMERASE_COMPLEX,GOCC_RNA_POLYMERASE_COMPLEX]
[GOCC_RNA_POLYMERASE_II_TRANSCRIPTION_REGULATOR_COMPLEX,GOCC_RNA_POLYMERASE_II_TRANSCRIPTION_REGULATOR_COMPLEX] was killed by [GOCC_IMMUNOGLOBULIN_COMPLEX,GOCC_IMMUNOGLOBULIN_COMPLEX]
[GOCC_COPI_VESICLE_COAT,GOCC_COPI_VESICLE_COAT] was killed by [GOCC_SITE_OF_POLARIZED_GROWTH,GOCC_SITE_OF_POLARIZED_GROWTH]
[GOCC_ACETYLCHOLINE_GATED_CHANNEL_COMPLEX,GOCC_ACETYLCHOLINE_GATED_CHANNEL_COMPLEX] was killed by [GOCC_INTRINSIC_COMPONENT_OF_POSTSYNAPTIC_SPECIALIZATION_MEMBRANE,GOCC_INTRINSIC_COMPONENT_OF_POSTSYNAPTIC_SPECIALIZATION_MEMBRANE]
[GOCC_PRESPLICEOSOME,GOCC_PRESPLICEOSOME] was killed by [GOCC_SPLICEOSOMAL_COMPLEX,GOCC_SPLICEOSOMAL_COMPLEX]
[GOCC_CILIARY_ROOTLET,GOCC_CILIARY_ROOTLET] was killed by [GOCC_CHROMOSOME_CENTROMERIC_REGION,GOCC_CHROMOSOME_CENTROMERIC_REGION]
[GOCC_POLYSOME,GOCC_POLYSOME] was killed by [GOCC_RIBOSOMAL_SUBUNIT,GOCC_RIBOSOMAL_SUBUNIT]
[GOCC_POLYSOMAL_RIBOSOME,GOCC_POLYSOMAL_RIBOSOME] was killed by [GOCC_RIBOSOMAL_SUBUNIT,GOCC_RIBOSOMAL_SUBUNIT]
[GOCC_RNA_POLYMERASE_I_COMPLEX,GOCC_RNA_POLYMERASE_I_COMPLEX] was killed by [GOCC_RNA_POLYMERASE_COMPLEX,GOCC_RNA_POLYMERASE_COMPLEX]
[GOCC_MICOS_COMPLEX,GOCC_MICOS_COMPLEX] was killed by [GOCC_INNER_MITOCHONDRIAL_MEMBRANE_PROTEIN_COMPLEX,GOCC_INNER_MITOCHONDRIAL_MEMBRANE_PROTEIN_COMPLEX]
[GOCC_PROTEASOME_REGULATORY_PARTICLE_BASE_SUBCOMPLEX,GOCC_PROTEASOME_REGULATORY_PARTICLE_BASE_SUBCOMPLEX] was killed by [GOCC_P_BODY,GOCC_P_BODY]
[GOCC_WNT_SIGNALOSOME,GOCC_WNT_SIGNALOSOME] was killed by [GOCC_SITE_OF_POLARIZED_GROWTH,GOCC_SITE_OF_POLARIZED_GROWTH]
[GOCC_HAPTOGLOBIN_HEMOGLOBIN_COMPLEX,GOCC_HAPTOGLOBIN_HEMOGLOBIN_COMPLEX] was killed by [GOCC_HEMOGLOBIN_COMPLEX,GOCC_HEMOGLOBIN_COMPLEX]
[GOCC_CUL4_RING_E3_UBIQUITIN_LIGASE_COMPLEX,GOCC_CUL4_RING_E3_UBIQUITIN_LIGASE_COMPLEX] was killed by [GOCC_CULLIN_RING_UBIQUITIN_LIGASE_COMPLEX,GOCC_CULLIN_RING_UBIQUITIN_LIGASE_COMPLEX]
[GOCC_MITOCHONDRIA_ASSOCIATED_ENDOPLASMIC_RETICULUM_MEMBRANE,GOCC_MITOCHONDRIA_ASSOCIATED_ENDOPLASMIC_RETICULUM_MEMBRANE] was killed by [GOCC_ORGANELLE_MEMBRANE_CONTACT_SITE,GOCC_ORGANELLE_MEMBRANE_CONTACT_SITE]
[GOCC_AXON_CYTOPLASM,GOCC_AXON_CYTOPLASM] was killed by [GOCC_CHROMOSOME_CENTROMERIC_REGION,GOCC_CHROMOSOME_CENTROMERIC_REGION]
[GOCC_PERIKARYON,GOCC_PERIKARYON] was killed by [GOCC_SPLICEOSOMAL_COMPLEX,GOCC_SPLICEOSOMAL_COMPLEX]
[GOCC_CATENIN_COMPLEX,GOCC_CATENIN_COMPLEX] was killed by [GOCC_INTRINSIC_COMPONENT_OF_POSTSYNAPTIC_SPECIALIZATION_MEMBRANE,GOCC_INTRINSIC_COMPONENT_OF_POSTSYNAPTIC_SPECIALIZATION_MEMBRANE]
[GOCC_SIN3_TYPE_COMPLEX,GOCC_SIN3_TYPE_COMPLEX] was killed by [GOCC_SWI_SNF_SUPERFAMILY_TYPE_COMPLEX,GOCC_SWI_SNF_SUPERFAMILY_TYPE_COMPLEX]
[GOCC_PAM_COMPLEX_TIM23_ASSOCIATED_IMPORT_MOTOR,GOCC_PAM_COMPLEX_TIM23_ASSOCIATED_IMPORT_MOTOR] was killed by [GOCC_INNER_MITOCHONDRIAL_MEMBRANE_PROTEIN_COMPLEX,GOCC_INNER_MITOCHONDRIAL_MEMBRANE_PROTEIN_COMPLEX]
[GOCC_SYNAPTONEMAL_STRUCTURE,GOCC_SYNAPTONEMAL_STRUCTURE] was killed by [GOCC_CHROMOSOME_CENTROMERIC_REGION,GOCC_CHROMOSOME_CENTROMERIC_REGION]
[GOCC_DNA_REPLICATION_FACTOR_A_COMPLEX,GOCC_DNA_REPLICATION_FACTOR_A_COMPLEX] was killed by [GOCC_SPLICEOSOMAL_COMPLEX,GOCC_SPLICEOSOMAL_COMPLEX]
[GOCC_MKS_COMPLEX,GOCC_MKS_COMPLEX] was killed by [GOCC_CENTRIOLE,GOCC_CENTRIOLE]
[GOCC_NUCLEAR_EXOSOME_RNASE_COMPLEX,GOCC_NUCLEAR_EXOSOME_RNASE_COMPLEX] was killed by [GOCC_CYTOPLASMIC_EXOSOME_RNASE_COMPLEX,GOCC_CYTOPLASMIC_EXOSOME_RNASE_COMPLEX]
[GOCC_LAMELLAR_BODY,GOCC_LAMELLAR_BODY] was killed by [GOCC_COLLAGEN_TRIMER,GOCC_COLLAGEN_TRIMER]
[GOCC_GOLGI_ASSOCIATED_VESICLE_MEMBRANE,GOCC_GOLGI_ASSOCIATED_VESICLE_MEMBRANE] was killed by [GOCC_MEMBRANE_COAT,GOCC_MEMBRANE_COAT]
[GOCC_TRANSCRIPTION_REPRESSOR_COMPLEX,GOCC_TRANSCRIPTION_REPRESSOR_COMPLEX] was killed by [GOCC_SWI_SNF_SUPERFAMILY_TYPE_COMPLEX,GOCC_SWI_SNF_SUPERFAMILY_TYPE_COMPLEX]
[GOCC_MAIN_AXON,GOCC_MAIN_AXON] was killed by [GOCC_SITE_OF_POLARIZED_GROWTH,GOCC_SITE_OF_POLARIZED_GROWTH]
[GOCC_ISWI_TYPE_COMPLEX,GOCC_ISWI_TYPE_COMPLEX] was killed by [GOCC_SWI_SNF_SUPERFAMILY_TYPE_COMPLEX,GOCC_SWI_SNF_SUPERFAMILY_TYPE_COMPLEX]
[GOCC_POSTSYNAPTIC_DENSITY_INTRACELLULAR_COMPONENT,GOCC_POSTSYNAPTIC_DENSITY_INTRACELLULAR_COMPONENT] was killed by [GOCC_SITE_OF_POLARIZED_GROWTH,GOCC_SITE_OF_POLARIZED_GROWTH]
[GOCC_INHIBITORY_SYNAPSE,GOCC_INHIBITORY_SYNAPSE] was killed by [GOCC_INTRINSIC_COMPONENT_OF_POSTSYNAPTIC_SPECIALIZATION_MEMBRANE,GOCC_INTRINSIC_COMPONENT_OF_POSTSYNAPTIC_SPECIALIZATION_MEMBRANE]
[GOCC_PROTON_TRANSPORTING_ATP_SYNTHASE_COMPLEX_COUPLING_FACTOR_F_O,GOCC_PROTON_TRANSPORTING_ATP_SYNTHASE_COMPLEX_COUPLING_FACTOR_F_O] was killed by [GOCC_INNER_MITOCHONDRIAL_MEMBRANE_PROTEIN_COMPLEX,GOCC_INNER_MITOCHONDRIAL_MEMBRANE_PROTEIN_COMPLEX]
[GOCC_MICROVILLUS_MEMBRANE,GOCC_MICROVILLUS_MEMBRANE] was killed by [GOCC_PLATELET_ALPHA_GRANULE_MEMBRANE,GOCC_PLATELET_ALPHA_GRANULE_MEMBRANE]
[GOCC_U1_SNRNP,GOCC_U1_SNRNP] was killed by [GOCC_SPLICEOSOMAL_COMPLEX,GOCC_SPLICEOSOMAL_COMPLEX]
[GOCC_NURD_COMPLEX,GOCC_NURD_COMPLEX] was killed by [GOCC_SWI_SNF_SUPERFAMILY_TYPE_COMPLEX,GOCC_SWI_SNF_SUPERFAMILY_TYPE_COMPLEX]
[GOCC_PERICENTRIOLAR_MATERIAL,GOCC_PERICENTRIOLAR_MATERIAL] was killed by [GOCC_CENTRIOLE,GOCC_CENTRIOLE]
[GOCC_GLIAL_CELL_PROJECTION,GOCC_GLIAL_CELL_PROJECTION] was killed by [GOCC_SITE_OF_POLARIZED_GROWTH,GOCC_SITE_OF_POLARIZED_GROWTH]
