[GOBP_ESTABLISHMENT_OF_PROTEIN_LOCALIZATION_TO_ENDOPLASMIC_RETICULUM,GOBP_ESTABLISHMENT_OF_PROTEIN_LOCALIZATION_TO_ENDOPLASMIC_RETICULUM] was killed by [GOBP_COTRANSLATIONAL_PROTEIN_TARGETING_TO_MEMBRANE,GOBP_COTRANSLATIONAL_PROTEIN_TARGETING_TO_MEMBRANE]
[GOCC_CYTOSOLIC_RIBOSOME,GOCC_CYTOSOLIC_RIBOSOME] was killed by [GOBP_COTRANSLATIONAL_PROTEIN_TARGETING_TO_MEMBRANE,GOBP_COTRANSLATIONAL_PROTEIN_TARGETING_TO_MEMBRANE]
[HP_ABNORMALITY_OF_THE_MAXILLA,HP_ABNORMALITY_OF_THE_MAXILLA] was killed by [HP_SPORADIC,HP_SPORADIC]
[GOBP_PROTEIN_LOCALIZATION_TO_ENDOPLASMIC_RETICULUM,GOBP_PROTEIN_LOCALIZATION_TO_ENDOPLASMIC_RETICULUM] was killed by [GOBP_COTRANSLATIONAL_PROTEIN_TARGETING_TO_MEMBRANE,GOBP_COTRANSLATIONAL_PROTEIN_TARGETING_TO_MEMBRANE]
[GOBP_REGULATION_OF_CELL_CYCLE_G1_S_PHASE_TRANSITION,GOBP_REGULATION_OF_CELL_CYCLE_G1_S_PHASE_TRANSITION] was killed by [GOBP_POSITIVE_REGULATION_OF_TYPE_I_INTERFERON_PRODUCTION,GOBP_POSITIVE_REGULATION_OF_TYPE_I_INTERFERON_PRODUCTION]
[GOMF_STRUCTURAL_CONSTITUENT_OF_RIBOSOME,GOMF_STRUCTURAL_CONSTITUENT_OF_RIBOSOME] was killed by [GOBP_COTRANSLATIONAL_PROTEIN_TARGETING_TO_MEMBRANE,GOBP_COTRANSLATIONAL_PROTEIN_TARGETING_TO_MEMBRANE]
[GOBP_CELLULAR_MONOVALENT_INORGANIC_CATION_HOMEOSTASIS,GOBP_CELLULAR_MONOVALENT_INORGANIC_CATION_HOMEOSTASIS] was killed by [GOBP_MONOVALENT_INORGANIC_CATION_HOMEOSTASIS,GOBP_MONOVALENT_INORGANIC_CATION_HOMEOSTASIS]
[GOCC_CYTOSOLIC_LARGE_RIBOSOMAL_SUBUNIT,GOCC_CYTOSOLIC_LARGE_RIBOSOMAL_SUBUNIT] was killed by [GOBP_COTRANSLATIONAL_PROTEIN_TARGETING_TO_MEMBRANE,GOBP_COTRANSLATIONAL_PROTEIN_TARGETING_TO_MEMBRANE]
[GOBP_REGULATION_OF_PH,GOBP_REGULATION_OF_PH] was killed by [GOBP_MONOVALENT_INORGANIC_CATION_HOMEOSTASIS,GOBP_MONOVALENT_INORGANIC_CATION_HOMEOSTASIS]
[GOBP_TRANSLATIONAL_INITIATION,GOBP_TRANSLATIONAL_INITIATION] was killed by [GOBP_COTRANSLATIONAL_PROTEIN_TARGETING_TO_MEMBRANE,GOBP_COTRANSLATIONAL_PROTEIN_TARGETING_TO_MEMBRANE]
[GOBP_NON_RECOMBINATIONAL_REPAIR,GOBP_NON_RECOMBINATIONAL_REPAIR] was killed by [GOBP_POSITIVE_REGULATION_OF_TYPE_I_INTERFERON_PRODUCTION,GOBP_POSITIVE_REGULATION_OF_TYPE_I_INTERFERON_PRODUCTION]
[HP_FAILURE_TO_THRIVE_IN_INFANCY,HP_FAILURE_TO_THRIVE_IN_INFANCY] was killed by [HP_SPORADIC,HP_SPORADIC]
[GOBP_VIRAL_GENE_EXPRESSION,GOBP_VIRAL_GENE_EXPRESSION] was killed by [GOBP_COTRANSLATIONAL_PROTEIN_TARGETING_TO_MEMBRANE,GOBP_COTRANSLATIONAL_PROTEIN_TARGETING_TO_MEMBRANE]
[GOBP_RIBOSOMAL_LARGE_SUBUNIT_BIOGENESIS,GOBP_RIBOSOMAL_LARGE_SUBUNIT_BIOGENESIS] was killed by [GOBP_COTRANSLATIONAL_PROTEIN_TARGETING_TO_MEMBRANE,GOBP_COTRANSLATIONAL_PROTEIN_TARGETING_TO_MEMBRANE]
[HP_EXCESSIVE_SALIVATION,HP_EXCESSIVE_SALIVATION] was killed by [HP_SPORADIC,HP_SPORADIC]
[HP_MALIGNANT_GENITOURINARY_TRACT_TUMOR,HP_MALIGNANT_GENITOURINARY_TRACT_TUMOR] was killed by [GOBP_COTRANSLATIONAL_PROTEIN_TARGETING_TO_MEMBRANE,GOBP_COTRANSLATIONAL_PROTEIN_TARGETING_TO_MEMBRANE]
[GOCC_RIBOSOMAL_SUBUNIT,GOCC_RIBOSOMAL_SUBUNIT] was killed by [GOBP_COTRANSLATIONAL_PROTEIN_TARGETING_TO_MEMBRANE,GOBP_COTRANSLATIONAL_PROTEIN_TARGETING_TO_MEMBRANE]
[HP_ABNORMALITY_OF_ODONTOID_TISSUE,HP_ABNORMALITY_OF_ODONTOID_TISSUE] was killed by [HP_SPORADIC,HP_SPORADIC]
[GOBP_MATURATION_OF_LSU_RRNA,GOBP_MATURATION_OF_LSU_RRNA] was killed by [GOBP_COTRANSLATIONAL_PROTEIN_TARGETING_TO_MEMBRANE,GOBP_COTRANSLATIONAL_PROTEIN_TARGETING_TO_MEMBRANE]
[GOCC_LYSOSOMAL_LUMEN,GOCC_LYSOSOMAL_LUMEN] was killed by [GOCC_AXONAL_GROWTH_CONE,GOCC_AXONAL_GROWTH_CONE]
[GOBP_FACE_DEVELOPMENT,GOBP_FACE_DEVELOPMENT] was killed by [HP_SPORADIC,HP_SPORADIC]
[GOBP_NON_MOTILE_CILIUM_ASSEMBLY,GOBP_NON_MOTILE_CILIUM_ASSEMBLY] was killed by [GOBP_CARTILAGE_DEVELOPMENT,GOBP_CARTILAGE_DEVELOPMENT]
[HP_LOWER_LIMB_HYPERREFLEXIA,HP_LOWER_LIMB_HYPERREFLEXIA] was killed by [HP_SPORADIC,HP_SPORADIC]
[HP_SELF_INJURIOUS_BEHAVIOR,HP_SELF_INJURIOUS_BEHAVIOR] was killed by [GOBP_MONOVALENT_INORGANIC_CATION_HOMEOSTASIS,GOBP_MONOVALENT_INORGANIC_CATION_HOMEOSTASIS]
[GOBP_PEPTIDYL_TYROSINE_DEPHOSPHORYLATION,GOBP_PEPTIDYL_TYROSINE_DEPHOSPHORYLATION] was killed by [GOBP_POSITIVE_REGULATION_OF_TYPE_I_INTERFERON_PRODUCTION,GOBP_POSITIVE_REGULATION_OF_TYPE_I_INTERFERON_PRODUCTION]
[GOMF_PROTEIN_TYROSINE_PHOSPHATASE_ACTIVITY,GOMF_PROTEIN_TYROSINE_PHOSPHATASE_ACTIVITY] was killed by [GOBP_POSITIVE_REGULATION_OF_TYPE_I_INTERFERON_PRODUCTION,GOBP_POSITIVE_REGULATION_OF_TYPE_I_INTERFERON_PRODUCTION]
[HP_OVERLAPPING_TOE,HP_OVERLAPPING_TOE] was killed by [GOBP_MONOVALENT_INORGANIC_CATION_HOMEOSTASIS,GOBP_MONOVALENT_INORGANIC_CATION_HOMEOSTASIS]
[HP_NONIMMUNE_HYDROPS_FETALIS,HP_NONIMMUNE_HYDROPS_FETALIS] was killed by [GOBP_COTRANSLATIONAL_PROTEIN_TARGETING_TO_MEMBRANE,GOBP_COTRANSLATIONAL_PROTEIN_TARGETING_TO_MEMBRANE]
[GOBP_RNA_DEPENDENT_DNA_BIOSYNTHETIC_PROCESS,GOBP_RNA_DEPENDENT_DNA_BIOSYNTHETIC_PROCESS] was killed by [GOCC_AXONAL_GROWTH_CONE,GOCC_AXONAL_GROWTH_CONE]
[GOBP_POSITIVE_REGULATION_OF_TELOMERASE_ACTIVITY,GOBP_POSITIVE_REGULATION_OF_TELOMERASE_ACTIVITY] was killed by [GOCC_AXONAL_GROWTH_CONE,GOCC_AXONAL_GROWTH_CONE]
[GOBP_POSITIVE_REGULATION_OF_DNA_BIOSYNTHETIC_PROCESS,GOBP_POSITIVE_REGULATION_OF_DNA_BIOSYNTHETIC_PROCESS] was killed by [GOCC_AXONAL_GROWTH_CONE,GOCC_AXONAL_GROWTH_CONE]
[HP_HAMARTOMA,HP_HAMARTOMA] was killed by [HP_VOCAL_CORD_PARALYSIS,HP_VOCAL_CORD_PARALYSIS]
[HP_REDUNDANT_SKIN,HP_REDUNDANT_SKIN] was killed by [HP_SPORADIC,HP_SPORADIC]
[GOBP_REGULATION_OF_POTASSIUM_ION_TRANSPORT,GOBP_REGULATION_OF_POTASSIUM_ION_TRANSPORT] was killed by [GOCC_AXONAL_GROWTH_CONE,GOCC_AXONAL_GROWTH_CONE]
[GOBP_NEGATIVE_REGULATION_OF_EXTRINSIC_APOPTOTIC_SIGNALING_PATHWAY,GOBP_NEGATIVE_REGULATION_OF_EXTRINSIC_APOPTOTIC_SIGNALING_PATHWAY] was killed by [GOBP_POSITIVE_REGULATION_OF_TYPE_I_INTERFERON_PRODUCTION,GOBP_POSITIVE_REGULATION_OF_TYPE_I_INTERFERON_PRODUCTION]
[HP_INCREASED_MEAN_CORPUSCULAR_VOLUME,HP_INCREASED_MEAN_CORPUSCULAR_VOLUME] was killed by [GOBP_COTRANSLATIONAL_PROTEIN_TARGETING_TO_MEMBRANE,GOBP_COTRANSLATIONAL_PROTEIN_TARGETING_TO_MEMBRANE]
[GOBP_TELOMERE_CAPPING,GOBP_TELOMERE_CAPPING] was killed by [GOBP_POSITIVE_REGULATION_OF_TYPE_I_INTERFERON_PRODUCTION,GOBP_POSITIVE_REGULATION_OF_TYPE_I_INTERFERON_PRODUCTION]
[GOBP_NUCLEAR_TRANSCRIBED_MRNA_CATABOLIC_PROCESS_NONSENSE_MEDIATED_DECAY,GOBP_NUCLEAR_TRANSCRIBED_MRNA_CATABOLIC_PROCESS_NONSENSE_MEDIATED_DECAY] was killed by [GOBP_COTRANSLATIONAL_PROTEIN_TARGETING_TO_MEMBRANE,GOBP_COTRANSLATIONAL_PROTEIN_TARGETING_TO_MEMBRANE]
[HP_INCREASED_BONE_MINERAL_DENSITY,HP_INCREASED_BONE_MINERAL_DENSITY] was killed by [HP_SPORADIC,HP_SPORADIC]
[HP_FETAL_ULTRASOUND_SOFT_MARKER,HP_FETAL_ULTRASOUND_SOFT_MARKER] was killed by [GOBP_CARTILAGE_DEVELOPMENT,GOBP_CARTILAGE_DEVELOPMENT]
[HP_PERSISTENCE_OF_HEMOGLOBIN_F,HP_PERSISTENCE_OF_HEMOGLOBIN_F] was killed by [GOBP_COTRANSLATIONAL_PROTEIN_TARGETING_TO_MEMBRANE,GOBP_COTRANSLATIONAL_PROTEIN_TARGETING_TO_MEMBRANE]
[HP_BRACHYCEPHALY,HP_BRACHYCEPHALY] was killed by [GOBP_MONOVALENT_INORGANIC_CATION_HOMEOSTASIS,GOBP_MONOVALENT_INORGANIC_CATION_HOMEOSTASIS]
[HP_CAVUM_SEPTUM_PELLUCIDUM,HP_CAVUM_SEPTUM_PELLUCIDUM] was killed by [HP_SPORADIC,HP_SPORADIC]
[GOBP_NEGATIVE_REGULATION_OF_ALCOHOL_BIOSYNTHETIC_PROCESS,GOBP_NEGATIVE_REGULATION_OF_ALCOHOL_BIOSYNTHETIC_PROCESS] was killed by [GOBP_POSITIVE_REGULATION_OF_TYPE_I_INTERFERON_PRODUCTION,GOBP_POSITIVE_REGULATION_OF_TYPE_I_INTERFERON_PRODUCTION]
[HP_ASTHMA,HP_ASTHMA] was killed by [HP_SPORADIC,HP_SPORADIC]
[HP_SHORT_FOOT,HP_SHORT_FOOT] was killed by [HP_SPORADIC,HP_SPORADIC]
[HP_NEOPLASM_OF_THE_EYE,HP_NEOPLASM_OF_THE_EYE] was killed by [HP_SPORADIC,HP_SPORADIC]
[GOBP_REGULATION_OF_LIPID_LOCALIZATION,GOBP_REGULATION_OF_LIPID_LOCALIZATION] was killed by [GOBP_POSITIVE_REGULATION_OF_TYPE_I_INTERFERON_PRODUCTION,GOBP_POSITIVE_REGULATION_OF_TYPE_I_INTERFERON_PRODUCTION]
[GOCC_LARGE_RIBOSOMAL_SUBUNIT,GOCC_LARGE_RIBOSOMAL_SUBUNIT] was killed by [GOBP_COTRANSLATIONAL_PROTEIN_TARGETING_TO_MEMBRANE,GOBP_COTRANSLATIONAL_PROTEIN_TARGETING_TO_MEMBRANE]
[GOBP_ENDOCRINE_SYSTEM_DEVELOPMENT,GOBP_ENDOCRINE_SYSTEM_DEVELOPMENT] was killed by [GOBP_CARTILAGE_DEVELOPMENT,GOBP_CARTILAGE_DEVELOPMENT]
[GOBP_RIBOSOMAL_SMALL_SUBUNIT_BIOGENESIS,GOBP_RIBOSOMAL_SMALL_SUBUNIT_BIOGENESIS] was killed by [GOBP_COTRANSLATIONAL_PROTEIN_TARGETING_TO_MEMBRANE,GOBP_COTRANSLATIONAL_PROTEIN_TARGETING_TO_MEMBRANE]
[GOBP_POSITIVE_REGULATION_OF_MYELOID_LEUKOCYTE_DIFFERENTIATION,GOBP_POSITIVE_REGULATION_OF_MYELOID_LEUKOCYTE_DIFFERENTIATION] was killed by [GOBP_CARTILAGE_DEVELOPMENT,GOBP_CARTILAGE_DEVELOPMENT]
[GOMF_TRANSCRIPTION_COREPRESSOR_ACTIVITY,GOMF_TRANSCRIPTION_COREPRESSOR_ACTIVITY] was killed by [HP_SPORADIC,HP_SPORADIC]
[GOBP_TELOMERE_MAINTENANCE_VIA_TELOMERE_LENGTHENING,GOBP_TELOMERE_MAINTENANCE_VIA_TELOMERE_LENGTHENING] was killed by [GOBP_POSITIVE_REGULATION_OF_TYPE_I_INTERFERON_PRODUCTION,GOBP_POSITIVE_REGULATION_OF_TYPE_I_INTERFERON_PRODUCTION]
[HP_MACULE,HP_MACULE] was killed by [HP_SPORADIC,HP_SPORADIC]
[GOBP_FC_EPSILON_RECEPTOR_SIGNALING_PATHWAY,GOBP_FC_EPSILON_RECEPTOR_SIGNALING_PATHWAY] was killed by [GOBP_POSITIVE_REGULATION_OF_TYPE_I_INTERFERON_PRODUCTION,GOBP_POSITIVE_REGULATION_OF_TYPE_I_INTERFERON_PRODUCTION]
[HP_DENTAL_MALOCCLUSION,HP_DENTAL_MALOCCLUSION] was killed by [GOBP_MONOVALENT_INORGANIC_CATION_HOMEOSTASIS,GOBP_MONOVALENT_INORGANIC_CATION_HOMEOSTASIS]
[GOBP_REGULATION_OF_SODIUM_ION_TRANSPORT,GOBP_REGULATION_OF_SODIUM_ION_TRANSPORT] was killed by [GOBP_MONOVALENT_INORGANIC_CATION_HOMEOSTASIS,GOBP_MONOVALENT_INORGANIC_CATION_HOMEOSTASIS]
[HP_ABNORMAL_SPUTUM,HP_ABNORMAL_SPUTUM] was killed by [GOBP_CARTILAGE_DEVELOPMENT,GOBP_CARTILAGE_DEVELOPMENT]
[HP_HYPOPLASIA_OF_DENTAL_ENAMEL,HP_HYPOPLASIA_OF_DENTAL_ENAMEL] was killed by [HP_SPORADIC,HP_SPORADIC]
[GOBP_CHONDROCYTE_DIFFERENTIATION,GOBP_CHONDROCYTE_DIFFERENTIATION] was killed by [GOBP_CARTILAGE_DEVELOPMENT,GOBP_CARTILAGE_DEVELOPMENT]
[GOBP_CARDIAC_CHAMBER_DEVELOPMENT,GOBP_CARDIAC_CHAMBER_DEVELOPMENT] was killed by [GOBP_CARTILAGE_DEVELOPMENT,GOBP_CARTILAGE_DEVELOPMENT]
[HP_ADENOCARCINOMA_OF_THE_INTESTINES,HP_ADENOCARCINOMA_OF_THE_INTESTINES] was killed by [GOBP_COTRANSLATIONAL_PROTEIN_TARGETING_TO_MEMBRANE,GOBP_COTRANSLATIONAL_PROTEIN_TARGETING_TO_MEMBRANE]
[HP_VERTEBRAL_SEGMENTATION_DEFECT,HP_VERTEBRAL_SEGMENTATION_DEFECT] was killed by [HP_SPORADIC,HP_SPORADIC]
[GOBP_NEUTRAL_LIPID_METABOLIC_PROCESS,GOBP_NEUTRAL_LIPID_METABOLIC_PROCESS] was killed by [GOBP_ICOSANOID_BIOSYNTHETIC_PROCESS,GOBP_ICOSANOID_BIOSYNTHETIC_PROCESS]
