[KCCGNSWTTT_UNKNOWN,KCCGNSWTTT_UNKNOWN] was killed by [TMTCGCGANR_UNKNOWN,TMTCGCGANR_UNKNOWN]
[GGCNNMSMYNTTG_UNKNOWN,GGCNNMSMYNTTG_UNKNOWN] was killed by [CGTSACG_PAX3_B,CGTSACG_PAX3_B]
[CCGNMNNTNACG_UNKNOWN,CCGNMNNTNACG_UNKNOWN] was killed by [GCGNNANTTCC_UNKNOWN,GCGNNANTTCC_UNKNOWN]
[GCGSCMNTTT_UNKNOWN,GCGSCMNTTT_UNKNOWN] was killed by [SGCGSSAAA_E2F1DP2_01,SGCGSSAAA_E2F1DP2_01]
[GGCNKCCATNK_UNKNOWN,GGCNKCCATNK_UNKNOWN] was killed by [TMTCGCGANR_UNKNOWN,TMTCGCGANR_UNKNOWN]
[SREBP1_01,SREBP1_01] was killed by [CGTSACG_PAX3_B,CGTSACG_PAX3_B]
[AP2REP_01,AP2REP_01] was killed by [SGCGSSAAA_E2F1DP2_01,SGCGSSAAA_E2F1DP2_01]
[HFH3_01,HFH3_01] was killed by [POU3F2_01,POU3F2_01]
[YNTTTNNNANGCARM_UNKNOWN,YNTTTNNNANGCARM_UNKNOWN] was killed by [POU3F2_01,POU3F2_01]
[MSX1_01,MSX1_01] was killed by [POU3F2_01,POU3F2_01]
[FREAC4_01,FREAC4_01] was killed by [POU3F2_01,POU3F2_01]
[NKX25_01,NKX25_01] was killed by [POU3F2_01,POU3F2_01]
[CAGNWMCNNNGAC_UNKNOWN,CAGNWMCNNNGAC_UNKNOWN] was killed by [NRSF_01,NRSF_01]
[TNCATNTCCYR_UNKNOWN,TNCATNTCCYR_UNKNOWN] was killed by [RACTNNRTTTNC_UNKNOWN,RACTNNRTTTNC_UNKNOWN]
[EVI1_03,EVI1_03] was killed by [POU3F2_01,POU3F2_01]
[AACYNNNNTTCCS_UNKNOWN,AACYNNNNTTCCS_UNKNOWN] was killed by [RACTNNRTTTNC_UNKNOWN,RACTNNRTTTNC_UNKNOWN]
[EVI1_05,EVI1_05] was killed by [POU3F2_01,POU3F2_01]
[CDPCR1_01,CDPCR1_01] was killed by [NRSF_01,NRSF_01]
[E2F_Q2,E2F_Q2] was killed by [GATA_Q6,GATA_Q6]
[STAT3_02,STAT3_02] was killed by [CGTSACG_PAX3_B,CGTSACG_PAX3_B]
[YGTCCTTGR_UNKNOWN,YGTCCTTGR_UNKNOWN] was killed by [NRSF_01,NRSF_01]
[TAAYNRNNTCC_UNKNOWN,TAAYNRNNTCC_UNKNOWN] was killed by [POU3F2_01,POU3F2_01]
[TAANNYSGCG_UNKNOWN,TAANNYSGCG_UNKNOWN] was killed by [TMTCGCGANR_UNKNOWN,TMTCGCGANR_UNKNOWN]
[MEIS1BHOXA9_01,MEIS1BHOXA9_01] was killed by [POU3F2_01,POU3F2_01]
[MYOGNF1_01,MYOGNF1_01] was killed by [POU3F2_01,POU3F2_01]
[CDP_02,CDP_02] was killed by [POU3F2_01,POU3F2_01]
[HEN1_01,HEN1_01] was killed by [HMEF2_Q6,HMEF2_Q6]
[MEF2_01,MEF2_01] was killed by [POU3F2_01,POU3F2_01]
[GCCNNNWTAAR_UNKNOWN,GCCNNNWTAAR_UNKNOWN] was killed by [POU3F2_01,POU3F2_01]
[KTGGYRSGAA_UNKNOWN,KTGGYRSGAA_UNKNOWN] was killed by [SGCGSSAAA_E2F1DP2_01,SGCGSSAAA_E2F1DP2_01]
[GNCF_01,GNCF_01] was killed by [POU3F2_01,POU3F2_01]
[PR_02,PR_02] was killed by [POU3F2_01,POU3F2_01]
[TAAWWATAG_RSRFC4_Q2,TAAWWATAG_RSRFC4_Q2] was killed by [HMEF2_Q6,HMEF2_Q6]
[ACAWYAAAG_UNKNOWN,ACAWYAAAG_UNKNOWN] was killed by [HMEF2_Q6,HMEF2_Q6]
[KRCTCNNNNMANAGC_UNKNOWN,KRCTCNNNNMANAGC_UNKNOWN] was killed by [SGCGSSAAA_E2F1DP2_01,SGCGSSAAA_E2F1DP2_01]
[SNACANNNYSYAGA_UNKNOWN,SNACANNNYSYAGA_UNKNOWN] was killed by [RACTNNRTTTNC_UNKNOWN,RACTNNRTTTNC_UNKNOWN]
[HNF3_Q6,HNF3_Q6] was killed by [POU3F2_01,POU3F2_01]
[MIF1_01,MIF1_01] was killed by [GCGNNANTTCC_UNKNOWN,GCGNNANTTCC_UNKNOWN]
[CATRRAGC_UNKNOWN,CATRRAGC_UNKNOWN] was killed by [TMTCGCGANR_UNKNOWN,TMTCGCGANR_UNKNOWN]
[EVI1_01,EVI1_01] was killed by [GATA_Q6,GATA_Q6]
[CDPCR3_01,CDPCR3_01] was killed by [HMEF2_Q6,HMEF2_Q6]
[GRE_C,GRE_C] was killed by [POU3F2_01,POU3F2_01]
[YRTCANNRCGC_UNKNOWN,YRTCANNRCGC_UNKNOWN] was killed by [CGTSACG_PAX3_B,CGTSACG_PAX3_B]
[EN1_01,EN1_01] was killed by [POU3F2_01,POU3F2_01]
[ACCTGTTG_UNKNOWN,ACCTGTTG_UNKNOWN] was killed by [POU3F2_01,POU3F2_01]
[RYTAAWNNNTGAY_UNKNOWN,RYTAAWNNNTGAY_UNKNOWN] was killed by [NRSF_01,NRSF_01]
[GGCNRNWCTTYS_UNKNOWN,GGCNRNWCTTYS_UNKNOWN] was killed by [GCGNNANTTCC_UNKNOWN,GCGNNANTTCC_UNKNOWN]
[EVI1_02,EVI1_02] was killed by [POU3F2_01,POU3F2_01]
[TGTYNNNNNRGCARM_UNKNOWN,TGTYNNNNNRGCARM_UNKNOWN] was killed by [HMEF2_Q6,HMEF2_Q6]
[YWATTWNNRGCT_UNKNOWN,YWATTWNNRGCT_UNKNOWN] was killed by [POU3F2_01,POU3F2_01]
[SRF_01,SRF_01] was killed by [HMEF2_Q6,HMEF2_Q6]
[GGAMTNNNNNTCCY_UNKNOWN,GGAMTNNNNNTCCY_UNKNOWN] was killed by [RACTNNRTTTNC_UNKNOWN,RACTNNRTTTNC_UNKNOWN]
[CCAWNWWNNNGGC_UNKNOWN,CCAWNWWNNNGGC_UNKNOWN] was killed by [TMTCGCGANR_UNKNOWN,TMTCGCGANR_UNKNOWN]
[TAXCREB_02,TAXCREB_02] was killed by [CGTSACG_PAX3_B,CGTSACG_PAX3_B]
[AR_01,AR_01] was killed by [RACTNNRTTTNC_UNKNOWN,RACTNNRTTTNC_UNKNOWN]
[ACAWNRNSRCGG_UNKNOWN,ACAWNRNSRCGG_UNKNOWN] was killed by [SGCGSSAAA_E2F1DP2_01,SGCGSSAAA_E2F1DP2_01]
[CDP_01,CDP_01] was killed by [POU3F2_01,POU3F2_01]
[PR_01,PR_01] was killed by [POU3F2_01,POU3F2_01]
[KMCATNNWGGA_UNKNOWN,KMCATNNWGGA_UNKNOWN] was killed by [HMEF2_Q6,HMEF2_Q6]
[GTCNYYATGR_UNKNOWN,GTCNYYATGR_UNKNOWN] was killed by [SGCGSSAAA_E2F1DP2_01,SGCGSSAAA_E2F1DP2_01]
[MCAATNNNNNGCG_UNKNOWN,MCAATNNNNNGCG_UNKNOWN] was killed by [TMTCGCGANR_UNKNOWN,TMTCGCGANR_UNKNOWN]
[RAAGNYNNCTTY_UNKNOWN,RAAGNYNNCTTY_UNKNOWN] was killed by [NRSF_01,NRSF_01]
[CTGRYYYNATT_UNKNOWN,CTGRYYYNATT_UNKNOWN] was killed by [POU3F2_01,POU3F2_01]
[MAZ_Q6,MAZ_Q6] was killed by [GGAANCGGAANY_UNKNOWN,GGAANCGGAANY_UNKNOWN]
[AACWWCAANK_UNKNOWN,AACWWCAANK_UNKNOWN] was killed by [TMTCGCGANR_UNKNOWN,TMTCGCGANR_UNKNOWN]
[AR_02,AR_02] was killed by [POU3F2_01,POU3F2_01]
[YTAATTAA_LHX3_01,YTAATTAA_LHX3_01] was killed by [POU3F2_01,POU3F2_01]
[ACTWSNACTNY_UNKNOWN,ACTWSNACTNY_UNKNOWN] was killed by [TMTCGCGANR_UNKNOWN,TMTCGCGANR_UNKNOWN]
[FOXJ2_01,FOXJ2_01] was killed by [TMTCGCGANR_UNKNOWN,TMTCGCGANR_UNKNOWN]
[AAGWWRNYGGC_UNKNOWN,AAGWWRNYGGC_UNKNOWN] was killed by [TMTCGCGANR_UNKNOWN,TMTCGCGANR_UNKNOWN]
[WWTAAGGC_UNKNOWN,WWTAAGGC_UNKNOWN] was killed by [GGAANCGGAANY_UNKNOWN,GGAANCGGAANY_UNKNOWN]
[ATGGYGGA_UNKNOWN,ATGGYGGA_UNKNOWN] was killed by [POU3F2_01,POU3F2_01]
[E2F_01,E2F_01] was killed by [SGCGSSAAA_E2F1DP2_01,SGCGSSAAA_E2F1DP2_01]
[AAANWWTGC_UNKNOWN,AAANWWTGC_UNKNOWN] was killed by [GGAANCGGAANY_UNKNOWN,GGAANCGGAANY_UNKNOWN]
[TTGCWCAAY_CEBPB_02,TTGCWCAAY_CEBPB_02] was killed by [POU3F2_01,POU3F2_01]
[ARGGGTTAA_UNKNOWN,ARGGGTTAA_UNKNOWN] was killed by [GCGNNANTTCC_UNKNOWN,GCGNNANTTCC_UNKNOWN]
[WCTCNATGGY_UNKNOWN,WCTCNATGGY_UNKNOWN] was killed by [GGAANCGGAANY_UNKNOWN,GGAANCGGAANY_UNKNOWN]
[PAX8_01,PAX8_01] was killed by [POU3F2_01,POU3F2_01]
[GATA2_01,GATA2_01] was killed by [POU3F2_01,POU3F2_01]
[AHRARNT_01,AHRARNT_01] was killed by [HMEF2_Q6,HMEF2_Q6]
[MEIS1AHOXA9_01,MEIS1AHOXA9_01] was killed by [POU3F2_01,POU3F2_01]
[PPARG_01,PPARG_01] was killed by [HMEF2_Q6,HMEF2_Q6]
[EGR2_01,EGR2_01] was killed by [GGAANCGGAANY_UNKNOWN,GGAANCGGAANY_UNKNOWN]
[STAT3_01,STAT3_01] was killed by [SGCGSSAAA_E2F1DP2_01,SGCGSSAAA_E2F1DP2_01]
[AHRARNT_02,AHRARNT_02] was killed by [CGTSACG_PAX3_B,CGTSACG_PAX3_B]
[CCAWWNAAGG_SRF_Q4,CCAWWNAAGG_SRF_Q4] was killed by [POU3F2_01,POU3F2_01]
[HTF_01,HTF_01] was killed by [SGCGSSAAA_E2F1DP2_01,SGCGSSAAA_E2F1DP2_01]
[RRCCGTTA_UNKNOWN,RRCCGTTA_UNKNOWN] was killed by [CGTSACG_PAX3_B,CGTSACG_PAX3_B]
[PAX5_01,PAX5_01] was killed by [NRSF_01,NRSF_01]
[NKX22_01,NKX22_01] was killed by [TMTCGCGANR_UNKNOWN,TMTCGCGANR_UNKNOWN]
[CCAWYNNGAAR_UNKNOWN,CCAWYNNGAAR_UNKNOWN] was killed by [TMTCGCGANR_UNKNOWN,TMTCGCGANR_UNKNOWN]
[PBX1_02,PBX1_02] was killed by [TMTCGCGANR_UNKNOWN,TMTCGCGANR_UNKNOWN]
[ALX4_01,ALX4_01] was killed by [NRSF_01,NRSF_01]
[CREBP1_01,CREBP1_01] was killed by [POU3F2_01,POU3F2_01]
[IRF2_01,IRF2_01] was killed by [TMTCGCGANR_UNKNOWN,TMTCGCGANR_UNKNOWN]
[TTCNRGNNNNTTC_HSF_Q6,TTCNRGNNNNTTC_HSF_Q6] was killed by [NRSF_01,NRSF_01]
[SEF1_C,SEF1_C] was killed by [TMTCGCGANR_UNKNOWN,TMTCGCGANR_UNKNOWN]
[WYAAANNRNNNGCG_UNKNOWN,WYAAANNRNNNGCG_UNKNOWN] was killed by [HMEF2_Q6,HMEF2_Q6]
[COMP1_01,COMP1_01] was killed by [GGAANCGGAANY_UNKNOWN,GGAANCGGAANY_UNKNOWN]
[YTAAYNGCT_UNKNOWN,YTAAYNGCT_UNKNOWN] was killed by [GGAANCGGAANY_UNKNOWN,GGAANCGGAANY_UNKNOWN]
[PAX2_01,PAX2_01] was killed by [HMEF2_Q6,HMEF2_Q6]
[YTCCCRNNAGGY_UNKNOWN,YTCCCRNNAGGY_UNKNOWN] was killed by [GKCGCNNNNNNNTGAYG_UNKNOWN,GKCGCNNNNNNNTGAYG_UNKNOWN]
[FXR_IR1_Q6,FXR_IR1_Q6] was killed by [GGAANCGGAANY_UNKNOWN,GGAANCGGAANY_UNKNOWN]
[TAXCREB_01,TAXCREB_01] was killed by [TMTCGCGANR_UNKNOWN,TMTCGCGANR_UNKNOWN]
[GGGNNTTTCC_NFKB_Q6_01,GGGNNTTTCC_NFKB_Q6_01] was killed by [GGAANCGGAANY_UNKNOWN,GGAANCGGAANY_UNKNOWN]
[ROAZ_01,ROAZ_01] was killed by [GCGNNANTTCC_UNKNOWN,GCGNNANTTCC_UNKNOWN]
[MEF2_04,MEF2_04] was killed by [HMEF2_Q6,HMEF2_Q6]
[ARP1_01,ARP1_01] was killed by [GGAANCGGAANY_UNKNOWN,GGAANCGGAANY_UNKNOWN]
[RYTGCNWTGGNR_UNKNOWN,RYTGCNWTGGNR_UNKNOWN] was killed by [GCGNNANTTCC_UNKNOWN,GCGNNANTTCC_UNKNOWN]
[GAANYNYGACNY_UNKNOWN,GAANYNYGACNY_UNKNOWN] was killed by [TMTCGCGANR_UNKNOWN,TMTCGCGANR_UNKNOWN]
[SREBP1_02,SREBP1_02] was killed by [NRSF_01,NRSF_01]
[RNCTGNYNRNCTGNY_UNKNOWN,RNCTGNYNRNCTGNY_UNKNOWN] was killed by [TMTCGCGANR_UNKNOWN,TMTCGCGANR_UNKNOWN]
[AR_Q2,AR_Q2] was killed by [GGAANCGGAANY_UNKNOWN,GGAANCGGAANY_UNKNOWN]
[YAATNRNNNYNATT_UNKNOWN,YAATNRNNNYNATT_UNKNOWN] was killed by [POU3F2_01,POU3F2_01]
[LXR_Q3,LXR_Q3] was killed by [TMTCGCGANR_UNKNOWN,TMTCGCGANR_UNKNOWN]
[TTANWNANTGGM_UNKNOWN,TTANWNANTGGM_UNKNOWN] was killed by [TMTCGCGANR_UNKNOWN,TMTCGCGANR_UNKNOWN]
[CCANNAGRKGGC_UNKNOWN,CCANNAGRKGGC_UNKNOWN] was killed by [NRSF_01,NRSF_01]
[NCX_01,NCX_01] was killed by [POU3F2_01,POU3F2_01]
[PAX8_B,PAX8_B] was killed by [GGAANCGGAANY_UNKNOWN,GGAANCGGAANY_UNKNOWN]
[HEN1_02,HEN1_02] was killed by [HMEF2_Q6,HMEF2_Q6]
[PAX6_01,PAX6_01] was killed by [POU3F2_01,POU3F2_01]
[EGR3_01,EGR3_01] was killed by [NRSF_01,NRSF_01]
[OCT1_07,OCT1_07] was killed by [GGAANCGGAANY_UNKNOWN,GGAANCGGAANY_UNKNOWN]
[AHR_01,AHR_01] was killed by [TMTCGCGANR_UNKNOWN,TMTCGCGANR_UNKNOWN]
[YGACNNYACAR_UNKNOWN,YGACNNYACAR_UNKNOWN] was killed by [TMTCGCGANR_UNKNOWN,TMTCGCGANR_UNKNOWN]
[ATCMNTCCGY_UNKNOWN,ATCMNTCCGY_UNKNOWN] was killed by [SGCGSSAAA_E2F1DP2_01,SGCGSSAAA_E2F1DP2_01]
[TGASTMAGC_NFE2_01,TGASTMAGC_NFE2_01] was killed by [TMTCGCGANR_UNKNOWN,TMTCGCGANR_UNKNOWN]
[HOX13_01,HOX13_01] was killed by [POU3F2_01,POU3F2_01]
[AR_03,AR_03] was killed by [POU3F2_01,POU3F2_01]
[PAX5_02,PAX5_02] was killed by [CGTSACG_PAX3_B,CGTSACG_PAX3_B]
[CTGYNNCTYTAA_UNKNOWN,CTGYNNCTYTAA_UNKNOWN] was killed by [GGAANCGGAANY_UNKNOWN,GGAANCGGAANY_UNKNOWN]
[STTTCRNTTT_IRF_Q6,STTTCRNTTT_IRF_Q6] was killed by [NRSF_01,NRSF_01]
[YGCANTGCR_UNKNOWN,YGCANTGCR_UNKNOWN] was killed by [TMTCGCGANR_UNKNOWN,TMTCGCGANR_UNKNOWN]
[CCCNNNNNNAAGWT_UNKNOWN,CCCNNNNNNAAGWT_UNKNOWN] was killed by [GGAANCGGAANY_UNKNOWN,GGAANCGGAANY_UNKNOWN]
[TTTNNANAGCYR_UNKNOWN,TTTNNANAGCYR_UNKNOWN] was killed by [GGAANCGGAANY_UNKNOWN,GGAANCGGAANY_UNKNOWN]
[FXR_Q3,FXR_Q3] was killed by [TMTCGCGANR_UNKNOWN,TMTCGCGANR_UNKNOWN]
[GGARNTKYCCA_UNKNOWN,GGARNTKYCCA_UNKNOWN] was killed by [TMTCGCGANR_UNKNOWN,TMTCGCGANR_UNKNOWN]
[RYAAAKNNNNNNTTGW_UNKNOWN,RYAAAKNNNNNNTTGW_UNKNOWN] was killed by [TMTCGCGANR_UNKNOWN,TMTCGCGANR_UNKNOWN]
[YYCATTCAWW_UNKNOWN,YYCATTCAWW_UNKNOWN] was killed by [NRSF_01,NRSF_01]
[RNTCANNRNNYNATTW_UNKNOWN,RNTCANNRNNYNATTW_UNKNOWN] was killed by [TMTCGCGANR_UNKNOWN,TMTCGCGANR_UNKNOWN]
[HMX1_01,HMX1_01] was killed by [NRSF_01,NRSF_01]
[PPARA_02,PPARA_02] was killed by [NRSF_01,NRSF_01]
[RTTTNNNYTGGM_UNKNOWN,RTTTNNNYTGGM_UNKNOWN] was killed by [TMTCGCGANR_UNKNOWN,TMTCGCGANR_UNKNOWN]
[STAT1_01,STAT1_01] was killed by [GGAANCGGAANY_UNKNOWN,GGAANCGGAANY_UNKNOWN]
[PAX3_B,PAX3_B] was killed by [POU3F2_01,POU3F2_01]
[CYTAGCAAY_UNKNOWN,CYTAGCAAY_UNKNOWN] was killed by [GCGNNANTTCC_UNKNOWN,GCGNNANTTCC_UNKNOWN]
[YRCCAKNNGNCGC_UNKNOWN,YRCCAKNNGNCGC_UNKNOWN] was killed by [TMTCGCGANR_UNKNOWN,TMTCGCGANR_UNKNOWN]
[MYAATNNNNNNNGGC_UNKNOWN,MYAATNNNNNNNGGC_UNKNOWN] was killed by [SGCGSSAAA_E2F1DP2_01,SGCGSSAAA_E2F1DP2_01]
[YAATNANRNNNCAG_UNKNOWN,YAATNANRNNNCAG_UNKNOWN] was killed by [GGAANCGGAANY_UNKNOWN,GGAANCGGAANY_UNKNOWN]
[ATF6_01,ATF6_01] was killed by [CGTSACG_PAX3_B,CGTSACG_PAX3_B]
[HOXA3_01,HOXA3_01] was killed by [CGTSACG_PAX3_B,CGTSACG_PAX3_B]
[EVI1_06,EVI1_06] was killed by [POU3F2_01,POU3F2_01]
[LXR_DR4_Q3,LXR_DR4_Q3] was killed by [GGAANCGGAANY_UNKNOWN,GGAANCGGAANY_UNKNOWN]
[CCAATNNSNNNGCG_UNKNOWN,CCAATNNSNNNGCG_UNKNOWN] was killed by [NRSF_01,NRSF_01]
[STAT5A_02,STAT5A_02] was killed by [NRSF_01,NRSF_01]
[RORA2_01,RORA2_01] was killed by [TMTCGCGANR_UNKNOWN,TMTCGCGANR_UNKNOWN]
[PAX3_01,PAX3_01] was killed by [CGTSACG_PAX3_B,CGTSACG_PAX3_B]
[CAGNYGKNAAA_UNKNOWN,CAGNYGKNAAA_UNKNOWN] was killed by [GGAANCGGAANY_UNKNOWN,GGAANCGGAANY_UNKNOWN]
[FREAC7_01,FREAC7_01] was killed by [TMTCGCGANR_UNKNOWN,TMTCGCGANR_UNKNOWN]
[ATF_B,ATF_B] was killed by [GGAANCGGAANY_UNKNOWN,GGAANCGGAANY_UNKNOWN]
[MYC_Q2,MYC_Q2] was killed by [GGAANCGGAANY_UNKNOWN,GGAANCGGAANY_UNKNOWN]
[CTCNANGTGNY_UNKNOWN,CTCNANGTGNY_UNKNOWN] was killed by [NRSF_01,NRSF_01]
[GTTNYYNNGGTNA_UNKNOWN,GTTNYYNNGGTNA_UNKNOWN] was killed by [NRSF_01,NRSF_01]
[GGGNRMNNYCAT_UNKNOWN,GGGNRMNNYCAT_UNKNOWN] was killed by [NRSF_01,NRSF_01]
[XBP1_01,XBP1_01] was killed by [TMTCGCGANR_UNKNOWN,TMTCGCGANR_UNKNOWN]
