[CUI_GLUCOSE_DEPRIVATION,CUI_GLUCOSE_DEPRIVATION] was killed by [KAN_RESPONSE_TO_ARSENIC_TRIOXIDE,KAN_RESPONSE_TO_ARSENIC_TRIOXIDE]
[ZHANG_RESPONSE_TO_CANTHARIDIN_DN,ZHANG_RESPONSE_TO_CANTHARIDIN_DN] was killed by [WP_PATHWAYS_AFFECTED_IN_ADENOID_CYSTIC_CARCINOMA,WP_PATHWAYS_AFFECTED_IN_ADENOID_CYSTIC_CARCINOMA]
[REACTOME_CELLULAR_RESPONSE_TO_STARVATION,REACTOME_CELLULAR_RESPONSE_TO_STARVATION] was killed by [REACTOME_INFLUENZA_INFECTION,REACTOME_INFLUENZA_INFECTION]
[UEDA_PERIFERAL_CLOCK,UEDA_PERIFERAL_CLOCK] was killed by [REACTOME_SELECTIVE_AUTOPHAGY,REACTOME_SELECTIVE_AUTOPHAGY]
[REACTOME_HCMV_INFECTION,REACTOME_HCMV_INFECTION] was killed by [REACTOME_INFLUENZA_INFECTION,REACTOME_INFLUENZA_INFECTION]
[DELASERNA_MYOD_TARGETS_DN,DELASERNA_MYOD_TARGETS_DN] was killed by [WP_PATHWAYS_AFFECTED_IN_ADENOID_CYSTIC_CARCINOMA,WP_PATHWAYS_AFFECTED_IN_ADENOID_CYSTIC_CARCINOMA]
[JINESH_BLEBBISHIELD_TRANSFORMED_STEM_CELL_SPHERES_UP,JINESH_BLEBBISHIELD_TRANSFORMED_STEM_CELL_SPHERES_UP] was killed by [KAN_RESPONSE_TO_ARSENIC_TRIOXIDE,KAN_RESPONSE_TO_ARSENIC_TRIOXIDE]
[KEGG_NOD_LIKE_RECEPTOR_SIGNALING_PATHWAY,KEGG_NOD_LIKE_RECEPTOR_SIGNALING_PATHWAY] was killed by [REACTOME_NETRIN_1_SIGNALING,REACTOME_NETRIN_1_SIGNALING]
[BLANCO_MELO_BRONCHIAL_EPITHELIAL_CELLS_INFLUENZA_A_INFECTION_UP,BLANCO_MELO_BRONCHIAL_EPITHELIAL_CELLS_INFLUENZA_A_INFECTION_UP] was killed by [KAN_RESPONSE_TO_ARSENIC_TRIOXIDE,KAN_RESPONSE_TO_ARSENIC_TRIOXIDE]
[PID_IL5_PATHWAY,PID_IL5_PATHWAY] was killed by [REACTOME_NETRIN_1_SIGNALING,REACTOME_NETRIN_1_SIGNALING]
[WIERENGA_STAT5A_TARGETS_GROUP1,WIERENGA_STAT5A_TARGETS_GROUP1] was killed by [KAN_RESPONSE_TO_ARSENIC_TRIOXIDE,KAN_RESPONSE_TO_ARSENIC_TRIOXIDE]
[HOSHIDA_LIVER_CANCER_SUBCLASS_S2,HOSHIDA_LIVER_CANCER_SUBCLASS_S2] was killed by [MAGRANGEAS_MULTIPLE_MYELOMA_IGLL_VS_IGLK_UP,MAGRANGEAS_MULTIPLE_MYELOMA_IGLL_VS_IGLK_UP]
[NAKAYAMA_SOFT_TISSUE_TUMORS_PCA1_UP,NAKAYAMA_SOFT_TISSUE_TUMORS_PCA1_UP] was killed by [KAN_RESPONSE_TO_ARSENIC_TRIOXIDE,KAN_RESPONSE_TO_ARSENIC_TRIOXIDE]
[BIOCARTA_MET_PATHWAY,BIOCARTA_MET_PATHWAY] was killed by [WP_PATHWAYS_AFFECTED_IN_ADENOID_CYSTIC_CARCINOMA,WP_PATHWAYS_AFFECTED_IN_ADENOID_CYSTIC_CARCINOMA]
[REACTOME_RECRUITMENT_OF_NUMA_TO_MITOTIC_CENTROSOMES,REACTOME_RECRUITMENT_OF_NUMA_TO_MITOTIC_CENTROSOMES] was killed by [REACTOME_SELECTIVE_AUTOPHAGY,REACTOME_SELECTIVE_AUTOPHAGY]
[REACTOME_DISORDERS_OF_TRANSMEMBRANE_TRANSPORTERS,REACTOME_DISORDERS_OF_TRANSMEMBRANE_TRANSPORTERS] was killed by [REACTOME_INFLUENZA_INFECTION,REACTOME_INFLUENZA_INFECTION]
[SUNG_METASTASIS_STROMA_UP,SUNG_METASTASIS_STROMA_UP] was killed by [KAN_RESPONSE_TO_ARSENIC_TRIOXIDE,KAN_RESPONSE_TO_ARSENIC_TRIOXIDE]
[REACTOME_TRANSCRIPTIONAL_ACTIVITY_OF_SMAD2_SMAD3_SMAD4_HETEROTRIMER,REACTOME_TRANSCRIPTIONAL_ACTIVITY_OF_SMAD2_SMAD3_SMAD4_HETEROTRIMER] was killed by [WP_PATHWAYS_AFFECTED_IN_ADENOID_CYSTIC_CARCINOMA,WP_PATHWAYS_AFFECTED_IN_ADENOID_CYSTIC_CARCINOMA]
[REACTOME_HCMV_LATE_EVENTS,REACTOME_HCMV_LATE_EVENTS] was killed by [REACTOME_INFLUENZA_INFECTION,REACTOME_INFLUENZA_INFECTION]
[DER_IFN_ALPHA_RESPONSE_UP,DER_IFN_ALPHA_RESPONSE_UP] was killed by [YU_MYC_TARGETS_DN,YU_MYC_TARGETS_DN]
[REACTOME_AGGREPHAGY,REACTOME_AGGREPHAGY] was killed by [REACTOME_SELECTIVE_AUTOPHAGY,REACTOME_SELECTIVE_AUTOPHAGY]
[WP_HISTONE_MODIFICATIONS,WP_HISTONE_MODIFICATIONS] was killed by [WP_PATHWAYS_AFFECTED_IN_ADENOID_CYSTIC_CARCINOMA,WP_PATHWAYS_AFFECTED_IN_ADENOID_CYSTIC_CARCINOMA]
[NATSUME_RESPONSE_TO_INTERFERON_BETA_UP,NATSUME_RESPONSE_TO_INTERFERON_BETA_UP] was killed by [WP_PATHWAYS_AFFECTED_IN_ADENOID_CYSTIC_CARCINOMA,WP_PATHWAYS_AFFECTED_IN_ADENOID_CYSTIC_CARCINOMA]
[WU_CELL_MIGRATION,WU_CELL_MIGRATION] was killed by [KAN_RESPONSE_TO_ARSENIC_TRIOXIDE,KAN_RESPONSE_TO_ARSENIC_TRIOXIDE]
[BIOCARTA_VDR_PATHWAY,BIOCARTA_VDR_PATHWAY] was killed by [WP_PATHWAYS_AFFECTED_IN_ADENOID_CYSTIC_CARCINOMA,WP_PATHWAYS_AFFECTED_IN_ADENOID_CYSTIC_CARCINOMA]
[XU_GH1_AUTOCRINE_TARGETS_DN,XU_GH1_AUTOCRINE_TARGETS_DN] was killed by [WP_PATHWAYS_AFFECTED_IN_ADENOID_CYSTIC_CARCINOMA,WP_PATHWAYS_AFFECTED_IN_ADENOID_CYSTIC_CARCINOMA]
[KEGG_PHOSPHATIDYLINOSITOL_SIGNALING_SYSTEM,KEGG_PHOSPHATIDYLINOSITOL_SIGNALING_SYSTEM] was killed by [KEGG_GLYCEROPHOSPHOLIPID_METABOLISM,KEGG_GLYCEROPHOSPHOLIPID_METABOLISM]
[REACTOME_AURKA_ACTIVATION_BY_TPX2,REACTOME_AURKA_ACTIVATION_BY_TPX2] was killed by [REACTOME_SELECTIVE_AUTOPHAGY,REACTOME_SELECTIVE_AUTOPHAGY]
[REACTOME_HCMV_EARLY_EVENTS,REACTOME_HCMV_EARLY_EVENTS] was killed by [REACTOME_INFLUENZA_INFECTION,REACTOME_INFLUENZA_INFECTION]
[DIRMEIER_LMP1_RESPONSE_EARLY,DIRMEIER_LMP1_RESPONSE_EARLY] was killed by [KAN_RESPONSE_TO_ARSENIC_TRIOXIDE,KAN_RESPONSE_TO_ARSENIC_TRIOXIDE]
[BOYAULT_LIVER_CANCER_SUBCLASS_G5_DN,BOYAULT_LIVER_CANCER_SUBCLASS_G5_DN] was killed by [KAN_RESPONSE_TO_ARSENIC_TRIOXIDE,KAN_RESPONSE_TO_ARSENIC_TRIOXIDE]
[SERVITJA_ISLET_HNF1A_TARGETS_UP,SERVITJA_ISLET_HNF1A_TARGETS_UP] was killed by [KAMIKUBO_MYELOID_CEBPA_NETWORK,KAMIKUBO_MYELOID_CEBPA_NETWORK]
[WILENSKY_RESPONSE_TO_DARAPLADIB,WILENSKY_RESPONSE_TO_DARAPLADIB] was killed by [KAMIKUBO_MYELOID_CEBPA_NETWORK,KAMIKUBO_MYELOID_CEBPA_NETWORK]
[WP_HAIR_FOLLICLE_DEVELOPMENT_CYTODIFFERENTIATION_PART_3_OF_3,WP_HAIR_FOLLICLE_DEVELOPMENT_CYTODIFFERENTIATION_PART_3_OF_3] was killed by [PANGAS_TUMOR_SUPPRESSION_BY_SMAD1_AND_SMAD5_UP,PANGAS_TUMOR_SUPPRESSION_BY_SMAD1_AND_SMAD5_UP]
[SHAFFER_IRF4_TARGETS_IN_ACTIVATED_DENDRITIC_CELL,SHAFFER_IRF4_TARGETS_IN_ACTIVATED_DENDRITIC_CELL] was killed by [WP_PATHWAYS_AFFECTED_IN_ADENOID_CYSTIC_CARCINOMA,WP_PATHWAYS_AFFECTED_IN_ADENOID_CYSTIC_CARCINOMA]
[BORLAK_LIVER_CANCER_EGF_UP,BORLAK_LIVER_CANCER_EGF_UP] was killed by [KAN_RESPONSE_TO_ARSENIC_TRIOXIDE,KAN_RESPONSE_TO_ARSENIC_TRIOXIDE]
[REACTOME_TRNA_PROCESSING_IN_THE_NUCLEUS,REACTOME_TRNA_PROCESSING_IN_THE_NUCLEUS] was killed by [REACTOME_INFLUENZA_INFECTION,REACTOME_INFLUENZA_INFECTION]
[WP_APOPTOSISRELATED_NETWORK_DUE_TO_ALTERED_NOTCH3_IN_OVARIAN_CANCER,WP_APOPTOSISRELATED_NETWORK_DUE_TO_ALTERED_NOTCH3_IN_OVARIAN_CANCER] was killed by [TAKEDA_TARGETS_OF_NUP98_HOXA9_FUSION_8D_UP,TAKEDA_TARGETS_OF_NUP98_HOXA9_FUSION_8D_UP]
[REACTOME_EXTRA_NUCLEAR_ESTROGEN_SIGNALING,REACTOME_EXTRA_NUCLEAR_ESTROGEN_SIGNALING] was killed by [TCGA_GLIOBLASTOMA_COPY_NUMBER_UP,TCGA_GLIOBLASTOMA_COPY_NUMBER_UP]
[DANG_MYC_TARGETS_UP,DANG_MYC_TARGETS_UP] was killed by [TCGA_GLIOBLASTOMA_COPY_NUMBER_UP,TCGA_GLIOBLASTOMA_COPY_NUMBER_UP]
[REACTOME_NRAGE_SIGNALS_DEATH_THROUGH_JNK,REACTOME_NRAGE_SIGNALS_DEATH_THROUGH_JNK] was killed by [REACTOME_NETRIN_1_SIGNALING,REACTOME_NETRIN_1_SIGNALING]
