Starting QoRTs v1.3.6 (Compiled Tue Sep 25 11:21:46 EDT 2018)
Starting time: (Wed Jan 26 00:53:32 PST 2022)
INPUT_COMMAND(QC)
  INPUT_ARG(infile)=bam/hl60_72h_u_2.sort.bam
  INPUT_ARG(gtffile)=/data_gilbert/home/aarab/genomes/hg38/gencode.v34/gencode.v34.annotation.gtf
  INPUT_ARG(outdir)=iso/rawCts/hl60_72h_u_2/
  INPUT_ARG(stranded)=true
  INPUT_ARG(singleEnded)=true
  INPUT_ARG(nameSorted)=true
Creating Directory: iso/rawCts/hl60_72h_u_2/
Created Log File: iso/rawCts/hl60_72h_u_2//QC.wRWtDlHnL60y.log
Starting QC
[Time: 2022-01-26 00:53:32] [Mem usage: [35MB / 2147MB]] [Elapsed Time: 00:00:00.0000]
QoRTs is Running in single-end mode.
Note: read-sorting is irrelevant in single-ended mode.
No parameter --genomeFA found.
Running functions: CigarOpDistribution, GCDistribution, GeneCalcs, JunctionCalcs, NVC, 
        QualityScoreDistribution, StrandCheck, chromCounts, 
        cigarLocusCounts, readLengthDistro, writeBiotypeCounts, 
        writeClippedNVC, writeDESeq, writeDEXSeq, writeGeneBody, 
        writeGeneCounts, writeGenewiseGeneBody, 
        writeJunctionSeqCounts, writeKnownSplices, 
        writeNovelSplices, writeSpliceExon
Checking first 10000 reads. Checking SAM file for formatting errors...
   Stats on the first 10000 reads:
        Num Reads Primary Map:    6406
        Num Reads Paired-ended:   0
        Num Reads mapped pair:    0
        Num Pair names found:     0
        Num Pairs matched:        0
        Read Seq length:          51 to 51
        Unclipped Read length:    51 to 51
        Final maxReadLength:      51
        maxPhredScore:            41
        minPhredScore:            2
Done checking first 10000 reads. No major problems detected!
SAMRecord Reader Generated. Read length: 51.
[Time: 2022-01-26 00:53:34] [Mem usage: [288MB / 2793MB]] [Elapsed Time: 00:00:01.0648]
> Init GeneCalcs Utility
> Init NVC utility
> Init CigarOpDistribution Utility
> Init QualityScoreDistribution Utility
> Init GC counts Utility
> Init JunctionCalcs utility
Compiling flat feature annotation, internally in memory...
FlatteningGtf: starting...(2022-01-26 00:54:18)
    FlatteningGtf: gtf file read complete.(2022-01-26 00:55:24)
    FlatteningGtf: Splice Junction Map read.(2022-01-26 00:55:26)
    FlatteningGtf: gene Sets generated.(2022-01-26 00:55:28)
    FlatteningGtf: Aggregate Sets built.
    FlatteningGtf: Compiling Aggregate Info . . . (2022-01-26 00:55:28)
    FlatteningGtf: Finished Compiling Aggregate Info. (2022-01-26 00:55:28)
    FlatteningGtf: Iterating through the step-vector...(2022-01-26 00:55:28)
    FlatteningGtf: Adding the aggregate genes themselves...(2022-01-26 00:55:30)
    FlatteningGtf: Iterating through the splice junctions...(2022-01-26 00:55:31)
    FlatteningGtf: Sorting the aggregate genes...(2022-01-26 00:55:33)
    FlatteningGtf: Folding the FlatGtfLine iterator...(2022-01-26 00:55:33)
    FlatteningGtf: Features Built.(2022-01-26 00:55:33)
Internal flat feature annotation compiled!
length of knownSpliceMap after instantiation: 383654
length of knownCountMap after instantiation: 383654
> Init StrandCheck Utility
> Init chromCount Utility
> Init qcCigarLocusCounts Utility
> Init MinorUtils Utility
QC Utilities Generated!
[Time: 2022-01-26 00:55:38] [Mem usage: [2653MB / 9GB]] [Elapsed Time: 00:02:05.0503]
helper_calculateGeneAssignmentMap_strict. Found: 60669 genes in the supplied annotation.
helper_calculateGeneAssignmentMap_strict. Found: 6594 genes with ambiguous segments.
helper_calculateGeneAssignmentMap_strict. Found: 54075 genes after first-pass filtering
making makeGeneIntervalMap for geneBody calculations. Found: 54075 acceptable genes for gene-body analysis.
..........[1000000 Read-Pairs processed] [Time: 2022-01-26 00:56:44] 
..........[2000000 Read-Pairs processed] [Time: 2022-01-26 00:57:19] 
..........[3000000 Read-Pairs processed] [Time: 2022-01-26 00:57:49] 
..........[4000000 Read-Pairs processed] [Time: 2022-01-26 00:58:18] 
..........[5000000 Read-Pairs processed] [Time: 2022-01-26 00:58:48] 
..........[6000000 Read-Pairs processed] [Time: 2022-01-26 00:59:18] 
..........[7000000 Read-Pairs processed] [Time: 2022-01-26 00:59:48] 
..........[8000000 Read-Pairs processed] [Time: 2022-01-26 01:00:17] 
..........[9000000 Read-Pairs processed] [Time: 2022-01-26 01:00:46] 
..........[10000000 Read-Pairs processed] [Time: 2022-01-26 01:01:15] 
..........[11000000 Read-Pairs processed] [Time: 2022-01-26 01:01:44] 
..........[12000000 Read-Pairs processed] [Time: 2022-01-26 01:02:13] 
..........[13000000 Read-Pairs processed] [Time: 2022-01-26 01:02:43] 
..........[14000000 Read-Pairs processed] [Time: 2022-01-26 01:03:12] 
..........[15000000 Read-Pairs processed] [Time: 2022-01-26 01:03:41] 
..........[16000000 Read-Pairs processed] [Time: 2022-01-26 01:04:10] 
..........[17000000 Read-Pairs processed] [Time: 2022-01-26 01:04:39] 
..........[18000000 Read-Pairs processed] [Time: 2022-01-26 01:05:08] 
..........[19000000 Read-Pairs processed] [Time: 2022-01-26 01:05:37] 
..........[20000000 Read-Pairs processed] [Time: 2022-01-26 01:06:07] 
..........[21000000 Read-Pairs processed] [Time: 2022-01-26 01:06:36] 
..........[22000000 Read-Pairs processed] [Time: 2022-01-26 01:07:05] 
..........[23000000 Read-Pairs processed] [Time: 2022-01-26 01:07:34] 
..........[24000000 Read-Pairs processed] [Time: 2022-01-26 01:08:03] 
..........[25000000 Read-Pairs processed] [Time: 2022-01-26 01:08:32] 
..........[26000000 Read-Pairs processed] [Time: 2022-01-26 01:09:01] 
..........[27000000 Read-Pairs processed] [Time: 2022-01-26 01:09:30] 
..........[28000000 Read-Pairs processed] [Time: 2022-01-26 01:09:59] 
..........[29000000 Read-Pairs processed] [Time: 2022-01-26 01:10:29] 
..........[30000000 Read-Pairs processed] [Time: 2022-01-26 01:10:57] 
..........[31000000 Read-Pairs processed] [Time: 2022-01-26 01:11:27] 
..........[32000000 Read-Pairs processed] [Time: 2022-01-26 01:11:55] 
..........[33000000 Read-Pairs processed] [Time: 2022-01-26 01:12:25] 
..........[34000000 Read-Pairs processed] [Time: 2022-01-26 01:12:54] 
..........[35000000 Read-Pairs processed] [Time: 2022-01-26 01:13:23] 
..........[36000000 Read-Pairs processed] [Time: 2022-01-26 01:13:52] 
..........[37000000 Read-Pairs processed] [Time: 2022-01-26 01:14:21] 
..........[38000000 Read-Pairs processed] [Time: 2022-01-26 01:14:50] 
..........[39000000 Read-Pairs processed] [Time: 2022-01-26 01:15:19] 
..........[40000000 Read-Pairs processed] [Time: 2022-01-26 01:15:49] 
..........[41000000 Read-Pairs processed] [Time: 2022-01-26 01:16:18] 
.
Finished reading SAM. Read: 41113846 reads/read-pairs.
Finished reading SAM. Used: 33200978 reads/read-pairs.
[Time: 2022-01-26 01:16:22] [Mem usage: [3851MB / 9GB]] [Elapsed Time: 00:22:49.0558]
> Read Stats:
>   READ_PAIR_OK                   33200978
>   TOTAL_READ_PAIRS               41113846
>   DROPPED_NOT_PROPER_PAIR        -1
>   DROPPED_READ_FAILS_VENDOR_QC   0
>   DROPPED_MARKED_NOT_VALID       0
>   DROPPED_CHROMS_MISMATCH        -1
>   DROPPED_PAIR_STRANDS_MISMATCH  -1
>   DROPPED_IGNORED_CHROMOSOME     0
>   DROPPED_NOT_UNIQUE_ALIGNMENT   7912868
>   DROPPED_NO_ALN_BLOCKS   0
>   DROPPED_NOT_MARKED_RG   -1
Pre-alignment read count unknown (Set --seqReadCt or --rawfastq)
Writing Output...
DEBUG NOTE: IncludeGenesSet.size: 54075
DEBUG NOTE: sortedReadCountSeq.size: 17830
DEBUG NOTE: coverageThresholds: 8915;13372;16047;17830
DEBUG NOTE: coverageSpans: [(0,8915);(8915,13372);(13372,16047);(16047,17830)]
DEBUG NOTE:	[1.bottomHalf][0.5] = [0,8915]
DEBUG NOTE:	[2.upperMidQuartile][0.75] = [8915,13372]
DEBUG NOTE:	[3.75to90][0.9] = [13372,16047]
DEBUG NOTE:	[4.high][1.0] = [16047,17830]
      (DEBUG) Generating Biotype Map [2022-01-26 01:16:23]
      (DEBUG) Extracted gene BioType using key "gene_biotype".
              Found 0 types: []
      (DEBUG) Finished Biotype Map [2022-01-26 01:17:41]
length of knownCountMap after run: 383654
WARNING: The data appears to be follow the fr_secondStrand rule, but
         QoRTs ran in fr_firstStrand mode!
      Are you sure that the data follows the fr_firstStrand rule?
      Under the fr_firstStrand rule, the first read aligns to the strand
      opposite the original RNA transcript, and the second read aligns to
      the same strand as the original RNA transcript.
      If the data follows the fr_secondStrand rule, you should probably
      re-run QoRTs with the "--stranded" and "--stranded_fr_secondstrand" options.
QoRTs completed WITH WARNINGS! See log for details.
Done.
Time spent on setup:           00:02:05.0503
Time spent on SAM iteration:   00:20:44.0055
                               (0.50429077672114 minutes per million read-pairs)
                               (0.624479596153262 minutes per million read-pairs used)
Time spent on file output:     00:01:35.0603
Total runtime:                 00:24:25.0161
Done. (Wed Jan 26 01:17:57 PST 2022)
