[PID_E2F_PATHWAY,PID_E2F_PATHWAY] was killed by [PID_P53_DOWNSTREAM_PATHWAY,PID_P53_DOWNSTREAM_PATHWAY]
[REACTOME_SIGNALING_BY_PDGF,REACTOME_SIGNALING_BY_PDGF] was killed by [REACTOME_DOWNSTREAM_SIGNAL_TRANSDUCTION,REACTOME_DOWNSTREAM_SIGNAL_TRANSDUCTION]
[HALLMARK_APICAL_JUNCTION,HALLMARK_APICAL_JUNCTION] was killed by [GO_GASTRULATION,GO_GASTRULATION]
[GSE46606_IRF4MID_VS_WT_CD40L_IL2_IL5_DAY3_STIMULATED_BCELL_DN,GSE46606_IRF4MID_VS_WT_CD40L_IL2_IL5_DAY3_STIMULATED_BCELL_DN] was killed by [GSE27241_CTRL_VS_DIGOXIN_TREATED_CD4_TCELL_IN_TH17_POLARIZING_CONDITIONS_DN,GSE27241_CTRL_VS_DIGOXIN_TREATED_CD4_TCELL_IN_TH17_POLARIZING_CONDITIONS_DN]
[CTCTGGA_MIR520A_MIR525,CTCTGGA_MIR520A_MIR525] was killed by [REACTOME_DOWNSTREAM_SIGNAL_TRANSDUCTION,REACTOME_DOWNSTREAM_SIGNAL_TRANSDUCTION]
[GSE22886_NAIVE_VS_MEMORY_TCELL_DN,GSE22886_NAIVE_VS_MEMORY_TCELL_DN] was killed by [MORF_CTBP1,MORF_CTBP1]
[MORF_DAP3,MORF_DAP3] was killed by [MORF_CTBP1,MORF_CTBP1]
[GSE43863_NAIVE_VS_MEMORY_LY6C_INT_CXCR5POS_CD4_TCELL_D150_LCMV_UP,GSE43863_NAIVE_VS_MEMORY_LY6C_INT_CXCR5POS_CD4_TCELL_D150_LCMV_UP] was killed by [GSE33292_WT_VS_TCF1_KO_DN3_THYMOCYTE_UP,GSE33292_WT_VS_TCF1_KO_DN3_THYMOCYTE_UP]
[GSE21546_WT_VS_SAP1A_KO_DP_THYMOCYTES_DN,GSE21546_WT_VS_SAP1A_KO_DP_THYMOCYTES_DN] was killed by [REACTOME_DOWNSTREAM_SIGNAL_TRANSDUCTION,REACTOME_DOWNSTREAM_SIGNAL_TRANSDUCTION]
[GSE19198_CTRL_VS_IL21_TREATED_TCELL_24H_DN,GSE19198_CTRL_VS_IL21_TREATED_TCELL_24H_DN] was killed by [GSE35825_UNTREATED_VS_IFNA_STIM_MACROPHAGE_UP,GSE35825_UNTREATED_VS_IFNA_STIM_MACROPHAGE_UP]
[GSE18281_PERIMEDULLARY_CORTICAL_REGION_VS_WHOLE_CORTEX_THYMUS_UP,GSE18281_PERIMEDULLARY_CORTICAL_REGION_VS_WHOLE_CORTEX_THYMUS_UP] was killed by [RUIZ_TNC_TARGETS_DN,RUIZ_TNC_TARGETS_DN]
[KAECH_NAIVE_VS_DAY8_EFF_CD8_TCELL_DN,KAECH_NAIVE_VS_DAY8_EFF_CD8_TCELL_DN] was killed by [RUIZ_TNC_TARGETS_DN,RUIZ_TNC_TARGETS_DN]
[ZHOU_CELL_CYCLE_GENES_IN_IR_RESPONSE_24HR,ZHOU_CELL_CYCLE_GENES_IN_IR_RESPONSE_24HR] was killed by [GSE34205_HEALTHY_VS_FLU_INF_INFANT_PBMC_DN,GSE34205_HEALTHY_VS_FLU_INF_INFANT_PBMC_DN]
[MORF_MAP2K2,MORF_MAP2K2] was killed by [MORF_CTBP1,MORF_CTBP1]
[REACTOME_CELL_CELL_COMMUNICATION,REACTOME_CELL_CELL_COMMUNICATION] was killed by [GO_GASTRULATION,GO_GASTRULATION]
[GO_CIRCADIAN_RHYTHM,GO_CIRCADIAN_RHYTHM] was killed by [PID_P53_DOWNSTREAM_PATHWAY,PID_P53_DOWNSTREAM_PATHWAY]
[EGFR_UP.V1_DN,EGFR_UP.V1_DN] was killed by [RUIZ_TNC_TARGETS_DN,RUIZ_TNC_TARGETS_DN]
[GSE24634_TEFF_VS_TCONV_DAY7_IN_CULTURE_UP,GSE24634_TEFF_VS_TCONV_DAY7_IN_CULTURE_UP] was killed by [RUIZ_TNC_TARGETS_DN,RUIZ_TNC_TARGETS_DN]
[REACTOME_DOWNSTREAM_SIGNALING_OF_ACTIVATED_FGFR,REACTOME_DOWNSTREAM_SIGNALING_OF_ACTIVATED_FGFR] was killed by [REACTOME_DOWNSTREAM_SIGNAL_TRANSDUCTION,REACTOME_DOWNSTREAM_SIGNAL_TRANSDUCTION]
[GSE3982_MAST_CELL_VS_TH2_DN,GSE3982_MAST_CELL_VS_TH2_DN] was killed by [RUIZ_TNC_TARGETS_DN,RUIZ_TNC_TARGETS_DN]
[GSE13411_NAIVE_VS_MEMORY_BCELL_DN,GSE13411_NAIVE_VS_MEMORY_BCELL_DN] was killed by [REACTOME_DOWNSTREAM_SIGNAL_TRANSDUCTION,REACTOME_DOWNSTREAM_SIGNAL_TRANSDUCTION]
[GO_PHOSPHATIDYLINOSITOL_3_KINASE_BINDING,GO_PHOSPHATIDYLINOSITOL_3_KINASE_BINDING] was killed by [REACTOME_DOWNSTREAM_SIGNAL_TRANSDUCTION,REACTOME_DOWNSTREAM_SIGNAL_TRANSDUCTION]
[GSE23568_ID3_KO_VS_WT_CD8_TCELL_DN,GSE23568_ID3_KO_VS_WT_CD8_TCELL_DN] was killed by [KAECH_DAY8_EFF_VS_DAY15_EFF_CD8_TCELL_DN,KAECH_DAY8_EFF_VS_DAY15_EFF_CD8_TCELL_DN]
[GO_STAT_CASCADE,GO_STAT_CASCADE] was killed by [REACTOME_DOWNSTREAM_SIGNAL_TRANSDUCTION,REACTOME_DOWNSTREAM_SIGNAL_TRANSDUCTION]
[GSE37534_UNTREATED_VS_PIOGLITAZONE_TREATED_CD4_TCELL_PPARG1_AND_FOXP3_TRASDUCED_DN,GSE37534_UNTREATED_VS_PIOGLITAZONE_TREATED_CD4_TCELL_PPARG1_AND_FOXP3_TRASDUCED_DN] was killed by [GSE41176_WT_VS_TAK1_KO_ANTI_IGM_STIM_BCELL_3H_DN,GSE41176_WT_VS_TAK1_KO_ANTI_IGM_STIM_BCELL_3H_DN]
[GSE557_CIITA_KO_VS_I_AB_KO_DC_DN,GSE557_CIITA_KO_VS_I_AB_KO_DC_DN] was killed by [GSE24574_NAIVE_VS_TCONV_CD4_TCELL_DN,GSE24574_NAIVE_VS_TCONV_CD4_TCELL_DN]
[GSE3039_ALPHAALPHA_VS_ALPHABETA_CD8_TCELL_UP,GSE3039_ALPHAALPHA_VS_ALPHABETA_CD8_TCELL_UP] was killed by [GO_GASTRULATION,GO_GASTRULATION]
[GSE26030_TH1_VS_TH17_DAY15_POST_POLARIZATION_DN,GSE26030_TH1_VS_TH17_DAY15_POST_POLARIZATION_DN] was killed by [GO_OXIDOREDUCTION_COENZYME_METABOLIC_PROCESS,GO_OXIDOREDUCTION_COENZYME_METABOLIC_PROCESS]
[SREBP1_01,SREBP1_01] was killed by [GSE41176_WT_VS_TAK1_KO_ANTI_IGM_STIM_BCELL_3H_DN,GSE41176_WT_VS_TAK1_KO_ANTI_IGM_STIM_BCELL_3H_DN]
[GO_NUCLEAR_SPECK,GO_NUCLEAR_SPECK] was killed by [STAMBOLSKY_TARGETS_OF_MUTATED_TP53_UP,STAMBOLSKY_TARGETS_OF_MUTATED_TP53_UP]
[GSE7764_IL15_TREATED_VS_CTRL_NK_CELL_24H_DN,GSE7764_IL15_TREATED_VS_CTRL_NK_CELL_24H_DN] was killed by [REACTOME_DOWNSTREAM_SIGNAL_TRANSDUCTION,REACTOME_DOWNSTREAM_SIGNAL_TRANSDUCTION]
[REACTOME_FATTY_ACID_TRIACYLGLYCEROL_AND_KETONE_BODY_METABOLISM,REACTOME_FATTY_ACID_TRIACYLGLYCEROL_AND_KETONE_BODY_METABOLISM] was killed by [PID_P53_DOWNSTREAM_PATHWAY,PID_P53_DOWNSTREAM_PATHWAY]
[BIOCARTA_NFAT_PATHWAY,BIOCARTA_NFAT_PATHWAY] was killed by [REACTOME_DOWNSTREAM_SIGNAL_TRANSDUCTION,REACTOME_DOWNSTREAM_SIGNAL_TRANSDUCTION]
[BILANGES_SERUM_RESPONSE_TRANSLATION,BILANGES_SERUM_RESPONSE_TRANSLATION] was killed by [GSE11924_TH2_VS_TH17_CD4_TCELL_DN,GSE11924_TH2_VS_TH17_CD4_TCELL_DN]
[LEE_CALORIE_RESTRICTION_MUSCLE_UP,LEE_CALORIE_RESTRICTION_MUSCLE_UP] was killed by [GO_OXIDOREDUCTION_COENZYME_METABOLIC_PROCESS,GO_OXIDOREDUCTION_COENZYME_METABOLIC_PROCESS]
[GSE21670_UNTREATED_VS_TGFB_IL6_TREATED_CD4_TCELL_UP,GSE21670_UNTREATED_VS_TGFB_IL6_TREATED_CD4_TCELL_UP] was killed by [GSE34205_HEALTHY_VS_FLU_INF_INFANT_PBMC_DN,GSE34205_HEALTHY_VS_FLU_INF_INFANT_PBMC_DN]
[GSE22282_HYPOXIA_VS_NORMOXIA_MYELOID_DC_UP,GSE22282_HYPOXIA_VS_NORMOXIA_MYELOID_DC_UP] was killed by [FIGUEROA_AML_METHYLATION_CLUSTER_3_UP,FIGUEROA_AML_METHYLATION_CLUSTER_3_UP]
[MISSIAGLIA_REGULATED_BY_METHYLATION_DN,MISSIAGLIA_REGULATED_BY_METHYLATION_DN] was killed by [GSE34205_HEALTHY_VS_FLU_INF_INFANT_PBMC_DN,GSE34205_HEALTHY_VS_FLU_INF_INFANT_PBMC_DN]
[SASSON_RESPONSE_TO_GONADOTROPHINS_UP,SASSON_RESPONSE_TO_GONADOTROPHINS_UP] was killed by [MORF_CTBP1,MORF_CTBP1]
[GO_NEGATIVE_REGULATION_OF_LIPID_METABOLIC_PROCESS,GO_NEGATIVE_REGULATION_OF_LIPID_METABOLIC_PROCESS] was killed by [GO_REGULATION_OF_STEROID_BIOSYNTHETIC_PROCESS,GO_REGULATION_OF_STEROID_BIOSYNTHETIC_PROCESS]
[GSE9988_LPS_VS_VEHICLE_TREATED_MONOCYTE_DN,GSE9988_LPS_VS_VEHICLE_TREATED_MONOCYTE_DN] was killed by [GSE8384_CTRL_VS_B_ABORTUS_4H_MAC_CELL_LINE_UP,GSE8384_CTRL_VS_B_ABORTUS_4H_MAC_CELL_LINE_UP]
[GSE27786_NEUTROPHIL_VS_MONO_MAC_UP,GSE27786_NEUTROPHIL_VS_MONO_MAC_UP] was killed by [REACTOME_DOWNSTREAM_SIGNAL_TRANSDUCTION,REACTOME_DOWNSTREAM_SIGNAL_TRANSDUCTION]
[GSE39820_TGFBETA1_VS_TGFBETA3_IN_IL6_IL23A_TREATED_CD4_TCELL_UP,GSE39820_TGFBETA1_VS_TGFBETA3_IN_IL6_IL23A_TREATED_CD4_TCELL_UP] was killed by [CAMP_UP.V1_UP,CAMP_UP.V1_UP]
[GSE40493_BCL6_KO_VS_WT_TREG_UP,GSE40493_BCL6_KO_VS_WT_TREG_UP] was killed by [MORF_CTBP1,MORF_CTBP1]
[GSE26669_CTRL_VS_COSTIM_BLOCK_MLR_CD4_TCELL_UP,GSE26669_CTRL_VS_COSTIM_BLOCK_MLR_CD4_TCELL_UP] was killed by [GSE43863_NAIVE_VS_MEMORY_LY6C_INT_CXCR5POS_CD4_TCELL_D150_LCMV_DN,GSE43863_NAIVE_VS_MEMORY_LY6C_INT_CXCR5POS_CD4_TCELL_D150_LCMV_DN]
[GSE22196_HEALTHY_VS_OBESE_MOUSE_SKIN_GAMMADELTA_TCELL_UP,GSE22196_HEALTHY_VS_OBESE_MOUSE_SKIN_GAMMADELTA_TCELL_UP] was killed by [GSE22140_HEALTHY_VS_ARTHRITIC_MOUSE_CD4_TCELL_UP,GSE22140_HEALTHY_VS_ARTHRITIC_MOUSE_CD4_TCELL_UP]
[COULOUARN_TEMPORAL_TGFB1_SIGNATURE_UP,COULOUARN_TEMPORAL_TGFB1_SIGNATURE_UP] was killed by [GSE11961_GERMINAL_CENTER_BCELL_DAY7_VS_PLASMA_CELL_DAY7_DN,GSE11961_GERMINAL_CENTER_BCELL_DAY7_VS_PLASMA_CELL_DAY7_DN]
[GO_CELLULAR_GLUCOSE_HOMEOSTASIS,GO_CELLULAR_GLUCOSE_HOMEOSTASIS] was killed by [REACTOME_DOWNSTREAM_SIGNAL_TRANSDUCTION,REACTOME_DOWNSTREAM_SIGNAL_TRANSDUCTION]
[MORI_IMMATURE_B_LYMPHOCYTE_DN,MORI_IMMATURE_B_LYMPHOCYTE_DN] was killed by [GSE34205_HEALTHY_VS_FLU_INF_INFANT_PBMC_DN,GSE34205_HEALTHY_VS_FLU_INF_INFANT_PBMC_DN]
[GSE4984_GALECTIN1_VS_LPS_STIM_DC_UP,GSE4984_GALECTIN1_VS_LPS_STIM_DC_UP] was killed by [GSE33292_WT_VS_TCF1_KO_DN3_THYMOCYTE_UP,GSE33292_WT_VS_TCF1_KO_DN3_THYMOCYTE_UP]
[DAZARD_RESPONSE_TO_UV_SCC_UP,DAZARD_RESPONSE_TO_UV_SCC_UP] was killed by [GO_GASTRULATION,GO_GASTRULATION]
[GSE39820_CTRL_VS_TGFBETA3_IL6_CD4_TCELL_DN,GSE39820_CTRL_VS_TGFBETA3_IL6_CD4_TCELL_DN] was killed by [IKEDA_MIR1_TARGETS_UP,IKEDA_MIR1_TARGETS_UP]
[GO_POLY_PURINE_TRACT_BINDING,GO_POLY_PURINE_TRACT_BINDING] was killed by [IKEDA_MIR1_TARGETS_UP,IKEDA_MIR1_TARGETS_UP]
[LABBE_TGFB1_TARGETS_DN,LABBE_TGFB1_TARGETS_DN] was killed by [GSE11924_TH1_VS_TH17_CD4_TCELL_DN,GSE11924_TH1_VS_TH17_CD4_TCELL_DN]
[GO_REPRESSING_TRANSCRIPTION_FACTOR_BINDING,GO_REPRESSING_TRANSCRIPTION_FACTOR_BINDING] was killed by [GO_GASTRULATION,GO_GASTRULATION]
[ZHANG_TLX_TARGETS_36HR_DN,ZHANG_TLX_TARGETS_36HR_DN] was killed by [RUIZ_TNC_TARGETS_DN,RUIZ_TNC_TARGETS_DN]
[BURTON_ADIPOGENESIS_12,BURTON_ADIPOGENESIS_12] was killed by [STAMBOLSKY_TARGETS_OF_MUTATED_TP53_UP,STAMBOLSKY_TARGETS_OF_MUTATED_TP53_UP]
[PID_HDAC_CLASSI_PATHWAY,PID_HDAC_CLASSI_PATHWAY] was killed by [PID_P53_DOWNSTREAM_PATHWAY,PID_P53_DOWNSTREAM_PATHWAY]
[GSE37301_HEMATOPOIETIC_STEM_CELL_VS_MULTIPOTENT_PROGENITOR_UP,GSE37301_HEMATOPOIETIC_STEM_CELL_VS_MULTIPOTENT_PROGENITOR_UP] was killed by [GSE22140_HEALTHY_VS_ARTHRITIC_MOUSE_CD4_TCELL_UP,GSE22140_HEALTHY_VS_ARTHRITIC_MOUSE_CD4_TCELL_UP]
[KEGG_ADHERENS_JUNCTION,KEGG_ADHERENS_JUNCTION] was killed by [GO_GASTRULATION,GO_GASTRULATION]
[GSE15330_MEGAKARYOCYTE_ERYTHROID_VS_GRANULOCYTE_MONOCYTE_PROGENITOR_UP,GSE15330_MEGAKARYOCYTE_ERYTHROID_VS_GRANULOCYTE_MONOCYTE_PROGENITOR_UP] was killed by [GSE34205_HEALTHY_VS_FLU_INF_INFANT_PBMC_DN,GSE34205_HEALTHY_VS_FLU_INF_INFANT_PBMC_DN]
[GSE3203_UNTREATED_VS_IFNB_TREATED_LN_BCELL_DN,GSE3203_UNTREATED_VS_IFNB_TREATED_LN_BCELL_DN] was killed by [GSE32423_IL7_VS_IL7_IL4_NAIVE_CD8_TCELL_UP,GSE32423_IL7_VS_IL7_IL4_NAIVE_CD8_TCELL_UP]
[GO_POSITIVE_REGULATION_OF_EPITHELIAL_CELL_MIGRATION,GO_POSITIVE_REGULATION_OF_EPITHELIAL_CELL_MIGRATION] was killed by [GO_GASTRULATION,GO_GASTRULATION]
[GSE32255_WT_VS_JMJD2D_KNOCKDOWN_4H_LPS_STIM_DC_UP,GSE32255_WT_VS_JMJD2D_KNOCKDOWN_4H_LPS_STIM_DC_UP] was killed by [GSE37532_TREG_VS_TCONV_CD4_TCELL_FROM_LN_DN,GSE37532_TREG_VS_TCONV_CD4_TCELL_FROM_LN_DN]
[GSE17301_CTRL_VS_48H_ACD3_ACD28_IFNA2_STIM_CD8_TCELL_DN,GSE17301_CTRL_VS_48H_ACD3_ACD28_IFNA2_STIM_CD8_TCELL_DN] was killed by [RUIZ_TNC_TARGETS_DN,RUIZ_TNC_TARGETS_DN]
[GSE22886_NAIVE_CD4_TCELL_VS_48H_ACT_TH2_DN,GSE22886_NAIVE_CD4_TCELL_VS_48H_ACT_TH2_DN] was killed by [GSE24574_NAIVE_VS_TCONV_CD4_TCELL_DN,GSE24574_NAIVE_VS_TCONV_CD4_TCELL_DN]
[GSE42724_MEMORY_BCELL_VS_PLASMABLAST_UP,GSE42724_MEMORY_BCELL_VS_PLASMABLAST_UP] was killed by [FAELT_B_CLL_WITH_VH_REARRANGEMENTS_UP,FAELT_B_CLL_WITH_VH_REARRANGEMENTS_UP]
[SCHLOSSER_SERUM_RESPONSE_UP,SCHLOSSER_SERUM_RESPONSE_UP] was killed by [GSE22140_HEALTHY_VS_ARTHRITIC_MOUSE_CD4_TCELL_UP,GSE22140_HEALTHY_VS_ARTHRITIC_MOUSE_CD4_TCELL_UP]
[GSE40274_CTRL_VS_LEF1_TRANSDUCED_ACTIVATED_CD4_TCELL_DN,GSE40274_CTRL_VS_LEF1_TRANSDUCED_ACTIVATED_CD4_TCELL_DN] was killed by [GO_REGULATION_OF_STEROID_BIOSYNTHETIC_PROCESS,GO_REGULATION_OF_STEROID_BIOSYNTHETIC_PROCESS]
[GSE9650_EXHAUSTED_VS_MEMORY_CD8_TCELL_UP,GSE9650_EXHAUSTED_VS_MEMORY_CD8_TCELL_UP] was killed by [GSE11961_GERMINAL_CENTER_BCELL_DAY7_VS_PLASMA_CELL_DAY7_DN,GSE11961_GERMINAL_CENTER_BCELL_DAY7_VS_PLASMA_CELL_DAY7_DN]
[GO_REGULATION_OF_STEROID_METABOLIC_PROCESS,GO_REGULATION_OF_STEROID_METABOLIC_PROCESS] was killed by [GO_REGULATION_OF_STEROID_BIOSYNTHETIC_PROCESS,GO_REGULATION_OF_STEROID_BIOSYNTHETIC_PROCESS]
[GSE37533_UNTREATED_VS_PIOGLIZATONE_TREATED_CD4_TCELL_PPARG2_AND_FOXP3_TRASDUCED_UP,GSE37533_UNTREATED_VS_PIOGLIZATONE_TREATED_CD4_TCELL_PPARG2_AND_FOXP3_TRASDUCED_UP] was killed by [GSE43863_NAIVE_VS_MEMORY_LY6C_INT_CXCR5POS_CD4_TCELL_D150_LCMV_DN,GSE43863_NAIVE_VS_MEMORY_LY6C_INT_CXCR5POS_CD4_TCELL_D150_LCMV_DN]
