[KCCGNSWTTT_UNKNOWN,KCCGNSWTTT_UNKNOWN] was killed by [TMTCGCGANR_UNKNOWN,TMTCGCGANR_UNKNOWN]
[POU3F2_01,POU3F2_01] was killed by [NRSF_01,NRSF_01]
[CRGAARNNNNCGA_UNKNOWN,CRGAARNNNNCGA_UNKNOWN] was killed by [SREBP1_01,SREBP1_01]
[FREAC4_01,FREAC4_01] was killed by [GATA_Q6,GATA_Q6]
[NKX25_01,NKX25_01] was killed by [GATA_Q6,GATA_Q6]
[CCAWNWWNNNGGC_UNKNOWN,CCAWNWWNNNGGC_UNKNOWN] was killed by [TMTCGCGANR_UNKNOWN,TMTCGCGANR_UNKNOWN]
[CCGNMNNTNACG_UNKNOWN,CCGNMNNTNACG_UNKNOWN] was killed by [SREBP1_01,SREBP1_01]
[AACYNNNNTTCCS_UNKNOWN,AACYNNNNTTCCS_UNKNOWN] was killed by [SNACANNNYSYAGA_UNKNOWN,SNACANNNYSYAGA_UNKNOWN]
[CCAWWNAAGG_SRF_Q4,CCAWWNAAGG_SRF_Q4] was killed by [HMEF2_Q6,HMEF2_Q6]
[COMP1_01,COMP1_01] was killed by [GATA_Q6,GATA_Q6]
[FREAC7_01,FREAC7_01] was killed by [TMTCGCGANR_UNKNOWN,TMTCGCGANR_UNKNOWN]
[EGR2_01,EGR2_01] was killed by [NRSF_01,NRSF_01]
[RACTNNRTTTNC_UNKNOWN,RACTNNRTTTNC_UNKNOWN] was killed by [SNACANNNYSYAGA_UNKNOWN,SNACANNNYSYAGA_UNKNOWN]
[GATGKMRGCG_UNKNOWN,GATGKMRGCG_UNKNOWN] was killed by [GGGNRMNNYCAT_UNKNOWN,GGGNRMNNYCAT_UNKNOWN]
[E2F_Q2,E2F_Q2] was killed by [GATA_Q6,GATA_Q6]
[TGASTMAGC_NFE2_01,TGASTMAGC_NFE2_01] was killed by [TMTCGCGANR_UNKNOWN,TMTCGCGANR_UNKNOWN]
[TAAYNRNNTCC_UNKNOWN,TAAYNRNNTCC_UNKNOWN] was killed by [GATA_Q6,GATA_Q6]
[CGTSACG_PAX3_B,CGTSACG_PAX3_B] was killed by [SREBP1_01,SREBP1_01]
[AHR_01,AHR_01] was killed by [TMTCGCGANR_UNKNOWN,TMTCGCGANR_UNKNOWN]
[ACTWSNACTNY_UNKNOWN,ACTWSNACTNY_UNKNOWN] was killed by [SNACANNNYSYAGA_UNKNOWN,SNACANNNYSYAGA_UNKNOWN]
[GCGSCMNTTT_UNKNOWN,GCGSCMNTTT_UNKNOWN] was killed by [SGCGSSAAA_E2F1DP2_01,SGCGSSAAA_E2F1DP2_01]
[GGGNNTTTCC_NFKB_Q6_01,GGGNNTTTCC_NFKB_Q6_01] was killed by [CCANNAGRKGGC_UNKNOWN,CCANNAGRKGGC_UNKNOWN]
[HFH3_01,HFH3_01] was killed by [GATA_Q6,GATA_Q6]
[AAGWWRNYGGC_UNKNOWN,AAGWWRNYGGC_UNKNOWN] was killed by [TMTCGCGANR_UNKNOWN,TMTCGCGANR_UNKNOWN]
[SRF_01,SRF_01] was killed by [HMEF2_Q6,HMEF2_Q6]
[HEN1_01,HEN1_01] was killed by [HMEF2_Q6,HMEF2_Q6]
[EVI1_02,EVI1_02] was killed by [GATA_Q6,GATA_Q6]
[HMX1_01,HMX1_01] was killed by [HMEF2_Q6,HMEF2_Q6]
[PBX1_02,PBX1_02] was killed by [GKCGCNNNNNNNTGAYG_UNKNOWN,GKCGCNNNNNNNTGAYG_UNKNOWN]
[GTTRYCATRR_UNKNOWN,GTTRYCATRR_UNKNOWN] was killed by [SREBP1_01,SREBP1_01]
[MEF2_04,MEF2_04] was killed by [HMEF2_Q6,HMEF2_Q6]
[PPARA_02,PPARA_02] was killed by [GGGNRMNNYCAT_UNKNOWN,GGGNRMNNYCAT_UNKNOWN]
[ATCMNTCCGY_UNKNOWN,ATCMNTCCGY_UNKNOWN] was killed by [SREBP1_01,SREBP1_01]
[TAANNYSGCG_UNKNOWN,TAANNYSGCG_UNKNOWN] was killed by [TMTCGCGANR_UNKNOWN,TMTCGCGANR_UNKNOWN]
[GGCNKCCATNK_UNKNOWN,GGCNKCCATNK_UNKNOWN] was killed by [TMTCGCGANR_UNKNOWN,TMTCGCGANR_UNKNOWN]
[ACAWNRNSRCGG_UNKNOWN,ACAWNRNSRCGG_UNKNOWN] was killed by [SGCGSSAAA_E2F1DP2_01,SGCGSSAAA_E2F1DP2_01]
[GGCKCATGS_UNKNOWN,GGCKCATGS_UNKNOWN] was killed by [GGGNRMNNYCAT_UNKNOWN,GGGNRMNNYCAT_UNKNOWN]
[CDPCR1_01,CDPCR1_01] was killed by [NRSF_01,NRSF_01]
[MEF2_01,MEF2_01] was killed by [SGCGSSAAA_E2F1DP2_01,SGCGSSAAA_E2F1DP2_01]
[AACWWCAANK_UNKNOWN,AACWWCAANK_UNKNOWN] was killed by [SNACANNNYSYAGA_UNKNOWN,SNACANNNYSYAGA_UNKNOWN]
[RTTTNNNYTGGM_UNKNOWN,RTTTNNNYTGGM_UNKNOWN] was killed by [TMTCGCGANR_UNKNOWN,TMTCGCGANR_UNKNOWN]
[STAT3_02,STAT3_02] was killed by [GGGNRMNNYCAT_UNKNOWN,GGGNRMNNYCAT_UNKNOWN]
[RORA2_01,RORA2_01] was killed by [TMTCGCGANR_UNKNOWN,TMTCGCGANR_UNKNOWN]
[YYCATTCAWW_UNKNOWN,YYCATTCAWW_UNKNOWN] was killed by [GCGNNANTTCC_UNKNOWN,GCGNNANTTCC_UNKNOWN]
[RYTAAWNNNTGAY_UNKNOWN,RYTAAWNNNTGAY_UNKNOWN] was killed by [NRSF_01,NRSF_01]
[MYC_Q2,MYC_Q2] was killed by [SREBP1_01,SREBP1_01]
[ARP1_01,ARP1_01] was killed by [GATA_Q6,GATA_Q6]
[GGAMTNNNNNTCCY_UNKNOWN,GGAMTNNNNNTCCY_UNKNOWN] was killed by [SNACANNNYSYAGA_UNKNOWN,SNACANNNYSYAGA_UNKNOWN]
[HNF3_Q6,HNF3_Q6] was killed by [HMEF2_Q6,HMEF2_Q6]
[YTAATTAA_LHX3_01,YTAATTAA_LHX3_01] was killed by [SREBP1_01,SREBP1_01]
[PAX5_01,PAX5_01] was killed by [SGCGSSAAA_E2F1DP2_01,SGCGSSAAA_E2F1DP2_01]
[LXR_Q3,LXR_Q3] was killed by [SGCGSSAAA_E2F1DP2_01,SGCGSSAAA_E2F1DP2_01]
[RRCCGTTA_UNKNOWN,RRCCGTTA_UNKNOWN] was killed by [SGCGSSAAA_E2F1DP2_01,SGCGSSAAA_E2F1DP2_01]
[PR_02,PR_02] was killed by [SGCGSSAAA_E2F1DP2_01,SGCGSSAAA_E2F1DP2_01]
[CATRRAGC_UNKNOWN,CATRRAGC_UNKNOWN] was killed by [TMTCGCGANR_UNKNOWN,TMTCGCGANR_UNKNOWN]
[TAAWWATAG_RSRFC4_Q2,TAAWWATAG_RSRFC4_Q2] was killed by [GATA_Q6,GATA_Q6]
[FOXJ2_01,FOXJ2_01] was killed by [TMTCGCGANR_UNKNOWN,TMTCGCGANR_UNKNOWN]
[RGTTAMWNATT_HNF1_01,RGTTAMWNATT_HNF1_01] was killed by [SNACANNNYSYAGA_UNKNOWN,SNACANNNYSYAGA_UNKNOWN]
[GGCNRNWCTTYS_UNKNOWN,GGCNRNWCTTYS_UNKNOWN] was killed by [GCGNNANTTCC_UNKNOWN,GCGNNANTTCC_UNKNOWN]
[ATGGYGGA_UNKNOWN,ATGGYGGA_UNKNOWN] was killed by [SREBP1_01,SREBP1_01]
[WCTCNATGGY_UNKNOWN,WCTCNATGGY_UNKNOWN] was killed by [GGAANCGGAANY_UNKNOWN,GGAANCGGAANY_UNKNOWN]
[ALX4_01,ALX4_01] was killed by [SNACANNNYSYAGA_UNKNOWN,SNACANNNYSYAGA_UNKNOWN]
[ARGGGTTAA_UNKNOWN,ARGGGTTAA_UNKNOWN] was killed by [GATA_Q6,GATA_Q6]
[EVI1_03,EVI1_03] was killed by [GATA_Q6,GATA_Q6]
[PAX8_B,PAX8_B] was killed by [SREBP1_01,SREBP1_01]
[PR_01,PR_01] was killed by [GATA_Q6,GATA_Q6]
[PAX3_01,PAX3_01] was killed by [GGGNRMNNYCAT_UNKNOWN,GGGNRMNNYCAT_UNKNOWN]
[EN1_01,EN1_01] was killed by [GATA_Q6,GATA_Q6]
[E2F_01,E2F_01] was killed by [SGCGSSAAA_E2F1DP2_01,SGCGSSAAA_E2F1DP2_01]
[KMCATNNWGGA_UNKNOWN,KMCATNNWGGA_UNKNOWN] was killed by [SGCGSSAAA_E2F1DP2_01,SGCGSSAAA_E2F1DP2_01]
[AHRARNT_02,AHRARNT_02] was killed by [SREBP1_01,SREBP1_01]
[AR_01,AR_01] was killed by [HMEF2_Q6,HMEF2_Q6]
[RYCACNNRNNRNCAG_UNKNOWN,RYCACNNRNNRNCAG_UNKNOWN] was killed by [CCANNAGRKGGC_UNKNOWN,CCANNAGRKGGC_UNKNOWN]
[GTTNYYNNGGTNA_UNKNOWN,GTTNYYNNGGTNA_UNKNOWN] was killed by [HMEF2_Q6,HMEF2_Q6]
[YWATTWNNRGCT_UNKNOWN,YWATTWNNRGCT_UNKNOWN] was killed by [HMEF2_Q6,HMEF2_Q6]
[TTANWNANTGGM_UNKNOWN,TTANWNANTGGM_UNKNOWN] was killed by [GATA_Q6,GATA_Q6]
[ACAWYAAAG_UNKNOWN,ACAWYAAAG_UNKNOWN] was killed by [HMEF2_Q6,HMEF2_Q6]
[OCT1_07,OCT1_07] was killed by [SGCGSSAAA_E2F1DP2_01,SGCGSSAAA_E2F1DP2_01]
[CCAWYNNGAAR_UNKNOWN,CCAWYNNGAAR_UNKNOWN] was killed by [TMTCGCGANR_UNKNOWN,TMTCGCGANR_UNKNOWN]
[WWTAAGGC_UNKNOWN,WWTAAGGC_UNKNOWN] was killed by [GATA_Q6,GATA_Q6]
[MCAATNNNNNGCG_UNKNOWN,MCAATNNNNNGCG_UNKNOWN] was killed by [TMTCGCGANR_UNKNOWN,TMTCGCGANR_UNKNOWN]
[TGTYNNNNNRGCARM_UNKNOWN,TGTYNNNNNRGCARM_UNKNOWN] was killed by [HMEF2_Q6,HMEF2_Q6]
[CREBP1_01,CREBP1_01] was killed by [GCGNNANTTCC_UNKNOWN,GCGNNANTTCC_UNKNOWN]
[TNCATNTCCYR_UNKNOWN,TNCATNTCCYR_UNKNOWN] was killed by [SGCGSSAAA_E2F1DP2_01,SGCGSSAAA_E2F1DP2_01]
[YTAAYNGCT_UNKNOWN,YTAAYNGCT_UNKNOWN] was killed by [SGCGSSAAA_E2F1DP2_01,SGCGSSAAA_E2F1DP2_01]
[YGCANTGCR_UNKNOWN,YGCANTGCR_UNKNOWN] was killed by [TMTCGCGANR_UNKNOWN,TMTCGCGANR_UNKNOWN]
[HOX13_01,HOX13_01] was killed by [HMEF2_Q6,HMEF2_Q6]
[STAT5A_02,STAT5A_02] was killed by [SREBP1_01,SREBP1_01]
[KTGGYRSGAA_UNKNOWN,KTGGYRSGAA_UNKNOWN] was killed by [SGCGSSAAA_E2F1DP2_01,SGCGSSAAA_E2F1DP2_01]
[CGGAARNGGCNG_UNKNOWN,CGGAARNGGCNG_UNKNOWN] was killed by [SREBP1_01,SREBP1_01]
[CAGNWMCNNNGAC_UNKNOWN,CAGNWMCNNNGAC_UNKNOWN] was killed by [NRSF_01,NRSF_01]
[RNCTGNYNRNCTGNY_UNKNOWN,RNCTGNYNRNCTGNY_UNKNOWN] was killed by [CCANNAGRKGGC_UNKNOWN,CCANNAGRKGGC_UNKNOWN]
[EVI1_05,EVI1_05] was killed by [GATA_Q6,GATA_Q6]
[MIF1_01,MIF1_01] was killed by [GCGNNANTTCC_UNKNOWN,GCGNNANTTCC_UNKNOWN]
[HEN1_02,HEN1_02] was killed by [HMEF2_Q6,HMEF2_Q6]
[PAX2_01,PAX2_01] was killed by [GATA_Q6,GATA_Q6]
