[HP_SANDAL_GAP,HP_SANDAL_GAP] was killed by [HP_HIGHLY_ARCHED_EYEBROW,HP_HIGHLY_ARCHED_EYEBROW]
[GOBP_STEROID_BIOSYNTHETIC_PROCESS,GOBP_STEROID_BIOSYNTHETIC_PROCESS] was killed by [GOBP_STEROL_BIOSYNTHETIC_PROCESS,GOBP_STEROL_BIOSYNTHETIC_PROCESS]
[GOBP_REGULATION_OF_STEROID_BIOSYNTHETIC_PROCESS,GOBP_REGULATION_OF_STEROID_BIOSYNTHETIC_PROCESS] was killed by [GOBP_STEROL_BIOSYNTHETIC_PROCESS,GOBP_STEROL_BIOSYNTHETIC_PROCESS]
[GOBP_T_CELL_PROLIFERATION,GOBP_T_CELL_PROLIFERATION] was killed by [GOBP_POSITIVE_REGULATION_OF_LEUKOCYTE_PROLIFERATION,GOBP_POSITIVE_REGULATION_OF_LEUKOCYTE_PROLIFERATION]
[GOBP_REGULATION_OF_AUTOPHAGY_OF_MITOCHONDRION,GOBP_REGULATION_OF_AUTOPHAGY_OF_MITOCHONDRION] was killed by [GOBP_STEROL_BIOSYNTHETIC_PROCESS,GOBP_STEROL_BIOSYNTHETIC_PROCESS]
[GOBP_REGULATION_OF_STEROID_METABOLIC_PROCESS,GOBP_REGULATION_OF_STEROID_METABOLIC_PROCESS] was killed by [GOBP_STEROL_BIOSYNTHETIC_PROCESS,GOBP_STEROL_BIOSYNTHETIC_PROCESS]
[GOBP_REGULATION_OF_ALCOHOL_BIOSYNTHETIC_PROCESS,GOBP_REGULATION_OF_ALCOHOL_BIOSYNTHETIC_PROCESS] was killed by [GOBP_STEROL_BIOSYNTHETIC_PROCESS,GOBP_STEROL_BIOSYNTHETIC_PROCESS]
[HP_TELECANTHUS,HP_TELECANTHUS] was killed by [HP_HIGHLY_ARCHED_EYEBROW,HP_HIGHLY_ARCHED_EYEBROW]
[HP_ABNORMALITY_OF_THE_MAXILLA,HP_ABNORMALITY_OF_THE_MAXILLA] was killed by [HP_HIGHLY_ARCHED_EYEBROW,HP_HIGHLY_ARCHED_EYEBROW]
[GOBP_REGULATION_OF_ACTIN_FILAMENT_BUNDLE_ASSEMBLY,GOBP_REGULATION_OF_ACTIN_FILAMENT_BUNDLE_ASSEMBLY] was killed by [GOBP_STRESS_FIBER_ASSEMBLY,GOBP_STRESS_FIBER_ASSEMBLY]
[GOBP_MITOCHONDRION_LOCALIZATION,GOBP_MITOCHONDRION_LOCALIZATION] was killed by [GOBP_POSITIVE_REGULATION_OF_MITOCHONDRION_ORGANIZATION,GOBP_POSITIVE_REGULATION_OF_MITOCHONDRION_ORGANIZATION]
[GOBP_POSITIVE_REGULATION_OF_T_CELL_PROLIFERATION,GOBP_POSITIVE_REGULATION_OF_T_CELL_PROLIFERATION] was killed by [GOBP_NOTCH_SIGNALING_PATHWAY,GOBP_NOTCH_SIGNALING_PATHWAY]
[GOBP_REGULATION_OF_PROTEIN_DEPHOSPHORYLATION,GOBP_REGULATION_OF_PROTEIN_DEPHOSPHORYLATION] was killed by [GOBP_POSITIVE_REGULATION_OF_LEUKOCYTE_PROLIFERATION,GOBP_POSITIVE_REGULATION_OF_LEUKOCYTE_PROLIFERATION]
[GOCC_COPII_COATED_ER_TO_GOLGI_TRANSPORT_VESICLE,GOCC_COPII_COATED_ER_TO_GOLGI_TRANSPORT_VESICLE] was killed by [GOBP_NOTCH_SIGNALING_PATHWAY,GOBP_NOTCH_SIGNALING_PATHWAY]
[GOBP_REGULATION_OF_BONE_REMODELING,GOBP_REGULATION_OF_BONE_REMODELING] was killed by [GOBP_POSITIVE_REGULATION_OF_LEUKOCYTE_PROLIFERATION,GOBP_POSITIVE_REGULATION_OF_LEUKOCYTE_PROLIFERATION]
[GOBP_PHOSPHATIDYLINOSITOL_3_KINASE_SIGNALING,GOBP_PHOSPHATIDYLINOSITOL_3_KINASE_SIGNALING] was killed by [GOBP_POSITIVE_REGULATION_OF_LEUKOCYTE_PROLIFERATION,GOBP_POSITIVE_REGULATION_OF_LEUKOCYTE_PROLIFERATION]
[GOBP_REGULATION_OF_PHOSPHOPROTEIN_PHOSPHATASE_ACTIVITY,GOBP_REGULATION_OF_PHOSPHOPROTEIN_PHOSPHATASE_ACTIVITY] was killed by [GOBP_POSITIVE_REGULATION_OF_LEUKOCYTE_PROLIFERATION,GOBP_POSITIVE_REGULATION_OF_LEUKOCYTE_PROLIFERATION]
[GOBP_REGULATION_OF_MITOCHONDRION_ORGANIZATION,GOBP_REGULATION_OF_MITOCHONDRION_ORGANIZATION] was killed by [GOBP_POSITIVE_REGULATION_OF_MITOCHONDRION_ORGANIZATION,GOBP_POSITIVE_REGULATION_OF_MITOCHONDRION_ORGANIZATION]
[GOBP_POSITIVE_REGULATION_OF_ACTIN_FILAMENT_BUNDLE_ASSEMBLY,GOBP_POSITIVE_REGULATION_OF_ACTIN_FILAMENT_BUNDLE_ASSEMBLY] was killed by [GOBP_STRESS_FIBER_ASSEMBLY,GOBP_STRESS_FIBER_ASSEMBLY]
[GOMF_P53_BINDING,GOMF_P53_BINDING] was killed by [HP_HIGHLY_ARCHED_EYEBROW,HP_HIGHLY_ARCHED_EYEBROW]
[GOBP_REGULATION_OF_CHOLESTEROL_METABOLIC_PROCESS,GOBP_REGULATION_OF_CHOLESTEROL_METABOLIC_PROCESS] was killed by [GOBP_STEROL_BIOSYNTHETIC_PROCESS,GOBP_STEROL_BIOSYNTHETIC_PROCESS]
[GOBP_REGULATION_OF_CHOLESTEROL_BIOSYNTHETIC_PROCESS,GOBP_REGULATION_OF_CHOLESTEROL_BIOSYNTHETIC_PROCESS] was killed by [GOBP_STEROL_BIOSYNTHETIC_PROCESS,GOBP_STEROL_BIOSYNTHETIC_PROCESS]
[HP_RADIAL_DEVIATION_OF_THE_HAND_OR_OF_FINGERS_OF_THE_HAND,HP_RADIAL_DEVIATION_OF_THE_HAND_OR_OF_FINGERS_OF_THE_HAND] was killed by [HP_HIGHLY_ARCHED_EYEBROW,HP_HIGHLY_ARCHED_EYEBROW]
[GOBP_RESPONSE_TO_ALKALOID,GOBP_RESPONSE_TO_ALKALOID] was killed by [GOBP_STRESS_FIBER_ASSEMBLY,GOBP_STRESS_FIBER_ASSEMBLY]
[GOBP_REGULATION_OF_CELL_MATRIX_ADHESION,GOBP_REGULATION_OF_CELL_MATRIX_ADHESION] was killed by [GOBP_STRESS_FIBER_ASSEMBLY,GOBP_STRESS_FIBER_ASSEMBLY]
[HP_DEVIATION_OF_THE_HALLUX,HP_DEVIATION_OF_THE_HALLUX] was killed by [GOBP_NOTCH_SIGNALING_PATHWAY,GOBP_NOTCH_SIGNALING_PATHWAY]
[GOBP_ALCOHOL_BIOSYNTHETIC_PROCESS,GOBP_ALCOHOL_BIOSYNTHETIC_PROCESS] was killed by [GOBP_STEROL_BIOSYNTHETIC_PROCESS,GOBP_STEROL_BIOSYNTHETIC_PROCESS]
[HP_THORACIC_HYPOPLASIA,HP_THORACIC_HYPOPLASIA] was killed by [HP_HIGHLY_ARCHED_EYEBROW,HP_HIGHLY_ARCHED_EYEBROW]
[HP_APLASIA_HYPOPLASIA_INVOLVING_THE_NOSE,HP_APLASIA_HYPOPLASIA_INVOLVING_THE_NOSE] was killed by [HP_HIGHLY_ARCHED_EYEBROW,HP_HIGHLY_ARCHED_EYEBROW]
[GOBP_ACTOMYOSIN_STRUCTURE_ORGANIZATION,GOBP_ACTOMYOSIN_STRUCTURE_ORGANIZATION] was killed by [GOBP_STRESS_FIBER_ASSEMBLY,GOBP_STRESS_FIBER_ASSEMBLY]
[GOBP_ORGANELLE_DISASSEMBLY,GOBP_ORGANELLE_DISASSEMBLY] was killed by [GOBP_STEROL_BIOSYNTHETIC_PROCESS,GOBP_STEROL_BIOSYNTHETIC_PROCESS]
[GOMF_TRANSFERASE_ACTIVITY_TRANSFERRING_HEXOSYL_GROUPS,GOMF_TRANSFERASE_ACTIVITY_TRANSFERRING_HEXOSYL_GROUPS] was killed by [GOCC_GOLGI_CISTERNA_MEMBRANE,GOCC_GOLGI_CISTERNA_MEMBRANE]
[GOBP_AUTOPHAGY_OF_MITOCHONDRION,GOBP_AUTOPHAGY_OF_MITOCHONDRION] was killed by [GOBP_STEROL_BIOSYNTHETIC_PROCESS,GOBP_STEROL_BIOSYNTHETIC_PROCESS]
[GOBP_CYTOKINESIS,GOBP_CYTOKINESIS] was killed by [GOBP_STRESS_FIBER_ASSEMBLY,GOBP_STRESS_FIBER_ASSEMBLY]
[HP_UNDERDEVELOPED_NASAL_ALAE,HP_UNDERDEVELOPED_NASAL_ALAE] was killed by [HP_HIGHLY_ARCHED_EYEBROW,HP_HIGHLY_ARCHED_EYEBROW]
[HP_GASTROSTOMY_TUBE_FEEDING_IN_INFANCY,HP_GASTROSTOMY_TUBE_FEEDING_IN_INFANCY] was killed by [HP_HIGHLY_ARCHED_EYEBROW,HP_HIGHLY_ARCHED_EYEBROW]
[GOBP_NEGATIVE_REGULATION_OF_LIPID_METABOLIC_PROCESS,GOBP_NEGATIVE_REGULATION_OF_LIPID_METABOLIC_PROCESS] was killed by [GOBP_STEROL_BIOSYNTHETIC_PROCESS,GOBP_STEROL_BIOSYNTHETIC_PROCESS]
[GOCC_GOLGI_STACK,GOCC_GOLGI_STACK] was killed by [GOCC_GOLGI_CISTERNA_MEMBRANE,GOCC_GOLGI_CISTERNA_MEMBRANE]
[GOBP_NEGATIVE_REGULATION_OF_RESPONSE_TO_DNA_DAMAGE_STIMULUS,GOBP_NEGATIVE_REGULATION_OF_RESPONSE_TO_DNA_DAMAGE_STIMULUS] was killed by [GOBP_POSITIVE_REGULATION_OF_LEUKOCYTE_PROLIFERATION,GOBP_POSITIVE_REGULATION_OF_LEUKOCYTE_PROLIFERATION]
[GOMF_SH3_DOMAIN_BINDING,GOMF_SH3_DOMAIN_BINDING] was killed by [GOBP_STRESS_FIBER_ASSEMBLY,GOBP_STRESS_FIBER_ASSEMBLY]
[HP_ABNORMAL_CHORIORETINAL_MORPHOLOGY,HP_ABNORMAL_CHORIORETINAL_MORPHOLOGY] was killed by [HP_HIGHLY_ARCHED_EYEBROW,HP_HIGHLY_ARCHED_EYEBROW]
[HP_BILATERAL_SINGLE_TRANSVERSE_PALMAR_CREASES,HP_BILATERAL_SINGLE_TRANSVERSE_PALMAR_CREASES] was killed by [HP_HIGHLY_ARCHED_EYEBROW,HP_HIGHLY_ARCHED_EYEBROW]
[HP_ABNORMALITY_OF_PRIMARY_TEETH,HP_ABNORMALITY_OF_PRIMARY_TEETH] was killed by [HP_HIGHLY_ARCHED_EYEBROW,HP_HIGHLY_ARCHED_EYEBROW]
[HP_APLASIA_HYPOPLASIA_OF_THE_RIBS,HP_APLASIA_HYPOPLASIA_OF_THE_RIBS] was killed by [HP_HIGHLY_ARCHED_EYEBROW,HP_HIGHLY_ARCHED_EYEBROW]
[GOBP_METANEPHROS_DEVELOPMENT,GOBP_METANEPHROS_DEVELOPMENT] was killed by [GOBP_NOTCH_SIGNALING_PATHWAY,GOBP_NOTCH_SIGNALING_PATHWAY]
[GOBP_CELLULAR_RESPONSE_TO_DRUG,GOBP_CELLULAR_RESPONSE_TO_DRUG] was killed by [GOBP_POSITIVE_REGULATION_OF_LEUKOCYTE_PROLIFERATION,GOBP_POSITIVE_REGULATION_OF_LEUKOCYTE_PROLIFERATION]
[GOBP_REGULATION_OF_MUSCLE_CELL_DIFFERENTIATION,GOBP_REGULATION_OF_MUSCLE_CELL_DIFFERENTIATION] was killed by [GOBP_POSITIVE_REGULATION_OF_LEUKOCYTE_PROLIFERATION,GOBP_POSITIVE_REGULATION_OF_LEUKOCYTE_PROLIFERATION]
[GOBP_CELL_ADHESION_MEDIATED_BY_INTEGRIN,GOBP_CELL_ADHESION_MEDIATED_BY_INTEGRIN] was killed by [GOBP_POSITIVE_REGULATION_OF_LEUKOCYTE_PROLIFERATION,GOBP_POSITIVE_REGULATION_OF_LEUKOCYTE_PROLIFERATION]
[HP_OPTIC_NERVE_HYPOPLASIA,HP_OPTIC_NERVE_HYPOPLASIA] was killed by [HP_HIGHLY_ARCHED_EYEBROW,HP_HIGHLY_ARCHED_EYEBROW]
[GOBP_REGULATION_OF_PEPTIDYL_SERINE_PHOSPHORYLATION,GOBP_REGULATION_OF_PEPTIDYL_SERINE_PHOSPHORYLATION] was killed by [GOBP_POSITIVE_REGULATION_OF_LEUKOCYTE_PROLIFERATION,GOBP_POSITIVE_REGULATION_OF_LEUKOCYTE_PROLIFERATION]
[HP_URINARY_TRACT_NEOPLASM,HP_URINARY_TRACT_NEOPLASM] was killed by [GOBP_HISTONE_MONOUBIQUITINATION,GOBP_HISTONE_MONOUBIQUITINATION]
[GOMF_NUCLEAR_RECEPTOR_COACTIVATOR_ACTIVITY,GOMF_NUCLEAR_RECEPTOR_COACTIVATOR_ACTIVITY] was killed by [HP_HIGHLY_ARCHED_EYEBROW,HP_HIGHLY_ARCHED_EYEBROW]
[HP_NON_MOTOR_SEIZURE,HP_NON_MOTOR_SEIZURE] was killed by [HP_HIGHLY_ARCHED_EYEBROW,HP_HIGHLY_ARCHED_EYEBROW]
[HP_ABNORMALITY_OF_EARLOBE,HP_ABNORMALITY_OF_EARLOBE] was killed by [HP_HIGHLY_ARCHED_EYEBROW,HP_HIGHLY_ARCHED_EYEBROW]
[GOBP_REGULATION_OF_NOTCH_SIGNALING_PATHWAY,GOBP_REGULATION_OF_NOTCH_SIGNALING_PATHWAY] was killed by [GOBP_NOTCH_SIGNALING_PATHWAY,GOBP_NOTCH_SIGNALING_PATHWAY]
[GOBP_PRIMARY_NEURAL_TUBE_FORMATION,GOBP_PRIMARY_NEURAL_TUBE_FORMATION] was killed by [GOBP_POSITIVE_REGULATION_OF_MITOCHONDRION_ORGANIZATION,GOBP_POSITIVE_REGULATION_OF_MITOCHONDRION_ORGANIZATION]
[GOBP_REGULATION_OF_PHOSPHATASE_ACTIVITY,GOBP_REGULATION_OF_PHOSPHATASE_ACTIVITY] was killed by [GOBP_POSITIVE_REGULATION_OF_LEUKOCYTE_PROLIFERATION,GOBP_POSITIVE_REGULATION_OF_LEUKOCYTE_PROLIFERATION]
[HP_SMOOTH_PHILTRUM,HP_SMOOTH_PHILTRUM] was killed by [HP_HIGHLY_ARCHED_EYEBROW,HP_HIGHLY_ARCHED_EYEBROW]
[HP_SPASTIC_GAIT,HP_SPASTIC_GAIT] was killed by [GOBP_STEROL_BIOSYNTHETIC_PROCESS,GOBP_STEROL_BIOSYNTHETIC_PROCESS]
[GOBP_REGULATION_OF_TISSUE_REMODELING,GOBP_REGULATION_OF_TISSUE_REMODELING] was killed by [GOBP_POSITIVE_REGULATION_OF_LEUKOCYTE_PROLIFERATION,GOBP_POSITIVE_REGULATION_OF_LEUKOCYTE_PROLIFERATION]
[HP_SPINA_BIFIDA_OCCULTA,HP_SPINA_BIFIDA_OCCULTA] was killed by [HP_HIGHLY_ARCHED_EYEBROW,HP_HIGHLY_ARCHED_EYEBROW]
[HP_EMBRYONAL_RENAL_NEOPLASM,HP_EMBRYONAL_RENAL_NEOPLASM] was killed by [GOBP_HISTONE_MONOUBIQUITINATION,GOBP_HISTONE_MONOUBIQUITINATION]
[HP_ABNORMALITY_OF_THE_PULMONARY_VASCULATURE,HP_ABNORMALITY_OF_THE_PULMONARY_VASCULATURE] was killed by [HP_HIGHLY_ARCHED_EYEBROW,HP_HIGHLY_ARCHED_EYEBROW]
[HP_CONTRACTURES_OF_THE_JOINTS_OF_THE_LOWER_LIMBS,HP_CONTRACTURES_OF_THE_JOINTS_OF_THE_LOWER_LIMBS] was killed by [GOBP_STEROL_BIOSYNTHETIC_PROCESS,GOBP_STEROL_BIOSYNTHETIC_PROCESS]
[GOBP_ER_NUCLEUS_SIGNALING_PATHWAY,GOBP_ER_NUCLEUS_SIGNALING_PATHWAY] was killed by [GOBP_POSITIVE_REGULATION_OF_LEUKOCYTE_PROLIFERATION,GOBP_POSITIVE_REGULATION_OF_LEUKOCYTE_PROLIFERATION]
[GOBP_LEUKOCYTE_HOMEOSTASIS,GOBP_LEUKOCYTE_HOMEOSTASIS] was killed by [GOBP_POSITIVE_REGULATION_OF_LEUKOCYTE_PROLIFERATION,GOBP_POSITIVE_REGULATION_OF_LEUKOCYTE_PROLIFERATION]
[HP_DELAYED_PUBERTY,HP_DELAYED_PUBERTY] was killed by [HP_HIGHLY_ARCHED_EYEBROW,HP_HIGHLY_ARCHED_EYEBROW]
[HP_ABNORMAL_MENINGEAL_MORPHOLOGY,HP_ABNORMAL_MENINGEAL_MORPHOLOGY] was killed by [HP_HIGHLY_ARCHED_EYEBROW,HP_HIGHLY_ARCHED_EYEBROW]
[HP_SLENDER_FINGER,HP_SLENDER_FINGER] was killed by [HP_HIGHLY_ARCHED_EYEBROW,HP_HIGHLY_ARCHED_EYEBROW]
[GOBP_POSITIVE_REGULATION_OF_PEPTIDYL_SERINE_PHOSPHORYLATION,GOBP_POSITIVE_REGULATION_OF_PEPTIDYL_SERINE_PHOSPHORYLATION] was killed by [GOBP_POSITIVE_REGULATION_OF_LEUKOCYTE_PROLIFERATION,GOBP_POSITIVE_REGULATION_OF_LEUKOCYTE_PROLIFERATION]
[HP_VASCULAR_DILATATION,HP_VASCULAR_DILATATION] was killed by [GOBP_NOTCH_SIGNALING_PATHWAY,GOBP_NOTCH_SIGNALING_PATHWAY]
[GOCC_NEURON_PROJECTION_CYTOPLASM,GOCC_NEURON_PROJECTION_CYTOPLASM] was killed by [GOBP_POSITIVE_REGULATION_OF_MITOCHONDRION_ORGANIZATION,GOBP_POSITIVE_REGULATION_OF_MITOCHONDRION_ORGANIZATION]
[GOBP_REGULATION_OF_PHOSPHATIDYLINOSITOL_3_KINASE_SIGNALING,GOBP_REGULATION_OF_PHOSPHATIDYLINOSITOL_3_KINASE_SIGNALING] was killed by [GOBP_POSITIVE_REGULATION_OF_LEUKOCYTE_PROLIFERATION,GOBP_POSITIVE_REGULATION_OF_LEUKOCYTE_PROLIFERATION]
[HP_RECURRENT_SKIN_INFECTIONS,HP_RECURRENT_SKIN_INFECTIONS] was killed by [GOBP_NOTCH_SIGNALING_PATHWAY,GOBP_NOTCH_SIGNALING_PATHWAY]
[GOBP_REGULATION_OF_CELL_SIZE,GOBP_REGULATION_OF_CELL_SIZE] was killed by [GOBP_STRESS_FIBER_ASSEMBLY,GOBP_STRESS_FIBER_ASSEMBLY]
[GOBP_POSITIVE_REGULATION_OF_PROTEIN_LOCALIZATION_TO_MEMBRANE,GOBP_POSITIVE_REGULATION_OF_PROTEIN_LOCALIZATION_TO_MEMBRANE] was killed by [GOBP_POSITIVE_REGULATION_OF_MITOCHONDRION_ORGANIZATION,GOBP_POSITIVE_REGULATION_OF_MITOCHONDRION_ORGANIZATION]
[GOBP_STEROID_HORMONE_MEDIATED_SIGNALING_PATHWAY,GOBP_STEROID_HORMONE_MEDIATED_SIGNALING_PATHWAY] was killed by [GOBP_NOTCH_SIGNALING_PATHWAY,GOBP_NOTCH_SIGNALING_PATHWAY]
[HP_NARROW_MOUTH,HP_NARROW_MOUTH] was killed by [HP_HIGHLY_ARCHED_EYEBROW,HP_HIGHLY_ARCHED_EYEBROW]
[GOBP_REGULATION_OF_FATTY_ACID_METABOLIC_PROCESS,GOBP_REGULATION_OF_FATTY_ACID_METABOLIC_PROCESS] was killed by [GOBP_STEROL_BIOSYNTHETIC_PROCESS,GOBP_STEROL_BIOSYNTHETIC_PROCESS]
[GOBP_INTRINSIC_APOPTOTIC_SIGNALING_PATHWAY_BY_P53_CLASS_MEDIATOR,GOBP_INTRINSIC_APOPTOTIC_SIGNALING_PATHWAY_BY_P53_CLASS_MEDIATOR] was killed by [GOBP_NOTCH_SIGNALING_PATHWAY,GOBP_NOTCH_SIGNALING_PATHWAY]
[GOBP_TEMPERATURE_HOMEOSTASIS,GOBP_TEMPERATURE_HOMEOSTASIS] was killed by [GOBP_NOTCH_SIGNALING_PATHWAY,GOBP_NOTCH_SIGNALING_PATHWAY]
[HP_ABNORMAL_LARGE_INTESTINE_PHYSIOLOGY,HP_ABNORMAL_LARGE_INTESTINE_PHYSIOLOGY] was killed by [HP_HIGHLY_ARCHED_EYEBROW,HP_HIGHLY_ARCHED_EYEBROW]
[GOMF_ANION_CHANNEL_ACTIVITY,GOMF_ANION_CHANNEL_ACTIVITY] was killed by [GOCC_GOLGI_CISTERNA_MEMBRANE,GOCC_GOLGI_CISTERNA_MEMBRANE]
[GOBP_PROTEIN_O_LINKED_GLYCOSYLATION,GOBP_PROTEIN_O_LINKED_GLYCOSYLATION] was killed by [GOBP_NOTCH_SIGNALING_PATHWAY,GOBP_NOTCH_SIGNALING_PATHWAY]
[GOBP_PLATELET_DEGRANULATION,GOBP_PLATELET_DEGRANULATION] was killed by [GOBP_POSITIVE_REGULATION_OF_LEUKOCYTE_PROLIFERATION,GOBP_POSITIVE_REGULATION_OF_LEUKOCYTE_PROLIFERATION]
[HP_INCOMITANT_STRABISMUS,HP_INCOMITANT_STRABISMUS] was killed by [GOBP_NOTCH_SIGNALING_PATHWAY,GOBP_NOTCH_SIGNALING_PATHWAY]
[GOMF_FLAVIN_ADENINE_DINUCLEOTIDE_BINDING,GOMF_FLAVIN_ADENINE_DINUCLEOTIDE_BINDING] was killed by [GOBP_STEROL_BIOSYNTHETIC_PROCESS,GOBP_STEROL_BIOSYNTHETIC_PROCESS]
[GOBP_PROTEIN_MONOUBIQUITINATION,GOBP_PROTEIN_MONOUBIQUITINATION] was killed by [GOBP_HISTONE_MONOUBIQUITINATION,GOBP_HISTONE_MONOUBIQUITINATION]
[GOBP_REGULATION_OF_TELOMERASE_ACTIVITY,GOBP_REGULATION_OF_TELOMERASE_ACTIVITY] was killed by [GOBP_RRNA_MODIFICATION,GOBP_RRNA_MODIFICATION]
[GOBP_POSITIVE_REGULATION_OF_STRESS_FIBER_ASSEMBLY,GOBP_POSITIVE_REGULATION_OF_STRESS_FIBER_ASSEMBLY] was killed by [GOBP_STRESS_FIBER_ASSEMBLY,GOBP_STRESS_FIBER_ASSEMBLY]
[GOCC_AXON_CYTOPLASM,GOCC_AXON_CYTOPLASM] was killed by [GOBP_POSITIVE_REGULATION_OF_MITOCHONDRION_ORGANIZATION,GOBP_POSITIVE_REGULATION_OF_MITOCHONDRION_ORGANIZATION]
[GOBP_PIGMENT_CELL_DIFFERENTIATION,GOBP_PIGMENT_CELL_DIFFERENTIATION] was killed by [GOBP_POSITIVE_REGULATION_OF_LEUKOCYTE_PROLIFERATION,GOBP_POSITIVE_REGULATION_OF_LEUKOCYTE_PROLIFERATION]
[GOBP_REGULATION_OF_B_CELL_ACTIVATION,GOBP_REGULATION_OF_B_CELL_ACTIVATION] was killed by [GOBP_POSITIVE_REGULATION_OF_LEUKOCYTE_PROLIFERATION,GOBP_POSITIVE_REGULATION_OF_LEUKOCYTE_PROLIFERATION]
[GOBP_RESPONSE_TO_STEROL_DEPLETION,GOBP_RESPONSE_TO_STEROL_DEPLETION] was killed by [GOBP_STEROL_BIOSYNTHETIC_PROCESS,GOBP_STEROL_BIOSYNTHETIC_PROCESS]
[GOBP_HISTONE_H2A_MONOUBIQUITINATION,GOBP_HISTONE_H2A_MONOUBIQUITINATION] was killed by [GOBP_HISTONE_MONOUBIQUITINATION,GOBP_HISTONE_MONOUBIQUITINATION]
[GOBP_HEART_GROWTH,GOBP_HEART_GROWTH] was killed by [GOBP_POSITIVE_REGULATION_OF_LEUKOCYTE_PROLIFERATION,GOBP_POSITIVE_REGULATION_OF_LEUKOCYTE_PROLIFERATION]
