Starting QoRTs v1.3.6 (Compiled Tue Sep 25 11:21:46 EDT 2018)
Starting time: (Wed Jan 26 16:39:23 PST 2022)
INPUT_COMMAND(QC)
  INPUT_ARG(infile)=bam/ociaml2_t_1.sort.bam
  INPUT_ARG(gtffile)=/data_gilbert/home/aarab/genomes/hg38/gencode.v34/gencode.v34.annotation.gtf
  INPUT_ARG(outdir)=iso/rawCts/ociaml2_t_1/
  INPUT_ARG(fr_secondStrand)=true
  INPUT_ARG(singleEnded)=true
  INPUT_ARG(nameSorted)=true
Created Log File: iso/rawCts/ociaml2_t_1//QC.TMGJXbRZ1HWm.log
Warning: run-in-progress file "iso/rawCts/ociaml2_t_1//QC.QORTS_RUNNING" already exists. Is there another QoRTs job running?
Starting QC
[Time: 2022-01-26 16:39:23] [Mem usage: [31MB / 2147MB]] [Elapsed Time: 00:00:00.0000]
Deleting old "QORTS_COMPLETED_OK" file.
QoRTs is Running in single-end mode.
Note: read-sorting is irrelevant in single-ended mode.
No parameter --genomeFA found.
Running functions: CigarOpDistribution, GCDistribution, GeneCalcs, JunctionCalcs, NVC, 
        QualityScoreDistribution, StrandCheck, chromCounts, 
        cigarLocusCounts, readLengthDistro, writeBiotypeCounts, 
        writeClippedNVC, writeDESeq, writeDEXSeq, writeGeneBody, 
        writeGeneCounts, writeGenewiseGeneBody, 
        writeJunctionSeqCounts, writeKnownSplices, 
        writeNovelSplices, writeSpliceExon
Checking first 10000 reads. Checking SAM file for formatting errors...
   Stats on the first 10000 reads:
        Num Reads Primary Map:    4403
        Num Reads Paired-ended:   0
        Num Reads mapped pair:    0
        Num Pair names found:     0
        Num Pairs matched:        0
        Read Seq length:          51 to 51
        Unclipped Read length:    51 to 51
        Final maxReadLength:      51
        maxPhredScore:            41
        minPhredScore:            2
Done checking first 10000 reads. WARNINGS FOUND!
SAMRecord Reader Generated. Read length: 51.
[Time: 2022-01-26 16:39:24] [Mem usage: [384MB / 2818MB]] [Elapsed Time: 00:00:01.0619]
> Init GeneCalcs Utility
> Init NVC utility
> Init CigarOpDistribution Utility
> Init QualityScoreDistribution Utility
> Init GC counts Utility
> Init JunctionCalcs utility
Compiling flat feature annotation, internally in memory...
FlatteningGtf: starting...(2022-01-26 16:40:50)
    FlatteningGtf: gtf file read complete.(2022-01-26 16:41:54)
    FlatteningGtf: Splice Junction Map read.(2022-01-26 16:41:57)
    FlatteningGtf: gene Sets generated.(2022-01-26 16:41:59)
    FlatteningGtf: Aggregate Sets built.
    FlatteningGtf: Compiling Aggregate Info . . . (2022-01-26 16:41:59)
    FlatteningGtf: Finished Compiling Aggregate Info. (2022-01-26 16:41:59)
    FlatteningGtf: Iterating through the step-vector...(2022-01-26 16:41:59)
    FlatteningGtf: Adding the aggregate genes themselves...(2022-01-26 16:42:01)
    FlatteningGtf: Iterating through the splice junctions...(2022-01-26 16:42:02)
    FlatteningGtf: Sorting the aggregate genes...(2022-01-26 16:42:03)
    FlatteningGtf: Folding the FlatGtfLine iterator...(2022-01-26 16:42:04)
    FlatteningGtf: Features Built.(2022-01-26 16:42:04)
Internal flat feature annotation compiled!
length of knownSpliceMap after instantiation: 383646
length of knownCountMap after instantiation: 383646
> Init StrandCheck Utility
> Init chromCount Utility
> Init qcCigarLocusCounts Utility
> Init MinorUtils Utility
QC Utilities Generated!
[Time: 2022-01-26 16:42:08] [Mem usage: [2949MB / 8GB]] [Elapsed Time: 00:02:45.0600]
helper_calculateGeneAssignmentMap_strict. Found: 60669 genes in the supplied annotation.
helper_calculateGeneAssignmentMap_strict. Found: 18307 genes with ambiguous segments.
helper_calculateGeneAssignmentMap_strict. Found: 42362 genes after first-pass filtering
making makeGeneIntervalMap for geneBody calculations. Found: 42362 acceptable genes for gene-body analysis.
..........[1000000 Read-Pairs processed] [Time: 2022-01-26 16:43:17] 
..........[2000000 Read-Pairs processed] [Time: 2022-01-26 16:43:55] 
..........[3000000 Read-Pairs processed] [Time: 2022-01-26 16:44:32] 
..........[4000000 Read-Pairs processed] [Time: 2022-01-26 16:45:08] 
..........[5000000 Read-Pairs processed] [Time: 2022-01-26 16:45:45] 
..........[6000000 Read-Pairs processed] [Time: 2022-01-26 16:46:25] 
..........[7000000 Read-Pairs processed] [Time: 2022-01-26 16:47:02] 
..........[8000000 Read-Pairs processed] [Time: 2022-01-26 16:47:37] 
..........[9000000 Read-Pairs processed] [Time: 2022-01-26 16:48:13] 
..........[10000000 Read-Pairs processed] [Time: 2022-01-26 16:48:49] 
..........[11000000 Read-Pairs processed] [Time: 2022-01-26 16:49:26] 
..........[12000000 Read-Pairs processed] [Time: 2022-01-26 16:50:04] 
..........[13000000 Read-Pairs processed] [Time: 2022-01-26 16:50:40] 
..........[14000000 Read-Pairs processed] [Time: 2022-01-26 16:51:18] 
..........[15000000 Read-Pairs processed] [Time: 2022-01-26 16:51:55] 
..........[16000000 Read-Pairs processed] [Time: 2022-01-26 16:52:32] 
..........[17000000 Read-Pairs processed] [Time: 2022-01-26 16:53:09] 
..........[18000000 Read-Pairs processed] [Time: 2022-01-26 16:53:46] 
..........[19000000 Read-Pairs processed] [Time: 2022-01-26 16:54:22] 
..........[20000000 Read-Pairs processed] [Time: 2022-01-26 16:54:59] 
..........[21000000 Read-Pairs processed] [Time: 2022-01-26 16:55:36] 
..........[22000000 Read-Pairs processed] [Time: 2022-01-26 16:56:13] 
..........[23000000 Read-Pairs processed] [Time: 2022-01-26 16:56:50] 
..........[24000000 Read-Pairs processed] [Time: 2022-01-26 16:57:27] 
..........[25000000 Read-Pairs processed] [Time: 2022-01-26 16:58:04] 
..........[26000000 Read-Pairs processed] [Time: 2022-01-26 16:58:40] 
..........[27000000 Read-Pairs processed] [Time: 2022-01-26 16:59:17] 
.........
Finished reading SAM. Read: 27947817 reads/read-pairs.
Finished reading SAM. Used: 21136860 reads/read-pairs.
[Time: 2022-01-26 16:59:52] [Mem usage: [7GB / 8GB]] [Elapsed Time: 00:20:29.0101]
> Read Stats:
>   READ_PAIR_OK                   21136860
>   TOTAL_READ_PAIRS               27947817
>   DROPPED_NOT_PROPER_PAIR        -1
>   DROPPED_READ_FAILS_VENDOR_QC   0
>   DROPPED_MARKED_NOT_VALID       0
>   DROPPED_CHROMS_MISMATCH        -1
>   DROPPED_PAIR_STRANDS_MISMATCH  -1
>   DROPPED_IGNORED_CHROMOSOME     0
>   DROPPED_NOT_UNIQUE_ALIGNMENT   6810957
>   DROPPED_NO_ALN_BLOCKS   0
>   DROPPED_NOT_MARKED_RG   -1
Pre-alignment read count unknown (Set --seqReadCt or --rawfastq)
Writing Output...
DEBUG NOTE: IncludeGenesSet.size: 42362
DEBUG NOTE: sortedReadCountSeq.size: 16138
DEBUG NOTE: coverageThresholds: 8069;12103;14524;16138
DEBUG NOTE: coverageSpans: [(0,8069);(8069,12103);(12103,14524);(14524,16138)]
DEBUG NOTE:	[1.bottomHalf][0.5] = [0,8069]
DEBUG NOTE:	[2.upperMidQuartile][0.75] = [8069,12103]
DEBUG NOTE:	[3.75to90][0.9] = [12103,14524]
DEBUG NOTE:	[4.high][1.0] = [14524,16138]
      (DEBUG) Generating Biotype Map [2022-01-26 16:59:54]
      (DEBUG) Extracted gene BioType using key "gene_biotype".
              Found 0 types: []
      (DEBUG) Finished Biotype Map [2022-01-26 17:01:10]
length of knownCountMap after run: 383646
WARNING: The data appears to be STRANDED, following the fr_secondStrand rule.
         Are you sure this isn't stranded data? If it is stranded, then you should probably
         re-run QoRTs with the "--stranded" and "--stranded_fr_secondstrand" options!
QoRTs completed WITH WARNINGS! See log for details.
Done.
Time spent on setup:           00:02:45.0600
Time spent on SAM iteration:   00:17:43.0501
                               (0.6339195174587935 minutes per million read-pairs)
                               (0.8381882014010911 minutes per million read-pairs used)
Time spent on file output:     00:01:29.0640
Total runtime:                 00:21:58.0741
Done. (Wed Jan 26 17:01:22 PST 2022)
