[GOCC_IMMUNOGLOBULIN_COMPLEX_CIRCULATING,GOCC_IMMUNOGLOBULIN_COMPLEX_CIRCULATING] was killed by [GOCC_IMMUNOGLOBULIN_COMPLEX,GOCC_IMMUNOGLOBULIN_COMPLEX]
[GOCC_CYTOSOLIC_RIBOSOME,GOCC_CYTOSOLIC_RIBOSOME] was killed by [GOCC_RIBOSOMAL_SUBUNIT,GOCC_RIBOSOMAL_SUBUNIT]
[GOCC_LARGE_RIBOSOMAL_SUBUNIT,GOCC_LARGE_RIBOSOMAL_SUBUNIT] was killed by [GOCC_RIBOSOMAL_SUBUNIT,GOCC_RIBOSOMAL_SUBUNIT]
[GOCC_CATALYTIC_STEP_2_SPLICEOSOME,GOCC_CATALYTIC_STEP_2_SPLICEOSOME] was killed by [GOCC_SPLICEOSOMAL_COMPLEX,GOCC_SPLICEOSOMAL_COMPLEX]
[GOCC_U2_TYPE_SPLICEOSOMAL_COMPLEX,GOCC_U2_TYPE_SPLICEOSOMAL_COMPLEX] was killed by [GOCC_SPLICEOSOMAL_COMPLEX,GOCC_SPLICEOSOMAL_COMPLEX]
[GOCC_KINETOCHORE,GOCC_KINETOCHORE] was killed by [GOCC_CHROMOSOME_CENTROMERIC_REGION,GOCC_CHROMOSOME_CENTROMERIC_REGION]
[GOCC_ORGANELLAR_RIBOSOME,GOCC_ORGANELLAR_RIBOSOME] was killed by [GOCC_RIBOSOMAL_SUBUNIT,GOCC_RIBOSOMAL_SUBUNIT]
[GOCC_CYTOSOLIC_LARGE_RIBOSOMAL_SUBUNIT,GOCC_CYTOSOLIC_LARGE_RIBOSOMAL_SUBUNIT] was killed by [GOCC_RIBOSOMAL_SUBUNIT,GOCC_RIBOSOMAL_SUBUNIT]
[GOCC_SMALL_RIBOSOMAL_SUBUNIT,GOCC_SMALL_RIBOSOMAL_SUBUNIT] was killed by [GOCC_RIBOSOMAL_SUBUNIT,GOCC_RIBOSOMAL_SUBUNIT]
[GOCC_BLOOD_MICROPARTICLE,GOCC_BLOOD_MICROPARTICLE] was killed by [GOCC_IMMUNOGLOBULIN_COMPLEX,GOCC_IMMUNOGLOBULIN_COMPLEX]
[GOCC_RESPIRASOME,GOCC_RESPIRASOME] was killed by [GOCC_INNER_MITOCHONDRIAL_MEMBRANE_PROTEIN_COMPLEX,GOCC_INNER_MITOCHONDRIAL_MEMBRANE_PROTEIN_COMPLEX]
[GOCC_CYTOSOLIC_SMALL_RIBOSOMAL_SUBUNIT,GOCC_CYTOSOLIC_SMALL_RIBOSOMAL_SUBUNIT] was killed by [GOCC_RIBOSOMAL_SUBUNIT,GOCC_RIBOSOMAL_SUBUNIT]
[GOCC_SPINDLE_POLE,GOCC_SPINDLE_POLE] was killed by [GOCC_CHROMOSOME_CENTROMERIC_REGION,GOCC_CHROMOSOME_CENTROMERIC_REGION]
[GOCC_CONDENSED_CHROMOSOME_CENTROMERIC_REGION,GOCC_CONDENSED_CHROMOSOME_CENTROMERIC_REGION] was killed by [GOCC_CHROMOSOME_CENTROMERIC_REGION,GOCC_CHROMOSOME_CENTROMERIC_REGION]
[GOCC_CHROMOSOME_TELOMERIC_REGION,GOCC_CHROMOSOME_TELOMERIC_REGION] was killed by [GOCC_CHROMOSOME_CENTROMERIC_REGION,GOCC_CHROMOSOME_CENTROMERIC_REGION]
[GOCC_RESPIRATORY_CHAIN_COMPLEX,GOCC_RESPIRATORY_CHAIN_COMPLEX] was killed by [GOCC_INNER_MITOCHONDRIAL_MEMBRANE_PROTEIN_COMPLEX,GOCC_INNER_MITOCHONDRIAL_MEMBRANE_PROTEIN_COMPLEX]
[GOCC_METHYLTRANSFERASE_COMPLEX,GOCC_METHYLTRANSFERASE_COMPLEX] was killed by [GOCC_SPLICEOSOMAL_COMPLEX,GOCC_SPLICEOSOMAL_COMPLEX]
[GOCC_NADH_DEHYDROGENASE_COMPLEX,GOCC_NADH_DEHYDROGENASE_COMPLEX] was killed by [GOCC_INNER_MITOCHONDRIAL_MEMBRANE_PROTEIN_COMPLEX,GOCC_INNER_MITOCHONDRIAL_MEMBRANE_PROTEIN_COMPLEX]
[GOCC_POLYSOME,GOCC_POLYSOME] was killed by [GOCC_RIBOSOMAL_SUBUNIT,GOCC_RIBOSOMAL_SUBUNIT]
[GOCC_SITE_OF_DNA_DAMAGE,GOCC_SITE_OF_DNA_DAMAGE] was killed by [GOCC_CHROMOSOME_CENTROMERIC_REGION,GOCC_CHROMOSOME_CENTROMERIC_REGION]
[GOCC_MITOCHONDRIAL_LARGE_RIBOSOMAL_SUBUNIT,GOCC_MITOCHONDRIAL_LARGE_RIBOSOMAL_SUBUNIT] was killed by [GOCC_RIBOSOMAL_SUBUNIT,GOCC_RIBOSOMAL_SUBUNIT]
[GOCC_MIDBODY,GOCC_MIDBODY] was killed by [GOCC_CHROMOSOME_CENTROMERIC_REGION,GOCC_CHROMOSOME_CENTROMERIC_REGION]
[GOCC_PRECATALYTIC_SPLICEOSOME,GOCC_PRECATALYTIC_SPLICEOSOME] was killed by [GOCC_SPLICEOSOMAL_COMPLEX,GOCC_SPLICEOSOMAL_COMPLEX]
[GOCC_POLYSOMAL_RIBOSOME,GOCC_POLYSOMAL_RIBOSOME] was killed by [GOCC_RIBOSOMAL_SUBUNIT,GOCC_RIBOSOMAL_SUBUNIT]
[GOCC_TERTIARY_GRANULE,GOCC_TERTIARY_GRANULE] was killed by [GOCC_SPECIFIC_GRANULE,GOCC_SPECIFIC_GRANULE]
[GOCC_SPECIFIC_GRANULE_MEMBRANE,GOCC_SPECIFIC_GRANULE_MEMBRANE] was killed by [GOCC_SPECIFIC_GRANULE,GOCC_SPECIFIC_GRANULE]
[GOCC_MITOTIC_SPINDLE,GOCC_MITOTIC_SPINDLE] was killed by [GOCC_CHROMOSOME_CENTROMERIC_REGION,GOCC_CHROMOSOME_CENTROMERIC_REGION]
[GOCC_VACUOLAR_LUMEN,GOCC_VACUOLAR_LUMEN] was killed by [GOCC_SPECIFIC_GRANULE,GOCC_SPECIFIC_GRANULE]
[GOCC_OXIDOREDUCTASE_COMPLEX,GOCC_OXIDOREDUCTASE_COMPLEX] was killed by [GOCC_INNER_MITOCHONDRIAL_MEMBRANE_PROTEIN_COMPLEX,GOCC_INNER_MITOCHONDRIAL_MEMBRANE_PROTEIN_COMPLEX]
[GOCC_AZUROPHIL_GRANULE,GOCC_AZUROPHIL_GRANULE] was killed by [GOCC_SPECIFIC_GRANULE,GOCC_SPECIFIC_GRANULE]
[GOCC_ANCHORED_COMPONENT_OF_MEMBRANE,GOCC_ANCHORED_COMPONENT_OF_MEMBRANE] was killed by [GOCC_SPECIFIC_GRANULE,GOCC_SPECIFIC_GRANULE]
[GOCC_PEPTIDASE_COMPLEX,GOCC_PEPTIDASE_COMPLEX] was killed by [GOCC_ENDOPEPTIDASE_COMPLEX,GOCC_ENDOPEPTIDASE_COMPLEX]
[GOCC_SPINDLE_MICROTUBULE,GOCC_SPINDLE_MICROTUBULE] was killed by [GOCC_CHROMOSOME_CENTROMERIC_REGION,GOCC_CHROMOSOME_CENTROMERIC_REGION]
[GOCC_90S_PRERIBOSOME,GOCC_90S_PRERIBOSOME] was killed by [GOCC_PRERIBOSOME,GOCC_PRERIBOSOME]
[GOCC_INTRINSIC_COMPONENT_OF_MITOCHONDRIAL_MEMBRANE,GOCC_INTRINSIC_COMPONENT_OF_MITOCHONDRIAL_MEMBRANE] was killed by [GOCC_INNER_MITOCHONDRIAL_MEMBRANE_PROTEIN_COMPLEX,GOCC_INNER_MITOCHONDRIAL_MEMBRANE_PROTEIN_COMPLEX]
[GOCC_RNA_POLYMERASE_COMPLEX,GOCC_RNA_POLYMERASE_COMPLEX] was killed by [GOCC_PROTEIN_ACETYLTRANSFERASE_COMPLEX,GOCC_PROTEIN_ACETYLTRANSFERASE_COMPLEX]
[GOCC_FICOLIN_1_RICH_GRANULE,GOCC_FICOLIN_1_RICH_GRANULE] was killed by [GOCC_SPECIFIC_GRANULE,GOCC_SPECIFIC_GRANULE]
[GOCC_SMALL_SUBUNIT_PROCESSOME,GOCC_SMALL_SUBUNIT_PROCESSOME] was killed by [GOCC_PRERIBOSOME,GOCC_PRERIBOSOME]
[GOCC_SITE_OF_DOUBLE_STRAND_BREAK,GOCC_SITE_OF_DOUBLE_STRAND_BREAK] was killed by [GOCC_REPLICATION_FORK,GOCC_REPLICATION_FORK]
[GOCC_ORGANELLE_ENVELOPE_LUMEN,GOCC_ORGANELLE_ENVELOPE_LUMEN] was killed by [GOCC_INNER_MITOCHONDRIAL_MEMBRANE_PROTEIN_COMPLEX,GOCC_INNER_MITOCHONDRIAL_MEMBRANE_PROTEIN_COMPLEX]
[GOCC_NUCLEAR_PERIPHERY,GOCC_NUCLEAR_PERIPHERY] was killed by [GOCC_SPLICEOSOMAL_COMPLEX,GOCC_SPLICEOSOMAL_COMPLEX]
[GOCC_INTRINSIC_COMPONENT_OF_ENDOPLASMIC_RETICULUM_MEMBRANE,GOCC_INTRINSIC_COMPONENT_OF_ENDOPLASMIC_RETICULUM_MEMBRANE] was killed by [GOCC_ENDOPEPTIDASE_COMPLEX,GOCC_ENDOPEPTIDASE_COMPLEX]
[GOCC_ENDOPLASMIC_RETICULUM_PROTEIN_CONTAINING_COMPLEX,GOCC_ENDOPLASMIC_RETICULUM_PROTEIN_CONTAINING_COMPLEX] was killed by [GOCC_ENDOPEPTIDASE_COMPLEX,GOCC_ENDOPEPTIDASE_COMPLEX]
[GOCC_ADHERENS_JUNCTION,GOCC_ADHERENS_JUNCTION] was killed by [GOCC_LAMELLIPODIUM,GOCC_LAMELLIPODIUM]
[GOCC_HISTONE_METHYLTRANSFERASE_COMPLEX,GOCC_HISTONE_METHYLTRANSFERASE_COMPLEX] was killed by [GOCC_PROTEIN_ACETYLTRANSFERASE_COMPLEX,GOCC_PROTEIN_ACETYLTRANSFERASE_COMPLEX]
[GOCC_DNA_REPAIR_COMPLEX,GOCC_DNA_REPAIR_COMPLEX] was killed by [GOCC_REPLICATION_FORK,GOCC_REPLICATION_FORK]
[GOCC_HETEROCHROMATIN,GOCC_HETEROCHROMATIN] was killed by [GOCC_CHROMOSOME_CENTROMERIC_REGION,GOCC_CHROMOSOME_CENTROMERIC_REGION]
[GOCC_U2_TYPE_CATALYTIC_STEP_2_SPLICEOSOME,GOCC_U2_TYPE_CATALYTIC_STEP_2_SPLICEOSOME] was killed by [GOCC_SPLICEOSOMAL_COMPLEX,GOCC_SPLICEOSOMAL_COMPLEX]
[GOCC_COLLAGEN_TRIMER,GOCC_COLLAGEN_TRIMER] was killed by [GOCC_BASEMENT_MEMBRANE,GOCC_BASEMENT_MEMBRANE]
[GOCC_CUL4_RING_E3_UBIQUITIN_LIGASE_COMPLEX,GOCC_CUL4_RING_E3_UBIQUITIN_LIGASE_COMPLEX] was killed by [GOCC_CULLIN_RING_UBIQUITIN_LIGASE_COMPLEX,GOCC_CULLIN_RING_UBIQUITIN_LIGASE_COMPLEX]
[GOCC_RNA_POLYMERASE_II_HOLOENZYME,GOCC_RNA_POLYMERASE_II_HOLOENZYME] was killed by [GOCC_PROTEIN_ACETYLTRANSFERASE_COMPLEX,GOCC_PROTEIN_ACETYLTRANSFERASE_COMPLEX]
[GOCC_AZUROPHIL_GRANULE_LUMEN,GOCC_AZUROPHIL_GRANULE_LUMEN] was killed by [GOCC_SPECIFIC_GRANULE,GOCC_SPECIFIC_GRANULE]
[GOCC_NUCLEAR_PORE,GOCC_NUCLEAR_PORE] was killed by [GOCC_CHROMOSOME_CENTROMERIC_REGION,GOCC_CHROMOSOME_CENTROMERIC_REGION]
[GOCC_INTRINSIC_COMPONENT_OF_MITOCHONDRIAL_INNER_MEMBRANE,GOCC_INTRINSIC_COMPONENT_OF_MITOCHONDRIAL_INNER_MEMBRANE] was killed by [GOCC_INNER_MITOCHONDRIAL_MEMBRANE_PROTEIN_COMPLEX,GOCC_INNER_MITOCHONDRIAL_MEMBRANE_PROTEIN_COMPLEX]
[GOCC_RUFFLE,GOCC_RUFFLE] was killed by [GOCC_LAMELLIPODIUM,GOCC_LAMELLIPODIUM]
[GOCC_PHAGOCYTIC_VESICLE,GOCC_PHAGOCYTIC_VESICLE] was killed by [GOCC_SPECIFIC_GRANULE,GOCC_SPECIFIC_GRANULE]
[GOCC_TERTIARY_GRANULE_LUMEN,GOCC_TERTIARY_GRANULE_LUMEN] was killed by [GOCC_SPECIFIC_GRANULE,GOCC_SPECIFIC_GRANULE]
[GOCC_PROTEASOME_ACCESSORY_COMPLEX,GOCC_PROTEASOME_ACCESSORY_COMPLEX] was killed by [GOCC_ENDOPEPTIDASE_COMPLEX,GOCC_ENDOPEPTIDASE_COMPLEX]
[GOCC_EXORIBONUCLEASE_COMPLEX,GOCC_EXORIBONUCLEASE_COMPLEX] was killed by [GOCC_PRERIBOSOME,GOCC_PRERIBOSOME]
[GOCC_LYSOSOMAL_LUMEN,GOCC_LYSOSOMAL_LUMEN] was killed by [GOCC_GOLGI_LUMEN,GOCC_GOLGI_LUMEN]
[GOCC_MEMBRANE_COAT,GOCC_MEMBRANE_COAT] was killed by [GOCC_VESICLE_COAT,GOCC_VESICLE_COAT]
[GOCC_FICOLIN_1_RICH_GRANULE_LUMEN,GOCC_FICOLIN_1_RICH_GRANULE_LUMEN] was killed by [GOCC_SPECIFIC_GRANULE,GOCC_SPECIFIC_GRANULE]
[GOCC_SPECIFIC_GRANULE_LUMEN,GOCC_SPECIFIC_GRANULE_LUMEN] was killed by [GOCC_SPECIFIC_GRANULE,GOCC_SPECIFIC_GRANULE]
[GOCC_SITE_OF_POLARIZED_GROWTH,GOCC_SITE_OF_POLARIZED_GROWTH] was killed by [GOCC_LAMELLIPODIUM,GOCC_LAMELLIPODIUM]
[GOCC_NUCLEAR_REPLICATION_FORK,GOCC_NUCLEAR_REPLICATION_FORK] was killed by [GOCC_SPLICEOSOMAL_COMPLEX,GOCC_SPLICEOSOMAL_COMPLEX]
[GOCC_PROTEIN_COMPLEX_INVOLVED_IN_CELL_ADHESION,GOCC_PROTEIN_COMPLEX_INVOLVED_IN_CELL_ADHESION] was killed by [GOCC_SPECIFIC_GRANULE,GOCC_SPECIFIC_GRANULE]
[GOCC_SM_LIKE_PROTEIN_FAMILY_COMPLEX,GOCC_SM_LIKE_PROTEIN_FAMILY_COMPLEX] was killed by [GOCC_SPLICEOSOMAL_COMPLEX,GOCC_SPLICEOSOMAL_COMPLEX]
[GOCC_SPLICEOSOMAL_TRI_SNRNP_COMPLEX,GOCC_SPLICEOSOMAL_TRI_SNRNP_COMPLEX] was killed by [GOCC_SPLICEOSOMAL_COMPLEX,GOCC_SPLICEOSOMAL_COMPLEX]
[GOCC_PRERIBOSOME_LARGE_SUBUNIT_PRECURSOR,GOCC_PRERIBOSOME_LARGE_SUBUNIT_PRECURSOR] was killed by [GOCC_PRERIBOSOME,GOCC_PRERIBOSOME]
[GOCC_SWI_SNF_SUPERFAMILY_TYPE_COMPLEX,GOCC_SWI_SNF_SUPERFAMILY_TYPE_COMPLEX] was killed by [GOCC_PROTEIN_ACETYLTRANSFERASE_COMPLEX,GOCC_PROTEIN_ACETYLTRANSFERASE_COMPLEX]
[GOCC_CYTOPLASMIC_STRESS_GRANULE,GOCC_CYTOPLASMIC_STRESS_GRANULE] was killed by [GOCC_SPLICEOSOMAL_COMPLEX,GOCC_SPLICEOSOMAL_COMPLEX]
[GOCC_TERTIARY_GRANULE_MEMBRANE,GOCC_TERTIARY_GRANULE_MEMBRANE] was killed by [GOCC_SPECIFIC_GRANULE,GOCC_SPECIFIC_GRANULE]
[GOCC_FIBRILLAR_CENTER,GOCC_FIBRILLAR_CENTER] was killed by [GOCC_PRERIBOSOME,GOCC_PRERIBOSOME]
[GOCC_COATED_VESICLE_MEMBRANE,GOCC_COATED_VESICLE_MEMBRANE] was killed by [GOCC_RECYCLING_ENDOSOME,GOCC_RECYCLING_ENDOSOME]
[GOCC_ENDOPLASMIC_RETICULUM_GOLGI_INTERMEDIATE_COMPARTMENT,GOCC_ENDOPLASMIC_RETICULUM_GOLGI_INTERMEDIATE_COMPARTMENT] was killed by [GOCC_VESICLE_COAT,GOCC_VESICLE_COAT]
[GOCC_PROTON_TRANSPORTING_ATP_SYNTHASE_COMPLEX,GOCC_PROTON_TRANSPORTING_ATP_SYNTHASE_COMPLEX] was killed by [GOCC_INNER_MITOCHONDRIAL_MEMBRANE_PROTEIN_COMPLEX,GOCC_INNER_MITOCHONDRIAL_MEMBRANE_PROTEIN_COMPLEX]
[GOCC_INTRINSIC_COMPONENT_OF_POSTSYNAPTIC_MEMBRANE,GOCC_INTRINSIC_COMPONENT_OF_POSTSYNAPTIC_MEMBRANE] was killed by [GOCC_INTRINSIC_COMPONENT_OF_SYNAPTIC_MEMBRANE,GOCC_INTRINSIC_COMPONENT_OF_SYNAPTIC_MEMBRANE]
[GOCC_COPI_COATED_VESICLE,GOCC_COPI_COATED_VESICLE] was killed by [GOCC_VESICLE_COAT,GOCC_VESICLE_COAT]
[GOCC_H4_HISTONE_ACETYLTRANSFERASE_COMPLEX,GOCC_H4_HISTONE_ACETYLTRANSFERASE_COMPLEX] was killed by [GOCC_CHROMOSOME_CENTROMERIC_REGION,GOCC_CHROMOSOME_CENTROMERIC_REGION]
[GOCC_POSTSYNAPTIC_SPECIALIZATION_MEMBRANE,GOCC_POSTSYNAPTIC_SPECIALIZATION_MEMBRANE] was killed by [GOCC_INTRINSIC_COMPONENT_OF_SYNAPTIC_MEMBRANE,GOCC_INTRINSIC_COMPONENT_OF_SYNAPTIC_MEMBRANE]
[GOCC_VOLTAGE_GATED_CALCIUM_CHANNEL_COMPLEX,GOCC_VOLTAGE_GATED_CALCIUM_CHANNEL_COMPLEX] was killed by [GOCC_INTRINSIC_COMPONENT_OF_SYNAPTIC_MEMBRANE,GOCC_INTRINSIC_COMPONENT_OF_SYNAPTIC_MEMBRANE]
[GOCC_MLL1_2_COMPLEX,GOCC_MLL1_2_COMPLEX] was killed by [GOCC_PROTEIN_ACETYLTRANSFERASE_COMPLEX,GOCC_PROTEIN_ACETYLTRANSFERASE_COMPLEX]
[GOCC_ATPASE_COMPLEX,GOCC_ATPASE_COMPLEX] was killed by [GOCC_PROTEIN_ACETYLTRANSFERASE_COMPLEX,GOCC_PROTEIN_ACETYLTRANSFERASE_COMPLEX]
[GOCC_ACTIN_FILAMENT,GOCC_ACTIN_FILAMENT] was killed by [GOCC_LAMELLIPODIUM,GOCC_LAMELLIPODIUM]
[GOCC_IMMUNOLOGICAL_SYNAPSE,GOCC_IMMUNOLOGICAL_SYNAPSE] was killed by [GOCC_T_CELL_RECEPTOR_COMPLEX,GOCC_T_CELL_RECEPTOR_COMPLEX]
[GOCC_ACTOMYOSIN,GOCC_ACTOMYOSIN] was killed by [GOCC_LAMELLIPODIUM,GOCC_LAMELLIPODIUM]
[GOCC_CUL3_RING_UBIQUITIN_LIGASE_COMPLEX,GOCC_CUL3_RING_UBIQUITIN_LIGASE_COMPLEX] was killed by [GOCC_CULLIN_RING_UBIQUITIN_LIGASE_COMPLEX,GOCC_CULLIN_RING_UBIQUITIN_LIGASE_COMPLEX]
[GOCC_PHAGOCYTIC_VESICLE_MEMBRANE,GOCC_PHAGOCYTIC_VESICLE_MEMBRANE] was killed by [GOCC_SPECIFIC_GRANULE,GOCC_SPECIFIC_GRANULE]
[GOCC_ENDOCYTIC_VESICLE_MEMBRANE,GOCC_ENDOCYTIC_VESICLE_MEMBRANE] was killed by [GOCC_SPECIFIC_GRANULE,GOCC_SPECIFIC_GRANULE]
[GOCC_CILIARY_PLASM,GOCC_CILIARY_PLASM] was killed by [GOCC_CENTRIOLE,GOCC_CENTRIOLE]
[GOCC_EXTRINSIC_COMPONENT_OF_PLASMA_MEMBRANE,GOCC_EXTRINSIC_COMPONENT_OF_PLASMA_MEMBRANE] was killed by [GOCC_LAMELLIPODIUM,GOCC_LAMELLIPODIUM]
[GOCC_HISTONE_DEACETYLASE_COMPLEX,GOCC_HISTONE_DEACETYLASE_COMPLEX] was killed by [GOCC_PROTEIN_ACETYLTRANSFERASE_COMPLEX,GOCC_PROTEIN_ACETYLTRANSFERASE_COMPLEX]
[GOCC_LATE_ENDOSOME_MEMBRANE,GOCC_LATE_ENDOSOME_MEMBRANE] was killed by [GOCC_SPECIFIC_GRANULE,GOCC_SPECIFIC_GRANULE]
[GOCC_RNA_POLYMERASE_II_TRANSCRIPTION_REGULATOR_COMPLEX,GOCC_RNA_POLYMERASE_II_TRANSCRIPTION_REGULATOR_COMPLEX] was killed by [GOCC_PROTEIN_ACETYLTRANSFERASE_COMPLEX,GOCC_PROTEIN_ACETYLTRANSFERASE_COMPLEX]
[GOCC_EXCITATORY_SYNAPSE,GOCC_EXCITATORY_SYNAPSE] was killed by [GOCC_INTRINSIC_COMPONENT_OF_SYNAPTIC_MEMBRANE,GOCC_INTRINSIC_COMPONENT_OF_SYNAPTIC_MEMBRANE]
[GOCC_P_BODY,GOCC_P_BODY] was killed by [GOCC_SPLICEOSOMAL_COMPLEX,GOCC_SPLICEOSOMAL_COMPLEX]
[GOCC_SCHAFFER_COLLATERAL_CA1_SYNAPSE,GOCC_SCHAFFER_COLLATERAL_CA1_SYNAPSE] was killed by [GOCC_INTRINSIC_COMPONENT_OF_SYNAPTIC_MEMBRANE,GOCC_INTRINSIC_COMPONENT_OF_SYNAPTIC_MEMBRANE]
[GOCC_EARLY_ENDOSOME_MEMBRANE,GOCC_EARLY_ENDOSOME_MEMBRANE] was killed by [GOCC_RECYCLING_ENDOSOME,GOCC_RECYCLING_ENDOSOME]
[GOCC_ROUGH_ENDOPLASMIC_RETICULUM_MEMBRANE,GOCC_ROUGH_ENDOPLASMIC_RETICULUM_MEMBRANE] was killed by [GOCC_RIBOSOMAL_SUBUNIT,GOCC_RIBOSOMAL_SUBUNIT]
[GOCC_EXON_EXON_JUNCTION_COMPLEX,GOCC_EXON_EXON_JUNCTION_COMPLEX] was killed by [GOCC_SPLICEOSOMAL_COMPLEX,GOCC_SPLICEOSOMAL_COMPLEX]
[GOCC_HOST_CELLULAR_COMPONENT,GOCC_HOST_CELLULAR_COMPONENT] was killed by [GOCC_CHROMOSOME_CENTROMERIC_REGION,GOCC_CHROMOSOME_CENTROMERIC_REGION]
[GOCC_POSTSYNAPTIC_DENSITY_MEMBRANE,GOCC_POSTSYNAPTIC_DENSITY_MEMBRANE] was killed by [GOCC_INTRINSIC_COMPONENT_OF_SYNAPTIC_MEMBRANE,GOCC_INTRINSIC_COMPONENT_OF_SYNAPTIC_MEMBRANE]
[GOCC_NEURON_PROJECTION_TERMINUS,GOCC_NEURON_PROJECTION_TERMINUS] was killed by [GOCC_INTRINSIC_COMPONENT_OF_SYNAPTIC_MEMBRANE,GOCC_INTRINSIC_COMPONENT_OF_SYNAPTIC_MEMBRANE]
[GOCC_RESPIRATORY_CHAIN_COMPLEX_III,GOCC_RESPIRATORY_CHAIN_COMPLEX_III] was killed by [GOCC_INNER_MITOCHONDRIAL_MEMBRANE_PROTEIN_COMPLEX,GOCC_INNER_MITOCHONDRIAL_MEMBRANE_PROTEIN_COMPLEX]
[GOCC_AZUROPHIL_GRANULE_MEMBRANE,GOCC_AZUROPHIL_GRANULE_MEMBRANE] was killed by [GOCC_SPECIFIC_GRANULE,GOCC_SPECIFIC_GRANULE]
[GOCC_CAJAL_BODY,GOCC_CAJAL_BODY] was killed by [GOCC_SPLICEOSOMAL_COMPLEX,GOCC_SPLICEOSOMAL_COMPLEX]
[GOCC_MOTILE_CILIUM,GOCC_MOTILE_CILIUM] was killed by [GOCC_RIBOSOMAL_SUBUNIT,GOCC_RIBOSOMAL_SUBUNIT]
[GOCC_MITOCHONDRIAL_SMALL_RIBOSOMAL_SUBUNIT,GOCC_MITOCHONDRIAL_SMALL_RIBOSOMAL_SUBUNIT] was killed by [GOCC_RIBOSOMAL_SUBUNIT,GOCC_RIBOSOMAL_SUBUNIT]
[GOCC_PIGMENT_GRANULE,GOCC_PIGMENT_GRANULE] was killed by [GOCC_SPECIFIC_GRANULE,GOCC_SPECIFIC_GRANULE]
[GOCC_PROTEASOME_REGULATORY_PARTICLE_BASE_SUBCOMPLEX,GOCC_PROTEASOME_REGULATORY_PARTICLE_BASE_SUBCOMPLEX] was killed by [GOCC_ENDOPEPTIDASE_COMPLEX,GOCC_ENDOPEPTIDASE_COMPLEX]
[GOCC_U5_SNRNP,GOCC_U5_SNRNP] was killed by [GOCC_SPLICEOSOMAL_COMPLEX,GOCC_SPLICEOSOMAL_COMPLEX]
[GOCC_COPI_VESICLE_COAT,GOCC_COPI_VESICLE_COAT] was killed by [GOCC_VESICLE_COAT,GOCC_VESICLE_COAT]
[GOCC_ACTIN_FILAMENT_BUNDLE,GOCC_ACTIN_FILAMENT_BUNDLE] was killed by [GOCC_LAMELLIPODIUM,GOCC_LAMELLIPODIUM]
[GOCC_CAVEOLA,GOCC_CAVEOLA] was killed by [GOCC_LAMELLIPODIUM,GOCC_LAMELLIPODIUM]
[GOCC_TRANSCRIPTION_FACTOR_TFIID_COMPLEX,GOCC_TRANSCRIPTION_FACTOR_TFIID_COMPLEX] was killed by [GOCC_PROTEIN_ACETYLTRANSFERASE_COMPLEX,GOCC_PROTEIN_ACETYLTRANSFERASE_COMPLEX]
[GOCC_EUKARYOTIC_TRANSLATION_INITIATION_FACTOR_3_COMPLEX,GOCC_EUKARYOTIC_TRANSLATION_INITIATION_FACTOR_3_COMPLEX] was killed by [GOCC_TRANSLATION_PREINITIATION_COMPLEX,GOCC_TRANSLATION_PREINITIATION_COMPLEX]
[GOCC_REPLISOME,GOCC_REPLISOME] was killed by [GOCC_SPLICEOSOMAL_COMPLEX,GOCC_SPLICEOSOMAL_COMPLEX]
[GOCC_PERICENTRIC_HETEROCHROMATIN,GOCC_PERICENTRIC_HETEROCHROMATIN] was killed by [GOCC_CHROMOSOME_CENTROMERIC_REGION,GOCC_CHROMOSOME_CENTROMERIC_REGION]
[GOCC_CALCIUM_CHANNEL_COMPLEX,GOCC_CALCIUM_CHANNEL_COMPLEX] was killed by [GOCC_INNER_MITOCHONDRIAL_MEMBRANE_PROTEIN_COMPLEX,GOCC_INNER_MITOCHONDRIAL_MEMBRANE_PROTEIN_COMPLEX]
[GOCC_MHC_CLASS_I_PROTEIN_COMPLEX,GOCC_MHC_CLASS_I_PROTEIN_COMPLEX] was killed by [GOCC_RECYCLING_ENDOSOME,GOCC_RECYCLING_ENDOSOME]
[GOCC_PERIKARYON,GOCC_PERIKARYON] was killed by [GOCC_LAMELLIPODIUM,GOCC_LAMELLIPODIUM]
[GOCC_PHOTORECEPTOR_OUTER_SEGMENT,GOCC_PHOTORECEPTOR_OUTER_SEGMENT] was killed by [GOCC_PHOTORECEPTOR_DISC_MEMBRANE,GOCC_PHOTORECEPTOR_DISC_MEMBRANE]
[GOCC_INTRINSIC_COMPONENT_OF_PEROXISOMAL_MEMBRANE,GOCC_INTRINSIC_COMPONENT_OF_PEROXISOMAL_MEMBRANE] was killed by [GOCC_MICROBODY,GOCC_MICROBODY]
[GOCC_INTRACILIARY_TRANSPORT_PARTICLE,GOCC_INTRACILIARY_TRANSPORT_PARTICLE] was killed by [GOCC_CENTRIOLE,GOCC_CENTRIOLE]
[GOCC_MITOTIC_SPINDLE_POLE,GOCC_MITOTIC_SPINDLE_POLE] was killed by [GOCC_CHROMOSOME_CENTROMERIC_REGION,GOCC_CHROMOSOME_CENTROMERIC_REGION]
[GOCC_CARBOXY_TERMINAL_DOMAIN_PROTEIN_KINASE_COMPLEX,GOCC_CARBOXY_TERMINAL_DOMAIN_PROTEIN_KINASE_COMPLEX] was killed by [GOCC_TRANSCRIPTION_ELONGATION_FACTOR_COMPLEX,GOCC_TRANSCRIPTION_ELONGATION_FACTOR_COMPLEX]
[GOCC_PLASMA_MEMBRANE_RAFT,GOCC_PLASMA_MEMBRANE_RAFT] was killed by [GOCC_LAMELLIPODIUM,GOCC_LAMELLIPODIUM]
[GOCC_NUCLEAR_UBIQUITIN_LIGASE_COMPLEX,GOCC_NUCLEAR_UBIQUITIN_LIGASE_COMPLEX] was killed by [GOCC_CULLIN_RING_UBIQUITIN_LIGASE_COMPLEX,GOCC_CULLIN_RING_UBIQUITIN_LIGASE_COMPLEX]
[GOCC_CENTRIOLAR_SATELLITE,GOCC_CENTRIOLAR_SATELLITE] was killed by [GOCC_CENTRIOLE,GOCC_CENTRIOLE]
[GOCC_AUTOPHAGOSOME,GOCC_AUTOPHAGOSOME] was killed by [GOCC_RECYCLING_ENDOSOME,GOCC_RECYCLING_ENDOSOME]
[GOCC_CYTOPLASMIC_SIDE_OF_MEMBRANE,GOCC_CYTOPLASMIC_SIDE_OF_MEMBRANE] was killed by [GOCC_SPLICEOSOMAL_COMPLEX,GOCC_SPLICEOSOMAL_COMPLEX]
[GOCC_INTRINSIC_COMPONENT_OF_MITOCHONDRIAL_OUTER_MEMBRANE,GOCC_INTRINSIC_COMPONENT_OF_MITOCHONDRIAL_OUTER_MEMBRANE] was killed by [GOCC_MICROBODY,GOCC_MICROBODY]
[GOCC_CMG_COMPLEX,GOCC_CMG_COMPLEX] was killed by [GOCC_DNA_REPLICATION_PREINITIATION_COMPLEX,GOCC_DNA_REPLICATION_PREINITIATION_COMPLEX]
[GOCC_PRERIBOSOME_SMALL_SUBUNIT_PRECURSOR,GOCC_PRERIBOSOME_SMALL_SUBUNIT_PRECURSOR] was killed by [GOCC_PRERIBOSOME,GOCC_PRERIBOSOME]
[GOCC_ANCHORED_COMPONENT_OF_PLASMA_MEMBRANE,GOCC_ANCHORED_COMPONENT_OF_PLASMA_MEMBRANE] was killed by [GOCC_GOLGI_LUMEN,GOCC_GOLGI_LUMEN]
[GOCC_COPI_COATED_VESICLE_MEMBRANE,GOCC_COPI_COATED_VESICLE_MEMBRANE] was killed by [GOCC_VESICLE_COAT,GOCC_VESICLE_COAT]
[GOCC_COMPLEX_OF_COLLAGEN_TRIMERS,GOCC_COMPLEX_OF_COLLAGEN_TRIMERS] was killed by [GOCC_BASEMENT_MEMBRANE,GOCC_BASEMENT_MEMBRANE]
[GOCC_ER_TO_GOLGI_TRANSPORT_VESICLE_MEMBRANE,GOCC_ER_TO_GOLGI_TRANSPORT_VESICLE_MEMBRANE] was killed by [GOCC_RECYCLING_ENDOSOME,GOCC_RECYCLING_ENDOSOME]
[GOCC_MULTIVESICULAR_BODY_MEMBRANE,GOCC_MULTIVESICULAR_BODY_MEMBRANE] was killed by [GOCC_RECYCLING_ENDOSOME,GOCC_RECYCLING_ENDOSOME]
[GOCC_ARP2_3_PROTEIN_COMPLEX,GOCC_ARP2_3_PROTEIN_COMPLEX] was killed by [GOCC_LAMELLIPODIUM,GOCC_LAMELLIPODIUM]
[GOCC_INTRINSIC_COMPONENT_OF_POSTSYNAPTIC_SPECIALIZATION_MEMBRANE,GOCC_INTRINSIC_COMPONENT_OF_POSTSYNAPTIC_SPECIALIZATION_MEMBRANE] was killed by [GOCC_INTRINSIC_COMPONENT_OF_SYNAPTIC_MEMBRANE,GOCC_INTRINSIC_COMPONENT_OF_SYNAPTIC_MEMBRANE]
[GOCC_POST_MRNA_RELEASE_SPLICEOSOMAL_COMPLEX,GOCC_POST_MRNA_RELEASE_SPLICEOSOMAL_COMPLEX] was killed by [GOCC_SPLICEOSOMAL_COMPLEX,GOCC_SPLICEOSOMAL_COMPLEX]
[GOCC_OUTER_MITOCHONDRIAL_MEMBRANE_PROTEIN_COMPLEX,GOCC_OUTER_MITOCHONDRIAL_MEMBRANE_PROTEIN_COMPLEX] was killed by [GOCC_INNER_MITOCHONDRIAL_MEMBRANE_PROTEIN_COMPLEX,GOCC_INNER_MITOCHONDRIAL_MEMBRANE_PROTEIN_COMPLEX]
[GOCC_ACROSOMAL_MEMBRANE,GOCC_ACROSOMAL_MEMBRANE] was killed by [GOCC_ACROSOMAL_VESICLE,GOCC_ACROSOMAL_VESICLE]
[GOCC_PLATELET_ALPHA_GRANULE,GOCC_PLATELET_ALPHA_GRANULE] was killed by [GOCC_SPECIFIC_GRANULE,GOCC_SPECIFIC_GRANULE]
[GOCC_MITOCHONDRIAL_PROTON_TRANSPORTING_ATP_SYNTHASE_COMPLEX_COUPLING_FACTOR_F_O,GOCC_MITOCHONDRIAL_PROTON_TRANSPORTING_ATP_SYNTHASE_COMPLEX_COUPLING_FACTOR_F_O] was killed by [GOCC_INNER_MITOCHONDRIAL_MEMBRANE_PROTEIN_COMPLEX,GOCC_INNER_MITOCHONDRIAL_MEMBRANE_PROTEIN_COMPLEX]
[GOCC_KINESIN_COMPLEX,GOCC_KINESIN_COMPLEX] was killed by [GOCC_CHROMOSOME_CENTROMERIC_REGION,GOCC_CHROMOSOME_CENTROMERIC_REGION]
[GOCC_GOLGI_ASSOCIATED_VESICLE_MEMBRANE,GOCC_GOLGI_ASSOCIATED_VESICLE_MEMBRANE] was killed by [GOCC_VESICLE_COAT,GOCC_VESICLE_COAT]
[GOCC_GABA_RECEPTOR_COMPLEX,GOCC_GABA_RECEPTOR_COMPLEX] was killed by [GOCC_INTRINSIC_COMPONENT_OF_SYNAPTIC_MEMBRANE,GOCC_INTRINSIC_COMPONENT_OF_SYNAPTIC_MEMBRANE]
[GOCC_SMALL_NUCLEAR_RIBONUCLEOPROTEIN_COMPLEX,GOCC_SMALL_NUCLEAR_RIBONUCLEOPROTEIN_COMPLEX] was killed by [GOCC_SPLICEOSOMAL_COMPLEX,GOCC_SPLICEOSOMAL_COMPLEX]
[GOCC_AMPA_GLUTAMATE_RECEPTOR_COMPLEX,GOCC_AMPA_GLUTAMATE_RECEPTOR_COMPLEX] was killed by [GOCC_INTRINSIC_COMPONENT_OF_SYNAPTIC_MEMBRANE,GOCC_INTRINSIC_COMPONENT_OF_SYNAPTIC_MEMBRANE]
[GOCC_HAPTOGLOBIN_HEMOGLOBIN_COMPLEX,GOCC_HAPTOGLOBIN_HEMOGLOBIN_COMPLEX] was killed by [GOCC_RIBOSOMAL_SUBUNIT,GOCC_RIBOSOMAL_SUBUNIT]
[GOCC_NON_MOTILE_CILIUM,GOCC_NON_MOTILE_CILIUM] was killed by [GOCC_SPLICEOSOMAL_COMPLEX,GOCC_SPLICEOSOMAL_COMPLEX]
[GOCC_GAP_JUNCTION,GOCC_GAP_JUNCTION] was killed by [GOCC_CONNEXIN_COMPLEX,GOCC_CONNEXIN_COMPLEX]
[GOCC_DNA_POLYMERASE_COMPLEX,GOCC_DNA_POLYMERASE_COMPLEX] was killed by [GOCC_PROTEIN_ACETYLTRANSFERASE_COMPLEX,GOCC_PROTEIN_ACETYLTRANSFERASE_COMPLEX]
[GOCC_GOLGI_ASSOCIATED_VESICLE,GOCC_GOLGI_ASSOCIATED_VESICLE] was killed by [GOCC_RECYCLING_ENDOSOME,GOCC_RECYCLING_ENDOSOME]
[GOCC_CATSPER_COMPLEX,GOCC_CATSPER_COMPLEX] was killed by [GOCC_ACROSOMAL_VESICLE,GOCC_ACROSOMAL_VESICLE]
[GOCC_ORGANELLE_MEMBRANE_CONTACT_SITE,GOCC_ORGANELLE_MEMBRANE_CONTACT_SITE] was killed by [GOCC_AUTOPHAGOSOME_MEMBRANE,GOCC_AUTOPHAGOSOME_MEMBRANE]
[GOCC_COP9_SIGNALOSOME,GOCC_COP9_SIGNALOSOME] was killed by [GOCC_CENTRIOLE,GOCC_CENTRIOLE]
[GOCC_PML_BODY,GOCC_PML_BODY] was killed by [GOCC_CHROMOSOME_CENTROMERIC_REGION,GOCC_CHROMOSOME_CENTROMERIC_REGION]
[GOCC_MANCHETTE,GOCC_MANCHETTE] was killed by [GOCC_ACROSOMAL_VESICLE,GOCC_ACROSOMAL_VESICLE]
[GOCC_TELOMERASE_HOLOENZYME_COMPLEX,GOCC_TELOMERASE_HOLOENZYME_COMPLEX] was killed by [GOCC_SPLICEOSOMAL_COMPLEX,GOCC_SPLICEOSOMAL_COMPLEX]
[GOCC_SPERM_PRINCIPAL_PIECE,GOCC_SPERM_PRINCIPAL_PIECE] was killed by [GOCC_ACROSOMAL_VESICLE,GOCC_ACROSOMAL_VESICLE]
[GOCC_CUL4A_RING_E3_UBIQUITIN_LIGASE_COMPLEX,GOCC_CUL4A_RING_E3_UBIQUITIN_LIGASE_COMPLEX] was killed by [GOCC_CULLIN_RING_UBIQUITIN_LIGASE_COMPLEX,GOCC_CULLIN_RING_UBIQUITIN_LIGASE_COMPLEX]
[GOCC_FILOPODIUM,GOCC_FILOPODIUM] was killed by [GOCC_LAMELLIPODIUM,GOCC_LAMELLIPODIUM]
[GOCC_PRESYNAPTIC_MEMBRANE,GOCC_PRESYNAPTIC_MEMBRANE] was killed by [GOCC_LAMELLIPODIUM,GOCC_LAMELLIPODIUM]
[GOCC_COPII_COATED_ER_TO_GOLGI_TRANSPORT_VESICLE,GOCC_COPII_COATED_ER_TO_GOLGI_TRANSPORT_VESICLE] was killed by [GOCC_RECYCLING_ENDOSOME,GOCC_RECYCLING_ENDOSOME]
[GOCC_CYTOPLASMIC_EXOSOME_RNASE_COMPLEX,GOCC_CYTOPLASMIC_EXOSOME_RNASE_COMPLEX] was killed by [GOCC_NUCLEAR_EXOSOME_RNASE_COMPLEX,GOCC_NUCLEAR_EXOSOME_RNASE_COMPLEX]
[GOCC_T_TUBULE,GOCC_T_TUBULE] was killed by [GOCC_INTRINSIC_COMPONENT_OF_SYNAPTIC_MEMBRANE,GOCC_INTRINSIC_COMPONENT_OF_SYNAPTIC_MEMBRANE]
[GOCC_PHOTORECEPTOR_INNER_SEGMENT,GOCC_PHOTORECEPTOR_INNER_SEGMENT] was killed by [GOCC_PHOTORECEPTOR_DISC_MEMBRANE,GOCC_PHOTORECEPTOR_DISC_MEMBRANE]
[GOCC_RECYCLING_ENDOSOME_MEMBRANE,GOCC_RECYCLING_ENDOSOME_MEMBRANE] was killed by [GOCC_SPECIFIC_GRANULE,GOCC_SPECIFIC_GRANULE]
[GOCC_CLATHRIN_COATED_PIT,GOCC_CLATHRIN_COATED_PIT] was killed by [GOCC_RECYCLING_ENDOSOME,GOCC_RECYCLING_ENDOSOME]
[GOCC_MICROTUBULE_PLUS_END,GOCC_MICROTUBULE_PLUS_END] was killed by [GOCC_CHROMOSOME_CENTROMERIC_REGION,GOCC_CHROMOSOME_CENTROMERIC_REGION]
[GOCC_EUKARYOTIC_48S_PREINITIATION_COMPLEX,GOCC_EUKARYOTIC_48S_PREINITIATION_COMPLEX] was killed by [GOCC_TRANSLATION_PREINITIATION_COMPLEX,GOCC_TRANSLATION_PREINITIATION_COMPLEX]
[GOCC_RUFFLE_MEMBRANE,GOCC_RUFFLE_MEMBRANE] was killed by [GOCC_LAMELLIPODIUM,GOCC_LAMELLIPODIUM]
[GOCC_LEADING_EDGE_MEMBRANE,GOCC_LEADING_EDGE_MEMBRANE] was killed by [GOCC_SPLICEOSOMAL_COMPLEX,GOCC_SPLICEOSOMAL_COMPLEX]
[GOCC_INTRINSIC_COMPONENT_OF_PRESYNAPTIC_MEMBRANE,GOCC_INTRINSIC_COMPONENT_OF_PRESYNAPTIC_MEMBRANE] was killed by [GOCC_INTRINSIC_COMPONENT_OF_SYNAPTIC_MEMBRANE,GOCC_INTRINSIC_COMPONENT_OF_SYNAPTIC_MEMBRANE]
[GOCC_ENDORIBONUCLEASE_COMPLEX,GOCC_ENDORIBONUCLEASE_COMPLEX] was killed by [GOCC_NUCLEOID,GOCC_NUCLEOID]
[GOCC_PHOSPHATASE_COMPLEX,GOCC_PHOSPHATASE_COMPLEX] was killed by [GOCC_CHROMOSOME_CENTROMERIC_REGION,GOCC_CHROMOSOME_CENTROMERIC_REGION]
[GOCC_SODIUM_CHANNEL_COMPLEX,GOCC_SODIUM_CHANNEL_COMPLEX] was killed by [GOCC_INTRINSIC_COMPONENT_OF_SYNAPTIC_MEMBRANE,GOCC_INTRINSIC_COMPONENT_OF_SYNAPTIC_MEMBRANE]
[GOCC_TRANSCRIPTION_FACTOR_TFTC_COMPLEX,GOCC_TRANSCRIPTION_FACTOR_TFTC_COMPLEX] was killed by [GOCC_PROTEIN_ACETYLTRANSFERASE_COMPLEX,GOCC_PROTEIN_ACETYLTRANSFERASE_COMPLEX]
[GOCC_VESICLE_TETHERING_COMPLEX,GOCC_VESICLE_TETHERING_COMPLEX] was killed by [GOCC_RECYCLING_ENDOSOME,GOCC_RECYCLING_ENDOSOME]
[GOCC_CONDENSED_NUCLEAR_CHROMOSOME_KINETOCHORE,GOCC_CONDENSED_NUCLEAR_CHROMOSOME_KINETOCHORE] was killed by [GOCC_CHROMOSOME_CENTROMERIC_REGION,GOCC_CHROMOSOME_CENTROMERIC_REGION]
[GOCC_9PLUS0_NON_MOTILE_CILIUM,GOCC_9PLUS0_NON_MOTILE_CILIUM] was killed by [GOCC_CENTRIOLE,GOCC_CENTRIOLE]
[GOCC_INTRINSIC_COMPONENT_OF_POSTSYNAPTIC_DENSITY_MEMBRANE,GOCC_INTRINSIC_COMPONENT_OF_POSTSYNAPTIC_DENSITY_MEMBRANE] was killed by [GOCC_INTRINSIC_COMPONENT_OF_SYNAPTIC_MEMBRANE,GOCC_INTRINSIC_COMPONENT_OF_SYNAPTIC_MEMBRANE]
[GOCC_PRP19_COMPLEX,GOCC_PRP19_COMPLEX] was killed by [GOCC_SPLICEOSOMAL_COMPLEX,GOCC_SPLICEOSOMAL_COMPLEX]
[GOCC_FICOLIN_1_RICH_GRANULE_MEMBRANE,GOCC_FICOLIN_1_RICH_GRANULE_MEMBRANE] was killed by [GOCC_SPECIFIC_GRANULE,GOCC_SPECIFIC_GRANULE]
[GOCC_CONDENSED_CHROMOSOME_OUTER_KINETOCHORE,GOCC_CONDENSED_CHROMOSOME_OUTER_KINETOCHORE] was killed by [GOCC_CHROMOSOME_CENTROMERIC_REGION,GOCC_CHROMOSOME_CENTROMERIC_REGION]
[GOCC_MHC_PROTEIN_COMPLEX,GOCC_MHC_PROTEIN_COMPLEX] was killed by [GOCC_RECYCLING_ENDOSOME,GOCC_RECYCLING_ENDOSOME]
[GOCC_ACETYLCHOLINE_GATED_CHANNEL_COMPLEX,GOCC_ACETYLCHOLINE_GATED_CHANNEL_COMPLEX] was killed by [GOCC_INTRINSIC_COMPONENT_OF_SYNAPTIC_MEMBRANE,GOCC_INTRINSIC_COMPONENT_OF_SYNAPTIC_MEMBRANE]
[GOCC_CALYX_OF_HELD,GOCC_CALYX_OF_HELD] was killed by [GOCC_INTRINSIC_COMPONENT_OF_SYNAPTIC_MEMBRANE,GOCC_INTRINSIC_COMPONENT_OF_SYNAPTIC_MEMBRANE]
[GOCC_U12_TYPE_SPLICEOSOMAL_COMPLEX,GOCC_U12_TYPE_SPLICEOSOMAL_COMPLEX] was killed by [GOCC_SPLICEOSOMAL_COMPLEX,GOCC_SPLICEOSOMAL_COMPLEX]
[GOCC_NUCLEAR_OUTER_MEMBRANE,GOCC_NUCLEAR_OUTER_MEMBRANE] was killed by [GOCC_PHOTORECEPTOR_DISC_MEMBRANE,GOCC_PHOTORECEPTOR_DISC_MEMBRANE]
[GOCC_SWI_SNF_COMPLEX,GOCC_SWI_SNF_COMPLEX] was killed by [GOCC_PROTEIN_ACETYLTRANSFERASE_COMPLEX,GOCC_PROTEIN_ACETYLTRANSFERASE_COMPLEX]
[GOCC_L_TYPE_VOLTAGE_GATED_CALCIUM_CHANNEL_COMPLEX,GOCC_L_TYPE_VOLTAGE_GATED_CALCIUM_CHANNEL_COMPLEX] was killed by [GOCC_INTRINSIC_COMPONENT_OF_SYNAPTIC_MEMBRANE,GOCC_INTRINSIC_COMPONENT_OF_SYNAPTIC_MEMBRANE]
[GOCC_PROTON_TRANSPORTING_TWO_SECTOR_ATPASE_COMPLEX,GOCC_PROTON_TRANSPORTING_TWO_SECTOR_ATPASE_COMPLEX] was killed by [GOCC_INNER_MITOCHONDRIAL_MEMBRANE_PROTEIN_COMPLEX,GOCC_INNER_MITOCHONDRIAL_MEMBRANE_PROTEIN_COMPLEX]
[GOCC_SARCOLEMMA,GOCC_SARCOLEMMA] was killed by [GOCC_LAMELLIPODIUM,GOCC_LAMELLIPODIUM]
[GOCC_METHYLOSOME,GOCC_METHYLOSOME] was killed by [GOCC_SPLICEOSOMAL_COMPLEX,GOCC_SPLICEOSOMAL_COMPLEX]
[GOCC_PRESYNAPTIC_CYTOSOL,GOCC_PRESYNAPTIC_CYTOSOL] was killed by [GOCC_CHAPERONE_COMPLEX,GOCC_CHAPERONE_COMPLEX]
[GOCC_MICROBODY_LUMEN,GOCC_MICROBODY_LUMEN] was killed by [GOCC_MICROBODY,GOCC_MICROBODY]
[GOCC_9PLUS2_MOTILE_CILIUM,GOCC_9PLUS2_MOTILE_CILIUM] was killed by [GOCC_ACROSOMAL_VESICLE,GOCC_ACROSOMAL_VESICLE]
[GOCC_PROTON_TRANSPORTING_ATP_SYNTHASE_COMPLEX_COUPLING_FACTOR_F_O,GOCC_PROTON_TRANSPORTING_ATP_SYNTHASE_COMPLEX_COUPLING_FACTOR_F_O] was killed by [GOCC_INNER_MITOCHONDRIAL_MEMBRANE_PROTEIN_COMPLEX,GOCC_INNER_MITOCHONDRIAL_MEMBRANE_PROTEIN_COMPLEX]
[GOCC_INTERSTITIAL_MATRIX,GOCC_INTERSTITIAL_MATRIX] was killed by [GOCC_BASEMENT_MEMBRANE,GOCC_BASEMENT_MEMBRANE]
[GOCC_PRE_SNORNP_COMPLEX,GOCC_PRE_SNORNP_COMPLEX] was killed by [GOCC_PRERIBOSOME,GOCC_PRERIBOSOME]
[GOCC_SAGA_TYPE_COMPLEX,GOCC_SAGA_TYPE_COMPLEX] was killed by [GOCC_PROTEIN_ACETYLTRANSFERASE_COMPLEX,GOCC_PROTEIN_ACETYLTRANSFERASE_COMPLEX]
[GOCC_CLATHRIN_COATED_VESICLE,GOCC_CLATHRIN_COATED_VESICLE] was killed by [GOCC_IMMUNOGLOBULIN_COMPLEX,GOCC_IMMUNOGLOBULIN_COMPLEX]
[GOCC_STAGA_COMPLEX,GOCC_STAGA_COMPLEX] was killed by [GOCC_PROTEIN_ACETYLTRANSFERASE_COMPLEX,GOCC_PROTEIN_ACETYLTRANSFERASE_COMPLEX]
[GOCC_PHAGOPHORE_ASSEMBLY_SITE,GOCC_PHAGOPHORE_ASSEMBLY_SITE] was killed by [GOCC_RECYCLING_ENDOSOME,GOCC_RECYCLING_ENDOSOME]
[GOCC_SYNAPTIC_CLEFT,GOCC_SYNAPTIC_CLEFT] was killed by [GOCC_BASEMENT_MEMBRANE,GOCC_BASEMENT_MEMBRANE]
[GOCC_CILIARY_BASAL_BODY,GOCC_CILIARY_BASAL_BODY] was killed by [GOCC_RIBOSOMAL_SUBUNIT,GOCC_RIBOSOMAL_SUBUNIT]
[GOCC_INTRACILIARY_TRANSPORT_PARTICLE_B,GOCC_INTRACILIARY_TRANSPORT_PARTICLE_B] was killed by [GOCC_CENTRIOLE,GOCC_CENTRIOLE]
[GOCC_SPINDLE_MIDZONE,GOCC_SPINDLE_MIDZONE] was killed by [GOCC_CHROMOSOME_CENTROMERIC_REGION,GOCC_CHROMOSOME_CENTROMERIC_REGION]
[GOCC_NEURON_PROJECTION_MEMBRANE,GOCC_NEURON_PROJECTION_MEMBRANE] was killed by [GOCC_INTRINSIC_COMPONENT_OF_SYNAPTIC_MEMBRANE,GOCC_INTRINSIC_COMPONENT_OF_SYNAPTIC_MEMBRANE]
[GOCC_PROTEIN_PHOSPHATASE_TYPE_2A_COMPLEX,GOCC_PROTEIN_PHOSPHATASE_TYPE_2A_COMPLEX] was killed by [GOCC_CHROMOSOME_CENTROMERIC_REGION,GOCC_CHROMOSOME_CENTROMERIC_REGION]
[GOCC_GOLGI_STACK,GOCC_GOLGI_STACK] was killed by [GOCC_RIBOSOMAL_SUBUNIT,GOCC_RIBOSOMAL_SUBUNIT]
[GOCC_NUCLEOTIDE_EXCISION_REPAIR_COMPLEX,GOCC_NUCLEOTIDE_EXCISION_REPAIR_COMPLEX] was killed by [GOCC_REPLICATION_FORK,GOCC_REPLICATION_FORK]
[GOCC_MAIN_AXON,GOCC_MAIN_AXON] was killed by [GOCC_INTRINSIC_COMPONENT_OF_SYNAPTIC_MEMBRANE,GOCC_INTRINSIC_COMPONENT_OF_SYNAPTIC_MEMBRANE]
[GOCC_MITOTIC_SPINDLE_MIDZONE,GOCC_MITOTIC_SPINDLE_MIDZONE] was killed by [GOCC_CHROMOSOME_CENTROMERIC_REGION,GOCC_CHROMOSOME_CENTROMERIC_REGION]
[GOCC_HIPPOCAMPAL_MOSSY_FIBER_TO_CA3_SYNAPSE,GOCC_HIPPOCAMPAL_MOSSY_FIBER_TO_CA3_SYNAPSE] was killed by [GOCC_INTRINSIC_COMPONENT_OF_SYNAPTIC_MEMBRANE,GOCC_INTRINSIC_COMPONENT_OF_SYNAPTIC_MEMBRANE]
[GOCC_TRANS_GOLGI_NETWORK_MEMBRANE,GOCC_TRANS_GOLGI_NETWORK_MEMBRANE] was killed by [GOCC_RECYCLING_ENDOSOME,GOCC_RECYCLING_ENDOSOME]
[GOCC_SYNAPTIC_VESICLE_MEMBRANE,GOCC_SYNAPTIC_VESICLE_MEMBRANE] was killed by [GOCC_RECYCLING_ENDOSOME,GOCC_RECYCLING_ENDOSOME]
[GOCC_ALPHA_DNA_POLYMERASE_PRIMASE_COMPLEX,GOCC_ALPHA_DNA_POLYMERASE_PRIMASE_COMPLEX] was killed by [GOCC_REPLICATION_FORK,GOCC_REPLICATION_FORK]
[GOCC_COPII_VESICLE_COAT,GOCC_COPII_VESICLE_COAT] was killed by [GOCC_CULLIN_RING_UBIQUITIN_LIGASE_COMPLEX,GOCC_CULLIN_RING_UBIQUITIN_LIGASE_COMPLEX]
[GOCC_MKS_COMPLEX,GOCC_MKS_COMPLEX] was killed by [GOCC_CENTRIOLE,GOCC_CENTRIOLE]
[GOCC_INTERCELLULAR_BRIDGE,GOCC_INTERCELLULAR_BRIDGE] was killed by [GOCC_CHROMOSOME_CENTROMERIC_REGION,GOCC_CHROMOSOME_CENTROMERIC_REGION]
[GOCC_AP_TYPE_MEMBRANE_COAT_ADAPTOR_COMPLEX,GOCC_AP_TYPE_MEMBRANE_COAT_ADAPTOR_COMPLEX] was killed by [GOCC_VESICLE_COAT,GOCC_VESICLE_COAT]
[GOCC_APICOLATERAL_PLASMA_MEMBRANE,GOCC_APICOLATERAL_PLASMA_MEMBRANE] was killed by [GOCC_KERATIN_FILAMENT,GOCC_KERATIN_FILAMENT]
[GOCC_CHAPERONIN_CONTAINING_T_COMPLEX,GOCC_CHAPERONIN_CONTAINING_T_COMPLEX] was killed by [GOCC_CHAPERONE_COMPLEX,GOCC_CHAPERONE_COMPLEX]
[GOCC_PROTEIN_KINASE_COMPLEX,GOCC_PROTEIN_KINASE_COMPLEX] was killed by [GOCC_MEDIATOR_COMPLEX,GOCC_MEDIATOR_COMPLEX]
[GOCC_CYTOCHROME_COMPLEX,GOCC_CYTOCHROME_COMPLEX] was killed by [GOCC_INNER_MITOCHONDRIAL_MEMBRANE_PROTEIN_COMPLEX,GOCC_INNER_MITOCHONDRIAL_MEMBRANE_PROTEIN_COMPLEX]
[GOCC_SAGA_COMPLEX,GOCC_SAGA_COMPLEX] was killed by [GOCC_PROTEIN_ACETYLTRANSFERASE_COMPLEX,GOCC_PROTEIN_ACETYLTRANSFERASE_COMPLEX]
[GOCC_GABA_ERGIC_SYNAPSE,GOCC_GABA_ERGIC_SYNAPSE] was killed by [GOCC_INTRINSIC_COMPONENT_OF_SYNAPTIC_MEMBRANE,GOCC_INTRINSIC_COMPONENT_OF_SYNAPTIC_MEMBRANE]
[GOCC_SMN_SM_PROTEIN_COMPLEX,GOCC_SMN_SM_PROTEIN_COMPLEX] was killed by [GOCC_SPLICEOSOMAL_COMPLEX,GOCC_SPLICEOSOMAL_COMPLEX]
[GOCC_SARCOPLASM,GOCC_SARCOPLASM] was killed by [GOCC_CALCINEURIN_COMPLEX,GOCC_CALCINEURIN_COMPLEX]
[GOCC_MICROTUBULE_ASSOCIATED_COMPLEX,GOCC_MICROTUBULE_ASSOCIATED_COMPLEX] was killed by [GOCC_IMMUNOGLOBULIN_COMPLEX,GOCC_IMMUNOGLOBULIN_COMPLEX]
[GOCC_PODOSOME,GOCC_PODOSOME] was killed by [GOCC_LAMELLIPODIUM,GOCC_LAMELLIPODIUM]
[GOCC_NEURON_PROJECTION_CYTOPLASM,GOCC_NEURON_PROJECTION_CYTOPLASM] was killed by [GOCC_CHROMOSOME_CENTROMERIC_REGION,GOCC_CHROMOSOME_CENTROMERIC_REGION]
[GOCC_G_PROTEIN_BETA_GAMMA_SUBUNIT_COMPLEX,GOCC_G_PROTEIN_BETA_GAMMA_SUBUNIT_COMPLEX] was killed by [GOCC_PHOTORECEPTOR_DISC_MEMBRANE,GOCC_PHOTORECEPTOR_DISC_MEMBRANE]
[GOCC_NADPH_OXIDASE_COMPLEX,GOCC_NADPH_OXIDASE_COMPLEX] was killed by [GOCC_SPECIFIC_GRANULE,GOCC_SPECIFIC_GRANULE]
[GOCC_FIBRILLAR_COLLAGEN_TRIMER,GOCC_FIBRILLAR_COLLAGEN_TRIMER] was killed by [GOCC_BASEMENT_MEMBRANE,GOCC_BASEMENT_MEMBRANE]
[GOCC_CYTOSOLIC_PROTEASOME_COMPLEX,GOCC_CYTOSOLIC_PROTEASOME_COMPLEX] was killed by [GOCC_ENDOPEPTIDASE_COMPLEX,GOCC_ENDOPEPTIDASE_COMPLEX]
[GOCC_DNA_REPLICATION_FACTOR_A_COMPLEX,GOCC_DNA_REPLICATION_FACTOR_A_COMPLEX] was killed by [GOCC_SPLICEOSOMAL_COMPLEX,GOCC_SPLICEOSOMAL_COMPLEX]
[GOCC_MHC_CLASS_I_PEPTIDE_LOADING_COMPLEX,GOCC_MHC_CLASS_I_PEPTIDE_LOADING_COMPLEX] was killed by [GOCC_RECYCLING_ENDOSOME,GOCC_RECYCLING_ENDOSOME]
[GOCC_ADA2_GCN5_ADA3_TRANSCRIPTION_ACTIVATOR_COMPLEX,GOCC_ADA2_GCN5_ADA3_TRANSCRIPTION_ACTIVATOR_COMPLEX] was killed by [GOCC_PROTEIN_ACETYLTRANSFERASE_COMPLEX,GOCC_PROTEIN_ACETYLTRANSFERASE_COMPLEX]
[GOCC_ANAPHASE_PROMOTING_COMPLEX,GOCC_ANAPHASE_PROMOTING_COMPLEX] was killed by [GOCC_CULLIN_RING_UBIQUITIN_LIGASE_COMPLEX,GOCC_CULLIN_RING_UBIQUITIN_LIGASE_COMPLEX]
[GOCC_RESPIRATORY_CHAIN_COMPLEX_IV,GOCC_RESPIRATORY_CHAIN_COMPLEX_IV] was killed by [GOCC_INNER_MITOCHONDRIAL_MEMBRANE_PROTEIN_COMPLEX,GOCC_INNER_MITOCHONDRIAL_MEMBRANE_PROTEIN_COMPLEX]
[GOCC_RNA_POLYMERASE_I_COMPLEX,GOCC_RNA_POLYMERASE_I_COMPLEX] was killed by [GOCC_RNA_POLYMERASE_III_COMPLEX,GOCC_RNA_POLYMERASE_III_COMPLEX]
[GOCC_SCF_UBIQUITIN_LIGASE_COMPLEX,GOCC_SCF_UBIQUITIN_LIGASE_COMPLEX] was killed by [GOCC_CULLIN_RING_UBIQUITIN_LIGASE_COMPLEX,GOCC_CULLIN_RING_UBIQUITIN_LIGASE_COMPLEX]
[GOCC_AXON_CYTOPLASM,GOCC_AXON_CYTOPLASM] was killed by [GOCC_CHROMOSOME_CENTROMERIC_REGION,GOCC_CHROMOSOME_CENTROMERIC_REGION]
[GOCC_TETRASPANIN_ENRICHED_MICRODOMAIN,GOCC_TETRASPANIN_ENRICHED_MICRODOMAIN] was killed by [GOCC_SPECIFIC_GRANULE,GOCC_SPECIFIC_GRANULE]
[GOCC_PLATELET_ALPHA_GRANULE_LUMEN,GOCC_PLATELET_ALPHA_GRANULE_LUMEN] was killed by [GOCC_GOLGI_LUMEN,GOCC_GOLGI_LUMEN]
[GOCC_CONDENSED_NUCLEAR_CHROMOSOME,GOCC_CONDENSED_NUCLEAR_CHROMOSOME] was killed by [GOCC_CHROMOSOME_CENTROMERIC_REGION,GOCC_CHROMOSOME_CENTROMERIC_REGION]
[GOCC_ZYMOGEN_GRANULE,GOCC_ZYMOGEN_GRANULE] was killed by [GOCC_SPECIFIC_GRANULE,GOCC_SPECIFIC_GRANULE]
[GOCC_CLATHRIN_COAT_OF_COATED_PIT,GOCC_CLATHRIN_COAT_OF_COATED_PIT] was killed by [GOCC_VESICLE_COAT,GOCC_VESICLE_COAT]
[GOCC_PRESPLICEOSOME,GOCC_PRESPLICEOSOME] was killed by [GOCC_SPLICEOSOMAL_COMPLEX,GOCC_SPLICEOSOMAL_COMPLEX]
[GOCC_EXTRINSIC_COMPONENT_OF_CYTOPLASMIC_SIDE_OF_PLASMA_MEMBRANE,GOCC_EXTRINSIC_COMPONENT_OF_CYTOPLASMIC_SIDE_OF_PLASMA_MEMBRANE] was killed by [GOCC_LAMELLIPODIUM,GOCC_LAMELLIPODIUM]
[GOCC_GAMMA_TUBULIN_COMPLEX,GOCC_GAMMA_TUBULIN_COMPLEX] was killed by [GOCC_CENTRIOLE,GOCC_CENTRIOLE]
[GOCC_MCM_COMPLEX,GOCC_MCM_COMPLEX] was killed by [GOCC_REPLICATION_FORK,GOCC_REPLICATION_FORK]
[GOCC_SPERM_PLASMA_MEMBRANE,GOCC_SPERM_PLASMA_MEMBRANE] was killed by [GOCC_ACROSOMAL_VESICLE,GOCC_ACROSOMAL_VESICLE]
[GOCC_DENDRITE_MEMBRANE,GOCC_DENDRITE_MEMBRANE] was killed by [GOCC_RECYCLING_ENDOSOME,GOCC_RECYCLING_ENDOSOME]
[GOCC_INHIBITORY_SYNAPSE,GOCC_INHIBITORY_SYNAPSE] was killed by [GOCC_INTRINSIC_COMPONENT_OF_SYNAPTIC_MEMBRANE,GOCC_INTRINSIC_COMPONENT_OF_SYNAPTIC_MEMBRANE]
[GOCC_POSTSYNAPTIC_SPECIALIZATION_INTRACELLULAR_COMPONENT,GOCC_POSTSYNAPTIC_SPECIALIZATION_INTRACELLULAR_COMPONENT] was killed by [GOCC_LAMELLIPODIUM,GOCC_LAMELLIPODIUM]
[GOCC_PROTON_TRANSPORTING_TWO_SECTOR_ATPASE_COMPLEX_CATALYTIC_DOMAIN,GOCC_PROTON_TRANSPORTING_TWO_SECTOR_ATPASE_COMPLEX_CATALYTIC_DOMAIN] was killed by [GOCC_INNER_MITOCHONDRIAL_MEMBRANE_PROTEIN_COMPLEX,GOCC_INNER_MITOCHONDRIAL_MEMBRANE_PROTEIN_COMPLEX]
[GOCC_NEURON_SPINE,GOCC_NEURON_SPINE] was killed by [GOCC_IMMUNOGLOBULIN_COMPLEX,GOCC_IMMUNOGLOBULIN_COMPLEX]
[GOCC_X_CHROMOSOME,GOCC_X_CHROMOSOME] was killed by [GOCC_DNA_PACKAGING_COMPLEX,GOCC_DNA_PACKAGING_COMPLEX]
[GOCC_SNO_S_RNA_CONTAINING_RIBONUCLEOPROTEIN_COMPLEX,GOCC_SNO_S_RNA_CONTAINING_RIBONUCLEOPROTEIN_COMPLEX] was killed by [GOCC_SPLICEOSOMAL_COMPLEX,GOCC_SPLICEOSOMAL_COMPLEX]
[GOCC_PROTEASOME_REGULATORY_PARTICLE_LID_SUBCOMPLEX,GOCC_PROTEASOME_REGULATORY_PARTICLE_LID_SUBCOMPLEX] was killed by [GOCC_ENDOPEPTIDASE_COMPLEX,GOCC_ENDOPEPTIDASE_COMPLEX]
[GOCC_PROTON_TRANSPORTING_ATP_SYNTHASE_COMPLEX_CATALYTIC_CORE_F_1,GOCC_PROTON_TRANSPORTING_ATP_SYNTHASE_COMPLEX_CATALYTIC_CORE_F_1] was killed by [GOCC_INNER_MITOCHONDRIAL_MEMBRANE_PROTEIN_COMPLEX,GOCC_INNER_MITOCHONDRIAL_MEMBRANE_PROTEIN_COMPLEX]
[GOCC_MITOTIC_SPINDLE_ASTRAL_MICROTUBULE,GOCC_MITOTIC_SPINDLE_ASTRAL_MICROTUBULE] was killed by [GOCC_CENTRIOLE,GOCC_CENTRIOLE]
[GOCC_AXONAL_GROWTH_CONE,GOCC_AXONAL_GROWTH_CONE] was killed by [GOCC_LAMELLIPODIUM,GOCC_LAMELLIPODIUM]
[GOCC_MICROFIBRIL,GOCC_MICROFIBRIL] was killed by [GOCC_BASEMENT_MEMBRANE,GOCC_BASEMENT_MEMBRANE]
[GOCC_OLIGOSACCHARYLTRANSFERASE_COMPLEX,GOCC_OLIGOSACCHARYLTRANSFERASE_COMPLEX] was killed by [GOCC_AUTOPHAGOSOME_MEMBRANE,GOCC_AUTOPHAGOSOME_MEMBRANE]
[GOCC_I_BAND,GOCC_I_BAND] was killed by [GOCC_RIBOSOMAL_SUBUNIT,GOCC_RIBOSOMAL_SUBUNIT]
[GOCC_CONDENSIN_COMPLEX,GOCC_CONDENSIN_COMPLEX] was killed by [GOCC_CHROMOSOME_CENTROMERIC_REGION,GOCC_CHROMOSOME_CENTROMERIC_REGION]
[GOCC_CTF18_RFC_LIKE_COMPLEX,GOCC_CTF18_RFC_LIKE_COMPLEX] was killed by [GOCC_REPLICATION_FORK,GOCC_REPLICATION_FORK]
[GOCC_LEWY_BODY,GOCC_LEWY_BODY] was killed by [GOCC_CULLIN_RING_UBIQUITIN_LIGASE_COMPLEX,GOCC_CULLIN_RING_UBIQUITIN_LIGASE_COMPLEX]
[GOCC_LAMELLIPODIUM_MEMBRANE,GOCC_LAMELLIPODIUM_MEMBRANE] was killed by [GOCC_LAMELLIPODIUM,GOCC_LAMELLIPODIUM]
[GOCC_INCLUSION_BODY,GOCC_INCLUSION_BODY] was killed by [GOCC_CHROMOSOME_CENTROMERIC_REGION,GOCC_CHROMOSOME_CENTROMERIC_REGION]
[GOCC_CELL_BODY_MEMBRANE,GOCC_CELL_BODY_MEMBRANE] was killed by [GOCC_INTRINSIC_COMPONENT_OF_SYNAPTIC_MEMBRANE,GOCC_INTRINSIC_COMPONENT_OF_SYNAPTIC_MEMBRANE]
[GOCC_SCAR_COMPLEX,GOCC_SCAR_COMPLEX] was killed by [GOCC_LAMELLIPODIUM,GOCC_LAMELLIPODIUM]
[GOCC_JUXTAPARANODE_REGION_OF_AXON,GOCC_JUXTAPARANODE_REGION_OF_AXON] was killed by [GOCC_INTRINSIC_COMPONENT_OF_SYNAPTIC_MEMBRANE,GOCC_INTRINSIC_COMPONENT_OF_SYNAPTIC_MEMBRANE]
[GOCC_NMDA_SELECTIVE_GLUTAMATE_RECEPTOR_COMPLEX,GOCC_NMDA_SELECTIVE_GLUTAMATE_RECEPTOR_COMPLEX] was killed by [GOCC_INTRINSIC_COMPONENT_OF_SYNAPTIC_MEMBRANE,GOCC_INTRINSIC_COMPONENT_OF_SYNAPTIC_MEMBRANE]
[GOCC_UBIQUITIN_CONJUGATING_ENZYME_COMPLEX,GOCC_UBIQUITIN_CONJUGATING_ENZYME_COMPLEX] was killed by [GOCC_REPLICATION_FORK,GOCC_REPLICATION_FORK]
[GOCC_DYNACTIN_COMPLEX,GOCC_DYNACTIN_COMPLEX] was killed by [GOCC_CHROMOSOME_CENTROMERIC_REGION,GOCC_CHROMOSOME_CENTROMERIC_REGION]
[GOCC_CATALYTIC_STEP_1_SPLICEOSOME,GOCC_CATALYTIC_STEP_1_SPLICEOSOME] was killed by [GOCC_SPLICEOSOMAL_COMPLEX,GOCC_SPLICEOSOMAL_COMPLEX]
[GOCC_CELL_DIVISION_SITE,GOCC_CELL_DIVISION_SITE] was killed by [GOCC_CHROMOSOME_CENTROMERIC_REGION,GOCC_CHROMOSOME_CENTROMERIC_REGION]
