[PID_ATR_PATHWAY,PID_ATR_PATHWAY] was killed by [PID_PLK1_PATHWAY,PID_PLK1_PATHWAY]
[PID_P53_REGULATION_PATHWAY,PID_P53_REGULATION_PATHWAY] was killed by [PID_P73PATHWAY,PID_P73PATHWAY]
[PID_BARD1_PATHWAY,PID_BARD1_PATHWAY] was killed by [PID_ATM_PATHWAY,PID_ATM_PATHWAY]
[PID_MYC_PATHWAY,PID_MYC_PATHWAY] was killed by [PID_MYC_ACTIV_PATHWAY,PID_MYC_ACTIV_PATHWAY]
[PID_FANCONI_PATHWAY,PID_FANCONI_PATHWAY] was killed by [PID_ATM_PATHWAY,PID_ATM_PATHWAY]
[PID_TELOMERASE_PATHWAY,PID_TELOMERASE_PATHWAY] was killed by [PID_MYC_ACTIV_PATHWAY,PID_MYC_ACTIV_PATHWAY]
[PID_BCR_5PATHWAY,PID_BCR_5PATHWAY] was killed by [PID_ERBB4_PATHWAY,PID_ERBB4_PATHWAY]
[PID_GMCSF_PATHWAY,PID_GMCSF_PATHWAY] was killed by [PID_ERBB4_PATHWAY,PID_ERBB4_PATHWAY]
[PID_PDGFRB_PATHWAY,PID_PDGFRB_PATHWAY] was killed by [PID_ERBB4_PATHWAY,PID_ERBB4_PATHWAY]
[PID_PI3KCI_PATHWAY,PID_PI3KCI_PATHWAY] was killed by [PID_ERBB4_PATHWAY,PID_ERBB4_PATHWAY]
[PID_KIT_PATHWAY,PID_KIT_PATHWAY] was killed by [PID_ERBB4_PATHWAY,PID_ERBB4_PATHWAY]
[PID_CD8_TCR_DOWNSTREAM_PATHWAY,PID_CD8_TCR_DOWNSTREAM_PATHWAY] was killed by [PID_MTOR_4PATHWAY,PID_MTOR_4PATHWAY]
[PID_AURORA_B_PATHWAY,PID_AURORA_B_PATHWAY] was killed by [PID_PLK1_PATHWAY,PID_PLK1_PATHWAY]
[PID_MET_PATHWAY,PID_MET_PATHWAY] was killed by [PID_P73PATHWAY,PID_P73PATHWAY]
[PID_EPHB_FWD_PATHWAY,PID_EPHB_FWD_PATHWAY] was killed by [PID_ERBB4_PATHWAY,PID_ERBB4_PATHWAY]
[PID_IL5_PATHWAY,PID_IL5_PATHWAY] was killed by [PID_ERBB4_PATHWAY,PID_ERBB4_PATHWAY]
[PID_AURORA_A_PATHWAY,PID_AURORA_A_PATHWAY] was killed by [PID_PLK1_PATHWAY,PID_PLK1_PATHWAY]
[PID_EPO_PATHWAY,PID_EPO_PATHWAY] was killed by [PID_ERBB4_PATHWAY,PID_ERBB4_PATHWAY]
[PID_IL2_1PATHWAY,PID_IL2_1PATHWAY] was killed by [PID_ERBB4_PATHWAY,PID_ERBB4_PATHWAY]
[PID_IL3_PATHWAY,PID_IL3_PATHWAY] was killed by [PID_ERBB4_PATHWAY,PID_ERBB4_PATHWAY]
[PID_SYNDECAN_2_PATHWAY,PID_SYNDECAN_2_PATHWAY] was killed by [PID_MTOR_4PATHWAY,PID_MTOR_4PATHWAY]
[PID_INSULIN_PATHWAY,PID_INSULIN_PATHWAY] was killed by [PID_ERBB4_PATHWAY,PID_ERBB4_PATHWAY]
[PID_ERBB1_RECEPTOR_PROXIMAL_PATHWAY,PID_ERBB1_RECEPTOR_PROXIMAL_PATHWAY] was killed by [PID_ERBB4_PATHWAY,PID_ERBB4_PATHWAY]
[PID_PDGFRA_PATHWAY,PID_PDGFRA_PATHWAY] was killed by [PID_ERBB4_PATHWAY,PID_ERBB4_PATHWAY]
[PID_E2F_PATHWAY,PID_E2F_PATHWAY] was killed by [PID_MYC_ACTIV_PATHWAY,PID_MYC_ACTIV_PATHWAY]
[PID_DNA_PK_PATHWAY,PID_DNA_PK_PATHWAY] was killed by [PID_ATM_PATHWAY,PID_ATM_PATHWAY]
[PID_IL23_PATHWAY,PID_IL23_PATHWAY] was killed by [PID_ERBB4_PATHWAY,PID_ERBB4_PATHWAY]
[PID_IL6_7_PATHWAY,PID_IL6_7_PATHWAY] was killed by [PID_ERBB4_PATHWAY,PID_ERBB4_PATHWAY]
[PID_IGF1_PATHWAY,PID_IGF1_PATHWAY] was killed by [PID_ERBB4_PATHWAY,PID_ERBB4_PATHWAY]
[PID_TCR_PATHWAY,PID_TCR_PATHWAY] was killed by [PID_MYC_ACTIV_PATHWAY,PID_MYC_ACTIV_PATHWAY]
[PID_LYSOPHOSPHOLIPID_PATHWAY,PID_LYSOPHOSPHOLIPID_PATHWAY] was killed by [PID_MTOR_4PATHWAY,PID_MTOR_4PATHWAY]
[PID_LIS1_PATHWAY,PID_LIS1_PATHWAY] was killed by [PID_MTOR_4PATHWAY,PID_MTOR_4PATHWAY]
