[GO:0036459,thiol-dependent ubiquitinyl hydrolase activity] was killed by [GO:0010506,regulation of autophagy]
[GO:0051726,regulation of cell cycle] was killed by [GO:0010506,regulation of autophagy]
[GO:0006457,protein folding] was killed by [GO:0042470,melanosome]
[GO:0009887,animal organ morphogenesis] was killed by [GO:0010506,regulation of autophagy]
[GO:0004843,thiol-dependent ubiquitin-specific protease activity] was killed by [GO:0010506,regulation of autophagy]
[GO:0004004,ATP-dependent RNA helicase activity] was killed by [GO:0004386,helicase activity]
[GO:0050821,protein stabilization] was killed by [GO:0042470,melanosome]
[GO:0051721,protein phosphatase 2A binding] was killed by [GO:0010506,regulation of autophagy]
[GO:0006396,RNA processing] was killed by [GO:0004386,helicase activity]
[GO:0004519,endonuclease activity] was killed by [GO:0004386,helicase activity]
[GO:0038096,Fc-gamma receptor signaling pathway involved in phagocytosis] was killed by [GO:0030010,establishment of cell polarity]
[GO:0005903,brush border] was killed by [GO:0002102,podosome]
[GO:0008234,cysteine-type peptidase activity] was killed by [GO:0010506,regulation of autophagy]
[GO:0043209,myelin sheath] was killed by [GO:0042470,melanosome]
[GO:0007259,JAK-STAT cascade] was killed by [GO:0030010,establishment of cell polarity]
[GO:0035257,nuclear hormone receptor binding] was killed by [GO:0010506,regulation of autophagy]
[GO:0044183,protein binding involved in protein folding] was killed by [GO:1901998,toxin transport]
[GO:0032869,cellular response to insulin stimulus] was killed by [GO:0043548,phosphatidylinositol 3-kinase binding]
[GO:0033148,positive regulation of intracellular estrogen receptor signaling pathway] was killed by [GO:0004386,helicase activity]
[GO:0005901,caveola] was killed by [GO:0042470,melanosome]
[GO:0007169,transmembrane receptor protein tyrosine kinase signaling pathway] was killed by [GO:0043548,phosphatidylinositol 3-kinase binding]
[GO:0030670,phagocytic vesicle membrane] was killed by [GO:0043548,phosphatidylinositol 3-kinase binding]
[GO:0008631,intrinsic apoptotic signaling pathway in response to oxidative stress] was killed by [GO:0010506,regulation of autophagy]
[GO:0006006,glucose metabolic process] was killed by [GO:0007178,transmembrane receptor protein serine/threonine kinase signaling pathway]
[GO:0001932,regulation of protein phosphorylation] was killed by [GO:0030010,establishment of cell polarity]
[GO:0016328,lateral plasma membrane] was killed by [GO:0030010,establishment of cell polarity]
[GO:0014704,intercalated disc] was killed by [GO:0042470,melanosome]
[GO:0032092,positive regulation of protein binding] was killed by [GO:0010506,regulation of autophagy]
[GO:0038083,peptidyl-tyrosine autophosphorylation] was killed by [GO:0043548,phosphatidylinositol 3-kinase binding]
[GO:0030324,lung development] was killed by [GO:0010506,regulation of autophagy]
