[GOBP_CATECHOL_CONTAINING_COMPOUND_METABOLIC_PROCESS,GOBP_CATECHOL_CONTAINING_COMPOUND_METABOLIC_PROCESS] was killed by [GOMF_SULFOTRANSFERASE_ACTIVITY,GOMF_SULFOTRANSFERASE_ACTIVITY]
[GOBP_ESTABLISHMENT_OF_ENDOTHELIAL_BARRIER,GOBP_ESTABLISHMENT_OF_ENDOTHELIAL_BARRIER] was killed by [GOMF_TUMOR_NECROSIS_FACTOR_RECEPTOR_SUPERFAMILY_BINDING,GOMF_TUMOR_NECROSIS_FACTOR_RECEPTOR_SUPERFAMILY_BINDING]
[HP_CHRONIC_CONSTIPATION,HP_CHRONIC_CONSTIPATION] was killed by [GOMF_CARBON_CARBON_LYASE_ACTIVITY,GOMF_CARBON_CARBON_LYASE_ACTIVITY]
[HP_ABNORMAL_ELASTICITY_OF_SKIN,HP_ABNORMAL_ELASTICITY_OF_SKIN] was killed by [HP_SMOOTH_PHILTRUM,HP_SMOOTH_PHILTRUM]
[GOBP_NEGATIVE_REGULATION_OF_ANION_TRANSMEMBRANE_TRANSPORT,GOBP_NEGATIVE_REGULATION_OF_ANION_TRANSMEMBRANE_TRANSPORT] was killed by [GOBP_INSULIN_RECEPTOR_SIGNALING_PATHWAY,GOBP_INSULIN_RECEPTOR_SIGNALING_PATHWAY]
[GOBP_ENDOTHELIAL_CELL_DEVELOPMENT,GOBP_ENDOTHELIAL_CELL_DEVELOPMENT] was killed by [GOMF_TUMOR_NECROSIS_FACTOR_RECEPTOR_SUPERFAMILY_BINDING,GOMF_TUMOR_NECROSIS_FACTOR_RECEPTOR_SUPERFAMILY_BINDING]
[GOBP_IMPORT_ACROSS_PLASMA_MEMBRANE,GOBP_IMPORT_ACROSS_PLASMA_MEMBRANE] was killed by [GOBP_INSULIN_RECEPTOR_SIGNALING_PATHWAY,GOBP_INSULIN_RECEPTOR_SIGNALING_PATHWAY]
[GOBP_REGULATORY_T_CELL_DIFFERENTIATION,GOBP_REGULATORY_T_CELL_DIFFERENTIATION] was killed by [GOBP_INSULIN_RECEPTOR_SIGNALING_PATHWAY,GOBP_INSULIN_RECEPTOR_SIGNALING_PATHWAY]
[GOBP_COPII_COATED_VESICLE_CARGO_LOADING,GOBP_COPII_COATED_VESICLE_CARGO_LOADING] was killed by [GOBP_VESICLE_CARGO_LOADING,GOBP_VESICLE_CARGO_LOADING]
[HP_ABNORMALITY_OF_SKULL_OSSIFICATION,HP_ABNORMALITY_OF_SKULL_OSSIFICATION] was killed by [GOBP_AMINOGLYCAN_CATABOLIC_PROCESS,GOBP_AMINOGLYCAN_CATABOLIC_PROCESS]
[GOBP_REGULATION_OF_NERVOUS_SYSTEM_PROCESS,GOBP_REGULATION_OF_NERVOUS_SYSTEM_PROCESS] was killed by [GOBP_REGULATION_OF_MYELINATION,GOBP_REGULATION_OF_MYELINATION]
[GOBP_GLUTAMATE_RECEPTOR_SIGNALING_PATHWAY,GOBP_GLUTAMATE_RECEPTOR_SIGNALING_PATHWAY] was killed by [GOMF_SULFOTRANSFERASE_ACTIVITY,GOMF_SULFOTRANSFERASE_ACTIVITY]
[GOBP_PROTEOGLYCAN_BIOSYNTHETIC_PROCESS,GOBP_PROTEOGLYCAN_BIOSYNTHETIC_PROCESS] was killed by [GOMF_SULFOTRANSFERASE_ACTIVITY,GOMF_SULFOTRANSFERASE_ACTIVITY]
[GOBP_PERIPHERAL_NERVOUS_SYSTEM_DEVELOPMENT,GOBP_PERIPHERAL_NERVOUS_SYSTEM_DEVELOPMENT] was killed by [GOBP_INSULIN_RECEPTOR_SIGNALING_PATHWAY,GOBP_INSULIN_RECEPTOR_SIGNALING_PATHWAY]
[GOMF_SNAP_RECEPTOR_ACTIVITY,GOMF_SNAP_RECEPTOR_ACTIVITY] was killed by [GOCC_SNARE_COMPLEX,GOCC_SNARE_COMPLEX]
[GOBP_REGULATION_OF_MONONUCLEAR_CELL_MIGRATION,GOBP_REGULATION_OF_MONONUCLEAR_CELL_MIGRATION] was killed by [GOMF_TUMOR_NECROSIS_FACTOR_RECEPTOR_SUPERFAMILY_BINDING,GOMF_TUMOR_NECROSIS_FACTOR_RECEPTOR_SUPERFAMILY_BINDING]
[GOBP_NEGATIVE_REGULATION_OF_PROTEIN_LOCALIZATION_TO_NUCLEUS,GOBP_NEGATIVE_REGULATION_OF_PROTEIN_LOCALIZATION_TO_NUCLEUS] was killed by [HP_SMOOTH_PHILTRUM,HP_SMOOTH_PHILTRUM]
[GOCC_ER_TO_GOLGI_TRANSPORT_VESICLE_MEMBRANE,GOCC_ER_TO_GOLGI_TRANSPORT_VESICLE_MEMBRANE] was killed by [GOBP_VESICLE_CARGO_LOADING,GOBP_VESICLE_CARGO_LOADING]
[GOBP_POSITIVE_REGULATION_OF_GLUCOSE_IMPORT,GOBP_POSITIVE_REGULATION_OF_GLUCOSE_IMPORT] was killed by [GOBP_INSULIN_RECEPTOR_SIGNALING_PATHWAY,GOBP_INSULIN_RECEPTOR_SIGNALING_PATHWAY]
[HP_ABNORMALLY_LAX_OR_HYPEREXTENSIBLE_SKIN,HP_ABNORMALLY_LAX_OR_HYPEREXTENSIBLE_SKIN] was killed by [HP_SMOOTH_PHILTRUM,HP_SMOOTH_PHILTRUM]
[GOBP_REGULATION_OF_PROTEIN_SUMOYLATION,GOBP_REGULATION_OF_PROTEIN_SUMOYLATION] was killed by [HP_SMOOTH_PHILTRUM,HP_SMOOTH_PHILTRUM]
[GOBP_ENDOTHELIAL_CELL_PROLIFERATION,GOBP_ENDOTHELIAL_CELL_PROLIFERATION] was killed by [GOBP_REGULATION_OF_MYELINATION,GOBP_REGULATION_OF_MYELINATION]
[GOBP_NEGATIVE_REGULATION_OF_TRANSMEMBRANE_TRANSPORT,GOBP_NEGATIVE_REGULATION_OF_TRANSMEMBRANE_TRANSPORT] was killed by [GOBP_INSULIN_RECEPTOR_SIGNALING_PATHWAY,GOBP_INSULIN_RECEPTOR_SIGNALING_PATHWAY]
[GOCC_FICOLIN_1_RICH_GRANULE_LUMEN,GOCC_FICOLIN_1_RICH_GRANULE_LUMEN] was killed by [GOBP_AMINOGLYCAN_CATABOLIC_PROCESS,GOBP_AMINOGLYCAN_CATABOLIC_PROCESS]
[HP_STAGE_5_CHRONIC_KIDNEY_DISEASE,HP_STAGE_5_CHRONIC_KIDNEY_DISEASE] was killed by [GOBP_INSULIN_RECEPTOR_SIGNALING_PATHWAY,GOBP_INSULIN_RECEPTOR_SIGNALING_PATHWAY]
[HP_TRIANGULAR_SHAPED_PHALANGES_OF_THE_HAND,HP_TRIANGULAR_SHAPED_PHALANGES_OF_THE_HAND] was killed by [HP_SMOOTH_PHILTRUM,HP_SMOOTH_PHILTRUM]
[GOMF_PHOSPHOPROTEIN_BINDING,GOMF_PHOSPHOPROTEIN_BINDING] was killed by [GOBP_INSULIN_RECEPTOR_SIGNALING_PATHWAY,GOBP_INSULIN_RECEPTOR_SIGNALING_PATHWAY]
[HP_BROAD_LONG_BONES,HP_BROAD_LONG_BONES] was killed by [HP_SMOOTH_PHILTRUM,HP_SMOOTH_PHILTRUM]
[GOBP_CARDIAC_CONDUCTION,GOBP_CARDIAC_CONDUCTION] was killed by [GOBP_CELL_COMMUNICATION_INVOLVED_IN_CARDIAC_CONDUCTION,GOBP_CELL_COMMUNICATION_INVOLVED_IN_CARDIAC_CONDUCTION]
[HP_ABNORMALITY_OF_THE_HALLUX,HP_ABNORMALITY_OF_THE_HALLUX] was killed by [GOBP_REGULATION_OF_MYELINATION,GOBP_REGULATION_OF_MYELINATION]
[HP_ABNORMAL_AORTIC_ARCH_MORPHOLOGY,HP_ABNORMAL_AORTIC_ARCH_MORPHOLOGY] was killed by [HP_SMOOTH_PHILTRUM,HP_SMOOTH_PHILTRUM]
[GOBP_CELLULAR_COMPONENT_DISASSEMBLY_INVOLVED_IN_EXECUTION_PHASE_OF_APOPTOSIS,GOBP_CELLULAR_COMPONENT_DISASSEMBLY_INVOLVED_IN_EXECUTION_PHASE_OF_APOPTOSIS] was killed by [GOBP_NLS_BEARING_PROTEIN_IMPORT_INTO_NUCLEUS,GOBP_NLS_BEARING_PROTEIN_IMPORT_INTO_NUCLEUS]
[GOBP_NEGATIVE_REGULATION_OF_NEURON_APOPTOTIC_PROCESS,GOBP_NEGATIVE_REGULATION_OF_NEURON_APOPTOTIC_PROCESS] was killed by [GOBP_REGULATION_OF_ANOIKIS,GOBP_REGULATION_OF_ANOIKIS]
[GOMF_ISOMERASE_ACTIVITY,GOMF_ISOMERASE_ACTIVITY] was killed by [GOBP_TRNA_METABOLIC_PROCESS,GOBP_TRNA_METABOLIC_PROCESS]
[HP_ABNORMAL_ATRIOVENTRICULAR_VALVE_PHYSIOLOGY,HP_ABNORMAL_ATRIOVENTRICULAR_VALVE_PHYSIOLOGY] was killed by [HP_SMOOTH_PHILTRUM,HP_SMOOTH_PHILTRUM]
[HP_SEPSIS,HP_SEPSIS] was killed by [HP_AUTOIMMUNE_HEMOLYTIC_ANEMIA,HP_AUTOIMMUNE_HEMOLYTIC_ANEMIA]
[GOBP_SCHWANN_CELL_DIFFERENTIATION,GOBP_SCHWANN_CELL_DIFFERENTIATION] was killed by [GOBP_INSULIN_RECEPTOR_SIGNALING_PATHWAY,GOBP_INSULIN_RECEPTOR_SIGNALING_PATHWAY]
[HP_EXPRESSIVE_LANGUAGE_DELAY,HP_EXPRESSIVE_LANGUAGE_DELAY] was killed by [HP_SMOOTH_PHILTRUM,HP_SMOOTH_PHILTRUM]
[GOBP_POSITIVE_REGULATION_OF_GLUCOSE_TRANSMEMBRANE_TRANSPORT,GOBP_POSITIVE_REGULATION_OF_GLUCOSE_TRANSMEMBRANE_TRANSPORT] was killed by [GOBP_INSULIN_RECEPTOR_SIGNALING_PATHWAY,GOBP_INSULIN_RECEPTOR_SIGNALING_PATHWAY]
[GOBP_PHENOL_CONTAINING_COMPOUND_METABOLIC_PROCESS,GOBP_PHENOL_CONTAINING_COMPOUND_METABOLIC_PROCESS] was killed by [GOMF_SULFOTRANSFERASE_ACTIVITY,GOMF_SULFOTRANSFERASE_ACTIVITY]
[GOBP_NADP_METABOLIC_PROCESS,GOBP_NADP_METABOLIC_PROCESS] was killed by [GOBP_NADH_METABOLIC_PROCESS,GOBP_NADH_METABOLIC_PROCESS]
[GOMF_CIS_TRANS_ISOMERASE_ACTIVITY,GOMF_CIS_TRANS_ISOMERASE_ACTIVITY] was killed by [GOMF_CYCLOSPORIN_A_BINDING,GOMF_CYCLOSPORIN_A_BINDING]
[HP_APLASTIC_HYPOPLASTIC_TOENAIL,HP_APLASTIC_HYPOPLASTIC_TOENAIL] was killed by [HP_SMOOTH_PHILTRUM,HP_SMOOTH_PHILTRUM]
[GOBP_PROTEIN_PEPTIDYL_PROLYL_ISOMERIZATION,GOBP_PROTEIN_PEPTIDYL_PROLYL_ISOMERIZATION] was killed by [GOMF_CYCLOSPORIN_A_BINDING,GOMF_CYCLOSPORIN_A_BINDING]
[HP_ABNORMAL_LYMPHOCYTE_MORPHOLOGY,HP_ABNORMAL_LYMPHOCYTE_MORPHOLOGY] was killed by [GOBP_REGULATION_OF_MYELINATION,GOBP_REGULATION_OF_MYELINATION]
[GOBP_SISTER_CHROMATID_COHESION,GOBP_SISTER_CHROMATID_COHESION] was killed by [HP_SMOOTH_PHILTRUM,HP_SMOOTH_PHILTRUM]
[HP_LONG_TOE,HP_LONG_TOE] was killed by [HP_SMOOTH_PHILTRUM,HP_SMOOTH_PHILTRUM]
[GOBP_ENSHEATHMENT_OF_NEURONS,GOBP_ENSHEATHMENT_OF_NEURONS] was killed by [GOBP_REGULATION_OF_MYELINATION,GOBP_REGULATION_OF_MYELINATION]
[GOMF_SNARE_BINDING,GOMF_SNARE_BINDING] was killed by [GOBP_VESICLE_CARGO_LOADING,GOBP_VESICLE_CARGO_LOADING]
[GOCC_HOST_CELLULAR_COMPONENT,GOCC_HOST_CELLULAR_COMPONENT] was killed by [GOMF_STRUCTURAL_CONSTITUENT_OF_NUCLEAR_PORE,GOMF_STRUCTURAL_CONSTITUENT_OF_NUCLEAR_PORE]
[GOBP_ORGANELLE_MEMBRANE_FUSION,GOBP_ORGANELLE_MEMBRANE_FUSION] was killed by [GOCC_SNARE_COMPLEX,GOCC_SNARE_COMPLEX]
[GOBP_TRNA_PROCESSING,GOBP_TRNA_PROCESSING] was killed by [GOBP_TRNA_METABOLIC_PROCESS,GOBP_TRNA_METABOLIC_PROCESS]
[GOBP_POSITIVE_REGULATION_OF_CELLULAR_AMIDE_METABOLIC_PROCESS,GOBP_POSITIVE_REGULATION_OF_CELLULAR_AMIDE_METABOLIC_PROCESS] was killed by [GOBP_INSULIN_RECEPTOR_SIGNALING_PATHWAY,GOBP_INSULIN_RECEPTOR_SIGNALING_PATHWAY]
[HP_FINGER_SYNDACTYLY,HP_FINGER_SYNDACTYLY] was killed by [GOBP_REGULATION_OF_MYELINATION,GOBP_REGULATION_OF_MYELINATION]
[GOBP_POSITIVE_REGULATION_OF_PRODUCTION_OF_MOLECULAR_MEDIATOR_OF_IMMUNE_RESPONSE,GOBP_POSITIVE_REGULATION_OF_PRODUCTION_OF_MOLECULAR_MEDIATOR_OF_IMMUNE_RESPONSE] was killed by [GOMF_TUMOR_NECROSIS_FACTOR_RECEPTOR_SUPERFAMILY_BINDING,GOMF_TUMOR_NECROSIS_FACTOR_RECEPTOR_SUPERFAMILY_BINDING]
[GOBP_ANOIKIS,GOBP_ANOIKIS] was killed by [GOBP_INSULIN_RECEPTOR_SIGNALING_PATHWAY,GOBP_INSULIN_RECEPTOR_SIGNALING_PATHWAY]
[GOBP_ENERGY_RESERVE_METABOLIC_PROCESS,GOBP_ENERGY_RESERVE_METABOLIC_PROCESS] was killed by [GOBP_INSULIN_RECEPTOR_SIGNALING_PATHWAY,GOBP_INSULIN_RECEPTOR_SIGNALING_PATHWAY]
[GOMF_TUMOR_NECROSIS_FACTOR_RECEPTOR_BINDING,GOMF_TUMOR_NECROSIS_FACTOR_RECEPTOR_BINDING] was killed by [GOMF_TUMOR_NECROSIS_FACTOR_RECEPTOR_SUPERFAMILY_BINDING,GOMF_TUMOR_NECROSIS_FACTOR_RECEPTOR_SUPERFAMILY_BINDING]
[HP_ABNORMAL_MITRAL_VALVE_PHYSIOLOGY,HP_ABNORMAL_MITRAL_VALVE_PHYSIOLOGY] was killed by [HP_SMOOTH_PHILTRUM,HP_SMOOTH_PHILTRUM]
[GOBP_REGULATION_OF_CELL_SUBSTRATE_JUNCTION_ORGANIZATION,GOBP_REGULATION_OF_CELL_SUBSTRATE_JUNCTION_ORGANIZATION] was killed by [GOBP_INSULIN_RECEPTOR_SIGNALING_PATHWAY,GOBP_INSULIN_RECEPTOR_SIGNALING_PATHWAY]
[HP_HYPOPARATHYROIDISM,HP_HYPOPARATHYROIDISM] was killed by [GOBP_VESICLE_CARGO_LOADING,GOBP_VESICLE_CARGO_LOADING]
[HP_MENINGITIS,HP_MENINGITIS] was killed by [HP_AUTOIMMUNE_HEMOLYTIC_ANEMIA,HP_AUTOIMMUNE_HEMOLYTIC_ANEMIA]
[GOBP_LONG_TERM_SYNAPTIC_POTENTIATION,GOBP_LONG_TERM_SYNAPTIC_POTENTIATION] was killed by [GOCC_SNARE_COMPLEX,GOCC_SNARE_COMPLEX]
[GOCC_ENDOPLASMIC_RETICULUM_EXIT_SITE,GOCC_ENDOPLASMIC_RETICULUM_EXIT_SITE] was killed by [GOBP_VESICLE_CARGO_LOADING,GOBP_VESICLE_CARGO_LOADING]
[GOBP_REGULATION_OF_CARDIAC_CONDUCTION,GOBP_REGULATION_OF_CARDIAC_CONDUCTION] was killed by [GOBP_CELL_COMMUNICATION_INVOLVED_IN_CARDIAC_CONDUCTION,GOBP_CELL_COMMUNICATION_INVOLVED_IN_CARDIAC_CONDUCTION]
[GOCC_NEURON_PROJECTION_CYTOPLASM,GOCC_NEURON_PROJECTION_CYTOPLASM] was killed by [HP_SMOOTH_PHILTRUM,HP_SMOOTH_PHILTRUM]
[HP_CORTICAL_DYSPLASIA,HP_CORTICAL_DYSPLASIA] was killed by [HP_SMOOTH_PHILTRUM,HP_SMOOTH_PHILTRUM]
[HP_ASPIRATION_PNEUMONIA,HP_ASPIRATION_PNEUMONIA] was killed by [HP_SMOOTH_PHILTRUM,HP_SMOOTH_PHILTRUM]
[GOMF_INTRAMOLECULAR_TRANSFERASE_ACTIVITY,GOMF_INTRAMOLECULAR_TRANSFERASE_ACTIVITY] was killed by [GOBP_TRNA_METABOLIC_PROCESS,GOBP_TRNA_METABOLIC_PROCESS]
[HP_METABOLIC_ACIDOSIS,HP_METABOLIC_ACIDOSIS] was killed by [GOMF_CARBON_CARBON_LYASE_ACTIVITY,GOMF_CARBON_CARBON_LYASE_ACTIVITY]
[HP_DECREASED_SKULL_OSSIFICATION,HP_DECREASED_SKULL_OSSIFICATION] was killed by [GOMF_CYCLOSPORIN_A_BINDING,GOMF_CYCLOSPORIN_A_BINDING]
[HP_ABNORMAL_PARANASAL_SINUS_MORPHOLOGY,HP_ABNORMAL_PARANASAL_SINUS_MORPHOLOGY] was killed by [GOBP_CELL_COMMUNICATION_INVOLVED_IN_CARDIAC_CONDUCTION,GOBP_CELL_COMMUNICATION_INVOLVED_IN_CARDIAC_CONDUCTION]
[HP_ABNORMALITY_OF_THE_PHALANGES_OF_THE_TOES,HP_ABNORMALITY_OF_THE_PHALANGES_OF_THE_TOES] was killed by [HP_SMOOTH_PHILTRUM,HP_SMOOTH_PHILTRUM]
[HP_LARGE_BASAL_GANGLIA,HP_LARGE_BASAL_GANGLIA] was killed by [HP_SMOOTH_PHILTRUM,HP_SMOOTH_PHILTRUM]
[GOMF_RIBONUCLEOPROTEIN_COMPLEX_BINDING,GOMF_RIBONUCLEOPROTEIN_COMPLEX_BINDING] was killed by [GOBP_REGULATION_OF_STEM_CELL_PROLIFERATION,GOBP_REGULATION_OF_STEM_CELL_PROLIFERATION]
[GOMF_DRUG_BINDING,GOMF_DRUG_BINDING] was killed by [GOMF_CYCLOSPORIN_A_BINDING,GOMF_CYCLOSPORIN_A_BINDING]
[GOBP_RESPONSE_TO_ANTIBIOTIC,GOBP_RESPONSE_TO_ANTIBIOTIC] was killed by [GOBP_AMINOGLYCAN_CATABOLIC_PROCESS,GOBP_AMINOGLYCAN_CATABOLIC_PROCESS]
[HP_ABNORMAL_URINE_CARBOXYLIC_ACID_LEVEL,HP_ABNORMAL_URINE_CARBOXYLIC_ACID_LEVEL] was killed by [GOMF_CARBON_CARBON_LYASE_ACTIVITY,GOMF_CARBON_CARBON_LYASE_ACTIVITY]
[HP_ENLARGED_CISTERNA_MAGNA,HP_ENLARGED_CISTERNA_MAGNA] was killed by [HP_SMOOTH_PHILTRUM,HP_SMOOTH_PHILTRUM]
[GOBP_SULFUR_COMPOUND_BIOSYNTHETIC_PROCESS,GOBP_SULFUR_COMPOUND_BIOSYNTHETIC_PROCESS] was killed by [GOMF_SULFOTRANSFERASE_ACTIVITY,GOMF_SULFOTRANSFERASE_ACTIVITY]
[GOBP_SMOOTH_MUSCLE_CELL_MIGRATION,GOBP_SMOOTH_MUSCLE_CELL_MIGRATION] was killed by [GOBP_INSULIN_RECEPTOR_SIGNALING_PATHWAY,GOBP_INSULIN_RECEPTOR_SIGNALING_PATHWAY]
[GOBP_PROTEOGLYCAN_METABOLIC_PROCESS,GOBP_PROTEOGLYCAN_METABOLIC_PROCESS] was killed by [GOMF_SULFOTRANSFERASE_ACTIVITY,GOMF_SULFOTRANSFERASE_ACTIVITY]
[HP_ABNORMAL_ADIPOSE_TISSUE_MORPHOLOGY,HP_ABNORMAL_ADIPOSE_TISSUE_MORPHOLOGY] was killed by [GOBP_INSULIN_RECEPTOR_SIGNALING_PATHWAY,GOBP_INSULIN_RECEPTOR_SIGNALING_PATHWAY]
[GOBP_AMINOGLYCAN_BIOSYNTHETIC_PROCESS,GOBP_AMINOGLYCAN_BIOSYNTHETIC_PROCESS] was killed by [GOMF_SULFOTRANSFERASE_ACTIVITY,GOMF_SULFOTRANSFERASE_ACTIVITY]
[HP_CEREBRAL_PALSY,HP_CEREBRAL_PALSY] was killed by [HP_AUTOIMMUNE_HEMOLYTIC_ANEMIA,HP_AUTOIMMUNE_HEMOLYTIC_ANEMIA]
[HP_CAVUM_SEPTUM_PELLUCIDUM,HP_CAVUM_SEPTUM_PELLUCIDUM] was killed by [HP_SMOOTH_PHILTRUM,HP_SMOOTH_PHILTRUM]
[GOBP_REGULATION_OF_GLUCAN_BIOSYNTHETIC_PROCESS,GOBP_REGULATION_OF_GLUCAN_BIOSYNTHETIC_PROCESS] was killed by [GOBP_INSULIN_RECEPTOR_SIGNALING_PATHWAY,GOBP_INSULIN_RECEPTOR_SIGNALING_PATHWAY]
[GOBP_METAL_ION_EXPORT,GOBP_METAL_ION_EXPORT] was killed by [GOBP_CELL_COMMUNICATION_INVOLVED_IN_CARDIAC_CONDUCTION,GOBP_CELL_COMMUNICATION_INVOLVED_IN_CARDIAC_CONDUCTION]
[GOMF_TRNA_METHYLTRANSFERASE_ACTIVITY,GOMF_TRNA_METHYLTRANSFERASE_ACTIVITY] was killed by [GOBP_TRNA_METABOLIC_PROCESS,GOBP_TRNA_METABOLIC_PROCESS]
[HP_ASTHMA,HP_ASTHMA] was killed by [GOMF_TUMOR_NECROSIS_FACTOR_RECEPTOR_SUPERFAMILY_BINDING,GOMF_TUMOR_NECROSIS_FACTOR_RECEPTOR_SUPERFAMILY_BINDING]
[GOBP_RENAL_SYSTEM_PROCESS,GOBP_RENAL_SYSTEM_PROCESS] was killed by [GOBP_INSULIN_RECEPTOR_SIGNALING_PATHWAY,GOBP_INSULIN_RECEPTOR_SIGNALING_PATHWAY]
[GOBP_REGULATION_OF_CARBOHYDRATE_BIOSYNTHETIC_PROCESS,GOBP_REGULATION_OF_CARBOHYDRATE_BIOSYNTHETIC_PROCESS] was killed by [GOBP_INSULIN_RECEPTOR_SIGNALING_PATHWAY,GOBP_INSULIN_RECEPTOR_SIGNALING_PATHWAY]
[HP_DUODENAL_ATRESIA,HP_DUODENAL_ATRESIA] was killed by [HP_SMOOTH_PHILTRUM,HP_SMOOTH_PHILTRUM]
[HP_ABNORMALITY_OF_THE_THYMUS,HP_ABNORMALITY_OF_THE_THYMUS] was killed by [GOBP_REGULATION_OF_MYELINATION,GOBP_REGULATION_OF_MYELINATION]
[GOMF_TRNA_CYTOSINE_METHYLTRANSFERASE_ACTIVITY,GOMF_TRNA_CYTOSINE_METHYLTRANSFERASE_ACTIVITY] was killed by [GOBP_TRNA_METABOLIC_PROCESS,GOBP_TRNA_METABOLIC_PROCESS]
[GOBP_PIGMENT_METABOLIC_PROCESS,GOBP_PIGMENT_METABOLIC_PROCESS] was killed by [GOMF_CARBON_CARBON_LYASE_ACTIVITY,GOMF_CARBON_CARBON_LYASE_ACTIVITY]
[GOBP_CELLULAR_CARBOHYDRATE_CATABOLIC_PROCESS,GOBP_CELLULAR_CARBOHYDRATE_CATABOLIC_PROCESS] was killed by [GOBP_CELL_COMMUNICATION_INVOLVED_IN_CARDIAC_CONDUCTION,GOBP_CELL_COMMUNICATION_INVOLVED_IN_CARDIAC_CONDUCTION]
[GOBP_MUSCLE_CELL_MIGRATION,GOBP_MUSCLE_CELL_MIGRATION] was killed by [GOBP_INSULIN_RECEPTOR_SIGNALING_PATHWAY,GOBP_INSULIN_RECEPTOR_SIGNALING_PATHWAY]
[GOBP_CELLULAR_GLUCAN_METABOLIC_PROCESS,GOBP_CELLULAR_GLUCAN_METABOLIC_PROCESS] was killed by [GOBP_INSULIN_RECEPTOR_SIGNALING_PATHWAY,GOBP_INSULIN_RECEPTOR_SIGNALING_PATHWAY]
[GOBP_POSITIVE_REGULATION_OF_CHEMOKINE_PRODUCTION,GOBP_POSITIVE_REGULATION_OF_CHEMOKINE_PRODUCTION] was killed by [GOMF_TUMOR_NECROSIS_FACTOR_RECEPTOR_SUPERFAMILY_BINDING,GOMF_TUMOR_NECROSIS_FACTOR_RECEPTOR_SUPERFAMILY_BINDING]
[HP_PREMATURE_SKIN_WRINKLING,HP_PREMATURE_SKIN_WRINKLING] was killed by [HP_SMOOTH_PHILTRUM,HP_SMOOTH_PHILTRUM]
[GOBP_INTRA_GOLGI_VESICLE_MEDIATED_TRANSPORT,GOBP_INTRA_GOLGI_VESICLE_MEDIATED_TRANSPORT] was killed by [GOCC_SNARE_COMPLEX,GOCC_SNARE_COMPLEX]
[HP_ABNORMALITY_OF_T_CELL_PHYSIOLOGY,HP_ABNORMALITY_OF_T_CELL_PHYSIOLOGY] was killed by [HP_AUTOIMMUNE_HEMOLYTIC_ANEMIA,HP_AUTOIMMUNE_HEMOLYTIC_ANEMIA]
[GOBP_VESICLE_DOCKING,GOBP_VESICLE_DOCKING] was killed by [GOCC_SNARE_COMPLEX,GOCC_SNARE_COMPLEX]
[GOBP_VESICLE_MEDIATED_TRANSPORT_BETWEEN_ENDOSOMAL_COMPARTMENTS,GOBP_VESICLE_MEDIATED_TRANSPORT_BETWEEN_ENDOSOMAL_COMPARTMENTS] was killed by [GOBP_CELL_COMMUNICATION_INVOLVED_IN_CARDIAC_CONDUCTION,GOBP_CELL_COMMUNICATION_INVOLVED_IN_CARDIAC_CONDUCTION]
[GOBP_POSITIVE_REGULATION_OF_REACTIVE_OXYGEN_SPECIES_BIOSYNTHETIC_PROCESS,GOBP_POSITIVE_REGULATION_OF_REACTIVE_OXYGEN_SPECIES_BIOSYNTHETIC_PROCESS] was killed by [GOBP_INSULIN_RECEPTOR_SIGNALING_PATHWAY,GOBP_INSULIN_RECEPTOR_SIGNALING_PATHWAY]
[HP_LACTIC_ACIDOSIS,HP_LACTIC_ACIDOSIS] was killed by [GOBP_TRNA_METABOLIC_PROCESS,GOBP_TRNA_METABOLIC_PROCESS]
[HP_ANGIOFIBROMAS,HP_ANGIOFIBROMAS] was killed by [GOBP_INSULIN_RECEPTOR_SIGNALING_PATHWAY,GOBP_INSULIN_RECEPTOR_SIGNALING_PATHWAY]
[HP_B_LYMPHOCYTOPENIA,HP_B_LYMPHOCYTOPENIA] was killed by [HP_AUTOIMMUNE_HEMOLYTIC_ANEMIA,HP_AUTOIMMUNE_HEMOLYTIC_ANEMIA]
[GOBP_REGULATION_OF_POLYSACCHARIDE_BIOSYNTHETIC_PROCESS,GOBP_REGULATION_OF_POLYSACCHARIDE_BIOSYNTHETIC_PROCESS] was killed by [GOBP_INSULIN_RECEPTOR_SIGNALING_PATHWAY,GOBP_INSULIN_RECEPTOR_SIGNALING_PATHWAY]
[GOBP_POSITIVE_REGULATION_OF_TRANSLATION,GOBP_POSITIVE_REGULATION_OF_TRANSLATION] was killed by [GOMF_STRUCTURAL_CONSTITUENT_OF_NUCLEAR_PORE,GOMF_STRUCTURAL_CONSTITUENT_OF_NUCLEAR_PORE]
[HP_CHRONIC_PULMONARY_OBSTRUCTION,HP_CHRONIC_PULMONARY_OBSTRUCTION] was killed by [GOBP_VESICLE_CARGO_LOADING,GOBP_VESICLE_CARGO_LOADING]
[GOBP_REGULATION_OF_NUCLEOTIDE_BINDING_OLIGOMERIZATION_DOMAIN_CONTAINING_SIGNALING_PATHWAY,GOBP_REGULATION_OF_NUCLEOTIDE_BINDING_OLIGOMERIZATION_DOMAIN_CONTAINING_SIGNALING_PATHWAY] was killed by [GOBP_CHAPERONE_MEDIATED_PROTEIN_COMPLEX_ASSEMBLY,GOBP_CHAPERONE_MEDIATED_PROTEIN_COMPLEX_ASSEMBLY]
[GOCC_EXON_EXON_JUNCTION_COMPLEX,GOCC_EXON_EXON_JUNCTION_COMPLEX] was killed by [GOMF_STRUCTURAL_CONSTITUENT_OF_NUCLEAR_PORE,GOMF_STRUCTURAL_CONSTITUENT_OF_NUCLEAR_PORE]
[GOBP_NADPH_REGENERATION,GOBP_NADPH_REGENERATION] was killed by [GOMF_CARBON_CARBON_LYASE_ACTIVITY,GOMF_CARBON_CARBON_LYASE_ACTIVITY]
[GOCC_SMOOTH_ENDOPLASMIC_RETICULUM,GOCC_SMOOTH_ENDOPLASMIC_RETICULUM] was killed by [GOCC_SNARE_COMPLEX,GOCC_SNARE_COMPLEX]
[HP_SPINAL_CORD_LESION,HP_SPINAL_CORD_LESION] was killed by [HP_SMOOTH_PHILTRUM,HP_SMOOTH_PHILTRUM]
[GOBP_RESPONSE_TO_ESTRADIOL,GOBP_RESPONSE_TO_ESTRADIOL] was killed by [GOMF_TUMOR_NECROSIS_FACTOR_RECEPTOR_SUPERFAMILY_BINDING,GOMF_TUMOR_NECROSIS_FACTOR_RECEPTOR_SUPERFAMILY_BINDING]
[GOBP_REGULATION_OF_FATTY_ACID_TRANSPORT,GOBP_REGULATION_OF_FATTY_ACID_TRANSPORT] was killed by [GOBP_INSULIN_RECEPTOR_SIGNALING_PATHWAY,GOBP_INSULIN_RECEPTOR_SIGNALING_PATHWAY]
[HP_INCREASED_SERUM_PYRUVATE,HP_INCREASED_SERUM_PYRUVATE] was killed by [GOBP_CHAPERONE_MEDIATED_PROTEIN_COMPLEX_ASSEMBLY,GOBP_CHAPERONE_MEDIATED_PROTEIN_COMPLEX_ASSEMBLY]
[HP_AUTOIMMUNE_THROMBOCYTOPENIA,HP_AUTOIMMUNE_THROMBOCYTOPENIA] was killed by [HP_AUTOIMMUNE_HEMOLYTIC_ANEMIA,HP_AUTOIMMUNE_HEMOLYTIC_ANEMIA]
[GOMF_TAU_PROTEIN_KINASE_ACTIVITY,GOMF_TAU_PROTEIN_KINASE_ACTIVITY] was killed by [GOBP_INSULIN_RECEPTOR_SIGNALING_PATHWAY,GOBP_INSULIN_RECEPTOR_SIGNALING_PATHWAY]
[GOBP_NEGATIVE_REGULATION_OF_ESTABLISHMENT_OF_PROTEIN_LOCALIZATION,GOBP_NEGATIVE_REGULATION_OF_ESTABLISHMENT_OF_PROTEIN_LOCALIZATION] was killed by [GOBP_INSULIN_RECEPTOR_SIGNALING_PATHWAY,GOBP_INSULIN_RECEPTOR_SIGNALING_PATHWAY]
[GOBP_FEEDING_BEHAVIOR,GOBP_FEEDING_BEHAVIOR] was killed by [GOBP_CHAPERONE_MEDIATED_PROTEIN_COMPLEX_ASSEMBLY,GOBP_CHAPERONE_MEDIATED_PROTEIN_COMPLEX_ASSEMBLY]
[GOMF_O_METHYLTRANSFERASE_ACTIVITY,GOMF_O_METHYLTRANSFERASE_ACTIVITY] was killed by [GOBP_TRNA_METABOLIC_PROCESS,GOBP_TRNA_METABOLIC_PROCESS]
[HP_NASOGASTRIC_TUBE_FEEDING,HP_NASOGASTRIC_TUBE_FEEDING] was killed by [GOBP_TRNA_METABOLIC_PROCESS,GOBP_TRNA_METABOLIC_PROCESS]
[GOMF_MONOSACCHARIDE_BINDING,GOMF_MONOSACCHARIDE_BINDING] was killed by [GOBP_NADH_METABOLIC_PROCESS,GOBP_NADH_METABOLIC_PROCESS]
[GOMF_LYASE_ACTIVITY,GOMF_LYASE_ACTIVITY] was killed by [GOMF_CARBON_CARBON_LYASE_ACTIVITY,GOMF_CARBON_CARBON_LYASE_ACTIVITY]
[HP_COLITIS,HP_COLITIS] was killed by [HP_AUTOIMMUNE_HEMOLYTIC_ANEMIA,HP_AUTOIMMUNE_HEMOLYTIC_ANEMIA]
[GOBP_TRNA_MODIFICATION,GOBP_TRNA_MODIFICATION] was killed by [GOBP_TRNA_METABOLIC_PROCESS,GOBP_TRNA_METABOLIC_PROCESS]
[HP_ABNORMALITY_OF_THE_PHARYNX,HP_ABNORMALITY_OF_THE_PHARYNX] was killed by [GOBP_AMINOGLYCAN_CATABOLIC_PROCESS,GOBP_AMINOGLYCAN_CATABOLIC_PROCESS]
[GOMF_PHOSPHOTYROSINE_RESIDUE_BINDING,GOMF_PHOSPHOTYROSINE_RESIDUE_BINDING] was killed by [GOBP_INSULIN_RECEPTOR_SIGNALING_PATHWAY,GOBP_INSULIN_RECEPTOR_SIGNALING_PATHWAY]
[GOBP_CELLULAR_BIOGENIC_AMINE_METABOLIC_PROCESS,GOBP_CELLULAR_BIOGENIC_AMINE_METABOLIC_PROCESS] was killed by [GOMF_SULFOTRANSFERASE_ACTIVITY,GOMF_SULFOTRANSFERASE_ACTIVITY]
[GOBP_SULFUR_AMINO_ACID_CATABOLIC_PROCESS,GOBP_SULFUR_AMINO_ACID_CATABOLIC_PROCESS] was killed by [GOMF_CARBON_CARBON_LYASE_ACTIVITY,GOMF_CARBON_CARBON_LYASE_ACTIVITY]
[GOCC_MITOTIC_SPINDLE_MIDZONE,GOCC_MITOTIC_SPINDLE_MIDZONE] was killed by [GOBP_REGULATION_OF_STEM_CELL_PROLIFERATION,GOBP_REGULATION_OF_STEM_CELL_PROLIFERATION]
[GOBP_NEGATIVE_REGULATION_OF_NEURON_DEATH,GOBP_NEGATIVE_REGULATION_OF_NEURON_DEATH] was killed by [GOBP_INSULIN_RECEPTOR_SIGNALING_PATHWAY,GOBP_INSULIN_RECEPTOR_SIGNALING_PATHWAY]
[GOMF_TRANSLATION_REGULATOR_ACTIVITY,GOMF_TRANSLATION_REGULATOR_ACTIVITY] was killed by [GOBP_REGULATION_OF_MYELINATION,GOBP_REGULATION_OF_MYELINATION]
[GOBP_IONOTROPIC_GLUTAMATE_RECEPTOR_SIGNALING_PATHWAY,GOBP_IONOTROPIC_GLUTAMATE_RECEPTOR_SIGNALING_PATHWAY] was killed by [GOMF_SULFOTRANSFERASE_ACTIVITY,GOMF_SULFOTRANSFERASE_ACTIVITY]
[GOBP_POSITIVE_REGULATION_OF_PROTEIN_KINASE_B_SIGNALING,GOBP_POSITIVE_REGULATION_OF_PROTEIN_KINASE_B_SIGNALING] was killed by [GOBP_INSULIN_RECEPTOR_SIGNALING_PATHWAY,GOBP_INSULIN_RECEPTOR_SIGNALING_PATHWAY]
[GOBP_BETA_CATENIN_DESTRUCTION_COMPLEX_DISASSEMBLY,GOBP_BETA_CATENIN_DESTRUCTION_COMPLEX_DISASSEMBLY] was killed by [GOBP_INSULIN_RECEPTOR_SIGNALING_PATHWAY,GOBP_INSULIN_RECEPTOR_SIGNALING_PATHWAY]
[GOBP_REGULATION_OF_ORGANIC_ACID_TRANSPORT,GOBP_REGULATION_OF_ORGANIC_ACID_TRANSPORT] was killed by [GOBP_INSULIN_RECEPTOR_SIGNALING_PATHWAY,GOBP_INSULIN_RECEPTOR_SIGNALING_PATHWAY]
[GOBP_DOPAMINE_METABOLIC_PROCESS,GOBP_DOPAMINE_METABOLIC_PROCESS] was killed by [GOMF_SULFOTRANSFERASE_ACTIVITY,GOMF_SULFOTRANSFERASE_ACTIVITY]
[HP_THICK_NASAL_ALAE,HP_THICK_NASAL_ALAE] was killed by [GOBP_INSULIN_RECEPTOR_SIGNALING_PATHWAY,GOBP_INSULIN_RECEPTOR_SIGNALING_PATHWAY]
[HP_ABNORMAL_CIRCULATING_DICARBOXYLIC_ACID_CONCENTRATION,HP_ABNORMAL_CIRCULATING_DICARBOXYLIC_ACID_CONCENTRATION] was killed by [GOBP_POSITIVE_REGULATION_OF_T_CELL_RECEPTOR_SIGNALING_PATHWAY,GOBP_POSITIVE_REGULATION_OF_T_CELL_RECEPTOR_SIGNALING_PATHWAY]
[GOMF_CATALYTIC_ACTIVITY_ACTING_ON_A_TRNA,GOMF_CATALYTIC_ACTIVITY_ACTING_ON_A_TRNA] was killed by [GOBP_TRNA_METABOLIC_PROCESS,GOBP_TRNA_METABOLIC_PROCESS]
[GOCC_GABA_ERGIC_SYNAPSE,GOCC_GABA_ERGIC_SYNAPSE] was killed by [GOBP_REGULATION_OF_MYELINATION,GOBP_REGULATION_OF_MYELINATION]
[GOBP_POSITIVE_REGULATION_OF_NITRIC_OXIDE_METABOLIC_PROCESS,GOBP_POSITIVE_REGULATION_OF_NITRIC_OXIDE_METABOLIC_PROCESS] was killed by [GOBP_INSULIN_RECEPTOR_SIGNALING_PATHWAY,GOBP_INSULIN_RECEPTOR_SIGNALING_PATHWAY]
[GOBP_PROTEIN_SUMOYLATION,GOBP_PROTEIN_SUMOYLATION] was killed by [GOMF_STRUCTURAL_CONSTITUENT_OF_NUCLEAR_PORE,GOMF_STRUCTURAL_CONSTITUENT_OF_NUCLEAR_PORE]
[HP_NEOPLASM_OF_THE_BREAST,HP_NEOPLASM_OF_THE_BREAST] was killed by [GOBP_INSULIN_RECEPTOR_SIGNALING_PATHWAY,GOBP_INSULIN_RECEPTOR_SIGNALING_PATHWAY]
[GOBP_PHAGOSOME_MATURATION,GOBP_PHAGOSOME_MATURATION] was killed by [GOBP_INSULIN_RECEPTOR_SIGNALING_PATHWAY,GOBP_INSULIN_RECEPTOR_SIGNALING_PATHWAY]
[GOBP_AMINE_METABOLIC_PROCESS,GOBP_AMINE_METABOLIC_PROCESS] was killed by [GOMF_SULFOTRANSFERASE_ACTIVITY,GOMF_SULFOTRANSFERASE_ACTIVITY]
[GOBP_PLATELET_DEGRANULATION,GOBP_PLATELET_DEGRANULATION] was killed by [GOBP_CELL_COMMUNICATION_INVOLVED_IN_CARDIAC_CONDUCTION,GOBP_CELL_COMMUNICATION_INVOLVED_IN_CARDIAC_CONDUCTION]
[GOBP_EPIBOLY,GOBP_EPIBOLY] was killed by [GOBP_REGULATION_OF_MYELINATION,GOBP_REGULATION_OF_MYELINATION]
[HP_ABNORMALITY_OF_SMALL_INTESTINAL_VILLUS_MORPHOLOGY,HP_ABNORMALITY_OF_SMALL_INTESTINAL_VILLUS_MORPHOLOGY] was killed by [HP_AUTOIMMUNE_HEMOLYTIC_ANEMIA,HP_AUTOIMMUNE_HEMOLYTIC_ANEMIA]
[HP_TICS,HP_TICS] was killed by [HP_SMOOTH_PHILTRUM,HP_SMOOTH_PHILTRUM]
[GOBP_POSITIVE_REGULATION_OF_AMYLOID_BETA_FORMATION,GOBP_POSITIVE_REGULATION_OF_AMYLOID_BETA_FORMATION] was killed by [GOBP_INSULIN_RECEPTOR_SIGNALING_PATHWAY,GOBP_INSULIN_RECEPTOR_SIGNALING_PATHWAY]
[GOBP_POSITIVE_REGULATION_OF_NERVOUS_SYSTEM_PROCESS,GOBP_POSITIVE_REGULATION_OF_NERVOUS_SYSTEM_PROCESS] was killed by [GOBP_REGULATION_OF_MYELINATION,GOBP_REGULATION_OF_MYELINATION]
[GOCC_MAIN_AXON,GOCC_MAIN_AXON] was killed by [GOBP_REGULATION_OF_MYELINATION,GOBP_REGULATION_OF_MYELINATION]
[GOCC_FICOLIN_1_RICH_GRANULE,GOCC_FICOLIN_1_RICH_GRANULE] was killed by [GOBP_AMINOGLYCAN_CATABOLIC_PROCESS,GOBP_AMINOGLYCAN_CATABOLIC_PROCESS]
[HP_NEOPLASM_OF_THE_THYROID_GLAND,HP_NEOPLASM_OF_THE_THYROID_GLAND] was killed by [GOBP_INSULIN_RECEPTOR_SIGNALING_PATHWAY,GOBP_INSULIN_RECEPTOR_SIGNALING_PATHWAY]
[GOBP_EXCRETION,GOBP_EXCRETION] was killed by [GOBP_INSULIN_RECEPTOR_SIGNALING_PATHWAY,GOBP_INSULIN_RECEPTOR_SIGNALING_PATHWAY]
[GOMF_TRANSLATION_REPRESSOR_ACTIVITY,GOMF_TRANSLATION_REPRESSOR_ACTIVITY] was killed by [GOMF_CARBON_CARBON_LYASE_ACTIVITY,GOMF_CARBON_CARBON_LYASE_ACTIVITY]
[GOBP_CARDIAC_MUSCLE_CELL_ACTION_POTENTIAL,GOBP_CARDIAC_MUSCLE_CELL_ACTION_POTENTIAL] was killed by [GOBP_CELL_COMMUNICATION_INVOLVED_IN_CARDIAC_CONDUCTION,GOBP_CELL_COMMUNICATION_INVOLVED_IN_CARDIAC_CONDUCTION]
[HP_WEAK_VOICE,HP_WEAK_VOICE] was killed by [GOMF_TUMOR_NECROSIS_FACTOR_RECEPTOR_SUPERFAMILY_BINDING,GOMF_TUMOR_NECROSIS_FACTOR_RECEPTOR_SUPERFAMILY_BINDING]
[HP_POOR_COORDINATION,HP_POOR_COORDINATION] was killed by [HP_SQUARE_FACE,HP_SQUARE_FACE]
[GOBP_POSITIVE_REGULATION_OF_CELL_KILLING,GOBP_POSITIVE_REGULATION_OF_CELL_KILLING] was killed by [GOBP_REGULATION_OF_STEM_CELL_PROLIFERATION,GOBP_REGULATION_OF_STEM_CELL_PROLIFERATION]
[GOCC_ACROSOMAL_VESICLE,GOCC_ACROSOMAL_VESICLE] was killed by [GOBP_CELL_COMMUNICATION_INVOLVED_IN_CARDIAC_CONDUCTION,GOBP_CELL_COMMUNICATION_INVOLVED_IN_CARDIAC_CONDUCTION]
[GOBP_POSITIVE_REGULATION_OF_CHROMATIN_ASSEMBLY_OR_DISASSEMBLY,GOBP_POSITIVE_REGULATION_OF_CHROMATIN_ASSEMBLY_OR_DISASSEMBLY] was killed by [GOMF_STRUCTURAL_CONSTITUENT_OF_NUCLEAR_PORE,GOMF_STRUCTURAL_CONSTITUENT_OF_NUCLEAR_PORE]
[GOBP_PERICARDIUM_DEVELOPMENT,GOBP_PERICARDIUM_DEVELOPMENT] was killed by [GOBP_REGULATION_OF_ANOIKIS,GOBP_REGULATION_OF_ANOIKIS]
[HP_DIALEPTIC_SEIZURE,HP_DIALEPTIC_SEIZURE] was killed by [HP_SMOOTH_PHILTRUM,HP_SMOOTH_PHILTRUM]
[GOBP_POSITIVE_REGULATION_OF_HEMOPOIESIS,GOBP_POSITIVE_REGULATION_OF_HEMOPOIESIS] was killed by [GOBP_INSULIN_RECEPTOR_SIGNALING_PATHWAY,GOBP_INSULIN_RECEPTOR_SIGNALING_PATHWAY]
[HP_SUPERNUMERARY_BONES_OF_THE_AXIAL_SKELETON,HP_SUPERNUMERARY_BONES_OF_THE_AXIAL_SKELETON] was killed by [HP_SMOOTH_PHILTRUM,HP_SMOOTH_PHILTRUM]
[GOBP_NEGATIVE_REGULATION_OF_CELLULAR_PROTEIN_LOCALIZATION,GOBP_NEGATIVE_REGULATION_OF_CELLULAR_PROTEIN_LOCALIZATION] was killed by [GOBP_VESICLE_CARGO_LOADING,GOBP_VESICLE_CARGO_LOADING]
[HP_RENAL_CELL_CARCINOMA,HP_RENAL_CELL_CARCINOMA] was killed by [GOBP_INSULIN_RECEPTOR_SIGNALING_PATHWAY,GOBP_INSULIN_RECEPTOR_SIGNALING_PATHWAY]
[GOBP_NEGATIVE_REGULATION_OF_ANOIKIS,GOBP_NEGATIVE_REGULATION_OF_ANOIKIS] was killed by [GOBP_REGULATION_OF_ANOIKIS,GOBP_REGULATION_OF_ANOIKIS]
[GOBP_HEPARAN_SULFATE_PROTEOGLYCAN_METABOLIC_PROCESS,GOBP_HEPARAN_SULFATE_PROTEOGLYCAN_METABOLIC_PROCESS] was killed by [GOMF_SULFOTRANSFERASE_ACTIVITY,GOMF_SULFOTRANSFERASE_ACTIVITY]
[GOBP_NEGATIVE_REGULATION_OF_PROTEIN_CATABOLIC_PROCESS,GOBP_NEGATIVE_REGULATION_OF_PROTEIN_CATABOLIC_PROCESS] was killed by [GOBP_POSITIVE_REGULATION_OF_T_CELL_RECEPTOR_SIGNALING_PATHWAY,GOBP_POSITIVE_REGULATION_OF_T_CELL_RECEPTOR_SIGNALING_PATHWAY]
[GOBP_LOCALIZATION_WITHIN_MEMBRANE,GOBP_LOCALIZATION_WITHIN_MEMBRANE] was killed by [GOBP_CELL_COMMUNICATION_INVOLVED_IN_CARDIAC_CONDUCTION,GOBP_CELL_COMMUNICATION_INVOLVED_IN_CARDIAC_CONDUCTION]
[GOMF_PROTEIN_PHOSPHORYLATED_AMINO_ACID_BINDING,GOMF_PROTEIN_PHOSPHORYLATED_AMINO_ACID_BINDING] was killed by [GOBP_INSULIN_RECEPTOR_SIGNALING_PATHWAY,GOBP_INSULIN_RECEPTOR_SIGNALING_PATHWAY]
[GOCC_AXON_CYTOPLASM,GOCC_AXON_CYTOPLASM] was killed by [HP_SMOOTH_PHILTRUM,HP_SMOOTH_PHILTRUM]
[HP_SHORT_PHILTRUM,HP_SHORT_PHILTRUM] was killed by [GOBP_VESICLE_CARGO_LOADING,GOBP_VESICLE_CARGO_LOADING]
[GOBP_NEGATIVE_REGULATION_OF_STEM_CELL_DIFFERENTIATION,GOBP_NEGATIVE_REGULATION_OF_STEM_CELL_DIFFERENTIATION] was killed by [GOBP_REGULATION_OF_ANOIKIS,GOBP_REGULATION_OF_ANOIKIS]
[HP_EXCESSIVE_WRINKLED_SKIN,HP_EXCESSIVE_WRINKLED_SKIN] was killed by [GOBP_INSULIN_RECEPTOR_SIGNALING_PATHWAY,GOBP_INSULIN_RECEPTOR_SIGNALING_PATHWAY]
[HP_BROAD_EYEBROW,HP_BROAD_EYEBROW] was killed by [HP_SMOOTH_PHILTRUM,HP_SMOOTH_PHILTRUM]
[GOBP_PROTEIN_LOCALIZATION_TO_CELL_CELL_JUNCTION,GOBP_PROTEIN_LOCALIZATION_TO_CELL_CELL_JUNCTION] was killed by [GOBP_CELL_COMMUNICATION_INVOLVED_IN_CARDIAC_CONDUCTION,GOBP_CELL_COMMUNICATION_INVOLVED_IN_CARDIAC_CONDUCTION]
[HP_ADENOMA_SEBACEUM,HP_ADENOMA_SEBACEUM] was killed by [GOBP_INSULIN_RECEPTOR_SIGNALING_PATHWAY,GOBP_INSULIN_RECEPTOR_SIGNALING_PATHWAY]
[GOBP_ACTIVATION_OF_PHOSPHOLIPASE_C_ACTIVITY,GOBP_ACTIVATION_OF_PHOSPHOLIPASE_C_ACTIVITY] was killed by [GOMF_TUMOR_NECROSIS_FACTOR_RECEPTOR_SUPERFAMILY_BINDING,GOMF_TUMOR_NECROSIS_FACTOR_RECEPTOR_SUPERFAMILY_BINDING]
