[FUJII_YBX1_TARGETS_DN,FUJII_YBX1_TARGETS_DN] was killed by [BURTON_ADIPOGENESIS_3,BURTON_ADIPOGENESIS_3]
[KONG_E2F3_TARGETS,KONG_E2F3_TARGETS] was killed by [BURTON_ADIPOGENESIS_3,BURTON_ADIPOGENESIS_3]
[CHEMNITZ_RESPONSE_TO_PROSTAGLANDIN_E2_UP,CHEMNITZ_RESPONSE_TO_PROSTAGLANDIN_E2_UP] was killed by [BURTON_ADIPOGENESIS_3,BURTON_ADIPOGENESIS_3]
[REACTOME_ACTIVATION_OF_THE_PRE_REPLICATIVE_COMPLEX,REACTOME_ACTIVATION_OF_THE_PRE_REPLICATIVE_COMPLEX] was killed by [BURTON_ADIPOGENESIS_3,BURTON_ADIPOGENESIS_3]
[PYEON_CANCER_HEAD_AND_NECK_VS_CERVICAL_UP,PYEON_CANCER_HEAD_AND_NECK_VS_CERVICAL_UP] was killed by [BURTON_ADIPOGENESIS_3,BURTON_ADIPOGENESIS_3]
[MOREAUX_B_LYMPHOCYTE_MATURATION_BY_TACI_DN,MOREAUX_B_LYMPHOCYTE_MATURATION_BY_TACI_DN] was killed by [BURTON_ADIPOGENESIS_3,BURTON_ADIPOGENESIS_3]
[WHITFIELD_CELL_CYCLE_G1_S,WHITFIELD_CELL_CYCLE_G1_S] was killed by [BURTON_ADIPOGENESIS_3,BURTON_ADIPOGENESIS_3]
[REACTOME_EGFR_DOWNREGULATION,REACTOME_EGFR_DOWNREGULATION] was killed by [REACTOME_NEGATIVE_REGULATION_OF_MET_ACTIVITY,REACTOME_NEGATIVE_REGULATION_OF_MET_ACTIVITY]
[BIOCARTA_TCR_PATHWAY,BIOCARTA_TCR_PATHWAY] was killed by [BIOCARTA_CALCINEURIN_PATHWAY,BIOCARTA_CALCINEURIN_PATHWAY]
[REACTOME_CARGO_RECOGNITION_FOR_CLATHRIN_MEDIATED_ENDOCYTOSIS,REACTOME_CARGO_RECOGNITION_FOR_CLATHRIN_MEDIATED_ENDOCYTOSIS] was killed by [REACTOME_NEGATIVE_REGULATION_OF_MET_ACTIVITY,REACTOME_NEGATIVE_REGULATION_OF_MET_ACTIVITY]
[ABRAMSON_INTERACT_WITH_AIRE,ABRAMSON_INTERACT_WITH_AIRE] was killed by [BURTON_ADIPOGENESIS_3,BURTON_ADIPOGENESIS_3]
[VERNELL_RETINOBLASTOMA_PATHWAY_UP,VERNELL_RETINOBLASTOMA_PATHWAY_UP] was killed by [BURTON_ADIPOGENESIS_3,BURTON_ADIPOGENESIS_3]
[KYNG_WERNER_SYNDROM_AND_NORMAL_AGING_DN,KYNG_WERNER_SYNDROM_AND_NORMAL_AGING_DN] was killed by [REACTOME_NEGATIVE_REGULATION_OF_MET_ACTIVITY,REACTOME_NEGATIVE_REGULATION_OF_MET_ACTIVITY]
[CHIANG_LIVER_CANCER_SUBCLASS_PROLIFERATION_UP,CHIANG_LIVER_CANCER_SUBCLASS_PROLIFERATION_UP] was killed by [BURTON_ADIPOGENESIS_3,BURTON_ADIPOGENESIS_3]
[MISSIAGLIA_REGULATED_BY_METHYLATION_DN,MISSIAGLIA_REGULATED_BY_METHYLATION_DN] was killed by [BURTON_ADIPOGENESIS_3,BURTON_ADIPOGENESIS_3]
[NAKAYAMA_SOFT_TISSUE_TUMORS_PCA2_UP,NAKAYAMA_SOFT_TISSUE_TUMORS_PCA2_UP] was killed by [BURTON_ADIPOGENESIS_3,BURTON_ADIPOGENESIS_3]
[REACTOME_INLB_MEDIATED_ENTRY_OF_LISTERIA_MONOCYTOGENES_INTO_HOST_CELL,REACTOME_INLB_MEDIATED_ENTRY_OF_LISTERIA_MONOCYTOGENES_INTO_HOST_CELL] was killed by [REACTOME_NEGATIVE_REGULATION_OF_MET_ACTIVITY,REACTOME_NEGATIVE_REGULATION_OF_MET_ACTIVITY]
[KEGG_GLIOMA,KEGG_GLIOMA] was killed by [BIOCARTA_CALCINEURIN_PATHWAY,BIOCARTA_CALCINEURIN_PATHWAY]
[LU_AGING_BRAIN_DN,LU_AGING_BRAIN_DN] was killed by [BIOCARTA_CALCINEURIN_PATHWAY,BIOCARTA_CALCINEURIN_PATHWAY]
[PID_NOTCH_PATHWAY,PID_NOTCH_PATHWAY] was killed by [REACTOME_NEGATIVE_REGULATION_OF_MET_ACTIVITY,REACTOME_NEGATIVE_REGULATION_OF_MET_ACTIVITY]
[FLORIO_NEOCORTEX_BASAL_RADIAL_GLIA_DN,FLORIO_NEOCORTEX_BASAL_RADIAL_GLIA_DN] was killed by [BURTON_ADIPOGENESIS_3,BURTON_ADIPOGENESIS_3]
[MORI_IMMATURE_B_LYMPHOCYTE_DN,MORI_IMMATURE_B_LYMPHOCYTE_DN] was killed by [BURTON_ADIPOGENESIS_3,BURTON_ADIPOGENESIS_3]
[POMEROY_MEDULLOBLASTOMA_PROGNOSIS_DN,POMEROY_MEDULLOBLASTOMA_PROGNOSIS_DN] was killed by [BILANGES_SERUM_RESPONSE_TRANSLATION,BILANGES_SERUM_RESPONSE_TRANSLATION]
[ZHOU_CELL_CYCLE_GENES_IN_IR_RESPONSE_24HR,ZHOU_CELL_CYCLE_GENES_IN_IR_RESPONSE_24HR] was killed by [BURTON_ADIPOGENESIS_3,BURTON_ADIPOGENESIS_3]
