[GSE17974_CTRL_VS_ACT_IL4_AND_ANTI_IL12_48H_CD4_TCELL_UP,GSE17974_CTRL_VS_ACT_IL4_AND_ANTI_IL12_48H_CD4_TCELL_UP] was killed by [GSE17974_0H_VS_48H_IN_VITRO_ACT_CD4_TCELL_UP,GSE17974_0H_VS_48H_IN_VITRO_ACT_CD4_TCELL_UP]
[MIR3925_3P,MIR3925_3P] was killed by [chr19p12,chr19p12]
[HP_ABNORMAL_ELASTICITY_OF_SKIN,HP_ABNORMAL_ELASTICITY_OF_SKIN] was killed by [HP_ABNORMALLY_LAX_OR_HYPEREXTENSIBLE_SKIN,HP_ABNORMALLY_LAX_OR_HYPEREXTENSIBLE_SKIN]
[AATGGAG_MIR136,AATGGAG_MIR136] was killed by [MIR505_3P,MIR505_3P]
[GSE19888_ADENOSINE_A3R_INH_PRETREAT_AND_ACT_BY_A3R_VS_A3R_INH_AND_TCELL_MEMBRANES_ACT_MAST_CELL_UP,GSE19888_ADENOSINE_A3R_INH_PRETREAT_AND_ACT_BY_A3R_VS_A3R_INH_AND_TCELL_MEMBRANES_ACT_MAST_CELL_UP] was killed by [GSE17974_0H_VS_48H_IN_VITRO_ACT_CD4_TCELL_UP,GSE17974_0H_VS_48H_IN_VITRO_ACT_CD4_TCELL_UP]
[HP_SMOOTH_PHILTRUM,HP_SMOOTH_PHILTRUM] was killed by [HP_ABNORMALLY_LAX_OR_HYPEREXTENSIBLE_SKIN,HP_ABNORMALLY_LAX_OR_HYPEREXTENSIBLE_SKIN]
[HP_APLASTIC_HYPOPLASTIC_TOENAIL,HP_APLASTIC_HYPOPLASTIC_TOENAIL] was killed by [HP_ABNORMALLY_LAX_OR_HYPEREXTENSIBLE_SKIN,HP_ABNORMALLY_LAX_OR_HYPEREXTENSIBLE_SKIN]
[HP_ABNORMAL_ATRIOVENTRICULAR_VALVE_PHYSIOLOGY,HP_ABNORMAL_ATRIOVENTRICULAR_VALVE_PHYSIOLOGY] was killed by [HP_ABNORMALLY_LAX_OR_HYPEREXTENSIBLE_SKIN,HP_ABNORMALLY_LAX_OR_HYPEREXTENSIBLE_SKIN]
[GOBP_BONE_RESORPTION,GOBP_BONE_RESORPTION] was killed by [GOBP_BONE_REMODELING,GOBP_BONE_REMODELING]
[BIOCARTA_MET_PATHWAY,BIOCARTA_MET_PATHWAY] was killed by [HP_ABNORMALLY_LAX_OR_HYPEREXTENSIBLE_SKIN,HP_ABNORMALLY_LAX_OR_HYPEREXTENSIBLE_SKIN]
[WP_PATHWAYS_AFFECTED_IN_ADENOID_CYSTIC_CARCINOMA,WP_PATHWAYS_AFFECTED_IN_ADENOID_CYSTIC_CARCINOMA] was killed by [HP_ABNORMALLY_LAX_OR_HYPEREXTENSIBLE_SKIN,HP_ABNORMALLY_LAX_OR_HYPEREXTENSIBLE_SKIN]
[UEDA_PERIFERAL_CLOCK,UEDA_PERIFERAL_CLOCK] was killed by [REACTOME_SELECTIVE_AUTOPHAGY,REACTOME_SELECTIVE_AUTOPHAGY]
[GOBP_ESTABLISHMENT_OF_ENDOTHELIAL_BARRIER,GOBP_ESTABLISHMENT_OF_ENDOTHELIAL_BARRIER] was killed by [GOBP_ENDOTHELIAL_CELL_DEVELOPMENT,GOBP_ENDOTHELIAL_CELL_DEVELOPMENT]
[MIR1236_3P,MIR1236_3P] was killed by [MIR4273,MIR4273]
[GSE3982_BCELL_VS_TH1_UP,GSE3982_BCELL_VS_TH1_UP] was killed by [GSE3982_MEMORY_CD4_TCELL_VS_TH1_UP,GSE3982_MEMORY_CD4_TCELL_VS_TH1_UP]
[HP_ABNORMAL_MITRAL_VALVE_PHYSIOLOGY,HP_ABNORMAL_MITRAL_VALVE_PHYSIOLOGY] was killed by [HP_ABNORMALLY_LAX_OR_HYPEREXTENSIBLE_SKIN,HP_ABNORMALLY_LAX_OR_HYPEREXTENSIBLE_SKIN]
[KAN_RESPONSE_TO_ARSENIC_TRIOXIDE,KAN_RESPONSE_TO_ARSENIC_TRIOXIDE] was killed by [WIERENGA_STAT5A_TARGETS_GROUP1,WIERENGA_STAT5A_TARGETS_GROUP1]
[HP_STAGE_5_CHRONIC_KIDNEY_DISEASE,HP_STAGE_5_CHRONIC_KIDNEY_DISEASE] was killed by [HP_CHRONIC_KIDNEY_DISEASE,HP_CHRONIC_KIDNEY_DISEASE]
[YU_MYC_TARGETS_DN,YU_MYC_TARGETS_DN] was killed by [GSE3982_MEMORY_CD4_TCELL_VS_TH1_UP,GSE3982_MEMORY_CD4_TCELL_VS_TH1_UP]
[GSE2770_TGFB_AND_IL4_VS_IL12_TREATED_ACT_CD4_TCELL_6H_UP,GSE2770_TGFB_AND_IL4_VS_IL12_TREATED_ACT_CD4_TCELL_6H_UP] was killed by [GSE17974_0H_VS_48H_IN_VITRO_ACT_CD4_TCELL_UP,GSE17974_0H_VS_48H_IN_VITRO_ACT_CD4_TCELL_UP]
[MIR3064_3P,MIR3064_3P] was killed by [chr19p12,chr19p12]
[ZHENG_CORD_BLOOD_C2_PUTATIVE_BASOPHIL_EOSINOPHIL_MAST_CELL_PROGENITOR,ZHENG_CORD_BLOOD_C2_PUTATIVE_BASOPHIL_EOSINOPHIL_MAST_CELL_PROGENITOR] was killed by [GSE17974_0H_VS_48H_IN_VITRO_ACT_CD4_TCELL_UP,GSE17974_0H_VS_48H_IN_VITRO_ACT_CD4_TCELL_UP]
[REACTOME_AGGREPHAGY,REACTOME_AGGREPHAGY] was killed by [REACTOME_SELECTIVE_AUTOPHAGY,REACTOME_SELECTIVE_AUTOPHAGY]
[GOBP_REGULATION_OF_NERVOUS_SYSTEM_PROCESS,GOBP_REGULATION_OF_NERVOUS_SYSTEM_PROCESS] was killed by [GOBP_REGULATION_OF_MYELINATION,GOBP_REGULATION_OF_MYELINATION]
[GSE19888_CTRL_VS_A3R_INHIBITOR_TREATED_MAST_CELL_DN,GSE19888_CTRL_VS_A3R_INHIBITOR_TREATED_MAST_CELL_DN] was killed by [GSE17974_0H_VS_48H_IN_VITRO_ACT_CD4_TCELL_UP,GSE17974_0H_VS_48H_IN_VITRO_ACT_CD4_TCELL_UP]
[GOBP_ENDOTHELIAL_CELL_PROLIFERATION,GOBP_ENDOTHELIAL_CELL_PROLIFERATION] was killed by [GOBP_REGULATION_OF_MYELINATION,GOBP_REGULATION_OF_MYELINATION]
[GOBP_REGULATION_OF_CELL_SUBSTRATE_JUNCTION_ORGANIZATION,GOBP_REGULATION_OF_CELL_SUBSTRATE_JUNCTION_ORGANIZATION] was killed by [HP_ABNORMALLY_LAX_OR_HYPEREXTENSIBLE_SKIN,HP_ABNORMALLY_LAX_OR_HYPEREXTENSIBLE_SKIN]
[HP_ABNORMALITY_OF_SKULL_OSSIFICATION,HP_ABNORMALITY_OF_SKULL_OSSIFICATION] was killed by [HP_ABNORMALLY_LAX_OR_HYPEREXTENSIBLE_SKIN,HP_ABNORMALLY_LAX_OR_HYPEREXTENSIBLE_SKIN]
[GSE27241_WT_VS_RORGT_KO_TH17_POLARIZED_CD4_TCELL_TREATED_WITH_DIGOXIN_UP,GSE27241_WT_VS_RORGT_KO_TH17_POLARIZED_CD4_TCELL_TREATED_WITH_DIGOXIN_UP] was killed by [GSE3982_MEMORY_CD4_TCELL_VS_TH1_UP,GSE3982_MEMORY_CD4_TCELL_VS_TH1_UP]
[PID_FAK_PATHWAY,PID_FAK_PATHWAY] was killed by [HP_ABNORMALLY_LAX_OR_HYPEREXTENSIBLE_SKIN,HP_ABNORMALLY_LAX_OR_HYPEREXTENSIBLE_SKIN]
[REACTOME_NETRIN_1_SIGNALING,REACTOME_NETRIN_1_SIGNALING] was killed by [WONG_PROTEASOME_GENE_MODULE,WONG_PROTEASOME_GENE_MODULE]
[GOBP_GLUTAMATE_RECEPTOR_SIGNALING_PATHWAY,GOBP_GLUTAMATE_RECEPTOR_SIGNALING_PATHWAY] was killed by [GOMF_SULFOTRANSFERASE_ACTIVITY,GOMF_SULFOTRANSFERASE_ACTIVITY]
[GSE17974_0H_VS_72H_IN_VITRO_ACT_CD4_TCELL_UP,GSE17974_0H_VS_72H_IN_VITRO_ACT_CD4_TCELL_UP] was killed by [GSE17974_0H_VS_48H_IN_VITRO_ACT_CD4_TCELL_UP,GSE17974_0H_VS_48H_IN_VITRO_ACT_CD4_TCELL_UP]
[MIR421,MIR421] was killed by [GSE3982_MEMORY_CD4_TCELL_VS_TH1_UP,GSE3982_MEMORY_CD4_TCELL_VS_TH1_UP]
[REACTOME_INFLUENZA_INFECTION,REACTOME_INFLUENZA_INFECTION] was killed by [HOXC13_TARGET_GENES,HOXC13_TARGET_GENES]
[GOBP_PROTEOGLYCAN_BIOSYNTHETIC_PROCESS,GOBP_PROTEOGLYCAN_BIOSYNTHETIC_PROCESS] was killed by [HP_ABNORMALLY_LAX_OR_HYPEREXTENSIBLE_SKIN,HP_ABNORMALLY_LAX_OR_HYPEREXTENSIBLE_SKIN]
[chr15q24,chr15q24] was killed by [WONG_PROTEASOME_GENE_MODULE,WONG_PROTEASOME_GENE_MODULE]
[GOBP_IMPORT_ACROSS_PLASMA_MEMBRANE,GOBP_IMPORT_ACROSS_PLASMA_MEMBRANE] was killed by [WP_METABOLIC_REPROGRAMMING_IN_COLON_CANCER,WP_METABOLIC_REPROGRAMMING_IN_COLON_CANCER]
[GOBP_COPII_COATED_VESICLE_CARGO_LOADING,GOBP_COPII_COATED_VESICLE_CARGO_LOADING] was killed by [GOBP_VESICLE_CARGO_LOADING,GOBP_VESICLE_CARGO_LOADING]
[ZHANG_RESPONSE_TO_CANTHARIDIN_DN,ZHANG_RESPONSE_TO_CANTHARIDIN_DN] was killed by [HOXC13_TARGET_GENES,HOXC13_TARGET_GENES]
[BORLAK_LIVER_CANCER_EGF_UP,BORLAK_LIVER_CANCER_EGF_UP] was killed by [GSE17721_POLYIC_VS_CPG_6H_BMDC_DN,GSE17721_POLYIC_VS_CPG_6H_BMDC_DN]
[HP_METABOLIC_ACIDOSIS,HP_METABOLIC_ACIDOSIS] was killed by [HP_CHRONIC_KIDNEY_DISEASE,HP_CHRONIC_KIDNEY_DISEASE]
[GSE25088_IL4_VS_IL4_AND_ROSIGLITAZONE_STIM_STAT6_KO_MACROPHAGE_DAY10_UP,GSE25088_IL4_VS_IL4_AND_ROSIGLITAZONE_STIM_STAT6_KO_MACROPHAGE_DAY10_UP] was killed by [CAGCCTC_MIR4855P,CAGCCTC_MIR4855P]
[GSE21033_CTRL_VS_POLYIC_STIM_DC_3H_DN,GSE21033_CTRL_VS_POLYIC_STIM_DC_3H_DN] was killed by [GSE3982_MEMORY_CD4_TCELL_VS_TH1_UP,GSE3982_MEMORY_CD4_TCELL_VS_TH1_UP]
[REACTOME_TRNA_MODIFICATION_IN_THE_NUCLEUS_AND_CYTOSOL,REACTOME_TRNA_MODIFICATION_IN_THE_NUCLEUS_AND_CYTOSOL] was killed by [HP_CHRONIC_KIDNEY_DISEASE,HP_CHRONIC_KIDNEY_DISEASE]
[GSE17721_LPS_VS_PAM3CSK4_4H_BMDC_DN,GSE17721_LPS_VS_PAM3CSK4_4H_BMDC_DN] was killed by [GSE11864_CSF1_IFNG_VS_CSF1_IFNG_PAM3CYS_IN_MAC_DN,GSE11864_CSF1_IFNG_VS_CSF1_IFNG_PAM3CYS_IN_MAC_DN]
[HP_ABNORMAL_LYMPHOCYTE_MORPHOLOGY,HP_ABNORMAL_LYMPHOCYTE_MORPHOLOGY] was killed by [HP_ABNORMALLY_LAX_OR_HYPEREXTENSIBLE_SKIN,HP_ABNORMALLY_LAX_OR_HYPEREXTENSIBLE_SKIN]
[HP_ABNORMALITY_OF_THE_HALLUX,HP_ABNORMALITY_OF_THE_HALLUX] was killed by [HP_ABNORMALLY_LAX_OR_HYPEREXTENSIBLE_SKIN,HP_ABNORMALLY_LAX_OR_HYPEREXTENSIBLE_SKIN]
[HP_TRIANGULAR_SHAPED_PHALANGES_OF_THE_HAND,HP_TRIANGULAR_SHAPED_PHALANGES_OF_THE_HAND] was killed by [HP_ABNORMALLY_LAX_OR_HYPEREXTENSIBLE_SKIN,HP_ABNORMALLY_LAX_OR_HYPEREXTENSIBLE_SKIN]
[P53_DN.V2_UP,P53_DN.V2_UP] was killed by [GOBP_BONE_REMODELING,GOBP_BONE_REMODELING]
[GSE39820_TGFBETA1_VS_TGFBETA3_IN_IL6_TREATED_CD4_TCELL_DN,GSE39820_TGFBETA1_VS_TGFBETA3_IN_IL6_TREATED_CD4_TCELL_DN] was killed by [GOBP_VESICLE_CARGO_LOADING,GOBP_VESICLE_CARGO_LOADING]
[GSE25146_UNSTIM_VS_HELIOBACTER_PYLORI_LPS_STIM_AGS_CELL_UP,GSE25146_UNSTIM_VS_HELIOBACTER_PYLORI_LPS_STIM_AGS_CELL_UP] was killed by [GSE37563_WT_VS_CTLA4_KO_CD4_TCELL_D4_POST_IMMUNIZATION_DN,GSE37563_WT_VS_CTLA4_KO_CD4_TCELL_D4_POST_IMMUNIZATION_DN]
[GOBP_NEGATIVE_REGULATION_OF_CELLULAR_PROTEIN_CATABOLIC_PROCESS,GOBP_NEGATIVE_REGULATION_OF_CELLULAR_PROTEIN_CATABOLIC_PROCESS] was killed by [WONG_PROTEASOME_GENE_MODULE,WONG_PROTEASOME_GENE_MODULE]
[KEGG_SNARE_INTERACTIONS_IN_VESICULAR_TRANSPORT,KEGG_SNARE_INTERACTIONS_IN_VESICULAR_TRANSPORT] was killed by [GOCC_SNARE_COMPLEX,GOCC_SNARE_COMPLEX]
[GOMF_SNAP_RECEPTOR_ACTIVITY,GOMF_SNAP_RECEPTOR_ACTIVITY] was killed by [GOCC_SNARE_COMPLEX,GOCC_SNARE_COMPLEX]
[GSE10240_IL17_VS_IL17_AND_IL22_STIM_PRIMARY_BRONCHIAL_EPITHELIAL_CELLS_DN,GSE10240_IL17_VS_IL17_AND_IL22_STIM_PRIMARY_BRONCHIAL_EPITHELIAL_CELLS_DN] was killed by [GOBP_REGULATION_OF_MYELINATION,GOBP_REGULATION_OF_MYELINATION]
[GOBP_ENDOTHELIUM_DEVELOPMENT,GOBP_ENDOTHELIUM_DEVELOPMENT] was killed by [GOBP_ENDOTHELIAL_CELL_DEVELOPMENT,GOBP_ENDOTHELIAL_CELL_DEVELOPMENT]
[HINATA_NFKB_TARGETS_KERATINOCYTE_UP,HINATA_NFKB_TARGETS_KERATINOCYTE_UP] was killed by [GOBP_BONE_REMODELING,GOBP_BONE_REMODELING]
[HOSHIDA_LIVER_CANCER_SUBCLASS_S2,HOSHIDA_LIVER_CANCER_SUBCLASS_S2] was killed by [REACTOME_CELLULAR_RESPONSE_TO_STARVATION,REACTOME_CELLULAR_RESPONSE_TO_STARVATION]
[KEGG_GLYCEROPHOSPHOLIPID_METABOLISM,KEGG_GLYCEROPHOSPHOLIPID_METABOLISM] was killed by [GSE5589_IL6_KO_VS_IL10_KO_LPS_STIM_MACROPHAGE_45MIN_UP,GSE5589_IL6_KO_VS_IL10_KO_LPS_STIM_MACROPHAGE_45MIN_UP]
[GSE3039_CD4_TCELL_VS_NKT_CELL_UP,GSE3039_CD4_TCELL_VS_NKT_CELL_UP] was killed by [CAGCCTC_MIR4855P,CAGCCTC_MIR4855P]
[HP_CONGENITAL_HEPATIC_FIBROSIS,HP_CONGENITAL_HEPATIC_FIBROSIS] was killed by [HP_ABNORMALLY_LAX_OR_HYPEREXTENSIBLE_SKIN,HP_ABNORMALLY_LAX_OR_HYPEREXTENSIBLE_SKIN]
[GSE16266_CTRL_VS_LPS_STIM_MEF_UP,GSE16266_CTRL_VS_LPS_STIM_MEF_UP] was killed by [GSE11864_CSF1_IFNG_VS_CSF1_IFNG_PAM3CYS_IN_MAC_DN,GSE11864_CSF1_IFNG_VS_CSF1_IFNG_PAM3CYS_IN_MAC_DN]
[KEGG_NOD_LIKE_RECEPTOR_SIGNALING_PATHWAY,KEGG_NOD_LIKE_RECEPTOR_SIGNALING_PATHWAY] was killed by [GSE3982_MEMORY_CD4_TCELL_VS_TH1_UP,GSE3982_MEMORY_CD4_TCELL_VS_TH1_UP]
[MODULE_175,MODULE_175] was killed by [HP_ABNORMALLY_LAX_OR_HYPEREXTENSIBLE_SKIN,HP_ABNORMALLY_LAX_OR_HYPEREXTENSIBLE_SKIN]
[MIR4318,MIR4318] was killed by [GSE3982_MEMORY_CD4_TCELL_VS_TH1_UP,GSE3982_MEMORY_CD4_TCELL_VS_TH1_UP]
[GSE2585_CTEC_VS_THYMIC_DC_DN,GSE2585_CTEC_VS_THYMIC_DC_DN] was killed by [WIERENGA_STAT5A_TARGETS_GROUP1,WIERENGA_STAT5A_TARGETS_GROUP1]
[GOBP_INSULIN_RECEPTOR_SIGNALING_PATHWAY,GOBP_INSULIN_RECEPTOR_SIGNALING_PATHWAY] was killed by [REACTOME_CELLULAR_RESPONSE_TO_STARVATION,REACTOME_CELLULAR_RESPONSE_TO_STARVATION]
[GOBP_CELL_COMMUNICATION_INVOLVED_IN_CARDIAC_CONDUCTION,GOBP_CELL_COMMUNICATION_INVOLVED_IN_CARDIAC_CONDUCTION] was killed by [BIOCARTA_NO1_PATHWAY,BIOCARTA_NO1_PATHWAY]
[MAGRANGEAS_MULTIPLE_MYELOMA_IGLL_VS_IGLK_UP,MAGRANGEAS_MULTIPLE_MYELOMA_IGLL_VS_IGLK_UP] was killed by [WONG_PROTEASOME_GENE_MODULE,WONG_PROTEASOME_GENE_MODULE]
[GOBP_NEGATIVE_REGULATION_OF_VIRAL_PROCESS,GOBP_NEGATIVE_REGULATION_OF_VIRAL_PROCESS] was killed by [NAKAYA_PBMC_FLUMIST_AGE_18_50YO_7DY_IFN_SUBSET_UP,NAKAYA_PBMC_FLUMIST_AGE_18_50YO_7DY_IFN_SUBSET_UP]
[HP_HYPOPARATHYROIDISM,HP_HYPOPARATHYROIDISM] was killed by [GSE3982_MEMORY_CD4_TCELL_VS_TH1_UP,GSE3982_MEMORY_CD4_TCELL_VS_TH1_UP]
[ALK_DN.V1_DN,ALK_DN.V1_DN] was killed by [GOBP_BONE_REMODELING,GOBP_BONE_REMODELING]
[WP_SIGNALING_OF_HEPATOCYTE_GROWTH_FACTOR_RECEPTOR,WP_SIGNALING_OF_HEPATOCYTE_GROWTH_FACTOR_RECEPTOR] was killed by [HP_ABNORMALLY_LAX_OR_HYPEREXTENSIBLE_SKIN,HP_ABNORMALLY_LAX_OR_HYPEREXTENSIBLE_SKIN]
[GSE15930_NAIVE_VS_24H_IN_VITRO_STIM_CD8_TCELL_UP,GSE15930_NAIVE_VS_24H_IN_VITRO_STIM_CD8_TCELL_UP] was killed by [GSE15930_NAIVE_VS_24H_IN_VITRO_STIM_IL12_CD8_TCELL_UP,GSE15930_NAIVE_VS_24H_IN_VITRO_STIM_IL12_CD8_TCELL_UP]
[MIR4728_3P,MIR4728_3P] was killed by [GOBP_VESICLE_CARGO_LOADING,GOBP_VESICLE_CARGO_LOADING]
[GSE27241_WT_VS_RORGT_KO_TH17_POLARIZED_CD4_TCELL_TREATED_WITH_DIGOXIN_DN,GSE27241_WT_VS_RORGT_KO_TH17_POLARIZED_CD4_TCELL_TREATED_WITH_DIGOXIN_DN] was killed by [ATGTCAC_MIR489,ATGTCAC_MIR489]
[GSE27786_CD8_TCELL_VS_NKTCELL_DN,GSE27786_CD8_TCELL_VS_NKTCELL_DN] was killed by [GOBP_REGULATION_OF_MYELINATION,GOBP_REGULATION_OF_MYELINATION]
[LEE_LIVER_CANCER_MYC_TGFA_UP,LEE_LIVER_CANCER_MYC_TGFA_UP] was killed by [GSE17721_POLYIC_VS_CPG_6H_BMDC_DN,GSE17721_POLYIC_VS_CPG_6H_BMDC_DN]
[HP_DECREASED_ACTIVITY_OF_MITOCHONDRIAL_COMPLEX_I,HP_DECREASED_ACTIVITY_OF_MITOCHONDRIAL_COMPLEX_I] was killed by [GOBP_TRNA_METABOLIC_PROCESS,GOBP_TRNA_METABOLIC_PROCESS]
[GOMF_TUMOR_NECROSIS_FACTOR_RECEPTOR_SUPERFAMILY_BINDING,GOMF_TUMOR_NECROSIS_FACTOR_RECEPTOR_SUPERFAMILY_BINDING] was killed by [GOBP_ENDOTHELIAL_CELL_DEVELOPMENT,GOBP_ENDOTHELIAL_CELL_DEVELOPMENT]
[GSE20484_MCSG_VS_CXCL4_MONOCYTE_DERIVED_MACROPHAGE_DN,GSE20484_MCSG_VS_CXCL4_MONOCYTE_DERIVED_MACROPHAGE_DN] was killed by [MIR4273,MIR4273]
[KIM_LIVER_CANCER_POOR_SURVIVAL_UP,KIM_LIVER_CANCER_POOR_SURVIVAL_UP] was killed by [GOBP_REGULATION_OF_MYELINATION,GOBP_REGULATION_OF_MYELINATION]
[GOCC_NUCLEAR_INNER_MEMBRANE,GOCC_NUCLEAR_INNER_MEMBRANE] was killed by [MIR562,MIR562]
[GOBP_SULFUR_COMPOUND_BIOSYNTHETIC_PROCESS,GOBP_SULFUR_COMPOUND_BIOSYNTHETIC_PROCESS] was killed by [HP_ABNORMALLY_LAX_OR_HYPEREXTENSIBLE_SKIN,HP_ABNORMALLY_LAX_OR_HYPEREXTENSIBLE_SKIN]
[HP_BROAD_LONG_BONES,HP_BROAD_LONG_BONES] was killed by [HP_ABNORMALLY_LAX_OR_HYPEREXTENSIBLE_SKIN,HP_ABNORMALLY_LAX_OR_HYPEREXTENSIBLE_SKIN]
[MIR4693_5P,MIR4693_5P] was killed by [ZHAN_V2_LATE_DIFFERENTIATION_GENES,ZHAN_V2_LATE_DIFFERENTIATION_GENES]
[HP_AUTOIMMUNE_HEMOLYTIC_ANEMIA,HP_AUTOIMMUNE_HEMOLYTIC_ANEMIA] was killed by [HP_ANAL_ATRESIA,HP_ANAL_ATRESIA]
[REACTOME_HCMV_INFECTION,REACTOME_HCMV_INFECTION] was killed by [REACTOME_SELECTIVE_AUTOPHAGY,REACTOME_SELECTIVE_AUTOPHAGY]
[DESCARTES_FETAL_ADRENAL_MEGAKARYOCYTES,DESCARTES_FETAL_ADRENAL_MEGAKARYOCYTES] was killed by [ATGTCAC_MIR489,ATGTCAC_MIR489]
[GOBP_CATECHOL_CONTAINING_COMPOUND_METABOLIC_PROCESS,GOBP_CATECHOL_CONTAINING_COMPOUND_METABOLIC_PROCESS] was killed by [GOMF_SULFOTRANSFERASE_ACTIVITY,GOMF_SULFOTRANSFERASE_ACTIVITY]
[HP_ABNORMAL_PARANASAL_SINUS_MORPHOLOGY,HP_ABNORMAL_PARANASAL_SINUS_MORPHOLOGY] was killed by [GOBP_BONE_REMODELING,GOBP_BONE_REMODELING]
[HALLMARK_MYC_TARGETS_V1,HALLMARK_MYC_TARGETS_V1] was killed by [GSE360_L_MAJOR_VS_B_MALAYI_HIGH_DOSE_MAC_DN,GSE360_L_MAJOR_VS_B_MALAYI_HIGH_DOSE_MAC_DN]
[BIOCARTA_IGF1_PATHWAY,BIOCARTA_IGF1_PATHWAY] was killed by [HP_ABNORMALLY_LAX_OR_HYPEREXTENSIBLE_SKIN,HP_ABNORMALLY_LAX_OR_HYPEREXTENSIBLE_SKIN]
[MORF_RAD21,MORF_RAD21] was killed by [MENON_FETAL_KIDNEY_0_CAP_MESENCHYME_CELLS,MENON_FETAL_KIDNEY_0_CAP_MESENCHYME_CELLS]
[MIR222_5P,MIR222_5P] was killed by [MIR6719_3P,MIR6719_3P]
[GSE33162_HDAC3_KO_VS_HDAC3_KO_4H_LPS_STIM_MACROPHAGE_UP,GSE33162_HDAC3_KO_VS_HDAC3_KO_4H_LPS_STIM_MACROPHAGE_UP] was killed by [GSE11961_GERMINAL_CENTER_BCELL_DAY7_VS_PLASMA_CELL_DAY7_UP,GSE11961_GERMINAL_CENTER_BCELL_DAY7_VS_PLASMA_CELL_DAY7_UP]
[GSE42724_MEMORY_VS_B1_BCELL_UP,GSE42724_MEMORY_VS_B1_BCELL_UP] was killed by [GSE15139_GMCSF_TREATED_VS_UNTREATED_NEUTROPHILS_DN,GSE15139_GMCSF_TREATED_VS_UNTREATED_NEUTROPHILS_DN]
[GSE17721_PAM3CSK4_VS_CPG_0.5H_BMDC_DN,GSE17721_PAM3CSK4_VS_CPG_0.5H_BMDC_DN] was killed by [REACTOME_CELLULAR_RESPONSE_TO_STARVATION,REACTOME_CELLULAR_RESPONSE_TO_STARVATION]
[GSE18791_CTRL_VS_NEWCASTLE_VIRUS_DC_16H_UP,GSE18791_CTRL_VS_NEWCASTLE_VIRUS_DC_16H_UP] was killed by [GSE2706_UNSTIM_VS_2H_LPS_AND_R848_DC_UP,GSE2706_UNSTIM_VS_2H_LPS_AND_R848_DC_UP]
[HP_ABNORMAL_AORTIC_ARCH_MORPHOLOGY,HP_ABNORMAL_AORTIC_ARCH_MORPHOLOGY] was killed by [HP_ABNORMALLY_LAX_OR_HYPEREXTENSIBLE_SKIN,HP_ABNORMALLY_LAX_OR_HYPEREXTENSIBLE_SKIN]
[MIR4786_5P,MIR4786_5P] was killed by [GSE17974_0H_VS_48H_IN_VITRO_ACT_CD4_TCELL_UP,GSE17974_0H_VS_48H_IN_VITRO_ACT_CD4_TCELL_UP]
[GSE31082_DN_VS_CD4_SP_THYMOCYTE_DN,GSE31082_DN_VS_CD4_SP_THYMOCYTE_DN] was killed by [HP_CHRONIC_CONSTIPATION,HP_CHRONIC_CONSTIPATION]
[PID_IL5_PATHWAY,PID_IL5_PATHWAY] was killed by [HP_ABNORMALLY_LAX_OR_HYPEREXTENSIBLE_SKIN,HP_ABNORMALLY_LAX_OR_HYPEREXTENSIBLE_SKIN]
[GSE37301_MULTIPOTENT_PROGENITOR_VS_CD4_TCELL_DN,GSE37301_MULTIPOTENT_PROGENITOR_VS_CD4_TCELL_DN] was killed by [GSE15930_NAIVE_VS_24H_IN_VITRO_STIM_IL12_CD8_TCELL_UP,GSE15930_NAIVE_VS_24H_IN_VITRO_STIM_IL12_CD8_TCELL_UP]
[HALLMARK_ESTROGEN_RESPONSE_LATE,HALLMARK_ESTROGEN_RESPONSE_LATE] was killed by [GSE11961_GERMINAL_CENTER_BCELL_DAY7_VS_PLASMA_CELL_DAY7_UP,GSE11961_GERMINAL_CENTER_BCELL_DAY7_VS_PLASMA_CELL_DAY7_UP]
[HP_PREMATURE_SKIN_WRINKLING,HP_PREMATURE_SKIN_WRINKLING] was killed by [HP_ABNORMALLY_LAX_OR_HYPEREXTENSIBLE_SKIN,HP_ABNORMALLY_LAX_OR_HYPEREXTENSIBLE_SKIN]
[HAY_BONE_MARROW_CD34_POS_GRAN,HAY_BONE_MARROW_CD34_POS_GRAN] was killed by [GOBP_REGULATION_OF_MYELINATION,GOBP_REGULATION_OF_MYELINATION]
[HP_PROLONGED_BLEEDING_TIME,HP_PROLONGED_BLEEDING_TIME] was killed by [CAGCCTC_MIR4855P,CAGCCTC_MIR4855P]
[GOBP_AORTA_DEVELOPMENT,GOBP_AORTA_DEVELOPMENT] was killed by [HP_CHRONIC_KIDNEY_DISEASE,HP_CHRONIC_KIDNEY_DISEASE]
[GSE22935_24H_VS_48H_MBOVIS_BCG_STIM_MACROPHAGE_DN,GSE22935_24H_VS_48H_MBOVIS_BCG_STIM_MACROPHAGE_DN] was killed by [GSE17721_POLYIC_VS_CPG_6H_BMDC_DN,GSE17721_POLYIC_VS_CPG_6H_BMDC_DN]
[GOMF_PHOSPHOPROTEIN_BINDING,GOMF_PHOSPHOPROTEIN_BINDING] was killed by [HP_ABNORMALLY_LAX_OR_HYPEREXTENSIBLE_SKIN,HP_ABNORMALLY_LAX_OR_HYPEREXTENSIBLE_SKIN]
[KMCATNNWGGA_UNKNOWN,KMCATNNWGGA_UNKNOWN] was killed by [MENON_FETAL_KIDNEY_0_CAP_MESENCHYME_CELLS,MENON_FETAL_KIDNEY_0_CAP_MESENCHYME_CELLS]
[GOBP_REGULATION_OF_MONONUCLEAR_CELL_MIGRATION,GOBP_REGULATION_OF_MONONUCLEAR_CELL_MIGRATION] was killed by [GSE3982_MEMORY_CD4_TCELL_VS_TH1_UP,GSE3982_MEMORY_CD4_TCELL_VS_TH1_UP]
[RIZ_ERYTHROID_DIFFERENTIATION_CCNE1,RIZ_ERYTHROID_DIFFERENTIATION_CCNE1] was killed by [GSE5589_IL6_KO_VS_IL10_KO_LPS_STIM_MACROPHAGE_45MIN_UP,GSE5589_IL6_KO_VS_IL10_KO_LPS_STIM_MACROPHAGE_45MIN_UP]
[GOBP_RENAL_SYSTEM_PROCESS,GOBP_RENAL_SYSTEM_PROCESS] was killed by [HP_CHRONIC_KIDNEY_DISEASE,HP_CHRONIC_KIDNEY_DISEASE]
[GOBP_NEGATIVE_REGULATION_OF_NEURON_APOPTOTIC_PROCESS,GOBP_NEGATIVE_REGULATION_OF_NEURON_APOPTOTIC_PROCESS] was killed by [HP_ABNORMALLY_LAX_OR_HYPEREXTENSIBLE_SKIN,HP_ABNORMALLY_LAX_OR_HYPEREXTENSIBLE_SKIN]
[GOCC_FICOLIN_1_RICH_GRANULE_LUMEN,GOCC_FICOLIN_1_RICH_GRANULE_LUMEN] was killed by [REACTOME_SELECTIVE_AUTOPHAGY,REACTOME_SELECTIVE_AUTOPHAGY]
[GOBP_TRNA_PROCESSING,GOBP_TRNA_PROCESSING] was killed by [GOBP_TRNA_METABOLIC_PROCESS,GOBP_TRNA_METABOLIC_PROCESS]
[HP_EXPRESSIVE_LANGUAGE_DELAY,HP_EXPRESSIVE_LANGUAGE_DELAY] was killed by [HP_ABNORMALLY_LAX_OR_HYPEREXTENSIBLE_SKIN,HP_ABNORMALLY_LAX_OR_HYPEREXTENSIBLE_SKIN]
[GSE11961_MEMORY_BCELL_DAY40_VS_GERMINAL_CENTER_BCELL_DAY40_DN,GSE11961_MEMORY_BCELL_DAY40_VS_GERMINAL_CENTER_BCELL_DAY40_DN] was killed by [GSE37301_MULTIPOTENT_PROGENITOR_VS_PRO_BCELL_UP,GSE37301_MULTIPOTENT_PROGENITOR_VS_PRO_BCELL_UP]
[WP_PDGF_PATHWAY,WP_PDGF_PATHWAY] was killed by [HP_ABNORMALLY_LAX_OR_HYPEREXTENSIBLE_SKIN,HP_ABNORMALLY_LAX_OR_HYPEREXTENSIBLE_SKIN]
[KAMIKUBO_MYELOID_CEBPA_NETWORK,KAMIKUBO_MYELOID_CEBPA_NETWORK] was killed by [GSE360_L_MAJOR_VS_B_MALAYI_HIGH_DOSE_MAC_DN,GSE360_L_MAJOR_VS_B_MALAYI_HIGH_DOSE_MAC_DN]
[PID_FCER1_PATHWAY,PID_FCER1_PATHWAY] was killed by [HP_ABNORMALLY_LAX_OR_HYPEREXTENSIBLE_SKIN,HP_ABNORMALLY_LAX_OR_HYPEREXTENSIBLE_SKIN]
[MIR183_3P,MIR183_3P] was killed by [chr19p12,chr19p12]
[WP_EPO_RECEPTOR_SIGNALING,WP_EPO_RECEPTOR_SIGNALING] was killed by [HP_ABNORMALLY_LAX_OR_HYPEREXTENSIBLE_SKIN,HP_ABNORMALLY_LAX_OR_HYPEREXTENSIBLE_SKIN]
[GOBP_EPIBOLY,GOBP_EPIBOLY] was killed by [HP_ABNORMALLY_LAX_OR_HYPEREXTENSIBLE_SKIN,HP_ABNORMALLY_LAX_OR_HYPEREXTENSIBLE_SKIN]
[GOMF_CIS_TRANS_ISOMERASE_ACTIVITY,GOMF_CIS_TRANS_ISOMERASE_ACTIVITY] was killed by [CUI_GLUCOSE_DEPRIVATION,CUI_GLUCOSE_DEPRIVATION]
[REACTOME_RECRUITMENT_OF_NUMA_TO_MITOTIC_CENTROSOMES,REACTOME_RECRUITMENT_OF_NUMA_TO_MITOTIC_CENTROSOMES] was killed by [REACTOME_SELECTIVE_AUTOPHAGY,REACTOME_SELECTIVE_AUTOPHAGY]
[GOBP_NEGATIVE_REGULATION_OF_TRANSMEMBRANE_TRANSPORT,GOBP_NEGATIVE_REGULATION_OF_TRANSMEMBRANE_TRANSPORT] was killed by [GOBP_REGULATION_OF_MYELINATION,GOBP_REGULATION_OF_MYELINATION]
[GOBP_POSITIVE_REGULATION_OF_NERVOUS_SYSTEM_PROCESS,GOBP_POSITIVE_REGULATION_OF_NERVOUS_SYSTEM_PROCESS] was killed by [GOBP_REGULATION_OF_MYELINATION,GOBP_REGULATION_OF_MYELINATION]
[GSE24634_TREG_VS_TCONV_POST_DAY10_IL4_CONVERSION_UP,GSE24634_TREG_VS_TCONV_POST_DAY10_IL4_CONVERSION_UP] was killed by [GSE15139_GMCSF_TREATED_VS_UNTREATED_NEUTROPHILS_DN,GSE15139_GMCSF_TREATED_VS_UNTREATED_NEUTROPHILS_DN]
[GSE20366_TREG_VS_TCONV_UP,GSE20366_TREG_VS_TCONV_UP] was killed by [GSE14699_NAIVE_VS_ACT_CD8_TCELL_UP,GSE14699_NAIVE_VS_ACT_CD8_TCELL_UP]
[GCM_TPT1,GCM_TPT1] was killed by [HOXC13_TARGET_GENES,HOXC13_TARGET_GENES]
[GOBP_POSITIVE_REGULATION_OF_CELLULAR_AMIDE_METABOLIC_PROCESS,GOBP_POSITIVE_REGULATION_OF_CELLULAR_AMIDE_METABOLIC_PROCESS] was killed by [REACTOME_CELLULAR_RESPONSE_TO_STARVATION,REACTOME_CELLULAR_RESPONSE_TO_STARVATION]
[GSE17974_0.5H_VS_72H_IL4_AND_ANTI_IL12_ACT_CD4_TCELL_UP,GSE17974_0.5H_VS_72H_IL4_AND_ANTI_IL12_ACT_CD4_TCELL_UP] was killed by [GSE17974_0H_VS_48H_IN_VITRO_ACT_CD4_TCELL_UP,GSE17974_0H_VS_48H_IN_VITRO_ACT_CD4_TCELL_UP]
[GOBP_PROTEIN_PEPTIDYL_PROLYL_ISOMERIZATION,GOBP_PROTEIN_PEPTIDYL_PROLYL_ISOMERIZATION] was killed by [CUI_GLUCOSE_DEPRIVATION,CUI_GLUCOSE_DEPRIVATION]
[REACTOME_SYNTHESIS_OF_ACTIVE_UBIQUITIN_ROLES_OF_E1_AND_E2_ENZYMES,REACTOME_SYNTHESIS_OF_ACTIVE_UBIQUITIN_ROLES_OF_E1_AND_E2_ENZYMES] was killed by [WONG_PROTEASOME_GENE_MODULE,WONG_PROTEASOME_GENE_MODULE]
[GOBP_PROTEOGLYCAN_METABOLIC_PROCESS,GOBP_PROTEOGLYCAN_METABOLIC_PROCESS] was killed by [HP_ABNORMALLY_LAX_OR_HYPEREXTENSIBLE_SKIN,HP_ABNORMALLY_LAX_OR_HYPEREXTENSIBLE_SKIN]
[HP_DECREASED_SKULL_OSSIFICATION,HP_DECREASED_SKULL_OSSIFICATION] was killed by [HP_ABNORMALLY_LAX_OR_HYPEREXTENSIBLE_SKIN,HP_ABNORMALLY_LAX_OR_HYPEREXTENSIBLE_SKIN]
[GOBP_SISTER_CHROMATID_COHESION,GOBP_SISTER_CHROMATID_COHESION] was killed by [MENON_FETAL_KIDNEY_0_CAP_MESENCHYME_CELLS,MENON_FETAL_KIDNEY_0_CAP_MESENCHYME_CELLS]
[HP_LONG_TOE,HP_LONG_TOE] was killed by [HP_ABNORMALLY_LAX_OR_HYPEREXTENSIBLE_SKIN,HP_ABNORMALLY_LAX_OR_HYPEREXTENSIBLE_SKIN]
[GSE5679_RARA_AGONIST_AM580_VS_AM580_AND_ROSIGLITAZONE_TREATED_DC_DN,GSE5679_RARA_AGONIST_AM580_VS_AM580_AND_ROSIGLITAZONE_TREATED_DC_DN] was killed by [GSE3982_MEMORY_CD4_TCELL_VS_TH1_UP,GSE3982_MEMORY_CD4_TCELL_VS_TH1_UP]
[GSE2770_TGFB_AND_IL4_VS_TGFB_AND_IL12_TREATED_ACT_CD4_TCELL_2H_UP,GSE2770_TGFB_AND_IL4_VS_TGFB_AND_IL12_TREATED_ACT_CD4_TCELL_2H_UP] was killed by [GSE17974_0H_VS_48H_IN_VITRO_ACT_CD4_TCELL_UP,GSE17974_0H_VS_48H_IN_VITRO_ACT_CD4_TCELL_UP]
[MIR513C_5P,MIR513C_5P] was killed by [chr19p12,chr19p12]
[MIR501_5P,MIR501_5P] was killed by [MIR4273,MIR4273]
