[MIR199A_5P,MIR199A_5P] was killed by [MIR199B_5P,MIR199B_5P]
[MIR5003_5P,MIR5003_5P] was killed by [MIR199B_5P,MIR199B_5P]
[MIR302A_5P,MIR302A_5P] was killed by [ATCATGA_MIR433,ATCATGA_MIR433]
[MIR520F_3P,MIR520F_3P] was killed by [MIR222_3P,MIR222_3P]
[GTCTTCC_MIR7,GTCTTCC_MIR7] was killed by [ATCATGA_MIR433,ATCATGA_MIR433]
[MIR603,MIR603] was killed by [MIR199B_5P,MIR199B_5P]
[TAATGTG_MIR323,TAATGTG_MIR323] was killed by [ATCATGA_MIR433,ATCATGA_MIR433]
[MIR9851_3P,MIR9851_3P] was killed by [GAGACTG_MIR452,GAGACTG_MIR452]
[ATGAAGG_MIR205,ATGAAGG_MIR205] was killed by [ATCATGA_MIR433,ATCATGA_MIR433]
[MIR221_3P,MIR221_3P] was killed by [MIR1183,MIR1183]
[GCTTGAA_MIR498,GCTTGAA_MIR498] was killed by [MIR222_3P,MIR222_3P]
[MIR224_5P,MIR224_5P] was killed by [MIR5589_3P,MIR5589_3P]
[MIR5697,MIR5697] was killed by [MIR199B_5P,MIR199B_5P]
[MIR27B_5P,MIR27B_5P] was killed by [ATAAGCT_MIR21,ATAAGCT_MIR21]
[ACACTCC_MIR122A,ACACTCC_MIR122A] was killed by [MIR1183,MIR1183]
[MIR4772_3P,MIR4772_3P] was killed by [MIR217_5P,MIR217_5P]
[MIR337_3P,MIR337_3P] was killed by [MIR222_3P,MIR222_3P]
[MIR4255,MIR4255] was killed by [MIR5589_3P,MIR5589_3P]
[ACCATTT_MIR522,ACCATTT_MIR522] was killed by [ATCATGA_MIR433,ATCATGA_MIR433]
[MIR618,MIR618] was killed by [MIR323B_3P,MIR323B_3P]
[ATACCTC_MIR202,ATACCTC_MIR202] was killed by [MIR5589_3P,MIR5589_3P]
[MIR362_5P,MIR362_5P] was killed by [MIR500B_5P,MIR500B_5P]
[TCATCTC_MIR143,TCATCTC_MIR143] was killed by [MIR1183,MIR1183]
[MIR6807_3P,MIR6807_3P] was killed by [MIR217_5P,MIR217_5P]
[ACACTAC_MIR1423P,ACACTAC_MIR1423P] was killed by [MIR5589_3P,MIR5589_3P]
[MIR4753_5P,MIR4753_5P] was killed by [MIR5589_3P,MIR5589_3P]
[MIR1193,MIR1193] was killed by [MIR217_5P,MIR217_5P]
[ATAGGAA_MIR202,ATAGGAA_MIR202] was killed by [MIR6881_3P,MIR6881_3P]
[MIR215_3P,MIR215_3P] was killed by [MIR323B_3P,MIR323B_3P]
[MIR3144_3P,MIR3144_3P] was killed by [MIR374A_3P,MIR374A_3P]
[MIR3688_5P,MIR3688_5P] was killed by [ATCATGA_MIR433,ATCATGA_MIR433]
[MIR522_3P,MIR522_3P] was killed by [MIR199B_5P,MIR199B_5P]
[MIR4480,MIR4480] was killed by [MIR1207_3P,MIR1207_3P]
[MIR4275,MIR4275] was killed by [ATCATGA_MIR433,ATCATGA_MIR433]
[MIR5197_5P,MIR5197_5P] was killed by [MIR222_3P,MIR222_3P]
[MIR143_5P,MIR143_5P] was killed by [MIR217_5P,MIR217_5P]
[MIR504_5P,MIR504_5P] was killed by [ATCATGA_MIR433,ATCATGA_MIR433]
[MIR509_5P,MIR509_5P] was killed by [MIR199B_5P,MIR199B_5P]
[MIR4277,MIR4277] was killed by [MIR6881_3P,MIR6881_3P]
[MIR561_5P,MIR561_5P] was killed by [MIR222_3P,MIR222_3P]
[MIR6768_3P,MIR6768_3P] was killed by [MIR5589_3P,MIR5589_3P]
[MIR12132,MIR12132] was killed by [MIR217_5P,MIR217_5P]
[MIR509_3_5P,MIR509_3_5P] was killed by [MIR199B_5P,MIR199B_5P]
[MIR6780A_3P,MIR6780A_3P] was killed by [MIR199B_5P,MIR199B_5P]
[GGCCAGT_MIR193A_MIR193B,GGCCAGT_MIR193A_MIR193B] was killed by [MIR6881_3P,MIR6881_3P]
[MIR4284,MIR4284] was killed by [MIR222_3P,MIR222_3P]
[MIR4536_5P,MIR4536_5P] was killed by [MIR500B_5P,MIR500B_5P]
[MIR12120,MIR12120] was killed by [ATCATGA_MIR433,ATCATGA_MIR433]
[MIR873_3P,MIR873_3P] was killed by [ATCATGA_MIR433,ATCATGA_MIR433]
[MIR122B_3P,MIR122B_3P] was killed by [MIR5589_3P,MIR5589_3P]
[AGCATTA_MIR155,AGCATTA_MIR155] was killed by [ATAAGCT_MIR21,ATAAGCT_MIR21]
[MIR767_5P,MIR767_5P] was killed by [MIR6881_3P,MIR6881_3P]
[MIR142_3P,MIR142_3P] was killed by [MIR5589_3P,MIR5589_3P]
[MIR224_3P,MIR224_3P] was killed by [MIR199B_5P,MIR199B_5P]
[ACACTGG_MIR199A_MIR199B,ACACTGG_MIR199A_MIR199B] was killed by [ATCATGA_MIR433,ATCATGA_MIR433]
[MIR371A_5P,MIR371A_5P] was killed by [ATCATGA_MIR433,ATCATGA_MIR433]
[AACTGAC_MIR223,AACTGAC_MIR223] was killed by [ATCATGA_MIR433,ATCATGA_MIR433]
[MIR4696,MIR4696] was killed by [MIR4452,MIR4452]
[MIR298,MIR298] was killed by [MIR5589_3P,MIR5589_3P]
[CCCACAT_MIR2993P,CCCACAT_MIR2993P] was killed by [ATCATGA_MIR433,ATCATGA_MIR433]
[MIR1912_5P,MIR1912_5P] was killed by [MIR5589_3P,MIR5589_3P]
[MIR3613_5P,MIR3613_5P] was killed by [GAGACTG_MIR452,GAGACTG_MIR452]
[MIR6771_3P,MIR6771_3P] was killed by [MIR217_5P,MIR217_5P]
[MIR503_5P,MIR503_5P] was killed by [ATAAGCT_MIR21,ATAAGCT_MIR21]
[MIR4670_3P,MIR4670_3P] was killed by [ATCATGA_MIR433,ATCATGA_MIR433]
[AGGCACT_MIR5153P,AGGCACT_MIR5153P] was killed by [GAGACTG_MIR452,GAGACTG_MIR452]
[MIR2116_3P,MIR2116_3P] was killed by [MIR652_5P,MIR652_5P]
[MIR5002_3P,MIR5002_3P] was killed by [ATAAGCT_MIR21,ATAAGCT_MIR21]
[GGCACTT_MIR519E,GGCACTT_MIR519E] was killed by [MIR5589_3P,MIR5589_3P]
[MIR653_3P,MIR653_3P] was killed by [MIR593_5P,MIR593_5P]
[MIR4288,MIR4288] was killed by [MIR199B_5P,MIR199B_5P]
[MIR6509_5P,MIR6509_5P] was killed by [MIR1183,MIR1183]
[MIR6856_3P,MIR6856_3P] was killed by [MIR12126,MIR12126]
[MIR100_3P,MIR100_3P] was killed by [MIR217_5P,MIR217_5P]
[GTGTTGA_MIR505,GTGTTGA_MIR505] was killed by [ATCATGA_MIR433,ATCATGA_MIR433]
[MIR5009_5P,MIR5009_5P] was killed by [MIR323B_3P,MIR323B_3P]
[CTGTTAC_MIR194,CTGTTAC_MIR194] was killed by [ATCATGA_MIR433,ATCATGA_MIR433]
[MIR18A_5P_MIR18B_5P,MIR18A_5P_MIR18B_5P] was killed by [MIR199B_5P,MIR199B_5P]
[MIR7161_5P,MIR7161_5P] was killed by [ATCATGA_MIR433,ATCATGA_MIR433]
[MIR5689,MIR5689] was killed by [ATCATGA_MIR433,ATCATGA_MIR433]
[MIR4418,MIR4418] was killed by [MIR199B_5P,MIR199B_5P]
[MIR10394_5P,MIR10394_5P] was killed by [MIR222_3P,MIR222_3P]
[CAGCCTC_MIR4855P,CAGCCTC_MIR4855P] was killed by [ATCATGA_MIR433,ATCATGA_MIR433]
[TAGAACC_MIR182,TAGAACC_MIR182] was killed by [GAGACTG_MIR452,GAGACTG_MIR452]
[MIR330_5P,MIR330_5P] was killed by [MIR12126,MIR12126]
[MIR4793_3P,MIR4793_3P] was killed by [MIR5589_3P,MIR5589_3P]
[MIR1205,MIR1205] was killed by [MIR222_3P,MIR222_3P]
[MIR34B_3P,MIR34B_3P] was killed by [MIR1183,MIR1183]
[MIR1288_5P,MIR1288_5P] was killed by [MIR3925_5P,MIR3925_5P]
[MIR5187_3P,MIR5187_3P] was killed by [MIR1183,MIR1183]
[MIR7844_5P,MIR7844_5P] was killed by [ATCATGA_MIR433,ATCATGA_MIR433]
[MIR1322,MIR1322] was killed by [MIR3960_MIR8072,MIR3960_MIR8072]
[MIR219A_1_3P,MIR219A_1_3P] was killed by [ATAAGCT_MIR21,ATAAGCT_MIR21]
[MIR4645_3P,MIR4645_3P] was killed by [ATCATGA_MIR433,ATCATGA_MIR433]
[AACATTC_MIR4093P,AACATTC_MIR4093P] was killed by [ATCATGA_MIR433,ATCATGA_MIR433]
[MIR345_5P,MIR345_5P] was killed by [MIR5589_3P,MIR5589_3P]
[MIR505_3P,MIR505_3P] was killed by [MIR5589_3P,MIR5589_3P]
[MIR548B_3P,MIR548B_3P] was killed by [MIR222_3P,MIR222_3P]
[MIR647,MIR647] was killed by [MIR652_5P,MIR652_5P]
[MIR589_5P,MIR589_5P] was killed by [MIR323B_3P,MIR323B_3P]
[MIR4436B_5P,MIR4436B_5P] was killed by [MIR222_3P,MIR222_3P]
[MIR4735_3P,MIR4735_3P] was killed by [MIR199B_5P,MIR199B_5P]
[MIR5000_5P,MIR5000_5P] was killed by [GAGACTG_MIR452,GAGACTG_MIR452]
[MIR619_5P,MIR619_5P] was killed by [MIR6881_3P,MIR6881_3P]
