[HNRNPM_HEK293T_POSTAR_Piranha_0.01,HNRNPM_HEK293T_POSTAR_Piranha_0.01] was killed by [HNRNPM_HEK293T_POSTAR_HITS-CLIP,HNRNPM_HEK293T_POSTAR_HITS-CLIP]
[PTBP1_HepG2_POSTAR_eCLIP,PTBP1_HepG2_POSTAR_eCLIP] was killed by [HNRNPM_HEK293T_POSTAR_HITS-CLIP,HNRNPM_HEK293T_POSTAR_HITS-CLIP]
[DDX6_K562_POSTAR_eCLIP,DDX6_K562_POSTAR_eCLIP] was killed by [HNRNPM_HEK293T_POSTAR_HITS-CLIP,HNRNPM_HEK293T_POSTAR_HITS-CLIP]
[MBNL2_frontalcortex_POSTAR_HITS-CLIP,MBNL2_frontalcortex_POSTAR_HITS-CLIP] was killed by [HNRNPM_HEK293T_POSTAR_HITS-CLIP,HNRNPM_HEK293T_POSTAR_HITS-CLIP]
[RBM5_HepG2_POSTAR_eCLIP,RBM5_HepG2_POSTAR_eCLIP] was killed by [HNRNPM_HEK293T_POSTAR_HITS-CLIP,HNRNPM_HEK293T_POSTAR_HITS-CLIP]
[EIF3G_HEK293T_POSTAR_Piranha_0.01,EIF3G_HEK293T_POSTAR_Piranha_0.01] was killed by [HNRNPM_HEK293T_POSTAR_HITS-CLIP,HNRNPM_HEK293T_POSTAR_HITS-CLIP]
[QKI_K562_POSTAR_eCLIP,QKI_K562_POSTAR_eCLIP] was killed by [HNRNPM_HEK293T_POSTAR_HITS-CLIP,HNRNPM_HEK293T_POSTAR_HITS-CLIP]
[RBM47_MDA-MB-231_POSTAR_CIMS,RBM47_MDA-MB-231_POSTAR_CIMS] was killed by [HNRNPM_HEK293T_POSTAR_HITS-CLIP,HNRNPM_HEK293T_POSTAR_HITS-CLIP]
[MBNL2_frontalcortex_POSTAR_Piranha_0.01,MBNL2_frontalcortex_POSTAR_Piranha_0.01] was killed by [HNRNPM_HEK293T_POSTAR_HITS-CLIP,HNRNPM_HEK293T_POSTAR_HITS-CLIP]
[QKI_HepG2_POSTAR_eCLIP,QKI_HepG2_POSTAR_eCLIP] was killed by [HNRNPM_HEK293T_POSTAR_HITS-CLIP,HNRNPM_HEK293T_POSTAR_HITS-CLIP]
[XRCC6_HepG2_POSTAR_eCLIP,XRCC6_HepG2_POSTAR_eCLIP] was killed by [HNRNPM_HEK293T_POSTAR_HITS-CLIP,HNRNPM_HEK293T_POSTAR_HITS-CLIP]
[UPF1_HEK_293_FRT_POSTAR_CIMS,UPF1_HEK_293_FRT_POSTAR_CIMS] was killed by [HNRNPM_HEK293T_POSTAR_HITS-CLIP,HNRNPM_HEK293T_POSTAR_HITS-CLIP]
[MBNL2_hippocampus_POSTAR_HITS-CLIP,MBNL2_hippocampus_POSTAR_HITS-CLIP] was killed by [HNRNPM_HEK293T_POSTAR_HITS-CLIP,HNRNPM_HEK293T_POSTAR_HITS-CLIP]
[NKRF_HepG2_POSTAR_eCLIP,NKRF_HepG2_POSTAR_eCLIP] was killed by [HNRNPM_HEK293T_POSTAR_HITS-CLIP,HNRNPM_HEK293T_POSTAR_HITS-CLIP]
[NCBP2_K562_POSTAR_eCLIP,NCBP2_K562_POSTAR_eCLIP] was killed by [HNRNPM_HEK293T_POSTAR_HITS-CLIP,HNRNPM_HEK293T_POSTAR_HITS-CLIP]
[SRRM4_HEK293T_POSTAR_CIMS,SRRM4_HEK293T_POSTAR_CIMS] was killed by [HNRNPM_HEK293T_POSTAR_HITS-CLIP,HNRNPM_HEK293T_POSTAR_HITS-CLIP]
[TIA1_HepG2_POSTAR_eCLIP,TIA1_HepG2_POSTAR_eCLIP] was killed by [HNRNPM_HEK293T_POSTAR_HITS-CLIP,HNRNPM_HEK293T_POSTAR_HITS-CLIP]
[EFTUD2_K562_POSTAR_eCLIP,EFTUD2_K562_POSTAR_eCLIP] was killed by [HNRNPM_HEK293T_POSTAR_HITS-CLIP,HNRNPM_HEK293T_POSTAR_HITS-CLIP]
[PRPF8_K562_POSTAR_eCLIP,PRPF8_K562_POSTAR_eCLIP] was killed by [HNRNPM_HEK293T_POSTAR_HITS-CLIP,HNRNPM_HEK293T_POSTAR_HITS-CLIP]
[HNRNPC_HEK293_POSTAR_PARalyzer,HNRNPC_HEK293_POSTAR_PARalyzer] was killed by [HNRNPM_HEK293T_POSTAR_HITS-CLIP,HNRNPM_HEK293T_POSTAR_HITS-CLIP]
[YTHDF3_HEK293T_POSTAR_CIMS,YTHDF3_HEK293T_POSTAR_CIMS] was killed by [HNRNPM_HEK293T_POSTAR_HITS-CLIP,HNRNPM_HEK293T_POSTAR_HITS-CLIP]
[YTHDF1_Huh7_POSTAR_PARalyzer,YTHDF1_Huh7_POSTAR_PARalyzer] was killed by [HNRNPM_HEK293T_POSTAR_HITS-CLIP,HNRNPM_HEK293T_POSTAR_HITS-CLIP]
[METTL14_HeLa_POSTAR_PAR-CLIP,METTL14_HeLa_POSTAR_PAR-CLIP] was killed by [HNRNPM_HEK293T_POSTAR_HITS-CLIP,HNRNPM_HEK293T_POSTAR_HITS-CLIP]
[RBM10_HEK293T_POSTAR_HITS-CLIP,RBM10_HEK293T_POSTAR_HITS-CLIP] was killed by [HNRNPM_HEK293T_POSTAR_HITS-CLIP,HNRNPM_HEK293T_POSTAR_HITS-CLIP]
[ILF3_HepG2_POSTAR_eCLIP,ILF3_HepG2_POSTAR_eCLIP] was killed by [HNRNPM_HEK293T_POSTAR_HITS-CLIP,HNRNPM_HEK293T_POSTAR_HITS-CLIP]
[BUD13_K562_POSTAR_eCLIP,BUD13_K562_POSTAR_eCLIP] was killed by [HNRNPM_HEK293T_POSTAR_HITS-CLIP,HNRNPM_HEK293T_POSTAR_HITS-CLIP]
[KHDRBS1_K562_POSTAR_eCLIP,KHDRBS1_K562_POSTAR_eCLIP] was killed by [HNRNPM_HEK293T_POSTAR_HITS-CLIP,HNRNPM_HEK293T_POSTAR_HITS-CLIP]
[HNRNPA1_K562_POSTAR_eCLIP,HNRNPA1_K562_POSTAR_eCLIP] was killed by [HNRNPM_HEK293T_POSTAR_HITS-CLIP,HNRNPM_HEK293T_POSTAR_HITS-CLIP]
[YTHDF1_Huh7_POSTAR_PAR-CLIP,YTHDF1_Huh7_POSTAR_PAR-CLIP] was killed by [HNRNPM_HEK293T_POSTAR_HITS-CLIP,HNRNPM_HEK293T_POSTAR_HITS-CLIP]
[RBM10_HEK293T_POSTAR_CIMS,RBM10_HEK293T_POSTAR_CIMS] was killed by [HNRNPM_HEK293T_POSTAR_HITS-CLIP,HNRNPM_HEK293T_POSTAR_HITS-CLIP]
[FUBP3_HepG2_POSTAR_eCLIP,FUBP3_HepG2_POSTAR_eCLIP] was killed by [HNRNPM_HEK293T_POSTAR_HITS-CLIP,HNRNPM_HEK293T_POSTAR_HITS-CLIP]
[ATXN2_HEK293T_POSTAR_Piranha_0.01,ATXN2_HEK293T_POSTAR_Piranha_0.01] was killed by [HNRNPM_HEK293T_POSTAR_HITS-CLIP,HNRNPM_HEK293T_POSTAR_HITS-CLIP]
[MBNL2_hippocampus_POSTAR_Piranha_0.01,MBNL2_hippocampus_POSTAR_Piranha_0.01] was killed by [HNRNPM_HEK293T_POSTAR_HITS-CLIP,HNRNPM_HEK293T_POSTAR_HITS-CLIP]
