[HP_LACTIC_ACIDOSIS,HP_LACTIC_ACIDOSIS] was killed by [HP_INCREASED_SERUM_LACTATE,HP_INCREASED_SERUM_LACTATE]
[HP_INCREASED_CSF_LACTATE,HP_INCREASED_CSF_LACTATE] was killed by [HP_INCREASED_SERUM_LACTATE,HP_INCREASED_SERUM_LACTATE]
[HP_ABNORMAL_ACTIVITY_OF_MITOCHONDRIAL_RESPIRATORY_CHAIN,HP_ABNORMAL_ACTIVITY_OF_MITOCHONDRIAL_RESPIRATORY_CHAIN] was killed by [HP_INCREASED_SERUM_LACTATE,HP_INCREASED_SERUM_LACTATE]
[HP_ABNORMAL_CSF_METABOLITE_LEVEL,HP_ABNORMAL_CSF_METABOLITE_LEVEL] was killed by [HP_INCREASED_SERUM_LACTATE,HP_INCREASED_SERUM_LACTATE]
[HP_LEUKODYSTROPHY,HP_LEUKODYSTROPHY] was killed by [HP_INCREASED_SERUM_LACTATE,HP_INCREASED_SERUM_LACTATE]
[HP_ABNORMALITY_OF_THE_MITOCHONDRION,HP_ABNORMALITY_OF_THE_MITOCHONDRION] was killed by [HP_INCREASED_SERUM_LACTATE,HP_INCREASED_SERUM_LACTATE]
[HP_SLOPING_FOREHEAD,HP_SLOPING_FOREHEAD] was killed by [HP_INCREASED_SERUM_LACTATE,HP_INCREASED_SERUM_LACTATE]
[HP_DECREASED_ACTIVITY_OF_MITOCHONDRIAL_COMPLEX_I,HP_DECREASED_ACTIVITY_OF_MITOCHONDRIAL_COMPLEX_I] was killed by [HP_INCREASED_SERUM_LACTATE,HP_INCREASED_SERUM_LACTATE]
[HP_ABNORMAL_BASAL_GANGLIA_MRI_SIGNAL_INTENSITY,HP_ABNORMAL_BASAL_GANGLIA_MRI_SIGNAL_INTENSITY] was killed by [HP_INCREASED_SERUM_LACTATE,HP_INCREASED_SERUM_LACTATE]
[HP_LETHARGY,HP_LETHARGY] was killed by [HP_INCREASED_SERUM_LACTATE,HP_INCREASED_SERUM_LACTATE]
[HP_OPTIC_DISC_PALLOR,HP_OPTIC_DISC_PALLOR] was killed by [HP_INCREASED_SERUM_LACTATE,HP_INCREASED_SERUM_LACTATE]
[HP_LISSENCEPHALY,HP_LISSENCEPHALY] was killed by [HP_DELAYED_MYELINATION,HP_DELAYED_MYELINATION]
[HP_MUSCLE_ABNORMALITY_RELATED_TO_MITOCHONDRIAL_DYSFUNCTION,HP_MUSCLE_ABNORMALITY_RELATED_TO_MITOCHONDRIAL_DYSFUNCTION] was killed by [HP_INCREASED_SERUM_LACTATE,HP_INCREASED_SERUM_LACTATE]
[HP_MYELODYSPLASIA,HP_MYELODYSPLASIA] was killed by [HP_CAFE_AU_LAIT_SPOT,HP_CAFE_AU_LAIT_SPOT]
[HP_LOWER_LIMB_SPASTICITY,HP_LOWER_LIMB_SPASTICITY] was killed by [HP_INCREASED_SERUM_LACTATE,HP_INCREASED_SERUM_LACTATE]
[HP_FOCAL_T2_HYPERINTENSE_BASAL_GANGLIA_LESION,HP_FOCAL_T2_HYPERINTENSE_BASAL_GANGLIA_LESION] was killed by [HP_INCREASED_SERUM_LACTATE,HP_INCREASED_SERUM_LACTATE]
[HP_PIGMENTARY_RETINOPATHY,HP_PIGMENTARY_RETINOPATHY] was killed by [HP_INCREASED_SERUM_LACTATE,HP_INCREASED_SERUM_LACTATE]
[HP_ABNORMALITY_OF_THE_PREPUTIUM,HP_ABNORMALITY_OF_THE_PREPUTIUM] was killed by [HP_CAFE_AU_LAIT_SPOT,HP_CAFE_AU_LAIT_SPOT]
[HP_INFERTILITY,HP_INFERTILITY] was killed by [HP_INCREASED_SERUM_LACTATE,HP_INCREASED_SERUM_LACTATE]
[HP_MULTIPLE_CAFE_AU_LAIT_SPOTS,HP_MULTIPLE_CAFE_AU_LAIT_SPOTS] was killed by [HP_CAFE_AU_LAIT_SPOT,HP_CAFE_AU_LAIT_SPOT]
[HP_POSTNATAL_MICROCEPHALY,HP_POSTNATAL_MICROCEPHALY] was killed by [HP_DELAYED_MYELINATION,HP_DELAYED_MYELINATION]
[HP_HYPERAMMONEMIA,HP_HYPERAMMONEMIA] was killed by [HP_INCREASED_SERUM_LACTATE,HP_INCREASED_SERUM_LACTATE]
[HP_ABNORMALITY_OF_HEPATOBILIARY_SYSTEM_PHYSIOLOGY,HP_ABNORMALITY_OF_HEPATOBILIARY_SYSTEM_PHYSIOLOGY] was killed by [HP_INCREASED_SERUM_LACTATE,HP_INCREASED_SERUM_LACTATE]
[HP_FETAL_ULTRASOUND_SOFT_MARKER,HP_FETAL_ULTRASOUND_SOFT_MARKER] was killed by [HP_CAFE_AU_LAIT_SPOT,HP_CAFE_AU_LAIT_SPOT]
[HP_WIDE_MOUTH,HP_WIDE_MOUTH] was killed by [HP_CAFE_AU_LAIT_SPOT,HP_CAFE_AU_LAIT_SPOT]
[HP_ABNORMAL_URINE_PH,HP_ABNORMAL_URINE_PH] was killed by [HP_INCREASED_SERUM_LACTATE,HP_INCREASED_SERUM_LACTATE]
[HP_PROGRESSIVE_MICROCEPHALY,HP_PROGRESSIVE_MICROCEPHALY] was killed by [HP_DELAYED_MYELINATION,HP_DELAYED_MYELINATION]
[HP_DECREASED_ACTIVITY_OF_THE_PYRUVATE_DEHYDROGENASE_COMPLEX,HP_DECREASED_ACTIVITY_OF_THE_PYRUVATE_DEHYDROGENASE_COMPLEX] was killed by [HP_INCREASED_SERUM_LACTATE,HP_INCREASED_SERUM_LACTATE]
[HP_BONE_MARROW_HYPOCELLULARITY,HP_BONE_MARROW_HYPOCELLULARITY] was killed by [HP_CAFE_AU_LAIT_SPOT,HP_CAFE_AU_LAIT_SPOT]
[HP_SANDAL_GAP,HP_SANDAL_GAP] was killed by [HP_CAFE_AU_LAIT_SPOT,HP_CAFE_AU_LAIT_SPOT]
[HP_MITOCHONDRIAL_MYOPATHY,HP_MITOCHONDRIAL_MYOPATHY] was killed by [HP_INCREASED_SERUM_LACTATE,HP_INCREASED_SERUM_LACTATE]
[HP_SIMPLIFIED_GYRAL_PATTERN,HP_SIMPLIFIED_GYRAL_PATTERN] was killed by [HP_DELAYED_MYELINATION,HP_DELAYED_MYELINATION]
[HP_ABNORMAL_ASTROCYTE_MORPHOLOGY,HP_ABNORMAL_ASTROCYTE_MORPHOLOGY] was killed by [HP_CAFE_AU_LAIT_SPOT,HP_CAFE_AU_LAIT_SPOT]
[HP_CNS_HYPOMYELINATION,HP_CNS_HYPOMYELINATION] was killed by [HP_DELAYED_MYELINATION,HP_DELAYED_MYELINATION]
[HP_LEUKEMIA,HP_LEUKEMIA] was killed by [HP_INCREASED_SERUM_LACTATE,HP_INCREASED_SERUM_LACTATE]
[HP_LIPID_ACCUMULATION_IN_HEPATOCYTES,HP_LIPID_ACCUMULATION_IN_HEPATOCYTES] was killed by [HP_INCREASED_SERUM_LACTATE,HP_INCREASED_SERUM_LACTATE]
[HP_ABNORMAL_CIRCULATING_PROTEINOGENIC_AMINO_ACID_CONCENTRATION,HP_ABNORMAL_CIRCULATING_PROTEINOGENIC_AMINO_ACID_CONCENTRATION] was killed by [HP_ORGANIC_ACIDURIA,HP_ORGANIC_ACIDURIA]
[HP_ASTIGMATISM,HP_ASTIGMATISM] was killed by [HP_CAFE_AU_LAIT_SPOT,HP_CAFE_AU_LAIT_SPOT]
[HP_ACUTE_LYMPHOBLASTIC_LEUKEMIA,HP_ACUTE_LYMPHOBLASTIC_LEUKEMIA] was killed by [HP_CAFE_AU_LAIT_SPOT,HP_CAFE_AU_LAIT_SPOT]
[HP_HYPOPIGMENTATION_OF_THE_SKIN,HP_HYPOPIGMENTATION_OF_THE_SKIN] was killed by [HP_INCREASED_SERUM_LACTATE,HP_INCREASED_SERUM_LACTATE]
[HP_ABNORMAL_NEUTROPHIL_COUNT,HP_ABNORMAL_NEUTROPHIL_COUNT] was killed by [HP_CAFE_AU_LAIT_SPOT,HP_CAFE_AU_LAIT_SPOT]
[HP_BRUXISM,HP_BRUXISM] was killed by [HP_DELAYED_MYELINATION,HP_DELAYED_MYELINATION]
[HP_ACUTE_LEUKEMIA,HP_ACUTE_LEUKEMIA] was killed by [HP_INCREASED_SERUM_LACTATE,HP_INCREASED_SERUM_LACTATE]
[HP_ABNORMAL_MITOCHONDRIA_IN_MUSCLE_TISSUE,HP_ABNORMAL_MITOCHONDRIA_IN_MUSCLE_TISSUE] was killed by [HP_INCREASED_SERUM_LACTATE,HP_INCREASED_SERUM_LACTATE]
[HP_ABNORMAL_BRAINSTEM_MRI_SIGNAL_INTENSITY,HP_ABNORMAL_BRAINSTEM_MRI_SIGNAL_INTENSITY] was killed by [HP_INCREASED_SERUM_LACTATE,HP_INCREASED_SERUM_LACTATE]
[HP_ABSENT_SEPTUM_PELLUCIDUM,HP_ABSENT_SEPTUM_PELLUCIDUM] was killed by [HP_INCREASED_SERUM_LACTATE,HP_INCREASED_SERUM_LACTATE]
[HP_BROAD_BASED_GAIT,HP_BROAD_BASED_GAIT] was killed by [HP_DELAYED_MYELINATION,HP_DELAYED_MYELINATION]
[HP_ABNORMALITY_OF_CHROMOSOME_STABILITY,HP_ABNORMALITY_OF_CHROMOSOME_STABILITY] was killed by [HP_CAFE_AU_LAIT_SPOT,HP_CAFE_AU_LAIT_SPOT]
[HP_SHORT_PALPEBRAL_FISSURE,HP_SHORT_PALPEBRAL_FISSURE] was killed by [HP_INCREASED_SERUM_LACTATE,HP_INCREASED_SERUM_LACTATE]
[HP_VASCULAR_TORTUOSITY,HP_VASCULAR_TORTUOSITY] was killed by [HP_INCREASED_SERUM_LACTATE,HP_INCREASED_SERUM_LACTATE]
[HP_METABOLIC_ACIDOSIS,HP_METABOLIC_ACIDOSIS] was killed by [HP_INCREASED_SERUM_LACTATE,HP_INCREASED_SERUM_LACTATE]
[HP_RAGGED_RED_MUSCLE_FIBERS,HP_RAGGED_RED_MUSCLE_FIBERS] was killed by [HP_INCREASED_SERUM_LACTATE,HP_INCREASED_SERUM_LACTATE]
[HP_ABNORMAL_CIRCULATING_AMINO_ACID_CONCENTRATION,HP_ABNORMAL_CIRCULATING_AMINO_ACID_CONCENTRATION] was killed by [HP_INCREASED_SERUM_LACTATE,HP_INCREASED_SERUM_LACTATE]
[HP_INCREASED_SERUM_PYRUVATE,HP_INCREASED_SERUM_PYRUVATE] was killed by [HP_INCREASED_SERUM_LACTATE,HP_INCREASED_SERUM_LACTATE]
[HP_SPASTIC_TETRAPARESIS,HP_SPASTIC_TETRAPARESIS] was killed by [HP_INCREASED_SERUM_LACTATE,HP_INCREASED_SERUM_LACTATE]
[HP_ABNORMAL_MORPHOLOGY_OF_THE_ABDOMINAL_MUSCULATURE,HP_ABNORMAL_MORPHOLOGY_OF_THE_ABDOMINAL_MUSCULATURE] was killed by [HP_CAFE_AU_LAIT_SPOT,HP_CAFE_AU_LAIT_SPOT]
[HP_MULTIFACTORIAL_INHERITANCE,HP_MULTIFACTORIAL_INHERITANCE] was killed by [HP_INCREASED_SERUM_LACTATE,HP_INCREASED_SERUM_LACTATE]
[HP_RETINAL_ARTERIAL_TORTUOSITY,HP_RETINAL_ARTERIAL_TORTUOSITY] was killed by [HP_INCREASED_SERUM_LACTATE,HP_INCREASED_SERUM_LACTATE]
[HP_CHROMOSOMAL_BREAKAGE_INDUCED_BY_CROSSLINKING_AGENTS,HP_CHROMOSOMAL_BREAKAGE_INDUCED_BY_CROSSLINKING_AGENTS] was killed by [HP_CAFE_AU_LAIT_SPOT,HP_CAFE_AU_LAIT_SPOT]
[HP_OPTIC_NEUROPATHY,HP_OPTIC_NEUROPATHY] was killed by [HP_INCREASED_SERUM_LACTATE,HP_INCREASED_SERUM_LACTATE]
[HP_MITOCHONDRIAL_INHERITANCE,HP_MITOCHONDRIAL_INHERITANCE] was killed by [HP_INCREASED_SERUM_LACTATE,HP_INCREASED_SERUM_LACTATE]
[HP_ABNORMAL_PROTEIN_GLYCOSYLATION,HP_ABNORMAL_PROTEIN_GLYCOSYLATION] was killed by [HP_ABNORMAL_GLYCOSYLATION,HP_ABNORMAL_GLYCOSYLATION]
[HP_PYRIDOXINE_RESPONSIVE_SIDEROBLASTIC_ANEMIA,HP_PYRIDOXINE_RESPONSIVE_SIDEROBLASTIC_ANEMIA] was killed by [HP_CAFE_AU_LAIT_SPOT,HP_CAFE_AU_LAIT_SPOT]
[HP_PROGRESSIVE_SPASTIC_PARAPLEGIA,HP_PROGRESSIVE_SPASTIC_PARAPLEGIA] was killed by [HP_INCREASED_SERUM_LACTATE,HP_INCREASED_SERUM_LACTATE]
[HP_ABNORMALITY_OF_DNA_REPAIR,HP_ABNORMALITY_OF_DNA_REPAIR] was killed by [HP_CAFE_AU_LAIT_SPOT,HP_CAFE_AU_LAIT_SPOT]
[HP_ABNORMAL_RENAL_GLOMERULUS_MORPHOLOGY,HP_ABNORMAL_RENAL_GLOMERULUS_MORPHOLOGY] was killed by [HP_INCREASED_SERUM_LACTATE,HP_INCREASED_SERUM_LACTATE]
[HP_LEBER_OPTIC_ATROPHY,HP_LEBER_OPTIC_ATROPHY] was killed by [HP_INCREASED_SERUM_LACTATE,HP_INCREASED_SERUM_LACTATE]
[HP_OLIGOHYDRAMNIOS,HP_OLIGOHYDRAMNIOS] was killed by [HP_CAFE_AU_LAIT_SPOT,HP_CAFE_AU_LAIT_SPOT]
[HP_HEPATIC_FAILURE,HP_HEPATIC_FAILURE] was killed by [HP_INCREASED_SERUM_LACTATE,HP_INCREASED_SERUM_LACTATE]
[HP_PAROXYSMAL_INVOLUNTARY_EYE_MOVEMENTS,HP_PAROXYSMAL_INVOLUNTARY_EYE_MOVEMENTS] was killed by [HP_INCREASED_SERUM_LACTATE,HP_INCREASED_SERUM_LACTATE]
[HP_JOINT_HYPERFLEXIBILITY,HP_JOINT_HYPERFLEXIBILITY] was killed by [HP_CAFE_AU_LAIT_SPOT,HP_CAFE_AU_LAIT_SPOT]
[HP_ABNORMALITY_OF_KREBS_CYCLE_METABOLISM,HP_ABNORMALITY_OF_KREBS_CYCLE_METABOLISM] was killed by [HP_INCREASED_SERUM_LACTATE,HP_INCREASED_SERUM_LACTATE]
[HP_SPASTIC_PARAPLEGIA,HP_SPASTIC_PARAPLEGIA] was killed by [HP_INCREASED_SERUM_LACTATE,HP_INCREASED_SERUM_LACTATE]
[HP_EEG_WITH_GENERALIZED_SLOW_ACTIVITY,HP_EEG_WITH_GENERALIZED_SLOW_ACTIVITY] was killed by [HP_HYPERORALITY,HP_HYPERORALITY]
[HP_NON_OBSTRUCTIVE_AZOOSPERMIA,HP_NON_OBSTRUCTIVE_AZOOSPERMIA] was killed by [HP_Y_LINKED_INHERITANCE,HP_Y_LINKED_INHERITANCE]
[HP_PARAPARESIS,HP_PARAPARESIS] was killed by [HP_HEPATOSPLENOMEGALY,HP_HEPATOSPLENOMEGALY]
[HP_ABNORMAL_SPERMATOGENESIS,HP_ABNORMAL_SPERMATOGENESIS] was killed by [HP_CAFE_AU_LAIT_SPOT,HP_CAFE_AU_LAIT_SPOT]
[HP_PROMINENT_DIGIT_PAD,HP_PROMINENT_DIGIT_PAD] was killed by [HP_CAFE_AU_LAIT_SPOT,HP_CAFE_AU_LAIT_SPOT]
[HP_MITOCHONDRIAL_RESPIRATORY_CHAIN_DEFECTS,HP_MITOCHONDRIAL_RESPIRATORY_CHAIN_DEFECTS] was killed by [HP_INCREASED_SERUM_LACTATE,HP_INCREASED_SERUM_LACTATE]
[HP_ABNORMALITY_OF_THE_PERIVENTRICULAR_WHITE_MATTER,HP_ABNORMALITY_OF_THE_PERIVENTRICULAR_WHITE_MATTER] was killed by [HP_INCREASED_SERUM_LACTATE,HP_INCREASED_SERUM_LACTATE]
[HP_COLLECTIONISM,HP_COLLECTIONISM] was killed by [HP_HYPERORALITY,HP_HYPERORALITY]
[HP_HIP_DYSPLASIA,HP_HIP_DYSPLASIA] was killed by [HP_CAFE_AU_LAIT_SPOT,HP_CAFE_AU_LAIT_SPOT]
[HP_CENTROCECAL_SCOTOMA,HP_CENTROCECAL_SCOTOMA] was killed by [HP_INCREASED_SERUM_LACTATE,HP_INCREASED_SERUM_LACTATE]
[HP_ONYCHOGRYPOSIS,HP_ONYCHOGRYPOSIS] was killed by [HP_FOLLICULAR_HYPERKERATOSIS,HP_FOLLICULAR_HYPERKERATOSIS]
[HP_EEG_WITH_CONTINUOUS_SLOW_ACTIVITY,HP_EEG_WITH_CONTINUOUS_SLOW_ACTIVITY] was killed by [HP_HYPERORALITY,HP_HYPERORALITY]
[HP_NEOPLASM_OF_THE_BREAST,HP_NEOPLASM_OF_THE_BREAST] was killed by [HP_INCREASED_SERUM_LACTATE,HP_INCREASED_SERUM_LACTATE]
[HP_POSTNATAL_GROWTH_RETARDATION,HP_POSTNATAL_GROWTH_RETARDATION] was killed by [HP_CAFE_AU_LAIT_SPOT,HP_CAFE_AU_LAIT_SPOT]
[HP_ABNORMAL_GLIAL_CELL_MORPHOLOGY,HP_ABNORMAL_GLIAL_CELL_MORPHOLOGY] was killed by [HP_INCREASED_SERUM_LACTATE,HP_INCREASED_SERUM_LACTATE]
[HP_TELANGIECTASIA,HP_TELANGIECTASIA] was killed by [HP_CAFE_AU_LAIT_SPOT,HP_CAFE_AU_LAIT_SPOT]
[HP_RESTRICTIVE_BEHAVIOR,HP_RESTRICTIVE_BEHAVIOR] was killed by [HP_HYPERORALITY,HP_HYPERORALITY]
[HP_PSYCHOMOTOR_RETARDATION,HP_PSYCHOMOTOR_RETARDATION] was killed by [HP_INCREASED_SERUM_LACTATE,HP_INCREASED_SERUM_LACTATE]
[HP_DUODENAL_STENOSIS,HP_DUODENAL_STENOSIS] was killed by [HP_CAFE_AU_LAIT_SPOT,HP_CAFE_AU_LAIT_SPOT]
[HP_ABNORMAL_URINE_CARBOXYLIC_ACID_LEVEL,HP_ABNORMAL_URINE_CARBOXYLIC_ACID_LEVEL] was killed by [HP_INCREASED_SERUM_LACTATE,HP_INCREASED_SERUM_LACTATE]
[HP_PRIMITIVE_REFLEX,HP_PRIMITIVE_REFLEX] was killed by [HP_HYPERORALITY,HP_HYPERORALITY]
[HP_THICK_EYEBROW,HP_THICK_EYEBROW] was killed by [HP_POINTED_CHIN,HP_POINTED_CHIN]
[HP_ACUTE_MYELOID_LEUKEMIA,HP_ACUTE_MYELOID_LEUKEMIA] was killed by [HP_HEPATOSPLENOMEGALY,HP_HEPATOSPLENOMEGALY]
[HP_EPISODIC_VOMITING,HP_EPISODIC_VOMITING] was killed by [HP_INCREASED_SERUM_LACTATE,HP_INCREASED_SERUM_LACTATE]
[HP_DECREASED_FERTILITY_IN_MALES,HP_DECREASED_FERTILITY_IN_MALES] was killed by [HP_INCREASED_SERUM_LACTATE,HP_INCREASED_SERUM_LACTATE]
[HP_FETAL_DISTRESS,HP_FETAL_DISTRESS] was killed by [HP_INCREASED_SERUM_LACTATE,HP_INCREASED_SERUM_LACTATE]
[HP_ABNORMALITY_OF_THE_EXTRINSIC_PATHWAY,HP_ABNORMALITY_OF_THE_EXTRINSIC_PATHWAY] was killed by [HP_ABNORMAL_GLYCOSYLATION,HP_ABNORMAL_GLYCOSYLATION]
[HP_ABNORMAL_TISSUE_METABOLITE_CONCENTRATION,HP_ABNORMAL_TISSUE_METABOLITE_CONCENTRATION] was killed by [HP_HEPATOSPLENOMEGALY,HP_HEPATOSPLENOMEGALY]
[HP_DEMENTIA,HP_DEMENTIA] was killed by [HP_INCREASED_SERUM_LACTATE,HP_INCREASED_SERUM_LACTATE]
[HP_ABNORMAL_CORPUS_STRIATUM_MORPHOLOGY,HP_ABNORMAL_CORPUS_STRIATUM_MORPHOLOGY] was killed by [HP_INCREASED_SERUM_LACTATE,HP_INCREASED_SERUM_LACTATE]
[HP_ABNORMALITY_OF_PINEAL_MORPHOLOGY,HP_ABNORMALITY_OF_PINEAL_MORPHOLOGY] was killed by [HP_CAFE_AU_LAIT_SPOT,HP_CAFE_AU_LAIT_SPOT]
[HP_FRONTOTEMPORAL_DEMENTIA,HP_FRONTOTEMPORAL_DEMENTIA] was killed by [HP_HYPERORALITY,HP_HYPERORALITY]
[HP_MIXED_HEARING_IMPAIRMENT,HP_MIXED_HEARING_IMPAIRMENT] was killed by [HP_POINTED_CHIN,HP_POINTED_CHIN]
[HP_POOR_HEAD_CONTROL,HP_POOR_HEAD_CONTROL] was killed by [HP_INCREASED_SERUM_LACTATE,HP_INCREASED_SERUM_LACTATE]
[HP_ANOREXIA,HP_ANOREXIA] was killed by [HP_CAFE_AU_LAIT_SPOT,HP_CAFE_AU_LAIT_SPOT]
[HP_AMINOACIDURIA,HP_AMINOACIDURIA] was killed by [HP_INCREASED_SERUM_LACTATE,HP_INCREASED_SERUM_LACTATE]
[HP_ABNORMALITY_OF_THE_SEPTUM_PELLUCIDUM,HP_ABNORMALITY_OF_THE_SEPTUM_PELLUCIDUM] was killed by [HP_INCREASED_SERUM_LACTATE,HP_INCREASED_SERUM_LACTATE]
[HP_POLYNEUROPATHY,HP_POLYNEUROPATHY] was killed by [HP_INCREASED_SERUM_LACTATE,HP_INCREASED_SERUM_LACTATE]
[HP_CHRONIC_MUCOCUTANEOUS_CANDIDIASIS,HP_CHRONIC_MUCOCUTANEOUS_CANDIDIASIS] was killed by [HP_HEPATOSPLENOMEGALY,HP_HEPATOSPLENOMEGALY]
[HP_INCREASED_MUSCLE_LIPID_CONTENT,HP_INCREASED_MUSCLE_LIPID_CONTENT] was killed by [HP_INCREASED_SERUM_LACTATE,HP_INCREASED_SERUM_LACTATE]
[HP_NEURONAL_LOSS_IN_CENTRAL_NERVOUS_SYSTEM,HP_NEURONAL_LOSS_IN_CENTRAL_NERVOUS_SYSTEM] was killed by [HP_HYPERORALITY,HP_HYPERORALITY]
[HP_ABNORMALITY_OF_THE_INTRINSIC_PATHWAY,HP_ABNORMALITY_OF_THE_INTRINSIC_PATHWAY] was killed by [HP_ABNORMAL_GLYCOSYLATION,HP_ABNORMAL_GLYCOSYLATION]
[HP_SLENDER_LONG_BONE,HP_SLENDER_LONG_BONE] was killed by [HP_POINTED_CHIN,HP_POINTED_CHIN]
[HP_SKIN_APPENDAGE_NEOPLASM,HP_SKIN_APPENDAGE_NEOPLASM] was killed by [HP_CAFE_AU_LAIT_SPOT,HP_CAFE_AU_LAIT_SPOT]
[HP_FOCAL_T2_HYPERINTENSE_BRAINSTEM_LESION,HP_FOCAL_T2_HYPERINTENSE_BRAINSTEM_LESION] was killed by [HP_INCREASED_SERUM_LACTATE,HP_INCREASED_SERUM_LACTATE]
[HP_THICKENED_NUCHAL_SKIN_FOLD,HP_THICKENED_NUCHAL_SKIN_FOLD] was killed by [HP_HYPERORALITY,HP_HYPERORALITY]
[HP_ABNORMAL_CIRCULATING_DICARBOXYLIC_ACID_CONCENTRATION,HP_ABNORMAL_CIRCULATING_DICARBOXYLIC_ACID_CONCENTRATION] was killed by [HP_ORGANIC_ACIDURIA,HP_ORGANIC_ACIDURIA]
[HP_ABNORMAL_BRAIN_POSITRON_EMISSION_TOMOGRAPHY,HP_ABNORMAL_BRAIN_POSITRON_EMISSION_TOMOGRAPHY] was killed by [HP_HYPERORALITY,HP_HYPERORALITY]
[HP_BREAST_CARCINOMA,HP_BREAST_CARCINOMA] was killed by [HP_INCREASED_SERUM_LACTATE,HP_INCREASED_SERUM_LACTATE]
[HP_MUTISM,HP_MUTISM] was killed by [HP_HYPERORALITY,HP_HYPERORALITY]
[HP_ABSENT_TESTIS,HP_ABSENT_TESTIS] was killed by [HP_CAFE_AU_LAIT_SPOT,HP_CAFE_AU_LAIT_SPOT]
[HP_ABNORMALITY_OF_THE_PINEAL_GLAND,HP_ABNORMALITY_OF_THE_PINEAL_GLAND] was killed by [HP_CAFE_AU_LAIT_SPOT,HP_CAFE_AU_LAIT_SPOT]
[HP_ABNORMAL_CIRCULATING_SERINE_FAMILY_AMINO_ACID_CONCENTRATION,HP_ABNORMAL_CIRCULATING_SERINE_FAMILY_AMINO_ACID_CONCENTRATION] was killed by [HP_INCREASED_SERUM_LACTATE,HP_INCREASED_SERUM_LACTATE]
[HP_KYPHOSCOLIOSIS,HP_KYPHOSCOLIOSIS] was killed by [HP_ABNORMAL_GLYCOSYLATION,HP_ABNORMAL_GLYCOSYLATION]
[HP_SPINAL_DYSRAPHISM,HP_SPINAL_DYSRAPHISM] was killed by [HP_INCREASED_SERUM_LACTATE,HP_INCREASED_SERUM_LACTATE]
[HP_CONFUSION,HP_CONFUSION] was killed by [HP_ORGANIC_ACIDURIA,HP_ORGANIC_ACIDURIA]
[HP_ABNORMAL_CIRCULATING_CARBOHYDRATE_CONCENTRATION,HP_ABNORMAL_CIRCULATING_CARBOHYDRATE_CONCENTRATION] was killed by [HP_INCREASED_SERUM_LACTATE,HP_INCREASED_SERUM_LACTATE]
[HP_ABNORMAL_MORPHOLOGY_OF_THE_CHOROIDAL_VASCULATURE,HP_ABNORMAL_MORPHOLOGY_OF_THE_CHOROIDAL_VASCULATURE] was killed by [HP_ABNORMALITY_OF_CARTILAGE_OF_EXTERNAL_EAR,HP_ABNORMALITY_OF_CARTILAGE_OF_EXTERNAL_EAR]
[HP_ABNORMAL_NEURON_MORPHOLOGY,HP_ABNORMAL_NEURON_MORPHOLOGY] was killed by [HP_HYPERORALITY,HP_HYPERORALITY]
[HP_ABNORMALITY_OF_CORNEAL_STROMA,HP_ABNORMALITY_OF_CORNEAL_STROMA] was killed by [HP_INCREASED_SERUM_LACTATE,HP_INCREASED_SERUM_LACTATE]
[HP_ABNORMAL_CIRCULATING_GLUTAMINE_FAMILY_AMINO_ACID_CONCENTRATION,HP_ABNORMAL_CIRCULATING_GLUTAMINE_FAMILY_AMINO_ACID_CONCENTRATION] was killed by [HP_INCREASED_SERUM_LACTATE,HP_INCREASED_SERUM_LACTATE]
[HP_PROGRESSIVE_EXTERNAL_OPHTHALMOPLEGIA,HP_PROGRESSIVE_EXTERNAL_OPHTHALMOPLEGIA] was killed by [HP_INCREASED_SERUM_LACTATE,HP_INCREASED_SERUM_LACTATE]
[HP_HIGH_MYOPIA,HP_HIGH_MYOPIA] was killed by [HP_ABNORMAL_GLYCOSYLATION,HP_ABNORMAL_GLYCOSYLATION]
[HP_TRUNCAL_OBESITY,HP_TRUNCAL_OBESITY] was killed by [HP_CAFE_AU_LAIT_SPOT,HP_CAFE_AU_LAIT_SPOT]
[HP_3_METHYLGLUTACONIC_ACIDURIA,HP_3_METHYLGLUTACONIC_ACIDURIA] was killed by [HP_INCREASED_SERUM_LACTATE,HP_INCREASED_SERUM_LACTATE]
[HP_HEMANGIOMATOSIS,HP_HEMANGIOMATOSIS] was killed by [HP_CAFE_AU_LAIT_SPOT,HP_CAFE_AU_LAIT_SPOT]
[HP_HYPOPLASIA_OF_THE_ZYGOMATIC_BONE,HP_HYPOPLASIA_OF_THE_ZYGOMATIC_BONE] was killed by [HP_CAFE_AU_LAIT_SPOT,HP_CAFE_AU_LAIT_SPOT]
[HP_DEHYDRATION,HP_DEHYDRATION] was killed by [HP_ORGANIC_ACIDURIA,HP_ORGANIC_ACIDURIA]
[HP_PROMINENT_NASAL_BRIDGE,HP_PROMINENT_NASAL_BRIDGE] was killed by [HP_CAFE_AU_LAIT_SPOT,HP_CAFE_AU_LAIT_SPOT]
[HP_CHOROIDAL_NEOVASCULARIZATION,HP_CHOROIDAL_NEOVASCULARIZATION] was killed by [HP_ABNORMALITY_OF_CARTILAGE_OF_EXTERNAL_EAR,HP_ABNORMALITY_OF_CARTILAGE_OF_EXTERNAL_EAR]
[HP_REDUCED_VITAL_CAPACITY,HP_REDUCED_VITAL_CAPACITY] was killed by [HP_SHOULDER_GIRDLE_MUSCLE_ATROPHY,HP_SHOULDER_GIRDLE_MUSCLE_ATROPHY]
[HP_ABNORMAL_RENAL_CORTEX_MORPHOLOGY,HP_ABNORMAL_RENAL_CORTEX_MORPHOLOGY] was killed by [HP_INCREASED_SERUM_LACTATE,HP_INCREASED_SERUM_LACTATE]
[HP_FINGERNAIL_DYSPLASIA,HP_FINGERNAIL_DYSPLASIA] was killed by [HP_FOLLICULAR_HYPERKERATOSIS,HP_FOLLICULAR_HYPERKERATOSIS]
[HP_NEOPLASM_OF_STRIATED_MUSCLE,HP_NEOPLASM_OF_STRIATED_MUSCLE] was killed by [HP_CAFE_AU_LAIT_SPOT,HP_CAFE_AU_LAIT_SPOT]
[HP_FRONTOTEMPORAL_CEREBRAL_ATROPHY,HP_FRONTOTEMPORAL_CEREBRAL_ATROPHY] was killed by [HP_HYPERORALITY,HP_HYPERORALITY]
[HP_NON_MIDLINE_CLEFT_PALATE,HP_NON_MIDLINE_CLEFT_PALATE] was killed by [HP_BILATERAL_CLEFT_LIP,HP_BILATERAL_CLEFT_LIP]
[HP_NEPHRITIS,HP_NEPHRITIS] was killed by [HP_HEPATOSPLENOMEGALY,HP_HEPATOSPLENOMEGALY]
[HP_MALE_INFERTILITY,HP_MALE_INFERTILITY] was killed by [HP_INCREASED_SERUM_LACTATE,HP_INCREASED_SERUM_LACTATE]
[HP_LACK_OF_INSIGHT,HP_LACK_OF_INSIGHT] was killed by [HP_HYPERORALITY,HP_HYPERORALITY]
[HP_REDUCED_ANTITHROMBIN_III_ACTIVITY,HP_REDUCED_ANTITHROMBIN_III_ACTIVITY] was killed by [HP_ABNORMAL_GLYCOSYLATION,HP_ABNORMAL_GLYCOSYLATION]
[HP_PERSEVERATION,HP_PERSEVERATION] was killed by [HP_HYPERORALITY,HP_HYPERORALITY]
[HP_FOCAL_MYOCLONIC_SEIZURE,HP_FOCAL_MYOCLONIC_SEIZURE] was killed by [HP_DELAYED_MYELINATION,HP_DELAYED_MYELINATION]
[HP_MEDULLOBLASTOMA,HP_MEDULLOBLASTOMA] was killed by [HP_CAFE_AU_LAIT_SPOT,HP_CAFE_AU_LAIT_SPOT]
[HP_TRUNCUS_ARTERIOSUS,HP_TRUNCUS_ARTERIOSUS] was killed by [HP_POINTED_CHIN,HP_POINTED_CHIN]
[HP_FULL_CHEEKS,HP_FULL_CHEEKS] was killed by [HP_CAFE_AU_LAIT_SPOT,HP_CAFE_AU_LAIT_SPOT]
[HP_ABNORMALITY_OF_THE_FRONTAL_HAIRLINE,HP_ABNORMALITY_OF_THE_FRONTAL_HAIRLINE] was killed by [HP_CAFE_AU_LAIT_SPOT,HP_CAFE_AU_LAIT_SPOT]
[HP_ABNORMAL_CIRCULATING_PROLINE_CONCENTRATION,HP_ABNORMAL_CIRCULATING_PROLINE_CONCENTRATION] was killed by [HP_INCREASED_SERUM_LACTATE,HP_INCREASED_SERUM_LACTATE]
[HP_ANOMIA,HP_ANOMIA] was killed by [HP_HYPERORALITY,HP_HYPERORALITY]
[HP_SMALL_FACE,HP_SMALL_FACE] was killed by [HP_CAFE_AU_LAIT_SPOT,HP_CAFE_AU_LAIT_SPOT]
[HP_ASTROCYTOSIS,HP_ASTROCYTOSIS] was killed by [HP_HYPERORALITY,HP_HYPERORALITY]
[HP_ANTERIORLY_PLACED_ANUS,HP_ANTERIORLY_PLACED_ANUS] was killed by [HP_BILATERAL_CLEFT_LIP,HP_BILATERAL_CLEFT_LIP]
[HP_DIASTASIS_RECTI,HP_DIASTASIS_RECTI] was killed by [HP_HEPATOSPLENOMEGALY,HP_HEPATOSPLENOMEGALY]
[HP_COMA,HP_COMA] was killed by [HP_ORGANIC_ACIDURIA,HP_ORGANIC_ACIDURIA]
[HP_MANIA,HP_MANIA] was killed by [HP_INCREASED_SERUM_LACTATE,HP_INCREASED_SERUM_LACTATE]
[HP_ABNORMALITY_OF_BONE_MARROW_CELL_MORPHOLOGY,HP_ABNORMALITY_OF_BONE_MARROW_CELL_MORPHOLOGY] was killed by [HP_CAFE_AU_LAIT_SPOT,HP_CAFE_AU_LAIT_SPOT]
[HP_PTERYGIUM,HP_PTERYGIUM] was killed by [HP_ABNORMAL_METAPHYSEAL_TRABECULATION,HP_ABNORMAL_METAPHYSEAL_TRABECULATION]
[HP_SEGMENTAL_PERIPHERAL_DEMYELINATION_REMYELINATION,HP_SEGMENTAL_PERIPHERAL_DEMYELINATION_REMYELINATION] was killed by [HP_INCREASED_SERUM_LACTATE,HP_INCREASED_SERUM_LACTATE]
[HP_MOTOR_APHASIA,HP_MOTOR_APHASIA] was killed by [HP_HYPERORALITY,HP_HYPERORALITY]
[HP_ABNORMALITY_OF_HEAD_BLOOD_VESSEL,HP_ABNORMALITY_OF_HEAD_BLOOD_VESSEL] was killed by [HP_DELAYED_MYELINATION,HP_DELAYED_MYELINATION]
[HP_INTESTINAL_PSEUDO_OBSTRUCTION,HP_INTESTINAL_PSEUDO_OBSTRUCTION] was killed by [HP_INCREASED_SERUM_LACTATE,HP_INCREASED_SERUM_LACTATE]
[HP_BULBOUS_NOSE,HP_BULBOUS_NOSE] was killed by [HP_INCREASED_SERUM_LACTATE,HP_INCREASED_SERUM_LACTATE]
[HP_RECURRENT_URINARY_TRACT_INFECTIONS,HP_RECURRENT_URINARY_TRACT_INFECTIONS] was killed by [HP_INCREASED_SERUM_LACTATE,HP_INCREASED_SERUM_LACTATE]
[HP_ABNORMALITY_OF_THE_THYMUS,HP_ABNORMALITY_OF_THE_THYMUS] was killed by [HP_CAFE_AU_LAIT_SPOT,HP_CAFE_AU_LAIT_SPOT]
[HP_NARROW_NASAL_RIDGE,HP_NARROW_NASAL_RIDGE] was killed by [HP_POINTED_CHIN,HP_POINTED_CHIN]
[HP_ABNORMAL_URETER_MORPHOLOGY,HP_ABNORMAL_URETER_MORPHOLOGY] was killed by [HP_CAFE_AU_LAIT_SPOT,HP_CAFE_AU_LAIT_SPOT]
[HP_PINEAL_CYST,HP_PINEAL_CYST] was killed by [HP_CAFE_AU_LAIT_SPOT,HP_CAFE_AU_LAIT_SPOT]
[HP_ABNORMAL_LOCALIZATION_OF_KIDNEY,HP_ABNORMAL_LOCALIZATION_OF_KIDNEY] was killed by [HP_INCREASED_SERUM_LACTATE,HP_INCREASED_SERUM_LACTATE]
[HP_ABNORMAL_GLOBUS_PALLIDUS_MORPHOLOGY,HP_ABNORMAL_GLOBUS_PALLIDUS_MORPHOLOGY] was killed by [HP_INCREASED_SERUM_LACTATE,HP_INCREASED_SERUM_LACTATE]
[HP_PLEURAL_EFFUSION,HP_PLEURAL_EFFUSION] was killed by [HP_INCREASED_SERUM_LACTATE,HP_INCREASED_SERUM_LACTATE]
[HP_UNSTEADY_GAIT,HP_UNSTEADY_GAIT] was killed by [HP_DELAYED_MYELINATION,HP_DELAYED_MYELINATION]
[HP_ABNORMAL_LOWER_MOTOR_NEURON_MORPHOLOGY,HP_ABNORMAL_LOWER_MOTOR_NEURON_MORPHOLOGY] was killed by [HP_HYPERORALITY,HP_HYPERORALITY]
[HP_HYDROURETER,HP_HYDROURETER] was killed by [HP_CAFE_AU_LAIT_SPOT,HP_CAFE_AU_LAIT_SPOT]
[HP_ABNORMAL_HAIR_WHORL,HP_ABNORMAL_HAIR_WHORL] was killed by [HP_CAFE_AU_LAIT_SPOT,HP_CAFE_AU_LAIT_SPOT]
[HP_POOR_EYE_CONTACT,HP_POOR_EYE_CONTACT] was killed by [HP_INCREASED_SERUM_LACTATE,HP_INCREASED_SERUM_LACTATE]
[HP_UNILATERAL_RENAL_AGENESIS,HP_UNILATERAL_RENAL_AGENESIS] was killed by [HP_INCREASED_SERUM_LACTATE,HP_INCREASED_SERUM_LACTATE]
[HP_CHROMOSOME_BREAKAGE,HP_CHROMOSOME_BREAKAGE] was killed by [HP_CAFE_AU_LAIT_SPOT,HP_CAFE_AU_LAIT_SPOT]
[HP_APLASIA_HYPOPLASIA_INVOLVING_THE_PELVIS,HP_APLASIA_HYPOPLASIA_INVOLVING_THE_PELVIS] was killed by [HP_POINTED_CHIN,HP_POINTED_CHIN]
[HP_ABNORMAL_CIRCULATING_PROTEINOGENIC_AMINO_ACID_DERIVATIVE_CONCENTRATION,HP_ABNORMAL_CIRCULATING_PROTEINOGENIC_AMINO_ACID_DERIVATIVE_CONCENTRATION] was killed by [HP_INCREASED_SERUM_LACTATE,HP_INCREASED_SERUM_LACTATE]
[HP_DICARBOXYLIC_ACIDURIA,HP_DICARBOXYLIC_ACIDURIA] was killed by [HP_ORGANIC_ACIDURIA,HP_ORGANIC_ACIDURIA]
[HP_HYPOPLASTIC_VERTEBRAL_BODIES,HP_HYPOPLASTIC_VERTEBRAL_BODIES] was killed by [HP_HEPATOSPLENOMEGALY,HP_HEPATOSPLENOMEGALY]
[HP_PROGRESSIVE_CEREBELLAR_ATAXIA,HP_PROGRESSIVE_CEREBELLAR_ATAXIA] was killed by [HP_INCREASED_SERUM_LACTATE,HP_INCREASED_SERUM_LACTATE]
[HP_ABNORMAL_CIRCULATING_NON_PROTEINOGENIC_AMINO_ACID_CONCENTRATION,HP_ABNORMAL_CIRCULATING_NON_PROTEINOGENIC_AMINO_ACID_CONCENTRATION] was killed by [HP_INCREASED_SERUM_LACTATE,HP_INCREASED_SERUM_LACTATE]
[HP_ASTROCYTOMA,HP_ASTROCYTOMA] was killed by [HP_CAFE_AU_LAIT_SPOT,HP_CAFE_AU_LAIT_SPOT]
[HP_HIGHLY_ARCHED_EYEBROW,HP_HIGHLY_ARCHED_EYEBROW] was killed by [HP_INCREASED_SERUM_LACTATE,HP_INCREASED_SERUM_LACTATE]
[HP_STATUS_EPILEPTICUS,HP_STATUS_EPILEPTICUS] was killed by [HP_DELAYED_MYELINATION,HP_DELAYED_MYELINATION]
[HP_INCREASED_SULFUR_AMINO_ACID_LEVEL_IN_URINE,HP_INCREASED_SULFUR_AMINO_ACID_LEVEL_IN_URINE] was killed by [HP_ORGANIC_ACIDURIA,HP_ORGANIC_ACIDURIA]
[HP_DECREASED_ACTIVITY_OF_MITOCHONDRIAL_COMPLEX_IV,HP_DECREASED_ACTIVITY_OF_MITOCHONDRIAL_COMPLEX_IV] was killed by [HP_INCREASED_SERUM_LACTATE,HP_INCREASED_SERUM_LACTATE]
[HP_HYPSARRHYTHMIA,HP_HYPSARRHYTHMIA] was killed by [HP_DELAYED_MYELINATION,HP_DELAYED_MYELINATION]
[HP_GENU_VALGUM,HP_GENU_VALGUM] was killed by [HP_HEPATOSPLENOMEGALY,HP_HEPATOSPLENOMEGALY]
[HP_CLEFT_LIP,HP_CLEFT_LIP] was killed by [HP_INCREASED_SERUM_LACTATE,HP_INCREASED_SERUM_LACTATE]
[HP_AGENESIS_OF_PERMANENT_TEETH,HP_AGENESIS_OF_PERMANENT_TEETH] was killed by [HP_CAFE_AU_LAIT_SPOT,HP_CAFE_AU_LAIT_SPOT]
[HP_LOW_ANTERIOR_HAIRLINE,HP_LOW_ANTERIOR_HAIRLINE] was killed by [HP_ABNORMALITY_OF_CARTILAGE_OF_EXTERNAL_EAR,HP_ABNORMALITY_OF_CARTILAGE_OF_EXTERNAL_EAR]
[HP_ABNORMALITY_OF_THE_MAXILLA,HP_ABNORMALITY_OF_THE_MAXILLA] was killed by [HP_INCREASED_SERUM_LACTATE,HP_INCREASED_SERUM_LACTATE]
[HP_ORAL_MUCOSAL_BLISTERS,HP_ORAL_MUCOSAL_BLISTERS] was killed by [HP_CORNEAL_SCARRING,HP_CORNEAL_SCARRING]
[HP_ABNORMAL_PERICARDIUM_MORPHOLOGY,HP_ABNORMAL_PERICARDIUM_MORPHOLOGY] was killed by [HP_INCREASED_SERUM_LACTATE,HP_INCREASED_SERUM_LACTATE]
[HP_ACNE,HP_ACNE] was killed by [HP_INCREASED_SERUM_LACTATE,HP_INCREASED_SERUM_LACTATE]
[HP_VISUAL_AGNOSIA,HP_VISUAL_AGNOSIA] was killed by [HP_HYPERORALITY,HP_HYPERORALITY]
[HP_SPOKEN_WORD_RECOGNITION_DEFICIT,HP_SPOKEN_WORD_RECOGNITION_DEFICIT] was killed by [HP_HYPERORALITY,HP_HYPERORALITY]
[HP_APLASIA_HYPOPLASIA_OF_THE_UVULA,HP_APLASIA_HYPOPLASIA_OF_THE_UVULA] was killed by [HP_CAFE_AU_LAIT_SPOT,HP_CAFE_AU_LAIT_SPOT]
[HP_HYDROXYPROLINURIA,HP_HYDROXYPROLINURIA] was killed by [HP_ABNORMAL_METAPHYSEAL_TRABECULATION,HP_ABNORMAL_METAPHYSEAL_TRABECULATION]
[HP_PROMINENT_NOSE,HP_PROMINENT_NOSE] was killed by [HP_INCREASED_SERUM_LACTATE,HP_INCREASED_SERUM_LACTATE]
[HP_ABNORMAL_TRABECULAR_BONE_MORPHOLOGY,HP_ABNORMAL_TRABECULAR_BONE_MORPHOLOGY] was killed by [HP_ABNORMAL_METAPHYSEAL_TRABECULATION,HP_ABNORMAL_METAPHYSEAL_TRABECULATION]
[HP_TYPE_I_TRANSFERRIN_ISOFORM_PROFILE,HP_TYPE_I_TRANSFERRIN_ISOFORM_PROFILE] was killed by [HP_ABNORMAL_GLYCOSYLATION,HP_ABNORMAL_GLYCOSYLATION]
[HP_BOWING_OF_THE_LEGS,HP_BOWING_OF_THE_LEGS] was killed by [HP_ORGANIC_ACIDURIA,HP_ORGANIC_ACIDURIA]
[HP_ABNORMAL_CIRCULATING_PYRUVATE_FAMILY_AMINO_ACID_CONCENTRATION,HP_ABNORMAL_CIRCULATING_PYRUVATE_FAMILY_AMINO_ACID_CONCENTRATION] was killed by [HP_INCREASED_SERUM_LACTATE,HP_INCREASED_SERUM_LACTATE]
[HP_POSTERIOR_EMBRYOTOXON,HP_POSTERIOR_EMBRYOTOXON] was killed by [HP_POINTED_CHIN,HP_POINTED_CHIN]
[HP_BLURRED_VISION,HP_BLURRED_VISION] was killed by [HP_INCREASED_SERUM_LACTATE,HP_INCREASED_SERUM_LACTATE]
[HP_PROSTATE_NEOPLASM,HP_PROSTATE_NEOPLASM] was killed by [HP_CAFE_AU_LAIT_SPOT,HP_CAFE_AU_LAIT_SPOT]
[HP_ASYMMETRIC_GROWTH,HP_ASYMMETRIC_GROWTH] was killed by [HP_CAFE_AU_LAIT_SPOT,HP_CAFE_AU_LAIT_SPOT]
[HP_HEPATIC_FIBROSIS,HP_HEPATIC_FIBROSIS] was killed by [HP_HEPATOSPLENOMEGALY,HP_HEPATOSPLENOMEGALY]
[HP_CELLULITIS,HP_CELLULITIS] was killed by [HP_HEPATOSPLENOMEGALY,HP_HEPATOSPLENOMEGALY]
[HP_BLUE_SCLERAE,HP_BLUE_SCLERAE] was killed by [HP_ABNORMALITY_OF_CARTILAGE_OF_EXTERNAL_EAR,HP_ABNORMALITY_OF_CARTILAGE_OF_EXTERNAL_EAR]
[HP_UNILATERAL_CLEFT_PALATE,HP_UNILATERAL_CLEFT_PALATE] was killed by [HP_BILATERAL_CLEFT_LIP,HP_BILATERAL_CLEFT_LIP]
[HP_PERIPHERAL_AXONAL_DEGENERATION,HP_PERIPHERAL_AXONAL_DEGENERATION] was killed by [HP_INCREASED_SERUM_LACTATE,HP_INCREASED_SERUM_LACTATE]
[HP_ECTOPIC_ANUS,HP_ECTOPIC_ANUS] was killed by [HP_INCREASED_SERUM_LACTATE,HP_INCREASED_SERUM_LACTATE]
[HP_THROMBOCYTOSIS,HP_THROMBOCYTOSIS] was killed by [HP_HEPATOSPLENOMEGALY,HP_HEPATOSPLENOMEGALY]
[HP_ABNORMAL_MORPHOLOGY_OF_THE_CONJUNCTIVAL_VASCULATURE,HP_ABNORMAL_MORPHOLOGY_OF_THE_CONJUNCTIVAL_VASCULATURE] was killed by [HP_DEFECTIVE_DNA_REPAIR_AFTER_ULTRAVIOLET_RADIATION_DAMAGE,HP_DEFECTIVE_DNA_REPAIR_AFTER_ULTRAVIOLET_RADIATION_DAMAGE]
[HP_NEURODEGENERATION,HP_NEURODEGENERATION] was killed by [HP_HEPATOSPLENOMEGALY,HP_HEPATOSPLENOMEGALY]
[HP_EXODEVIATION,HP_EXODEVIATION] was killed by [HP_DELAYED_MYELINATION,HP_DELAYED_MYELINATION]
[HP_BRAIN_IMAGING_ABNORMALITY,HP_BRAIN_IMAGING_ABNORMALITY] was killed by [HP_INCREASED_SERUM_LACTATE,HP_INCREASED_SERUM_LACTATE]
[HP_DEATH_IN_EARLY_ADULTHOOD,HP_DEATH_IN_EARLY_ADULTHOOD] was killed by [HP_CAFE_AU_LAIT_SPOT,HP_CAFE_AU_LAIT_SPOT]
[HP_PANCYTOPENIA,HP_PANCYTOPENIA] was killed by [HP_CAFE_AU_LAIT_SPOT,HP_CAFE_AU_LAIT_SPOT]
[HP_ABNORMAL_SACRUM_MORPHOLOGY,HP_ABNORMAL_SACRUM_MORPHOLOGY] was killed by [HP_INCREASED_SERUM_LACTATE,HP_INCREASED_SERUM_LACTATE]
[HP_ANEMIA_OF_INADEQUATE_PRODUCTION,HP_ANEMIA_OF_INADEQUATE_PRODUCTION] was killed by [HP_CAFE_AU_LAIT_SPOT,HP_CAFE_AU_LAIT_SPOT]
[HP_PALMAR_HYPERHIDROSIS,HP_PALMAR_HYPERHIDROSIS] was killed by [HP_FOLLICULAR_HYPERKERATOSIS,HP_FOLLICULAR_HYPERKERATOSIS]
[HP_URINARY_RETENTION,HP_URINARY_RETENTION] was killed by [HP_ILEUS,HP_ILEUS]
[HP_PROGEROID_FACIAL_APPEARANCE,HP_PROGEROID_FACIAL_APPEARANCE] was killed by [HP_DEFECTIVE_DNA_REPAIR_AFTER_ULTRAVIOLET_RADIATION_DAMAGE,HP_DEFECTIVE_DNA_REPAIR_AFTER_ULTRAVIOLET_RADIATION_DAMAGE]
[HP_MYELOFIBROSIS,HP_MYELOFIBROSIS] was killed by [HP_HEPATOSPLENOMEGALY,HP_HEPATOSPLENOMEGALY]
[HP_VISCERAL_ANGIOMATOSIS,HP_VISCERAL_ANGIOMATOSIS] was killed by [HP_CAFE_AU_LAIT_SPOT,HP_CAFE_AU_LAIT_SPOT]
[HP_MELANOMA,HP_MELANOMA] was killed by [HP_INCREASED_SERUM_LACTATE,HP_INCREASED_SERUM_LACTATE]
[HP_COXA_VALGA,HP_COXA_VALGA] was killed by [HP_ABNORMAL_GLYCOSYLATION,HP_ABNORMAL_GLYCOSYLATION]
[HP_INTESTINAL_POLYP,HP_INTESTINAL_POLYP] was killed by [HP_INCREASED_SERUM_LACTATE,HP_INCREASED_SERUM_LACTATE]
[HP_VERTICAL_SUPRANUCLEAR_GAZE_PALSY,HP_VERTICAL_SUPRANUCLEAR_GAZE_PALSY] was killed by [HP_HYPERORALITY,HP_HYPERORALITY]
[HP_ABNORMALITY_OF_THE_PERIUNGUAL_REGION,HP_ABNORMALITY_OF_THE_PERIUNGUAL_REGION] was killed by [HP_CAFE_AU_LAIT_SPOT,HP_CAFE_AU_LAIT_SPOT]
[HP_GENERALIZED_OSTEOPOROSIS,HP_GENERALIZED_OSTEOPOROSIS] was killed by [HP_PAPILLARY_RENAL_CELL_CARCINOMA,HP_PAPILLARY_RENAL_CELL_CARCINOMA]
[HP_ABNORMAL_LEVELS_OF_ALPHA_FETOPROTEIN,HP_ABNORMAL_LEVELS_OF_ALPHA_FETOPROTEIN] was killed by [HP_DELAYED_MYELINATION,HP_DELAYED_MYELINATION]
[HP_GLOBAL_BRAIN_ATROPHY,HP_GLOBAL_BRAIN_ATROPHY] was killed by [HP_INCREASED_SERUM_LACTATE,HP_INCREASED_SERUM_LACTATE]
[HP_ABNORMAL_CIRCULATING_CITRULLINE_CONCENTRATION,HP_ABNORMAL_CIRCULATING_CITRULLINE_CONCENTRATION] was killed by [HP_INCREASED_SERUM_LACTATE,HP_INCREASED_SERUM_LACTATE]
[HP_FETAL_AKINESIA_SEQUENCE,HP_FETAL_AKINESIA_SEQUENCE] was killed by [HP_SHOULDER_GIRDLE_MUSCLE_ATROPHY,HP_SHOULDER_GIRDLE_MUSCLE_ATROPHY]
[HP_EXTERNAL_OPHTHALMOPLEGIA,HP_EXTERNAL_OPHTHALMOPLEGIA] was killed by [HP_INCREASED_SERUM_LACTATE,HP_INCREASED_SERUM_LACTATE]
[HP_DEATH_IN_INFANCY,HP_DEATH_IN_INFANCY] was killed by [HP_INCREASED_SERUM_LACTATE,HP_INCREASED_SERUM_LACTATE]
[HP_RETINAL_TELANGIECTASIA,HP_RETINAL_TELANGIECTASIA] was killed by [HP_INCREASED_SERUM_LACTATE,HP_INCREASED_SERUM_LACTATE]
[HP_CEREBRAL_WHITE_MATTER_ATROPHY,HP_CEREBRAL_WHITE_MATTER_ATROPHY] was killed by [HP_DELAYED_MYELINATION,HP_DELAYED_MYELINATION]
[HP_NARROW_NOSE,HP_NARROW_NOSE] was killed by [HP_DELAYED_MYELINATION,HP_DELAYED_MYELINATION]
[HP_ABNORMALITY_OF_THE_ANUS,HP_ABNORMALITY_OF_THE_ANUS] was killed by [HP_INCREASED_SERUM_LACTATE,HP_INCREASED_SERUM_LACTATE]
[HP_ABNORMAL_NUMBER_OF_INCISORS,HP_ABNORMAL_NUMBER_OF_INCISORS] was killed by [HP_BILATERAL_CLEFT_LIP,HP_BILATERAL_CLEFT_LIP]
[HP_BIFID_SCROTUM,HP_BIFID_SCROTUM] was killed by [HP_CAFE_AU_LAIT_SPOT,HP_CAFE_AU_LAIT_SPOT]
[HP_SHORT_NAIL,HP_SHORT_NAIL] was killed by [HP_PAPILLARY_RENAL_CELL_CARCINOMA,HP_PAPILLARY_RENAL_CELL_CARCINOMA]
[HP_AMBIGUOUS_GENITALIA_FEMALE,HP_AMBIGUOUS_GENITALIA_FEMALE] was killed by [HP_Y_LINKED_INHERITANCE,HP_Y_LINKED_INHERITANCE]
[HP_ONYCHOGRYPOSIS_OF_FINGERNAIL,HP_ONYCHOGRYPOSIS_OF_FINGERNAIL] was killed by [HP_FOLLICULAR_HYPERKERATOSIS,HP_FOLLICULAR_HYPERKERATOSIS]
[HP_ABNORMALITY_OF_COAGULATION,HP_ABNORMALITY_OF_COAGULATION] was killed by [HP_ABNORMAL_GLYCOSYLATION,HP_ABNORMAL_GLYCOSYLATION]
[HP_DYSCALCULIA,HP_DYSCALCULIA] was killed by [HP_HYPERORALITY,HP_HYPERORALITY]
[HP_PALATE_FISTULA,HP_PALATE_FISTULA] was killed by [HP_BILATERAL_CLEFT_LIP,HP_BILATERAL_CLEFT_LIP]
[HP_ABNORMALITY_OF_HAND_JOINT_MOBILITY,HP_ABNORMALITY_OF_HAND_JOINT_MOBILITY] was killed by [HP_FOLLICULAR_HYPERKERATOSIS,HP_FOLLICULAR_HYPERKERATOSIS]
[HP_OPEN_BITE,HP_OPEN_BITE] was killed by [HP_POINTED_CHIN,HP_POINTED_CHIN]
[HP_SIDEROBLASTIC_ANEMIA,HP_SIDEROBLASTIC_ANEMIA] was killed by [HP_CAFE_AU_LAIT_SPOT,HP_CAFE_AU_LAIT_SPOT]
[HP_MITTEN_DEFORMITY,HP_MITTEN_DEFORMITY] was killed by [HP_CORNEAL_SCARRING,HP_CORNEAL_SCARRING]
[HP_EPIDERMAL_ACANTHOSIS,HP_EPIDERMAL_ACANTHOSIS] was killed by [HP_FOLLICULAR_HYPERKERATOSIS,HP_FOLLICULAR_HYPERKERATOSIS]
[HP_LIMB_HYPERTONIA,HP_LIMB_HYPERTONIA] was killed by [HP_DELAYED_MYELINATION,HP_DELAYED_MYELINATION]
[HP_LABIAL_HYPERTROPHY,HP_LABIAL_HYPERTROPHY] was killed by [HP_PAPILLARY_RENAL_CELL_CARCINOMA,HP_PAPILLARY_RENAL_CELL_CARCINOMA]
[HP_LOWER_LIMB_HYPERTONIA,HP_LOWER_LIMB_HYPERTONIA] was killed by [HP_DELAYED_MYELINATION,HP_DELAYED_MYELINATION]
[HP_SCROTAL_HYPOPLASIA,HP_SCROTAL_HYPOPLASIA] was killed by [HP_INCREASED_SERUM_LACTATE,HP_INCREASED_SERUM_LACTATE]
[HP_PALMOPLANTAR_BLISTERING,HP_PALMOPLANTAR_BLISTERING] was killed by [HP_FOLLICULAR_HYPERKERATOSIS,HP_FOLLICULAR_HYPERKERATOSIS]
[HP_PROFOUND_GLOBAL_DEVELOPMENTAL_DELAY,HP_PROFOUND_GLOBAL_DEVELOPMENTAL_DELAY] was killed by [HP_DELAYED_MYELINATION,HP_DELAYED_MYELINATION]
[HP_ABNORMALITY_OF_THE_UVULA,HP_ABNORMALITY_OF_THE_UVULA] was killed by [HP_INCREASED_SERUM_LACTATE,HP_INCREASED_SERUM_LACTATE]
[HP_HYDROCELE_TESTIS,HP_HYDROCELE_TESTIS] was killed by [HP_CAFE_AU_LAIT_SPOT,HP_CAFE_AU_LAIT_SPOT]
[HP_ABNORMAL_ALDOLASE_LEVEL,HP_ABNORMAL_ALDOLASE_LEVEL] was killed by [HP_SHOULDER_GIRDLE_MUSCLE_ATROPHY,HP_SHOULDER_GIRDLE_MUSCLE_ATROPHY]
[HP_POOR_FINE_MOTOR_COORDINATION,HP_POOR_FINE_MOTOR_COORDINATION] was killed by [HP_HYPERORALITY,HP_HYPERORALITY]
[HP_HYPOPLASTIC_FACIAL_BONES,HP_HYPOPLASTIC_FACIAL_BONES] was killed by [HP_CAFE_AU_LAIT_SPOT,HP_CAFE_AU_LAIT_SPOT]
[HP_ABNORMALLY_LAX_OR_HYPEREXTENSIBLE_SKIN,HP_ABNORMALLY_LAX_OR_HYPEREXTENSIBLE_SKIN] was killed by [HP_ABNORMAL_GLYCOSYLATION,HP_ABNORMAL_GLYCOSYLATION]
[HP_BULBAR_SIGNS,HP_BULBAR_SIGNS] was killed by [HP_INCREASED_SERUM_LACTATE,HP_INCREASED_SERUM_LACTATE]
[HP_OVARIAN_NEOPLASM,HP_OVARIAN_NEOPLASM] was killed by [HP_INCREASED_SERUM_LACTATE,HP_INCREASED_SERUM_LACTATE]
[HP_BRACHYCEPHALY,HP_BRACHYCEPHALY] was killed by [HP_INCREASED_SERUM_LACTATE,HP_INCREASED_SERUM_LACTATE]
[HP_HOMOCYSTINURIA,HP_HOMOCYSTINURIA] was killed by [HP_ORGANIC_ACIDURIA,HP_ORGANIC_ACIDURIA]
[HP_GRAMMAR_SPECIFIC_SPEECH_DISORDER,HP_GRAMMAR_SPECIFIC_SPEECH_DISORDER] was killed by [HP_HYPERORALITY,HP_HYPERORALITY]
[HP_MULTIPLE_GLOMERULAR_CYSTS,HP_MULTIPLE_GLOMERULAR_CYSTS] was killed by [HP_INCREASED_SERUM_LACTATE,HP_INCREASED_SERUM_LACTATE]
[HP_DUPLICATION_OF_THUMB_PHALANX,HP_DUPLICATION_OF_THUMB_PHALANX] was killed by [HP_INCREASED_SERUM_LACTATE,HP_INCREASED_SERUM_LACTATE]
[HP_ABNORMALITY_OF_THALAMUS_MORPHOLOGY,HP_ABNORMALITY_OF_THALAMUS_MORPHOLOGY] was killed by [HP_INCREASED_SERUM_LACTATE,HP_INCREASED_SERUM_LACTATE]
[HP_CLUBBING_OF_TOES,HP_CLUBBING_OF_TOES] was killed by [HP_CAFE_AU_LAIT_SPOT,HP_CAFE_AU_LAIT_SPOT]
[HP_CUTANEOUS_CYST,HP_CUTANEOUS_CYST] was killed by [HP_CAFE_AU_LAIT_SPOT,HP_CAFE_AU_LAIT_SPOT]
[HP_DERMAL_TRANSLUCENCY,HP_DERMAL_TRANSLUCENCY] was killed by [HP_PAPILLARY_RENAL_CELL_CARCINOMA,HP_PAPILLARY_RENAL_CELL_CARCINOMA]
[HP_ABNORMAL_SHAPE_OF_THE_PALPEBRAL_FISSURE,HP_ABNORMAL_SHAPE_OF_THE_PALPEBRAL_FISSURE] was killed by [HP_CAFE_AU_LAIT_SPOT,HP_CAFE_AU_LAIT_SPOT]
[HP_HEMOLYTIC_UREMIC_SYNDROME,HP_HEMOLYTIC_UREMIC_SYNDROME] was killed by [HP_ORGANIC_ACIDURIA,HP_ORGANIC_ACIDURIA]
[HP_ABNORMAL_RETINAL_ARTERY_MORPHOLOGY,HP_ABNORMAL_RETINAL_ARTERY_MORPHOLOGY] was killed by [HP_DELAYED_MYELINATION,HP_DELAYED_MYELINATION]
[HP_FREQUENT_FALLS,HP_FREQUENT_FALLS] was killed by [HP_INCREASED_SERUM_LACTATE,HP_INCREASED_SERUM_LACTATE]
[HP_ABNORMAL_LABIA_MORPHOLOGY,HP_ABNORMAL_LABIA_MORPHOLOGY] was killed by [HP_INCREASED_SERUM_LACTATE,HP_INCREASED_SERUM_LACTATE]
[HP_ANAL_ATRESIA,HP_ANAL_ATRESIA] was killed by [HP_INCREASED_SERUM_LACTATE,HP_INCREASED_SERUM_LACTATE]
[HP_LOW_PLASMA_CITRULLINE,HP_LOW_PLASMA_CITRULLINE] was killed by [HP_INCREASED_SERUM_LACTATE,HP_INCREASED_SERUM_LACTATE]
[HP_FEMALE_SEXUAL_DYSFUNCTION,HP_FEMALE_SEXUAL_DYSFUNCTION] was killed by [HP_DELAYED_MYELINATION,HP_DELAYED_MYELINATION]
[HP_URINARY_GLYCOSAMINOGLYCAN_EXCRETION,HP_URINARY_GLYCOSAMINOGLYCAN_EXCRETION] was killed by [HP_HEPATOSPLENOMEGALY,HP_HEPATOSPLENOMEGALY]
[HP_HYPOPIGMENTED_SKIN_PATCHES,HP_HYPOPIGMENTED_SKIN_PATCHES] was killed by [HP_INCREASED_SERUM_LACTATE,HP_INCREASED_SERUM_LACTATE]
[HP_TYPE_II_LISSENCEPHALY,HP_TYPE_II_LISSENCEPHALY] was killed by [HP_SHOULDER_GIRDLE_MUSCLE_ATROPHY,HP_SHOULDER_GIRDLE_MUSCLE_ATROPHY]
[HP_APLASIA_HYPOPLASIA_OF_THE_CEREBRAL_WHITE_MATTER,HP_APLASIA_HYPOPLASIA_OF_THE_CEREBRAL_WHITE_MATTER] was killed by [HP_INCREASED_SERUM_LACTATE,HP_INCREASED_SERUM_LACTATE]
[HP_VENTRICULAR_PREEXCITATION,HP_VENTRICULAR_PREEXCITATION] was killed by [HP_INCREASED_SERUM_LACTATE,HP_INCREASED_SERUM_LACTATE]
[HP_DEATH_IN_CHILDHOOD,HP_DEATH_IN_CHILDHOOD] was killed by [HP_INCREASED_SERUM_LACTATE,HP_INCREASED_SERUM_LACTATE]
[HP_ABNORMALITY_OF_THE_TESTIS_SIZE,HP_ABNORMALITY_OF_THE_TESTIS_SIZE] was killed by [HP_INCREASED_SERUM_LACTATE,HP_INCREASED_SERUM_LACTATE]
[HP_DECREASED_TESTICULAR_SIZE,HP_DECREASED_TESTICULAR_SIZE] was killed by [HP_INCREASED_SERUM_LACTATE,HP_INCREASED_SERUM_LACTATE]
[HP_MICROVESICULAR_HEPATIC_STEATOSIS,HP_MICROVESICULAR_HEPATIC_STEATOSIS] was killed by [HP_INCREASED_SERUM_LACTATE,HP_INCREASED_SERUM_LACTATE]
[HP_ABNORMAL_SERUM_INTERFERON_LEVEL,HP_ABNORMAL_SERUM_INTERFERON_LEVEL] was killed by [HP_HEPATOSPLENOMEGALY,HP_HEPATOSPLENOMEGALY]
[HP_CARCINOMA,HP_CARCINOMA] was killed by [HP_CAFE_AU_LAIT_SPOT,HP_CAFE_AU_LAIT_SPOT]
[HP_SOMATIC_MUTATION,HP_SOMATIC_MUTATION] was killed by [HP_INCREASED_SERUM_LACTATE,HP_INCREASED_SERUM_LACTATE]
[HP_CHRONIC_LUNG_DISEASE,HP_CHRONIC_LUNG_DISEASE] was killed by [HP_BILATERAL_CLEFT_LIP,HP_BILATERAL_CLEFT_LIP]
[HP_DUPLICATION_OF_PHALANX_OF_HALLUX,HP_DUPLICATION_OF_PHALANX_OF_HALLUX] was killed by [HP_CAFE_AU_LAIT_SPOT,HP_CAFE_AU_LAIT_SPOT]
[HP_PROXIMAL_TUBULOPATHY,HP_PROXIMAL_TUBULOPATHY] was killed by [HP_INCREASED_SERUM_LACTATE,HP_INCREASED_SERUM_LACTATE]
[HP_CLONUS,HP_CLONUS] was killed by [HP_CAFE_AU_LAIT_SPOT,HP_CAFE_AU_LAIT_SPOT]
[HP_PYELONEPHRITIS,HP_PYELONEPHRITIS] was killed by [HP_HYPERORALITY,HP_HYPERORALITY]
[HP_INAPPROPRIATE_BEHAVIOR,HP_INAPPROPRIATE_BEHAVIOR] was killed by [HP_DELAYED_MYELINATION,HP_DELAYED_MYELINATION]
[HP_ABNORMAL_NEURAL_TUBE_MORPHOLOGY,HP_ABNORMAL_NEURAL_TUBE_MORPHOLOGY] was killed by [HP_INCREASED_SERUM_LACTATE,HP_INCREASED_SERUM_LACTATE]
[HP_SHORT_MIDDLE_PHALANX_OF_FINGER,HP_SHORT_MIDDLE_PHALANX_OF_FINGER] was killed by [HP_CAFE_AU_LAIT_SPOT,HP_CAFE_AU_LAIT_SPOT]
[HP_SPASTIC_PARAPARESIS,HP_SPASTIC_PARAPARESIS] was killed by [HP_HEPATOSPLENOMEGALY,HP_HEPATOSPLENOMEGALY]
[HP_BICORNUATE_UTERUS,HP_BICORNUATE_UTERUS] was killed by [HP_CAFE_AU_LAIT_SPOT,HP_CAFE_AU_LAIT_SPOT]
[HP_PUSTULE,HP_PUSTULE] was killed by [HP_CAFE_AU_LAIT_SPOT,HP_CAFE_AU_LAIT_SPOT]
[HP_MOTOR_NEURON_ATROPHY,HP_MOTOR_NEURON_ATROPHY] was killed by [HP_HYPERORALITY,HP_HYPERORALITY]
[HP_NON_MIDLINE_CLEFT_LIP,HP_NON_MIDLINE_CLEFT_LIP] was killed by [HP_BILATERAL_CLEFT_LIP,HP_BILATERAL_CLEFT_LIP]
[HP_LOWER_LIMB_ASYMMETRY,HP_LOWER_LIMB_ASYMMETRY] was killed by [HP_CAFE_AU_LAIT_SPOT,HP_CAFE_AU_LAIT_SPOT]
[HP_SEVERE_GLOBAL_DEVELOPMENTAL_DELAY,HP_SEVERE_GLOBAL_DEVELOPMENTAL_DELAY] was killed by [HP_INCREASED_SERUM_LACTATE,HP_INCREASED_SERUM_LACTATE]
[HP_CUTIS_LAXA,HP_CUTIS_LAXA] was killed by [HP_ABNORMAL_GLYCOSYLATION,HP_ABNORMAL_GLYCOSYLATION]
[HP_OLIGURIA,HP_OLIGURIA] was killed by [HP_HEPATOSPLENOMEGALY,HP_HEPATOSPLENOMEGALY]
[HP_DYSLEXIA,HP_DYSLEXIA] was killed by [HP_HYPERORALITY,HP_HYPERORALITY]
[HP_STIFF_SKIN,HP_STIFF_SKIN] was killed by [HP_HEPATOSPLENOMEGALY,HP_HEPATOSPLENOMEGALY]
[HP_ABNORMAL_CIRCULATING_GLYCINE_CONCENTRATION,HP_ABNORMAL_CIRCULATING_GLYCINE_CONCENTRATION] was killed by [HP_INCREASED_SERUM_LACTATE,HP_INCREASED_SERUM_LACTATE]
[HP_RECURRENT_HAND_FLAPPING,HP_RECURRENT_HAND_FLAPPING] was killed by [HP_DELAYED_MYELINATION,HP_DELAYED_MYELINATION]
[HP_RETICULOCYTOPENIA,HP_RETICULOCYTOPENIA] was killed by [HP_CAFE_AU_LAIT_SPOT,HP_CAFE_AU_LAIT_SPOT]
[HP_OPTIC_NERVE_HYPOPLASIA,HP_OPTIC_NERVE_HYPOPLASIA] was killed by [HP_BILATERAL_CLEFT_LIP,HP_BILATERAL_CLEFT_LIP]
[HP_PERIPHERAL_AXONAL_NEUROPATHY,HP_PERIPHERAL_AXONAL_NEUROPATHY] was killed by [HP_INCREASED_SERUM_LACTATE,HP_INCREASED_SERUM_LACTATE]
[HP_RECEPTIVE_LANGUAGE_DELAY,HP_RECEPTIVE_LANGUAGE_DELAY] was killed by [HP_CAFE_AU_LAIT_SPOT,HP_CAFE_AU_LAIT_SPOT]
[HP_EPISODIC_ABDOMINAL_PAIN,HP_EPISODIC_ABDOMINAL_PAIN] was killed by [HP_CAFE_AU_LAIT_SPOT,HP_CAFE_AU_LAIT_SPOT]
[HP_DEFORMED_SELLA_TURCICA,HP_DEFORMED_SELLA_TURCICA] was killed by [HP_HEPATOSPLENOMEGALY,HP_HEPATOSPLENOMEGALY]
[HP_HYPERGRANULOSIS,HP_HYPERGRANULOSIS] was killed by [HP_ABNORMALITY_OF_CARTILAGE_OF_EXTERNAL_EAR,HP_ABNORMALITY_OF_CARTILAGE_OF_EXTERNAL_EAR]
[HP_IMPAIRED_SOCIAL_INTERACTIONS,HP_IMPAIRED_SOCIAL_INTERACTIONS] was killed by [HP_INCREASED_SERUM_LACTATE,HP_INCREASED_SERUM_LACTATE]
[HP_CEREBRAL_HYPOMYELINATION,HP_CEREBRAL_HYPOMYELINATION] was killed by [HP_DELAYED_MYELINATION,HP_DELAYED_MYELINATION]
[HP_MACROCYTIC_ANEMIA,HP_MACROCYTIC_ANEMIA] was killed by [HP_ORGANIC_ACIDURIA,HP_ORGANIC_ACIDURIA]
[HP_SINGLE_NARIS,HP_SINGLE_NARIS] was killed by [HP_BILATERAL_CLEFT_LIP,HP_BILATERAL_CLEFT_LIP]
[HP_ABNORMAL_MORPHOLOGY_OF_THE_OLFACTORY_BULB,HP_ABNORMAL_MORPHOLOGY_OF_THE_OLFACTORY_BULB] was killed by [HP_BILATERAL_CLEFT_LIP,HP_BILATERAL_CLEFT_LIP]
[HP_APLASIA_HYPOPLASIA_INVOLVING_THE_FEMORAL_HEAD_AND_NECK,HP_APLASIA_HYPOPLASIA_INVOLVING_THE_FEMORAL_HEAD_AND_NECK] was killed by [HP_HEPATOSPLENOMEGALY,HP_HEPATOSPLENOMEGALY]
[HP_SKIN_PIT,HP_SKIN_PIT] was killed by [HP_INCREASED_SERUM_LACTATE,HP_INCREASED_SERUM_LACTATE]
[HP_CONICAL_INCISOR,HP_CONICAL_INCISOR] was killed by [HP_BILATERAL_CLEFT_LIP,HP_BILATERAL_CLEFT_LIP]
[HP_RECURRENT_MYCOBACTERIAL_INFECTIONS,HP_RECURRENT_MYCOBACTERIAL_INFECTIONS] was killed by [HP_INCREASED_SERUM_LACTATE,HP_INCREASED_SERUM_LACTATE]
[HP_SEBORRHEIC_DERMATITIS,HP_SEBORRHEIC_DERMATITIS] was killed by [HP_CAFE_AU_LAIT_SPOT,HP_CAFE_AU_LAIT_SPOT]
[HP_ABNORMALITY_OF_THE_DENTAL_PULP,HP_ABNORMALITY_OF_THE_DENTAL_PULP] was killed by [HP_ABNORMAL_METAPHYSEAL_TRABECULATION,HP_ABNORMAL_METAPHYSEAL_TRABECULATION]
[HP_ARTERIAL_STENOSIS,HP_ARTERIAL_STENOSIS] was killed by [HP_INCREASED_SERUM_LACTATE,HP_INCREASED_SERUM_LACTATE]
[HP_CHRONIC_LEUKEMIA,HP_CHRONIC_LEUKEMIA] was killed by [HP_HEPATOSPLENOMEGALY,HP_HEPATOSPLENOMEGALY]
[HP_ENTROPION,HP_ENTROPION] was killed by [HP_DEFECTIVE_DNA_REPAIR_AFTER_ULTRAVIOLET_RADIATION_DAMAGE,HP_DEFECTIVE_DNA_REPAIR_AFTER_ULTRAVIOLET_RADIATION_DAMAGE]
[HP_ABNORMAL_CONSUMPTION_BEHAVIOR,HP_ABNORMAL_CONSUMPTION_BEHAVIOR] was killed by [HP_POINTED_CHIN,HP_POINTED_CHIN]
[HP_POLYCYSTIC_KIDNEY_DYSPLASIA,HP_POLYCYSTIC_KIDNEY_DYSPLASIA] was killed by [HP_CAFE_AU_LAIT_SPOT,HP_CAFE_AU_LAIT_SPOT]
[HP_MYOCLONIC_SEIZURE,HP_MYOCLONIC_SEIZURE] was killed by [HP_INCREASED_SERUM_LACTATE,HP_INCREASED_SERUM_LACTATE]
[HP_PERIAURICULAR_SKIN_PITS,HP_PERIAURICULAR_SKIN_PITS] was killed by [HP_INCREASED_SERUM_LACTATE,HP_INCREASED_SERUM_LACTATE]
[HP_ABNORMAL_CAUDATE_NUCLEUS_MORPHOLOGY,HP_ABNORMAL_CAUDATE_NUCLEUS_MORPHOLOGY] was killed by [HP_INCREASED_SERUM_LACTATE,HP_INCREASED_SERUM_LACTATE]
[HP_TELECANTHUS,HP_TELECANTHUS] was killed by [HP_INCREASED_SERUM_LACTATE,HP_INCREASED_SERUM_LACTATE]
[HP_CENTRALLY_NUCLEATED_SKELETAL_MUSCLE_FIBERS,HP_CENTRALLY_NUCLEATED_SKELETAL_MUSCLE_FIBERS] was killed by [HP_SHOULDER_GIRDLE_MUSCLE_ATROPHY,HP_SHOULDER_GIRDLE_MUSCLE_ATROPHY]
[HP_CERVICAL_SUBLUXATION,HP_CERVICAL_SUBLUXATION] was killed by [HP_LUMBAR_SCOLIOSIS,HP_LUMBAR_SCOLIOSIS]
[HP_ABNORMALITY_OF_THE_FOOT_MUSCULATURE,HP_ABNORMALITY_OF_THE_FOOT_MUSCULATURE] was killed by [HP_SHOULDER_GIRDLE_MUSCLE_ATROPHY,HP_SHOULDER_GIRDLE_MUSCLE_ATROPHY]
[HP_ABNORMALITY_OF_CHROMOSOME_SEGREGATION,HP_ABNORMALITY_OF_CHROMOSOME_SEGREGATION] was killed by [HP_CAFE_AU_LAIT_SPOT,HP_CAFE_AU_LAIT_SPOT]
[HP_SEVERE_EXPRESSIVE_LANGUAGE_DELAY,HP_SEVERE_EXPRESSIVE_LANGUAGE_DELAY] was killed by [HP_POINTED_CHIN,HP_POINTED_CHIN]
[HP_ABNORMAL_COCCYX_MORPHOLOGY,HP_ABNORMAL_COCCYX_MORPHOLOGY] was killed by [HP_ABNORMAL_METAPHYSEAL_TRABECULATION,HP_ABNORMAL_METAPHYSEAL_TRABECULATION]
[HP_MYOGLOBINURIA,HP_MYOGLOBINURIA] was killed by [HP_ORGANIC_ACIDURIA,HP_ORGANIC_ACIDURIA]
[HP_TRIANGULAR_FACE,HP_TRIANGULAR_FACE] was killed by [HP_CAFE_AU_LAIT_SPOT,HP_CAFE_AU_LAIT_SPOT]
[HP_RHEUMATOID_FACTOR_POSITIVE,HP_RHEUMATOID_FACTOR_POSITIVE] was killed by [HP_HEPATOSPLENOMEGALY,HP_HEPATOSPLENOMEGALY]
[HP_SUPRAVENTRICULAR_ARRHYTHMIA,HP_SUPRAVENTRICULAR_ARRHYTHMIA] was killed by [HP_CAFE_AU_LAIT_SPOT,HP_CAFE_AU_LAIT_SPOT]
[HP_PERSISTENCE_OF_PRIMARY_TEETH,HP_PERSISTENCE_OF_PRIMARY_TEETH] was killed by [HP_PAPILLARY_RENAL_CELL_CARCINOMA,HP_PAPILLARY_RENAL_CELL_CARCINOMA]
[HP_ANONYCHIA,HP_ANONYCHIA] was killed by [HP_INCREASED_SERUM_LACTATE,HP_INCREASED_SERUM_LACTATE]
[HP_WIDELY_PATENT_FONTANELLES_AND_SUTURES,HP_WIDELY_PATENT_FONTANELLES_AND_SUTURES] was killed by [HP_PAPILLARY_RENAL_CELL_CARCINOMA,HP_PAPILLARY_RENAL_CELL_CARCINOMA]
[HP_HIGH_PITCHED_VOICE,HP_HIGH_PITCHED_VOICE] was killed by [HP_CAFE_AU_LAIT_SPOT,HP_CAFE_AU_LAIT_SPOT]
[HP_THICK_LOWER_LIP_VERMILION,HP_THICK_LOWER_LIP_VERMILION] was killed by [HP_INCREASED_SERUM_LACTATE,HP_INCREASED_SERUM_LACTATE]
[HP_ABNORMAL_LUMBAR_SPINE_MORPHOLOGY,HP_ABNORMAL_LUMBAR_SPINE_MORPHOLOGY] was killed by [HP_HEPATOSPLENOMEGALY,HP_HEPATOSPLENOMEGALY]
[HP_TETRALOGY_OF_FALLOT,HP_TETRALOGY_OF_FALLOT] was killed by [HP_INCREASED_SERUM_LACTATE,HP_INCREASED_SERUM_LACTATE]
[HP_SARCOMA,HP_SARCOMA] was killed by [HP_INCREASED_SERUM_LACTATE,HP_INCREASED_SERUM_LACTATE]
[HP_SKIN_EROSION,HP_SKIN_EROSION] was killed by [HP_PAPILLARY_RENAL_CELL_CARCINOMA,HP_PAPILLARY_RENAL_CELL_CARCINOMA]
[HP_CURLY_HAIR,HP_CURLY_HAIR] was killed by [HP_CAFE_AU_LAIT_SPOT,HP_CAFE_AU_LAIT_SPOT]
[HP_THICKENED_HELICES,HP_THICKENED_HELICES] was killed by [HP_CAFE_AU_LAIT_SPOT,HP_CAFE_AU_LAIT_SPOT]
[HP_SPEECH_ARTICULATION_DIFFICULTIES,HP_SPEECH_ARTICULATION_DIFFICULTIES] was killed by [HP_BILATERAL_CLEFT_LIP,HP_BILATERAL_CLEFT_LIP]
[HP_ABNORMAL_ENDOCRINE_PHYSIOLOGY,HP_ABNORMAL_ENDOCRINE_PHYSIOLOGY] was killed by [HP_ILEUS,HP_ILEUS]
[HP_INTELLECTUAL_DISABILITY_BORDERLINE,HP_INTELLECTUAL_DISABILITY_BORDERLINE] was killed by [HP_LUMBAR_SCOLIOSIS,HP_LUMBAR_SCOLIOSIS]
[HP_POOR_MOTOR_COORDINATION,HP_POOR_MOTOR_COORDINATION] was killed by [HP_HYPERORALITY,HP_HYPERORALITY]
[HP_FLUCTUATIONS_IN_CONSCIOUSNESS,HP_FLUCTUATIONS_IN_CONSCIOUSNESS] was killed by [HP_INCREASED_SERUM_LACTATE,HP_INCREASED_SERUM_LACTATE]
[HP_ABNORMAL_URETER_PHYSIOLOGY,HP_ABNORMAL_URETER_PHYSIOLOGY] was killed by [HP_INCREASED_SERUM_LACTATE,HP_INCREASED_SERUM_LACTATE]
[HP_MULTIPLE_SUTURE_CRANIOSYNOSTOSIS,HP_MULTIPLE_SUTURE_CRANIOSYNOSTOSIS] was killed by [HP_ABNORMALITY_OF_CARTILAGE_OF_EXTERNAL_EAR,HP_ABNORMALITY_OF_CARTILAGE_OF_EXTERNAL_EAR]
[HP_CIRRHOSIS,HP_CIRRHOSIS] was killed by [HP_ABNORMAL_GLYCOSYLATION,HP_ABNORMAL_GLYCOSYLATION]
[HP_ABNORMAL_METABOLISM,HP_ABNORMAL_METABOLISM] was killed by [HP_ORGANIC_ACIDURIA,HP_ORGANIC_ACIDURIA]
[HP_COLPOCEPHALY,HP_COLPOCEPHALY] was killed by [HP_ABNORMALITY_OF_CARTILAGE_OF_EXTERNAL_EAR,HP_ABNORMALITY_OF_CARTILAGE_OF_EXTERNAL_EAR]
[HP_PRIMARY_PERITONEAL_CARCINOMA,HP_PRIMARY_PERITONEAL_CARCINOMA] was killed by [HP_CAFE_AU_LAIT_SPOT,HP_CAFE_AU_LAIT_SPOT]
[HP_SEPTO_OPTIC_DYSPLASIA,HP_SEPTO_OPTIC_DYSPLASIA] was killed by [HP_BILATERAL_CLEFT_LIP,HP_BILATERAL_CLEFT_LIP]
[HP_HYPOMIMIC_FACE,HP_HYPOMIMIC_FACE] was killed by [HP_INCREASED_SERUM_LACTATE,HP_INCREASED_SERUM_LACTATE]
[HP_PARAKERATOSIS,HP_PARAKERATOSIS] was killed by [HP_FOLLICULAR_HYPERKERATOSIS,HP_FOLLICULAR_HYPERKERATOSIS]
[HP_INCOMPLETE_PENETRANCE,HP_INCOMPLETE_PENETRANCE] was killed by [HP_ABNORMAL_METAPHYSEAL_TRABECULATION,HP_ABNORMAL_METAPHYSEAL_TRABECULATION]
[HP_DELAYED_ABILITY_TO_WALK,HP_DELAYED_ABILITY_TO_WALK] was killed by [HP_DELAYED_MYELINATION,HP_DELAYED_MYELINATION]
[HP_BASAL_CELL_CARCINOMA,HP_BASAL_CELL_CARCINOMA] was killed by [HP_CAFE_AU_LAIT_SPOT,HP_CAFE_AU_LAIT_SPOT]
[HP_ABNORMAL_SOCIAL_BEHAVIOR,HP_ABNORMAL_SOCIAL_BEHAVIOR] was killed by [HP_INCREASED_SERUM_LACTATE,HP_INCREASED_SERUM_LACTATE]
[HP_ABNORMALITY_OF_THE_SCROTUM,HP_ABNORMALITY_OF_THE_SCROTUM] was killed by [HP_INCREASED_SERUM_LACTATE,HP_INCREASED_SERUM_LACTATE]
[HP_OLIGODONTIA,HP_OLIGODONTIA] was killed by [HP_INCREASED_SERUM_LACTATE,HP_INCREASED_SERUM_LACTATE]
[HP_ABSENT_THUMB,HP_ABSENT_THUMB] was killed by [HP_CAFE_AU_LAIT_SPOT,HP_CAFE_AU_LAIT_SPOT]
[HP_UNDERDEVELOPED_SUPRAORBITAL_RIDGES,HP_UNDERDEVELOPED_SUPRAORBITAL_RIDGES] was killed by [HP_INCREASED_SERUM_LACTATE,HP_INCREASED_SERUM_LACTATE]
[HP_IMPAIRED_MASTICATION,HP_IMPAIRED_MASTICATION] was killed by [HP_BILATERAL_CLEFT_LIP,HP_BILATERAL_CLEFT_LIP]
[HP_BLEPHAROPHIMOSIS,HP_BLEPHAROPHIMOSIS] was killed by [HP_INCREASED_SERUM_LACTATE,HP_INCREASED_SERUM_LACTATE]
[HP_HYPOPLASIA_OF_THE_BRAINSTEM,HP_HYPOPLASIA_OF_THE_BRAINSTEM] was killed by [HP_CAFE_AU_LAIT_SPOT,HP_CAFE_AU_LAIT_SPOT]
[HP_ABNORMAL_CIRCULATING_LONG_CHAIN_FATTY_ACID_CONCENTRATION,HP_ABNORMAL_CIRCULATING_LONG_CHAIN_FATTY_ACID_CONCENTRATION] was killed by [HP_ORGANIC_ACIDURIA,HP_ORGANIC_ACIDURIA]
[HP_THORACOLUMBAR_KYPHOSIS,HP_THORACOLUMBAR_KYPHOSIS] was killed by [HP_HEPATOSPLENOMEGALY,HP_HEPATOSPLENOMEGALY]
[HP_ALOPECIA,HP_ALOPECIA] was killed by [HP_INCREASED_SERUM_LACTATE,HP_INCREASED_SERUM_LACTATE]
[HP_TURRICEPHALY,HP_TURRICEPHALY] was killed by [HP_ABNORMALITY_OF_CARTILAGE_OF_EXTERNAL_EAR,HP_ABNORMALITY_OF_CARTILAGE_OF_EXTERNAL_EAR]
[HP_ABSENT_HYPOPLASTIC_PARANASAL_SINUSES,HP_ABSENT_HYPOPLASTIC_PARANASAL_SINUSES] was killed by [HP_ABNORMAL_METAPHYSEAL_TRABECULATION,HP_ABNORMAL_METAPHYSEAL_TRABECULATION]
[HP_HYPOPLASTIC_NIPPLES,HP_HYPOPLASTIC_NIPPLES] was killed by [HP_CAFE_AU_LAIT_SPOT,HP_CAFE_AU_LAIT_SPOT]
[HP_HYPERPLASTIC_CALLUS_FORMATION,HP_HYPERPLASTIC_CALLUS_FORMATION] was killed by [HP_FOLLICULAR_HYPERKERATOSIS,HP_FOLLICULAR_HYPERKERATOSIS]
[HP_ABNORMAL_SPEECH_PROSODY,HP_ABNORMAL_SPEECH_PROSODY] was killed by [HP_INCREASED_SERUM_LACTATE,HP_INCREASED_SERUM_LACTATE]
[HP_VESTIBULAR_DYSFUNCTION,HP_VESTIBULAR_DYSFUNCTION] was killed by [HP_CAFE_AU_LAIT_SPOT,HP_CAFE_AU_LAIT_SPOT]
[HP_ATRIAL_ARRHYTHMIA,HP_ATRIAL_ARRHYTHMIA] was killed by [HP_CAFE_AU_LAIT_SPOT,HP_CAFE_AU_LAIT_SPOT]
[HP_HAPPY_DEMEANOR,HP_HAPPY_DEMEANOR] was killed by [HP_DELAYED_MYELINATION,HP_DELAYED_MYELINATION]
[HP_DIABETES_INSIPIDUS,HP_DIABETES_INSIPIDUS] was killed by [HP_BILATERAL_CLEFT_LIP,HP_BILATERAL_CLEFT_LIP]
