[REACTOME_EUKARYOTIC_TRANSLATION_INITIATION,REACTOME_EUKARYOTIC_TRANSLATION_INITIATION] was killed by [WP_CYTOPLASMIC_RIBOSOMAL_PROTEINS,WP_CYTOPLASMIC_RIBOSOMAL_PROTEINS]
[REACTOME_SELENOAMINO_ACID_METABOLISM,REACTOME_SELENOAMINO_ACID_METABOLISM] was killed by [WP_CYTOPLASMIC_RIBOSOMAL_PROTEINS,WP_CYTOPLASMIC_RIBOSOMAL_PROTEINS]
[KEGG_RIBOSOME,KEGG_RIBOSOME] was killed by [WP_CYTOPLASMIC_RIBOSOMAL_PROTEINS,WP_CYTOPLASMIC_RIBOSOMAL_PROTEINS]
[REACTOME_SRP_DEPENDENT_COTRANSLATIONAL_PROTEIN_TARGETING_TO_MEMBRANE,REACTOME_SRP_DEPENDENT_COTRANSLATIONAL_PROTEIN_TARGETING_TO_MEMBRANE] was killed by [WP_CYTOPLASMIC_RIBOSOMAL_PROTEINS,WP_CYTOPLASMIC_RIBOSOMAL_PROTEINS]
[REACTOME_EUKARYOTIC_TRANSLATION_ELONGATION,REACTOME_EUKARYOTIC_TRANSLATION_ELONGATION] was killed by [WP_CYTOPLASMIC_RIBOSOMAL_PROTEINS,WP_CYTOPLASMIC_RIBOSOMAL_PROTEINS]
[REACTOME_RESPONSE_OF_EIF2AK4_GCN2_TO_AMINO_ACID_DEFICIENCY,REACTOME_RESPONSE_OF_EIF2AK4_GCN2_TO_AMINO_ACID_DEFICIENCY] was killed by [WP_CYTOPLASMIC_RIBOSOMAL_PROTEINS,WP_CYTOPLASMIC_RIBOSOMAL_PROTEINS]
[REACTOME_REGULATION_OF_EXPRESSION_OF_SLITS_AND_ROBOS,REACTOME_REGULATION_OF_EXPRESSION_OF_SLITS_AND_ROBOS] was killed by [WP_CYTOPLASMIC_RIBOSOMAL_PROTEINS,WP_CYTOPLASMIC_RIBOSOMAL_PROTEINS]
[REACTOME_NONSENSE_MEDIATED_DECAY_NMD,REACTOME_NONSENSE_MEDIATED_DECAY_NMD] was killed by [WP_CYTOPLASMIC_RIBOSOMAL_PROTEINS,WP_CYTOPLASMIC_RIBOSOMAL_PROTEINS]
[KEGG_PATHOGENIC_ESCHERICHIA_COLI_INFECTION,KEGG_PATHOGENIC_ESCHERICHIA_COLI_INFECTION] was killed by [PID_TCR_PATHWAY,PID_TCR_PATHWAY]
[WP_PATHOGENIC_ESCHERICHIA_COLI_INFECTION,WP_PATHOGENIC_ESCHERICHIA_COLI_INFECTION] was killed by [PID_TCR_PATHWAY,PID_TCR_PATHWAY]
[REACTOME_CELLULAR_RESPONSE_TO_STARVATION,REACTOME_CELLULAR_RESPONSE_TO_STARVATION] was killed by [WP_CYTOPLASMIC_RIBOSOMAL_PROTEINS,WP_CYTOPLASMIC_RIBOSOMAL_PROTEINS]
[REACTOME_RRNA_MODIFICATION_IN_THE_NUCLEUS_AND_CYTOSOL,REACTOME_RRNA_MODIFICATION_IN_THE_NUCLEUS_AND_CYTOSOL] was killed by [WP_CYTOPLASMIC_RIBOSOMAL_PROTEINS,WP_CYTOPLASMIC_RIBOSOMAL_PROTEINS]
[PID_CD8_TCR_PATHWAY,PID_CD8_TCR_PATHWAY] was killed by [PID_TCR_PATHWAY,PID_TCR_PATHWAY]
[PID_PI3KCI_PATHWAY,PID_PI3KCI_PATHWAY] was killed by [PID_TCR_PATHWAY,PID_TCR_PATHWAY]
[REACTOME_INFLUENZA_INFECTION,REACTOME_INFLUENZA_INFECTION] was killed by [WP_CYTOPLASMIC_RIBOSOMAL_PROTEINS,WP_CYTOPLASMIC_RIBOSOMAL_PROTEINS]
[REACTOME_ACTIVATION_OF_THE_MRNA_UPON_BINDING_OF_THE_CAP_BINDING_COMPLEX_AND_EIFS_AND_SUBSEQUENT_BINDING_TO_43S,REACTOME_ACTIVATION_OF_THE_MRNA_UPON_BINDING_OF_THE_CAP_BINDING_COMPLEX_AND_EIFS_AND_SUBSEQUENT_BINDING_TO_43S] was killed by [WP_CYTOPLASMIC_RIBOSOMAL_PROTEINS,WP_CYTOPLASMIC_RIBOSOMAL_PROTEINS]
[REACTOME_NEGATIVE_REGULATION_OF_MET_ACTIVITY,REACTOME_NEGATIVE_REGULATION_OF_MET_ACTIVITY] was killed by [PID_TCR_PATHWAY,PID_TCR_PATHWAY]
[WP_CARDIAC_HYPERTROPHIC_RESPONSE,WP_CARDIAC_HYPERTROPHIC_RESPONSE] was killed by [PID_TCR_PATHWAY,PID_TCR_PATHWAY]
[PID_VEGFR1_2_PATHWAY,PID_VEGFR1_2_PATHWAY] was killed by [PID_TCR_PATHWAY,PID_TCR_PATHWAY]
[WP_TCELL_ANTIGEN_RECEPTOR_TCR_PATHWAY_DURING_STAPHYLOCOCCUS_AUREUS_INFECTION,WP_TCELL_ANTIGEN_RECEPTOR_TCR_PATHWAY_DURING_STAPHYLOCOCCUS_AUREUS_INFECTION] was killed by [PID_TCR_PATHWAY,PID_TCR_PATHWAY]
[BIOCARTA_AT1R_PATHWAY,BIOCARTA_AT1R_PATHWAY] was killed by [PID_TCR_PATHWAY,PID_TCR_PATHWAY]
