[HP_CHRONIC_KIDNEY_DISEASE,HP_CHRONIC_KIDNEY_DISEASE] was killed by [HP_STAGE_5_CHRONIC_KIDNEY_DISEASE,HP_STAGE_5_CHRONIC_KIDNEY_DISEASE]
[HP_HYPOPLASTIC_TOENAILS,HP_HYPOPLASTIC_TOENAILS] was killed by [HP_APLASTIC_HYPOPLASTIC_TOENAIL,HP_APLASTIC_HYPOPLASTIC_TOENAIL]
[HP_ERYTHRODERMA,HP_ERYTHRODERMA] was killed by [HP_SEPSIS,HP_SEPSIS]
[HP_INFANTILE_MUSCULAR_HYPOTONIA,HP_INFANTILE_MUSCULAR_HYPOTONIA] was killed by [HP_CHRONIC_CONSTIPATION,HP_CHRONIC_CONSTIPATION]
[HP_DECREASED_SKULL_OSSIFICATION,HP_DECREASED_SKULL_OSSIFICATION] was killed by [HP_ABNORMALITY_OF_SKULL_OSSIFICATION,HP_ABNORMALITY_OF_SKULL_OSSIFICATION]
[HP_ABNORMAL_AORTIC_ARCH_MORPHOLOGY,HP_ABNORMAL_AORTIC_ARCH_MORPHOLOGY] was killed by [HP_HYPOPARATHYROIDISM,HP_HYPOPARATHYROIDISM]
[HP_ABNORMAL_ELASTICITY_OF_SKIN,HP_ABNORMAL_ELASTICITY_OF_SKIN] was killed by [HP_APLASTIC_HYPOPLASTIC_TOENAIL,HP_APLASTIC_HYPOPLASTIC_TOENAIL]
[HP_CHRONIC_PULMONARY_OBSTRUCTION,HP_CHRONIC_PULMONARY_OBSTRUCTION] was killed by [HP_SEPSIS,HP_SEPSIS]
[HP_ASPIRATION_PNEUMONIA,HP_ASPIRATION_PNEUMONIA] was killed by [HP_INFANTILE_SPASMS,HP_INFANTILE_SPASMS]
[HP_GASTROSTOMY_TUBE_FEEDING_IN_INFANCY,HP_GASTROSTOMY_TUBE_FEEDING_IN_INFANCY] was killed by [HP_INFANTILE_SPASMS,HP_INFANTILE_SPASMS]
[HP_ABNORMALLY_LAX_OR_HYPEREXTENSIBLE_SKIN,HP_ABNORMALLY_LAX_OR_HYPEREXTENSIBLE_SKIN] was killed by [HP_APLASTIC_HYPOPLASTIC_TOENAIL,HP_APLASTIC_HYPOPLASTIC_TOENAIL]
[HP_NEOPLASM_OF_THE_THYROID_GLAND,HP_NEOPLASM_OF_THE_THYROID_GLAND] was killed by [HP_THYROID_CARCINOMA,HP_THYROID_CARCINOMA]
[HP_BROAD_LONG_BONES,HP_BROAD_LONG_BONES] was killed by [HP_CHRONIC_CONSTIPATION,HP_CHRONIC_CONSTIPATION]
[HP_LONG_EYELASHES,HP_LONG_EYELASHES] was killed by [HP_CHRONIC_CONSTIPATION,HP_CHRONIC_CONSTIPATION]
[HP_TICS,HP_TICS] was killed by [HP_APLASTIC_HYPOPLASTIC_TOENAIL,HP_APLASTIC_HYPOPLASTIC_TOENAIL]
[HP_ABNORMAL_LUNG_LOBATION,HP_ABNORMAL_LUNG_LOBATION] was killed by [HP_THYROID_CARCINOMA,HP_THYROID_CARCINOMA]
[HP_POOR_COORDINATION,HP_POOR_COORDINATION] was killed by [HP_CHRONIC_CONSTIPATION,HP_CHRONIC_CONSTIPATION]
[HP_POOR_EYE_CONTACT,HP_POOR_EYE_CONTACT] was killed by [HP_INFANTILE_SPASMS,HP_INFANTILE_SPASMS]
[HP_RETINAL_VASCULAR_TORTUOSITY,HP_RETINAL_VASCULAR_TORTUOSITY] was killed by [HP_APLASTIC_HYPOPLASTIC_TOENAIL,HP_APLASTIC_HYPOPLASTIC_TOENAIL]
[HP_URETHRAL_OBSTRUCTION,HP_URETHRAL_OBSTRUCTION] was killed by [HP_APLASTIC_HYPOPLASTIC_TOENAIL,HP_APLASTIC_HYPOPLASTIC_TOENAIL]
[HP_ABNORMALITY_OF_THE_HALLUX,HP_ABNORMALITY_OF_THE_HALLUX] was killed by [HP_CHRONIC_CONSTIPATION,HP_CHRONIC_CONSTIPATION]
[HP_SELF_MUTILATION,HP_SELF_MUTILATION] was killed by [HP_CHRONIC_CONSTIPATION,HP_CHRONIC_CONSTIPATION]
[HP_ABNORMAL_URETER_PHYSIOLOGY,HP_ABNORMAL_URETER_PHYSIOLOGY] was killed by [HP_CHRONIC_CONSTIPATION,HP_CHRONIC_CONSTIPATION]
[HP_SUBMUCOUS_CLEFT_OF_SOFT_AND_HARD_PALATE,HP_SUBMUCOUS_CLEFT_OF_SOFT_AND_HARD_PALATE] was killed by [HP_HYPOPARATHYROIDISM,HP_HYPOPARATHYROIDISM]
[HP_HYPEREXTENSIBILITY_OF_THE_KNEE,HP_HYPEREXTENSIBILITY_OF_THE_KNEE] was killed by [HP_THYROID_CARCINOMA,HP_THYROID_CARCINOMA]
[HP_AUTOIMMUNE_HEMOLYTIC_ANEMIA,HP_AUTOIMMUNE_HEMOLYTIC_ANEMIA] was killed by [HP_THYROID_CARCINOMA,HP_THYROID_CARCINOMA]
[HP_TRUNCUS_ARTERIOSUS,HP_TRUNCUS_ARTERIOSUS] was killed by [HP_APLASTIC_HYPOPLASTIC_TOENAIL,HP_APLASTIC_HYPOPLASTIC_TOENAIL]
[HP_CONGENITAL_HEPATIC_FIBROSIS,HP_CONGENITAL_HEPATIC_FIBROSIS] was killed by [HP_STAGE_5_CHRONIC_KIDNEY_DISEASE,HP_STAGE_5_CHRONIC_KIDNEY_DISEASE]
[HP_ABNORMAL_CORTICAL_BONE_MORPHOLOGY,HP_ABNORMAL_CORTICAL_BONE_MORPHOLOGY] was killed by [HP_ABNORMALITY_OF_SKULL_OSSIFICATION,HP_ABNORMALITY_OF_SKULL_OSSIFICATION]
[HP_METABOLIC_ACIDOSIS,HP_METABOLIC_ACIDOSIS] was killed by [HP_STAGE_5_CHRONIC_KIDNEY_DISEASE,HP_STAGE_5_CHRONIC_KIDNEY_DISEASE]
[HP_ACNE,HP_ACNE] was killed by [HP_HYPOPARATHYROIDISM,HP_HYPOPARATHYROIDISM]
[HP_HETEROTROPIA,HP_HETEROTROPIA] was killed by [HP_CHRONIC_CONSTIPATION,HP_CHRONIC_CONSTIPATION]
[HP_LARYNGOMALACIA,HP_LARYNGOMALACIA] was killed by [HP_APLASTIC_HYPOPLASTIC_TOENAIL,HP_APLASTIC_HYPOPLASTIC_TOENAIL]
[HP_PREMATURE_SKIN_WRINKLING,HP_PREMATURE_SKIN_WRINKLING] was killed by [HP_ABNORMALITY_OF_SKULL_OSSIFICATION,HP_ABNORMALITY_OF_SKULL_OSSIFICATION]
[HP_ABNORMAL_LYMPHOCYTE_MORPHOLOGY,HP_ABNORMAL_LYMPHOCYTE_MORPHOLOGY] was killed by [HP_SEPSIS,HP_SEPSIS]
[HP_PLAGIOCEPHALY,HP_PLAGIOCEPHALY] was killed by [HP_CHRONIC_CONSTIPATION,HP_CHRONIC_CONSTIPATION]
[HP_ENLARGED_CISTERNA_MAGNA,HP_ENLARGED_CISTERNA_MAGNA] was killed by [HP_EXPRESSIVE_LANGUAGE_DELAY,HP_EXPRESSIVE_LANGUAGE_DELAY]
[HP_LONG_TOE,HP_LONG_TOE] was killed by [HP_EXPRESSIVE_LANGUAGE_DELAY,HP_EXPRESSIVE_LANGUAGE_DELAY]
[HP_ARRHINENCEPHALY,HP_ARRHINENCEPHALY] was killed by [HP_HYPOPARATHYROIDISM,HP_HYPOPARATHYROIDISM]
[HP_SPINAL_CORD_LESION,HP_SPINAL_CORD_LESION] was killed by [HP_CHRONIC_CONSTIPATION,HP_CHRONIC_CONSTIPATION]
[HP_ABNORMALITY_OF_BLADDER_MORPHOLOGY,HP_ABNORMALITY_OF_BLADDER_MORPHOLOGY] was killed by [HP_APLASTIC_HYPOPLASTIC_TOENAIL,HP_APLASTIC_HYPOPLASTIC_TOENAIL]
[HP_FOCAL_SEGMENTAL_GLOMERULOSCLEROSIS,HP_FOCAL_SEGMENTAL_GLOMERULOSCLEROSIS] was killed by [HP_STAGE_5_CHRONIC_KIDNEY_DISEASE,HP_STAGE_5_CHRONIC_KIDNEY_DISEASE]
[HP_ABNORMAL_FEMORAL_NECK_HEAD_MORPHOLOGY,HP_ABNORMAL_FEMORAL_NECK_HEAD_MORPHOLOGY] was killed by [HP_CHRONIC_CONSTIPATION,HP_CHRONIC_CONSTIPATION]
[HP_CORNEAL_ULCERATION,HP_CORNEAL_ULCERATION] was killed by [HP_ABNORMALITY_OF_SKULL_OSSIFICATION,HP_ABNORMALITY_OF_SKULL_OSSIFICATION]
[HP_BRACHYCEPHALY,HP_BRACHYCEPHALY] was killed by [HP_CHRONIC_CONSTIPATION,HP_CHRONIC_CONSTIPATION]
[HP_ABNORMALITY_OF_T_CELL_PHYSIOLOGY,HP_ABNORMALITY_OF_T_CELL_PHYSIOLOGY] was killed by [HP_SEPSIS,HP_SEPSIS]
[HP_NARROW_MOUTH,HP_NARROW_MOUTH] was killed by [HP_CHRONIC_CONSTIPATION,HP_CHRONIC_CONSTIPATION]
[HP_APLASIA_HYPOPLASIA_OF_THE_THYMUS,HP_APLASIA_HYPOPLASIA_OF_THE_THYMUS] was killed by [HP_SEPSIS,HP_SEPSIS]
[HP_SQUARE_FACE,HP_SQUARE_FACE] was killed by [HP_CHRONIC_CONSTIPATION,HP_CHRONIC_CONSTIPATION]
[HP_ABNORMAL_TOENAIL_MORPHOLOGY,HP_ABNORMAL_TOENAIL_MORPHOLOGY] was killed by [HP_APLASTIC_HYPOPLASTIC_TOENAIL,HP_APLASTIC_HYPOPLASTIC_TOENAIL]
[HP_NEOPLASM_OF_THE_ENDOCRINE_SYSTEM,HP_NEOPLASM_OF_THE_ENDOCRINE_SYSTEM] was killed by [HP_STAGE_5_CHRONIC_KIDNEY_DISEASE,HP_STAGE_5_CHRONIC_KIDNEY_DISEASE]
[HP_APHTHOUS_ULCER,HP_APHTHOUS_ULCER] was killed by [HP_STAGE_5_CHRONIC_KIDNEY_DISEASE,HP_STAGE_5_CHRONIC_KIDNEY_DISEASE]
[HP_MEGALOCORNEA,HP_MEGALOCORNEA] was killed by [HP_APLASTIC_HYPOPLASTIC_TOENAIL,HP_APLASTIC_HYPOPLASTIC_TOENAIL]
[HP_HOARSE_VOICE,HP_HOARSE_VOICE] was killed by [HP_APLASTIC_HYPOPLASTIC_TOENAIL,HP_APLASTIC_HYPOPLASTIC_TOENAIL]
[HP_ABNORMAL_RENAL_GLOMERULUS_MORPHOLOGY,HP_ABNORMAL_RENAL_GLOMERULUS_MORPHOLOGY] was killed by [HP_STAGE_5_CHRONIC_KIDNEY_DISEASE,HP_STAGE_5_CHRONIC_KIDNEY_DISEASE]
[HP_SHORT_PHILTRUM,HP_SHORT_PHILTRUM] was killed by [HP_APLASTIC_HYPOPLASTIC_TOENAIL,HP_APLASTIC_HYPOPLASTIC_TOENAIL]
[HP_DIALEPTIC_SEIZURE,HP_DIALEPTIC_SEIZURE] was killed by [HP_INFANTILE_SPASMS,HP_INFANTILE_SPASMS]
[HP_PANHYPOGAMMAGLOBULINEMIA,HP_PANHYPOGAMMAGLOBULINEMIA] was killed by [HP_SEPSIS,HP_SEPSIS]
[HP_FASCICULATIONS,HP_FASCICULATIONS] was killed by [HP_ABNORMAL_SUBSTANTIA_NIGRA_MORPHOLOGY,HP_ABNORMAL_SUBSTANTIA_NIGRA_MORPHOLOGY]
[HP_NASAL_SPEECH,HP_NASAL_SPEECH] was killed by [HP_HYPOPARATHYROIDISM,HP_HYPOPARATHYROIDISM]
[HP_NEOPLASM_OF_THE_RESPIRATORY_SYSTEM,HP_NEOPLASM_OF_THE_RESPIRATORY_SYSTEM] was killed by [HP_THYROID_CARCINOMA,HP_THYROID_CARCINOMA]
[HP_TRIANGULAR_SHAPED_PHALANGES_OF_THE_HAND,HP_TRIANGULAR_SHAPED_PHALANGES_OF_THE_HAND] was killed by [HP_CHRONIC_CONSTIPATION,HP_CHRONIC_CONSTIPATION]
[HP_AUTOIMMUNITY,HP_AUTOIMMUNITY] was killed by [HP_SEPSIS,HP_SEPSIS]
[HP_THORACIC_HYPOPLASIA,HP_THORACIC_HYPOPLASIA] was killed by [HP_ABNORMALITY_OF_SKULL_OSSIFICATION,HP_ABNORMALITY_OF_SKULL_OSSIFICATION]
[HP_FEMORAL_BOWING,HP_FEMORAL_BOWING] was killed by [HP_ABNORMALITY_OF_SKULL_OSSIFICATION,HP_ABNORMALITY_OF_SKULL_OSSIFICATION]
[HP_ULNAR_DEVIATION_OF_FINGER,HP_ULNAR_DEVIATION_OF_FINGER] was killed by [HP_APLASTIC_HYPOPLASTIC_TOENAIL,HP_APLASTIC_HYPOPLASTIC_TOENAIL]
[HP_DYSPHASIA,HP_DYSPHASIA] was killed by [HP_CHRONIC_CONSTIPATION,HP_CHRONIC_CONSTIPATION]
[HP_ASTHMA,HP_ASTHMA] was killed by [HP_CHRONIC_CONSTIPATION,HP_CHRONIC_CONSTIPATION]
[HP_SMALL_HAND,HP_SMALL_HAND] was killed by [HP_CHRONIC_CONSTIPATION,HP_CHRONIC_CONSTIPATION]
[HP_IMPAIRED_T_CELL_FUNCTION,HP_IMPAIRED_T_CELL_FUNCTION] was killed by [HP_SEPSIS,HP_SEPSIS]
[HP_BROAD_EYEBROW,HP_BROAD_EYEBROW] was killed by [HP_EXPRESSIVE_LANGUAGE_DELAY,HP_EXPRESSIVE_LANGUAGE_DELAY]
[HP_METATARSUS_ADDUCTUS,HP_METATARSUS_ADDUCTUS] was killed by [HP_APLASTIC_HYPOPLASTIC_TOENAIL,HP_APLASTIC_HYPOPLASTIC_TOENAIL]
[HP_TONIC_SEIZURE,HP_TONIC_SEIZURE] was killed by [HP_INFANTILE_SPASMS,HP_INFANTILE_SPASMS]
[HP_VENOUS_INSUFFICIENCY,HP_VENOUS_INSUFFICIENCY] was killed by [HP_HYPOPARATHYROIDISM,HP_HYPOPARATHYROIDISM]
[HP_ABNORMAL_ATRIOVENTRICULAR_VALVE_PHYSIOLOGY,HP_ABNORMAL_ATRIOVENTRICULAR_VALVE_PHYSIOLOGY] was killed by [HP_APLASTIC_HYPOPLASTIC_TOENAIL,HP_APLASTIC_HYPOPLASTIC_TOENAIL]
[HP_ABNORMAL_EOSINOPHIL_MORPHOLOGY,HP_ABNORMAL_EOSINOPHIL_MORPHOLOGY] was killed by [HP_SEPSIS,HP_SEPSIS]
[HP_SOFT_TISSUE_SARCOMA,HP_SOFT_TISSUE_SARCOMA] was killed by [HP_THYROID_CARCINOMA,HP_THYROID_CARCINOMA]
[HP_RENAL_CELL_CARCINOMA,HP_RENAL_CELL_CARCINOMA] was killed by [HP_THYROID_CARCINOMA,HP_THYROID_CARCINOMA]
[HP_SPARSE_SCALP_HAIR,HP_SPARSE_SCALP_HAIR] was killed by [HP_APLASTIC_HYPOPLASTIC_TOENAIL,HP_APLASTIC_HYPOPLASTIC_TOENAIL]
[HP_AGNOSIA,HP_AGNOSIA] was killed by [HP_THYROID_CARCINOMA,HP_THYROID_CARCINOMA]
[HP_ABNORMAL_DISTAL_PHALANX_MORPHOLOGY_OF_FINGER,HP_ABNORMAL_DISTAL_PHALANX_MORPHOLOGY_OF_FINGER] was killed by [HP_CHRONIC_CONSTIPATION,HP_CHRONIC_CONSTIPATION]
[HP_SPASTIC_TETRAPARESIS,HP_SPASTIC_TETRAPARESIS] was killed by [HP_INFANTILE_SPASMS,HP_INFANTILE_SPASMS]
[HP_DISTAL_MUSCLE_WEAKNESS,HP_DISTAL_MUSCLE_WEAKNESS] was killed by [HP_APLASTIC_HYPOPLASTIC_TOENAIL,HP_APLASTIC_HYPOPLASTIC_TOENAIL]
[HP_POSTNATAL_GROWTH_RETARDATION,HP_POSTNATAL_GROWTH_RETARDATION] was killed by [HP_STAGE_5_CHRONIC_KIDNEY_DISEASE,HP_STAGE_5_CHRONIC_KIDNEY_DISEASE]
[HP_ABNORMALITY_OF_PRIMARY_TEETH,HP_ABNORMALITY_OF_PRIMARY_TEETH] was killed by [HP_ABNORMALITY_OF_SKULL_OSSIFICATION,HP_ABNORMALITY_OF_SKULL_OSSIFICATION]
[HP_MENINGITIS,HP_MENINGITIS] was killed by [HP_SEPSIS,HP_SEPSIS]
[HP_PARTIAL_AGENESIS_OF_THE_CORPUS_CALLOSUM,HP_PARTIAL_AGENESIS_OF_THE_CORPUS_CALLOSUM] was killed by [HP_APLASTIC_HYPOPLASTIC_TOENAIL,HP_APLASTIC_HYPOPLASTIC_TOENAIL]
[HP_ABNORMALITY_OF_THE_THYMUS,HP_ABNORMALITY_OF_THE_THYMUS] was killed by [HP_SEPSIS,HP_SEPSIS]
[HP_WEAK_VOICE,HP_WEAK_VOICE] was killed by [HP_ABNORMAL_SUBSTANTIA_NIGRA_MORPHOLOGY,HP_ABNORMAL_SUBSTANTIA_NIGRA_MORPHOLOGY]
[HP_SMOOTH_PHILTRUM,HP_SMOOTH_PHILTRUM] was killed by [HP_CHRONIC_CONSTIPATION,HP_CHRONIC_CONSTIPATION]
[HP_ABNORMAL_BLISTERING_OF_THE_SKIN,HP_ABNORMAL_BLISTERING_OF_THE_SKIN] was killed by [HP_APLASTIC_HYPOPLASTIC_TOENAIL,HP_APLASTIC_HYPOPLASTIC_TOENAIL]
[HP_PROGRESSIVE_CEREBELLAR_ATAXIA,HP_PROGRESSIVE_CEREBELLAR_ATAXIA] was killed by [HP_ABNORMAL_SUBSTANTIA_NIGRA_MORPHOLOGY,HP_ABNORMAL_SUBSTANTIA_NIGRA_MORPHOLOGY]
[HP_ABNORMAL_MITRAL_VALVE_PHYSIOLOGY,HP_ABNORMAL_MITRAL_VALVE_PHYSIOLOGY] was killed by [HP_APLASTIC_HYPOPLASTIC_TOENAIL,HP_APLASTIC_HYPOPLASTIC_TOENAIL]
[HP_11_PAIRS_OF_RIBS,HP_11_PAIRS_OF_RIBS] was killed by [HP_ABNORMALITY_OF_SKULL_OSSIFICATION,HP_ABNORMALITY_OF_SKULL_OSSIFICATION]
[HP_ABNORMALITY_OF_URINE_CALCIUM_CONCENTRATION,HP_ABNORMALITY_OF_URINE_CALCIUM_CONCENTRATION] was killed by [HP_APLASTIC_HYPOPLASTIC_TOENAIL,HP_APLASTIC_HYPOPLASTIC_TOENAIL]
[HP_TEMPERATURE_INSTABILITY,HP_TEMPERATURE_INSTABILITY] was killed by [HP_EXPRESSIVE_LANGUAGE_DELAY,HP_EXPRESSIVE_LANGUAGE_DELAY]
[HP_ABNORMAL_2ND_FINGER_MORPHOLOGY,HP_ABNORMAL_2ND_FINGER_MORPHOLOGY] was killed by [HP_ABNORMALITY_OF_SKULL_OSSIFICATION,HP_ABNORMALITY_OF_SKULL_OSSIFICATION]
[HP_JUVENILE_ASEPTIC_NECROSIS,HP_JUVENILE_ASEPTIC_NECROSIS] was killed by [HP_CHRONIC_CONSTIPATION,HP_CHRONIC_CONSTIPATION]
[HP_ABNORMAL_PARANASAL_SINUS_MORPHOLOGY,HP_ABNORMAL_PARANASAL_SINUS_MORPHOLOGY] was killed by [HP_SEPSIS,HP_SEPSIS]
[HP_ABNORMALITY_OF_CORNEAL_STROMA,HP_ABNORMALITY_OF_CORNEAL_STROMA] was killed by [HP_STAGE_5_CHRONIC_KIDNEY_DISEASE,HP_STAGE_5_CHRONIC_KIDNEY_DISEASE]
[HP_EPILEPTIC_SPASM,HP_EPILEPTIC_SPASM] was killed by [HP_INFANTILE_SPASMS,HP_INFANTILE_SPASMS]
[HP_ABNORMAL_CIRCULATING_CARBOHYDRATE_CONCENTRATION,HP_ABNORMAL_CIRCULATING_CARBOHYDRATE_CONCENTRATION] was killed by [HP_INFANTILE_SPASMS,HP_INFANTILE_SPASMS]
[HP_URETERAL_DUPLICATION,HP_URETERAL_DUPLICATION] was killed by [HP_ABNORMALITY_OF_SKULL_OSSIFICATION,HP_ABNORMALITY_OF_SKULL_OSSIFICATION]
[HP_PROMINENT_SUPERFICIAL_BLOOD_VESSELS,HP_PROMINENT_SUPERFICIAL_BLOOD_VESSELS] was killed by [HP_ABNORMALITY_OF_SKULL_OSSIFICATION,HP_ABNORMALITY_OF_SKULL_OSSIFICATION]
[HP_ABNORMALITY_OF_THE_COLUMELLA,HP_ABNORMALITY_OF_THE_COLUMELLA] was killed by [HP_CHRONIC_CONSTIPATION,HP_CHRONIC_CONSTIPATION]
[HP_EMBRYONAL_RENAL_NEOPLASM,HP_EMBRYONAL_RENAL_NEOPLASM] was killed by [HP_ABNORMALITY_OF_SKULL_OSSIFICATION,HP_ABNORMALITY_OF_SKULL_OSSIFICATION]
[HP_HIGH_HYPERMETROPIA,HP_HIGH_HYPERMETROPIA] was killed by [HP_APLASTIC_HYPOPLASTIC_TOENAIL,HP_APLASTIC_HYPOPLASTIC_TOENAIL]
[HP_ECTOPIC_KIDNEY,HP_ECTOPIC_KIDNEY] was killed by [HP_APLASTIC_HYPOPLASTIC_TOENAIL,HP_APLASTIC_HYPOPLASTIC_TOENAIL]
[HP_LYMPHOPENIA,HP_LYMPHOPENIA] was killed by [HP_SEPSIS,HP_SEPSIS]
[HP_ABNORMALITY_OF_TIBIA_MORPHOLOGY,HP_ABNORMALITY_OF_TIBIA_MORPHOLOGY] was killed by [HP_ABNORMALITY_OF_SKULL_OSSIFICATION,HP_ABNORMALITY_OF_SKULL_OSSIFICATION]
[HP_ABNORMAL_RENAL_MEDULLA_MORPHOLOGY,HP_ABNORMAL_RENAL_MEDULLA_MORPHOLOGY] was killed by [HP_INFANTILE_SPASMS,HP_INFANTILE_SPASMS]
[HP_HYPODONTIA,HP_HYPODONTIA] was killed by [HP_APLASTIC_HYPOPLASTIC_TOENAIL,HP_APLASTIC_HYPOPLASTIC_TOENAIL]
[HP_ANGIOFIBROMAS,HP_ANGIOFIBROMAS] was killed by [HP_STAGE_5_CHRONIC_KIDNEY_DISEASE,HP_STAGE_5_CHRONIC_KIDNEY_DISEASE]
[HP_ABNORMAL_NEURAL_TUBE_MORPHOLOGY,HP_ABNORMAL_NEURAL_TUBE_MORPHOLOGY] was killed by [HP_APLASTIC_HYPOPLASTIC_TOENAIL,HP_APLASTIC_HYPOPLASTIC_TOENAIL]
[HP_HYPOCALCEMIA,HP_HYPOCALCEMIA] was killed by [HP_HYPOPARATHYROIDISM,HP_HYPOPARATHYROIDISM]
[HP_INCOMPLETE_PENETRANCE,HP_INCOMPLETE_PENETRANCE] was killed by [HP_THYROID_CARCINOMA,HP_THYROID_CARCINOMA]
[HP_INCREASED_SERUM_PYRUVATE,HP_INCREASED_SERUM_PYRUVATE] was killed by [HP_INFANTILE_SPASMS,HP_INFANTILE_SPASMS]
[HP_ABNORMAL_THYROID_MORPHOLOGY,HP_ABNORMAL_THYROID_MORPHOLOGY] was killed by [HP_SEPSIS,HP_SEPSIS]
[HP_HYPERTHYROIDISM,HP_HYPERTHYROIDISM] was killed by [HP_THYROID_CARCINOMA,HP_THYROID_CARCINOMA]
[HP_LOWER_LIMB_ASYMMETRY,HP_LOWER_LIMB_ASYMMETRY] was killed by [HP_THYROID_CARCINOMA,HP_THYROID_CARCINOMA]
[HP_ABNORMALITY_OF_THE_PARATHYROID_GLAND,HP_ABNORMALITY_OF_THE_PARATHYROID_GLAND] was killed by [HP_THYROID_CARCINOMA,HP_THYROID_CARCINOMA]
[HP_MULTIFOCAL_EPILEPTIFORM_DISCHARGES,HP_MULTIFOCAL_EPILEPTIFORM_DISCHARGES] was killed by [HP_INFANTILE_SPASMS,HP_INFANTILE_SPASMS]
[HP_ABNORMALITY_OF_THE_METOPIC_SUTURE,HP_ABNORMALITY_OF_THE_METOPIC_SUTURE] was killed by [HP_EXPRESSIVE_LANGUAGE_DELAY,HP_EXPRESSIVE_LANGUAGE_DELAY]
[HP_ABNORMAL_PELVIS_BONE_MORPHOLOGY,HP_ABNORMAL_PELVIS_BONE_MORPHOLOGY] was killed by [HP_ABNORMALITY_OF_SKULL_OSSIFICATION,HP_ABNORMALITY_OF_SKULL_OSSIFICATION]
[HP_EXODEVIATION,HP_EXODEVIATION] was killed by [HP_CHRONIC_CONSTIPATION,HP_CHRONIC_CONSTIPATION]
[HP_ECHOLALIA,HP_ECHOLALIA] was killed by [HP_ABNORMALITY_OF_SKULL_OSSIFICATION,HP_ABNORMALITY_OF_SKULL_OSSIFICATION]
[HP_APLASIA_HYPOPLASIA_OF_THE_SKIN,HP_APLASIA_HYPOPLASIA_OF_THE_SKIN] was killed by [HP_APLASTIC_HYPOPLASTIC_TOENAIL,HP_APLASTIC_HYPOPLASTIC_TOENAIL]
[HP_MOTOR_NEURON_ATROPHY,HP_MOTOR_NEURON_ATROPHY] was killed by [HP_ABNORMAL_SUBSTANTIA_NIGRA_MORPHOLOGY,HP_ABNORMAL_SUBSTANTIA_NIGRA_MORPHOLOGY]
[HP_ABNORMAL_CIRCULATING_DICARBOXYLIC_ACID_CONCENTRATION,HP_ABNORMAL_CIRCULATING_DICARBOXYLIC_ACID_CONCENTRATION] was killed by [HP_INFANTILE_SPASMS,HP_INFANTILE_SPASMS]
[HP_ABNORMALITY_OF_THE_WRIST,HP_ABNORMALITY_OF_THE_WRIST] was killed by [HP_ABNORMALITY_OF_SKULL_OSSIFICATION,HP_ABNORMALITY_OF_SKULL_OSSIFICATION]
[HP_RECURRENT_SINUSITIS,HP_RECURRENT_SINUSITIS] was killed by [HP_SEPSIS,HP_SEPSIS]
[HP_CORTICAL_DYSPLASIA,HP_CORTICAL_DYSPLASIA] was killed by [HP_INFANTILE_SPASMS,HP_INFANTILE_SPASMS]
[HP_DIASTEMA,HP_DIASTEMA] was killed by [HP_CHRONIC_CONSTIPATION,HP_CHRONIC_CONSTIPATION]
[HP_SYNOSTOSIS_OF_CARPALS_TARSALS,HP_SYNOSTOSIS_OF_CARPALS_TARSALS] was killed by [HP_APLASTIC_HYPOPLASTIC_TOENAIL,HP_APLASTIC_HYPOPLASTIC_TOENAIL]
[HP_PERSONALITY_CHANGES,HP_PERSONALITY_CHANGES] was killed by [HP_ABNORMAL_SUBSTANTIA_NIGRA_MORPHOLOGY,HP_ABNORMAL_SUBSTANTIA_NIGRA_MORPHOLOGY]
[HP_HYPOPLASTIC_ILIAC_WING,HP_HYPOPLASTIC_ILIAC_WING] was killed by [HP_CHRONIC_CONSTIPATION,HP_CHRONIC_CONSTIPATION]
[HP_SCALING_SKIN,HP_SCALING_SKIN] was killed by [HP_ABNORMALITY_OF_SKULL_OSSIFICATION,HP_ABNORMALITY_OF_SKULL_OSSIFICATION]
