[MIR3064_3P,MIR3064_3P] was killed by [MIR3925_3P,MIR3925_3P]
[MIR1260A_MIR1260B,MIR1260A_MIR1260B] was killed by [MIR3925_3P,MIR3925_3P]
[MIR208A_3P,MIR208A_3P] was killed by [MIR208B_3P,MIR208B_3P]
[MIR12129,MIR12129] was killed by [GCATTTG_MIR105,GCATTTG_MIR105]
[MIR135A_2_3P,MIR135A_2_3P] was killed by [MIR3925_3P,MIR3925_3P]
[MIR135B_3P,MIR135B_3P] was killed by [MIR3925_3P,MIR3925_3P]
[MIR542_3P,MIR542_3P] was killed by [MIR4717_3P,MIR4717_3P]
[MIR3619_3P,MIR3619_3P] was killed by [MIR421,MIR421]
[MIR12121,MIR12121] was killed by [MIR3925_3P,MIR3925_3P]
[MIR194_5P,MIR194_5P] was killed by [MIR421,MIR421]
[MIR6500_3P,MIR6500_3P] was killed by [MIR3925_3P,MIR3925_3P]
[AGGTGCA_MIR500,AGGTGCA_MIR500] was killed by [GCATTTG_MIR105,GCATTTG_MIR105]
[MIR199B_5P,MIR199B_5P] was killed by [MIR3925_3P,MIR3925_3P]
[MIR4438,MIR4438] was killed by [CTCAAGA_MIR526B,CTCAAGA_MIR526B]
[TCTGATC_MIR383,TCTGATC_MIR383] was killed by [MIR421,MIR421]
[MIR4318,MIR4318] was killed by [MIR208B_3P,MIR208B_3P]
[MIR199A_5P,MIR199A_5P] was killed by [MIR3925_3P,MIR3925_3P]
[MIR513C_5P,MIR513C_5P] was killed by [MIR3925_3P,MIR3925_3P]
[MIR192_5P,MIR192_5P] was killed by [MIR4473,MIR4473]
[ATGTAGC_MIR221_MIR222,ATGTAGC_MIR221_MIR222] was killed by [GCATTTG_MIR105,GCATTTG_MIR105]
[MIR7157_3P,MIR7157_3P] was killed by [GCATTTG_MIR105,GCATTTG_MIR105]
[MIR4777_5P,MIR4777_5P] was killed by [MIR671_5P,MIR671_5P]
[MIR219B_5P,MIR219B_5P] was killed by [CTCAAGA_MIR526B,CTCAAGA_MIR526B]
[ATAACCT_MIR154,ATAACCT_MIR154] was killed by [GCATTTG_MIR105,GCATTTG_MIR105]
[ACACTGG_MIR199A_MIR199B,ACACTGG_MIR199A_MIR199B] was killed by [MIR671_5P,MIR671_5P]
[MIR6769A_3P,MIR6769A_3P] was killed by [MIR421,MIR421]
[MIR6737_3P,MIR6737_3P] was killed by [GCATTTG_MIR105,GCATTTG_MIR105]
[MIR7108_5P,MIR7108_5P] was killed by [MIR4473,MIR4473]
[MIR548AD_3P,MIR548AD_3P] was killed by [MIR671_5P,MIR671_5P]
[AGCATTA_MIR155,AGCATTA_MIR155] was killed by [GCATTTG_MIR105,GCATTTG_MIR105]
[MIR877_3P,MIR877_3P] was killed by [MIR7158_3P,MIR7158_3P]
[MIR4423_3P,MIR4423_3P] was killed by [MIR6719_3P,MIR6719_3P]
[MIR514B_5P,MIR514B_5P] was killed by [MIR3925_3P,MIR3925_3P]
[MIR6833_5P,MIR6833_5P] was killed by [MIR4473,MIR4473]
[MIR508_3P,MIR508_3P] was killed by [MIR421,MIR421]
