[MORF_G22P1,MORF_G22P1] was killed by [MORF_NPM1,MORF_NPM1]
[MORF_ACTG1,MORF_ACTG1] was killed by [MORF_NPM1,MORF_NPM1]
[GCM_TPT1,GCM_TPT1] was killed by [MORF_NPM1,MORF_NPM1]
[MORF_ANP32B,MORF_ANP32B] was killed by [MORF_NPM1,MORF_NPM1]
[MORF_DAP3,MORF_DAP3] was killed by [MORF_NPM1,MORF_NPM1]
[GNF2_EIF3S6,GNF2_EIF3S6] was killed by [MORF_NPM1,MORF_NPM1]
[MORF_CTBP1,MORF_CTBP1] was killed by [MORF_NPM1,MORF_NPM1]
[MORF_RAD21,MORF_RAD21] was killed by [MORF_NPM1,MORF_NPM1]
[MORF_TPT1,MORF_TPT1] was killed by [MORF_NPM1,MORF_NPM1]
[GCM_NPM1,GCM_NPM1] was killed by [MORF_NPM1,MORF_NPM1]
[MORF_NME2,MORF_NME2] was killed by [MORF_NPM1,MORF_NPM1]
[GNF2_FBL,GNF2_FBL] was killed by [MORF_NPM1,MORF_NPM1]
[GCM_ACTG1,GCM_ACTG1] was killed by [MORF_NPM1,MORF_NPM1]
[MORF_RAD23B,MORF_RAD23B] was killed by [MORF_HAT1,MORF_HAT1]
[MORF_EIF4A2,MORF_EIF4A2] was killed by [MORF_NPM1,MORF_NPM1]
[GCM_APEX1,GCM_APEX1] was killed by [MORF_NPM1,MORF_NPM1]
[MORF_PRKAR1A,MORF_PRKAR1A] was killed by [MORF_HAT1,MORF_HAT1]
[MORF_FBL,MORF_FBL] was killed by [MORF_NPM1,MORF_NPM1]
[MORF_PSMC1,MORF_PSMC1] was killed by [MORF_NPM1,MORF_NPM1]
[MORF_PRKDC,MORF_PRKDC] was killed by [MORF_HAT1,MORF_HAT1]
[MORF_PPP2CA,MORF_PPP2CA] was killed by [MORF_NPM1,MORF_NPM1]
[MORF_RAB1A,MORF_RAB1A] was killed by [MORF_HAT1,MORF_HAT1]
[GNF2_ST13,GNF2_ST13] was killed by [MORF_NPM1,MORF_NPM1]
[MORF_PPP1CA,MORF_PPP1CA] was killed by [MORF_NPM1,MORF_NPM1]
[MORF_UBE2N,MORF_UBE2N] was killed by [MORF_NPM1,MORF_NPM1]
[GNF2_DAP3,GNF2_DAP3] was killed by [MORF_NPM1,MORF_NPM1]
[MORF_AP3D1,MORF_AP3D1] was killed by [MORF_NPM1,MORF_NPM1]
[MORF_EI24,MORF_EI24] was killed by [MORF_HAT1,MORF_HAT1]
[GNF2_APEX1,GNF2_APEX1] was killed by [MORF_NPM1,MORF_NPM1]
[GNF2_CDC20,GNF2_CDC20] was killed by [GNF2_CCNB2,GNF2_CCNB2]
[MORF_EIF3S6,MORF_EIF3S6] was killed by [MORF_NPM1,MORF_NPM1]
[MORF_RPA2,MORF_RPA2] was killed by [MORF_HAT1,MORF_HAT1]
[GNF2_CCNA2,GNF2_CCNA2] was killed by [GNF2_CCNB2,GNF2_CCNB2]
[MORF_ERH,MORF_ERH] was killed by [MORF_NPM1,MORF_NPM1]
[GCM_CSNK2B,GCM_CSNK2B] was killed by [MORF_NPM1,MORF_NPM1]
[MORF_PSMC2,MORF_PSMC2] was killed by [MORF_HAT1,MORF_HAT1]
[GNF2_HDAC1,GNF2_HDAC1] was killed by [MORF_NPM1,MORF_NPM1]
[MORF_CDC10,MORF_CDC10] was killed by [MORF_NPM1,MORF_NPM1]
[MORF_PPP1CC,MORF_PPP1CC] was killed by [MORF_HAT1,MORF_HAT1]
[MORF_RAF1,MORF_RAF1] was killed by [MORF_NPM1,MORF_NPM1]
[MORF_PTPN11,MORF_PTPN11] was killed by [MORF_HAT1,MORF_HAT1]
[MORF_CCNI,MORF_CCNI] was killed by [MORF_NPM1,MORF_NPM1]
[GNF2_CENPF,GNF2_CENPF] was killed by [MORF_HAT1,MORF_HAT1]
[GNF2_CDC2,GNF2_CDC2] was killed by [GNF2_CCNB2,GNF2_CCNB2]
[GNF2_KPNB1,GNF2_KPNB1] was killed by [MORF_HAT1,MORF_HAT1]
[MORF_RFC4,MORF_RFC4] was killed by [MORF_HAT1,MORF_HAT1]
[MORF_TERF2IP,MORF_TERF2IP] was killed by [MORF_NPM1,MORF_NPM1]
[MORF_SP3,MORF_SP3] was killed by [MORF_HAT1,MORF_HAT1]
[GNF2_HMMR,GNF2_HMMR] was killed by [MORF_HAT1,MORF_HAT1]
[GCM_HBP1,GCM_HBP1] was killed by [GCM_MYST2,GCM_MYST2]
[GCM_UBE2N,GCM_UBE2N] was killed by [GCM_MYST2,GCM_MYST2]
[GNF2_DEK,GNF2_DEK] was killed by [MORF_HAT1,MORF_HAT1]
[GNF2_XRCC5,GNF2_XRCC5] was killed by [MORF_NPM1,MORF_NPM1]
[MORF_PRDX3,MORF_PRDX3] was killed by [MORF_HAT1,MORF_HAT1]
[GNF2_HPX,GNF2_HPX] was killed by [CAR_HPX,CAR_HPX]
[GNF2_NPM1,GNF2_NPM1] was killed by [MORF_NPM1,MORF_NPM1]
[GNF2_TPT1,GNF2_TPT1] was killed by [MORF_NPM1,MORF_NPM1]
[GNF2_GLTSCR2,GNF2_GLTSCR2] was killed by [MORF_NPM1,MORF_NPM1]
[GCM_RAB10,GCM_RAB10] was killed by [GCM_MYST2,GCM_MYST2]
[GNF2_SMC4L1,GNF2_SMC4L1] was killed by [MORF_HAT1,MORF_HAT1]
[MORF_PAPSS1,MORF_PAPSS1] was killed by [MORF_HAT1,MORF_HAT1]
[MODULE_62,MODULE_62] was killed by [MORF_HAT1,MORF_HAT1]
[GCM_PSME1,GCM_PSME1] was killed by [MORF_NPM1,MORF_NPM1]
[MORF_JUND,MORF_JUND] was killed by [MORF_NPM1,MORF_NPM1]
[CAR_IGFBP1,CAR_IGFBP1] was killed by [CAR_HPX,CAR_HPX]
[GNF2_RAN,GNF2_RAN] was killed by [MORF_HAT1,MORF_HAT1]
[GNF2_TTK,GNF2_TTK] was killed by [MORF_HAT1,MORF_HAT1]
[MORF_MBD4,MORF_MBD4] was killed by [MORF_HAT1,MORF_HAT1]
[MORF_MAP2K2,MORF_MAP2K2] was killed by [MORF_NPM1,MORF_NPM1]
[GNF2_CENPE,GNF2_CENPE] was killed by [GNF2_CCNB2,GNF2_CCNB2]
[MORF_PPP6C,MORF_PPP6C] was killed by [MORF_HAT1,MORF_HAT1]
[MORF_DNMT1,MORF_DNMT1] was killed by [MORF_HAT1,MORF_HAT1]
[MORF_RRM1,MORF_RRM1] was killed by [MORF_HAT1,MORF_HAT1]
[GCM_CBFB,GCM_CBFB] was killed by [MORF_NPM1,MORF_NPM1]
[GNF2_LCAT,GNF2_LCAT] was killed by [CAR_HPX,CAR_HPX]
[MODULE_274,MODULE_274] was killed by [MODULE_92,MODULE_92]
[GNF2_HPN,GNF2_HPN] was killed by [CAR_HPX,CAR_HPX]
[MORF_MTA1,MORF_MTA1] was killed by [MORF_HAT1,MORF_HAT1]
[MORF_BECN1,MORF_BECN1] was killed by [MORF_TPR,MORF_TPR]
[MORF_SMC1L1,MORF_SMC1L1] was killed by [MORF_NPM1,MORF_NPM1]
[MORF_CUL1,MORF_CUL1] was killed by [MORF_HAT1,MORF_HAT1]
[MORF_EIF4E,MORF_EIF4E] was killed by [MORF_TPR,MORF_TPR]
[MODULE_152,MODULE_152] was killed by [MORF_HAT1,MORF_HAT1]
[MORF_CDC16,MORF_CDC16] was killed by [MORF_HAT1,MORF_HAT1]
[MORF_PPP2R5E,MORF_PPP2R5E] was killed by [MORF_TPR,MORF_TPR]
[MORF_SNRP70,MORF_SNRP70] was killed by [MORF_NPM1,MORF_NPM1]
[GNF2_DENR,GNF2_DENR] was killed by [MORF_HAT1,MORF_HAT1]
[MODULE_29,MODULE_29] was killed by [MORF_NPM1,MORF_NPM1]
[MORF_SART1,MORF_SART1] was killed by [MORF_NPM1,MORF_NPM1]
[MODULE_68,MODULE_68] was killed by [MODULE_298,MODULE_298]
[MORF_BAG5,MORF_BAG5] was killed by [MORF_HAT1,MORF_HAT1]
[MODULE_239,MODULE_239] was killed by [MORF_RAB5A,MORF_RAB5A]
[GNF2_RRM2,GNF2_RRM2] was killed by [MORF_HAT1,MORF_HAT1]
[MODULE_357,MODULE_357] was killed by [MODULE_298,MODULE_298]
[MORF_GMPS,MORF_GMPS] was killed by [MORF_HAT1,MORF_HAT1]
[MORF_PCNA,MORF_PCNA] was killed by [MORF_NPM1,MORF_NPM1]
[MODULE_111,MODULE_111] was killed by [MODULE_298,MODULE_298]
[MODULE_297,MODULE_297] was killed by [MODULE_298,MODULE_298]
[MORF_CD8A,MORF_CD8A] was killed by [MORF_MAP2K7,MORF_MAP2K7]
[GCM_MLL,GCM_MLL] was killed by [GCM_MYST2,GCM_MYST2]
[GCM_GSPT1,GCM_GSPT1] was killed by [GCM_MYST2,GCM_MYST2]
[GCM_RAN,GCM_RAN] was killed by [GCM_MYST2,GCM_MYST2]
[GCM_DFFA,GCM_DFFA] was killed by [GCM_MYST2,GCM_MYST2]
[MORF_PHB,MORF_PHB] was killed by [MORF_TPR,MORF_TPR]
[GCM_PFN1,GCM_PFN1] was killed by [MORF_NPM1,MORF_NPM1]
[GNF2_GSTM1,GNF2_GSTM1] was killed by [CAR_HPX,CAR_HPX]
[GCM_PPP1CC,GCM_PPP1CC] was killed by [MORF_NPM1,MORF_NPM1]
[MODULE_154,MODULE_154] was killed by [MODULE_298,MODULE_298]
[MORF_RPA1,MORF_RPA1] was killed by [MORF_HAT1,MORF_HAT1]
[MORF_DEAF1,MORF_DEAF1] was killed by [MORF_HAT1,MORF_HAT1]
[MORF_BUB1,MORF_BUB1] was killed by [MORF_HAT1,MORF_HAT1]
[MORF_RAB6A,MORF_RAB6A] was killed by [MORF_HAT1,MORF_HAT1]
[GNF2_RBBP6,GNF2_RBBP6] was killed by [MORF_NPM1,MORF_NPM1]
[GNF2_TST,GNF2_TST] was killed by [CAR_HPX,CAR_HPX]
[MODULE_430,MODULE_430] was killed by [GNF2_STAT6,GNF2_STAT6]
[GCM_DDX5,GCM_DDX5] was killed by [MORF_NPM1,MORF_NPM1]
[GNF2_PCNA,GNF2_PCNA] was killed by [MORF_HAT1,MORF_HAT1]
[GNF2_MKI67,GNF2_MKI67] was killed by [GNF2_CCNB2,GNF2_CCNB2]
[GNF2_PA2G4,GNF2_PA2G4] was killed by [MORF_HAT1,MORF_HAT1]
[MODULE_183,MODULE_183] was killed by [MORF_NPM1,MORF_NPM1]
[MORF_RAD54L,MORF_RAD54L] was killed by [MORF_HAT1,MORF_HAT1]
[MORF_TERF1,MORF_TERF1] was killed by [MORF_NPM1,MORF_NPM1]
[MORF_FLT1,MORF_FLT1] was killed by [MORF_MAP2K7,MORF_MAP2K7]
[GNF2_H2AFX,GNF2_H2AFX] was killed by [GNF2_CCNB2,GNF2_CCNB2]
[MODULE_157,MODULE_157] was killed by [MODULE_298,MODULE_298]
[GNF2_ESPL1,GNF2_ESPL1] was killed by [GNF2_CCNB2,GNF2_CCNB2]
[MORF_ESPL1,MORF_ESPL1] was killed by [MORF_HAT1,MORF_HAT1]
[MODULE_292,MODULE_292] was killed by [MODULE_92,MODULE_92]
[MODULE_289,MODULE_289] was killed by [MODULE_92,MODULE_92]
[MORF_ATOX1,MORF_ATOX1] was killed by [MORF_HAT1,MORF_HAT1]
[GCM_ZNF198,GCM_ZNF198] was killed by [GCM_MYST2,GCM_MYST2]
[GCM_BMPR2,GCM_BMPR2] was killed by [GCM_MYST2,GCM_MYST2]
[MORF_RFC1,MORF_RFC1] was killed by [MORF_TPR,MORF_TPR]
[MORF_UNG,MORF_UNG] was killed by [MORF_HAT1,MORF_HAT1]
[GNF2_CKS2,GNF2_CKS2] was killed by [MORF_HAT1,MORF_HAT1]
[MORF_IL9,MORF_IL9] was killed by [MORF_LCAT,MORF_LCAT]
[MORF_BUB1B,MORF_BUB1B] was killed by [MORF_HAT1,MORF_HAT1]
[GNF2_TDG,GNF2_TDG] was killed by [MORF_NPM1,MORF_NPM1]
[MORF_FEN1,MORF_FEN1] was killed by [MORF_HAT1,MORF_HAT1]
[GCM_HDAC1,GCM_HDAC1] was killed by [MORF_NPM1,MORF_NPM1]
[MORF_CCNF,MORF_CCNF] was killed by [MORF_TPR,MORF_TPR]
[GNF2_RRM1,GNF2_RRM1] was killed by [MORF_HAT1,MORF_HAT1]
[MORF_CSNK1D,MORF_CSNK1D] was killed by [MORF_TPR,MORF_TPR]
[GNF2_NS,GNF2_NS] was killed by [MORF_NPM1,MORF_NPM1]
[GNF2_MMP11,GNF2_MMP11] was killed by [GNF2_CDKN1C,GNF2_CDKN1C]
[MODULE_122,MODULE_122] was killed by [MODULE_92,MODULE_92]
[MODULE_368,MODULE_368] was killed by [MORF_MAP2K7,MORF_MAP2K7]
[MORF_CDH4,MORF_CDH4] was killed by [MORF_MAP2K7,MORF_MAP2K7]
[GNF2_RFC4,GNF2_RFC4] was killed by [MORF_HAT1,MORF_HAT1]
[MORF_KDR,MORF_KDR] was killed by [MORF_MAP2K7,MORF_MAP2K7]
[GNF2_FEN1,GNF2_FEN1] was killed by [MORF_HAT1,MORF_HAT1]
[GNF2_RAB3A,GNF2_RAB3A] was killed by [GNF2_MAPT,GNF2_MAPT]
[GNF2_MSN,GNF2_MSN] was killed by [GNF2_STAT6,GNF2_STAT6]
[GCM_RAF1,GCM_RAF1] was killed by [MORF_NPM1,MORF_NPM1]
[GNF2_ELAC2,GNF2_ELAC2] was killed by [MORF_HAT1,MORF_HAT1]
[GNF2_CYP2B6,GNF2_CYP2B6] was killed by [CAR_HPX,CAR_HPX]
[MORF_IL4,MORF_IL4] was killed by [MORF_MAP2K7,MORF_MAP2K7]
[MODULE_180,MODULE_180] was killed by [MODULE_298,MODULE_298]
[MORF_TNFRSF6,MORF_TNFRSF6] was killed by [MORF_MAP2K7,MORF_MAP2K7]
[GNF2_SPRR1B,GNF2_SPRR1B] was killed by [MODULE_298,MODULE_298]
[GNF2_SELL,GNF2_SELL] was killed by [GNF2_STAT6,GNF2_STAT6]
[MORF_RAB11A,MORF_RAB11A] was killed by [MORF_TPR,MORF_TPR]
[MORF_XPC,MORF_XPC] was killed by [MORF_TPR,MORF_TPR]
[GCM_SUFU,GCM_SUFU] was killed by [GCM_MYST2,GCM_MYST2]
[GNF2_G22P1,GNF2_G22P1] was killed by [MORF_NPM1,MORF_NPM1]
[GNF2_CDH3,GNF2_CDH3] was killed by [MODULE_298,MODULE_298]
[GNF2_HAT1,GNF2_HAT1] was killed by [MORF_HAT1,MORF_HAT1]
[MORF_MSH2,MORF_MSH2] was killed by [MORF_HAT1,MORF_HAT1]
[GCM_RAD21,GCM_RAD21] was killed by [MORF_NPM1,MORF_NPM1]
[GNF2_SMC2L1,GNF2_SMC2L1] was killed by [MORF_HAT1,MORF_HAT1]
[MODULE_146,MODULE_146] was killed by [MODULE_92,MODULE_92]
[GNF2_IGFBP1,GNF2_IGFBP1] was killed by [GNF2_CDKN1C,GNF2_CDKN1C]
[MODULE_124,MODULE_124] was killed by [MORF_HAT1,MORF_HAT1]
[MODULE_324,MODULE_324] was killed by [MODULE_400,MODULE_400]
[GNF2_KISS1,GNF2_KISS1] was killed by [GNF2_CDKN1C,GNF2_CDKN1C]
[MORF_UBE2A,MORF_UBE2A] was killed by [MORF_TPR,MORF_TPR]
[MORF_BCL2L11,MORF_BCL2L11] was killed by [MORF_HAT1,MORF_HAT1]
[MORF_USP5,MORF_USP5] was killed by [MORF_TPR,MORF_TPR]
[GNF2_MYL3,GNF2_MYL3] was killed by [GNF2_MYL2,GNF2_MYL2]
[MODULE_345,MODULE_345] was killed by [MODULE_436,MODULE_436]
[MODULE_149,MODULE_149] was killed by [MORF_NPM1,MORF_NPM1]
[MODULE_113,MODULE_113] was killed by [CAR_HPX,CAR_HPX]
[GNF2_CD53,GNF2_CD53] was killed by [GNF2_STAT6,GNF2_STAT6]
[GCM_RBM8A,GCM_RBM8A] was killed by [GCM_MYST2,GCM_MYST2]
[MODULE_171,MODULE_171] was killed by [MODULE_92,MODULE_92]
[MORF_PRKCA,MORF_PRKCA] was killed by [MORF_HAT1,MORF_HAT1]
[GNF2_TIMP2,GNF2_TIMP2] was killed by [GNF2_CDKN1C,GNF2_CDKN1C]
[GNF2_DNM1,GNF2_DNM1] was killed by [GNF2_MAPT,GNF2_MAPT]
[MODULE_159,MODULE_159] was killed by [MORF_NPM1,MORF_NPM1]
[MODULE_91,MODULE_91] was killed by [MORF_RAB5A,MORF_RAB5A]
[GNF2_DDX5,GNF2_DDX5] was killed by [GNF2_STAT6,GNF2_STAT6]
[GNF2_ANP32B,GNF2_ANP32B] was killed by [MORF_NPM1,MORF_NPM1]
[GNF2_BUB1B,GNF2_BUB1B] was killed by [MORF_HAT1,MORF_HAT1]
[MORF_CTSB,MORF_CTSB] was killed by [MORF_HAT1,MORF_HAT1]
[MORF_EPHA7,MORF_EPHA7] was killed by [MORF_LCAT,MORF_LCAT]
[MORF_DAP,MORF_DAP] was killed by [MORF_HAT1,MORF_HAT1]
[MODULE_208,MODULE_208] was killed by [MODULE_92,MODULE_92]
[MODULE_115,MODULE_115] was killed by [MORF_NPM1,MORF_NPM1]
[MORF_PTPRR,MORF_PTPRR] was killed by [MORF_MAP2K7,MORF_MAP2K7]
[GNF2_MCM4,GNF2_MCM4] was killed by [MORF_HAT1,MORF_HAT1]
[MORF_WNT1,MORF_WNT1] was killed by [MORF_LCAT,MORF_LCAT]
[MORF_GSPT1,MORF_GSPT1] was killed by [MORF_HAT1,MORF_HAT1]
[MODULE_200,MODULE_200] was killed by [MODULE_85,MODULE_85]
[MODULE_273,MODULE_273] was killed by [MORF_HAT1,MORF_HAT1]
[MORF_ITGA2,MORF_ITGA2] was killed by [MORF_MAP2K7,MORF_MAP2K7]
[MODULE_199,MODULE_199] was killed by [MODULE_92,MODULE_92]
[GNF2_BUB1,GNF2_BUB1] was killed by [GNF2_CCNB2,GNF2_CCNB2]
[GCM_TPR,GCM_TPR] was killed by [MORF_HAT1,MORF_HAT1]
[MODULE_80,MODULE_80] was killed by [MODULE_85,MODULE_85]
[GNF2_CEBPA,GNF2_CEBPA] was killed by [CAR_HPX,CAR_HPX]
[GNF2_INPP5D,GNF2_INPP5D] was killed by [GNF2_STAT6,GNF2_STAT6]
[MORF_BMI1,MORF_BMI1] was killed by [MORF_HAT1,MORF_HAT1]
[GNF2_ICAM3,GNF2_ICAM3] was killed by [GNF2_STAT6,GNF2_STAT6]
[GNF2_RTN1,GNF2_RTN1] was killed by [GNF2_MAPT,GNF2_MAPT]
[GNF2_SERPINB5,GNF2_SERPINB5] was killed by [MODULE_298,MODULE_298]
[MODULE_433,MODULE_433] was killed by [MODULE_92,MODULE_92]
[GNF2_RFC3,GNF2_RFC3] was killed by [MORF_HAT1,MORF_HAT1]
[MORF_MAP3K14,MORF_MAP3K14] was killed by [MORF_LCAT,MORF_LCAT]
[MODULE_388,MODULE_388] was killed by [MORF_HAT1,MORF_HAT1]
[GCM_BAG5,GCM_BAG5] was killed by [GCM_MYST2,GCM_MYST2]
[GNF2_UBE2I,GNF2_UBE2I] was killed by [MORF_NPM1,MORF_NPM1]
[MODULE_76,MODULE_76] was killed by [MODULE_92,MODULE_92]
[MORF_REV3L,MORF_REV3L] was killed by [MORF_TPR,MORF_TPR]
[GNF2_MCM5,GNF2_MCM5] was killed by [MORF_HAT1,MORF_HAT1]
[MODULE_375,MODULE_375] was killed by [MODULE_92,MODULE_92]
[MODULE_28,MODULE_28] was killed by [MORF_RAB5A,MORF_RAB5A]
[GNF2_CKS1B,GNF2_CKS1B] was killed by [GNF2_CCNB2,GNF2_CCNB2]
[MODULE_79,MODULE_79] was killed by [MODULE_92,MODULE_92]
[MORF_PPP5C,MORF_PPP5C] was killed by [MORF_TPR,MORF_TPR]
[GNF2_PTPN6,GNF2_PTPN6] was killed by [GNF2_STAT6,GNF2_STAT6]
[GCM_CSNK1A1,GCM_CSNK1A1] was killed by [GCM_MYST2,GCM_MYST2]
[MODULE_277,MODULE_277] was killed by [GCM_MYST2,GCM_MYST2]
[MODULE_133,MODULE_133] was killed by [MORF_HAT1,MORF_HAT1]
[MODULE_61,MODULE_61] was killed by [MORF_NPM1,MORF_NPM1]
[MODULE_188,MODULE_188] was killed by [MODULE_436,MODULE_436]
[MORF_RAP1A,MORF_RAP1A] was killed by [MORF_TPR,MORF_TPR]
[MORF_SS18,MORF_SS18] was killed by [MORF_TPR,MORF_TPR]
[MODULE_22,MODULE_22] was killed by [MORF_HAT1,MORF_HAT1]
[GCM_ANP32B,GCM_ANP32B] was killed by [MORF_NPM1,MORF_NPM1]
[GNF2_MSH6,GNF2_MSH6] was killed by [MORF_HAT1,MORF_HAT1]
[GNF2_HLA_C,GNF2_HLA_C] was killed by [GNF2_STAT6,GNF2_STAT6]
[GNF2_EGFR,GNF2_EGFR] was killed by [GNF2_CDKN1C,GNF2_CDKN1C]
[MODULE_128,MODULE_128] was killed by [MODULE_92,MODULE_92]
[GNF2_RPA1,GNF2_RPA1] was killed by [MORF_HAT1,MORF_HAT1]
[MODULE_170,MODULE_170] was killed by [MODULE_92,MODULE_92]
[MODULE_244,MODULE_244] was killed by [GNF2_CCNB2,GNF2_CCNB2]
[MORF_IKBKG,MORF_IKBKG] was killed by [MORF_TPR,MORF_TPR]
[GNF2_TYK2,GNF2_TYK2] was killed by [GNF2_STAT6,GNF2_STAT6]
[MODULE_51,MODULE_51] was killed by [MODULE_85,MODULE_85]
[GNF2_BNIP2,GNF2_BNIP2] was killed by [MORF_NPM1,MORF_NPM1]
[MORF_PPP2R4,MORF_PPP2R4] was killed by [MORF_RAB5A,MORF_RAB5A]
[MODULE_57,MODULE_57] was killed by [MORF_HAT1,MORF_HAT1]
[MODULE_177,MODULE_177] was killed by [GNF2_CCNB2,GNF2_CCNB2]
[MORF_CDK2,MORF_CDK2] was killed by [MORF_HAT1,MORF_HAT1]
[MODULE_259,MODULE_259] was killed by [MODULE_92,MODULE_92]
[GCM_NCAM1,GCM_NCAM1] was killed by [GCM_MYST2,GCM_MYST2]
[MORF_STK17A,MORF_STK17A] was killed by [MORF_NPM1,MORF_NPM1]
[MODULE_481,MODULE_481] was killed by [MODULE_544,MODULE_544]
[GNF2_ITGB2,GNF2_ITGB2] was killed by [GNF2_STAT6,GNF2_STAT6]
[MODULE_361,MODULE_361] was killed by [MORF_HAT1,MORF_HAT1]
[MORF_FRK,MORF_FRK] was killed by [MORF_LCAT,MORF_LCAT]
[MODULE_263,MODULE_263] was killed by [MODULE_92,MODULE_92]
[GNF2_MYD88,GNF2_MYD88] was killed by [GNF2_STAT6,GNF2_STAT6]
[MODULE_329,MODULE_329] was killed by [GNF2_MYL2,GNF2_MYL2]
[GNF2_SMC1L1,GNF2_SMC1L1] was killed by [MORF_HAT1,MORF_HAT1]
[CAR_WBSCR22,CAR_WBSCR22] was killed by [MORF_MAP2K7,MORF_MAP2K7]
[GCM_MAP4K4,GCM_MAP4K4] was killed by [GCM_MYST2,GCM_MYST2]
[MODULE_563,MODULE_563] was killed by [MODULE_92,MODULE_92]
[MORF_DMPK,MORF_DMPK] was killed by [MORF_NPM1,MORF_NPM1]
[GNF2_RAP1B,GNF2_RAP1B] was killed by [GNF2_STAT6,GNF2_STAT6]
[MODULE_418,MODULE_418] was killed by [MODULE_298,MODULE_298]
[MODULE_488,MODULE_488] was killed by [MODULE_92,MODULE_92]
[MODULE_153,MODULE_153] was killed by [MODULE_298,MODULE_298]
[GNF2_HCK,GNF2_HCK] was killed by [MODULE_436,MODULE_436]
[MODULE_77,MODULE_77] was killed by [MORF_HAT1,MORF_HAT1]
[MODULE_59,MODULE_59] was killed by [MORF_LCAT,MORF_LCAT]
[MODULE_362,MODULE_362] was killed by [MODULE_92,MODULE_92]
[MODULE_238,MODULE_238] was killed by [MORF_NPM1,MORF_NPM1]
[MODULE_497,MODULE_497] was killed by [MODULE_316,MODULE_316]
[MORF_PDCD1,MORF_PDCD1] was killed by [MORF_MAP2K7,MORF_MAP2K7]
[MORF_LTK,MORF_LTK] was killed by [MORF_HAT1,MORF_HAT1]
[MODULE_387,MODULE_387] was killed by [MODULE_92,MODULE_92]
[GCM_TINF2,GCM_TINF2] was killed by [GCM_ING1,GCM_ING1]
[MODULE_315,MODULE_315] was killed by [GNF2_CCNB2,GNF2_CCNB2]
[MORF_ESR1,MORF_ESR1] was killed by [MORF_NPM1,MORF_NPM1]
[MODULE_145,MODULE_145] was killed by [MODULE_436,MODULE_436]
[MORF_PPP2R5B,MORF_PPP2R5B] was killed by [MORF_NPM1,MORF_NPM1]
[GNF2_TM4SF2,GNF2_TM4SF2] was killed by [GNF2_MAPT,GNF2_MAPT]
[MORF_THPO,MORF_THPO] was killed by [MORF_MAP2K7,MORF_MAP2K7]
[MODULE_87,MODULE_87] was killed by [MORF_NPM1,MORF_NPM1]
[MODULE_223,MODULE_223] was killed by [MORF_HAT1,MORF_HAT1]
[MODULE_162,MODULE_162] was killed by [MORF_MAP2K7,MORF_MAP2K7]
[MODULE_521,MODULE_521] was killed by [MODULE_92,MODULE_92]
[MODULE_81,MODULE_81] was killed by [MORF_NPM1,MORF_NPM1]
[GCM_MSN,GCM_MSN] was killed by [MORF_NPM1,MORF_NPM1]
[MORF_GPX4,MORF_GPX4] was killed by [MORF_NPM1,MORF_NPM1]
[GCM_IL6ST,GCM_IL6ST] was killed by [GCM_ING1,GCM_ING1]
[MORF_MYL3,MORF_MYL3] was killed by [MORF_MAP2K7,MORF_MAP2K7]
[GNF2_MLH1,GNF2_MLH1] was killed by [MORF_NPM1,MORF_NPM1]
[MODULE_150,MODULE_150] was killed by [MORF_NPM1,MORF_NPM1]
[MODULE_218,MODULE_218] was killed by [MORF_MAP2K7,MORF_MAP2K7]
[MODULE_385,MODULE_385] was killed by [CAR_HPX,CAR_HPX]
[MODULE_484,MODULE_484] was killed by [MORF_NPM1,MORF_NPM1]
[MODULE_300,MODULE_300] was killed by [MODULE_436,MODULE_436]
[CAR_MLANA,CAR_MLANA] was killed by [MORF_MAP2K7,MORF_MAP2K7]
[GCM_BCL2L1,GCM_BCL2L1] was killed by [GCM_MYST2,GCM_MYST2]
[MODULE_108,MODULE_108] was killed by [MODULE_92,MODULE_92]
[GNF2_IGF1,GNF2_IGF1] was killed by [CAR_HPX,CAR_HPX]
[MODULE_234,MODULE_234] was killed by [MODULE_92,MODULE_92]
[GNF2_CASP1,GNF2_CASP1] was killed by [GNF2_STAT6,GNF2_STAT6]
[MORF_RAB3A,MORF_RAB3A] was killed by [MORF_LCAT,MORF_LCAT]
[MODULE_301,MODULE_301] was killed by [MORF_NPM1,MORF_NPM1]
[GNF2_TNFRSF1B,GNF2_TNFRSF1B] was killed by [GNF2_STAT6,GNF2_STAT6]
[MORF_ERCC2,MORF_ERCC2] was killed by [MORF_TPR,MORF_TPR]
[MODULE_42,MODULE_42] was killed by [MORF_HAT1,MORF_HAT1]
[MODULE_235,MODULE_235] was killed by [CAR_HPX,CAR_HPX]
[MORF_ETV3,MORF_ETV3] was killed by [MORF_MAP2K7,MORF_MAP2K7]
[GCM_CALM1,GCM_CALM1] was killed by [GCM_MYST2,GCM_MYST2]
[MORF_DCC,MORF_DCC] was killed by [MORF_LCAT,MORF_LCAT]
[MODULE_126,MODULE_126] was killed by [MORF_HAT1,MORF_HAT1]
[MORF_MYC,MORF_MYC] was killed by [MODULE_298,MODULE_298]
[MODULE_438,MODULE_438] was killed by [GNF2_CCNB2,GNF2_CCNB2]
[MODULE_291,MODULE_291] was killed by [MODULE_436,MODULE_436]
[MODULE_125,MODULE_125] was killed by [MORF_HAT1,MORF_HAT1]
[MORF_PRKACA,MORF_PRKACA] was killed by [MORF_TPR,MORF_TPR]
[GNF2_MMP1,GNF2_MMP1] was killed by [MODULE_92,MODULE_92]
[MODULE_416,MODULE_416] was killed by [MODULE_316,MODULE_316]
[MODULE_139,MODULE_139] was killed by [MODULE_298,MODULE_298]
[MODULE_245,MODULE_245] was killed by [MORF_HAT1,MORF_HAT1]
[MODULE_307,MODULE_307] was killed by [MORF_NPM1,MORF_NPM1]
[MORF_ARAF1,MORF_ARAF1] was killed by [MORF_NPM1,MORF_NPM1]
[MODULE_363,MODULE_363] was killed by [MORF_HAT1,MORF_HAT1]
[MODULE_337,MODULE_337] was killed by [MORF_HAT1,MORF_HAT1]
[GNF2_MBD4,GNF2_MBD4] was killed by [MORF_NPM1,MORF_NPM1]
[MODULE_215,MODULE_215] was killed by [MORF_LCAT,MORF_LCAT]
[MODULE_135,MODULE_135] was killed by [CAR_HPX,CAR_HPX]
[GCM_HMGA2,GCM_HMGA2] was killed by [MORF_HAT1,MORF_HAT1]
[MODULE_165,MODULE_165] was killed by [GNF2_CCNB2,GNF2_CCNB2]
[MODULE_155,MODULE_155] was killed by [MORF_HAT1,MORF_HAT1]
[MODULE_130,MODULE_130] was killed by [CAR_HPX,CAR_HPX]
[MODULE_471,MODULE_471] was killed by [MODULE_321,MODULE_321]
[MODULE_397,MODULE_397] was killed by [GNF2_CCNB2,GNF2_CCNB2]
[GNF2_RAB7L1,GNF2_RAB7L1] was killed by [MODULE_248,MODULE_248]
[MODULE_158,MODULE_158] was killed by [MORF_HAT1,MORF_HAT1]
[MORF_FANCG,MORF_FANCG] was killed by [MORF_NPM1,MORF_NPM1]
[MODULE_421,MODULE_421] was killed by [GNF2_CCNB2,GNF2_CCNB2]
[MORF_RAGE,MORF_RAGE] was killed by [MORF_NPM1,MORF_NPM1]
[GNF2_BUB3,GNF2_BUB3] was killed by [MORF_HAT1,MORF_HAT1]
[MODULE_299,MODULE_299] was killed by [MORF_NPM1,MORF_NPM1]
[GCM_LTK,GCM_LTK] was killed by [MODULE_298,MODULE_298]
[GCM_DENR,GCM_DENR] was killed by [GCM_MYST2,GCM_MYST2]
[MORF_JAK3,MORF_JAK3] was killed by [MORF_TPR,MORF_TPR]
[MODULE_320,MODULE_320] was killed by [MORF_HAT1,MORF_HAT1]
[GNF2_PPP6C,GNF2_PPP6C] was killed by [MORF_NPM1,MORF_NPM1]
[MODULE_197,MODULE_197] was killed by [MORF_HAT1,MORF_HAT1]
[GNF2_SERPINI2,GNF2_SERPINI2] was killed by [GNF2_SPINK1,GNF2_SPINK1]
[MODULE_143,MODULE_143] was killed by [GNF2_STAT6,GNF2_STAT6]
[MORF_BNIP1,MORF_BNIP1] was killed by [MORF_NPM1,MORF_NPM1]
[MODULE_201,MODULE_201] was killed by [MODULE_92,MODULE_92]
[MODULE_382,MODULE_382] was killed by [MODULE_92,MODULE_92]
[GCM_FANCL,GCM_FANCL] was killed by [GCM_MYST2,GCM_MYST2]
