[BUSSLINGER_DUODENAL_TRANSIT_AMPLIFYING_CELLS,BUSSLINGER_DUODENAL_TRANSIT_AMPLIFYING_CELLS] was killed by [ZHENG_CORD_BLOOD_C9_GRANULOCYTE_MACROPHAGE_PROGENITOR,ZHENG_CORD_BLOOD_C9_GRANULOCYTE_MACROPHAGE_PROGENITOR]
[BUSSLINGER_ESOPHAGEAL_EARLY_SUPRABASAL_CELLS,BUSSLINGER_ESOPHAGEAL_EARLY_SUPRABASAL_CELLS] was killed by [FAN_EMBRYONIC_CTX_MICROGLIA_1,FAN_EMBRYONIC_CTX_MICROGLIA_1]
[RUBENSTEIN_SKELETAL_MUSCLE_T_CELLS,RUBENSTEIN_SKELETAL_MUSCLE_T_CELLS] was killed by [FAN_OVARY_CL0_XBP1_SELK_HIGH_STROMAL_CELL,FAN_OVARY_CL0_XBP1_SELK_HIGH_STROMAL_CELL]
[TRAVAGLINI_LUNG_PROLIFERATING_NK_T_CELL,TRAVAGLINI_LUNG_PROLIFERATING_NK_T_CELL] was killed by [FAN_EMBRYONIC_CTX_MICROGLIA_1,FAN_EMBRYONIC_CTX_MICROGLIA_1]
[ZHONG_PFC_MAJOR_TYPES_NPCS,ZHONG_PFC_MAJOR_TYPES_NPCS] was killed by [FAN_EMBRYONIC_CTX_MICROGLIA_1,FAN_EMBRYONIC_CTX_MICROGLIA_1]
[FAN_OVARY_CL12_T_LYMPHOCYTE_NK_CELL_2,FAN_OVARY_CL12_T_LYMPHOCYTE_NK_CELL_2] was killed by [ZHENG_CORD_BLOOD_C9_GRANULOCYTE_MACROPHAGE_PROGENITOR,ZHENG_CORD_BLOOD_C9_GRANULOCYTE_MACROPHAGE_PROGENITOR]
[AIZARANI_LIVER_C25_KUPFFER_CELLS_4,AIZARANI_LIVER_C25_KUPFFER_CELLS_4] was killed by [ZHENG_CORD_BLOOD_C9_GRANULOCYTE_MACROPHAGE_PROGENITOR,ZHENG_CORD_BLOOD_C9_GRANULOCYTE_MACROPHAGE_PROGENITOR]
[MANNO_MIDBRAIN_NEUROTYPES_BASAL,MANNO_MIDBRAIN_NEUROTYPES_BASAL] was killed by [ZHENG_CORD_BLOOD_C9_GRANULOCYTE_MACROPHAGE_PROGENITOR,ZHENG_CORD_BLOOD_C9_GRANULOCYTE_MACROPHAGE_PROGENITOR]
[DESCARTES_FETAL_PLACENTA_PAEP_MECOM_POSITIVE_CELLS,DESCARTES_FETAL_PLACENTA_PAEP_MECOM_POSITIVE_CELLS] was killed by [DESCARTES_FETAL_PANCREAS_DUCTAL_CELLS,DESCARTES_FETAL_PANCREAS_DUCTAL_CELLS]
[DESCARTES_FETAL_ADRENAL_SYMPATHOBLASTS,DESCARTES_FETAL_ADRENAL_SYMPATHOBLASTS] was killed by [DESCARTES_FETAL_PANCREAS_ISLET_ENDOCRINE_CELLS,DESCARTES_FETAL_PANCREAS_ISLET_ENDOCRINE_CELLS]
[FAN_EMBRYONIC_CTX_BIG_GROUPS_BRAIN_IMMUNE,FAN_EMBRYONIC_CTX_BIG_GROUPS_BRAIN_IMMUNE] was killed by [ZHENG_CORD_BLOOD_C9_GRANULOCYTE_MACROPHAGE_PROGENITOR,ZHENG_CORD_BLOOD_C9_GRANULOCYTE_MACROPHAGE_PROGENITOR]
[DESCARTES_FETAL_ADRENAL_SCHWANN_CELLS,DESCARTES_FETAL_ADRENAL_SCHWANN_CELLS] was killed by [DESCARTES_FETAL_KIDNEY_STROMAL_CELLS,DESCARTES_FETAL_KIDNEY_STROMAL_CELLS]
[RUBENSTEIN_SKELETAL_MUSCLE_B_CELLS,RUBENSTEIN_SKELETAL_MUSCLE_B_CELLS] was killed by [FAN_OVARY_CL0_XBP1_SELK_HIGH_STROMAL_CELL,FAN_OVARY_CL0_XBP1_SELK_HIGH_STROMAL_CELL]
[AIZARANI_LIVER_C2_KUPFFER_CELLS_1,AIZARANI_LIVER_C2_KUPFFER_CELLS_1] was killed by [ZHENG_CORD_BLOOD_C9_GRANULOCYTE_MACROPHAGE_PROGENITOR,ZHENG_CORD_BLOOD_C9_GRANULOCYTE_MACROPHAGE_PROGENITOR]
[ZHONG_PFC_C2_UNKNOWN_NPC,ZHONG_PFC_C2_UNKNOWN_NPC] was killed by [FAN_EMBRYONIC_CTX_MICROGLIA_1,FAN_EMBRYONIC_CTX_MICROGLIA_1]
[DESCARTES_FETAL_LUNG_MESOTHELIAL_CELLS,DESCARTES_FETAL_LUNG_MESOTHELIAL_CELLS] was killed by [DESCARTES_FETAL_KIDNEY_STROMAL_CELLS,DESCARTES_FETAL_KIDNEY_STROMAL_CELLS]
[DESCARTES_FETAL_INTESTINE_CHROMAFFIN_CELLS,DESCARTES_FETAL_INTESTINE_CHROMAFFIN_CELLS] was killed by [DESCARTES_FETAL_PANCREAS_ISLET_ENDOCRINE_CELLS,DESCARTES_FETAL_PANCREAS_ISLET_ENDOCRINE_CELLS]
[DESCARTES_FETAL_STOMACH_ENS_NEURONS,DESCARTES_FETAL_STOMACH_ENS_NEURONS] was killed by [DESCARTES_FETAL_ADRENAL_CHROMAFFIN_CELLS,DESCARTES_FETAL_ADRENAL_CHROMAFFIN_CELLS]
[MENON_FETAL_KIDNEY_10_IMMUNE_CELLS,MENON_FETAL_KIDNEY_10_IMMUNE_CELLS] was killed by [ZHENG_CORD_BLOOD_C9_GRANULOCYTE_MACROPHAGE_PROGENITOR,ZHENG_CORD_BLOOD_C9_GRANULOCYTE_MACROPHAGE_PROGENITOR]
[DESCARTES_FETAL_SPLEEN_MESOTHELIAL_CELLS,DESCARTES_FETAL_SPLEEN_MESOTHELIAL_CELLS] was killed by [DESCARTES_FETAL_KIDNEY_STROMAL_CELLS,DESCARTES_FETAL_KIDNEY_STROMAL_CELLS]
[DESCARTES_FETAL_PANCREAS_ENS_NEURONS,DESCARTES_FETAL_PANCREAS_ENS_NEURONS] was killed by [DESCARTES_FETAL_KIDNEY_METANEPHRIC_CELLS,DESCARTES_FETAL_KIDNEY_METANEPHRIC_CELLS]
[DESCARTES_FETAL_CEREBELLUM_ASTROCYTES,DESCARTES_FETAL_CEREBELLUM_ASTROCYTES] was killed by [DESCARTES_FETAL_MUSCLE_SATELLITE_CELLS,DESCARTES_FETAL_MUSCLE_SATELLITE_CELLS]
[ZHENG_CORD_BLOOD_C7_PUTATIVE_LYMPHOID_PRIMED_MULTIPOTENT_PROGENITOR_1,ZHENG_CORD_BLOOD_C7_PUTATIVE_LYMPHOID_PRIMED_MULTIPOTENT_PROGENITOR_1] was killed by [ZHENG_CORD_BLOOD_C9_GRANULOCYTE_MACROPHAGE_PROGENITOR,ZHENG_CORD_BLOOD_C9_GRANULOCYTE_MACROPHAGE_PROGENITOR]
[ZHONG_PFC_C8_ORG_PROLIFERATING,ZHONG_PFC_C8_ORG_PROLIFERATING] was killed by [FAN_EMBRYONIC_CTX_MICROGLIA_1,FAN_EMBRYONIC_CTX_MICROGLIA_1]
[HAY_BONE_MARROW_IMMATURE_NEUTROPHIL,HAY_BONE_MARROW_IMMATURE_NEUTROPHIL] was killed by [CUI_DEVELOPING_HEART_C7_MAST_CELL,CUI_DEVELOPING_HEART_C7_MAST_CELL]
[DURANTE_ADULT_OLFACTORY_NEUROEPITHELIUM_DENDRITIC_CELLS,DURANTE_ADULT_OLFACTORY_NEUROEPITHELIUM_DENDRITIC_CELLS] was killed by [CUI_DEVELOPING_HEART_C7_MAST_CELL,CUI_DEVELOPING_HEART_C7_MAST_CELL]
[ZHENG_CORD_BLOOD_C2_PUTATIVE_BASOPHIL_EOSINOPHIL_MAST_CELL_PROGENITOR,ZHENG_CORD_BLOOD_C2_PUTATIVE_BASOPHIL_EOSINOPHIL_MAST_CELL_PROGENITOR] was killed by [ZHENG_CORD_BLOOD_C9_GRANULOCYTE_MACROPHAGE_PROGENITOR,ZHENG_CORD_BLOOD_C9_GRANULOCYTE_MACROPHAGE_PROGENITOR]
[DESCARTES_FETAL_INTESTINE_ENS_NEURONS,DESCARTES_FETAL_INTESTINE_ENS_NEURONS] was killed by [DESCARTES_FETAL_KIDNEY_METANEPHRIC_CELLS,DESCARTES_FETAL_KIDNEY_METANEPHRIC_CELLS]
[DESCARTES_FETAL_INTESTINE_MESOTHELIAL_CELLS,DESCARTES_FETAL_INTESTINE_MESOTHELIAL_CELLS] was killed by [DESCARTES_FETAL_KIDNEY_STROMAL_CELLS,DESCARTES_FETAL_KIDNEY_STROMAL_CELLS]
[BUSSLINGER_GASTRIC_OXYNTIC_ENTEROCHROMAFFIN_LIKE_CELLS,BUSSLINGER_GASTRIC_OXYNTIC_ENTEROCHROMAFFIN_LIKE_CELLS] was killed by [DESCARTES_FETAL_PANCREAS_ISLET_ENDOCRINE_CELLS,DESCARTES_FETAL_PANCREAS_ISLET_ENDOCRINE_CELLS]
[DESCARTES_FETAL_KIDNEY_VASCULAR_ENDOTHELIAL_CELLS,DESCARTES_FETAL_KIDNEY_VASCULAR_ENDOTHELIAL_CELLS] was killed by [DESCARTES_FETAL_ADRENAL_VASCULAR_ENDOTHELIAL_CELLS,DESCARTES_FETAL_ADRENAL_VASCULAR_ENDOTHELIAL_CELLS]
[AIZARANI_LIVER_C18_NK_NKT_CELLS_5,AIZARANI_LIVER_C18_NK_NKT_CELLS_5] was killed by [ZHENG_CORD_BLOOD_C9_GRANULOCYTE_MACROPHAGE_PROGENITOR,ZHENG_CORD_BLOOD_C9_GRANULOCYTE_MACROPHAGE_PROGENITOR]
[CUI_DEVELOPING_HEART_C9_B_T_CELL,CUI_DEVELOPING_HEART_C9_B_T_CELL] was killed by [ZHENG_CORD_BLOOD_C9_GRANULOCYTE_MACROPHAGE_PROGENITOR,ZHENG_CORD_BLOOD_C9_GRANULOCYTE_MACROPHAGE_PROGENITOR]
[BUSSLINGER_ESOPHAGEAL_PROLIFERATING_BASAL_CELLS,BUSSLINGER_ESOPHAGEAL_PROLIFERATING_BASAL_CELLS] was killed by [FAN_EMBRYONIC_CTX_MICROGLIA_1,FAN_EMBRYONIC_CTX_MICROGLIA_1]
[DESCARTES_FETAL_CEREBELLUM_OLIGODENDROCYTES,DESCARTES_FETAL_CEREBELLUM_OLIGODENDROCYTES] was killed by [DESCARTES_FETAL_KIDNEY_METANEPHRIC_CELLS,DESCARTES_FETAL_KIDNEY_METANEPHRIC_CELLS]
[DESCARTES_FETAL_LIVER_VASCULAR_ENDOTHELIAL_CELLS,DESCARTES_FETAL_LIVER_VASCULAR_ENDOTHELIAL_CELLS] was killed by [DESCARTES_FETAL_ADRENAL_VASCULAR_ENDOTHELIAL_CELLS,DESCARTES_FETAL_ADRENAL_VASCULAR_ENDOTHELIAL_CELLS]
[DESCARTES_FETAL_EYE_STROMAL_CELLS,DESCARTES_FETAL_EYE_STROMAL_CELLS] was killed by [DESCARTES_FETAL_KIDNEY_STROMAL_CELLS,DESCARTES_FETAL_KIDNEY_STROMAL_CELLS]
[DESCARTES_FETAL_THYMUS_VASCULAR_ENDOTHELIAL_CELLS,DESCARTES_FETAL_THYMUS_VASCULAR_ENDOTHELIAL_CELLS] was killed by [DESCARTES_FETAL_ADRENAL_VASCULAR_ENDOTHELIAL_CELLS,DESCARTES_FETAL_ADRENAL_VASCULAR_ENDOTHELIAL_CELLS]
[DESCARTES_FETAL_PLACENTA_VASCULAR_ENDOTHELIAL_CELLS,DESCARTES_FETAL_PLACENTA_VASCULAR_ENDOTHELIAL_CELLS] was killed by [DESCARTES_FETAL_ADRENAL_VASCULAR_ENDOTHELIAL_CELLS,DESCARTES_FETAL_ADRENAL_VASCULAR_ENDOTHELIAL_CELLS]
[AIZARANI_LIVER_C3_NK_NKT_CELLS_2,AIZARANI_LIVER_C3_NK_NKT_CELLS_2] was killed by [ZHENG_CORD_BLOOD_C9_GRANULOCYTE_MACROPHAGE_PROGENITOR,ZHENG_CORD_BLOOD_C9_GRANULOCYTE_MACROPHAGE_PROGENITOR]
[DESCARTES_FETAL_HEART_STROMAL_CELLS,DESCARTES_FETAL_HEART_STROMAL_CELLS] was killed by [DESCARTES_FETAL_KIDNEY_STROMAL_CELLS,DESCARTES_FETAL_KIDNEY_STROMAL_CELLS]
[DESCARTES_FETAL_MUSCLE_STROMAL_CELLS,DESCARTES_FETAL_MUSCLE_STROMAL_CELLS] was killed by [DESCARTES_FETAL_KIDNEY_STROMAL_CELLS,DESCARTES_FETAL_KIDNEY_STROMAL_CELLS]
[DESCARTES_FETAL_PANCREAS_STROMAL_CELLS,DESCARTES_FETAL_PANCREAS_STROMAL_CELLS] was killed by [DESCARTES_FETAL_KIDNEY_STROMAL_CELLS,DESCARTES_FETAL_KIDNEY_STROMAL_CELLS]
[MENON_FETAL_KIDNEY_0_CAP_MESENCHYME_CELLS,MENON_FETAL_KIDNEY_0_CAP_MESENCHYME_CELLS] was killed by [FAN_EMBRYONIC_CTX_MICROGLIA_1,FAN_EMBRYONIC_CTX_MICROGLIA_1]
[TRAVAGLINI_LUNG_NEUROENDOCRINE_CELL,TRAVAGLINI_LUNG_NEUROENDOCRINE_CELL] was killed by [DESCARTES_FETAL_PANCREAS_ISLET_ENDOCRINE_CELLS,DESCARTES_FETAL_PANCREAS_ISLET_ENDOCRINE_CELLS]
[DESCARTES_MAIN_FETAL_ISLET_ENDOCRINE_CELLS,DESCARTES_MAIN_FETAL_ISLET_ENDOCRINE_CELLS] was killed by [DESCARTES_FETAL_PANCREAS_ISLET_ENDOCRINE_CELLS,DESCARTES_FETAL_PANCREAS_ISLET_ENDOCRINE_CELLS]
[DESCARTES_MAIN_FETAL_METANEPHRIC_CELLS,DESCARTES_MAIN_FETAL_METANEPHRIC_CELLS] was killed by [DESCARTES_FETAL_KIDNEY_METANEPHRIC_CELLS,DESCARTES_FETAL_KIDNEY_METANEPHRIC_CELLS]
[LAKE_ADULT_KIDNEY_C7_PROXIMAL_TUBULE_EPITHELIAL_CELLS_S3,LAKE_ADULT_KIDNEY_C7_PROXIMAL_TUBULE_EPITHELIAL_CELLS_S3] was killed by [ZHENG_CORD_BLOOD_C9_GRANULOCYTE_MACROPHAGE_PROGENITOR,ZHENG_CORD_BLOOD_C9_GRANULOCYTE_MACROPHAGE_PROGENITOR]
[DESCARTES_FETAL_LUNG_LYMPHATIC_ENDOTHELIAL_CELLS,DESCARTES_FETAL_LUNG_LYMPHATIC_ENDOTHELIAL_CELLS] was killed by [DESCARTES_FETAL_ADRENAL_VASCULAR_ENDOTHELIAL_CELLS,DESCARTES_FETAL_ADRENAL_VASCULAR_ENDOTHELIAL_CELLS]
[DESCARTES_MAIN_FETAL_CHROMAFFIN_CELLS,DESCARTES_MAIN_FETAL_CHROMAFFIN_CELLS] was killed by [DESCARTES_FETAL_ADRENAL_CHROMAFFIN_CELLS,DESCARTES_FETAL_ADRENAL_CHROMAFFIN_CELLS]
[DESCARTES_FETAL_ADRENAL_STROMAL_CELLS,DESCARTES_FETAL_ADRENAL_STROMAL_CELLS] was killed by [DESCARTES_FETAL_KIDNEY_STROMAL_CELLS,DESCARTES_FETAL_KIDNEY_STROMAL_CELLS]
[GAO_LARGE_INTESTINE_ADULT_CH_MKI67HIGH_CELLS,GAO_LARGE_INTESTINE_ADULT_CH_MKI67HIGH_CELLS] was killed by [FAN_EMBRYONIC_CTX_MICROGLIA_1,FAN_EMBRYONIC_CTX_MICROGLIA_1]
[BUSSLINGER_GASTRIC_PPP1R1B_POSITIVE_CELLS,BUSSLINGER_GASTRIC_PPP1R1B_POSITIVE_CELLS] was killed by [ZHENG_CORD_BLOOD_C9_GRANULOCYTE_MACROPHAGE_PROGENITOR,ZHENG_CORD_BLOOD_C9_GRANULOCYTE_MACROPHAGE_PROGENITOR]
[DESCARTES_FETAL_HEART_SATB2_LRRC7_POSITIVE_CELLS,DESCARTES_FETAL_HEART_SATB2_LRRC7_POSITIVE_CELLS] was killed by [DESCARTES_FETAL_LIVER_STELLATE_CELLS,DESCARTES_FETAL_LIVER_STELLATE_CELLS]
[DESCARTES_FETAL_PLACENTA_SMOOTH_MUSCLE_CELLS,DESCARTES_FETAL_PLACENTA_SMOOTH_MUSCLE_CELLS] was killed by [DESCARTES_FETAL_KIDNEY_STROMAL_CELLS,DESCARTES_FETAL_KIDNEY_STROMAL_CELLS]
[DESCARTES_MAIN_FETAL_PHOTORECEPTOR_CELLS,DESCARTES_MAIN_FETAL_PHOTORECEPTOR_CELLS] was killed by [DESCARTES_FETAL_EYE_PHOTORECEPTOR_CELLS,DESCARTES_FETAL_EYE_PHOTORECEPTOR_CELLS]
[AIZARANI_LIVER_C31_KUPFFER_CELLS_5,AIZARANI_LIVER_C31_KUPFFER_CELLS_5] was killed by [CUI_DEVELOPING_HEART_C7_MAST_CELL,CUI_DEVELOPING_HEART_C7_MAST_CELL]
[DESCARTES_FETAL_STOMACH_SQUAMOUS_EPITHELIAL_CELLS,DESCARTES_FETAL_STOMACH_SQUAMOUS_EPITHELIAL_CELLS] was killed by [DESCARTES_FETAL_PANCREAS_DUCTAL_CELLS,DESCARTES_FETAL_PANCREAS_DUCTAL_CELLS]
[AIZARANI_LIVER_C34_MHC_II_POS_B_CELLS,AIZARANI_LIVER_C34_MHC_II_POS_B_CELLS] was killed by [ZHENG_CORD_BLOOD_C9_GRANULOCYTE_MACROPHAGE_PROGENITOR,ZHENG_CORD_BLOOD_C9_GRANULOCYTE_MACROPHAGE_PROGENITOR]
[LAKE_ADULT_KIDNEY_C15_CONNECTING_TUBULE,LAKE_ADULT_KIDNEY_C15_CONNECTING_TUBULE] was killed by [DESCARTES_FETAL_PANCREAS_DUCTAL_CELLS,DESCARTES_FETAL_PANCREAS_DUCTAL_CELLS]
[CUI_DEVELOPING_HEART_C4_ENDOTHELIAL_CELL,CUI_DEVELOPING_HEART_C4_ENDOTHELIAL_CELL] was killed by [DESCARTES_FETAL_ADRENAL_VASCULAR_ENDOTHELIAL_CELLS,DESCARTES_FETAL_ADRENAL_VASCULAR_ENDOTHELIAL_CELLS]
[DESCARTES_FETAL_HEART_ELF3_AGBL2_POSITIVE_CELLS,DESCARTES_FETAL_HEART_ELF3_AGBL2_POSITIVE_CELLS] was killed by [DESCARTES_FETAL_PANCREAS_DUCTAL_CELLS,DESCARTES_FETAL_PANCREAS_DUCTAL_CELLS]
[FAN_EMBRYONIC_CTX_BRAIN_MYELOID,FAN_EMBRYONIC_CTX_BRAIN_MYELOID] was killed by [ZHENG_CORD_BLOOD_C9_GRANULOCYTE_MACROPHAGE_PROGENITOR,ZHENG_CORD_BLOOD_C9_GRANULOCYTE_MACROPHAGE_PROGENITOR]
[DESCARTES_FETAL_HEART_VISCERAL_NEURONS,DESCARTES_FETAL_HEART_VISCERAL_NEURONS] was killed by [DESCARTES_FETAL_PANCREAS_ISLET_ENDOCRINE_CELLS,DESCARTES_FETAL_PANCREAS_ISLET_ENDOCRINE_CELLS]
[DESCARTES_FETAL_PANCREAS_MESOTHELIAL_CELLS,DESCARTES_FETAL_PANCREAS_MESOTHELIAL_CELLS] was killed by [DESCARTES_FETAL_KIDNEY_STROMAL_CELLS,DESCARTES_FETAL_KIDNEY_STROMAL_CELLS]
[DESCARTES_FETAL_EYE_VASCULAR_ENDOTHELIAL_CELLS,DESCARTES_FETAL_EYE_VASCULAR_ENDOTHELIAL_CELLS] was killed by [DESCARTES_FETAL_ADRENAL_VASCULAR_ENDOTHELIAL_CELLS,DESCARTES_FETAL_ADRENAL_VASCULAR_ENDOTHELIAL_CELLS]
[DESCARTES_FETAL_LUNG_NEUROENDOCRINE_CELLS,DESCARTES_FETAL_LUNG_NEUROENDOCRINE_CELLS] was killed by [DESCARTES_FETAL_PANCREAS_ISLET_ENDOCRINE_CELLS,DESCARTES_FETAL_PANCREAS_ISLET_ENDOCRINE_CELLS]
[DESCARTES_FETAL_CEREBELLUM_PURKINJE_NEURONS,DESCARTES_FETAL_CEREBELLUM_PURKINJE_NEURONS] was killed by [DESCARTES_FETAL_CEREBRUM_SKOR2_NPSR1_POSITIVE_CELLS,DESCARTES_FETAL_CEREBRUM_SKOR2_NPSR1_POSITIVE_CELLS]
[DESCARTES_MAIN_FETAL_HEPATOBLASTS,DESCARTES_MAIN_FETAL_HEPATOBLASTS] was killed by [DESCARTES_FETAL_KIDNEY_METANEPHRIC_CELLS,DESCARTES_FETAL_KIDNEY_METANEPHRIC_CELLS]
[DESCARTES_FETAL_LIVER_MEGAKARYOCYTES,DESCARTES_FETAL_LIVER_MEGAKARYOCYTES] was killed by [DESCARTES_FETAL_SPLEEN_MEGAKARYOCYTES,DESCARTES_FETAL_SPLEEN_MEGAKARYOCYTES]
[DESCARTES_FETAL_PANCREAS_VASCULAR_ENDOTHELIAL_CELLS,DESCARTES_FETAL_PANCREAS_VASCULAR_ENDOTHELIAL_CELLS] was killed by [DESCARTES_FETAL_ADRENAL_VASCULAR_ENDOTHELIAL_CELLS,DESCARTES_FETAL_ADRENAL_VASCULAR_ENDOTHELIAL_CELLS]
[LAKE_ADULT_KIDNEY_C4_PROXIMAL_TUBULE_EPITHELIAL_CELLS_S2,LAKE_ADULT_KIDNEY_C4_PROXIMAL_TUBULE_EPITHELIAL_CELLS_S2] was killed by [DESCARTES_FETAL_KIDNEY_METANEPHRIC_CELLS,DESCARTES_FETAL_KIDNEY_METANEPHRIC_CELLS]
[FAN_EMBRYONIC_CTX_BRAIN_NAIVE_LIKE_T_CELL,FAN_EMBRYONIC_CTX_BRAIN_NAIVE_LIKE_T_CELL] was killed by [ZHENG_CORD_BLOOD_C9_GRANULOCYTE_MACROPHAGE_PROGENITOR,ZHENG_CORD_BLOOD_C9_GRANULOCYTE_MACROPHAGE_PROGENITOR]
[TRAVAGLINI_LUNG_MACROPHAGE_CELL,TRAVAGLINI_LUNG_MACROPHAGE_CELL] was killed by [ZHENG_CORD_BLOOD_C9_GRANULOCYTE_MACROPHAGE_PROGENITOR,ZHENG_CORD_BLOOD_C9_GRANULOCYTE_MACROPHAGE_PROGENITOR]
[DESCARTES_FETAL_CEREBELLUM_SLC24A4_PEX5L_POSITIVE_CELLS,DESCARTES_FETAL_CEREBELLUM_SLC24A4_PEX5L_POSITIVE_CELLS] was killed by [DESCARTES_FETAL_ADRENAL_CHROMAFFIN_CELLS,DESCARTES_FETAL_ADRENAL_CHROMAFFIN_CELLS]
[LAKE_ADULT_KIDNEY_C29_UNKNOWN_NOVEL_PT_CFH_POS_SUBPOPULATION_S2,LAKE_ADULT_KIDNEY_C29_UNKNOWN_NOVEL_PT_CFH_POS_SUBPOPULATION_S2] was killed by [DESCARTES_FETAL_MUSCLE_SCHWANN_CELLS,DESCARTES_FETAL_MUSCLE_SCHWANN_CELLS]
[DESCARTES_MAIN_FETAL_GANGLION_CELLS,DESCARTES_MAIN_FETAL_GANGLION_CELLS] was killed by [DESCARTES_FETAL_EYE_GANGLION_CELLS,DESCARTES_FETAL_EYE_GANGLION_CELLS]
[BUSSLINGER_DUODENAL_EARLY_IMMATURE_ENTEROCYTES,BUSSLINGER_DUODENAL_EARLY_IMMATURE_ENTEROCYTES] was killed by [ZHENG_CORD_BLOOD_C9_GRANULOCYTE_MACROPHAGE_PROGENITOR,ZHENG_CORD_BLOOD_C9_GRANULOCYTE_MACROPHAGE_PROGENITOR]
[TRAVAGLINI_LUNG_B_CELL,TRAVAGLINI_LUNG_B_CELL] was killed by [FAN_OVARY_CL0_XBP1_SELK_HIGH_STROMAL_CELL,FAN_OVARY_CL0_XBP1_SELK_HIGH_STROMAL_CELL]
[HAY_BONE_MARROW_PLASMA_CELL,HAY_BONE_MARROW_PLASMA_CELL] was killed by [FAN_OVARY_CL0_XBP1_SELK_HIGH_STROMAL_CELL,FAN_OVARY_CL0_XBP1_SELK_HIGH_STROMAL_CELL]
[TRAVAGLINI_LUNG_NONCLASSICAL_MONOCYTE_CELL,TRAVAGLINI_LUNG_NONCLASSICAL_MONOCYTE_CELL] was killed by [CUI_DEVELOPING_HEART_C7_MAST_CELL,CUI_DEVELOPING_HEART_C7_MAST_CELL]
[DESCARTES_FETAL_LUNG_BRONCHIOLAR_AND_ALVEOLAR_EPITHELIAL_CELLS,DESCARTES_FETAL_LUNG_BRONCHIOLAR_AND_ALVEOLAR_EPITHELIAL_CELLS] was killed by [DESCARTES_FETAL_PANCREAS_DUCTAL_CELLS,DESCARTES_FETAL_PANCREAS_DUCTAL_CELLS]
[DESCARTES_FETAL_CEREBRUM_INHIBITORY_NEURONS,DESCARTES_FETAL_CEREBRUM_INHIBITORY_NEURONS] was killed by [DESCARTES_FETAL_EYE_GANGLION_CELLS,DESCARTES_FETAL_EYE_GANGLION_CELLS]
[MENON_FETAL_KIDNEY_1_EMBRYONIC_RED_BLOOD_CELLS,MENON_FETAL_KIDNEY_1_EMBRYONIC_RED_BLOOD_CELLS] was killed by [FAN_EMBRYONIC_CTX_MICROGLIA_1,FAN_EMBRYONIC_CTX_MICROGLIA_1]
[DURANTE_ADULT_OLFACTORY_NEUROEPITHELIUM_PLASMA_CELLS,DURANTE_ADULT_OLFACTORY_NEUROEPITHELIUM_PLASMA_CELLS] was killed by [ZHENG_CORD_BLOOD_C9_GRANULOCYTE_MACROPHAGE_PROGENITOR,ZHENG_CORD_BLOOD_C9_GRANULOCYTE_MACROPHAGE_PROGENITOR]
[DESCARTES_FETAL_CEREBRUM_OLIGODENDROCYTES,DESCARTES_FETAL_CEREBRUM_OLIGODENDROCYTES] was killed by [DESCARTES_FETAL_MUSCLE_SCHWANN_CELLS,DESCARTES_FETAL_MUSCLE_SCHWANN_CELLS]
[DESCARTES_MAIN_FETAL_INHIBITORY_INTERNEURONS,DESCARTES_MAIN_FETAL_INHIBITORY_INTERNEURONS] was killed by [DESCARTES_FETAL_PANCREAS_ISLET_ENDOCRINE_CELLS,DESCARTES_FETAL_PANCREAS_ISLET_ENDOCRINE_CELLS]
[LAKE_ADULT_KIDNEY_C26_MESANGIAL_CELLS,LAKE_ADULT_KIDNEY_C26_MESANGIAL_CELLS] was killed by [DESCARTES_FETAL_LIVER_STELLATE_CELLS,DESCARTES_FETAL_LIVER_STELLATE_CELLS]
[DESCARTES_FETAL_PANCREAS_ENS_GLIA,DESCARTES_FETAL_PANCREAS_ENS_GLIA] was killed by [DESCARTES_FETAL_LIVER_STELLATE_CELLS,DESCARTES_FETAL_LIVER_STELLATE_CELLS]
[DESCARTES_MAIN_FETAL_STELLATE_CELLS,DESCARTES_MAIN_FETAL_STELLATE_CELLS] was killed by [DESCARTES_FETAL_LIVER_STELLATE_CELLS,DESCARTES_FETAL_LIVER_STELLATE_CELLS]
[DESCARTES_FETAL_EYE_BIPOLAR_CELLS,DESCARTES_FETAL_EYE_BIPOLAR_CELLS] was killed by [DESCARTES_FETAL_MUSCLE_SATELLITE_CELLS,DESCARTES_FETAL_MUSCLE_SATELLITE_CELLS]
[DESCARTES_MAIN_FETAL_EPICARDIAL_FAT_CELLS,DESCARTES_MAIN_FETAL_EPICARDIAL_FAT_CELLS] was killed by [DESCARTES_FETAL_HEART_EPICARDIAL_FAT_CELLS,DESCARTES_FETAL_HEART_EPICARDIAL_FAT_CELLS]
[HU_FETAL_RETINA_HORIZONTAL,HU_FETAL_RETINA_HORIZONTAL] was killed by [DESCARTES_FETAL_KIDNEY_METANEPHRIC_CELLS,DESCARTES_FETAL_KIDNEY_METANEPHRIC_CELLS]
[DESCARTES_FETAL_PANCREAS_LYMPHATIC_ENDOTHELIAL_CELLS,DESCARTES_FETAL_PANCREAS_LYMPHATIC_ENDOTHELIAL_CELLS] was killed by [DESCARTES_FETAL_ADRENAL_VASCULAR_ENDOTHELIAL_CELLS,DESCARTES_FETAL_ADRENAL_VASCULAR_ENDOTHELIAL_CELLS]
[DESCARTES_MAIN_FETAL_PDE11A_FAM19A2_POSITIVE_CELLS,DESCARTES_MAIN_FETAL_PDE11A_FAM19A2_POSITIVE_CELLS] was killed by [DESCARTES_FETAL_ADRENAL_CHROMAFFIN_CELLS,DESCARTES_FETAL_ADRENAL_CHROMAFFIN_CELLS]
[DESCARTES_FETAL_HEART_MEGAKARYOCYTES,DESCARTES_FETAL_HEART_MEGAKARYOCYTES] was killed by [CUI_DEVELOPING_HEART_C7_MAST_CELL,CUI_DEVELOPING_HEART_C7_MAST_CELL]
[HU_FETAL_RETINA_PHOTORECEPTOR,HU_FETAL_RETINA_PHOTORECEPTOR] was killed by [DESCARTES_FETAL_EYE_PHOTORECEPTOR_CELLS,DESCARTES_FETAL_EYE_PHOTORECEPTOR_CELLS]
[AIZARANI_LIVER_C28_NK_NKT_CELLS_6,AIZARANI_LIVER_C28_NK_NKT_CELLS_6] was killed by [ZHENG_CORD_BLOOD_C9_GRANULOCYTE_MACROPHAGE_PROGENITOR,ZHENG_CORD_BLOOD_C9_GRANULOCYTE_MACROPHAGE_PROGENITOR]
[DESCARTES_FETAL_PANCREAS_SMOOTH_MUSCLE_CELLS,DESCARTES_FETAL_PANCREAS_SMOOTH_MUSCLE_CELLS] was killed by [DESCARTES_FETAL_LIVER_STELLATE_CELLS,DESCARTES_FETAL_LIVER_STELLATE_CELLS]
[DESCARTES_FETAL_KIDNEY_MEGAKARYOCYTES,DESCARTES_FETAL_KIDNEY_MEGAKARYOCYTES] was killed by [DESCARTES_FETAL_SPLEEN_MEGAKARYOCYTES,DESCARTES_FETAL_SPLEEN_MEGAKARYOCYTES]
[DESCARTES_FETAL_CEREBELLUM_GRANULE_NEURONS,DESCARTES_FETAL_CEREBELLUM_GRANULE_NEURONS] was killed by [DESCARTES_FETAL_LIVER_STELLATE_CELLS,DESCARTES_FETAL_LIVER_STELLATE_CELLS]
[DESCARTES_FETAL_EYE_PDE11A_FAM19A2_POSITIVE_CELLS,DESCARTES_FETAL_EYE_PDE11A_FAM19A2_POSITIVE_CELLS] was killed by [DESCARTES_FETAL_ADRENAL_CHROMAFFIN_CELLS,DESCARTES_FETAL_ADRENAL_CHROMAFFIN_CELLS]
[TRAVAGLINI_LUNG_CD4_NAIVE_T_CELL,TRAVAGLINI_LUNG_CD4_NAIVE_T_CELL] was killed by [FAN_OVARY_CL0_XBP1_SELK_HIGH_STROMAL_CELL,FAN_OVARY_CL0_XBP1_SELK_HIGH_STROMAL_CELL]
[CUI_DEVELOPING_HEART_CARDIAC_FIBROBLASTS,CUI_DEVELOPING_HEART_CARDIAC_FIBROBLASTS] was killed by [DESCARTES_FETAL_EYE_SKELETAL_MUSCLE_CELLS,DESCARTES_FETAL_EYE_SKELETAL_MUSCLE_CELLS]
[DESCARTES_FETAL_PANCREAS_CCL19_CCL21_POSITIVE_CELLS,DESCARTES_FETAL_PANCREAS_CCL19_CCL21_POSITIVE_CELLS] was killed by [DESCARTES_FETAL_KIDNEY_STROMAL_CELLS,DESCARTES_FETAL_KIDNEY_STROMAL_CELLS]
[BUSSLINGER_GASTRIC_NECK_CELLS,BUSSLINGER_GASTRIC_NECK_CELLS] was killed by [DESCARTES_FETAL_PANCREAS_DUCTAL_CELLS,DESCARTES_FETAL_PANCREAS_DUCTAL_CELLS]
[DESCARTES_FETAL_SPLEEN_VASCULAR_ENDOTHELIAL_CELLS,DESCARTES_FETAL_SPLEEN_VASCULAR_ENDOTHELIAL_CELLS] was killed by [DESCARTES_FETAL_ADRENAL_VASCULAR_ENDOTHELIAL_CELLS,DESCARTES_FETAL_ADRENAL_VASCULAR_ENDOTHELIAL_CELLS]
[ZHENG_CORD_BLOOD_C4_PUTATIVE_EARLY_ERYTHROID_COMMITMENT,ZHENG_CORD_BLOOD_C4_PUTATIVE_EARLY_ERYTHROID_COMMITMENT] was killed by [FAN_OVARY_CL0_XBP1_SELK_HIGH_STROMAL_CELL,FAN_OVARY_CL0_XBP1_SELK_HIGH_STROMAL_CELL]
[CUI_DEVELOPING_HEART_ENDOCARDIAL_CELL,CUI_DEVELOPING_HEART_ENDOCARDIAL_CELL] was killed by [DESCARTES_FETAL_KIDNEY_STROMAL_CELLS,DESCARTES_FETAL_KIDNEY_STROMAL_CELLS]
[HU_FETAL_RETINA_BIPOLAR,HU_FETAL_RETINA_BIPOLAR] was killed by [DESCARTES_MAIN_FETAL_BIPOLAR_CELLS,DESCARTES_MAIN_FETAL_BIPOLAR_CELLS]
[LAKE_ADULT_KIDNEY_C27_VASCULAR_SMOOTH_MUSCLE_CELLS_AND_PERICYTES,LAKE_ADULT_KIDNEY_C27_VASCULAR_SMOOTH_MUSCLE_CELLS_AND_PERICYTES] was killed by [DESCARTES_FETAL_LIVER_STELLATE_CELLS,DESCARTES_FETAL_LIVER_STELLATE_CELLS]
[DURANTE_ADULT_OLFACTORY_NEUROEPITHELIUM_OLFACTORY_MICROVILLAR_CELLS,DURANTE_ADULT_OLFACTORY_NEUROEPITHELIUM_OLFACTORY_MICROVILLAR_CELLS] was killed by [DESCARTES_FETAL_PANCREAS_ISLET_ENDOCRINE_CELLS,DESCARTES_FETAL_PANCREAS_ISLET_ENDOCRINE_CELLS]
[GAO_SMALL_INTESTINE_24W_C9_ENTEROENDOCRINE_CELL,GAO_SMALL_INTESTINE_24W_C9_ENTEROENDOCRINE_CELL] was killed by [DESCARTES_FETAL_KIDNEY_STROMAL_CELLS,DESCARTES_FETAL_KIDNEY_STROMAL_CELLS]
[DESCARTES_FETAL_STOMACH_NEUROENDOCRINE_CELLS,DESCARTES_FETAL_STOMACH_NEUROENDOCRINE_CELLS] was killed by [DESCARTES_FETAL_PANCREAS_ISLET_ENDOCRINE_CELLS,DESCARTES_FETAL_PANCREAS_ISLET_ENDOCRINE_CELLS]
[ZHENG_CORD_BLOOD_C3_MEGAKARYOCYTE_ERYTHROID_PROGENITOR,ZHENG_CORD_BLOOD_C3_MEGAKARYOCYTE_ERYTHROID_PROGENITOR] was killed by [ZHENG_CORD_BLOOD_C9_GRANULOCYTE_MACROPHAGE_PROGENITOR,ZHENG_CORD_BLOOD_C9_GRANULOCYTE_MACROPHAGE_PROGENITOR]
[DESCARTES_FETAL_HEART_SCHWANN_CELLS,DESCARTES_FETAL_HEART_SCHWANN_CELLS] was killed by [DESCARTES_FETAL_MUSCLE_SCHWANN_CELLS,DESCARTES_FETAL_MUSCLE_SCHWANN_CELLS]
[DESCARTES_MAIN_FETAL_SKELETAL_MUSCLE_CELLS,DESCARTES_MAIN_FETAL_SKELETAL_MUSCLE_CELLS] was killed by [DESCARTES_FETAL_EYE_SKELETAL_MUSCLE_CELLS,DESCARTES_FETAL_EYE_SKELETAL_MUSCLE_CELLS]
[BUSSLINGER_DUODENAL_GOBLET_CELLS,BUSSLINGER_DUODENAL_GOBLET_CELLS] was killed by [DESCARTES_MAIN_FETAL_INTESTINAL_EPITHELIAL_CELLS,DESCARTES_MAIN_FETAL_INTESTINAL_EPITHELIAL_CELLS]
[CUI_DEVELOPING_HEART_C2_CARDIOMYOCYTE,CUI_DEVELOPING_HEART_C2_CARDIOMYOCYTE] was killed by [DESCARTES_FETAL_KIDNEY_METANEPHRIC_CELLS,DESCARTES_FETAL_KIDNEY_METANEPHRIC_CELLS]
[DESCARTES_FETAL_INTESTINE_ENS_GLIA,DESCARTES_FETAL_INTESTINE_ENS_GLIA] was killed by [DESCARTES_FETAL_MUSCLE_SCHWANN_CELLS,DESCARTES_FETAL_MUSCLE_SCHWANN_CELLS]
[CUI_DEVELOPING_HEART_C6_EPICARDIAL_CELL,CUI_DEVELOPING_HEART_C6_EPICARDIAL_CELL] was killed by [DESCARTES_FETAL_KIDNEY_STROMAL_CELLS,DESCARTES_FETAL_KIDNEY_STROMAL_CELLS]
[DESCARTES_FETAL_PLACENTA_IGFBP1_DKK1_POSITIVE_CELLS,DESCARTES_FETAL_PLACENTA_IGFBP1_DKK1_POSITIVE_CELLS] was killed by [DESCARTES_FETAL_KIDNEY_STROMAL_CELLS,DESCARTES_FETAL_KIDNEY_STROMAL_CELLS]
[ZHENG_CORD_BLOOD_C8_PUTATIVE_LYMPHOID_PRIMED_MULTIPOTENT_PROGENITOR_2,ZHENG_CORD_BLOOD_C8_PUTATIVE_LYMPHOID_PRIMED_MULTIPOTENT_PROGENITOR_2] was killed by [ZHENG_CORD_BLOOD_C9_GRANULOCYTE_MACROPHAGE_PROGENITOR,ZHENG_CORD_BLOOD_C9_GRANULOCYTE_MACROPHAGE_PROGENITOR]
[DESCARTES_FETAL_HEART_LYMPHATIC_ENDOTHELIAL_CELLS,DESCARTES_FETAL_HEART_LYMPHATIC_ENDOTHELIAL_CELLS] was killed by [DESCARTES_FETAL_ADRENAL_VASCULAR_ENDOTHELIAL_CELLS,DESCARTES_FETAL_ADRENAL_VASCULAR_ENDOTHELIAL_CELLS]
[ZHONG_PFC_C8_UNKNOWN_NEUROD2_POS_INTERNEURON,ZHONG_PFC_C8_UNKNOWN_NEUROD2_POS_INTERNEURON] was killed by [DESCARTES_FETAL_ADRENAL_CHROMAFFIN_CELLS,DESCARTES_FETAL_ADRENAL_CHROMAFFIN_CELLS]
[DESCARTES_MAIN_FETAL_SLC24A4_PEX5L_POSITIVE_CELLS,DESCARTES_MAIN_FETAL_SLC24A4_PEX5L_POSITIVE_CELLS] was killed by [DESCARTES_FETAL_ADRENAL_CHROMAFFIN_CELLS,DESCARTES_FETAL_ADRENAL_CHROMAFFIN_CELLS]
[DESCARTES_FETAL_LUNG_LYMPHOID_CELLS,DESCARTES_FETAL_LUNG_LYMPHOID_CELLS] was killed by [DESCARTES_FETAL_PANCREAS_LYMPHOID_CELLS,DESCARTES_FETAL_PANCREAS_LYMPHOID_CELLS]
[DESCARTES_MAIN_FETAL_SMOOTH_MUSCLE_CELLS,DESCARTES_MAIN_FETAL_SMOOTH_MUSCLE_CELLS] was killed by [DESCARTES_FETAL_KIDNEY_STROMAL_CELLS,DESCARTES_FETAL_KIDNEY_STROMAL_CELLS]
[DESCARTES_FETAL_SPLEEN_STROMAL_CELLS,DESCARTES_FETAL_SPLEEN_STROMAL_CELLS] was killed by [DESCARTES_FETAL_LIVER_STELLATE_CELLS,DESCARTES_FETAL_LIVER_STELLATE_CELLS]
[TRAVAGLINI_LUNG_NATURAL_KILLER_CELL,TRAVAGLINI_LUNG_NATURAL_KILLER_CELL] was killed by [ZHENG_CORD_BLOOD_C9_GRANULOCYTE_MACROPHAGE_PROGENITOR,ZHENG_CORD_BLOOD_C9_GRANULOCYTE_MACROPHAGE_PROGENITOR]
[DESCARTES_FETAL_LUNG_STROMAL_CELLS,DESCARTES_FETAL_LUNG_STROMAL_CELLS] was killed by [DESCARTES_FETAL_LIVER_STELLATE_CELLS,DESCARTES_FETAL_LIVER_STELLATE_CELLS]
[DESCARTES_FETAL_STOMACH_STROMAL_CELLS,DESCARTES_FETAL_STOMACH_STROMAL_CELLS] was killed by [DESCARTES_FETAL_KIDNEY_STROMAL_CELLS,DESCARTES_FETAL_KIDNEY_STROMAL_CELLS]
[DESCARTES_FETAL_STOMACH_GOBLET_CELLS,DESCARTES_FETAL_STOMACH_GOBLET_CELLS] was killed by [DESCARTES_FETAL_PANCREAS_DUCTAL_CELLS,DESCARTES_FETAL_PANCREAS_DUCTAL_CELLS]
[MURARO_PANCREAS_PANCREATIC_POLYPEPTIDE_CELL,MURARO_PANCREAS_PANCREATIC_POLYPEPTIDE_CELL] was killed by [DESCARTES_FETAL_PANCREAS_ISLET_ENDOCRINE_CELLS,DESCARTES_FETAL_PANCREAS_ISLET_ENDOCRINE_CELLS]
[DESCARTES_MAIN_FETAL_VISCERAL_NEURONS,DESCARTES_MAIN_FETAL_VISCERAL_NEURONS] was killed by [DESCARTES_FETAL_ADRENAL_CHROMAFFIN_CELLS,DESCARTES_FETAL_ADRENAL_CHROMAFFIN_CELLS]
[CUI_DEVELOPING_HEART_C3_FIBROBLAST_LIKE_CELL,CUI_DEVELOPING_HEART_C3_FIBROBLAST_LIKE_CELL] was killed by [FAN_OVARY_CL0_XBP1_SELK_HIGH_STROMAL_CELL,FAN_OVARY_CL0_XBP1_SELK_HIGH_STROMAL_CELL]
[AIZARANI_LIVER_C22_RESIDENT_B_CELLS_2,AIZARANI_LIVER_C22_RESIDENT_B_CELLS_2] was killed by [ZHENG_CORD_BLOOD_C9_GRANULOCYTE_MACROPHAGE_PROGENITOR,ZHENG_CORD_BLOOD_C9_GRANULOCYTE_MACROPHAGE_PROGENITOR]
[DESCARTES_FETAL_MUSCLE_SMOOTH_MUSCLE_CELLS,DESCARTES_FETAL_MUSCLE_SMOOTH_MUSCLE_CELLS] was killed by [DESCARTES_FETAL_LIVER_STELLATE_CELLS,DESCARTES_FETAL_LIVER_STELLATE_CELLS]
[BUSSLINGER_GASTRIC_LYZ_POSITIVE_CELLS,BUSSLINGER_GASTRIC_LYZ_POSITIVE_CELLS] was killed by [FAN_OVARY_CL0_XBP1_SELK_HIGH_STROMAL_CELL,FAN_OVARY_CL0_XBP1_SELK_HIGH_STROMAL_CELL]
[DESCARTES_FETAL_KIDNEY_MESANGIAL_CELLS,DESCARTES_FETAL_KIDNEY_MESANGIAL_CELLS] was killed by [DESCARTES_FETAL_LIVER_STELLATE_CELLS,DESCARTES_FETAL_LIVER_STELLATE_CELLS]
[DESCARTES_FETAL_STOMACH_MUC13_DMBT1_POSITIVE_CELLS,DESCARTES_FETAL_STOMACH_MUC13_DMBT1_POSITIVE_CELLS] was killed by [DESCARTES_FETAL_PANCREAS_ISLET_ENDOCRINE_CELLS,DESCARTES_FETAL_PANCREAS_ISLET_ENDOCRINE_CELLS]
[DESCARTES_FETAL_HEART_VASCULAR_ENDOTHELIAL_CELLS,DESCARTES_FETAL_HEART_VASCULAR_ENDOTHELIAL_CELLS] was killed by [DESCARTES_FETAL_ADRENAL_VASCULAR_ENDOTHELIAL_CELLS,DESCARTES_FETAL_ADRENAL_VASCULAR_ENDOTHELIAL_CELLS]
[LAKE_ADULT_KIDNEY_C28_INTERSTITIUM,LAKE_ADULT_KIDNEY_C28_INTERSTITIUM] was killed by [CUI_DEVELOPING_HEART_TRABECULAR_ATRIAL_CARDIOMYOCYTE,CUI_DEVELOPING_HEART_TRABECULAR_ATRIAL_CARDIOMYOCYTE]
[LAKE_ADULT_KIDNEY_C22_ENDOTHELIAL_CELLS_GLOMERULAR_CAPILLARIES,LAKE_ADULT_KIDNEY_C22_ENDOTHELIAL_CELLS_GLOMERULAR_CAPILLARIES] was killed by [DESCARTES_FETAL_LIVER_STELLATE_CELLS,DESCARTES_FETAL_LIVER_STELLATE_CELLS]
[DESCARTES_MAIN_FETAL_STROMAL_CELLS,DESCARTES_MAIN_FETAL_STROMAL_CELLS] was killed by [DESCARTES_FETAL_KIDNEY_STROMAL_CELLS,DESCARTES_FETAL_KIDNEY_STROMAL_CELLS]
[DESCARTES_FETAL_MUSCLE_LYMPHATIC_ENDOTHELIAL_CELLS,DESCARTES_FETAL_MUSCLE_LYMPHATIC_ENDOTHELIAL_CELLS] was killed by [DESCARTES_FETAL_ADRENAL_CHROMAFFIN_CELLS,DESCARTES_FETAL_ADRENAL_CHROMAFFIN_CELLS]
[FAN_EMBRYONIC_CTX_BRAIN_B_CELL,FAN_EMBRYONIC_CTX_BRAIN_B_CELL] was killed by [ZHENG_CORD_BLOOD_C9_GRANULOCYTE_MACROPHAGE_PROGENITOR,ZHENG_CORD_BLOOD_C9_GRANULOCYTE_MACROPHAGE_PROGENITOR]
[DESCARTES_FETAL_LUNG_VASCULAR_ENDOTHELIAL_CELLS,DESCARTES_FETAL_LUNG_VASCULAR_ENDOTHELIAL_CELLS] was killed by [DESCARTES_FETAL_ADRENAL_VASCULAR_ENDOTHELIAL_CELLS,DESCARTES_FETAL_ADRENAL_VASCULAR_ENDOTHELIAL_CELLS]
[DESCARTES_FETAL_INTESTINE_STROMAL_CELLS,DESCARTES_FETAL_INTESTINE_STROMAL_CELLS] was killed by [DESCARTES_FETAL_KIDNEY_STROMAL_CELLS,DESCARTES_FETAL_KIDNEY_STROMAL_CELLS]
[CUI_DEVELOPING_HEART_SMOOTH_MUSCLE_CELL,CUI_DEVELOPING_HEART_SMOOTH_MUSCLE_CELL] was killed by [DESCARTES_FETAL_KIDNEY_STROMAL_CELLS,DESCARTES_FETAL_KIDNEY_STROMAL_CELLS]
[DESCARTES_FETAL_MUSCLE_VASCULAR_ENDOTHELIAL_CELLS,DESCARTES_FETAL_MUSCLE_VASCULAR_ENDOTHELIAL_CELLS] was killed by [DESCARTES_FETAL_ADRENAL_VASCULAR_ENDOTHELIAL_CELLS,DESCARTES_FETAL_ADRENAL_VASCULAR_ENDOTHELIAL_CELLS]
[HAY_BONE_MARROW_EOSINOPHIL,HAY_BONE_MARROW_EOSINOPHIL] was killed by [ZHENG_CORD_BLOOD_C9_GRANULOCYTE_MACROPHAGE_PROGENITOR,ZHENG_CORD_BLOOD_C9_GRANULOCYTE_MACROPHAGE_PROGENITOR]
[HAY_BONE_MARROW_CD34_POS_HSC,HAY_BONE_MARROW_CD34_POS_HSC] was killed by [FAN_OVARY_CL0_XBP1_SELK_HIGH_STROMAL_CELL,FAN_OVARY_CL0_XBP1_SELK_HIGH_STROMAL_CELL]
[BUSSLINGER_DUODENAL_PANETH_CELLS,BUSSLINGER_DUODENAL_PANETH_CELLS] was killed by [DESCARTES_FETAL_HEART_EPICARDIAL_FAT_CELLS,DESCARTES_FETAL_HEART_EPICARDIAL_FAT_CELLS]
[AIZARANI_LIVER_C21_STELLATE_CELLS_1,AIZARANI_LIVER_C21_STELLATE_CELLS_1] was killed by [ZHENG_CORD_BLOOD_C9_GRANULOCYTE_MACROPHAGE_PROGENITOR,ZHENG_CORD_BLOOD_C9_GRANULOCYTE_MACROPHAGE_PROGENITOR]
[TRAVAGLINI_LUNG_ALVEOLAR_FIBROBLAST_CELL,TRAVAGLINI_LUNG_ALVEOLAR_FIBROBLAST_CELL] was killed by [DESCARTES_FETAL_KIDNEY_STROMAL_CELLS,DESCARTES_FETAL_KIDNEY_STROMAL_CELLS]
[DESCARTES_FETAL_STOMACH_ENS_GLIA,DESCARTES_FETAL_STOMACH_ENS_GLIA] was killed by [DESCARTES_FETAL_KIDNEY_STROMAL_CELLS,DESCARTES_FETAL_KIDNEY_STROMAL_CELLS]
[DESCARTES_FETAL_ADRENAL_LYMPHOID_CELLS,DESCARTES_FETAL_ADRENAL_LYMPHOID_CELLS] was killed by [DESCARTES_FETAL_PANCREAS_LYMPHOID_CELLS,DESCARTES_FETAL_PANCREAS_LYMPHOID_CELLS]
[HU_FETAL_RETINA_RPC,HU_FETAL_RETINA_RPC] was killed by [FAN_EMBRYONIC_CTX_MICROGLIA_1,FAN_EMBRYONIC_CTX_MICROGLIA_1]
[LAKE_ADULT_KIDNEY_C20_COLLECTING_DUCT_INTERCALATED_CELLS_TYPE_A_CORTEX,LAKE_ADULT_KIDNEY_C20_COLLECTING_DUCT_INTERCALATED_CELLS_TYPE_A_CORTEX] was killed by [DESCARTES_FETAL_CEREBRUM_SKOR2_NPSR1_POSITIVE_CELLS,DESCARTES_FETAL_CEREBRUM_SKOR2_NPSR1_POSITIVE_CELLS]
[GAO_LARGE_INTESTINE_ADULT_CG_GOBLET_CELL_SUBTYPE_2,GAO_LARGE_INTESTINE_ADULT_CG_GOBLET_CELL_SUBTYPE_2] was killed by [DESCARTES_FETAL_KIDNEY_STROMAL_CELLS,DESCARTES_FETAL_KIDNEY_STROMAL_CELLS]
[CUI_DEVELOPING_HEART_VASCULAR_ENDOTHELIAL_CELL,CUI_DEVELOPING_HEART_VASCULAR_ENDOTHELIAL_CELL] was killed by [DESCARTES_FETAL_KIDNEY_STROMAL_CELLS,DESCARTES_FETAL_KIDNEY_STROMAL_CELLS]
[DESCARTES_FETAL_ADRENAL_MEGAKARYOCYTES,DESCARTES_FETAL_ADRENAL_MEGAKARYOCYTES] was killed by [CUI_DEVELOPING_HEART_C7_MAST_CELL,CUI_DEVELOPING_HEART_C7_MAST_CELL]
[TRAVAGLINI_LUNG_CD4_MEMORY_EFFECTOR_T_CELL,TRAVAGLINI_LUNG_CD4_MEMORY_EFFECTOR_T_CELL] was killed by [FAN_OVARY_CL0_XBP1_SELK_HIGH_STROMAL_CELL,FAN_OVARY_CL0_XBP1_SELK_HIGH_STROMAL_CELL]
[DESCARTES_FETAL_HEART_LYMPHOID_CELLS,DESCARTES_FETAL_HEART_LYMPHOID_CELLS] was killed by [DESCARTES_FETAL_PANCREAS_LYMPHOID_CELLS,DESCARTES_FETAL_PANCREAS_LYMPHOID_CELLS]
[DESCARTES_MAIN_FETAL_UNIPOLAR_BRUSH_CELLS,DESCARTES_MAIN_FETAL_UNIPOLAR_BRUSH_CELLS] was killed by [DESCARTES_FETAL_LIVER_STELLATE_CELLS,DESCARTES_FETAL_LIVER_STELLATE_CELLS]
[DESCARTES_FETAL_ADRENAL_SLC26A4_PAEP_POSITIVE_CELLS,DESCARTES_FETAL_ADRENAL_SLC26A4_PAEP_POSITIVE_CELLS] was killed by [DESCARTES_FETAL_EYE_SKELETAL_MUSCLE_CELLS,DESCARTES_FETAL_EYE_SKELETAL_MUSCLE_CELLS]
[DESCARTES_FETAL_STOMACH_MESOTHELIAL_CELLS,DESCARTES_FETAL_STOMACH_MESOTHELIAL_CELLS] was killed by [DESCARTES_FETAL_KIDNEY_STROMAL_CELLS,DESCARTES_FETAL_KIDNEY_STROMAL_CELLS]
[DESCARTES_FETAL_CEREBRUM_LIMBIC_SYSTEM_NEURONS,DESCARTES_FETAL_CEREBRUM_LIMBIC_SYSTEM_NEURONS] was killed by [DESCARTES_FETAL_LIVER_STELLATE_CELLS,DESCARTES_FETAL_LIVER_STELLATE_CELLS]
[DESCARTES_FETAL_EYE_HORIZONTAL_CELLS,DESCARTES_FETAL_EYE_HORIZONTAL_CELLS] was killed by [DESCARTES_FETAL_ADRENAL_CHROMAFFIN_CELLS,DESCARTES_FETAL_ADRENAL_CHROMAFFIN_CELLS]
[HU_FETAL_RETINA_AMACRINE,HU_FETAL_RETINA_AMACRINE] was killed by [DESCARTES_FETAL_ADRENAL_CHROMAFFIN_CELLS,DESCARTES_FETAL_ADRENAL_CHROMAFFIN_CELLS]
[DESCARTES_MAIN_FETAL_MESOTHELIAL_CELLS,DESCARTES_MAIN_FETAL_MESOTHELIAL_CELLS] was killed by [DESCARTES_FETAL_HEART_EPICARDIAL_FAT_CELLS,DESCARTES_FETAL_HEART_EPICARDIAL_FAT_CELLS]
[HAY_BONE_MARROW_CD34_POS_GRAN,HAY_BONE_MARROW_CD34_POS_GRAN] was killed by [ZHENG_CORD_BLOOD_C9_GRANULOCYTE_MACROPHAGE_PROGENITOR,ZHENG_CORD_BLOOD_C9_GRANULOCYTE_MACROPHAGE_PROGENITOR]
[DESCARTES_FETAL_PLACENTA_MEGAKARYOCYTES,DESCARTES_FETAL_PLACENTA_MEGAKARYOCYTES] was killed by [DESCARTES_FETAL_SPLEEN_MEGAKARYOCYTES,DESCARTES_FETAL_SPLEEN_MEGAKARYOCYTES]
[DURANTE_ADULT_OLFACTORY_NEUROEPITHELIUM_SUSTENTACULAR_CELLS,DURANTE_ADULT_OLFACTORY_NEUROEPITHELIUM_SUSTENTACULAR_CELLS] was killed by [DESCARTES_FETAL_PANCREAS_DUCTAL_CELLS,DESCARTES_FETAL_PANCREAS_DUCTAL_CELLS]
[DESCARTES_FETAL_SPLEEN_AFP_ALB_POSITIVE_CELLS,DESCARTES_FETAL_SPLEEN_AFP_ALB_POSITIVE_CELLS] was killed by [DESCARTES_FETAL_KIDNEY_METANEPHRIC_CELLS,DESCARTES_FETAL_KIDNEY_METANEPHRIC_CELLS]
[FAN_EMBRYONIC_CTX_EX_4_EXCITATORY_NEURON,FAN_EMBRYONIC_CTX_EX_4_EXCITATORY_NEURON] was killed by [CUI_DEVELOPING_HEART_TRABECULAR_ATRIAL_CARDIOMYOCYTE,CUI_DEVELOPING_HEART_TRABECULAR_ATRIAL_CARDIOMYOCYTE]
[DESCARTES_FETAL_LIVER_LYMPHOID_CELLS,DESCARTES_FETAL_LIVER_LYMPHOID_CELLS] was killed by [DESCARTES_FETAL_PANCREAS_LYMPHOID_CELLS,DESCARTES_FETAL_PANCREAS_LYMPHOID_CELLS]
[DESCARTES_FETAL_LUNG_MEGAKARYOCYTES,DESCARTES_FETAL_LUNG_MEGAKARYOCYTES] was killed by [CUI_DEVELOPING_HEART_C7_MAST_CELL,CUI_DEVELOPING_HEART_C7_MAST_CELL]
[BUSSLINGER_GASTRIC_D_CELLS,BUSSLINGER_GASTRIC_D_CELLS] was killed by [DESCARTES_FETAL_PANCREAS_ISLET_ENDOCRINE_CELLS,DESCARTES_FETAL_PANCREAS_ISLET_ENDOCRINE_CELLS]
[AIZARANI_LIVER_C1_NK_NKT_CELLS_1,AIZARANI_LIVER_C1_NK_NKT_CELLS_1] was killed by [ZHENG_CORD_BLOOD_C9_GRANULOCYTE_MACROPHAGE_PROGENITOR,ZHENG_CORD_BLOOD_C9_GRANULOCYTE_MACROPHAGE_PROGENITOR]
[BUSSLINGER_DUODENAL_EC_CELLS,BUSSLINGER_DUODENAL_EC_CELLS] was killed by [DESCARTES_FETAL_PANCREAS_ISLET_ENDOCRINE_CELLS,DESCARTES_FETAL_PANCREAS_ISLET_ENDOCRINE_CELLS]
[DESCARTES_FETAL_HEART_MYELOID_CELLS,DESCARTES_FETAL_HEART_MYELOID_CELLS] was killed by [ZHENG_CORD_BLOOD_C9_GRANULOCYTE_MACROPHAGE_PROGENITOR,ZHENG_CORD_BLOOD_C9_GRANULOCYTE_MACROPHAGE_PROGENITOR]
[DESCARTES_FETAL_EYE_MICROGLIA,DESCARTES_FETAL_EYE_MICROGLIA] was killed by [CUI_DEVELOPING_HEART_C7_MAST_CELL,CUI_DEVELOPING_HEART_C7_MAST_CELL]
[DESCARTES_FETAL_HEART_CLC_IL5RA_POSITIVE_CELLS,DESCARTES_FETAL_HEART_CLC_IL5RA_POSITIVE_CELLS] was killed by [DESCARTES_FETAL_PANCREAS_ISLET_ENDOCRINE_CELLS,DESCARTES_FETAL_PANCREAS_ISLET_ENDOCRINE_CELLS]
[LAKE_ADULT_KIDNEY_C11_THIN_ASCENDING_LIMB,LAKE_ADULT_KIDNEY_C11_THIN_ASCENDING_LIMB] was killed by [FAN_OVARY_CL0_XBP1_SELK_HIGH_STROMAL_CELL,FAN_OVARY_CL0_XBP1_SELK_HIGH_STROMAL_CELL]
[BUSSLINGER_GASTRIC_CHIEF_CELLS,BUSSLINGER_GASTRIC_CHIEF_CELLS] was killed by [CUI_DEVELOPING_HEART_C7_MAST_CELL,CUI_DEVELOPING_HEART_C7_MAST_CELL]
[ZHONG_PFC_C3_UNKNOWN_INP,ZHONG_PFC_C3_UNKNOWN_INP] was killed by [FAN_EMBRYONIC_CTX_MICROGLIA_1,FAN_EMBRYONIC_CTX_MICROGLIA_1]
[DESCARTES_FETAL_STOMACH_ERYTHROBLASTS,DESCARTES_FETAL_STOMACH_ERYTHROBLASTS] was killed by [FAN_EMBRYONIC_CTX_MICROGLIA_1,FAN_EMBRYONIC_CTX_MICROGLIA_1]
[LAKE_ADULT_KIDNEY_C24_ENDOTHELIAL_CELLS_AEA_AND_DVR,LAKE_ADULT_KIDNEY_C24_ENDOTHELIAL_CELLS_AEA_AND_DVR] was killed by [ZHENG_CORD_BLOOD_C9_GRANULOCYTE_MACROPHAGE_PROGENITOR,ZHENG_CORD_BLOOD_C9_GRANULOCYTE_MACROPHAGE_PROGENITOR]
[TRAVAGLINI_LUNG_CD8_NAIVE_T_CELL,TRAVAGLINI_LUNG_CD8_NAIVE_T_CELL] was killed by [ZHENG_CORD_BLOOD_C9_GRANULOCYTE_MACROPHAGE_PROGENITOR,ZHENG_CORD_BLOOD_C9_GRANULOCYTE_MACROPHAGE_PROGENITOR]
[TRAVAGLINI_LUNG_VASCULAR_SMOOTH_MUSCLE_CELL,TRAVAGLINI_LUNG_VASCULAR_SMOOTH_MUSCLE_CELL] was killed by [ZHENG_CORD_BLOOD_C9_GRANULOCYTE_MACROPHAGE_PROGENITOR,ZHENG_CORD_BLOOD_C9_GRANULOCYTE_MACROPHAGE_PROGENITOR]
[DESCARTES_FETAL_PLACENTA_AFP_ALB_POSITIVE_CELLS,DESCARTES_FETAL_PLACENTA_AFP_ALB_POSITIVE_CELLS] was killed by [DESCARTES_FETAL_PANCREAS_ISLET_ENDOCRINE_CELLS,DESCARTES_FETAL_PANCREAS_ISLET_ENDOCRINE_CELLS]
[DESCARTES_FETAL_HEART_SMOOTH_MUSCLE_CELLS,DESCARTES_FETAL_HEART_SMOOTH_MUSCLE_CELLS] was killed by [DESCARTES_FETAL_LIVER_STELLATE_CELLS,DESCARTES_FETAL_LIVER_STELLATE_CELLS]
[MENON_FETAL_KIDNEY_5_PROXIMAL_TUBULE_CELLS,MENON_FETAL_KIDNEY_5_PROXIMAL_TUBULE_CELLS] was killed by [ZHENG_CORD_BLOOD_C9_GRANULOCYTE_MACROPHAGE_PROGENITOR,ZHENG_CORD_BLOOD_C9_GRANULOCYTE_MACROPHAGE_PROGENITOR]
[DESCARTES_MAIN_FETAL_TROPHOBLAST_GIANT_CELLS,DESCARTES_MAIN_FETAL_TROPHOBLAST_GIANT_CELLS] was killed by [DESCARTES_FETAL_PLACENTA_TROPHOBLAST_GIANT_CELLS,DESCARTES_FETAL_PLACENTA_TROPHOBLAST_GIANT_CELLS]
[BUSSLINGER_GASTRIC_REG3A_POSITIVE_CELLS,BUSSLINGER_GASTRIC_REG3A_POSITIVE_CELLS] was killed by [ZHENG_CORD_BLOOD_C9_GRANULOCYTE_MACROPHAGE_PROGENITOR,ZHENG_CORD_BLOOD_C9_GRANULOCYTE_MACROPHAGE_PROGENITOR]
[DESCARTES_FETAL_CEREBELLUM_UNIPOLAR_BRUSH_CELLS,DESCARTES_FETAL_CEREBELLUM_UNIPOLAR_BRUSH_CELLS] was killed by [DESCARTES_FETAL_EYE_PHOTORECEPTOR_CELLS,DESCARTES_FETAL_EYE_PHOTORECEPTOR_CELLS]
[BUSSLINGER_GASTRIC_IMMATURE_PIT_CELLS,BUSSLINGER_GASTRIC_IMMATURE_PIT_CELLS] was killed by [ZHENG_CORD_BLOOD_C9_GRANULOCYTE_MACROPHAGE_PROGENITOR,ZHENG_CORD_BLOOD_C9_GRANULOCYTE_MACROPHAGE_PROGENITOR]
[DESCARTES_MAIN_FETAL_OLIGODENDROCYTES,DESCARTES_MAIN_FETAL_OLIGODENDROCYTES] was killed by [DESCARTES_FETAL_MUSCLE_SCHWANN_CELLS,DESCARTES_FETAL_MUSCLE_SCHWANN_CELLS]
[LAKE_ADULT_KIDNEY_C23_ENDOTHELIAL_CELLS_AVR,LAKE_ADULT_KIDNEY_C23_ENDOTHELIAL_CELLS_AVR] was killed by [ZHENG_CORD_BLOOD_C9_GRANULOCYTE_MACROPHAGE_PROGENITOR,ZHENG_CORD_BLOOD_C9_GRANULOCYTE_MACROPHAGE_PROGENITOR]
[TRAVAGLINI_LUNG_PERICYTE_CELL,TRAVAGLINI_LUNG_PERICYTE_CELL] was killed by [DESCARTES_FETAL_LIVER_STELLATE_CELLS,DESCARTES_FETAL_LIVER_STELLATE_CELLS]
[FAN_EMBRYONIC_CTX_BIG_GROUPS_EXCITATORY_NEURON,FAN_EMBRYONIC_CTX_BIG_GROUPS_EXCITATORY_NEURON] was killed by [DESCARTES_FETAL_LIVER_STELLATE_CELLS,DESCARTES_FETAL_LIVER_STELLATE_CELLS]
[DESCARTES_FETAL_SPLEEN_ERYTHROBLASTS,DESCARTES_FETAL_SPLEEN_ERYTHROBLASTS] was killed by [CUI_DEVELOPING_HEART_C7_MAST_CELL,CUI_DEVELOPING_HEART_C7_MAST_CELL]
[AIZARANI_LIVER_C33_STELLATE_CELLS_2,AIZARANI_LIVER_C33_STELLATE_CELLS_2] was killed by [ZHENG_CORD_BLOOD_C9_GRANULOCYTE_MACROPHAGE_PROGENITOR,ZHENG_CORD_BLOOD_C9_GRANULOCYTE_MACROPHAGE_PROGENITOR]
[HU_FETAL_RETINA_MULLER,HU_FETAL_RETINA_MULLER] was killed by [ZHENG_CORD_BLOOD_C9_GRANULOCYTE_MACROPHAGE_PROGENITOR,ZHENG_CORD_BLOOD_C9_GRANULOCYTE_MACROPHAGE_PROGENITOR]
[TRAVAGLINI_LUNG_GOBLET_CELL,TRAVAGLINI_LUNG_GOBLET_CELL] was killed by [ZHENG_CORD_BLOOD_C9_GRANULOCYTE_MACROPHAGE_PROGENITOR,ZHENG_CORD_BLOOD_C9_GRANULOCYTE_MACROPHAGE_PROGENITOR]
[DESCARTES_FETAL_INTESTINE_SMOOTH_MUSCLE_CELLS,DESCARTES_FETAL_INTESTINE_SMOOTH_MUSCLE_CELLS] was killed by [DESCARTES_FETAL_KIDNEY_STROMAL_CELLS,DESCARTES_FETAL_KIDNEY_STROMAL_CELLS]
[DESCARTES_MAIN_FETAL_DUCTAL_CELLS,DESCARTES_MAIN_FETAL_DUCTAL_CELLS] was killed by [DESCARTES_FETAL_HEART_EPICARDIAL_FAT_CELLS,DESCARTES_FETAL_HEART_EPICARDIAL_FAT_CELLS]
[DURANTE_ADULT_OLFACTORY_NEUROEPITHELIUM_PERICYTES,DURANTE_ADULT_OLFACTORY_NEUROEPITHELIUM_PERICYTES] was killed by [DESCARTES_FETAL_ADRENAL_VASCULAR_ENDOTHELIAL_CELLS,DESCARTES_FETAL_ADRENAL_VASCULAR_ENDOTHELIAL_CELLS]
[GAO_LARGE_INTESTINE_24W_C1_DCLK1POS_PROGENITOR,GAO_LARGE_INTESTINE_24W_C1_DCLK1POS_PROGENITOR] was killed by [DESCARTES_FETAL_KIDNEY_STROMAL_CELLS,DESCARTES_FETAL_KIDNEY_STROMAL_CELLS]
[DESCARTES_FETAL_INTESTINE_VASCULAR_ENDOTHELIAL_CELLS,DESCARTES_FETAL_INTESTINE_VASCULAR_ENDOTHELIAL_CELLS] was killed by [DESCARTES_FETAL_ADRENAL_VASCULAR_ENDOTHELIAL_CELLS,DESCARTES_FETAL_ADRENAL_VASCULAR_ENDOTHELIAL_CELLS]
[TRAVAGLINI_LUNG_CD8_MEMORY_EFFECTOR_T_CELL,TRAVAGLINI_LUNG_CD8_MEMORY_EFFECTOR_T_CELL] was killed by [FAN_OVARY_CL0_XBP1_SELK_HIGH_STROMAL_CELL,FAN_OVARY_CL0_XBP1_SELK_HIGH_STROMAL_CELL]
[DESCARTES_MAIN_FETAL_HORIZONTAL_CELLS,DESCARTES_MAIN_FETAL_HORIZONTAL_CELLS] was killed by [DESCARTES_FETAL_CEREBELLUM_INHIBITORY_INTERNEURONS,DESCARTES_FETAL_CEREBELLUM_INHIBITORY_INTERNEURONS]
[AIZARANI_LIVER_C8_RESIDENT_B_CELLS_1,AIZARANI_LIVER_C8_RESIDENT_B_CELLS_1] was killed by [ZHENG_CORD_BLOOD_C9_GRANULOCYTE_MACROPHAGE_PROGENITOR,ZHENG_CORD_BLOOD_C9_GRANULOCYTE_MACROPHAGE_PROGENITOR]
[TRAVAGLINI_LUNG_CAPILLARY_CELL,TRAVAGLINI_LUNG_CAPILLARY_CELL] was killed by [DESCARTES_FETAL_ADRENAL_VASCULAR_ENDOTHELIAL_CELLS,DESCARTES_FETAL_ADRENAL_VASCULAR_ENDOTHELIAL_CELLS]
[ZHENG_CORD_BLOOD_C10_MULTILYMPHOID_PROGENITOR,ZHENG_CORD_BLOOD_C10_MULTILYMPHOID_PROGENITOR] was killed by [ZHENG_CORD_BLOOD_C9_GRANULOCYTE_MACROPHAGE_PROGENITOR,ZHENG_CORD_BLOOD_C9_GRANULOCYTE_MACROPHAGE_PROGENITOR]
[AIZARANI_LIVER_C38_RESIDENT_B_CELLS_3,AIZARANI_LIVER_C38_RESIDENT_B_CELLS_3] was killed by [ZHENG_CORD_BLOOD_C9_GRANULOCYTE_MACROPHAGE_PROGENITOR,ZHENG_CORD_BLOOD_C9_GRANULOCYTE_MACROPHAGE_PROGENITOR]
[RUBENSTEIN_SKELETAL_MUSCLE_ENDOTHELIAL_CELLS,RUBENSTEIN_SKELETAL_MUSCLE_ENDOTHELIAL_CELLS] was killed by [ZHENG_CORD_BLOOD_C9_GRANULOCYTE_MACROPHAGE_PROGENITOR,ZHENG_CORD_BLOOD_C9_GRANULOCYTE_MACROPHAGE_PROGENITOR]
[BUSSLINGER_ESOPHAGEAL_QUIESCENT_BASAL_CELLS,BUSSLINGER_ESOPHAGEAL_QUIESCENT_BASAL_CELLS] was killed by [FAN_OVARY_CL0_XBP1_SELK_HIGH_STROMAL_CELL,FAN_OVARY_CL0_XBP1_SELK_HIGH_STROMAL_CELL]
[DESCARTES_MAIN_FETAL_ACINAR_CELLS,DESCARTES_MAIN_FETAL_ACINAR_CELLS] was killed by [DESCARTES_FETAL_PANCREAS_ACINAR_CELLS,DESCARTES_FETAL_PANCREAS_ACINAR_CELLS]
[DESCARTES_FETAL_THYMUS_STROMAL_CELLS,DESCARTES_FETAL_THYMUS_STROMAL_CELLS] was killed by [DESCARTES_FETAL_KIDNEY_STROMAL_CELLS,DESCARTES_FETAL_KIDNEY_STROMAL_CELLS]
[DESCARTES_FETAL_SPLEEN_MYELOID_CELLS,DESCARTES_FETAL_SPLEEN_MYELOID_CELLS] was killed by [DESCARTES_MAIN_FETAL_BIPOLAR_CELLS,DESCARTES_MAIN_FETAL_BIPOLAR_CELLS]
[DESCARTES_FETAL_ADRENAL_MYELOID_CELLS,DESCARTES_FETAL_ADRENAL_MYELOID_CELLS] was killed by [DESCARTES_MAIN_FETAL_ANTIGEN_PRESENTING_CELLS,DESCARTES_MAIN_FETAL_ANTIGEN_PRESENTING_CELLS]
[GAO_LARGE_INTESTINE_24W_C8_GOBLET_CELL,GAO_LARGE_INTESTINE_24W_C8_GOBLET_CELL] was killed by [DESCARTES_FETAL_PANCREAS_ISLET_ENDOCRINE_CELLS,DESCARTES_FETAL_PANCREAS_ISLET_ENDOCRINE_CELLS]
[MENON_FETAL_KIDNEY_3_STROMAL_CELLS,MENON_FETAL_KIDNEY_3_STROMAL_CELLS] was killed by [ZHENG_CORD_BLOOD_C9_GRANULOCYTE_MACROPHAGE_PROGENITOR,ZHENG_CORD_BLOOD_C9_GRANULOCYTE_MACROPHAGE_PROGENITOR]
[DESCARTES_FETAL_STOMACH_VASCULAR_ENDOTHELIAL_CELLS,DESCARTES_FETAL_STOMACH_VASCULAR_ENDOTHELIAL_CELLS] was killed by [DESCARTES_FETAL_ADRENAL_VASCULAR_ENDOTHELIAL_CELLS,DESCARTES_FETAL_ADRENAL_VASCULAR_ENDOTHELIAL_CELLS]
[AIZARANI_LIVER_C4_EPCAM_POS_BILE_DUCT_CELLS_1,AIZARANI_LIVER_C4_EPCAM_POS_BILE_DUCT_CELLS_1] was killed by [DESCARTES_FETAL_PANCREAS_ISLET_ENDOCRINE_CELLS,DESCARTES_FETAL_PANCREAS_ISLET_ENDOCRINE_CELLS]
[DESCARTES_FETAL_EYE_ASTROCYTES,DESCARTES_FETAL_EYE_ASTROCYTES] was killed by [DESCARTES_FETAL_KIDNEY_STROMAL_CELLS,DESCARTES_FETAL_KIDNEY_STROMAL_CELLS]
[TRAVAGLINI_LUNG_MUCOUS_CELL,TRAVAGLINI_LUNG_MUCOUS_CELL] was killed by [DESCARTES_FETAL_HEART_EPICARDIAL_FAT_CELLS,DESCARTES_FETAL_HEART_EPICARDIAL_FAT_CELLS]
[HAY_BONE_MARROW_CD8_T_CELL,HAY_BONE_MARROW_CD8_T_CELL] was killed by [DESCARTES_FETAL_PANCREAS_LYMPHOID_CELLS,DESCARTES_FETAL_PANCREAS_LYMPHOID_CELLS]
[DESCARTES_MAIN_FETAL_LYMPHATIC_ENDOTHELIAL_CELLS,DESCARTES_MAIN_FETAL_LYMPHATIC_ENDOTHELIAL_CELLS] was killed by [DESCARTES_FETAL_ADRENAL_VASCULAR_ENDOTHELIAL_CELLS,DESCARTES_FETAL_ADRENAL_VASCULAR_ENDOTHELIAL_CELLS]
[BUSSLINGER_GASTRIC_ANTRAL_ECS,BUSSLINGER_GASTRIC_ANTRAL_ECS] was killed by [DESCARTES_FETAL_PANCREAS_ISLET_ENDOCRINE_CELLS,DESCARTES_FETAL_PANCREAS_ISLET_ENDOCRINE_CELLS]
