[MORF_FBL,MORF_FBL] was killed by [MORF_NPM1,MORF_NPM1]
[MORF_PPP2CA,MORF_PPP2CA] was killed by [MORF_NPM1,MORF_NPM1]
[MORF_CDC10,MORF_CDC10] was killed by [MORF_NPM1,MORF_NPM1]
[MORF_DAP3,MORF_DAP3] was killed by [MORF_NPM1,MORF_NPM1]
[GNF2_RAN,GNF2_RAN] was killed by [NAKAMURA_CANCER_MICROENVIRONMENT_DN,NAKAMURA_CANCER_MICROENVIRONMENT_DN]
[GSE2770_UNTREATED_VS_ACT_CD4_TCELL_6H_UP,GSE2770_UNTREATED_VS_ACT_CD4_TCELL_6H_UP] was killed by [GSE25147_UNSTIM_VS_HELIOBACTER_PYLORI_LPS_STIM_MKN45_CELL_DN,GSE25147_UNSTIM_VS_HELIOBACTER_PYLORI_LPS_STIM_MKN45_CELL_DN]
[GO_MEMBRANE_DOCKING,GO_MEMBRANE_DOCKING] was killed by [HALLMARK_PROTEIN_SECRETION,HALLMARK_PROTEIN_SECRETION]
[MORF_CCNI,MORF_CCNI] was killed by [MORF_NPM1,MORF_NPM1]
[GO_NUCLEOSIDE_PHOSPHATE_BIOSYNTHETIC_PROCESS,GO_NUCLEOSIDE_PHOSPHATE_BIOSYNTHETIC_PROCESS] was killed by [GSE3039_ALPHAALPHA_VS_ALPHABETA_CD8_TCELL_UP,GSE3039_ALPHAALPHA_VS_ALPHABETA_CD8_TCELL_UP]
[GSE25123_WT_VS_PPARG_KO_MACROPHAGE_DN,GSE25123_WT_VS_PPARG_KO_MACROPHAGE_DN] was killed by [MORF_NPM1,MORF_NPM1]
[GGCACAT_MIR455,GGCACAT_MIR455] was killed by [GSE37301_COMMON_LYMPHOID_PROGENITOR_VS_PRO_BCELL_UP,GSE37301_COMMON_LYMPHOID_PROGENITOR_VS_PRO_BCELL_UP]
[GSE1740_UNSTIM_VS_IFNA_STIMULATED_MCSF_DERIVED_MACROPHAGE_DN,GSE1740_UNSTIM_VS_IFNA_STIMULATED_MCSF_DERIVED_MACROPHAGE_DN] was killed by [GSE42724_NAIVE_VS_B1_BCELL_UP,GSE42724_NAIVE_VS_B1_BCELL_UP]
[MARTORIATI_MDM4_TARGETS_NEUROEPITHELIUM_UP,MARTORIATI_MDM4_TARGETS_NEUROEPITHELIUM_UP] was killed by [GSE3039_ALPHAALPHA_VS_ALPHABETA_CD8_TCELL_UP,GSE3039_ALPHAALPHA_VS_ALPHABETA_CD8_TCELL_UP]
[GSE37301_HEMATOPOIETIC_STEM_CELL_VS_MULTIPOTENT_PROGENITOR_UP,GSE37301_HEMATOPOIETIC_STEM_CELL_VS_MULTIPOTENT_PROGENITOR_UP] was killed by [GSE36078_UNTREATED_VS_AD5_T425A_HEXON_INF_MOUSE_LUNG_DC_DN,GSE36078_UNTREATED_VS_AD5_T425A_HEXON_INF_MOUSE_LUNG_DC_DN]
[GO_RESPONSE_TO_AMMONIUM_ION,GO_RESPONSE_TO_AMMONIUM_ION] was killed by [GSE33162_HDAC3_KO_VS_HDAC3_KO_MACROPHAGE_DN,GSE33162_HDAC3_KO_VS_HDAC3_KO_MACROPHAGE_DN]
[RASHI_RESPONSE_TO_IONIZING_RADIATION_6,RASHI_RESPONSE_TO_IONIZING_RADIATION_6] was killed by [KLEIN_TARGETS_OF_BCR_ABL1_FUSION,KLEIN_TARGETS_OF_BCR_ABL1_FUSION]
[BILD_CTNNB1_ONCOGENIC_SIGNATURE,BILD_CTNNB1_ONCOGENIC_SIGNATURE] was killed by [GSE14308_TH1_VS_INDUCED_TREG_UP,GSE14308_TH1_VS_INDUCED_TREG_UP]
[GNF2_MSH6,GNF2_MSH6] was killed by [NAKAMURA_CANCER_MICROENVIRONMENT_DN,NAKAMURA_CANCER_MICROENVIRONMENT_DN]
[PEREZ_TP53_AND_TP63_TARGETS,PEREZ_TP53_AND_TP63_TARGETS] was killed by [GSE24671_CTRL_VS_SENDAI_VIRUS_INFECTED_MOUSE_SPLENOCYTES_UP,GSE24671_CTRL_VS_SENDAI_VIRUS_INFECTED_MOUSE_SPLENOCYTES_UP]
[GSE5503_MLN_DC_VS_SPLEEN_DC_ACTIVATED_ALLOGENIC_TCELL_UP,GSE5503_MLN_DC_VS_SPLEEN_DC_ACTIVATED_ALLOGENIC_TCELL_UP] was killed by [GSE14308_TH1_VS_INDUCED_TREG_UP,GSE14308_TH1_VS_INDUCED_TREG_UP]
[LABBE_WNT3A_TARGETS_DN,LABBE_WNT3A_TARGETS_DN] was killed by [GSE22886_DAY1_VS_DAY7_MONOCYTE_IN_CULTURE_DN,GSE22886_DAY1_VS_DAY7_MONOCYTE_IN_CULTURE_DN]
[GSE24634_NAIVE_CD4_TCELL_VS_DAY7_IL4_CONV_TREG_DN,GSE24634_NAIVE_CD4_TCELL_VS_DAY7_IL4_CONV_TREG_DN] was killed by [NAKAMURA_CANCER_MICROENVIRONMENT_DN,NAKAMURA_CANCER_MICROENVIRONMENT_DN]
[GSE28726_NAIVE_CD4_TCELL_VS_NAIVE_VA24NEG_NKTCELL_UP,GSE28726_NAIVE_CD4_TCELL_VS_NAIVE_VA24NEG_NKTCELL_UP] was killed by [GSE22103_LPS_VS_GMCSF_AND_IFNG_STIM_NEUTROPHIL_UP,GSE22103_LPS_VS_GMCSF_AND_IFNG_STIM_NEUTROPHIL_UP]
[GO_PURINE_NUCLEOSIDE_MONOPHOSPHATE_BIOSYNTHETIC_PROCESS,GO_PURINE_NUCLEOSIDE_MONOPHOSPHATE_BIOSYNTHETIC_PROCESS] was killed by [GO_NUCLEOSIDE_MONOPHOSPHATE_BIOSYNTHETIC_PROCESS,GO_NUCLEOSIDE_MONOPHOSPHATE_BIOSYNTHETIC_PROCESS]
[GO_NUCLEOSOME_BINDING,GO_NUCLEOSOME_BINDING] was killed by [MORF_NPM1,MORF_NPM1]
[GSE39110_DAY3_VS_DAY6_POST_IMMUNIZATION_CD8_TCELL_DN,GSE39110_DAY3_VS_DAY6_POST_IMMUNIZATION_CD8_TCELL_DN] was killed by [NAKAMURA_CANCER_MICROENVIRONMENT_DN,NAKAMURA_CANCER_MICROENVIRONMENT_DN]
[GSE6259_FLT3L_INDUCED_DEC205_POS_DC_VS_CD8_TCELL_DN,GSE6259_FLT3L_INDUCED_DEC205_POS_DC_VS_CD8_TCELL_DN] was killed by [GSE42724_NAIVE_VS_B1_BCELL_UP,GSE42724_NAIVE_VS_B1_BCELL_UP]
[MORF_PRKDC,MORF_PRKDC] was killed by [NAKAMURA_CANCER_MICROENVIRONMENT_DN,NAKAMURA_CANCER_MICROENVIRONMENT_DN]
[GINESTIER_BREAST_CANCER_ZNF217_AMPLIFIED_UP,GINESTIER_BREAST_CANCER_ZNF217_AMPLIFIED_UP] was killed by [GINESTIER_BREAST_CANCER_20Q13_AMPLIFICATION_UP,GINESTIER_BREAST_CANCER_20Q13_AMPLIFICATION_UP]
[CAFFAREL_RESPONSE_TO_THC_DN,CAFFAREL_RESPONSE_TO_THC_DN] was killed by [GSE22103_LPS_VS_GMCSF_AND_IFNG_STIM_NEUTROPHIL_UP,GSE22103_LPS_VS_GMCSF_AND_IFNG_STIM_NEUTROPHIL_UP]
[GSE2197_IMMUNOSUPPRESSIVE_DNA_VS_UNTREATEDIN_DC_DN,GSE2197_IMMUNOSUPPRESSIVE_DNA_VS_UNTREATEDIN_DC_DN] was killed by [GSE17721_CTRL_VS_LPS_6H_BMDC_UP,GSE17721_CTRL_VS_LPS_6H_BMDC_UP]
[GSE3982_MAST_CELL_VS_TH2_DN,GSE3982_MAST_CELL_VS_TH2_DN] was killed by [NAKAMURA_CANCER_MICROENVIRONMENT_DN,NAKAMURA_CANCER_MICROENVIRONMENT_DN]
[MORF_G22P1,MORF_G22P1] was killed by [MORF_NPM1,MORF_NPM1]
[LEE_DIFFERENTIATING_T_LYMPHOCYTE,LEE_DIFFERENTIATING_T_LYMPHOCYTE] was killed by [KLEIN_TARGETS_OF_BCR_ABL1_FUSION,KLEIN_TARGETS_OF_BCR_ABL1_FUSION]
[GO_MACROMOLECULE_DEACYLATION,GO_MACROMOLECULE_DEACYLATION] was killed by [GO_RESPONSE_TO_MONOAMINE,GO_RESPONSE_TO_MONOAMINE]
[GO_O_ACYLTRANSFERASE_ACTIVITY,GO_O_ACYLTRANSFERASE_ACTIVITY] was killed by [GSE17721_CTRL_VS_LPS_24H_BMDC_UP,GSE17721_CTRL_VS_LPS_24H_BMDC_UP]
[GNF2_XRCC5,GNF2_XRCC5] was killed by [NAKAMURA_CANCER_MICROENVIRONMENT_DN,NAKAMURA_CANCER_MICROENVIRONMENT_DN]
[DAIRKEE_TERT_TARGETS_DN,DAIRKEE_TERT_TARGETS_DN] was killed by [GSE339_CD8POS_VS_CD4CD8DN_DC_IN_CULTURE_DN,GSE339_CD8POS_VS_CD4CD8DN_DC_IN_CULTURE_DN]
[GSE1460_CD4_THYMOCYTE_VS_NAIVE_CD4_TCELL_CORD_BLOOD_DN,GSE1460_CD4_THYMOCYTE_VS_NAIVE_CD4_TCELL_CORD_BLOOD_DN] was killed by [MORF_NPM1,MORF_NPM1]
[GO_REGULATION_OF_NITRIC_OXIDE_BIOSYNTHETIC_PROCESS,GO_REGULATION_OF_NITRIC_OXIDE_BIOSYNTHETIC_PROCESS] was killed by [GINESTIER_BREAST_CANCER_20Q13_AMPLIFICATION_UP,GINESTIER_BREAST_CANCER_20Q13_AMPLIFICATION_UP]
[GSE24634_NAIVE_CD4_TCELL_VS_DAY10_IL4_CONV_TREG_UP,GSE24634_NAIVE_CD4_TCELL_VS_DAY10_IL4_CONV_TREG_UP] was killed by [MORF_NPM1,MORF_NPM1]
[GO_VESICLE_DOCKING,GO_VESICLE_DOCKING] was killed by [HALLMARK_PROTEIN_SECRETION,HALLMARK_PROTEIN_SECRETION]
[GSE1925_CTRL_VS_3H_IFNG_STIM_IFNG_PRIMED_MACROPHAGE_UP,GSE1925_CTRL_VS_3H_IFNG_STIM_IFNG_PRIMED_MACROPHAGE_UP] was killed by [MORF_NPM1,MORF_NPM1]
[GSE23502_BM_VS_COLON_TUMOR_MYELOID_DERIVED_SUPPRESSOR_CELL_UP,GSE23502_BM_VS_COLON_TUMOR_MYELOID_DERIVED_SUPPRESSOR_CELL_UP] was killed by [GSE22103_LPS_VS_GMCSF_AND_IFNG_STIM_NEUTROPHIL_UP,GSE22103_LPS_VS_GMCSF_AND_IFNG_STIM_NEUTROPHIL_UP]
[GO_PURINE_NUCLEOSIDE_BIOSYNTHETIC_PROCESS,GO_PURINE_NUCLEOSIDE_BIOSYNTHETIC_PROCESS] was killed by [GO_NUCLEOSIDE_MONOPHOSPHATE_BIOSYNTHETIC_PROCESS,GO_NUCLEOSIDE_MONOPHOSPHATE_BIOSYNTHETIC_PROCESS]
[GSE3039_CD4_TCELL_VS_NKT_CELL_DN,GSE3039_CD4_TCELL_VS_NKT_CELL_DN] was killed by [GSE3982_BCELL_VS_TH2_DN,GSE3982_BCELL_VS_TH2_DN]
[E2F_01,E2F_01] was killed by [GSE22103_LPS_VS_GMCSF_AND_IFNG_STIM_NEUTROPHIL_UP,GSE22103_LPS_VS_GMCSF_AND_IFNG_STIM_NEUTROPHIL_UP]
[GSE16385_MONOCYTE_VS_MACROPHAGE_UP,GSE16385_MONOCYTE_VS_MACROPHAGE_UP] was killed by [GSE17721_PAM3CSK4_VS_CPG_12H_BMDC_UP,GSE17721_PAM3CSK4_VS_CPG_12H_BMDC_UP]
[KAAB_FAILED_HEART_ATRIUM_DN,KAAB_FAILED_HEART_ATRIUM_DN] was killed by [GSE33162_HDAC3_KO_VS_HDAC3_KO_MACROPHAGE_DN,GSE33162_HDAC3_KO_VS_HDAC3_KO_MACROPHAGE_DN]
[GO_ORGANIC_ANION_TRANSMEMBRANE_TRANSPORTER_ACTIVITY,GO_ORGANIC_ANION_TRANSMEMBRANE_TRANSPORTER_ACTIVITY] was killed by [GSE40274_CTRL_VS_EOS_TRANSDUCED_ACTIVATED_CD4_TCELL_DN,GSE40274_CTRL_VS_EOS_TRANSDUCED_ACTIVATED_CD4_TCELL_DN]
[GO_GLYCOSYL_COMPOUND_BIOSYNTHETIC_PROCESS,GO_GLYCOSYL_COMPOUND_BIOSYNTHETIC_PROCESS] was killed by [GSE3039_ALPHAALPHA_VS_ALPHABETA_CD8_TCELL_UP,GSE3039_ALPHAALPHA_VS_ALPHABETA_CD8_TCELL_UP]
[GCNP_SHH_UP_EARLY.V1_UP,GCNP_SHH_UP_EARLY.V1_UP] was killed by [GSE3982_BCELL_VS_TH2_DN,GSE3982_BCELL_VS_TH2_DN]
[GO_METAPHASE_PLATE_CONGRESSION,GO_METAPHASE_PLATE_CONGRESSION] was killed by [GO_CENTRIOLAR_SATELLITE,GO_CENTRIOLAR_SATELLITE]
[GSE41867_NAIVE_VS_DAY6_LCMV_EFFECTOR_CD8_TCELL_UP,GSE41867_NAIVE_VS_DAY6_LCMV_EFFECTOR_CD8_TCELL_UP] was killed by [GSE5679_PPARG_LIGAND_ROSIGLITAZONE_VS_RARA_AGONIST_AM580_TREATED_DC_DN,GSE5679_PPARG_LIGAND_ROSIGLITAZONE_VS_RARA_AGONIST_AM580_TREATED_DC_DN]
[GO_POSITIVE_REGULATION_OF_GENE_EXPRESSION_EPIGENETIC,GO_POSITIVE_REGULATION_OF_GENE_EXPRESSION_EPIGENETIC] was killed by [GSE3039_ALPHAALPHA_VS_ALPHABETA_CD8_TCELL_UP,GSE3039_ALPHAALPHA_VS_ALPHABETA_CD8_TCELL_UP]
[GSE43955_TGFB_IL6_VS_TGFB_IL6_IL23_TH17_ACT_CD4_TCELL_52H_UP,GSE43955_TGFB_IL6_VS_TGFB_IL6_IL23_TH17_ACT_CD4_TCELL_52H_UP] was killed by [GSE5679_PPARG_LIGAND_ROSIGLITAZONE_VS_RARA_AGONIST_AM580_TREATED_DC_DN,GSE5679_PPARG_LIGAND_ROSIGLITAZONE_VS_RARA_AGONIST_AM580_TREATED_DC_DN]
[GSE29618_MONOCYTE_VS_PDC_DAY7_FLU_VACCINE_UP,GSE29618_MONOCYTE_VS_PDC_DAY7_FLU_VACCINE_UP] was killed by [GSE21033_CTRL_VS_POLYIC_STIM_DC_6H_UP,GSE21033_CTRL_VS_POLYIC_STIM_DC_6H_UP]
[CHIARADONNA_NEOPLASTIC_TRANSFORMATION_KRAS_DN,CHIARADONNA_NEOPLASTIC_TRANSFORMATION_KRAS_DN] was killed by [GSE19772_HCMV_INFL_VS_HCMV_INF_MONOCYTES_AND_PI3K_INHIBITION_DN,GSE19772_HCMV_INFL_VS_HCMV_INF_MONOCYTES_AND_PI3K_INHIBITION_DN]
[AZARE_NEOPLASTIC_TRANSFORMATION_BY_STAT3_UP,AZARE_NEOPLASTIC_TRANSFORMATION_BY_STAT3_UP] was killed by [AZARE_STAT3_TARGETS,AZARE_STAT3_TARGETS]
[GSE11961_FOLLICULAR_BCELL_VS_MARGINAL_ZONE_BCELL_UP,GSE11961_FOLLICULAR_BCELL_VS_MARGINAL_ZONE_BCELL_UP] was killed by [GSE17721_CTRL_VS_LPS_24H_BMDC_UP,GSE17721_CTRL_VS_LPS_24H_BMDC_UP]
[GO_FATTY_ACID_CATABOLIC_PROCESS,GO_FATTY_ACID_CATABOLIC_PROCESS] was killed by [GSE22886_DAY1_VS_DAY7_MONOCYTE_IN_CULTURE_DN,GSE22886_DAY1_VS_DAY7_MONOCYTE_IN_CULTURE_DN]
[GSE14000_TRANSLATED_RNA_VS_MRNA_4H_LPS_DC_DN,GSE14000_TRANSLATED_RNA_VS_MRNA_4H_LPS_DC_DN] was killed by [MORF_NPM1,MORF_NPM1]
[GSE9037_CTRL_VS_LPS_4H_STIM_BMDM_UP,GSE9037_CTRL_VS_LPS_4H_STIM_BMDM_UP] was killed by [HALLMARK_PROTEIN_SECRETION,HALLMARK_PROTEIN_SECRETION]
[GSE5455_EX_VIVO_VS_POST_24H_INCUBATION_MONOCYTES_FROM_TUMOR_BEARING_MOUSE_DN,GSE5455_EX_VIVO_VS_POST_24H_INCUBATION_MONOCYTES_FROM_TUMOR_BEARING_MOUSE_DN] was killed by [GSE5679_PPARG_LIGAND_ROSIGLITAZONE_VS_RARA_AGONIST_AM580_TREATED_DC_DN,GSE5679_PPARG_LIGAND_ROSIGLITAZONE_VS_RARA_AGONIST_AM580_TREATED_DC_DN]
[GCM_ACTG1,GCM_ACTG1] was killed by [MORF_NPM1,MORF_NPM1]
[GSE37301_COMMON_LYMPHOID_PROGENITOR_VS_PRO_BCELL_DN,GSE37301_COMMON_LYMPHOID_PROGENITOR_VS_PRO_BCELL_DN] was killed by [GSE33162_HDAC3_KO_VS_HDAC3_KO_MACROPHAGE_DN,GSE33162_HDAC3_KO_VS_HDAC3_KO_MACROPHAGE_DN]
[GSE26343_UNSTIM_VS_LPS_STIM_MACROPHAGE_DN,GSE26343_UNSTIM_VS_LPS_STIM_MACROPHAGE_DN] was killed by [GSE22886_DAY1_VS_DAY7_MONOCYTE_IN_CULTURE_DN,GSE22886_DAY1_VS_DAY7_MONOCYTE_IN_CULTURE_DN]
[MARKEY_RB1_CHRONIC_LOF_UP,MARKEY_RB1_CHRONIC_LOF_UP] was killed by [GSE19772_HCMV_INFL_VS_HCMV_INF_MONOCYTES_AND_PI3K_INHIBITION_DN,GSE19772_HCMV_INFL_VS_HCMV_INF_MONOCYTES_AND_PI3K_INHIBITION_DN]
[GSE45365_NK_CELL_VS_BCELL_MCMV_INFECTION_UP,GSE45365_NK_CELL_VS_BCELL_MCMV_INFECTION_UP] was killed by [GSE22886_DAY1_VS_DAY7_MONOCYTE_IN_CULTURE_DN,GSE22886_DAY1_VS_DAY7_MONOCYTE_IN_CULTURE_DN]
[MORF_RPA2,MORF_RPA2] was killed by [GO_RESPONSE_TO_MONOAMINE,GO_RESPONSE_TO_MONOAMINE]
[AMIT_EGF_RESPONSE_480_HELA,AMIT_EGF_RESPONSE_480_HELA] was killed by [GSE3039_ALPHAALPHA_VS_ALPHABETA_CD8_TCELL_UP,GSE3039_ALPHAALPHA_VS_ALPHABETA_CD8_TCELL_UP]
[MORF_JUND,MORF_JUND] was killed by [MORF_NPM1,MORF_NPM1]
[GSE23695_CD57_POS_VS_NEG_NK_CELL_DN,GSE23695_CD57_POS_VS_NEG_NK_CELL_DN] was killed by [GSE22103_LPS_VS_GMCSF_AND_IFNG_STIM_NEUTROPHIL_UP,GSE22103_LPS_VS_GMCSF_AND_IFNG_STIM_NEUTROPHIL_UP]
[GSE14000_4H_VS_16H_LPS_DC_TRANSLATED_RNA_UP,GSE14000_4H_VS_16H_LPS_DC_TRANSLATED_RNA_UP] was killed by [GO_MONOCARBOXYLIC_ACID_CATABOLIC_PROCESS,GO_MONOCARBOXYLIC_ACID_CATABOLIC_PROCESS]
[ACCATTT_MIR522,ACCATTT_MIR522] was killed by [GSE14308_TH1_VS_INDUCED_TREG_UP,GSE14308_TH1_VS_INDUCED_TREG_UP]
[GCM_TPT1,GCM_TPT1] was killed by [MORF_NPM1,MORF_NPM1]
[GSE29614_DAY3_VS_DAY7_TIV_FLU_VACCINE_PBMC_DN,GSE29614_DAY3_VS_DAY7_TIV_FLU_VACCINE_PBMC_DN] was killed by [NAKAMURA_CANCER_MICROENVIRONMENT_DN,NAKAMURA_CANCER_MICROENVIRONMENT_DN]
[BURTON_ADIPOGENESIS_8,BURTON_ADIPOGENESIS_8] was killed by [GO_RESPONSE_TO_MONOAMINE,GO_RESPONSE_TO_MONOAMINE]
[GO_NUCLEAR_EXPORT,GO_NUCLEAR_EXPORT] was killed by [AZARE_STAT3_TARGETS,AZARE_STAT3_TARGETS]
[GSE17721_0.5H_VS_4H_LPS_BMDC_UP,GSE17721_0.5H_VS_4H_LPS_BMDC_UP] was killed by [GSE17721_CTRL_VS_LPS_6H_BMDC_UP,GSE17721_CTRL_VS_LPS_6H_BMDC_UP]
[GSE22886_TH1_VS_TH2_48H_ACT_DN,GSE22886_TH1_VS_TH2_48H_ACT_DN] was killed by [GSE42724_NAIVE_VS_B1_BCELL_UP,GSE42724_NAIVE_VS_B1_BCELL_UP]
[GSE20715_WT_VS_TLR4_KO_LUNG_UP,GSE20715_WT_VS_TLR4_KO_LUNG_UP] was killed by [GSE16450_CTRL_VS_IFNA_6H_STIM_MATURE_NEURON_CELL_LINE_UP,GSE16450_CTRL_VS_IFNA_6H_STIM_MATURE_NEURON_CELL_LINE_UP]
[GNF2_KPNB1,GNF2_KPNB1] was killed by [GO_U2_TYPE_SPLICEOSOMAL_COMPLEX,GO_U2_TYPE_SPLICEOSOMAL_COMPLEX]
[GSE1925_CTRL_VS_24H_IFNG_STIM_MACROPHAGE_DN,GSE1925_CTRL_VS_24H_IFNG_STIM_MACROPHAGE_DN] was killed by [GSE40274_CTRL_VS_EOS_TRANSDUCED_ACTIVATED_CD4_TCELL_DN,GSE40274_CTRL_VS_EOS_TRANSDUCED_ACTIVATED_CD4_TCELL_DN]
[GSE29618_PDC_VS_MDC_DN,GSE29618_PDC_VS_MDC_DN] was killed by [KLEIN_TARGETS_OF_BCR_ABL1_FUSION,KLEIN_TARGETS_OF_BCR_ABL1_FUSION]
[GSE360_T_GONDII_VS_B_MALAYI_HIGH_DOSE_DC_DN,GSE360_T_GONDII_VS_B_MALAYI_HIGH_DOSE_DC_DN] was killed by [GINESTIER_BREAST_CANCER_20Q13_AMPLIFICATION_UP,GINESTIER_BREAST_CANCER_20Q13_AMPLIFICATION_UP]
[GCM_CSNK2B,GCM_CSNK2B] was killed by [MORF_NPM1,MORF_NPM1]
[REACTOME_ASPARAGINE_N_LINKED_GLYCOSYLATION,REACTOME_ASPARAGINE_N_LINKED_GLYCOSYLATION] was killed by [HALLMARK_PROTEIN_SECRETION,HALLMARK_PROTEIN_SECRETION]
[PECE_MAMMARY_STEM_CELL_UP,PECE_MAMMARY_STEM_CELL_UP] was killed by [MORF_NPM1,MORF_NPM1]
[GSE40274_CTRL_VS_FOXP3_TRANSDUCED_ACTIVATED_CD4_TCELL_UP,GSE40274_CTRL_VS_FOXP3_TRANSDUCED_ACTIVATED_CD4_TCELL_UP] was killed by [GSE36078_UNTREATED_VS_AD5_T425A_HEXON_INF_MOUSE_LUNG_DC_DN,GSE36078_UNTREATED_VS_AD5_T425A_HEXON_INF_MOUSE_LUNG_DC_DN]
[GSE30971_WBP7_HET_VS_KO_MACROPHAGE_2H_LPS_STIM_DN,GSE30971_WBP7_HET_VS_KO_MACROPHAGE_2H_LPS_STIM_DN] was killed by [GSE11367_CTRL_VS_IL17_TREATED_SMOOTH_MUSCLE_CELL_UP,GSE11367_CTRL_VS_IL17_TREATED_SMOOTH_MUSCLE_CELL_UP]
[GSE15330_HSC_VS_LYMPHOID_PRIMED_MULTIPOTENT_PROGENITOR_IKAROS_KO_DN,GSE15330_HSC_VS_LYMPHOID_PRIMED_MULTIPOTENT_PROGENITOR_IKAROS_KO_DN] was killed by [GSE2585_CTEC_VS_MTEC_THYMUS_UP,GSE2585_CTEC_VS_MTEC_THYMUS_UP]
[GO_CIRCADIAN_RHYTHM,GO_CIRCADIAN_RHYTHM] was killed by [GO_NUCLEOSIDE_MONOPHOSPHATE_BIOSYNTHETIC_PROCESS,GO_NUCLEOSIDE_MONOPHOSPHATE_BIOSYNTHETIC_PROCESS]
[GSE17974_CTRL_VS_ACT_IL4_AND_ANTI_IL12_4H_CD4_TCELL_UP,GSE17974_CTRL_VS_ACT_IL4_AND_ANTI_IL12_4H_CD4_TCELL_UP] was killed by [GSE16450_CTRL_VS_IFNA_6H_STIM_MATURE_NEURON_CELL_LINE_UP,GSE16450_CTRL_VS_IFNA_6H_STIM_MATURE_NEURON_CELL_LINE_UP]
[GSE3982_MAST_CELL_VS_BCELL_UP,GSE3982_MAST_CELL_VS_BCELL_UP] was killed by [GSE3982_BCELL_VS_TH2_DN,GSE3982_BCELL_VS_TH2_DN]
[GSE20727_H2O2_VS_ROS_INHIBITOR_TREATED_DC_DN,GSE20727_H2O2_VS_ROS_INHIBITOR_TREATED_DC_DN] was killed by [GSE14308_TH1_VS_INDUCED_TREG_UP,GSE14308_TH1_VS_INDUCED_TREG_UP]
[GO_ER_TO_GOLGI_TRANSPORT_VESICLE,GO_ER_TO_GOLGI_TRANSPORT_VESICLE] was killed by [HALLMARK_PROTEIN_SECRETION,HALLMARK_PROTEIN_SECRETION]
[GO_POSITIVE_REGULATION_OF_REACTIVE_OXYGEN_SPECIES_BIOSYNTHETIC_PROCESS,GO_POSITIVE_REGULATION_OF_REACTIVE_OXYGEN_SPECIES_BIOSYNTHETIC_PROCESS] was killed by [GSE24671_CTRL_VS_SENDAI_VIRUS_INFECTED_MOUSE_SPLENOCYTES_UP,GSE24671_CTRL_VS_SENDAI_VIRUS_INFECTED_MOUSE_SPLENOCYTES_UP]
[PID_AVB3_INTEGRIN_PATHWAY,PID_AVB3_INTEGRIN_PATHWAY] was killed by [REACTOME_SEMA4D_INDUCED_CELL_MIGRATION_AND_GROWTH_CONE_COLLAPSE,REACTOME_SEMA4D_INDUCED_CELL_MIGRATION_AND_GROWTH_CONE_COLLAPSE]
[GCCNNNWTAAR_UNKNOWN,GCCNNNWTAAR_UNKNOWN] was killed by [GSE22103_LPS_VS_GMCSF_AND_IFNG_STIM_NEUTROPHIL_UP,GSE22103_LPS_VS_GMCSF_AND_IFNG_STIM_NEUTROPHIL_UP]
[GSE21063_WT_VS_NFATC1_KO_BCELL_UP,GSE21063_WT_VS_NFATC1_KO_BCELL_UP] was killed by [GSE3039_ALPHAALPHA_VS_ALPHABETA_CD8_TCELL_UP,GSE3039_ALPHAALPHA_VS_ALPHABETA_CD8_TCELL_UP]
[GSE19888_ADENOSINE_A3R_INH_VS_ACT_IN_MAST_CELL_DN,GSE19888_ADENOSINE_A3R_INH_VS_ACT_IN_MAST_CELL_DN] was killed by [GSE33162_HDAC3_KO_VS_HDAC3_KO_MACROPHAGE_DN,GSE33162_HDAC3_KO_VS_HDAC3_KO_MACROPHAGE_DN]
