Starting QoRTs v1.3.6 (Compiled Tue Sep 25 11:21:46 EDT 2018)
Starting time: (Wed Jan 26 09:37:48 PST 2022)
INPUT_COMMAND(QC)
  INPUT_ARG(infile)=bam/hl60_120h_u_2.sort.bam
  INPUT_ARG(gtffile)=/data_gilbert/home/aarab/genomes/hg38/gencode.v34/gencode.v34.annotation.gtf
  INPUT_ARG(outdir)=iso/rawCts/hl60_120h_u_2/
  INPUT_ARG(fr_secondStrand)=true
  INPUT_ARG(singleEnded)=true
  INPUT_ARG(nameSorted)=true
Created Log File: iso/rawCts/hl60_120h_u_2//QC.r5g5pXBvcHb3.log
Warning: run-in-progress file "iso/rawCts/hl60_120h_u_2//QC.QORTS_RUNNING" already exists. Is there another QoRTs job running?
Starting QC
[Time: 2022-01-26 09:37:48] [Mem usage: [33MB / 2147MB]] [Elapsed Time: 00:00:00.0000]
Deleting old "QORTS_COMPLETED_OK" file.
QoRTs is Running in single-end mode.
Note: read-sorting is irrelevant in single-ended mode.
No parameter --genomeFA found.
Running functions: CigarOpDistribution, GCDistribution, GeneCalcs, JunctionCalcs, NVC, 
        QualityScoreDistribution, StrandCheck, chromCounts, 
        cigarLocusCounts, readLengthDistro, writeBiotypeCounts, 
        writeClippedNVC, writeDESeq, writeDEXSeq, writeGeneBody, 
        writeGeneCounts, writeGenewiseGeneBody, 
        writeJunctionSeqCounts, writeKnownSplices, 
        writeNovelSplices, writeSpliceExon
Checking first 10000 reads. Checking SAM file for formatting errors...
   Stats on the first 10000 reads:
        Num Reads Primary Map:    2275
        Num Reads Paired-ended:   0
        Num Reads mapped pair:    0
        Num Pair names found:     0
        Num Pairs matched:        0
        Read Seq length:          51 to 51
        Unclipped Read length:    51 to 51
        Final maxReadLength:      51
        maxPhredScore:            41
        minPhredScore:            2
Done checking first 10000 reads. WARNINGS FOUND!
SAMRecord Reader Generated. Read length: 51.
[Time: 2022-01-26 09:37:50] [Mem usage: [159MB / 2785MB]] [Elapsed Time: 00:00:01.0396]
> Init GeneCalcs Utility
> Init NVC utility
> Init CigarOpDistribution Utility
> Init QualityScoreDistribution Utility
> Init GC counts Utility
> Init JunctionCalcs utility
Compiling flat feature annotation, internally in memory...
FlatteningGtf: starting...(2022-01-26 09:39:16)
    FlatteningGtf: gtf file read complete.(2022-01-26 09:40:21)
    FlatteningGtf: Splice Junction Map read.(2022-01-26 09:40:23)
    FlatteningGtf: gene Sets generated.(2022-01-26 09:40:26)
    FlatteningGtf: Aggregate Sets built.
    FlatteningGtf: Compiling Aggregate Info . . . (2022-01-26 09:40:26)
    FlatteningGtf: Finished Compiling Aggregate Info. (2022-01-26 09:40:26)
    FlatteningGtf: Iterating through the step-vector...(2022-01-26 09:40:26)
    FlatteningGtf: Adding the aggregate genes themselves...(2022-01-26 09:40:28)
    FlatteningGtf: Iterating through the splice junctions...(2022-01-26 09:40:28)
    FlatteningGtf: Sorting the aggregate genes...(2022-01-26 09:40:30)
    FlatteningGtf: Folding the FlatGtfLine iterator...(2022-01-26 09:40:30)
    FlatteningGtf: Features Built.(2022-01-26 09:40:30)
Internal flat feature annotation compiled!
length of knownSpliceMap after instantiation: 383646
length of knownCountMap after instantiation: 383646
> Init StrandCheck Utility
> Init chromCount Utility
> Init qcCigarLocusCounts Utility
> Init MinorUtils Utility
QC Utilities Generated!
[Time: 2022-01-26 09:40:35] [Mem usage: [3521MB / 7GB]] [Elapsed Time: 00:02:46.0674]
helper_calculateGeneAssignmentMap_strict. Found: 60669 genes in the supplied annotation.
helper_calculateGeneAssignmentMap_strict. Found: 18307 genes with ambiguous segments.
helper_calculateGeneAssignmentMap_strict. Found: 42362 genes after first-pass filtering
making makeGeneIntervalMap for geneBody calculations. Found: 42362 acceptable genes for gene-body analysis.
..........[1000000 Read-Pairs processed] [Time: 2022-01-26 09:41:34] 
..........[2000000 Read-Pairs processed] [Time: 2022-01-26 09:42:03] 
..........[3000000 Read-Pairs processed] [Time: 2022-01-26 09:42:30] 
..........[4000000 Read-Pairs processed] [Time: 2022-01-26 09:42:54] 
..........[5000000 Read-Pairs processed] [Time: 2022-01-26 09:43:19] 
..........[6000000 Read-Pairs processed] [Time: 2022-01-26 09:43:43] 
..........[7000000 Read-Pairs processed] [Time: 2022-01-26 09:44:08] 
..........[8000000 Read-Pairs processed] [Time: 2022-01-26 09:44:32] 
..........[9000000 Read-Pairs processed] [Time: 2022-01-26 09:44:56] 
..........[10000000 Read-Pairs processed] [Time: 2022-01-26 09:45:20] 
..........[11000000 Read-Pairs processed] [Time: 2022-01-26 09:45:45] 
..........[12000000 Read-Pairs processed] [Time: 2022-01-26 09:46:09] 
..........[13000000 Read-Pairs processed] [Time: 2022-01-26 09:46:33] 
..........[14000000 Read-Pairs processed] [Time: 2022-01-26 09:46:58] 
..........[15000000 Read-Pairs processed] [Time: 2022-01-26 09:47:22] 
..........[16000000 Read-Pairs processed] [Time: 2022-01-26 09:47:46] 
..........[17000000 Read-Pairs processed] [Time: 2022-01-26 09:48:11] 
..........[18000000 Read-Pairs processed] [Time: 2022-01-26 09:48:35] 
..........[19000000 Read-Pairs processed] [Time: 2022-01-26 09:48:59] 
..........[20000000 Read-Pairs processed] [Time: 2022-01-26 09:49:24] 
..........[21000000 Read-Pairs processed] [Time: 2022-01-26 09:49:48] 
..........[22000000 Read-Pairs processed] [Time: 2022-01-26 09:50:12] 
..........[23000000 Read-Pairs processed] [Time: 2022-01-26 09:50:36] 
..........[24000000 Read-Pairs processed] [Time: 2022-01-26 09:51:00] 
..........[25000000 Read-Pairs processed] [Time: 2022-01-26 09:51:24] 
..........[26000000 Read-Pairs processed] [Time: 2022-01-26 09:51:49] 
..........[27000000 Read-Pairs processed] [Time: 2022-01-26 09:52:14] 
..........[28000000 Read-Pairs processed] [Time: 2022-01-26 09:52:38] 
..........[29000000 Read-Pairs processed] [Time: 2022-01-26 09:53:02] 
..........[30000000 Read-Pairs processed] [Time: 2022-01-26 09:53:26] 
..........[31000000 Read-Pairs processed] [Time: 2022-01-26 09:53:50] 
..........[32000000 Read-Pairs processed] [Time: 2022-01-26 09:54:14] 
..........[33000000 Read-Pairs processed] [Time: 2022-01-26 09:54:38] 
..........[34000000 Read-Pairs processed] [Time: 2022-01-26 09:55:02] 
..........[35000000 Read-Pairs processed] [Time: 2022-01-26 09:55:26] 
..........[36000000 Read-Pairs processed] [Time: 2022-01-26 09:55:50] 
..........[37000000 Read-Pairs processed] [Time: 2022-01-26 09:56:14] 
..........[38000000 Read-Pairs processed] [Time: 2022-01-26 09:56:38] 
..........[39000000 Read-Pairs processed] [Time: 2022-01-26 09:57:02] 
..........[40000000 Read-Pairs processed] [Time: 2022-01-26 09:57:26] 
......
Finished reading SAM. Read: 40645355 reads/read-pairs.
Finished reading SAM. Used: 17452753 reads/read-pairs.
[Time: 2022-01-26 09:57:42] [Mem usage: [7GB / 11GB]] [Elapsed Time: 00:19:53.0323]
> Read Stats:
>   READ_PAIR_OK                   17452753
>   TOTAL_READ_PAIRS               40645355
>   DROPPED_NOT_PROPER_PAIR        -1
>   DROPPED_READ_FAILS_VENDOR_QC   0
>   DROPPED_MARKED_NOT_VALID       0
>   DROPPED_CHROMS_MISMATCH        -1
>   DROPPED_PAIR_STRANDS_MISMATCH  -1
>   DROPPED_IGNORED_CHROMOSOME     0
>   DROPPED_NOT_UNIQUE_ALIGNMENT   23192602
>   DROPPED_NO_ALN_BLOCKS   0
>   DROPPED_NOT_MARKED_RG   -1
Pre-alignment read count unknown (Set --seqReadCt or --rawfastq)
Writing Output...
DEBUG NOTE: IncludeGenesSet.size: 42362
DEBUG NOTE: sortedReadCountSeq.size: 14082
DEBUG NOTE: coverageThresholds: 7041;10561;12673;14082
DEBUG NOTE: coverageSpans: [(0,7041);(7041,10561);(10561,12673);(12673,14082)]
DEBUG NOTE:	[1.bottomHalf][0.5] = [0,7041]
DEBUG NOTE:	[2.upperMidQuartile][0.75] = [7041,10561]
DEBUG NOTE:	[3.75to90][0.9] = [10561,12673]
DEBUG NOTE:	[4.high][1.0] = [12673,14082]
      (DEBUG) Generating Biotype Map [2022-01-26 09:57:43]
      (DEBUG) Extracted gene BioType using key "gene_biotype".
              Found 0 types: []
      (DEBUG) Finished Biotype Map [2022-01-26 09:59:02]
length of knownCountMap after run: 383646
WARNING: QoRTs is unable to infer the strandedness from the data!
         This isn't a problem per-se, since QoRTs requires that strandedness
         mode be set manually. However, it might be indicative that something
         is very wrong with your dataset and/or transcript annotation.
QoRTs completed WITH WARNINGS! See log for details.
Done.
Time spent on setup:           00:02:46.0675
Time spent on SAM iteration:   00:17:06.0649
                               (0.42071228065297994 minutes per million read-pairs)
                               (0.9797881170953373 minutes per million read-pairs used)
Time spent on file output:     00:01:29.0991
Total runtime:                 00:21:23.0315
Done. (Wed Jan 26 09:59:12 PST 2022)
