[REACTOME_TRANSPORT_OF_THE_SLBP_DEPENDANT_MATURE_MRNA,REACTOME_TRANSPORT_OF_THE_SLBP_DEPENDANT_MATURE_MRNA] was killed by [REACTOME_TRANSPORT_OF_MATURE_MRNAS_DERIVED_FROM_INTRONLESS_TRANSCRIPTS,REACTOME_TRANSPORT_OF_MATURE_MRNAS_DERIVED_FROM_INTRONLESS_TRANSCRIPTS]
[REACTOME_SUMOYLATION_OF_UBIQUITINYLATION_PROTEINS,REACTOME_SUMOYLATION_OF_UBIQUITINYLATION_PROTEINS] was killed by [REACTOME_TRANSPORT_OF_MATURE_MRNAS_DERIVED_FROM_INTRONLESS_TRANSCRIPTS,REACTOME_TRANSPORT_OF_MATURE_MRNAS_DERIVED_FROM_INTRONLESS_TRANSCRIPTS]
[WP_DNA_IRDOUBLE_STRAND_BREAKS_DSBS_AND_CELLULAR_RESPONSE_VIA_ATM,WP_DNA_IRDOUBLE_STRAND_BREAKS_DSBS_AND_CELLULAR_RESPONSE_VIA_ATM] was killed by [WP_JOUBERT_SYNDROME,WP_JOUBERT_SYNDROME]
[REACTOME_TRNA_PROCESSING_IN_THE_NUCLEUS,REACTOME_TRNA_PROCESSING_IN_THE_NUCLEUS] was killed by [REACTOME_TRANSPORT_OF_MATURE_MRNAS_DERIVED_FROM_INTRONLESS_TRANSCRIPTS,REACTOME_TRANSPORT_OF_MATURE_MRNAS_DERIVED_FROM_INTRONLESS_TRANSCRIPTS]
[REACTOME_TRANSPORT_OF_MATURE_TRANSCRIPT_TO_CYTOPLASM,REACTOME_TRANSPORT_OF_MATURE_TRANSCRIPT_TO_CYTOPLASM] was killed by [REACTOME_TRANSPORT_OF_MATURE_MRNAS_DERIVED_FROM_INTRONLESS_TRANSCRIPTS,REACTOME_TRANSPORT_OF_MATURE_MRNAS_DERIVED_FROM_INTRONLESS_TRANSCRIPTS]
[REACTOME_EXPORT_OF_VIRAL_RIBONUCLEOPROTEINS_FROM_NUCLEUS,REACTOME_EXPORT_OF_VIRAL_RIBONUCLEOPROTEINS_FROM_NUCLEUS] was killed by [REACTOME_TRANSPORT_OF_MATURE_MRNAS_DERIVED_FROM_INTRONLESS_TRANSCRIPTS,REACTOME_TRANSPORT_OF_MATURE_MRNAS_DERIVED_FROM_INTRONLESS_TRANSCRIPTS]
[REACTOME_REGULATION_OF_GLUCOKINASE_BY_GLUCOKINASE_REGULATORY_PROTEIN,REACTOME_REGULATION_OF_GLUCOKINASE_BY_GLUCOKINASE_REGULATORY_PROTEIN] was killed by [REACTOME_TRANSPORT_OF_MATURE_MRNAS_DERIVED_FROM_INTRONLESS_TRANSCRIPTS,REACTOME_TRANSPORT_OF_MATURE_MRNAS_DERIVED_FROM_INTRONLESS_TRANSCRIPTS]
[REACTOME_FOXO_MEDIATED_TRANSCRIPTION,REACTOME_FOXO_MEDIATED_TRANSCRIPTION] was killed by [WP_MECP2_AND_ASSOCIATED_RETT_SYNDROME,WP_MECP2_AND_ASSOCIATED_RETT_SYNDROME]
[KEGG_HUNTINGTONS_DISEASE,KEGG_HUNTINGTONS_DISEASE] was killed by [WP_MECP2_AND_ASSOCIATED_RETT_SYNDROME,WP_MECP2_AND_ASSOCIATED_RETT_SYNDROME]
[REACTOME_SUMOYLATION_OF_RNA_BINDING_PROTEINS,REACTOME_SUMOYLATION_OF_RNA_BINDING_PROTEINS] was killed by [REACTOME_TRANSPORT_OF_MATURE_MRNAS_DERIVED_FROM_INTRONLESS_TRANSCRIPTS,REACTOME_TRANSPORT_OF_MATURE_MRNAS_DERIVED_FROM_INTRONLESS_TRANSCRIPTS]
[REACTOME_TRANSCRIPTIONAL_REGULATION_BY_SMALL_RNAS,REACTOME_TRANSCRIPTIONAL_REGULATION_BY_SMALL_RNAS] was killed by [REACTOME_TRANSPORT_OF_MATURE_MRNAS_DERIVED_FROM_INTRONLESS_TRANSCRIPTS,REACTOME_TRANSPORT_OF_MATURE_MRNAS_DERIVED_FROM_INTRONLESS_TRANSCRIPTS]
[REACTOME_HDR_THROUGH_HOMOLOGOUS_RECOMBINATION_HRR,REACTOME_HDR_THROUGH_HOMOLOGOUS_RECOMBINATION_HRR] was killed by [WP_JOUBERT_SYNDROME,WP_JOUBERT_SYNDROME]
[WP_CILIOPATHIES,WP_CILIOPATHIES] was killed by [WP_JOUBERT_SYNDROME,WP_JOUBERT_SYNDROME]
[REACTOME_NUCLEAR_PORE_COMPLEX_NPC_DISASSEMBLY,REACTOME_NUCLEAR_PORE_COMPLEX_NPC_DISASSEMBLY] was killed by [REACTOME_TRANSPORT_OF_MATURE_MRNAS_DERIVED_FROM_INTRONLESS_TRANSCRIPTS,REACTOME_TRANSPORT_OF_MATURE_MRNAS_DERIVED_FROM_INTRONLESS_TRANSCRIPTS]
[REACTOME_REGULATION_OF_IFNG_SIGNALING,REACTOME_REGULATION_OF_IFNG_SIGNALING] was killed by [REACTOME_INTERLEUKIN_37_SIGNALING,REACTOME_INTERLEUKIN_37_SIGNALING]
[REACTOME_INTERLEUKIN_1_FAMILY_SIGNALING,REACTOME_INTERLEUKIN_1_FAMILY_SIGNALING] was killed by [REACTOME_INTERLEUKIN_37_SIGNALING,REACTOME_INTERLEUKIN_37_SIGNALING]
[REACTOME_HOMOLOGOUS_DNA_PAIRING_AND_STRAND_EXCHANGE,REACTOME_HOMOLOGOUS_DNA_PAIRING_AND_STRAND_EXCHANGE] was killed by [WP_JOUBERT_SYNDROME,WP_JOUBERT_SYNDROME]
[WP_HEPATITIS_B_INFECTION,WP_HEPATITIS_B_INFECTION] was killed by [REACTOME_INTERLEUKIN_37_SIGNALING,REACTOME_INTERLEUKIN_37_SIGNALING]
[WP_GENES_RELATED_TO_PRIMARY_CILIUM_DEVELOPMENT_BASED_ON_CRISPR,WP_GENES_RELATED_TO_PRIMARY_CILIUM_DEVELOPMENT_BASED_ON_CRISPR] was killed by [WP_JOUBERT_SYNDROME,WP_JOUBERT_SYNDROME]
[REACTOME_GLYCOLYSIS,REACTOME_GLYCOLYSIS] was killed by [REACTOME_TRANSPORT_OF_MATURE_MRNAS_DERIVED_FROM_INTRONLESS_TRANSCRIPTS,REACTOME_TRANSPORT_OF_MATURE_MRNAS_DERIVED_FROM_INTRONLESS_TRANSCRIPTS]
[REACTOME_NUCLEAR_IMPORT_OF_REV_PROTEIN,REACTOME_NUCLEAR_IMPORT_OF_REV_PROTEIN] was killed by [REACTOME_TRANSPORT_OF_MATURE_MRNAS_DERIVED_FROM_INTRONLESS_TRANSCRIPTS,REACTOME_TRANSPORT_OF_MATURE_MRNAS_DERIVED_FROM_INTRONLESS_TRANSCRIPTS]
[REACTOME_CREB1_PHOSPHORYLATION_THROUGH_NMDA_RECEPTOR_MEDIATED_ACTIVATION_OF_RAS_SIGNALING,REACTOME_CREB1_PHOSPHORYLATION_THROUGH_NMDA_RECEPTOR_MEDIATED_ACTIVATION_OF_RAS_SIGNALING] was killed by [REACTOME_VISUAL_PHOTOTRANSDUCTION,REACTOME_VISUAL_PHOTOTRANSDUCTION]
[REACTOME_PLATELET_HOMEOSTASIS,REACTOME_PLATELET_HOMEOSTASIS] was killed by [REACTOME_INTERLEUKIN_37_SIGNALING,REACTOME_INTERLEUKIN_37_SIGNALING]
[REACTOME_VIRAL_MESSENGER_RNA_SYNTHESIS,REACTOME_VIRAL_MESSENGER_RNA_SYNTHESIS] was killed by [REACTOME_TRANSPORT_OF_MATURE_MRNAS_DERIVED_FROM_INTRONLESS_TRANSCRIPTS,REACTOME_TRANSPORT_OF_MATURE_MRNAS_DERIVED_FROM_INTRONLESS_TRANSCRIPTS]
[REACTOME_SUMOYLATION_OF_SUMOYLATION_PROTEINS,REACTOME_SUMOYLATION_OF_SUMOYLATION_PROTEINS] was killed by [REACTOME_TRANSPORT_OF_MATURE_MRNAS_DERIVED_FROM_INTRONLESS_TRANSCRIPTS,REACTOME_TRANSPORT_OF_MATURE_MRNAS_DERIVED_FROM_INTRONLESS_TRANSCRIPTS]
[REACTOME_NUCLEOBASE_BIOSYNTHESIS,REACTOME_NUCLEOBASE_BIOSYNTHESIS] was killed by [REACTOME_PURINE_RIBONUCLEOSIDE_MONOPHOSPHATE_BIOSYNTHESIS,REACTOME_PURINE_RIBONUCLEOSIDE_MONOPHOSPHATE_BIOSYNTHESIS]
[REACTOME_TRNA_PROCESSING,REACTOME_TRNA_PROCESSING] was killed by [REACTOME_TRANSPORT_OF_MATURE_MRNAS_DERIVED_FROM_INTRONLESS_TRANSCRIPTS,REACTOME_TRANSPORT_OF_MATURE_MRNAS_DERIVED_FROM_INTRONLESS_TRANSCRIPTS]
[REACTOME_SNRNP_ASSEMBLY,REACTOME_SNRNP_ASSEMBLY] was killed by [REACTOME_TRANSPORT_OF_MATURE_MRNAS_DERIVED_FROM_INTRONLESS_TRANSCRIPTS,REACTOME_TRANSPORT_OF_MATURE_MRNAS_DERIVED_FROM_INTRONLESS_TRANSCRIPTS]
[REACTOME_GLUCOSE_METABOLISM,REACTOME_GLUCOSE_METABOLISM] was killed by [REACTOME_TRANSPORT_OF_MATURE_MRNAS_DERIVED_FROM_INTRONLESS_TRANSCRIPTS,REACTOME_TRANSPORT_OF_MATURE_MRNAS_DERIVED_FROM_INTRONLESS_TRANSCRIPTS]
[REACTOME_INTERACTIONS_OF_VPR_WITH_HOST_CELLULAR_PROTEINS,REACTOME_INTERACTIONS_OF_VPR_WITH_HOST_CELLULAR_PROTEINS] was killed by [REACTOME_TRANSPORT_OF_MATURE_MRNAS_DERIVED_FROM_INTRONLESS_TRANSCRIPTS,REACTOME_TRANSPORT_OF_MATURE_MRNAS_DERIVED_FROM_INTRONLESS_TRANSCRIPTS]
[REACTOME_NEGATIVE_EPIGENETIC_REGULATION_OF_RRNA_EXPRESSION,REACTOME_NEGATIVE_EPIGENETIC_REGULATION_OF_RRNA_EXPRESSION] was killed by [WP_MECP2_AND_ASSOCIATED_RETT_SYNDROME,WP_MECP2_AND_ASSOCIATED_RETT_SYNDROME]
[REACTOME_SLC_TRANSPORTER_DISORDERS,REACTOME_SLC_TRANSPORTER_DISORDERS] was killed by [REACTOME_TRANSPORT_OF_MATURE_MRNAS_DERIVED_FROM_INTRONLESS_TRANSCRIPTS,REACTOME_TRANSPORT_OF_MATURE_MRNAS_DERIVED_FROM_INTRONLESS_TRANSCRIPTS]
[REACTOME_CELLULAR_RESPONSE_TO_HEAT_STRESS,REACTOME_CELLULAR_RESPONSE_TO_HEAT_STRESS] was killed by [REACTOME_TRANSPORT_OF_MATURE_MRNAS_DERIVED_FROM_INTRONLESS_TRANSCRIPTS,REACTOME_TRANSPORT_OF_MATURE_MRNAS_DERIVED_FROM_INTRONLESS_TRANSCRIPTS]
[REACTOME_SUMOYLATION_OF_DNA_DAMAGE_RESPONSE_AND_REPAIR_PROTEINS,REACTOME_SUMOYLATION_OF_DNA_DAMAGE_RESPONSE_AND_REPAIR_PROTEINS] was killed by [REACTOME_TRANSPORT_OF_MATURE_MRNAS_DERIVED_FROM_INTRONLESS_TRANSCRIPTS,REACTOME_TRANSPORT_OF_MATURE_MRNAS_DERIVED_FROM_INTRONLESS_TRANSCRIPTS]
[REACTOME_RESOLUTION_OF_D_LOOP_STRUCTURES_THROUGH_SYNTHESIS_DEPENDENT_STRAND_ANNEALING_SDSA,REACTOME_RESOLUTION_OF_D_LOOP_STRUCTURES_THROUGH_SYNTHESIS_DEPENDENT_STRAND_ANNEALING_SDSA] was killed by [WP_JOUBERT_SYNDROME,WP_JOUBERT_SYNDROME]
[REACTOME_SUMOYLATION_OF_DNA_REPLICATION_PROTEINS,REACTOME_SUMOYLATION_OF_DNA_REPLICATION_PROTEINS] was killed by [REACTOME_TRANSPORT_OF_MATURE_MRNAS_DERIVED_FROM_INTRONLESS_TRANSCRIPTS,REACTOME_TRANSPORT_OF_MATURE_MRNAS_DERIVED_FROM_INTRONLESS_TRANSCRIPTS]
[REACTOME_MHC_CLASS_II_ANTIGEN_PRESENTATION,REACTOME_MHC_CLASS_II_ANTIGEN_PRESENTATION] was killed by [WP_INTRAFLAGELLAR_TRANSPORT_PROTEINS_BINDING_TO_DYNEIN,WP_INTRAFLAGELLAR_TRANSPORT_PROTEINS_BINDING_TO_DYNEIN]
[REACTOME_HSP90_CHAPERONE_CYCLE_FOR_STEROID_HORMONE_RECEPTORS_SHR,REACTOME_HSP90_CHAPERONE_CYCLE_FOR_STEROID_HORMONE_RECEPTORS_SHR] was killed by [WP_INTRAFLAGELLAR_TRANSPORT_PROTEINS_BINDING_TO_DYNEIN,WP_INTRAFLAGELLAR_TRANSPORT_PROTEINS_BINDING_TO_DYNEIN]
[REACTOME_HDR_THROUGH_SINGLE_STRAND_ANNEALING_SSA,REACTOME_HDR_THROUGH_SINGLE_STRAND_ANNEALING_SSA] was killed by [WP_JOUBERT_SYNDROME,WP_JOUBERT_SYNDROME]
[REACTOME_NS1_MEDIATED_EFFECTS_ON_HOST_PATHWAYS,REACTOME_NS1_MEDIATED_EFFECTS_ON_HOST_PATHWAYS] was killed by [REACTOME_TRANSPORT_OF_MATURE_MRNAS_DERIVED_FROM_INTRONLESS_TRANSCRIPTS,REACTOME_TRANSPORT_OF_MATURE_MRNAS_DERIVED_FROM_INTRONLESS_TRANSCRIPTS]
[REACTOME_PLATELET_SENSITIZATION_BY_LDL,REACTOME_PLATELET_SENSITIZATION_BY_LDL] was killed by [REACTOME_INTERLEUKIN_37_SIGNALING,REACTOME_INTERLEUKIN_37_SIGNALING]
[REACTOME_PROCESSING_OF_CAPPED_INTRONLESS_PRE_MRNA,REACTOME_PROCESSING_OF_CAPPED_INTRONLESS_PRE_MRNA] was killed by [REACTOME_TRANSPORT_OF_MATURE_MRNAS_DERIVED_FROM_INTRONLESS_TRANSCRIPTS,REACTOME_TRANSPORT_OF_MATURE_MRNAS_DERIVED_FROM_INTRONLESS_TRANSCRIPTS]
[REACTOME_PROCESSING_OF_INTRONLESS_PRE_MRNAS,REACTOME_PROCESSING_OF_INTRONLESS_PRE_MRNAS] was killed by [REACTOME_TRANSPORT_OF_MATURE_MRNAS_DERIVED_FROM_INTRONLESS_TRANSCRIPTS,REACTOME_TRANSPORT_OF_MATURE_MRNAS_DERIVED_FROM_INTRONLESS_TRANSCRIPTS]
[REACTOME_SUMOYLATION_OF_CHROMATIN_ORGANIZATION_PROTEINS,REACTOME_SUMOYLATION_OF_CHROMATIN_ORGANIZATION_PROTEINS] was killed by [REACTOME_TRANSPORT_OF_MATURE_MRNAS_DERIVED_FROM_INTRONLESS_TRANSCRIPTS,REACTOME_TRANSPORT_OF_MATURE_MRNAS_DERIVED_FROM_INTRONLESS_TRANSCRIPTS]
[WP_NOTCH_SIGNALING_PATHWAY_NETPATH,WP_NOTCH_SIGNALING_PATHWAY_NETPATH] was killed by [WP_MECP2_AND_ASSOCIATED_RETT_SYNDROME,WP_MECP2_AND_ASSOCIATED_RETT_SYNDROME]
