[GSE42021_TREG_PLN_VS_TREG_PRECURSORS_THYMUS_DN,GSE42021_TREG_PLN_VS_TREG_PRECURSORS_THYMUS_DN] was killed by [GSE36527_CD69_NEG_VS_POS_TREG_CD62L_LOS_KLRG1_NEG_UP,GSE36527_CD69_NEG_VS_POS_TREG_CD62L_LOS_KLRG1_NEG_UP]
[GSE2770_UNTREATED_VS_IL12_TREATED_ACT_CD4_TCELL_2H_DN,GSE2770_UNTREATED_VS_IL12_TREATED_ACT_CD4_TCELL_2H_DN] was killed by [GSE2770_TGFB_AND_IL4_VS_IL12_TREATED_ACT_CD4_TCELL_6H_DN,GSE2770_TGFB_AND_IL4_VS_IL12_TREATED_ACT_CD4_TCELL_6H_DN]
[GSE33292_WT_VS_TCF1_KO_DN3_THYMOCYTE_DN,GSE33292_WT_VS_TCF1_KO_DN3_THYMOCYTE_DN] was killed by [GSE17812_WT_VS_THPOK_KO_MEMORY_CD8_TCELL_DN,GSE17812_WT_VS_THPOK_KO_MEMORY_CD8_TCELL_DN]
[GSE33425_CD8_ALPHAALPHA_VS_ALPHABETA_CD161_HIGH_TCELL_UP,GSE33425_CD8_ALPHAALPHA_VS_ALPHABETA_CD161_HIGH_TCELL_UP] was killed by [GSE43955_TH0_VS_TGFB_IL6_TH17_ACT_CD4_TCELL_4H_DN,GSE43955_TH0_VS_TGFB_IL6_TH17_ACT_CD4_TCELL_4H_DN]
[GSE17721_CTRL_VS_PAM3CSK4_24H_BMDC_UP,GSE17721_CTRL_VS_PAM3CSK4_24H_BMDC_UP] was killed by [GSE17721_CTRL_VS_LPS_8H_BMDC_UP,GSE17721_CTRL_VS_LPS_8H_BMDC_UP]
[GSE7460_CTRL_VS_TGFB_TREATED_ACT_TCONV_UP,GSE7460_CTRL_VS_TGFB_TREATED_ACT_TCONV_UP] was killed by [GSE17812_WT_VS_THPOK_KO_MEMORY_CD8_TCELL_DN,GSE17812_WT_VS_THPOK_KO_MEMORY_CD8_TCELL_DN]
[GSE1432_CTRL_VS_IFNG_6H_MICROGLIA_DN,GSE1432_CTRL_VS_IFNG_6H_MICROGLIA_DN] was killed by [GSE36527_CD69_NEG_VS_POS_TREG_CD62L_LOS_KLRG1_NEG_UP,GSE36527_CD69_NEG_VS_POS_TREG_CD62L_LOS_KLRG1_NEG_UP]
[GSE34006_A2AR_KO_VS_A2AR_AGONIST_TREATED_TREG_UP,GSE34006_A2AR_KO_VS_A2AR_AGONIST_TREATED_TREG_UP] was killed by [GSE36527_CD69_NEG_VS_POS_TREG_CD62L_LOS_KLRG1_NEG_UP,GSE36527_CD69_NEG_VS_POS_TREG_CD62L_LOS_KLRG1_NEG_UP]
[GSE42021_CD24HI_VS_CD24INT_TCONV_THYMUS_DN,GSE42021_CD24HI_VS_CD24INT_TCONV_THYMUS_DN] was killed by [GSE17721_0.5H_VS_24H_POLYIC_BMDC_DN,GSE17721_0.5H_VS_24H_POLYIC_BMDC_DN]
[GSE17721_CTRL_VS_POLYIC_24H_BMDC_DN,GSE17721_CTRL_VS_POLYIC_24H_BMDC_DN] was killed by [GSE17721_0.5H_VS_24H_POLYIC_BMDC_DN,GSE17721_0.5H_VS_24H_POLYIC_BMDC_DN]
[GSE24142_EARLY_THYMIC_PROGENITOR_VS_DN3_THYMOCYTE_UP,GSE24142_EARLY_THYMIC_PROGENITOR_VS_DN3_THYMOCYTE_UP] was killed by [GSE17812_WT_VS_THPOK_KO_MEMORY_CD8_TCELL_DN,GSE17812_WT_VS_THPOK_KO_MEMORY_CD8_TCELL_DN]
[GSE24726_WT_VS_E2_22_KO_PDC_DAY4_POST_DELETION_DN,GSE24726_WT_VS_E2_22_KO_PDC_DAY4_POST_DELETION_DN] was killed by [GSE12198_CTRL_VS_LOW_IL2_STIM_NK_CELL_DN,GSE12198_CTRL_VS_LOW_IL2_STIM_NK_CELL_DN]
[GSE36826_WT_VS_IL1R_KO_SKIN_DN,GSE36826_WT_VS_IL1R_KO_SKIN_DN] was killed by [GSE2770_TGFB_AND_IL4_ACT_VS_ACT_CD4_TCELL_48H_UP,GSE2770_TGFB_AND_IL4_ACT_VS_ACT_CD4_TCELL_48H_UP]
[GSE3565_CTRL_VS_LPS_INJECTED_DUSP1_KO_SPLENOCYTES_UP,GSE3565_CTRL_VS_LPS_INJECTED_DUSP1_KO_SPLENOCYTES_UP] was killed by [GSE29618_MONOCYTE_VS_PDC_DAY7_FLU_VACCINE_UP,GSE29618_MONOCYTE_VS_PDC_DAY7_FLU_VACCINE_UP]
[GSE14000_UNSTIM_VS_16H_LPS_DC_UP,GSE14000_UNSTIM_VS_16H_LPS_DC_UP] was killed by [GSE2585_AIRE_KO_VS_WT_CD80_HIGH_MTEC_UP,GSE2585_AIRE_KO_VS_WT_CD80_HIGH_MTEC_UP]
[GSE3982_EOSINOPHIL_VS_DC_UP,GSE3982_EOSINOPHIL_VS_DC_UP] was killed by [GSE17812_WT_VS_THPOK_KO_MEMORY_CD8_TCELL_DN,GSE17812_WT_VS_THPOK_KO_MEMORY_CD8_TCELL_DN]
[GSE6674_ANTI_IGM_VS_ANTI_IGM_AND_CPG_STIM_BCELL_DN,GSE6674_ANTI_IGM_VS_ANTI_IGM_AND_CPG_STIM_BCELL_DN] was killed by [GSE5589_WT_VS_IL10_KO_LPS_STIM_MACROPHAGE_180MIN_UP,GSE5589_WT_VS_IL10_KO_LPS_STIM_MACROPHAGE_180MIN_UP]
[GSE24634_TREG_VS_TCONV_POST_DAY3_IL4_CONVERSION_DN,GSE24634_TREG_VS_TCONV_POST_DAY3_IL4_CONVERSION_DN] was killed by [GSE29618_MONOCYTE_VS_PDC_DAY7_FLU_VACCINE_UP,GSE29618_MONOCYTE_VS_PDC_DAY7_FLU_VACCINE_UP]
[GSE9006_1MONTH_VS_4MONTH_POST_TYPE_1_DIABETES_DX_PBMC_UP,GSE9006_1MONTH_VS_4MONTH_POST_TYPE_1_DIABETES_DX_PBMC_UP] was killed by [GSE29618_MONOCYTE_VS_PDC_DAY7_FLU_VACCINE_UP,GSE29618_MONOCYTE_VS_PDC_DAY7_FLU_VACCINE_UP]
[GSE7548_NAIVE_VS_DAY7_PCC_IMMUNIZATION_CD4_TCELL_DN,GSE7548_NAIVE_VS_DAY7_PCC_IMMUNIZATION_CD4_TCELL_DN] was killed by [GSE36527_CD69_NEG_VS_POS_TREG_CD62L_LOS_KLRG1_NEG_UP,GSE36527_CD69_NEG_VS_POS_TREG_CD62L_LOS_KLRG1_NEG_UP]
[GSE22886_UNSTIM_VS_IL15_STIM_NKCELL_UP,GSE22886_UNSTIM_VS_IL15_STIM_NKCELL_UP] was killed by [GSE26495_PD1HIGH_VS_PD1LOW_CD8_TCELL_UP,GSE26495_PD1HIGH_VS_PD1LOW_CD8_TCELL_UP]
[GSE17721_LPS_VS_POLYIC_24H_BMDC_UP,GSE17721_LPS_VS_POLYIC_24H_BMDC_UP] was killed by [GSE20715_WT_VS_TLR4_KO_24H_OZONE_LUNG_UP,GSE20715_WT_VS_TLR4_KO_24H_OZONE_LUNG_UP]
[GSE3982_DC_VS_TH2_DN,GSE3982_DC_VS_TH2_DN] was killed by [GSE3982_MAC_VS_TH2_DN,GSE3982_MAC_VS_TH2_DN]
