[GOCC_IMMUNOGLOBULIN_COMPLEX_CIRCULATING,GOCC_IMMUNOGLOBULIN_COMPLEX_CIRCULATING] was killed by [GOCC_IMMUNOGLOBULIN_COMPLEX,GOCC_IMMUNOGLOBULIN_COMPLEX]
[GOCC_CYTOSOLIC_RIBOSOME,GOCC_CYTOSOLIC_RIBOSOME] was killed by [GOCC_RIBOSOMAL_SUBUNIT,GOCC_RIBOSOMAL_SUBUNIT]
[GOCC_LARGE_RIBOSOMAL_SUBUNIT,GOCC_LARGE_RIBOSOMAL_SUBUNIT] was killed by [GOCC_RIBOSOMAL_SUBUNIT,GOCC_RIBOSOMAL_SUBUNIT]
[GOCC_CYTOSOLIC_LARGE_RIBOSOMAL_SUBUNIT,GOCC_CYTOSOLIC_LARGE_RIBOSOMAL_SUBUNIT] was killed by [GOCC_RIBOSOMAL_SUBUNIT,GOCC_RIBOSOMAL_SUBUNIT]
[GOCC_PEPTIDASE_COMPLEX,GOCC_PEPTIDASE_COMPLEX] was killed by [GOCC_ENDOPEPTIDASE_COMPLEX,GOCC_ENDOPEPTIDASE_COMPLEX]
[GOCC_BLOOD_MICROPARTICLE,GOCC_BLOOD_MICROPARTICLE] was killed by [GOCC_IMMUNOGLOBULIN_COMPLEX,GOCC_IMMUNOGLOBULIN_COMPLEX]
[GOCC_U2_TYPE_SPLICEOSOMAL_COMPLEX,GOCC_U2_TYPE_SPLICEOSOMAL_COMPLEX] was killed by [GOCC_SPLICEOSOMAL_COMPLEX,GOCC_SPLICEOSOMAL_COMPLEX]
[GOCC_ORGANELLAR_RIBOSOME,GOCC_ORGANELLAR_RIBOSOME] was killed by [GOCC_RIBOSOMAL_SUBUNIT,GOCC_RIBOSOMAL_SUBUNIT]
[GOCC_CATALYTIC_STEP_2_SPLICEOSOME,GOCC_CATALYTIC_STEP_2_SPLICEOSOME] was killed by [GOCC_SPLICEOSOMAL_COMPLEX,GOCC_SPLICEOSOMAL_COMPLEX]
[GOCC_SPINDLE_POLE,GOCC_SPINDLE_POLE] was killed by [GOCC_CHROMOSOME_CENTROMERIC_REGION,GOCC_CHROMOSOME_CENTROMERIC_REGION]
[GOCC_FICOLIN_1_RICH_GRANULE_LUMEN,GOCC_FICOLIN_1_RICH_GRANULE_LUMEN] was killed by [GOCC_ENDOPEPTIDASE_COMPLEX,GOCC_ENDOPEPTIDASE_COMPLEX]
[GOCC_FICOLIN_1_RICH_GRANULE,GOCC_FICOLIN_1_RICH_GRANULE] was killed by [GOCC_ENDOPEPTIDASE_COMPLEX,GOCC_ENDOPEPTIDASE_COMPLEX]
[GOCC_KINETOCHORE,GOCC_KINETOCHORE] was killed by [GOCC_CHROMOSOME_CENTROMERIC_REGION,GOCC_CHROMOSOME_CENTROMERIC_REGION]
[GOCC_POLYSOMAL_RIBOSOME,GOCC_POLYSOMAL_RIBOSOME] was killed by [GOCC_RIBOSOMAL_SUBUNIT,GOCC_RIBOSOMAL_SUBUNIT]
[GOCC_SMALL_RIBOSOMAL_SUBUNIT,GOCC_SMALL_RIBOSOMAL_SUBUNIT] was killed by [GOCC_RIBOSOMAL_SUBUNIT,GOCC_RIBOSOMAL_SUBUNIT]
[GOCC_MITOCHONDRIAL_LARGE_RIBOSOMAL_SUBUNIT,GOCC_MITOCHONDRIAL_LARGE_RIBOSOMAL_SUBUNIT] was killed by [GOCC_RIBOSOMAL_SUBUNIT,GOCC_RIBOSOMAL_SUBUNIT]
[GOCC_CYTOSOLIC_SMALL_RIBOSOMAL_SUBUNIT,GOCC_CYTOSOLIC_SMALL_RIBOSOMAL_SUBUNIT] was killed by [GOCC_RIBOSOMAL_SUBUNIT,GOCC_RIBOSOMAL_SUBUNIT]
[GOCC_CONDENSED_CHROMOSOME_CENTROMERIC_REGION,GOCC_CONDENSED_CHROMOSOME_CENTROMERIC_REGION] was killed by [GOCC_CHROMOSOME_CENTROMERIC_REGION,GOCC_CHROMOSOME_CENTROMERIC_REGION]
[GOCC_PRECATALYTIC_SPLICEOSOME,GOCC_PRECATALYTIC_SPLICEOSOME] was killed by [GOCC_SPLICEOSOMAL_COMPLEX,GOCC_SPLICEOSOMAL_COMPLEX]
[GOCC_CHROMOSOME_TELOMERIC_REGION,GOCC_CHROMOSOME_TELOMERIC_REGION] was killed by [GOCC_CHROMOSOME_CENTROMERIC_REGION,GOCC_CHROMOSOME_CENTROMERIC_REGION]
[GOCC_POLYSOME,GOCC_POLYSOME] was killed by [GOCC_RIBOSOMAL_SUBUNIT,GOCC_RIBOSOMAL_SUBUNIT]
[GOCC_SITE_OF_DNA_DAMAGE,GOCC_SITE_OF_DNA_DAMAGE] was killed by [GOCC_CHROMOSOME_CENTROMERIC_REGION,GOCC_CHROMOSOME_CENTROMERIC_REGION]
[GOCC_RESPIRASOME,GOCC_RESPIRASOME] was killed by [GOCC_INNER_MITOCHONDRIAL_MEMBRANE_PROTEIN_COMPLEX,GOCC_INNER_MITOCHONDRIAL_MEMBRANE_PROTEIN_COMPLEX]
[GOCC_PROTEASOME_ACCESSORY_COMPLEX,GOCC_PROTEASOME_ACCESSORY_COMPLEX] was killed by [GOCC_ENDOPEPTIDASE_COMPLEX,GOCC_ENDOPEPTIDASE_COMPLEX]
[GOCC_MIDBODY,GOCC_MIDBODY] was killed by [GOCC_CHROMOSOME_CENTROMERIC_REGION,GOCC_CHROMOSOME_CENTROMERIC_REGION]
[GOCC_ORGANELLE_ENVELOPE_LUMEN,GOCC_ORGANELLE_ENVELOPE_LUMEN] was killed by [GOCC_INNER_MITOCHONDRIAL_MEMBRANE_PROTEIN_COMPLEX,GOCC_INNER_MITOCHONDRIAL_MEMBRANE_PROTEIN_COMPLEX]
[GOCC_MITOTIC_SPINDLE,GOCC_MITOTIC_SPINDLE] was killed by [GOCC_CHROMOSOME_CENTROMERIC_REGION,GOCC_CHROMOSOME_CENTROMERIC_REGION]
[GOCC_FIBRILLAR_CENTER,GOCC_FIBRILLAR_CENTER] was killed by [GOCC_PRERIBOSOME,GOCC_PRERIBOSOME]
[GOCC_NUCLEAR_PERIPHERY,GOCC_NUCLEAR_PERIPHERY] was killed by [GOCC_SPLICEOSOMAL_COMPLEX,GOCC_SPLICEOSOMAL_COMPLEX]
[GOCC_METHYLTRANSFERASE_COMPLEX,GOCC_METHYLTRANSFERASE_COMPLEX] was killed by [GOCC_SPLICEOSOMAL_COMPLEX,GOCC_SPLICEOSOMAL_COMPLEX]
[GOCC_REPLICATION_FORK,GOCC_REPLICATION_FORK] was killed by [GOCC_PML_BODY,GOCC_PML_BODY]
[GOCC_MAIN_AXON,GOCC_MAIN_AXON] was killed by [GOCC_POTASSIUM_CHANNEL_COMPLEX,GOCC_POTASSIUM_CHANNEL_COMPLEX]
[GOCC_OXIDOREDUCTASE_COMPLEX,GOCC_OXIDOREDUCTASE_COMPLEX] was killed by [GOCC_INNER_MITOCHONDRIAL_MEMBRANE_PROTEIN_COMPLEX,GOCC_INNER_MITOCHONDRIAL_MEMBRANE_PROTEIN_COMPLEX]
[GOCC_RESPIRATORY_CHAIN_COMPLEX,GOCC_RESPIRATORY_CHAIN_COMPLEX] was killed by [GOCC_INNER_MITOCHONDRIAL_MEMBRANE_PROTEIN_COMPLEX,GOCC_INNER_MITOCHONDRIAL_MEMBRANE_PROTEIN_COMPLEX]
[GOCC_SPECIFIC_GRANULE,GOCC_SPECIFIC_GRANULE] was killed by [GOCC_PHAGOCYTIC_VESICLE,GOCC_PHAGOCYTIC_VESICLE]
[GOCC_U2_TYPE_CATALYTIC_STEP_2_SPLICEOSOME,GOCC_U2_TYPE_CATALYTIC_STEP_2_SPLICEOSOME] was killed by [GOCC_SPLICEOSOMAL_COMPLEX,GOCC_SPLICEOSOMAL_COMPLEX]
[GOCC_HETEROCHROMATIN,GOCC_HETEROCHROMATIN] was killed by [GOCC_CHROMOSOME_CENTROMERIC_REGION,GOCC_CHROMOSOME_CENTROMERIC_REGION]
[GOCC_RECYCLING_ENDOSOME,GOCC_RECYCLING_ENDOSOME] was killed by [GOCC_PHAGOCYTIC_VESICLE,GOCC_PHAGOCYTIC_VESICLE]
[GOCC_U2_SNRNP,GOCC_U2_SNRNP] was killed by [GOCC_SPLICEOSOMAL_COMPLEX,GOCC_SPLICEOSOMAL_COMPLEX]
[GOCC_PHAGOCYTIC_VESICLE_MEMBRANE,GOCC_PHAGOCYTIC_VESICLE_MEMBRANE] was killed by [GOCC_PHAGOCYTIC_VESICLE,GOCC_PHAGOCYTIC_VESICLE]
[GOCC_MICROBODY_LUMEN,GOCC_MICROBODY_LUMEN] was killed by [GOCC_MICROBODY,GOCC_MICROBODY]
[GOCC_SWI_SNF_SUPERFAMILY_TYPE_COMPLEX,GOCC_SWI_SNF_SUPERFAMILY_TYPE_COMPLEX] was killed by [GOCC_PROTEIN_ACETYLTRANSFERASE_COMPLEX,GOCC_PROTEIN_ACETYLTRANSFERASE_COMPLEX]
[GOCC_INTRINSIC_COMPONENT_OF_SYNAPTIC_MEMBRANE,GOCC_INTRINSIC_COMPONENT_OF_SYNAPTIC_MEMBRANE] was killed by [GOCC_ANCHORED_COMPONENT_OF_MEMBRANE,GOCC_ANCHORED_COMPONENT_OF_MEMBRANE]
[GOCC_ANCHORED_COMPONENT_OF_PLASMA_MEMBRANE,GOCC_ANCHORED_COMPONENT_OF_PLASMA_MEMBRANE] was killed by [GOCC_ANCHORED_COMPONENT_OF_MEMBRANE,GOCC_ANCHORED_COMPONENT_OF_MEMBRANE]
[GOCC_MOTILE_CILIUM,GOCC_MOTILE_CILIUM] was killed by [GOCC_PHOTORECEPTOR_OUTER_SEGMENT,GOCC_PHOTORECEPTOR_OUTER_SEGMENT]
[GOCC_PRESYNAPTIC_MEMBRANE,GOCC_PRESYNAPTIC_MEMBRANE] was killed by [GOCC_ANCHORED_COMPONENT_OF_MEMBRANE,GOCC_ANCHORED_COMPONENT_OF_MEMBRANE]
[GOCC_NADH_DEHYDROGENASE_COMPLEX,GOCC_NADH_DEHYDROGENASE_COMPLEX] was killed by [GOCC_INNER_MITOCHONDRIAL_MEMBRANE_PROTEIN_COMPLEX,GOCC_INNER_MITOCHONDRIAL_MEMBRANE_PROTEIN_COMPLEX]
[GOCC_PIGMENT_GRANULE,GOCC_PIGMENT_GRANULE] was killed by [GOCC_PHAGOCYTIC_VESICLE,GOCC_PHAGOCYTIC_VESICLE]
[GOCC_RUFFLE,GOCC_RUFFLE] was killed by [GOCC_PHAGOCYTIC_VESICLE,GOCC_PHAGOCYTIC_VESICLE]
[GOCC_MITOTIC_SPINDLE_POLE,GOCC_MITOTIC_SPINDLE_POLE] was killed by [GOCC_CHROMOSOME_CENTROMERIC_REGION,GOCC_CHROMOSOME_CENTROMERIC_REGION]
[GOCC_AZUROPHIL_GRANULE,GOCC_AZUROPHIL_GRANULE] was killed by [GOCC_PHAGOCYTIC_VESICLE,GOCC_PHAGOCYTIC_VESICLE]
[GOCC_SMALL_SUBUNIT_PROCESSOME,GOCC_SMALL_SUBUNIT_PROCESSOME] was killed by [GOCC_PRERIBOSOME,GOCC_PRERIBOSOME]
[GOCC_INTRINSIC_COMPONENT_OF_PRESYNAPTIC_MEMBRANE,GOCC_INTRINSIC_COMPONENT_OF_PRESYNAPTIC_MEMBRANE] was killed by [GOCC_ANCHORED_COMPONENT_OF_MEMBRANE,GOCC_ANCHORED_COMPONENT_OF_MEMBRANE]
[GOCC_H4_HISTONE_ACETYLTRANSFERASE_COMPLEX,GOCC_H4_HISTONE_ACETYLTRANSFERASE_COMPLEX] was killed by [GOCC_CHROMOSOME_CENTROMERIC_REGION,GOCC_CHROMOSOME_CENTROMERIC_REGION]
[GOCC_ADHERENS_JUNCTION,GOCC_ADHERENS_JUNCTION] was killed by [GOCC_CORNIFIED_ENVELOPE,GOCC_CORNIFIED_ENVELOPE]
[GOCC_90S_PRERIBOSOME,GOCC_90S_PRERIBOSOME] was killed by [GOCC_PRERIBOSOME,GOCC_PRERIBOSOME]
[GOCC_ROUGH_ENDOPLASMIC_RETICULUM_MEMBRANE,GOCC_ROUGH_ENDOPLASMIC_RETICULUM_MEMBRANE] was killed by [GOCC_RIBOSOMAL_SUBUNIT,GOCC_RIBOSOMAL_SUBUNIT]
[GOCC_LEADING_EDGE_MEMBRANE,GOCC_LEADING_EDGE_MEMBRANE] was killed by [GOCC_POTASSIUM_CHANNEL_COMPLEX,GOCC_POTASSIUM_CHANNEL_COMPLEX]
[GOCC_SM_LIKE_PROTEIN_FAMILY_COMPLEX,GOCC_SM_LIKE_PROTEIN_FAMILY_COMPLEX] was killed by [GOCC_SPLICEOSOMAL_COMPLEX,GOCC_SPLICEOSOMAL_COMPLEX]
[GOCC_PROTON_TRANSPORTING_TWO_SECTOR_ATPASE_COMPLEX,GOCC_PROTON_TRANSPORTING_TWO_SECTOR_ATPASE_COMPLEX] was killed by [GOCC_INNER_MITOCHONDRIAL_MEMBRANE_PROTEIN_COMPLEX,GOCC_INNER_MITOCHONDRIAL_MEMBRANE_PROTEIN_COMPLEX]
[GOCC_INTRINSIC_COMPONENT_OF_MITOCHONDRIAL_MEMBRANE,GOCC_INTRINSIC_COMPONENT_OF_MITOCHONDRIAL_MEMBRANE] was killed by [GOCC_INNER_MITOCHONDRIAL_MEMBRANE_PROTEIN_COMPLEX,GOCC_INNER_MITOCHONDRIAL_MEMBRANE_PROTEIN_COMPLEX]
[GOCC_9PLUS2_MOTILE_CILIUM,GOCC_9PLUS2_MOTILE_CILIUM] was killed by [GOCC_CENTRIOLE,GOCC_CENTRIOLE]
[GOCC_INTRINSIC_COMPONENT_OF_ENDOPLASMIC_RETICULUM_MEMBRANE,GOCC_INTRINSIC_COMPONENT_OF_ENDOPLASMIC_RETICULUM_MEMBRANE] was killed by [GOCC_ENDOPEPTIDASE_COMPLEX,GOCC_ENDOPEPTIDASE_COMPLEX]
[GOCC_U12_TYPE_SPLICEOSOMAL_COMPLEX,GOCC_U12_TYPE_SPLICEOSOMAL_COMPLEX] was killed by [GOCC_SPLICEOSOMAL_COMPLEX,GOCC_SPLICEOSOMAL_COMPLEX]
[GOCC_SITE_OF_DOUBLE_STRAND_BREAK,GOCC_SITE_OF_DOUBLE_STRAND_BREAK] was killed by [GOCC_CHROMOSOME_CENTROMERIC_REGION,GOCC_CHROMOSOME_CENTROMERIC_REGION]
[GOCC_HISTONE_DEACETYLASE_COMPLEX,GOCC_HISTONE_DEACETYLASE_COMPLEX] was killed by [GOCC_PROTEIN_ACETYLTRANSFERASE_COMPLEX,GOCC_PROTEIN_ACETYLTRANSFERASE_COMPLEX]
[GOCC_AXOLEMMA,GOCC_AXOLEMMA] was killed by [GOCC_POTASSIUM_CHANNEL_COMPLEX,GOCC_POTASSIUM_CHANNEL_COMPLEX]
[GOCC_PROTEASOME_REGULATORY_PARTICLE_BASE_SUBCOMPLEX,GOCC_PROTEASOME_REGULATORY_PARTICLE_BASE_SUBCOMPLEX] was killed by [GOCC_ENDOPEPTIDASE_COMPLEX,GOCC_ENDOPEPTIDASE_COMPLEX]
[GOCC_CYTOPLASMIC_UBIQUITIN_LIGASE_COMPLEX,GOCC_CYTOPLASMIC_UBIQUITIN_LIGASE_COMPLEX] was killed by [GOCC_CULLIN_RING_UBIQUITIN_LIGASE_COMPLEX,GOCC_CULLIN_RING_UBIQUITIN_LIGASE_COMPLEX]
[GOCC_CILIARY_PLASM,GOCC_CILIARY_PLASM] was killed by [GOCC_PHOTORECEPTOR_OUTER_SEGMENT,GOCC_PHOTORECEPTOR_OUTER_SEGMENT]
[GOCC_SPINDLE_MICROTUBULE,GOCC_SPINDLE_MICROTUBULE] was killed by [GOCC_CHROMOSOME_CENTROMERIC_REGION,GOCC_CHROMOSOME_CENTROMERIC_REGION]
[GOCC_INTRINSIC_COMPONENT_OF_MITOCHONDRIAL_INNER_MEMBRANE,GOCC_INTRINSIC_COMPONENT_OF_MITOCHONDRIAL_INNER_MEMBRANE] was killed by [GOCC_INNER_MITOCHONDRIAL_MEMBRANE_PROTEIN_COMPLEX,GOCC_INNER_MITOCHONDRIAL_MEMBRANE_PROTEIN_COMPLEX]
[GOCC_INTRINSIC_COMPONENT_OF_POSTSYNAPTIC_MEMBRANE,GOCC_INTRINSIC_COMPONENT_OF_POSTSYNAPTIC_MEMBRANE] was killed by [GOCC_POTASSIUM_CHANNEL_COMPLEX,GOCC_POTASSIUM_CHANNEL_COMPLEX]
[GOCC_AXON_CYTOPLASM,GOCC_AXON_CYTOPLASM] was killed by [GOCC_CHROMOSOME_CENTROMERIC_REGION,GOCC_CHROMOSOME_CENTROMERIC_REGION]
[GOCC_GOLGI_LUMEN,GOCC_GOLGI_LUMEN] was killed by [GOCC_ANCHORED_COMPONENT_OF_MEMBRANE,GOCC_ANCHORED_COMPONENT_OF_MEMBRANE]
[GOCC_MEDIATOR_COMPLEX,GOCC_MEDIATOR_COMPLEX] was killed by [GOCC_CYCLIN_DEPENDENT_PROTEIN_KINASE_HOLOENZYME_COMPLEX,GOCC_CYCLIN_DEPENDENT_PROTEIN_KINASE_HOLOENZYME_COMPLEX]
[GOCC_EXTRINSIC_COMPONENT_OF_PLASMA_MEMBRANE,GOCC_EXTRINSIC_COMPONENT_OF_PLASMA_MEMBRANE] was killed by [GOCC_POTASSIUM_CHANNEL_COMPLEX,GOCC_POTASSIUM_CHANNEL_COMPLEX]
[GOCC_NUCLEAR_REPLICATION_FORK,GOCC_NUCLEAR_REPLICATION_FORK] was killed by [GOCC_SPLICEOSOMAL_COMPLEX,GOCC_SPLICEOSOMAL_COMPLEX]
[GOCC_PROTON_TRANSPORTING_ATP_SYNTHASE_COMPLEX,GOCC_PROTON_TRANSPORTING_ATP_SYNTHASE_COMPLEX] was killed by [GOCC_INNER_MITOCHONDRIAL_MEMBRANE_PROTEIN_COMPLEX,GOCC_INNER_MITOCHONDRIAL_MEMBRANE_PROTEIN_COMPLEX]
[GOCC_ACTIN_FILAMENT,GOCC_ACTIN_FILAMENT] was killed by [GOCC_I_BAND,GOCC_I_BAND]
[GOCC_DNA_REPLICATION_FACTOR_A_COMPLEX,GOCC_DNA_REPLICATION_FACTOR_A_COMPLEX] was killed by [GOCC_SPLICEOSOMAL_COMPLEX,GOCC_SPLICEOSOMAL_COMPLEX]
[GOCC_LAMELLIPODIUM,GOCC_LAMELLIPODIUM] was killed by [GOCC_PHAGOCYTIC_VESICLE,GOCC_PHAGOCYTIC_VESICLE]
[GOCC_SITE_OF_POLARIZED_GROWTH,GOCC_SITE_OF_POLARIZED_GROWTH] was killed by [GOCC_EXCITATORY_SYNAPSE,GOCC_EXCITATORY_SYNAPSE]
[GOCC_HEMOGLOBIN_COMPLEX,GOCC_HEMOGLOBIN_COMPLEX] was killed by [GOCC_RIBOSOMAL_SUBUNIT,GOCC_RIBOSOMAL_SUBUNIT]
[GOCC_9PLUS0_NON_MOTILE_CILIUM,GOCC_9PLUS0_NON_MOTILE_CILIUM] was killed by [GOCC_PHOTORECEPTOR_OUTER_SEGMENT,GOCC_PHOTORECEPTOR_OUTER_SEGMENT]
[GOCC_CUL2_RING_UBIQUITIN_LIGASE_COMPLEX,GOCC_CUL2_RING_UBIQUITIN_LIGASE_COMPLEX] was killed by [GOCC_CULLIN_RING_UBIQUITIN_LIGASE_COMPLEX,GOCC_CULLIN_RING_UBIQUITIN_LIGASE_COMPLEX]
[GOCC_U4_SNRNP,GOCC_U4_SNRNP] was killed by [GOCC_SPLICEOSOMAL_COMPLEX,GOCC_SPLICEOSOMAL_COMPLEX]
[GOCC_CONDENSED_NUCLEAR_CHROMOSOME_KINETOCHORE,GOCC_CONDENSED_NUCLEAR_CHROMOSOME_KINETOCHORE] was killed by [GOCC_CHROMOSOME_CENTROMERIC_REGION,GOCC_CHROMOSOME_CENTROMERIC_REGION]
[GOCC_PRESPLICEOSOME,GOCC_PRESPLICEOSOME] was killed by [GOCC_SPLICEOSOMAL_COMPLEX,GOCC_SPLICEOSOMAL_COMPLEX]
[GOCC_ENDOPLASMIC_RETICULUM_PROTEIN_CONTAINING_COMPLEX,GOCC_ENDOPLASMIC_RETICULUM_PROTEIN_CONTAINING_COMPLEX] was killed by [GOCC_ENDOPEPTIDASE_COMPLEX,GOCC_ENDOPEPTIDASE_COMPLEX]
[GOCC_SEX_CHROMOSOME,GOCC_SEX_CHROMOSOME] was killed by [GOCC_CHROMOSOME_CENTROMERIC_REGION,GOCC_CHROMOSOME_CENTROMERIC_REGION]
[GOCC_NUCLEAR_CYCLIN_DEPENDENT_PROTEIN_KINASE_HOLOENZYME_COMPLEX,GOCC_NUCLEAR_CYCLIN_DEPENDENT_PROTEIN_KINASE_HOLOENZYME_COMPLEX] was killed by [GOCC_PML_BODY,GOCC_PML_BODY]
[GOCC_NEURON_PROJECTION_MEMBRANE,GOCC_NEURON_PROJECTION_MEMBRANE] was killed by [GOCC_POTASSIUM_CHANNEL_COMPLEX,GOCC_POTASSIUM_CHANNEL_COMPLEX]
[GOCC_NUCLEAR_PORE,GOCC_NUCLEAR_PORE] was killed by [GOCC_CHROMOSOME_CENTROMERIC_REGION,GOCC_CHROMOSOME_CENTROMERIC_REGION]
[GOCC_VOLTAGE_GATED_CALCIUM_CHANNEL_COMPLEX,GOCC_VOLTAGE_GATED_CALCIUM_CHANNEL_COMPLEX] was killed by [GOCC_I_BAND,GOCC_I_BAND]
[GOCC_PRERIBOSOME_LARGE_SUBUNIT_PRECURSOR,GOCC_PRERIBOSOME_LARGE_SUBUNIT_PRECURSOR] was killed by [GOCC_PRERIBOSOME,GOCC_PRERIBOSOME]
[GOCC_CONDENSED_NUCLEAR_CHROMOSOME,GOCC_CONDENSED_NUCLEAR_CHROMOSOME] was killed by [GOCC_CHROMOSOME_CENTROMERIC_REGION,GOCC_CHROMOSOME_CENTROMERIC_REGION]
[GOCC_CILIARY_MEMBRANE,GOCC_CILIARY_MEMBRANE] was killed by [GOCC_PHOTORECEPTOR_OUTER_SEGMENT,GOCC_PHOTORECEPTOR_OUTER_SEGMENT]
[GOCC_LATE_ENDOSOME_MEMBRANE,GOCC_LATE_ENDOSOME_MEMBRANE] was killed by [GOCC_PHAGOCYTIC_VESICLE,GOCC_PHAGOCYTIC_VESICLE]
[GOCC_ACTOMYOSIN,GOCC_ACTOMYOSIN] was killed by [GOCC_I_BAND,GOCC_I_BAND]
[GOCC_CYTOPLASMIC_SIDE_OF_MEMBRANE,GOCC_CYTOPLASMIC_SIDE_OF_MEMBRANE] was killed by [GOCC_SPLICEOSOMAL_COMPLEX,GOCC_SPLICEOSOMAL_COMPLEX]
[GOCC_HAPTOGLOBIN_HEMOGLOBIN_COMPLEX,GOCC_HAPTOGLOBIN_HEMOGLOBIN_COMPLEX] was killed by [GOCC_RIBOSOMAL_SUBUNIT,GOCC_RIBOSOMAL_SUBUNIT]
[GOCC_SMALL_NUCLEAR_RIBONUCLEOPROTEIN_COMPLEX,GOCC_SMALL_NUCLEAR_RIBONUCLEOPROTEIN_COMPLEX] was killed by [GOCC_SPLICEOSOMAL_COMPLEX,GOCC_SPLICEOSOMAL_COMPLEX]
[GOCC_CYTOPLASMIC_DYNEIN_COMPLEX,GOCC_CYTOPLASMIC_DYNEIN_COMPLEX] was killed by [GOCC_CHROMOSOME_CENTROMERIC_REGION,GOCC_CHROMOSOME_CENTROMERIC_REGION]
[GOCC_AXONEMAL_MICROTUBULE,GOCC_AXONEMAL_MICROTUBULE] was killed by [GOCC_CENTRIOLE,GOCC_CENTRIOLE]
[GOCC_CILIARY_TRANSITION_ZONE,GOCC_CILIARY_TRANSITION_ZONE] was killed by [GOCC_PHOTORECEPTOR_OUTER_SEGMENT,GOCC_PHOTORECEPTOR_OUTER_SEGMENT]
[GOCC_PRESYNAPTIC_ACTIVE_ZONE_MEMBRANE,GOCC_PRESYNAPTIC_ACTIVE_ZONE_MEMBRANE] was killed by [GOCC_ANCHORED_COMPONENT_OF_MEMBRANE,GOCC_ANCHORED_COMPONENT_OF_MEMBRANE]
[GOCC_RECYCLING_ENDOSOME_MEMBRANE,GOCC_RECYCLING_ENDOSOME_MEMBRANE] was killed by [GOCC_ANCHORED_COMPONENT_OF_MEMBRANE,GOCC_ANCHORED_COMPONENT_OF_MEMBRANE]
[GOCC_SPLICEOSOMAL_TRI_SNRNP_COMPLEX,GOCC_SPLICEOSOMAL_TRI_SNRNP_COMPLEX] was killed by [GOCC_SPLICEOSOMAL_COMPLEX,GOCC_SPLICEOSOMAL_COMPLEX]
[GOCC_ANAPHASE_PROMOTING_COMPLEX,GOCC_ANAPHASE_PROMOTING_COMPLEX] was killed by [GOCC_CULLIN_RING_UBIQUITIN_LIGASE_COMPLEX,GOCC_CULLIN_RING_UBIQUITIN_LIGASE_COMPLEX]
[GOCC_ATPASE_COMPLEX,GOCC_ATPASE_COMPLEX] was killed by [GOCC_PROTEIN_ACETYLTRANSFERASE_COMPLEX,GOCC_PROTEIN_ACETYLTRANSFERASE_COMPLEX]
[GOCC_NUCLEAR_UBIQUITIN_LIGASE_COMPLEX,GOCC_NUCLEAR_UBIQUITIN_LIGASE_COMPLEX] was killed by [GOCC_CULLIN_RING_UBIQUITIN_LIGASE_COMPLEX,GOCC_CULLIN_RING_UBIQUITIN_LIGASE_COMPLEX]
[GOCC_GATOR2_COMPLEX,GOCC_GATOR2_COMPLEX] was killed by [GOCC_CHROMOSOME_CENTROMERIC_REGION,GOCC_CHROMOSOME_CENTROMERIC_REGION]
[GOCC_CATION_TRANSPORTING_ATPASE_COMPLEX,GOCC_CATION_TRANSPORTING_ATPASE_COMPLEX] was killed by [GOCC_POTASSIUM_CHANNEL_COMPLEX,GOCC_POTASSIUM_CHANNEL_COMPLEX]
[GOCC_EXORIBONUCLEASE_COMPLEX,GOCC_EXORIBONUCLEASE_COMPLEX] was killed by [GOCC_PRERIBOSOME,GOCC_PRERIBOSOME]
[GOCC_APICAL_JUNCTION_COMPLEX,GOCC_APICAL_JUNCTION_COMPLEX] was killed by [GOCC_CATENIN_COMPLEX,GOCC_CATENIN_COMPLEX]
[GOCC_DENSE_CORE_GRANULE,GOCC_DENSE_CORE_GRANULE] was killed by [GOCC_EXCITATORY_SYNAPSE,GOCC_EXCITATORY_SYNAPSE]
[GOCC_ENDOCYTIC_VESICLE_LUMEN,GOCC_ENDOCYTIC_VESICLE_LUMEN] was killed by [GOCC_PHAGOCYTIC_VESICLE,GOCC_PHAGOCYTIC_VESICLE]
[GOCC_MITOCHONDRIAL_SMALL_RIBOSOMAL_SUBUNIT,GOCC_MITOCHONDRIAL_SMALL_RIBOSOMAL_SUBUNIT] was killed by [GOCC_RIBOSOMAL_SUBUNIT,GOCC_RIBOSOMAL_SUBUNIT]
[GOCC_ER_UBIQUITIN_LIGASE_COMPLEX,GOCC_ER_UBIQUITIN_LIGASE_COMPLEX] was killed by [GOCC_HRD1P_UBIQUITIN_LIGASE_ERAD_L_COMPLEX,GOCC_HRD1P_UBIQUITIN_LIGASE_ERAD_L_COMPLEX]
[GOCC_NEURON_PROJECTION_TERMINUS,GOCC_NEURON_PROJECTION_TERMINUS] was killed by [GOCC_POTASSIUM_CHANNEL_COMPLEX,GOCC_POTASSIUM_CHANNEL_COMPLEX]
[GOCC_MLL1_2_COMPLEX,GOCC_MLL1_2_COMPLEX] was killed by [GOCC_PROTEIN_ACETYLTRANSFERASE_COMPLEX,GOCC_PROTEIN_ACETYLTRANSFERASE_COMPLEX]
[GOCC_POSTSYNAPTIC_SPECIALIZATION_MEMBRANE,GOCC_POSTSYNAPTIC_SPECIALIZATION_MEMBRANE] was killed by [GOCC_POTASSIUM_CHANNEL_COMPLEX,GOCC_POTASSIUM_CHANNEL_COMPLEX]
[GOCC_RNA_POLYMERASE_II_TRANSCRIPTION_REGULATOR_COMPLEX,GOCC_RNA_POLYMERASE_II_TRANSCRIPTION_REGULATOR_COMPLEX] was killed by [GOCC_RIBOSOMAL_SUBUNIT,GOCC_RIBOSOMAL_SUBUNIT]
[GOCC_AUTOPHAGOSOME,GOCC_AUTOPHAGOSOME] was killed by [GOCC_PML_BODY,GOCC_PML_BODY]
[GOCC_SPINDLE_MIDZONE,GOCC_SPINDLE_MIDZONE] was killed by [GOCC_CHROMOSOME_CENTROMERIC_REGION,GOCC_CHROMOSOME_CENTROMERIC_REGION]
[GOCC_CALCIUM_CHANNEL_COMPLEX,GOCC_CALCIUM_CHANNEL_COMPLEX] was killed by [GOCC_INNER_MITOCHONDRIAL_MEMBRANE_PROTEIN_COMPLEX,GOCC_INNER_MITOCHONDRIAL_MEMBRANE_PROTEIN_COMPLEX]
[GOCC_GAMMA_TUBULIN_COMPLEX,GOCC_GAMMA_TUBULIN_COMPLEX] was killed by [GOCC_CENTRIOLE,GOCC_CENTRIOLE]
[GOCC_TRANSCRIPTION_FACTOR_TFTC_COMPLEX,GOCC_TRANSCRIPTION_FACTOR_TFTC_COMPLEX] was killed by [GOCC_PROTEIN_ACETYLTRANSFERASE_COMPLEX,GOCC_PROTEIN_ACETYLTRANSFERASE_COMPLEX]
[GOCC_PERIKARYON,GOCC_PERIKARYON] was killed by [GOCC_POTASSIUM_CHANNEL_COMPLEX,GOCC_POTASSIUM_CHANNEL_COMPLEX]
[GOCC_PHOTORECEPTOR_DISC_MEMBRANE,GOCC_PHOTORECEPTOR_DISC_MEMBRANE] was killed by [GOCC_PHOTORECEPTOR_OUTER_SEGMENT,GOCC_PHOTORECEPTOR_OUTER_SEGMENT]
[GOCC_AXON_INITIAL_SEGMENT,GOCC_AXON_INITIAL_SEGMENT] was killed by [GOCC_POTASSIUM_CHANNEL_COMPLEX,GOCC_POTASSIUM_CHANNEL_COMPLEX]
[GOCC_PROTEIN_KINASE_COMPLEX,GOCC_PROTEIN_KINASE_COMPLEX] was killed by [GOCC_CYCLIN_DEPENDENT_PROTEIN_KINASE_HOLOENZYME_COMPLEX,GOCC_CYCLIN_DEPENDENT_PROTEIN_KINASE_HOLOENZYME_COMPLEX]
[GOCC_SPECIFIC_GRANULE_MEMBRANE,GOCC_SPECIFIC_GRANULE_MEMBRANE] was killed by [GOCC_ANCHORED_COMPONENT_OF_MEMBRANE,GOCC_ANCHORED_COMPONENT_OF_MEMBRANE]
[GOCC_HOST_CELLULAR_COMPONENT,GOCC_HOST_CELLULAR_COMPONENT] was killed by [GOCC_CHROMOSOME_CENTROMERIC_REGION,GOCC_CHROMOSOME_CENTROMERIC_REGION]
[GOCC_SYNAPTIC_VESICLE_MEMBRANE,GOCC_SYNAPTIC_VESICLE_MEMBRANE] was killed by [GOCC_ANCHORED_COMPONENT_OF_MEMBRANE,GOCC_ANCHORED_COMPONENT_OF_MEMBRANE]
[GOCC_X_CHROMOSOME,GOCC_X_CHROMOSOME] was killed by [GOCC_DNA_PACKAGING_COMPLEX,GOCC_DNA_PACKAGING_COMPLEX]
[GOCC_SYNAPTIC_CLEFT,GOCC_SYNAPTIC_CLEFT] was killed by [GOCC_EXCITATORY_SYNAPSE,GOCC_EXCITATORY_SYNAPSE]
[GOCC_KINESIN_COMPLEX,GOCC_KINESIN_COMPLEX] was killed by [GOCC_CHROMOSOME_CENTROMERIC_REGION,GOCC_CHROMOSOME_CENTROMERIC_REGION]
[GOCC_INTRACILIARY_TRANSPORT_PARTICLE,GOCC_INTRACILIARY_TRANSPORT_PARTICLE] was killed by [GOCC_PHOTORECEPTOR_OUTER_SEGMENT,GOCC_PHOTORECEPTOR_OUTER_SEGMENT]
[GOCC_SAM_COMPLEX,GOCC_SAM_COMPLEX] was killed by [GOCC_INNER_MITOCHONDRIAL_MEMBRANE_PROTEIN_COMPLEX,GOCC_INNER_MITOCHONDRIAL_MEMBRANE_PROTEIN_COMPLEX]
