[GSE2405_0H_VS_9H_A_PHAGOCYTOPHILUM_STIM_NEUTROPHIL_DN,GSE2405_0H_VS_9H_A_PHAGOCYTOPHILUM_STIM_NEUTROPHIL_DN] was killed by [GSE2405_0H_VS_24H_A_PHAGOCYTOPHILUM_STIM_NEUTROPHIL_UP,GSE2405_0H_VS_24H_A_PHAGOCYTOPHILUM_STIM_NEUTROPHIL_UP]
[GSE42088_UNINF_VS_LEISHMANIA_INF_DC_2H_DN,GSE42088_UNINF_VS_LEISHMANIA_INF_DC_2H_DN] was killed by [GSE2405_0H_VS_24H_A_PHAGOCYTOPHILUM_STIM_NEUTROPHIL_UP,GSE2405_0H_VS_24H_A_PHAGOCYTOPHILUM_STIM_NEUTROPHIL_UP]
[GSE34205_HEALTHY_VS_FLU_INF_INFANT_PBMC_UP,GSE34205_HEALTHY_VS_FLU_INF_INFANT_PBMC_UP] was killed by [GSE2405_0H_VS_24H_A_PHAGOCYTOPHILUM_STIM_NEUTROPHIL_UP,GSE2405_0H_VS_24H_A_PHAGOCYTOPHILUM_STIM_NEUTROPHIL_UP]
[GSE6269_FLU_VS_E_COLI_INF_PBMC_DN,GSE6269_FLU_VS_E_COLI_INF_PBMC_DN] was killed by [GSE2405_0H_VS_24H_A_PHAGOCYTOPHILUM_STIM_NEUTROPHIL_UP,GSE2405_0H_VS_24H_A_PHAGOCYTOPHILUM_STIM_NEUTROPHIL_UP]
[GSE9006_HEALTHY_VS_TYPE_1_DIABETES_PBMC_4MONTH_POST_DX_UP,GSE9006_HEALTHY_VS_TYPE_1_DIABETES_PBMC_4MONTH_POST_DX_UP] was killed by [GSE9006_HEALTHY_VS_TYPE_1_DIABETES_PBMC_1MONTH_POST_DX_UP,GSE9006_HEALTHY_VS_TYPE_1_DIABETES_PBMC_1MONTH_POST_DX_UP]
[GSE39916_B_CELL_SPLEEN_VS_PLASMA_CELL_BONE_MARROW_DN,GSE39916_B_CELL_SPLEEN_VS_PLASMA_CELL_BONE_MARROW_DN] was killed by [GSE21546_WT_VS_SAP1A_KO_ANTI_CD3_STIM_DP_THYMOCYTES_UP,GSE21546_WT_VS_SAP1A_KO_ANTI_CD3_STIM_DP_THYMOCYTES_UP]
[GSE14415_TCONV_VS_FOXP3_KO_INDUCED_TREG_DN,GSE14415_TCONV_VS_FOXP3_KO_INDUCED_TREG_DN] was killed by [GSE36826_WT_VS_IL1R_KO_SKIN_STAPH_AUREUS_INF_UP,GSE36826_WT_VS_IL1R_KO_SKIN_STAPH_AUREUS_INF_UP]
[GSE20715_0H_VS_48H_OZONE_LUNG_DN,GSE20715_0H_VS_48H_OZONE_LUNG_DN] was killed by [GSE36826_WT_VS_IL1R_KO_SKIN_STAPH_AUREUS_INF_UP,GSE36826_WT_VS_IL1R_KO_SKIN_STAPH_AUREUS_INF_UP]
[GSE30962_PRIMARY_VS_SECONDARY_ACUTE_LCMV_INF_CD8_TCELL_UP,GSE30962_PRIMARY_VS_SECONDARY_ACUTE_LCMV_INF_CD8_TCELL_UP] was killed by [GSE9006_HEALTHY_VS_TYPE_1_DIABETES_PBMC_1MONTH_POST_DX_UP,GSE9006_HEALTHY_VS_TYPE_1_DIABETES_PBMC_1MONTH_POST_DX_UP]
[GSE7568_IL4_VS_IL4_AND_DEXAMETHASONE_TREATED_MACROPHAGE_UP,GSE7568_IL4_VS_IL4_AND_DEXAMETHASONE_TREATED_MACROPHAGE_UP] was killed by [GSE6259_33D1_POS_DC_VS_CD4_TCELL_UP,GSE6259_33D1_POS_DC_VS_CD4_TCELL_UP]
[GSE6092_B_BURGDOFERI_VS_B_BURGDORFERI_AND_IFNG_STIM_ENDOTHELIAL_CELL_DN,GSE6092_B_BURGDOFERI_VS_B_BURGDORFERI_AND_IFNG_STIM_ENDOTHELIAL_CELL_DN] was killed by [GSE5679_CTRL_VS_PPARG_LIGAND_ROSIGLITAZONE_AND_RARA_AGONIST_AM580_TREATED_DC_UP,GSE5679_CTRL_VS_PPARG_LIGAND_ROSIGLITAZONE_AND_RARA_AGONIST_AM580_TREATED_DC_UP]
[GSE8921_UNSTIM_0H_VS_TLR1_2_STIM_MONOCYTE_24H_UP,GSE8921_UNSTIM_0H_VS_TLR1_2_STIM_MONOCYTE_24H_UP] was killed by [GSE27786_NKTCELL_VS_MONO_MAC_UP,GSE27786_NKTCELL_VS_MONO_MAC_UP]
[GSE10325_BCELL_VS_LUPUS_BCELL_UP,GSE10325_BCELL_VS_LUPUS_BCELL_UP] was killed by [GSE2405_0H_VS_24H_A_PHAGOCYTOPHILUM_STIM_NEUTROPHIL_UP,GSE2405_0H_VS_24H_A_PHAGOCYTOPHILUM_STIM_NEUTROPHIL_UP]
[GSE13485_DAY1_VS_DAY21_YF17D_VACCINE_PBMC_UP,GSE13485_DAY1_VS_DAY21_YF17D_VACCINE_PBMC_UP] was killed by [GSE360_DC_VS_MAC_L_MAJOR_UP,GSE360_DC_VS_MAC_L_MAJOR_UP]
[GSE21927_SPLEEN_C57BL6_VS_4T1_TUMOR_BALBC_MONOCYTES_UP,GSE21927_SPLEEN_C57BL6_VS_4T1_TUMOR_BALBC_MONOCYTES_UP] was killed by [GSE2405_0H_VS_24H_A_PHAGOCYTOPHILUM_STIM_NEUTROPHIL_UP,GSE2405_0H_VS_24H_A_PHAGOCYTOPHILUM_STIM_NEUTROPHIL_UP]
[GSE22886_NAIVE_BCELL_VS_NEUTROPHIL_UP,GSE22886_NAIVE_BCELL_VS_NEUTROPHIL_UP] was killed by [GSE2405_0H_VS_24H_A_PHAGOCYTOPHILUM_STIM_NEUTROPHIL_UP,GSE2405_0H_VS_24H_A_PHAGOCYTOPHILUM_STIM_NEUTROPHIL_UP]
[GSE11386_NAIVE_VS_MEMORY_BCELL_UP,GSE11386_NAIVE_VS_MEMORY_BCELL_UP] was killed by [GSE36826_WT_VS_IL1R_KO_SKIN_STAPH_AUREUS_INF_UP,GSE36826_WT_VS_IL1R_KO_SKIN_STAPH_AUREUS_INF_UP]
[GSE7509_DC_VS_MONOCYTE_WITH_FCGRIIB_STIM_DN,GSE7509_DC_VS_MONOCYTE_WITH_FCGRIIB_STIM_DN] was killed by [GSE2770_UNTREATED_VS_TGFB_AND_IL4_TREATED_ACT_CD4_TCELL_48H_UP,GSE2770_UNTREATED_VS_TGFB_AND_IL4_TREATED_ACT_CD4_TCELL_48H_UP]
[GSE37532_TREG_VS_TCONV_PPARG_KO_CD4_TCELL_FROM_LN_DN,GSE37532_TREG_VS_TCONV_PPARG_KO_CD4_TCELL_FROM_LN_DN] was killed by [GSE12707_AT16L1_HYPOMORPH_VS_WT_THYMUS_DN,GSE12707_AT16L1_HYPOMORPH_VS_WT_THYMUS_DN]
[GSE17974_0H_VS_12H_IN_VITRO_ACT_CD4_TCELL_UP,GSE17974_0H_VS_12H_IN_VITRO_ACT_CD4_TCELL_UP] was killed by [GSE16450_CTRL_VS_IFNA_6H_STIM_MATURE_NEURON_CELL_LINE_UP,GSE16450_CTRL_VS_IFNA_6H_STIM_MATURE_NEURON_CELL_LINE_UP]
[GSE2585_AIRE_KO_VS_WT_CD80_LOW_MTEC_UP,GSE2585_AIRE_KO_VS_WT_CD80_LOW_MTEC_UP] was killed by [GSE9006_HEALTHY_VS_TYPE_1_DIABETES_PBMC_1MONTH_POST_DX_UP,GSE9006_HEALTHY_VS_TYPE_1_DIABETES_PBMC_1MONTH_POST_DX_UP]
[GSE17974_CTRL_VS_ACT_IL4_AND_ANTI_IL12_6H_CD4_TCELL_UP,GSE17974_CTRL_VS_ACT_IL4_AND_ANTI_IL12_6H_CD4_TCELL_UP] was killed by [GSE43863_LY6C_INT_CXCR5POS_VS_LY6C_LOW_CXCR5NEG_EFFECTOR_CD4_TCELL_UP,GSE43863_LY6C_INT_CXCR5POS_VS_LY6C_LOW_CXCR5NEG_EFFECTOR_CD4_TCELL_UP]
[GSE360_DC_VS_MAC_T_GONDII_UP,GSE360_DC_VS_MAC_T_GONDII_UP] was killed by [GSE7219_UNSTIM_VS_LPS_AND_ANTI_CD40_STIM_NIK_NFKB2_KO_DC_DN,GSE7219_UNSTIM_VS_LPS_AND_ANTI_CD40_STIM_NIK_NFKB2_KO_DC_DN]
[GSE3982_MEMORY_CD4_TCELL_VS_TH1_DN,GSE3982_MEMORY_CD4_TCELL_VS_TH1_DN] was killed by [GSE36826_WT_VS_IL1R_KO_SKIN_STAPH_AUREUS_INF_UP,GSE36826_WT_VS_IL1R_KO_SKIN_STAPH_AUREUS_INF_UP]
[GSE15930_NAIVE_VS_24H_IN_VITRO_STIM_CD8_TCELL_DN,GSE15930_NAIVE_VS_24H_IN_VITRO_STIM_CD8_TCELL_DN] was killed by [GSE36826_WT_VS_IL1R_KO_SKIN_STAPH_AUREUS_INF_UP,GSE36826_WT_VS_IL1R_KO_SKIN_STAPH_AUREUS_INF_UP]
[GSE21379_WT_VS_SAP_KO_TFH_CD4_TCELL_UP,GSE21379_WT_VS_SAP_KO_TFH_CD4_TCELL_UP] was killed by [GSE21546_WT_VS_SAP1A_KO_ANTI_CD3_STIM_DP_THYMOCYTES_UP,GSE21546_WT_VS_SAP1A_KO_ANTI_CD3_STIM_DP_THYMOCYTES_UP]
[GSE16451_IMMATURE_VS_MATURE_NEURON_CELL_LINE_WEST_EQUINE_ENC_VIRUS_UP,GSE16451_IMMATURE_VS_MATURE_NEURON_CELL_LINE_WEST_EQUINE_ENC_VIRUS_UP] was killed by [GSE16450_CTRL_VS_IFNA_6H_STIM_MATURE_NEURON_CELL_LINE_UP,GSE16450_CTRL_VS_IFNA_6H_STIM_MATURE_NEURON_CELL_LINE_UP]
[GSE18791_CTRL_VS_NEWCASTLE_VIRUS_DC_6H_DN,GSE18791_CTRL_VS_NEWCASTLE_VIRUS_DC_6H_DN] was killed by [GSE2770_TGFB_AND_IL4_ACT_VS_ACT_CD4_TCELL_2H_DN,GSE2770_TGFB_AND_IL4_ACT_VS_ACT_CD4_TCELL_2H_DN]
[GSE23114_PERITONEAL_CAVITY_B1A_BCELL_VS_SPLEEN_BCELL_DN,GSE23114_PERITONEAL_CAVITY_B1A_BCELL_VS_SPLEEN_BCELL_DN] was killed by [GSE2405_0H_VS_24H_A_PHAGOCYTOPHILUM_STIM_NEUTROPHIL_UP,GSE2405_0H_VS_24H_A_PHAGOCYTOPHILUM_STIM_NEUTROPHIL_UP]
[GSE3982_EFF_MEMORY_CD4_TCELL_VS_TH2_DN,GSE3982_EFF_MEMORY_CD4_TCELL_VS_TH2_DN] was killed by [GSE36826_WT_VS_IL1R_KO_SKIN_STAPH_AUREUS_INF_UP,GSE36826_WT_VS_IL1R_KO_SKIN_STAPH_AUREUS_INF_UP]
[GSE360_HIGH_VS_LOW_DOSE_B_MALAYI_MAC_UP,GSE360_HIGH_VS_LOW_DOSE_B_MALAYI_MAC_UP] was killed by [GSE36826_WT_VS_IL1R_KO_SKIN_STAPH_AUREUS_INF_UP,GSE36826_WT_VS_IL1R_KO_SKIN_STAPH_AUREUS_INF_UP]
[GSE25123_IL4_VS_IL4_AND_ROSIGLITAZONE_STIM_MACROPHAGE_DAY10_DN,GSE25123_IL4_VS_IL4_AND_ROSIGLITAZONE_STIM_MACROPHAGE_DAY10_DN] was killed by [GSE21063_CTRL_VS_ANTI_IGM_STIM_BCELL_NFATC1_KO_3H_DN,GSE21063_CTRL_VS_ANTI_IGM_STIM_BCELL_NFATC1_KO_3H_DN]
[GSE21063_WT_VS_NFATC1_KO_8H_ANTI_IGM_STIM_BCELL_UP,GSE21063_WT_VS_NFATC1_KO_8H_ANTI_IGM_STIM_BCELL_UP] was killed by [GSE36826_WT_VS_IL1R_KO_SKIN_STAPH_AUREUS_INF_UP,GSE36826_WT_VS_IL1R_KO_SKIN_STAPH_AUREUS_INF_UP]
[GSE10325_BCELL_VS_LUPUS_BCELL_DN,GSE10325_BCELL_VS_LUPUS_BCELL_DN] was killed by [GSE36826_WT_VS_IL1R_KO_SKIN_STAPH_AUREUS_INF_UP,GSE36826_WT_VS_IL1R_KO_SKIN_STAPH_AUREUS_INF_UP]
[GSE18893_TCONV_VS_TREG_24H_TNF_STIM_UP,GSE18893_TCONV_VS_TREG_24H_TNF_STIM_UP] was killed by [GSE36826_WT_VS_IL1R_KO_SKIN_STAPH_AUREUS_INF_UP,GSE36826_WT_VS_IL1R_KO_SKIN_STAPH_AUREUS_INF_UP]
[GSE41978_ID2_KO_VS_ID2_KO_AND_BIM_KO_KLRG1_LOW_EFFECTOR_CD8_TCELL_DN,GSE41978_ID2_KO_VS_ID2_KO_AND_BIM_KO_KLRG1_LOW_EFFECTOR_CD8_TCELL_DN] was killed by [GSE2405_0H_VS_24H_A_PHAGOCYTOPHILUM_STIM_NEUTROPHIL_UP,GSE2405_0H_VS_24H_A_PHAGOCYTOPHILUM_STIM_NEUTROPHIL_UP]
[GSE22886_UNSTIM_VS_IL15_STIM_NKCELL_DN,GSE22886_UNSTIM_VS_IL15_STIM_NKCELL_DN] was killed by [GSE36826_WT_VS_IL1R_KO_SKIN_STAPH_AUREUS_INF_UP,GSE36826_WT_VS_IL1R_KO_SKIN_STAPH_AUREUS_INF_UP]
[GSE17721_CPG_VS_GARDIQUIMOD_12H_BMDC_DN,GSE17721_CPG_VS_GARDIQUIMOD_12H_BMDC_DN] was killed by [GSE17721_POLYIC_VS_PAM3CSK4_16H_BMDC_DN,GSE17721_POLYIC_VS_PAM3CSK4_16H_BMDC_DN]
[GSE41176_WT_VS_TAK1_KO_ANTI_IGM_STIM_BCELL_6H_UP,GSE41176_WT_VS_TAK1_KO_ANTI_IGM_STIM_BCELL_6H_UP] was killed by [GSE7219_UNSTIM_VS_LPS_AND_ANTI_CD40_STIM_NIK_NFKB2_KO_DC_DN,GSE7219_UNSTIM_VS_LPS_AND_ANTI_CD40_STIM_NIK_NFKB2_KO_DC_DN]
[GSE15930_NAIVE_VS_24H_IN_VITRO_STIM_INFAB_CD8_TCELL_DN,GSE15930_NAIVE_VS_24H_IN_VITRO_STIM_INFAB_CD8_TCELL_DN] was killed by [GSE36826_WT_VS_IL1R_KO_SKIN_STAPH_AUREUS_INF_UP,GSE36826_WT_VS_IL1R_KO_SKIN_STAPH_AUREUS_INF_UP]
[GSE360_HIGH_DOSE_B_MALAYI_VS_M_TUBERCULOSIS_DC_DN,GSE360_HIGH_DOSE_B_MALAYI_VS_M_TUBERCULOSIS_DC_DN] was killed by [GSE2770_TGFB_AND_IL4_ACT_VS_ACT_CD4_TCELL_2H_DN,GSE2770_TGFB_AND_IL4_ACT_VS_ACT_CD4_TCELL_2H_DN]
[GSE2706_R848_VS_R848_AND_LPS_2H_STIM_DC_DN,GSE2706_R848_VS_R848_AND_LPS_2H_STIM_DC_DN] was killed by [GSE5679_CTRL_VS_PPARG_LIGAND_ROSIGLITAZONE_AND_RARA_AGONIST_AM580_TREATED_DC_UP,GSE5679_CTRL_VS_PPARG_LIGAND_ROSIGLITAZONE_AND_RARA_AGONIST_AM580_TREATED_DC_UP]
[GSE40666_WT_VS_STAT4_KO_CD8_TCELL_UP,GSE40666_WT_VS_STAT4_KO_CD8_TCELL_UP] was killed by [GSE2770_UNTREATED_VS_TGFB_AND_IL4_TREATED_ACT_CD4_TCELL_48H_UP,GSE2770_UNTREATED_VS_TGFB_AND_IL4_TREATED_ACT_CD4_TCELL_48H_UP]
[GSE21927_SPLEEN_C57BL6_VS_EL4_TUMOR_BALBC_MONOCYTES_DN,GSE21927_SPLEEN_C57BL6_VS_EL4_TUMOR_BALBC_MONOCYTES_DN] was killed by [GSE36826_WT_VS_IL1R_KO_SKIN_STAPH_AUREUS_INF_UP,GSE36826_WT_VS_IL1R_KO_SKIN_STAPH_AUREUS_INF_UP]
[GSE15330_GRANULOCYTE_MONOCYTE_PROGENITOR_VS_PRO_BCELL_UP,GSE15330_GRANULOCYTE_MONOCYTE_PROGENITOR_VS_PRO_BCELL_UP] was killed by [GSE19401_PAM2CSK4_VS_RETINOIC_ACID_AND_PAM2CSK4_STIM_FOLLICULAR_DC_DN,GSE19401_PAM2CSK4_VS_RETINOIC_ACID_AND_PAM2CSK4_STIM_FOLLICULAR_DC_DN]
[GSE15930_NAIVE_VS_48H_IN_VITRO_STIM_CD8_TCELL_DN,GSE15930_NAIVE_VS_48H_IN_VITRO_STIM_CD8_TCELL_DN] was killed by [GSE36826_WT_VS_IL1R_KO_SKIN_STAPH_AUREUS_INF_UP,GSE36826_WT_VS_IL1R_KO_SKIN_STAPH_AUREUS_INF_UP]
[GSE40274_FOXP3_VS_FOXP3_AND_PBX1_TRANSDUCED_ACTIVATED_CD4_TCELL_DN,GSE40274_FOXP3_VS_FOXP3_AND_PBX1_TRANSDUCED_ACTIVATED_CD4_TCELL_DN] was killed by [GSE7219_UNSTIM_VS_LPS_AND_ANTI_CD40_STIM_NIK_NFKB2_KO_DC_DN,GSE7219_UNSTIM_VS_LPS_AND_ANTI_CD40_STIM_NIK_NFKB2_KO_DC_DN]
[GSE3920_IFNA_VS_IFNG_TREATED_FIBROBLAST_DN,GSE3920_IFNA_VS_IFNG_TREATED_FIBROBLAST_DN] was killed by [GSE16450_CTRL_VS_IFNA_6H_STIM_MATURE_NEURON_CELL_LINE_UP,GSE16450_CTRL_VS_IFNA_6H_STIM_MATURE_NEURON_CELL_LINE_UP]
[GSE35543_IN_VITRO_ITREG_VS_CONVERTED_EX_ITREG_UP,GSE35543_IN_VITRO_ITREG_VS_CONVERTED_EX_ITREG_UP] was killed by [GSE36826_WT_VS_IL1R_KO_SKIN_STAPH_AUREUS_INF_UP,GSE36826_WT_VS_IL1R_KO_SKIN_STAPH_AUREUS_INF_UP]
[GSE2706_R848_VS_LPS_8H_STIM_DC_DN,GSE2706_R848_VS_LPS_8H_STIM_DC_DN] was killed by [GSE19401_PAM2CSK4_VS_RETINOIC_ACID_AND_PAM2CSK4_STIM_FOLLICULAR_DC_DN,GSE19401_PAM2CSK4_VS_RETINOIC_ACID_AND_PAM2CSK4_STIM_FOLLICULAR_DC_DN]
[GSE15930_NAIVE_VS_48H_IN_VITRO_STIM_IFNAB_CD8_TCELL_DN,GSE15930_NAIVE_VS_48H_IN_VITRO_STIM_IFNAB_CD8_TCELL_DN] was killed by [GSE2405_0H_VS_24H_A_PHAGOCYTOPHILUM_STIM_NEUTROPHIL_UP,GSE2405_0H_VS_24H_A_PHAGOCYTOPHILUM_STIM_NEUTROPHIL_UP]
[GSE9509_10MIN_VS_30MIN_LPS_STIM_IL10_KO_MACROPHAGE_UP,GSE9509_10MIN_VS_30MIN_LPS_STIM_IL10_KO_MACROPHAGE_UP] was killed by [GSE2405_0H_VS_24H_A_PHAGOCYTOPHILUM_STIM_NEUTROPHIL_UP,GSE2405_0H_VS_24H_A_PHAGOCYTOPHILUM_STIM_NEUTROPHIL_UP]
[GSE10239_MEMORY_VS_KLRG1HIGH_EFF_CD8_TCELL_DN,GSE10239_MEMORY_VS_KLRG1HIGH_EFF_CD8_TCELL_DN] was killed by [GSE21379_WT_VS_SAP_KO_CD4_TCELL_DN,GSE21379_WT_VS_SAP_KO_CD4_TCELL_DN]
[GSE22611_UNSTIM_VS_6H_MDP_STIM_NOD2_TRANSDUCED_HEK293T_CELL_UP,GSE22611_UNSTIM_VS_6H_MDP_STIM_NOD2_TRANSDUCED_HEK293T_CELL_UP] was killed by [GSE36826_WT_VS_IL1R_KO_SKIN_STAPH_AUREUS_INF_UP,GSE36826_WT_VS_IL1R_KO_SKIN_STAPH_AUREUS_INF_UP]
[GSE18791_CTRL_VS_NEWCASTLE_VIRUS_DC_16H_DN,GSE18791_CTRL_VS_NEWCASTLE_VIRUS_DC_16H_DN] was killed by [GSE7219_UNSTIM_VS_LPS_AND_ANTI_CD40_STIM_NIK_NFKB2_KO_DC_DN,GSE7219_UNSTIM_VS_LPS_AND_ANTI_CD40_STIM_NIK_NFKB2_KO_DC_DN]
