[HP_AORTIC_REGURGITATION,HP_AORTIC_REGURGITATION] was killed by [HP_ASCITES,HP_ASCITES]
[HP_FLAT_OCCIPUT,HP_FLAT_OCCIPUT] was killed by [HP_BROAD_BASED_GAIT,HP_BROAD_BASED_GAIT]
[HP_LIMB_DYSTONIA,HP_LIMB_DYSTONIA] was killed by [HP_IMPAIRED_VIBRATORY_SENSATION,HP_IMPAIRED_VIBRATORY_SENSATION]
[HP_MULTIPLE_RENAL_CYSTS,HP_MULTIPLE_RENAL_CYSTS] was killed by [HP_APLASTIC_HYPOPLASTIC_TOENAIL,HP_APLASTIC_HYPOPLASTIC_TOENAIL]
[HP_ABNORMAL_SHAPE_OF_THE_OCCIPUT,HP_ABNORMAL_SHAPE_OF_THE_OCCIPUT] was killed by [HP_BROAD_BASED_GAIT,HP_BROAD_BASED_GAIT]
[HP_ABNORMAL_CLAVICLE_MORPHOLOGY,HP_ABNORMAL_CLAVICLE_MORPHOLOGY] was killed by [HP_APLASTIC_HYPOPLASTIC_TOENAIL,HP_APLASTIC_HYPOPLASTIC_TOENAIL]
[HP_ABNORMAL_CIRCULATING_ALBUMIN_CONCENTRATION,HP_ABNORMAL_CIRCULATING_ALBUMIN_CONCENTRATION] was killed by [HP_ASCITES,HP_ASCITES]
[HP_ABNORMAL_MOTOR_NERVE_CONDUCTION_VELOCITY,HP_ABNORMAL_MOTOR_NERVE_CONDUCTION_VELOCITY] was killed by [HP_IMPAIRED_VIBRATORY_SENSATION,HP_IMPAIRED_VIBRATORY_SENSATION]
[HP_LOSS_OF_SPEECH,HP_LOSS_OF_SPEECH] was killed by [HP_IMPAIRED_VIBRATORY_SENSATION,HP_IMPAIRED_VIBRATORY_SENSATION]
[HP_ABNORMALITY_OF_THE_HEPATIC_VASCULATURE,HP_ABNORMALITY_OF_THE_HEPATIC_VASCULATURE] was killed by [HP_ASCITES,HP_ASCITES]
[HP_JOINT_HYPERFLEXIBILITY,HP_JOINT_HYPERFLEXIBILITY] was killed by [HP_APLASTIC_HYPOPLASTIC_TOENAIL,HP_APLASTIC_HYPOPLASTIC_TOENAIL]
[HP_SEBORRHEIC_DERMATITIS,HP_SEBORRHEIC_DERMATITIS] was killed by [HP_SCHIZOPHRENIA,HP_SCHIZOPHRENIA]
[HP_ABNORMAL_AORTIC_VALVE_PHYSIOLOGY,HP_ABNORMAL_AORTIC_VALVE_PHYSIOLOGY] was killed by [HP_APLASTIC_HYPOPLASTIC_TOENAIL,HP_APLASTIC_HYPOPLASTIC_TOENAIL]
[HP_EMBRYONAL_NEOPLASM,HP_EMBRYONAL_NEOPLASM] was killed by [HP_ASCITES,HP_ASCITES]
[HP_ACNE,HP_ACNE] was killed by [HP_SCHIZOPHRENIA,HP_SCHIZOPHRENIA]
[HP_ABNORMAL_CIRCULATING_ANDROGEN_LEVEL,HP_ABNORMAL_CIRCULATING_ANDROGEN_LEVEL] was killed by [HP_GERM_CELL_NEOPLASIA,HP_GERM_CELL_NEOPLASIA]
[HP_BRAIN_IMAGING_ABNORMALITY,HP_BRAIN_IMAGING_ABNORMALITY] was killed by [HP_BROAD_BASED_GAIT,HP_BROAD_BASED_GAIT]
[HP_INCOMITANT_STRABISMUS,HP_INCOMITANT_STRABISMUS] was killed by [HP_LOW_HANGING_COLUMELLA,HP_LOW_HANGING_COLUMELLA]
[HP_NARROW_PALATE,HP_NARROW_PALATE] was killed by [HP_APLASTIC_HYPOPLASTIC_TOENAIL,HP_APLASTIC_HYPOPLASTIC_TOENAIL]
[HP_MANIA,HP_MANIA] was killed by [HP_SCHIZOPHRENIA,HP_SCHIZOPHRENIA]
[HP_SPINA_BIFIDA_OCCULTA,HP_SPINA_BIFIDA_OCCULTA] was killed by [HP_APLASTIC_HYPOPLASTIC_TOENAIL,HP_APLASTIC_HYPOPLASTIC_TOENAIL]
[HP_HYPERLORDOSIS,HP_HYPERLORDOSIS] was killed by [HP_APLASTIC_HYPOPLASTIC_TOENAIL,HP_APLASTIC_HYPOPLASTIC_TOENAIL]
[HP_HYPOPLASTIC_TOENAILS,HP_HYPOPLASTIC_TOENAILS] was killed by [HP_APLASTIC_HYPOPLASTIC_TOENAIL,HP_APLASTIC_HYPOPLASTIC_TOENAIL]
[HP_ABNORMAL_TOENAIL_MORPHOLOGY,HP_ABNORMAL_TOENAIL_MORPHOLOGY] was killed by [HP_APLASTIC_HYPOPLASTIC_TOENAIL,HP_APLASTIC_HYPOPLASTIC_TOENAIL]
[HP_POSTURAL_INSTABILITY,HP_POSTURAL_INSTABILITY] was killed by [HP_IMPAIRED_VIBRATORY_SENSATION,HP_IMPAIRED_VIBRATORY_SENSATION]
[HP_TRICUSPID_ATRESIA,HP_TRICUSPID_ATRESIA] was killed by [HP_SCHIZOPHRENIA,HP_SCHIZOPHRENIA]
[HP_DEEPLY_SET_EYE,HP_DEEPLY_SET_EYE] was killed by [HP_BROAD_BASED_GAIT,HP_BROAD_BASED_GAIT]
[HP_ABNORMALITY_OF_HEPATOBILIARY_SYSTEM_PHYSIOLOGY,HP_ABNORMALITY_OF_HEPATOBILIARY_SYSTEM_PHYSIOLOGY] was killed by [HP_ASCITES,HP_ASCITES]
[HP_ABNORMAL_ATRIOVENTRICULAR_VALVE_MORPHOLOGY,HP_ABNORMAL_ATRIOVENTRICULAR_VALVE_MORPHOLOGY] was killed by [HP_SCHIZOPHRENIA,HP_SCHIZOPHRENIA]
[HP_LIMB_GIRDLE_MUSCLE_WEAKNESS,HP_LIMB_GIRDLE_MUSCLE_WEAKNESS] was killed by [HP_IMPAIRED_VIBRATORY_SENSATION,HP_IMPAIRED_VIBRATORY_SENSATION]
[HP_HYPOCALCEMIA,HP_HYPOCALCEMIA] was killed by [HP_SCHIZOPHRENIA,HP_SCHIZOPHRENIA]
[HP_VASCULAR_DILATATION,HP_VASCULAR_DILATATION] was killed by [HP_APLASTIC_HYPOPLASTIC_TOENAIL,HP_APLASTIC_HYPOPLASTIC_TOENAIL]
[HP_FREQUENT_FALLS,HP_FREQUENT_FALLS] was killed by [HP_IMPAIRED_VIBRATORY_SENSATION,HP_IMPAIRED_VIBRATORY_SENSATION]
[HP_UPPER_LIMB_MUSCLE_WEAKNESS,HP_UPPER_LIMB_MUSCLE_WEAKNESS] was killed by [HP_APLASTIC_HYPOPLASTIC_TOENAIL,HP_APLASTIC_HYPOPLASTIC_TOENAIL]
[HP_ABNORMAL_TRICUSPID_VALVE_MORPHOLOGY,HP_ABNORMAL_TRICUSPID_VALVE_MORPHOLOGY] was killed by [HP_SCHIZOPHRENIA,HP_SCHIZOPHRENIA]
[HP_PATENT_FORAMEN_OVALE,HP_PATENT_FORAMEN_OVALE] was killed by [HP_LOW_HANGING_COLUMELLA,HP_LOW_HANGING_COLUMELLA]
[HP_NARROW_NASAL_BRIDGE,HP_NARROW_NASAL_BRIDGE] was killed by [HP_LOW_HANGING_COLUMELLA,HP_LOW_HANGING_COLUMELLA]
[HP_PULMONARY_ARTERY_STENOSIS,HP_PULMONARY_ARTERY_STENOSIS] was killed by [HP_APLASTIC_HYPOPLASTIC_TOENAIL,HP_APLASTIC_HYPOPLASTIC_TOENAIL]
[HP_ABNORMALITY_OF_THE_ANTERIOR_FONTANELLE,HP_ABNORMALITY_OF_THE_ANTERIOR_FONTANELLE] was killed by [HP_LOW_HANGING_COLUMELLA,HP_LOW_HANGING_COLUMELLA]
[HP_HIGHLY_ARCHED_EYEBROW,HP_HIGHLY_ARCHED_EYEBROW] was killed by [HP_LOW_HANGING_COLUMELLA,HP_LOW_HANGING_COLUMELLA]
[HP_AVASCULAR_NECROSIS,HP_AVASCULAR_NECROSIS] was killed by [HP_LOW_HANGING_COLUMELLA,HP_LOW_HANGING_COLUMELLA]
[HP_FINE_HAIR,HP_FINE_HAIR] was killed by [HP_APLASTIC_HYPOPLASTIC_TOENAIL,HP_APLASTIC_HYPOPLASTIC_TOENAIL]
[HP_HYPOPLASIA_OF_THE_ZYGOMATIC_BONE,HP_HYPOPLASIA_OF_THE_ZYGOMATIC_BONE] was killed by [HP_APLASTIC_HYPOPLASTIC_TOENAIL,HP_APLASTIC_HYPOPLASTIC_TOENAIL]
[HP_ABNORMAL_LACRIMAL_DUCT_MORPHOLOGY,HP_ABNORMAL_LACRIMAL_DUCT_MORPHOLOGY] was killed by [HP_LOW_HANGING_COLUMELLA,HP_LOW_HANGING_COLUMELLA]
[HP_ABNORMAL_THALAMIC_MRI_SIGNAL_INTENSITY,HP_ABNORMAL_THALAMIC_MRI_SIGNAL_INTENSITY] was killed by [HP_APLASTIC_HYPOPLASTIC_TOENAIL,HP_APLASTIC_HYPOPLASTIC_TOENAIL]
[HP_DECREASED_CIRCULATING_ANDROGEN_LEVEL,HP_DECREASED_CIRCULATING_ANDROGEN_LEVEL] was killed by [HP_APLASTIC_HYPOPLASTIC_TOENAIL,HP_APLASTIC_HYPOPLASTIC_TOENAIL]
[HP_ABNORMAL_CIRCULATING_BILIRUBIN_CONCENTRATION,HP_ABNORMAL_CIRCULATING_BILIRUBIN_CONCENTRATION] was killed by [HP_ASCITES,HP_ASCITES]
[HP_LYMPHEDEMA,HP_LYMPHEDEMA] was killed by [HP_ASCITES,HP_ASCITES]
[HP_ABNORMALITY_OF_THE_COLUMELLA,HP_ABNORMALITY_OF_THE_COLUMELLA] was killed by [HP_LOW_HANGING_COLUMELLA,HP_LOW_HANGING_COLUMELLA]
[HP_SHORT_PHILTRUM,HP_SHORT_PHILTRUM] was killed by [HP_BROAD_BASED_GAIT,HP_BROAD_BASED_GAIT]
[HP_ECTOPIC_KIDNEY,HP_ECTOPIC_KIDNEY] was killed by [HP_APLASTIC_HYPOPLASTIC_TOENAIL,HP_APLASTIC_HYPOPLASTIC_TOENAIL]
[HP_JAUNDICE,HP_JAUNDICE] was killed by [HP_ASCITES,HP_ASCITES]
[HP_DEVIATION_OF_THE_HALLUX,HP_DEVIATION_OF_THE_HALLUX] was killed by [HP_LOW_HANGING_COLUMELLA,HP_LOW_HANGING_COLUMELLA]
[HP_CEREBRAL_INCLUSION_BODIES,HP_CEREBRAL_INCLUSION_BODIES] was killed by [HP_IMPAIRED_VIBRATORY_SENSATION,HP_IMPAIRED_VIBRATORY_SENSATION]
[HP_ABNORMALITY_OF_UPPER_LIMB_EPIPHYSIS_MORPHOLOGY,HP_ABNORMALITY_OF_UPPER_LIMB_EPIPHYSIS_MORPHOLOGY] was killed by [HP_STILLBIRTH,HP_STILLBIRTH]
[HP_VENOUS_THROMBOSIS,HP_VENOUS_THROMBOSIS] was killed by [HP_ASCITES,HP_ASCITES]
[HP_DYSDIADOCHOKINESIS,HP_DYSDIADOCHOKINESIS] was killed by [HP_IMPAIRED_VIBRATORY_SENSATION,HP_IMPAIRED_VIBRATORY_SENSATION]
[HP_NEOPLASM_OF_THE_MALE_EXTERNAL_GENITALIA,HP_NEOPLASM_OF_THE_MALE_EXTERNAL_GENITALIA] was killed by [HP_ASCITES,HP_ASCITES]
[HP_ABNORMAL_NUMBER_OF_PERMANENT_TEETH,HP_ABNORMAL_NUMBER_OF_PERMANENT_TEETH] was killed by [HP_LOW_HANGING_COLUMELLA,HP_LOW_HANGING_COLUMELLA]
[HP_ABNORMAL_PLATELET_VOLUME,HP_ABNORMAL_PLATELET_VOLUME] was killed by [HP_STILLBIRTH,HP_STILLBIRTH]
[HP_ABNORMAL_FINGERNAIL_MORPHOLOGY,HP_ABNORMAL_FINGERNAIL_MORPHOLOGY] was killed by [HP_APLASTIC_HYPOPLASTIC_TOENAIL,HP_APLASTIC_HYPOPLASTIC_TOENAIL]
[HP_ADRENAL_INSUFFICIENCY,HP_ADRENAL_INSUFFICIENCY] was killed by [HP_GERM_CELL_NEOPLASIA,HP_GERM_CELL_NEOPLASIA]
[HP_ABNORMAL_CONSUMPTION_BEHAVIOR,HP_ABNORMAL_CONSUMPTION_BEHAVIOR] was killed by [HP_BROAD_BASED_GAIT,HP_BROAD_BASED_GAIT]
[HP_LIMB_ATAXIA,HP_LIMB_ATAXIA] was killed by [HP_IMPAIRED_VIBRATORY_SENSATION,HP_IMPAIRED_VIBRATORY_SENSATION]
[HP_MOTOR_NEURON_ATROPHY,HP_MOTOR_NEURON_ATROPHY] was killed by [HP_IMPAIRED_VIBRATORY_SENSATION,HP_IMPAIRED_VIBRATORY_SENSATION]
[HP_TRUNCAL_ATAXIA,HP_TRUNCAL_ATAXIA] was killed by [HP_HYPERKINETIC_MOVEMENTS,HP_HYPERKINETIC_MOVEMENTS]
[HP_RELATIVE_MACROCEPHALY,HP_RELATIVE_MACROCEPHALY] was killed by [HP_BROAD_BASED_GAIT,HP_BROAD_BASED_GAIT]
[HP_FULL_CHEEKS,HP_FULL_CHEEKS] was killed by [HP_LOW_HANGING_COLUMELLA,HP_LOW_HANGING_COLUMELLA]
[HP_UNSTEADY_GAIT,HP_UNSTEADY_GAIT] was killed by [HP_BROAD_BASED_GAIT,HP_BROAD_BASED_GAIT]
[HP_PAPILLEDEMA,HP_PAPILLEDEMA] was killed by [HP_APLASTIC_HYPOPLASTIC_TOENAIL,HP_APLASTIC_HYPOPLASTIC_TOENAIL]
[HP_ABNORMALITY_OF_THE_DIENCEPHALON,HP_ABNORMALITY_OF_THE_DIENCEPHALON] was killed by [HP_APLASTIC_HYPOPLASTIC_TOENAIL,HP_APLASTIC_HYPOPLASTIC_TOENAIL]
[HP_DECREASED_FACIAL_EXPRESSION,HP_DECREASED_FACIAL_EXPRESSION] was killed by [HP_SCHIZOPHRENIA,HP_SCHIZOPHRENIA]
[HP_ABNORMALITY_OF_CIRCULATING_ADRENOCORTICOTROPIN_LEVEL,HP_ABNORMALITY_OF_CIRCULATING_ADRENOCORTICOTROPIN_LEVEL] was killed by [HP_APLASTIC_HYPOPLASTIC_TOENAIL,HP_APLASTIC_HYPOPLASTIC_TOENAIL]
[HP_ABNORMALITY_OF_THE_PARATHYROID_GLAND,HP_ABNORMALITY_OF_THE_PARATHYROID_GLAND] was killed by [HP_SCHIZOPHRENIA,HP_SCHIZOPHRENIA]
[HP_ABNORMALITY_OF_HEAD_BLOOD_VESSEL,HP_ABNORMALITY_OF_HEAD_BLOOD_VESSEL] was killed by [HP_SCHIZOPHRENIA,HP_SCHIZOPHRENIA]
[HP_CHOLELITHIASIS,HP_CHOLELITHIASIS] was killed by [HP_APLASTIC_HYPOPLASTIC_TOENAIL,HP_APLASTIC_HYPOPLASTIC_TOENAIL]
[HP_ABNORMAL_RETINAL_ARTERY_MORPHOLOGY,HP_ABNORMAL_RETINAL_ARTERY_MORPHOLOGY] was killed by [HP_SCHIZOPHRENIA,HP_SCHIZOPHRENIA]
[HP_OVERLAPPING_TOE,HP_OVERLAPPING_TOE] was killed by [HP_LOW_HANGING_COLUMELLA,HP_LOW_HANGING_COLUMELLA]
[HP_DISTAL_MUSCLE_WEAKNESS,HP_DISTAL_MUSCLE_WEAKNESS] was killed by [HP_IMPAIRED_VIBRATORY_SENSATION,HP_IMPAIRED_VIBRATORY_SENSATION]
[HP_TRUNCAL_OBESITY,HP_TRUNCAL_OBESITY] was killed by [HP_LOW_HANGING_COLUMELLA,HP_LOW_HANGING_COLUMELLA]
[HP_HEPATIC_FAILURE,HP_HEPATIC_FAILURE] was killed by [HP_ASCITES,HP_ASCITES]
[HP_CHRONIC_CONSTIPATION,HP_CHRONIC_CONSTIPATION] was killed by [HP_SCHIZOPHRENIA,HP_SCHIZOPHRENIA]
[HP_ABNORMAL_NEURON_MORPHOLOGY,HP_ABNORMAL_NEURON_MORPHOLOGY] was killed by [HP_IMPAIRED_VIBRATORY_SENSATION,HP_IMPAIRED_VIBRATORY_SENSATION]
[HP_HYPOPARATHYROIDISM,HP_HYPOPARATHYROIDISM] was killed by [HP_SCHIZOPHRENIA,HP_SCHIZOPHRENIA]
[HP_VENOUS_INSUFFICIENCY,HP_VENOUS_INSUFFICIENCY] was killed by [HP_SCHIZOPHRENIA,HP_SCHIZOPHRENIA]
[HP_NASOLACRIMAL_DUCT_OBSTRUCTION,HP_NASOLACRIMAL_DUCT_OBSTRUCTION] was killed by [HP_LOW_HANGING_COLUMELLA,HP_LOW_HANGING_COLUMELLA]
