[KANG_DOXORUBICIN_RESISTANCE_UP,KANG_DOXORUBICIN_RESISTANCE_UP] was killed by [FLORIO_NEOCORTEX_BASAL_RADIAL_GLIA_DN,FLORIO_NEOCORTEX_BASAL_RADIAL_GLIA_DN]
[REACTOME_EUKARYOTIC_TRANSLATION_INITIATION,REACTOME_EUKARYOTIC_TRANSLATION_INITIATION] was killed by [BILANGES_SERUM_AND_RAPAMYCIN_SENSITIVE_GENES,BILANGES_SERUM_AND_RAPAMYCIN_SENSITIVE_GENES]
[SHAFFER_IRF4_TARGETS_IN_ACTIVATED_B_LYMPHOCYTE,SHAFFER_IRF4_TARGETS_IN_ACTIVATED_B_LYMPHOCYTE] was killed by [SHAFFER_IRF4_TARGETS_IN_MYELOMA_VS_MATURE_B_LYMPHOCYTE,SHAFFER_IRF4_TARGETS_IN_MYELOMA_VS_MATURE_B_LYMPHOCYTE]
[CUI_GLUCOSE_DEPRIVATION,CUI_GLUCOSE_DEPRIVATION] was killed by [SHAFFER_IRF4_TARGETS_IN_MYELOMA_VS_MATURE_B_LYMPHOCYTE,SHAFFER_IRF4_TARGETS_IN_MYELOMA_VS_MATURE_B_LYMPHOCYTE]
[SOTIRIOU_BREAST_CANCER_GRADE_1_VS_3_UP,SOTIRIOU_BREAST_CANCER_GRADE_1_VS_3_UP] was killed by [FLORIO_NEOCORTEX_BASAL_RADIAL_GLIA_DN,FLORIO_NEOCORTEX_BASAL_RADIAL_GLIA_DN]
[ANDERSEN_CHOLANGIOCARCINOMA_CLASS2,ANDERSEN_CHOLANGIOCARCINOMA_CLASS2] was killed by [FLORIO_NEOCORTEX_BASAL_RADIAL_GLIA_DN,FLORIO_NEOCORTEX_BASAL_RADIAL_GLIA_DN]
[TAKAO_RESPONSE_TO_UVB_RADIATION_UP,TAKAO_RESPONSE_TO_UVB_RADIATION_UP] was killed by [BILANGES_SERUM_AND_RAPAMYCIN_SENSITIVE_GENES,BILANGES_SERUM_AND_RAPAMYCIN_SENSITIVE_GENES]
[GAVIN_FOXP3_TARGETS_CLUSTER_P6,GAVIN_FOXP3_TARGETS_CLUSTER_P6] was killed by [FLORIO_NEOCORTEX_BASAL_RADIAL_GLIA_DN,FLORIO_NEOCORTEX_BASAL_RADIAL_GLIA_DN]
[LIN_MELANOMA_COPY_NUMBER_UP,LIN_MELANOMA_COPY_NUMBER_UP] was killed by [FIGUEROA_AML_METHYLATION_CLUSTER_1_UP,FIGUEROA_AML_METHYLATION_CLUSTER_1_UP]
[MOREAUX_B_LYMPHOCYTE_MATURATION_BY_TACI_DN,MOREAUX_B_LYMPHOCYTE_MATURATION_BY_TACI_DN] was killed by [FLORIO_NEOCORTEX_BASAL_RADIAL_GLIA_DN,FLORIO_NEOCORTEX_BASAL_RADIAL_GLIA_DN]
[OLSSON_E2F3_TARGETS_DN,OLSSON_E2F3_TARGETS_DN] was killed by [FLORIO_NEOCORTEX_BASAL_RADIAL_GLIA_DN,FLORIO_NEOCORTEX_BASAL_RADIAL_GLIA_DN]
[PID_AR_TF_PATHWAY,PID_AR_TF_PATHWAY] was killed by [REACTOME_PRE_NOTCH_EXPRESSION_AND_PROCESSING,REACTOME_PRE_NOTCH_EXPRESSION_AND_PROCESSING]
[WP_CYTOPLASMIC_RIBOSOMAL_PROTEINS,WP_CYTOPLASMIC_RIBOSOMAL_PROTEINS] was killed by [BILANGES_SERUM_AND_RAPAMYCIN_SENSITIVE_GENES,BILANGES_SERUM_AND_RAPAMYCIN_SENSITIVE_GENES]
[MORI_MATURE_B_LYMPHOCYTE_UP,MORI_MATURE_B_LYMPHOCYTE_UP] was killed by [MORI_LARGE_PRE_BII_LYMPHOCYTE_DN,MORI_LARGE_PRE_BII_LYMPHOCYTE_DN]
[REACTOME_SELENOAMINO_ACID_METABOLISM,REACTOME_SELENOAMINO_ACID_METABOLISM] was killed by [BILANGES_SERUM_AND_RAPAMYCIN_SENSITIVE_GENES,BILANGES_SERUM_AND_RAPAMYCIN_SENSITIVE_GENES]
[REACTOME_FACTORS_INVOLVED_IN_MEGAKARYOCYTE_DEVELOPMENT_AND_PLATELET_PRODUCTION,REACTOME_FACTORS_INVOLVED_IN_MEGAKARYOCYTE_DEVELOPMENT_AND_PLATELET_PRODUCTION] was killed by [FLORIO_NEOCORTEX_BASAL_RADIAL_GLIA_DN,FLORIO_NEOCORTEX_BASAL_RADIAL_GLIA_DN]
[REACTOME_REGULATION_OF_EXPRESSION_OF_SLITS_AND_ROBOS,REACTOME_REGULATION_OF_EXPRESSION_OF_SLITS_AND_ROBOS] was killed by [BILANGES_SERUM_AND_RAPAMYCIN_SENSITIVE_GENES,BILANGES_SERUM_AND_RAPAMYCIN_SENSITIVE_GENES]
[PID_A6B1_A6B4_INTEGRIN_PATHWAY,PID_A6B1_A6B4_INTEGRIN_PATHWAY] was killed by [ZHONG_SECRETOME_OF_LUNG_CANCER_AND_ENDOTHELIUM,ZHONG_SECRETOME_OF_LUNG_CANCER_AND_ENDOTHELIUM]
[ROSTY_CERVICAL_CANCER_PROLIFERATION_CLUSTER,ROSTY_CERVICAL_CANCER_PROLIFERATION_CLUSTER] was killed by [FLORIO_NEOCORTEX_BASAL_RADIAL_GLIA_DN,FLORIO_NEOCORTEX_BASAL_RADIAL_GLIA_DN]
[FIGUEROA_AML_METHYLATION_CLUSTER_3_UP,FIGUEROA_AML_METHYLATION_CLUSTER_3_UP] was killed by [FIGUEROA_AML_METHYLATION_CLUSTER_1_UP,FIGUEROA_AML_METHYLATION_CLUSTER_1_UP]
[VERHAAK_AML_WITH_NPM1_MUTATED_UP,VERHAAK_AML_WITH_NPM1_MUTATED_UP] was killed by [TONKS_TARGETS_OF_RUNX1_RUNX1T1_FUSION_ERYTHROCYTE_UP,TONKS_TARGETS_OF_RUNX1_RUNX1T1_FUSION_ERYTHROCYTE_UP]
[KEGG_RIBOSOME,KEGG_RIBOSOME] was killed by [BILANGES_SERUM_AND_RAPAMYCIN_SENSITIVE_GENES,BILANGES_SERUM_AND_RAPAMYCIN_SENSITIVE_GENES]
[REACTOME_CELLULAR_RESPONSE_TO_STARVATION,REACTOME_CELLULAR_RESPONSE_TO_STARVATION] was killed by [BILANGES_SERUM_AND_RAPAMYCIN_SENSITIVE_GENES,BILANGES_SERUM_AND_RAPAMYCIN_SENSITIVE_GENES]
[WAKABAYASHI_ADIPOGENESIS_PPARG_RXRA_BOUND_36HR,WAKABAYASHI_ADIPOGENESIS_PPARG_RXRA_BOUND_36HR] was killed by [ZHONG_SECRETOME_OF_LUNG_CANCER_AND_ENDOTHELIUM,ZHONG_SECRETOME_OF_LUNG_CANCER_AND_ENDOTHELIUM]
[REACTOME_RESPONSE_OF_EIF2AK4_GCN2_TO_AMINO_ACID_DEFICIENCY,REACTOME_RESPONSE_OF_EIF2AK4_GCN2_TO_AMINO_ACID_DEFICIENCY] was killed by [BILANGES_SERUM_AND_RAPAMYCIN_SENSITIVE_GENES,BILANGES_SERUM_AND_RAPAMYCIN_SENSITIVE_GENES]
[ZHOU_CELL_CYCLE_GENES_IN_IR_RESPONSE_24HR,ZHOU_CELL_CYCLE_GENES_IN_IR_RESPONSE_24HR] was killed by [FLORIO_NEOCORTEX_BASAL_RADIAL_GLIA_DN,FLORIO_NEOCORTEX_BASAL_RADIAL_GLIA_DN]
[BOYLAN_MULTIPLE_MYELOMA_PCA1_UP,BOYLAN_MULTIPLE_MYELOMA_PCA1_UP] was killed by [TONKS_TARGETS_OF_RUNX1_RUNX1T1_FUSION_ERYTHROCYTE_UP,TONKS_TARGETS_OF_RUNX1_RUNX1T1_FUSION_ERYTHROCYTE_UP]
[KYNG_WERNER_SYNDROM_AND_NORMAL_AGING_DN,KYNG_WERNER_SYNDROM_AND_NORMAL_AGING_DN] was killed by [REACTOME_GENE_AND_PROTEIN_EXPRESSION_BY_JAK_STAT_SIGNALING_AFTER_INTERLEUKIN_12_STIMULATION,REACTOME_GENE_AND_PROTEIN_EXPRESSION_BY_JAK_STAT_SIGNALING_AFTER_INTERLEUKIN_12_STIMULATION]
[ELVIDGE_HYPOXIA_BY_DMOG_UP,ELVIDGE_HYPOXIA_BY_DMOG_UP] was killed by [TONKS_TARGETS_OF_RUNX1_RUNX1T1_FUSION_ERYTHROCYTE_UP,TONKS_TARGETS_OF_RUNX1_RUNX1T1_FUSION_ERYTHROCYTE_UP]
[HOEBEKE_LYMPHOID_STEM_CELL_UP,HOEBEKE_LYMPHOID_STEM_CELL_UP] was killed by [MORI_LARGE_PRE_BII_LYMPHOCYTE_DN,MORI_LARGE_PRE_BII_LYMPHOCYTE_DN]
[GAVIN_FOXP3_TARGETS_CLUSTER_T7,GAVIN_FOXP3_TARGETS_CLUSTER_T7] was killed by [BILANGES_SERUM_AND_RAPAMYCIN_SENSITIVE_GENES,BILANGES_SERUM_AND_RAPAMYCIN_SENSITIVE_GENES]
[FAELT_B_CLL_WITH_VH_REARRANGEMENTS_UP,FAELT_B_CLL_WITH_VH_REARRANGEMENTS_UP] was killed by [SHAFFER_IRF4_TARGETS_IN_MYELOMA_VS_MATURE_B_LYMPHOCYTE,SHAFFER_IRF4_TARGETS_IN_MYELOMA_VS_MATURE_B_LYMPHOCYTE]
[BENPORATH_PROLIFERATION,BENPORATH_PROLIFERATION] was killed by [FLORIO_NEOCORTEX_BASAL_RADIAL_GLIA_DN,FLORIO_NEOCORTEX_BASAL_RADIAL_GLIA_DN]
[FURUKAWA_DUSP6_TARGETS_PCI35_DN,FURUKAWA_DUSP6_TARGETS_PCI35_DN] was killed by [FLORIO_NEOCORTEX_BASAL_RADIAL_GLIA_DN,FLORIO_NEOCORTEX_BASAL_RADIAL_GLIA_DN]
[REACTOME_ACTIVATION_OF_ANTERIOR_HOX_GENES_IN_HINDBRAIN_DEVELOPMENT_DURING_EARLY_EMBRYOGENESIS,REACTOME_ACTIVATION_OF_ANTERIOR_HOX_GENES_IN_HINDBRAIN_DEVELOPMENT_DURING_EARLY_EMBRYOGENESIS] was killed by [BLANCO_MELO_COVID19_SARS_COV_2_POS_PATIENT_LUNG_TISSUE_DN,BLANCO_MELO_COVID19_SARS_COV_2_POS_PATIENT_LUNG_TISSUE_DN]
[NELSON_RESPONSE_TO_ANDROGEN_UP,NELSON_RESPONSE_TO_ANDROGEN_UP] was killed by [TONKS_TARGETS_OF_RUNX1_RUNX1T1_FUSION_ERYTHROCYTE_UP,TONKS_TARGETS_OF_RUNX1_RUNX1T1_FUSION_ERYTHROCYTE_UP]
[PID_DELTA_NP63_PATHWAY,PID_DELTA_NP63_PATHWAY] was killed by [PID_HIF1A_PATHWAY,PID_HIF1A_PATHWAY]
[FERREIRA_EWINGS_SARCOMA_UNSTABLE_VS_STABLE_UP,FERREIRA_EWINGS_SARCOMA_UNSTABLE_VS_STABLE_UP] was killed by [FLORIO_NEOCORTEX_BASAL_RADIAL_GLIA_DN,FLORIO_NEOCORTEX_BASAL_RADIAL_GLIA_DN]
[REACTOME_INTERLEUKIN_12_SIGNALING,REACTOME_INTERLEUKIN_12_SIGNALING] was killed by [REACTOME_GENE_AND_PROTEIN_EXPRESSION_BY_JAK_STAT_SIGNALING_AFTER_INTERLEUKIN_12_STIMULATION,REACTOME_GENE_AND_PROTEIN_EXPRESSION_BY_JAK_STAT_SIGNALING_AFTER_INTERLEUKIN_12_STIMULATION]
[REACTOME_COPI_DEPENDENT_GOLGI_TO_ER_RETROGRADE_TRAFFIC,REACTOME_COPI_DEPENDENT_GOLGI_TO_ER_RETROGRADE_TRAFFIC] was killed by [FLORIO_NEOCORTEX_BASAL_RADIAL_GLIA_DN,FLORIO_NEOCORTEX_BASAL_RADIAL_GLIA_DN]
[ELVIDGE_HIF1A_AND_HIF2A_TARGETS_DN,ELVIDGE_HIF1A_AND_HIF2A_TARGETS_DN] was killed by [TONKS_TARGETS_OF_RUNX1_RUNX1T1_FUSION_ERYTHROCYTE_UP,TONKS_TARGETS_OF_RUNX1_RUNX1T1_FUSION_ERYTHROCYTE_UP]
[REACTOME_NONSENSE_MEDIATED_DECAY_NMD,REACTOME_NONSENSE_MEDIATED_DECAY_NMD] was killed by [BILANGES_SERUM_AND_RAPAMYCIN_SENSITIVE_GENES,BILANGES_SERUM_AND_RAPAMYCIN_SENSITIVE_GENES]
[BURTON_ADIPOGENESIS_PEAK_AT_24HR,BURTON_ADIPOGENESIS_PEAK_AT_24HR] was killed by [FLORIO_NEOCORTEX_BASAL_RADIAL_GLIA_DN,FLORIO_NEOCORTEX_BASAL_RADIAL_GLIA_DN]
