[GOBP_REGULATION_OF_MITOTIC_NUCLEAR_DIVISION,GOBP_REGULATION_OF_MITOTIC_NUCLEAR_DIVISION] was killed by [GOBP_REGULATION_OF_CHROMOSOME_SEPARATION,GOBP_REGULATION_OF_CHROMOSOME_SEPARATION]
[GOBP_REGULATION_OF_CHROMOSOME_SEGREGATION,GOBP_REGULATION_OF_CHROMOSOME_SEGREGATION] was killed by [GOBP_REGULATION_OF_CHROMOSOME_SEPARATION,GOBP_REGULATION_OF_CHROMOSOME_SEPARATION]
[GOBP_METAPHASE_ANAPHASE_TRANSITION_OF_CELL_CYCLE,GOBP_METAPHASE_ANAPHASE_TRANSITION_OF_CELL_CYCLE] was killed by [GOBP_REGULATION_OF_CHROMOSOME_SEPARATION,GOBP_REGULATION_OF_CHROMOSOME_SEPARATION]
[GOBP_REGULATION_OF_NUCLEAR_DIVISION,GOBP_REGULATION_OF_NUCLEAR_DIVISION] was killed by [GOBP_REGULATION_OF_CHROMOSOME_SEPARATION,GOBP_REGULATION_OF_CHROMOSOME_SEPARATION]
[GOBP_METAPHASE_PLATE_CONGRESSION,GOBP_METAPHASE_PLATE_CONGRESSION] was killed by [GOBP_REGULATION_OF_CHROMOSOME_SEPARATION,GOBP_REGULATION_OF_CHROMOSOME_SEPARATION]
[GOBP_MITOTIC_SISTER_CHROMATID_SEGREGATION,GOBP_MITOTIC_SISTER_CHROMATID_SEGREGATION] was killed by [GOBP_REGULATION_OF_CHROMOSOME_SEPARATION,GOBP_REGULATION_OF_CHROMOSOME_SEPARATION]
[GOMF_NUCLEAR_RECEPTOR_BINDING,GOMF_NUCLEAR_RECEPTOR_BINDING] was killed by [GOMF_HORMONE_RECEPTOR_BINDING,GOMF_HORMONE_RECEPTOR_BINDING]
[GOBP_REGULATION_OF_DENDRITE_MORPHOGENESIS,GOBP_REGULATION_OF_DENDRITE_MORPHOGENESIS] was killed by [GOBP_REGULATION_OF_DENDRITE_DEVELOPMENT,GOBP_REGULATION_OF_DENDRITE_DEVELOPMENT]
[GOBP_RNA_PHOSPHODIESTER_BOND_HYDROLYSIS,GOBP_RNA_PHOSPHODIESTER_BOND_HYDROLYSIS] was killed by [GOBP_P_BODY_ASSEMBLY,GOBP_P_BODY_ASSEMBLY]
[GOBP_DENDRITE_MORPHOGENESIS,GOBP_DENDRITE_MORPHOGENESIS] was killed by [GOBP_REGULATION_OF_DENDRITE_DEVELOPMENT,GOBP_REGULATION_OF_DENDRITE_DEVELOPMENT]
[GOMF_RIBONUCLEASE_ACTIVITY,GOMF_RIBONUCLEASE_ACTIVITY] was killed by [GOBP_P_BODY_ASSEMBLY,GOBP_P_BODY_ASSEMBLY]
[GOBP_CHROMOSOME_LOCALIZATION,GOBP_CHROMOSOME_LOCALIZATION] was killed by [GOBP_REGULATION_OF_CHROMOSOME_SEPARATION,GOBP_REGULATION_OF_CHROMOSOME_SEPARATION]
[GOBP_POSITIVE_REGULATION_OF_PEPTIDYL_SERINE_PHOSPHORYLATION,GOBP_POSITIVE_REGULATION_OF_PEPTIDYL_SERINE_PHOSPHORYLATION] was killed by [GOBP_PROTEIN_STABILIZATION,GOBP_PROTEIN_STABILIZATION]
[GOBP_PROTEIN_IMPORT,GOBP_PROTEIN_IMPORT] was killed by [GOBP_PROTEIN_STABILIZATION,GOBP_PROTEIN_STABILIZATION]
[GOMF_NUCLEAR_HORMONE_RECEPTOR_BINDING,GOMF_NUCLEAR_HORMONE_RECEPTOR_BINDING] was killed by [GOMF_HORMONE_RECEPTOR_BINDING,GOMF_HORMONE_RECEPTOR_BINDING]
[GOBP_CHROMOSOME_SEPARATION,GOBP_CHROMOSOME_SEPARATION] was killed by [GOBP_REGULATION_OF_CHROMOSOME_SEPARATION,GOBP_REGULATION_OF_CHROMOSOME_SEPARATION]
[GOBP_RNA_PHOSPHODIESTER_BOND_HYDROLYSIS_EXONUCLEOLYTIC,GOBP_RNA_PHOSPHODIESTER_BOND_HYDROLYSIS_EXONUCLEOLYTIC] was killed by [GOBP_P_BODY_ASSEMBLY,GOBP_P_BODY_ASSEMBLY]
[GOMF_EXORIBONUCLEASE_ACTIVITY,GOMF_EXORIBONUCLEASE_ACTIVITY] was killed by [GOBP_P_BODY_ASSEMBLY,GOBP_P_BODY_ASSEMBLY]
[GOMF_UNFOLDED_PROTEIN_BINDING,GOMF_UNFOLDED_PROTEIN_BINDING] was killed by [GOBP_PROTEIN_STABILIZATION,GOBP_PROTEIN_STABILIZATION]
[GOBP_POSITIVE_REGULATION_OF_STRESS_ACTIVATED_PROTEIN_KINASE_SIGNALING_CASCADE,GOBP_POSITIVE_REGULATION_OF_STRESS_ACTIVATED_PROTEIN_KINASE_SIGNALING_CASCADE] was killed by [GOBP_PROTEIN_STABILIZATION,GOBP_PROTEIN_STABILIZATION]
[GOBP_REGULATION_OF_DENDRITIC_SPINE_MORPHOGENESIS,GOBP_REGULATION_OF_DENDRITIC_SPINE_MORPHOGENESIS] was killed by [GOBP_REGULATION_OF_DENDRITE_DEVELOPMENT,GOBP_REGULATION_OF_DENDRITE_DEVELOPMENT]
[GOBP_NEGATIVE_REGULATION_OF_CELL_DEVELOPMENT,GOBP_NEGATIVE_REGULATION_OF_CELL_DEVELOPMENT] was killed by [GOBP_REGULATION_OF_DENDRITE_DEVELOPMENT,GOBP_REGULATION_OF_DENDRITE_DEVELOPMENT]
[GOBP_REGULATION_OF_MRNA_SPLICING_VIA_SPLICEOSOME,GOBP_REGULATION_OF_MRNA_SPLICING_VIA_SPLICEOSOME] was killed by [GOMF_HORMONE_RECEPTOR_BINDING,GOMF_HORMONE_RECEPTOR_BINDING]
[GOBP_SUBSTRATE_ADHESION_DEPENDENT_CELL_SPREADING,GOBP_SUBSTRATE_ADHESION_DEPENDENT_CELL_SPREADING] was killed by [GOBP_PROTEIN_STABILIZATION,GOBP_PROTEIN_STABILIZATION]
[GOBP_AMINO_ACID_TRANSPORT,GOBP_AMINO_ACID_TRANSPORT] was killed by [GOBP_ACIDIC_AMINO_ACID_TRANSPORT,GOBP_ACIDIC_AMINO_ACID_TRANSPORT]
[GOBP_POSITIVE_REGULATION_OF_NUCLEAR_DIVISION,GOBP_POSITIVE_REGULATION_OF_NUCLEAR_DIVISION] was killed by [GOBP_REGULATION_OF_CHROMOSOME_SEPARATION,GOBP_REGULATION_OF_CHROMOSOME_SEPARATION]
[GOBP_CELLULAR_RESPONSE_TO_REACTIVE_OXYGEN_SPECIES,GOBP_CELLULAR_RESPONSE_TO_REACTIVE_OXYGEN_SPECIES] was killed by [GOBP_CELLULAR_RESPONSE_TO_HYDROGEN_PEROXIDE,GOBP_CELLULAR_RESPONSE_TO_HYDROGEN_PEROXIDE]
[GOBP_REGULATION_OF_TELOMERASE_ACTIVITY,GOBP_REGULATION_OF_TELOMERASE_ACTIVITY] was killed by [GOBP_PROTEIN_STABILIZATION,GOBP_PROTEIN_STABILIZATION]
[GOBP_REGULATION_OF_PEPTIDYL_SERINE_PHOSPHORYLATION,GOBP_REGULATION_OF_PEPTIDYL_SERINE_PHOSPHORYLATION] was killed by [GOBP_PROTEIN_STABILIZATION,GOBP_PROTEIN_STABILIZATION]
[GOBP_POSITIVE_REGULATION_OF_CELL_CYCLE_PHASE_TRANSITION,GOBP_POSITIVE_REGULATION_OF_CELL_CYCLE_PHASE_TRANSITION] was killed by [GOBP_REGULATION_OF_CHROMOSOME_SEPARATION,GOBP_REGULATION_OF_CHROMOSOME_SEPARATION]
[GOBP_PROTEIN_TARGETING_TO_MITOCHONDRION,GOBP_PROTEIN_TARGETING_TO_MITOCHONDRION] was killed by [GOBP_PROTEIN_STABILIZATION,GOBP_PROTEIN_STABILIZATION]
