[WP_DNA_IRDAMAGE_AND_CELLULAR_RESPONSE_VIA_ATR,WP_DNA_IRDAMAGE_AND_CELLULAR_RESPONSE_VIA_ATR] was killed by [WP_DNA_REPAIR_PATHWAYS_FULL_NETWORK,WP_DNA_REPAIR_PATHWAYS_FULL_NETWORK]
[WP_ALZHEIMERS_DISEASE,WP_ALZHEIMERS_DISEASE] was killed by [WP_PARKINSONS_DISEASE_PATHWAY,WP_PARKINSONS_DISEASE_PATHWAY]
[WP_MITOCHONDRIAL_COMPLEX_I_ASSEMBLY_MODEL_OXPHOS_SYSTEM,WP_MITOCHONDRIAL_COMPLEX_I_ASSEMBLY_MODEL_OXPHOS_SYSTEM] was killed by [WP_ELECTRON_TRANSPORT_CHAIN_OXPHOS_SYSTEM_IN_MITOCHONDRIA,WP_ELECTRON_TRANSPORT_CHAIN_OXPHOS_SYSTEM_IN_MITOCHONDRIA]
[WP_CELL_DIFFERENTIATION_INDEX,WP_CELL_DIFFERENTIATION_INDEX] was killed by [WP_CELL_DIFFERENTIATION_INDEX_EXPANDED,WP_CELL_DIFFERENTIATION_INDEX_EXPANDED]
[WP_NUCLEOTIDE_EXCISION_REPAIR,WP_NUCLEOTIDE_EXCISION_REPAIR] was killed by [WP_DNA_REPAIR_PATHWAYS_FULL_NETWORK,WP_DNA_REPAIR_PATHWAYS_FULL_NETWORK]
[WP_OXIDATIVE_PHOSPHORYLATION,WP_OXIDATIVE_PHOSPHORYLATION] was killed by [WP_ELECTRON_TRANSPORT_CHAIN_OXPHOS_SYSTEM_IN_MITOCHONDRIA,WP_ELECTRON_TRANSPORT_CHAIN_OXPHOS_SYSTEM_IN_MITOCHONDRIA]
[WP_DNA_MISMATCH_REPAIR,WP_DNA_MISMATCH_REPAIR] was killed by [WP_DNA_REPAIR_PATHWAYS_FULL_NETWORK,WP_DNA_REPAIR_PATHWAYS_FULL_NETWORK]
[WP_DNA_REPLICATION,WP_DNA_REPLICATION] was killed by [WP_DNA_REPAIR_PATHWAYS_FULL_NETWORK,WP_DNA_REPAIR_PATHWAYS_FULL_NETWORK]
[WP_RETINOBLASTOMA_GENE_IN_CANCER,WP_RETINOBLASTOMA_GENE_IN_CANCER] was killed by [WP_DNA_REPAIR_PATHWAYS_FULL_NETWORK,WP_DNA_REPAIR_PATHWAYS_FULL_NETWORK]
[WP_MIRNAS_INVOLVED_IN_DNA_DAMAGE_RESPONSE,WP_MIRNAS_INVOLVED_IN_DNA_DAMAGE_RESPONSE] was killed by [WP_CELL_DIFFERENTIATION_INDEX_EXPANDED,WP_CELL_DIFFERENTIATION_INDEX_EXPANDED]
[WP_METASTATIC_BRAIN_TUMOR,WP_METASTATIC_BRAIN_TUMOR] was killed by [WP_PARKINSONS_DISEASE_PATHWAY,WP_PARKINSONS_DISEASE_PATHWAY]
[WP_BASE_EXCISION_REPAIR,WP_BASE_EXCISION_REPAIR] was killed by [WP_DNA_REPAIR_PATHWAYS_FULL_NETWORK,WP_DNA_REPAIR_PATHWAYS_FULL_NETWORK]
[WP_INTEGRATED_BREAST_CANCER_PATHWAY,WP_INTEGRATED_BREAST_CANCER_PATHWAY] was killed by [WP_DNA_REPAIR_PATHWAYS_FULL_NETWORK,WP_DNA_REPAIR_PATHWAYS_FULL_NETWORK]
[WP_EGFEGFR_SIGNALING_PATHWAY,WP_EGFEGFR_SIGNALING_PATHWAY] was killed by [WP_OVERVIEW_OF_INTERFERONSMEDIATED_SIGNALING_PATHWAY,WP_OVERVIEW_OF_INTERFERONSMEDIATED_SIGNALING_PATHWAY]
[WP_EUKARYOTIC_TRANSCRIPTION_INITIATION,WP_EUKARYOTIC_TRANSCRIPTION_INITIATION] was killed by [WP_DNA_REPAIR_PATHWAYS_FULL_NETWORK,WP_DNA_REPAIR_PATHWAYS_FULL_NETWORK]
[WP_TCA_CYCLE_AKA_KREBS_OR_CITRIC_ACID_CYCLE,WP_TCA_CYCLE_AKA_KREBS_OR_CITRIC_ACID_CYCLE] was killed by [WP_ELECTRON_TRANSPORT_CHAIN_OXPHOS_SYSTEM_IN_MITOCHONDRIA,WP_ELECTRON_TRANSPORT_CHAIN_OXPHOS_SYSTEM_IN_MITOCHONDRIA]
[WP_ARRHYTHMOGENIC_RIGHT_VENTRICULAR_CARDIOMYOPATHY,WP_ARRHYTHMOGENIC_RIGHT_VENTRICULAR_CARDIOMYOPATHY] was killed by [WP_MIRNA_TARGETS_IN_ECM_AND_MEMBRANE_RECEPTORS,WP_MIRNA_TARGETS_IN_ECM_AND_MEMBRANE_RECEPTORS]
[WP_SLEEP_REGULATION,WP_SLEEP_REGULATION] was killed by [WP_GPCRS_OTHER,WP_GPCRS_OTHER]
[WP_MITOCHONDRIAL_CIV_ASSEMBLY,WP_MITOCHONDRIAL_CIV_ASSEMBLY] was killed by [WP_ELECTRON_TRANSPORT_CHAIN_OXPHOS_SYSTEM_IN_MITOCHONDRIA,WP_ELECTRON_TRANSPORT_CHAIN_OXPHOS_SYSTEM_IN_MITOCHONDRIA]
[WP_INTERACTIONS_BETWEEN_IMMUNE_CELLS_AND_MICRORNAS_IN_TUMOR_MICROENVIRONMENT,WP_INTERACTIONS_BETWEEN_IMMUNE_CELLS_AND_MICRORNAS_IN_TUMOR_MICROENVIRONMENT] was killed by [WP_MIRNA_TARGETS_IN_ECM_AND_MEMBRANE_RECEPTORS,WP_MIRNA_TARGETS_IN_ECM_AND_MEMBRANE_RECEPTORS]
[WP_HIPPOMERLIN_SIGNALING_DYSREGULATION,WP_HIPPOMERLIN_SIGNALING_DYSREGULATION] was killed by [WP_MIRNA_TARGETS_IN_ECM_AND_MEMBRANE_RECEPTORS,WP_MIRNA_TARGETS_IN_ECM_AND_MEMBRANE_RECEPTORS]
[WP_PROTEASOME_DEGRADATION,WP_PROTEASOME_DEGRADATION] was killed by [WP_PARKINSONS_DISEASE_PATHWAY,WP_PARKINSONS_DISEASE_PATHWAY]
[WP_KIT_RECEPTOR_SIGNALING_PATHWAY,WP_KIT_RECEPTOR_SIGNALING_PATHWAY] was killed by [WP_OVERVIEW_OF_INTERFERONSMEDIATED_SIGNALING_PATHWAY,WP_OVERVIEW_OF_INTERFERONSMEDIATED_SIGNALING_PATHWAY]
[WP_MONOAMINE_GPCRS,WP_MONOAMINE_GPCRS] was killed by [WP_GPCRS_OTHER,WP_GPCRS_OTHER]
[WP_CHROMOSOMAL_AND_MICROSATELLITE_INSTABILITY_IN_COLORECTAL_CANCER,WP_CHROMOSOMAL_AND_MICROSATELLITE_INSTABILITY_IN_COLORECTAL_CANCER] was killed by [WP_DNA_REPAIR_PATHWAYS_FULL_NETWORK,WP_DNA_REPAIR_PATHWAYS_FULL_NETWORK]
[WP_G1_TO_S_CELL_CYCLE_CONTROL,WP_G1_TO_S_CELL_CYCLE_CONTROL] was killed by [WP_DNA_REPAIR_PATHWAYS_FULL_NETWORK,WP_DNA_REPAIR_PATHWAYS_FULL_NETWORK]
[WP_MIRNA_REGULATION_OF_PROSTATE_CANCER_SIGNALING_PATHWAYS,WP_MIRNA_REGULATION_OF_PROSTATE_CANCER_SIGNALING_PATHWAYS] was killed by [WP_PARKINSONS_DISEASE_PATHWAY,WP_PARKINSONS_DISEASE_PATHWAY]
[WP_ENERGY_METABOLISM,WP_ENERGY_METABOLISM] was killed by [WP_CELL_DIFFERENTIATION_INDEX_EXPANDED,WP_CELL_DIFFERENTIATION_INDEX_EXPANDED]
[WP_REGULATION_OF_MICROTUBULE_CYTOSKELETON,WP_REGULATION_OF_MICROTUBULE_CYTOSKELETON] was killed by [WP_PATHOGENIC_ESCHERICHIA_COLI_INFECTION,WP_PATHOGENIC_ESCHERICHIA_COLI_INFECTION]
[WP_MIRNAS_INVOLVEMENT_IN_THE_IMMUNE_RESPONSE_IN_SEPSIS,WP_MIRNAS_INVOLVEMENT_IN_THE_IMMUNE_RESPONSE_IN_SEPSIS] was killed by [WP_CELL_DIFFERENTIATION_INDEX_EXPANDED,WP_CELL_DIFFERENTIATION_INDEX_EXPANDED]
[WP_CARDIAC_PROGENITOR_DIFFERENTIATION,WP_CARDIAC_PROGENITOR_DIFFERENTIATION] was killed by [WP_STRIATED_MUSCLE_CONTRACTION_PATHWAY,WP_STRIATED_MUSCLE_CONTRACTION_PATHWAY]
[WP_ANDROGEN_RECEPTOR_SIGNALING_PATHWAY,WP_ANDROGEN_RECEPTOR_SIGNALING_PATHWAY] was killed by [WP_PATHOGENIC_ESCHERICHIA_COLI_INFECTION,WP_PATHOGENIC_ESCHERICHIA_COLI_INFECTION]
[WP_INSULIN_SIGNALING,WP_INSULIN_SIGNALING] was killed by [WP_STEROL_REGULATORY_ELEMENTBINDING_PROTEINS_SREBP_SIGNALLING,WP_STEROL_REGULATORY_ELEMENTBINDING_PROTEINS_SREBP_SIGNALLING]
[WP_G13_SIGNALING_PATHWAY,WP_G13_SIGNALING_PATHWAY] was killed by [WP_PATHOGENIC_ESCHERICHIA_COLI_INFECTION,WP_PATHOGENIC_ESCHERICHIA_COLI_INFECTION]
[WP_B_CELL_RECEPTOR_SIGNALING_PATHWAY,WP_B_CELL_RECEPTOR_SIGNALING_PATHWAY] was killed by [WP_PATHOGENIC_ESCHERICHIA_COLI_INFECTION,WP_PATHOGENIC_ESCHERICHIA_COLI_INFECTION]
[WP_PURINE_METABOLISM_AND_RELATED_DISORDERS,WP_PURINE_METABOLISM_AND_RELATED_DISORDERS] was killed by [WP_METABOLIC_REPROGRAMMING_IN_COLON_CANCER,WP_METABOLIC_REPROGRAMMING_IN_COLON_CANCER]
[WP_PEPTIDE_GPCRS,WP_PEPTIDE_GPCRS] was killed by [WP_GPCRS_OTHER,WP_GPCRS_OTHER]
[WP_INFLAMMATORY_RESPONSE_PATHWAY,WP_INFLAMMATORY_RESPONSE_PATHWAY] was killed by [WP_MIRNA_TARGETS_IN_ECM_AND_MEMBRANE_RECEPTORS,WP_MIRNA_TARGETS_IN_ECM_AND_MEMBRANE_RECEPTORS]
[WP_FOLATE_METABOLISM,WP_FOLATE_METABOLISM] was killed by [WP_HUMAN_COMPLEMENT_SYSTEM,WP_HUMAN_COMPLEMENT_SYSTEM]
[WP_NONALCOHOLIC_FATTY_LIVER_DISEASE,WP_NONALCOHOLIC_FATTY_LIVER_DISEASE] was killed by [WP_ELECTRON_TRANSPORT_CHAIN_OXPHOS_SYSTEM_IN_MITOCHONDRIA,WP_ELECTRON_TRANSPORT_CHAIN_OXPHOS_SYSTEM_IN_MITOCHONDRIA]
[WP_IL3_SIGNALING_PATHWAY,WP_IL3_SIGNALING_PATHWAY] was killed by [WP_OVERVIEW_OF_INTERFERONSMEDIATED_SIGNALING_PATHWAY,WP_OVERVIEW_OF_INTERFERONSMEDIATED_SIGNALING_PATHWAY]
[WP_PLATELETMEDIATED_INTERACTIONS_WITH_VASCULAR_AND_CIRCULATING_CELLS,WP_PLATELETMEDIATED_INTERACTIONS_WITH_VASCULAR_AND_CIRCULATING_CELLS] was killed by [WP_HUMAN_COMPLEMENT_SYSTEM,WP_HUMAN_COMPLEMENT_SYSTEM]
[WP_TGFBETA_RECEPTOR_SIGNALING,WP_TGFBETA_RECEPTOR_SIGNALING] was killed by [WP_CELL_DIFFERENTIATION_INDEX_EXPANDED,WP_CELL_DIFFERENTIATION_INDEX_EXPANDED]
[WP_METAPATHWAY_BIOTRANSFORMATION_PHASE_I_AND_II,WP_METAPATHWAY_BIOTRANSFORMATION_PHASE_I_AND_II] was killed by [WP_MRNA_PROCESSING,WP_MRNA_PROCESSING]
[WP_LEPTIN_SIGNALING_PATHWAY,WP_LEPTIN_SIGNALING_PATHWAY] was killed by [WP_OVERVIEW_OF_INTERFERONSMEDIATED_SIGNALING_PATHWAY,WP_OVERVIEW_OF_INTERFERONSMEDIATED_SIGNALING_PATHWAY]
[WP_SARS_CORONAVIRUS_AND_INNATE_IMMUNITY,WP_SARS_CORONAVIRUS_AND_INNATE_IMMUNITY] was killed by [WP_OVERVIEW_OF_INTERFERONSMEDIATED_SIGNALING_PATHWAY,WP_OVERVIEW_OF_INTERFERONSMEDIATED_SIGNALING_PATHWAY]
[WP_MITOCHONDRIAL_CIII_ASSEMBLY,WP_MITOCHONDRIAL_CIII_ASSEMBLY] was killed by [WP_ELECTRON_TRANSPORT_CHAIN_OXPHOS_SYSTEM_IN_MITOCHONDRIA,WP_ELECTRON_TRANSPORT_CHAIN_OXPHOS_SYSTEM_IN_MITOCHONDRIA]
[WP_PYRIMIDINE_METABOLISM,WP_PYRIMIDINE_METABOLISM] was killed by [WP_DNA_REPAIR_PATHWAYS_FULL_NETWORK,WP_DNA_REPAIR_PATHWAYS_FULL_NETWORK]
[WP_GLYCOGEN_SYNTHESIS_AND_DEGRADATION,WP_GLYCOGEN_SYNTHESIS_AND_DEGRADATION] was killed by [WP_GLUCURONIDATION,WP_GLUCURONIDATION]
[WP_GENES_CONTROLLING_NEPHROGENESIS,WP_GENES_CONTROLLING_NEPHROGENESIS] was killed by [WP_PATHOGENIC_ESCHERICHIA_COLI_INFECTION,WP_PATHOGENIC_ESCHERICHIA_COLI_INFECTION]
[WP_ONCOSTATIN_M_SIGNALING_PATHWAY,WP_ONCOSTATIN_M_SIGNALING_PATHWAY] was killed by [WP_OVERVIEW_OF_INTERFERONSMEDIATED_SIGNALING_PATHWAY,WP_OVERVIEW_OF_INTERFERONSMEDIATED_SIGNALING_PATHWAY]
[WP_APOPTOSIS,WP_APOPTOSIS] was killed by [WP_PARKINSONS_DISEASE_PATHWAY,WP_PARKINSONS_DISEASE_PATHWAY]
[WP_NSP1_FROM_SARSCOV2_INHIBITS_TRANSLATION_INITIATION_IN_THE_HOST_CELL,WP_NSP1_FROM_SARSCOV2_INHIBITS_TRANSLATION_INITIATION_IN_THE_HOST_CELL] was killed by [WP_TRANSLATION_FACTORS,WP_TRANSLATION_FACTORS]
[WP_FOLLICLE_STIMULATING_HORMONE_FSH_SIGNALING_PATHWAY,WP_FOLLICLE_STIMULATING_HORMONE_FSH_SIGNALING_PATHWAY] was killed by [WP_CYTOPLASMIC_RIBOSOMAL_PROTEINS,WP_CYTOPLASMIC_RIBOSOMAL_PROTEINS]
[WP_CYTOSOLIC_DNASENSING_PATHWAY,WP_CYTOSOLIC_DNASENSING_PATHWAY] was killed by [WP_OVERVIEW_OF_INTERFERONSMEDIATED_SIGNALING_PATHWAY,WP_OVERVIEW_OF_INTERFERONSMEDIATED_SIGNALING_PATHWAY]
[WP_TGFBETA_RECEPTOR_SIGNALLING_IN_SKELETAL_DYSPLASIAS,WP_TGFBETA_RECEPTOR_SIGNALLING_IN_SKELETAL_DYSPLASIAS] was killed by [WP_CELL_DIFFERENTIATION_INDEX_EXPANDED,WP_CELL_DIFFERENTIATION_INDEX_EXPANDED]
[WP_NETRINUNC5B_SIGNALING_PATHWAY,WP_NETRINUNC5B_SIGNALING_PATHWAY] was killed by [WP_PATHOGENIC_ESCHERICHIA_COLI_INFECTION,WP_PATHOGENIC_ESCHERICHIA_COLI_INFECTION]
[WP_THE_EFFECT_OF_PROGERIN_ON_THE_INVOLVED_GENES_IN_HUTCHINSONGILFORD_PROGERIA_SYNDROME,WP_THE_EFFECT_OF_PROGERIN_ON_THE_INVOLVED_GENES_IN_HUTCHINSONGILFORD_PROGERIA_SYNDROME] was killed by [WP_HISTONE_MODIFICATIONS,WP_HISTONE_MODIFICATIONS]
[WP_LET7_INHIBITION_OF_ES_CELL_REPROGRAMMING,WP_LET7_INHIBITION_OF_ES_CELL_REPROGRAMMING] was killed by [WP_CELL_DIFFERENTIATION_INDEX_EXPANDED,WP_CELL_DIFFERENTIATION_INDEX_EXPANDED]
[WP_DNA_IRDOUBLE_STRAND_BREAKS_DSBS_AND_CELLULAR_RESPONSE_VIA_ATM,WP_DNA_IRDOUBLE_STRAND_BREAKS_DSBS_AND_CELLULAR_RESPONSE_VIA_ATM] was killed by [WP_DNA_REPAIR_PATHWAYS_FULL_NETWORK,WP_DNA_REPAIR_PATHWAYS_FULL_NETWORK]
[WP_TCA_CYCLE_AND_DEFICIENCY_OF_PYRUVATE_DEHYDROGENASE_COMPLEX_PDHC,WP_TCA_CYCLE_AND_DEFICIENCY_OF_PYRUVATE_DEHYDROGENASE_COMPLEX_PDHC] was killed by [WP_STEROL_REGULATORY_ELEMENTBINDING_PROTEINS_SREBP_SIGNALLING,WP_STEROL_REGULATORY_ELEMENTBINDING_PROTEINS_SREBP_SIGNALLING]
[WP_CELL_CYCLE,WP_CELL_CYCLE] was killed by [WP_DNA_REPAIR_PATHWAYS_FULL_NETWORK,WP_DNA_REPAIR_PATHWAYS_FULL_NETWORK]
[WP_PRIMARY_FOCAL_SEGMENTAL_GLOMERULOSCLEROSIS_FSGS,WP_PRIMARY_FOCAL_SEGMENTAL_GLOMERULOSCLEROSIS_FSGS] was killed by [WP_HUMAN_COMPLEMENT_SYSTEM,WP_HUMAN_COMPLEMENT_SYSTEM]
[WP_CILIOPATHIES,WP_CILIOPATHIES] was killed by [WP_MRNA_PROCESSING,WP_MRNA_PROCESSING]
[WP_DNA_DAMAGE_RESPONSE,WP_DNA_DAMAGE_RESPONSE] was killed by [WP_DNA_REPAIR_PATHWAYS_FULL_NETWORK,WP_DNA_REPAIR_PATHWAYS_FULL_NETWORK]
[WP_PDGF_PATHWAY,WP_PDGF_PATHWAY] was killed by [WP_OVERVIEW_OF_INTERFERONSMEDIATED_SIGNALING_PATHWAY,WP_OVERVIEW_OF_INTERFERONSMEDIATED_SIGNALING_PATHWAY]
[WP_FARNESOID_X_RECEPTOR_PATHWAY,WP_FARNESOID_X_RECEPTOR_PATHWAY] was killed by [WP_DRUG_INDUCTION_OF_BILE_ACID_PATHWAY,WP_DRUG_INDUCTION_OF_BILE_ACID_PATHWAY]
[WP_BRAINDERIVED_NEUROTROPHIC_FACTOR_BDNF_SIGNALING_PATHWAY,WP_BRAINDERIVED_NEUROTROPHIC_FACTOR_BDNF_SIGNALING_PATHWAY] was killed by [WP_TRANSLATION_FACTORS,WP_TRANSLATION_FACTORS]
[WP_P38_MAPK_SIGNALING_PATHWAY,WP_P38_MAPK_SIGNALING_PATHWAY] was killed by [WP_RALA_DOWNSTREAM_REGULATED_GENES,WP_RALA_DOWNSTREAM_REGULATED_GENES]
[WP_IL6_SIGNALING_PATHWAY,WP_IL6_SIGNALING_PATHWAY] was killed by [WP_OVERVIEW_OF_INTERFERONSMEDIATED_SIGNALING_PATHWAY,WP_OVERVIEW_OF_INTERFERONSMEDIATED_SIGNALING_PATHWAY]
[WP_VITAMIN_D_RECEPTOR_PATHWAY,WP_VITAMIN_D_RECEPTOR_PATHWAY] was killed by [WP_MRNA_PROCESSING,WP_MRNA_PROCESSING]
[WP_TGFBETA_SIGNALING_PATHWAY,WP_TGFBETA_SIGNALING_PATHWAY] was killed by [WP_RALA_DOWNSTREAM_REGULATED_GENES,WP_RALA_DOWNSTREAM_REGULATED_GENES]
[WP_INTRAFLAGELLAR_TRANSPORT_PROTEINS_BINDING_TO_DYNEIN,WP_INTRAFLAGELLAR_TRANSPORT_PROTEINS_BINDING_TO_DYNEIN] was killed by [WP_GENES_RELATED_TO_PRIMARY_CILIUM_DEVELOPMENT_BASED_ON_CRISPR,WP_GENES_RELATED_TO_PRIMARY_CILIUM_DEVELOPMENT_BASED_ON_CRISPR]
[WP_MAPK_CASCADE,WP_MAPK_CASCADE] was killed by [WP_RALA_DOWNSTREAM_REGULATED_GENES,WP_RALA_DOWNSTREAM_REGULATED_GENES]
[WP_AUTOPHAGY,WP_AUTOPHAGY] was killed by [WP_STEROL_REGULATORY_ELEMENTBINDING_PROTEINS_SREBP_SIGNALLING,WP_STEROL_REGULATORY_ELEMENTBINDING_PROTEINS_SREBP_SIGNALLING]
[WP_ESTROGEN_SIGNALING_PATHWAY,WP_ESTROGEN_SIGNALING_PATHWAY] was killed by [WP_STEROL_REGULATORY_ELEMENTBINDING_PROTEINS_SREBP_SIGNALLING,WP_STEROL_REGULATORY_ELEMENTBINDING_PROTEINS_SREBP_SIGNALLING]
[WP_SELENIUM_MICRONUTRIENT_NETWORK,WP_SELENIUM_MICRONUTRIENT_NETWORK] was killed by [WP_HUMAN_COMPLEMENT_SYSTEM,WP_HUMAN_COMPLEMENT_SYSTEM]
[WP_REGUCALCIN_IN_PROXIMAL_TUBULE_EPITHELIAL_KIDNEY_CELLS,WP_REGUCALCIN_IN_PROXIMAL_TUBULE_EPITHELIAL_KIDNEY_CELLS] was killed by [WP_PARKINSONS_DISEASE_PATHWAY,WP_PARKINSONS_DISEASE_PATHWAY]
[WP_GPCRS_CLASS_B_SECRETINLIKE,WP_GPCRS_CLASS_B_SECRETINLIKE] was killed by [WP_GPCRS_OTHER,WP_GPCRS_OTHER]
[WP_PROLACTIN_SIGNALING_PATHWAY,WP_PROLACTIN_SIGNALING_PATHWAY] was killed by [WP_OVERVIEW_OF_INTERFERONSMEDIATED_SIGNALING_PATHWAY,WP_OVERVIEW_OF_INTERFERONSMEDIATED_SIGNALING_PATHWAY]
[WP_GLUCOCORTICOID_RECEPTOR_PATHWAY,WP_GLUCOCORTICOID_RECEPTOR_PATHWAY] was killed by [WP_DRUG_INDUCTION_OF_BILE_ACID_PATHWAY,WP_DRUG_INDUCTION_OF_BILE_ACID_PATHWAY]
[WP_ENDOCHONDRAL_OSSIFICATION,WP_ENDOCHONDRAL_OSSIFICATION] was killed by [WP_ROLE_OF_OSX_AND_MIRNAS_IN_TOOTH_DEVELOPMENT,WP_ROLE_OF_OSX_AND_MIRNAS_IN_TOOTH_DEVELOPMENT]
[WP_ENDOCHONDRAL_OSSIFICATION_WITH_SKELETAL_DYSPLASIAS,WP_ENDOCHONDRAL_OSSIFICATION_WITH_SKELETAL_DYSPLASIAS] was killed by [WP_ROLE_OF_OSX_AND_MIRNAS_IN_TOOTH_DEVELOPMENT,WP_ROLE_OF_OSX_AND_MIRNAS_IN_TOOTH_DEVELOPMENT]
[WP_HEAD_AND_NECK_SQUAMOUS_CELL_CARCINOMA,WP_HEAD_AND_NECK_SQUAMOUS_CELL_CARCINOMA] was killed by [WP_ROLE_OF_OSX_AND_MIRNAS_IN_TOOTH_DEVELOPMENT,WP_ROLE_OF_OSX_AND_MIRNAS_IN_TOOTH_DEVELOPMENT]
[WP_THE_HUMAN_IMMUNE_RESPONSE_TO_TUBERCULOSIS,WP_THE_HUMAN_IMMUNE_RESPONSE_TO_TUBERCULOSIS] was killed by [WP_OVERVIEW_OF_INTERFERONSMEDIATED_SIGNALING_PATHWAY,WP_OVERVIEW_OF_INTERFERONSMEDIATED_SIGNALING_PATHWAY]
[WP_SEROTONIN_AND_ANXIETY,WP_SEROTONIN_AND_ANXIETY] was killed by [WP_GPCRS_OTHER,WP_GPCRS_OTHER]
[WP_ATM_SIGNALING_NETWORK_IN_DEVELOPMENT_AND_DISEASE,WP_ATM_SIGNALING_NETWORK_IN_DEVELOPMENT_AND_DISEASE] was killed by [WP_DNA_REPAIR_PATHWAYS_FULL_NETWORK,WP_DNA_REPAIR_PATHWAYS_FULL_NETWORK]
[WP_VIRAL_ACUTE_MYOCARDITIS,WP_VIRAL_ACUTE_MYOCARDITIS] was killed by [WP_PARKINSONS_DISEASE_PATHWAY,WP_PARKINSONS_DISEASE_PATHWAY]
[WP_HEPATITIS_C_AND_HEPATOCELLULAR_CARCINOMA,WP_HEPATITIS_C_AND_HEPATOCELLULAR_CARCINOMA] was killed by [WP_PARKINSONS_DISEASE_PATHWAY,WP_PARKINSONS_DISEASE_PATHWAY]
[WP_TRANSSULFURATION_AND_ONE_CARBON_METABOLISM,WP_TRANSSULFURATION_AND_ONE_CARBON_METABOLISM] was killed by [WP_METABOLIC_REPROGRAMMING_IN_COLON_CANCER,WP_METABOLIC_REPROGRAMMING_IN_COLON_CANCER]
[WP_MET_IN_TYPE_1_PAPILLARY_RENAL_CELL_CARCINOMA,WP_MET_IN_TYPE_1_PAPILLARY_RENAL_CELL_CARCINOMA] was killed by [WP_RALA_DOWNSTREAM_REGULATED_GENES,WP_RALA_DOWNSTREAM_REGULATED_GENES]
[WP_DISRUPTION_OF_POSTSYNAPTIC_SIGNALLING_BY_CNV,WP_DISRUPTION_OF_POSTSYNAPTIC_SIGNALLING_BY_CNV] was killed by [WP_PHOSPHODIESTERASES_IN_NEURONAL_FUNCTION,WP_PHOSPHODIESTERASES_IN_NEURONAL_FUNCTION]
[WP_DOPAMINERGIC_NEUROGENESIS,WP_DOPAMINERGIC_NEUROGENESIS] was killed by [WP_PARKINSONS_DISEASE_PATHWAY,WP_PARKINSONS_DISEASE_PATHWAY]
[WP_PANCREATIC_ADENOCARCINOMA_PATHWAY,WP_PANCREATIC_ADENOCARCINOMA_PATHWAY] was killed by [WP_OVERVIEW_OF_INTERFERONSMEDIATED_SIGNALING_PATHWAY,WP_OVERVIEW_OF_INTERFERONSMEDIATED_SIGNALING_PATHWAY]
[WP_APOPTOSIS_MODULATION_AND_SIGNALING,WP_APOPTOSIS_MODULATION_AND_SIGNALING] was killed by [WP_PARKINSONS_DISEASE_PATHWAY,WP_PARKINSONS_DISEASE_PATHWAY]
[WP_INTERLEUKIN11_SIGNALING_PATHWAY,WP_INTERLEUKIN11_SIGNALING_PATHWAY] was killed by [WP_OVERVIEW_OF_INTERFERONSMEDIATED_SIGNALING_PATHWAY,WP_OVERVIEW_OF_INTERFERONSMEDIATED_SIGNALING_PATHWAY]
[WP_NUCLEAR_RECEPTORS,WP_NUCLEAR_RECEPTORS] was killed by [WP_DEVELOPMENT_OF_URETERIC_COLLECTION_SYSTEM,WP_DEVELOPMENT_OF_URETERIC_COLLECTION_SYSTEM]
[WP_INTEGRATED_CANCER_PATHWAY,WP_INTEGRATED_CANCER_PATHWAY] was killed by [WP_DNA_REPAIR_PATHWAYS_FULL_NETWORK,WP_DNA_REPAIR_PATHWAYS_FULL_NETWORK]
[WP_MECHANOREGULATION_AND_PATHOLOGY_OF_YAPTAZ_VIA_HIPPO_AND_NONHIPPO_MECHANISMS,WP_MECHANOREGULATION_AND_PATHOLOGY_OF_YAPTAZ_VIA_HIPPO_AND_NONHIPPO_MECHANISMS] was killed by [WP_MIRNA_TARGETS_IN_ECM_AND_MEMBRANE_RECEPTORS,WP_MIRNA_TARGETS_IN_ECM_AND_MEMBRANE_RECEPTORS]
[WP_EBOLA_VIRUS_PATHWAY_ON_HOST,WP_EBOLA_VIRUS_PATHWAY_ON_HOST] was killed by [WP_MRNA_PROCESSING,WP_MRNA_PROCESSING]
[WP_HAIR_FOLLICLE_DEVELOPMENT_CYTODIFFERENTIATION_PART_3_OF_3,WP_HAIR_FOLLICLE_DEVELOPMENT_CYTODIFFERENTIATION_PART_3_OF_3] was killed by [WP_ROLE_OF_OSX_AND_MIRNAS_IN_TOOTH_DEVELOPMENT,WP_ROLE_OF_OSX_AND_MIRNAS_IN_TOOTH_DEVELOPMENT]
[WP_ATM_SIGNALING_PATHWAY,WP_ATM_SIGNALING_PATHWAY] was killed by [WP_DNA_REPAIR_PATHWAYS_FULL_NETWORK,WP_DNA_REPAIR_PATHWAYS_FULL_NETWORK]
[WP_MONOAMINE_TRANSPORT,WP_MONOAMINE_TRANSPORT] was killed by [WP_PARKINSONS_DISEASE_PATHWAY,WP_PARKINSONS_DISEASE_PATHWAY]
[WP_SULFATION_BIOTRANSFORMATION_REACTION,WP_SULFATION_BIOTRANSFORMATION_REACTION] was killed by [WP_DRUG_INDUCTION_OF_BILE_ACID_PATHWAY,WP_DRUG_INDUCTION_OF_BILE_ACID_PATHWAY]
[WP_TNF_ALPHA_SIGNALING_PATHWAY,WP_TNF_ALPHA_SIGNALING_PATHWAY] was killed by [WP_RALA_DOWNSTREAM_REGULATED_GENES,WP_RALA_DOWNSTREAM_REGULATED_GENES]
[WP_CAMKK2_PATHWAY,WP_CAMKK2_PATHWAY] was killed by [WP_STEROL_REGULATORY_ELEMENTBINDING_PROTEINS_SREBP_SIGNALLING,WP_STEROL_REGULATORY_ELEMENTBINDING_PROTEINS_SREBP_SIGNALLING]
[WP_IL5_SIGNALING_PATHWAY,WP_IL5_SIGNALING_PATHWAY] was killed by [WP_CYTOPLASMIC_RIBOSOMAL_PROTEINS,WP_CYTOPLASMIC_RIBOSOMAL_PROTEINS]
[WP_TARGET_OF_RAPAMYCIN_TOR_SIGNALING,WP_TARGET_OF_RAPAMYCIN_TOR_SIGNALING] was killed by [WP_STEROL_REGULATORY_ELEMENTBINDING_PROTEINS_SREBP_SIGNALLING,WP_STEROL_REGULATORY_ELEMENTBINDING_PROTEINS_SREBP_SIGNALLING]
[WP_CARDIAC_HYPERTROPHIC_RESPONSE,WP_CARDIAC_HYPERTROPHIC_RESPONSE] was killed by [WP_16P112_PROXIMAL_DELETION_SYNDROME,WP_16P112_PROXIMAL_DELETION_SYNDROME]
[WP_NRF2_PATHWAY,WP_NRF2_PATHWAY] was killed by [WP_MRNA_PROCESSING,WP_MRNA_PROCESSING]
[WP_AMINO_ACID_METABOLISM,WP_AMINO_ACID_METABOLISM] was killed by [WP_METABOLIC_REPROGRAMMING_IN_COLON_CANCER,WP_METABOLIC_REPROGRAMMING_IN_COLON_CANCER]
[WP_PDGFRBETA_PATHWAY,WP_PDGFRBETA_PATHWAY] was killed by [WP_OVERVIEW_OF_INTERFERONSMEDIATED_SIGNALING_PATHWAY,WP_OVERVIEW_OF_INTERFERONSMEDIATED_SIGNALING_PATHWAY]
[WP_ANGIOPOIETIN_LIKE_PROTEIN_8_REGULATORY_PATHWAY,WP_ANGIOPOIETIN_LIKE_PROTEIN_8_REGULATORY_PATHWAY] was killed by [WP_MRNA_PROCESSING,WP_MRNA_PROCESSING]
[WP_NANOMATERIAL_INDUCED_APOPTOSIS,WP_NANOMATERIAL_INDUCED_APOPTOSIS] was killed by [WP_PARKINSONS_DISEASE_PATHWAY,WP_PARKINSONS_DISEASE_PATHWAY]
[WP_GASTRIN_SIGNALING_PATHWAY,WP_GASTRIN_SIGNALING_PATHWAY] was killed by [WP_CELL_DIFFERENTIATION_INDEX_EXPANDED,WP_CELL_DIFFERENTIATION_INDEX_EXPANDED]
[WP_METABOLIC_PATHWAY_OF_LDL_HDL_AND_TG_INCLUDING_DISEASES,WP_METABOLIC_PATHWAY_OF_LDL_HDL_AND_TG_INCLUDING_DISEASES] was killed by [WP_STEROL_REGULATORY_ELEMENTBINDING_PROTEINS_SREBP_SIGNALLING,WP_STEROL_REGULATORY_ELEMENTBINDING_PROTEINS_SREBP_SIGNALLING]
[WP_FATTY_ACID_OMEGA_OXIDATION,WP_FATTY_ACID_OMEGA_OXIDATION] was killed by [WP_DRUG_INDUCTION_OF_BILE_ACID_PATHWAY,WP_DRUG_INDUCTION_OF_BILE_ACID_PATHWAY]
[WP_WNT_SIGNALING_PATHWAY_NETPATH,WP_WNT_SIGNALING_PATHWAY_NETPATH] was killed by [WP_STEROL_REGULATORY_ELEMENTBINDING_PROTEINS_SREBP_SIGNALLING,WP_STEROL_REGULATORY_ELEMENTBINDING_PROTEINS_SREBP_SIGNALLING]
[WP_ESTROGEN_RECEPTOR_PATHWAY,WP_ESTROGEN_RECEPTOR_PATHWAY] was killed by [WP_STEROL_REGULATORY_ELEMENTBINDING_PROTEINS_SREBP_SIGNALLING,WP_STEROL_REGULATORY_ELEMENTBINDING_PROTEINS_SREBP_SIGNALLING]
[WP_CODEINE_AND_MORPHINE_METABOLISM,WP_CODEINE_AND_MORPHINE_METABOLISM] was killed by [WP_GLUCURONIDATION,WP_GLUCURONIDATION]
[WP_PARKINUBIQUITIN_PROTEASOMAL_SYSTEM_PATHWAY,WP_PARKINUBIQUITIN_PROTEASOMAL_SYSTEM_PATHWAY] was killed by [WP_PARKINSONS_DISEASE_PATHWAY,WP_PARKINSONS_DISEASE_PATHWAY]
[WP_SREBF_AND_MIR33_IN_CHOLESTEROL_AND_LIPID_HOMEOSTASIS,WP_SREBF_AND_MIR33_IN_CHOLESTEROL_AND_LIPID_HOMEOSTASIS] was killed by [WP_STEROL_REGULATORY_ELEMENTBINDING_PROTEINS_SREBP_SIGNALLING,WP_STEROL_REGULATORY_ELEMENTBINDING_PROTEINS_SREBP_SIGNALLING]
[WP_CHOLESTEROL_METABOLISM_INCLUDES_BOTH_BLOCH_AND_KANDUTSCHRUSSELL_PATHWAYS,WP_CHOLESTEROL_METABOLISM_INCLUDES_BOTH_BLOCH_AND_KANDUTSCHRUSSELL_PATHWAYS] was killed by [WP_STEROL_REGULATORY_ELEMENTBINDING_PROTEINS_SREBP_SIGNALLING,WP_STEROL_REGULATORY_ELEMENTBINDING_PROTEINS_SREBP_SIGNALLING]
[WP_IL2_SIGNALING_PATHWAY,WP_IL2_SIGNALING_PATHWAY] was killed by [WP_CYTOPLASMIC_RIBOSOMAL_PROTEINS,WP_CYTOPLASMIC_RIBOSOMAL_PROTEINS]
[WP_IL4_SIGNALING_PATHWAY,WP_IL4_SIGNALING_PATHWAY] was killed by [WP_OVERVIEW_OF_INTERFERONSMEDIATED_SIGNALING_PATHWAY,WP_OVERVIEW_OF_INTERFERONSMEDIATED_SIGNALING_PATHWAY]
[WP_NEOVASCULARISATION_PROCESSES,WP_NEOVASCULARISATION_PROCESSES] was killed by [WP_ROLE_OF_OSX_AND_MIRNAS_IN_TOOTH_DEVELOPMENT,WP_ROLE_OF_OSX_AND_MIRNAS_IN_TOOTH_DEVELOPMENT]
[WP_RANKLRANK_RECEPTOR_ACTIVATOR_OF_NFKB_LIGAND_SIGNALING_PATHWAY,WP_RANKLRANK_RECEPTOR_ACTIVATOR_OF_NFKB_LIGAND_SIGNALING_PATHWAY] was killed by [WP_RALA_DOWNSTREAM_REGULATED_GENES,WP_RALA_DOWNSTREAM_REGULATED_GENES]
[WP_HOMOLOGOUS_RECOMBINATION,WP_HOMOLOGOUS_RECOMBINATION] was killed by [WP_DNA_REPAIR_PATHWAYS_FULL_NETWORK,WP_DNA_REPAIR_PATHWAYS_FULL_NETWORK]
[WP_AGERAGE_PATHWAY,WP_AGERAGE_PATHWAY] was killed by [WP_PARKINSONS_DISEASE_PATHWAY,WP_PARKINSONS_DISEASE_PATHWAY]
[WP_ENVELOPE_PROTEINS_AND_THEIR_POTENTIAL_ROLES_IN_EDMD_PHYSIOPATHOLOGY,WP_ENVELOPE_PROTEINS_AND_THEIR_POTENTIAL_ROLES_IN_EDMD_PHYSIOPATHOLOGY] was killed by [WP_PHOSPHODIESTERASES_IN_NEURONAL_FUNCTION,WP_PHOSPHODIESTERASES_IN_NEURONAL_FUNCTION]
[WP_MITOCHONDRIAL_GENE_EXPRESSION,WP_MITOCHONDRIAL_GENE_EXPRESSION] was killed by [WP_STEROL_REGULATORY_ELEMENTBINDING_PROTEINS_SREBP_SIGNALLING,WP_STEROL_REGULATORY_ELEMENTBINDING_PROTEINS_SREBP_SIGNALLING]
[WP_THIAMINE_METABOLIC_PATHWAYS,WP_THIAMINE_METABOLIC_PATHWAYS] was killed by [WP_METABOLIC_REPROGRAMMING_IN_COLON_CANCER,WP_METABOLIC_REPROGRAMMING_IN_COLON_CANCER]
[WP_VITAMIN_B12_METABOLISM,WP_VITAMIN_B12_METABOLISM] was killed by [WP_STEROL_REGULATORY_ELEMENTBINDING_PROTEINS_SREBP_SIGNALLING,WP_STEROL_REGULATORY_ELEMENTBINDING_PROTEINS_SREBP_SIGNALLING]
[WP_PI3KAKTMTOR_SIGNALING_PATHWAY_AND_THERAPEUTIC_OPPORTUNITIES,WP_PI3KAKTMTOR_SIGNALING_PATHWAY_AND_THERAPEUTIC_OPPORTUNITIES] was killed by [WP_OVERVIEW_OF_INTERFERONSMEDIATED_SIGNALING_PATHWAY,WP_OVERVIEW_OF_INTERFERONSMEDIATED_SIGNALING_PATHWAY]
[WP_NUCLEOTIDEBINDING_OLIGOMERIZATION_DOMAIN_NOD_PATHWAY,WP_NUCLEOTIDEBINDING_OLIGOMERIZATION_DOMAIN_NOD_PATHWAY] was killed by [WP_DEVELOPMENT_AND_HETEROGENEITY_OF_THE_ILC_FAMILY,WP_DEVELOPMENT_AND_HETEROGENEITY_OF_THE_ILC_FAMILY]
[WP_APOPTOSIS_MODULATION_BY_HSP70,WP_APOPTOSIS_MODULATION_BY_HSP70] was killed by [WP_PARKINSONS_DISEASE_PATHWAY,WP_PARKINSONS_DISEASE_PATHWAY]
[WP_PREGNANE_X_RECEPTOR_PATHWAY,WP_PREGNANE_X_RECEPTOR_PATHWAY] was killed by [WP_GLUCURONIDATION,WP_GLUCURONIDATION]
[WP_COMPLEMENT_AND_COAGULATION_CASCADES,WP_COMPLEMENT_AND_COAGULATION_CASCADES] was killed by [WP_HUMAN_COMPLEMENT_SYSTEM,WP_HUMAN_COMPLEMENT_SYSTEM]
[WP_INTERFERON_TYPE_I_SIGNALING_PATHWAYS,WP_INTERFERON_TYPE_I_SIGNALING_PATHWAYS] was killed by [WP_OVERVIEW_OF_INTERFERONSMEDIATED_SIGNALING_PATHWAY,WP_OVERVIEW_OF_INTERFERONSMEDIATED_SIGNALING_PATHWAY]
[WP_CALCIUM_REGULATION_IN_THE_CARDIAC_CELL,WP_CALCIUM_REGULATION_IN_THE_CARDIAC_CELL] was killed by [WP_CYTOPLASMIC_RIBOSOMAL_PROTEINS,WP_CYTOPLASMIC_RIBOSOMAL_PROTEINS]
[WP_IL7_SIGNALING_PATHWAY,WP_IL7_SIGNALING_PATHWAY] was killed by [WP_OVERVIEW_OF_INTERFERONSMEDIATED_SIGNALING_PATHWAY,WP_OVERVIEW_OF_INTERFERONSMEDIATED_SIGNALING_PATHWAY]
[WP_CHOLESTEROL_BIOSYNTHESIS_PATHWAY,WP_CHOLESTEROL_BIOSYNTHESIS_PATHWAY] was killed by [WP_STEROL_REGULATORY_ELEMENTBINDING_PROTEINS_SREBP_SIGNALLING,WP_STEROL_REGULATORY_ELEMENTBINDING_PROTEINS_SREBP_SIGNALLING]
