[REACTOME_SELENOAMINO_ACID_METABOLISM,REACTOME_SELENOAMINO_ACID_METABOLISM] was killed by [REACTOME_EUKARYOTIC_TRANSLATION_INITIATION,REACTOME_EUKARYOTIC_TRANSLATION_INITIATION]
[REACTOME_EUKARYOTIC_TRANSLATION_ELONGATION,REACTOME_EUKARYOTIC_TRANSLATION_ELONGATION] was killed by [REACTOME_EUKARYOTIC_TRANSLATION_INITIATION,REACTOME_EUKARYOTIC_TRANSLATION_INITIATION]
[REACTOME_RESPONSE_OF_EIF2AK4_GCN2_TO_AMINO_ACID_DEFICIENCY,REACTOME_RESPONSE_OF_EIF2AK4_GCN2_TO_AMINO_ACID_DEFICIENCY] was killed by [REACTOME_EUKARYOTIC_TRANSLATION_INITIATION,REACTOME_EUKARYOTIC_TRANSLATION_INITIATION]
[REACTOME_SRP_DEPENDENT_COTRANSLATIONAL_PROTEIN_TARGETING_TO_MEMBRANE,REACTOME_SRP_DEPENDENT_COTRANSLATIONAL_PROTEIN_TARGETING_TO_MEMBRANE] was killed by [REACTOME_EUKARYOTIC_TRANSLATION_INITIATION,REACTOME_EUKARYOTIC_TRANSLATION_INITIATION]
[KEGG_RIBOSOME,KEGG_RIBOSOME] was killed by [REACTOME_EUKARYOTIC_TRANSLATION_INITIATION,REACTOME_EUKARYOTIC_TRANSLATION_INITIATION]
[PECE_MAMMARY_STEM_CELL_UP,PECE_MAMMARY_STEM_CELL_UP] was killed by [REACTOME_EUKARYOTIC_TRANSLATION_INITIATION,REACTOME_EUKARYOTIC_TRANSLATION_INITIATION]
[KEGG_PANCREATIC_CANCER,KEGG_PANCREATIC_CANCER] was killed by [REACTOME_SYNTHESIS_OF_PIPS_AT_THE_PLASMA_MEMBRANE,REACTOME_SYNTHESIS_OF_PIPS_AT_THE_PLASMA_MEMBRANE]
[KEGG_PATHOGENIC_ESCHERICHIA_COLI_INFECTION,KEGG_PATHOGENIC_ESCHERICHIA_COLI_INFECTION] was killed by [PID_TCR_PATHWAY,PID_TCR_PATHWAY]
[PID_FCER1_PATHWAY,PID_FCER1_PATHWAY] was killed by [PID_TCR_PATHWAY,PID_TCR_PATHWAY]
[PID_CD8_TCR_PATHWAY,PID_CD8_TCR_PATHWAY] was killed by [PID_TCR_PATHWAY,PID_TCR_PATHWAY]
[REACTOME_REGULATION_OF_EXPRESSION_OF_SLITS_AND_ROBOS,REACTOME_REGULATION_OF_EXPRESSION_OF_SLITS_AND_ROBOS] was killed by [REACTOME_EUKARYOTIC_TRANSLATION_INITIATION,REACTOME_EUKARYOTIC_TRANSLATION_INITIATION]
[KEGG_COLORECTAL_CANCER,KEGG_COLORECTAL_CANCER] was killed by [REACTOME_SYNTHESIS_OF_PIPS_AT_THE_PLASMA_MEMBRANE,REACTOME_SYNTHESIS_OF_PIPS_AT_THE_PLASMA_MEMBRANE]
[SCHLOSSER_MYC_TARGETS_REPRESSED_BY_SERUM,SCHLOSSER_MYC_TARGETS_REPRESSED_BY_SERUM] was killed by [CHENG_RESPONSE_TO_NICKEL_ACETATE,CHENG_RESPONSE_TO_NICKEL_ACETATE]
[BILANGES_RAPAMYCIN_SENSITIVE_VIA_TSC1_AND_TSC2,BILANGES_RAPAMYCIN_SENSITIVE_VIA_TSC1_AND_TSC2] was killed by [REACTOME_EUKARYOTIC_TRANSLATION_INITIATION,REACTOME_EUKARYOTIC_TRANSLATION_INITIATION]
[PID_PS1_PATHWAY,PID_PS1_PATHWAY] was killed by [PID_NFAT_3PATHWAY,PID_NFAT_3PATHWAY]
[BILANGES_SERUM_AND_RAPAMYCIN_SENSITIVE_GENES,BILANGES_SERUM_AND_RAPAMYCIN_SENSITIVE_GENES] was killed by [REACTOME_EUKARYOTIC_TRANSLATION_INITIATION,REACTOME_EUKARYOTIC_TRANSLATION_INITIATION]
[REACTOME_ACTIVATION_OF_THE_MRNA_UPON_BINDING_OF_THE_CAP_BINDING_COMPLEX_AND_EIFS_AND_SUBSEQUENT_BINDING_TO_43S,REACTOME_ACTIVATION_OF_THE_MRNA_UPON_BINDING_OF_THE_CAP_BINDING_COMPLEX_AND_EIFS_AND_SUBSEQUENT_BINDING_TO_43S] was killed by [REACTOME_EUKARYOTIC_TRANSLATION_INITIATION,REACTOME_EUKARYOTIC_TRANSLATION_INITIATION]
[BIOCARTA_BCR_PATHWAY,BIOCARTA_BCR_PATHWAY] was killed by [PID_TCR_PATHWAY,PID_TCR_PATHWAY]
[BIOCARTA_FCER1_PATHWAY,BIOCARTA_FCER1_PATHWAY] was killed by [REACTOME_SYNTHESIS_OF_PIPS_AT_THE_PLASMA_MEMBRANE,REACTOME_SYNTHESIS_OF_PIPS_AT_THE_PLASMA_MEMBRANE]
[GRUETZMANN_PANCREATIC_CANCER_DN,GRUETZMANN_PANCREATIC_CANCER_DN] was killed by [REACTOME_EUKARYOTIC_TRANSLATION_INITIATION,REACTOME_EUKARYOTIC_TRANSLATION_INITIATION]
[DANG_MYC_TARGETS_UP,DANG_MYC_TARGETS_UP] was killed by [REACTOME_EUKARYOTIC_TRANSLATION_INITIATION,REACTOME_EUKARYOTIC_TRANSLATION_INITIATION]
[REACTOME_INFLUENZA_INFECTION,REACTOME_INFLUENZA_INFECTION] was killed by [REACTOME_EUKARYOTIC_TRANSLATION_INITIATION,REACTOME_EUKARYOTIC_TRANSLATION_INITIATION]
[REACTOME_ACTIVATION_OF_ANTERIOR_HOX_GENES_IN_HINDBRAIN_DEVELOPMENT_DURING_EARLY_EMBRYOGENESIS,REACTOME_ACTIVATION_OF_ANTERIOR_HOX_GENES_IN_HINDBRAIN_DEVELOPMENT_DURING_EARLY_EMBRYOGENESIS] was killed by [TSAI_RESPONSE_TO_IONIZING_RADIATION,TSAI_RESPONSE_TO_IONIZING_RADIATION]
[REACTOME_CIRCADIAN_CLOCK,REACTOME_CIRCADIAN_CLOCK] was killed by [PID_NFAT_3PATHWAY,PID_NFAT_3PATHWAY]
[KEGG_PROGESTERONE_MEDIATED_OOCYTE_MATURATION,KEGG_PROGESTERONE_MEDIATED_OOCYTE_MATURATION] was killed by [REACTOME_SYNTHESIS_OF_PIPS_AT_THE_PLASMA_MEMBRANE,REACTOME_SYNTHESIS_OF_PIPS_AT_THE_PLASMA_MEMBRANE]
[GEORGES_CELL_CYCLE_MIR192_TARGETS,GEORGES_CELL_CYCLE_MIR192_TARGETS] was killed by [EHLERS_ANEUPLOIDY_UP,EHLERS_ANEUPLOIDY_UP]
[REACTOME_NONSENSE_MEDIATED_DECAY_NMD,REACTOME_NONSENSE_MEDIATED_DECAY_NMD] was killed by [REACTOME_EUKARYOTIC_TRANSLATION_INITIATION,REACTOME_EUKARYOTIC_TRANSLATION_INITIATION]
[KEGG_WNT_SIGNALING_PATHWAY,KEGG_WNT_SIGNALING_PATHWAY] was killed by [TSAI_RESPONSE_TO_IONIZING_RADIATION,TSAI_RESPONSE_TO_IONIZING_RADIATION]
[KEGG_OOCYTE_MEIOSIS,KEGG_OOCYTE_MEIOSIS] was killed by [PID_NFAT_3PATHWAY,PID_NFAT_3PATHWAY]
[TAKEDA_TARGETS_OF_NUP98_HOXA9_FUSION_3D_UP,TAKEDA_TARGETS_OF_NUP98_HOXA9_FUSION_3D_UP] was killed by [ROSS_LEUKEMIA_WITH_MLL_FUSIONS,ROSS_LEUKEMIA_WITH_MLL_FUSIONS]
[CHNG_MULTIPLE_MYELOMA_HYPERPLOID_UP,CHNG_MULTIPLE_MYELOMA_HYPERPLOID_UP] was killed by [REACTOME_EUKARYOTIC_TRANSLATION_INITIATION,REACTOME_EUKARYOTIC_TRANSLATION_INITIATION]
[MENSE_HYPOXIA_UP,MENSE_HYPOXIA_UP] was killed by [ELVIDGE_HIF1A_TARGETS_DN,ELVIDGE_HIF1A_TARGETS_DN]
[PID_PI3KCI_PATHWAY,PID_PI3KCI_PATHWAY] was killed by [REACTOME_SYNTHESIS_OF_PIPS_AT_THE_PLASMA_MEMBRANE,REACTOME_SYNTHESIS_OF_PIPS_AT_THE_PLASMA_MEMBRANE]
[PID_BMP_PATHWAY,PID_BMP_PATHWAY] was killed by [PID_NFAT_3PATHWAY,PID_NFAT_3PATHWAY]
[MARSON_FOXP3_TARGETS_STIMULATED_UP,MARSON_FOXP3_TARGETS_STIMULATED_UP] was killed by [TSAI_RESPONSE_TO_IONIZING_RADIATION,TSAI_RESPONSE_TO_IONIZING_RADIATION]
[ACEVEDO_LIVER_CANCER_WITH_H3K9ME3_DN,ACEVEDO_LIVER_CANCER_WITH_H3K9ME3_DN] was killed by [TSAI_RESPONSE_TO_IONIZING_RADIATION,TSAI_RESPONSE_TO_IONIZING_RADIATION]
[CHIARADONNA_NEOPLASTIC_TRANSFORMATION_CDC25_DN,CHIARADONNA_NEOPLASTIC_TRANSFORMATION_CDC25_DN] was killed by [YAO_TEMPORAL_RESPONSE_TO_PROGESTERONE_CLUSTER_13,YAO_TEMPORAL_RESPONSE_TO_PROGESTERONE_CLUSTER_13]
