[GOCC_HISTONE_DEACETYLASE_COMPLEX,GOCC_HISTONE_DEACETYLASE_COMPLEX] was killed by [GOBP_NEGATIVE_REGULATION_OF_GENE_EXPRESSION_EPIGENETIC,GOBP_NEGATIVE_REGULATION_OF_GENE_EXPRESSION_EPIGENETIC]
[GOBP_CHROMATIN_SILENCING,GOBP_CHROMATIN_SILENCING] was killed by [GOBP_NEGATIVE_REGULATION_OF_GENE_EXPRESSION_EPIGENETIC,GOBP_NEGATIVE_REGULATION_OF_GENE_EXPRESSION_EPIGENETIC]
[GOBP_CELLULAR_TRANSITION_METAL_ION_HOMEOSTASIS,GOBP_CELLULAR_TRANSITION_METAL_ION_HOMEOSTASIS] was killed by [GOBP_CELLULAR_PIGMENTATION,GOBP_CELLULAR_PIGMENTATION]
[GOBP_REGULATION_OF_B_CELL_PROLIFERATION,GOBP_REGULATION_OF_B_CELL_PROLIFERATION] was killed by [GOBP_FC_EPSILON_RECEPTOR_SIGNALING_PATHWAY,GOBP_FC_EPSILON_RECEPTOR_SIGNALING_PATHWAY]
[GOBP_TRANSITION_METAL_ION_HOMEOSTASIS,GOBP_TRANSITION_METAL_ION_HOMEOSTASIS] was killed by [GOBP_CELLULAR_PIGMENTATION,GOBP_CELLULAR_PIGMENTATION]
[GOBP_TOLL_LIKE_RECEPTOR_SIGNALING_PATHWAY,GOBP_TOLL_LIKE_RECEPTOR_SIGNALING_PATHWAY] was killed by [GOBP_FC_EPSILON_RECEPTOR_SIGNALING_PATHWAY,GOBP_FC_EPSILON_RECEPTOR_SIGNALING_PATHWAY]
[GOBP_MULTICELLULAR_ORGANISM_GROWTH,GOBP_MULTICELLULAR_ORGANISM_GROWTH] was killed by [GOBP_CELLULAR_PIGMENTATION,GOBP_CELLULAR_PIGMENTATION]
[GOBP_REGULATION_OF_DNA_BINDING,GOBP_REGULATION_OF_DNA_BINDING] was killed by [GOBP_NEGATIVE_REGULATION_OF_GENE_EXPRESSION_EPIGENETIC,GOBP_NEGATIVE_REGULATION_OF_GENE_EXPRESSION_EPIGENETIC]
[GOMF_DISULFIDE_OXIDOREDUCTASE_ACTIVITY,GOMF_DISULFIDE_OXIDOREDUCTASE_ACTIVITY] was killed by [GOBP_PEPTIDYL_PROLINE_MODIFICATION,GOBP_PEPTIDYL_PROLINE_MODIFICATION]
[GOCC_NEURON_PROJECTION_CYTOPLASM,GOCC_NEURON_PROJECTION_CYTOPLASM] was killed by [GOBP_CELLULAR_PIGMENTATION,GOBP_CELLULAR_PIGMENTATION]
[GOBP_ANTIGEN_PROCESSING_AND_PRESENTATION_OF_EXOGENOUS_PEPTIDE_ANTIGEN_VIA_MHC_CLASS_I,GOBP_ANTIGEN_PROCESSING_AND_PRESENTATION_OF_EXOGENOUS_PEPTIDE_ANTIGEN_VIA_MHC_CLASS_I] was killed by [GOBP_FC_EPSILON_RECEPTOR_SIGNALING_PATHWAY,GOBP_FC_EPSILON_RECEPTOR_SIGNALING_PATHWAY]
[GOBP_CHAPERONE_MEDIATED_PROTEIN_COMPLEX_ASSEMBLY,GOBP_CHAPERONE_MEDIATED_PROTEIN_COMPLEX_ASSEMBLY] was killed by [GOBP_CELLULAR_PIGMENTATION,GOBP_CELLULAR_PIGMENTATION]
[GOBP_RESPONSE_TO_DOPAMINE,GOBP_RESPONSE_TO_DOPAMINE] was killed by [GOBP_NEGATIVE_REGULATION_OF_GENE_EXPRESSION_EPIGENETIC,GOBP_NEGATIVE_REGULATION_OF_GENE_EXPRESSION_EPIGENETIC]
[GOBP_REGULATION_OF_SPROUTING_ANGIOGENESIS,GOBP_REGULATION_OF_SPROUTING_ANGIOGENESIS] was killed by [GOBP_FC_EPSILON_RECEPTOR_SIGNALING_PATHWAY,GOBP_FC_EPSILON_RECEPTOR_SIGNALING_PATHWAY]
[GOCC_EARLY_ENDOSOME_MEMBRANE,GOCC_EARLY_ENDOSOME_MEMBRANE] was killed by [GOBP_MULTIVESICULAR_BODY_ORGANIZATION,GOBP_MULTIVESICULAR_BODY_ORGANIZATION]
[GOBP_PIGMENTATION,GOBP_PIGMENTATION] was killed by [GOBP_CELLULAR_PIGMENTATION,GOBP_CELLULAR_PIGMENTATION]
[GOBP_CHROMATIN_ORGANIZATION_INVOLVED_IN_REGULATION_OF_TRANSCRIPTION,GOBP_CHROMATIN_ORGANIZATION_INVOLVED_IN_REGULATION_OF_TRANSCRIPTION] was killed by [GOBP_NEGATIVE_REGULATION_OF_GENE_EXPRESSION_EPIGENETIC,GOBP_NEGATIVE_REGULATION_OF_GENE_EXPRESSION_EPIGENETIC]
[GOCC_AXON_CYTOPLASM,GOCC_AXON_CYTOPLASM] was killed by [GOBP_CELLULAR_PIGMENTATION,GOBP_CELLULAR_PIGMENTATION]
[GOBP_ANTIGEN_PROCESSING_AND_PRESENTATION_OF_PEPTIDE_ANTIGEN_VIA_MHC_CLASS_I,GOBP_ANTIGEN_PROCESSING_AND_PRESENTATION_OF_PEPTIDE_ANTIGEN_VIA_MHC_CLASS_I] was killed by [GOBP_FC_EPSILON_RECEPTOR_SIGNALING_PATHWAY,GOBP_FC_EPSILON_RECEPTOR_SIGNALING_PATHWAY]
[GOCC_CAVEOLA,GOCC_CAVEOLA] was killed by [GOCC_SARCOLEMMA,GOCC_SARCOLEMMA]
[GOBP_CELLULAR_RESPONSE_TO_REACTIVE_OXYGEN_SPECIES,GOBP_CELLULAR_RESPONSE_TO_REACTIVE_OXYGEN_SPECIES] was killed by [GOBP_FC_EPSILON_RECEPTOR_SIGNALING_PATHWAY,GOBP_FC_EPSILON_RECEPTOR_SIGNALING_PATHWAY]
[GOBP_INTERLEUKIN_1_PRODUCTION,GOBP_INTERLEUKIN_1_PRODUCTION] was killed by [GOBP_NEGATIVE_REGULATION_OF_GENE_EXPRESSION_EPIGENETIC,GOBP_NEGATIVE_REGULATION_OF_GENE_EXPRESSION_EPIGENETIC]
[GOBP_NEGATIVE_REGULATION_OF_CANONICAL_WNT_SIGNALING_PATHWAY,GOBP_NEGATIVE_REGULATION_OF_CANONICAL_WNT_SIGNALING_PATHWAY] was killed by [GOBP_FC_EPSILON_RECEPTOR_SIGNALING_PATHWAY,GOBP_FC_EPSILON_RECEPTOR_SIGNALING_PATHWAY]
[GOBP_NEGATIVE_REGULATION_OF_PROTEIN_ACETYLATION,GOBP_NEGATIVE_REGULATION_OF_PROTEIN_ACETYLATION] was killed by [GOBP_NEGATIVE_REGULATION_OF_GENE_EXPRESSION_EPIGENETIC,GOBP_NEGATIVE_REGULATION_OF_GENE_EXPRESSION_EPIGENETIC]
