[KEGG_RIBOSOME,KEGG_RIBOSOME] was killed by [REACTOME_EUKARYOTIC_TRANSLATION_ELONGATION,REACTOME_EUKARYOTIC_TRANSLATION_ELONGATION]
[WP_CYTOPLASMIC_RIBOSOMAL_PROTEINS,WP_CYTOPLASMIC_RIBOSOMAL_PROTEINS] was killed by [REACTOME_EUKARYOTIC_TRANSLATION_ELONGATION,REACTOME_EUKARYOTIC_TRANSLATION_ELONGATION]
[REACTOME_SELENOAMINO_ACID_METABOLISM,REACTOME_SELENOAMINO_ACID_METABOLISM] was killed by [REACTOME_EUKARYOTIC_TRANSLATION_ELONGATION,REACTOME_EUKARYOTIC_TRANSLATION_ELONGATION]
[REACTOME_SRP_DEPENDENT_COTRANSLATIONAL_PROTEIN_TARGETING_TO_MEMBRANE,REACTOME_SRP_DEPENDENT_COTRANSLATIONAL_PROTEIN_TARGETING_TO_MEMBRANE] was killed by [REACTOME_EUKARYOTIC_TRANSLATION_ELONGATION,REACTOME_EUKARYOTIC_TRANSLATION_ELONGATION]
[REACTOME_RESPONSE_OF_EIF2AK4_GCN2_TO_AMINO_ACID_DEFICIENCY,REACTOME_RESPONSE_OF_EIF2AK4_GCN2_TO_AMINO_ACID_DEFICIENCY] was killed by [REACTOME_EUKARYOTIC_TRANSLATION_ELONGATION,REACTOME_EUKARYOTIC_TRANSLATION_ELONGATION]
[REACTOME_EUKARYOTIC_TRANSLATION_INITIATION,REACTOME_EUKARYOTIC_TRANSLATION_INITIATION] was killed by [REACTOME_EUKARYOTIC_TRANSLATION_ELONGATION,REACTOME_EUKARYOTIC_TRANSLATION_ELONGATION]
[REACTOME_CELLULAR_RESPONSE_TO_STARVATION,REACTOME_CELLULAR_RESPONSE_TO_STARVATION] was killed by [REACTOME_EUKARYOTIC_TRANSLATION_ELONGATION,REACTOME_EUKARYOTIC_TRANSLATION_ELONGATION]
[REACTOME_INFLUENZA_INFECTION,REACTOME_INFLUENZA_INFECTION] was killed by [REACTOME_EUKARYOTIC_TRANSLATION_ELONGATION,REACTOME_EUKARYOTIC_TRANSLATION_ELONGATION]
[REACTOME_REGULATION_OF_EXPRESSION_OF_SLITS_AND_ROBOS,REACTOME_REGULATION_OF_EXPRESSION_OF_SLITS_AND_ROBOS] was killed by [REACTOME_EUKARYOTIC_TRANSLATION_ELONGATION,REACTOME_EUKARYOTIC_TRANSLATION_ELONGATION]
[REACTOME_NONSENSE_MEDIATED_DECAY_NMD,REACTOME_NONSENSE_MEDIATED_DECAY_NMD] was killed by [REACTOME_EUKARYOTIC_TRANSLATION_ELONGATION,REACTOME_EUKARYOTIC_TRANSLATION_ELONGATION]
[REACTOME_ACTIVATION_OF_THE_MRNA_UPON_BINDING_OF_THE_CAP_BINDING_COMPLEX_AND_EIFS_AND_SUBSEQUENT_BINDING_TO_43S,REACTOME_ACTIVATION_OF_THE_MRNA_UPON_BINDING_OF_THE_CAP_BINDING_COMPLEX_AND_EIFS_AND_SUBSEQUENT_BINDING_TO_43S] was killed by [REACTOME_EUKARYOTIC_TRANSLATION_ELONGATION,REACTOME_EUKARYOTIC_TRANSLATION_ELONGATION]
[REACTOME_SARS_COV_INFECTIONS,REACTOME_SARS_COV_INFECTIONS] was killed by [REACTOME_ERCC6_CSB_AND_EHMT2_G9A_POSITIVELY_REGULATE_RRNA_EXPRESSION,REACTOME_ERCC6_CSB_AND_EHMT2_G9A_POSITIVELY_REGULATE_RRNA_EXPRESSION]
[REACTOME_BETA_CATENIN_INDEPENDENT_WNT_SIGNALING,REACTOME_BETA_CATENIN_INDEPENDENT_WNT_SIGNALING] was killed by [REACTOME_HOST_INTERACTIONS_OF_HIV_FACTORS,REACTOME_HOST_INTERACTIONS_OF_HIV_FACTORS]
[WP_PROLACTIN_SIGNALING_PATHWAY,WP_PROLACTIN_SIGNALING_PATHWAY] was killed by [PID_P75_NTR_PATHWAY,PID_P75_NTR_PATHWAY]
[REACTOME_WNT5A_DEPENDENT_INTERNALIZATION_OF_FZD4,REACTOME_WNT5A_DEPENDENT_INTERNALIZATION_OF_FZD4] was killed by [REACTOME_HOST_INTERACTIONS_OF_HIV_FACTORS,REACTOME_HOST_INTERACTIONS_OF_HIV_FACTORS]
[REACTOME_REGULATION_OF_TNFR1_SIGNALING,REACTOME_REGULATION_OF_TNFR1_SIGNALING] was killed by [PID_P75_NTR_PATHWAY,PID_P75_NTR_PATHWAY]
[BIOCARTA_RAS_PATHWAY,BIOCARTA_RAS_PATHWAY] was killed by [PID_P75_NTR_PATHWAY,PID_P75_NTR_PATHWAY]
[KEGG_NON_SMALL_CELL_LUNG_CANCER,KEGG_NON_SMALL_CELL_LUNG_CANCER] was killed by [PID_P75_NTR_PATHWAY,PID_P75_NTR_PATHWAY]
[WP_IL2_SIGNALING_PATHWAY,WP_IL2_SIGNALING_PATHWAY] was killed by [PID_P75_NTR_PATHWAY,PID_P75_NTR_PATHWAY]
[BIOCARTA_PAR1_PATHWAY,BIOCARTA_PAR1_PATHWAY] was killed by [PID_P75_NTR_PATHWAY,PID_P75_NTR_PATHWAY]
[BIOCARTA_PPARA_PATHWAY,BIOCARTA_PPARA_PATHWAY] was killed by [PID_P75_NTR_PATHWAY,PID_P75_NTR_PATHWAY]
[BIOCARTA_RACCYCD_PATHWAY,BIOCARTA_RACCYCD_PATHWAY] was killed by [PID_P75_NTR_PATHWAY,PID_P75_NTR_PATHWAY]
[REACTOME_PCP_CE_PATHWAY,REACTOME_PCP_CE_PATHWAY] was killed by [REACTOME_HOST_INTERACTIONS_OF_HIV_FACTORS,REACTOME_HOST_INTERACTIONS_OF_HIV_FACTORS]
[REACTOME_FORMATION_OF_INCISION_COMPLEX_IN_GG_NER,REACTOME_FORMATION_OF_INCISION_COMPLEX_IN_GG_NER] was killed by [REACTOME_HOST_INTERACTIONS_OF_HIV_FACTORS,REACTOME_HOST_INTERACTIONS_OF_HIV_FACTORS]
[REACTOME_HEDGEHOG_LIGAND_BIOGENESIS,REACTOME_HEDGEHOG_LIGAND_BIOGENESIS] was killed by [REACTOME_HOST_INTERACTIONS_OF_HIV_FACTORS,REACTOME_HOST_INTERACTIONS_OF_HIV_FACTORS]
[BIOCARTA_GH_PATHWAY,BIOCARTA_GH_PATHWAY] was killed by [PID_P75_NTR_PATHWAY,PID_P75_NTR_PATHWAY]
[REACTOME_MITOTIC_PROPHASE,REACTOME_MITOTIC_PROPHASE] was killed by [REACTOME_HOST_INTERACTIONS_OF_HIV_FACTORS,REACTOME_HOST_INTERACTIONS_OF_HIV_FACTORS]
[PID_ARF_3PATHWAY,PID_ARF_3PATHWAY] was killed by [REACTOME_HOST_INTERACTIONS_OF_HIV_FACTORS,REACTOME_HOST_INTERACTIONS_OF_HIV_FACTORS]
[REACTOME_ABC_FAMILY_PROTEINS_MEDIATED_TRANSPORT,REACTOME_ABC_FAMILY_PROTEINS_MEDIATED_TRANSPORT] was killed by [REACTOME_HOST_INTERACTIONS_OF_HIV_FACTORS,REACTOME_HOST_INTERACTIONS_OF_HIV_FACTORS]
[REACTOME_TRANSLESION_SYNTHESIS_BY_POLH,REACTOME_TRANSLESION_SYNTHESIS_BY_POLH] was killed by [REACTOME_HOST_INTERACTIONS_OF_HIV_FACTORS,REACTOME_HOST_INTERACTIONS_OF_HIV_FACTORS]
[PID_CASPASE_PATHWAY,PID_CASPASE_PATHWAY] was killed by [PID_P75_NTR_PATHWAY,PID_P75_NTR_PATHWAY]
[REACTOME_REGULATION_OF_HMOX1_EXPRESSION_AND_ACTIVITY,REACTOME_REGULATION_OF_HMOX1_EXPRESSION_AND_ACTIVITY] was killed by [REACTOME_HOST_INTERACTIONS_OF_HIV_FACTORS,REACTOME_HOST_INTERACTIONS_OF_HIV_FACTORS]
[BIOCARTA_CARM_ER_PATHWAY,BIOCARTA_CARM_ER_PATHWAY] was killed by [REACTOME_ERCC6_CSB_AND_EHMT2_G9A_POSITIVELY_REGULATE_RRNA_EXPRESSION,REACTOME_ERCC6_CSB_AND_EHMT2_G9A_POSITIVELY_REGULATE_RRNA_EXPRESSION]
[REACTOME_NUCLEAR_PORE_COMPLEX_NPC_DISASSEMBLY,REACTOME_NUCLEAR_PORE_COMPLEX_NPC_DISASSEMBLY] was killed by [REACTOME_HOST_INTERACTIONS_OF_HIV_FACTORS,REACTOME_HOST_INTERACTIONS_OF_HIV_FACTORS]
[PID_TRAIL_PATHWAY,PID_TRAIL_PATHWAY] was killed by [PID_P75_NTR_PATHWAY,PID_P75_NTR_PATHWAY]
[REACTOME_DEFECTIVE_CFTR_CAUSES_CYSTIC_FIBROSIS,REACTOME_DEFECTIVE_CFTR_CAUSES_CYSTIC_FIBROSIS] was killed by [REACTOME_HOST_INTERACTIONS_OF_HIV_FACTORS,REACTOME_HOST_INTERACTIONS_OF_HIV_FACTORS]
[REACTOME_SIGNALING_BY_NTRKS,REACTOME_SIGNALING_BY_NTRKS] was killed by [PID_P75_NTR_PATHWAY,PID_P75_NTR_PATHWAY]
[WP_IL5_SIGNALING_PATHWAY,WP_IL5_SIGNALING_PATHWAY] was killed by [PID_P75_NTR_PATHWAY,PID_P75_NTR_PATHWAY]
[WP_KIT_RECEPTOR_SIGNALING_PATHWAY,WP_KIT_RECEPTOR_SIGNALING_PATHWAY] was killed by [PID_P75_NTR_PATHWAY,PID_P75_NTR_PATHWAY]
[KEGG_RIG_I_LIKE_RECEPTOR_SIGNALING_PATHWAY,KEGG_RIG_I_LIKE_RECEPTOR_SIGNALING_PATHWAY] was killed by [PID_P75_NTR_PATHWAY,PID_P75_NTR_PATHWAY]
[REACTOME_HDACS_DEACETYLATE_HISTONES,REACTOME_HDACS_DEACETYLATE_HISTONES] was killed by [REACTOME_ERCC6_CSB_AND_EHMT2_G9A_POSITIVELY_REGULATE_RRNA_EXPRESSION,REACTOME_ERCC6_CSB_AND_EHMT2_G9A_POSITIVELY_REGULATE_RRNA_EXPRESSION]
[REACTOME_G2_M_CHECKPOINTS,REACTOME_G2_M_CHECKPOINTS] was killed by [REACTOME_HOST_INTERACTIONS_OF_HIV_FACTORS,REACTOME_HOST_INTERACTIONS_OF_HIV_FACTORS]
[WP_G13_SIGNALING_PATHWAY,WP_G13_SIGNALING_PATHWAY] was killed by [PID_P75_NTR_PATHWAY,PID_P75_NTR_PATHWAY]
[BIOCARTA_STRESS_PATHWAY,BIOCARTA_STRESS_PATHWAY] was killed by [PID_P75_NTR_PATHWAY,PID_P75_NTR_PATHWAY]
[REACTOME_SIGNALING_BY_FGFR2_IN_DISEASE,REACTOME_SIGNALING_BY_FGFR2_IN_DISEASE] was killed by [PID_P75_NTR_PATHWAY,PID_P75_NTR_PATHWAY]
[PID_CD8_TCR_PATHWAY,PID_CD8_TCR_PATHWAY] was killed by [PID_P75_NTR_PATHWAY,PID_P75_NTR_PATHWAY]
[BIOCARTA_PITX2_PATHWAY,BIOCARTA_PITX2_PATHWAY] was killed by [REACTOME_ERCC6_CSB_AND_EHMT2_G9A_POSITIVELY_REGULATE_RRNA_EXPRESSION,REACTOME_ERCC6_CSB_AND_EHMT2_G9A_POSITIVELY_REGULATE_RRNA_EXPRESSION]
[REACTOME_TP53_REGULATES_TRANSCRIPTION_OF_CELL_CYCLE_GENES,REACTOME_TP53_REGULATES_TRANSCRIPTION_OF_CELL_CYCLE_GENES] was killed by [BIOCARTA_SRCRPTP_PATHWAY,BIOCARTA_SRCRPTP_PATHWAY]
[REACTOME_TNFR2_NON_CANONICAL_NF_KB_PATHWAY,REACTOME_TNFR2_NON_CANONICAL_NF_KB_PATHWAY] was killed by [REACTOME_HOST_INTERACTIONS_OF_HIV_FACTORS,REACTOME_HOST_INTERACTIONS_OF_HIV_FACTORS]
[PID_PI3K_PLC_TRK_PATHWAY,PID_PI3K_PLC_TRK_PATHWAY] was killed by [PID_P75_NTR_PATHWAY,PID_P75_NTR_PATHWAY]
[REACTOME_THE_ROLE_OF_GTSE1_IN_G2_M_PROGRESSION_AFTER_G2_CHECKPOINT,REACTOME_THE_ROLE_OF_GTSE1_IN_G2_M_PROGRESSION_AFTER_G2_CHECKPOINT] was killed by [REACTOME_HOST_INTERACTIONS_OF_HIV_FACTORS,REACTOME_HOST_INTERACTIONS_OF_HIV_FACTORS]
[REACTOME_ABC_TRANSPORTER_DISORDERS,REACTOME_ABC_TRANSPORTER_DISORDERS] was killed by [REACTOME_HOST_INTERACTIONS_OF_HIV_FACTORS,REACTOME_HOST_INTERACTIONS_OF_HIV_FACTORS]
[REACTOME_NRIF_SIGNALS_CELL_DEATH_FROM_THE_NUCLEUS,REACTOME_NRIF_SIGNALS_CELL_DEATH_FROM_THE_NUCLEUS] was killed by [REACTOME_HOST_INTERACTIONS_OF_HIV_FACTORS,REACTOME_HOST_INTERACTIONS_OF_HIV_FACTORS]
[REACTOME_GOLGI_ASSOCIATED_VESICLE_BIOGENESIS,REACTOME_GOLGI_ASSOCIATED_VESICLE_BIOGENESIS] was killed by [REACTOME_HOST_INTERACTIONS_OF_HIV_FACTORS,REACTOME_HOST_INTERACTIONS_OF_HIV_FACTORS]
[WP_NEURAL_CREST_CELL_MIGRATION_IN_CANCER,WP_NEURAL_CREST_CELL_MIGRATION_IN_CANCER] was killed by [REACTOME_HOST_INTERACTIONS_OF_HIV_FACTORS,REACTOME_HOST_INTERACTIONS_OF_HIV_FACTORS]
[WP_TCELL_ANTIGEN_RECEPTOR_TCR_SIGNALING_PATHWAY,WP_TCELL_ANTIGEN_RECEPTOR_TCR_SIGNALING_PATHWAY] was killed by [PID_P75_NTR_PATHWAY,PID_P75_NTR_PATHWAY]
[REACTOME_MHC_CLASS_II_ANTIGEN_PRESENTATION,REACTOME_MHC_CLASS_II_ANTIGEN_PRESENTATION] was killed by [REACTOME_HOST_INTERACTIONS_OF_HIV_FACTORS,REACTOME_HOST_INTERACTIONS_OF_HIV_FACTORS]
[REACTOME_MITOTIC_G1_PHASE_AND_G1_S_TRANSITION,REACTOME_MITOTIC_G1_PHASE_AND_G1_S_TRANSITION] was killed by [REACTOME_HOST_INTERACTIONS_OF_HIV_FACTORS,REACTOME_HOST_INTERACTIONS_OF_HIV_FACTORS]
[WP_ALZHEIMERS_DISEASE,WP_ALZHEIMERS_DISEASE] was killed by [PID_P75_NTR_PATHWAY,PID_P75_NTR_PATHWAY]
[PID_ALPHA_SYNUCLEIN_PATHWAY,PID_ALPHA_SYNUCLEIN_PATHWAY] was killed by [REACTOME_CTLA4_INHIBITORY_SIGNALING,REACTOME_CTLA4_INHIBITORY_SIGNALING]
[REACTOME_PINK1_PRKN_MEDIATED_MITOPHAGY,REACTOME_PINK1_PRKN_MEDIATED_MITOPHAGY] was killed by [REACTOME_HOST_INTERACTIONS_OF_HIV_FACTORS,REACTOME_HOST_INTERACTIONS_OF_HIV_FACTORS]
[REACTOME_MITOPHAGY,REACTOME_MITOPHAGY] was killed by [REACTOME_HOST_INTERACTIONS_OF_HIV_FACTORS,REACTOME_HOST_INTERACTIONS_OF_HIV_FACTORS]
[KEGG_BASAL_TRANSCRIPTION_FACTORS,KEGG_BASAL_TRANSCRIPTION_FACTORS] was killed by [REACTOME_RNA_POLYMERASE_II_TRANSCRIBES_SNRNA_GENES,REACTOME_RNA_POLYMERASE_II_TRANSCRIBES_SNRNA_GENES]
[REACTOME_SIGNALING_BY_NOTCH4,REACTOME_SIGNALING_BY_NOTCH4] was killed by [REACTOME_HOST_INTERACTIONS_OF_HIV_FACTORS,REACTOME_HOST_INTERACTIONS_OF_HIV_FACTORS]
[REACTOME_TRANS_GOLGI_NETWORK_VESICLE_BUDDING,REACTOME_TRANS_GOLGI_NETWORK_VESICLE_BUDDING] was killed by [REACTOME_GAP_JUNCTION_DEGRADATION,REACTOME_GAP_JUNCTION_DEGRADATION]
[REACTOME_TNF_SIGNALING,REACTOME_TNF_SIGNALING] was killed by [PID_P75_NTR_PATHWAY,PID_P75_NTR_PATHWAY]
[REACTOME_GAMMA_CARBOXYLATION_HYPUSINE_FORMATION_AND_ARYLSULFATASE_ACTIVATION,REACTOME_GAMMA_CARBOXYLATION_HYPUSINE_FORMATION_AND_ARYLSULFATASE_ACTIVATION] was killed by [REACTOME_SYNTHESIS_OF_DIPHTHAMIDE_EEF2,REACTOME_SYNTHESIS_OF_DIPHTHAMIDE_EEF2]
[REACTOME_ALPHA_PROTEIN_KINASE_1_SIGNALING_PATHWAY,REACTOME_ALPHA_PROTEIN_KINASE_1_SIGNALING_PATHWAY] was killed by [REACTOME_HOST_INTERACTIONS_OF_HIV_FACTORS,REACTOME_HOST_INTERACTIONS_OF_HIV_FACTORS]
[PID_MYC_ACTIV_PATHWAY,PID_MYC_ACTIV_PATHWAY] was killed by [BIOCARTA_SRCRPTP_PATHWAY,BIOCARTA_SRCRPTP_PATHWAY]
[KEGG_AMYOTROPHIC_LATERAL_SCLEROSIS_ALS,KEGG_AMYOTROPHIC_LATERAL_SCLEROSIS_ALS] was killed by [PID_P75_NTR_PATHWAY,PID_P75_NTR_PATHWAY]
[REACTOME_NUCLEAR_EVENTS_KINASE_AND_TRANSCRIPTION_FACTOR_ACTIVATION,REACTOME_NUCLEAR_EVENTS_KINASE_AND_TRANSCRIPTION_FACTOR_ACTIVATION] was killed by [REACTOME_CTLA4_INHIBITORY_SIGNALING,REACTOME_CTLA4_INHIBITORY_SIGNALING]
[BIOCARTA_CXCR4_PATHWAY,BIOCARTA_CXCR4_PATHWAY] was killed by [PID_P75_NTR_PATHWAY,PID_P75_NTR_PATHWAY]
[WP_ANDROGEN_RECEPTOR_SIGNALING_PATHWAY,WP_ANDROGEN_RECEPTOR_SIGNALING_PATHWAY] was killed by [PID_P75_NTR_PATHWAY,PID_P75_NTR_PATHWAY]
[REACTOME_POSITIVE_EPIGENETIC_REGULATION_OF_RRNA_EXPRESSION,REACTOME_POSITIVE_EPIGENETIC_REGULATION_OF_RRNA_EXPRESSION] was killed by [REACTOME_ERCC6_CSB_AND_EHMT2_G9A_POSITIVELY_REGULATE_RRNA_EXPRESSION,REACTOME_ERCC6_CSB_AND_EHMT2_G9A_POSITIVELY_REGULATE_RRNA_EXPRESSION]
[WP_MICRORNAS_IN_CARDIOMYOCYTE_HYPERTROPHY,WP_MICRORNAS_IN_CARDIOMYOCYTE_HYPERTROPHY] was killed by [PID_P75_NTR_PATHWAY,PID_P75_NTR_PATHWAY]
[WP_IL3_SIGNALING_PATHWAY,WP_IL3_SIGNALING_PATHWAY] was killed by [PID_P75_NTR_PATHWAY,PID_P75_NTR_PATHWAY]
[REACTOME_POTENTIAL_THERAPEUTICS_FOR_SARS,REACTOME_POTENTIAL_THERAPEUTICS_FOR_SARS] was killed by [REACTOME_ERCC6_CSB_AND_EHMT2_G9A_POSITIVELY_REGULATE_RRNA_EXPRESSION,REACTOME_ERCC6_CSB_AND_EHMT2_G9A_POSITIVELY_REGULATE_RRNA_EXPRESSION]
[REACTOME_SIGNALING_BY_ERBB4,REACTOME_SIGNALING_BY_ERBB4] was killed by [REACTOME_HOST_INTERACTIONS_OF_HIV_FACTORS,REACTOME_HOST_INTERACTIONS_OF_HIV_FACTORS]
[KEGG_MTOR_SIGNALING_PATHWAY,KEGG_MTOR_SIGNALING_PATHWAY] was killed by [PID_P75_NTR_PATHWAY,PID_P75_NTR_PATHWAY]
[PID_SHP2_PATHWAY,PID_SHP2_PATHWAY] was killed by [PID_P75_NTR_PATHWAY,PID_P75_NTR_PATHWAY]
[KEGG_CHRONIC_MYELOID_LEUKEMIA,KEGG_CHRONIC_MYELOID_LEUKEMIA] was killed by [PID_P75_NTR_PATHWAY,PID_P75_NTR_PATHWAY]
[REACTOME_RECOGNITION_OF_DNA_DAMAGE_BY_PCNA_CONTAINING_REPLICATION_COMPLEX,REACTOME_RECOGNITION_OF_DNA_DAMAGE_BY_PCNA_CONTAINING_REPLICATION_COMPLEX] was killed by [REACTOME_HOST_INTERACTIONS_OF_HIV_FACTORS,REACTOME_HOST_INTERACTIONS_OF_HIV_FACTORS]
[BIOCARTA_CDMAC_PATHWAY,BIOCARTA_CDMAC_PATHWAY] was killed by [BIOCARTA_SRCRPTP_PATHWAY,BIOCARTA_SRCRPTP_PATHWAY]
[WP_APOPTOSIS_MODULATION_BY_HSP70,WP_APOPTOSIS_MODULATION_BY_HSP70] was killed by [PID_P75_NTR_PATHWAY,PID_P75_NTR_PATHWAY]
[WP_SYNAPTIC_VESICLE_PATHWAY,WP_SYNAPTIC_VESICLE_PATHWAY] was killed by [REACTOME_HOST_INTERACTIONS_OF_HIV_FACTORS,REACTOME_HOST_INTERACTIONS_OF_HIV_FACTORS]
[REACTOME_TRANSCRIPTION_OF_THE_HIV_GENOME,REACTOME_TRANSCRIPTION_OF_THE_HIV_GENOME] was killed by [REACTOME_RNA_POLYMERASE_II_TRANSCRIBES_SNRNA_GENES,REACTOME_RNA_POLYMERASE_II_TRANSCRIBES_SNRNA_GENES]
[REACTOME_TNFR1_INDUCED_NFKAPPAB_SIGNALING_PATHWAY,REACTOME_TNFR1_INDUCED_NFKAPPAB_SIGNALING_PATHWAY] was killed by [REACTOME_HOST_INTERACTIONS_OF_HIV_FACTORS,REACTOME_HOST_INTERACTIONS_OF_HIV_FACTORS]
[REACTOME_FGFR2_MUTANT_RECEPTOR_ACTIVATION,REACTOME_FGFR2_MUTANT_RECEPTOR_ACTIVATION] was killed by [KEGG_SPLICEOSOME,KEGG_SPLICEOSOME]
[REACTOME_SIGNALING_BY_FGFR2_IIIA_TM,REACTOME_SIGNALING_BY_FGFR2_IIIA_TM] was killed by [KEGG_SPLICEOSOME,KEGG_SPLICEOSOME]
[REACTOME_DUAL_INCISION_IN_GG_NER,REACTOME_DUAL_INCISION_IN_GG_NER] was killed by [REACTOME_HOST_INTERACTIONS_OF_HIV_FACTORS,REACTOME_HOST_INTERACTIONS_OF_HIV_FACTORS]
[REACTOME_ANTIGEN_PROCESSING_CROSS_PRESENTATION,REACTOME_ANTIGEN_PROCESSING_CROSS_PRESENTATION] was killed by [REACTOME_HOST_INTERACTIONS_OF_HIV_FACTORS,REACTOME_HOST_INTERACTIONS_OF_HIV_FACTORS]
[WP_IL9_SIGNALING_PATHWAY,WP_IL9_SIGNALING_PATHWAY] was killed by [BIOCARTA_SRCRPTP_PATHWAY,BIOCARTA_SRCRPTP_PATHWAY]
[WP_IL4_SIGNALING_PATHWAY,WP_IL4_SIGNALING_PATHWAY] was killed by [PID_P75_NTR_PATHWAY,PID_P75_NTR_PATHWAY]
[REACTOME_CYTOSOLIC_SENSORS_OF_PATHOGEN_ASSOCIATED_DNA,REACTOME_CYTOSOLIC_SENSORS_OF_PATHOGEN_ASSOCIATED_DNA] was killed by [PID_P75_NTR_PATHWAY,PID_P75_NTR_PATHWAY]
[REACTOME_RAF_ACTIVATION,REACTOME_RAF_ACTIVATION] was killed by [REACTOME_CTLA4_INHIBITORY_SIGNALING,REACTOME_CTLA4_INHIBITORY_SIGNALING]
[BIOCARTA_CBL_PATHWAY,BIOCARTA_CBL_PATHWAY] was killed by [BIOCARTA_SRCRPTP_PATHWAY,BIOCARTA_SRCRPTP_PATHWAY]
[REACTOME_TICAM1_TRAF6_DEPENDENT_INDUCTION_OF_TAK1_COMPLEX,REACTOME_TICAM1_TRAF6_DEPENDENT_INDUCTION_OF_TAK1_COMPLEX] was killed by [REACTOME_HOST_INTERACTIONS_OF_HIV_FACTORS,REACTOME_HOST_INTERACTIONS_OF_HIV_FACTORS]
[REACTOME_IRAK2_MEDIATED_ACTIVATION_OF_TAK1_COMPLEX,REACTOME_IRAK2_MEDIATED_ACTIVATION_OF_TAK1_COMPLEX] was killed by [REACTOME_HOST_INTERACTIONS_OF_HIV_FACTORS,REACTOME_HOST_INTERACTIONS_OF_HIV_FACTORS]
[REACTOME_DNA_REPLICATION_PRE_INITIATION,REACTOME_DNA_REPLICATION_PRE_INITIATION] was killed by [REACTOME_HOST_INTERACTIONS_OF_HIV_FACTORS,REACTOME_HOST_INTERACTIONS_OF_HIV_FACTORS]
[REACTOME_DDX58_IFIH1_MEDIATED_INDUCTION_OF_INTERFERON_ALPHA_BETA,REACTOME_DDX58_IFIH1_MEDIATED_INDUCTION_OF_INTERFERON_ALPHA_BETA] was killed by [PID_P75_NTR_PATHWAY,PID_P75_NTR_PATHWAY]
[REACTOME_APOPTOTIC_FACTOR_MEDIATED_RESPONSE,REACTOME_APOPTOTIC_FACTOR_MEDIATED_RESPONSE] was killed by [PID_P75_NTR_PATHWAY,PID_P75_NTR_PATHWAY]
[BIOCARTA_MAL_PATHWAY,BIOCARTA_MAL_PATHWAY] was killed by [PID_P75_NTR_PATHWAY,PID_P75_NTR_PATHWAY]
[KEGG_LYSOSOME,KEGG_LYSOSOME] was killed by [REACTOME_GAP_JUNCTION_DEGRADATION,REACTOME_GAP_JUNCTION_DEGRADATION]
[REACTOME_SIGNALING_BY_CTNNB1_PHOSPHO_SITE_MUTANTS,REACTOME_SIGNALING_BY_CTNNB1_PHOSPHO_SITE_MUTANTS] was killed by [REACTOME_CTLA4_INHIBITORY_SIGNALING,REACTOME_CTLA4_INHIBITORY_SIGNALING]
[WP_TYPE_I_INTERFERON_INDUCTION_AND_SIGNALING_DURING_SARSCOV2_INFECTION,WP_TYPE_I_INTERFERON_INDUCTION_AND_SIGNALING_DURING_SARSCOV2_INFECTION] was killed by [PID_P75_NTR_PATHWAY,PID_P75_NTR_PATHWAY]
[BIOCARTA_EIF4_PATHWAY,BIOCARTA_EIF4_PATHWAY] was killed by [PID_P75_NTR_PATHWAY,PID_P75_NTR_PATHWAY]
[REACTOME_TICAM1_RIP1_MEDIATED_IKK_COMPLEX_RECRUITMENT,REACTOME_TICAM1_RIP1_MEDIATED_IKK_COMPLEX_RECRUITMENT] was killed by [REACTOME_HOST_INTERACTIONS_OF_HIV_FACTORS,REACTOME_HOST_INTERACTIONS_OF_HIV_FACTORS]
[REACTOME_CYCLIN_A_CDK2_ASSOCIATED_EVENTS_AT_S_PHASE_ENTRY,REACTOME_CYCLIN_A_CDK2_ASSOCIATED_EVENTS_AT_S_PHASE_ENTRY] was killed by [REACTOME_HOST_INTERACTIONS_OF_HIV_FACTORS,REACTOME_HOST_INTERACTIONS_OF_HIV_FACTORS]
[WP_MIRNA_REGULATION_OF_DNA_DAMAGE_RESPONSE,WP_MIRNA_REGULATION_OF_DNA_DAMAGE_RESPONSE] was killed by [PID_P75_NTR_PATHWAY,PID_P75_NTR_PATHWAY]
[REACTOME_PLATELET_HOMEOSTASIS,REACTOME_PLATELET_HOMEOSTASIS] was killed by [REACTOME_CTLA4_INHIBITORY_SIGNALING,REACTOME_CTLA4_INHIBITORY_SIGNALING]
