[REACTOME_PROCESSING_OF_CAPPED_INTRONLESS_PRE_MRNA,REACTOME_PROCESSING_OF_CAPPED_INTRONLESS_PRE_MRNA] was killed by [REACTOME_SNRNP_ASSEMBLY,REACTOME_SNRNP_ASSEMBLY]
[CHEN_HOXA5_TARGETS_9HR_DN,CHEN_HOXA5_TARGETS_9HR_DN] was killed by [REACTOME_SNRNP_ASSEMBLY,REACTOME_SNRNP_ASSEMBLY]
[REACTOME_RNA_POLYMERASE_II_TRANSCRIPTION_TERMINATION,REACTOME_RNA_POLYMERASE_II_TRANSCRIPTION_TERMINATION] was killed by [REACTOME_SNRNP_ASSEMBLY,REACTOME_SNRNP_ASSEMBLY]
[REACTOME_SIGNALING_BY_NOTCH4,REACTOME_SIGNALING_BY_NOTCH4] was killed by [REACTOME_POLO_LIKE_KINASE_MEDIATED_EVENTS,REACTOME_POLO_LIKE_KINASE_MEDIATED_EVENTS]
[PID_FOXM1_PATHWAY,PID_FOXM1_PATHWAY] was killed by [REACTOME_POLO_LIKE_KINASE_MEDIATED_EVENTS,REACTOME_POLO_LIKE_KINASE_MEDIATED_EVENTS]
[REACTOME_APOPTOTIC_EXECUTION_PHASE,REACTOME_APOPTOTIC_EXECUTION_PHASE] was killed by [KAAB_FAILED_HEART_ATRIUM_UP,KAAB_FAILED_HEART_ATRIUM_UP]
[LY_AGING_MIDDLE_DN,LY_AGING_MIDDLE_DN] was killed by [REACTOME_POLO_LIKE_KINASE_MEDIATED_EVENTS,REACTOME_POLO_LIKE_KINASE_MEDIATED_EVENTS]
[REACTOME_SMAD2_SMAD3_SMAD4_HETEROTRIMER_REGULATES_TRANSCRIPTION,REACTOME_SMAD2_SMAD3_SMAD4_HETEROTRIMER_REGULATES_TRANSCRIPTION] was killed by [PEART_HDAC_PROLIFERATION_CLUSTER_DN,PEART_HDAC_PROLIFERATION_CLUSTER_DN]
[CHIANG_LIVER_CANCER_SUBCLASS_PROLIFERATION_UP,CHIANG_LIVER_CANCER_SUBCLASS_PROLIFERATION_UP] was killed by [REACTOME_POLO_LIKE_KINASE_MEDIATED_EVENTS,REACTOME_POLO_LIKE_KINASE_MEDIATED_EVENTS]
[NAKAYAMA_SOFT_TISSUE_TUMORS_PCA2_UP,NAKAYAMA_SOFT_TISSUE_TUMORS_PCA2_UP] was killed by [REACTOME_POLO_LIKE_KINASE_MEDIATED_EVENTS,REACTOME_POLO_LIKE_KINASE_MEDIATED_EVENTS]
[REACTOME_APOPTOTIC_CLEAVAGE_OF_CELLULAR_PROTEINS,REACTOME_APOPTOTIC_CLEAVAGE_OF_CELLULAR_PROTEINS] was killed by [KAAB_FAILED_HEART_ATRIUM_UP,KAAB_FAILED_HEART_ATRIUM_UP]
[REACTOME_PROCESSING_OF_INTRONLESS_PRE_MRNAS,REACTOME_PROCESSING_OF_INTRONLESS_PRE_MRNAS] was killed by [REACTOME_SNRNP_ASSEMBLY,REACTOME_SNRNP_ASSEMBLY]
[YOKOE_CANCER_TESTIS_ANTIGENS,YOKOE_CANCER_TESTIS_ANTIGENS] was killed by [REACTOME_POLO_LIKE_KINASE_MEDIATED_EVENTS,REACTOME_POLO_LIKE_KINASE_MEDIATED_EVENTS]
[REACTOME_DISASSEMBLY_OF_THE_DESTRUCTION_COMPLEX_AND_RECRUITMENT_OF_AXIN_TO_THE_MEMBRANE,REACTOME_DISASSEMBLY_OF_THE_DESTRUCTION_COMPLEX_AND_RECRUITMENT_OF_AXIN_TO_THE_MEMBRANE] was killed by [TIEN_INTESTINE_PROBIOTICS_2HR_UP,TIEN_INTESTINE_PROBIOTICS_2HR_UP]
[XU_HGF_SIGNALING_NOT_VIA_AKT1_48HR_DN,XU_HGF_SIGNALING_NOT_VIA_AKT1_48HR_DN] was killed by [REACTOME_POLO_LIKE_KINASE_MEDIATED_EVENTS,REACTOME_POLO_LIKE_KINASE_MEDIATED_EVENTS]
[CROMER_METASTASIS_DN,CROMER_METASTASIS_DN] was killed by [KAAB_FAILED_HEART_ATRIUM_UP,KAAB_FAILED_HEART_ATRIUM_UP]
[GAUSSMANN_MLL_AF4_FUSION_TARGETS_C_UP,GAUSSMANN_MLL_AF4_FUSION_TARGETS_C_UP] was killed by [KAAB_FAILED_HEART_ATRIUM_UP,KAAB_FAILED_HEART_ATRIUM_UP]
[REACTOME_NUCLEAR_PORE_COMPLEX_NPC_DISASSEMBLY,REACTOME_NUCLEAR_PORE_COMPLEX_NPC_DISASSEMBLY] was killed by [REACTOME_SNRNP_ASSEMBLY,REACTOME_SNRNP_ASSEMBLY]
[REACTOME_SUMOYLATION_OF_RNA_BINDING_PROTEINS,REACTOME_SUMOYLATION_OF_RNA_BINDING_PROTEINS] was killed by [REACTOME_SNRNP_ASSEMBLY,REACTOME_SNRNP_ASSEMBLY]
[BROWNE_HCMV_INFECTION_2HR_DN,BROWNE_HCMV_INFECTION_2HR_DN] was killed by [REACTOME_POLO_LIKE_KINASE_MEDIATED_EVENTS,REACTOME_POLO_LIKE_KINASE_MEDIATED_EVENTS]
[SESTO_RESPONSE_TO_UV_C0,SESTO_RESPONSE_TO_UV_C0] was killed by [REACTOME_SNRNP_ASSEMBLY,REACTOME_SNRNP_ASSEMBLY]
[SIMBULAN_UV_RESPONSE_IMMORTALIZED_DN,SIMBULAN_UV_RESPONSE_IMMORTALIZED_DN] was killed by [KAAB_FAILED_HEART_ATRIUM_UP,KAAB_FAILED_HEART_ATRIUM_UP]
[ROSTY_CERVICAL_CANCER_PROLIFERATION_CLUSTER,ROSTY_CERVICAL_CANCER_PROLIFERATION_CLUSTER] was killed by [REACTOME_POLO_LIKE_KINASE_MEDIATED_EVENTS,REACTOME_POLO_LIKE_KINASE_MEDIATED_EVENTS]
[WU_ALZHEIMER_DISEASE_DN,WU_ALZHEIMER_DISEASE_DN] was killed by [KAAB_FAILED_HEART_ATRIUM_UP,KAAB_FAILED_HEART_ATRIUM_UP]
[KEGG_PROGESTERONE_MEDIATED_OOCYTE_MATURATION,KEGG_PROGESTERONE_MEDIATED_OOCYTE_MATURATION] was killed by [ROSS_LEUKEMIA_WITH_MLL_FUSIONS,ROSS_LEUKEMIA_WITH_MLL_FUSIONS]
[LEIN_MEDULLA_MARKERS,LEIN_MEDULLA_MARKERS] was killed by [CERVERA_SDHB_TARGETS_2,CERVERA_SDHB_TARGETS_2]
[REACTOME_FORMATION_OF_TC_NER_PRE_INCISION_COMPLEX,REACTOME_FORMATION_OF_TC_NER_PRE_INCISION_COMPLEX] was killed by [REACTOME_POLO_LIKE_KINASE_MEDIATED_EVENTS,REACTOME_POLO_LIKE_KINASE_MEDIATED_EVENTS]
[MISSIAGLIA_REGULATED_BY_METHYLATION_DN,MISSIAGLIA_REGULATED_BY_METHYLATION_DN] was killed by [REACTOME_POLO_LIKE_KINASE_MEDIATED_EVENTS,REACTOME_POLO_LIKE_KINASE_MEDIATED_EVENTS]
[LEE_EARLY_T_LYMPHOCYTE_DN,LEE_EARLY_T_LYMPHOCYTE_DN] was killed by [TAKEDA_TARGETS_OF_NUP98_HOXA9_FUSION_6HR_DN,TAKEDA_TARGETS_OF_NUP98_HOXA9_FUSION_6HR_DN]
[REACTOME_TRANSPORT_OF_THE_SLBP_DEPENDANT_MATURE_MRNA,REACTOME_TRANSPORT_OF_THE_SLBP_DEPENDANT_MATURE_MRNA] was killed by [REACTOME_SNRNP_ASSEMBLY,REACTOME_SNRNP_ASSEMBLY]
[CHESLER_BRAIN_QTL_CIS,CHESLER_BRAIN_QTL_CIS] was killed by [VANHARANTA_UTERINE_FIBROID_UP,VANHARANTA_UTERINE_FIBROID_UP]
[PUIFFE_INVASION_INHIBITED_BY_ASCITES_UP,PUIFFE_INVASION_INHIBITED_BY_ASCITES_UP] was killed by [KAAB_FAILED_HEART_ATRIUM_UP,KAAB_FAILED_HEART_ATRIUM_UP]
[REACTOME_SIGNALING_BY_NOTCH3,REACTOME_SIGNALING_BY_NOTCH3] was killed by [REACTOME_POLO_LIKE_KINASE_MEDIATED_EVENTS,REACTOME_POLO_LIKE_KINASE_MEDIATED_EVENTS]
[REACTOME_SIGNALING_BY_MET,REACTOME_SIGNALING_BY_MET] was killed by [TIEN_INTESTINE_PROBIOTICS_2HR_UP,TIEN_INTESTINE_PROBIOTICS_2HR_UP]
[REACTOME_TRANSPORT_OF_MATURE_MRNAS_DERIVED_FROM_INTRONLESS_TRANSCRIPTS,REACTOME_TRANSPORT_OF_MATURE_MRNAS_DERIVED_FROM_INTRONLESS_TRANSCRIPTS] was killed by [REACTOME_SNRNP_ASSEMBLY,REACTOME_SNRNP_ASSEMBLY]
[REACTOME_G1_S_DNA_DAMAGE_CHECKPOINTS,REACTOME_G1_S_DNA_DAMAGE_CHECKPOINTS] was killed by [TIEN_INTESTINE_PROBIOTICS_2HR_UP,TIEN_INTESTINE_PROBIOTICS_2HR_UP]
[CROONQUIST_NRAS_VS_STROMAL_STIMULATION_UP,CROONQUIST_NRAS_VS_STROMAL_STIMULATION_UP] was killed by [KAAB_FAILED_HEART_ATRIUM_UP,KAAB_FAILED_HEART_ATRIUM_UP]
[TIEN_INTESTINE_PROBIOTICS_6HR_UP,TIEN_INTESTINE_PROBIOTICS_6HR_UP] was killed by [PEART_HDAC_PROLIFERATION_CLUSTER_DN,PEART_HDAC_PROLIFERATION_CLUSTER_DN]
[WILCOX_RESPONSE_TO_PROGESTERONE_DN,WILCOX_RESPONSE_TO_PROGESTERONE_DN] was killed by [KAAB_FAILED_HEART_ATRIUM_UP,KAAB_FAILED_HEART_ATRIUM_UP]
[REACTOME_NEGATIVE_REGULATORS_OF_DDX58_IFIH1_SIGNALING,REACTOME_NEGATIVE_REGULATORS_OF_DDX58_IFIH1_SIGNALING] was killed by [TIEN_INTESTINE_PROBIOTICS_2HR_UP,TIEN_INTESTINE_PROBIOTICS_2HR_UP]
[GENTILE_UV_RESPONSE_CLUSTER_D5,GENTILE_UV_RESPONSE_CLUSTER_D5] was killed by [TAKEDA_TARGETS_OF_NUP98_HOXA9_FUSION_6HR_DN,TAKEDA_TARGETS_OF_NUP98_HOXA9_FUSION_6HR_DN]
[REACTOME_UCH_PROTEINASES,REACTOME_UCH_PROTEINASES] was killed by [TIEN_INTESTINE_PROBIOTICS_2HR_UP,TIEN_INTESTINE_PROBIOTICS_2HR_UP]
[KEGG_NOTCH_SIGNALING_PATHWAY,KEGG_NOTCH_SIGNALING_PATHWAY] was killed by [REACTOME_POLO_LIKE_KINASE_MEDIATED_EVENTS,REACTOME_POLO_LIKE_KINASE_MEDIATED_EVENTS]
[RADAEVA_RESPONSE_TO_IFNA1_DN,RADAEVA_RESPONSE_TO_IFNA1_DN] was killed by [KAAB_FAILED_HEART_ATRIUM_UP,KAAB_FAILED_HEART_ATRIUM_UP]
[REACTOME_CASPASE_MEDIATED_CLEAVAGE_OF_CYTOSKELETAL_PROTEINS,REACTOME_CASPASE_MEDIATED_CLEAVAGE_OF_CYTOSKELETAL_PROTEINS] was killed by [KAAB_FAILED_HEART_ATRIUM_UP,KAAB_FAILED_HEART_ATRIUM_UP]
[JAZAG_TGFB1_SIGNALING_UP,JAZAG_TGFB1_SIGNALING_UP] was killed by [PEART_HDAC_PROLIFERATION_CLUSTER_DN,PEART_HDAC_PROLIFERATION_CLUSTER_DN]
[REACTOME_HATS_ACETYLATE_HISTONES,REACTOME_HATS_ACETYLATE_HISTONES] was killed by [REACTOME_POLO_LIKE_KINASE_MEDIATED_EVENTS,REACTOME_POLO_LIKE_KINASE_MEDIATED_EVENTS]
[POMEROY_MEDULLOBLASTOMA_DESMOPLASIC_VS_CLASSIC_UP,POMEROY_MEDULLOBLASTOMA_DESMOPLASIC_VS_CLASSIC_UP] was killed by [KAAB_FAILED_HEART_ATRIUM_UP,KAAB_FAILED_HEART_ATRIUM_UP]
[WNT_SIGNALING,WNT_SIGNALING] was killed by [REACTOME_POLO_LIKE_KINASE_MEDIATED_EVENTS,REACTOME_POLO_LIKE_KINASE_MEDIATED_EVENTS]
[GREGORY_SYNTHETIC_LETHAL_WITH_IMATINIB,GREGORY_SYNTHETIC_LETHAL_WITH_IMATINIB] was killed by [ROSS_LEUKEMIA_WITH_MLL_FUSIONS,ROSS_LEUKEMIA_WITH_MLL_FUSIONS]
[HEDENFALK_BREAST_CANCER_BRACX_DN,HEDENFALK_BREAST_CANCER_BRACX_DN] was killed by [REACTOME_POLO_LIKE_KINASE_MEDIATED_EVENTS,REACTOME_POLO_LIKE_KINASE_MEDIATED_EVENTS]
[REACTOME_INTERACTIONS_OF_REV_WITH_HOST_CELLULAR_PROTEINS,REACTOME_INTERACTIONS_OF_REV_WITH_HOST_CELLULAR_PROTEINS] was killed by [REACTOME_SNRNP_ASSEMBLY,REACTOME_SNRNP_ASSEMBLY]
[REACTOME_INTERACTIONS_OF_VPR_WITH_HOST_CELLULAR_PROTEINS,REACTOME_INTERACTIONS_OF_VPR_WITH_HOST_CELLULAR_PROTEINS] was killed by [REACTOME_SNRNP_ASSEMBLY,REACTOME_SNRNP_ASSEMBLY]
[REACTOME_VIRAL_MESSENGER_RNA_SYNTHESIS,REACTOME_VIRAL_MESSENGER_RNA_SYNTHESIS] was killed by [REACTOME_SNRNP_ASSEMBLY,REACTOME_SNRNP_ASSEMBLY]
[REACTOME_REGULATION_OF_GLUCOKINASE_BY_GLUCOKINASE_REGULATORY_PROTEIN,REACTOME_REGULATION_OF_GLUCOKINASE_BY_GLUCOKINASE_REGULATORY_PROTEIN] was killed by [REACTOME_SNRNP_ASSEMBLY,REACTOME_SNRNP_ASSEMBLY]
[REACTOME_NS1_MEDIATED_EFFECTS_ON_HOST_PATHWAYS,REACTOME_NS1_MEDIATED_EFFECTS_ON_HOST_PATHWAYS] was killed by [REACTOME_SNRNP_ASSEMBLY,REACTOME_SNRNP_ASSEMBLY]
[REACTOME_EXPORT_OF_VIRAL_RIBONUCLEOPROTEINS_FROM_NUCLEUS,REACTOME_EXPORT_OF_VIRAL_RIBONUCLEOPROTEINS_FROM_NUCLEUS] was killed by [REACTOME_SNRNP_ASSEMBLY,REACTOME_SNRNP_ASSEMBLY]
[REACTOME_NUCLEAR_IMPORT_OF_REV_PROTEIN,REACTOME_NUCLEAR_IMPORT_OF_REV_PROTEIN] was killed by [REACTOME_SNRNP_ASSEMBLY,REACTOME_SNRNP_ASSEMBLY]
[REACTOME_TRNA_PROCESSING_IN_THE_NUCLEUS,REACTOME_TRNA_PROCESSING_IN_THE_NUCLEUS] was killed by [REACTOME_SNRNP_ASSEMBLY,REACTOME_SNRNP_ASSEMBLY]
[REACTOME_TYPE_I_HEMIDESMOSOME_ASSEMBLY,REACTOME_TYPE_I_HEMIDESMOSOME_ASSEMBLY] was killed by [KAAB_FAILED_HEART_ATRIUM_UP,KAAB_FAILED_HEART_ATRIUM_UP]
[REACTOME_ASSEMBLY_OF_COLLAGEN_FIBRILS_AND_OTHER_MULTIMERIC_STRUCTURES,REACTOME_ASSEMBLY_OF_COLLAGEN_FIBRILS_AND_OTHER_MULTIMERIC_STRUCTURES] was killed by [KAAB_FAILED_HEART_ATRIUM_UP,KAAB_FAILED_HEART_ATRIUM_UP]
[KEGG_HUNTINGTONS_DISEASE,KEGG_HUNTINGTONS_DISEASE] was killed by [REACTOME_POLO_LIKE_KINASE_MEDIATED_EVENTS,REACTOME_POLO_LIKE_KINASE_MEDIATED_EVENTS]
[RASHI_RESPONSE_TO_IONIZING_RADIATION_2,RASHI_RESPONSE_TO_IONIZING_RADIATION_2] was killed by [VANHARANTA_UTERINE_FIBROID_UP,VANHARANTA_UTERINE_FIBROID_UP]
[HOSHIDA_LIVER_CANCER_SURVIVAL_UP,HOSHIDA_LIVER_CANCER_SURVIVAL_UP] was killed by [CERVERA_SDHB_TARGETS_2,CERVERA_SDHB_TARGETS_2]
[RIGGI_EWING_SARCOMA_PROGENITOR_DN,RIGGI_EWING_SARCOMA_PROGENITOR_DN] was killed by [TAKEDA_TARGETS_OF_NUP98_HOXA9_FUSION_6HR_DN,TAKEDA_TARGETS_OF_NUP98_HOXA9_FUSION_6HR_DN]
[REACTOME_SIGNALING_BY_FGFR_IN_DISEASE,REACTOME_SIGNALING_BY_FGFR_IN_DISEASE] was killed by [REACTOME_SNRNP_ASSEMBLY,REACTOME_SNRNP_ASSEMBLY]
[CHIARETTI_T_ALL_RELAPSE_PROGNOSIS,CHIARETTI_T_ALL_RELAPSE_PROGNOSIS] was killed by [REACTOME_POLO_LIKE_KINASE_MEDIATED_EVENTS,REACTOME_POLO_LIKE_KINASE_MEDIATED_EVENTS]
[KEGG_MELANOGENESIS,KEGG_MELANOGENESIS] was killed by [ROSS_LEUKEMIA_WITH_MLL_FUSIONS,ROSS_LEUKEMIA_WITH_MLL_FUSIONS]
[BEIER_GLIOMA_STEM_CELL_DN,BEIER_GLIOMA_STEM_CELL_DN] was killed by [VANHARANTA_UTERINE_FIBROID_UP,VANHARANTA_UTERINE_FIBROID_UP]
[REACTOME_REGULATION_OF_LIPID_METABOLISM_BY_PPARALPHA,REACTOME_REGULATION_OF_LIPID_METABOLISM_BY_PPARALPHA] was killed by [REACTOME_POLO_LIKE_KINASE_MEDIATED_EVENTS,REACTOME_POLO_LIKE_KINASE_MEDIATED_EVENTS]
[FLORIO_NEOCORTEX_BASAL_RADIAL_GLIA_DN,FLORIO_NEOCORTEX_BASAL_RADIAL_GLIA_DN] was killed by [REACTOME_POLO_LIKE_KINASE_MEDIATED_EVENTS,REACTOME_POLO_LIKE_KINASE_MEDIATED_EVENTS]
[WIERENGA_STAT5A_TARGETS_GROUP1,WIERENGA_STAT5A_TARGETS_GROUP1] was killed by [TAKEDA_TARGETS_OF_NUP98_HOXA9_FUSION_6HR_DN,TAKEDA_TARGETS_OF_NUP98_HOXA9_FUSION_6HR_DN]
[PID_IL2_STAT5_PATHWAY,PID_IL2_STAT5_PATHWAY] was killed by [PEART_HDAC_PROLIFERATION_CLUSTER_DN,PEART_HDAC_PROLIFERATION_CLUSTER_DN]
[RHODES_CANCER_META_SIGNATURE,RHODES_CANCER_META_SIGNATURE] was killed by [REACTOME_SNRNP_ASSEMBLY,REACTOME_SNRNP_ASSEMBLY]
[REACTOME_SUMOYLATION_OF_SUMOYLATION_PROTEINS,REACTOME_SUMOYLATION_OF_SUMOYLATION_PROTEINS] was killed by [REACTOME_SNRNP_ASSEMBLY,REACTOME_SNRNP_ASSEMBLY]
[REACTOME_ORC1_REMOVAL_FROM_CHROMATIN,REACTOME_ORC1_REMOVAL_FROM_CHROMATIN] was killed by [TIEN_INTESTINE_PROBIOTICS_2HR_UP,TIEN_INTESTINE_PROBIOTICS_2HR_UP]
[REACTOME_NEGATIVE_REGULATION_OF_NOTCH4_SIGNALING,REACTOME_NEGATIVE_REGULATION_OF_NOTCH4_SIGNALING] was killed by [TIEN_INTESTINE_PROBIOTICS_2HR_UP,TIEN_INTESTINE_PROBIOTICS_2HR_UP]
[PID_BETA_CATENIN_NUC_PATHWAY,PID_BETA_CATENIN_NUC_PATHWAY] was killed by [REACTOME_POLO_LIKE_KINASE_MEDIATED_EVENTS,REACTOME_POLO_LIKE_KINASE_MEDIATED_EVENTS]
[RICKMAN_TUMOR_DIFFERENTIATED_MODERATELY_VS_POORLY_DN,RICKMAN_TUMOR_DIFFERENTIATED_MODERATELY_VS_POORLY_DN] was killed by [REACTOME_POLO_LIKE_KINASE_MEDIATED_EVENTS,REACTOME_POLO_LIKE_KINASE_MEDIATED_EVENTS]
[HOSHIDA_LIVER_CANCER_SUBCLASS_S2,HOSHIDA_LIVER_CANCER_SUBCLASS_S2] was killed by [KAAB_FAILED_HEART_ATRIUM_UP,KAAB_FAILED_HEART_ATRIUM_UP]
[REACTOME_NOTCH_HLH_TRANSCRIPTION_PATHWAY,REACTOME_NOTCH_HLH_TRANSCRIPTION_PATHWAY] was killed by [FUKUSHIMA_TNFSF11_TARGETS,FUKUSHIMA_TNFSF11_TARGETS]
[REACTOME_EPHB_MEDIATED_FORWARD_SIGNALING,REACTOME_EPHB_MEDIATED_FORWARD_SIGNALING] was killed by [VANHARANTA_UTERINE_FIBROID_UP,VANHARANTA_UTERINE_FIBROID_UP]
[WU_APOPTOSIS_BY_CDKN1A_NOT_VIA_TP53,WU_APOPTOSIS_BY_CDKN1A_NOT_VIA_TP53] was killed by [REACTOME_POLO_LIKE_KINASE_MEDIATED_EVENTS,REACTOME_POLO_LIKE_KINASE_MEDIATED_EVENTS]
[SAKAI_CHRONIC_HEPATITIS_VS_LIVER_CANCER_DN,SAKAI_CHRONIC_HEPATITIS_VS_LIVER_CANCER_DN] was killed by [REACTOME_POLO_LIKE_KINASE_MEDIATED_EVENTS,REACTOME_POLO_LIKE_KINASE_MEDIATED_EVENTS]
[REACTOME_TRANSCRIPTION_COUPLED_NUCLEOTIDE_EXCISION_REPAIR_TC_NER,REACTOME_TRANSCRIPTION_COUPLED_NUCLEOTIDE_EXCISION_REPAIR_TC_NER] was killed by [REACTOME_POLO_LIKE_KINASE_MEDIATED_EVENTS,REACTOME_POLO_LIKE_KINASE_MEDIATED_EVENTS]
[GROSS_HYPOXIA_VIA_ELK3_AND_HIF1A_DN,GROSS_HYPOXIA_VIA_ELK3_AND_HIF1A_DN] was killed by [KAAB_FAILED_HEART_ATRIUM_UP,KAAB_FAILED_HEART_ATRIUM_UP]
[REACTOME_FOXO_MEDIATED_TRANSCRIPTION_OF_CELL_DEATH_GENES,REACTOME_FOXO_MEDIATED_TRANSCRIPTION_OF_CELL_DEATH_GENES] was killed by [REACTOME_POLO_LIKE_KINASE_MEDIATED_EVENTS,REACTOME_POLO_LIKE_KINASE_MEDIATED_EVENTS]
[REACTOME_TRANSCRIPTIONAL_REGULATION_BY_SMALL_RNAS,REACTOME_TRANSCRIPTIONAL_REGULATION_BY_SMALL_RNAS] was killed by [REACTOME_SNRNP_ASSEMBLY,REACTOME_SNRNP_ASSEMBLY]
[LIU_VMYB_TARGETS_UP,LIU_VMYB_TARGETS_UP] was killed by [VANHARANTA_UTERINE_FIBROID_UP,VANHARANTA_UTERINE_FIBROID_UP]
[FRIDMAN_SENESCENCE_UP,FRIDMAN_SENESCENCE_UP] was killed by [CERVERA_SDHB_TARGETS_2,CERVERA_SDHB_TARGETS_2]
[REACTOME_PROGRAMMED_CELL_DEATH,REACTOME_PROGRAMMED_CELL_DEATH] was killed by [KAAB_FAILED_HEART_ATRIUM_UP,KAAB_FAILED_HEART_ATRIUM_UP]
[REACTOME_SIGNALING_BY_FGFR,REACTOME_SIGNALING_BY_FGFR] was killed by [REACTOME_SNRNP_ASSEMBLY,REACTOME_SNRNP_ASSEMBLY]
