Starting QoRTs v1.3.6 (Compiled Tue Sep 25 11:21:46 EDT 2018)
Starting time: (Wed Jan 26 08:35:00 PST 2022)
INPUT_COMMAND(QC)
  INPUT_ARG(infile)=bam/hl60_120h_t_1.sort.bam
  INPUT_ARG(gtffile)=/data_gilbert/home/aarab/genomes/hg38/gencode.v34/gencode.v34.annotation.gtf
  INPUT_ARG(outdir)=iso/rawCts/hl60_120h_t_1/
  INPUT_ARG(fr_secondStrand)=true
  INPUT_ARG(singleEnded)=true
  INPUT_ARG(nameSorted)=true
Created Log File: iso/rawCts/hl60_120h_t_1//QC.eq5s5iCc4xBo.log
Warning: run-in-progress file "iso/rawCts/hl60_120h_t_1//QC.QORTS_RUNNING" already exists. Is there another QoRTs job running?
Starting QC
[Time: 2022-01-26 08:35:00] [Mem usage: [35MB / 2147MB]] [Elapsed Time: 00:00:00.0000]
Deleting old "QORTS_COMPLETED_OK" file.
QoRTs is Running in single-end mode.
Note: read-sorting is irrelevant in single-ended mode.
No parameter --genomeFA found.
Running functions: CigarOpDistribution, GCDistribution, GeneCalcs, JunctionCalcs, NVC, 
        QualityScoreDistribution, StrandCheck, chromCounts, 
        cigarLocusCounts, readLengthDistro, writeBiotypeCounts, 
        writeClippedNVC, writeDESeq, writeDEXSeq, writeGeneBody, 
        writeGeneCounts, writeGenewiseGeneBody, 
        writeJunctionSeqCounts, writeKnownSplices, 
        writeNovelSplices, writeSpliceExon
Checking first 10000 reads. Checking SAM file for formatting errors...
   Stats on the first 10000 reads:
        Num Reads Primary Map:    2678
        Num Reads Paired-ended:   0
        Num Reads mapped pair:    0
        Num Pair names found:     0
        Num Pairs matched:        0
        Read Seq length:          51 to 51
        Unclipped Read length:    51 to 51
        Final maxReadLength:      51
        maxPhredScore:            41
        minPhredScore:            2
Done checking first 10000 reads. WARNINGS FOUND!
SAMRecord Reader Generated. Read length: 51.
[Time: 2022-01-26 08:35:01] [Mem usage: [217MB / 2785MB]] [Elapsed Time: 00:00:01.0416]
> Init GeneCalcs Utility
> Init NVC utility
> Init CigarOpDistribution Utility
> Init QualityScoreDistribution Utility
> Init GC counts Utility
> Init JunctionCalcs utility
Compiling flat feature annotation, internally in memory...
FlatteningGtf: starting...(2022-01-26 08:36:31)
    FlatteningGtf: gtf file read complete.(2022-01-26 08:37:39)
    FlatteningGtf: Splice Junction Map read.(2022-01-26 08:37:41)
    FlatteningGtf: gene Sets generated.(2022-01-26 08:37:43)
    FlatteningGtf: Aggregate Sets built.
    FlatteningGtf: Compiling Aggregate Info . . . (2022-01-26 08:37:43)
    FlatteningGtf: Finished Compiling Aggregate Info. (2022-01-26 08:37:43)
    FlatteningGtf: Iterating through the step-vector...(2022-01-26 08:37:43)
    FlatteningGtf: Adding the aggregate genes themselves...(2022-01-26 08:37:45)
    FlatteningGtf: Iterating through the splice junctions...(2022-01-26 08:37:46)
    FlatteningGtf: Sorting the aggregate genes...(2022-01-26 08:37:48)
    FlatteningGtf: Folding the FlatGtfLine iterator...(2022-01-26 08:37:48)
    FlatteningGtf: Features Built.(2022-01-26 08:37:48)
Internal flat feature annotation compiled!
length of knownSpliceMap after instantiation: 383646
length of knownCountMap after instantiation: 383646
> Init StrandCheck Utility
> Init chromCount Utility
> Init qcCigarLocusCounts Utility
> Init MinorUtils Utility
QC Utilities Generated!
[Time: 2022-01-26 08:37:53] [Mem usage: [5GB / 10GB]] [Elapsed Time: 00:02:53.0259]
helper_calculateGeneAssignmentMap_strict. Found: 60669 genes in the supplied annotation.
helper_calculateGeneAssignmentMap_strict. Found: 18307 genes with ambiguous segments.
helper_calculateGeneAssignmentMap_strict. Found: 42362 genes after first-pass filtering
making makeGeneIntervalMap for geneBody calculations. Found: 42362 acceptable genes for gene-body analysis.
..........[1000000 Read-Pairs processed] [Time: 2022-01-26 08:38:55] 
..........[2000000 Read-Pairs processed] [Time: 2022-01-26 08:39:23] 
..........[3000000 Read-Pairs processed] [Time: 2022-01-26 08:39:50] 
..........[4000000 Read-Pairs processed] [Time: 2022-01-26 08:40:18] 
..........[5000000 Read-Pairs processed] [Time: 2022-01-26 08:40:46] 
..........[6000000 Read-Pairs processed] [Time: 2022-01-26 08:41:13] 
..........[7000000 Read-Pairs processed] [Time: 2022-01-26 08:41:40] 
..........[8000000 Read-Pairs processed] [Time: 2022-01-26 08:42:08] 
..........[9000000 Read-Pairs processed] [Time: 2022-01-26 08:42:35] 
..........[10000000 Read-Pairs processed] [Time: 2022-01-26 08:43:03] 
..........[11000000 Read-Pairs processed] [Time: 2022-01-26 08:43:30] 
..........[12000000 Read-Pairs processed] [Time: 2022-01-26 08:43:58] 
..........[13000000 Read-Pairs processed] [Time: 2022-01-26 08:44:25] 
..........[14000000 Read-Pairs processed] [Time: 2022-01-26 08:44:53] 
..........[15000000 Read-Pairs processed] [Time: 2022-01-26 08:45:20] 
..........[16000000 Read-Pairs processed] [Time: 2022-01-26 08:45:48] 
..........[17000000 Read-Pairs processed] [Time: 2022-01-26 08:46:16] 
..........[18000000 Read-Pairs processed] [Time: 2022-01-26 08:46:43] 
..........[19000000 Read-Pairs processed] [Time: 2022-01-26 08:47:10] 
..........[20000000 Read-Pairs processed] [Time: 2022-01-26 08:47:37] 
..........[21000000 Read-Pairs processed] [Time: 2022-01-26 08:48:05] 
..........[22000000 Read-Pairs processed] [Time: 2022-01-26 08:48:32] 
..........[23000000 Read-Pairs processed] [Time: 2022-01-26 08:48:59] 
..........[24000000 Read-Pairs processed] [Time: 2022-01-26 08:49:26] 
..........[25000000 Read-Pairs processed] [Time: 2022-01-26 08:49:53] 
..........[26000000 Read-Pairs processed] [Time: 2022-01-26 08:50:21] 
..........[27000000 Read-Pairs processed] [Time: 2022-01-26 08:50:48] 
..........[28000000 Read-Pairs processed] [Time: 2022-01-26 08:51:15] 
..........[29000000 Read-Pairs processed] [Time: 2022-01-26 08:51:42] 
..........[30000000 Read-Pairs processed] [Time: 2022-01-26 08:52:09] 
..........[31000000 Read-Pairs processed] [Time: 2022-01-26 08:52:36] 
..........[32000000 Read-Pairs processed] [Time: 2022-01-26 08:53:04] 
..........[33000000 Read-Pairs processed] [Time: 2022-01-26 08:53:31] 
..........[34000000 Read-Pairs processed] [Time: 2022-01-26 08:53:58] 
..........[35000000 Read-Pairs processed] [Time: 2022-01-26 08:54:26] 
.......
Finished reading SAM. Read: 35771467 reads/read-pairs.
Finished reading SAM. Used: 18062134 reads/read-pairs.
[Time: 2022-01-26 08:54:47] [Mem usage: [8GB / 10GB]] [Elapsed Time: 00:19:47.0018]
> Read Stats:
>   READ_PAIR_OK                   18062134
>   TOTAL_READ_PAIRS               35771467
>   DROPPED_NOT_PROPER_PAIR        -1
>   DROPPED_READ_FAILS_VENDOR_QC   0
>   DROPPED_MARKED_NOT_VALID       0
>   DROPPED_CHROMS_MISMATCH        -1
>   DROPPED_PAIR_STRANDS_MISMATCH  -1
>   DROPPED_IGNORED_CHROMOSOME     0
>   DROPPED_NOT_UNIQUE_ALIGNMENT   17709333
>   DROPPED_NO_ALN_BLOCKS   0
>   DROPPED_NOT_MARKED_RG   -1
Pre-alignment read count unknown (Set --seqReadCt or --rawfastq)
Writing Output...
DEBUG NOTE: IncludeGenesSet.size: 42362
DEBUG NOTE: sortedReadCountSeq.size: 17337
DEBUG NOTE: coverageThresholds: 8668;13002;15603;17337
DEBUG NOTE: coverageSpans: [(0,8668);(8668,13002);(13002,15603);(15603,17337)]
DEBUG NOTE:	[1.bottomHalf][0.5] = [0,8668]
DEBUG NOTE:	[2.upperMidQuartile][0.75] = [8668,13002]
DEBUG NOTE:	[3.75to90][0.9] = [13002,15603]
DEBUG NOTE:	[4.high][1.0] = [15603,17337]
      (DEBUG) Generating Biotype Map [2022-01-26 08:54:49]
      (DEBUG) Extracted gene BioType using key "gene_biotype".
              Found 0 types: []
      (DEBUG) Finished Biotype Map [2022-01-26 08:56:07]
length of knownCountMap after run: 383646
WARNING: The data appears to be STRANDED, following the fr_secondStrand rule.
         Are you sure this isn't stranded data? If it is stranded, then you should probably
         re-run QoRTs with the "--stranded" and "--stranded_fr_secondstrand" options!
QoRTs completed WITH WARNINGS! See log for details.
Done.
Time spent on setup:           00:02:53.0260
Time spent on SAM iteration:   00:16:53.0759
                               (0.471977661227406 minutes per million read-pairs)
                               (0.9347363569184756 minutes per million read-pairs used)
Time spent on file output:     00:01:30.0734
Total runtime:                 00:21:17.0753
Done. (Wed Jan 26 08:56:18 PST 2022)
