[GNF2_UBE2I,GNF2_UBE2I] was killed by [MORF_SNRP70,MORF_SNRP70]
[GCM_CBFB,GCM_CBFB] was killed by [MORF_SNRP70,MORF_SNRP70]
[GCM_APEX1,GCM_APEX1] was killed by [MORF_SNRP70,MORF_SNRP70]
[GCM_CSNK2B,GCM_CSNK2B] was killed by [MORF_SNRP70,MORF_SNRP70]
[MORF_PPP2CA,MORF_PPP2CA] was killed by [MORF_SNRP70,MORF_SNRP70]
[MORF_UNG,MORF_UNG] was killed by [GNF2_MCM4,GNF2_MCM4]
[MORF_G22P1,MORF_G22P1] was killed by [MORF_SNRP70,MORF_SNRP70]
[GCM_PPP1CC,GCM_PPP1CC] was killed by [MORF_SNRP70,MORF_SNRP70]
[MORF_CUL1,MORF_CUL1] was killed by [MORF_SNRP70,MORF_SNRP70]
[GNF2_FBL,GNF2_FBL] was killed by [MORF_SNRP70,MORF_SNRP70]
[MODULE_183,MODULE_183] was killed by [MORF_SNRP70,MORF_SNRP70]
[GCM_ANP32B,GCM_ANP32B] was killed by [MORF_SNRP70,MORF_SNRP70]
[MORF_HAT1,MORF_HAT1] was killed by [GNF2_MCM4,GNF2_MCM4]
[GNF2_TTK,GNF2_TTK] was killed by [GNF2_MCM4,GNF2_MCM4]
[MODULE_573,MODULE_573] was killed by [MODULE_311,MODULE_311]
[MORF_NPM1,MORF_NPM1] was killed by [MORF_SNRP70,MORF_SNRP70]
[MORF_CDK2,MORF_CDK2] was killed by [MORF_SNRP70,MORF_SNRP70]
[GNF2_DDX5,GNF2_DDX5] was killed by [MORF_SNRP70,MORF_SNRP70]
[GNF2_APEX1,GNF2_APEX1] was killed by [MORF_SNRP70,MORF_SNRP70]
[MORF_ANP32B,MORF_ANP32B] was killed by [MORF_SNRP70,MORF_SNRP70]
[GNF2_DEK,GNF2_DEK] was killed by [MORF_SNRP70,MORF_SNRP70]
[GNF2_SMC2L1,GNF2_SMC2L1] was killed by [GNF2_MCM4,GNF2_MCM4]
[MORF_TERF1,MORF_TERF1] was killed by [MORF_SNRP70,MORF_SNRP70]
[MORF_EIF4A2,MORF_EIF4A2] was killed by [MORF_SNRP70,MORF_SNRP70]
[MORF_SART1,MORF_SART1] was killed by [MORF_SNRP70,MORF_SNRP70]
[GNF2_PA2G4,GNF2_PA2G4] was killed by [GNF2_MCM4,GNF2_MCM4]
[GNF2_MKI67,GNF2_MKI67] was killed by [GNF2_MCM4,GNF2_MCM4]
[GCM_DENR,GCM_DENR] was killed by [MORF_SNRP70,MORF_SNRP70]
[GNF2_HMMR,GNF2_HMMR] was killed by [GNF2_MCM4,GNF2_MCM4]
[MORF_AP3D1,MORF_AP3D1] was killed by [MORF_SNRP70,MORF_SNRP70]
