                                 Started job on |	Jun 21 11:58:35
                             Started mapping on |	Jun 21 11:59:01
                                    Finished on |	Jun 21 12:02:00
       Mapping speed, Million of reads per hour |	870.33

                          Number of input reads |	43274830
                      Average input read length |	51
                                    UNIQUE READS:
                   Uniquely mapped reads number |	25401211
                        Uniquely mapped reads % |	58.70%
                          Average mapped length |	50.31
                       Number of splices: Total |	4008642
            Number of splices: Annotated (sjdb) |	3974448
                       Number of splices: GT/AG |	3962065
                       Number of splices: GC/AG |	30979
                       Number of splices: AT/AC |	4334
               Number of splices: Non-canonical |	11264
                      Mismatch rate per base, % |	0.58%
                         Deletion rate per base |	0.01%
                        Deletion average length |	1.30
                        Insertion rate per base |	0.01%
                       Insertion average length |	1.13
                             MULTI-MAPPING READS:
        Number of reads mapped to multiple loci |	17114396
             % of reads mapped to multiple loci |	39.55%
        Number of reads mapped to too many loci |	206439
             % of reads mapped to too many loci |	0.48%
                                  UNMAPPED READS:
  Number of reads unmapped: too many mismatches |	0
       % of reads unmapped: too many mismatches |	0.00%
            Number of reads unmapped: too short |	468255
                 % of reads unmapped: too short |	1.08%
                Number of reads unmapped: other |	84529
                     % of reads unmapped: other |	0.20%
                                  CHIMERIC READS:
                       Number of chimeric reads |	0
                            % of chimeric reads |	0.00%
