                                 Started job on |	Jun 21 12:12:17
                             Started mapping on |	Jun 21 12:12:43
                                    Finished on |	Jun 21 12:16:07
       Mapping speed, Million of reads per hour |	840.76

                          Number of input reads |	47642965
                      Average input read length |	51
                                    UNIQUE READS:
                   Uniquely mapped reads number |	27679405
                        Uniquely mapped reads % |	58.10%
                          Average mapped length |	50.28
                       Number of splices: Total |	4614570
            Number of splices: Annotated (sjdb) |	4575288
                       Number of splices: GT/AG |	4559736
                       Number of splices: GC/AG |	35436
                       Number of splices: AT/AC |	4970
               Number of splices: Non-canonical |	14428
                      Mismatch rate per base, % |	0.59%
                         Deletion rate per base |	0.00%
                        Deletion average length |	1.28
                        Insertion rate per base |	0.01%
                       Insertion average length |	1.12
                             MULTI-MAPPING READS:
        Number of reads mapped to multiple loci |	19032059
             % of reads mapped to multiple loci |	39.95%
        Number of reads mapped to too many loci |	214259
             % of reads mapped to too many loci |	0.45%
                                  UNMAPPED READS:
  Number of reads unmapped: too many mismatches |	0
       % of reads unmapped: too many mismatches |	0.00%
            Number of reads unmapped: too short |	630338
                 % of reads unmapped: too short |	1.32%
                Number of reads unmapped: other |	86904
                     % of reads unmapped: other |	0.18%
                                  CHIMERIC READS:
                       Number of chimeric reads |	0
                            % of chimeric reads |	0.00%
