                                 Started job on |	Jun 21 12:17:30
                             Started mapping on |	Jun 21 12:17:56
                                    Finished on |	Jun 21 12:19:58
       Mapping speed, Million of reads per hour |	1296.19

                          Number of input reads |	43926503
                      Average input read length |	51
                                    UNIQUE READS:
                   Uniquely mapped reads number |	39994127
                        Uniquely mapped reads % |	91.05%
                          Average mapped length |	50.61
                       Number of splices: Total |	1342873
            Number of splices: Annotated (sjdb) |	1313103
                       Number of splices: GT/AG |	1326777
                       Number of splices: GC/AG |	10444
                       Number of splices: AT/AC |	1863
               Number of splices: Non-canonical |	3789
                      Mismatch rate per base, % |	0.52%
                         Deletion rate per base |	0.01%
                        Deletion average length |	1.22
                        Insertion rate per base |	0.00%
                       Insertion average length |	1.17
                             MULTI-MAPPING READS:
        Number of reads mapped to multiple loci |	2173960
             % of reads mapped to multiple loci |	4.95%
        Number of reads mapped to too many loci |	127295
             % of reads mapped to too many loci |	0.29%
                                  UNMAPPED READS:
  Number of reads unmapped: too many mismatches |	0
       % of reads unmapped: too many mismatches |	0.00%
            Number of reads unmapped: too short |	1491481
                 % of reads unmapped: too short |	3.40%
                Number of reads unmapped: other |	139640
                     % of reads unmapped: other |	0.32%
                                  CHIMERIC READS:
                       Number of chimeric reads |	0
                            % of chimeric reads |	0.00%
