                                 Started job on |	Jun 21 12:20:26
                             Started mapping on |	Jun 21 12:20:51
                                    Finished on |	Jun 21 12:23:00
       Mapping speed, Million of reads per hour |	1282.87

                          Number of input reads |	45969582
                      Average input read length |	51
                                    UNIQUE READS:
                   Uniquely mapped reads number |	41404404
                        Uniquely mapped reads % |	90.07%
                          Average mapped length |	50.60
                       Number of splices: Total |	1337815
            Number of splices: Annotated (sjdb) |	1307412
                       Number of splices: GT/AG |	1317429
                       Number of splices: GC/AG |	13260
                       Number of splices: AT/AC |	2037
               Number of splices: Non-canonical |	5089
                      Mismatch rate per base, % |	0.53%
                         Deletion rate per base |	0.01%
                        Deletion average length |	1.22
                        Insertion rate per base |	0.00%
                       Insertion average length |	1.19
                             MULTI-MAPPING READS:
        Number of reads mapped to multiple loci |	2346896
             % of reads mapped to multiple loci |	5.11%
        Number of reads mapped to too many loci |	146115
             % of reads mapped to too many loci |	0.32%
                                  UNMAPPED READS:
  Number of reads unmapped: too many mismatches |	0
       % of reads unmapped: too many mismatches |	0.00%
            Number of reads unmapped: too short |	1928486
                 % of reads unmapped: too short |	4.20%
                Number of reads unmapped: other |	143681
                     % of reads unmapped: other |	0.31%
                                  CHIMERIC READS:
                       Number of chimeric reads |	0
                            % of chimeric reads |	0.00%
