                                 Started job on |	Jun 21 12:23:30
                             Started mapping on |	Jun 21 12:23:51
                                    Finished on |	Jun 21 12:25:52
       Mapping speed, Million of reads per hour |	1199.46

                          Number of input reads |	40315117
                      Average input read length |	51
                                    UNIQUE READS:
                   Uniquely mapped reads number |	35207356
                        Uniquely mapped reads % |	87.33%
                          Average mapped length |	50.60
                       Number of splices: Total |	1168844
            Number of splices: Annotated (sjdb) |	1144481
                       Number of splices: GT/AG |	1155008
                       Number of splices: GC/AG |	9153
                       Number of splices: AT/AC |	1019
               Number of splices: Non-canonical |	3664
                      Mismatch rate per base, % |	0.54%
                         Deletion rate per base |	0.01%
                        Deletion average length |	1.22
                        Insertion rate per base |	0.00%
                       Insertion average length |	1.20
                             MULTI-MAPPING READS:
        Number of reads mapped to multiple loci |	2000528
             % of reads mapped to multiple loci |	4.96%
        Number of reads mapped to too many loci |	112088
             % of reads mapped to too many loci |	0.28%
                                  UNMAPPED READS:
  Number of reads unmapped: too many mismatches |	0
       % of reads unmapped: too many mismatches |	0.00%
            Number of reads unmapped: too short |	2893407
                 % of reads unmapped: too short |	7.18%
                Number of reads unmapped: other |	101738
                     % of reads unmapped: other |	0.25%
                                  CHIMERIC READS:
                       Number of chimeric reads |	0
                            % of chimeric reads |	0.00%
