[HP_BIPARIETAL_NARROWING,HP_BIPARIETAL_NARROWING] was killed by [HP_GRAY_MATTER_HETEROTOPIA,HP_GRAY_MATTER_HETEROTOPIA]
[HP_ABNORMAL_5TH_FINGER_PHALANX_MORPHOLOGY,HP_ABNORMAL_5TH_FINGER_PHALANX_MORPHOLOGY] was killed by [HP_ECTOPIC_KIDNEY,HP_ECTOPIC_KIDNEY]
[HP_ABNORMALITY_OF_ADRENAL_PHYSIOLOGY,HP_ABNORMALITY_OF_ADRENAL_PHYSIOLOGY] was killed by [HP_RENAL_CELL_CARCINOMA,HP_RENAL_CELL_CARCINOMA]
[HP_MELANOCYTIC_NEVUS,HP_MELANOCYTIC_NEVUS] was killed by [HP_RENAL_CELL_CARCINOMA,HP_RENAL_CELL_CARCINOMA]
[HP_SPINAL_CORD_COMPRESSION,HP_SPINAL_CORD_COMPRESSION] was killed by [HP_RENAL_CELL_CARCINOMA,HP_RENAL_CELL_CARCINOMA]
[HP_ABNORMALITY_OF_CIRCULATING_GLUCOCORTICOID_LEVEL,HP_ABNORMALITY_OF_CIRCULATING_GLUCOCORTICOID_LEVEL] was killed by [HP_RENAL_CELL_CARCINOMA,HP_RENAL_CELL_CARCINOMA]
[HP_CAPILLARY_HEMANGIOMA,HP_CAPILLARY_HEMANGIOMA] was killed by [HP_GRAY_MATTER_HETEROTOPIA,HP_GRAY_MATTER_HETEROTOPIA]
[HP_CEREBELLAR_CYST,HP_CEREBELLAR_CYST] was killed by [HP_GRAY_MATTER_HETEROTOPIA,HP_GRAY_MATTER_HETEROTOPIA]
[HP_FINGER_SYNDACTYLY,HP_FINGER_SYNDACTYLY] was killed by [HP_ECTOPIC_KIDNEY,HP_ECTOPIC_KIDNEY]
[HP_ABNORMAL_CAROTID_ARTERY_MORPHOLOGY,HP_ABNORMAL_CAROTID_ARTERY_MORPHOLOGY] was killed by [HP_ECTOPIC_KIDNEY,HP_ECTOPIC_KIDNEY]
[HP_CENTRAL_NERVOUS_SYSTEM_CYST,HP_CENTRAL_NERVOUS_SYSTEM_CYST] was killed by [HP_GRAY_MATTER_HETEROTOPIA,HP_GRAY_MATTER_HETEROTOPIA]
[HP_ABNORMALITY_OF_THE_MIDDLE_PHALANX_OF_THE_5TH_FINGER,HP_ABNORMALITY_OF_THE_MIDDLE_PHALANX_OF_THE_5TH_FINGER] was killed by [HP_ECTOPIC_KIDNEY,HP_ECTOPIC_KIDNEY]
[HP_CONVEX_NASAL_RIDGE,HP_CONVEX_NASAL_RIDGE] was killed by [HP_GRAY_MATTER_HETEROTOPIA,HP_GRAY_MATTER_HETEROTOPIA]
[HP_PROMINENT_DIGIT_PAD,HP_PROMINENT_DIGIT_PAD] was killed by [HP_ECTOPIC_KIDNEY,HP_ECTOPIC_KIDNEY]
[HP_PUSTULE,HP_PUSTULE] was killed by [HP_GLOMERULOPATHY,HP_GLOMERULOPATHY]
[HP_PRIMARY_ADRENAL_INSUFFICIENCY,HP_PRIMARY_ADRENAL_INSUFFICIENCY] was killed by [HP_RENAL_CELL_CARCINOMA,HP_RENAL_CELL_CARCINOMA]
[HP_RADIOULNAR_SYNOSTOSIS,HP_RADIOULNAR_SYNOSTOSIS] was killed by [HP_ECTOPIC_KIDNEY,HP_ECTOPIC_KIDNEY]
[HP_ABNORMAL_ANTERIOR_HORN_CELL_MORPHOLOGY,HP_ABNORMAL_ANTERIOR_HORN_CELL_MORPHOLOGY] was killed by [HP_FASCICULATIONS,HP_FASCICULATIONS]
[HP_PRIMITIVE_REFLEX,HP_PRIMITIVE_REFLEX] was killed by [HP_ABNORMALITY_OF_THE_FORAMEN_MAGNUM,HP_ABNORMALITY_OF_THE_FORAMEN_MAGNUM]
[HP_BRAIN_IMAGING_ABNORMALITY,HP_BRAIN_IMAGING_ABNORMALITY] was killed by [HP_FASCICULATIONS,HP_FASCICULATIONS]
[HP_ADRENAL_INSUFFICIENCY,HP_ADRENAL_INSUFFICIENCY] was killed by [HP_RENAL_CELL_CARCINOMA,HP_RENAL_CELL_CARCINOMA]
[HP_SLOW_SACCADIC_EYE_MOVEMENTS,HP_SLOW_SACCADIC_EYE_MOVEMENTS] was killed by [HP_FASCICULATIONS,HP_FASCICULATIONS]
[HP_HAMARTOMA,HP_HAMARTOMA] was killed by [HP_RENAL_CELL_CARCINOMA,HP_RENAL_CELL_CARCINOMA]
[HP_SLEEP_APNEA,HP_SLEEP_APNEA] was killed by [HP_ABNORMALITY_OF_THE_FORAMEN_MAGNUM,HP_ABNORMALITY_OF_THE_FORAMEN_MAGNUM]
[HP_ABNORMAL_TOENAIL_MORPHOLOGY,HP_ABNORMAL_TOENAIL_MORPHOLOGY] was killed by [HP_ECTOPIC_KIDNEY,HP_ECTOPIC_KIDNEY]
[HP_MENINGIOMA,HP_MENINGIOMA] was killed by [HP_RENAL_CELL_CARCINOMA,HP_RENAL_CELL_CARCINOMA]
[HP_ABNORMAL_SACRUM_MORPHOLOGY,HP_ABNORMAL_SACRUM_MORPHOLOGY] was killed by [HP_ECTOPIC_KIDNEY,HP_ECTOPIC_KIDNEY]
[HP_LOW_ANTERIOR_HAIRLINE,HP_LOW_ANTERIOR_HAIRLINE] was killed by [HP_ABNORMALITY_OF_THE_FORAMEN_MAGNUM,HP_ABNORMALITY_OF_THE_FORAMEN_MAGNUM]
[HP_SMALL_CEREBRAL_CORTEX,HP_SMALL_CEREBRAL_CORTEX] was killed by [HP_GRAY_MATTER_HETEROTOPIA,HP_GRAY_MATTER_HETEROTOPIA]
[HP_ABNORMALITY_OF_THE_AUDITORY_CANAL,HP_ABNORMALITY_OF_THE_AUDITORY_CANAL] was killed by [HP_GRAY_MATTER_HETEROTOPIA,HP_GRAY_MATTER_HETEROTOPIA]
[HP_SKIN_DIMPLE,HP_SKIN_DIMPLE] was killed by [HP_ECTOPIC_KIDNEY,HP_ECTOPIC_KIDNEY]
[HP_OPTIC_NERVE_HYPOPLASIA,HP_OPTIC_NERVE_HYPOPLASIA] was killed by [HP_GRAY_MATTER_HETEROTOPIA,HP_GRAY_MATTER_HETEROTOPIA]
[HP_NEURONAL_LOSS_IN_CENTRAL_NERVOUS_SYSTEM,HP_NEURONAL_LOSS_IN_CENTRAL_NERVOUS_SYSTEM] was killed by [HP_FASCICULATIONS,HP_FASCICULATIONS]
[HP_VASCULAR_NEOPLASM,HP_VASCULAR_NEOPLASM] was killed by [HP_RENAL_CELL_CARCINOMA,HP_RENAL_CELL_CARCINOMA]
[HP_UPPER_LIMB_AMYOTROPHY,HP_UPPER_LIMB_AMYOTROPHY] was killed by [HP_FASCICULATIONS,HP_FASCICULATIONS]
[HP_ABNORMALITY_OF_LATERAL_VENTRICLE,HP_ABNORMALITY_OF_LATERAL_VENTRICLE] was killed by [HP_ABNORMALITY_OF_THE_FORAMEN_MAGNUM,HP_ABNORMALITY_OF_THE_FORAMEN_MAGNUM]
[HP_ACQUIRED_ABNORMAL_HAIR_PATTERN,HP_ACQUIRED_ABNORMAL_HAIR_PATTERN] was killed by [HP_RENAL_CELL_CARCINOMA,HP_RENAL_CELL_CARCINOMA]
[HP_ABNORMAL_PUPIL_MORPHOLOGY,HP_ABNORMAL_PUPIL_MORPHOLOGY] was killed by [HP_ECTOPIC_KIDNEY,HP_ECTOPIC_KIDNEY]
[HP_ABNORMALITY_OF_THE_CALCANEUS,HP_ABNORMALITY_OF_THE_CALCANEUS] was killed by [HP_GRAY_MATTER_HETEROTOPIA,HP_GRAY_MATTER_HETEROTOPIA]
[HP_HEMIVERTEBRAE,HP_HEMIVERTEBRAE] was killed by [HP_ECTOPIC_KIDNEY,HP_ECTOPIC_KIDNEY]
[HP_RECURRENT_UPPER_RESPIRATORY_TRACT_INFECTIONS,HP_RECURRENT_UPPER_RESPIRATORY_TRACT_INFECTIONS] was killed by [HP_ABNORMALITY_OF_THE_FORAMEN_MAGNUM,HP_ABNORMALITY_OF_THE_FORAMEN_MAGNUM]
[HP_ABNORMAL_CHORIORETINAL_MORPHOLOGY,HP_ABNORMAL_CHORIORETINAL_MORPHOLOGY] was killed by [HP_GRAY_MATTER_HETEROTOPIA,HP_GRAY_MATTER_HETEROTOPIA]
[HP_LEIOMYOSARCOMA,HP_LEIOMYOSARCOMA] was killed by [HP_RENAL_CELL_CARCINOMA,HP_RENAL_CELL_CARCINOMA]
[HP_LIPOMA,HP_LIPOMA] was killed by [HP_GRAY_MATTER_HETEROTOPIA,HP_GRAY_MATTER_HETEROTOPIA]
[HP_SUBACUTE_PROGRESSIVE_VIRAL_HEPATITIS,HP_SUBACUTE_PROGRESSIVE_VIRAL_HEPATITIS] was killed by [HP_RENAL_CELL_CARCINOMA,HP_RENAL_CELL_CARCINOMA]
[HP_EXPRESSIVE_LANGUAGE_DELAY,HP_EXPRESSIVE_LANGUAGE_DELAY] was killed by [HP_ECTOPIC_KIDNEY,HP_ECTOPIC_KIDNEY]
[HP_ABNORMAL_CONUS_TERMINALIS_MORPHOLOGY,HP_ABNORMAL_CONUS_TERMINALIS_MORPHOLOGY] was killed by [HP_RENAL_CELL_CARCINOMA,HP_RENAL_CELL_CARCINOMA]
[HP_THICKENED_NUCHAL_SKIN_FOLD,HP_THICKENED_NUCHAL_SKIN_FOLD] was killed by [HP_FASCICULATIONS,HP_FASCICULATIONS]
[HP_HYPOPLASIA_OF_THE_ZYGOMATIC_BONE,HP_HYPOPLASIA_OF_THE_ZYGOMATIC_BONE] was killed by [HP_ECTOPIC_KIDNEY,HP_ECTOPIC_KIDNEY]
[HP_BROAD_FINGER,HP_BROAD_FINGER] was killed by [HP_ABNORMALITY_OF_THE_FORAMEN_MAGNUM,HP_ABNORMALITY_OF_THE_FORAMEN_MAGNUM]
[HP_MUSCLE_FIBRILLATION,HP_MUSCLE_FIBRILLATION] was killed by [HP_FASCICULATIONS,HP_FASCICULATIONS]
[HP_THYROID_ADENOMA,HP_THYROID_ADENOMA] was killed by [HP_GRAY_MATTER_HETEROTOPIA,HP_GRAY_MATTER_HETEROTOPIA]
[HP_ASYMMETRIC_GROWTH,HP_ASYMMETRIC_GROWTH] was killed by [HP_RENAL_CELL_CARCINOMA,HP_RENAL_CELL_CARCINOMA]
[HP_WEAK_VOICE,HP_WEAK_VOICE] was killed by [HP_FASCICULATIONS,HP_FASCICULATIONS]
[HP_HYPERTHYROIDISM,HP_HYPERTHYROIDISM] was killed by [HP_RENAL_CELL_CARCINOMA,HP_RENAL_CELL_CARCINOMA]
[HP_FLAT_ACETABULAR_ROOF,HP_FLAT_ACETABULAR_ROOF] was killed by [HP_ABNORMALITY_OF_THE_FORAMEN_MAGNUM,HP_ABNORMALITY_OF_THE_FORAMEN_MAGNUM]
