[REACTOME_RND2_GTPASE_CYCLE,REACTOME_RND2_GTPASE_CYCLE] was killed by [REACTOME_RND1_GTPASE_CYCLE,REACTOME_RND1_GTPASE_CYCLE]
[REACTOME_REGULATION_OF_EXPRESSION_OF_SLITS_AND_ROBOS,REACTOME_REGULATION_OF_EXPRESSION_OF_SLITS_AND_ROBOS] was killed by [REACTOME_EUKARYOTIC_TRANSLATION_INITIATION,REACTOME_EUKARYOTIC_TRANSLATION_INITIATION]
[REACTOME_RHOD_GTPASE_CYCLE,REACTOME_RHOD_GTPASE_CYCLE] was killed by [REACTOME_RND1_GTPASE_CYCLE,REACTOME_RND1_GTPASE_CYCLE]
[REACTOME_SELENOAMINO_ACID_METABOLISM,REACTOME_SELENOAMINO_ACID_METABOLISM] was killed by [REACTOME_EUKARYOTIC_TRANSLATION_INITIATION,REACTOME_EUKARYOTIC_TRANSLATION_INITIATION]
[REACTOME_CELLULAR_RESPONSE_TO_STARVATION,REACTOME_CELLULAR_RESPONSE_TO_STARVATION] was killed by [REACTOME_EUKARYOTIC_TRANSLATION_INITIATION,REACTOME_EUKARYOTIC_TRANSLATION_INITIATION]
[REACTOME_ACTIVATION_OF_ANTERIOR_HOX_GENES_IN_HINDBRAIN_DEVELOPMENT_DURING_EARLY_EMBRYOGENESIS,REACTOME_ACTIVATION_OF_ANTERIOR_HOX_GENES_IN_HINDBRAIN_DEVELOPMENT_DURING_EARLY_EMBRYOGENESIS] was killed by [REACTOME_PRE_NOTCH_EXPRESSION_AND_PROCESSING,REACTOME_PRE_NOTCH_EXPRESSION_AND_PROCESSING]
[REACTOME_RESPONSE_OF_EIF2AK4_GCN2_TO_AMINO_ACID_DEFICIENCY,REACTOME_RESPONSE_OF_EIF2AK4_GCN2_TO_AMINO_ACID_DEFICIENCY] was killed by [REACTOME_EUKARYOTIC_TRANSLATION_INITIATION,REACTOME_EUKARYOTIC_TRANSLATION_INITIATION]
[REACTOME_CYTOSOLIC_SENSORS_OF_PATHOGEN_ASSOCIATED_DNA,REACTOME_CYTOSOLIC_SENSORS_OF_PATHOGEN_ASSOCIATED_DNA] was killed by [REACTOME_PRE_NOTCH_EXPRESSION_AND_PROCESSING,REACTOME_PRE_NOTCH_EXPRESSION_AND_PROCESSING]
[REACTOME_MTOR_SIGNALLING,REACTOME_MTOR_SIGNALLING] was killed by [REACTOME_EUKARYOTIC_TRANSLATION_INITIATION,REACTOME_EUKARYOTIC_TRANSLATION_INITIATION]
[REACTOME_RND3_GTPASE_CYCLE,REACTOME_RND3_GTPASE_CYCLE] was killed by [REACTOME_RND1_GTPASE_CYCLE,REACTOME_RND1_GTPASE_CYCLE]
[REACTOME_NONSENSE_MEDIATED_DECAY_NMD,REACTOME_NONSENSE_MEDIATED_DECAY_NMD] was killed by [REACTOME_EUKARYOTIC_TRANSLATION_INITIATION,REACTOME_EUKARYOTIC_TRANSLATION_INITIATION]
[REACTOME_FORMATION_OF_THE_BETA_CATENIN_TCF_TRANSACTIVATING_COMPLEX,REACTOME_FORMATION_OF_THE_BETA_CATENIN_TCF_TRANSACTIVATING_COMPLEX] was killed by [REACTOME_PRE_NOTCH_EXPRESSION_AND_PROCESSING,REACTOME_PRE_NOTCH_EXPRESSION_AND_PROCESSING]
[REACTOME_ESTROGEN_DEPENDENT_GENE_EXPRESSION,REACTOME_ESTROGEN_DEPENDENT_GENE_EXPRESSION] was killed by [REACTOME_PRE_NOTCH_EXPRESSION_AND_PROCESSING,REACTOME_PRE_NOTCH_EXPRESSION_AND_PROCESSING]
[REACTOME_RHOJ_GTPASE_CYCLE,REACTOME_RHOJ_GTPASE_CYCLE] was killed by [REACTOME_RND1_GTPASE_CYCLE,REACTOME_RND1_GTPASE_CYCLE]
[REACTOME_EUKARYOTIC_TRANSLATION_ELONGATION,REACTOME_EUKARYOTIC_TRANSLATION_ELONGATION] was killed by [REACTOME_EUKARYOTIC_TRANSLATION_INITIATION,REACTOME_EUKARYOTIC_TRANSLATION_INITIATION]
[REACTOME_HATS_ACETYLATE_HISTONES,REACTOME_HATS_ACETYLATE_HISTONES] was killed by [REACTOME_PRE_NOTCH_EXPRESSION_AND_PROCESSING,REACTOME_PRE_NOTCH_EXPRESSION_AND_PROCESSING]
[REACTOME_MUSCLE_CONTRACTION,REACTOME_MUSCLE_CONTRACTION] was killed by [REACTOME_PRE_NOTCH_EXPRESSION_AND_PROCESSING,REACTOME_PRE_NOTCH_EXPRESSION_AND_PROCESSING]
[REACTOME_CHAPERONE_MEDIATED_AUTOPHAGY,REACTOME_CHAPERONE_MEDIATED_AUTOPHAGY] was killed by [REACTOME_PHASE_I_FUNCTIONALIZATION_OF_COMPOUNDS,REACTOME_PHASE_I_FUNCTIONALIZATION_OF_COMPOUNDS]
[REACTOME_CDC42_GTPASE_CYCLE,REACTOME_CDC42_GTPASE_CYCLE] was killed by [REACTOME_RND1_GTPASE_CYCLE,REACTOME_RND1_GTPASE_CYCLE]
[REACTOME_RHOQ_GTPASE_CYCLE,REACTOME_RHOQ_GTPASE_CYCLE] was killed by [REACTOME_RND1_GTPASE_CYCLE,REACTOME_RND1_GTPASE_CYCLE]
[REACTOME_SIGNALING_BY_NOTCH3,REACTOME_SIGNALING_BY_NOTCH3] was killed by [REACTOME_PRE_NOTCH_EXPRESSION_AND_PROCESSING,REACTOME_PRE_NOTCH_EXPRESSION_AND_PROCESSING]
[REACTOME_HSP90_CHAPERONE_CYCLE_FOR_STEROID_HORMONE_RECEPTORS_SHR,REACTOME_HSP90_CHAPERONE_CYCLE_FOR_STEROID_HORMONE_RECEPTORS_SHR] was killed by [REACTOME_PHASE_I_FUNCTIONALIZATION_OF_COMPOUNDS,REACTOME_PHASE_I_FUNCTIONALIZATION_OF_COMPOUNDS]
[REACTOME_REGULATION_OF_MECP2_EXPRESSION_AND_ACTIVITY,REACTOME_REGULATION_OF_MECP2_EXPRESSION_AND_ACTIVITY] was killed by [REACTOME_PRE_NOTCH_EXPRESSION_AND_PROCESSING,REACTOME_PRE_NOTCH_EXPRESSION_AND_PROCESSING]
[REACTOME_CELLULAR_SENESCENCE,REACTOME_CELLULAR_SENESCENCE] was killed by [REACTOME_PRE_NOTCH_EXPRESSION_AND_PROCESSING,REACTOME_PRE_NOTCH_EXPRESSION_AND_PROCESSING]
[REACTOME_MTORC1_MEDIATED_SIGNALLING,REACTOME_MTORC1_MEDIATED_SIGNALLING] was killed by [REACTOME_EUKARYOTIC_TRANSLATION_INITIATION,REACTOME_EUKARYOTIC_TRANSLATION_INITIATION]
