[GOBP_ESTABLISHMENT_OF_PROTEIN_LOCALIZATION_TO_ENDOPLASMIC_RETICULUM,GOBP_ESTABLISHMENT_OF_PROTEIN_LOCALIZATION_TO_ENDOPLASMIC_RETICULUM] was killed by [GOBP_COTRANSLATIONAL_PROTEIN_TARGETING_TO_MEMBRANE,GOBP_COTRANSLATIONAL_PROTEIN_TARGETING_TO_MEMBRANE]
[GOBP_PROTEIN_LOCALIZATION_TO_ENDOPLASMIC_RETICULUM,GOBP_PROTEIN_LOCALIZATION_TO_ENDOPLASMIC_RETICULUM] was killed by [GOBP_COTRANSLATIONAL_PROTEIN_TARGETING_TO_MEMBRANE,GOBP_COTRANSLATIONAL_PROTEIN_TARGETING_TO_MEMBRANE]
[GOBP_VIRAL_GENE_EXPRESSION,GOBP_VIRAL_GENE_EXPRESSION] was killed by [GOBP_COTRANSLATIONAL_PROTEIN_TARGETING_TO_MEMBRANE,GOBP_COTRANSLATIONAL_PROTEIN_TARGETING_TO_MEMBRANE]
[GOBP_TRANSLATIONAL_INITIATION,GOBP_TRANSLATIONAL_INITIATION] was killed by [GOBP_COTRANSLATIONAL_PROTEIN_TARGETING_TO_MEMBRANE,GOBP_COTRANSLATIONAL_PROTEIN_TARGETING_TO_MEMBRANE]
[GOBP_NUCLEAR_TRANSCRIBED_MRNA_CATABOLIC_PROCESS_NONSENSE_MEDIATED_DECAY,GOBP_NUCLEAR_TRANSCRIBED_MRNA_CATABOLIC_PROCESS_NONSENSE_MEDIATED_DECAY] was killed by [GOBP_COTRANSLATIONAL_PROTEIN_TARGETING_TO_MEMBRANE,GOBP_COTRANSLATIONAL_PROTEIN_TARGETING_TO_MEMBRANE]
[GOBP_RIBOSOMAL_SMALL_SUBUNIT_BIOGENESIS,GOBP_RIBOSOMAL_SMALL_SUBUNIT_BIOGENESIS] was killed by [GOBP_COTRANSLATIONAL_PROTEIN_TARGETING_TO_MEMBRANE,GOBP_COTRANSLATIONAL_PROTEIN_TARGETING_TO_MEMBRANE]
[GOBP_CYTOPLASMIC_TRANSLATION,GOBP_CYTOPLASMIC_TRANSLATION] was killed by [GOBP_COTRANSLATIONAL_PROTEIN_TARGETING_TO_MEMBRANE,GOBP_COTRANSLATIONAL_PROTEIN_TARGETING_TO_MEMBRANE]
[GOBP_RIBOSOMAL_LARGE_SUBUNIT_BIOGENESIS,GOBP_RIBOSOMAL_LARGE_SUBUNIT_BIOGENESIS] was killed by [GOBP_COTRANSLATIONAL_PROTEIN_TARGETING_TO_MEMBRANE,GOBP_COTRANSLATIONAL_PROTEIN_TARGETING_TO_MEMBRANE]
[GOBP_REGULATION_OF_MRNA_SPLICING_VIA_SPLICEOSOME,GOBP_REGULATION_OF_MRNA_SPLICING_VIA_SPLICEOSOME] was killed by [GOBP_NEGATIVE_REGULATION_OF_RNA_SPLICING,GOBP_NEGATIVE_REGULATION_OF_RNA_SPLICING]
[GOBP_ALTERNATIVE_MRNA_SPLICING_VIA_SPLICEOSOME,GOBP_ALTERNATIVE_MRNA_SPLICING_VIA_SPLICEOSOME] was killed by [GOBP_NEGATIVE_REGULATION_OF_RNA_SPLICING,GOBP_NEGATIVE_REGULATION_OF_RNA_SPLICING]
[GOBP_ERAD_PATHWAY,GOBP_ERAD_PATHWAY] was killed by [GOBP_ENDOPLASMIC_RETICULUM_TO_CYTOSOL_TRANSPORT,GOBP_ENDOPLASMIC_RETICULUM_TO_CYTOSOL_TRANSPORT]
[GOBP_NEGATIVE_REGULATION_OF_MRNA_SPLICING_VIA_SPLICEOSOME,GOBP_NEGATIVE_REGULATION_OF_MRNA_SPLICING_VIA_SPLICEOSOME] was killed by [GOBP_NEGATIVE_REGULATION_OF_RNA_SPLICING,GOBP_NEGATIVE_REGULATION_OF_RNA_SPLICING]
[GOBP_REGULATION_OF_HISTONE_METHYLATION,GOBP_REGULATION_OF_HISTONE_METHYLATION] was killed by [GOBP_REGULATION_OF_HISTONE_H4_ACETYLATION,GOBP_REGULATION_OF_HISTONE_H4_ACETYLATION]
[GOBP_REGULATION_OF_MRNA_PROCESSING,GOBP_REGULATION_OF_MRNA_PROCESSING] was killed by [GOBP_NEGATIVE_REGULATION_OF_RNA_SPLICING,GOBP_NEGATIVE_REGULATION_OF_RNA_SPLICING]
[GOBP_REGULATION_OF_ALTERNATIVE_MRNA_SPLICING_VIA_SPLICEOSOME,GOBP_REGULATION_OF_ALTERNATIVE_MRNA_SPLICING_VIA_SPLICEOSOME] was killed by [GOBP_NEGATIVE_REGULATION_OF_RNA_SPLICING,GOBP_NEGATIVE_REGULATION_OF_RNA_SPLICING]
[GOBP_MYELOID_CELL_HOMEOSTASIS,GOBP_MYELOID_CELL_HOMEOSTASIS] was killed by [GOBP_COTRANSLATIONAL_PROTEIN_TARGETING_TO_MEMBRANE,GOBP_COTRANSLATIONAL_PROTEIN_TARGETING_TO_MEMBRANE]
[GOBP_ENERGY_HOMEOSTASIS,GOBP_ENERGY_HOMEOSTASIS] was killed by [GOBP_REGULATION_OF_PLASMA_LIPOPROTEIN_PARTICLE_LEVELS,GOBP_REGULATION_OF_PLASMA_LIPOPROTEIN_PARTICLE_LEVELS]
[GOBP_ERYTHROCYTE_HOMEOSTASIS,GOBP_ERYTHROCYTE_HOMEOSTASIS] was killed by [GOBP_COTRANSLATIONAL_PROTEIN_TARGETING_TO_MEMBRANE,GOBP_COTRANSLATIONAL_PROTEIN_TARGETING_TO_MEMBRANE]
[GOBP_REGULATION_OF_COAGULATION,GOBP_REGULATION_OF_COAGULATION] was killed by [GOBP_ACIDIC_AMINO_ACID_TRANSPORT,GOBP_ACIDIC_AMINO_ACID_TRANSPORT]
[GOBP_POSITIVE_REGULATION_OF_LIPID_LOCALIZATION,GOBP_POSITIVE_REGULATION_OF_LIPID_LOCALIZATION] was killed by [GOBP_ACIDIC_AMINO_ACID_TRANSPORT,GOBP_ACIDIC_AMINO_ACID_TRANSPORT]
[GOBP_SYNAPTIC_TRANSMISSION_GLUTAMATERGIC,GOBP_SYNAPTIC_TRANSMISSION_GLUTAMATERGIC] was killed by [GOBP_ACIDIC_AMINO_ACID_TRANSPORT,GOBP_ACIDIC_AMINO_ACID_TRANSPORT]
[GOBP_PROTEIN_DEGLYCOSYLATION,GOBP_PROTEIN_DEGLYCOSYLATION] was killed by [GOBP_ENDOPLASMIC_RETICULUM_TO_CYTOSOL_TRANSPORT,GOBP_ENDOPLASMIC_RETICULUM_TO_CYTOSOL_TRANSPORT]
[GOBP_POSITIVE_REGULATION_OF_LIPID_TRANSPORT,GOBP_POSITIVE_REGULATION_OF_LIPID_TRANSPORT] was killed by [GOBP_ACIDIC_AMINO_ACID_TRANSPORT,GOBP_ACIDIC_AMINO_ACID_TRANSPORT]
[GOBP_PLASMA_LIPOPROTEIN_PARTICLE_CLEARANCE,GOBP_PLASMA_LIPOPROTEIN_PARTICLE_CLEARANCE] was killed by [GOBP_NEGATIVE_REGULATION_OF_RNA_SPLICING,GOBP_NEGATIVE_REGULATION_OF_RNA_SPLICING]
