[MORF_PPP1CC,MORF_PPP1CC] was killed by [MORF_PRKDC,MORF_PRKDC]
[MORF_G22P1,MORF_G22P1] was killed by [MORF_PRKDC,MORF_PRKDC]
[MORF_ACTG1,MORF_ACTG1] was killed by [MORF_NPM1,MORF_NPM1]
[MORF_RFC4,MORF_RFC4] was killed by [MORF_PRKDC,MORF_PRKDC]
[MORF_ANP32B,MORF_ANP32B] was killed by [MORF_NPM1,MORF_NPM1]
[MORF_TPT1,MORF_TPT1] was killed by [MORF_NPM1,MORF_NPM1]
[MORF_CDC10,MORF_CDC10] was killed by [MORF_PRKDC,MORF_PRKDC]
[MORF_DAP3,MORF_DAP3] was killed by [MORF_PRKDC,MORF_PRKDC]
[MORF_EIF4A2,MORF_EIF4A2] was killed by [MORF_NPM1,MORF_NPM1]
[GNF2_EIF3S6,GNF2_EIF3S6] was killed by [MORF_NPM1,MORF_NPM1]
[MORF_DNMT1,MORF_DNMT1] was killed by [MORF_PRKDC,MORF_PRKDC]
[MORF_HAT1,MORF_HAT1] was killed by [MORF_PRKDC,MORF_PRKDC]
[MORF_CTBP1,MORF_CTBP1] was killed by [MORF_PRKDC,MORF_PRKDC]
[MORF_AP3D1,MORF_AP3D1] was killed by [MORF_PRKDC,MORF_PRKDC]
[MORF_NME2,MORF_NME2] was killed by [MORF_NPM1,MORF_NPM1]
[MORF_RPA2,MORF_RPA2] was killed by [MORF_PRKDC,MORF_PRKDC]
[MORF_RAD21,MORF_RAD21] was killed by [MORF_NPM1,MORF_NPM1]
[MORF_PPP2CA,MORF_PPP2CA] was killed by [MORF_PRKDC,MORF_PRKDC]
[MORF_RRM1,MORF_RRM1] was killed by [MORF_PRKDC,MORF_PRKDC]
[GCM_ACTG1,GCM_ACTG1] was killed by [MORF_PRKDC,MORF_PRKDC]
[GNF2_RAN,GNF2_RAN] was killed by [MORF_PRKDC,MORF_PRKDC]
[GNF2_RRM1,GNF2_RRM1] was killed by [MORF_PRKDC,MORF_PRKDC]
[GNF2_DAP3,GNF2_DAP3] was killed by [MORF_NPM1,MORF_NPM1]
[MORF_EI24,MORF_EI24] was killed by [MORF_PRKDC,MORF_PRKDC]
[MORF_PTPN11,MORF_PTPN11] was killed by [MORF_PRKDC,MORF_PRKDC]
[MORF_UBE2N,MORF_UBE2N] was killed by [MORF_PRKDC,MORF_PRKDC]
[GNF2_FBL,GNF2_FBL] was killed by [MORF_NPM1,MORF_NPM1]
[MORF_EIF3S6,MORF_EIF3S6] was killed by [MORF_PRKDC,MORF_PRKDC]
[MORF_FBL,MORF_FBL] was killed by [MORF_PRKDC,MORF_PRKDC]
[MORF_PSMC1,MORF_PSMC1] was killed by [MORF_NPM1,MORF_NPM1]
[MORF_RAF1,MORF_RAF1] was killed by [MORF_PRKDC,MORF_PRKDC]
[GNF2_PA2G4,GNF2_PA2G4] was killed by [MORF_PRKDC,MORF_PRKDC]
[GCM_APEX1,GCM_APEX1] was killed by [MORF_PRKDC,MORF_PRKDC]
[MORF_RAD54L,MORF_RAD54L] was killed by [MORF_PRKDC,MORF_PRKDC]
[GCM_CSNK2B,GCM_CSNK2B] was killed by [MORF_PRKDC,MORF_PRKDC]
[GNF2_APEX1,GNF2_APEX1] was killed by [MORF_PRKDC,MORF_PRKDC]
[GNF2_RBBP6,GNF2_RBBP6] was killed by [MORF_NPM1,MORF_NPM1]
[GNF2_SMC4L1,GNF2_SMC4L1] was killed by [MORF_PRKDC,MORF_PRKDC]
[MORF_TERF2IP,MORF_TERF2IP] was killed by [MORF_PRKDC,MORF_PRKDC]
[MORF_ERH,MORF_ERH] was killed by [MORF_NPM1,MORF_NPM1]
[MORF_MAP2K2,MORF_MAP2K2] was killed by [MORF_PRKDC,MORF_PRKDC]
[GNF2_HDAC1,GNF2_HDAC1] was killed by [MORF_NPM1,MORF_NPM1]
[MORF_RAD23B,MORF_RAD23B] was killed by [MORF_RAB1A,MORF_RAB1A]
[MORF_PRKAR1A,MORF_PRKAR1A] was killed by [MORF_RAB1A,MORF_RAB1A]
[GCM_DFFA,GCM_DFFA] was killed by [GCM_MYST2,GCM_MYST2]
[GCM_MLL,GCM_MLL] was killed by [GCM_MYST2,GCM_MYST2]
[MORF_PCNA,MORF_PCNA] was killed by [MORF_PRKDC,MORF_PRKDC]
[GCM_UBE2N,GCM_UBE2N] was killed by [GCM_MYST2,GCM_MYST2]
[MORF_CCNI,MORF_CCNI] was killed by [MORF_NPM1,MORF_NPM1]
[MORF_PPP1CA,MORF_PPP1CA] was killed by [MORF_NPM1,MORF_NPM1]
[MORF_TPR,MORF_TPR] was killed by [MORF_RAB1A,MORF_RAB1A]
[GCM_NPM1,GCM_NPM1] was killed by [MORF_PRKDC,MORF_PRKDC]
[MORF_JUND,MORF_JUND] was killed by [MORF_NPM1,MORF_NPM1]
[GCM_TPT1,GCM_TPT1] was killed by [MORF_NPM1,MORF_NPM1]
[MORF_TERF1,MORF_TERF1] was killed by [MORF_PRKDC,MORF_PRKDC]
[MORF_ESPL1,MORF_ESPL1] was killed by [MORF_PRKDC,MORF_PRKDC]
[MORF_DEAF1,MORF_DEAF1] was killed by [MORF_PRKDC,MORF_PRKDC]
[MORF_CDC16,MORF_CDC16] was killed by [MORF_PRKDC,MORF_PRKDC]
[MORF_BMI1,MORF_BMI1] was killed by [MORF_PRKDC,MORF_PRKDC]
[MORF_BECN1,MORF_BECN1] was killed by [MORF_RAB1A,MORF_RAB1A]
[GCM_RAB10,GCM_RAB10] was killed by [GCM_MYST2,GCM_MYST2]
[GNF2_FEN1,GNF2_FEN1] was killed by [MORF_PRKDC,MORF_PRKDC]
[MORF_PAPSS1,MORF_PAPSS1] was killed by [MORF_PRKDC,MORF_PRKDC]
[MODULE_289,MODULE_289] was killed by [MODULE_92,MODULE_92]
[MORF_CUL1,MORF_CUL1] was killed by [MORF_PRKDC,MORF_PRKDC]
[GNF2_CCNA2,GNF2_CCNA2] was killed by [MORF_PRKDC,MORF_PRKDC]
[GNF2_KPNB1,GNF2_KPNB1] was killed by [MORF_PRKDC,MORF_PRKDC]
[GNF2_RFC3,GNF2_RFC3] was killed by [GNF2_CENPF,GNF2_CENPF]
[GNF2_ST13,GNF2_ST13] was killed by [MORF_NPM1,MORF_NPM1]
[GCM_DDX5,GCM_DDX5] was killed by [MORF_PRKDC,MORF_PRKDC]
[MODULE_183,MODULE_183] was killed by [MORF_PRKDC,MORF_PRKDC]
[MORF_PPP6C,MORF_PPP6C] was killed by [MORF_RAB1A,MORF_RAB1A]
[GNF2_CDC2,GNF2_CDC2] was killed by [GNF2_CENPF,GNF2_CENPF]
[GCM_GSPT1,GCM_GSPT1] was killed by [GCM_MYST2,GCM_MYST2]
[MODULE_244,MODULE_244] was killed by [MORF_PRKDC,MORF_PRKDC]
[MORF_SMC1L1,MORF_SMC1L1] was killed by [MORF_PRKDC,MORF_PRKDC]
[MORF_PSMC2,MORF_PSMC2] was killed by [MORF_RAB1A,MORF_RAB1A]
[GNF2_PCNA,GNF2_PCNA] was killed by [MORF_PRKDC,MORF_PRKDC]
[GNF2_XRCC5,GNF2_XRCC5] was killed by [MORF_PRKDC,MORF_PRKDC]
[MORF_MSH2,MORF_MSH2] was killed by [MORF_PRKDC,MORF_PRKDC]
[GNF2_CKS1B,GNF2_CKS1B] was killed by [MORF_PRKDC,MORF_PRKDC]
[MORF_UNG,MORF_UNG] was killed by [MORF_PRKDC,MORF_PRKDC]
[MORF_FEN1,MORF_FEN1] was killed by [MORF_PRKDC,MORF_PRKDC]
[MODULE_22,MODULE_22] was killed by [MODULE_152,MODULE_152]
[MORF_GMPS,MORF_GMPS] was killed by [MODULE_152,MODULE_152]
[GNF2_CCNB2,GNF2_CCNB2] was killed by [MORF_PRKDC,MORF_PRKDC]
[GNF2_RFC4,GNF2_RFC4] was killed by [MORF_PRKDC,MORF_PRKDC]
[MODULE_124,MODULE_124] was killed by [MORF_PRKDC,MORF_PRKDC]
[MORF_CDK2,MORF_CDK2] was killed by [MORF_PRKDC,MORF_PRKDC]
[GNF2_CDC20,GNF2_CDC20] was killed by [GNF2_CENPF,GNF2_CENPF]
[MODULE_62,MODULE_62] was killed by [MODULE_152,MODULE_152]
[MORF_EIF4E,MORF_EIF4E] was killed by [MORF_PRKDC,MORF_PRKDC]
[GNF2_NPM1,GNF2_NPM1] was killed by [MORF_PRKDC,MORF_PRKDC]
[MORF_PHB,MORF_PHB] was killed by [MORF_PRKDC,MORF_PRKDC]
[MORF_SART1,MORF_SART1] was killed by [MORF_NPM1,MORF_NPM1]
[GCM_ZNF198,GCM_ZNF198] was killed by [GCM_MYST2,GCM_MYST2]
[GNF2_MCM5,GNF2_MCM5] was killed by [MORF_PRKDC,MORF_PRKDC]
[GNF2_MCM4,GNF2_MCM4] was killed by [MORF_PRKDC,MORF_PRKDC]
[GNF2_CKS2,GNF2_CKS2] was killed by [GNF2_CENPF,GNF2_CENPF]
[MORF_RFC1,MORF_RFC1] was killed by [MORF_PRKDC,MORF_PRKDC]
[GCM_PSME1,GCM_PSME1] was killed by [MORF_PRKDC,MORF_PRKDC]
[GNF2_CASP1,GNF2_CASP1] was killed by [GNF2_HCK,GNF2_HCK]
[MODULE_146,MODULE_146] was killed by [MODULE_92,MODULE_92]
[MORF_BUB1,MORF_BUB1] was killed by [MORF_PRKDC,MORF_PRKDC]
[MORF_SNRP70,MORF_SNRP70] was killed by [MORF_PRKDC,MORF_PRKDC]
[MORF_MBD4,MORF_MBD4] was killed by [MORF_RAB1A,MORF_RAB1A]
[MODULE_122,MODULE_122] was killed by [MODULE_92,MODULE_92]
[MODULE_126,MODULE_126] was killed by [GNF2_CENPF,GNF2_CENPF]
[MODULE_292,MODULE_292] was killed by [MODULE_345,MODULE_345]
[GNF2_DEK,GNF2_DEK] was killed by [MORF_PRKDC,MORF_PRKDC]
[MODULE_436,MODULE_436] was killed by [MODULE_345,MODULE_345]
[GNF2_TTK,GNF2_TTK] was killed by [MORF_PRKDC,MORF_PRKDC]
[MORF_RPA1,MORF_RPA1] was killed by [MORF_PRKDC,MORF_PRKDC]
[GNF2_HMMR,GNF2_HMMR] was killed by [GNF2_CENPF,GNF2_CENPF]
[GCM_CBFB,GCM_CBFB] was killed by [MORF_PRKDC,MORF_PRKDC]
[MODULE_375,MODULE_375] was killed by [MODULE_92,MODULE_92]
[GNF2_HAT1,GNF2_HAT1] was killed by [MORF_PRKDC,MORF_PRKDC]
[MORF_CTSB,MORF_CTSB] was killed by [MORF_FLT1,MORF_FLT1]
[MORF_MAP2K7,MORF_MAP2K7] was killed by [MORF_FLT1,MORF_FLT1]
[GNF2_BUB1B,GNF2_BUB1B] was killed by [MORF_PRKDC,MORF_PRKDC]
[MODULE_297,MODULE_297] was killed by [MODULE_357,MODULE_357]
[MODULE_208,MODULE_208] was killed by [MODULE_92,MODULE_92]
[GCM_PPP1CC,GCM_PPP1CC] was killed by [MORF_PRKDC,MORF_PRKDC]
[GNF2_MLH1,GNF2_MLH1] was killed by [MORF_PRKDC,MORF_PRKDC]
[MORF_CD8A,MORF_CD8A] was killed by [MORF_FLT1,MORF_FLT1]
[GNF2_TPT1,GNF2_TPT1] was killed by [MORF_NPM1,MORF_NPM1]
[MORF_PRDX3,MORF_PRDX3] was killed by [MORF_PRKDC,MORF_PRKDC]
[MORF_CCNF,MORF_CCNF] was killed by [MORF_PRKDC,MORF_PRKDC]
[MORF_BCL2L11,MORF_BCL2L11] was killed by [MORF_FLT1,MORF_FLT1]
[MORF_MTA1,MORF_MTA1] was killed by [MORF_PRKDC,MORF_PRKDC]
[MODULE_197,MODULE_197] was killed by [MORF_PRKDC,MORF_PRKDC]
[MODULE_171,MODULE_171] was killed by [MODULE_92,MODULE_92]
[MORF_BUB1B,MORF_BUB1B] was killed by [MORF_PRKDC,MORF_PRKDC]
[MODULE_29,MODULE_29] was killed by [MORF_NPM1,MORF_NPM1]
[GCM_HBP1,GCM_HBP1] was killed by [GCM_MYST2,GCM_MYST2]
[GNF2_CARD15,GNF2_CARD15] was killed by [GNF2_HCK,GNF2_HCK]
[GNF2_MSH6,GNF2_MSH6] was killed by [MORF_PRKDC,MORF_PRKDC]
[GNF2_HPN,GNF2_HPN] was killed by [GNF2_HPX,GNF2_HPX]
[MORF_IL4,MORF_IL4] was killed by [MORF_FLT1,MORF_FLT1]
[GNF2_ELAC2,GNF2_ELAC2] was killed by [MORF_PRKDC,MORF_PRKDC]
[GNF2_PPP6C,GNF2_PPP6C] was killed by [MORF_NPM1,MORF_NPM1]
[GNF2_KISS1,GNF2_KISS1] was killed by [GNF2_IGFBP1,GNF2_IGFBP1]
[GCM_RBM8A,GCM_RBM8A] was killed by [GCM_MYST2,GCM_MYST2]
[MODULE_154,MODULE_154] was killed by [MODULE_357,MODULE_357]
[MORF_SP3,MORF_SP3] was killed by [MORF_PRKDC,MORF_PRKDC]
[MODULE_382,MODULE_382] was killed by [MODULE_92,MODULE_92]
[GNF2_DENR,GNF2_DENR] was killed by [MORF_PRKDC,MORF_PRKDC]
[GNF2_LCAT,GNF2_LCAT] was killed by [GNF2_HPX,GNF2_HPX]
[MORF_DAP,MORF_DAP] was killed by [MORF_RAB1A,MORF_RAB1A]
[GNF2_TNFRSF1B,GNF2_TNFRSF1B] was killed by [GNF2_HCK,GNF2_HCK]
[GNF2_RRM2,GNF2_RRM2] was killed by [MORF_PRKDC,MORF_PRKDC]
[MODULE_57,MODULE_57] was killed by [MORF_PRKDC,MORF_PRKDC]
[GCM_PFN1,GCM_PFN1] was killed by [MORF_PRKDC,MORF_PRKDC]
[GNF2_G22P1,GNF2_G22P1] was killed by [MORF_PRKDC,MORF_PRKDC]
[MODULE_298,MODULE_298] was killed by [MODULE_357,MODULE_357]
[GNF2_GLTSCR2,GNF2_GLTSCR2] was killed by [MORF_NPM1,MORF_NPM1]
[MORF_USP5,MORF_USP5] was killed by [MORF_PRKDC,MORF_PRKDC]
[MORF_PTPRR,MORF_PTPRR] was killed by [MORF_FLT1,MORF_FLT1]
[MODULE_324,MODULE_324] was killed by [MODULE_357,MODULE_357]
[GNF2_HLA_C,GNF2_HLA_C] was killed by [GNF2_STAT6,GNF2_STAT6]
[GCM_RAF1,GCM_RAF1] was killed by [MORF_PRKDC,MORF_PRKDC]
[GNF2_NS,GNF2_NS] was killed by [MORF_PRKDC,MORF_PRKDC]
[GNF2_TIMP2,GNF2_TIMP2] was killed by [GNF2_IGFBP1,GNF2_IGFBP1]
[MODULE_157,MODULE_157] was killed by [MODULE_113,MODULE_113]
[MODULE_433,MODULE_433] was killed by [MODULE_92,MODULE_92]
[MODULE_97,MODULE_97] was killed by [MODULE_261,MODULE_261]
[GNF2_MMP11,GNF2_MMP11] was killed by [GNF2_IGFBP1,GNF2_IGFBP1]
[MORF_BAG5,MORF_BAG5] was killed by [MORF_RAB1A,MORF_RAB1A]
[GCM_CRKL,GCM_CRKL] was killed by [GCM_MYST2,GCM_MYST2]
[GNF2_PECAM1,GNF2_PECAM1] was killed by [GNF2_HCK,GNF2_HCK]
[GNF2_EGFR,GNF2_EGFR] was killed by [GNF2_IGFBP1,GNF2_IGFBP1]
[GNF2_CD1D,GNF2_CD1D] was killed by [GNF2_HCK,GNF2_HCK]
[MORF_RAB5A,MORF_RAB5A] was killed by [MORF_RAB1A,MORF_RAB1A]
[GCM_RAN,GCM_RAN] was killed by [GCM_MYST2,GCM_MYST2]
[MORF_ATOX1,MORF_ATOX1] was killed by [MORF_RAB1A,MORF_RAB1A]
[MORF_WNT1,MORF_WNT1] was killed by [MORF_LCAT,MORF_LCAT]
[MORF_MAP3K14,MORF_MAP3K14] was killed by [MORF_LCAT,MORF_LCAT]
[MODULE_182,MODULE_182] was killed by [MODULE_261,MODULE_261]
[GCM_RAD21,GCM_RAD21] was killed by [MORF_PRKDC,MORF_PRKDC]
[GNF2_CENPE,GNF2_CENPE] was killed by [GNF2_CENPF,GNF2_CENPF]
[MODULE_329,MODULE_329] was killed by [GNF2_MYL3,GNF2_MYL3]
[GNF2_BUB3,GNF2_BUB3] was killed by [MORF_PRKDC,MORF_PRKDC]
[MORF_CDH4,MORF_CDH4] was killed by [MORF_FLT1,MORF_FLT1]
[GNF2_ANP32B,GNF2_ANP32B] was killed by [MORF_PRKDC,MORF_PRKDC]
[MODULE_149,MODULE_149] was killed by [MORF_NPM1,MORF_NPM1]
[MODULE_287,MODULE_287] was killed by [MODULE_234,MODULE_234]
[MORF_PPP2R5E,MORF_PPP2R5E] was killed by [MORF_RAB1A,MORF_RAB1A]
[GNF2_MBD4,GNF2_MBD4] was killed by [MORF_NPM1,MORF_NPM1]
[MORF_TNFRSF6,MORF_TNFRSF6] was killed by [MORF_FLT1,MORF_FLT1]
[GNF2_CYP2B6,GNF2_CYP2B6] was killed by [GNF2_HPX,GNF2_HPX]
[MORF_PRKCA,MORF_PRKCA] was killed by [MORF_FLT1,MORF_FLT1]
[GNF2_H2AFX,GNF2_H2AFX] was killed by [MORF_PRKDC,MORF_PRKDC]
[MODULE_68,MODULE_68] was killed by [MODULE_357,MODULE_357]
[GNF2_CD53,GNF2_CD53] was killed by [MODULE_345,MODULE_345]
[GNF2_ESPL1,GNF2_ESPL1] was killed by [GNF2_CENPF,GNF2_CENPF]
[MODULE_274,MODULE_274] was killed by [MODULE_92,MODULE_92]
[GNF2_GSTM1,GNF2_GSTM1] was killed by [GNF2_HPX,GNF2_HPX]
[GCM_CHUK,GCM_CHUK] was killed by [GCM_MYST2,GCM_MYST2]
[MODULE_308,MODULE_308] was killed by [MODULE_261,MODULE_261]
[CAR_HPX,CAR_HPX] was killed by [MODULE_113,MODULE_113]
[MODULE_165,MODULE_165] was killed by [GNF2_HCK,GNF2_HCK]
[MODULE_387,MODULE_387] was killed by [GNF2_MYL3,GNF2_MYL3]
[MODULE_76,MODULE_76] was killed by [MODULE_92,MODULE_92]
[MODULE_263,MODULE_263] was killed by [MODULE_92,MODULE_92]
[GCM_CSNK1A1,GCM_CSNK1A1] was killed by [GCM_MYST2,GCM_MYST2]
[GNF2_PTPRC,GNF2_PTPRC] was killed by [GNF2_STAT6,GNF2_STAT6]
[MODULE_116,MODULE_116] was killed by [MODULE_152,MODULE_152]
[MODULE_259,MODULE_259] was killed by [MODULE_92,MODULE_92]
[GNF2_CD48,GNF2_CD48] was killed by [GNF2_STAT6,GNF2_STAT6]
[CAR_IGFBP1,CAR_IGFBP1] was killed by [MODULE_113,MODULE_113]
[MODULE_107,MODULE_107] was killed by [GNF2_HPX,GNF2_HPX]
[MORF_THPO,MORF_THPO] was killed by [MORF_FLT1,MORF_FLT1]
[GCM_SUFU,GCM_SUFU] was killed by [GCM_MYST2,GCM_MYST2]
[MODULE_352,MODULE_352] was killed by [GNF2_TDG,GNF2_TDG]
[MODULE_403,MODULE_403] was killed by [MORF_PRKDC,MORF_PRKDC]
[GCM_MAP4K4,GCM_MAP4K4] was killed by [GCM_MYST2,GCM_MYST2]
[GCM_DENR,GCM_DENR] was killed by [GCM_MYST2,GCM_MYST2]
[MODULE_323,MODULE_323] was killed by [GCM_MYST2,GCM_MYST2]
[MODULE_28,MODULE_28] was killed by [MODULE_91,MODULE_91]
[MODULE_108,MODULE_108] was killed by [MODULE_92,MODULE_92]
[GNF2_S100A4,GNF2_S100A4] was killed by [GNF2_HCK,GNF2_HCK]
[MORF_ITGA2,MORF_ITGA2] was killed by [MODULE_113,MODULE_113]
[MODULE_111,MODULE_111] was killed by [MODULE_113,MODULE_113]
[MODULE_125,MODULE_125] was killed by [MORF_PRKDC,MORF_PRKDC]
[MODULE_158,MODULE_158] was killed by [MORF_PRKDC,MORF_PRKDC]
[GNF2_MAPT,GNF2_MAPT] was killed by [MODULE_113,MODULE_113]
[GNF2_MSH2,GNF2_MSH2] was killed by [MORF_PRKDC,MORF_PRKDC]
[MODULE_273,MODULE_273] was killed by [MODULE_152,MODULE_152]
[MORF_CSNK1D,MORF_CSNK1D] was killed by [MORF_RAB1A,MORF_RAB1A]
[MODULE_321,MODULE_321] was killed by [MODULE_239,MODULE_239]
[GNF2_INPP5D,GNF2_INPP5D] was killed by [GNF2_STAT6,GNF2_STAT6]
[GNF2_CEBPA,GNF2_CEBPA] was killed by [GNF2_HPX,GNF2_HPX]
[MODULE_109,MODULE_109] was killed by [GNF2_HPX,GNF2_HPX]
[GCM_NCAM1,GCM_NCAM1] was killed by [GCM_MYST2,GCM_MYST2]
[MODULE_358,MODULE_358] was killed by [MODULE_261,MODULE_261]
[GNF2_ITGB2,GNF2_ITGB2] was killed by [GNF2_HCK,GNF2_HCK]
[MORF_IL9,MORF_IL9] was killed by [MORF_LCAT,MORF_LCAT]
[MORF_GPX4,MORF_GPX4] was killed by [MORF_RAB1A,MORF_RAB1A]
[MODULE_85,MODULE_85] was killed by [MODULE_234,MODULE_234]
[MODULE_61,MODULE_61] was killed by [MORF_NPM1,MORF_NPM1]
[GNF2_VAV1,GNF2_VAV1] was killed by [GNF2_STAT6,GNF2_STAT6]
[MORF_KDR,MORF_KDR] was killed by [MORF_FLT1,MORF_FLT1]
[GNF2_RPA1,GNF2_RPA1] was killed by [MORF_PRKDC,MORF_PRKDC]
[MODULE_159,MODULE_159] was killed by [MORF_NPM1,MORF_NPM1]
[GNF2_TST,GNF2_TST] was killed by [GNF2_HPX,GNF2_HPX]
[MODULE_42,MODULE_42] was killed by [MODULE_152,MODULE_152]
[GNF2_MYL2,GNF2_MYL2] was killed by [GNF2_MYL3,GNF2_MYL3]
[GNF2_MLF1,GNF2_MLF1] was killed by [MORF_LCAT,MORF_LCAT]
[MODULE_79,MODULE_79] was killed by [MODULE_92,MODULE_92]
[GNF2_TM4SF2,GNF2_TM4SF2] was killed by [GNF2_DNM1,GNF2_DNM1]
[GCM_ANP32B,GCM_ANP32B] was killed by [MORF_PRKDC,MORF_PRKDC]
[MODULE_170,MODULE_170] was killed by [MODULE_92,MODULE_92]
[MODULE_199,MODULE_199] was killed by [MODULE_92,MODULE_92]
[MORF_MYL3,MORF_MYL3] was killed by [MORF_FLT1,MORF_FLT1]
[MORF_RAB11A,MORF_RAB11A] was killed by [MORF_RAB1A,MORF_RAB1A]
[GCM_TPR,GCM_TPR] was killed by [MORF_PRKDC,MORF_PRKDC]
[GNF2_CD14,GNF2_CD14] was killed by [GNF2_HCK,GNF2_HCK]
[GNF2_SMC2L1,GNF2_SMC2L1] was killed by [MORF_PRKDC,MORF_PRKDC]
[GNF2_RAB3A,GNF2_RAB3A] was killed by [GNF2_DNM1,GNF2_DNM1]
[GNF2_BNIP2,GNF2_BNIP2] was killed by [MORF_NPM1,MORF_NPM1]
[MODULE_172,MODULE_172] was killed by [GNF2_HPX,GNF2_HPX]
[MODULE_397,MODULE_397] was killed by [GNF2_CENPF,GNF2_CENPF]
[GCM_MAX,GCM_MAX] was killed by [GCM_MYST2,GCM_MYST2]
[MODULE_128,MODULE_128] was killed by [MODULE_92,MODULE_92]
[MODULE_288,MODULE_288] was killed by [MODULE_92,MODULE_92]
[GNF2_TYK2,GNF2_TYK2] was killed by [GNF2_STAT6,GNF2_STAT6]
[GCM_BCL2L1,GCM_BCL2L1] was killed by [GCM_MYST2,GCM_MYST2]
[MODULE_307,MODULE_307] was killed by [MORF_NPM1,MORF_NPM1]
[GCM_AIP,GCM_AIP] was killed by [MORF_PRKDC,MORF_PRKDC]
[MODULE_337,MODULE_337] was killed by [MORF_PRKDC,MORF_PRKDC]
[GNF2_PTPN6,GNF2_PTPN6] was killed by [MODULE_345,MODULE_345]
[MODULE_209,MODULE_209] was killed by [GNF2_HPX,GNF2_HPX]
[GNF2_CD33,GNF2_CD33] was killed by [GNF2_HCK,GNF2_HCK]
[MORF_RAP1A,MORF_RAP1A] was killed by [MORF_FLT1,MORF_FLT1]
[GNF2_MCL1,GNF2_MCL1] was killed by [GNF2_HCK,GNF2_HCK]
[GNF2_UBE2I,GNF2_UBE2I] was killed by [MORF_NPM1,MORF_NPM1]
[GNF2_FGR,GNF2_FGR] was killed by [GNF2_HCK,GNF2_HCK]
[GNF2_CDKN1C,GNF2_CDKN1C] was killed by [GNF2_IGFBP1,GNF2_IGFBP1]
[MORF_PPP2R4,MORF_PPP2R4] was killed by [MORF_RAB1A,MORF_RAB1A]
[MODULE_115,MODULE_115] was killed by [MORF_NPM1,MORF_NPM1]
[GNF2_PTX3,GNF2_PTX3] was killed by [MODULE_234,MODULE_234]
[GNF2_BUB1,GNF2_BUB1] was killed by [GNF2_CENPF,GNF2_CENPF]
[MORF_SS18,MORF_SS18] was killed by [MORF_RAB1A,MORF_RAB1A]
[GCM_DLG1,GCM_DLG1] was killed by [GCM_ERBB2IP,GCM_ERBB2IP]
[MODULE_426,MODULE_426] was killed by [MODULE_180,MODULE_180]
[MORF_PDCD1,MORF_PDCD1] was killed by [MORF_TTN,MORF_TTN]
[GCM_BAG5,GCM_BAG5] was killed by [GCM_MYST2,GCM_MYST2]
[GNF2_SPRR1B,GNF2_SPRR1B] was killed by [MODULE_357,MODULE_357]
[GNF2_SPINK1,GNF2_SPINK1] was killed by [GNF2_SERPINI2,GNF2_SERPINI2]
[MORF_RAB6A,MORF_RAB6A] was killed by [MORF_PRKDC,MORF_PRKDC]
[MORF_STK17A,MORF_STK17A] was killed by [MORF_PRKDC,MORF_PRKDC]
[MODULE_201,MODULE_201] was killed by [GNF2_MYL3,GNF2_MYL3]
[GCM_IL6ST,GCM_IL6ST] was killed by [MODULE_261,MODULE_261]
[MORF_UBE2A,MORF_UBE2A] was killed by [MORF_RAB1A,MORF_RAB1A]
[MORF_THRA,MORF_THRA] was killed by [MODULE_113,MODULE_113]
[GNF2_MKI67,GNF2_MKI67] was killed by [GNF2_CENPF,GNF2_CENPF]
[MODULE_219,MODULE_219] was killed by [MORF_PRKDC,MORF_PRKDC]
[GNF2_FOS,GNF2_FOS] was killed by [GNF2_HCK,GNF2_HCK]
[GCM_HDAC1,GCM_HDAC1] was killed by [MORF_PRKDC,MORF_PRKDC]
[MODULE_277,MODULE_277] was killed by [GCM_MYST2,GCM_MYST2]
[GCM_RAP2A,GCM_RAP2A] was killed by [GCM_MYST2,GCM_MYST2]
[GNF2_CBFB,GNF2_CBFB] was killed by [MORF_PRKDC,MORF_PRKDC]
[MODULE_257,MODULE_257] was killed by [MODULE_239,MODULE_239]
[MODULE_214,MODULE_214] was killed by [MODULE_316,MODULE_316]
[MODULE_164,MODULE_164] was killed by [GNF2_HPX,GNF2_HPX]
[GNF2_MYD88,GNF2_MYD88] was killed by [GNF2_HCK,GNF2_HCK]
[GCM_CSNK1D,GCM_CSNK1D] was killed by [GCM_MYST2,GCM_MYST2]
[MODULE_392,MODULE_392] was killed by [MORF_PRKDC,MORF_PRKDC]
[GCM_PTK2,GCM_PTK2] was killed by [GCM_MYST2,GCM_MYST2]
[GNF2_CDH3,GNF2_CDH3] was killed by [MODULE_357,MODULE_357]
[MORF_LTK,MORF_LTK] was killed by [MORF_PRKDC,MORF_PRKDC]
[GCM_SMARCC1,GCM_SMARCC1] was killed by [MORF_PRKDC,MORF_PRKDC]
[MORF_ETV3,MORF_ETV3] was killed by [MORF_FLT1,MORF_FLT1]
[MODULE_223,MODULE_223] was killed by [MORF_PRKDC,MORF_PRKDC]
[MODULE_320,MODULE_320] was killed by [GNF2_CENPF,GNF2_CENPF]
[MORF_PPP5C,MORF_PPP5C] was killed by [MORF_FLT1,MORF_FLT1]
[MODULE_121,MODULE_121] was killed by [MODULE_92,MODULE_92]
[MODULE_65,MODULE_65] was killed by [MODULE_248,MODULE_248]
[GCM_FANCL,GCM_FANCL] was killed by [GCM_MYST2,GCM_MYST2]
[GNF2_DDX5,GNF2_DDX5] was killed by [MODULE_239,MODULE_239]
[MORF_DMPK,MORF_DMPK] was killed by [MORF_PRKDC,MORF_PRKDC]
[MODULE_363,MODULE_363] was killed by [MODULE_152,MODULE_152]
[MODULE_512,MODULE_512] was killed by [GNF2_MYL3,GNF2_MYL3]
[MODULE_306,MODULE_306] was killed by [MODULE_152,MODULE_152]
[MORF_NF1,MORF_NF1] was killed by [MORF_PRKDC,MORF_PRKDC]
[MODULE_77,MODULE_77] was killed by [MODULE_152,MODULE_152]
[GNF2_ICAM3,GNF2_ICAM3] was killed by [GNF2_HCK,GNF2_HCK]
[MODULE_51,MODULE_51] was killed by [MODULE_80,MODULE_80]
[MODULE_362,MODULE_362] was killed by [MODULE_92,MODULE_92]
[GCM_NUMA1,GCM_NUMA1] was killed by [GCM_MYST2,GCM_MYST2]
[MODULE_81,MODULE_81] was killed by [MORF_NPM1,MORF_NPM1]
[GNF2_SMC1L1,GNF2_SMC1L1] was killed by [MORF_PRKDC,MORF_PRKDC]
[MORF_XPC,MORF_XPC] was killed by [MORF_RAB1A,MORF_RAB1A]
[MODULE_278,MODULE_278] was killed by [MODULE_102,MODULE_102]
[MORF_RAB3A,MORF_RAB3A] was killed by [MORF_LCAT,MORF_LCAT]
[GCM_MSN,GCM_MSN] was killed by [MORF_NPM1,MORF_NPM1]
[MODULE_445,MODULE_445] was killed by [MODULE_248,MODULE_248]
[MODULE_200,MODULE_200] was killed by [MODULE_234,MODULE_234]
[GNF2_MMP1,GNF2_MMP1] was killed by [MODULE_92,MODULE_92]
[MODULE_87,MODULE_87] was killed by [MORF_NPM1,MORF_NPM1]
[MODULE_237,MODULE_237] was killed by [MODULE_261,MODULE_261]
[GCM_SIRT2,GCM_SIRT2] was killed by [GCM_ERBB2IP,GCM_ERBB2IP]
[GNF2_RAP1B,GNF2_RAP1B] was killed by [GNF2_STAT6,GNF2_STAT6]
[MORF_FRK,MORF_FRK] was killed by [MORF_LCAT,MORF_LCAT]
[MODULE_178,MODULE_178] was killed by [MODULE_516,MODULE_516]
[MODULE_93,MODULE_93] was killed by [GCM_MYST2,GCM_MYST2]
[MORF_RAGE,MORF_RAGE] was killed by [MORF_NPM1,MORF_NPM1]
[GCM_GSTA4,GCM_GSTA4] was killed by [GCM_MYST2,GCM_MYST2]
[MODULE_451,MODULE_451] was killed by [GNF2_CENPF,GNF2_CENPF]
[MODULE_82,MODULE_82] was killed by [MORF_RAB1A,MORF_RAB1A]
[MODULE_489,MODULE_489] was killed by [MORF_LCAT,MORF_LCAT]
[MODULE_233,MODULE_233] was killed by [MODULE_91,MODULE_91]
[GCM_BECN1,GCM_BECN1] was killed by [MODULE_91,MODULE_91]
[GNF2_PAK2,GNF2_PAK2] was killed by [MORF_RAB1A,MORF_RAB1A]
[GNF2_CD7,GNF2_CD7] was killed by [GNF2_IL2RB,GNF2_IL2RB]
[MODULE_127,MODULE_127] was killed by [GNF2_CENPF,GNF2_CENPF]
[MODULE_400,MODULE_400] was killed by [MODULE_234,MODULE_234]
[MORF_PPP2R5B,MORF_PPP2R5B] was killed by [MORF_PRKDC,MORF_PRKDC]
[MODULE_110,MODULE_110] was killed by [MORF_PRKDC,MORF_PRKDC]
[MODULE_155,MODULE_155] was killed by [MORF_RAB1A,MORF_RAB1A]
[GCM_DEAF1,GCM_DEAF1] was killed by [GCM_ERBB2IP,GCM_ERBB2IP]
[MODULE_478,MODULE_478] was killed by [GNF2_HCK,GNF2_HCK]
[MODULE_415,MODULE_415] was killed by [GNF2_HPX,GNF2_HPX]
[MODULE_305,MODULE_305] was killed by [MODULE_152,MODULE_152]
[MODULE_14,MODULE_14] was killed by [MODULE_92,MODULE_92]
[GNF2_MSN,GNF2_MSN] was killed by [MORF_RAB1A,MORF_RAB1A]
[MODULE_43,MODULE_43] was killed by [MODULE_152,MODULE_152]
[GNF2_SELL,GNF2_SELL] was killed by [GNF2_HCK,GNF2_HCK]
[MODULE_533,MODULE_533] was killed by [GNF2_CENPF,GNF2_CENPF]
[GNF2_SERPINB5,GNF2_SERPINB5] was killed by [MODULE_357,MODULE_357]
[MODULE_245,MODULE_245] was killed by [MORF_RAB1A,MORF_RAB1A]
[MODULE_143,MODULE_143] was killed by [MODULE_345,MODULE_345]
[MODULE_59,MODULE_59] was killed by [MORF_LCAT,MORF_LCAT]
[GNF2_RTN1,GNF2_RTN1] was killed by [MODULE_113,MODULE_113]
[MODULE_418,MODULE_418] was killed by [MODULE_357,MODULE_357]
[GCM_HMGA2,GCM_HMGA2] was killed by [GNF2_IGFBP1,GNF2_IGFBP1]
[MODULE_162,MODULE_162] was killed by [MODULE_368,MODULE_368]
[MORF_MYC,MORF_MYC] was killed by [MORF_FLT1,MORF_FLT1]
[MORF_EPHA7,MORF_EPHA7] was killed by [MORF_PRKDC,MORF_PRKDC]
[MODULE_35,MODULE_35] was killed by [MORF_PRKDC,MORF_PRKDC]
[MODULE_160,MODULE_160] was killed by [MORF_PRKDC,MORF_PRKDC]
[MODULE_293,MODULE_293] was killed by [MODULE_345,MODULE_345]
[MORF_BNIP1,MORF_BNIP1] was killed by [MORF_PRKDC,MORF_PRKDC]
[MODULE_218,MODULE_218] was killed by [MODULE_368,MODULE_368]
[MORF_ARAF1,MORF_ARAF1] was killed by [MORF_NPM1,MORF_NPM1]
[MODULE_438,MODULE_438] was killed by [GNF2_CENPF,GNF2_CENPF]
[MORF_JAG1,MORF_JAG1] was killed by [MORF_FLT1,MORF_FLT1]
[GNF2_IGF1,GNF2_IGF1] was killed by [GNF2_HPX,GNF2_HPX]
[MODULE_552,MODULE_552] was killed by [GNF2_CENPF,GNF2_CENPF]
[GCM_BMPR2,GCM_BMPR2] was killed by [GCM_MYST2,GCM_MYST2]
[MODULE_189,MODULE_189] was killed by [GNF2_CENPF,GNF2_CENPF]
[MODULE_135,MODULE_135] was killed by [MODULE_113,MODULE_113]
[MODULE_4,MODULE_4] was killed by [MORF_RAB1A,MORF_RAB1A]
[MORF_IKBKG,MORF_IKBKG] was killed by [MODULE_92,MODULE_92]
[MODULE_444,MODULE_444] was killed by [MODULE_516,MODULE_516]
[MODULE_424,MODULE_424] was killed by [GNF2_HCK,GNF2_HCK]
[MODULE_177,MODULE_177] was killed by [GNF2_CENPF,GNF2_CENPF]
[MODULE_399,MODULE_399] was killed by [MODULE_92,MODULE_92]
[MODULE_303,MODULE_303] was killed by [MORF_PRKDC,MORF_PRKDC]
[MODULE_341,MODULE_341] was killed by [MODULE_368,MODULE_368]
[MORF_LMO1,MORF_LMO1] was killed by [MORF_FLT1,MORF_FLT1]
[MODULE_315,MODULE_315] was killed by [GNF2_CENPF,GNF2_CENPF]
[MODULE_488,MODULE_488] was killed by [MODULE_92,MODULE_92]
[GCM_CASP2,GCM_CASP2] was killed by [GCM_ING1,GCM_ING1]
[GNF2_MATK,GNF2_MATK] was killed by [GNF2_IL2RB,GNF2_IL2RB]
[MODULE_414,MODULE_414] was killed by [MODULE_152,MODULE_152]
[MODULE_432,MODULE_432] was killed by [MODULE_239,MODULE_239]
[GCM_CDH5,GCM_CDH5] was killed by [GNF2_IGFBP1,GNF2_IGFBP1]
[MODULE_354,MODULE_354] was killed by [MODULE_113,MODULE_113]
[MODULE_253,MODULE_253] was killed by [GNF2_CENPF,GNF2_CENPF]
[MODULE_299,MODULE_299] was killed by [MORF_NPM1,MORF_NPM1]
[GCM_TINF2,GCM_TINF2] was killed by [GCM_ING1,GCM_ING1]
[MODULE_567,MODULE_567] was killed by [MORF_NPM1,MORF_NPM1]
[MODULE_196,MODULE_196] was killed by [GNF2_CENPF,GNF2_CENPF]
[MODULE_134,MODULE_134] was killed by [MODULE_92,MODULE_92]
[GCM_VAV1,GCM_VAV1] was killed by [GNF2_STAT6,GNF2_STAT6]
[MODULE_447,MODULE_447] was killed by [MORF_NPM1,MORF_NPM1]
[MODULE_50,MODULE_50] was killed by [MODULE_91,MODULE_91]
[GNF2_AF1Q,GNF2_AF1Q] was killed by [MODULE_113,MODULE_113]
[MODULE_153,MODULE_153] was killed by [MODULE_357,MODULE_357]
[GNF2_SPI1,GNF2_SPI1] was killed by [GNF2_HCK,GNF2_HCK]
[GCM_USP6,GCM_USP6] was killed by [GCM_ING1,GCM_ING1]
[MODULE_20,MODULE_20] was killed by [GNF2_IGFBP1,GNF2_IGFBP1]
[GCM_TEC,GCM_TEC] was killed by [MORF_FLT1,MORF_FLT1]
[MODULE_355,MODULE_355] was killed by [MORF_NPM1,MORF_NPM1]
[GNF2_ITGAL,GNF2_ITGAL] was killed by [GNF2_IL2RB,GNF2_IL2RB]
[MODULE_367,MODULE_367] was killed by [MODULE_92,MODULE_92]
[MODULE_133,MODULE_133] was killed by [MORF_PRKDC,MORF_PRKDC]
[GCM_ERCC4,GCM_ERCC4] was killed by [MORF_FLT1,MORF_FLT1]
[MODULE_411,MODULE_411] was killed by [MODULE_368,MODULE_368]
[MODULE_106,MODULE_106] was killed by [MODULE_113,MODULE_113]
[MODULE_215,MODULE_215] was killed by [MODULE_316,MODULE_316]
[MODULE_458,MODULE_458] was killed by [MODULE_357,MODULE_357]
[MODULE_58,MODULE_58] was killed by [GNF2_HPX,GNF2_HPX]
[GNF2_CD97,GNF2_CD97] was killed by [GNF2_STAT6,GNF2_STAT6]
[MODULE_89,MODULE_89] was killed by [MODULE_91,MODULE_91]
[MODULE_105,MODULE_105] was killed by [MORF_NPM1,MORF_NPM1]
[MORF_ESR1,MORF_ESR1] was killed by [MORF_PRKDC,MORF_PRKDC]
[MODULE_130,MODULE_130] was killed by [GNF2_HPX,GNF2_HPX]
[MODULE_454,MODULE_454] was killed by [MODULE_92,MODULE_92]
[MODULE_575,MODULE_575] was killed by [MODULE_247,MODULE_247]
[MODULE_525,MODULE_525] was killed by [MODULE_261,MODULE_261]
[MODULE_186,MODULE_186] was killed by [GNF2_HPX,GNF2_HPX]
[MODULE_417,MODULE_417] was killed by [GNF2_HPX,GNF2_HPX]
[GNF2_ATM,GNF2_ATM] was killed by [MORF_TTN,MORF_TTN]
[GCM_PPM1D,GCM_PPM1D] was killed by [GCM_MYST2,GCM_MYST2]
[MODULE_543,MODULE_543] was killed by [MODULE_345,MODULE_345]
[MODULE_492,MODULE_492] was killed by [MODULE_152,MODULE_152]
[MODULE_497,MODULE_497] was killed by [MODULE_113,MODULE_113]
[MODULE_331,MODULE_331] was killed by [GNF2_TDG,GNF2_TDG]
[MODULE_291,MODULE_291] was killed by [GNF2_HCK,GNF2_HCK]
[MODULE_562,MODULE_562] was killed by [GNF2_IGFBP1,GNF2_IGFBP1]
[MODULE_557,MODULE_557] was killed by [MODULE_357,MODULE_357]
[MODULE_241,MODULE_241] was killed by [GNF2_HCK,GNF2_HCK]
[GCM_DDX11,GCM_DDX11] was killed by [GCM_ING1,GCM_ING1]
[MODULE_213,MODULE_213] was killed by [MODULE_357,MODULE_357]
[MORF_ORC1L,MORF_ORC1L] was killed by [MORF_PRKDC,MORF_PRKDC]
[MODULE_191,MODULE_191] was killed by [MODULE_92,MODULE_92]
[MODULE_262,MODULE_262] was killed by [MODULE_92,MODULE_92]
[MODULE_56,MODULE_56] was killed by [MORF_PRKDC,MORF_PRKDC]
[GCM_SMO,GCM_SMO] was killed by [GCM_ING1,GCM_ING1]
[MODULE_404,MODULE_404] was killed by [MODULE_113,MODULE_113]
[MODULE_210,MODULE_210] was killed by [GNF2_IGFBP1,GNF2_IGFBP1]
[MODULE_421,MODULE_421] was killed by [GNF2_CENPF,GNF2_CENPF]
[MODULE_381,MODULE_381] was killed by [MORF_FLT1,MORF_FLT1]
[GNF2_TNFSF10,GNF2_TNFSF10] was killed by [GNF2_HCK,GNF2_HCK]
[MODULE_139,MODULE_139] was killed by [MODULE_180,MODULE_180]
[MODULE_402,MODULE_402] was killed by [MODULE_152,MODULE_152]
[MORF_RFC5,MORF_RFC5] was killed by [MORF_FLT1,MORF_FLT1]
[MODULE_360,MODULE_360] was killed by [MORF_GSPT1,MORF_GSPT1]
[GCM_LTK,GCM_LTK] was killed by [MORF_FLT1,MORF_FLT1]
[MODULE_174,MODULE_174] was killed by [MORF_PRKDC,MORF_PRKDC]
[CAR_MLANA,CAR_MLANA] was killed by [MODULE_113,MODULE_113]
[GNF2_PTPN4,GNF2_PTPN4] was killed by [GNF2_IL2RB,GNF2_IL2RB]
[MODULE_385,MODULE_385] was killed by [MODULE_92,MODULE_92]
[GNF2_ZAP70,GNF2_ZAP70] was killed by [MODULE_248,MODULE_248]
[MODULE_90,MODULE_90] was killed by [MODULE_91,MODULE_91]
[MODULE_563,MODULE_563] was killed by [MODULE_92,MODULE_92]
[GNF2_CDH11,GNF2_CDH11] was killed by [MODULE_234,MODULE_234]
[MODULE_211,MODULE_211] was killed by [GNF2_IGFBP1,GNF2_IGFBP1]
[MODULE_86,MODULE_86] was killed by [MORF_RAB1A,MORF_RAB1A]
[MODULE_328,MODULE_328] was killed by [MODULE_316,MODULE_316]
[MODULE_96,MODULE_96] was killed by [GNF2_HPX,GNF2_HPX]
[MODULE_272,MODULE_272] was killed by [GNF2_HPX,GNF2_HPX]
[MORF_PRKACA,MORF_PRKACA] was killed by [MORF_PRKDC,MORF_PRKDC]
[MORF_PTEN,MORF_PTEN] was killed by [MORF_PRKDC,MORF_PRKDC]
[GCM_PTPRD,GCM_PTPRD] was killed by [GCM_MYST2,GCM_MYST2]
[MODULE_71,MODULE_71] was killed by [MODULE_368,MODULE_368]
[MODULE_430,MODULE_430] was killed by [MODULE_152,MODULE_152]
[MODULE_240,MODULE_240] was killed by [MODULE_345,MODULE_345]
[MODULE_401,MODULE_401] was killed by [GNF2_HPX,GNF2_HPX]
[MODULE_280,MODULE_280] was killed by [GNF2_IGFBP1,GNF2_IGFBP1]
[GCM_FCGR2B,GCM_FCGR2B] was killed by [MORF_FLT1,MORF_FLT1]
[MODULE_238,MODULE_238] was killed by [MORF_NPM1,MORF_NPM1]
[MODULE_150,MODULE_150] was killed by [MORF_NPM1,MORF_NPM1]
[MODULE_101,MODULE_101] was killed by [GNF2_HPX,GNF2_HPX]
[MODULE_25,MODULE_25] was killed by [MODULE_152,MODULE_152]
[MODULE_547,MODULE_547] was killed by [MODULE_345,MODULE_345]
[MODULE_470,MODULE_470] was killed by [MODULE_357,MODULE_357]
[MORF_FANCG,MORF_FANCG] was killed by [MORF_PRKDC,MORF_PRKDC]
[MODULE_173,MODULE_173] was killed by [GNF2_HCK,GNF2_HCK]
[MODULE_474,MODULE_474] was killed by [GNF2_IGFBP1,GNF2_IGFBP1]
[GCM_PTPRU,GCM_PTPRU] was killed by [MODULE_113,MODULE_113]
[GNF2_PRDX2,GNF2_PRDX2] was killed by [MODULE_113,MODULE_113]
[GCM_CALM1,GCM_CALM1] was killed by [GCM_MYST2,GCM_MYST2]
[MODULE_132,MODULE_132] was killed by [GNF2_HPX,GNF2_HPX]
[MODULE_455,MODULE_455] was killed by [MODULE_357,MODULE_357]
[MORF_JAK3,MORF_JAK3] was killed by [MORF_NPM1,MORF_NPM1]
[MODULE_313,MODULE_313] was killed by [MODULE_345,MODULE_345]
[MODULE_221,MODULE_221] was killed by [MODULE_152,MODULE_152]
