[WP_MIRNAS_INVOLVED_IN_DNA_DAMAGE_RESPONSE,WP_MIRNAS_INVOLVED_IN_DNA_DAMAGE_RESPONSE] was killed by [WP_CELL_DIFFERENTIATION_INDEX_EXPANDED,WP_CELL_DIFFERENTIATION_INDEX_EXPANDED]
[WP_CELL_DIFFERENTIATION_INDEX,WP_CELL_DIFFERENTIATION_INDEX] was killed by [WP_ALZHEIMERS_DISEASE,WP_ALZHEIMERS_DISEASE]
[WP_PARKINSONS_DISEASE_PATHWAY,WP_PARKINSONS_DISEASE_PATHWAY] was killed by [WP_ALZHEIMERS_DISEASE,WP_ALZHEIMERS_DISEASE]
[WP_METASTATIC_BRAIN_TUMOR,WP_METASTATIC_BRAIN_TUMOR] was killed by [WP_ALZHEIMERS_DISEASE,WP_ALZHEIMERS_DISEASE]
[WP_DNA_REPLICATION,WP_DNA_REPLICATION] was killed by [WP_DNA_REPAIR_PATHWAYS_FULL_NETWORK,WP_DNA_REPAIR_PATHWAYS_FULL_NETWORK]
[WP_DNA_IRDAMAGE_AND_CELLULAR_RESPONSE_VIA_ATR,WP_DNA_IRDAMAGE_AND_CELLULAR_RESPONSE_VIA_ATR] was killed by [WP_DNA_REPAIR_PATHWAYS_FULL_NETWORK,WP_DNA_REPAIR_PATHWAYS_FULL_NETWORK]
[WP_MITOCHONDRIAL_COMPLEX_I_ASSEMBLY_MODEL_OXPHOS_SYSTEM,WP_MITOCHONDRIAL_COMPLEX_I_ASSEMBLY_MODEL_OXPHOS_SYSTEM] was killed by [WP_ELECTRON_TRANSPORT_CHAIN_OXPHOS_SYSTEM_IN_MITOCHONDRIA,WP_ELECTRON_TRANSPORT_CHAIN_OXPHOS_SYSTEM_IN_MITOCHONDRIA]
[WP_G1_TO_S_CELL_CYCLE_CONTROL,WP_G1_TO_S_CELL_CYCLE_CONTROL] was killed by [WP_DNA_REPAIR_PATHWAYS_FULL_NETWORK,WP_DNA_REPAIR_PATHWAYS_FULL_NETWORK]
[WP_MIRNAS_INVOLVEMENT_IN_THE_IMMUNE_RESPONSE_IN_SEPSIS,WP_MIRNAS_INVOLVEMENT_IN_THE_IMMUNE_RESPONSE_IN_SEPSIS] was killed by [WP_CELL_DIFFERENTIATION_INDEX_EXPANDED,WP_CELL_DIFFERENTIATION_INDEX_EXPANDED]
[WP_OXIDATIVE_PHOSPHORYLATION,WP_OXIDATIVE_PHOSPHORYLATION] was killed by [WP_ELECTRON_TRANSPORT_CHAIN_OXPHOS_SYSTEM_IN_MITOCHONDRIA,WP_ELECTRON_TRANSPORT_CHAIN_OXPHOS_SYSTEM_IN_MITOCHONDRIA]
[WP_MITOCHONDRIAL_CIV_ASSEMBLY,WP_MITOCHONDRIAL_CIV_ASSEMBLY] was killed by [WP_ELECTRON_TRANSPORT_CHAIN_OXPHOS_SYSTEM_IN_MITOCHONDRIA,WP_ELECTRON_TRANSPORT_CHAIN_OXPHOS_SYSTEM_IN_MITOCHONDRIA]
[WP_EGFEGFR_SIGNALING_PATHWAY,WP_EGFEGFR_SIGNALING_PATHWAY] was killed by [WP_INSULIN_SIGNALING,WP_INSULIN_SIGNALING]
[WP_METABOLIC_REPROGRAMMING_IN_COLON_CANCER,WP_METABOLIC_REPROGRAMMING_IN_COLON_CANCER] was killed by [WP_AMINO_ACID_METABOLISM,WP_AMINO_ACID_METABOLISM]
[WP_RETINOBLASTOMA_GENE_IN_CANCER,WP_RETINOBLASTOMA_GENE_IN_CANCER] was killed by [WP_DNA_REPAIR_PATHWAYS_FULL_NETWORK,WP_DNA_REPAIR_PATHWAYS_FULL_NETWORK]
[WP_ALLOGRAFT_REJECTION,WP_ALLOGRAFT_REJECTION] was killed by [WP_LUNG_FIBROSIS,WP_LUNG_FIBROSIS]
[WP_MIRNA_REGULATION_OF_DNA_DAMAGE_RESPONSE,WP_MIRNA_REGULATION_OF_DNA_DAMAGE_RESPONSE] was killed by [WP_ALZHEIMERS_DISEASE,WP_ALZHEIMERS_DISEASE]
[WP_MIRNA_REGULATION_OF_PROSTATE_CANCER_SIGNALING_PATHWAYS,WP_MIRNA_REGULATION_OF_PROSTATE_CANCER_SIGNALING_PATHWAYS] was killed by [WP_INSULIN_SIGNALING,WP_INSULIN_SIGNALING]
[WP_DNA_IRDOUBLE_STRAND_BREAKS_DSBS_AND_CELLULAR_RESPONSE_VIA_ATM,WP_DNA_IRDOUBLE_STRAND_BREAKS_DSBS_AND_CELLULAR_RESPONSE_VIA_ATM] was killed by [WP_ALZHEIMERS_DISEASE,WP_ALZHEIMERS_DISEASE]
[WP_SELECTIVE_EXPRESSION_OF_CHEMOKINE_RECEPTORS_DURING_TCELL_POLARIZATION,WP_SELECTIVE_EXPRESSION_OF_CHEMOKINE_RECEPTORS_DURING_TCELL_POLARIZATION] was killed by [WP_OVERVIEW_OF_INTERFERONSMEDIATED_SIGNALING_PATHWAY,WP_OVERVIEW_OF_INTERFERONSMEDIATED_SIGNALING_PATHWAY]
[WP_TCA_CYCLE_AKA_KREBS_OR_CITRIC_ACID_CYCLE,WP_TCA_CYCLE_AKA_KREBS_OR_CITRIC_ACID_CYCLE] was killed by [WP_ELECTRON_TRANSPORT_CHAIN_OXPHOS_SYSTEM_IN_MITOCHONDRIA,WP_ELECTRON_TRANSPORT_CHAIN_OXPHOS_SYSTEM_IN_MITOCHONDRIA]
[WP_CYSTEINE_AND_METHIONINE_CATABOLISM,WP_CYSTEINE_AND_METHIONINE_CATABOLISM] was killed by [WP_AMINO_ACID_METABOLISM,WP_AMINO_ACID_METABOLISM]
[WP_PROLACTIN_SIGNALING_PATHWAY,WP_PROLACTIN_SIGNALING_PATHWAY] was killed by [WP_INSULIN_SIGNALING,WP_INSULIN_SIGNALING]
[WP_INITIATION_OF_TRANSCRIPTION_AND_TRANSLATION_ELONGATION_AT_THE_HIV1_LTR,WP_INITIATION_OF_TRANSCRIPTION_AND_TRANSLATION_ELONGATION_AT_THE_HIV1_LTR] was killed by [WP_ALZHEIMERS_DISEASE,WP_ALZHEIMERS_DISEASE]
[WP_NOCGMPPKG_MEDIATED_NEUROPROTECTION,WP_NOCGMPPKG_MEDIATED_NEUROPROTECTION] was killed by [WP_ALZHEIMERS_DISEASE,WP_ALZHEIMERS_DISEASE]
[WP_INTERACTIONS_BETWEEN_IMMUNE_CELLS_AND_MICRORNAS_IN_TUMOR_MICROENVIRONMENT,WP_INTERACTIONS_BETWEEN_IMMUNE_CELLS_AND_MICRORNAS_IN_TUMOR_MICROENVIRONMENT] was killed by [WP_LUNG_FIBROSIS,WP_LUNG_FIBROSIS]
[WP_IL1_AND_MEGAKARYOCYTES_IN_OBESITY,WP_IL1_AND_MEGAKARYOCYTES_IN_OBESITY] was killed by [WP_OVERVIEW_OF_INTERFERONSMEDIATED_SIGNALING_PATHWAY,WP_OVERVIEW_OF_INTERFERONSMEDIATED_SIGNALING_PATHWAY]
[WP_TCA_CYCLE_AND_DEFICIENCY_OF_PYRUVATE_DEHYDROGENASE_COMPLEX_PDHC,WP_TCA_CYCLE_AND_DEFICIENCY_OF_PYRUVATE_DEHYDROGENASE_COMPLEX_PDHC] was killed by [WP_AMINO_ACID_METABOLISM,WP_AMINO_ACID_METABOLISM]
[WP_CELL_CYCLE,WP_CELL_CYCLE] was killed by [WP_DNA_REPAIR_PATHWAYS_FULL_NETWORK,WP_DNA_REPAIR_PATHWAYS_FULL_NETWORK]
[WP_VITAMIN_D_RECEPTOR_PATHWAY,WP_VITAMIN_D_RECEPTOR_PATHWAY] was killed by [WP_ALZHEIMERS_DISEASE,WP_ALZHEIMERS_DISEASE]
[WP_MAPK_CASCADE,WP_MAPK_CASCADE] was killed by [WP_INSULIN_SIGNALING,WP_INSULIN_SIGNALING]
[WP_NSP1_FROM_SARSCOV2_INHIBITS_TRANSLATION_INITIATION_IN_THE_HOST_CELL,WP_NSP1_FROM_SARSCOV2_INHIBITS_TRANSLATION_INITIATION_IN_THE_HOST_CELL] was killed by [WP_TRANSLATION_FACTORS,WP_TRANSLATION_FACTORS]
[WP_STRUCTURAL_PATHWAY_OF_INTERLEUKIN_1_IL1,WP_STRUCTURAL_PATHWAY_OF_INTERLEUKIN_1_IL1] was killed by [WP_INSULIN_SIGNALING,WP_INSULIN_SIGNALING]
[WP_DNA_DAMAGE_RESPONSE,WP_DNA_DAMAGE_RESPONSE] was killed by [WP_ALZHEIMERS_DISEASE,WP_ALZHEIMERS_DISEASE]
[WP_METHIONINE_DE_NOVO_AND_SALVAGE_PATHWAY,WP_METHIONINE_DE_NOVO_AND_SALVAGE_PATHWAY] was killed by [WP_AMINO_ACID_METABOLISM,WP_AMINO_ACID_METABOLISM]
[WP_NONALCOHOLIC_FATTY_LIVER_DISEASE,WP_NONALCOHOLIC_FATTY_LIVER_DISEASE] was killed by [WP_ALZHEIMERS_DISEASE,WP_ALZHEIMERS_DISEASE]
[WP_B_CELL_RECEPTOR_SIGNALING_PATHWAY,WP_B_CELL_RECEPTOR_SIGNALING_PATHWAY] was killed by [WP_INSULIN_SIGNALING,WP_INSULIN_SIGNALING]
[WP_LET7_INHIBITION_OF_ES_CELL_REPROGRAMMING,WP_LET7_INHIBITION_OF_ES_CELL_REPROGRAMMING] was killed by [WP_CELL_DIFFERENTIATION_INDEX_EXPANDED,WP_CELL_DIFFERENTIATION_INDEX_EXPANDED]
[WP_7Q1123_COPY_NUMBER_VARIATION_SYNDROME,WP_7Q1123_COPY_NUMBER_VARIATION_SYNDROME] was killed by [WP_ELECTRON_TRANSPORT_CHAIN_OXPHOS_SYSTEM_IN_MITOCHONDRIA,WP_ELECTRON_TRANSPORT_CHAIN_OXPHOS_SYSTEM_IN_MITOCHONDRIA]
[WP_PHOSPHOINOSITIDES_METABOLISM,WP_PHOSPHOINOSITIDES_METABOLISM] was killed by [WP_INSULIN_SIGNALING,WP_INSULIN_SIGNALING]
[WP_MAPK_PATHWAY_IN_CONGENITAL_THYROID_CANCER,WP_MAPK_PATHWAY_IN_CONGENITAL_THYROID_CANCER] was killed by [WP_INSULIN_SIGNALING,WP_INSULIN_SIGNALING]
[WP_TNF_ALPHA_SIGNALING_PATHWAY,WP_TNF_ALPHA_SIGNALING_PATHWAY] was killed by [WP_ALZHEIMERS_DISEASE,WP_ALZHEIMERS_DISEASE]
[WP_ENERGY_METABOLISM,WP_ENERGY_METABOLISM] was killed by [WP_ALZHEIMERS_DISEASE,WP_ALZHEIMERS_DISEASE]
[WP_ATM_SIGNALING_PATHWAY,WP_ATM_SIGNALING_PATHWAY] was killed by [WP_DNA_REPAIR_PATHWAYS_FULL_NETWORK,WP_DNA_REPAIR_PATHWAYS_FULL_NETWORK]
[WP_CHROMOSOMAL_AND_MICROSATELLITE_INSTABILITY_IN_COLORECTAL_CANCER,WP_CHROMOSOMAL_AND_MICROSATELLITE_INSTABILITY_IN_COLORECTAL_CANCER] was killed by [WP_ALZHEIMERS_DISEASE,WP_ALZHEIMERS_DISEASE]
[WP_HUMAN_COMPLEMENT_SYSTEM,WP_HUMAN_COMPLEMENT_SYSTEM] was killed by [WP_LUNG_FIBROSIS,WP_LUNG_FIBROSIS]
[WP_SEROTONIN_RECEPTOR_467_AND_NR3C_SIGNALING,WP_SEROTONIN_RECEPTOR_467_AND_NR3C_SIGNALING] was killed by [WP_INSULIN_SIGNALING,WP_INSULIN_SIGNALING]
[WP_CODEINE_AND_MORPHINE_METABOLISM,WP_CODEINE_AND_MORPHINE_METABOLISM] was killed by [WP_PREGNANE_X_RECEPTOR_PATHWAY,WP_PREGNANE_X_RECEPTOR_PATHWAY]
[WP_GPCRS_OTHER,WP_GPCRS_OTHER] was killed by [WP_PEPTIDE_GPCRS,WP_PEPTIDE_GPCRS]
[WP_GLUCURONIDATION,WP_GLUCURONIDATION] was killed by [WP_PREGNANE_X_RECEPTOR_PATHWAY,WP_PREGNANE_X_RECEPTOR_PATHWAY]
[WP_UNFOLDED_PROTEIN_RESPONSE,WP_UNFOLDED_PROTEIN_RESPONSE] was killed by [WP_ALZHEIMERS_DISEASE,WP_ALZHEIMERS_DISEASE]
[WP_COMPLEMENT_ACTIVATION,WP_COMPLEMENT_ACTIVATION] was killed by [WP_COMPLEMENT_AND_COAGULATION_CASCADES,WP_COMPLEMENT_AND_COAGULATION_CASCADES]
[WP_SPINAL_CORD_INJURY,WP_SPINAL_CORD_INJURY] was killed by [WP_ALZHEIMERS_DISEASE,WP_ALZHEIMERS_DISEASE]
[WP_DOPAMINERGIC_NEUROGENESIS,WP_DOPAMINERGIC_NEUROGENESIS] was killed by [WP_AMINO_ACID_METABOLISM,WP_AMINO_ACID_METABOLISM]
[WP_CONSTITUTIVE_ANDROSTANE_RECEPTOR_PATHWAY,WP_CONSTITUTIVE_ANDROSTANE_RECEPTOR_PATHWAY] was killed by [WP_PREGNANE_X_RECEPTOR_PATHWAY,WP_PREGNANE_X_RECEPTOR_PATHWAY]
[WP_SIGNALING_OF_HEPATOCYTE_GROWTH_FACTOR_RECEPTOR,WP_SIGNALING_OF_HEPATOCYTE_GROWTH_FACTOR_RECEPTOR] was killed by [WP_INSULIN_SIGNALING,WP_INSULIN_SIGNALING]
[WP_PRIMARY_FOCAL_SEGMENTAL_GLOMERULOSCLEROSIS_FSGS,WP_PRIMARY_FOCAL_SEGMENTAL_GLOMERULOSCLEROSIS_FSGS] was killed by [WP_ROLE_OF_OSX_AND_MIRNAS_IN_TOOTH_DEVELOPMENT,WP_ROLE_OF_OSX_AND_MIRNAS_IN_TOOTH_DEVELOPMENT]
[WP_SEROTONIN_RECEPTOR_2_AND_ELKSRFGATA4_SIGNALING,WP_SEROTONIN_RECEPTOR_2_AND_ELKSRFGATA4_SIGNALING] was killed by [WP_ALZHEIMERS_DISEASE,WP_ALZHEIMERS_DISEASE]
[WP_AMPACTIVATED_PROTEIN_KINASE_AMPK_SIGNALING,WP_AMPACTIVATED_PROTEIN_KINASE_AMPK_SIGNALING] was killed by [WP_INSULIN_SIGNALING,WP_INSULIN_SIGNALING]
[WP_UREA_CYCLE_AND_METABOLISM_OF_AMINO_GROUPS,WP_UREA_CYCLE_AND_METABOLISM_OF_AMINO_GROUPS] was killed by [WP_AMINO_ACID_METABOLISM,WP_AMINO_ACID_METABOLISM]
[WP_EBOLA_VIRUS_PATHWAY_ON_HOST,WP_EBOLA_VIRUS_PATHWAY_ON_HOST] was killed by [WP_INSULIN_SIGNALING,WP_INSULIN_SIGNALING]
[WP_PYRIMIDINE_METABOLISM,WP_PYRIMIDINE_METABOLISM] was killed by [WP_DNA_REPAIR_PATHWAYS_FULL_NETWORK,WP_DNA_REPAIR_PATHWAYS_FULL_NETWORK]
[WP_MITOCHONDRIAL_CII_ASSEMBLY,WP_MITOCHONDRIAL_CII_ASSEMBLY] was killed by [WP_ELECTRON_TRANSPORT_CHAIN_OXPHOS_SYSTEM_IN_MITOCHONDRIA,WP_ELECTRON_TRANSPORT_CHAIN_OXPHOS_SYSTEM_IN_MITOCHONDRIA]
[WP_TCELL_ANTIGEN_RECEPTOR_TCR_SIGNALING_PATHWAY,WP_TCELL_ANTIGEN_RECEPTOR_TCR_SIGNALING_PATHWAY] was killed by [WP_INSULIN_SIGNALING,WP_INSULIN_SIGNALING]
[WP_TRANSSULFURATION_AND_ONE_CARBON_METABOLISM,WP_TRANSSULFURATION_AND_ONE_CARBON_METABOLISM] was killed by [WP_AMINO_ACID_METABOLISM,WP_AMINO_ACID_METABOLISM]
[WP_ATM_SIGNALING_NETWORK_IN_DEVELOPMENT_AND_DISEASE,WP_ATM_SIGNALING_NETWORK_IN_DEVELOPMENT_AND_DISEASE] was killed by [WP_DNA_REPAIR_PATHWAYS_FULL_NETWORK,WP_DNA_REPAIR_PATHWAYS_FULL_NETWORK]
[WP_HOSTPATHOGEN_INTERACTION_OF_HUMAN_CORONA_VIRUSES_MAPK_SIGNALING,WP_HOSTPATHOGEN_INTERACTION_OF_HUMAN_CORONA_VIRUSES_MAPK_SIGNALING] was killed by [WP_CYTOPLASMIC_RIBOSOMAL_PROTEINS,WP_CYTOPLASMIC_RIBOSOMAL_PROTEINS]
[WP_BDNFTRKB_SIGNALING,WP_BDNFTRKB_SIGNALING] was killed by [WP_INSULIN_SIGNALING,WP_INSULIN_SIGNALING]
[WP_PANCREATIC_ADENOCARCINOMA_PATHWAY,WP_PANCREATIC_ADENOCARCINOMA_PATHWAY] was killed by [WP_INSULIN_SIGNALING,WP_INSULIN_SIGNALING]
[WP_STEROL_REGULATORY_ELEMENTBINDING_PROTEINS_SREBP_SIGNALLING,WP_STEROL_REGULATORY_ELEMENTBINDING_PROTEINS_SREBP_SIGNALLING] was killed by [WP_INSULIN_SIGNALING,WP_INSULIN_SIGNALING]
[WP_SARS_CORONAVIRUS_AND_INNATE_IMMUNITY,WP_SARS_CORONAVIRUS_AND_INNATE_IMMUNITY] was killed by [WP_OVERVIEW_OF_INTERFERONSMEDIATED_SIGNALING_PATHWAY,WP_OVERVIEW_OF_INTERFERONSMEDIATED_SIGNALING_PATHWAY]
[WP_NUCLEOTIDE_EXCISION_REPAIR,WP_NUCLEOTIDE_EXCISION_REPAIR] was killed by [WP_DNA_REPAIR_PATHWAYS_FULL_NETWORK,WP_DNA_REPAIR_PATHWAYS_FULL_NETWORK]
[WP_FAS_LIGAND_FASL_PATHWAY_AND_STRESS_INDUCTION_OF_HEAT_SHOCK_PROTEINS_HSP_REGULATION,WP_FAS_LIGAND_FASL_PATHWAY_AND_STRESS_INDUCTION_OF_HEAT_SHOCK_PROTEINS_HSP_REGULATION] was killed by [WP_ALZHEIMERS_DISEASE,WP_ALZHEIMERS_DISEASE]
[WP_ENDOPLASMIC_RETICULUM_STRESS_RESPONSE_IN_CORONAVIRUS_INFECTION,WP_ENDOPLASMIC_RETICULUM_STRESS_RESPONSE_IN_CORONAVIRUS_INFECTION] was killed by [WP_TRANSLATION_FACTORS,WP_TRANSLATION_FACTORS]
[WP_UREA_CYCLE_AND_ASSOCIATED_PATHWAYS,WP_UREA_CYCLE_AND_ASSOCIATED_PATHWAYS] was killed by [WP_AMINO_ACID_METABOLISM,WP_AMINO_ACID_METABOLISM]
[WP_THE_HUMAN_IMMUNE_RESPONSE_TO_TUBERCULOSIS,WP_THE_HUMAN_IMMUNE_RESPONSE_TO_TUBERCULOSIS] was killed by [WP_OVERVIEW_OF_INTERFERONSMEDIATED_SIGNALING_PATHWAY,WP_OVERVIEW_OF_INTERFERONSMEDIATED_SIGNALING_PATHWAY]
[WP_MEVALONATE_PATHWAY,WP_MEVALONATE_PATHWAY] was killed by [WP_CHOLESTEROL_BIOSYNTHESIS_PATHWAY,WP_CHOLESTEROL_BIOSYNTHESIS_PATHWAY]
[WP_BLOOD_CLOTTING_CASCADE,WP_BLOOD_CLOTTING_CASCADE] was killed by [WP_COMPLEMENT_AND_COAGULATION_CASCADES,WP_COMPLEMENT_AND_COAGULATION_CASCADES]
[WP_GLYCEROPHOSPHOLIPID_BIOSYNTHETIC_PATHWAY,WP_GLYCEROPHOSPHOLIPID_BIOSYNTHETIC_PATHWAY] was killed by [WP_INSULIN_SIGNALING,WP_INSULIN_SIGNALING]
[WP_BASE_EXCISION_REPAIR,WP_BASE_EXCISION_REPAIR] was killed by [WP_DNA_REPAIR_PATHWAYS_FULL_NETWORK,WP_DNA_REPAIR_PATHWAYS_FULL_NETWORK]
[WP_TGFBETA_SIGNALING_PATHWAY,WP_TGFBETA_SIGNALING_PATHWAY] was killed by [WP_MRNA_PROCESSING,WP_MRNA_PROCESSING]
[WP_LEPTIN_SIGNALING_PATHWAY,WP_LEPTIN_SIGNALING_PATHWAY] was killed by [WP_INSULIN_SIGNALING,WP_INSULIN_SIGNALING]
[WP_PI3KAKTMTOR_VITD3_SIGNALLING,WP_PI3KAKTMTOR_VITD3_SIGNALLING] was killed by [WP_INSULIN_SIGNALING,WP_INSULIN_SIGNALING]
[WP_APOPTOSIS,WP_APOPTOSIS] was killed by [WP_ALZHEIMERS_DISEASE,WP_ALZHEIMERS_DISEASE]
[WP_EXTRACELLULAR_VESICLES_IN_THE_CROSSTALK_OF_CARDIAC_CELLS,WP_EXTRACELLULAR_VESICLES_IN_THE_CROSSTALK_OF_CARDIAC_CELLS] was killed by [WP_LUNG_FIBROSIS,WP_LUNG_FIBROSIS]
[WP_LEPTIN_INSULIN_OVERLAP,WP_LEPTIN_INSULIN_OVERLAP] was killed by [WP_INSULIN_SIGNALING,WP_INSULIN_SIGNALING]
[WP_PROXIMAL_TUBULE_TRANSPORT,WP_PROXIMAL_TUBULE_TRANSPORT] was killed by [WP_PREGNANE_X_RECEPTOR_PATHWAY,WP_PREGNANE_X_RECEPTOR_PATHWAY]
[WP_DNA_MISMATCH_REPAIR,WP_DNA_MISMATCH_REPAIR] was killed by [WP_DNA_REPAIR_PATHWAYS_FULL_NETWORK,WP_DNA_REPAIR_PATHWAYS_FULL_NETWORK]
[WP_PLATELETMEDIATED_INTERACTIONS_WITH_VASCULAR_AND_CIRCULATING_CELLS,WP_PLATELETMEDIATED_INTERACTIONS_WITH_VASCULAR_AND_CIRCULATING_CELLS] was killed by [WP_LUNG_FIBROSIS,WP_LUNG_FIBROSIS]
[WP_ONE_CARBON_METABOLISM_AND_RELATED_PATHWAYS,WP_ONE_CARBON_METABOLISM_AND_RELATED_PATHWAYS] was killed by [WP_AMINO_ACID_METABOLISM,WP_AMINO_ACID_METABOLISM]
[WP_IL1_SIGNALING_PATHWAY,WP_IL1_SIGNALING_PATHWAY] was killed by [WP_INSULIN_SIGNALING,WP_INSULIN_SIGNALING]
[WP_MITOCHONDRIAL_CIII_ASSEMBLY,WP_MITOCHONDRIAL_CIII_ASSEMBLY] was killed by [WP_ELECTRON_TRANSPORT_CHAIN_OXPHOS_SYSTEM_IN_MITOCHONDRIA,WP_ELECTRON_TRANSPORT_CHAIN_OXPHOS_SYSTEM_IN_MITOCHONDRIA]
[WP_ESTROGEN_METABOLISM,WP_ESTROGEN_METABOLISM] was killed by [WP_PREGNANE_X_RECEPTOR_PATHWAY,WP_PREGNANE_X_RECEPTOR_PATHWAY]
[WP_22Q112_COPY_NUMBER_VARIATION_SYNDROME,WP_22Q112_COPY_NUMBER_VARIATION_SYNDROME] was killed by [WP_ELECTRON_TRANSPORT_CHAIN_OXPHOS_SYSTEM_IN_MITOCHONDRIA,WP_ELECTRON_TRANSPORT_CHAIN_OXPHOS_SYSTEM_IN_MITOCHONDRIA]
[WP_MIR5093P_ALTERATION_OF_YAP1ECM_AXIS,WP_MIR5093P_ALTERATION_OF_YAP1ECM_AXIS] was killed by [WP_MIRNA_TARGETS_IN_ECM_AND_MEMBRANE_RECEPTORS,WP_MIRNA_TARGETS_IN_ECM_AND_MEMBRANE_RECEPTORS]
[WP_PARKINUBIQUITIN_PROTEASOMAL_SYSTEM_PATHWAY,WP_PARKINUBIQUITIN_PROTEASOMAL_SYSTEM_PATHWAY] was killed by [WP_PROTEASOME_DEGRADATION,WP_PROTEASOME_DEGRADATION]
[WP_ESTROGEN_SIGNALING_PATHWAY,WP_ESTROGEN_SIGNALING_PATHWAY] was killed by [WP_INSULIN_SIGNALING,WP_INSULIN_SIGNALING]
[WP_STATIN_PATHWAY,WP_STATIN_PATHWAY] was killed by [WP_ALZHEIMERS_DISEASE,WP_ALZHEIMERS_DISEASE]
[WP_FOLATEALCOHOL_AND_CANCER_PATHWAY_HYPOTHESES,WP_FOLATEALCOHOL_AND_CANCER_PATHWAY_HYPOTHESES] was killed by [WP_AMINO_ACID_METABOLISM,WP_AMINO_ACID_METABOLISM]
[WP_GASTRIN_SIGNALING_PATHWAY,WP_GASTRIN_SIGNALING_PATHWAY] was killed by [WP_CELL_DIFFERENTIATION_INDEX_EXPANDED,WP_CELL_DIFFERENTIATION_INDEX_EXPANDED]
[WP_HAIR_FOLLICLE_DEVELOPMENT_ORGANOGENESIS_PART_2_OF_3,WP_HAIR_FOLLICLE_DEVELOPMENT_ORGANOGENESIS_PART_2_OF_3] was killed by [WP_ROLE_OF_OSX_AND_MIRNAS_IN_TOOTH_DEVELOPMENT,WP_ROLE_OF_OSX_AND_MIRNAS_IN_TOOTH_DEVELOPMENT]
[WP_GLYCOGEN_SYNTHESIS_AND_DEGRADATION,WP_GLYCOGEN_SYNTHESIS_AND_DEGRADATION] was killed by [WP_ALZHEIMERS_DISEASE,WP_ALZHEIMERS_DISEASE]
[WP_PKCGAMMA_CALCIUM_SIGNALING_PATHWAY_IN_ATAXIA,WP_PKCGAMMA_CALCIUM_SIGNALING_PATHWAY_IN_ATAXIA] was killed by [WP_ALZHEIMERS_DISEASE,WP_ALZHEIMERS_DISEASE]
[WP_ANGIOGENESIS,WP_ANGIOGENESIS] was killed by [WP_INSULIN_SIGNALING,WP_INSULIN_SIGNALING]
[WP_INTEGRATED_BREAST_CANCER_PATHWAY,WP_INTEGRATED_BREAST_CANCER_PATHWAY] was killed by [WP_DNA_REPAIR_PATHWAYS_FULL_NETWORK,WP_DNA_REPAIR_PATHWAYS_FULL_NETWORK]
[WP_GENES_RELATED_TO_PRIMARY_CILIUM_DEVELOPMENT_BASED_ON_CRISPR,WP_GENES_RELATED_TO_PRIMARY_CILIUM_DEVELOPMENT_BASED_ON_CRISPR] was killed by [WP_ALZHEIMERS_DISEASE,WP_ALZHEIMERS_DISEASE]
[WP_GLUCOCORTICOID_RECEPTOR_PATHWAY,WP_GLUCOCORTICOID_RECEPTOR_PATHWAY] was killed by [WP_PREGNANE_X_RECEPTOR_PATHWAY,WP_PREGNANE_X_RECEPTOR_PATHWAY]
[WP_NANOPARTICLE_TRIGGERED_AUTOPHAGIC_CELL_DEATH,WP_NANOPARTICLE_TRIGGERED_AUTOPHAGIC_CELL_DEATH] was killed by [WP_INSULIN_SIGNALING,WP_INSULIN_SIGNALING]
[WP_MAPK_AND_NFKB_SIGNALLING_PATHWAYS_INHIBITED_BY_YERSINIA_YOPJ,WP_MAPK_AND_NFKB_SIGNALLING_PATHWAYS_INHIBITED_BY_YERSINIA_YOPJ] was killed by [WP_INSULIN_SIGNALING,WP_INSULIN_SIGNALING]
[WP_BRAINDERIVED_NEUROTROPHIC_FACTOR_BDNF_SIGNALING_PATHWAY,WP_BRAINDERIVED_NEUROTROPHIC_FACTOR_BDNF_SIGNALING_PATHWAY] was killed by [WP_ALZHEIMERS_DISEASE,WP_ALZHEIMERS_DISEASE]
[WP_HEAD_AND_NECK_SQUAMOUS_CELL_CARCINOMA,WP_HEAD_AND_NECK_SQUAMOUS_CELL_CARCINOMA] was killed by [WP_ROLE_OF_OSX_AND_MIRNAS_IN_TOOTH_DEVELOPMENT,WP_ROLE_OF_OSX_AND_MIRNAS_IN_TOOTH_DEVELOPMENT]
[WP_HAIR_FOLLICLE_DEVELOPMENT_CYTODIFFERENTIATION_PART_3_OF_3,WP_HAIR_FOLLICLE_DEVELOPMENT_CYTODIFFERENTIATION_PART_3_OF_3] was killed by [WP_ROLE_OF_OSX_AND_MIRNAS_IN_TOOTH_DEVELOPMENT,WP_ROLE_OF_OSX_AND_MIRNAS_IN_TOOTH_DEVELOPMENT]
[WP_SIGNALING_PATHWAYS_IN_GLIOBLASTOMA,WP_SIGNALING_PATHWAYS_IN_GLIOBLASTOMA] was killed by [WP_INSULIN_SIGNALING,WP_INSULIN_SIGNALING]
[WP_MELANOMA,WP_MELANOMA] was killed by [WP_ALZHEIMERS_DISEASE,WP_ALZHEIMERS_DISEASE]
[WP_ERBB_SIGNALING_PATHWAY,WP_ERBB_SIGNALING_PATHWAY] was killed by [WP_INSULIN_SIGNALING,WP_INSULIN_SIGNALING]
