[HOXA9_DN.V1_UP,HOXA9_DN.V1_UP] was killed by [RPS14_DN.V1_UP,RPS14_DN.V1_UP]
[MEL18_DN.V1_UP,MEL18_DN.V1_UP] was killed by [RPS14_DN.V1_UP,RPS14_DN.V1_UP]
[ERBB2_UP.V1_UP,ERBB2_UP.V1_UP] was killed by [RPS14_DN.V1_UP,RPS14_DN.V1_UP]
[RAF_UP.V1_UP,RAF_UP.V1_UP] was killed by [EGFR_UP.V1_UP,EGFR_UP.V1_UP]
[E2F1_UP.V1_UP,E2F1_UP.V1_UP] was killed by [RPS14_DN.V1_DN,RPS14_DN.V1_DN]
[P53_DN.V1_DN,P53_DN.V1_DN] was killed by [RPS14_DN.V1_UP,RPS14_DN.V1_UP]
[KRAS.LUNG.BREAST_UP.V1_UP,KRAS.LUNG.BREAST_UP.V1_UP] was killed by [EGFR_UP.V1_UP,EGFR_UP.V1_UP]
[MEK_UP.V1_UP,MEK_UP.V1_UP] was killed by [RPS14_DN.V1_UP,RPS14_DN.V1_UP]
[GCNP_SHH_UP_EARLY.V1_UP,GCNP_SHH_UP_EARLY.V1_UP] was killed by [RPS14_DN.V1_UP,RPS14_DN.V1_UP]
[BMI1_DN_MEL18_DN.V1_UP,BMI1_DN_MEL18_DN.V1_UP] was killed by [RPS14_DN.V1_UP,RPS14_DN.V1_UP]
[VEGF_A_UP.V1_DN,VEGF_A_UP.V1_DN] was killed by [VEGF_A_UP.V1_UP,VEGF_A_UP.V1_UP]
[E2F1_UP.V1_DN,E2F1_UP.V1_DN] was killed by [EGFR_UP.V1_UP,EGFR_UP.V1_UP]
[PTEN_DN.V1_UP,PTEN_DN.V1_UP] was killed by [MYC_UP.V1_UP,MYC_UP.V1_UP]
[IL21_UP.V1_UP,IL21_UP.V1_UP] was killed by [MTOR_UP.N4.V1_DN,MTOR_UP.N4.V1_DN]
[PIGF_UP.V1_DN,PIGF_UP.V1_DN] was killed by [VEGF_A_UP.V1_UP,VEGF_A_UP.V1_UP]
[JAK2_DN.V1_UP,JAK2_DN.V1_UP] was killed by [MYC_UP.V1_UP,MYC_UP.V1_UP]
[SRC_UP.V1_UP,SRC_UP.V1_UP] was killed by [MYC_UP.V1_UP,MYC_UP.V1_UP]
[KRAS.BREAST_UP.V1_UP,KRAS.BREAST_UP.V1_UP] was killed by [EGFR_UP.V1_UP,EGFR_UP.V1_UP]
[RB_P107_DN.V1_UP,RB_P107_DN.V1_UP] was killed by [RPS14_DN.V1_UP,RPS14_DN.V1_UP]
[PRC2_EZH2_UP.V1_UP,PRC2_EZH2_UP.V1_UP] was killed by [RPS14_DN.V1_UP,RPS14_DN.V1_UP]
[IL2_UP.V1_UP,IL2_UP.V1_UP] was killed by [MYC_UP.V1_UP,MYC_UP.V1_UP]
[PIGF_UP.V1_UP,PIGF_UP.V1_UP] was killed by [KRAS.AMP.LUNG_UP.V1_UP,KRAS.AMP.LUNG_UP.V1_UP]
[BMI1_DN.V1_UP,BMI1_DN.V1_UP] was killed by [RPS14_DN.V1_UP,RPS14_DN.V1_UP]
[AKT_UP.V1_UP,AKT_UP.V1_UP] was killed by [EGFR_UP.V1_UP,EGFR_UP.V1_UP]
[GCNP_SHH_UP_LATE.V1_UP,GCNP_SHH_UP_LATE.V1_UP] was killed by [RPS14_DN.V1_DN,RPS14_DN.V1_DN]
[KRAS.KIDNEY_UP.V1_DN,KRAS.KIDNEY_UP.V1_DN] was killed by [EGFR_UP.V1_UP,EGFR_UP.V1_UP]
[MTOR_UP.V1_UP,MTOR_UP.V1_UP] was killed by [RPS14_DN.V1_UP,RPS14_DN.V1_UP]
[AKT_UP_MTOR_DN.V1_UP,AKT_UP_MTOR_DN.V1_UP] was killed by [EGFR_UP.V1_UP,EGFR_UP.V1_UP]
[KRAS.LUNG_UP.V1_UP,KRAS.LUNG_UP.V1_UP] was killed by [RPS14_DN.V1_UP,RPS14_DN.V1_UP]
[IL2_UP.V1_DN,IL2_UP.V1_DN] was killed by [RPS14_DN.V1_UP,RPS14_DN.V1_UP]
[PDGF_ERK_DN.V1_UP,PDGF_ERK_DN.V1_UP] was killed by [MTOR_UP.N4.V1_DN,MTOR_UP.N4.V1_DN]
[JAK2_DN.V1_DN,JAK2_DN.V1_DN] was killed by [EGFR_UP.V1_UP,EGFR_UP.V1_UP]
[MTOR_UP.N4.V1_UP,MTOR_UP.N4.V1_UP] was killed by [RPS14_DN.V1_DN,RPS14_DN.V1_DN]
[RB_DN.V1_DN,RB_DN.V1_DN] was killed by [MTOR_UP.N4.V1_DN,MTOR_UP.N4.V1_DN]
[BRCA1_DN.V1_DN,BRCA1_DN.V1_DN] was killed by [RPS14_DN.V1_DN,RPS14_DN.V1_DN]
[EIF4E_DN,EIF4E_DN] was killed by [EGFR_UP.V1_UP,EGFR_UP.V1_UP]
[CYCLIN_D1_KE_.V1_DN,CYCLIN_D1_KE_.V1_DN] was killed by [MYC_UP.V1_UP,MYC_UP.V1_UP]
[IL21_UP.V1_DN,IL21_UP.V1_DN] was killed by [MTOR_UP.N4.V1_DN,MTOR_UP.N4.V1_DN]
[NRL_DN.V1_UP,NRL_DN.V1_UP] was killed by [MYC_UP.V1_UP,MYC_UP.V1_UP]
[P53_DN.V1_UP,P53_DN.V1_UP] was killed by [EGFR_UP.V1_UP,EGFR_UP.V1_UP]
[LEF1_UP.V1_UP,LEF1_UP.V1_UP] was killed by [MTOR_UP.N4.V1_DN,MTOR_UP.N4.V1_DN]
[HINATA_NFKB_IMMU_INF,HINATA_NFKB_IMMU_INF] was killed by [RPS14_DN.V1_UP,RPS14_DN.V1_UP]
[KRAS.50_UP.V1_DN,KRAS.50_UP.V1_DN] was killed by [BCAT.100_UP.V1_UP,BCAT.100_UP.V1_UP]
[PDGF_UP.V1_DN,PDGF_UP.V1_DN] was killed by [MYC_UP.V1_UP,MYC_UP.V1_UP]
[KRAS.KIDNEY_UP.V1_UP,KRAS.KIDNEY_UP.V1_UP] was killed by [RPS14_DN.V1_UP,RPS14_DN.V1_UP]
[BMI1_DN_MEL18_DN.V1_DN,BMI1_DN_MEL18_DN.V1_DN] was killed by [VEGF_A_UP.V1_UP,VEGF_A_UP.V1_UP]
[PKCA_DN.V1_UP,PKCA_DN.V1_UP] was killed by [EGFR_UP.V1_UP,EGFR_UP.V1_UP]
[KRAS.DF.V1_DN,KRAS.DF.V1_DN] was killed by [RPS14_DN.V1_DN,RPS14_DN.V1_DN]
[ESC_J1_UP_LATE.V1_UP,ESC_J1_UP_LATE.V1_UP] was killed by [MYC_UP.V1_UP,MYC_UP.V1_UP]
[NOTCH_DN.V1_UP,NOTCH_DN.V1_UP] was killed by [NOTCH_DN.V1_DN,NOTCH_DN.V1_DN]
[ALK_DN.V1_UP,ALK_DN.V1_UP] was killed by [RPS14_DN.V1_UP,RPS14_DN.V1_UP]
[PRC2_EED_UP.V1_DN,PRC2_EED_UP.V1_DN] was killed by [RPS14_DN.V1_DN,RPS14_DN.V1_DN]
[CAHOY_NEURONAL,CAHOY_NEURONAL] was killed by [EGFR_UP.V1_UP,EGFR_UP.V1_UP]
[HOXA9_DN.V1_DN,HOXA9_DN.V1_DN] was killed by [RPS14_DN.V1_DN,RPS14_DN.V1_DN]
[RB_P130_DN.V1_UP,RB_P130_DN.V1_UP] was killed by [RPS14_DN.V1_UP,RPS14_DN.V1_UP]
[CAMP_UP.V1_UP,CAMP_UP.V1_UP] was killed by [KRAS.AMP.LUNG_UP.V1_UP,KRAS.AMP.LUNG_UP.V1_UP]
[ALK_DN.V1_DN,ALK_DN.V1_DN] was killed by [VEGF_A_UP.V1_UP,VEGF_A_UP.V1_UP]
[E2F3_UP.V1_DN,E2F3_UP.V1_DN] was killed by [MTOR_UP.N4.V1_DN,MTOR_UP.N4.V1_DN]
[PDGF_UP.V1_UP,PDGF_UP.V1_UP] was killed by [KRAS.AMP.LUNG_UP.V1_UP,KRAS.AMP.LUNG_UP.V1_UP]
[KRAS.300_UP.V1_UP,KRAS.300_UP.V1_UP] was killed by [RPS14_DN.V1_UP,RPS14_DN.V1_UP]
[RB_P107_DN.V1_DN,RB_P107_DN.V1_DN] was killed by [MTOR_UP.N4.V1_DN,MTOR_UP.N4.V1_DN]
[CRX_NRL_DN.V1_DN,CRX_NRL_DN.V1_DN] was killed by [MTOR_UP.N4.V1_DN,MTOR_UP.N4.V1_DN]
[EIF4E_UP,EIF4E_UP] was killed by [RPS14_DN.V1_UP,RPS14_DN.V1_UP]
[ESC_V6.5_UP_EARLY.V1_DN,ESC_V6.5_UP_EARLY.V1_DN] was killed by [EGFR_UP.V1_UP,EGFR_UP.V1_UP]
[SNF5_DN.V1_DN,SNF5_DN.V1_DN] was killed by [EGFR_UP.V1_UP,EGFR_UP.V1_UP]
[ESC_J1_UP_LATE.V1_DN,ESC_J1_UP_LATE.V1_DN] was killed by [MYC_UP.V1_UP,MYC_UP.V1_UP]
[LTE2_UP.V1_UP,LTE2_UP.V1_UP] was killed by [RPS14_DN.V1_UP,RPS14_DN.V1_UP]
[KRAS.DF.V1_UP,KRAS.DF.V1_UP] was killed by [EGFR_UP.V1_UP,EGFR_UP.V1_UP]
[IL15_UP.V1_DN,IL15_UP.V1_DN] was killed by [RPS14_DN.V1_UP,RPS14_DN.V1_UP]
[CTIP_DN.V1_UP,CTIP_DN.V1_UP] was killed by [MYC_UP.V1_UP,MYC_UP.V1_UP]
[RAPA_EARLY_UP.V1_UP,RAPA_EARLY_UP.V1_UP] was killed by [MYC_UP.V1_UP,MYC_UP.V1_UP]
[RB_P130_DN.V1_DN,RB_P130_DN.V1_DN] was killed by [RPS14_DN.V1_UP,RPS14_DN.V1_UP]
[CSR_EARLY_UP.V1_DN,CSR_EARLY_UP.V1_DN] was killed by [MYC_UP.V1_UP,MYC_UP.V1_UP]
[HINATA_NFKB_MATRIX,HINATA_NFKB_MATRIX] was killed by [EGFR_UP.V1_UP,EGFR_UP.V1_UP]
[KRAS.300_UP.V1_DN,KRAS.300_UP.V1_DN] was killed by [KRAS.AMP.LUNG_UP.V1_UP,KRAS.AMP.LUNG_UP.V1_UP]
[KRAS.LUNG_UP.V1_DN,KRAS.LUNG_UP.V1_DN] was killed by [MYC_UP.V1_UP,MYC_UP.V1_UP]
[ATM_DN.V1_UP,ATM_DN.V1_UP] was killed by [EGFR_UP.V1_UP,EGFR_UP.V1_UP]
[PTEN_DN.V2_UP,PTEN_DN.V2_UP] was killed by [RPS14_DN.V1_UP,RPS14_DN.V1_UP]
[CAHOY_ASTROCYTIC,CAHOY_ASTROCYTIC] was killed by [MTOR_UP.N4.V1_DN,MTOR_UP.N4.V1_DN]
[RAF_UP.V1_DN,RAF_UP.V1_DN] was killed by [KRAS.AMP.LUNG_UP.V1_UP,KRAS.AMP.LUNG_UP.V1_UP]
[RELA_DN.V1_DN,RELA_DN.V1_DN] was killed by [NOTCH_DN.V1_DN,NOTCH_DN.V1_DN]
[LEF1_UP.V1_DN,LEF1_UP.V1_DN] was killed by [MYC_UP.V1_UP,MYC_UP.V1_UP]
[CAMP_UP.V1_DN,CAMP_UP.V1_DN] was killed by [KRAS.AMP.LUNG_UP.V1_UP,KRAS.AMP.LUNG_UP.V1_UP]
[PRC1_BMI_UP.V1_DN,PRC1_BMI_UP.V1_DN] was killed by [KRAS.AMP.LUNG_UP.V1_UP,KRAS.AMP.LUNG_UP.V1_UP]
[WNT_UP.V1_DN,WNT_UP.V1_DN] was killed by [MTOR_UP.N4.V1_DN,MTOR_UP.N4.V1_DN]
[NRL_DN.V1_DN,NRL_DN.V1_DN] was killed by [KRAS.AMP.LUNG_UP.V1_UP,KRAS.AMP.LUNG_UP.V1_UP]
[PRC1_BMI_UP.V1_UP,PRC1_BMI_UP.V1_UP] was killed by [BCAT.100_UP.V1_UP,BCAT.100_UP.V1_UP]
[KRAS.AMP.LUNG_UP.V1_DN,KRAS.AMP.LUNG_UP.V1_DN] was killed by [KRAS.AMP.LUNG_UP.V1_UP,KRAS.AMP.LUNG_UP.V1_UP]
[ESC_V6.5_UP_LATE.V1_UP,ESC_V6.5_UP_LATE.V1_UP] was killed by [EGFR_UP.V1_UP,EGFR_UP.V1_UP]
[CSR_LATE_UP.V1_DN,CSR_LATE_UP.V1_DN] was killed by [MYC_UP.V1_UP,MYC_UP.V1_UP]
[CTIP_DN.V1_DN,CTIP_DN.V1_DN] was killed by [BRCA1_DN.V1_UP,BRCA1_DN.V1_UP]
[PKCA_DN.V1_DN,PKCA_DN.V1_DN] was killed by [EGFR_UP.V1_UP,EGFR_UP.V1_UP]
[GLI1_UP.V1_DN,GLI1_UP.V1_DN] was killed by [BCAT.100_UP.V1_UP,BCAT.100_UP.V1_UP]
[P53_DN.V2_UP,P53_DN.V2_UP] was killed by [RPS14_DN.V1_UP,RPS14_DN.V1_UP]
[PRC2_EED_UP.V1_UP,PRC2_EED_UP.V1_UP] was killed by [VEGF_A_UP.V1_UP,VEGF_A_UP.V1_UP]
[IL15_UP.V1_UP,IL15_UP.V1_UP] was killed by [RPS14_DN.V1_UP,RPS14_DN.V1_UP]
[DCA_UP.V1_UP,DCA_UP.V1_UP] was killed by [EGFR_UP.V1_UP,EGFR_UP.V1_UP]
[CRX_DN.V1_DN,CRX_DN.V1_DN] was killed by [MTOR_UP.N4.V1_DN,MTOR_UP.N4.V1_DN]
[PRC2_SUZ12_UP.V1_UP,PRC2_SUZ12_UP.V1_UP] was killed by [EGFR_UP.V1_UP,EGFR_UP.V1_UP]
[ATF2_S_UP.V1_DN,ATF2_S_UP.V1_DN] was killed by [RPS14_DN.V1_UP,RPS14_DN.V1_UP]
[SIRNA_EIF4GI_DN,SIRNA_EIF4GI_DN] was killed by [MYC_UP.V1_UP,MYC_UP.V1_UP]
[CORDENONSI_YAP_CONSERVED_SIGNATURE,CORDENONSI_YAP_CONSERVED_SIGNATURE] was killed by [RPS14_DN.V1_DN,RPS14_DN.V1_DN]
[TGFB_UP.V1_UP,TGFB_UP.V1_UP] was killed by [EGFR_UP.V1_UP,EGFR_UP.V1_UP]
[CRX_NRL_DN.V1_UP,CRX_NRL_DN.V1_UP] was killed by [MYC_UP.V1_UP,MYC_UP.V1_UP]
[CSR_LATE_UP.V1_UP,CSR_LATE_UP.V1_UP] was killed by [RPS14_DN.V1_UP,RPS14_DN.V1_UP]
[SRC_UP.V1_DN,SRC_UP.V1_DN] was killed by [RPS14_DN.V1_DN,RPS14_DN.V1_DN]
[P53_DN.V2_DN,P53_DN.V2_DN] was killed by [MTOR_UP.N4.V1_DN,MTOR_UP.N4.V1_DN]
[JNK_DN.V1_UP,JNK_DN.V1_UP] was killed by [RPS14_DN.V1_UP,RPS14_DN.V1_UP]
[ATF2_UP.V1_DN,ATF2_UP.V1_DN] was killed by [RPS14_DN.V1_UP,RPS14_DN.V1_UP]
[PTEN_DN.V2_DN,PTEN_DN.V2_DN] was killed by [BCAT.100_UP.V1_UP,BCAT.100_UP.V1_UP]
[ESC_V6.5_UP_EARLY.V1_UP,ESC_V6.5_UP_EARLY.V1_UP] was killed by [BCAT.100_UP.V1_UP,BCAT.100_UP.V1_UP]
[CRX_DN.V1_UP,CRX_DN.V1_UP] was killed by [MYC_UP.V1_UP,MYC_UP.V1_UP]
