[CREB3L2_TARGET_GENES,CREB3L2_TARGET_GENES] was killed by [YBX3_TARGET_GENES,YBX3_TARGET_GENES]
[TOX4_TARGET_GENES,TOX4_TARGET_GENES] was killed by [YBX3_TARGET_GENES,YBX3_TARGET_GENES]
[EMX1_TARGET_GENES,EMX1_TARGET_GENES] was killed by [YBX3_TARGET_GENES,YBX3_TARGET_GENES]
[RUVBL1_TARGET_GENES,RUVBL1_TARGET_GENES] was killed by [YBX3_TARGET_GENES,YBX3_TARGET_GENES]
[SREBP1_01,SREBP1_01] was killed by [YBX3_TARGET_GENES,YBX3_TARGET_GENES]
[KAT2A_TARGET_GENES,KAT2A_TARGET_GENES] was killed by [KRCTCNNNNMANAGC_UNKNOWN,KRCTCNNNNMANAGC_UNKNOWN]
[ZNF354B_TARGET_GENES,ZNF354B_TARGET_GENES] was killed by [YBX3_TARGET_GENES,YBX3_TARGET_GENES]
[GGCNKCCATNK_UNKNOWN,GGCNKCCATNK_UNKNOWN] was killed by [TMTCGCGANR_UNKNOWN,TMTCGCGANR_UNKNOWN]
[MLXIP_TARGET_GENES,MLXIP_TARGET_GENES] was killed by [TMTCGCGANR_UNKNOWN,TMTCGCGANR_UNKNOWN]
[MIR143_5P,MIR143_5P] was killed by [TMTCGCGANR_UNKNOWN,TMTCGCGANR_UNKNOWN]
[CCGNMNNTNACG_UNKNOWN,CCGNMNNTNACG_UNKNOWN] was killed by [GCGNNANTTCC_UNKNOWN,GCGNNANTTCC_UNKNOWN]
[ZNF704_TARGET_GENES,ZNF704_TARGET_GENES] was killed by [YBX3_TARGET_GENES,YBX3_TARGET_GENES]
[MSX1_TARGET_GENES,MSX1_TARGET_GENES] was killed by [TMTCGCGANR_UNKNOWN,TMTCGCGANR_UNKNOWN]
[KCCGNSWTTT_UNKNOWN,KCCGNSWTTT_UNKNOWN] was killed by [TMTCGCGANR_UNKNOWN,TMTCGCGANR_UNKNOWN]
[SUPT16H_TARGET_GENES,SUPT16H_TARGET_GENES] was killed by [KRCTCNNNNMANAGC_UNKNOWN,KRCTCNNNNMANAGC_UNKNOWN]
[MAPK3_TARGET_GENES,MAPK3_TARGET_GENES] was killed by [KRCTCNNNNMANAGC_UNKNOWN,KRCTCNNNNMANAGC_UNKNOWN]
[PER1_TARGET_GENES,PER1_TARGET_GENES] was killed by [TMTCGCGANR_UNKNOWN,TMTCGCGANR_UNKNOWN]
[WDHD1_TARGET_GENES,WDHD1_TARGET_GENES] was killed by [YBX3_TARGET_GENES,YBX3_TARGET_GENES]
[MIR1301_5P,MIR1301_5P] was killed by [MIR6502_5P,MIR6502_5P]
[ZNF667_TARGET_GENES,ZNF667_TARGET_GENES] was killed by [YBX3_TARGET_GENES,YBX3_TARGET_GENES]
[SNRNP70_TARGET_GENES,SNRNP70_TARGET_GENES] was killed by [KRCTCNNNNMANAGC_UNKNOWN,KRCTCNNNNMANAGC_UNKNOWN]
[ZNF595_TARGET_GENES,ZNF595_TARGET_GENES] was killed by [ZBTB1_TARGET_GENES,ZBTB1_TARGET_GENES]
[ARHGAP35_TARGET_GENES,ARHGAP35_TARGET_GENES] was killed by [TMTCGCGANR_UNKNOWN,TMTCGCGANR_UNKNOWN]
[HOXB8_TARGET_GENES,HOXB8_TARGET_GENES] was killed by [HOXA7_TARGET_GENES,HOXA7_TARGET_GENES]
[MIR340_3P,MIR340_3P] was killed by [MIR6827_3P,MIR6827_3P]
[RAX2_TARGET_GENES,RAX2_TARGET_GENES] was killed by [YBX3_TARGET_GENES,YBX3_TARGET_GENES]
[ZA_Q9UM89_TARGET_GENES,ZA_Q9UM89_TARGET_GENES] was killed by [KRCTCNNNNMANAGC_UNKNOWN,KRCTCNNNNMANAGC_UNKNOWN]
[MIR302A_5P,MIR302A_5P] was killed by [TMTCGCGANR_UNKNOWN,TMTCGCGANR_UNKNOWN]
[SOX3_TARGET_GENES,SOX3_TARGET_GENES] was killed by [TMTCGCGANR_UNKNOWN,TMTCGCGANR_UNKNOWN]
[FOXR2_TARGET_GENES,FOXR2_TARGET_GENES] was killed by [PTPRA_TARGET_GENES,PTPRA_TARGET_GENES]
[MIR3136_3P,MIR3136_3P] was killed by [MIR7155_3P,MIR7155_3P]
[GKCGCNNNNNNNTGAYG_UNKNOWN,GKCGCNNNNNNNTGAYG_UNKNOWN] was killed by [SGCGSSAAA_E2F1DP2_01,SGCGSSAAA_E2F1DP2_01]
[MIR337_3P,MIR337_3P] was killed by [HIVEP1_TARGET_GENES,HIVEP1_TARGET_GENES]
[MIR5591_5P,MIR5591_5P] was killed by [MIR4300,MIR4300]
[PIAS4_TARGET_GENES,PIAS4_TARGET_GENES] was killed by [KRCTCNNNNMANAGC_UNKNOWN,KRCTCNNNNMANAGC_UNKNOWN]
[ZSCAN18_TARGET_GENES,ZSCAN18_TARGET_GENES] was killed by [ZBTB1_TARGET_GENES,ZBTB1_TARGET_GENES]
[DNMT1_TARGET_GENES,DNMT1_TARGET_GENES] was killed by [HOXD11_TARGET_GENES,HOXD11_TARGET_GENES]
[AAGTCCA_MIR422B_MIR422A,AAGTCCA_MIR422B_MIR422A] was killed by [GCGNNANTTCC_UNKNOWN,GCGNNANTTCC_UNKNOWN]
[MIR3177_5P,MIR3177_5P] was killed by [MIR199A_5P,MIR199A_5P]
[MIR199B_5P,MIR199B_5P] was killed by [MIR199A_5P,MIR199A_5P]
[MIR3925_3P,MIR3925_3P] was killed by [MIR508_5P,MIR508_5P]
[MIR513C_5P,MIR513C_5P] was killed by [MIR514B_5P,MIR514B_5P]
[MIR4527,MIR4527] was killed by [MIR7850_5P,MIR7850_5P]
[HSF4_TARGET_GENES,HSF4_TARGET_GENES] was killed by [KRCTCNNNNMANAGC_UNKNOWN,KRCTCNNNNMANAGC_UNKNOWN]
[CGTSACG_PAX3_B,CGTSACG_PAX3_B] was killed by [GCGNNANTTCC_UNKNOWN,GCGNNANTTCC_UNKNOWN]
[MIR1273H_5P,MIR1273H_5P] was killed by [MIR6827_3P,MIR6827_3P]
[MIR371A_5P,MIR371A_5P] was killed by [MIR514B_5P,MIR514B_5P]
[MIR548AV_3P,MIR548AV_3P] was killed by [MIR224_5P,MIR224_5P]
[MIR31_3P,MIR31_3P] was killed by [MIR7850_5P,MIR7850_5P]
[MIR4504,MIR4504] was killed by [HIVEP1_TARGET_GENES,HIVEP1_TARGET_GENES]
[MIR191_5P,MIR191_5P] was killed by [SETBP1_TARGET_GENES,SETBP1_TARGET_GENES]
[MIR643,MIR643] was killed by [MIR144_5P,MIR144_5P]
[MIR487B_5P,MIR487B_5P] was killed by [MIR3920,MIR3920]
[CTGRYYYNATT_UNKNOWN,CTGRYYYNATT_UNKNOWN] was killed by [MIR6734_5P,MIR6734_5P]
[MIR548AD_3P,MIR548AD_3P] was killed by [ATAGGAA_MIR202,ATAGGAA_MIR202]
[MIR3161,MIR3161] was killed by [ATAGGAA_MIR202,ATAGGAA_MIR202]
[WCTCNATGGY_UNKNOWN,WCTCNATGGY_UNKNOWN] was killed by [GGAANCGGAANY_UNKNOWN,GGAANCGGAANY_UNKNOWN]
[MIR1178_5P,MIR1178_5P] was killed by [MIR6734_5P,MIR6734_5P]
[MIR640,MIR640] was killed by [MIR508_5P,MIR508_5P]
[GTTAAAG_MIR302B,GTTAAAG_MIR302B] was killed by [MIR508_5P,MIR508_5P]
[E2F_Q2,E2F_Q2] was killed by [MIR224_5P,MIR224_5P]
[MIR6512_3P,MIR6512_3P] was killed by [CCAGGTT_MIR490,CCAGGTT_MIR490]
[TAGGTCA_MIR192_MIR215,TAGGTCA_MIR192_MIR215] was killed by [MIR224_5P,MIR224_5P]
[MIR5687,MIR5687] was killed by [YBX3_TARGET_GENES,YBX3_TARGET_GENES]
[MIR4753_5P,MIR4753_5P] was killed by [COBLL1_TARGET_GENES,COBLL1_TARGET_GENES]
[MIR4662A_5P,MIR4662A_5P] was killed by [MIR6827_3P,MIR6827_3P]
[PPARGC1A_TARGET_GENES,PPARGC1A_TARGET_GENES] was killed by [HOXA7_TARGET_GENES,HOXA7_TARGET_GENES]
[ATGAAGG_MIR205,ATGAAGG_MIR205] was killed by [MIR224_5P,MIR224_5P]
[PAX6_01,PAX6_01] was killed by [TERF2_TARGET_GENES,TERF2_TARGET_GENES]
[MIR1825,MIR1825] was killed by [MIR6502_5P,MIR6502_5P]
[RBM15_TARGET_GENES,RBM15_TARGET_GENES] was killed by [KRCTCNNNNMANAGC_UNKNOWN,KRCTCNNNNMANAGC_UNKNOWN]
[MIR3170,MIR3170] was killed by [MIR6734_5P,MIR6734_5P]
[MIR4436B_5P,MIR4436B_5P] was killed by [MIR6734_5P,MIR6734_5P]
[TBX1_TARGET_GENES,TBX1_TARGET_GENES] was killed by [YBX3_TARGET_GENES,YBX3_TARGET_GENES]
[GCGSCMNTTT_UNKNOWN,GCGSCMNTTT_UNKNOWN] was killed by [SGCGSSAAA_E2F1DP2_01,SGCGSSAAA_E2F1DP2_01]
[MIR3156_3P,MIR3156_3P] was killed by [MIR199A_5P,MIR199A_5P]
[MIR487A_5P,MIR487A_5P] was killed by [MIR3920,MIR3920]
[MIR624_5P,MIR624_5P] was killed by [MIR224_5P,MIR224_5P]
[ZNF165_TARGET_GENES,ZNF165_TARGET_GENES] was killed by [COBLL1_TARGET_GENES,COBLL1_TARGET_GENES]
[MIR379_3P_MIR411_3P,MIR379_3P_MIR411_3P] was killed by [TERF2_TARGET_GENES,TERF2_TARGET_GENES]
[TGTATGA_MIR4853P,TGTATGA_MIR4853P] was killed by [MIR199A_5P,MIR199A_5P]
[MIR7161_5P,MIR7161_5P] was killed by [MIR7850_5P,MIR7850_5P]
[MCAATNNNNNGCG_UNKNOWN,MCAATNNNNNGCG_UNKNOWN] was killed by [TMTCGCGANR_UNKNOWN,TMTCGCGANR_UNKNOWN]
[RRCCGTTA_UNKNOWN,RRCCGTTA_UNKNOWN] was killed by [SGCGSSAAA_E2F1DP2_01,SGCGSSAAA_E2F1DP2_01]
[MIR920,MIR920] was killed by [MIR144_5P,MIR144_5P]
[MIR4687_5P,MIR4687_5P] was killed by [TMTCGCGANR_UNKNOWN,TMTCGCGANR_UNKNOWN]
[MIR675_3P,MIR675_3P] was killed by [ATAGGAA_MIR202,ATAGGAA_MIR202]
[ZNF785_TARGET_GENES,ZNF785_TARGET_GENES] was killed by [ZBTB1_TARGET_GENES,ZBTB1_TARGET_GENES]
[MIR7113_5P,MIR7113_5P] was killed by [CGGAARNGGCNG_UNKNOWN,CGGAARNGGCNG_UNKNOWN]
[MIR302D_5P,MIR302D_5P] was killed by [MIR224_5P,MIR224_5P]
[MIR767_5P,MIR767_5P] was killed by [MIR6502_5P,MIR6502_5P]
[MIR6720_5P,MIR6720_5P] was killed by [CCAGGTT_MIR490,CCAGGTT_MIR490]
[MIR452_3P,MIR452_3P] was killed by [MIR500A_5P,MIR500A_5P]
[MIR558,MIR558] was killed by [MIR6776_5P,MIR6776_5P]
[MIR6738_3P,MIR6738_3P] was killed by [MIR7850_5P,MIR7850_5P]
[MSX2_TARGET_GENES,MSX2_TARGET_GENES] was killed by [HIVEP1_TARGET_GENES,HIVEP1_TARGET_GENES]
[MIR877_5P,MIR877_5P] was killed by [MIR514B_5P,MIR514B_5P]
[PBX1_02,PBX1_02] was killed by [SGCGSSAAA_E2F1DP2_01,SGCGSSAAA_E2F1DP2_01]
[MIR6726_5P,MIR6726_5P] was killed by [MIR144_5P,MIR144_5P]
[HFH4_01,HFH4_01] was killed by [MIR7850_5P,MIR7850_5P]
[ZNF708_TARGET_GENES,ZNF708_TARGET_GENES] was killed by [GCGNNANTTCC_UNKNOWN,GCGNNANTTCC_UNKNOWN]
[ATAAGCT_MIR21,ATAAGCT_MIR21] was killed by [MIR7850_5P,MIR7850_5P]
[MIR1976,MIR1976] was killed by [MIR504_3P,MIR504_3P]
[ZNF239_TARGET_GENES,ZNF239_TARGET_GENES] was killed by [ZBTB1_TARGET_GENES,ZBTB1_TARGET_GENES]
[GAGCTGG_MIR337,GAGCTGG_MIR337] was killed by [ATAGGAA_MIR202,ATAGGAA_MIR202]
[MIR3192_5P,MIR3192_5P] was killed by [CCAGGTT_MIR490,CCAGGTT_MIR490]
[MIR6771_3P,MIR6771_3P] was killed by [MIR224_5P,MIR224_5P]
[MIR6779_5P,MIR6779_5P] was killed by [MIR6827_3P,MIR6827_3P]
[GTCAGGA_MIR378,GTCAGGA_MIR378] was killed by [YBX3_TARGET_GENES,YBX3_TARGET_GENES]
[SOX11_TARGET_GENES,SOX11_TARGET_GENES] was killed by [SGCGSSAAA_E2F1DP2_01,SGCGSSAAA_E2F1DP2_01]
[TAANNYSGCG_UNKNOWN,TAANNYSGCG_UNKNOWN] was killed by [TMTCGCGANR_UNKNOWN,TMTCGCGANR_UNKNOWN]
[MIR20A_3P,MIR20A_3P] was killed by [MIR7850_5P,MIR7850_5P]
[MTHFD1_TARGET_GENES,MTHFD1_TARGET_GENES] was killed by [TMTCGCGANR_UNKNOWN,TMTCGCGANR_UNKNOWN]
[MIR3689A_3P_MIR3689B_3P_MIR3689C,MIR3689A_3P_MIR3689B_3P_MIR3689C] was killed by [MIR6827_3P,MIR6827_3P]
[GGGNRMNNYCAT_UNKNOWN,GGGNRMNNYCAT_UNKNOWN] was killed by [CGGAARNGGCNG_UNKNOWN,CGGAARNGGCNG_UNKNOWN]
[MIR642A_3P_MIR642B_3P,MIR642A_3P_MIR642B_3P] was killed by [ATAGGAA_MIR202,ATAGGAA_MIR202]
[MIR6715B_3P,MIR6715B_3P] was killed by [MIR7850_5P,MIR7850_5P]
[NRSF_01,NRSF_01] was killed by [PTPRA_TARGET_GENES,PTPRA_TARGET_GENES]
[GTAAACC_MIR2995P,GTAAACC_MIR2995P] was killed by [MIR224_5P,MIR224_5P]
[ARID3B_TARGET_GENES,ARID3B_TARGET_GENES] was killed by [SETBP1_TARGET_GENES,SETBP1_TARGET_GENES]
