[KEGG_RIBOSOME,KEGG_RIBOSOME] was killed by [REACTOME_EUKARYOTIC_TRANSLATION_ELONGATION,REACTOME_EUKARYOTIC_TRANSLATION_ELONGATION]
[WP_CYTOPLASMIC_RIBOSOMAL_PROTEINS,WP_CYTOPLASMIC_RIBOSOMAL_PROTEINS] was killed by [REACTOME_EUKARYOTIC_TRANSLATION_ELONGATION,REACTOME_EUKARYOTIC_TRANSLATION_ELONGATION]
[RUBENSTEIN_SKELETAL_MUSCLE_T_CELLS,RUBENSTEIN_SKELETAL_MUSCLE_T_CELLS] was killed by [REACTOME_EUKARYOTIC_TRANSLATION_ELONGATION,REACTOME_EUKARYOTIC_TRANSLATION_ELONGATION]
[REACTOME_SELENOAMINO_ACID_METABOLISM,REACTOME_SELENOAMINO_ACID_METABOLISM] was killed by [REACTOME_EUKARYOTIC_TRANSLATION_ELONGATION,REACTOME_EUKARYOTIC_TRANSLATION_ELONGATION]
[BUSSLINGER_GASTRIC_PPP1R1B_POSITIVE_CELLS,BUSSLINGER_GASTRIC_PPP1R1B_POSITIVE_CELLS] was killed by [REACTOME_EUKARYOTIC_TRANSLATION_ELONGATION,REACTOME_EUKARYOTIC_TRANSLATION_ELONGATION]
[TRAVAGLINI_LUNG_CD4_NAIVE_T_CELL,TRAVAGLINI_LUNG_CD4_NAIVE_T_CELL] was killed by [REACTOME_EUKARYOTIC_TRANSLATION_ELONGATION,REACTOME_EUKARYOTIC_TRANSLATION_ELONGATION]
[GNF2_EIF3S6,GNF2_EIF3S6] was killed by [REACTOME_EUKARYOTIC_TRANSLATION_ELONGATION,REACTOME_EUKARYOTIC_TRANSLATION_ELONGATION]
[REACTOME_RESPONSE_OF_EIF2AK4_GCN2_TO_AMINO_ACID_DEFICIENCY,REACTOME_RESPONSE_OF_EIF2AK4_GCN2_TO_AMINO_ACID_DEFICIENCY] was killed by [REACTOME_EUKARYOTIC_TRANSLATION_ELONGATION,REACTOME_EUKARYOTIC_TRANSLATION_ELONGATION]
[GOCC_CYTOSOLIC_RIBOSOME,GOCC_CYTOSOLIC_RIBOSOME] was killed by [REACTOME_EUKARYOTIC_TRANSLATION_ELONGATION,REACTOME_EUKARYOTIC_TRANSLATION_ELONGATION]
[GOBP_ESTABLISHMENT_OF_PROTEIN_LOCALIZATION_TO_ENDOPLASMIC_RETICULUM,GOBP_ESTABLISHMENT_OF_PROTEIN_LOCALIZATION_TO_ENDOPLASMIC_RETICULUM] was killed by [REACTOME_EUKARYOTIC_TRANSLATION_ELONGATION,REACTOME_EUKARYOTIC_TRANSLATION_ELONGATION]
[GOBP_COTRANSLATIONAL_PROTEIN_TARGETING_TO_MEMBRANE,GOBP_COTRANSLATIONAL_PROTEIN_TARGETING_TO_MEMBRANE] was killed by [REACTOME_EUKARYOTIC_TRANSLATION_ELONGATION,REACTOME_EUKARYOTIC_TRANSLATION_ELONGATION]
[REACTOME_SRP_DEPENDENT_COTRANSLATIONAL_PROTEIN_TARGETING_TO_MEMBRANE,REACTOME_SRP_DEPENDENT_COTRANSLATIONAL_PROTEIN_TARGETING_TO_MEMBRANE] was killed by [REACTOME_EUKARYOTIC_TRANSLATION_ELONGATION,REACTOME_EUKARYOTIC_TRANSLATION_ELONGATION]
[BUSSLINGER_GASTRIC_LYZ_POSITIVE_CELLS,BUSSLINGER_GASTRIC_LYZ_POSITIVE_CELLS] was killed by [REACTOME_EUKARYOTIC_TRANSLATION_ELONGATION,REACTOME_EUKARYOTIC_TRANSLATION_ELONGATION]
[MORF_TPT1,MORF_TPT1] was killed by [REACTOME_EUKARYOTIC_TRANSLATION_ELONGATION,REACTOME_EUKARYOTIC_TRANSLATION_ELONGATION]
[BILANGES_SERUM_AND_RAPAMYCIN_SENSITIVE_GENES,BILANGES_SERUM_AND_RAPAMYCIN_SENSITIVE_GENES] was killed by [REACTOME_EUKARYOTIC_TRANSLATION_ELONGATION,REACTOME_EUKARYOTIC_TRANSLATION_ELONGATION]
[MORF_CTBP1,MORF_CTBP1] was killed by [HALLMARK_MYC_TARGETS_V1,HALLMARK_MYC_TARGETS_V1]
[REACTOME_CELLULAR_RESPONSE_TO_STARVATION,REACTOME_CELLULAR_RESPONSE_TO_STARVATION] was killed by [REACTOME_EUKARYOTIC_TRANSLATION_ELONGATION,REACTOME_EUKARYOTIC_TRANSLATION_ELONGATION]
[REACTOME_EUKARYOTIC_TRANSLATION_INITIATION,REACTOME_EUKARYOTIC_TRANSLATION_INITIATION] was killed by [REACTOME_EUKARYOTIC_TRANSLATION_ELONGATION,REACTOME_EUKARYOTIC_TRANSLATION_ELONGATION]
[GNF2_TPT1,GNF2_TPT1] was killed by [REACTOME_EUKARYOTIC_TRANSLATION_ELONGATION,REACTOME_EUKARYOTIC_TRANSLATION_ELONGATION]
[GNF2_ST13,GNF2_ST13] was killed by [REACTOME_EUKARYOTIC_TRANSLATION_ELONGATION,REACTOME_EUKARYOTIC_TRANSLATION_ELONGATION]
[MORF_NPM1,MORF_NPM1] was killed by [REACTOME_EUKARYOTIC_TRANSLATION_ELONGATION,REACTOME_EUKARYOTIC_TRANSLATION_ELONGATION]
[MORF_G22P1,MORF_G22P1] was killed by [HALLMARK_MYC_TARGETS_V1,HALLMARK_MYC_TARGETS_V1]
[REACTOME_INFLUENZA_INFECTION,REACTOME_INFLUENZA_INFECTION] was killed by [REACTOME_EUKARYOTIC_TRANSLATION_ELONGATION,REACTOME_EUKARYOTIC_TRANSLATION_ELONGATION]
[GOBP_PROTEIN_LOCALIZATION_TO_ENDOPLASMIC_RETICULUM,GOBP_PROTEIN_LOCALIZATION_TO_ENDOPLASMIC_RETICULUM] was killed by [REACTOME_EUKARYOTIC_TRANSLATION_ELONGATION,REACTOME_EUKARYOTIC_TRANSLATION_ELONGATION]
[TRAVAGLINI_LUNG_CLUB_CELL,TRAVAGLINI_LUNG_CLUB_CELL] was killed by [REACTOME_EUKARYOTIC_TRANSLATION_ELONGATION,REACTOME_EUKARYOTIC_TRANSLATION_ELONGATION]
[GCM_TPT1,GCM_TPT1] was killed by [REACTOME_EUKARYOTIC_TRANSLATION_ELONGATION,REACTOME_EUKARYOTIC_TRANSLATION_ELONGATION]
[GNF2_FBL,GNF2_FBL] was killed by [REACTOME_EUKARYOTIC_TRANSLATION_ELONGATION,REACTOME_EUKARYOTIC_TRANSLATION_ELONGATION]
[MORF_ACTG1,MORF_ACTG1] was killed by [REACTOME_EUKARYOTIC_TRANSLATION_ELONGATION,REACTOME_EUKARYOTIC_TRANSLATION_ELONGATION]
[RUBENSTEIN_SKELETAL_MUSCLE_B_CELLS,RUBENSTEIN_SKELETAL_MUSCLE_B_CELLS] was killed by [REACTOME_EUKARYOTIC_TRANSLATION_ELONGATION,REACTOME_EUKARYOTIC_TRANSLATION_ELONGATION]
[GOBP_NUCLEAR_TRANSCRIBED_MRNA_CATABOLIC_PROCESS_NONSENSE_MEDIATED_DECAY,GOBP_NUCLEAR_TRANSCRIBED_MRNA_CATABOLIC_PROCESS_NONSENSE_MEDIATED_DECAY] was killed by [REACTOME_EUKARYOTIC_TRANSLATION_ELONGATION,REACTOME_EUKARYOTIC_TRANSLATION_ELONGATION]
[GOCC_CYTOSOLIC_LARGE_RIBOSOMAL_SUBUNIT,GOCC_CYTOSOLIC_LARGE_RIBOSOMAL_SUBUNIT] was killed by [REACTOME_EUKARYOTIC_TRANSLATION_ELONGATION,REACTOME_EUKARYOTIC_TRANSLATION_ELONGATION]
[REACTOME_REGULATION_OF_EXPRESSION_OF_SLITS_AND_ROBOS,REACTOME_REGULATION_OF_EXPRESSION_OF_SLITS_AND_ROBOS] was killed by [REACTOME_EUKARYOTIC_TRANSLATION_ELONGATION,REACTOME_EUKARYOTIC_TRANSLATION_ELONGATION]
[BUSSLINGER_DUODENAL_TRANSIT_AMPLIFYING_CELLS,BUSSLINGER_DUODENAL_TRANSIT_AMPLIFYING_CELLS] was killed by [REACTOME_EUKARYOTIC_TRANSLATION_ELONGATION,REACTOME_EUKARYOTIC_TRANSLATION_ELONGATION]
[GOBP_VIRAL_GENE_EXPRESSION,GOBP_VIRAL_GENE_EXPRESSION] was killed by [REACTOME_EUKARYOTIC_TRANSLATION_ELONGATION,REACTOME_EUKARYOTIC_TRANSLATION_ELONGATION]
[REACTOME_NONSENSE_MEDIATED_DECAY_NMD,REACTOME_NONSENSE_MEDIATED_DECAY_NMD] was killed by [REACTOME_EUKARYOTIC_TRANSLATION_ELONGATION,REACTOME_EUKARYOTIC_TRANSLATION_ELONGATION]
[MORF_ANP32B,MORF_ANP32B] was killed by [REACTOME_EUKARYOTIC_TRANSLATION_ELONGATION,REACTOME_EUKARYOTIC_TRANSLATION_ELONGATION]
[GAUCHER_PBMC_YF_VAX_STAMARIL_UNKNOWN_AGE_7DY_DN,GAUCHER_PBMC_YF_VAX_STAMARIL_UNKNOWN_AGE_7DY_DN] was killed by [REACTOME_EUKARYOTIC_TRANSLATION_ELONGATION,REACTOME_EUKARYOTIC_TRANSLATION_ELONGATION]
[LAKE_ADULT_KIDNEY_C7_PROXIMAL_TUBULE_EPITHELIAL_CELLS_S3,LAKE_ADULT_KIDNEY_C7_PROXIMAL_TUBULE_EPITHELIAL_CELLS_S3] was killed by [REACTOME_EUKARYOTIC_TRANSLATION_ELONGATION,REACTOME_EUKARYOTIC_TRANSLATION_ELONGATION]
[GOMF_STRUCTURAL_CONSTITUENT_OF_RIBOSOME,GOMF_STRUCTURAL_CONSTITUENT_OF_RIBOSOME] was killed by [REACTOME_EUKARYOTIC_TRANSLATION_ELONGATION,REACTOME_EUKARYOTIC_TRANSLATION_ELONGATION]
[GSE42088_UNINF_VS_LEISHMANIA_INF_DC_2H_DN,GSE42088_UNINF_VS_LEISHMANIA_INF_DC_2H_DN] was killed by [REACTOME_EUKARYOTIC_TRANSLATION_ELONGATION,REACTOME_EUKARYOTIC_TRANSLATION_ELONGATION]
[GSE2405_0H_VS_24H_A_PHAGOCYTOPHILUM_STIM_NEUTROPHIL_UP,GSE2405_0H_VS_24H_A_PHAGOCYTOPHILUM_STIM_NEUTROPHIL_UP] was killed by [REACTOME_EUKARYOTIC_TRANSLATION_ELONGATION,REACTOME_EUKARYOTIC_TRANSLATION_ELONGATION]
[MORF_ERH,MORF_ERH] was killed by [HALLMARK_MYC_TARGETS_V1,HALLMARK_MYC_TARGETS_V1]
[GSE2405_0H_VS_9H_A_PHAGOCYTOPHILUM_STIM_NEUTROPHIL_DN,GSE2405_0H_VS_9H_A_PHAGOCYTOPHILUM_STIM_NEUTROPHIL_DN] was killed by [REACTOME_EUKARYOTIC_TRANSLATION_ELONGATION,REACTOME_EUKARYOTIC_TRANSLATION_ELONGATION]
[MORF_DAP3,MORF_DAP3] was killed by [HALLMARK_MYC_TARGETS_V1,HALLMARK_MYC_TARGETS_V1]
[GNF2_DAP3,GNF2_DAP3] was killed by [REACTOME_EUKARYOTIC_TRANSLATION_ELONGATION,REACTOME_EUKARYOTIC_TRANSLATION_ELONGATION]
[MORF_SMC1L1,MORF_SMC1L1] was killed by [HALLMARK_MYC_TARGETS_V1,HALLMARK_MYC_TARGETS_V1]
[REACTOME_HOST_INTERACTIONS_OF_HIV_FACTORS,REACTOME_HOST_INTERACTIONS_OF_HIV_FACTORS] was killed by [HALLMARK_MYC_TARGETS_V1,HALLMARK_MYC_TARGETS_V1]
[GSE34205_HEALTHY_VS_FLU_INF_INFANT_PBMC_UP,GSE34205_HEALTHY_VS_FLU_INF_INFANT_PBMC_UP] was killed by [REACTOME_EUKARYOTIC_TRANSLATION_ELONGATION,REACTOME_EUKARYOTIC_TRANSLATION_ELONGATION]
[GOCC_RIBOSOMAL_SUBUNIT,GOCC_RIBOSOMAL_SUBUNIT] was killed by [REACTOME_EUKARYOTIC_TRANSLATION_ELONGATION,REACTOME_EUKARYOTIC_TRANSLATION_ELONGATION]
[CHNG_MULTIPLE_MYELOMA_HYPERPLOID_UP,CHNG_MULTIPLE_MYELOMA_HYPERPLOID_UP] was killed by [REACTOME_EUKARYOTIC_TRANSLATION_ELONGATION,REACTOME_EUKARYOTIC_TRANSLATION_ELONGATION]
[GSE6269_FLU_VS_E_COLI_INF_PBMC_DN,GSE6269_FLU_VS_E_COLI_INF_PBMC_DN] was killed by [REACTOME_EUKARYOTIC_TRANSLATION_ELONGATION,REACTOME_EUKARYOTIC_TRANSLATION_ELONGATION]
[MORF_AP3D1,MORF_AP3D1] was killed by [HALLMARK_MYC_TARGETS_V1,HALLMARK_MYC_TARGETS_V1]
[GSE36826_WT_VS_IL1R_KO_SKIN_STAPH_AUREUS_INF_UP,GSE36826_WT_VS_IL1R_KO_SKIN_STAPH_AUREUS_INF_UP] was killed by [HALLMARK_MYC_TARGETS_V1,HALLMARK_MYC_TARGETS_V1]
[GNF2_DEK,GNF2_DEK] was killed by [HALLMARK_MYC_TARGETS_V1,HALLMARK_MYC_TARGETS_V1]
[MORF_RFC4,MORF_RFC4] was killed by [HALLMARK_MYC_TARGETS_V1,HALLMARK_MYC_TARGETS_V1]
[MORF_UBE2N,MORF_UBE2N] was killed by [HALLMARK_MYC_TARGETS_V1,HALLMARK_MYC_TARGETS_V1]
[POMEROY_MEDULLOBLASTOMA_DESMOPLASIC_VS_CLASSIC_DN,POMEROY_MEDULLOBLASTOMA_DESMOPLASIC_VS_CLASSIC_DN] was killed by [REACTOME_EUKARYOTIC_TRANSLATION_ELONGATION,REACTOME_EUKARYOTIC_TRANSLATION_ELONGATION]
[GOCC_CYTOSOLIC_SMALL_RIBOSOMAL_SUBUNIT,GOCC_CYTOSOLIC_SMALL_RIBOSOMAL_SUBUNIT] was killed by [REACTOME_EUKARYOTIC_TRANSLATION_ELONGATION,REACTOME_EUKARYOTIC_TRANSLATION_ELONGATION]
[GOBP_TRANSLATIONAL_INITIATION,GOBP_TRANSLATIONAL_INITIATION] was killed by [REACTOME_EUKARYOTIC_TRANSLATION_ELONGATION,REACTOME_EUKARYOTIC_TRANSLATION_ELONGATION]
[REACTOME_ACTIVATION_OF_THE_MRNA_UPON_BINDING_OF_THE_CAP_BINDING_COMPLEX_AND_EIFS_AND_SUBSEQUENT_BINDING_TO_43S,REACTOME_ACTIVATION_OF_THE_MRNA_UPON_BINDING_OF_THE_CAP_BINDING_COMPLEX_AND_EIFS_AND_SUBSEQUENT_BINDING_TO_43S] was killed by [REACTOME_EUKARYOTIC_TRANSLATION_ELONGATION,REACTOME_EUKARYOTIC_TRANSLATION_ELONGATION]
[GSE9006_HEALTHY_VS_TYPE_1_DIABETES_PBMC_1MONTH_POST_DX_UP,GSE9006_HEALTHY_VS_TYPE_1_DIABETES_PBMC_1MONTH_POST_DX_UP] was killed by [HALLMARK_MYC_TARGETS_V1,HALLMARK_MYC_TARGETS_V1]
[MORF_EIF3S6,MORF_EIF3S6] was killed by [REACTOME_EUKARYOTIC_TRANSLATION_ELONGATION,REACTOME_EUKARYOTIC_TRANSLATION_ELONGATION]
[DANG_MYC_TARGETS_UP,DANG_MYC_TARGETS_UP] was killed by [REACTOME_EUKARYOTIC_TRANSLATION_ELONGATION,REACTOME_EUKARYOTIC_TRANSLATION_ELONGATION]
[GNF2_SMC4L1,GNF2_SMC4L1] was killed by [HALLMARK_MYC_TARGETS_V1,HALLMARK_MYC_TARGETS_V1]
[HALLMARK_E2F_TARGETS,HALLMARK_E2F_TARGETS] was killed by [HALLMARK_MYC_TARGETS_V1,HALLMARK_MYC_TARGETS_V1]
[MORF_HAT1,MORF_HAT1] was killed by [HALLMARK_MYC_TARGETS_V1,HALLMARK_MYC_TARGETS_V1]
[MORF_PPP1CA,MORF_PPP1CA] was killed by [HALLMARK_MYC_TARGETS_V1,HALLMARK_MYC_TARGETS_V1]
[MORF_JUND,MORF_JUND] was killed by [REACTOME_EUKARYOTIC_TRANSLATION_ELONGATION,REACTOME_EUKARYOTIC_TRANSLATION_ELONGATION]
[MORF_RRM1,MORF_RRM1] was killed by [HALLMARK_MYC_TARGETS_V1,HALLMARK_MYC_TARGETS_V1]
[MORF_EI24,MORF_EI24] was killed by [HALLMARK_MYC_TARGETS_V1,HALLMARK_MYC_TARGETS_V1]
[HP_BLADDER_NEOPLASM,HP_BLADDER_NEOPLASM] was killed by [HP_HEREDITARY_NONPOLYPOSIS_COLORECTAL_CARCINOMA,HP_HEREDITARY_NONPOLYPOSIS_COLORECTAL_CARCINOMA]
[MORF_PCNA,MORF_PCNA] was killed by [HALLMARK_MYC_TARGETS_V1,HALLMARK_MYC_TARGETS_V1]
[BUSSLINGER_ESOPHAGEAL_EARLY_SUPRABASAL_CELLS,BUSSLINGER_ESOPHAGEAL_EARLY_SUPRABASAL_CELLS] was killed by [REACTOME_EUKARYOTIC_TRANSLATION_ELONGATION,REACTOME_EUKARYOTIC_TRANSLATION_ELONGATION]
[MORF_PRKDC,MORF_PRKDC] was killed by [HALLMARK_MYC_TARGETS_V1,HALLMARK_MYC_TARGETS_V1]
[GNF2_GLTSCR2,GNF2_GLTSCR2] was killed by [REACTOME_EUKARYOTIC_TRANSLATION_ELONGATION,REACTOME_EUKARYOTIC_TRANSLATION_ELONGATION]
[HP_LEIOMYOSARCOMA,HP_LEIOMYOSARCOMA] was killed by [HP_HEREDITARY_NONPOLYPOSIS_COLORECTAL_CARCINOMA,HP_HEREDITARY_NONPOLYPOSIS_COLORECTAL_CARCINOMA]
[GNF2_RRM1,GNF2_RRM1] was killed by [HALLMARK_MYC_TARGETS_V1,HALLMARK_MYC_TARGETS_V1]
[MORF_MSH2,MORF_MSH2] was killed by [HALLMARK_MYC_TARGETS_V1,HALLMARK_MYC_TARGETS_V1]
[MORF_PPP2CA,MORF_PPP2CA] was killed by [HALLMARK_MYC_TARGETS_V1,HALLMARK_MYC_TARGETS_V1]
[HP_FEMALE_REPRODUCTIVE_SYSTEM_NEOPLASM,HP_FEMALE_REPRODUCTIVE_SYSTEM_NEOPLASM] was killed by [HP_HEREDITARY_NONPOLYPOSIS_COLORECTAL_CARCINOMA,HP_HEREDITARY_NONPOLYPOSIS_COLORECTAL_CARCINOMA]
[FAN_OVARY_CL0_XBP1_SELK_HIGH_STROMAL_CELL,FAN_OVARY_CL0_XBP1_SELK_HIGH_STROMAL_CELL] was killed by [REACTOME_EUKARYOTIC_TRANSLATION_ELONGATION,REACTOME_EUKARYOTIC_TRANSLATION_ELONGATION]
[GNF2_PCNA,GNF2_PCNA] was killed by [HALLMARK_MYC_TARGETS_V1,HALLMARK_MYC_TARGETS_V1]
[HALLMARK_G2M_CHECKPOINT,HALLMARK_G2M_CHECKPOINT] was killed by [HALLMARK_MYC_TARGETS_V1,HALLMARK_MYC_TARGETS_V1]
[SCHLOSSER_MYC_TARGETS_REPRESSED_BY_SERUM,SCHLOSSER_MYC_TARGETS_REPRESSED_BY_SERUM] was killed by [HALLMARK_MYC_TARGETS_V1,HALLMARK_MYC_TARGETS_V1]
[FUJII_YBX1_TARGETS_DN,FUJII_YBX1_TARGETS_DN] was killed by [HALLMARK_MYC_TARGETS_V1,HALLMARK_MYC_TARGETS_V1]
[ALONSO_METASTASIS_UP,ALONSO_METASTASIS_UP] was killed by [HALLMARK_MYC_TARGETS_V1,HALLMARK_MYC_TARGETS_V1]
[GSE9006_HEALTHY_VS_TYPE_1_DIABETES_PBMC_4MONTH_POST_DX_UP,GSE9006_HEALTHY_VS_TYPE_1_DIABETES_PBMC_4MONTH_POST_DX_UP] was killed by [HALLMARK_MYC_TARGETS_V1,HALLMARK_MYC_TARGETS_V1]
[MORF_PPP1CC,MORF_PPP1CC] was killed by [HALLMARK_MYC_TARGETS_V1,HALLMARK_MYC_TARGETS_V1]
[GTGTTGA_MIR505,GTGTTGA_MIR505] was killed by [MIR1295B_5P,MIR1295B_5P]
[GSE16450_CTRL_VS_IFNA_6H_STIM_MATURE_NEURON_CELL_LINE_UP,GSE16450_CTRL_VS_IFNA_6H_STIM_MATURE_NEURON_CELL_LINE_UP] was killed by [HUANG_GATA2_TARGETS_UP,HUANG_GATA2_TARGETS_UP]
[SCIBETTA_KDM5B_TARGETS_DN,SCIBETTA_KDM5B_TARGETS_DN] was killed by [FAN_EMBRYONIC_CTX_MICROGLIA_1,FAN_EMBRYONIC_CTX_MICROGLIA_1]
[GOBP_CYTOPLASMIC_TRANSLATION,GOBP_CYTOPLASMIC_TRANSLATION] was killed by [REACTOME_EUKARYOTIC_TRANSLATION_ELONGATION,REACTOME_EUKARYOTIC_TRANSLATION_ELONGATION]
[MORF_DNMT1,MORF_DNMT1] was killed by [HALLMARK_MYC_TARGETS_V1,HALLMARK_MYC_TARGETS_V1]
[GOCC_SMALL_RIBOSOMAL_SUBUNIT,GOCC_SMALL_RIBOSOMAL_SUBUNIT] was killed by [REACTOME_EUKARYOTIC_TRANSLATION_ELONGATION,REACTOME_EUKARYOTIC_TRANSLATION_ELONGATION]
[YU_MYC_TARGETS_UP,YU_MYC_TARGETS_UP] was killed by [HP_HEREDITARY_NONPOLYPOSIS_COLORECTAL_CARCINOMA,HP_HEREDITARY_NONPOLYPOSIS_COLORECTAL_CARCINOMA]
[GNF2_CCNB2,GNF2_CCNB2] was killed by [HALLMARK_MYC_TARGETS_V1,HALLMARK_MYC_TARGETS_V1]
[MODULE_29,MODULE_29] was killed by [REACTOME_EUKARYOTIC_TRANSLATION_ELONGATION,REACTOME_EUKARYOTIC_TRANSLATION_ELONGATION]
[MORF_MAP2K2,MORF_MAP2K2] was killed by [HALLMARK_MYC_TARGETS_V1,HALLMARK_MYC_TARGETS_V1]
[GNF2_CDC2,GNF2_CDC2] was killed by [FAN_EMBRYONIC_CTX_MICROGLIA_1,FAN_EMBRYONIC_CTX_MICROGLIA_1]
[GNF2_RAN,GNF2_RAN] was killed by [HALLMARK_MYC_TARGETS_V1,HALLMARK_MYC_TARGETS_V1]
[MORF_UNG,MORF_UNG] was killed by [HALLMARK_MYC_TARGETS_V1,HALLMARK_MYC_TARGETS_V1]
[GNF2_RFC4,GNF2_RFC4] was killed by [HALLMARK_MYC_TARGETS_V1,HALLMARK_MYC_TARGETS_V1]
[HP_FIBROUS_TISSUE_NEOPLASM,HP_FIBROUS_TISSUE_NEOPLASM] was killed by [HP_HEREDITARY_NONPOLYPOSIS_COLORECTAL_CARCINOMA,HP_HEREDITARY_NONPOLYPOSIS_COLORECTAL_CARCINOMA]
[GNF2_FEN1,GNF2_FEN1] was killed by [HALLMARK_MYC_TARGETS_V1,HALLMARK_MYC_TARGETS_V1]
[MORF_BUB1B,MORF_BUB1B] was killed by [HALLMARK_MYC_TARGETS_V1,HALLMARK_MYC_TARGETS_V1]
[TRAVAGLINI_LUNG_BASAL_CELL,TRAVAGLINI_LUNG_BASAL_CELL] was killed by [REACTOME_EUKARYOTIC_TRANSLATION_ELONGATION,REACTOME_EUKARYOTIC_TRANSLATION_ELONGATION]
[MORI_LARGE_PRE_BII_LYMPHOCYTE_UP,MORI_LARGE_PRE_BII_LYMPHOCYTE_UP] was killed by [HALLMARK_MYC_TARGETS_V1,HALLMARK_MYC_TARGETS_V1]
[MIR224_5P,MIR224_5P] was killed by [MIR1295B_5P,MIR1295B_5P]
[GNF2_CENPF,GNF2_CENPF] was killed by [HALLMARK_MYC_TARGETS_V1,HALLMARK_MYC_TARGETS_V1]
[MODY_HIPPOCAMPUS_PRENATAL,MODY_HIPPOCAMPUS_PRENATAL] was killed by [REACTOME_EUKARYOTIC_TRANSLATION_ELONGATION,REACTOME_EUKARYOTIC_TRANSLATION_ELONGATION]
[KEGG_SPLICEOSOME,KEGG_SPLICEOSOME] was killed by [HALLMARK_MYC_TARGETS_V1,HALLMARK_MYC_TARGETS_V1]
[GOMF_RRNA_BINDING,GOMF_RRNA_BINDING] was killed by [REACTOME_EUKARYOTIC_TRANSLATION_ELONGATION,REACTOME_EUKARYOTIC_TRANSLATION_ELONGATION]
[LI_WILMS_TUMOR_VS_FETAL_KIDNEY_1_DN,LI_WILMS_TUMOR_VS_FETAL_KIDNEY_1_DN] was killed by [HALLMARK_MYC_TARGETS_V1,HALLMARK_MYC_TARGETS_V1]
[TRAVAGLINI_LUNG_PROLIFERATING_NK_T_CELL,TRAVAGLINI_LUNG_PROLIFERATING_NK_T_CELL] was killed by [HALLMARK_MYC_TARGETS_V1,HALLMARK_MYC_TARGETS_V1]
[MISSIAGLIA_REGULATED_BY_METHYLATION_DN,MISSIAGLIA_REGULATED_BY_METHYLATION_DN] was killed by [HALLMARK_MYC_TARGETS_V1,HALLMARK_MYC_TARGETS_V1]
[GSE20727_CTRL_VS_ROS_INHIBITOR_TREATED_DC_DN,GSE20727_CTRL_VS_ROS_INHIBITOR_TREATED_DC_DN] was killed by [FAN_EMBRYONIC_CTX_MICROGLIA_1,FAN_EMBRYONIC_CTX_MICROGLIA_1]
[HALLMARK_MTORC1_SIGNALING,HALLMARK_MTORC1_SIGNALING] was killed by [HALLMARK_MYC_TARGETS_V1,HALLMARK_MYC_TARGETS_V1]
[GOBP_RIBOSOMAL_LARGE_SUBUNIT_ASSEMBLY,GOBP_RIBOSOMAL_LARGE_SUBUNIT_ASSEMBLY] was killed by [REACTOME_EUKARYOTIC_TRANSLATION_ELONGATION,REACTOME_EUKARYOTIC_TRANSLATION_ELONGATION]
[GSE11386_NAIVE_VS_MEMORY_BCELL_UP,GSE11386_NAIVE_VS_MEMORY_BCELL_UP] was killed by [FAN_EMBRYONIC_CTX_MICROGLIA_1,FAN_EMBRYONIC_CTX_MICROGLIA_1]
[GSE21546_WT_VS_SAP1A_KO_ANTI_CD3_STIM_DP_THYMOCYTES_UP,GSE21546_WT_VS_SAP1A_KO_ANTI_CD3_STIM_DP_THYMOCYTES_UP] was killed by [GSE39916_B_CELL_SPLEEN_VS_PLASMA_CELL_BONE_MARROW_DN,GSE39916_B_CELL_SPLEEN_VS_PLASMA_CELL_BONE_MARROW_DN]
[REACTOME_HEDGEHOG_LIGAND_BIOGENESIS,REACTOME_HEDGEHOG_LIGAND_BIOGENESIS] was killed by [HALLMARK_MYC_TARGETS_V1,HALLMARK_MYC_TARGETS_V1]
[GSE7219_UNSTIM_VS_LPS_AND_ANTI_CD40_STIM_NIK_NFKB2_KO_DC_DN,GSE7219_UNSTIM_VS_LPS_AND_ANTI_CD40_STIM_NIK_NFKB2_KO_DC_DN] was killed by [GSE39916_B_CELL_SPLEEN_VS_PLASMA_CELL_BONE_MARROW_DN,GSE39916_B_CELL_SPLEEN_VS_PLASMA_CELL_BONE_MARROW_DN]
[FAN_OVARY_CL2_PUTATIVE_EARLY_ATRETIC_FOLLICLE_THECAL_CELL_1,FAN_OVARY_CL2_PUTATIVE_EARLY_ATRETIC_FOLLICLE_THECAL_CELL_1] was killed by [REACTOME_EUKARYOTIC_TRANSLATION_ELONGATION,REACTOME_EUKARYOTIC_TRANSLATION_ELONGATION]
[REACTOME_BETA_CATENIN_INDEPENDENT_WNT_SIGNALING,REACTOME_BETA_CATENIN_INDEPENDENT_WNT_SIGNALING] was killed by [HALLMARK_MYC_TARGETS_V1,HALLMARK_MYC_TARGETS_V1]
[MIR1912_3P,MIR1912_3P] was killed by [MIR1295B_5P,MIR1295B_5P]
[GNF2_CDC20,GNF2_CDC20] was killed by [HALLMARK_MYC_TARGETS_V1,HALLMARK_MYC_TARGETS_V1]
[GSE6259_33D1_POS_DC_VS_CD4_TCELL_UP,GSE6259_33D1_POS_DC_VS_CD4_TCELL_UP] was killed by [FAN_EMBRYONIC_CTX_MICROGLIA_1,FAN_EMBRYONIC_CTX_MICROGLIA_1]
[GOCC_SWI_SNF_SUPERFAMILY_TYPE_COMPLEX,GOCC_SWI_SNF_SUPERFAMILY_TYPE_COMPLEX] was killed by [GOMF_NUCLEOSOME_BINDING,GOMF_NUCLEOSOME_BINDING]
[GSE20715_0H_VS_48H_OZONE_LUNG_DN,GSE20715_0H_VS_48H_OZONE_LUNG_DN] was killed by [HALLMARK_MYC_TARGETS_V1,HALLMARK_MYC_TARGETS_V1]
[GNF2_CKS2,GNF2_CKS2] was killed by [HALLMARK_MYC_TARGETS_V1,HALLMARK_MYC_TARGETS_V1]
[PUJANA_XPRSS_INT_NETWORK,PUJANA_XPRSS_INT_NETWORK] was killed by [HALLMARK_MYC_TARGETS_V1,HALLMARK_MYC_TARGETS_V1]
[MORF_PRKAR1A,MORF_PRKAR1A] was killed by [HALLMARK_MYC_TARGETS_V1,HALLMARK_MYC_TARGETS_V1]
[MORI_PRE_BI_LYMPHOCYTE_UP,MORI_PRE_BI_LYMPHOCYTE_UP] was killed by [HALLMARK_MYC_TARGETS_V1,HALLMARK_MYC_TARGETS_V1]
[GSE22886_NAIVE_BCELL_VS_NEUTROPHIL_UP,GSE22886_NAIVE_BCELL_VS_NEUTROPHIL_UP] was killed by [REACTOME_EUKARYOTIC_TRANSLATION_ELONGATION,REACTOME_EUKARYOTIC_TRANSLATION_ELONGATION]
[GSE21927_SPLEEN_C57BL6_VS_4T1_TUMOR_BALBC_MONOCYTES_UP,GSE21927_SPLEEN_C57BL6_VS_4T1_TUMOR_BALBC_MONOCYTES_UP] was killed by [REACTOME_EUKARYOTIC_TRANSLATION_ELONGATION,REACTOME_EUKARYOTIC_TRANSLATION_ELONGATION]
[TIEN_INTESTINE_PROBIOTICS_6HR_UP,TIEN_INTESTINE_PROBIOTICS_6HR_UP] was killed by [REACTOME_EUKARYOTIC_TRANSLATION_ELONGATION,REACTOME_EUKARYOTIC_TRANSLATION_ELONGATION]
[PID_PLK1_PATHWAY,PID_PLK1_PATHWAY] was killed by [HP_HEREDITARY_NONPOLYPOSIS_COLORECTAL_CARCINOMA,HP_HEREDITARY_NONPOLYPOSIS_COLORECTAL_CARCINOMA]
[REACTOME_MITOTIC_PROPHASE,REACTOME_MITOTIC_PROPHASE] was killed by [FAN_EMBRYONIC_CTX_MICROGLIA_1,FAN_EMBRYONIC_CTX_MICROGLIA_1]
[REACTOME_DEFECTIVE_CFTR_CAUSES_CYSTIC_FIBROSIS,REACTOME_DEFECTIVE_CFTR_CAUSES_CYSTIC_FIBROSIS] was killed by [HALLMARK_MYC_TARGETS_V1,HALLMARK_MYC_TARGETS_V1]
[CHIANG_LIVER_CANCER_SUBCLASS_UNANNOTATED_DN,CHIANG_LIVER_CANCER_SUBCLASS_UNANNOTATED_DN] was killed by [HALLMARK_MYC_TARGETS_V1,HALLMARK_MYC_TARGETS_V1]
[GSE30962_PRIMARY_VS_SECONDARY_ACUTE_LCMV_INF_CD8_TCELL_UP,GSE30962_PRIMARY_VS_SECONDARY_ACUTE_LCMV_INF_CD8_TCELL_UP] was killed by [FAN_EMBRYONIC_CTX_MICROGLIA_1,FAN_EMBRYONIC_CTX_MICROGLIA_1]
[REACTOME_G2_M_CHECKPOINTS,REACTOME_G2_M_CHECKPOINTS] was killed by [HALLMARK_MYC_TARGETS_V1,HALLMARK_MYC_TARGETS_V1]
[MORF_NME2,MORF_NME2] was killed by [REACTOME_EUKARYOTIC_TRANSLATION_ELONGATION,REACTOME_EUKARYOTIC_TRANSLATION_ELONGATION]
[GSE14415_TCONV_VS_FOXP3_KO_INDUCED_TREG_DN,GSE14415_TCONV_VS_FOXP3_KO_INDUCED_TREG_DN] was killed by [HALLMARK_MYC_TARGETS_V1,HALLMARK_MYC_TARGETS_V1]
[MORF_RAD21,MORF_RAD21] was killed by [HALLMARK_MYC_TARGETS_V1,HALLMARK_MYC_TARGETS_V1]
[LE_EGR2_TARGETS_UP,LE_EGR2_TARGETS_UP] was killed by [HALLMARK_MYC_TARGETS_V1,HALLMARK_MYC_TARGETS_V1]
[GOCC_ATPASE_COMPLEX,GOCC_ATPASE_COMPLEX] was killed by [GOMF_NUCLEOSOME_BINDING,GOMF_NUCLEOSOME_BINDING]
[WHITEFORD_PEDIATRIC_CANCER_MARKERS,WHITEFORD_PEDIATRIC_CANCER_MARKERS] was killed by [HALLMARK_MYC_TARGETS_V1,HALLMARK_MYC_TARGETS_V1]
[SASAKI_ADULT_T_CELL_LEUKEMIA,SASAKI_ADULT_T_CELL_LEUKEMIA] was killed by [FAN_EMBRYONIC_CTX_MICROGLIA_1,FAN_EMBRYONIC_CTX_MICROGLIA_1]
[REACTOME_SARS_COV_INFECTIONS,REACTOME_SARS_COV_INFECTIONS] was killed by [GOMF_NUCLEOSOME_BINDING,GOMF_NUCLEOSOME_BINDING]
[GNF2_MCM4,GNF2_MCM4] was killed by [HALLMARK_MYC_TARGETS_V1,HALLMARK_MYC_TARGETS_V1]
[HALLMARK_UV_RESPONSE_UP,HALLMARK_UV_RESPONSE_UP] was killed by [GOMF_EXOGENOUS_PROTEIN_BINDING,GOMF_EXOGENOUS_PROTEIN_BINDING]
[REACTOME_REGULATION_OF_HMOX1_EXPRESSION_AND_ACTIVITY,REACTOME_REGULATION_OF_HMOX1_EXPRESSION_AND_ACTIVITY] was killed by [HALLMARK_MYC_TARGETS_V1,HALLMARK_MYC_TARGETS_V1]
[MIR6852_3P,MIR6852_3P] was killed by [MIR7850_5P,MIR7850_5P]
[HOLLEMAN_ASPARAGINASE_RESISTANCE_B_ALL_UP,HOLLEMAN_ASPARAGINASE_RESISTANCE_B_ALL_UP] was killed by [REACTOME_EUKARYOTIC_TRANSLATION_ELONGATION,REACTOME_EUKARYOTIC_TRANSLATION_ELONGATION]
[GSE13547_CTRL_VS_ANTI_IGM_STIM_BCELL_2H_UP,GSE13547_CTRL_VS_ANTI_IGM_STIM_BCELL_2H_UP] was killed by [HALLMARK_MYC_TARGETS_V1,HALLMARK_MYC_TARGETS_V1]
[OUELLET_OVARIAN_CANCER_INVASIVE_VS_LMP_UP,OUELLET_OVARIAN_CANCER_INVASIVE_VS_LMP_UP] was killed by [HALLMARK_MYC_TARGETS_V1,HALLMARK_MYC_TARGETS_V1]
[GNF2_HAT1,GNF2_HAT1] was killed by [HALLMARK_MYC_TARGETS_V1,HALLMARK_MYC_TARGETS_V1]
[MORF_PTPN11,MORF_PTPN11] was killed by [HALLMARK_MYC_TARGETS_V1,HALLMARK_MYC_TARGETS_V1]
[GNF2_SELL,GNF2_SELL] was killed by [GNF2_STAT6,GNF2_STAT6]
[FAN_EMBRYONIC_CTX_BRAIN_EFFECTOR_T_CELL,FAN_EMBRYONIC_CTX_BRAIN_EFFECTOR_T_CELL] was killed by [HUANG_GATA2_TARGETS_UP,HUANG_GATA2_TARGETS_UP]
[BIOCARTA_PPARA_PATHWAY,BIOCARTA_PPARA_PATHWAY] was killed by [HP_HEREDITARY_NONPOLYPOSIS_COLORECTAL_CARCINOMA,HP_HEREDITARY_NONPOLYPOSIS_COLORECTAL_CARCINOMA]
[MORF_RAB5A,MORF_RAB5A] was killed by [MORF_RAB6A,MORF_RAB6A]
[GSE360_HIGH_DOSE_B_MALAYI_VS_M_TUBERCULOSIS_DC_DN,GSE360_HIGH_DOSE_B_MALAYI_VS_M_TUBERCULOSIS_DC_DN] was killed by [GNF2_STAT6,GNF2_STAT6]
[GSE21379_WT_VS_SAP_KO_CD4_TCELL_DN,GSE21379_WT_VS_SAP_KO_CD4_TCELL_DN] was killed by [FAN_EMBRYONIC_CTX_MICROGLIA_1,FAN_EMBRYONIC_CTX_MICROGLIA_1]
[ABRAMSON_INTERACT_WITH_AIRE,ABRAMSON_INTERACT_WITH_AIRE] was killed by [HALLMARK_MYC_TARGETS_V1,HALLMARK_MYC_TARGETS_V1]
[GCM_NPM1,GCM_NPM1] was killed by [REACTOME_EUKARYOTIC_TRANSLATION_ELONGATION,REACTOME_EUKARYOTIC_TRANSLATION_ELONGATION]
[GAUCHER_PBMC_YF_VAX_STAMARIL_UNKNOWN_AGE_3DY_DN,GAUCHER_PBMC_YF_VAX_STAMARIL_UNKNOWN_AGE_3DY_DN] was killed by [REACTOME_EUKARYOTIC_TRANSLATION_ELONGATION,REACTOME_EUKARYOTIC_TRANSLATION_ELONGATION]
[GSE24574_NAIVE_VS_TCONV_CD4_TCELL_DN,GSE24574_NAIVE_VS_TCONV_CD4_TCELL_DN] was killed by [HALLMARK_MYC_TARGETS_V1,HALLMARK_MYC_TARGETS_V1]
[WINNEPENNINCKX_MELANOMA_METASTASIS_UP,WINNEPENNINCKX_MELANOMA_METASTASIS_UP] was killed by [HALLMARK_MYC_TARGETS_V1,HALLMARK_MYC_TARGETS_V1]
[HP_NEOPLASM_OF_THE_ORAL_CAVITY,HP_NEOPLASM_OF_THE_ORAL_CAVITY] was killed by [HP_HEREDITARY_NONPOLYPOSIS_COLORECTAL_CARCINOMA,HP_HEREDITARY_NONPOLYPOSIS_COLORECTAL_CARCINOMA]
[GOCC_CATALYTIC_STEP_2_SPLICEOSOME,GOCC_CATALYTIC_STEP_2_SPLICEOSOME] was killed by [HALLMARK_MYC_TARGETS_V1,HALLMARK_MYC_TARGETS_V1]
[GOBP_REGULATION_OF_MRNA_SPLICING_VIA_SPLICEOSOME,GOBP_REGULATION_OF_MRNA_SPLICING_VIA_SPLICEOSOME] was killed by [HALLMARK_MYC_TARGETS_V1,HALLMARK_MYC_TARGETS_V1]
[GNF2_XRCC5,GNF2_XRCC5] was killed by [HALLMARK_MYC_TARGETS_V1,HALLMARK_MYC_TARGETS_V1]
[MORF_FBL,MORF_FBL] was killed by [HALLMARK_MYC_TARGETS_V1,HALLMARK_MYC_TARGETS_V1]
[MORF_BAG5,MORF_BAG5] was killed by [HALLMARK_MYC_TARGETS_V1,HALLMARK_MYC_TARGETS_V1]
[DURANTE_ADULT_OLFACTORY_NEUROEPITHELIUM_MAST_CELLS,DURANTE_ADULT_OLFACTORY_NEUROEPITHELIUM_MAST_CELLS] was killed by [HUANG_GATA2_TARGETS_UP,HUANG_GATA2_TARGETS_UP]
[REACTOME_ABC_TRANSPORTER_DISORDERS,REACTOME_ABC_TRANSPORTER_DISORDERS] was killed by [HALLMARK_MYC_TARGETS_V1,HALLMARK_MYC_TARGETS_V1]
[GOMF_CHROMATIN_DNA_BINDING,GOMF_CHROMATIN_DNA_BINDING] was killed by [HALLMARK_MYC_TARGETS_V1,HALLMARK_MYC_TARGETS_V1]
[MORF_PSMC1,MORF_PSMC1] was killed by [HALLMARK_MYC_TARGETS_V1,HALLMARK_MYC_TARGETS_V1]
[MORF_RPA1,MORF_RPA1] was killed by [HALLMARK_MYC_TARGETS_V1,HALLMARK_MYC_TARGETS_V1]
[REACTOME_DEGRADATION_OF_GLI1_BY_THE_PROTEASOME,REACTOME_DEGRADATION_OF_GLI1_BY_THE_PROTEASOME] was killed by [HALLMARK_MYC_TARGETS_V1,HALLMARK_MYC_TARGETS_V1]
[REACTOME_THE_ROLE_OF_GTSE1_IN_G2_M_PROGRESSION_AFTER_G2_CHECKPOINT,REACTOME_THE_ROLE_OF_GTSE1_IN_G2_M_PROGRESSION_AFTER_G2_CHECKPOINT] was killed by [HALLMARK_MYC_TARGETS_V1,HALLMARK_MYC_TARGETS_V1]
[FERNANDEZ_BOUND_BY_MYC,FERNANDEZ_BOUND_BY_MYC] was killed by [HALLMARK_MYC_TARGETS_V1,HALLMARK_MYC_TARGETS_V1]
[GNF2_SMC2L1,GNF2_SMC2L1] was killed by [HALLMARK_MYC_TARGETS_V1,HALLMARK_MYC_TARGETS_V1]
[MORF_SP3,MORF_SP3] was killed by [HALLMARK_MYC_TARGETS_V1,HALLMARK_MYC_TARGETS_V1]
[GSE360_DC_VS_MAC_L_MAJOR_UP,GSE360_DC_VS_MAC_L_MAJOR_UP] was killed by [GOBP_REGULATION_OF_MICROTUBULE_POLYMERIZATION_OR_DEPOLYMERIZATION,GOBP_REGULATION_OF_MICROTUBULE_POLYMERIZATION_OR_DEPOLYMERIZATION]
[GOBP_ANTIGEN_PROCESSING_AND_PRESENTATION_OF_PEPTIDE_ANTIGEN,GOBP_ANTIGEN_PROCESSING_AND_PRESENTATION_OF_PEPTIDE_ANTIGEN] was killed by [HALLMARK_MYC_TARGETS_V1,HALLMARK_MYC_TARGETS_V1]
[REACTOME_PCP_CE_PATHWAY,REACTOME_PCP_CE_PATHWAY] was killed by [HALLMARK_MYC_TARGETS_V1,HALLMARK_MYC_TARGETS_V1]
[GOBP_POSITIVE_REGULATION_OF_CELL_GROWTH,GOBP_POSITIVE_REGULATION_OF_CELL_GROWTH] was killed by [WP_TCELL_ANTIGEN_RECEPTOR_TCR_SIGNALING_PATHWAY,WP_TCELL_ANTIGEN_RECEPTOR_TCR_SIGNALING_PATHWAY]
[SARRIO_EPITHELIAL_MESENCHYMAL_TRANSITION_UP,SARRIO_EPITHELIAL_MESENCHYMAL_TRANSITION_UP] was killed by [HALLMARK_MYC_TARGETS_V1,HALLMARK_MYC_TARGETS_V1]
[MODULE_183,MODULE_183] was killed by [HALLMARK_MYC_TARGETS_V1,HALLMARK_MYC_TARGETS_V1]
[GOBP_REGULATION_OF_DNA_TEMPLATED_TRANSCRIPTION_IN_RESPONSE_TO_STRESS,GOBP_REGULATION_OF_DNA_TEMPLATED_TRANSCRIPTION_IN_RESPONSE_TO_STRESS] was killed by [HALLMARK_MYC_TARGETS_V1,HALLMARK_MYC_TARGETS_V1]
[MORF_MBD4,MORF_MBD4] was killed by [HALLMARK_MYC_TARGETS_V1,HALLMARK_MYC_TARGETS_V1]
[GNF2_CENPE,GNF2_CENPE] was killed by [HP_HEREDITARY_NONPOLYPOSIS_COLORECTAL_CARCINOMA,HP_HEREDITARY_NONPOLYPOSIS_COLORECTAL_CARCINOMA]
[REACTOME_ERCC6_CSB_AND_EHMT2_G9A_POSITIVELY_REGULATE_RRNA_EXPRESSION,REACTOME_ERCC6_CSB_AND_EHMT2_G9A_POSITIVELY_REGULATE_RRNA_EXPRESSION] was killed by [GOMF_NUCLEOSOME_BINDING,GOMF_NUCLEOSOME_BINDING]
[MODULE_355,MODULE_355] was killed by [HALLMARK_MYC_TARGETS_V1,HALLMARK_MYC_TARGETS_V1]
[GOCC_CLATHRIN_COAT,GOCC_CLATHRIN_COAT] was killed by [GOCC_MEMBRANE_COAT,GOCC_MEMBRANE_COAT]
[GNF2_PA2G4,GNF2_PA2G4] was killed by [HALLMARK_MYC_TARGETS_V1,HALLMARK_MYC_TARGETS_V1]
[REACTOME_NEGATIVE_REGULATION_OF_NOTCH4_SIGNALING,REACTOME_NEGATIVE_REGULATION_OF_NOTCH4_SIGNALING] was killed by [HALLMARK_MYC_TARGETS_V1,HALLMARK_MYC_TARGETS_V1]
[GNF2_MYD88,GNF2_MYD88] was killed by [GNF2_STAT6,GNF2_STAT6]
[GCM_RAF1,GCM_RAF1] was killed by [HALLMARK_MYC_TARGETS_V1,HALLMARK_MYC_TARGETS_V1]
[GSE3982_EFF_MEMORY_CD4_TCELL_VS_TH2_DN,GSE3982_EFF_MEMORY_CD4_TCELL_VS_TH2_DN] was killed by [HALLMARK_MYC_TARGETS_V1,HALLMARK_MYC_TARGETS_V1]
[GNF2_H2AFX,GNF2_H2AFX] was killed by [HALLMARK_MYC_TARGETS_V1,HALLMARK_MYC_TARGETS_V1]
[GOBP_REGULATION_OF_MRNA_PROCESSING,GOBP_REGULATION_OF_MRNA_PROCESSING] was killed by [HALLMARK_MYC_TARGETS_V1,HALLMARK_MYC_TARGETS_V1]
[GNF2_RFC3,GNF2_RFC3] was killed by [HALLMARK_MYC_TARGETS_V1,HALLMARK_MYC_TARGETS_V1]
[GSE17721_PAM3CSK4_VS_CPG_24H_BMDC_UP,GSE17721_PAM3CSK4_VS_CPG_24H_BMDC_UP] was killed by [REACTOME_EUKARYOTIC_TRANSLATION_ELONGATION,REACTOME_EUKARYOTIC_TRANSLATION_ELONGATION]
[GSE10325_BCELL_VS_LUPUS_BCELL_UP,GSE10325_BCELL_VS_LUPUS_BCELL_UP] was killed by [REACTOME_EUKARYOTIC_TRANSLATION_ELONGATION,REACTOME_EUKARYOTIC_TRANSLATION_ELONGATION]
[SIRNA_EIF4GI_UP,SIRNA_EIF4GI_UP] was killed by [MORF_RAB6A,MORF_RAB6A]
[GSE14000_TRANSLATED_RNA_VS_MRNA_4H_LPS_DC_DN,GSE14000_TRANSLATED_RNA_VS_MRNA_4H_LPS_DC_DN] was killed by [REACTOME_EUKARYOTIC_TRANSLATION_ELONGATION,REACTOME_EUKARYOTIC_TRANSLATION_ELONGATION]
[GNF2_MCL1,GNF2_MCL1] was killed by [GNF2_STAT6,GNF2_STAT6]
[REACTOME_SIGNALING_BY_NOTCH4,REACTOME_SIGNALING_BY_NOTCH4] was killed by [HALLMARK_MYC_TARGETS_V1,HALLMARK_MYC_TARGETS_V1]
[GSE43863_NAIVE_VS_MEMORY_TH1_CD4_TCELL_D150_LCMV_UP,GSE43863_NAIVE_VS_MEMORY_TH1_CD4_TCELL_D150_LCMV_UP] was killed by [GSE2770_TGFB_AND_IL4_ACT_VS_ACT_CD4_TCELL_2H_DN,GSE2770_TGFB_AND_IL4_ACT_VS_ACT_CD4_TCELL_2H_DN]
[GSE40666_WT_VS_STAT4_KO_CD8_TCELL_UP,GSE40666_WT_VS_STAT4_KO_CD8_TCELL_UP] was killed by [GSE2770_UNTREATED_VS_TGFB_AND_IL4_TREATED_ACT_CD4_TCELL_48H_UP,GSE2770_UNTREATED_VS_TGFB_AND_IL4_TREATED_ACT_CD4_TCELL_48H_UP]
[HP_GASTROINTESTINAL_CARCINOMA,HP_GASTROINTESTINAL_CARCINOMA] was killed by [REACTOME_EUKARYOTIC_TRANSLATION_ELONGATION,REACTOME_EUKARYOTIC_TRANSLATION_ELONGATION]
[GOBP_MYELOID_CELL_DEVELOPMENT,GOBP_MYELOID_CELL_DEVELOPMENT] was killed by [HP_HEREDITARY_NONPOLYPOSIS_COLORECTAL_CARCINOMA,HP_HEREDITARY_NONPOLYPOSIS_COLORECTAL_CARCINOMA]
[GOBP_REGULATION_OF_TRANSCRIPTION_FROM_RNA_POLYMERASE_II_PROMOTER_IN_RESPONSE_TO_HYPOXIA,GOBP_REGULATION_OF_TRANSCRIPTION_FROM_RNA_POLYMERASE_II_PROMOTER_IN_RESPONSE_TO_HYPOXIA] was killed by [HALLMARK_MYC_TARGETS_V1,HALLMARK_MYC_TARGETS_V1]
[ZHONG_PFC_MAJOR_TYPES_NPCS,ZHONG_PFC_MAJOR_TYPES_NPCS] was killed by [HALLMARK_MYC_TARGETS_V1,HALLMARK_MYC_TARGETS_V1]
[KEGG_SYSTEMIC_LUPUS_ERYTHEMATOSUS,KEGG_SYSTEMIC_LUPUS_ERYTHEMATOSUS] was killed by [GSE5679_CTRL_VS_PPARG_LIGAND_ROSIGLITAZONE_AND_RARA_AGONIST_AM580_TREATED_DC_UP,GSE5679_CTRL_VS_PPARG_LIGAND_ROSIGLITAZONE_AND_RARA_AGONIST_AM580_TREATED_DC_UP]
[GNF2_MLH1,GNF2_MLH1] was killed by [HALLMARK_MYC_TARGETS_V1,HALLMARK_MYC_TARGETS_V1]
[MODULE_239,MODULE_239] was killed by [GSE17721_POLYIC_VS_PAM3CSK4_16H_BMDC_DN,GSE17721_POLYIC_VS_PAM3CSK4_16H_BMDC_DN]
[GSE24634_IL4_VS_CTRL_TREATED_NAIVE_CD4_TCELL_DAY7_DN,GSE24634_IL4_VS_CTRL_TREATED_NAIVE_CD4_TCELL_DAY7_DN] was killed by [GOMF_EXOGENOUS_PROTEIN_BINDING,GOMF_EXOGENOUS_PROTEIN_BINDING]
[AIZARANI_LIVER_C3_NK_NKT_CELLS_2,AIZARANI_LIVER_C3_NK_NKT_CELLS_2] was killed by [REACTOME_EUKARYOTIC_TRANSLATION_ELONGATION,REACTOME_EUKARYOTIC_TRANSLATION_ELONGATION]
[REACTOME_ABC_FAMILY_PROTEINS_MEDIATED_TRANSPORT,REACTOME_ABC_FAMILY_PROTEINS_MEDIATED_TRANSPORT] was killed by [HALLMARK_MYC_TARGETS_V1,HALLMARK_MYC_TARGETS_V1]
[PID_PI3K_PLC_TRK_PATHWAY,PID_PI3K_PLC_TRK_PATHWAY] was killed by [HP_HEREDITARY_NONPOLYPOSIS_COLORECTAL_CARCINOMA,HP_HEREDITARY_NONPOLYPOSIS_COLORECTAL_CARCINOMA]
[GNF2_APEX1,GNF2_APEX1] was killed by [HALLMARK_MYC_TARGETS_V1,HALLMARK_MYC_TARGETS_V1]
[GOCC_POLYSOMAL_RIBOSOME,GOCC_POLYSOMAL_RIBOSOME] was killed by [REACTOME_EUKARYOTIC_TRANSLATION_ELONGATION,REACTOME_EUKARYOTIC_TRANSLATION_ELONGATION]
[HP_SARCOMA,HP_SARCOMA] was killed by [REACTOME_EUKARYOTIC_TRANSLATION_ELONGATION,REACTOME_EUKARYOTIC_TRANSLATION_ELONGATION]
[GOBP_NUCLEOSOME_ORGANIZATION,GOBP_NUCLEOSOME_ORGANIZATION] was killed by [FAN_EMBRYONIC_CTX_MICROGLIA_1,FAN_EMBRYONIC_CTX_MICROGLIA_1]
[TRAVAGLINI_LUNG_CD8_NAIVE_T_CELL,TRAVAGLINI_LUNG_CD8_NAIVE_T_CELL] was killed by [REACTOME_EUKARYOTIC_TRANSLATION_ELONGATION,REACTOME_EUKARYOTIC_TRANSLATION_ELONGATION]
[HP_NEOPLASM_OF_THE_STOMACH,HP_NEOPLASM_OF_THE_STOMACH] was killed by [HP_HEREDITARY_NONPOLYPOSIS_COLORECTAL_CARCINOMA,HP_HEREDITARY_NONPOLYPOSIS_COLORECTAL_CARCINOMA]
[GNF2_CCNA2,GNF2_CCNA2] was killed by [HALLMARK_MYC_TARGETS_V1,HALLMARK_MYC_TARGETS_V1]
[GSE22611_UNSTIM_VS_6H_MDP_STIM_NOD2_TRANSDUCED_HEK293T_CELL_UP,GSE22611_UNSTIM_VS_6H_MDP_STIM_NOD2_TRANSDUCED_HEK293T_CELL_UP] was killed by [BOYLAN_MULTIPLE_MYELOMA_D_CLUSTER_DN,BOYLAN_MULTIPLE_MYELOMA_D_CLUSTER_DN]
[GNF2_MSH2,GNF2_MSH2] was killed by [HALLMARK_MYC_TARGETS_V1,HALLMARK_MYC_TARGETS_V1]
[GSE15930_NAIVE_VS_24H_IN_VITRO_STIM_CD8_TCELL_DN,GSE15930_NAIVE_VS_24H_IN_VITRO_STIM_CD8_TCELL_DN] was killed by [HALLMARK_MYC_TARGETS_V1,HALLMARK_MYC_TARGETS_V1]
[GSE17974_0H_VS_12H_IN_VITRO_ACT_CD4_TCELL_UP,GSE17974_0H_VS_12H_IN_VITRO_ACT_CD4_TCELL_UP] was killed by [GSE39916_B_CELL_SPLEEN_VS_PLASMA_CELL_BONE_MARROW_DN,GSE39916_B_CELL_SPLEEN_VS_PLASMA_CELL_BONE_MARROW_DN]
[MORF_CDK2,MORF_CDK2] was killed by [HALLMARK_MYC_TARGETS_V1,HALLMARK_MYC_TARGETS_V1]
[ZHAN_MULTIPLE_MYELOMA_SUBGROUPS,ZHAN_MULTIPLE_MYELOMA_SUBGROUPS] was killed by [HALLMARK_MYC_TARGETS_V1,HALLMARK_MYC_TARGETS_V1]
[HP_KETONURIA,HP_KETONURIA] was killed by [GSE8921_UNSTIM_VS_TLR1_2_STIM_MONOCYTE_24H_UP,GSE8921_UNSTIM_VS_TLR1_2_STIM_MONOCYTE_24H_UP]
[WP_PATHWAYS_AFFECTED_IN_ADENOID_CYSTIC_CARCINOMA,WP_PATHWAYS_AFFECTED_IN_ADENOID_CYSTIC_CARCINOMA] was killed by [HP_HEREDITARY_NONPOLYPOSIS_COLORECTAL_CARCINOMA,HP_HEREDITARY_NONPOLYPOSIS_COLORECTAL_CARCINOMA]
[GNF2_BUB1B,GNF2_BUB1B] was killed by [HALLMARK_MYC_TARGETS_V1,HALLMARK_MYC_TARGETS_V1]
[HALLMARK_CHOLESTEROL_HOMEOSTASIS,HALLMARK_CHOLESTEROL_HOMEOSTASIS] was killed by [GSE17721_POLYIC_VS_PAM3CSK4_16H_BMDC_DN,GSE17721_POLYIC_VS_PAM3CSK4_16H_BMDC_DN]
[REACTOME_RUNX1_REGULATES_TRANSCRIPTION_OF_GENES_INVOLVED_IN_DIFFERENTIATION_OF_HSCS,REACTOME_RUNX1_REGULATES_TRANSCRIPTION_OF_GENES_INVOLVED_IN_DIFFERENTIATION_OF_HSCS] was killed by [HALLMARK_MYC_TARGETS_V1,HALLMARK_MYC_TARGETS_V1]
[GOMF_NUCLEOSOMAL_DNA_BINDING,GOMF_NUCLEOSOMAL_DNA_BINDING] was killed by [HALLMARK_MYC_TARGETS_V1,HALLMARK_MYC_TARGETS_V1]
[GOBP_MICROTUBULE_POLYMERIZATION_OR_DEPOLYMERIZATION,GOBP_MICROTUBULE_POLYMERIZATION_OR_DEPOLYMERIZATION] was killed by [FAN_EMBRYONIC_CTX_MICROGLIA_1,FAN_EMBRYONIC_CTX_MICROGLIA_1]
[GSE10325_BCELL_VS_LUPUS_BCELL_DN,GSE10325_BCELL_VS_LUPUS_BCELL_DN] was killed by [FAN_EMBRYONIC_CTX_MICROGLIA_1,FAN_EMBRYONIC_CTX_MICROGLIA_1]
[GOMF_UNFOLDED_PROTEIN_BINDING,GOMF_UNFOLDED_PROTEIN_BINDING] was killed by [HALLMARK_MYC_TARGETS_V1,HALLMARK_MYC_TARGETS_V1]
[REACTOME_WNT5A_DEPENDENT_INTERNALIZATION_OF_FZD4,REACTOME_WNT5A_DEPENDENT_INTERNALIZATION_OF_FZD4] was killed by [GOCC_MEMBRANE_COAT,GOCC_MEMBRANE_COAT]
[HP_ABNORMAL_UTERUS_MORPHOLOGY,HP_ABNORMAL_UTERUS_MORPHOLOGY] was killed by [HP_HEREDITARY_NONPOLYPOSIS_COLORECTAL_CARCINOMA,HP_HEREDITARY_NONPOLYPOSIS_COLORECTAL_CARCINOMA]
[GSE22886_NAIVE_TCELL_VS_DC_UP,GSE22886_NAIVE_TCELL_VS_DC_UP] was killed by [REACTOME_EUKARYOTIC_TRANSLATION_ELONGATION,REACTOME_EUKARYOTIC_TRANSLATION_ELONGATION]
[MORF_FEN1,MORF_FEN1] was killed by [HALLMARK_MYC_TARGETS_V1,HALLMARK_MYC_TARGETS_V1]
[GSE2585_AIRE_KO_VS_WT_CD80_LOW_MTEC_UP,GSE2585_AIRE_KO_VS_WT_CD80_LOW_MTEC_UP] was killed by [GSE39916_B_CELL_SPLEEN_VS_PLASMA_CELL_BONE_MARROW_DN,GSE39916_B_CELL_SPLEEN_VS_PLASMA_CELL_BONE_MARROW_DN]
[HAY_BONE_MARROW_EARLY_ERYTHROBLAST,HAY_BONE_MARROW_EARLY_ERYTHROBLAST] was killed by [HALLMARK_MYC_TARGETS_V1,HALLMARK_MYC_TARGETS_V1]
[GCM_DDX5,GCM_DDX5] was killed by [HALLMARK_MYC_TARGETS_V1,HALLMARK_MYC_TARGETS_V1]
[GOCC_CYTOCHROME_COMPLEX,GOCC_CYTOCHROME_COMPLEX] was killed by [GOCC_RESPIRATORY_CHAIN_COMPLEX_IV,GOCC_RESPIRATORY_CHAIN_COMPLEX_IV]
[REACTOME_CELLULAR_RESPONSE_TO_CHEMICAL_STRESS,REACTOME_CELLULAR_RESPONSE_TO_CHEMICAL_STRESS] was killed by [HALLMARK_MYC_TARGETS_V1,HALLMARK_MYC_TARGETS_V1]
[GOBP_DNA_DAMAGE_RESPONSE_DETECTION_OF_DNA_DAMAGE,GOBP_DNA_DAMAGE_RESPONSE_DETECTION_OF_DNA_DAMAGE] was killed by [REACTOME_PINK1_PRKN_MEDIATED_MITOPHAGY,REACTOME_PINK1_PRKN_MEDIATED_MITOPHAGY]
[GNF2_CD53,GNF2_CD53] was killed by [GNF2_STAT6,GNF2_STAT6]
[GOBP_NEGATIVE_REGULATION_OF_STRESS_ACTIVATED_PROTEIN_KINASE_SIGNALING_CASCADE,GOBP_NEGATIVE_REGULATION_OF_STRESS_ACTIVATED_PROTEIN_KINASE_SIGNALING_CASCADE] was killed by [MIR1295B_5P,MIR1295B_5P]
[GOBP_CARDIAC_CELL_DEVELOPMENT,GOBP_CARDIAC_CELL_DEVELOPMENT] was killed by [GOBP_CARDIAC_SEPTUM_DEVELOPMENT,GOBP_CARDIAC_SEPTUM_DEVELOPMENT]
[GSE21063_CTRL_VS_ANTI_IGM_STIM_BCELL_NFATC1_KO_3H_DN,GSE21063_CTRL_VS_ANTI_IGM_STIM_BCELL_NFATC1_KO_3H_DN] was killed by [GSE4984_GALECTIN1_VS_VEHICLE_CTRL_TREATED_DC_UP,GSE4984_GALECTIN1_VS_VEHICLE_CTRL_TREATED_DC_UP]
[GSE17721_CTRL_VS_GARDIQUIMOD_8H_BMDC_UP,GSE17721_CTRL_VS_GARDIQUIMOD_8H_BMDC_UP] was killed by [GSE17721_CTRL_VS_LPS_1H_BMDC_UP,GSE17721_CTRL_VS_LPS_1H_BMDC_UP]
[GSE25123_IL4_VS_IL4_AND_ROSIGLITAZONE_STIM_MACROPHAGE_DAY10_DN,GSE25123_IL4_VS_IL4_AND_ROSIGLITAZONE_STIM_MACROPHAGE_DAY10_DN] was killed by [GSE6092_B_BURGDOFERI_VS_B_BURGDORFERI_AND_IFNG_STIM_ENDOTHELIAL_CELL_DN,GSE6092_B_BURGDOFERI_VS_B_BURGDORFERI_AND_IFNG_STIM_ENDOTHELIAL_CELL_DN]
[MODULE_299,MODULE_299] was killed by [HALLMARK_MYC_TARGETS_V1,HALLMARK_MYC_TARGETS_V1]
[REACTOME_SIGNALING_BY_NTRKS,REACTOME_SIGNALING_BY_NTRKS] was killed by [HP_HEREDITARY_NONPOLYPOSIS_COLORECTAL_CARCINOMA,HP_HEREDITARY_NONPOLYPOSIS_COLORECTAL_CARCINOMA]
[GSE12392_WT_VS_IFNB_KO_CD8A_NEG_SPLEEN_DC_DN,GSE12392_WT_VS_IFNB_KO_CD8A_NEG_SPLEEN_DC_DN] was killed by [GAVIN_FOXP3_TARGETS_CLUSTER_T7,GAVIN_FOXP3_TARGETS_CLUSTER_T7]
[HP_NEOPLASM_OF_THE_PITUITARY_GLAND,HP_NEOPLASM_OF_THE_PITUITARY_GLAND] was killed by [HP_HEREDITARY_NONPOLYPOSIS_COLORECTAL_CARCINOMA,HP_HEREDITARY_NONPOLYPOSIS_COLORECTAL_CARCINOMA]
[GSE2706_R848_VS_LPS_8H_STIM_DC_DN,GSE2706_R848_VS_LPS_8H_STIM_DC_DN] was killed by [HALLMARK_ESTROGEN_RESPONSE_LATE,HALLMARK_ESTROGEN_RESPONSE_LATE]
[GSE22886_UNSTIM_VS_IL15_STIM_NKCELL_DN,GSE22886_UNSTIM_VS_IL15_STIM_NKCELL_DN] was killed by [HALLMARK_MYC_TARGETS_V1,HALLMARK_MYC_TARGETS_V1]
[GSE7509_DC_VS_MONOCYTE_WITH_FCGRIIB_STIM_DN,GSE7509_DC_VS_MONOCYTE_WITH_FCGRIIB_STIM_DN] was killed by [GSE5679_CTRL_VS_PPARG_LIGAND_ROSIGLITAZONE_AND_RARA_AGONIST_AM580_TREATED_DC_UP,GSE5679_CTRL_VS_PPARG_LIGAND_ROSIGLITAZONE_AND_RARA_AGONIST_AM580_TREATED_DC_UP]
[GSE21063_WT_VS_NFATC1_KO_8H_ANTI_IGM_STIM_BCELL_UP,GSE21063_WT_VS_NFATC1_KO_8H_ANTI_IGM_STIM_BCELL_UP] was killed by [HALLMARK_MYC_TARGETS_V1,HALLMARK_MYC_TARGETS_V1]
[GOBP_PLATELET_AGGREGATION,GOBP_PLATELET_AGGREGATION] was killed by [GSE6092_B_BURGDOFERI_VS_B_BURGDORFERI_AND_IFNG_STIM_ENDOTHELIAL_CELL_DN,GSE6092_B_BURGDOFERI_VS_B_BURGDORFERI_AND_IFNG_STIM_ENDOTHELIAL_CELL_DN]
[HP_INCREASED_INTRACRANIAL_PRESSURE,HP_INCREASED_INTRACRANIAL_PRESSURE] was killed by [HP_HEREDITARY_NONPOLYPOSIS_COLORECTAL_CARCINOMA,HP_HEREDITARY_NONPOLYPOSIS_COLORECTAL_CARCINOMA]
[SONG_TARGETS_OF_IE86_CMV_PROTEIN,SONG_TARGETS_OF_IE86_CMV_PROTEIN] was killed by [HALLMARK_MYC_TARGETS_V1,HALLMARK_MYC_TARGETS_V1]
[REACTOME_ANTIGEN_PROCESSING_CROSS_PRESENTATION,REACTOME_ANTIGEN_PROCESSING_CROSS_PRESENTATION] was killed by [HALLMARK_MYC_TARGETS_V1,HALLMARK_MYC_TARGETS_V1]
[HINATA_NFKB_TARGETS_KERATINOCYTE_UP,HINATA_NFKB_TARGETS_KERATINOCYTE_UP] was killed by [WP_TCELL_ANTIGEN_RECEPTOR_TCR_SIGNALING_PATHWAY,WP_TCELL_ANTIGEN_RECEPTOR_TCR_SIGNALING_PATHWAY]
[KRAS.DF.V1_UP,KRAS.DF.V1_UP] was killed by [GNF2_STAT6,GNF2_STAT6]
[PELLICCIOTTA_HDAC_IN_ANTIGEN_PRESENTATION_DN,PELLICCIOTTA_HDAC_IN_ANTIGEN_PRESENTATION_DN] was killed by [HALLMARK_MYC_TARGETS_V1,HALLMARK_MYC_TARGETS_V1]
[GOBP_REGULATION_OF_GLUCOSE_IMPORT,GOBP_REGULATION_OF_GLUCOSE_IMPORT] was killed by [GSE17721_POLYIC_VS_PAM3CSK4_16H_BMDC_DN,GSE17721_POLYIC_VS_PAM3CSK4_16H_BMDC_DN]
[REACTOME_NUCLEAR_ENVELOPE_BREAKDOWN,REACTOME_NUCLEAR_ENVELOPE_BREAKDOWN] was killed by [FAN_EMBRYONIC_CTX_MICROGLIA_1,FAN_EMBRYONIC_CTX_MICROGLIA_1]
[HP_ARTERIOSCLEROSIS,HP_ARTERIOSCLEROSIS] was killed by [GOBP_CARDIAC_SEPTUM_DEVELOPMENT,GOBP_CARDIAC_SEPTUM_DEVELOPMENT]
[REACTOME_DNA_REPLICATION_PRE_INITIATION,REACTOME_DNA_REPLICATION_PRE_INITIATION] was killed by [HALLMARK_MYC_TARGETS_V1,HALLMARK_MYC_TARGETS_V1]
[GSE37301_PRO_BCELL_VS_GRANULOCYTE_MONOCYTE_PROGENITOR_DN,GSE37301_PRO_BCELL_VS_GRANULOCYTE_MONOCYTE_PROGENITOR_DN] was killed by [GSE21379_WT_VS_SAP_KO_TFH_CD4_TCELL_UP,GSE21379_WT_VS_SAP_KO_TFH_CD4_TCELL_UP]
[HP_ABNORMAL_LUNG_LOBATION,HP_ABNORMAL_LUNG_LOBATION] was killed by [HP_HEREDITARY_NONPOLYPOSIS_COLORECTAL_CARCINOMA,HP_HEREDITARY_NONPOLYPOSIS_COLORECTAL_CARCINOMA]
[GSE40274_CTRL_VS_FOXP3_AND_LEF1_TRANSDUCED_ACTIVATED_CD4_TCELL_UP,GSE40274_CTRL_VS_FOXP3_AND_LEF1_TRANSDUCED_ACTIVATED_CD4_TCELL_UP] was killed by [HALLMARK_ESTROGEN_RESPONSE_LATE,HALLMARK_ESTROGEN_RESPONSE_LATE]
[MORF_CCNI,MORF_CCNI] was killed by [REACTOME_EUKARYOTIC_TRANSLATION_ELONGATION,REACTOME_EUKARYOTIC_TRANSLATION_ELONGATION]
[REACTOME_MITOTIC_G1_PHASE_AND_G1_S_TRANSITION,REACTOME_MITOTIC_G1_PHASE_AND_G1_S_TRANSITION] was killed by [HALLMARK_MYC_TARGETS_V1,HALLMARK_MYC_TARGETS_V1]
[BUSSLINGER_ESOPHAGEAL_QUIESCENT_BASAL_CELLS,BUSSLINGER_ESOPHAGEAL_QUIESCENT_BASAL_CELLS] was killed by [REACTOME_EUKARYOTIC_TRANSLATION_ELONGATION,REACTOME_EUKARYOTIC_TRANSLATION_ELONGATION]
[AIZARANI_LIVER_C2_KUPFFER_CELLS_1,AIZARANI_LIVER_C2_KUPFFER_CELLS_1] was killed by [GAVIN_FOXP3_TARGETS_CLUSTER_T7,GAVIN_FOXP3_TARGETS_CLUSTER_T7]
[GNF2_TTK,GNF2_TTK] was killed by [HALLMARK_MYC_TARGETS_V1,HALLMARK_MYC_TARGETS_V1]
[RAF_UP.V1_UP,RAF_UP.V1_UP] was killed by [GSE39916_B_CELL_SPLEEN_VS_PLASMA_CELL_BONE_MARROW_DN,GSE39916_B_CELL_SPLEEN_VS_PLASMA_CELL_BONE_MARROW_DN]
[HP_SKIN_NODULE,HP_SKIN_NODULE] was killed by [HP_HEREDITARY_NONPOLYPOSIS_COLORECTAL_CARCINOMA,HP_HEREDITARY_NONPOLYPOSIS_COLORECTAL_CARCINOMA]
[BILANGES_SERUM_RESPONSE_TRANSLATION,BILANGES_SERUM_RESPONSE_TRANSLATION] was killed by [REACTOME_EUKARYOTIC_TRANSLATION_ELONGATION,REACTOME_EUKARYOTIC_TRANSLATION_ELONGATION]
[GSE41978_ID2_KO_VS_ID2_KO_AND_BIM_KO_KLRG1_LOW_EFFECTOR_CD8_TCELL_DN,GSE41978_ID2_KO_VS_ID2_KO_AND_BIM_KO_KLRG1_LOW_EFFECTOR_CD8_TCELL_DN] was killed by [REACTOME_EUKARYOTIC_TRANSLATION_ELONGATION,REACTOME_EUKARYOTIC_TRANSLATION_ELONGATION]
[FLORIO_NEOCORTEX_BASAL_RADIAL_GLIA_DN,FLORIO_NEOCORTEX_BASAL_RADIAL_GLIA_DN] was killed by [FAN_EMBRYONIC_CTX_MICROGLIA_1,FAN_EMBRYONIC_CTX_MICROGLIA_1]
[GSE40274_XBP1_VS_FOXP3_AND_XBP1_TRANSDUCED_ACTIVATED_CD4_TCELL_UP,GSE40274_XBP1_VS_FOXP3_AND_XBP1_TRANSDUCED_ACTIVATED_CD4_TCELL_UP] was killed by [HALLMARK_MYC_TARGETS_V1,HALLMARK_MYC_TARGETS_V1]
[GSE15930_NAIVE_VS_24H_IN_VITRO_STIM_INFAB_CD8_TCELL_DN,GSE15930_NAIVE_VS_24H_IN_VITRO_STIM_INFAB_CD8_TCELL_DN] was killed by [HALLMARK_MYC_TARGETS_V1,HALLMARK_MYC_TARGETS_V1]
[MCCLUNG_CREB1_TARGETS_UP,MCCLUNG_CREB1_TARGETS_UP] was killed by [GSE360_DC_VS_MAC_T_GONDII_UP,GSE360_DC_VS_MAC_T_GONDII_UP]
[GOBP_CARBOHYDRATE_TRANSMEMBRANE_TRANSPORT,GOBP_CARBOHYDRATE_TRANSMEMBRANE_TRANSPORT] was killed by [WP_TCELL_ANTIGEN_RECEPTOR_TCR_SIGNALING_PATHWAY,WP_TCELL_ANTIGEN_RECEPTOR_TCR_SIGNALING_PATHWAY]
[GOBP_SPLICEOSOMAL_COMPLEX_ASSEMBLY,GOBP_SPLICEOSOMAL_COMPLEX_ASSEMBLY] was killed by [HALLMARK_MYC_TARGETS_V1,HALLMARK_MYC_TARGETS_V1]
[GSE10240_CTRL_VS_IL17_AND_IL22_STIM_PRIMARY_BRONCHIAL_EPITHELIAL_CELLS_DN,GSE10240_CTRL_VS_IL17_AND_IL22_STIM_PRIMARY_BRONCHIAL_EPITHELIAL_CELLS_DN] was killed by [FAN_EMBRYONIC_CTX_MICROGLIA_1,FAN_EMBRYONIC_CTX_MICROGLIA_1]
[REACTOME_STABILIZATION_OF_P53,REACTOME_STABILIZATION_OF_P53] was killed by [HALLMARK_MYC_TARGETS_V1,HALLMARK_MYC_TARGETS_V1]
[TRAVAGLINI_LUNG_AIRWAY_SMOOTH_MUSCLE_CELL,TRAVAGLINI_LUNG_AIRWAY_SMOOTH_MUSCLE_CELL] was killed by [REACTOME_EUKARYOTIC_TRANSLATION_ELONGATION,REACTOME_EUKARYOTIC_TRANSLATION_ELONGATION]
[ATGTTTC_MIR494,ATGTTTC_MIR494] was killed by [HAY_BONE_MARROW_CD34_POS_PRE_PC,HAY_BONE_MARROW_CD34_POS_PRE_PC]
[BROWNE_HCMV_INFECTION_8HR_UP,BROWNE_HCMV_INFECTION_8HR_UP] was killed by [GSE37301_HEMATOPOIETIC_STEM_CELL_VS_LYMPHOID_PRIMED_MPP_DN,GSE37301_HEMATOPOIETIC_STEM_CELL_VS_LYMPHOID_PRIMED_MPP_DN]
[MANNO_MIDBRAIN_NEUROTYPES_BASAL,MANNO_MIDBRAIN_NEUROTYPES_BASAL] was killed by [REACTOME_EUKARYOTIC_TRANSLATION_ELONGATION,REACTOME_EUKARYOTIC_TRANSLATION_ELONGATION]
[GSE7459_UNTREATED_VS_IL6_TREATED_ACT_CD4_TCELL_UP,GSE7459_UNTREATED_VS_IL6_TREATED_ACT_CD4_TCELL_UP] was killed by [GSE27786_NKTCELL_VS_MONO_MAC_UP,GSE27786_NKTCELL_VS_MONO_MAC_UP]
[GSE17721_POLYIC_VS_GARDIQUIMOD_6H_BMDC_UP,GSE17721_POLYIC_VS_GARDIQUIMOD_6H_BMDC_UP] was killed by [MORF_RAB6A,MORF_RAB6A]
[KEGG_NON_SMALL_CELL_LUNG_CANCER,KEGG_NON_SMALL_CELL_LUNG_CANCER] was killed by [HP_HEREDITARY_NONPOLYPOSIS_COLORECTAL_CARCINOMA,HP_HEREDITARY_NONPOLYPOSIS_COLORECTAL_CARCINOMA]
[GOBP_GLUCOSE_IMPORT,GOBP_GLUCOSE_IMPORT] was killed by [WP_TCELL_ANTIGEN_RECEPTOR_TCR_SIGNALING_PATHWAY,WP_TCELL_ANTIGEN_RECEPTOR_TCR_SIGNALING_PATHWAY]
[GSE43863_LY6C_INT_CXCR5POS_VS_LY6C_LOW_CXCR5NEG_EFFECTOR_CD4_TCELL_UP,GSE43863_LY6C_INT_CXCR5POS_VS_LY6C_LOW_CXCR5NEG_EFFECTOR_CD4_TCELL_UP] was killed by [MIR1295B_5P,MIR1295B_5P]
[GSE9037_WT_VS_IRAK4_KO_BMDM_DN,GSE9037_WT_VS_IRAK4_KO_BMDM_DN] was killed by [GOCC_RESPIRATORY_CHAIN_COMPLEX_IV,GOCC_RESPIRATORY_CHAIN_COMPLEX_IV]
[MODULE_438,MODULE_438] was killed by [FAN_EMBRYONIC_CTX_MICROGLIA_1,FAN_EMBRYONIC_CTX_MICROGLIA_1]
[BIOCARTA_VDR_PATHWAY,BIOCARTA_VDR_PATHWAY] was killed by [GOMF_NUCLEOSOME_BINDING,GOMF_NUCLEOSOME_BINDING]
[GSE13485_CTRL_VS_DAY7_YF17D_VACCINE_PBMC_UP,GSE13485_CTRL_VS_DAY7_YF17D_VACCINE_PBMC_UP] was killed by [REACTOME_EUKARYOTIC_TRANSLATION_ELONGATION,REACTOME_EUKARYOTIC_TRANSLATION_ELONGATION]
[BIOCARTA_PAR1_PATHWAY,BIOCARTA_PAR1_PATHWAY] was killed by [WP_TCELL_ANTIGEN_RECEPTOR_TCR_SIGNALING_PATHWAY,WP_TCELL_ANTIGEN_RECEPTOR_TCR_SIGNALING_PATHWAY]
[HOFFMANN_LARGE_TO_SMALL_PRE_BII_LYMPHOCYTE_UP,HOFFMANN_LARGE_TO_SMALL_PRE_BII_LYMPHOCYTE_UP] was killed by [FAN_EMBRYONIC_CTX_MICROGLIA_1,FAN_EMBRYONIC_CTX_MICROGLIA_1]
[GSE32901_NAIVE_VS_TH17_NEG_CD4_TCELL_UP,GSE32901_NAIVE_VS_TH17_NEG_CD4_TCELL_UP] was killed by [HALLMARK_MYC_TARGETS_V1,HALLMARK_MYC_TARGETS_V1]
[REACTOME_ASYMMETRIC_LOCALIZATION_OF_PCP_PROTEINS,REACTOME_ASYMMETRIC_LOCALIZATION_OF_PCP_PROTEINS] was killed by [HALLMARK_MYC_TARGETS_V1,HALLMARK_MYC_TARGETS_V1]
[GSE16451_IMMATURE_VS_MATURE_NEURON_CELL_LINE_WEST_EQUINE_ENC_VIRUS_UP,GSE16451_IMMATURE_VS_MATURE_NEURON_CELL_LINE_WEST_EQUINE_ENC_VIRUS_UP] was killed by [GSE2770_TGFB_AND_IL4_ACT_VS_ACT_CD4_TCELL_2H_DN,GSE2770_TGFB_AND_IL4_ACT_VS_ACT_CD4_TCELL_2H_DN]
[GSE14308_INDUCED_VS_NATURAL_TREG_DN,GSE14308_INDUCED_VS_NATURAL_TREG_DN] was killed by [HALLMARK_MYC_TARGETS_V1,HALLMARK_MYC_TARGETS_V1]
[HP_PROGRESSIVE_INABILITY_TO_WALK,HP_PROGRESSIVE_INABILITY_TO_WALK] was killed by [HP_ABNORMALITY_OF_THE_ACHILLES_TENDON,HP_ABNORMALITY_OF_THE_ACHILLES_TENDON]
[GSE41867_DAY6_VS_DAY15_LCMV_ARMSTRONG_EFFECTOR_CD8_TCELL_DN,GSE41867_DAY6_VS_DAY15_LCMV_ARMSTRONG_EFFECTOR_CD8_TCELL_DN] was killed by [GSE19401_PAM2CSK4_VS_RETINOIC_ACID_AND_PAM2CSK4_STIM_FOLLICULAR_DC_DN,GSE19401_PAM2CSK4_VS_RETINOIC_ACID_AND_PAM2CSK4_STIM_FOLLICULAR_DC_DN]
[GSE8921_UNSTIM_0H_VS_TLR1_2_STIM_MONOCYTE_24H_UP,GSE8921_UNSTIM_0H_VS_TLR1_2_STIM_MONOCYTE_24H_UP] was killed by [GSE27786_NKTCELL_VS_MONO_MAC_UP,GSE27786_NKTCELL_VS_MONO_MAC_UP]
[ISHIDA_E2F_TARGETS,ISHIDA_E2F_TARGETS] was killed by [HALLMARK_MYC_TARGETS_V1,HALLMARK_MYC_TARGETS_V1]
[GOBP_RETROGRADE_VESICLE_MEDIATED_TRANSPORT_GOLGI_TO_ENDOPLASMIC_RETICULUM,GOBP_RETROGRADE_VESICLE_MEDIATED_TRANSPORT_GOLGI_TO_ENDOPLASMIC_RETICULUM] was killed by [FAN_EMBRYONIC_CTX_MICROGLIA_1,FAN_EMBRYONIC_CTX_MICROGLIA_1]
[GSE2706_R848_VS_R848_AND_LPS_2H_STIM_DC_DN,GSE2706_R848_VS_R848_AND_LPS_2H_STIM_DC_DN] was killed by [GSE5679_CTRL_VS_PPARG_LIGAND_ROSIGLITAZONE_AND_RARA_AGONIST_AM580_TREATED_DC_UP,GSE5679_CTRL_VS_PPARG_LIGAND_ROSIGLITAZONE_AND_RARA_AGONIST_AM580_TREATED_DC_UP]
[GSE17721_0.5H_VS_4H_LPS_BMDC_DN,GSE17721_0.5H_VS_4H_LPS_BMDC_DN] was killed by [GSE6092_B_BURGDOFERI_VS_B_BURGDORFERI_AND_IFNG_STIM_ENDOTHELIAL_CELL_DN,GSE6092_B_BURGDOFERI_VS_B_BURGDORFERI_AND_IFNG_STIM_ENDOTHELIAL_CELL_DN]
[MIR6864_5P,MIR6864_5P] was killed by [GOBP_REGULATION_OF_MICROTUBULE_POLYMERIZATION_OR_DEPOLYMERIZATION,GOBP_REGULATION_OF_MICROTUBULE_POLYMERIZATION_OR_DEPOLYMERIZATION]
[JAIN_NFKB_SIGNALING,JAIN_NFKB_SIGNALING] was killed by [HALLMARK_MYC_TARGETS_V1,HALLMARK_MYC_TARGETS_V1]
[GSE8685_IL2_STARVED_VS_IL2_ACT_IL2_STARVED_CD4_TCELL_DN,GSE8685_IL2_STARVED_VS_IL2_ACT_IL2_STARVED_CD4_TCELL_DN] was killed by [HALLMARK_MYC_TARGETS_V1,HALLMARK_MYC_TARGETS_V1]
[GOCC_U2_TYPE_SPLICEOSOMAL_COMPLEX,GOCC_U2_TYPE_SPLICEOSOMAL_COMPLEX] was killed by [HALLMARK_MYC_TARGETS_V1,HALLMARK_MYC_TARGETS_V1]
[REACTOME_TNFR2_NON_CANONICAL_NF_KB_PATHWAY,REACTOME_TNFR2_NON_CANONICAL_NF_KB_PATHWAY] was killed by [HALLMARK_MYC_TARGETS_V1,HALLMARK_MYC_TARGETS_V1]
[FLOTHO_PEDIATRIC_ALL_THERAPY_RESPONSE_UP,FLOTHO_PEDIATRIC_ALL_THERAPY_RESPONSE_UP] was killed by [REACTOME_EUKARYOTIC_TRANSLATION_ELONGATION,REACTOME_EUKARYOTIC_TRANSLATION_ELONGATION]
[ACEVEDO_NORMAL_TISSUE_ADJACENT_TO_LIVER_TUMOR_UP,ACEVEDO_NORMAL_TISSUE_ADJACENT_TO_LIVER_TUMOR_UP] was killed by [REACTOME_EUKARYOTIC_TRANSLATION_ELONGATION,REACTOME_EUKARYOTIC_TRANSLATION_ELONGATION]
[GOBP_POSITIVE_REGULATION_OF_GLUCOSE_TRANSMEMBRANE_TRANSPORT,GOBP_POSITIVE_REGULATION_OF_GLUCOSE_TRANSMEMBRANE_TRANSPORT] was killed by [GSE17721_POLYIC_VS_PAM3CSK4_16H_BMDC_DN,GSE17721_POLYIC_VS_PAM3CSK4_16H_BMDC_DN]
[REACTOME_CYTOPROTECTION_BY_HMOX1,REACTOME_CYTOPROTECTION_BY_HMOX1] was killed by [HALLMARK_MYC_TARGETS_V1,HALLMARK_MYC_TARGETS_V1]
[GOMF_POLY_PYRIMIDINE_TRACT_BINDING,GOMF_POLY_PYRIMIDINE_TRACT_BINDING] was killed by [HALLMARK_MYC_TARGETS_V1,HALLMARK_MYC_TARGETS_V1]
[LEE_EARLY_T_LYMPHOCYTE_UP,LEE_EARLY_T_LYMPHOCYTE_UP] was killed by [HP_HEREDITARY_NONPOLYPOSIS_COLORECTAL_CARCINOMA,HP_HEREDITARY_NONPOLYPOSIS_COLORECTAL_CARCINOMA]
[REACTOME_ASSOCIATION_OF_TRIC_CCT_WITH_TARGET_PROTEINS_DURING_BIOSYNTHESIS,REACTOME_ASSOCIATION_OF_TRIC_CCT_WITH_TARGET_PROTEINS_DURING_BIOSYNTHESIS] was killed by [HALLMARK_MYC_TARGETS_V1,HALLMARK_MYC_TARGETS_V1]
[GSE17974_CTRL_VS_ACT_IL4_AND_ANTI_IL12_6H_CD4_TCELL_UP,GSE17974_CTRL_VS_ACT_IL4_AND_ANTI_IL12_6H_CD4_TCELL_UP] was killed by [HUANG_GATA2_TARGETS_UP,HUANG_GATA2_TARGETS_UP]
[GOCC_LARGE_RIBOSOMAL_SUBUNIT,GOCC_LARGE_RIBOSOMAL_SUBUNIT] was killed by [REACTOME_EUKARYOTIC_TRANSLATION_ELONGATION,REACTOME_EUKARYOTIC_TRANSLATION_ELONGATION]
[WP_PROLACTIN_SIGNALING_PATHWAY,WP_PROLACTIN_SIGNALING_PATHWAY] was killed by [HP_HEREDITARY_NONPOLYPOSIS_COLORECTAL_CARCINOMA,HP_HEREDITARY_NONPOLYPOSIS_COLORECTAL_CARCINOMA]
[GOBP_FATTY_ACYL_COA_BIOSYNTHETIC_PROCESS,GOBP_FATTY_ACYL_COA_BIOSYNTHETIC_PROCESS] was killed by [MIR7850_5P,MIR7850_5P]
[HP_SOFT_TISSUE_SARCOMA,HP_SOFT_TISSUE_SARCOMA] was killed by [HP_HEREDITARY_NONPOLYPOSIS_COLORECTAL_CARCINOMA,HP_HEREDITARY_NONPOLYPOSIS_COLORECTAL_CARCINOMA]
[SOTIRIOU_BREAST_CANCER_GRADE_1_VS_3_UP,SOTIRIOU_BREAST_CANCER_GRADE_1_VS_3_UP] was killed by [HALLMARK_MYC_TARGETS_V1,HALLMARK_MYC_TARGETS_V1]
[GSE1460_CD4_THYMOCYTE_VS_NAIVE_CD4_TCELL_CORD_BLOOD_UP,GSE1460_CD4_THYMOCYTE_VS_NAIVE_CD4_TCELL_CORD_BLOOD_UP] was killed by [HALLMARK_MYC_TARGETS_V1,HALLMARK_MYC_TARGETS_V1]
[HP_RHIZOMELIA,HP_RHIZOMELIA] was killed by [HALLMARK_ESTROGEN_RESPONSE_LATE,HALLMARK_ESTROGEN_RESPONSE_LATE]
[HP_CHRONIC_PULMONARY_OBSTRUCTION,HP_CHRONIC_PULMONARY_OBSTRUCTION] was killed by [GNF2_STAT6,GNF2_STAT6]
[GOBP_VENTRICULAR_SEPTUM_DEVELOPMENT,GOBP_VENTRICULAR_SEPTUM_DEVELOPMENT] was killed by [GOBP_CARDIAC_SEPTUM_DEVELOPMENT,GOBP_CARDIAC_SEPTUM_DEVELOPMENT]
[HEIDENBLAD_AMPLICON_8Q24_DN,HEIDENBLAD_AMPLICON_8Q24_DN] was killed by [HAY_BONE_MARROW_CD34_POS_PRE_PC,HAY_BONE_MARROW_CD34_POS_PRE_PC]
[GSE7568_IL4_VS_IL4_AND_DEXAMETHASONE_TREATED_MACROPHAGE_UP,GSE7568_IL4_VS_IL4_AND_DEXAMETHASONE_TREATED_MACROPHAGE_UP] was killed by [HALLMARK_MYC_TARGETS_V1,HALLMARK_MYC_TARGETS_V1]
[BIOCARTA_RAS_PATHWAY,BIOCARTA_RAS_PATHWAY] was killed by [HP_HEREDITARY_NONPOLYPOSIS_COLORECTAL_CARCINOMA,HP_HEREDITARY_NONPOLYPOSIS_COLORECTAL_CARCINOMA]
[FLECHNER_PBL_KIDNEY_TRANSPLANT_REJECTED_VS_OK_UP,FLECHNER_PBL_KIDNEY_TRANSPLANT_REJECTED_VS_OK_UP] was killed by [HALLMARK_MYC_TARGETS_V1,HALLMARK_MYC_TARGETS_V1]
[MODULE_177,MODULE_177] was killed by [GNF2_STAT6,GNF2_STAT6]
[GOCC_POLYSOME,GOCC_POLYSOME] was killed by [REACTOME_EUKARYOTIC_TRANSLATION_ELONGATION,REACTOME_EUKARYOTIC_TRANSLATION_ELONGATION]
[REACTOME_MITOPHAGY,REACTOME_MITOPHAGY] was killed by [REACTOME_PINK1_PRKN_MEDIATED_MITOPHAGY,REACTOME_PINK1_PRKN_MEDIATED_MITOPHAGY]
[MIR6076,MIR6076] was killed by [HP_HEREDITARY_NONPOLYPOSIS_COLORECTAL_CARCINOMA,HP_HEREDITARY_NONPOLYPOSIS_COLORECTAL_CARCINOMA]
[GOBP_ALCOHOL_CATABOLIC_PROCESS,GOBP_ALCOHOL_CATABOLIC_PROCESS] was killed by [HALLMARK_ESTROGEN_RESPONSE_LATE,HALLMARK_ESTROGEN_RESPONSE_LATE]
[GNF2_TNFSF10,GNF2_TNFSF10] was killed by [HUANG_GATA2_TARGETS_UP,HUANG_GATA2_TARGETS_UP]
[REACTOME_CTLA4_INHIBITORY_SIGNALING,REACTOME_CTLA4_INHIBITORY_SIGNALING] was killed by [HP_HEREDITARY_NONPOLYPOSIS_COLORECTAL_CARCINOMA,HP_HEREDITARY_NONPOLYPOSIS_COLORECTAL_CARCINOMA]
[PID_ARF6_TRAFFICKING_PATHWAY,PID_ARF6_TRAFFICKING_PATHWAY] was killed by [MIR1295B_5P,MIR1295B_5P]
[GOBP_NEGATIVE_REGULATION_OF_CYSTEINE_TYPE_ENDOPEPTIDASE_ACTIVITY,GOBP_NEGATIVE_REGULATION_OF_CYSTEINE_TYPE_ENDOPEPTIDASE_ACTIVITY] was killed by [GSE39916_B_CELL_SPLEEN_VS_PLASMA_CELL_BONE_MARROW_DN,GSE39916_B_CELL_SPLEEN_VS_PLASMA_CELL_BONE_MARROW_DN]
[WNT_UP.V1_DN,WNT_UP.V1_DN] was killed by [WP_TCELL_ANTIGEN_RECEPTOR_TCR_SIGNALING_PATHWAY,WP_TCELL_ANTIGEN_RECEPTOR_TCR_SIGNALING_PATHWAY]
[GOBP_REGULATION_OF_CHOLESTEROL_METABOLIC_PROCESS,GOBP_REGULATION_OF_CHOLESTEROL_METABOLIC_PROCESS] was killed by [GOBP_REGULATION_OF_CHOLESTEROL_BIOSYNTHETIC_PROCESS,GOBP_REGULATION_OF_CHOLESTEROL_BIOSYNTHETIC_PROCESS]
[GOMF_RNA_POLYMERASE_II_ACTIVATING_TRANSCRIPTION_FACTOR_BINDING,GOMF_RNA_POLYMERASE_II_ACTIVATING_TRANSCRIPTION_FACTOR_BINDING] was killed by [HP_HEREDITARY_NONPOLYPOSIS_COLORECTAL_CARCINOMA,HP_HEREDITARY_NONPOLYPOSIS_COLORECTAL_CARCINOMA]
[GSE11961_MEMORY_BCELL_DAY7_VS_GERMINAL_CENTER_BCELL_DAY7_UP,GSE11961_MEMORY_BCELL_DAY7_VS_GERMINAL_CENTER_BCELL_DAY7_UP] was killed by [HUANG_GATA2_TARGETS_UP,HUANG_GATA2_TARGETS_UP]
[GOBP_RESPONSE_TO_EPIDERMAL_GROWTH_FACTOR,GOBP_RESPONSE_TO_EPIDERMAL_GROWTH_FACTOR] was killed by [HP_HEREDITARY_NONPOLYPOSIS_COLORECTAL_CARCINOMA,HP_HEREDITARY_NONPOLYPOSIS_COLORECTAL_CARCINOMA]
[MORF_PAPSS1,MORF_PAPSS1] was killed by [HALLMARK_MYC_TARGETS_V1,HALLMARK_MYC_TARGETS_V1]
[YAO_TEMPORAL_RESPONSE_TO_PROGESTERONE_CLUSTER_2,YAO_TEMPORAL_RESPONSE_TO_PROGESTERONE_CLUSTER_2] was killed by [HALLMARK_MYC_TARGETS_V1,HALLMARK_MYC_TARGETS_V1]
[MORF_PRDX3,MORF_PRDX3] was killed by [HALLMARK_MYC_TARGETS_V1,HALLMARK_MYC_TARGETS_V1]
[REACTOME_GAP_JUNCTION_TRAFFICKING_AND_REGULATION,REACTOME_GAP_JUNCTION_TRAFFICKING_AND_REGULATION] was killed by [GOCC_MEMBRANE_COAT,GOCC_MEMBRANE_COAT]
[GSE9509_10MIN_VS_30MIN_LPS_STIM_IL10_KO_MACROPHAGE_UP,GSE9509_10MIN_VS_30MIN_LPS_STIM_IL10_KO_MACROPHAGE_UP] was killed by [HALLMARK_MYC_TARGETS_V1,HALLMARK_MYC_TARGETS_V1]
[GSE34205_HEALTHY_VS_RSV_INF_INFANT_PBMC_UP,GSE34205_HEALTHY_VS_RSV_INF_INFANT_PBMC_UP] was killed by [REACTOME_EUKARYOTIC_TRANSLATION_ELONGATION,REACTOME_EUKARYOTIC_TRANSLATION_ELONGATION]
[MORF_CUL1,MORF_CUL1] was killed by [HALLMARK_MYC_TARGETS_V1,HALLMARK_MYC_TARGETS_V1]
[HP_ABNORMALITY_OF_FONTANELLES,HP_ABNORMALITY_OF_FONTANELLES] was killed by [HP_ABNORMALITY_OF_THE_ACHILLES_TENDON,HP_ABNORMALITY_OF_THE_ACHILLES_TENDON]
[WP_MRNA_PROCESSING,WP_MRNA_PROCESSING] was killed by [HALLMARK_MYC_TARGETS_V1,HALLMARK_MYC_TARGETS_V1]
[GSE43863_NAIVE_VS_MEMORY_TFH_CD4_TCELL_D150_LCMV_UP,GSE43863_NAIVE_VS_MEMORY_TFH_CD4_TCELL_D150_LCMV_UP] was killed by [HALLMARK_MYC_TARGETS_V1,HALLMARK_MYC_TARGETS_V1]
[REACTOME_APC_C_MEDIATED_DEGRADATION_OF_CELL_CYCLE_PROTEINS,REACTOME_APC_C_MEDIATED_DEGRADATION_OF_CELL_CYCLE_PROTEINS] was killed by [HALLMARK_MYC_TARGETS_V1,HALLMARK_MYC_TARGETS_V1]
[GOBP_ADENYLATE_CYCLASE_ACTIVATING_G_PROTEIN_COUPLED_RECEPTOR_SIGNALING_PATHWAY,GOBP_ADENYLATE_CYCLASE_ACTIVATING_G_PROTEIN_COUPLED_RECEPTOR_SIGNALING_PATHWAY] was killed by [GSE4984_GALECTIN1_VS_VEHICLE_CTRL_TREATED_DC_UP,GSE4984_GALECTIN1_VS_VEHICLE_CTRL_TREATED_DC_UP]
[GSE22886_NAIVE_CD8_TCELL_VS_DC_DN,GSE22886_NAIVE_CD8_TCELL_VS_DC_DN] was killed by [HUANG_GATA2_TARGETS_UP,HUANG_GATA2_TARGETS_UP]
[REACTOME_REGULATION_OF_RUNX2_EXPRESSION_AND_ACTIVITY,REACTOME_REGULATION_OF_RUNX2_EXPRESSION_AND_ACTIVITY] was killed by [HALLMARK_MYC_TARGETS_V1,HALLMARK_MYC_TARGETS_V1]
[WP_NEURAL_CREST_CELL_MIGRATION_IN_CANCER,WP_NEURAL_CREST_CELL_MIGRATION_IN_CANCER] was killed by [HP_HEREDITARY_NONPOLYPOSIS_COLORECTAL_CARCINOMA,HP_HEREDITARY_NONPOLYPOSIS_COLORECTAL_CARCINOMA]
[GSE35543_IN_VITRO_ITREG_VS_CONVERTED_EX_ITREG_UP,GSE35543_IN_VITRO_ITREG_VS_CONVERTED_EX_ITREG_UP] was killed by [FAN_EMBRYONIC_CTX_MICROGLIA_1,FAN_EMBRYONIC_CTX_MICROGLIA_1]
[GSE1460_NAIVE_CD4_TCELL_CORD_BLOOD_VS_THYMIC_STROMAL_CELL_UP,GSE1460_NAIVE_CD4_TCELL_CORD_BLOOD_VS_THYMIC_STROMAL_CELL_UP] was killed by [REACTOME_EUKARYOTIC_TRANSLATION_ELONGATION,REACTOME_EUKARYOTIC_TRANSLATION_ELONGATION]
[GOBP_ORGANIC_HYDROXY_COMPOUND_CATABOLIC_PROCESS,GOBP_ORGANIC_HYDROXY_COMPOUND_CATABOLIC_PROCESS] was killed by [HALLMARK_ESTROGEN_RESPONSE_LATE,HALLMARK_ESTROGEN_RESPONSE_LATE]
[GEORGES_CELL_CYCLE_MIR192_TARGETS,GEORGES_CELL_CYCLE_MIR192_TARGETS] was killed by [FAN_EMBRYONIC_CTX_MICROGLIA_1,FAN_EMBRYONIC_CTX_MICROGLIA_1]
[MENON_FETAL_KIDNEY_0_CAP_MESENCHYME_CELLS,MENON_FETAL_KIDNEY_0_CAP_MESENCHYME_CELLS] was killed by [HALLMARK_MYC_TARGETS_V1,HALLMARK_MYC_TARGETS_V1]
[GOBP_NUCLEOTIDE_BINDING_DOMAIN_LEUCINE_RICH_REPEAT_CONTAINING_RECEPTOR_SIGNALING_PATHWAY,GOBP_NUCLEOTIDE_BINDING_DOMAIN_LEUCINE_RICH_REPEAT_CONTAINING_RECEPTOR_SIGNALING_PATHWAY] was killed by [OCT1_07,OCT1_07]
[FERRANDO_T_ALL_WITH_MLL_ENL_FUSION_DN,FERRANDO_T_ALL_WITH_MLL_ENL_FUSION_DN] was killed by [HALLMARK_MYC_TARGETS_V1,HALLMARK_MYC_TARGETS_V1]
[HP_RECURRENT_OTITIS_MEDIA,HP_RECURRENT_OTITIS_MEDIA] was killed by [WP_TCELL_ANTIGEN_RECEPTOR_TCR_SIGNALING_PATHWAY,WP_TCELL_ANTIGEN_RECEPTOR_TCR_SIGNALING_PATHWAY]
[NUTT_GBM_VS_AO_GLIOMA_DN,NUTT_GBM_VS_AO_GLIOMA_DN] was killed by [REACTOME_EUKARYOTIC_TRANSLATION_ELONGATION,REACTOME_EUKARYOTIC_TRANSLATION_ELONGATION]
[HP_DECREASED_SKULL_OSSIFICATION,HP_DECREASED_SKULL_OSSIFICATION] was killed by [GOBP_CARDIAC_SEPTUM_DEVELOPMENT,GOBP_CARDIAC_SEPTUM_DEVELOPMENT]
[WHITFIELD_CELL_CYCLE_G2,WHITFIELD_CELL_CYCLE_G2] was killed by [FAN_EMBRYONIC_CTX_MICROGLIA_1,FAN_EMBRYONIC_CTX_MICROGLIA_1]
[GSE25087_FETAL_VS_ADULT_TREG_UP,GSE25087_FETAL_VS_ADULT_TREG_UP] was killed by [HALLMARK_MYC_TARGETS_V1,HALLMARK_MYC_TARGETS_V1]
[PLASARI_TGFB1_SIGNALING_VIA_NFIC_10HR_UP,PLASARI_TGFB1_SIGNALING_VIA_NFIC_10HR_UP] was killed by [GSE2770_TGFB_AND_IL4_ACT_VS_ACT_CD4_TCELL_2H_DN,GSE2770_TGFB_AND_IL4_ACT_VS_ACT_CD4_TCELL_2H_DN]
[PUJANA_BRCA_CENTERED_NETWORK,PUJANA_BRCA_CENTERED_NETWORK] was killed by [HALLMARK_MYC_TARGETS_V1,HALLMARK_MYC_TARGETS_V1]
[MENON_FETAL_KIDNEY_1_EMBRYONIC_RED_BLOOD_CELLS,MENON_FETAL_KIDNEY_1_EMBRYONIC_RED_BLOOD_CELLS] was killed by [REACTOME_EUKARYOTIC_TRANSLATION_ELONGATION,REACTOME_EUKARYOTIC_TRANSLATION_ELONGATION]
[HALLMARK_APICAL_JUNCTION,HALLMARK_APICAL_JUNCTION] was killed by [GNF2_STAT6,GNF2_STAT6]
[MIR555,MIR555] was killed by [GSE8921_UNSTIM_VS_TLR1_2_STIM_MONOCYTE_24H_UP,GSE8921_UNSTIM_VS_TLR1_2_STIM_MONOCYTE_24H_UP]
[GSE40666_UNTREATED_VS_IFNA_STIM_STAT1_KO_CD8_TCELL_90MIN_UP,GSE40666_UNTREATED_VS_IFNA_STIM_STAT1_KO_CD8_TCELL_90MIN_UP] was killed by [GSE6092_B_BURGDOFERI_VS_B_BURGDORFERI_AND_IFNG_STIM_ENDOTHELIAL_CELL_DN,GSE6092_B_BURGDOFERI_VS_B_BURGDORFERI_AND_IFNG_STIM_ENDOTHELIAL_CELL_DN]
[GSE32164_RESTING_DIFFERENTIATED_VS_ALTERNATIVELY_ACT_M2_MACROPHAGE_UP,GSE32164_RESTING_DIFFERENTIATED_VS_ALTERNATIVELY_ACT_M2_MACROPHAGE_UP] was killed by [HALLMARK_MYC_TARGETS_V1,HALLMARK_MYC_TARGETS_V1]
[REACTOME_FORMATION_OF_INCISION_COMPLEX_IN_GG_NER,REACTOME_FORMATION_OF_INCISION_COMPLEX_IN_GG_NER] was killed by [GSE360_HIGH_VS_LOW_DOSE_B_MALAYI_MAC_UP,GSE360_HIGH_VS_LOW_DOSE_B_MALAYI_MAC_UP]
[GSE10239_MEMORY_VS_KLRG1HIGH_EFF_CD8_TCELL_DN,GSE10239_MEMORY_VS_KLRG1HIGH_EFF_CD8_TCELL_DN] was killed by [FAN_EMBRYONIC_CTX_MICROGLIA_1,FAN_EMBRYONIC_CTX_MICROGLIA_1]
[REACTOME_REGULATION_OF_RUNX3_EXPRESSION_AND_ACTIVITY,REACTOME_REGULATION_OF_RUNX3_EXPRESSION_AND_ACTIVITY] was killed by [HALLMARK_MYC_TARGETS_V1,HALLMARK_MYC_TARGETS_V1]
[GOBP_NEGATIVE_REGULATION_OF_INTRINSIC_APOPTOTIC_SIGNALING_PATHWAY,GOBP_NEGATIVE_REGULATION_OF_INTRINSIC_APOPTOTIC_SIGNALING_PATHWAY] was killed by [GSE39916_B_CELL_SPLEEN_VS_PLASMA_CELL_BONE_MARROW_DN,GSE39916_B_CELL_SPLEEN_VS_PLASMA_CELL_BONE_MARROW_DN]
[GSE39556_CD8A_DC_VS_NK_CELL_MOUSE_3H_POST_POLYIC_INJ_UP,GSE39556_CD8A_DC_VS_NK_CELL_MOUSE_3H_POST_POLYIC_INJ_UP] was killed by [FAN_EMBRYONIC_CTX_MICROGLIA_1,FAN_EMBRYONIC_CTX_MICROGLIA_1]
[GSE18893_TCONV_VS_TREG_24H_TNF_STIM_UP,GSE18893_TCONV_VS_TREG_24H_TNF_STIM_UP] was killed by [HALLMARK_MYC_TARGETS_V1,HALLMARK_MYC_TARGETS_V1]
[HP_ABNORMALITY_OF_SKULL_OSSIFICATION,HP_ABNORMALITY_OF_SKULL_OSSIFICATION] was killed by [GOBP_CARDIAC_SEPTUM_DEVELOPMENT,GOBP_CARDIAC_SEPTUM_DEVELOPMENT]
[MODULE_307,MODULE_307] was killed by [GOCC_RESPIRATORY_CHAIN_COMPLEX_IV,GOCC_RESPIRATORY_CHAIN_COMPLEX_IV]
[GOBP_CELLULAR_PROTEIN_CONTAINING_COMPLEX_LOCALIZATION,GOBP_CELLULAR_PROTEIN_CONTAINING_COMPLEX_LOCALIZATION] was killed by [MCBRYAN_PUBERTAL_BREAST_5_6WK_UP,MCBRYAN_PUBERTAL_BREAST_5_6WK_UP]
[HP_SHORT_LONG_BONE,HP_SHORT_LONG_BONE] was killed by [GOBP_CARDIAC_SEPTUM_DEVELOPMENT,GOBP_CARDIAC_SEPTUM_DEVELOPMENT]
[WP_PROTEASOME_DEGRADATION,WP_PROTEASOME_DEGRADATION] was killed by [HALLMARK_MYC_TARGETS_V1,HALLMARK_MYC_TARGETS_V1]
[GCM_CSNK2B,GCM_CSNK2B] was killed by [REACTOME_EUKARYOTIC_TRANSLATION_ELONGATION,REACTOME_EUKARYOTIC_TRANSLATION_ELONGATION]
[MIR6797_3P,MIR6797_3P] was killed by [HP_HEREDITARY_NONPOLYPOSIS_COLORECTAL_CARCINOMA,HP_HEREDITARY_NONPOLYPOSIS_COLORECTAL_CARCINOMA]
[REACTOME_CYCLIN_A_CDK2_ASSOCIATED_EVENTS_AT_S_PHASE_ENTRY,REACTOME_CYCLIN_A_CDK2_ASSOCIATED_EVENTS_AT_S_PHASE_ENTRY] was killed by [HALLMARK_MYC_TARGETS_V1,HALLMARK_MYC_TARGETS_V1]
[GOBP_POSITIVE_REGULATION_OF_ANION_TRANSMEMBRANE_TRANSPORT,GOBP_POSITIVE_REGULATION_OF_ANION_TRANSMEMBRANE_TRANSPORT] was killed by [GSE17721_POLYIC_VS_PAM3CSK4_16H_BMDC_DN,GSE17721_POLYIC_VS_PAM3CSK4_16H_BMDC_DN]
[GOBP_EXECUTION_PHASE_OF_APOPTOSIS,GOBP_EXECUTION_PHASE_OF_APOPTOSIS] was killed by [HP_HEREDITARY_NONPOLYPOSIS_COLORECTAL_CARCINOMA,HP_HEREDITARY_NONPOLYPOSIS_COLORECTAL_CARCINOMA]
[BOYAULT_LIVER_CANCER_SUBCLASS_G3_UP,BOYAULT_LIVER_CANCER_SUBCLASS_G3_UP] was killed by [HALLMARK_MYC_TARGETS_V1,HALLMARK_MYC_TARGETS_V1]
[GSE24634_TEFF_VS_TCONV_DAY10_IN_CULTURE_UP,GSE24634_TEFF_VS_TCONV_DAY10_IN_CULTURE_UP] was killed by [FAN_EMBRYONIC_CTX_MICROGLIA_1,FAN_EMBRYONIC_CTX_MICROGLIA_1]
[MATTIOLI_MGUS_VS_PCL,MATTIOLI_MGUS_VS_PCL] was killed by [HALLMARK_MYC_TARGETS_V1,HALLMARK_MYC_TARGETS_V1]
[GOBP_ANAPHASE_PROMOTING_COMPLEX_DEPENDENT_CATABOLIC_PROCESS,GOBP_ANAPHASE_PROMOTING_COMPLEX_DEPENDENT_CATABOLIC_PROCESS] was killed by [HALLMARK_MYC_TARGETS_V1,HALLMARK_MYC_TARGETS_V1]
[GSE37532_TREG_VS_TCONV_PPARG_KO_CD4_TCELL_FROM_LN_DN,GSE37532_TREG_VS_TCONV_PPARG_KO_CD4_TCELL_FROM_LN_DN] was killed by [HALLMARK_MYC_TARGETS_V1,HALLMARK_MYC_TARGETS_V1]
[GOBP_REGULATION_OF_ACTIN_NUCLEATION,GOBP_REGULATION_OF_ACTIN_NUCLEATION] was killed by [HUANG_GATA2_TARGETS_UP,HUANG_GATA2_TARGETS_UP]
[BIOCARTA_CXCR4_PATHWAY,BIOCARTA_CXCR4_PATHWAY] was killed by [WP_TCELL_ANTIGEN_RECEPTOR_TCR_SIGNALING_PATHWAY,WP_TCELL_ANTIGEN_RECEPTOR_TCR_SIGNALING_PATHWAY]
[MODULE_245,MODULE_245] was killed by [HALLMARK_MYC_TARGETS_V1,HALLMARK_MYC_TARGETS_V1]
[BIOCARTA_CARM_ER_PATHWAY,BIOCARTA_CARM_ER_PATHWAY] was killed by [HP_HEREDITARY_NONPOLYPOSIS_COLORECTAL_CARCINOMA,HP_HEREDITARY_NONPOLYPOSIS_COLORECTAL_CARCINOMA]
[GSE15330_GRANULOCYTE_MONOCYTE_PROGENITOR_VS_PRO_BCELL_UP,GSE15330_GRANULOCYTE_MONOCYTE_PROGENITOR_VS_PRO_BCELL_UP] was killed by [GSE19401_PAM2CSK4_VS_RETINOIC_ACID_AND_PAM2CSK4_STIM_FOLLICULAR_DC_DN,GSE19401_PAM2CSK4_VS_RETINOIC_ACID_AND_PAM2CSK4_STIM_FOLLICULAR_DC_DN]
[GNF2_HCK,GNF2_HCK] was killed by [HUANG_GATA2_TARGETS_UP,HUANG_GATA2_TARGETS_UP]
[ROSTY_CERVICAL_CANCER_PROLIFERATION_CLUSTER,ROSTY_CERVICAL_CANCER_PROLIFERATION_CLUSTER] was killed by [FAN_EMBRYONIC_CTX_MICROGLIA_1,FAN_EMBRYONIC_CTX_MICROGLIA_1]
[GSE17721_CPG_VS_GARDIQUIMOD_12H_BMDC_DN,GSE17721_CPG_VS_GARDIQUIMOD_12H_BMDC_DN] was killed by [GSE17721_POLYIC_VS_PAM3CSK4_16H_BMDC_DN,GSE17721_POLYIC_VS_PAM3CSK4_16H_BMDC_DN]
[GSE17721_CTRL_VS_GARDIQUIMOD_1H_BMDC_UP,GSE17721_CTRL_VS_GARDIQUIMOD_1H_BMDC_UP] was killed by [HP_HEREDITARY_NONPOLYPOSIS_COLORECTAL_CARCINOMA,HP_HEREDITARY_NONPOLYPOSIS_COLORECTAL_CARCINOMA]
[REACTOME_SCF_SKP2_MEDIATED_DEGRADATION_OF_P27_P21,REACTOME_SCF_SKP2_MEDIATED_DEGRADATION_OF_P27_P21] was killed by [HALLMARK_MYC_TARGETS_V1,HALLMARK_MYC_TARGETS_V1]
[GOBP_RESPONSE_TO_FATTY_ACID,GOBP_RESPONSE_TO_FATTY_ACID] was killed by [GOBP_REGULATION_OF_CHOLESTEROL_BIOSYNTHETIC_PROCESS,GOBP_REGULATION_OF_CHOLESTEROL_BIOSYNTHETIC_PROCESS]
[GOBP_REGULATION_OF_CELL_CYCLE_G1_S_PHASE_TRANSITION,GOBP_REGULATION_OF_CELL_CYCLE_G1_S_PHASE_TRANSITION] was killed by [HP_HEREDITARY_NONPOLYPOSIS_COLORECTAL_CARCINOMA,HP_HEREDITARY_NONPOLYPOSIS_COLORECTAL_CARCINOMA]
[GCM_PFN1,GCM_PFN1] was killed by [REACTOME_EUKARYOTIC_TRANSLATION_ELONGATION,REACTOME_EUKARYOTIC_TRANSLATION_ELONGATION]
[HP_HYPERAMMONEMIA,HP_HYPERAMMONEMIA] was killed by [GSE17721_POLYIC_VS_PAM3CSK4_16H_BMDC_DN,GSE17721_POLYIC_VS_PAM3CSK4_16H_BMDC_DN]
[HP_FINE_HAIR,HP_FINE_HAIR] was killed by [WP_TCELL_ANTIGEN_RECEPTOR_TCR_SIGNALING_PATHWAY,WP_TCELL_ANTIGEN_RECEPTOR_TCR_SIGNALING_PATHWAY]
[GSE22886_NAIVE_TCELL_VS_DC_DN,GSE22886_NAIVE_TCELL_VS_DC_DN] was killed by [GSE8921_UNSTIM_VS_TLR1_2_STIM_MONOCYTE_24H_UP,GSE8921_UNSTIM_VS_TLR1_2_STIM_MONOCYTE_24H_UP]
[PURBEY_TARGETS_OF_CTBP1_AND_SATB1_UP,PURBEY_TARGETS_OF_CTBP1_AND_SATB1_UP] was killed by [REACTOME_EUKARYOTIC_TRANSLATION_ELONGATION,REACTOME_EUKARYOTIC_TRANSLATION_ELONGATION]
[QUEREC_MODEL_PBMC_YF_17D_VACCINE_AGE_18_45YO_3DY_PREDICTIVE,QUEREC_MODEL_PBMC_YF_17D_VACCINE_AGE_18_45YO_3DY_PREDICTIVE] was killed by [GSE2770_UNTREATED_VS_TGFB_AND_IL4_TREATED_ACT_CD4_TCELL_48H_UP,GSE2770_UNTREATED_VS_TGFB_AND_IL4_TREATED_ACT_CD4_TCELL_48H_UP]
[BURTON_ADIPOGENESIS_3,BURTON_ADIPOGENESIS_3] was killed by [HALLMARK_MYC_TARGETS_V1,HALLMARK_MYC_TARGETS_V1]
[PID_ARF_3PATHWAY,PID_ARF_3PATHWAY] was killed by [MORF_RAB6A,MORF_RAB6A]
[GSE22886_NEUTROPHIL_VS_MONOCYTE_DN,GSE22886_NEUTROPHIL_VS_MONOCYTE_DN] was killed by [REACTOME_EUKARYOTIC_TRANSLATION_ELONGATION,REACTOME_EUKARYOTIC_TRANSLATION_ELONGATION]
[GOBP_AXON_EXTENSION,GOBP_AXON_EXTENSION] was killed by [GOBP_REGULATION_OF_MICROTUBULE_POLYMERIZATION_OR_DEPOLYMERIZATION,GOBP_REGULATION_OF_MICROTUBULE_POLYMERIZATION_OR_DEPOLYMERIZATION]
[GOMF_KINASE_ACTIVATOR_ACTIVITY,GOMF_KINASE_ACTIVATOR_ACTIVITY] was killed by [GNF2_STAT6,GNF2_STAT6]
[GOBP_PHOSPHATIDYLCHOLINE_BIOSYNTHETIC_PROCESS,GOBP_PHOSPHATIDYLCHOLINE_BIOSYNTHETIC_PROCESS] was killed by [HALLMARK_ESTROGEN_RESPONSE_LATE,HALLMARK_ESTROGEN_RESPONSE_LATE]
[MODULE_138,MODULE_138] was killed by [OCT1_07,OCT1_07]
[REACTOME_GENE_AND_PROTEIN_EXPRESSION_BY_JAK_STAT_SIGNALING_AFTER_INTERLEUKIN_12_STIMULATION,REACTOME_GENE_AND_PROTEIN_EXPRESSION_BY_JAK_STAT_SIGNALING_AFTER_INTERLEUKIN_12_STIMULATION] was killed by [HALLMARK_MYC_TARGETS_V1,HALLMARK_MYC_TARGETS_V1]
[GOBP_INNATE_IMMUNE_RESPONSE_ACTIVATING_SIGNAL_TRANSDUCTION,GOBP_INNATE_IMMUNE_RESPONSE_ACTIVATING_SIGNAL_TRANSDUCTION] was killed by [HALLMARK_MYC_TARGETS_V1,HALLMARK_MYC_TARGETS_V1]
[KEGG_PROTEASOME,KEGG_PROTEASOME] was killed by [HALLMARK_MYC_TARGETS_V1,HALLMARK_MYC_TARGETS_V1]
[GNF2_TDG,GNF2_TDG] was killed by [HALLMARK_MYC_TARGETS_V1,HALLMARK_MYC_TARGETS_V1]
[GSE31082_CD4_VS_CD8_SP_THYMOCYTE_DN,GSE31082_CD4_VS_CD8_SP_THYMOCYTE_DN] was killed by [HALLMARK_MYC_TARGETS_V1,HALLMARK_MYC_TARGETS_V1]
[YGTCCTTGR_UNKNOWN,YGTCCTTGR_UNKNOWN] was killed by [MIR7850_5P,MIR7850_5P]
[GOBP_REGULATION_OF_CELLULAR_RESPONSE_TO_HEAT,GOBP_REGULATION_OF_CELLULAR_RESPONSE_TO_HEAT] was killed by [GOCC_NUCLEAR_PORE_OUTER_RING,GOCC_NUCLEAR_PORE_OUTER_RING]
[KEGG_CHRONIC_MYELOID_LEUKEMIA,KEGG_CHRONIC_MYELOID_LEUKEMIA] was killed by [HP_HEREDITARY_NONPOLYPOSIS_COLORECTAL_CARCINOMA,HP_HEREDITARY_NONPOLYPOSIS_COLORECTAL_CARCINOMA]
[ATCTTGC_MIR31,ATCTTGC_MIR31] was killed by [ATGAAGG_MIR205,ATGAAGG_MIR205]
[REACTOME_CELLULAR_RESPONSE_TO_HYPOXIA,REACTOME_CELLULAR_RESPONSE_TO_HYPOXIA] was killed by [HALLMARK_MYC_TARGETS_V1,HALLMARK_MYC_TARGETS_V1]
[GSE27434_WT_VS_DNMT1_KO_TREG_UP,GSE27434_WT_VS_DNMT1_KO_TREG_UP] was killed by [GAVIN_FOXP3_TARGETS_CLUSTER_T7,GAVIN_FOXP3_TARGETS_CLUSTER_T7]
[BUFFA_HYPOXIA_METAGENE,BUFFA_HYPOXIA_METAGENE] was killed by [GAVIN_FOXP3_TARGETS_CLUSTER_T7,GAVIN_FOXP3_TARGETS_CLUSTER_T7]
[GSE15930_NAIVE_VS_24H_IN_VITRO_STIM_IL12_CD8_TCELL_DN,GSE15930_NAIVE_VS_24H_IN_VITRO_STIM_IL12_CD8_TCELL_DN] was killed by [HALLMARK_MYC_TARGETS_V1,HALLMARK_MYC_TARGETS_V1]
[PHESSE_TARGETS_OF_APC_AND_MBD2_UP,PHESSE_TARGETS_OF_APC_AND_MBD2_UP] was killed by [MCBRYAN_PUBERTAL_BREAST_5_6WK_UP,MCBRYAN_PUBERTAL_BREAST_5_6WK_UP]
[BIOCARTA_PKC_PATHWAY,BIOCARTA_PKC_PATHWAY] was killed by [WP_TCELL_ANTIGEN_RECEPTOR_TCR_SIGNALING_PATHWAY,WP_TCELL_ANTIGEN_RECEPTOR_TCR_SIGNALING_PATHWAY]
[GNF2_NPM1,GNF2_NPM1] was killed by [REACTOME_EUKARYOTIC_TRANSLATION_ELONGATION,REACTOME_EUKARYOTIC_TRANSLATION_ELONGATION]
[REACTOME_ORC1_REMOVAL_FROM_CHROMATIN,REACTOME_ORC1_REMOVAL_FROM_CHROMATIN] was killed by [HALLMARK_MYC_TARGETS_V1,HALLMARK_MYC_TARGETS_V1]
[GCM_PPP1CC,GCM_PPP1CC] was killed by [HALLMARK_MYC_TARGETS_V1,HALLMARK_MYC_TARGETS_V1]
