[WP_WNT_SIGNALING_PATHWAY_AND_PLURIPOTENCY,WP_WNT_SIGNALING_PATHWAY_AND_PLURIPOTENCY] was killed by [WP_PATHWAYS_AFFECTED_IN_ADENOID_CYSTIC_CARCINOMA,WP_PATHWAYS_AFFECTED_IN_ADENOID_CYSTIC_CARCINOMA]
[WP_TGFBETA_SIGNALING_PATHWAY,WP_TGFBETA_SIGNALING_PATHWAY] was killed by [WP_APOPTOSISRELATED_NETWORK_DUE_TO_ALTERED_NOTCH3_IN_OVARIAN_CANCER,WP_APOPTOSISRELATED_NETWORK_DUE_TO_ALTERED_NOTCH3_IN_OVARIAN_CANCER]
[WP_FRAGILE_X_SYNDROME,WP_FRAGILE_X_SYNDROME] was killed by [WP_APOPTOSISRELATED_NETWORK_DUE_TO_ALTERED_NOTCH3_IN_OVARIAN_CANCER,WP_APOPTOSISRELATED_NETWORK_DUE_TO_ALTERED_NOTCH3_IN_OVARIAN_CANCER]
[WP_EBV_LMP1_SIGNALING,WP_EBV_LMP1_SIGNALING] was killed by [WP_APOPTOSISRELATED_NETWORK_DUE_TO_ALTERED_NOTCH3_IN_OVARIAN_CANCER,WP_APOPTOSISRELATED_NETWORK_DUE_TO_ALTERED_NOTCH3_IN_OVARIAN_CANCER]
[WP_PHOTODYNAMIC_THERAPYINDUCED_NFKB_SURVIVAL_SIGNALING,WP_PHOTODYNAMIC_THERAPYINDUCED_NFKB_SURVIVAL_SIGNALING] was killed by [WP_TLR4_SIGNALING_AND_TOLERANCE,WP_TLR4_SIGNALING_AND_TOLERANCE]
[WP_INTERLEUKIN1_INDUCED_ACTIVATION_OF_NFKAPPAB,WP_INTERLEUKIN1_INDUCED_ACTIVATION_OF_NFKAPPAB] was killed by [WP_TLR4_SIGNALING_AND_TOLERANCE,WP_TLR4_SIGNALING_AND_TOLERANCE]
[WP_HISTONE_MODIFICATIONS,WP_HISTONE_MODIFICATIONS] was killed by [WP_PATHWAYS_AFFECTED_IN_ADENOID_CYSTIC_CARCINOMA,WP_PATHWAYS_AFFECTED_IN_ADENOID_CYSTIC_CARCINOMA]
[WP_BDNFTRKB_SIGNALING,WP_BDNFTRKB_SIGNALING] was killed by [WP_APOPTOSISRELATED_NETWORK_DUE_TO_ALTERED_NOTCH3_IN_OVARIAN_CANCER,WP_APOPTOSISRELATED_NETWORK_DUE_TO_ALTERED_NOTCH3_IN_OVARIAN_CANCER]
[WP_NUCLEOTIDEBINDING_OLIGOMERIZATION_DOMAIN_NOD_PATHWAY,WP_NUCLEOTIDEBINDING_OLIGOMERIZATION_DOMAIN_NOD_PATHWAY] was killed by [WP_TLR4_SIGNALING_AND_TOLERANCE,WP_TLR4_SIGNALING_AND_TOLERANCE]
[WP_APOPTOSIS_MODULATION_AND_SIGNALING,WP_APOPTOSIS_MODULATION_AND_SIGNALING] was killed by [WP_TLR4_SIGNALING_AND_TOLERANCE,WP_TLR4_SIGNALING_AND_TOLERANCE]
[WP_MIRNA_REGULATION_OF_P53_PATHWAY_IN_PROSTATE_CANCER,WP_MIRNA_REGULATION_OF_P53_PATHWAY_IN_PROSTATE_CANCER] was killed by [WP_PATHWAYS_AFFECTED_IN_ADENOID_CYSTIC_CARCINOMA,WP_PATHWAYS_AFFECTED_IN_ADENOID_CYSTIC_CARCINOMA]
[WP_SEROTONIN_RECEPTOR_2_AND_ELKSRFGATA4_SIGNALING,WP_SEROTONIN_RECEPTOR_2_AND_ELKSRFGATA4_SIGNALING] was killed by [WP_PATHWAYS_AFFECTED_IN_ADENOID_CYSTIC_CARCINOMA,WP_PATHWAYS_AFFECTED_IN_ADENOID_CYSTIC_CARCINOMA]
[WP_HOSTPATHOGEN_INTERACTION_OF_HUMAN_CORONA_VIRUSES_INTERFERON_INDUCTION,WP_HOSTPATHOGEN_INTERACTION_OF_HUMAN_CORONA_VIRUSES_INTERFERON_INDUCTION] was killed by [WP_TLR4_SIGNALING_AND_TOLERANCE,WP_TLR4_SIGNALING_AND_TOLERANCE]
[WP_ALLOGRAFT_REJECTION,WP_ALLOGRAFT_REJECTION] was killed by [WP_APOPTOSISRELATED_NETWORK_DUE_TO_ALTERED_NOTCH3_IN_OVARIAN_CANCER,WP_APOPTOSISRELATED_NETWORK_DUE_TO_ALTERED_NOTCH3_IN_OVARIAN_CANCER]
[WP_TGFBETA_RECEPTOR_SIGNALLING_IN_SKELETAL_DYSPLASIAS,WP_TGFBETA_RECEPTOR_SIGNALLING_IN_SKELETAL_DYSPLASIAS] was killed by [WP_PATHWAYS_AFFECTED_IN_ADENOID_CYSTIC_CARCINOMA,WP_PATHWAYS_AFFECTED_IN_ADENOID_CYSTIC_CARCINOMA]
[WP_TGFBETA_RECEPTOR_SIGNALING,WP_TGFBETA_RECEPTOR_SIGNALING] was killed by [WP_PATHWAYS_AFFECTED_IN_ADENOID_CYSTIC_CARCINOMA,WP_PATHWAYS_AFFECTED_IN_ADENOID_CYSTIC_CARCINOMA]
[WP_MAP3K1_ROLE_IN_PROMOTING_AND_BLOCKING_GONADAL_DETERMINATION,WP_MAP3K1_ROLE_IN_PROMOTING_AND_BLOCKING_GONADAL_DETERMINATION] was killed by [WP_APOPTOSISRELATED_NETWORK_DUE_TO_ALTERED_NOTCH3_IN_OVARIAN_CANCER,WP_APOPTOSISRELATED_NETWORK_DUE_TO_ALTERED_NOTCH3_IN_OVARIAN_CANCER]
[WP_APOPTOSIS,WP_APOPTOSIS] was killed by [WP_APOPTOSISRELATED_NETWORK_DUE_TO_ALTERED_NOTCH3_IN_OVARIAN_CANCER,WP_APOPTOSISRELATED_NETWORK_DUE_TO_ALTERED_NOTCH3_IN_OVARIAN_CANCER]
[WP_FIBRIN_COMPLEMENT_RECEPTOR_3_SIGNALING_PATHWAY,WP_FIBRIN_COMPLEMENT_RECEPTOR_3_SIGNALING_PATHWAY] was killed by [WP_APOPTOSISRELATED_NETWORK_DUE_TO_ALTERED_NOTCH3_IN_OVARIAN_CANCER,WP_APOPTOSISRELATED_NETWORK_DUE_TO_ALTERED_NOTCH3_IN_OVARIAN_CANCER]
[WP_BLADDER_CANCER,WP_BLADDER_CANCER] was killed by [WP_PATHWAYS_AFFECTED_IN_ADENOID_CYSTIC_CARCINOMA,WP_PATHWAYS_AFFECTED_IN_ADENOID_CYSTIC_CARCINOMA]
[WP_TYPE_I_INTERFERON_INDUCTION_AND_SIGNALING_DURING_SARSCOV2_INFECTION,WP_TYPE_I_INTERFERON_INDUCTION_AND_SIGNALING_DURING_SARSCOV2_INFECTION] was killed by [WP_TLR4_SIGNALING_AND_TOLERANCE,WP_TLR4_SIGNALING_AND_TOLERANCE]
[WP_METABOLIC_REPROGRAMMING_IN_COLON_CANCER,WP_METABOLIC_REPROGRAMMING_IN_COLON_CANCER] was killed by [WP_TCA_CYCLE_AND_DEFICIENCY_OF_PYRUVATE_DEHYDROGENASE_COMPLEX_PDHC,WP_TCA_CYCLE_AND_DEFICIENCY_OF_PYRUVATE_DEHYDROGENASE_COMPLEX_PDHC]
[WP_7Q1123_COPY_NUMBER_VARIATION_SYNDROME,WP_7Q1123_COPY_NUMBER_VARIATION_SYNDROME] was killed by [WP_TCA_CYCLE_AND_DEFICIENCY_OF_PYRUVATE_DEHYDROGENASE_COMPLEX_PDHC,WP_TCA_CYCLE_AND_DEFICIENCY_OF_PYRUVATE_DEHYDROGENASE_COMPLEX_PDHC]
[WP_MAPK_PATHWAY_IN_CONGENITAL_THYROID_CANCER,WP_MAPK_PATHWAY_IN_CONGENITAL_THYROID_CANCER] was killed by [WP_PATHWAYS_AFFECTED_IN_ADENOID_CYSTIC_CARCINOMA,WP_PATHWAYS_AFFECTED_IN_ADENOID_CYSTIC_CARCINOMA]
[WP_KISSPEPTINKISSPEPTIN_RECEPTOR_SYSTEM_IN_THE_OVARY,WP_KISSPEPTINKISSPEPTIN_RECEPTOR_SYSTEM_IN_THE_OVARY] was killed by [WP_PATHWAYS_AFFECTED_IN_ADENOID_CYSTIC_CARCINOMA,WP_PATHWAYS_AFFECTED_IN_ADENOID_CYSTIC_CARCINOMA]
[WP_HOSTPATHOGEN_INTERACTION_OF_HUMAN_CORONA_VIRUSES_APOPTOSIS,WP_HOSTPATHOGEN_INTERACTION_OF_HUMAN_CORONA_VIRUSES_APOPTOSIS] was killed by [WP_APOPTOSISRELATED_NETWORK_DUE_TO_ALTERED_NOTCH3_IN_OVARIAN_CANCER,WP_APOPTOSISRELATED_NETWORK_DUE_TO_ALTERED_NOTCH3_IN_OVARIAN_CANCER]
[WP_SIMPLIFIED_DEPICTION_OF_MYD88_DISTINCT_INPUTOUTPUT_PATHWAY,WP_SIMPLIFIED_DEPICTION_OF_MYD88_DISTINCT_INPUTOUTPUT_PATHWAY] was killed by [WP_TLR4_SIGNALING_AND_TOLERANCE,WP_TLR4_SIGNALING_AND_TOLERANCE]
[WP_MESODERMAL_COMMITMENT_PATHWAY,WP_MESODERMAL_COMMITMENT_PATHWAY] was killed by [WP_PATHWAYS_AFFECTED_IN_ADENOID_CYSTIC_CARCINOMA,WP_PATHWAYS_AFFECTED_IN_ADENOID_CYSTIC_CARCINOMA]
[WP_MIRNAS_INVOLVEMENT_IN_THE_IMMUNE_RESPONSE_IN_SEPSIS,WP_MIRNAS_INVOLVEMENT_IN_THE_IMMUNE_RESPONSE_IN_SEPSIS] was killed by [WP_TLR4_SIGNALING_AND_TOLERANCE,WP_TLR4_SIGNALING_AND_TOLERANCE]
[WP_TYPE_2_PAPILLARY_RENAL_CELL_CARCINOMA,WP_TYPE_2_PAPILLARY_RENAL_CELL_CARCINOMA] was killed by [WP_PATHWAYS_AFFECTED_IN_ADENOID_CYSTIC_CARCINOMA,WP_PATHWAYS_AFFECTED_IN_ADENOID_CYSTIC_CARCINOMA]
[WP_REGULATION_OF_MICROTUBULE_CYTOSKELETON,WP_REGULATION_OF_MICROTUBULE_CYTOSKELETON] was killed by [WP_PATHWAYS_AFFECTED_IN_ADENOID_CYSTIC_CARCINOMA,WP_PATHWAYS_AFFECTED_IN_ADENOID_CYSTIC_CARCINOMA]
[WP_WNT_SIGNALING_PATHWAY_NETPATH,WP_WNT_SIGNALING_PATHWAY_NETPATH] was killed by [WP_PATHWAYS_AFFECTED_IN_ADENOID_CYSTIC_CARCINOMA,WP_PATHWAYS_AFFECTED_IN_ADENOID_CYSTIC_CARCINOMA]
[WP_INHIBITION_OF_EXOSOME_BIOGENESIS_AND_SECRETION_BY_MANUMYCIN_A_IN_CRPC_CELLS,WP_INHIBITION_OF_EXOSOME_BIOGENESIS_AND_SECRETION_BY_MANUMYCIN_A_IN_CRPC_CELLS] was killed by [WP_PATHWAYS_AFFECTED_IN_ADENOID_CYSTIC_CARCINOMA,WP_PATHWAYS_AFFECTED_IN_ADENOID_CYSTIC_CARCINOMA]
[WP_GLYCOLYSIS_AND_GLUCONEOGENESIS,WP_GLYCOLYSIS_AND_GLUCONEOGENESIS] was killed by [WP_TCA_CYCLE_AND_DEFICIENCY_OF_PYRUVATE_DEHYDROGENASE_COMPLEX_PDHC,WP_TCA_CYCLE_AND_DEFICIENCY_OF_PYRUVATE_DEHYDROGENASE_COMPLEX_PDHC]
[WP_MIRNAS_INVOLVED_IN_DNA_DAMAGE_RESPONSE,WP_MIRNAS_INVOLVED_IN_DNA_DAMAGE_RESPONSE] was killed by [WP_PATHWAYS_AFFECTED_IN_ADENOID_CYSTIC_CARCINOMA,WP_PATHWAYS_AFFECTED_IN_ADENOID_CYSTIC_CARCINOMA]
[WP_IL17_SIGNALING_PATHWAY,WP_IL17_SIGNALING_PATHWAY] was killed by [WP_PATHWAYS_AFFECTED_IN_ADENOID_CYSTIC_CARCINOMA,WP_PATHWAYS_AFFECTED_IN_ADENOID_CYSTIC_CARCINOMA]
[WP_CYTOSOLIC_DNASENSING_PATHWAY,WP_CYTOSOLIC_DNASENSING_PATHWAY] was killed by [WP_TLR4_SIGNALING_AND_TOLERANCE,WP_TLR4_SIGNALING_AND_TOLERANCE]
[WP_SARS_CORONAVIRUS_AND_INNATE_IMMUNITY,WP_SARS_CORONAVIRUS_AND_INNATE_IMMUNITY] was killed by [WP_TLR4_SIGNALING_AND_TOLERANCE,WP_TLR4_SIGNALING_AND_TOLERANCE]
[WP_EPO_RECEPTOR_SIGNALING,WP_EPO_RECEPTOR_SIGNALING] was killed by [WP_PATHWAYS_AFFECTED_IN_ADENOID_CYSTIC_CARCINOMA,WP_PATHWAYS_AFFECTED_IN_ADENOID_CYSTIC_CARCINOMA]
[WP_LUNG_FIBROSIS,WP_LUNG_FIBROSIS] was killed by [WP_APOPTOSISRELATED_NETWORK_DUE_TO_ALTERED_NOTCH3_IN_OVARIAN_CANCER,WP_APOPTOSISRELATED_NETWORK_DUE_TO_ALTERED_NOTCH3_IN_OVARIAN_CANCER]
