[PID_EPO_PATHWAY,PID_EPO_PATHWAY] was killed by [PID_IL2_PI3K_PATHWAY,PID_IL2_PI3K_PATHWAY]
[PID_ERBB2_ERBB3_PATHWAY,PID_ERBB2_ERBB3_PATHWAY] was killed by [PID_IL2_PI3K_PATHWAY,PID_IL2_PI3K_PATHWAY]
[PID_AVB3_INTEGRIN_PATHWAY,PID_AVB3_INTEGRIN_PATHWAY] was killed by [PID_IL2_PI3K_PATHWAY,PID_IL2_PI3K_PATHWAY]
[PID_IL2_STAT5_PATHWAY,PID_IL2_STAT5_PATHWAY] was killed by [PID_IL2_PI3K_PATHWAY,PID_IL2_PI3K_PATHWAY]
[PID_P73PATHWAY,PID_P73PATHWAY] was killed by [PID_IL2_PI3K_PATHWAY,PID_IL2_PI3K_PATHWAY]
[PID_BCR_5PATHWAY,PID_BCR_5PATHWAY] was killed by [PID_IL2_PI3K_PATHWAY,PID_IL2_PI3K_PATHWAY]
[PID_EPHB_FWD_PATHWAY,PID_EPHB_FWD_PATHWAY] was killed by [PID_IL2_PI3K_PATHWAY,PID_IL2_PI3K_PATHWAY]
[PID_P75_NTR_PATHWAY,PID_P75_NTR_PATHWAY] was killed by [PID_IL2_PI3K_PATHWAY,PID_IL2_PI3K_PATHWAY]
[PID_CERAMIDE_PATHWAY,PID_CERAMIDE_PATHWAY] was killed by [PID_IL2_PI3K_PATHWAY,PID_IL2_PI3K_PATHWAY]
[PID_TRKR_PATHWAY,PID_TRKR_PATHWAY] was killed by [PID_IL2_PI3K_PATHWAY,PID_IL2_PI3K_PATHWAY]
[PID_RET_PATHWAY,PID_RET_PATHWAY] was killed by [PID_IL2_PI3K_PATHWAY,PID_IL2_PI3K_PATHWAY]
[PID_FGF_PATHWAY,PID_FGF_PATHWAY] was killed by [PID_IL2_PI3K_PATHWAY,PID_IL2_PI3K_PATHWAY]
[PID_IL5_PATHWAY,PID_IL5_PATHWAY] was killed by [PID_IL2_PI3K_PATHWAY,PID_IL2_PI3K_PATHWAY]
[PID_A6B1_A6B4_INTEGRIN_PATHWAY,PID_A6B1_A6B4_INTEGRIN_PATHWAY] was killed by [PID_IL2_PI3K_PATHWAY,PID_IL2_PI3K_PATHWAY]
[PID_ANGIOPOIETIN_RECEPTOR_PATHWAY,PID_ANGIOPOIETIN_RECEPTOR_PATHWAY] was killed by [PID_IL2_PI3K_PATHWAY,PID_IL2_PI3K_PATHWAY]
[PID_KIT_PATHWAY,PID_KIT_PATHWAY] was killed by [PID_IL2_PI3K_PATHWAY,PID_IL2_PI3K_PATHWAY]
[PID_FAK_PATHWAY,PID_FAK_PATHWAY] was killed by [PID_IL2_PI3K_PATHWAY,PID_IL2_PI3K_PATHWAY]
[PID_CDC42_PATHWAY,PID_CDC42_PATHWAY] was killed by [PID_IL2_PI3K_PATHWAY,PID_IL2_PI3K_PATHWAY]
[PID_ERBB1_INTERNALIZATION_PATHWAY,PID_ERBB1_INTERNALIZATION_PATHWAY] was killed by [PID_IL2_PI3K_PATHWAY,PID_IL2_PI3K_PATHWAY]
[PID_TGFBR_PATHWAY,PID_TGFBR_PATHWAY] was killed by [PID_IL2_PI3K_PATHWAY,PID_IL2_PI3K_PATHWAY]
[PID_HEDGEHOG_2PATHWAY,PID_HEDGEHOG_2PATHWAY] was killed by [PID_IL2_PI3K_PATHWAY,PID_IL2_PI3K_PATHWAY]
[PID_IL1_PATHWAY,PID_IL1_PATHWAY] was killed by [PID_IL2_PI3K_PATHWAY,PID_IL2_PI3K_PATHWAY]
[PID_REELIN_PATHWAY,PID_REELIN_PATHWAY] was killed by [PID_IL2_PI3K_PATHWAY,PID_IL2_PI3K_PATHWAY]
[PID_IL4_2PATHWAY,PID_IL4_2PATHWAY] was killed by [PID_IL2_PI3K_PATHWAY,PID_IL2_PI3K_PATHWAY]
[PID_IGF1_PATHWAY,PID_IGF1_PATHWAY] was killed by [PID_IL2_PI3K_PATHWAY,PID_IL2_PI3K_PATHWAY]
[PID_IL3_PATHWAY,PID_IL3_PATHWAY] was killed by [PID_IL2_PI3K_PATHWAY,PID_IL2_PI3K_PATHWAY]
[PID_LYMPH_ANGIOGENESIS_PATHWAY,PID_LYMPH_ANGIOGENESIS_PATHWAY] was killed by [PID_IL2_PI3K_PATHWAY,PID_IL2_PI3K_PATHWAY]
[PID_CD8_TCR_PATHWAY,PID_CD8_TCR_PATHWAY] was killed by [PID_IL2_PI3K_PATHWAY,PID_IL2_PI3K_PATHWAY]
[PID_MET_PATHWAY,PID_MET_PATHWAY] was killed by [PID_IL2_PI3K_PATHWAY,PID_IL2_PI3K_PATHWAY]
[PID_NCADHERIN_PATHWAY,PID_NCADHERIN_PATHWAY] was killed by [PID_IL2_PI3K_PATHWAY,PID_IL2_PI3K_PATHWAY]
[PID_PDGFRA_PATHWAY,PID_PDGFRA_PATHWAY] was killed by [PID_IL2_PI3K_PATHWAY,PID_IL2_PI3K_PATHWAY]
[PID_IL2_1PATHWAY,PID_IL2_1PATHWAY] was killed by [PID_IL2_PI3K_PATHWAY,PID_IL2_PI3K_PATHWAY]
[PID_ECADHERIN_KERATINOCYTE_PATHWAY,PID_ECADHERIN_KERATINOCYTE_PATHWAY] was killed by [PID_IL2_PI3K_PATHWAY,PID_IL2_PI3K_PATHWAY]
[PID_IL6_7_PATHWAY,PID_IL6_7_PATHWAY] was killed by [PID_IL2_PI3K_PATHWAY,PID_IL2_PI3K_PATHWAY]
[PID_ER_NONGENOMIC_PATHWAY,PID_ER_NONGENOMIC_PATHWAY] was killed by [PID_IL2_PI3K_PATHWAY,PID_IL2_PI3K_PATHWAY]
