[KEGG_ALZHEIMERS_DISEASE,KEGG_ALZHEIMERS_DISEASE] was killed by [KEGG_OXIDATIVE_PHOSPHORYLATION,KEGG_OXIDATIVE_PHOSPHORYLATION]
[KEGG_PARKINSONS_DISEASE,KEGG_PARKINSONS_DISEASE] was killed by [KEGG_OXIDATIVE_PHOSPHORYLATION,KEGG_OXIDATIVE_PHOSPHORYLATION]
[KEGG_HUNTINGTONS_DISEASE,KEGG_HUNTINGTONS_DISEASE] was killed by [KEGG_OXIDATIVE_PHOSPHORYLATION,KEGG_OXIDATIVE_PHOSPHORYLATION]
[KEGG_UBIQUITIN_MEDIATED_PROTEOLYSIS,KEGG_UBIQUITIN_MEDIATED_PROTEOLYSIS] was killed by [KEGG_CELL_CYCLE,KEGG_CELL_CYCLE]
[KEGG_LEISHMANIA_INFECTION,KEGG_LEISHMANIA_INFECTION] was killed by [KEGG_CELL_ADHESION_MOLECULES_CAMS,KEGG_CELL_ADHESION_MOLECULES_CAMS]
[KEGG_ALLOGRAFT_REJECTION,KEGG_ALLOGRAFT_REJECTION] was killed by [KEGG_CELL_ADHESION_MOLECULES_CAMS,KEGG_CELL_ADHESION_MOLECULES_CAMS]
[KEGG_TYPE_I_DIABETES_MELLITUS,KEGG_TYPE_I_DIABETES_MELLITUS] was killed by [KEGG_CELL_ADHESION_MOLECULES_CAMS,KEGG_CELL_ADHESION_MOLECULES_CAMS]
[KEGG_ENDOCYTOSIS,KEGG_ENDOCYTOSIS] was killed by [KEGG_OXIDATIVE_PHOSPHORYLATION,KEGG_OXIDATIVE_PHOSPHORYLATION]
[KEGG_ASTHMA,KEGG_ASTHMA] was killed by [KEGG_CELL_ADHESION_MOLECULES_CAMS,KEGG_CELL_ADHESION_MOLECULES_CAMS]
[KEGG_HEMATOPOIETIC_CELL_LINEAGE,KEGG_HEMATOPOIETIC_CELL_LINEAGE] was killed by [KEGG_CELL_ADHESION_MOLECULES_CAMS,KEGG_CELL_ADHESION_MOLECULES_CAMS]
[KEGG_ECM_RECEPTOR_INTERACTION,KEGG_ECM_RECEPTOR_INTERACTION] was killed by [KEGG_CELL_ADHESION_MOLECULES_CAMS,KEGG_CELL_ADHESION_MOLECULES_CAMS]
[KEGG_INTESTINAL_IMMUNE_NETWORK_FOR_IGA_PRODUCTION,KEGG_INTESTINAL_IMMUNE_NETWORK_FOR_IGA_PRODUCTION] was killed by [KEGG_CELL_ADHESION_MOLECULES_CAMS,KEGG_CELL_ADHESION_MOLECULES_CAMS]
[KEGG_AUTOIMMUNE_THYROID_DISEASE,KEGG_AUTOIMMUNE_THYROID_DISEASE] was killed by [KEGG_CELL_ADHESION_MOLECULES_CAMS,KEGG_CELL_ADHESION_MOLECULES_CAMS]
[KEGG_GRAFT_VERSUS_HOST_DISEASE,KEGG_GRAFT_VERSUS_HOST_DISEASE] was killed by [KEGG_CELL_ADHESION_MOLECULES_CAMS,KEGG_CELL_ADHESION_MOLECULES_CAMS]
[KEGG_STEROID_HORMONE_BIOSYNTHESIS,KEGG_STEROID_HORMONE_BIOSYNTHESIS] was killed by [KEGG_METABOLISM_OF_XENOBIOTICS_BY_CYTOCHROME_P450,KEGG_METABOLISM_OF_XENOBIOTICS_BY_CYTOCHROME_P450]
[KEGG_PYRIMIDINE_METABOLISM,KEGG_PYRIMIDINE_METABOLISM] was killed by [KEGG_NUCLEOTIDE_EXCISION_REPAIR,KEGG_NUCLEOTIDE_EXCISION_REPAIR]
[KEGG_DILATED_CARDIOMYOPATHY,KEGG_DILATED_CARDIOMYOPATHY] was killed by [KEGG_CELL_ADHESION_MOLECULES_CAMS,KEGG_CELL_ADHESION_MOLECULES_CAMS]
[KEGG_RNA_DEGRADATION,KEGG_RNA_DEGRADATION] was killed by [KEGG_SPLICEOSOME,KEGG_SPLICEOSOME]
[KEGG_DNA_REPLICATION,KEGG_DNA_REPLICATION] was killed by [KEGG_CELL_CYCLE,KEGG_CELL_CYCLE]
[KEGG_CITRATE_CYCLE_TCA_CYCLE,KEGG_CITRATE_CYCLE_TCA_CYCLE] was killed by [KEGG_OXIDATIVE_PHOSPHORYLATION,KEGG_OXIDATIVE_PHOSPHORYLATION]
[KEGG_COLORECTAL_CANCER,KEGG_COLORECTAL_CANCER] was killed by [KEGG_CELL_CYCLE,KEGG_CELL_CYCLE]
[KEGG_OOCYTE_MEIOSIS,KEGG_OOCYTE_MEIOSIS] was killed by [KEGG_CELL_ADHESION_MOLECULES_CAMS,KEGG_CELL_ADHESION_MOLECULES_CAMS]
[KEGG_SMALL_CELL_LUNG_CANCER,KEGG_SMALL_CELL_LUNG_CANCER] was killed by [KEGG_CELL_CYCLE,KEGG_CELL_CYCLE]
[KEGG_VIBRIO_CHOLERAE_INFECTION,KEGG_VIBRIO_CHOLERAE_INFECTION] was killed by [KEGG_OXIDATIVE_PHOSPHORYLATION,KEGG_OXIDATIVE_PHOSPHORYLATION]
[KEGG_CALCIUM_SIGNALING_PATHWAY,KEGG_CALCIUM_SIGNALING_PATHWAY] was killed by [KEGG_RIBOSOME,KEGG_RIBOSOME]
[KEGG_B_CELL_RECEPTOR_SIGNALING_PATHWAY,KEGG_B_CELL_RECEPTOR_SIGNALING_PATHWAY] was killed by [KEGG_FC_GAMMA_R_MEDIATED_PHAGOCYTOSIS,KEGG_FC_GAMMA_R_MEDIATED_PHAGOCYTOSIS]
[KEGG_P53_SIGNALING_PATHWAY,KEGG_P53_SIGNALING_PATHWAY] was killed by [KEGG_CELL_CYCLE,KEGG_CELL_CYCLE]
[KEGG_RETINOL_METABOLISM,KEGG_RETINOL_METABOLISM] was killed by [KEGG_METABOLISM_OF_XENOBIOTICS_BY_CYTOCHROME_P450,KEGG_METABOLISM_OF_XENOBIOTICS_BY_CYTOCHROME_P450]
[KEGG_ANTIGEN_PROCESSING_AND_PRESENTATION,KEGG_ANTIGEN_PROCESSING_AND_PRESENTATION] was killed by [KEGG_CELL_ADHESION_MOLECULES_CAMS,KEGG_CELL_ADHESION_MOLECULES_CAMS]
[KEGG_PROPANOATE_METABOLISM,KEGG_PROPANOATE_METABOLISM] was killed by [KEGG_LIMONENE_AND_PINENE_DEGRADATION,KEGG_LIMONENE_AND_PINENE_DEGRADATION]
[KEGG_DRUG_METABOLISM_CYTOCHROME_P450,KEGG_DRUG_METABOLISM_CYTOCHROME_P450] was killed by [KEGG_METABOLISM_OF_XENOBIOTICS_BY_CYTOCHROME_P450,KEGG_METABOLISM_OF_XENOBIOTICS_BY_CYTOCHROME_P450]
[KEGG_NEUROTROPHIN_SIGNALING_PATHWAY,KEGG_NEUROTROPHIN_SIGNALING_PATHWAY] was killed by [KEGG_SPLICEOSOME,KEGG_SPLICEOSOME]
[KEGG_MTOR_SIGNALING_PATHWAY,KEGG_MTOR_SIGNALING_PATHWAY] was killed by [KEGG_FC_GAMMA_R_MEDIATED_PHAGOCYTOSIS,KEGG_FC_GAMMA_R_MEDIATED_PHAGOCYTOSIS]
[KEGG_OTHER_GLYCAN_DEGRADATION,KEGG_OTHER_GLYCAN_DEGRADATION] was killed by [KEGG_LYSOSOME,KEGG_LYSOSOME]
[KEGG_ASCORBATE_AND_ALDARATE_METABOLISM,KEGG_ASCORBATE_AND_ALDARATE_METABOLISM] was killed by [KEGG_METABOLISM_OF_XENOBIOTICS_BY_CYTOCHROME_P450,KEGG_METABOLISM_OF_XENOBIOTICS_BY_CYTOCHROME_P450]
[KEGG_APOPTOSIS,KEGG_APOPTOSIS] was killed by [KEGG_CELL_ADHESION_MOLECULES_CAMS,KEGG_CELL_ADHESION_MOLECULES_CAMS]
[KEGG_GLYCOSAMINOGLYCAN_DEGRADATION,KEGG_GLYCOSAMINOGLYCAN_DEGRADATION] was killed by [KEGG_LYSOSOME,KEGG_LYSOSOME]
[KEGG_PRION_DISEASES,KEGG_PRION_DISEASES] was killed by [KEGG_TASTE_TRANSDUCTION,KEGG_TASTE_TRANSDUCTION]
[KEGG_PURINE_METABOLISM,KEGG_PURINE_METABOLISM] was killed by [KEGG_RIBOSOME,KEGG_RIBOSOME]
[KEGG_HYPERTROPHIC_CARDIOMYOPATHY_HCM,KEGG_HYPERTROPHIC_CARDIOMYOPATHY_HCM] was killed by [KEGG_SPLICEOSOME,KEGG_SPLICEOSOME]
[KEGG_PROGESTERONE_MEDIATED_OOCYTE_MATURATION,KEGG_PROGESTERONE_MEDIATED_OOCYTE_MATURATION] was killed by [KEGG_CELL_ADHESION_MOLECULES_CAMS,KEGG_CELL_ADHESION_MOLECULES_CAMS]
[KEGG_VALINE_LEUCINE_AND_ISOLEUCINE_DEGRADATION,KEGG_VALINE_LEUCINE_AND_ISOLEUCINE_DEGRADATION] was killed by [KEGG_LIMONENE_AND_PINENE_DEGRADATION,KEGG_LIMONENE_AND_PINENE_DEGRADATION]
[KEGG_CHRONIC_MYELOID_LEUKEMIA,KEGG_CHRONIC_MYELOID_LEUKEMIA] was killed by [KEGG_CELL_CYCLE,KEGG_CELL_CYCLE]
[KEGG_MISMATCH_REPAIR,KEGG_MISMATCH_REPAIR] was killed by [KEGG_NUCLEOTIDE_EXCISION_REPAIR,KEGG_NUCLEOTIDE_EXCISION_REPAIR]
[KEGG_LINOLEIC_ACID_METABOLISM,KEGG_LINOLEIC_ACID_METABOLISM] was killed by [KEGG_METABOLISM_OF_XENOBIOTICS_BY_CYTOCHROME_P450,KEGG_METABOLISM_OF_XENOBIOTICS_BY_CYTOCHROME_P450]
[KEGG_VIRAL_MYOCARDITIS,KEGG_VIRAL_MYOCARDITIS] was killed by [KEGG_CELL_ADHESION_MOLECULES_CAMS,KEGG_CELL_ADHESION_MOLECULES_CAMS]
[KEGG_BASAL_TRANSCRIPTION_FACTORS,KEGG_BASAL_TRANSCRIPTION_FACTORS] was killed by [KEGG_NUCLEOTIDE_EXCISION_REPAIR,KEGG_NUCLEOTIDE_EXCISION_REPAIR]
[KEGG_PEROXISOME,KEGG_PEROXISOME] was killed by [KEGG_CELL_ADHESION_MOLECULES_CAMS,KEGG_CELL_ADHESION_MOLECULES_CAMS]
[KEGG_FOCAL_ADHESION,KEGG_FOCAL_ADHESION] was killed by [KEGG_RIBOSOME,KEGG_RIBOSOME]
[KEGG_PANCREATIC_CANCER,KEGG_PANCREATIC_CANCER] was killed by [KEGG_CELL_CYCLE,KEGG_CELL_CYCLE]
[KEGG_LYSINE_DEGRADATION,KEGG_LYSINE_DEGRADATION] was killed by [KEGG_LIMONENE_AND_PINENE_DEGRADATION,KEGG_LIMONENE_AND_PINENE_DEGRADATION]
[KEGG_INOSITOL_PHOSPHATE_METABOLISM,KEGG_INOSITOL_PHOSPHATE_METABOLISM] was killed by [KEGG_FC_GAMMA_R_MEDIATED_PHAGOCYTOSIS,KEGG_FC_GAMMA_R_MEDIATED_PHAGOCYTOSIS]
[KEGG_PENTOSE_AND_GLUCURONATE_INTERCONVERSIONS,KEGG_PENTOSE_AND_GLUCURONATE_INTERCONVERSIONS] was killed by [KEGG_METABOLISM_OF_XENOBIOTICS_BY_CYTOCHROME_P450,KEGG_METABOLISM_OF_XENOBIOTICS_BY_CYTOCHROME_P450]
[KEGG_ARACHIDONIC_ACID_METABOLISM,KEGG_ARACHIDONIC_ACID_METABOLISM] was killed by [KEGG_METABOLISM_OF_XENOBIOTICS_BY_CYTOCHROME_P450,KEGG_METABOLISM_OF_XENOBIOTICS_BY_CYTOCHROME_P450]
[KEGG_ARRHYTHMOGENIC_RIGHT_VENTRICULAR_CARDIOMYOPATHY_ARVC,KEGG_ARRHYTHMOGENIC_RIGHT_VENTRICULAR_CARDIOMYOPATHY_ARVC] was killed by [KEGG_OXIDATIVE_PHOSPHORYLATION,KEGG_OXIDATIVE_PHOSPHORYLATION]
[KEGG_ENDOMETRIAL_CANCER,KEGG_ENDOMETRIAL_CANCER] was killed by [KEGG_FC_GAMMA_R_MEDIATED_PHAGOCYTOSIS,KEGG_FC_GAMMA_R_MEDIATED_PHAGOCYTOSIS]
[KEGG_SYSTEMIC_LUPUS_ERYTHEMATOSUS,KEGG_SYSTEMIC_LUPUS_ERYTHEMATOSUS] was killed by [KEGG_RIBOSOME,KEGG_RIBOSOME]
[KEGG_HOMOLOGOUS_RECOMBINATION,KEGG_HOMOLOGOUS_RECOMBINATION] was killed by [KEGG_NUCLEOTIDE_EXCISION_REPAIR,KEGG_NUCLEOTIDE_EXCISION_REPAIR]
[KEGG_NON_SMALL_CELL_LUNG_CANCER,KEGG_NON_SMALL_CELL_LUNG_CANCER] was killed by [KEGG_CELL_CYCLE,KEGG_CELL_CYCLE]
[KEGG_SELENOAMINO_ACID_METABOLISM,KEGG_SELENOAMINO_ACID_METABOLISM] was killed by [KEGG_AMINOACYL_TRNA_BIOSYNTHESIS,KEGG_AMINOACYL_TRNA_BIOSYNTHESIS]
[KEGG_RENAL_CELL_CARCINOMA,KEGG_RENAL_CELL_CARCINOMA] was killed by [KEGG_CELL_ADHESION_MOLECULES_CAMS,KEGG_CELL_ADHESION_MOLECULES_CAMS]
[KEGG_BASE_EXCISION_REPAIR,KEGG_BASE_EXCISION_REPAIR] was killed by [KEGG_NUCLEOTIDE_EXCISION_REPAIR,KEGG_NUCLEOTIDE_EXCISION_REPAIR]
[KEGG_FATTY_ACID_METABOLISM,KEGG_FATTY_ACID_METABOLISM] was killed by [KEGG_METABOLISM_OF_XENOBIOTICS_BY_CYTOCHROME_P450,KEGG_METABOLISM_OF_XENOBIOTICS_BY_CYTOCHROME_P450]
[KEGG_ADHERENS_JUNCTION,KEGG_ADHERENS_JUNCTION] was killed by [KEGG_SPLICEOSOME,KEGG_SPLICEOSOME]
[KEGG_BUTANOATE_METABOLISM,KEGG_BUTANOATE_METABOLISM] was killed by [KEGG_LIMONENE_AND_PINENE_DEGRADATION,KEGG_LIMONENE_AND_PINENE_DEGRADATION]
[KEGG_ACUTE_MYELOID_LEUKEMIA,KEGG_ACUTE_MYELOID_LEUKEMIA] was killed by [KEGG_FC_GAMMA_R_MEDIATED_PHAGOCYTOSIS,KEGG_FC_GAMMA_R_MEDIATED_PHAGOCYTOSIS]
[KEGG_NOTCH_SIGNALING_PATHWAY,KEGG_NOTCH_SIGNALING_PATHWAY] was killed by [KEGG_CELL_CYCLE,KEGG_CELL_CYCLE]
[KEGG_PHENYLALANINE_METABOLISM,KEGG_PHENYLALANINE_METABOLISM] was killed by [KEGG_METABOLISM_OF_XENOBIOTICS_BY_CYTOCHROME_P450,KEGG_METABOLISM_OF_XENOBIOTICS_BY_CYTOCHROME_P450]
[KEGG_INSULIN_SIGNALING_PATHWAY,KEGG_INSULIN_SIGNALING_PATHWAY] was killed by [KEGG_SPLICEOSOME,KEGG_SPLICEOSOME]
[KEGG_BETA_ALANINE_METABOLISM,KEGG_BETA_ALANINE_METABOLISM] was killed by [KEGG_LIMONENE_AND_PINENE_DEGRADATION,KEGG_LIMONENE_AND_PINENE_DEGRADATION]
[KEGG_PROSTATE_CANCER,KEGG_PROSTATE_CANCER] was killed by [KEGG_SPLICEOSOME,KEGG_SPLICEOSOME]
[KEGG_EPITHELIAL_CELL_SIGNALING_IN_HELICOBACTER_PYLORI_INFECTION,KEGG_EPITHELIAL_CELL_SIGNALING_IN_HELICOBACTER_PYLORI_INFECTION] was killed by [KEGG_SPLICEOSOME,KEGG_SPLICEOSOME]
[KEGG_ALPHA_LINOLENIC_ACID_METABOLISM,KEGG_ALPHA_LINOLENIC_ACID_METABOLISM] was killed by [KEGG_FC_GAMMA_R_MEDIATED_PHAGOCYTOSIS,KEGG_FC_GAMMA_R_MEDIATED_PHAGOCYTOSIS]
[KEGG_T_CELL_RECEPTOR_SIGNALING_PATHWAY,KEGG_T_CELL_RECEPTOR_SIGNALING_PATHWAY] was killed by [KEGG_RIBOSOME,KEGG_RIBOSOME]
[KEGG_GLYCOSPHINGOLIPID_BIOSYNTHESIS_GANGLIO_SERIES,KEGG_GLYCOSPHINGOLIPID_BIOSYNTHESIS_GANGLIO_SERIES] was killed by [KEGG_LYSOSOME,KEGG_LYSOSOME]
[KEGG_GLYCOSPHINGOLIPID_BIOSYNTHESIS_GLOBO_SERIES,KEGG_GLYCOSPHINGOLIPID_BIOSYNTHESIS_GLOBO_SERIES] was killed by [KEGG_LYSOSOME,KEGG_LYSOSOME]
[KEGG_VASCULAR_SMOOTH_MUSCLE_CONTRACTION,KEGG_VASCULAR_SMOOTH_MUSCLE_CONTRACTION] was killed by [KEGG_RIBOSOME,KEGG_RIBOSOME]
[KEGG_BLADDER_CANCER,KEGG_BLADDER_CANCER] was killed by [KEGG_CELL_CYCLE,KEGG_CELL_CYCLE]
[KEGG_GLUTATHIONE_METABOLISM,KEGG_GLUTATHIONE_METABOLISM] was killed by [KEGG_METABOLISM_OF_XENOBIOTICS_BY_CYTOCHROME_P450,KEGG_METABOLISM_OF_XENOBIOTICS_BY_CYTOCHROME_P450]
[KEGG_STARCH_AND_SUCROSE_METABOLISM,KEGG_STARCH_AND_SUCROSE_METABOLISM] was killed by [KEGG_METABOLISM_OF_XENOBIOTICS_BY_CYTOCHROME_P450,KEGG_METABOLISM_OF_XENOBIOTICS_BY_CYTOCHROME_P450]
[KEGG_JAK_STAT_SIGNALING_PATHWAY,KEGG_JAK_STAT_SIGNALING_PATHWAY] was killed by [KEGG_RIBOSOME,KEGG_RIBOSOME]
[KEGG_CYTOSOLIC_DNA_SENSING_PATHWAY,KEGG_CYTOSOLIC_DNA_SENSING_PATHWAY] was killed by [KEGG_SPLICEOSOME,KEGG_SPLICEOSOME]
[KEGG_LEUKOCYTE_TRANSENDOTHELIAL_MIGRATION,KEGG_LEUKOCYTE_TRANSENDOTHELIAL_MIGRATION] was killed by [KEGG_RIBOSOME,KEGG_RIBOSOME]
[KEGG_BIOSYNTHESIS_OF_UNSATURATED_FATTY_ACIDS,KEGG_BIOSYNTHESIS_OF_UNSATURATED_FATTY_ACIDS] was killed by [KEGG_LIMONENE_AND_PINENE_DEGRADATION,KEGG_LIMONENE_AND_PINENE_DEGRADATION]
[KEGG_HISTIDINE_METABOLISM,KEGG_HISTIDINE_METABOLISM] was killed by [KEGG_METABOLISM_OF_XENOBIOTICS_BY_CYTOCHROME_P450,KEGG_METABOLISM_OF_XENOBIOTICS_BY_CYTOCHROME_P450]
[KEGG_TRYPTOPHAN_METABOLISM,KEGG_TRYPTOPHAN_METABOLISM] was killed by [KEGG_METABOLISM_OF_XENOBIOTICS_BY_CYTOCHROME_P450,KEGG_METABOLISM_OF_XENOBIOTICS_BY_CYTOCHROME_P450]
[KEGG_TGF_BETA_SIGNALING_PATHWAY,KEGG_TGF_BETA_SIGNALING_PATHWAY] was killed by [KEGG_RIBOSOME,KEGG_RIBOSOME]
[KEGG_GLYCEROPHOSPHOLIPID_METABOLISM,KEGG_GLYCEROPHOSPHOLIPID_METABOLISM] was killed by [KEGG_RIBOSOME,KEGG_RIBOSOME]
[KEGG_THYROID_CANCER,KEGG_THYROID_CANCER] was killed by [KEGG_CELL_CYCLE,KEGG_CELL_CYCLE]
[KEGG_NATURAL_KILLER_CELL_MEDIATED_CYTOTOXICITY,KEGG_NATURAL_KILLER_CELL_MEDIATED_CYTOTOXICITY] was killed by [KEGG_RIBOSOME,KEGG_RIBOSOME]
[KEGG_PENTOSE_PHOSPHATE_PATHWAY,KEGG_PENTOSE_PHOSPHATE_PATHWAY] was killed by [KEGG_AMINO_SUGAR_AND_NUCLEOTIDE_SUGAR_METABOLISM,KEGG_AMINO_SUGAR_AND_NUCLEOTIDE_SUGAR_METABOLISM]
[KEGG_WNT_SIGNALING_PATHWAY,KEGG_WNT_SIGNALING_PATHWAY] was killed by [KEGG_RIBOSOME,KEGG_RIBOSOME]
[KEGG_AMYOTROPHIC_LATERAL_SCLEROSIS_ALS,KEGG_AMYOTROPHIC_LATERAL_SCLEROSIS_ALS] was killed by [KEGG_SPLICEOSOME,KEGG_SPLICEOSOME]
[KEGG_ALDOSTERONE_REGULATED_SODIUM_REABSORPTION,KEGG_ALDOSTERONE_REGULATED_SODIUM_REABSORPTION] was killed by [KEGG_TASTE_TRANSDUCTION,KEGG_TASTE_TRANSDUCTION]
[KEGG_SPHINGOLIPID_METABOLISM,KEGG_SPHINGOLIPID_METABOLISM] was killed by [KEGG_LYSOSOME,KEGG_LYSOSOME]
[KEGG_TIGHT_JUNCTION,KEGG_TIGHT_JUNCTION] was killed by [KEGG_RIBOSOME,KEGG_RIBOSOME]
