[GNF2_HDAC1,GNF2_HDAC1] was killed by [GNF2_APEX1,GNF2_APEX1]
[GNF2_DAP3,GNF2_DAP3] was killed by [GNF2_APEX1,GNF2_APEX1]
[GNF2_DEK,GNF2_DEK] was killed by [GNF2_APEX1,GNF2_APEX1]
[MODULE_183,MODULE_183] was killed by [GNF2_APEX1,GNF2_APEX1]
[GNF2_NPM1,GNF2_NPM1] was killed by [GNF2_APEX1,GNF2_APEX1]
[GNF2_TDG,GNF2_TDG] was killed by [GNF2_APEX1,GNF2_APEX1]
[GNF2_FBL,GNF2_FBL] was killed by [GNF2_APEX1,GNF2_APEX1]
[MORF_EIF3S6,MORF_EIF3S6] was killed by [GNF2_APEX1,GNF2_APEX1]
[GNF2_G22P1,GNF2_G22P1] was killed by [GNF2_APEX1,GNF2_APEX1]
[MORF_PRKDC,MORF_PRKDC] was killed by [GNF2_APEX1,GNF2_APEX1]
[GNF2_PA2G4,GNF2_PA2G4] was killed by [GNF2_APEX1,GNF2_APEX1]
[GNF2_ELAC2,GNF2_ELAC2] was killed by [GNF2_APEX1,GNF2_APEX1]
[GNF2_MCM5,GNF2_MCM5] was killed by [GNF2_APEX1,GNF2_APEX1]
[GNF2_KPNB1,GNF2_KPNB1] was killed by [GNF2_APEX1,GNF2_APEX1]
[MORF_HAT1,MORF_HAT1] was killed by [GNF2_APEX1,GNF2_APEX1]
[GNF2_ANP32B,GNF2_ANP32B] was killed by [GNF2_APEX1,GNF2_APEX1]
[MORF_DNMT1,MORF_DNMT1] was killed by [GNF2_APEX1,GNF2_APEX1]
[MORF_PPP1CA,MORF_PPP1CA] was killed by [GNF2_APEX1,GNF2_APEX1]
[GCM_ANP32B,GCM_ANP32B] was killed by [GNF2_APEX1,GNF2_APEX1]
[MORF_CDK2,MORF_CDK2] was killed by [GNF2_APEX1,GNF2_APEX1]
[MORF_FBL,MORF_FBL] was killed by [GNF2_APEX1,GNF2_APEX1]
[MORF_PAPSS1,MORF_PAPSS1] was killed by [GNF2_APEX1,GNF2_APEX1]
[MORF_CTBP1,MORF_CTBP1] was killed by [GNF2_APEX1,GNF2_APEX1]
[GCM_NPM1,GCM_NPM1] was killed by [GNF2_APEX1,GNF2_APEX1]
[MORF_SART1,MORF_SART1] was killed by [GNF2_APEX1,GNF2_APEX1]
