[BIOCARTA_TNFR1_PATHWAY,BIOCARTA_TNFR1_PATHWAY] was killed by [BIOCARTA_MAPK_PATHWAY,BIOCARTA_MAPK_PATHWAY]
[BIOCARTA_HCMV_PATHWAY,BIOCARTA_HCMV_PATHWAY] was killed by [BIOCARTA_MAPK_PATHWAY,BIOCARTA_MAPK_PATHWAY]
[BIOCARTA_HIVNEF_PATHWAY,BIOCARTA_HIVNEF_PATHWAY] was killed by [BIOCARTA_MAPK_PATHWAY,BIOCARTA_MAPK_PATHWAY]
[BIOCARTA_PDGF_PATHWAY,BIOCARTA_PDGF_PATHWAY] was killed by [BIOCARTA_MAPK_PATHWAY,BIOCARTA_MAPK_PATHWAY]
[BIOCARTA_41BB_PATHWAY,BIOCARTA_41BB_PATHWAY] was killed by [BIOCARTA_MAPK_PATHWAY,BIOCARTA_MAPK_PATHWAY]
[BIOCARTA_SPRY_PATHWAY,BIOCARTA_SPRY_PATHWAY] was killed by [BIOCARTA_MAPK_PATHWAY,BIOCARTA_MAPK_PATHWAY]
[BIOCARTA_TCYTOTOXIC_PATHWAY,BIOCARTA_TCYTOTOXIC_PATHWAY] was killed by [BIOCARTA_TCAPOPTOSIS_PATHWAY,BIOCARTA_TCAPOPTOSIS_PATHWAY]
[BIOCARTA_THELPER_PATHWAY,BIOCARTA_THELPER_PATHWAY] was killed by [BIOCARTA_TCAPOPTOSIS_PATHWAY,BIOCARTA_TCAPOPTOSIS_PATHWAY]
[BIOCARTA_PYK2_PATHWAY,BIOCARTA_PYK2_PATHWAY] was killed by [BIOCARTA_MAPK_PATHWAY,BIOCARTA_MAPK_PATHWAY]
[BIOCARTA_NDKDYNAMIN_PATHWAY,BIOCARTA_NDKDYNAMIN_PATHWAY] was killed by [BIOCARTA_NO1_PATHWAY,BIOCARTA_NO1_PATHWAY]
[BIOCARTA_NO2IL12_PATHWAY,BIOCARTA_NO2IL12_PATHWAY] was killed by [BIOCARTA_TCAPOPTOSIS_PATHWAY,BIOCARTA_TCAPOPTOSIS_PATHWAY]
[BIOCARTA_CHEMICAL_PATHWAY,BIOCARTA_CHEMICAL_PATHWAY] was killed by [BIOCARTA_ATRBRCA_PATHWAY,BIOCARTA_ATRBRCA_PATHWAY]
[BIOCARTA_FAS_PATHWAY,BIOCARTA_FAS_PATHWAY] was killed by [BIOCARTA_MAPK_PATHWAY,BIOCARTA_MAPK_PATHWAY]
[BIOCARTA_EIF4_PATHWAY,BIOCARTA_EIF4_PATHWAY] was killed by [BIOCARTA_MAPK_PATHWAY,BIOCARTA_MAPK_PATHWAY]
[BIOCARTA_FMLP_PATHWAY,BIOCARTA_FMLP_PATHWAY] was killed by [BIOCARTA_MAPK_PATHWAY,BIOCARTA_MAPK_PATHWAY]
[BIOCARTA_TALL1_PATHWAY,BIOCARTA_TALL1_PATHWAY] was killed by [BIOCARTA_MAPK_PATHWAY,BIOCARTA_MAPK_PATHWAY]
[BIOCARTA_TPO_PATHWAY,BIOCARTA_TPO_PATHWAY] was killed by [BIOCARTA_MAPK_PATHWAY,BIOCARTA_MAPK_PATHWAY]
[BIOCARTA_INSULIN_PATHWAY,BIOCARTA_INSULIN_PATHWAY] was killed by [BIOCARTA_MAPK_PATHWAY,BIOCARTA_MAPK_PATHWAY]
[BIOCARTA_G2_PATHWAY,BIOCARTA_G2_PATHWAY] was killed by [BIOCARTA_ATRBRCA_PATHWAY,BIOCARTA_ATRBRCA_PATHWAY]
[BIOCARTA_P53_PATHWAY,BIOCARTA_P53_PATHWAY] was killed by [BIOCARTA_ATRBRCA_PATHWAY,BIOCARTA_ATRBRCA_PATHWAY]
[BIOCARTA_GCR_PATHWAY,BIOCARTA_GCR_PATHWAY] was killed by [BIOCARTA_NO1_PATHWAY,BIOCARTA_NO1_PATHWAY]
[BIOCARTA_IL17_PATHWAY,BIOCARTA_IL17_PATHWAY] was killed by [BIOCARTA_TCAPOPTOSIS_PATHWAY,BIOCARTA_TCAPOPTOSIS_PATHWAY]
[BIOCARTA_EIF2_PATHWAY,BIOCARTA_EIF2_PATHWAY] was killed by [BIOCARTA_EIF_PATHWAY,BIOCARTA_EIF_PATHWAY]
[BIOCARTA_RB_PATHWAY,BIOCARTA_RB_PATHWAY] was killed by [BIOCARTA_ATRBRCA_PATHWAY,BIOCARTA_ATRBRCA_PATHWAY]
[BIOCARTA_CCR5_PATHWAY,BIOCARTA_CCR5_PATHWAY] was killed by [BIOCARTA_MAPK_PATHWAY,BIOCARTA_MAPK_PATHWAY]
[BIOCARTA_ATM_PATHWAY,BIOCARTA_ATM_PATHWAY] was killed by [BIOCARTA_MAPK_PATHWAY,BIOCARTA_MAPK_PATHWAY]
[BIOCARTA_BARR_MAPK_PATHWAY,BIOCARTA_BARR_MAPK_PATHWAY] was killed by [BIOCARTA_MAPK_PATHWAY,BIOCARTA_MAPK_PATHWAY]
