Starting QoRTs v1.3.6 (Compiled Tue Sep 25 11:21:46 EDT 2018)
Starting time: (Wed Jan 26 17:41:24 PST 2022)
INPUT_COMMAND(QC)
  INPUT_ARG(infile)=bam/ociaml2_u_1.sort.bam
  INPUT_ARG(gtffile)=/data_gilbert/home/aarab/genomes/hg38/gencode.v34/gencode.v34.annotation.gtf
  INPUT_ARG(outdir)=iso/rawCts/ociaml2_u_1/
  INPUT_ARG(fr_secondStrand)=true
  INPUT_ARG(singleEnded)=true
  INPUT_ARG(nameSorted)=true
Created Log File: iso/rawCts/ociaml2_u_1//QC.DHtohOr2WCCn.log
Warning: run-in-progress file "iso/rawCts/ociaml2_u_1//QC.QORTS_RUNNING" already exists. Is there another QoRTs job running?
Starting QC
[Time: 2022-01-26 17:41:24] [Mem usage: [33MB / 2147MB]] [Elapsed Time: 00:00:00.0000]
Deleting old "QORTS_COMPLETED_OK" file.
QoRTs is Running in single-end mode.
Note: read-sorting is irrelevant in single-ended mode.
No parameter --genomeFA found.
Running functions: CigarOpDistribution, GCDistribution, GeneCalcs, JunctionCalcs, NVC, 
        QualityScoreDistribution, StrandCheck, chromCounts, 
        cigarLocusCounts, readLengthDistro, writeBiotypeCounts, 
        writeClippedNVC, writeDESeq, writeDEXSeq, writeGeneBody, 
        writeGeneCounts, writeGenewiseGeneBody, 
        writeJunctionSeqCounts, writeKnownSplices, 
        writeNovelSplices, writeSpliceExon
Checking first 10000 reads. Checking SAM file for formatting errors...
   Stats on the first 10000 reads:
        Num Reads Primary Map:    4529
        Num Reads Paired-ended:   0
        Num Reads mapped pair:    0
        Num Pair names found:     0
        Num Pairs matched:        0
        Read Seq length:          51 to 51
        Unclipped Read length:    51 to 51
        Final maxReadLength:      51
        maxPhredScore:            41
        minPhredScore:            2
Done checking first 10000 reads. WARNINGS FOUND!
SAMRecord Reader Generated. Read length: 51.
[Time: 2022-01-26 17:41:26] [Mem usage: [447MB / 2894MB]] [Elapsed Time: 00:00:01.0325]
> Init GeneCalcs Utility
> Init NVC utility
> Init CigarOpDistribution Utility
> Init QualityScoreDistribution Utility
> Init GC counts Utility
> Init JunctionCalcs utility
Compiling flat feature annotation, internally in memory...
FlatteningGtf: starting...(2022-01-26 17:42:53)
    FlatteningGtf: gtf file read complete.(2022-01-26 17:43:58)
    FlatteningGtf: Splice Junction Map read.(2022-01-26 17:44:00)
    FlatteningGtf: gene Sets generated.(2022-01-26 17:44:02)
    FlatteningGtf: Aggregate Sets built.
    FlatteningGtf: Compiling Aggregate Info . . . (2022-01-26 17:44:03)
    FlatteningGtf: Finished Compiling Aggregate Info. (2022-01-26 17:44:03)
    FlatteningGtf: Iterating through the step-vector...(2022-01-26 17:44:03)
    FlatteningGtf: Adding the aggregate genes themselves...(2022-01-26 17:44:05)
    FlatteningGtf: Iterating through the splice junctions...(2022-01-26 17:44:05)
    FlatteningGtf: Sorting the aggregate genes...(2022-01-26 17:44:07)
    FlatteningGtf: Folding the FlatGtfLine iterator...(2022-01-26 17:44:07)
    FlatteningGtf: Features Built.(2022-01-26 17:44:07)
Internal flat feature annotation compiled!
length of knownSpliceMap after instantiation: 383646
length of knownCountMap after instantiation: 383646
> Init StrandCheck Utility
> Init chromCount Utility
> Init qcCigarLocusCounts Utility
> Init MinorUtils Utility
QC Utilities Generated!
[Time: 2022-01-26 17:44:12] [Mem usage: [4629MB / 10GB]] [Elapsed Time: 00:02:47.0352]
helper_calculateGeneAssignmentMap_strict. Found: 60669 genes in the supplied annotation.
helper_calculateGeneAssignmentMap_strict. Found: 18307 genes with ambiguous segments.
helper_calculateGeneAssignmentMap_strict. Found: 42362 genes after first-pass filtering
making makeGeneIntervalMap for geneBody calculations. Found: 42362 acceptable genes for gene-body analysis.
..........[1000000 Read-Pairs processed] [Time: 2022-01-26 17:45:21] 
..........[2000000 Read-Pairs processed] [Time: 2022-01-26 17:45:57] 
..........[3000000 Read-Pairs processed] [Time: 2022-01-26 17:46:33] 
..........[4000000 Read-Pairs processed] [Time: 2022-01-26 17:47:10] 
..........[5000000 Read-Pairs processed] [Time: 2022-01-26 17:47:45] 
..........[6000000 Read-Pairs processed] [Time: 2022-01-26 17:48:21] 
..........[7000000 Read-Pairs processed] [Time: 2022-01-26 17:48:57] 
..........[8000000 Read-Pairs processed] [Time: 2022-01-26 17:49:33] 
..........[9000000 Read-Pairs processed] [Time: 2022-01-26 17:50:09] 
..........[10000000 Read-Pairs processed] [Time: 2022-01-26 17:50:46] 
..........[11000000 Read-Pairs processed] [Time: 2022-01-26 17:51:23] 
..........[12000000 Read-Pairs processed] [Time: 2022-01-26 17:51:59] 
..........[13000000 Read-Pairs processed] [Time: 2022-01-26 17:52:36] 
..........[14000000 Read-Pairs processed] [Time: 2022-01-26 17:53:13] 
..........[15000000 Read-Pairs processed] [Time: 2022-01-26 17:53:49] 
..........[16000000 Read-Pairs processed] [Time: 2022-01-26 17:54:26] 
..........[17000000 Read-Pairs processed] [Time: 2022-01-26 17:55:02] 
..........[18000000 Read-Pairs processed] [Time: 2022-01-26 17:55:38] 
..........[19000000 Read-Pairs processed] [Time: 2022-01-26 17:56:15] 
..........[20000000 Read-Pairs processed] [Time: 2022-01-26 17:56:52] 
..........[21000000 Read-Pairs processed] [Time: 2022-01-26 17:57:28] 
........
Finished reading SAM. Read: 21818218 reads/read-pairs.
Finished reading SAM. Used: 16549559 reads/read-pairs.
[Time: 2022-01-26 17:57:58] [Mem usage: [6GB / 10GB]] [Elapsed Time: 00:16:33.0667]
> Read Stats:
>   READ_PAIR_OK                   16549559
>   TOTAL_READ_PAIRS               21818218
>   DROPPED_NOT_PROPER_PAIR        -1
>   DROPPED_READ_FAILS_VENDOR_QC   0
>   DROPPED_MARKED_NOT_VALID       0
>   DROPPED_CHROMS_MISMATCH        -1
>   DROPPED_PAIR_STRANDS_MISMATCH  -1
>   DROPPED_IGNORED_CHROMOSOME     0
>   DROPPED_NOT_UNIQUE_ALIGNMENT   5268659
>   DROPPED_NO_ALN_BLOCKS   0
>   DROPPED_NOT_MARKED_RG   -1
Pre-alignment read count unknown (Set --seqReadCt or --rawfastq)
Writing Output...
DEBUG NOTE: IncludeGenesSet.size: 42362
DEBUG NOTE: sortedReadCountSeq.size: 15134
DEBUG NOTE: coverageThresholds: 7567;11350;13620;15134
DEBUG NOTE: coverageSpans: [(0,7567);(7567,11350);(11350,13620);(13620,15134)]
DEBUG NOTE:	[1.bottomHalf][0.5] = [0,7567]
DEBUG NOTE:	[2.upperMidQuartile][0.75] = [7567,11350]
DEBUG NOTE:	[3.75to90][0.9] = [11350,13620]
DEBUG NOTE:	[4.high][1.0] = [13620,15134]
      (DEBUG) Generating Biotype Map [2022-01-26 17:58:00]
      (DEBUG) Extracted gene BioType using key "gene_biotype".
              Found 0 types: []
      (DEBUG) Finished Biotype Map [2022-01-26 17:59:17]
length of knownCountMap after run: 383646
WARNING: The data appears to be STRANDED, following the fr_secondStrand rule.
         Are you sure this isn't stranded data? If it is stranded, then you should probably
         re-run QoRTs with the "--stranded" and "--stranded_fr_secondstrand" options!
QoRTs completed WITH WARNINGS! See log for details.
Done.
Time spent on setup:           00:02:47.0352
Time spent on SAM iteration:   00:13:46.0316
                               (0.6309711758616889 minutes per million read-pairs)
                               (0.8318449250923646 minutes per million read-pairs used)
Time spent on file output:     00:01:29.0336
Total runtime:                 00:18:03.0004
Done. (Wed Jan 26 17:59:27 PST 2022)
