[REACTOME_RESPONSE_OF_EIF2AK4_GCN2_TO_AMINO_ACID_DEFICIENCY,REACTOME_RESPONSE_OF_EIF2AK4_GCN2_TO_AMINO_ACID_DEFICIENCY] was killed by [REACTOME_EUKARYOTIC_TRANSLATION_INITIATION,REACTOME_EUKARYOTIC_TRANSLATION_INITIATION]
[REACTOME_NONSENSE_MEDIATED_DECAY_NMD,REACTOME_NONSENSE_MEDIATED_DECAY_NMD] was killed by [REACTOME_EUKARYOTIC_TRANSLATION_INITIATION,REACTOME_EUKARYOTIC_TRANSLATION_INITIATION]
[KEGG_ENDOMETRIAL_CANCER,KEGG_ENDOMETRIAL_CANCER] was killed by [WP_ENDOMETRIAL_CANCER,WP_ENDOMETRIAL_CANCER]
[WP_CYTOPLASMIC_RIBOSOMAL_PROTEINS,WP_CYTOPLASMIC_RIBOSOMAL_PROTEINS] was killed by [REACTOME_EUKARYOTIC_TRANSLATION_INITIATION,REACTOME_EUKARYOTIC_TRANSLATION_INITIATION]
[KEGG_RIBOSOME,KEGG_RIBOSOME] was killed by [REACTOME_EUKARYOTIC_TRANSLATION_INITIATION,REACTOME_EUKARYOTIC_TRANSLATION_INITIATION]
[WP_OSTEOBLAST_DIFFERENTIATION,WP_OSTEOBLAST_DIFFERENTIATION] was killed by [WP_ENDOMETRIAL_CANCER,WP_ENDOMETRIAL_CANCER]
[WP_TGFBETA_SIGNALING_PATHWAY,WP_TGFBETA_SIGNALING_PATHWAY] was killed by [WP_ENDOMETRIAL_CANCER,WP_ENDOMETRIAL_CANCER]
[WP_REGULATION_OF_MICROTUBULE_CYTOSKELETON,WP_REGULATION_OF_MICROTUBULE_CYTOSKELETON] was killed by [WP_ENDOMETRIAL_CANCER,WP_ENDOMETRIAL_CANCER]
[REACTOME_FOXO_MEDIATED_TRANSCRIPTION,REACTOME_FOXO_MEDIATED_TRANSCRIPTION] was killed by [WP_ENDOMETRIAL_CANCER,WP_ENDOMETRIAL_CANCER]
[REACTOME_MRNA_SPLICING,REACTOME_MRNA_SPLICING] was killed by [REACTOME_EUKARYOTIC_TRANSLATION_INITIATION,REACTOME_EUKARYOTIC_TRANSLATION_INITIATION]
[REACTOME_SELENOAMINO_ACID_METABOLISM,REACTOME_SELENOAMINO_ACID_METABOLISM] was killed by [REACTOME_EUKARYOTIC_TRANSLATION_INITIATION,REACTOME_EUKARYOTIC_TRANSLATION_INITIATION]
[WP_ESC_PLURIPOTENCY_PATHWAYS,WP_ESC_PLURIPOTENCY_PATHWAYS] was killed by [WP_ENDOMETRIAL_CANCER,WP_ENDOMETRIAL_CANCER]
[SIG_PIP3_SIGNALING_IN_CARDIAC_MYOCTES,SIG_PIP3_SIGNALING_IN_CARDIAC_MYOCTES] was killed by [WP_ENDOMETRIAL_CANCER,WP_ENDOMETRIAL_CANCER]
[WNT_SIGNALING,WNT_SIGNALING] was killed by [WP_ENDOMETRIAL_CANCER,WP_ENDOMETRIAL_CANCER]
[KEGG_PROSTATE_CANCER,KEGG_PROSTATE_CANCER] was killed by [WP_ENDOMETRIAL_CANCER,WP_ENDOMETRIAL_CANCER]
[BIOCARTA_CERAMIDE_PATHWAY,BIOCARTA_CERAMIDE_PATHWAY] was killed by [WP_ENDOMETRIAL_CANCER,WP_ENDOMETRIAL_CANCER]
[WP_PATHWAYS_AFFECTED_IN_ADENOID_CYSTIC_CARCINOMA,WP_PATHWAYS_AFFECTED_IN_ADENOID_CYSTIC_CARCINOMA] was killed by [WP_ENDOMETRIAL_CANCER,WP_ENDOMETRIAL_CANCER]
[KEGG_ADIPOCYTOKINE_SIGNALING_PATHWAY,KEGG_ADIPOCYTOKINE_SIGNALING_PATHWAY] was killed by [WP_ENDOMETRIAL_CANCER,WP_ENDOMETRIAL_CANCER]
[REACTOME_SIGNALING_BY_VEGF,REACTOME_SIGNALING_BY_VEGF] was killed by [WP_ENDOMETRIAL_CANCER,WP_ENDOMETRIAL_CANCER]
[KEGG_ARRHYTHMOGENIC_RIGHT_VENTRICULAR_CARDIOMYOPATHY_ARVC,KEGG_ARRHYTHMOGENIC_RIGHT_VENTRICULAR_CARDIOMYOPATHY_ARVC] was killed by [WP_ENDOMETRIAL_CANCER,WP_ENDOMETRIAL_CANCER]
[WP_ARRHYTHMOGENIC_RIGHT_VENTRICULAR_CARDIOMYOPATHY,WP_ARRHYTHMOGENIC_RIGHT_VENTRICULAR_CARDIOMYOPATHY] was killed by [WP_ENDOMETRIAL_CANCER,WP_ENDOMETRIAL_CANCER]
[PID_ECADHERIN_STABILIZATION_PATHWAY,PID_ECADHERIN_STABILIZATION_PATHWAY] was killed by [WP_ENDOMETRIAL_CANCER,WP_ENDOMETRIAL_CANCER]
[REACTOME_REGULATION_OF_TP53_ACTIVITY_THROUGH_ACETYLATION,REACTOME_REGULATION_OF_TP53_ACTIVITY_THROUGH_ACETYLATION] was killed by [WP_ENDOMETRIAL_CANCER,WP_ENDOMETRIAL_CANCER]
[KEGG_GLIOMA,KEGG_GLIOMA] was killed by [WP_ENDOMETRIAL_CANCER,WP_ENDOMETRIAL_CANCER]
[REACTOME_ACTIVATION_OF_THE_MRNA_UPON_BINDING_OF_THE_CAP_BINDING_COMPLEX_AND_EIFS_AND_SUBSEQUENT_BINDING_TO_43S,REACTOME_ACTIVATION_OF_THE_MRNA_UPON_BINDING_OF_THE_CAP_BINDING_COMPLEX_AND_EIFS_AND_SUBSEQUENT_BINDING_TO_43S] was killed by [REACTOME_EUKARYOTIC_TRANSLATION_INITIATION,REACTOME_EUKARYOTIC_TRANSLATION_INITIATION]
[WP_G13_SIGNALING_PATHWAY,WP_G13_SIGNALING_PATHWAY] was killed by [WP_ENDOMETRIAL_CANCER,WP_ENDOMETRIAL_CANCER]
[WP_MELANOMA,WP_MELANOMA] was killed by [WP_ENDOMETRIAL_CANCER,WP_ENDOMETRIAL_CANCER]
[PID_IGF1_PATHWAY,PID_IGF1_PATHWAY] was killed by [WP_ENDOMETRIAL_CANCER,WP_ENDOMETRIAL_CANCER]
[WP_EPO_RECEPTOR_SIGNALING,WP_EPO_RECEPTOR_SIGNALING] was killed by [WP_ENDOMETRIAL_CANCER,WP_ENDOMETRIAL_CANCER]
[REACTOME_NCAM_SIGNALING_FOR_NEURITE_OUT_GROWTH,REACTOME_NCAM_SIGNALING_FOR_NEURITE_OUT_GROWTH] was killed by [WP_ENDOMETRIAL_CANCER,WP_ENDOMETRIAL_CANCER]
[WP_HOSTPATHOGEN_INTERACTION_OF_HUMAN_CORONA_VIRUSES_MAPK_SIGNALING,WP_HOSTPATHOGEN_INTERACTION_OF_HUMAN_CORONA_VIRUSES_MAPK_SIGNALING] was killed by [WP_ENDOMETRIAL_CANCER,WP_ENDOMETRIAL_CANCER]
[WP_TCELL_ANTIGEN_RECEPTOR_TCR_SIGNALING_PATHWAY,WP_TCELL_ANTIGEN_RECEPTOR_TCR_SIGNALING_PATHWAY] was killed by [WP_ENDOMETRIAL_CANCER,WP_ENDOMETRIAL_CANCER]
[WP_SIGNALING_PATHWAYS_IN_GLIOBLASTOMA,WP_SIGNALING_PATHWAYS_IN_GLIOBLASTOMA] was killed by [WP_ENDOMETRIAL_CANCER,WP_ENDOMETRIAL_CANCER]
[PID_THROMBIN_PAR4_PATHWAY,PID_THROMBIN_PAR4_PATHWAY] was killed by [REACTOME_G_ALPHA_S_SIGNALLING_EVENTS,REACTOME_G_ALPHA_S_SIGNALLING_EVENTS]
[KEGG_LEUKOCYTE_TRANSENDOTHELIAL_MIGRATION,KEGG_LEUKOCYTE_TRANSENDOTHELIAL_MIGRATION] was killed by [WP_ENDOMETRIAL_CANCER,WP_ENDOMETRIAL_CANCER]
[PID_CERAMIDE_PATHWAY,PID_CERAMIDE_PATHWAY] was killed by [WP_ENDOMETRIAL_CANCER,WP_ENDOMETRIAL_CANCER]
[KEGG_ADHERENS_JUNCTION,KEGG_ADHERENS_JUNCTION] was killed by [WP_ENDOMETRIAL_CANCER,WP_ENDOMETRIAL_CANCER]
[BIOCARTA_EIF4_PATHWAY,BIOCARTA_EIF4_PATHWAY] was killed by [WP_ENDOMETRIAL_CANCER,WP_ENDOMETRIAL_CANCER]
[PID_TGFBR_PATHWAY,PID_TGFBR_PATHWAY] was killed by [WP_ENDOMETRIAL_CANCER,WP_ENDOMETRIAL_CANCER]
[WP_TRANSLATION_INHIBITORS_IN_CHRONICALLY_ACTIVATED_PDGFRA_CELLS,WP_TRANSLATION_INHIBITORS_IN_CHRONICALLY_ACTIVATED_PDGFRA_CELLS] was killed by [WP_ENDOMETRIAL_CANCER,WP_ENDOMETRIAL_CANCER]
[WP_EGFR_TYROSINE_KINASE_INHIBITOR_RESISTANCE,WP_EGFR_TYROSINE_KINASE_INHIBITOR_RESISTANCE] was killed by [WP_ENDOMETRIAL_CANCER,WP_ENDOMETRIAL_CANCER]
[REACTOME_DEADENYLATION_OF_MRNA,REACTOME_DEADENYLATION_OF_MRNA] was killed by [REACTOME_EUKARYOTIC_TRANSLATION_INITIATION,REACTOME_EUKARYOTIC_TRANSLATION_INITIATION]
[WP_VIRAL_ACUTE_MYOCARDITIS,WP_VIRAL_ACUTE_MYOCARDITIS] was killed by [WP_ENDOMETRIAL_CANCER,WP_ENDOMETRIAL_CANCER]
[WP_IL17_SIGNALING_PATHWAY,WP_IL17_SIGNALING_PATHWAY] was killed by [WP_ENDOMETRIAL_CANCER,WP_ENDOMETRIAL_CANCER]
[REACTOME_REGULATION_OF_PTEN_STABILITY_AND_ACTIVITY,REACTOME_REGULATION_OF_PTEN_STABILITY_AND_ACTIVITY] was killed by [WP_ENDOMETRIAL_CANCER,WP_ENDOMETRIAL_CANCER]
[REACTOME_VEGFR2_MEDIATED_VASCULAR_PERMEABILITY,REACTOME_VEGFR2_MEDIATED_VASCULAR_PERMEABILITY] was killed by [WP_ENDOMETRIAL_CANCER,WP_ENDOMETRIAL_CANCER]
