[HP_PRENATAL_MATERNAL_ABNORMALITY,HP_PRENATAL_MATERNAL_ABNORMALITY] was killed by [HP_INCREASED_SERUM_LACTATE,HP_INCREASED_SERUM_LACTATE]
[HP_SLOPING_FOREHEAD,HP_SLOPING_FOREHEAD] was killed by [HP_INCREASED_SERUM_LACTATE,HP_INCREASED_SERUM_LACTATE]
[HP_LACTIC_ACIDOSIS,HP_LACTIC_ACIDOSIS] was killed by [HP_INCREASED_SERUM_LACTATE,HP_INCREASED_SERUM_LACTATE]
[HP_ABNORMALITY_OF_THE_MITOCHONDRION,HP_ABNORMALITY_OF_THE_MITOCHONDRION] was killed by [HP_INCREASED_SERUM_LACTATE,HP_INCREASED_SERUM_LACTATE]
[HP_LOWER_LIMB_SPASTICITY,HP_LOWER_LIMB_SPASTICITY] was killed by [HP_INCREASED_SERUM_LACTATE,HP_INCREASED_SERUM_LACTATE]
[HP_INFERTILITY,HP_INFERTILITY] was killed by [HP_INCREASED_SERUM_LACTATE,HP_INCREASED_SERUM_LACTATE]
[HP_MYELODYSPLASIA,HP_MYELODYSPLASIA] was killed by [HP_INCREASED_SERUM_LACTATE,HP_INCREASED_SERUM_LACTATE]
[HP_ABNORMAL_GLIAL_CELL_MORPHOLOGY,HP_ABNORMAL_GLIAL_CELL_MORPHOLOGY] was killed by [HP_INCREASED_SERUM_LACTATE,HP_INCREASED_SERUM_LACTATE]
[HP_ABNORMAL_SPUTUM,HP_ABNORMAL_SPUTUM] was killed by [HP_INCREASED_SERUM_LACTATE,HP_INCREASED_SERUM_LACTATE]
[HP_DEEPLY_SET_EYE,HP_DEEPLY_SET_EYE] was killed by [HP_WIDE_MOUTH,HP_WIDE_MOUTH]
[HP_ABNORMAL_ACTIVITY_OF_MITOCHONDRIAL_RESPIRATORY_CHAIN,HP_ABNORMAL_ACTIVITY_OF_MITOCHONDRIAL_RESPIRATORY_CHAIN] was killed by [HP_INCREASED_SERUM_LACTATE,HP_INCREASED_SERUM_LACTATE]
[HP_DILATED_FOURTH_VENTRICLE,HP_DILATED_FOURTH_VENTRICLE] was killed by [HP_WIDE_MOUTH,HP_WIDE_MOUTH]
[HP_LEUKODYSTROPHY,HP_LEUKODYSTROPHY] was killed by [HP_INCREASED_SERUM_LACTATE,HP_INCREASED_SERUM_LACTATE]
[HP_DECREASED_ACTIVITY_OF_MITOCHONDRIAL_COMPLEX_I,HP_DECREASED_ACTIVITY_OF_MITOCHONDRIAL_COMPLEX_I] was killed by [HP_INCREASED_SERUM_LACTATE,HP_INCREASED_SERUM_LACTATE]
[HP_NEOPLASM_OF_THE_LARGE_INTESTINE,HP_NEOPLASM_OF_THE_LARGE_INTESTINE] was killed by [HP_ABNORMAL_NEUTROPHIL_COUNT,HP_ABNORMAL_NEUTROPHIL_COUNT]
[HP_SMOOTH_PHILTRUM,HP_SMOOTH_PHILTRUM] was killed by [HP_INCREASED_SERUM_LACTATE,HP_INCREASED_SERUM_LACTATE]
[HP_POINTED_CHIN,HP_POINTED_CHIN] was killed by [HP_WIDE_MOUTH,HP_WIDE_MOUTH]
[HP_CENTRAL_NERVOUS_SYSTEM_CYST,HP_CENTRAL_NERVOUS_SYSTEM_CYST] was killed by [HP_WIDE_MOUTH,HP_WIDE_MOUTH]
[HP_MITOCHONDRIAL_RESPIRATORY_CHAIN_DEFECTS,HP_MITOCHONDRIAL_RESPIRATORY_CHAIN_DEFECTS] was killed by [HP_INCREASED_SERUM_LACTATE,HP_INCREASED_SERUM_LACTATE]
[HP_LISSENCEPHALY,HP_LISSENCEPHALY] was killed by [HP_ABNORMAL_NEUTROPHIL_COUNT,HP_ABNORMAL_NEUTROPHIL_COUNT]
[HP_HEPATIC_FIBROSIS,HP_HEPATIC_FIBROSIS] was killed by [HP_ABNORMAL_NEUTROPHIL_COUNT,HP_ABNORMAL_NEUTROPHIL_COUNT]
[HP_ABNORMAL_CIRCULATING_CARBOHYDRATE_CONCENTRATION,HP_ABNORMAL_CIRCULATING_CARBOHYDRATE_CONCENTRATION] was killed by [HP_INCREASED_SERUM_LACTATE,HP_INCREASED_SERUM_LACTATE]
[HP_ABNORMALITY_OF_BONE_MARROW_CELL_MORPHOLOGY,HP_ABNORMALITY_OF_BONE_MARROW_CELL_MORPHOLOGY] was killed by [HP_ABNORMAL_NEUTROPHIL_COUNT,HP_ABNORMAL_NEUTROPHIL_COUNT]
[HP_LEUKEMIA,HP_LEUKEMIA] was killed by [HP_INCREASED_SERUM_LACTATE,HP_INCREASED_SERUM_LACTATE]
[HP_ABNORMAL_CIRCULATING_PROTEINOGENIC_AMINO_ACID_CONCENTRATION,HP_ABNORMAL_CIRCULATING_PROTEINOGENIC_AMINO_ACID_CONCENTRATION] was killed by [HP_ABNORMAL_NEUTROPHIL_COUNT,HP_ABNORMAL_NEUTROPHIL_COUNT]
[HP_PIGMENTARY_RETINOPATHY,HP_PIGMENTARY_RETINOPATHY] was killed by [HP_INCREASED_SERUM_LACTATE,HP_INCREASED_SERUM_LACTATE]
[HP_CAFE_AU_LAIT_SPOT,HP_CAFE_AU_LAIT_SPOT] was killed by [HP_INCREASED_SERUM_LACTATE,HP_INCREASED_SERUM_LACTATE]
[HP_COLORECTAL_POLYPOSIS,HP_COLORECTAL_POLYPOSIS] was killed by [HP_NEOPLASM_OF_THE_STOMACH,HP_NEOPLASM_OF_THE_STOMACH]
[HP_CYSTIC_LIVER_DISEASE,HP_CYSTIC_LIVER_DISEASE] was killed by [HP_OCULOMOTOR_APRAXIA,HP_OCULOMOTOR_APRAXIA]
[HP_HYPOKALEMIC_ALKALOSIS,HP_HYPOKALEMIC_ALKALOSIS] was killed by [HP_ABNORMALITY_OF_RENAL_EXCRETION,HP_ABNORMALITY_OF_RENAL_EXCRETION]
[HP_SUPRAVENTRICULAR_ARRHYTHMIA,HP_SUPRAVENTRICULAR_ARRHYTHMIA] was killed by [HP_ABNORMAL_NEUTROPHIL_COUNT,HP_ABNORMAL_NEUTROPHIL_COUNT]
[HP_WHEEZING,HP_WHEEZING] was killed by [HP_ABNORMAL_BREATH_SOUND,HP_ABNORMAL_BREATH_SOUND]
[HP_PSYCHOTIC_MENTATION,HP_PSYCHOTIC_MENTATION] was killed by [HP_INCREASED_SERUM_LACTATE,HP_INCREASED_SERUM_LACTATE]
[HP_CEREBELLAR_CYST,HP_CEREBELLAR_CYST] was killed by [HP_WIDE_MOUTH,HP_WIDE_MOUTH]
[HP_MULTIPLE_CAFE_AU_LAIT_SPOTS,HP_MULTIPLE_CAFE_AU_LAIT_SPOTS] was killed by [HP_ABNORMAL_NEUTROPHIL_COUNT,HP_ABNORMAL_NEUTROPHIL_COUNT]
[HP_GLOBAL_BRAIN_ATROPHY,HP_GLOBAL_BRAIN_ATROPHY] was killed by [HP_INCREASED_SERUM_LACTATE,HP_INCREASED_SERUM_LACTATE]
[HP_FEMALE_INFERTILITY,HP_FEMALE_INFERTILITY] was killed by [HP_ABNORMAL_BREATH_SOUND,HP_ABNORMAL_BREATH_SOUND]
[HP_ABNORMAL_PROTEIN_GLYCOSYLATION,HP_ABNORMAL_PROTEIN_GLYCOSYLATION] was killed by [HP_ABNORMAL_GLYCOSYLATION,HP_ABNORMAL_GLYCOSYLATION]
[HP_ABNORMALITY_OF_THE_POSTERIOR_PITUITARY,HP_ABNORMALITY_OF_THE_POSTERIOR_PITUITARY] was killed by [HP_OROMOTOR_APRAXIA,HP_OROMOTOR_APRAXIA]
[HP_HYPOKALEMIA,HP_HYPOKALEMIA] was killed by [HP_ABNORMALITY_OF_RENAL_EXCRETION,HP_ABNORMALITY_OF_RENAL_EXCRETION]
[HP_POSTNATAL_MICROCEPHALY,HP_POSTNATAL_MICROCEPHALY] was killed by [HP_ABNORMAL_GLYCOSYLATION,HP_ABNORMAL_GLYCOSYLATION]
[HP_ACUTE_LEUKEMIA,HP_ACUTE_LEUKEMIA] was killed by [HP_INCREASED_SERUM_LACTATE,HP_INCREASED_SERUM_LACTATE]
[HP_APLASIA_HYPOPLASIA_OF_THE_SKIN,HP_APLASIA_HYPOPLASIA_OF_THE_SKIN] was killed by [HP_INCREASED_SERUM_LACTATE,HP_INCREASED_SERUM_LACTATE]
[HP_SANDAL_GAP,HP_SANDAL_GAP] was killed by [HP_INCREASED_SERUM_LACTATE,HP_INCREASED_SERUM_LACTATE]
[HP_TELANGIECTASIA,HP_TELANGIECTASIA] was killed by [HP_OCULOMOTOR_APRAXIA,HP_OCULOMOTOR_APRAXIA]
[HP_ABNORMALITY_OF_COMPLEMENT_SYSTEM,HP_ABNORMALITY_OF_COMPLEMENT_SYSTEM] was killed by [HP_ABNORMALITY_OF_RENAL_EXCRETION,HP_ABNORMALITY_OF_RENAL_EXCRETION]
[HP_RECURRENT_PNEUMONIA,HP_RECURRENT_PNEUMONIA] was killed by [HP_ABNORMAL_NEUTROPHIL_COUNT,HP_ABNORMAL_NEUTROPHIL_COUNT]
[HP_ABNORMALITY_OF_HEPATOBILIARY_SYSTEM_PHYSIOLOGY,HP_ABNORMALITY_OF_HEPATOBILIARY_SYSTEM_PHYSIOLOGY] was killed by [HP_INCREASED_SERUM_LACTATE,HP_INCREASED_SERUM_LACTATE]
[HP_HYPERMELANOTIC_MACULE,HP_HYPERMELANOTIC_MACULE] was killed by [HP_INCREASED_SERUM_LACTATE,HP_INCREASED_SERUM_LACTATE]
[HP_HYPOKALEMIC_METABOLIC_ALKALOSIS,HP_HYPOKALEMIC_METABOLIC_ALKALOSIS] was killed by [HP_ABNORMALITY_OF_RENAL_EXCRETION,HP_ABNORMALITY_OF_RENAL_EXCRETION]
[HP_THICKENED_NUCHAL_SKIN_FOLD,HP_THICKENED_NUCHAL_SKIN_FOLD] was killed by [HP_OCULOMOTOR_APRAXIA,HP_OCULOMOTOR_APRAXIA]
[HP_ABNORMAL_BRONCHUS_MORPHOLOGY,HP_ABNORMAL_BRONCHUS_MORPHOLOGY] was killed by [HP_INCREASED_SERUM_LACTATE,HP_INCREASED_SERUM_LACTATE]
[HP_BRAIN_IMAGING_ABNORMALITY,HP_BRAIN_IMAGING_ABNORMALITY] was killed by [HP_INCREASED_SERUM_LACTATE,HP_INCREASED_SERUM_LACTATE]
[HP_RETINAL_DETACHMENT,HP_RETINAL_DETACHMENT] was killed by [HP_INCREASED_SERUM_LACTATE,HP_INCREASED_SERUM_LACTATE]
[HP_CYCLOPIA,HP_CYCLOPIA] was killed by [HP_OROMOTOR_APRAXIA,HP_OROMOTOR_APRAXIA]
[HP_ABNORMALITY_OF_EXOCRINE_PANCREAS_PHYSIOLOGY,HP_ABNORMALITY_OF_EXOCRINE_PANCREAS_PHYSIOLOGY] was killed by [HP_ABNORMAL_NEUTROPHIL_COUNT,HP_ABNORMAL_NEUTROPHIL_COUNT]
[HP_FULL_CHEEKS,HP_FULL_CHEEKS] was killed by [HP_WIDE_MOUTH,HP_WIDE_MOUTH]
[HP_TEMPERATURE_INSTABILITY,HP_TEMPERATURE_INSTABILITY] was killed by [HP_OROMOTOR_APRAXIA,HP_OROMOTOR_APRAXIA]
[HP_INCREASED_CIRCULATING_PROLACTIN_CONCENTRATION,HP_INCREASED_CIRCULATING_PROLACTIN_CONCENTRATION] was killed by [HP_WIDE_MOUTH,HP_WIDE_MOUTH]
[HP_ABNORMALITY_OF_THE_NASAL_CAVITY,HP_ABNORMALITY_OF_THE_NASAL_CAVITY] was killed by [HP_OROMOTOR_APRAXIA,HP_OROMOTOR_APRAXIA]
[HP_ABNORMAL_THALAMIC_MRI_SIGNAL_INTENSITY,HP_ABNORMAL_THALAMIC_MRI_SIGNAL_INTENSITY] was killed by [HP_INCREASED_SERUM_LACTATE,HP_INCREASED_SERUM_LACTATE]
[HP_ABNORMAL_URINE_POTASSIUM_CONCENTRATION,HP_ABNORMAL_URINE_POTASSIUM_CONCENTRATION] was killed by [HP_ABNORMALITY_OF_RENAL_EXCRETION,HP_ABNORMALITY_OF_RENAL_EXCRETION]
[HP_DUPLICATED_COLLECTING_SYSTEM,HP_DUPLICATED_COLLECTING_SYSTEM] was killed by [HP_ABNORMAL_NEUTROPHIL_COUNT,HP_ABNORMAL_NEUTROPHIL_COUNT]
[HP_ENLARGED_POSTERIOR_FOSSA,HP_ENLARGED_POSTERIOR_FOSSA] was killed by [HP_INCREASED_SERUM_LACTATE,HP_INCREASED_SERUM_LACTATE]
[HP_SPASTIC_PARAPLEGIA,HP_SPASTIC_PARAPLEGIA] was killed by [HP_INCREASED_SERUM_LACTATE,HP_INCREASED_SERUM_LACTATE]
[HP_PROSTATE_NEOPLASM,HP_PROSTATE_NEOPLASM] was killed by [HP_NEOPLASM_OF_THE_STOMACH,HP_NEOPLASM_OF_THE_STOMACH]
[HP_CENTRAL_DIABETES_INSIPIDUS,HP_CENTRAL_DIABETES_INSIPIDUS] was killed by [HP_OROMOTOR_APRAXIA,HP_OROMOTOR_APRAXIA]
[HP_ABNORMALITY_OF_THE_PERIVENTRICULAR_WHITE_MATTER,HP_ABNORMALITY_OF_THE_PERIVENTRICULAR_WHITE_MATTER] was killed by [HP_INCREASED_SERUM_LACTATE,HP_INCREASED_SERUM_LACTATE]
[HP_ABNORMAL_SPEECH_PROSODY,HP_ABNORMAL_SPEECH_PROSODY] was killed by [HP_INCREASED_SERUM_LACTATE,HP_INCREASED_SERUM_LACTATE]
[HP_CONE_SHAPED_EPIPHYSIS,HP_CONE_SHAPED_EPIPHYSIS] was killed by [HP_OCULOMOTOR_APRAXIA,HP_OCULOMOTOR_APRAXIA]
[HP_MOLAR_TOOTH_SIGN_ON_MRI,HP_MOLAR_TOOTH_SIGN_ON_MRI] was killed by [HP_OCULOMOTOR_APRAXIA,HP_OCULOMOTOR_APRAXIA]
[HP_ASTROCYTOSIS,HP_ASTROCYTOSIS] was killed by [HP_OCULOMOTOR_APRAXIA,HP_OCULOMOTOR_APRAXIA]
[HP_PULMONARY_CYST,HP_PULMONARY_CYST] was killed by [HP_ABNORMAL_BREATH_SOUND,HP_ABNORMAL_BREATH_SOUND]
[HP_INCREASED_MUSCLE_FATIGUABILITY,HP_INCREASED_MUSCLE_FATIGUABILITY] was killed by [HP_MALIGNANT_HYPERTHERMIA,HP_MALIGNANT_HYPERTHERMIA]
[HP_GLIOSIS,HP_GLIOSIS] was killed by [HP_INCREASED_SERUM_LACTATE,HP_INCREASED_SERUM_LACTATE]
[HP_BIPARIETAL_NARROWING,HP_BIPARIETAL_NARROWING] was killed by [HP_WIDE_MOUTH,HP_WIDE_MOUTH]
[HP_ABNORMAL_ATRIOVENTRICULAR_CONDUCTION,HP_ABNORMAL_ATRIOVENTRICULAR_CONDUCTION] was killed by [HP_ABNORMAL_NEUTROPHIL_COUNT,HP_ABNORMAL_NEUTROPHIL_COUNT]
[HP_CHRONIC_SINUSITIS,HP_CHRONIC_SINUSITIS] was killed by [HP_ABNORMAL_BREATH_SOUND,HP_ABNORMAL_BREATH_SOUND]
[HP_NARROW_FOREHEAD,HP_NARROW_FOREHEAD] was killed by [HP_WIDE_MOUTH,HP_WIDE_MOUTH]
[HP_INCREASED_SERUM_PYRUVATE,HP_INCREASED_SERUM_PYRUVATE] was killed by [HP_INCREASED_SERUM_LACTATE,HP_INCREASED_SERUM_LACTATE]
[HP_ABNORMALITY_OF_THE_INCISOR,HP_ABNORMALITY_OF_THE_INCISOR] was killed by [HP_WIDE_MOUTH,HP_WIDE_MOUTH]
[HP_PROMINENT_NASAL_BRIDGE,HP_PROMINENT_NASAL_BRIDGE] was killed by [HP_WIDE_MOUTH,HP_WIDE_MOUTH]
[HP_PROGRESSIVE_MICROCEPHALY,HP_PROGRESSIVE_MICROCEPHALY] was killed by [HP_ABNORMAL_GLYCOSYLATION,HP_ABNORMAL_GLYCOSYLATION]
[HP_ABNORMAL_UTERUS_MORPHOLOGY,HP_ABNORMAL_UTERUS_MORPHOLOGY] was killed by [HP_INCREASED_SERUM_LACTATE,HP_INCREASED_SERUM_LACTATE]
[HP_ABNORMAL_HYPOTHALAMUS_PHYSIOLOGY,HP_ABNORMAL_HYPOTHALAMUS_PHYSIOLOGY] was killed by [HP_OROMOTOR_APRAXIA,HP_OROMOTOR_APRAXIA]
[HP_ABNORMALITY_OF_HEAD_BLOOD_VESSEL,HP_ABNORMALITY_OF_HEAD_BLOOD_VESSEL] was killed by [HP_WIDE_MOUTH,HP_WIDE_MOUTH]
[HP_ABNORMAL_DRINKING_BEHAVIOR,HP_ABNORMAL_DRINKING_BEHAVIOR] was killed by [HP_ABNORMALITY_OF_RENAL_EXCRETION,HP_ABNORMALITY_OF_RENAL_EXCRETION]
[HP_ABNORMALITY_OF_DNA_REPAIR,HP_ABNORMALITY_OF_DNA_REPAIR] was killed by [HP_ABNORMAL_NEUTROPHIL_COUNT,HP_ABNORMAL_NEUTROPHIL_COUNT]
[HP_HEMIPARESIS,HP_HEMIPARESIS] was killed by [HP_INCREASED_SERUM_LACTATE,HP_INCREASED_SERUM_LACTATE]
[HP_LARGE_INTESTINAL_POLYPOSIS,HP_LARGE_INTESTINAL_POLYPOSIS] was killed by [HP_NEOPLASM_OF_THE_STOMACH,HP_NEOPLASM_OF_THE_STOMACH]
[HP_PANCYTOPENIA,HP_PANCYTOPENIA] was killed by [HP_ABNORMAL_NEUTROPHIL_COUNT,HP_ABNORMAL_NEUTROPHIL_COUNT]
[HP_EEG_WITH_POLYSPIKE_WAVE_COMPLEXES,HP_EEG_WITH_POLYSPIKE_WAVE_COMPLEXES] was killed by [HP_OCULOMOTOR_APRAXIA,HP_OCULOMOTOR_APRAXIA]
[HP_NEOPLASM_OF_THE_COLON,HP_NEOPLASM_OF_THE_COLON] was killed by [HP_ABNORMAL_NEUTROPHIL_COUNT,HP_ABNORMAL_NEUTROPHIL_COUNT]
[HP_LOW_HANGING_COLUMELLA,HP_LOW_HANGING_COLUMELLA] was killed by [HP_WIDE_MOUTH,HP_WIDE_MOUTH]
[HP_SYNCOPE,HP_SYNCOPE] was killed by [HP_PAROXYSMAL_ATRIAL_FIBRILLATION,HP_PAROXYSMAL_ATRIAL_FIBRILLATION]
[HP_LOSS_OF_SPEECH,HP_LOSS_OF_SPEECH] was killed by [HP_OCULOMOTOR_APRAXIA,HP_OCULOMOTOR_APRAXIA]
[HP_PANCREATIC_FIBROSIS,HP_PANCREATIC_FIBROSIS] was killed by [HP_OCULOMOTOR_APRAXIA,HP_OCULOMOTOR_APRAXIA]
[HP_ACUTE_MYELOID_LEUKEMIA,HP_ACUTE_MYELOID_LEUKEMIA] was killed by [HP_INCREASED_SERUM_LACTATE,HP_INCREASED_SERUM_LACTATE]
[HP_NARROW_NASAL_BRIDGE,HP_NARROW_NASAL_BRIDGE] was killed by [HP_OROMOTOR_APRAXIA,HP_OROMOTOR_APRAXIA]
[HP_PANHYPOPITUITARISM,HP_PANHYPOPITUITARISM] was killed by [HP_OROMOTOR_APRAXIA,HP_OROMOTOR_APRAXIA]
[HP_BASAL_ENCEPHALOCELE,HP_BASAL_ENCEPHALOCELE] was killed by [HP_OROMOTOR_APRAXIA,HP_OROMOTOR_APRAXIA]
[HP_PERISYLVIAN_POLYMICROGYRIA,HP_PERISYLVIAN_POLYMICROGYRIA] was killed by [HP_OROMOTOR_APRAXIA,HP_OROMOTOR_APRAXIA]
[HP_GASTROINTESTINAL_CARCINOMA,HP_GASTROINTESTINAL_CARCINOMA] was killed by [HP_INCREASED_SERUM_LACTATE,HP_INCREASED_SERUM_LACTATE]
[HP_DYSPHASIA,HP_DYSPHASIA] was killed by [HP_WIDE_MOUTH,HP_WIDE_MOUTH]
[HP_DEATH_IN_INFANCY,HP_DEATH_IN_INFANCY] was killed by [HP_INCREASED_SERUM_LACTATE,HP_INCREASED_SERUM_LACTATE]
[HP_HYPSARRHYTHMIA,HP_HYPSARRHYTHMIA] was killed by [HP_ABNORMAL_NEUTROPHIL_COUNT,HP_ABNORMAL_NEUTROPHIL_COUNT]
[HP_DELAYED_MYELINATION,HP_DELAYED_MYELINATION] was killed by [HP_INCREASED_SERUM_LACTATE,HP_INCREASED_SERUM_LACTATE]
[HP_ABNORMAL_PROSTATE_MORPHOLOGY,HP_ABNORMAL_PROSTATE_MORPHOLOGY] was killed by [HP_NEOPLASM_OF_THE_STOMACH,HP_NEOPLASM_OF_THE_STOMACH]
[HP_ABNORMAL_CIRCULATING_SERINE_FAMILY_AMINO_ACID_CONCENTRATION,HP_ABNORMAL_CIRCULATING_SERINE_FAMILY_AMINO_ACID_CONCENTRATION] was killed by [HP_INCREASED_SERUM_LACTATE,HP_INCREASED_SERUM_LACTATE]
[HP_ABNORMAL_NASAL_MUCOSA_MORPHOLOGY,HP_ABNORMAL_NASAL_MUCOSA_MORPHOLOGY] was killed by [HP_INCREASED_SERUM_LACTATE,HP_INCREASED_SERUM_LACTATE]
[HP_ABNORMALITY_OF_THE_COLUMELLA,HP_ABNORMALITY_OF_THE_COLUMELLA] was killed by [HP_WIDE_MOUTH,HP_WIDE_MOUTH]
[HP_ADENOCARCINOMA_OF_THE_INTESTINES,HP_ADENOCARCINOMA_OF_THE_INTESTINES] was killed by [HP_ABNORMAL_NEUTROPHIL_COUNT,HP_ABNORMAL_NEUTROPHIL_COUNT]
[HP_PYRIDOXINE_RESPONSIVE_SIDEROBLASTIC_ANEMIA,HP_PYRIDOXINE_RESPONSIVE_SIDEROBLASTIC_ANEMIA] was killed by [HP_ABNORMAL_NEUTROPHIL_COUNT,HP_ABNORMAL_NEUTROPHIL_COUNT]
[HP_ABNORMAL_SIZE_OF_PITUITARY_GLAND,HP_ABNORMAL_SIZE_OF_PITUITARY_GLAND] was killed by [HP_WIDE_MOUTH,HP_WIDE_MOUTH]
[HP_DICARBOXYLIC_ACIDURIA,HP_DICARBOXYLIC_ACIDURIA] was killed by [HP_ABNORMAL_NEUTROPHIL_COUNT,HP_ABNORMAL_NEUTROPHIL_COUNT]
[HP_HYPERVENTILATION,HP_HYPERVENTILATION] was killed by [HP_INCREASED_SERUM_LACTATE,HP_INCREASED_SERUM_LACTATE]
[HP_ANEMIA_OF_INADEQUATE_PRODUCTION,HP_ANEMIA_OF_INADEQUATE_PRODUCTION] was killed by [HP_ABNORMAL_NEUTROPHIL_COUNT,HP_ABNORMAL_NEUTROPHIL_COUNT]
[HP_ABNORMAL_UPPER_MOTOR_NEURON_MORPHOLOGY,HP_ABNORMAL_UPPER_MOTOR_NEURON_MORPHOLOGY] was killed by [HP_OCULOMOTOR_APRAXIA,HP_OCULOMOTOR_APRAXIA]
[HP_STOMACH_CANCER,HP_STOMACH_CANCER] was killed by [HP_NEOPLASM_OF_THE_STOMACH,HP_NEOPLASM_OF_THE_STOMACH]
[HP_SYMPHALANGISM_AFFECTING_THE_PHALANGES_OF_THE_HAND,HP_SYMPHALANGISM_AFFECTING_THE_PHALANGES_OF_THE_HAND] was killed by [HP_MALIGNANT_HYPERTHERMIA,HP_MALIGNANT_HYPERTHERMIA]
[HP_NEOPLASM_OF_THE_RECTUM,HP_NEOPLASM_OF_THE_RECTUM] was killed by [HP_NEOPLASM_OF_THE_STOMACH,HP_NEOPLASM_OF_THE_STOMACH]
[HP_THICK_LOWER_LIP_VERMILION,HP_THICK_LOWER_LIP_VERMILION] was killed by [HP_WIDE_MOUTH,HP_WIDE_MOUTH]
[HP_ANTINUCLEAR_ANTIBODY_POSITIVITY,HP_ANTINUCLEAR_ANTIBODY_POSITIVITY] was killed by [HP_ABNORMAL_NEUTROPHIL_COUNT,HP_ABNORMAL_NEUTROPHIL_COUNT]
[HP_MATERNAL_DIABETES,HP_MATERNAL_DIABETES] was killed by [HP_OROMOTOR_APRAXIA,HP_OROMOTOR_APRAXIA]
[HP_SEVERE_COMBINED_IMMUNODEFICIENCY,HP_SEVERE_COMBINED_IMMUNODEFICIENCY] was killed by [HP_ABNORMAL_NEUTROPHIL_COUNT,HP_ABNORMAL_NEUTROPHIL_COUNT]
[HP_FOCAL_T2_HYPERINTENSE_BRAINSTEM_LESION,HP_FOCAL_T2_HYPERINTENSE_BRAINSTEM_LESION] was killed by [HP_INCREASED_SERUM_LACTATE,HP_INCREASED_SERUM_LACTATE]
[HP_OBSTRUCTIVE_SLEEP_APNEA,HP_OBSTRUCTIVE_SLEEP_APNEA] was killed by [HP_ABNORMAL_BREATH_SOUND,HP_ABNORMAL_BREATH_SOUND]
[HP_DYSLEXIA,HP_DYSLEXIA] was killed by [HP_OCULOMOTOR_APRAXIA,HP_OCULOMOTOR_APRAXIA]
[HP_POLYSPLENIA,HP_POLYSPLENIA] was killed by [HP_INCREASED_SERUM_LACTATE,HP_INCREASED_SERUM_LACTATE]
[HP_PERSEVERATION,HP_PERSEVERATION] was killed by [HP_OCULOMOTOR_APRAXIA,HP_OCULOMOTOR_APRAXIA]
[HP_NASAL_OBSTRUCTION,HP_NASAL_OBSTRUCTION] was killed by [HP_ABNORMAL_BREATH_SOUND,HP_ABNORMAL_BREATH_SOUND]
[HP_SINGLE_MEDIAN_MAXILLARY_INCISOR,HP_SINGLE_MEDIAN_MAXILLARY_INCISOR] was killed by [HP_OROMOTOR_APRAXIA,HP_OROMOTOR_APRAXIA]
[HP_INCREASED_CSF_LACTATE,HP_INCREASED_CSF_LACTATE] was killed by [HP_INCREASED_SERUM_LACTATE,HP_INCREASED_SERUM_LACTATE]
[HP_RETINAL_TELANGIECTASIA,HP_RETINAL_TELANGIECTASIA] was killed by [HP_INCREASED_SERUM_LACTATE,HP_INCREASED_SERUM_LACTATE]
[HP_MACULE,HP_MACULE] was killed by [HP_INCREASED_SERUM_LACTATE,HP_INCREASED_SERUM_LACTATE]
[HP_TELANGIECTASIA_OF_THE_SKIN,HP_TELANGIECTASIA_OF_THE_SKIN] was killed by [HP_INCREASED_SERUM_LACTATE,HP_INCREASED_SERUM_LACTATE]
[HP_TELECANTHUS,HP_TELECANTHUS] was killed by [HP_INCREASED_SERUM_LACTATE,HP_INCREASED_SERUM_LACTATE]
[HP_CENTRAL_HYPOTHYROIDISM,HP_CENTRAL_HYPOTHYROIDISM] was killed by [HP_INCREASED_SERUM_LACTATE,HP_INCREASED_SERUM_LACTATE]
[HP_NEURONAL_LOSS_IN_BASAL_GANGLIA,HP_NEURONAL_LOSS_IN_BASAL_GANGLIA] was killed by [HP_INCREASED_SERUM_LACTATE,HP_INCREASED_SERUM_LACTATE]
[HP_TRANSPOSITION_OF_THE_GREAT_ARTERIES,HP_TRANSPOSITION_OF_THE_GREAT_ARTERIES] was killed by [HP_INCREASED_SERUM_LACTATE,HP_INCREASED_SERUM_LACTATE]
[HP_MATURITY_ONSET_DIABETES_OF_THE_YOUNG,HP_MATURITY_ONSET_DIABETES_OF_THE_YOUNG] was killed by [HP_ABNORMALITY_OF_BLOOD_VOLUME_HOMEOSTASIS,HP_ABNORMALITY_OF_BLOOD_VOLUME_HOMEOSTASIS]
[HP_ABNORMAL_LEVELS_OF_ALPHA_FETOPROTEIN,HP_ABNORMAL_LEVELS_OF_ALPHA_FETOPROTEIN] was killed by [HP_OCULOMOTOR_APRAXIA,HP_OCULOMOTOR_APRAXIA]
[HP_COMBINED_IMMUNODEFICIENCY,HP_COMBINED_IMMUNODEFICIENCY] was killed by [HP_ABNORMAL_NEUTROPHIL_COUNT,HP_ABNORMAL_NEUTROPHIL_COUNT]
[HP_PERIODONTITIS,HP_PERIODONTITIS] was killed by [HP_ABNORMAL_NEUTROPHIL_COUNT,HP_ABNORMAL_NEUTROPHIL_COUNT]
[HP_INCREASED_BONE_MINERAL_DENSITY,HP_INCREASED_BONE_MINERAL_DENSITY] was killed by [HP_ABNORMAL_NEUTROPHIL_COUNT,HP_ABNORMAL_NEUTROPHIL_COUNT]
[HP_VENTRICULAR_FIBRILLATION,HP_VENTRICULAR_FIBRILLATION] was killed by [HP_PAROXYSMAL_ATRIAL_FIBRILLATION,HP_PAROXYSMAL_ATRIAL_FIBRILLATION]
[HP_PANCREATIC_CYSTS,HP_PANCREATIC_CYSTS] was killed by [HP_ABNORMALITY_OF_RENAL_EXCRETION,HP_ABNORMALITY_OF_RENAL_EXCRETION]
[HP_ABNORMAL_CSF_METABOLITE_LEVEL,HP_ABNORMAL_CSF_METABOLITE_LEVEL] was killed by [HP_INCREASED_SERUM_LACTATE,HP_INCREASED_SERUM_LACTATE]
[HP_UNSTEADY_GAIT,HP_UNSTEADY_GAIT] was killed by [HP_ABNORMAL_BREATH_SOUND,HP_ABNORMAL_BREATH_SOUND]
[HP_LONG_NOSE,HP_LONG_NOSE] was killed by [HP_WIDE_MOUTH,HP_WIDE_MOUTH]
[HP_ECTRODACTYLY,HP_ECTRODACTYLY] was killed by [HP_INCREASED_SERUM_LACTATE,HP_INCREASED_SERUM_LACTATE]
[HP_ABNORMALITY_OF_THALAMUS_MORPHOLOGY,HP_ABNORMALITY_OF_THALAMUS_MORPHOLOGY] was killed by [HP_INCREASED_SERUM_LACTATE,HP_INCREASED_SERUM_LACTATE]
[HP_ABNORMAL_MORPHOLOGY_OF_THE_OLFACTORY_BULB,HP_ABNORMAL_MORPHOLOGY_OF_THE_OLFACTORY_BULB] was killed by [HP_OROMOTOR_APRAXIA,HP_OROMOTOR_APRAXIA]
[HP_DECREASED_ACTIVITY_OF_THE_PYRUVATE_DEHYDROGENASE_COMPLEX,HP_DECREASED_ACTIVITY_OF_THE_PYRUVATE_DEHYDROGENASE_COMPLEX] was killed by [HP_INCREASED_SERUM_LACTATE,HP_INCREASED_SERUM_LACTATE]
[HP_CENTRAL_APNEA,HP_CENTRAL_APNEA] was killed by [HP_OCULOMOTOR_APRAXIA,HP_OCULOMOTOR_APRAXIA]
[HP_ABNORMAL_NUMBER_OF_INCISORS,HP_ABNORMAL_NUMBER_OF_INCISORS] was killed by [HP_OROMOTOR_APRAXIA,HP_OROMOTOR_APRAXIA]
[HP_ABNORMAL_VISUAL_FIELD_TEST,HP_ABNORMAL_VISUAL_FIELD_TEST] was killed by [HP_WIDE_MOUTH,HP_WIDE_MOUTH]
[HP_DECREASED_MUSCLE_MASS,HP_DECREASED_MUSCLE_MASS] was killed by [HP_SHORT_UPPER_LIP,HP_SHORT_UPPER_LIP]
[HP_ABNORMAL_RENAL_MEDULLA_MORPHOLOGY,HP_ABNORMAL_RENAL_MEDULLA_MORPHOLOGY] was killed by [HP_ABNORMALITY_OF_RENAL_EXCRETION,HP_ABNORMALITY_OF_RENAL_EXCRETION]
[HP_TEMPORAL_CORTICAL_ATROPHY,HP_TEMPORAL_CORTICAL_ATROPHY] was killed by [HP_OCULOMOTOR_APRAXIA,HP_OCULOMOTOR_APRAXIA]
[HP_HIGHLY_ARCHED_EYEBROW,HP_HIGHLY_ARCHED_EYEBROW] was killed by [HP_INCREASED_SERUM_LACTATE,HP_INCREASED_SERUM_LACTATE]
[HP_ELEVATED_CALCITONIN,HP_ELEVATED_CALCITONIN] was killed by [HP_NEOPLASM_OF_THE_STOMACH,HP_NEOPLASM_OF_THE_STOMACH]
[HP_ABNORMAL_RECTUM_MORPHOLOGY,HP_ABNORMAL_RECTUM_MORPHOLOGY] was killed by [HP_WIDE_MOUTH,HP_WIDE_MOUTH]
[HP_PROXIMAL_RENAL_TUBULAR_ACIDOSIS,HP_PROXIMAL_RENAL_TUBULAR_ACIDOSIS] was killed by [HP_INCREASED_SERUM_LACTATE,HP_INCREASED_SERUM_LACTATE]
[HP_ABNORMAL_SOCIAL_BEHAVIOR,HP_ABNORMAL_SOCIAL_BEHAVIOR] was killed by [HP_INCREASED_SERUM_LACTATE,HP_INCREASED_SERUM_LACTATE]
[HP_METATARSUS_ADDUCTUS,HP_METATARSUS_ADDUCTUS] was killed by [HP_WIDE_MOUTH,HP_WIDE_MOUTH]
[HP_RETINAL_VASCULAR_TORTUOSITY,HP_RETINAL_VASCULAR_TORTUOSITY] was killed by [HP_INCREASED_SERUM_LACTATE,HP_INCREASED_SERUM_LACTATE]
[HP_ABNORMAL_ATRIAL_ARRANGEMENT,HP_ABNORMAL_ATRIAL_ARRANGEMENT] was killed by [HP_ABNORMAL_BREATH_SOUND,HP_ABNORMAL_BREATH_SOUND]
[HP_MALE_INFERTILITY,HP_MALE_INFERTILITY] was killed by [HP_INCREASED_SERUM_LACTATE,HP_INCREASED_SERUM_LACTATE]
[HP_ABNORMAL_ASTROCYTE_MORPHOLOGY,HP_ABNORMAL_ASTROCYTE_MORPHOLOGY] was killed by [HP_OCULOMOTOR_APRAXIA,HP_OCULOMOTOR_APRAXIA]
[HP_BULBOUS_NOSE,HP_BULBOUS_NOSE] was killed by [HP_INCREASED_SERUM_LACTATE,HP_INCREASED_SERUM_LACTATE]
[HP_VENTRICULAR_ARRHYTHMIA,HP_VENTRICULAR_ARRHYTHMIA] was killed by [HP_INCREASED_SERUM_LACTATE,HP_INCREASED_SERUM_LACTATE]
[HP_ABNORMAL_SPERM_MOTILITY,HP_ABNORMAL_SPERM_MOTILITY] was killed by [HP_INCREASED_SERUM_LACTATE,HP_INCREASED_SERUM_LACTATE]
[HP_HYPOPLASIA_OF_THE_BRAINSTEM,HP_HYPOPLASIA_OF_THE_BRAINSTEM] was killed by [HP_OCULOMOTOR_APRAXIA,HP_OCULOMOTOR_APRAXIA]
[HP_AIRWAY_OBSTRUCTION,HP_AIRWAY_OBSTRUCTION] was killed by [HP_INCREASED_SERUM_LACTATE,HP_INCREASED_SERUM_LACTATE]
[HP_ABNORMAL_C_REACTIVE_PROTEIN_LEVEL,HP_ABNORMAL_C_REACTIVE_PROTEIN_LEVEL] was killed by [HP_ABNORMAL_NEUTROPHIL_COUNT,HP_ABNORMAL_NEUTROPHIL_COUNT]
[HP_ABNORMAL_RETINAL_ARTERY_MORPHOLOGY,HP_ABNORMAL_RETINAL_ARTERY_MORPHOLOGY] was killed by [HP_WIDE_MOUTH,HP_WIDE_MOUTH]
[HP_RECURRENT_MYCOBACTERIAL_INFECTIONS,HP_RECURRENT_MYCOBACTERIAL_INFECTIONS] was killed by [HP_INCREASED_SERUM_LACTATE,HP_INCREASED_SERUM_LACTATE]
[HP_MULTIFOCAL_EPILEPTIFORM_DISCHARGES,HP_MULTIFOCAL_EPILEPTIFORM_DISCHARGES] was killed by [HP_ABNORMAL_NEUTROPHIL_COUNT,HP_ABNORMAL_NEUTROPHIL_COUNT]
[HP_CRACKLES,HP_CRACKLES] was killed by [HP_ABNORMAL_BREATH_SOUND,HP_ABNORMAL_BREATH_SOUND]
[HP_ABNORMALITY_OF_THE_LYMPH_NODES,HP_ABNORMALITY_OF_THE_LYMPH_NODES] was killed by [HP_INCREASED_SERUM_LACTATE,HP_INCREASED_SERUM_LACTATE]
[HP_FIRST_DEGREE_ATRIOVENTRICULAR_BLOCK,HP_FIRST_DEGREE_ATRIOVENTRICULAR_BLOCK] was killed by [HP_PAROXYSMAL_ATRIAL_FIBRILLATION,HP_PAROXYSMAL_ATRIAL_FIBRILLATION]
[HP_OVERWEIGHT,HP_OVERWEIGHT] was killed by [HP_WIDE_MOUTH,HP_WIDE_MOUTH]
[HP_NEOPLASM_OF_THE_PITUITARY_GLAND,HP_NEOPLASM_OF_THE_PITUITARY_GLAND] was killed by [HP_NEOPLASM_OF_THE_STOMACH,HP_NEOPLASM_OF_THE_STOMACH]
[HP_ORGANIC_ACIDURIA,HP_ORGANIC_ACIDURIA] was killed by [HP_ABNORMAL_NEUTROPHIL_COUNT,HP_ABNORMAL_NEUTROPHIL_COUNT]
[HP_ABNORMAL_MITRAL_VALVE_PHYSIOLOGY,HP_ABNORMAL_MITRAL_VALVE_PHYSIOLOGY] was killed by [HP_WIDE_MOUTH,HP_WIDE_MOUTH]
[HP_PROMINENT_NOSE,HP_PROMINENT_NOSE] was killed by [HP_INCREASED_SERUM_LACTATE,HP_INCREASED_SERUM_LACTATE]
[HP_NEONATAL_ONSET,HP_NEONATAL_ONSET] was killed by [HP_ABNORMALITY_OF_BLOOD_VOLUME_HOMEOSTASIS,HP_ABNORMALITY_OF_BLOOD_VOLUME_HOMEOSTASIS]
[HP_SIDEROBLASTIC_ANEMIA,HP_SIDEROBLASTIC_ANEMIA] was killed by [HP_ABNORMAL_NEUTROPHIL_COUNT,HP_ABNORMAL_NEUTROPHIL_COUNT]
[HP_CEREBRAL_CALCIFICATION,HP_CEREBRAL_CALCIFICATION] was killed by [HP_ABNORMAL_NEUTROPHIL_COUNT,HP_ABNORMAL_NEUTROPHIL_COUNT]
[HP_MITOCHONDRIAL_MYOPATHY,HP_MITOCHONDRIAL_MYOPATHY] was killed by [HP_INCREASED_SERUM_LACTATE,HP_INCREASED_SERUM_LACTATE]
[HP_POLYPHAGIA,HP_POLYPHAGIA] was killed by [HP_ABNORMALITY_OF_RENAL_EXCRETION,HP_ABNORMALITY_OF_RENAL_EXCRETION]
[HP_HEMOPTYSIS,HP_HEMOPTYSIS] was killed by [HP_INCREASED_SERUM_LACTATE,HP_INCREASED_SERUM_LACTATE]
[HP_POLYURIA,HP_POLYURIA] was killed by [HP_ABNORMALITY_OF_RENAL_EXCRETION,HP_ABNORMALITY_OF_RENAL_EXCRETION]
[HP_CLUBBING_OF_TOES,HP_CLUBBING_OF_TOES] was killed by [HP_ABNORMAL_NEUTROPHIL_COUNT,HP_ABNORMAL_NEUTROPHIL_COUNT]
[HP_RENAL_SALT_WASTING,HP_RENAL_SALT_WASTING] was killed by [HP_ABNORMALITY_OF_RENAL_EXCRETION,HP_ABNORMALITY_OF_RENAL_EXCRETION]
[HP_ATYPICAL_ABSENCE_SEIZURE,HP_ATYPICAL_ABSENCE_SEIZURE] was killed by [HP_SUBCORTICAL_HETEROTOPIA,HP_SUBCORTICAL_HETEROTOPIA]
[HP_SINGLE_NARIS,HP_SINGLE_NARIS] was killed by [HP_OROMOTOR_APRAXIA,HP_OROMOTOR_APRAXIA]
[HP_INCOMPLETE_PENETRANCE,HP_INCOMPLETE_PENETRANCE] was killed by [HP_OROMOTOR_APRAXIA,HP_OROMOTOR_APRAXIA]
[HP_IRREGULAR_HYPERPIGMENTATION,HP_IRREGULAR_HYPERPIGMENTATION] was killed by [HP_INCREASED_SERUM_LACTATE,HP_INCREASED_SERUM_LACTATE]
[HP_LIPID_ACCUMULATION_IN_HEPATOCYTES,HP_LIPID_ACCUMULATION_IN_HEPATOCYTES] was killed by [HP_INCREASED_SERUM_LACTATE,HP_INCREASED_SERUM_LACTATE]
[HP_NEURONAL_LOSS_IN_CENTRAL_NERVOUS_SYSTEM,HP_NEURONAL_LOSS_IN_CENTRAL_NERVOUS_SYSTEM] was killed by [HP_OCULOMOTOR_APRAXIA,HP_OCULOMOTOR_APRAXIA]
[HP_MULTIFACTORIAL_INHERITANCE,HP_MULTIFACTORIAL_INHERITANCE] was killed by [HP_INCREASED_SERUM_LACTATE,HP_INCREASED_SERUM_LACTATE]
[HP_SLENDER_LONG_BONE,HP_SLENDER_LONG_BONE] was killed by [HP_SHORT_UPPER_LIP,HP_SHORT_UPPER_LIP]
[HP_SCHIZOPHRENIA,HP_SCHIZOPHRENIA] was killed by [HP_ABNORMAL_NEUTROPHIL_COUNT,HP_ABNORMAL_NEUTROPHIL_COUNT]
[HP_ULNAR_DEVIATION_OF_THE_HAND_OR_OF_FINGERS_OF_THE_HAND,HP_ULNAR_DEVIATION_OF_THE_HAND_OR_OF_FINGERS_OF_THE_HAND] was killed by [HP_WIDE_MOUTH,HP_WIDE_MOUTH]
[HP_SLENDER_FINGER,HP_SLENDER_FINGER] was killed by [HP_ABNORMALITY_OF_BLOOD_VOLUME_HOMEOSTASIS,HP_ABNORMALITY_OF_BLOOD_VOLUME_HOMEOSTASIS]
[HP_SLOW_DECREASE_IN_VISUAL_ACUITY,HP_SLOW_DECREASE_IN_VISUAL_ACUITY] was killed by [HP_INCREASED_SERUM_LACTATE,HP_INCREASED_SERUM_LACTATE]
[HP_ELEVATED_HEMOGLOBIN_A1C,HP_ELEVATED_HEMOGLOBIN_A1C] was killed by [HP_ABNORMALITY_OF_BLOOD_VOLUME_HOMEOSTASIS,HP_ABNORMALITY_OF_BLOOD_VOLUME_HOMEOSTASIS]
[HP_EEG_WITH_SPIKE_WAVE_COMPLEXES,HP_EEG_WITH_SPIKE_WAVE_COMPLEXES] was killed by [HP_INCREASED_SERUM_LACTATE,HP_INCREASED_SERUM_LACTATE]
[HP_CARCINOID_TUMOR,HP_CARCINOID_TUMOR] was killed by [HP_NEOPLASM_OF_THE_STOMACH,HP_NEOPLASM_OF_THE_STOMACH]
[HP_DELAYED_PUBERTY,HP_DELAYED_PUBERTY] was killed by [HP_OROMOTOR_APRAXIA,HP_OROMOTOR_APRAXIA]
[HP_COUGH,HP_COUGH] was killed by [HP_INCREASED_SERUM_LACTATE,HP_INCREASED_SERUM_LACTATE]
[HP_STENOSIS_OF_THE_EXTERNAL_AUDITORY_CANAL,HP_STENOSIS_OF_THE_EXTERNAL_AUDITORY_CANAL] was killed by [HP_SHORT_UPPER_LIP,HP_SHORT_UPPER_LIP]
[HP_PULMONARY_INSUFFICIENCY,HP_PULMONARY_INSUFFICIENCY] was killed by [HP_ABNORMAL_BREATH_SOUND,HP_ABNORMAL_BREATH_SOUND]
[HP_PULMONARY_INTERSTITIAL_HIGH_RESOLUTION_COMPUTED_TOMOGRAPHY_ABNORMALITY,HP_PULMONARY_INTERSTITIAL_HIGH_RESOLUTION_COMPUTED_TOMOGRAPHY_ABNORMALITY] was killed by [HP_ABNORMAL_BREATH_SOUND,HP_ABNORMAL_BREATH_SOUND]
[HP_ABNORMAL_PLATELET_MORPHOLOGY,HP_ABNORMAL_PLATELET_MORPHOLOGY] was killed by [HP_ABNORMAL_NEUTROPHIL_COUNT,HP_ABNORMAL_NEUTROPHIL_COUNT]
[HP_POSTAXIAL_HAND_POLYDACTYLY,HP_POSTAXIAL_HAND_POLYDACTYLY] was killed by [HP_INCREASED_SERUM_LACTATE,HP_INCREASED_SERUM_LACTATE]
[HP_TOXEMIA_OF_PREGNANCY,HP_TOXEMIA_OF_PREGNANCY] was killed by [HP_ABNORMALITY_OF_RENAL_EXCRETION,HP_ABNORMALITY_OF_RENAL_EXCRETION]
[HP_CORNEAL_EROSION,HP_CORNEAL_EROSION] was killed by [HP_MALIGNANT_HYPERTHERMIA,HP_MALIGNANT_HYPERTHERMIA]
[HP_ADENOCARCINOMA_OF_THE_LARGE_INTESTINE,HP_ADENOCARCINOMA_OF_THE_LARGE_INTESTINE] was killed by [HP_ABNORMAL_NEUTROPHIL_COUNT,HP_ABNORMAL_NEUTROPHIL_COUNT]
[HP_FEMALE_REPRODUCTIVE_SYSTEM_NEOPLASM,HP_FEMALE_REPRODUCTIVE_SYSTEM_NEOPLASM] was killed by [HP_INCREASED_SERUM_LACTATE,HP_INCREASED_SERUM_LACTATE]
[HP_PRIMARY_AMENORRHEA,HP_PRIMARY_AMENORRHEA] was killed by [HP_ABNORMAL_NEUTROPHIL_COUNT,HP_ABNORMAL_NEUTROPHIL_COUNT]
[HP_INCREASED_LDL_CHOLESTEROL_CONCENTRATION,HP_INCREASED_LDL_CHOLESTEROL_CONCENTRATION] was killed by [HP_ABNORMAL_GLYCOSYLATION,HP_ABNORMAL_GLYCOSYLATION]
[HP_PITUITARY_ADENOMA,HP_PITUITARY_ADENOMA] was killed by [HP_NEOPLASM_OF_THE_STOMACH,HP_NEOPLASM_OF_THE_STOMACH]
[HP_HEPATIC_FAILURE,HP_HEPATIC_FAILURE] was killed by [HP_INCREASED_SERUM_LACTATE,HP_INCREASED_SERUM_LACTATE]
[HP_CARDIOMEGALY,HP_CARDIOMEGALY] was killed by [HP_WIDE_MOUTH,HP_WIDE_MOUTH]
[HP_APLASIA_HYPOPLASIA_OF_THE_SPLEEN,HP_APLASIA_HYPOPLASIA_OF_THE_SPLEEN] was killed by [HP_INCREASED_SERUM_LACTATE,HP_INCREASED_SERUM_LACTATE]
[HP_ANTERIOR_PITUITARY_DYSGENESIS,HP_ANTERIOR_PITUITARY_DYSGENESIS] was killed by [HP_OROMOTOR_APRAXIA,HP_OROMOTOR_APRAXIA]
[HP_APLASIA_HYPOPLASIA_INVOLVING_THE_SINUSES,HP_APLASIA_HYPOPLASIA_INVOLVING_THE_SINUSES] was killed by [HP_SHORT_UPPER_LIP,HP_SHORT_UPPER_LIP]
[HP_ABNORMALITY_OF_VITAMIN_E_METABOLISM,HP_ABNORMALITY_OF_VITAMIN_E_METABOLISM] was killed by [HP_ABNORMAL_NEUTROPHIL_COUNT,HP_ABNORMAL_NEUTROPHIL_COUNT]
[HP_GRAY_MATTER_HETEROTOPIA,HP_GRAY_MATTER_HETEROTOPIA] was killed by [HP_INCREASED_SERUM_LACTATE,HP_INCREASED_SERUM_LACTATE]
[HP_SOMATIC_MUTATION,HP_SOMATIC_MUTATION] was killed by [HP_INCREASED_SERUM_LACTATE,HP_INCREASED_SERUM_LACTATE]
[HP_DESCENDING_THORACIC_AORTA_ANEURYSM,HP_DESCENDING_THORACIC_AORTA_ANEURYSM] was killed by [HP_ABNORMALITY_OF_BLOOD_VOLUME_HOMEOSTASIS,HP_ABNORMALITY_OF_BLOOD_VOLUME_HOMEOSTASIS]
[HP_NASOGASTRIC_TUBE_FEEDING,HP_NASOGASTRIC_TUBE_FEEDING] was killed by [HP_FLAT_FOREHEAD,HP_FLAT_FOREHEAD]
[HP_ABNORMAL_HAIR_LABORATORY_EXAMINATION,HP_ABNORMAL_HAIR_LABORATORY_EXAMINATION] was killed by [HP_ABNORMAL_NEUTROPHIL_COUNT,HP_ABNORMAL_NEUTROPHIL_COUNT]
[HP_EMG_MYOPATHIC_ABNORMALITIES,HP_EMG_MYOPATHIC_ABNORMALITIES] was killed by [HP_ABNORMAL_NEUTROPHIL_COUNT,HP_ABNORMAL_NEUTROPHIL_COUNT]
[HP_EXODEVIATION,HP_EXODEVIATION] was killed by [HP_WIDE_MOUTH,HP_WIDE_MOUTH]
[HP_GENITAL_NEOPLASM,HP_GENITAL_NEOPLASM] was killed by [HP_INCREASED_SERUM_LACTATE,HP_INCREASED_SERUM_LACTATE]
[HP_ABNORMAL_VAGINA_MORPHOLOGY,HP_ABNORMAL_VAGINA_MORPHOLOGY] was killed by [HP_ABNORMAL_BREATH_SOUND,HP_ABNORMAL_BREATH_SOUND]
[HP_FETAL_ULTRASOUND_SOFT_MARKER,HP_FETAL_ULTRASOUND_SOFT_MARKER] was killed by [HP_INCREASED_SERUM_LACTATE,HP_INCREASED_SERUM_LACTATE]
[HP_ABDOMINAL_AORTIC_ANEURYSM,HP_ABDOMINAL_AORTIC_ANEURYSM] was killed by [HP_ABNORMALITY_OF_BLOOD_VOLUME_HOMEOSTASIS,HP_ABNORMALITY_OF_BLOOD_VOLUME_HOMEOSTASIS]
[HP_ABNORMAL_PANCREAS_SIZE,HP_ABNORMAL_PANCREAS_SIZE] was killed by [HP_ABNORMAL_NEUTROPHIL_COUNT,HP_ABNORMAL_NEUTROPHIL_COUNT]
[HP_PSYCHOGENIC_NON_EPILEPTIC_SEIZURE,HP_PSYCHOGENIC_NON_EPILEPTIC_SEIZURE] was killed by [HP_NEOPLASM_OF_THE_STOMACH,HP_NEOPLASM_OF_THE_STOMACH]
[HP_DEHYDRATION,HP_DEHYDRATION] was killed by [HP_ABNORMAL_NEUTROPHIL_COUNT,HP_ABNORMAL_NEUTROPHIL_COUNT]
[HP_POSTERIOR_EMBRYOTOXON,HP_POSTERIOR_EMBRYOTOXON] was killed by [HP_WIDE_MOUTH,HP_WIDE_MOUTH]
[HP_SPARSE_BODY_HAIR,HP_SPARSE_BODY_HAIR] was killed by [HP_INCREASED_SERUM_LACTATE,HP_INCREASED_SERUM_LACTATE]
[HP_HYPERKALEMIA,HP_HYPERKALEMIA] was killed by [HP_ABNORMAL_BREATH_SOUND,HP_ABNORMAL_BREATH_SOUND]
[HP_DELAYED_ABILITY_TO_WALK,HP_DELAYED_ABILITY_TO_WALK] was killed by [HP_ABNORMAL_NEUTROPHIL_COUNT,HP_ABNORMAL_NEUTROPHIL_COUNT]
[HP_NEOPLASM_OF_THE_NERVOUS_SYSTEM,HP_NEOPLASM_OF_THE_NERVOUS_SYSTEM] was killed by [HP_NEOPLASM_OF_THE_STOMACH,HP_NEOPLASM_OF_THE_STOMACH]
[HP_PSYCHOMOTOR_RETARDATION,HP_PSYCHOMOTOR_RETARDATION] was killed by [HP_INCREASED_SERUM_LACTATE,HP_INCREASED_SERUM_LACTATE]
[HP_RECURRENT_LOWER_RESPIRATORY_TRACT_INFECTIONS,HP_RECURRENT_LOWER_RESPIRATORY_TRACT_INFECTIONS] was killed by [HP_ABNORMAL_NEUTROPHIL_COUNT,HP_ABNORMAL_NEUTROPHIL_COUNT]
[HP_RENAL_TUBULAR_ACIDOSIS,HP_RENAL_TUBULAR_ACIDOSIS] was killed by [HP_INCREASED_SERUM_LACTATE,HP_INCREASED_SERUM_LACTATE]
[HP_HEMIFACIAL_SPASM,HP_HEMIFACIAL_SPASM] was killed by [HP_WIDE_MOUTH,HP_WIDE_MOUTH]
[HP_ABNORMALITY_OF_CHROMOSOME_STABILITY,HP_ABNORMALITY_OF_CHROMOSOME_STABILITY] was killed by [HP_ABNORMAL_NEUTROPHIL_COUNT,HP_ABNORMAL_NEUTROPHIL_COUNT]
[HP_SCLERODERMA,HP_SCLERODERMA] was killed by [HP_ABNORMALITY_OF_RENAL_EXCRETION,HP_ABNORMALITY_OF_RENAL_EXCRETION]
[HP_SINUS_BRADYCARDIA,HP_SINUS_BRADYCARDIA] was killed by [HP_PAROXYSMAL_ATRIAL_FIBRILLATION,HP_PAROXYSMAL_ATRIAL_FIBRILLATION]
[HP_DIABETES_INSIPIDUS,HP_DIABETES_INSIPIDUS] was killed by [HP_ABNORMAL_NEUTROPHIL_COUNT,HP_ABNORMAL_NEUTROPHIL_COUNT]
[HP_INCREASED_CIRCULATING_IGM_LEVEL,HP_INCREASED_CIRCULATING_IGM_LEVEL] was killed by [HP_ABNORMAL_NEUTROPHIL_COUNT,HP_ABNORMAL_NEUTROPHIL_COUNT]
[HP_OPTIC_DISC_PALLOR,HP_OPTIC_DISC_PALLOR] was killed by [HP_INCREASED_SERUM_LACTATE,HP_INCREASED_SERUM_LACTATE]
[HP_INCREASED_NUMBER_OF_TEETH,HP_INCREASED_NUMBER_OF_TEETH] was killed by [HP_WIDE_MOUTH,HP_WIDE_MOUTH]
[HP_HIRSUTISM,HP_HIRSUTISM] was killed by [HP_INCREASED_SERUM_LACTATE,HP_INCREASED_SERUM_LACTATE]
[HP_ABNORMAL_BILIARY_TRACT_MORPHOLOGY,HP_ABNORMAL_BILIARY_TRACT_MORPHOLOGY] was killed by [HP_ABNORMAL_NEUTROPHIL_COUNT,HP_ABNORMAL_NEUTROPHIL_COUNT]
[HP_DECREASED_FERTILITY_IN_FEMALES,HP_DECREASED_FERTILITY_IN_FEMALES] was killed by [HP_INCREASED_SERUM_LACTATE,HP_INCREASED_SERUM_LACTATE]
[HP_RENAL_FIBROSIS,HP_RENAL_FIBROSIS] was killed by [HP_ABNORMALITY_OF_RENAL_EXCRETION,HP_ABNORMALITY_OF_RENAL_EXCRETION]
[HP_PULMONARY_EMBOLISM,HP_PULMONARY_EMBOLISM] was killed by [HP_NEOPLASM_OF_THE_STOMACH,HP_NEOPLASM_OF_THE_STOMACH]
[HP_NEOPLASM_OF_THE_PARATHYROID_GLAND,HP_NEOPLASM_OF_THE_PARATHYROID_GLAND] was killed by [HP_ABNORMALITY_OF_RENAL_EXCRETION,HP_ABNORMALITY_OF_RENAL_EXCRETION]
[HP_FLAT_OCCIPUT,HP_FLAT_OCCIPUT] was killed by [HP_WIDE_MOUTH,HP_WIDE_MOUTH]
[HP_RECURRENT_GRAM_NEGATIVE_BACTERIAL_INFECTIONS,HP_RECURRENT_GRAM_NEGATIVE_BACTERIAL_INFECTIONS] was killed by [HP_ABNORMALITY_OF_RENAL_EXCRETION,HP_ABNORMALITY_OF_RENAL_EXCRETION]
[HP_SHORT_CHIN,HP_SHORT_CHIN] was killed by [HP_WIDE_MOUTH,HP_WIDE_MOUTH]
[HP_CIRRHOSIS,HP_CIRRHOSIS] was killed by [HP_NEOPLASM_OF_THE_STOMACH,HP_NEOPLASM_OF_THE_STOMACH]
[HP_CONGENITAL_HEPATIC_FIBROSIS,HP_CONGENITAL_HEPATIC_FIBROSIS] was killed by [HP_ABNORMALITY_OF_RENAL_EXCRETION,HP_ABNORMALITY_OF_RENAL_EXCRETION]
[HP_HYPERAMMONEMIA,HP_HYPERAMMONEMIA] was killed by [HP_INCREASED_SERUM_LACTATE,HP_INCREASED_SERUM_LACTATE]
