[MIR3925_3P,MIR3925_3P] was killed by [MIR3064_3P,MIR3064_3P]
[MIR1260A_MIR1260B,MIR1260A_MIR1260B] was killed by [MIR3064_3P,MIR3064_3P]
[MIR12129,MIR12129] was killed by [GCATTTG_MIR105,GCATTTG_MIR105]
[MIR6781_3P,MIR6781_3P] was killed by [MIR3064_3P,MIR3064_3P]
[MIR208A_3P,MIR208A_3P] was killed by [MIR208B_3P,MIR208B_3P]
[MIR8080,MIR8080] was killed by [MIR421,MIR421]
[ATAACCT_MIR154,ATAACCT_MIR154] was killed by [MIR3064_3P,MIR3064_3P]
[MIR7157_3P,MIR7157_3P] was killed by [GCATTTG_MIR105,GCATTTG_MIR105]
[MIR3914,MIR3914] was killed by [MIR3064_3P,MIR3064_3P]
[MIR194_5P,MIR194_5P] was killed by [MIR421,MIR421]
[MIR12121,MIR12121] was killed by [MIR3064_3P,MIR3064_3P]
[MIR6737_3P,MIR6737_3P] was killed by [GCATTTG_MIR105,GCATTTG_MIR105]
[AGGTGCA_MIR500,AGGTGCA_MIR500] was killed by [CTCAAGA_MIR526B,CTCAAGA_MIR526B]
[MIR4484,MIR4484] was killed by [MIR3064_3P,MIR3064_3P]
[MIR135A_2_3P,MIR135A_2_3P] was killed by [MIR3064_3P,MIR3064_3P]
[MIR135B_3P,MIR135B_3P] was killed by [MIR3064_3P,MIR3064_3P]
[ATGTAGC_MIR221_MIR222,ATGTAGC_MIR221_MIR222] was killed by [CTCAAGA_MIR526B,CTCAAGA_MIR526B]
[MIR542_3P,MIR542_3P] was killed by [MIR223_5P,MIR223_5P]
[MIR3619_3P,MIR3619_3P] was killed by [MIR421,MIR421]
[MIR6500_3P,MIR6500_3P] was killed by [MIR3064_3P,MIR3064_3P]
[MIR623,MIR623] was killed by [MIR223_5P,MIR223_5P]
[MIR513C_5P,MIR513C_5P] was killed by [MIR671_5P,MIR671_5P]
[FXR_Q3,FXR_Q3] was killed by [MIR6719_3P,MIR6719_3P]
[MIR130B_5P,MIR130B_5P] was killed by [MIR223_5P,MIR223_5P]
[MIR877_3P,MIR877_3P] was killed by [MIR7158_3P,MIR7158_3P]
[MIR4473,MIR4473] was killed by [MIR4641,MIR4641]
[MIR219B_5P,MIR219B_5P] was killed by [CTCAAGA_MIR526B,CTCAAGA_MIR526B]
[MIR3184_3P,MIR3184_3P] was killed by [MIR223_5P,MIR223_5P]
[MIR3622A_3P_MIR3622B_3P,MIR3622A_3P_MIR3622B_3P] was killed by [MIR3064_3P,MIR3064_3P]
[MIR6833_5P,MIR6833_5P] was killed by [MIR421,MIR421]
[MIR1257,MIR1257] was killed by [MIR3064_3P,MIR3064_3P]
[MIR6758_5P,MIR6758_5P] was killed by [MIR671_5P,MIR671_5P]
[MIR6769A_3P,MIR6769A_3P] was killed by [MIR421,MIR421]
[MIR4423_3P,MIR4423_3P] was killed by [MIR6719_3P,MIR6719_3P]
[MIR548AD_3P,MIR548AD_3P] was killed by [MIR671_5P,MIR671_5P]
[MIR1202,MIR1202] was killed by [MIR3064_3P,MIR3064_3P]
[MIR199A_5P,MIR199A_5P] was killed by [MIR3064_3P,MIR3064_3P]
[MIR3690,MIR3690] was killed by [CCAWNWWNNNGGC_UNKNOWN,CCAWNWWNNNGGC_UNKNOWN]
[MIR222_5P,MIR222_5P] was killed by [MIR223_5P,MIR223_5P]
[MIR199B_5P,MIR199B_5P] was killed by [MIR3064_3P,MIR3064_3P]
[MIR514B_5P,MIR514B_5P] was killed by [MIR671_5P,MIR671_5P]
[MIR4764_5P,MIR4764_5P] was killed by [MIR223_5P,MIR223_5P]
