[GOBP_COTRANSLATIONAL_PROTEIN_TARGETING_TO_MEMBRANE,GOBP_COTRANSLATIONAL_PROTEIN_TARGETING_TO_MEMBRANE] was killed by [GOBP_VIRAL_GENE_EXPRESSION,GOBP_VIRAL_GENE_EXPRESSION]
[GOCC_CYTOSOLIC_RIBOSOME,GOCC_CYTOSOLIC_RIBOSOME] was killed by [GOBP_VIRAL_GENE_EXPRESSION,GOBP_VIRAL_GENE_EXPRESSION]
[GOBP_TRANSLATIONAL_INITIATION,GOBP_TRANSLATIONAL_INITIATION] was killed by [GOBP_VIRAL_GENE_EXPRESSION,GOBP_VIRAL_GENE_EXPRESSION]
[GOBP_ESTABLISHMENT_OF_PROTEIN_LOCALIZATION_TO_ENDOPLASMIC_RETICULUM,GOBP_ESTABLISHMENT_OF_PROTEIN_LOCALIZATION_TO_ENDOPLASMIC_RETICULUM] was killed by [GOBP_VIRAL_GENE_EXPRESSION,GOBP_VIRAL_GENE_EXPRESSION]
[GOBP_NUCLEAR_TRANSCRIBED_MRNA_CATABOLIC_PROCESS_NONSENSE_MEDIATED_DECAY,GOBP_NUCLEAR_TRANSCRIBED_MRNA_CATABOLIC_PROCESS_NONSENSE_MEDIATED_DECAY] was killed by [GOBP_VIRAL_GENE_EXPRESSION,GOBP_VIRAL_GENE_EXPRESSION]
[GOCC_RIBOSOMAL_SUBUNIT,GOCC_RIBOSOMAL_SUBUNIT] was killed by [GOBP_VIRAL_GENE_EXPRESSION,GOBP_VIRAL_GENE_EXPRESSION]
[GOMF_STRUCTURAL_CONSTITUENT_OF_RIBOSOME,GOMF_STRUCTURAL_CONSTITUENT_OF_RIBOSOME] was killed by [GOBP_VIRAL_GENE_EXPRESSION,GOBP_VIRAL_GENE_EXPRESSION]
[GOBP_CYTOPLASMIC_TRANSLATION,GOBP_CYTOPLASMIC_TRANSLATION] was killed by [GOBP_VIRAL_GENE_EXPRESSION,GOBP_VIRAL_GENE_EXPRESSION]
[GOBP_PROTEIN_LOCALIZATION_TO_ENDOPLASMIC_RETICULUM,GOBP_PROTEIN_LOCALIZATION_TO_ENDOPLASMIC_RETICULUM] was killed by [GOBP_VIRAL_GENE_EXPRESSION,GOBP_VIRAL_GENE_EXPRESSION]
[GOCC_SPLICEOSOMAL_COMPLEX,GOCC_SPLICEOSOMAL_COMPLEX] was killed by [GOMF_MRNA_3_UTR_BINDING,GOMF_MRNA_3_UTR_BINDING]
[GOMF_SINGLE_STRANDED_RNA_BINDING,GOMF_SINGLE_STRANDED_RNA_BINDING] was killed by [GOMF_MRNA_3_UTR_BINDING,GOMF_MRNA_3_UTR_BINDING]
[GOCC_CYTOSOLIC_LARGE_RIBOSOMAL_SUBUNIT,GOCC_CYTOSOLIC_LARGE_RIBOSOMAL_SUBUNIT] was killed by [GOBP_VIRAL_GENE_EXPRESSION,GOBP_VIRAL_GENE_EXPRESSION]
[GOBP_NEGATIVE_REGULATION_OF_PROTEIN_CONTAINING_COMPLEX_DISASSEMBLY,GOBP_NEGATIVE_REGULATION_OF_PROTEIN_CONTAINING_COMPLEX_DISASSEMBLY] was killed by [GOBP_NEGATIVE_REGULATION_OF_SUPRAMOLECULAR_FIBER_ORGANIZATION,GOBP_NEGATIVE_REGULATION_OF_SUPRAMOLECULAR_FIBER_ORGANIZATION]
[GOBP_REGULATION_OF_RECEPTOR_MEDIATED_ENDOCYTOSIS,GOBP_REGULATION_OF_RECEPTOR_MEDIATED_ENDOCYTOSIS] was killed by [GOBP_MEMORY,GOBP_MEMORY]
[GOBP_POSITIVE_REGULATION_OF_TRANSLATION,GOBP_POSITIVE_REGULATION_OF_TRANSLATION] was killed by [GOBP_VIRAL_GENE_EXPRESSION,GOBP_VIRAL_GENE_EXPRESSION]
[GOBP_REGULATION_OF_PROTEIN_DEPOLYMERIZATION,GOBP_REGULATION_OF_PROTEIN_DEPOLYMERIZATION] was killed by [GOBP_NEGATIVE_REGULATION_OF_SUPRAMOLECULAR_FIBER_ORGANIZATION,GOBP_NEGATIVE_REGULATION_OF_SUPRAMOLECULAR_FIBER_ORGANIZATION]
[GOBP_REGULATION_OF_PEPTIDYL_THREONINE_PHOSPHORYLATION,GOBP_REGULATION_OF_PEPTIDYL_THREONINE_PHOSPHORYLATION] was killed by [GOCC_FICOLIN_1_RICH_GRANULE,GOCC_FICOLIN_1_RICH_GRANULE]
[GOCC_FICOLIN_1_RICH_GRANULE_LUMEN,GOCC_FICOLIN_1_RICH_GRANULE_LUMEN] was killed by [GOCC_FICOLIN_1_RICH_GRANULE,GOCC_FICOLIN_1_RICH_GRANULE]
[GOBP_CELLULAR_MODIFIED_AMINO_ACID_METABOLIC_PROCESS,GOBP_CELLULAR_MODIFIED_AMINO_ACID_METABOLIC_PROCESS] was killed by [GOBP_DICARBOXYLIC_ACID_METABOLIC_PROCESS,GOBP_DICARBOXYLIC_ACID_METABOLIC_PROCESS]
[GOBP_POSITIVE_REGULATION_OF_PEPTIDYL_THREONINE_PHOSPHORYLATION,GOBP_POSITIVE_REGULATION_OF_PEPTIDYL_THREONINE_PHOSPHORYLATION] was killed by [GOCC_FICOLIN_1_RICH_GRANULE,GOCC_FICOLIN_1_RICH_GRANULE]
[GOBP_LIPOPROTEIN_BIOSYNTHETIC_PROCESS,GOBP_LIPOPROTEIN_BIOSYNTHETIC_PROCESS] was killed by [GOBP_LIPOPROTEIN_METABOLIC_PROCESS,GOBP_LIPOPROTEIN_METABOLIC_PROCESS]
[GOBP_RNA_EXPORT_FROM_NUCLEUS,GOBP_RNA_EXPORT_FROM_NUCLEUS] was killed by [GOBP_VIRAL_GENE_EXPRESSION,GOBP_VIRAL_GENE_EXPRESSION]
[GOBP_GASTRULATION,GOBP_GASTRULATION] was killed by [GOBP_CARDIAC_CHAMBER_DEVELOPMENT,GOBP_CARDIAC_CHAMBER_DEVELOPMENT]
[GOCC_LARGE_RIBOSOMAL_SUBUNIT,GOCC_LARGE_RIBOSOMAL_SUBUNIT] was killed by [GOBP_VIRAL_GENE_EXPRESSION,GOBP_VIRAL_GENE_EXPRESSION]
[GOBP_POSITIVE_REGULATION_OF_LIPID_METABOLIC_PROCESS,GOBP_POSITIVE_REGULATION_OF_LIPID_METABOLIC_PROCESS] was killed by [GOBP_MEMORY,GOBP_MEMORY]
[GOBP_AMINOGLYCAN_METABOLIC_PROCESS,GOBP_AMINOGLYCAN_METABOLIC_PROCESS] was killed by [GOBP_MUCOPOLYSACCHARIDE_METABOLIC_PROCESS,GOBP_MUCOPOLYSACCHARIDE_METABOLIC_PROCESS]
[GOBP_RIBOSOMAL_LARGE_SUBUNIT_BIOGENESIS,GOBP_RIBOSOMAL_LARGE_SUBUNIT_BIOGENESIS] was killed by [GOBP_VIRAL_GENE_EXPRESSION,GOBP_VIRAL_GENE_EXPRESSION]
[GOBP_NOTCH_SIGNALING_PATHWAY,GOBP_NOTCH_SIGNALING_PATHWAY] was killed by [GOBP_CARDIAC_CHAMBER_DEVELOPMENT,GOBP_CARDIAC_CHAMBER_DEVELOPMENT]
[GOBP_REGULATION_OF_RNA_SPLICING,GOBP_REGULATION_OF_RNA_SPLICING] was killed by [GOMF_MRNA_3_UTR_BINDING,GOMF_MRNA_3_UTR_BINDING]
[GOMF_UNFOLDED_PROTEIN_BINDING,GOMF_UNFOLDED_PROTEIN_BINDING] was killed by [GOCC_FICOLIN_1_RICH_GRANULE,GOCC_FICOLIN_1_RICH_GRANULE]
[GOBP_MRNA_SPLICE_SITE_SELECTION,GOBP_MRNA_SPLICE_SITE_SELECTION] was killed by [GOMF_MRNA_3_UTR_BINDING,GOMF_MRNA_3_UTR_BINDING]
[GOBP_TRANSPORT_ALONG_MICROTUBULE,GOBP_TRANSPORT_ALONG_MICROTUBULE] was killed by [GOBP_CARDIAC_CHAMBER_DEVELOPMENT,GOBP_CARDIAC_CHAMBER_DEVELOPMENT]
[GOBP_MITOTIC_CYTOKINESIS,GOBP_MITOTIC_CYTOKINESIS] was killed by [GOBP_NEGATIVE_REGULATION_OF_SUPRAMOLECULAR_FIBER_ORGANIZATION,GOBP_NEGATIVE_REGULATION_OF_SUPRAMOLECULAR_FIBER_ORGANIZATION]
[GOBP_MICROTUBULE_POLYMERIZATION_OR_DEPOLYMERIZATION,GOBP_MICROTUBULE_POLYMERIZATION_OR_DEPOLYMERIZATION] was killed by [GOBP_NEGATIVE_REGULATION_OF_SUPRAMOLECULAR_FIBER_ORGANIZATION,GOBP_NEGATIVE_REGULATION_OF_SUPRAMOLECULAR_FIBER_ORGANIZATION]
[GOBP_REGULATION_OF_ACTIN_FILAMENT_LENGTH,GOBP_REGULATION_OF_ACTIN_FILAMENT_LENGTH] was killed by [GOBP_NEGATIVE_REGULATION_OF_SUPRAMOLECULAR_FIBER_ORGANIZATION,GOBP_NEGATIVE_REGULATION_OF_SUPRAMOLECULAR_FIBER_ORGANIZATION]
[GOMF_RIBONUCLEOPROTEIN_COMPLEX_BINDING,GOMF_RIBONUCLEOPROTEIN_COMPLEX_BINDING] was killed by [GOMF_MRNA_3_UTR_BINDING,GOMF_MRNA_3_UTR_BINDING]
[GOMF_TRANSLATION_REGULATOR_ACTIVITY_NUCLEIC_ACID_BINDING,GOMF_TRANSLATION_REGULATOR_ACTIVITY_NUCLEIC_ACID_BINDING] was killed by [GOMF_MRNA_3_UTR_BINDING,GOMF_MRNA_3_UTR_BINDING]
[GOBP_REGULATION_OF_UBIQUITIN_PROTEIN_TRANSFERASE_ACTIVITY,GOBP_REGULATION_OF_UBIQUITIN_PROTEIN_TRANSFERASE_ACTIVITY] was killed by [GOBP_VIRAL_GENE_EXPRESSION,GOBP_VIRAL_GENE_EXPRESSION]
[GOBP_REGULATION_OF_SYNAPTIC_PLASTICITY,GOBP_REGULATION_OF_SYNAPTIC_PLASTICITY] was killed by [GOBP_MEMORY,GOBP_MEMORY]
[GOMF_PROTEIN_FOLDING_CHAPERONE,GOMF_PROTEIN_FOLDING_CHAPERONE] was killed by [GOCC_FICOLIN_1_RICH_GRANULE,GOCC_FICOLIN_1_RICH_GRANULE]
[GOBP_REGULATION_OF_ORGAN_GROWTH,GOBP_REGULATION_OF_ORGAN_GROWTH] was killed by [GOBP_MEMORY,GOBP_MEMORY]
[GOMF_VITAMIN_BINDING,GOMF_VITAMIN_BINDING] was killed by [GOBP_DICARBOXYLIC_ACID_METABOLIC_PROCESS,GOBP_DICARBOXYLIC_ACID_METABOLIC_PROCESS]
[GOMF_STRUCTURAL_CONSTITUENT_OF_CYTOSKELETON,GOMF_STRUCTURAL_CONSTITUENT_OF_CYTOSKELETON] was killed by [GOBP_NEGATIVE_REGULATION_OF_SUPRAMOLECULAR_FIBER_ORGANIZATION,GOBP_NEGATIVE_REGULATION_OF_SUPRAMOLECULAR_FIBER_ORGANIZATION]
[GOBP_STRESS_FIBER_ASSEMBLY,GOBP_STRESS_FIBER_ASSEMBLY] was killed by [GOBP_NEGATIVE_REGULATION_OF_SUPRAMOLECULAR_FIBER_ORGANIZATION,GOBP_NEGATIVE_REGULATION_OF_SUPRAMOLECULAR_FIBER_ORGANIZATION]
[GOBP_MICROTUBULE_BASED_TRANSPORT,GOBP_MICROTUBULE_BASED_TRANSPORT] was killed by [GOBP_CARDIAC_CHAMBER_DEVELOPMENT,GOBP_CARDIAC_CHAMBER_DEVELOPMENT]
[GOBP_REGULATION_OF_EPITHELIAL_CELL_DIFFERENTIATION,GOBP_REGULATION_OF_EPITHELIAL_CELL_DIFFERENTIATION] was killed by [GOBP_POSITIVE_REGULATION_OF_MYELOID_CELL_DIFFERENTIATION,GOBP_POSITIVE_REGULATION_OF_MYELOID_CELL_DIFFERENTIATION]
[GOMF_PRE_MRNA_BINDING,GOMF_PRE_MRNA_BINDING] was killed by [GOMF_MRNA_3_UTR_BINDING,GOMF_MRNA_3_UTR_BINDING]
[GOBP_MONOSACCHARIDE_BIOSYNTHETIC_PROCESS,GOBP_MONOSACCHARIDE_BIOSYNTHETIC_PROCESS] was killed by [GOBP_DICARBOXYLIC_ACID_METABOLIC_PROCESS,GOBP_DICARBOXYLIC_ACID_METABOLIC_PROCESS]
[GOBP_NEGATIVE_REGULATION_OF_RNA_CATABOLIC_PROCESS,GOBP_NEGATIVE_REGULATION_OF_RNA_CATABOLIC_PROCESS] was killed by [GOMF_MRNA_3_UTR_BINDING,GOMF_MRNA_3_UTR_BINDING]
[GOBP_NEGATIVE_REGULATION_OF_CYTOSKELETON_ORGANIZATION,GOBP_NEGATIVE_REGULATION_OF_CYTOSKELETON_ORGANIZATION] was killed by [GOBP_NEGATIVE_REGULATION_OF_SUPRAMOLECULAR_FIBER_ORGANIZATION,GOBP_NEGATIVE_REGULATION_OF_SUPRAMOLECULAR_FIBER_ORGANIZATION]
[GOBP_ACTOMYOSIN_STRUCTURE_ORGANIZATION,GOBP_ACTOMYOSIN_STRUCTURE_ORGANIZATION] was killed by [GOBP_NEGATIVE_REGULATION_OF_SUPRAMOLECULAR_FIBER_ORGANIZATION,GOBP_NEGATIVE_REGULATION_OF_SUPRAMOLECULAR_FIBER_ORGANIZATION]
[GOCC_POLYSOME,GOCC_POLYSOME] was killed by [GOBP_VIRAL_GENE_EXPRESSION,GOBP_VIRAL_GENE_EXPRESSION]
[GOBP_POSITIVE_REGULATION_OF_RECEPTOR_MEDIATED_ENDOCYTOSIS,GOBP_POSITIVE_REGULATION_OF_RECEPTOR_MEDIATED_ENDOCYTOSIS] was killed by [GOBP_MEMORY,GOBP_MEMORY]
[GOBP_CARDIAC_VENTRICLE_DEVELOPMENT,GOBP_CARDIAC_VENTRICLE_DEVELOPMENT] was killed by [GOBP_CARDIAC_CHAMBER_DEVELOPMENT,GOBP_CARDIAC_CHAMBER_DEVELOPMENT]
[GOBP_CARDIAC_SEPTUM_DEVELOPMENT,GOBP_CARDIAC_SEPTUM_DEVELOPMENT] was killed by [GOBP_CARDIAC_CHAMBER_DEVELOPMENT,GOBP_CARDIAC_CHAMBER_DEVELOPMENT]
[GOBP_REGULATION_OF_ACTOMYOSIN_STRUCTURE_ORGANIZATION,GOBP_REGULATION_OF_ACTOMYOSIN_STRUCTURE_ORGANIZATION] was killed by [GOBP_NEGATIVE_REGULATION_OF_SUPRAMOLECULAR_FIBER_ORGANIZATION,GOBP_NEGATIVE_REGULATION_OF_SUPRAMOLECULAR_FIBER_ORGANIZATION]
[GOCC_RUFFLE_MEMBRANE,GOCC_RUFFLE_MEMBRANE] was killed by [GOBP_NEGATIVE_REGULATION_OF_SUPRAMOLECULAR_FIBER_ORGANIZATION,GOBP_NEGATIVE_REGULATION_OF_SUPRAMOLECULAR_FIBER_ORGANIZATION]
[GOCC_P_BODY,GOCC_P_BODY] was killed by [GOMF_RNA_HELICASE_ACTIVITY,GOMF_RNA_HELICASE_ACTIVITY]
[GOBP_PROTEIN_DEPOLYMERIZATION,GOBP_PROTEIN_DEPOLYMERIZATION] was killed by [GOBP_NEGATIVE_REGULATION_OF_SUPRAMOLECULAR_FIBER_ORGANIZATION,GOBP_NEGATIVE_REGULATION_OF_SUPRAMOLECULAR_FIBER_ORGANIZATION]
[GOBP_REGULATION_OF_MYELOID_LEUKOCYTE_DIFFERENTIATION,GOBP_REGULATION_OF_MYELOID_LEUKOCYTE_DIFFERENTIATION] was killed by [GOBP_MEMORY,GOBP_MEMORY]
[GOBP_POSITIVE_REGULATION_OF_MRNA_METABOLIC_PROCESS,GOBP_POSITIVE_REGULATION_OF_MRNA_METABOLIC_PROCESS] was killed by [GOMF_MRNA_3_UTR_BINDING,GOMF_MRNA_3_UTR_BINDING]
[GOCC_CATALYTIC_STEP_2_SPLICEOSOME,GOCC_CATALYTIC_STEP_2_SPLICEOSOME] was killed by [GOMF_MRNA_3_UTR_BINDING,GOMF_MRNA_3_UTR_BINDING]
[GOBP_MITOTIC_SISTER_CHROMATID_COHESION,GOBP_MITOTIC_SISTER_CHROMATID_COHESION] was killed by [GOMF_TRANSFERASE_ACTIVITY_TRANSFERRING_PENTOSYL_GROUPS,GOMF_TRANSFERASE_ACTIVITY_TRANSFERRING_PENTOSYL_GROUPS]
[GOBP_INTERLEUKIN_8_PRODUCTION,GOBP_INTERLEUKIN_8_PRODUCTION] was killed by [GOBP_POSITIVE_REGULATION_OF_MYELOID_CELL_DIFFERENTIATION,GOBP_POSITIVE_REGULATION_OF_MYELOID_CELL_DIFFERENTIATION]
[GOBP_MRNA_EXPORT_FROM_NUCLEUS,GOBP_MRNA_EXPORT_FROM_NUCLEUS] was killed by [GOBP_VIRAL_GENE_EXPRESSION,GOBP_VIRAL_GENE_EXPRESSION]
[GOBP_REGULATION_OF_MICROTUBULE_CYTOSKELETON_ORGANIZATION,GOBP_REGULATION_OF_MICROTUBULE_CYTOSKELETON_ORGANIZATION] was killed by [GOBP_NEGATIVE_REGULATION_OF_SUPRAMOLECULAR_FIBER_ORGANIZATION,GOBP_NEGATIVE_REGULATION_OF_SUPRAMOLECULAR_FIBER_ORGANIZATION]
[GOBP_REGULATION_OF_EXTRINSIC_APOPTOTIC_SIGNALING_PATHWAY,GOBP_REGULATION_OF_EXTRINSIC_APOPTOTIC_SIGNALING_PATHWAY] was killed by [GOBP_MEMORY,GOBP_MEMORY]
[GOCC_CILIARY_PLASM,GOCC_CILIARY_PLASM] was killed by [GOBP_LIPOPROTEIN_METABOLIC_PROCESS,GOBP_LIPOPROTEIN_METABOLIC_PROCESS]
[GOBP_ERYTHROCYTE_HOMEOSTASIS,GOBP_ERYTHROCYTE_HOMEOSTASIS] was killed by [GOBP_POSITIVE_REGULATION_OF_MYELOID_CELL_DIFFERENTIATION,GOBP_POSITIVE_REGULATION_OF_MYELOID_CELL_DIFFERENTIATION]
[GOBP_CYTOSKELETON_DEPENDENT_INTRACELLULAR_TRANSPORT,GOBP_CYTOSKELETON_DEPENDENT_INTRACELLULAR_TRANSPORT] was killed by [GOBP_CARDIAC_CHAMBER_DEVELOPMENT,GOBP_CARDIAC_CHAMBER_DEVELOPMENT]
[GOBP_NUCLEOTIDE_PHOSPHORYLATION,GOBP_NUCLEOTIDE_PHOSPHORYLATION] was killed by [GOBP_VIRAL_GENE_EXPRESSION,GOBP_VIRAL_GENE_EXPRESSION]
[GOBP_POSITIVE_REGULATION_OF_SYNAPTIC_TRANSMISSION,GOBP_POSITIVE_REGULATION_OF_SYNAPTIC_TRANSMISSION] was killed by [GOBP_MEMORY,GOBP_MEMORY]
[GOBP_NEGATIVE_REGULATION_OF_ORGAN_GROWTH,GOBP_NEGATIVE_REGULATION_OF_ORGAN_GROWTH] was killed by [GOBP_MEMORY,GOBP_MEMORY]
[GOMF_MODIFIED_AMINO_ACID_BINDING,GOMF_MODIFIED_AMINO_ACID_BINDING] was killed by [GOBP_DICARBOXYLIC_ACID_METABOLIC_PROCESS,GOBP_DICARBOXYLIC_ACID_METABOLIC_PROCESS]
[GOBP_REGULATION_OF_G_PROTEIN_COUPLED_RECEPTOR_SIGNALING_PATHWAY,GOBP_REGULATION_OF_G_PROTEIN_COUPLED_RECEPTOR_SIGNALING_PATHWAY] was killed by [GOBP_REGULATION_OF_ESTABLISHMENT_OR_MAINTENANCE_OF_CELL_POLARITY,GOBP_REGULATION_OF_ESTABLISHMENT_OR_MAINTENANCE_OF_CELL_POLARITY]
[GOBP_JNK_CASCADE,GOBP_JNK_CASCADE] was killed by [GOBP_NEGATIVE_REGULATION_OF_DEVELOPMENTAL_GROWTH,GOBP_NEGATIVE_REGULATION_OF_DEVELOPMENTAL_GROWTH]
[GOMF_CARBOXYLIC_ACID_BINDING,GOMF_CARBOXYLIC_ACID_BINDING] was killed by [GOBP_DICARBOXYLIC_ACID_METABOLIC_PROCESS,GOBP_DICARBOXYLIC_ACID_METABOLIC_PROCESS]
[GOBP_NEGATIVE_REGULATION_OF_NEURON_DEATH,GOBP_NEGATIVE_REGULATION_OF_NEURON_DEATH] was killed by [GOBP_MEMORY,GOBP_MEMORY]
[GOBP_REGULATION_OF_RESPONSE_TO_WOUNDING,GOBP_REGULATION_OF_RESPONSE_TO_WOUNDING] was killed by [GOBP_NEGATIVE_REGULATION_OF_SUPRAMOLECULAR_FIBER_ORGANIZATION,GOBP_NEGATIVE_REGULATION_OF_SUPRAMOLECULAR_FIBER_ORGANIZATION]
[GOBP_EMBRYONIC_SKELETAL_SYSTEM_MORPHOGENESIS,GOBP_EMBRYONIC_SKELETAL_SYSTEM_MORPHOGENESIS] was killed by [GOBP_CARDIAC_CHAMBER_DEVELOPMENT,GOBP_CARDIAC_CHAMBER_DEVELOPMENT]
[GOBP_POSITIVE_REGULATION_OF_ERYTHROCYTE_DIFFERENTIATION,GOBP_POSITIVE_REGULATION_OF_ERYTHROCYTE_DIFFERENTIATION] was killed by [GOBP_POSITIVE_REGULATION_OF_MYELOID_CELL_DIFFERENTIATION,GOBP_POSITIVE_REGULATION_OF_MYELOID_CELL_DIFFERENTIATION]
[GOCC_TERTIARY_GRANULE,GOCC_TERTIARY_GRANULE] was killed by [GOCC_FICOLIN_1_RICH_GRANULE,GOCC_FICOLIN_1_RICH_GRANULE]
[GOBP_MRNA_TRANSPORT,GOBP_MRNA_TRANSPORT] was killed by [GOBP_VIRAL_GENE_EXPRESSION,GOBP_VIRAL_GENE_EXPRESSION]
[GOMF_DNA_POLYMERASE_BINDING,GOMF_DNA_POLYMERASE_BINDING] was killed by [GOCC_FICOLIN_1_RICH_GRANULE,GOCC_FICOLIN_1_RICH_GRANULE]
[GOBP_RNA_SECONDARY_STRUCTURE_UNWINDING,GOBP_RNA_SECONDARY_STRUCTURE_UNWINDING] was killed by [GOMF_RNA_HELICASE_ACTIVITY,GOMF_RNA_HELICASE_ACTIVITY]
[GOBP_POSITIVE_REGULATION_OF_TRANSCRIPTION_ELONGATION_FROM_RNA_POLYMERASE_II_PROMOTER,GOBP_POSITIVE_REGULATION_OF_TRANSCRIPTION_ELONGATION_FROM_RNA_POLYMERASE_II_PROMOTER] was killed by [GOCC_CYCLIN_DEPENDENT_PROTEIN_KINASE_HOLOENZYME_COMPLEX,GOCC_CYCLIN_DEPENDENT_PROTEIN_KINASE_HOLOENZYME_COMPLEX]
[GOBP_RESPONSE_TO_INTERLEUKIN_12,GOBP_RESPONSE_TO_INTERLEUKIN_12] was killed by [GOBP_NEGATIVE_REGULATION_OF_SUPRAMOLECULAR_FIBER_ORGANIZATION,GOBP_NEGATIVE_REGULATION_OF_SUPRAMOLECULAR_FIBER_ORGANIZATION]
[GOBP_MODULATION_OF_PROCESS_OF_OTHER_ORGANISM,GOBP_MODULATION_OF_PROCESS_OF_OTHER_ORGANISM] was killed by [GOBP_VIRAL_GENE_EXPRESSION,GOBP_VIRAL_GENE_EXPRESSION]
[GOBP_GLYCOLYTIC_PROCESS_THROUGH_FRUCTOSE_6_PHOSPHATE,GOBP_GLYCOLYTIC_PROCESS_THROUGH_FRUCTOSE_6_PHOSPHATE] was killed by [GOCC_FICOLIN_1_RICH_GRANULE,GOCC_FICOLIN_1_RICH_GRANULE]
[GOCC_CHAPERONE_COMPLEX,GOCC_CHAPERONE_COMPLEX] was killed by [GOCC_FICOLIN_1_RICH_GRANULE,GOCC_FICOLIN_1_RICH_GRANULE]
[GOBP_REGULATION_OF_DNA_TEMPLATED_TRANSCRIPTION_ELONGATION,GOBP_REGULATION_OF_DNA_TEMPLATED_TRANSCRIPTION_ELONGATION] was killed by [GOCC_CYCLIN_DEPENDENT_PROTEIN_KINASE_HOLOENZYME_COMPLEX,GOCC_CYCLIN_DEPENDENT_PROTEIN_KINASE_HOLOENZYME_COMPLEX]
[GOCC_GOLGI_CISTERNA_MEMBRANE,GOCC_GOLGI_CISTERNA_MEMBRANE] was killed by [GOBP_MUCOPOLYSACCHARIDE_METABOLIC_PROCESS,GOBP_MUCOPOLYSACCHARIDE_METABOLIC_PROCESS]
[GOBP_NEGATIVE_REGULATION_OF_TRANSMEMBRANE_TRANSPORT,GOBP_NEGATIVE_REGULATION_OF_TRANSMEMBRANE_TRANSPORT] was killed by [GOBP_MEMORY,GOBP_MEMORY]
[GOBP_REGULATION_OF_PROTEIN_IMPORT,GOBP_REGULATION_OF_PROTEIN_IMPORT] was killed by [GOCC_FICOLIN_1_RICH_GRANULE,GOCC_FICOLIN_1_RICH_GRANULE]
[GOBP_CILIARY_BASAL_BODY_PLASMA_MEMBRANE_DOCKING,GOBP_CILIARY_BASAL_BODY_PLASMA_MEMBRANE_DOCKING] was killed by [GOBP_ORGANELLE_TRANSPORT_ALONG_MICROTUBULE,GOBP_ORGANELLE_TRANSPORT_ALONG_MICROTUBULE]
