[GSE10273_HIGH_IL7_VS_HIGH_IL7_AND_IRF4_IN_IRF4_8_NULL_PRE_BCELL_UP,GSE10273_HIGH_IL7_VS_HIGH_IL7_AND_IRF4_IN_IRF4_8_NULL_PRE_BCELL_UP] was killed by [GSE30962_ACUTE_VS_CHRONIC_LCMV_PRIMARY_INF_CD8_TCELL_DN,GSE30962_ACUTE_VS_CHRONIC_LCMV_PRIMARY_INF_CD8_TCELL_DN]
[GSE25088_WT_VS_STAT6_KO_MACROPHAGE_IL4_STIM_DN,GSE25088_WT_VS_STAT6_KO_MACROPHAGE_IL4_STIM_DN] was killed by [GSE30962_ACUTE_VS_CHRONIC_LCMV_PRIMARY_INF_CD8_TCELL_DN,GSE30962_ACUTE_VS_CHRONIC_LCMV_PRIMARY_INF_CD8_TCELL_DN]
[BURTON_ADIPOGENESIS_3,BURTON_ADIPOGENESIS_3] was killed by [GSE30962_ACUTE_VS_CHRONIC_LCMV_PRIMARY_INF_CD8_TCELL_DN,GSE30962_ACUTE_VS_CHRONIC_LCMV_PRIMARY_INF_CD8_TCELL_DN]
[GSE25088_WT_VS_STAT6_KO_MACROPHAGE_DN,GSE25088_WT_VS_STAT6_KO_MACROPHAGE_DN] was killed by [GSE30962_ACUTE_VS_CHRONIC_LCMV_PRIMARY_INF_CD8_TCELL_DN,GSE30962_ACUTE_VS_CHRONIC_LCMV_PRIMARY_INF_CD8_TCELL_DN]
[GOMF_EXORIBONUCLEASE_ACTIVITY,GOMF_EXORIBONUCLEASE_ACTIVITY] was killed by [GOBP_RNA_PHOSPHODIESTER_BOND_HYDROLYSIS_EXONUCLEOLYTIC,GOBP_RNA_PHOSPHODIESTER_BOND_HYDROLYSIS_EXONUCLEOLYTIC]
[GSE13547_CTRL_VS_ANTI_IGM_STIM_BCELL_2H_UP,GSE13547_CTRL_VS_ANTI_IGM_STIM_BCELL_2H_UP] was killed by [GSE30962_ACUTE_VS_CHRONIC_LCMV_PRIMARY_INF_CD8_TCELL_DN,GSE30962_ACUTE_VS_CHRONIC_LCMV_PRIMARY_INF_CD8_TCELL_DN]
[GSE5679_CTRL_VS_RARA_AGONIST_AM580_TREATED_DC_UP,GSE5679_CTRL_VS_RARA_AGONIST_AM580_TREATED_DC_UP] was killed by [GSE30962_ACUTE_VS_CHRONIC_LCMV_PRIMARY_INF_CD8_TCELL_DN,GSE30962_ACUTE_VS_CHRONIC_LCMV_PRIMARY_INF_CD8_TCELL_DN]
[FURUKAWA_DUSP6_TARGETS_PCI35_DN,FURUKAWA_DUSP6_TARGETS_PCI35_DN] was killed by [GSE30962_ACUTE_VS_CHRONIC_LCMV_PRIMARY_INF_CD8_TCELL_DN,GSE30962_ACUTE_VS_CHRONIC_LCMV_PRIMARY_INF_CD8_TCELL_DN]
[GNF2_BUB1B,GNF2_BUB1B] was killed by [GSE30962_ACUTE_VS_CHRONIC_LCMV_PRIMARY_INF_CD8_TCELL_DN,GSE30962_ACUTE_VS_CHRONIC_LCMV_PRIMARY_INF_CD8_TCELL_DN]
[GOMF_NUCLEOCYTOPLASMIC_CARRIER_ACTIVITY,GOMF_NUCLEOCYTOPLASMIC_CARRIER_ACTIVITY] was killed by [GOMF_MOLECULAR_CARRIER_ACTIVITY,GOMF_MOLECULAR_CARRIER_ACTIVITY]
[GSE13485_DAY1_VS_DAY3_YF17D_VACCINE_PBMC_DN,GSE13485_DAY1_VS_DAY3_YF17D_VACCINE_PBMC_DN] was killed by [GSE13485_DAY1_VS_DAY21_YF17D_VACCINE_PBMC_DN,GSE13485_DAY1_VS_DAY21_YF17D_VACCINE_PBMC_DN]
[GOBP_RNA_PHOSPHODIESTER_BOND_HYDROLYSIS,GOBP_RNA_PHOSPHODIESTER_BOND_HYDROLYSIS] was killed by [GOBP_RNA_PHOSPHODIESTER_BOND_HYDROLYSIS_EXONUCLEOLYTIC,GOBP_RNA_PHOSPHODIESTER_BOND_HYDROLYSIS_EXONUCLEOLYTIC]
[GSE35825_IFNA_VS_IFNG_STIM_MACROPHAGE_UP,GSE35825_IFNA_VS_IFNG_STIM_MACROPHAGE_UP] was killed by [GSE39864_WT_VS_GATA3_KO_TREG_UP,GSE39864_WT_VS_GATA3_KO_TREG_UP]
[GSE40274_CTRL_VS_FOXP3_TRANSDUCED_ACTIVATED_CD4_TCELL_DN,GSE40274_CTRL_VS_FOXP3_TRANSDUCED_ACTIVATED_CD4_TCELL_DN] was killed by [GSE2770_TGFB_AND_IL4_VS_IL12_TREATED_ACT_CD4_TCELL_6H_UP,GSE2770_TGFB_AND_IL4_VS_IL12_TREATED_ACT_CD4_TCELL_6H_UP]
[BIOCARTA_FCER1_PATHWAY,BIOCARTA_FCER1_PATHWAY] was killed by [GAGCCTG_MIR484,GAGCCTG_MIR484]
[GSE339_CD4POS_VS_CD8POS_DC_DN,GSE339_CD4POS_VS_CD8POS_DC_DN] was killed by [GSE25088_ROSIGLITAZONE_VS_IL4_AND_ROSIGLITAZONE_STIM_STAT6_KO_MACROPHAGE_DAY10_DN,GSE25088_ROSIGLITAZONE_VS_IL4_AND_ROSIGLITAZONE_STIM_STAT6_KO_MACROPHAGE_DAY10_DN]
[MIR449C_5P,MIR449C_5P] was killed by [MIR4270,MIR4270]
[MIR34B_5P,MIR34B_5P] was killed by [MIR4270,MIR4270]
[GOMF_EXONUCLEASE_ACTIVITY_ACTIVE_WITH_EITHER_RIBO_OR_DEOXYRIBONUCLEIC_ACIDS_AND_PRODUCING_5_PHOSPHOMONOESTERS,GOMF_EXONUCLEASE_ACTIVITY_ACTIVE_WITH_EITHER_RIBO_OR_DEOXYRIBONUCLEIC_ACIDS_AND_PRODUCING_5_PHOSPHOMONOESTERS] was killed by [GOBP_RNA_PHOSPHODIESTER_BOND_HYDROLYSIS_EXONUCLEOLYTIC,GOBP_RNA_PHOSPHODIESTER_BOND_HYDROLYSIS_EXONUCLEOLYTIC]
[GSE37416_CTRL_VS_24H_F_TULARENSIS_LVS_NEUTROPHIL_UP,GSE37416_CTRL_VS_24H_F_TULARENSIS_LVS_NEUTROPHIL_UP] was killed by [GSE45365_CD8A_DC_VS_CD11B_DC_IFNAR_KO_UP,GSE45365_CD8A_DC_VS_CD11B_DC_IFNAR_KO_UP]
[GSE42021_CD24HI_VS_CD24INT_TREG_THYMUS_UP,GSE42021_CD24HI_VS_CD24INT_TREG_THYMUS_UP] was killed by [GSE45365_CD8A_DC_VS_CD11B_DC_IFNAR_KO_UP,GSE45365_CD8A_DC_VS_CD11B_DC_IFNAR_KO_UP]
[GNF2_CCNA2,GNF2_CCNA2] was killed by [FERRANDO_T_ALL_WITH_MLL_ENL_FUSION_DN,FERRANDO_T_ALL_WITH_MLL_ENL_FUSION_DN]
[HP_PRURITUS,HP_PRURITUS] was killed by [HP_ASCITES,HP_ASCITES]
[HP_EEG_WITH_FOCAL_EPILEPTIFORM_DISCHARGES,HP_EEG_WITH_FOCAL_EPILEPTIFORM_DISCHARGES] was killed by [HP_ABSENT_SEPTUM_PELLUCIDUM,HP_ABSENT_SEPTUM_PELLUCIDUM]
[GNF2_CBFB,GNF2_CBFB] was killed by [GSE24634_TREG_VS_TCONV_POST_DAY10_IL4_CONVERSION_UP,GSE24634_TREG_VS_TCONV_POST_DAY10_IL4_CONVERSION_UP]
[MIR4667_3P,MIR4667_3P] was killed by [FERRANDO_T_ALL_WITH_MLL_ENL_FUSION_DN,FERRANDO_T_ALL_WITH_MLL_ENL_FUSION_DN]
[GSE5679_CTRL_VS_PPARG_LIGAND_ROSIGLITAZONE_TREATED_DC_UP,GSE5679_CTRL_VS_PPARG_LIGAND_ROSIGLITAZONE_TREATED_DC_UP] was killed by [GSE30962_ACUTE_VS_CHRONIC_LCMV_PRIMARY_INF_CD8_TCELL_DN,GSE30962_ACUTE_VS_CHRONIC_LCMV_PRIMARY_INF_CD8_TCELL_DN]
[GSE17580_UNINFECTED_VS_S_MANSONI_INF_TEFF_DN,GSE17580_UNINFECTED_VS_S_MANSONI_INF_TEFF_DN] was killed by [GSE30962_ACUTE_VS_CHRONIC_LCMV_PRIMARY_INF_CD8_TCELL_DN,GSE30962_ACUTE_VS_CHRONIC_LCMV_PRIMARY_INF_CD8_TCELL_DN]
[KEGG_GLIOMA,KEGG_GLIOMA] was killed by [HP_PAPILLOMA,HP_PAPILLOMA]
[GSE37301_HEMATOPOIETIC_STEM_CELL_VS_GRAN_MONO_PROGENITOR_DN,GSE37301_HEMATOPOIETIC_STEM_CELL_VS_GRAN_MONO_PROGENITOR_DN] was killed by [MIR7155_5P,MIR7155_5P]
[GOBP_REGULATION_OF_CHROMOSOME_SEGREGATION,GOBP_REGULATION_OF_CHROMOSOME_SEGREGATION] was killed by [GSE24634_TREG_VS_TCONV_POST_DAY10_IL4_CONVERSION_UP,GSE24634_TREG_VS_TCONV_POST_DAY10_IL4_CONVERSION_UP]
[GSE8835_CD4_VS_CD8_TCELL_DN,GSE8835_CD4_VS_CD8_TCELL_DN] was killed by [PURBEY_TARGETS_OF_CTBP1_AND_SATB1_DN,PURBEY_TARGETS_OF_CTBP1_AND_SATB1_DN]
[GSE369_PRE_VS_POST_IL6_INJECTION_IFNG_KO_LIVER_UP,GSE369_PRE_VS_POST_IL6_INJECTION_IFNG_KO_LIVER_UP] was killed by [NR1D1_TARGET_GENES,NR1D1_TARGET_GENES]
[HP_PROXIMAL_MUSCLE_WEAKNESS_IN_LOWER_LIMBS,HP_PROXIMAL_MUSCLE_WEAKNESS_IN_LOWER_LIMBS] was killed by [HP_LACTIC_ACIDOSIS,HP_LACTIC_ACIDOSIS]
[GSE15330_WT_VS_IKAROS_KO_LYMPHOID_MULTIPOTENT_PROGENITOR_UP,GSE15330_WT_VS_IKAROS_KO_LYMPHOID_MULTIPOTENT_PROGENITOR_UP] was killed by [GSE15330_WT_VS_IKAROS_KO_HSC_UP,GSE15330_WT_VS_IKAROS_KO_HSC_UP]
[GSE39110_UNTREATED_VS_IL2_TREATED_CD8_TCELL_DAY6_POST_IMMUNIZATION_DN,GSE39110_UNTREATED_VS_IL2_TREATED_CD8_TCELL_DAY6_POST_IMMUNIZATION_DN] was killed by [GSE30962_ACUTE_VS_CHRONIC_LCMV_PRIMARY_INF_CD8_TCELL_DN,GSE30962_ACUTE_VS_CHRONIC_LCMV_PRIMARY_INF_CD8_TCELL_DN]
[MORI_IMMATURE_B_LYMPHOCYTE_DN,MORI_IMMATURE_B_LYMPHOCYTE_DN] was killed by [GSE30962_ACUTE_VS_CHRONIC_LCMV_PRIMARY_INF_CD8_TCELL_DN,GSE30962_ACUTE_VS_CHRONIC_LCMV_PRIMARY_INF_CD8_TCELL_DN]
[GSE19941_IL10_KO_VS_IL10_KO_AND_NFKBP50_KO_UNSTIM_MACROPHAGE_DN,GSE19941_IL10_KO_VS_IL10_KO_AND_NFKBP50_KO_UNSTIM_MACROPHAGE_DN] was killed by [HP_PAPILLOMA,HP_PAPILLOMA]
[GSE22886_DAY1_VS_DAY7_MONOCYTE_IN_CULTURE_UP,GSE22886_DAY1_VS_DAY7_MONOCYTE_IN_CULTURE_UP] was killed by [GSE2770_TGFB_AND_IL4_VS_IL12_TREATED_ACT_CD4_TCELL_6H_UP,GSE2770_TGFB_AND_IL4_VS_IL12_TREATED_ACT_CD4_TCELL_6H_UP]
[HP_TYPE_II_DIABETES_MELLITUS,HP_TYPE_II_DIABETES_MELLITUS] was killed by [HP_ABNORMAL_LABIA_MORPHOLOGY,HP_ABNORMAL_LABIA_MORPHOLOGY]
[GSE7852_TREG_VS_TCONV_THYMUS_DN,GSE7852_TREG_VS_TCONV_THYMUS_DN] was killed by [MIR7155_5P,MIR7155_5P]
[GSE22886_UNSTIM_VS_IL15_STIM_NKCELL_DN,GSE22886_UNSTIM_VS_IL15_STIM_NKCELL_DN] was killed by [GSE30962_ACUTE_VS_CHRONIC_LCMV_PRIMARY_INF_CD8_TCELL_DN,GSE30962_ACUTE_VS_CHRONIC_LCMV_PRIMARY_INF_CD8_TCELL_DN]
[GSE17974_CTRL_VS_ACT_IL4_AND_ANTI_IL12_2H_CD4_TCELL_DN,GSE17974_CTRL_VS_ACT_IL4_AND_ANTI_IL12_2H_CD4_TCELL_DN] was killed by [GSE13485_DAY1_VS_DAY21_YF17D_VACCINE_PBMC_DN,GSE13485_DAY1_VS_DAY21_YF17D_VACCINE_PBMC_DN]
[CHEMNITZ_RESPONSE_TO_PROSTAGLANDIN_E2_UP,CHEMNITZ_RESPONSE_TO_PROSTAGLANDIN_E2_UP] was killed by [GSE30962_ACUTE_VS_CHRONIC_LCMV_PRIMARY_INF_CD8_TCELL_DN,GSE30962_ACUTE_VS_CHRONIC_LCMV_PRIMARY_INF_CD8_TCELL_DN]
[GSE29164_UNTREATED_VS_CD8_TCELL_TREATED_MELANOMA_DAY7_DN,GSE29164_UNTREATED_VS_CD8_TCELL_TREATED_MELANOMA_DAY7_DN] was killed by [GSE30962_ACUTE_VS_CHRONIC_LCMV_PRIMARY_INF_CD8_TCELL_DN,GSE30962_ACUTE_VS_CHRONIC_LCMV_PRIMARY_INF_CD8_TCELL_DN]
[GSE7460_CTRL_VS_TGFB_TREATED_ACT_TREG_UP,GSE7460_CTRL_VS_TGFB_TREATED_ACT_TREG_UP] was killed by [GSE30962_ACUTE_VS_CHRONIC_LCMV_PRIMARY_INF_CD8_TCELL_DN,GSE30962_ACUTE_VS_CHRONIC_LCMV_PRIMARY_INF_CD8_TCELL_DN]
[GNF2_RAN,GNF2_RAN] was killed by [GSE30962_ACUTE_VS_CHRONIC_LCMV_PRIMARY_INF_CD8_TCELL_DN,GSE30962_ACUTE_VS_CHRONIC_LCMV_PRIMARY_INF_CD8_TCELL_DN]
[MIR6511B_5P,MIR6511B_5P] was killed by [MIR4460,MIR4460]
[HP_EPILEPTIC_SPASM,HP_EPILEPTIC_SPASM] was killed by [HP_ABSENT_SEPTUM_PELLUCIDUM,HP_ABSENT_SEPTUM_PELLUCIDUM]
[GSE17721_0.5H_VS_8H_GARDIQUIMOD_BMDC_UP,GSE17721_0.5H_VS_8H_GARDIQUIMOD_BMDC_UP] was killed by [GSE13485_DAY1_VS_DAY21_YF17D_VACCINE_PBMC_DN,GSE13485_DAY1_VS_DAY21_YF17D_VACCINE_PBMC_DN]
[HP_MULTIPLE_CAFE_AU_LAIT_SPOTS,HP_MULTIPLE_CAFE_AU_LAIT_SPOTS] was killed by [HP_ASCITES,HP_ASCITES]
[GOLDRATH_NAIVE_VS_EFF_CD8_TCELL_DN,GOLDRATH_NAIVE_VS_EFF_CD8_TCELL_DN] was killed by [GSE30962_ACUTE_VS_CHRONIC_LCMV_PRIMARY_INF_CD8_TCELL_DN,GSE30962_ACUTE_VS_CHRONIC_LCMV_PRIMARY_INF_CD8_TCELL_DN]
[GSE3982_DC_VS_NEUTROPHIL_LPS_STIM_UP,GSE3982_DC_VS_NEUTROPHIL_LPS_STIM_UP] was killed by [GSE43863_NAIVE_VS_MEMORY_TFH_CD4_TCELL_D150_LCMV_DN,GSE43863_NAIVE_VS_MEMORY_TFH_CD4_TCELL_D150_LCMV_DN]
[GSE339_EX_VIVO_VS_IN_CULTURE_CD8POS_DC_UP,GSE339_EX_VIVO_VS_IN_CULTURE_CD8POS_DC_UP] was killed by [GSE24634_TREG_VS_TCONV_POST_DAY10_IL4_CONVERSION_UP,GSE24634_TREG_VS_TCONV_POST_DAY10_IL4_CONVERSION_UP]
[GSE3039_CD4_TCELL_VS_NKT_CELL_DN,GSE3039_CD4_TCELL_VS_NKT_CELL_DN] was killed by [GSE3039_NKT_CELL_VS_ALPHABETA_CD8_TCELL_UP,GSE3039_NKT_CELL_VS_ALPHABETA_CD8_TCELL_UP]
[GSE14308_TH2_VS_TH1_UP,GSE14308_TH2_VS_TH1_UP] was killed by [GSE25088_ROSIGLITAZONE_VS_IL4_AND_ROSIGLITAZONE_STIM_STAT6_KO_MACROPHAGE_DAY10_DN,GSE25088_ROSIGLITAZONE_VS_IL4_AND_ROSIGLITAZONE_STIM_STAT6_KO_MACROPHAGE_DAY10_DN]
[GSE3565_CTRL_VS_LPS_INJECTED_DUSP1_KO_SPLENOCYTES_UP,GSE3565_CTRL_VS_LPS_INJECTED_DUSP1_KO_SPLENOCYTES_UP] was killed by [GSE45365_CD8A_DC_VS_CD11B_DC_IFNAR_KO_UP,GSE45365_CD8A_DC_VS_CD11B_DC_IFNAR_KO_UP]
[BIOCARTA_BCR_PATHWAY,BIOCARTA_BCR_PATHWAY] was killed by [GAGCCTG_MIR484,GAGCCTG_MIR484]
[MISSIAGLIA_REGULATED_BY_METHYLATION_DN,MISSIAGLIA_REGULATED_BY_METHYLATION_DN] was killed by [GSE30962_ACUTE_VS_CHRONIC_LCMV_PRIMARY_INF_CD8_TCELL_DN,GSE30962_ACUTE_VS_CHRONIC_LCMV_PRIMARY_INF_CD8_TCELL_DN]
[GSE9988_ANTI_TREM1_VS_CTRL_TREATED_MONOCYTES_DN,GSE9988_ANTI_TREM1_VS_CTRL_TREATED_MONOCYTES_DN] was killed by [GSE9988_ANTI_TREM1_VS_ANTI_TREM1_AND_LPS_MONOCYTE_UP,GSE9988_ANTI_TREM1_VS_ANTI_TREM1_AND_LPS_MONOCYTE_UP]
[GSE37532_TREG_VS_TCONV_PPARG_KO_CD4_TCELL_FROM_VISCERAL_ADIPOSE_TISSUE_UP,GSE37532_TREG_VS_TCONV_PPARG_KO_CD4_TCELL_FROM_VISCERAL_ADIPOSE_TISSUE_UP] was killed by [GSE30962_ACUTE_VS_CHRONIC_LCMV_PRIMARY_INF_CD8_TCELL_DN,GSE30962_ACUTE_VS_CHRONIC_LCMV_PRIMARY_INF_CD8_TCELL_DN]
[GOCC_CULLIN_RING_UBIQUITIN_LIGASE_COMPLEX,GOCC_CULLIN_RING_UBIQUITIN_LIGASE_COMPLEX] was killed by [GOBP_POSITIVE_REGULATION_OF_NUCLEAR_DIVISION,GOBP_POSITIVE_REGULATION_OF_NUCLEAR_DIVISION]
[HP_ABNORMAL_PARANASAL_SINUS_MORPHOLOGY,HP_ABNORMAL_PARANASAL_SINUS_MORPHOLOGY] was killed by [HP_PAPILLOMA,HP_PAPILLOMA]
[GOBP_P_BODY_ASSEMBLY,GOBP_P_BODY_ASSEMBLY] was killed by [GOBP_RNA_PHOSPHODIESTER_BOND_HYDROLYSIS_EXONUCLEOLYTIC,GOBP_RNA_PHOSPHODIESTER_BOND_HYDROLYSIS_EXONUCLEOLYTIC]
[GSE39110_UNTREATED_VS_IL2_TREATED_CD8_TCELL_DAY3_POST_IMMUNIZATION_DN,GSE39110_UNTREATED_VS_IL2_TREATED_CD8_TCELL_DAY3_POST_IMMUNIZATION_DN] was killed by [GSE30962_ACUTE_VS_CHRONIC_LCMV_PRIMARY_INF_CD8_TCELL_DN,GSE30962_ACUTE_VS_CHRONIC_LCMV_PRIMARY_INF_CD8_TCELL_DN]
[AUNG_GASTRIC_CANCER,AUNG_GASTRIC_CANCER] was killed by [MIR877_3P,MIR877_3P]
[GOMF_RIBONUCLEASE_ACTIVITY,GOMF_RIBONUCLEASE_ACTIVITY] was killed by [GOBP_RNA_PHOSPHODIESTER_BOND_HYDROLYSIS_EXONUCLEOLYTIC,GOBP_RNA_PHOSPHODIESTER_BOND_HYDROLYSIS_EXONUCLEOLYTIC]
[MIR4284,MIR4284] was killed by [GOMF_MOLECULAR_CARRIER_ACTIVITY,GOMF_MOLECULAR_CARRIER_ACTIVITY]
[HP_SEVERE_GLOBAL_DEVELOPMENTAL_DELAY,HP_SEVERE_GLOBAL_DEVELOPMENTAL_DELAY] was killed by [MIR4270,MIR4270]
[GSE15659_CD45RA_NEG_CD4_TCELL_VS_RESTING_TREG_UP,GSE15659_CD45RA_NEG_CD4_TCELL_VS_RESTING_TREG_UP] was killed by [GOBP_RNA_PHOSPHODIESTER_BOND_HYDROLYSIS_EXONUCLEOLYTIC,GOBP_RNA_PHOSPHODIESTER_BOND_HYDROLYSIS_EXONUCLEOLYTIC]
[GSE3982_NEUTROPHIL_VS_TH2_UP,GSE3982_NEUTROPHIL_VS_TH2_UP] was killed by [GSE2770_TGFB_AND_IL4_VS_IL12_TREATED_ACT_CD4_TCELL_6H_UP,GSE2770_TGFB_AND_IL4_VS_IL12_TREATED_ACT_CD4_TCELL_6H_UP]
[HP_EXTERNAL_EAR_MALFORMATION,HP_EXTERNAL_EAR_MALFORMATION] was killed by [HP_PAPILLOMA,HP_PAPILLOMA]
[CHICAS_RB1_TARGETS_LOW_SERUM,CHICAS_RB1_TARGETS_LOW_SERUM] was killed by [FERRANDO_T_ALL_WITH_MLL_ENL_FUSION_DN,FERRANDO_T_ALL_WITH_MLL_ENL_FUSION_DN]
[MIR3679_3P,MIR3679_3P] was killed by [MIR4270,MIR4270]
