[HALLMARK_E2F_TARGETS,HALLMARK_E2F_TARGETS] was killed by [HALLMARK_MYC_TARGETS_V1,HALLMARK_MYC_TARGETS_V1]
[HALLMARK_G2M_CHECKPOINT,HALLMARK_G2M_CHECKPOINT] was killed by [HALLMARK_MYC_TARGETS_V1,HALLMARK_MYC_TARGETS_V1]
[HALLMARK_OXIDATIVE_PHOSPHORYLATION,HALLMARK_OXIDATIVE_PHOSPHORYLATION] was killed by [HALLMARK_EPITHELIAL_MESENCHYMAL_TRANSITION,HALLMARK_EPITHELIAL_MESENCHYMAL_TRANSITION]
[HALLMARK_KRAS_SIGNALING_DN,HALLMARK_KRAS_SIGNALING_DN] was killed by [HALLMARK_MYC_TARGETS_V1,HALLMARK_MYC_TARGETS_V1]
[HALLMARK_MYC_TARGETS_V2,HALLMARK_MYC_TARGETS_V2] was killed by [HALLMARK_MYC_TARGETS_V1,HALLMARK_MYC_TARGETS_V1]
[HALLMARK_KRAS_SIGNALING_UP,HALLMARK_KRAS_SIGNALING_UP] was killed by [HALLMARK_MYC_TARGETS_V1,HALLMARK_MYC_TARGETS_V1]
[HALLMARK_P53_PATHWAY,HALLMARK_P53_PATHWAY] was killed by [HALLMARK_PROTEIN_SECRETION,HALLMARK_PROTEIN_SECRETION]
[HALLMARK_MTORC1_SIGNALING,HALLMARK_MTORC1_SIGNALING] was killed by [HALLMARK_MYC_TARGETS_V1,HALLMARK_MYC_TARGETS_V1]
[HALLMARK_ESTROGEN_RESPONSE_LATE,HALLMARK_ESTROGEN_RESPONSE_LATE] was killed by [HALLMARK_MYC_TARGETS_V1,HALLMARK_MYC_TARGETS_V1]
[HALLMARK_DNA_REPAIR,HALLMARK_DNA_REPAIR] was killed by [HALLMARK_EPITHELIAL_MESENCHYMAL_TRANSITION,HALLMARK_EPITHELIAL_MESENCHYMAL_TRANSITION]
[HALLMARK_MYOGENESIS,HALLMARK_MYOGENESIS] was killed by [HALLMARK_MYC_TARGETS_V1,HALLMARK_MYC_TARGETS_V1]
[HALLMARK_APICAL_JUNCTION,HALLMARK_APICAL_JUNCTION] was killed by [HALLMARK_MYC_TARGETS_V1,HALLMARK_MYC_TARGETS_V1]
[HALLMARK_MITOTIC_SPINDLE,HALLMARK_MITOTIC_SPINDLE] was killed by [HALLMARK_MYC_TARGETS_V1,HALLMARK_MYC_TARGETS_V1]
[HALLMARK_COAGULATION,HALLMARK_COAGULATION] was killed by [HALLMARK_MYC_TARGETS_V1,HALLMARK_MYC_TARGETS_V1]
[HALLMARK_UV_RESPONSE_DN,HALLMARK_UV_RESPONSE_DN] was killed by [HALLMARK_MYC_TARGETS_V1,HALLMARK_MYC_TARGETS_V1]
[HALLMARK_HEME_METABOLISM,HALLMARK_HEME_METABOLISM] was killed by [HALLMARK_MYC_TARGETS_V1,HALLMARK_MYC_TARGETS_V1]
[HALLMARK_TNFA_SIGNALING_VIA_NFKB,HALLMARK_TNFA_SIGNALING_VIA_NFKB] was killed by [HALLMARK_MYC_TARGETS_V1,HALLMARK_MYC_TARGETS_V1]
[HALLMARK_ESTROGEN_RESPONSE_EARLY,HALLMARK_ESTROGEN_RESPONSE_EARLY] was killed by [HALLMARK_MYC_TARGETS_V1,HALLMARK_MYC_TARGETS_V1]
[HALLMARK_REACTIVE_OXYGEN_SPECIES_PATHWAY,HALLMARK_REACTIVE_OXYGEN_SPECIES_PATHWAY] was killed by [HALLMARK_EPITHELIAL_MESENCHYMAL_TRANSITION,HALLMARK_EPITHELIAL_MESENCHYMAL_TRANSITION]
[HALLMARK_IL2_STAT5_SIGNALING,HALLMARK_IL2_STAT5_SIGNALING] was killed by [HALLMARK_MYC_TARGETS_V1,HALLMARK_MYC_TARGETS_V1]
[HALLMARK_COMPLEMENT,HALLMARK_COMPLEMENT] was killed by [HALLMARK_MYC_TARGETS_V1,HALLMARK_MYC_TARGETS_V1]
[HALLMARK_PI3K_AKT_MTOR_SIGNALING,HALLMARK_PI3K_AKT_MTOR_SIGNALING] was killed by [HALLMARK_EPITHELIAL_MESENCHYMAL_TRANSITION,HALLMARK_EPITHELIAL_MESENCHYMAL_TRANSITION]
[HALLMARK_HYPOXIA,HALLMARK_HYPOXIA] was killed by [HALLMARK_MYC_TARGETS_V1,HALLMARK_MYC_TARGETS_V1]
[HALLMARK_INFLAMMATORY_RESPONSE,HALLMARK_INFLAMMATORY_RESPONSE] was killed by [HALLMARK_MYC_TARGETS_V1,HALLMARK_MYC_TARGETS_V1]
[HALLMARK_APICAL_SURFACE,HALLMARK_APICAL_SURFACE] was killed by [HALLMARK_MYC_TARGETS_V1,HALLMARK_MYC_TARGETS_V1]
[HALLMARK_XENOBIOTIC_METABOLISM,HALLMARK_XENOBIOTIC_METABOLISM] was killed by [HALLMARK_PROTEIN_SECRETION,HALLMARK_PROTEIN_SECRETION]
[HALLMARK_PEROXISOME,HALLMARK_PEROXISOME] was killed by [HALLMARK_EPITHELIAL_MESENCHYMAL_TRANSITION,HALLMARK_EPITHELIAL_MESENCHYMAL_TRANSITION]
[HALLMARK_APOPTOSIS,HALLMARK_APOPTOSIS] was killed by [HALLMARK_MYC_TARGETS_V1,HALLMARK_MYC_TARGETS_V1]
[HALLMARK_INTERFERON_ALPHA_RESPONSE,HALLMARK_INTERFERON_ALPHA_RESPONSE] was killed by [HALLMARK_MYC_TARGETS_V1,HALLMARK_MYC_TARGETS_V1]
[HALLMARK_ADIPOGENESIS,HALLMARK_ADIPOGENESIS] was killed by [HALLMARK_MYC_TARGETS_V1,HALLMARK_MYC_TARGETS_V1]
[HALLMARK_GLYCOLYSIS,HALLMARK_GLYCOLYSIS] was killed by [HALLMARK_PANCREAS_BETA_CELLS,HALLMARK_PANCREAS_BETA_CELLS]
[HALLMARK_ANGIOGENESIS,HALLMARK_ANGIOGENESIS] was killed by [HALLMARK_MYC_TARGETS_V1,HALLMARK_MYC_TARGETS_V1]
[HALLMARK_HEDGEHOG_SIGNALING,HALLMARK_HEDGEHOG_SIGNALING] was killed by [HALLMARK_MYC_TARGETS_V1,HALLMARK_MYC_TARGETS_V1]
[HALLMARK_FATTY_ACID_METABOLISM,HALLMARK_FATTY_ACID_METABOLISM] was killed by [HALLMARK_EPITHELIAL_MESENCHYMAL_TRANSITION,HALLMARK_EPITHELIAL_MESENCHYMAL_TRANSITION]
[HALLMARK_BILE_ACID_METABOLISM,HALLMARK_BILE_ACID_METABOLISM] was killed by [HALLMARK_MYC_TARGETS_V1,HALLMARK_MYC_TARGETS_V1]
[HALLMARK_SPERMATOGENESIS,HALLMARK_SPERMATOGENESIS] was killed by [HALLMARK_MYC_TARGETS_V1,HALLMARK_MYC_TARGETS_V1]
[HALLMARK_CHOLESTEROL_HOMEOSTASIS,HALLMARK_CHOLESTEROL_HOMEOSTASIS] was killed by [HALLMARK_MYC_TARGETS_V1,HALLMARK_MYC_TARGETS_V1]
[HALLMARK_IL6_JAK_STAT3_SIGNALING,HALLMARK_IL6_JAK_STAT3_SIGNALING] was killed by [HALLMARK_MYC_TARGETS_V1,HALLMARK_MYC_TARGETS_V1]
[HALLMARK_UV_RESPONSE_UP,HALLMARK_UV_RESPONSE_UP] was killed by [HALLMARK_PANCREAS_BETA_CELLS,HALLMARK_PANCREAS_BETA_CELLS]
[HALLMARK_INTERFERON_GAMMA_RESPONSE,HALLMARK_INTERFERON_GAMMA_RESPONSE] was killed by [HALLMARK_MYC_TARGETS_V1,HALLMARK_MYC_TARGETS_V1]
[HALLMARK_TGF_BETA_SIGNALING,HALLMARK_TGF_BETA_SIGNALING] was killed by [HALLMARK_MYC_TARGETS_V1,HALLMARK_MYC_TARGETS_V1]
[HALLMARK_WNT_BETA_CATENIN_SIGNALING,HALLMARK_WNT_BETA_CATENIN_SIGNALING] was killed by [HALLMARK_PROTEIN_SECRETION,HALLMARK_PROTEIN_SECRETION]
