[SCHUHMACHER_MYC_TARGETS_UP,SCHUHMACHER_MYC_TARGETS_UP] was killed by [SCHLOSSER_MYC_TARGETS_REPRESSED_BY_SERUM,SCHLOSSER_MYC_TARGETS_REPRESSED_BY_SERUM]
[MOOTHA_VOXPHOS,MOOTHA_VOXPHOS] was killed by [YAO_TEMPORAL_RESPONSE_TO_PROGESTERONE_CLUSTER_17,YAO_TEMPORAL_RESPONSE_TO_PROGESTERONE_CLUSTER_17]
[ACOSTA_PROLIFERATION_INDEPENDENT_MYC_TARGETS_UP,ACOSTA_PROLIFERATION_INDEPENDENT_MYC_TARGETS_UP] was killed by [SCHLOSSER_MYC_TARGETS_REPRESSED_BY_SERUM,SCHLOSSER_MYC_TARGETS_REPRESSED_BY_SERUM]
[DANG_MYC_TARGETS_UP,DANG_MYC_TARGETS_UP] was killed by [SCHLOSSER_MYC_TARGETS_REPRESSED_BY_SERUM,SCHLOSSER_MYC_TARGETS_REPRESSED_BY_SERUM]
[CHIANG_LIVER_CANCER_SUBCLASS_UNANNOTATED_DN,CHIANG_LIVER_CANCER_SUBCLASS_UNANNOTATED_DN] was killed by [SCHLOSSER_MYC_TARGETS_REPRESSED_BY_SERUM,SCHLOSSER_MYC_TARGETS_REPRESSED_BY_SERUM]
[BENPORATH_PROLIFERATION,BENPORATH_PROLIFERATION] was killed by [YAO_TEMPORAL_RESPONSE_TO_PROGESTERONE_CLUSTER_13,YAO_TEMPORAL_RESPONSE_TO_PROGESTERONE_CLUSTER_13]
[BOYAULT_LIVER_CANCER_SUBCLASS_G3_UP,BOYAULT_LIVER_CANCER_SUBCLASS_G3_UP] was killed by [SCHLOSSER_MYC_TARGETS_REPRESSED_BY_SERUM,SCHLOSSER_MYC_TARGETS_REPRESSED_BY_SERUM]
[MOREAUX_MULTIPLE_MYELOMA_BY_TACI_DN,MOREAUX_MULTIPLE_MYELOMA_BY_TACI_DN] was killed by [SCHLOSSER_MYC_TARGETS_REPRESSED_BY_SERUM,SCHLOSSER_MYC_TARGETS_REPRESSED_BY_SERUM]
[VERHAAK_AML_WITH_NPM1_MUTATED_UP,VERHAAK_AML_WITH_NPM1_MUTATED_UP] was killed by [TAKEDA_TARGETS_OF_NUP98_HOXA9_FUSION_10D_DN,TAKEDA_TARGETS_OF_NUP98_HOXA9_FUSION_10D_DN]
[SOTIRIOU_BREAST_CANCER_GRADE_1_VS_3_UP,SOTIRIOU_BREAST_CANCER_GRADE_1_VS_3_UP] was killed by [SCHLOSSER_MYC_TARGETS_REPRESSED_BY_SERUM,SCHLOSSER_MYC_TARGETS_REPRESSED_BY_SERUM]
[ROSTY_CERVICAL_CANCER_PROLIFERATION_CLUSTER,ROSTY_CERVICAL_CANCER_PROLIFERATION_CLUSTER] was killed by [WINNEPENNINCKX_MELANOMA_METASTASIS_UP,WINNEPENNINCKX_MELANOMA_METASTASIS_UP]
[BURTON_ADIPOGENESIS_5,BURTON_ADIPOGENESIS_5] was killed by [YAO_TEMPORAL_RESPONSE_TO_PROGESTERONE_CLUSTER_17,YAO_TEMPORAL_RESPONSE_TO_PROGESTERONE_CLUSTER_17]
[PUJANA_XPRSS_INT_NETWORK,PUJANA_XPRSS_INT_NETWORK] was killed by [SCHLOSSER_MYC_TARGETS_REPRESSED_BY_SERUM,SCHLOSSER_MYC_TARGETS_REPRESSED_BY_SERUM]
[KIM_ALL_DISORDERS_DURATION_CORR_DN,KIM_ALL_DISORDERS_DURATION_CORR_DN] was killed by [YAO_TEMPORAL_RESPONSE_TO_PROGESTERONE_CLUSTER_17,YAO_TEMPORAL_RESPONSE_TO_PROGESTERONE_CLUSTER_17]
[SMIRNOV_CIRCULATING_ENDOTHELIOCYTES_IN_CANCER_UP,SMIRNOV_CIRCULATING_ENDOTHELIOCYTES_IN_CANCER_UP] was killed by [TAKEDA_TARGETS_OF_NUP98_HOXA9_FUSION_10D_DN,TAKEDA_TARGETS_OF_NUP98_HOXA9_FUSION_10D_DN]
[BROWN_MYELOID_CELL_DEVELOPMENT_UP,BROWN_MYELOID_CELL_DEVELOPMENT_UP] was killed by [TAKEDA_TARGETS_OF_NUP98_HOXA9_FUSION_10D_DN,TAKEDA_TARGETS_OF_NUP98_HOXA9_FUSION_10D_DN]
[RAMALHO_STEMNESS_UP,RAMALHO_STEMNESS_UP] was killed by [SCHLOSSER_MYC_TARGETS_REPRESSED_BY_SERUM,SCHLOSSER_MYC_TARGETS_REPRESSED_BY_SERUM]
[WU_CELL_MIGRATION,WU_CELL_MIGRATION] was killed by [TAKEDA_TARGETS_OF_NUP98_HOXA9_FUSION_10D_DN,TAKEDA_TARGETS_OF_NUP98_HOXA9_FUSION_10D_DN]
[FLORIO_NEOCORTEX_BASAL_RADIAL_GLIA_DN,FLORIO_NEOCORTEX_BASAL_RADIAL_GLIA_DN] was killed by [WINNEPENNINCKX_MELANOMA_METASTASIS_UP,WINNEPENNINCKX_MELANOMA_METASTASIS_UP]
[SCHLOSSER_MYC_TARGETS_AND_SERUM_RESPONSE_UP,SCHLOSSER_MYC_TARGETS_AND_SERUM_RESPONSE_UP] was killed by [YAO_TEMPORAL_RESPONSE_TO_PROGESTERONE_CLUSTER_17,YAO_TEMPORAL_RESPONSE_TO_PROGESTERONE_CLUSTER_17]
[FUJII_YBX1_TARGETS_DN,FUJII_YBX1_TARGETS_DN] was killed by [WINNEPENNINCKX_MELANOMA_METASTASIS_UP,WINNEPENNINCKX_MELANOMA_METASTASIS_UP]
[KIM_RESPONSE_TO_TSA_AND_DECITABINE_UP,KIM_RESPONSE_TO_TSA_AND_DECITABINE_UP] was killed by [TAKEDA_TARGETS_OF_NUP98_HOXA9_FUSION_10D_DN,TAKEDA_TARGETS_OF_NUP98_HOXA9_FUSION_10D_DN]
[ZHOU_CELL_CYCLE_GENES_IN_IR_RESPONSE_6HR,ZHOU_CELL_CYCLE_GENES_IN_IR_RESPONSE_6HR] was killed by [WINNEPENNINCKX_MELANOMA_METASTASIS_UP,WINNEPENNINCKX_MELANOMA_METASTASIS_UP]
[PYEON_CANCER_HEAD_AND_NECK_VS_CERVICAL_UP,PYEON_CANCER_HEAD_AND_NECK_VS_CERVICAL_UP] was killed by [GINESTIER_BREAST_CANCER_20Q13_AMPLIFICATION_DN,GINESTIER_BREAST_CANCER_20Q13_AMPLIFICATION_DN]
[LIAN_LIPA_TARGETS_3M,LIAN_LIPA_TARGETS_3M] was killed by [TAKEDA_TARGETS_OF_NUP98_HOXA9_FUSION_10D_DN,TAKEDA_TARGETS_OF_NUP98_HOXA9_FUSION_10D_DN]
[VART_KSHV_INFECTION_ANGIOGENIC_MARKERS_UP,VART_KSHV_INFECTION_ANGIOGENIC_MARKERS_UP] was killed by [TAKEDA_TARGETS_OF_NUP98_HOXA9_FUSION_10D_DN,TAKEDA_TARGETS_OF_NUP98_HOXA9_FUSION_10D_DN]
[ZHOU_CELL_CYCLE_GENES_IN_IR_RESPONSE_24HR,ZHOU_CELL_CYCLE_GENES_IN_IR_RESPONSE_24HR] was killed by [WINNEPENNINCKX_MELANOMA_METASTASIS_UP,WINNEPENNINCKX_MELANOMA_METASTASIS_UP]
[LI_DCP2_BOUND_MRNA,LI_DCP2_BOUND_MRNA] was killed by [YAO_TEMPORAL_RESPONSE_TO_PROGESTERONE_CLUSTER_13,YAO_TEMPORAL_RESPONSE_TO_PROGESTERONE_CLUSTER_13]
[TONKS_TARGETS_OF_RUNX1_RUNX1T1_FUSION_ERYTHROCYTE_UP,TONKS_TARGETS_OF_RUNX1_RUNX1T1_FUSION_ERYTHROCYTE_UP] was killed by [TAKEDA_TARGETS_OF_NUP98_HOXA9_FUSION_10D_DN,TAKEDA_TARGETS_OF_NUP98_HOXA9_FUSION_10D_DN]
[CROMER_TUMORIGENESIS_UP,CROMER_TUMORIGENESIS_UP] was killed by [TAKEDA_TARGETS_OF_NUP98_HOXA9_FUSION_10D_DN,TAKEDA_TARGETS_OF_NUP98_HOXA9_FUSION_10D_DN]
[BLANCO_MELO_COVID19_SARS_COV_2_POS_PATIENT_LUNG_TISSUE_UP,BLANCO_MELO_COVID19_SARS_COV_2_POS_PATIENT_LUNG_TISSUE_UP] was killed by [TAKEDA_TARGETS_OF_NUP98_HOXA9_FUSION_10D_DN,TAKEDA_TARGETS_OF_NUP98_HOXA9_FUSION_10D_DN]
[BILANGES_SERUM_AND_RAPAMYCIN_SENSITIVE_GENES,BILANGES_SERUM_AND_RAPAMYCIN_SENSITIVE_GENES] was killed by [IRITANI_MAD1_TARGETS_DN,IRITANI_MAD1_TARGETS_DN]
[ALTEMEIER_RESPONSE_TO_LPS_WITH_MECHANICAL_VENTILATION,ALTEMEIER_RESPONSE_TO_LPS_WITH_MECHANICAL_VENTILATION] was killed by [TAKEDA_TARGETS_OF_NUP98_HOXA9_FUSION_10D_DN,TAKEDA_TARGETS_OF_NUP98_HOXA9_FUSION_10D_DN]
[KAAB_FAILED_HEART_ATRIUM_DN,KAAB_FAILED_HEART_ATRIUM_DN] was killed by [SCHLOSSER_MYC_TARGETS_REPRESSED_BY_SERUM,SCHLOSSER_MYC_TARGETS_REPRESSED_BY_SERUM]
[RASHI_RESPONSE_TO_IONIZING_RADIATION_2,RASHI_RESPONSE_TO_IONIZING_RADIATION_2] was killed by [PODAR_RESPONSE_TO_ADAPHOSTIN_UP,PODAR_RESPONSE_TO_ADAPHOSTIN_UP]
[LINDSTEDT_DENDRITIC_CELL_MATURATION_B,LINDSTEDT_DENDRITIC_CELL_MATURATION_B] was killed by [PODAR_RESPONSE_TO_ADAPHOSTIN_UP,PODAR_RESPONSE_TO_ADAPHOSTIN_UP]
[PUJANA_BRCA_CENTERED_NETWORK,PUJANA_BRCA_CENTERED_NETWORK] was killed by [SCHLOSSER_MYC_TARGETS_REPRESSED_BY_SERUM,SCHLOSSER_MYC_TARGETS_REPRESSED_BY_SERUM]
[WHITFIELD_CELL_CYCLE_S,WHITFIELD_CELL_CYCLE_S] was killed by [WINNEPENNINCKX_MELANOMA_METASTASIS_UP,WINNEPENNINCKX_MELANOMA_METASTASIS_UP]
[HAHTOLA_MYCOSIS_FUNGOIDES_CD4_UP,HAHTOLA_MYCOSIS_FUNGOIDES_CD4_UP] was killed by [TAKEDA_TARGETS_OF_NUP98_HOXA9_FUSION_10D_DN,TAKEDA_TARGETS_OF_NUP98_HOXA9_FUSION_10D_DN]
[HESS_TARGETS_OF_HOXA9_AND_MEIS1_DN,HESS_TARGETS_OF_HOXA9_AND_MEIS1_DN] was killed by [TAKEDA_TARGETS_OF_NUP98_HOXA9_FUSION_10D_DN,TAKEDA_TARGETS_OF_NUP98_HOXA9_FUSION_10D_DN]
[BLANCO_MELO_BRONCHIAL_EPITHELIAL_CELLS_INFLUENZA_A_DEL_NS1_INFECTION_DN,BLANCO_MELO_BRONCHIAL_EPITHELIAL_CELLS_INFLUENZA_A_DEL_NS1_INFECTION_DN] was killed by [WINNEPENNINCKX_MELANOMA_METASTASIS_UP,WINNEPENNINCKX_MELANOMA_METASTASIS_UP]
[FERREIRA_EWINGS_SARCOMA_UNSTABLE_VS_STABLE_UP,FERREIRA_EWINGS_SARCOMA_UNSTABLE_VS_STABLE_UP] was killed by [GINESTIER_BREAST_CANCER_20Q13_AMPLIFICATION_DN,GINESTIER_BREAST_CANCER_20Q13_AMPLIFICATION_DN]
[PEDERSEN_METASTASIS_BY_ERBB2_ISOFORM_4,PEDERSEN_METASTASIS_BY_ERBB2_ISOFORM_4] was killed by [TAKEDA_TARGETS_OF_NUP98_HOXA9_FUSION_10D_DN,TAKEDA_TARGETS_OF_NUP98_HOXA9_FUSION_10D_DN]
[TONKS_TARGETS_OF_RUNX1_RUNX1T1_FUSION_HSC_UP,TONKS_TARGETS_OF_RUNX1_RUNX1T1_FUSION_HSC_UP] was killed by [XIE_ST_HSC_S1PR3_OE_UP,XIE_ST_HSC_S1PR3_OE_UP]
[JISON_SICKLE_CELL_DISEASE_DN,JISON_SICKLE_CELL_DISEASE_DN] was killed by [IRITANI_MAD1_TARGETS_DN,IRITANI_MAD1_TARGETS_DN]
[PECE_MAMMARY_STEM_CELL_UP,PECE_MAMMARY_STEM_CELL_UP] was killed by [YAO_TEMPORAL_RESPONSE_TO_PROGESTERONE_CLUSTER_13,YAO_TEMPORAL_RESPONSE_TO_PROGESTERONE_CLUSTER_13]
[HELLEBREKERS_SILENCED_DURING_TUMOR_ANGIOGENESIS,HELLEBREKERS_SILENCED_DURING_TUMOR_ANGIOGENESIS] was killed by [TAKEDA_TARGETS_OF_NUP98_HOXA9_FUSION_10D_DN,TAKEDA_TARGETS_OF_NUP98_HOXA9_FUSION_10D_DN]
[BURTON_ADIPOGENESIS_6,BURTON_ADIPOGENESIS_6] was killed by [YAO_TEMPORAL_RESPONSE_TO_PROGESTERONE_CLUSTER_17,YAO_TEMPORAL_RESPONSE_TO_PROGESTERONE_CLUSTER_17]
[DANG_REGULATED_BY_MYC_UP,DANG_REGULATED_BY_MYC_UP] was killed by [SCHLOSSER_MYC_TARGETS_REPRESSED_BY_SERUM,SCHLOSSER_MYC_TARGETS_REPRESSED_BY_SERUM]
[MORI_IMMATURE_B_LYMPHOCYTE_DN,MORI_IMMATURE_B_LYMPHOCYTE_DN] was killed by [WINNEPENNINCKX_MELANOMA_METASTASIS_UP,WINNEPENNINCKX_MELANOMA_METASTASIS_UP]
[ONDER_CDH1_TARGETS_3_DN,ONDER_CDH1_TARGETS_3_DN] was killed by [TAKEDA_TARGETS_OF_NUP98_HOXA9_FUSION_10D_DN,TAKEDA_TARGETS_OF_NUP98_HOXA9_FUSION_10D_DN]
[HOLLERN_SQUAMOUS_BREAST_TUMOR,HOLLERN_SQUAMOUS_BREAST_TUMOR] was killed by [HOLLERN_EMT_BREAST_TUMOR_DN,HOLLERN_EMT_BREAST_TUMOR_DN]
[BOSCO_ALLERGEN_INDUCED_TH2_ASSOCIATED_MODULE,BOSCO_ALLERGEN_INDUCED_TH2_ASSOCIATED_MODULE] was killed by [ZHENG_FOXP3_TARGETS_IN_THYMUS_UP,ZHENG_FOXP3_TARGETS_IN_THYMUS_UP]
[WELCSH_BRCA1_TARGETS_DN,WELCSH_BRCA1_TARGETS_DN] was killed by [GINESTIER_BREAST_CANCER_20Q13_AMPLIFICATION_DN,GINESTIER_BREAST_CANCER_20Q13_AMPLIFICATION_DN]
[HOFFMANN_LARGE_TO_SMALL_PRE_BII_LYMPHOCYTE_UP,HOFFMANN_LARGE_TO_SMALL_PRE_BII_LYMPHOCYTE_UP] was killed by [WINNEPENNINCKX_MELANOMA_METASTASIS_UP,WINNEPENNINCKX_MELANOMA_METASTASIS_UP]
[TAVOR_CEBPA_TARGETS_UP,TAVOR_CEBPA_TARGETS_UP] was killed by [XIE_ST_HSC_S1PR3_OE_UP,XIE_ST_HSC_S1PR3_OE_UP]
[GERY_CEBP_TARGETS,GERY_CEBP_TARGETS] was killed by [PODAR_RESPONSE_TO_ADAPHOSTIN_UP,PODAR_RESPONSE_TO_ADAPHOSTIN_UP]
[ELVIDGE_HYPOXIA_DN,ELVIDGE_HYPOXIA_DN] was killed by [SCHLOSSER_MYC_TARGETS_REPRESSED_BY_SERUM,SCHLOSSER_MYC_TARGETS_REPRESSED_BY_SERUM]
[LIAN_LIPA_TARGETS_6M,LIAN_LIPA_TARGETS_6M] was killed by [TAKEDA_TARGETS_OF_NUP98_HOXA9_FUSION_10D_DN,TAKEDA_TARGETS_OF_NUP98_HOXA9_FUSION_10D_DN]
[BOSCO_EPITHELIAL_DIFFERENTIATION_MODULE,BOSCO_EPITHELIAL_DIFFERENTIATION_MODULE] was killed by [SENGUPTA_NASOPHARYNGEAL_CARCINOMA_WITH_LMP1_DN,SENGUPTA_NASOPHARYNGEAL_CARCINOMA_WITH_LMP1_DN]
[RIGGI_EWING_SARCOMA_PROGENITOR_DN,RIGGI_EWING_SARCOMA_PROGENITOR_DN] was killed by [TAKEDA_TARGETS_OF_NUP98_HOXA9_FUSION_10D_DN,TAKEDA_TARGETS_OF_NUP98_HOXA9_FUSION_10D_DN]
[HUANG_GATA2_TARGETS_UP,HUANG_GATA2_TARGETS_UP] was killed by [PODAR_RESPONSE_TO_ADAPHOSTIN_UP,PODAR_RESPONSE_TO_ADAPHOSTIN_UP]
[RYAN_MANTLE_CELL_LYMPHOMA_NOTCH_DIRECT_UP,RYAN_MANTLE_CELL_LYMPHOMA_NOTCH_DIRECT_UP] was killed by [SENGUPTA_NASOPHARYNGEAL_CARCINOMA_WITH_LMP1_DN,SENGUPTA_NASOPHARYNGEAL_CARCINOMA_WITH_LMP1_DN]
[JECHLINGER_EPITHELIAL_TO_MESENCHYMAL_TRANSITION_DN,JECHLINGER_EPITHELIAL_TO_MESENCHYMAL_TRANSITION_DN] was killed by [TAKEDA_TARGETS_OF_NUP98_HOXA9_FUSION_10D_DN,TAKEDA_TARGETS_OF_NUP98_HOXA9_FUSION_10D_DN]
[LIN_SILENCED_BY_TUMOR_MICROENVIRONMENT,LIN_SILENCED_BY_TUMOR_MICROENVIRONMENT] was killed by [TAKEDA_TARGETS_OF_NUP98_HOXA9_FUSION_10D_DN,TAKEDA_TARGETS_OF_NUP98_HOXA9_FUSION_10D_DN]
[WHITFIELD_CELL_CYCLE_G2_M,WHITFIELD_CELL_CYCLE_G2_M] was killed by [WINNEPENNINCKX_MELANOMA_METASTASIS_UP,WINNEPENNINCKX_MELANOMA_METASTASIS_UP]
[RICKMAN_HEAD_AND_NECK_CANCER_C,RICKMAN_HEAD_AND_NECK_CANCER_C] was killed by [SENGUPTA_NASOPHARYNGEAL_CARCINOMA_WITH_LMP1_DN,SENGUPTA_NASOPHARYNGEAL_CARCINOMA_WITH_LMP1_DN]
[SERVITJA_ISLET_HNF1A_TARGETS_UP,SERVITJA_ISLET_HNF1A_TARGETS_UP] was killed by [HOELZEL_NF1_TARGETS_UP,HOELZEL_NF1_TARGETS_UP]
[VILIMAS_NOTCH1_TARGETS_UP,VILIMAS_NOTCH1_TARGETS_UP] was killed by [XIE_ST_HSC_S1PR3_OE_UP,XIE_ST_HSC_S1PR3_OE_UP]
[ANDERSEN_CHOLANGIOCARCINOMA_CLASS2,ANDERSEN_CHOLANGIOCARCINOMA_CLASS2] was killed by [TAKEDA_TARGETS_OF_NUP98_HOXA9_FUSION_10D_DN,TAKEDA_TARGETS_OF_NUP98_HOXA9_FUSION_10D_DN]
[LINDGREN_BLADDER_CANCER_CLUSTER_2A_DN,LINDGREN_BLADDER_CANCER_CLUSTER_2A_DN] was killed by [PODAR_RESPONSE_TO_ADAPHOSTIN_UP,PODAR_RESPONSE_TO_ADAPHOSTIN_UP]
[PUJANA_BREAST_CANCER_LIT_INT_NETWORK,PUJANA_BREAST_CANCER_LIT_INT_NETWORK] was killed by [WINNEPENNINCKX_MELANOMA_METASTASIS_UP,WINNEPENNINCKX_MELANOMA_METASTASIS_UP]
[MOREAUX_B_LYMPHOCYTE_MATURATION_BY_TACI_DN,MOREAUX_B_LYMPHOCYTE_MATURATION_BY_TACI_DN] was killed by [SCHLOSSER_MYC_TARGETS_REPRESSED_BY_SERUM,SCHLOSSER_MYC_TARGETS_REPRESSED_BY_SERUM]
[UDAYAKUMAR_MED1_TARGETS_UP,UDAYAKUMAR_MED1_TARGETS_UP] was killed by [SCHLOSSER_MYC_TARGETS_REPRESSED_BY_SERUM,SCHLOSSER_MYC_TARGETS_REPRESSED_BY_SERUM]
[CHIANG_LIVER_CANCER_SUBCLASS_CTNNB1_DN,CHIANG_LIVER_CANCER_SUBCLASS_CTNNB1_DN] was killed by [TAKEDA_TARGETS_OF_NUP98_HOXA9_FUSION_10D_DN,TAKEDA_TARGETS_OF_NUP98_HOXA9_FUSION_10D_DN]
[GALINDO_IMMUNE_RESPONSE_TO_ENTEROTOXIN,GALINDO_IMMUNE_RESPONSE_TO_ENTEROTOXIN] was killed by [PODAR_RESPONSE_TO_ADAPHOSTIN_UP,PODAR_RESPONSE_TO_ADAPHOSTIN_UP]
[VILLANUEVA_LIVER_CANCER_KRT19_UP,VILLANUEVA_LIVER_CANCER_KRT19_UP] was killed by [WINNEPENNINCKX_MELANOMA_METASTASIS_UP,WINNEPENNINCKX_MELANOMA_METASTASIS_UP]
[TIEN_INTESTINE_PROBIOTICS_6HR_UP,TIEN_INTESTINE_PROBIOTICS_6HR_UP] was killed by [IRITANI_MAD1_TARGETS_DN,IRITANI_MAD1_TARGETS_DN]
[YAO_TEMPORAL_RESPONSE_TO_PROGESTERONE_CLUSTER_14,YAO_TEMPORAL_RESPONSE_TO_PROGESTERONE_CLUSTER_14] was killed by [SCHLOSSER_MYC_TARGETS_REPRESSED_BY_SERUM,SCHLOSSER_MYC_TARGETS_REPRESSED_BY_SERUM]
[KOBAYASHI_EGFR_SIGNALING_24HR_UP,KOBAYASHI_EGFR_SIGNALING_24HR_UP] was killed by [TAKEDA_TARGETS_OF_NUP98_HOXA9_FUSION_10D_DN,TAKEDA_TARGETS_OF_NUP98_HOXA9_FUSION_10D_DN]
[ALCALA_APOPTOSIS,ALCALA_APOPTOSIS] was killed by [IIZUKA_LIVER_CANCER_PROGRESSION_L0_L1_DN,IIZUKA_LIVER_CANCER_PROGRESSION_L0_L1_DN]
[BILANGES_RAPAMYCIN_SENSITIVE_VIA_TSC1_AND_TSC2,BILANGES_RAPAMYCIN_SENSITIVE_VIA_TSC1_AND_TSC2] was killed by [SCHLOSSER_MYC_TARGETS_REPRESSED_BY_SERUM,SCHLOSSER_MYC_TARGETS_REPRESSED_BY_SERUM]
[LENAOUR_DENDRITIC_CELL_MATURATION_UP,LENAOUR_DENDRITIC_CELL_MATURATION_UP] was killed by [TAKEDA_TARGETS_OF_NUP98_HOXA9_FUSION_10D_DN,TAKEDA_TARGETS_OF_NUP98_HOXA9_FUSION_10D_DN]
[MIKKELSEN_IPS_WITH_HCP_H3K27ME3,MIKKELSEN_IPS_WITH_HCP_H3K27ME3] was killed by [MEISSNER_NPC_HCP_WITH_H3K27ME3,MEISSNER_NPC_HCP_WITH_H3K27ME3]
[BLANCO_MELO_COVID19_BRONCHIAL_EPITHELIAL_CELLS_SARS_COV_2_INFECTION_UP,BLANCO_MELO_COVID19_BRONCHIAL_EPITHELIAL_CELLS_SARS_COV_2_INFECTION_UP] was killed by [TAKEDA_TARGETS_OF_NUP98_HOXA9_FUSION_10D_DN,TAKEDA_TARGETS_OF_NUP98_HOXA9_FUSION_10D_DN]
[HINATA_NFKB_TARGETS_KERATINOCYTE_UP,HINATA_NFKB_TARGETS_KERATINOCYTE_UP] was killed by [TAKEDA_TARGETS_OF_NUP98_HOXA9_FUSION_10D_DN,TAKEDA_TARGETS_OF_NUP98_HOXA9_FUSION_10D_DN]
[GOLDRATH_HOMEOSTATIC_PROLIFERATION,GOLDRATH_HOMEOSTATIC_PROLIFERATION] was killed by [SCHLOSSER_MYC_TARGETS_REPRESSED_BY_SERUM,SCHLOSSER_MYC_TARGETS_REPRESSED_BY_SERUM]
[PICCALUGA_ANGIOIMMUNOBLASTIC_LYMPHOMA_DN,PICCALUGA_ANGIOIMMUNOBLASTIC_LYMPHOMA_DN] was killed by [PODAR_RESPONSE_TO_ADAPHOSTIN_UP,PODAR_RESPONSE_TO_ADAPHOSTIN_UP]
[LEE_EARLY_T_LYMPHOCYTE_UP,LEE_EARLY_T_LYMPHOCYTE_UP] was killed by [WINNEPENNINCKX_MELANOMA_METASTASIS_UP,WINNEPENNINCKX_MELANOMA_METASTASIS_UP]
[PYEON_HPV_POSITIVE_TUMORS_UP,PYEON_HPV_POSITIVE_TUMORS_UP] was killed by [WINNEPENNINCKX_MELANOMA_METASTASIS_UP,WINNEPENNINCKX_MELANOMA_METASTASIS_UP]
[CHIANG_LIVER_CANCER_SUBCLASS_PROLIFERATION_UP,CHIANG_LIVER_CANCER_SUBCLASS_PROLIFERATION_UP] was killed by [WINNEPENNINCKX_MELANOMA_METASTASIS_UP,WINNEPENNINCKX_MELANOMA_METASTASIS_UP]
[ZHANG_RESPONSE_TO_CANTHARIDIN_DN,ZHANG_RESPONSE_TO_CANTHARIDIN_DN] was killed by [SCHLOSSER_MYC_TARGETS_REPRESSED_BY_SERUM,SCHLOSSER_MYC_TARGETS_REPRESSED_BY_SERUM]
[ALCALAY_AML_BY_NPM1_LOCALIZATION_UP,ALCALAY_AML_BY_NPM1_LOCALIZATION_UP] was killed by [MEISSNER_NPC_HCP_WITH_H3K27ME3,MEISSNER_NPC_HCP_WITH_H3K27ME3]
[ONDER_CDH1_SIGNALING_VIA_CTNNB1,ONDER_CDH1_SIGNALING_VIA_CTNNB1] was killed by [CERVERA_SDHB_TARGETS_2,CERVERA_SDHB_TARGETS_2]
[GARGALOVIC_RESPONSE_TO_OXIDIZED_PHOSPHOLIPIDS_MAGENTA_UP,GARGALOVIC_RESPONSE_TO_OXIDIZED_PHOSPHOLIPIDS_MAGENTA_UP] was killed by [PODAR_RESPONSE_TO_ADAPHOSTIN_UP,PODAR_RESPONSE_TO_ADAPHOSTIN_UP]
[SABATES_COLORECTAL_ADENOMA_UP,SABATES_COLORECTAL_ADENOMA_UP] was killed by [TAKEDA_TARGETS_OF_NUP98_HOXA9_FUSION_10D_DN,TAKEDA_TARGETS_OF_NUP98_HOXA9_FUSION_10D_DN]
[WELCSH_BRCA1_TARGETS_UP,WELCSH_BRCA1_TARGETS_UP] was killed by [YAO_TEMPORAL_RESPONSE_TO_PROGESTERONE_CLUSTER_13,YAO_TEMPORAL_RESPONSE_TO_PROGESTERONE_CLUSTER_13]
[MANNE_COVID19_NONICU_VS_HEALTHY_DONOR_PLATELETS_UP,MANNE_COVID19_NONICU_VS_HEALTHY_DONOR_PLATELETS_UP] was killed by [XIE_ST_HSC_S1PR3_OE_UP,XIE_ST_HSC_S1PR3_OE_UP]
[CHNG_MULTIPLE_MYELOMA_HYPERPLOID_UP,CHNG_MULTIPLE_MYELOMA_HYPERPLOID_UP] was killed by [IRITANI_MAD1_TARGETS_DN,IRITANI_MAD1_TARGETS_DN]
[TAKEDA_TARGETS_OF_NUP98_HOXA9_FUSION_10D_UP,TAKEDA_TARGETS_OF_NUP98_HOXA9_FUSION_10D_UP] was killed by [XIE_ST_HSC_S1PR3_OE_UP,XIE_ST_HSC_S1PR3_OE_UP]
[TAKEDA_TARGETS_OF_NUP98_HOXA9_FUSION_3D_UP,TAKEDA_TARGETS_OF_NUP98_HOXA9_FUSION_3D_UP] was killed by [XIE_ST_HSC_S1PR3_OE_UP,XIE_ST_HSC_S1PR3_OE_UP]
[TAKEDA_TARGETS_OF_NUP98_HOXA9_FUSION_8D_UP,TAKEDA_TARGETS_OF_NUP98_HOXA9_FUSION_8D_UP] was killed by [XIE_ST_HSC_S1PR3_OE_UP,XIE_ST_HSC_S1PR3_OE_UP]
[SCHLOSSER_SERUM_RESPONSE_AUGMENTED_BY_MYC,SCHLOSSER_SERUM_RESPONSE_AUGMENTED_BY_MYC] was killed by [YAO_TEMPORAL_RESPONSE_TO_PROGESTERONE_CLUSTER_17,YAO_TEMPORAL_RESPONSE_TO_PROGESTERONE_CLUSTER_17]
[BEGUM_TARGETS_OF_PAX3_FOXO1_FUSION_UP,BEGUM_TARGETS_OF_PAX3_FOXO1_FUSION_UP] was killed by [HOELZEL_NF1_TARGETS_UP,HOELZEL_NF1_TARGETS_UP]
[CERVERA_SDHB_TARGETS_1_UP,CERVERA_SDHB_TARGETS_1_UP] was killed by [CERVERA_SDHB_TARGETS_2,CERVERA_SDHB_TARGETS_2]
[GARGALOVIC_RESPONSE_TO_OXIDIZED_PHOSPHOLIPIDS_BLUE_UP,GARGALOVIC_RESPONSE_TO_OXIDIZED_PHOSPHOLIPIDS_BLUE_UP] was killed by [WANG_CLIM2_TARGETS_DN,WANG_CLIM2_TARGETS_DN]
[MILI_PSEUDOPODIA_CHEMOTAXIS_UP,MILI_PSEUDOPODIA_CHEMOTAXIS_UP] was killed by [BERTUCCI_MEDULLARY_VS_DUCTAL_BREAST_CANCER_DN,BERTUCCI_MEDULLARY_VS_DUCTAL_BREAST_CANCER_DN]
[PRAMOONJAGO_SOX4_TARGETS_UP,PRAMOONJAGO_SOX4_TARGETS_UP] was killed by [PODAR_RESPONSE_TO_ADAPHOSTIN_UP,PODAR_RESPONSE_TO_ADAPHOSTIN_UP]
[PHONG_TNF_TARGETS_UP,PHONG_TNF_TARGETS_UP] was killed by [TAKEDA_TARGETS_OF_NUP98_HOXA9_FUSION_10D_DN,TAKEDA_TARGETS_OF_NUP98_HOXA9_FUSION_10D_DN]
[MEISSNER_NPC_HCP_WITH_H3K4ME3_AND_H3K27ME3,MEISSNER_NPC_HCP_WITH_H3K4ME3_AND_H3K27ME3] was killed by [XIE_ST_HSC_S1PR3_OE_UP,XIE_ST_HSC_S1PR3_OE_UP]
[GRAHAM_CML_DIVIDING_VS_NORMAL_QUIESCENT_UP,GRAHAM_CML_DIVIDING_VS_NORMAL_QUIESCENT_UP] was killed by [WINNEPENNINCKX_MELANOMA_METASTASIS_UP,WINNEPENNINCKX_MELANOMA_METASTASIS_UP]
[PEDERSEN_TARGETS_OF_611CTF_ISOFORM_OF_ERBB2,PEDERSEN_TARGETS_OF_611CTF_ISOFORM_OF_ERBB2] was killed by [PODAR_RESPONSE_TO_ADAPHOSTIN_UP,PODAR_RESPONSE_TO_ADAPHOSTIN_UP]
[CROONQUIST_IL6_DEPRIVATION_DN,CROONQUIST_IL6_DEPRIVATION_DN] was killed by [GINESTIER_BREAST_CANCER_20Q13_AMPLIFICATION_DN,GINESTIER_BREAST_CANCER_20Q13_AMPLIFICATION_DN]
[KONG_E2F3_TARGETS,KONG_E2F3_TARGETS] was killed by [WINNEPENNINCKX_MELANOMA_METASTASIS_UP,WINNEPENNINCKX_MELANOMA_METASTASIS_UP]
[RHODES_UNDIFFERENTIATED_CANCER,RHODES_UNDIFFERENTIATED_CANCER] was killed by [SCHLOSSER_MYC_TARGETS_REPRESSED_BY_SERUM,SCHLOSSER_MYC_TARGETS_REPRESSED_BY_SERUM]
[CROONQUIST_NRAS_SIGNALING_DN,CROONQUIST_NRAS_SIGNALING_DN] was killed by [GINESTIER_BREAST_CANCER_20Q13_AMPLIFICATION_DN,GINESTIER_BREAST_CANCER_20Q13_AMPLIFICATION_DN]
[MALONEY_RESPONSE_TO_17AAG_DN,MALONEY_RESPONSE_TO_17AAG_DN] was killed by [SCHLOSSER_MYC_TARGETS_REPRESSED_BY_SERUM,SCHLOSSER_MYC_TARGETS_REPRESSED_BY_SERUM]
[LIANG_SILENCED_BY_METHYLATION_2,LIANG_SILENCED_BY_METHYLATION_2] was killed by [TAKEDA_TARGETS_OF_NUP98_HOXA9_FUSION_10D_DN,TAKEDA_TARGETS_OF_NUP98_HOXA9_FUSION_10D_DN]
[ZHONG_RESPONSE_TO_AZACITIDINE_AND_TSA_UP,ZHONG_RESPONSE_TO_AZACITIDINE_AND_TSA_UP] was killed by [PODAR_RESPONSE_TO_ADAPHOSTIN_UP,PODAR_RESPONSE_TO_ADAPHOSTIN_UP]
[BOYLAN_MULTIPLE_MYELOMA_C_D_UP,BOYLAN_MULTIPLE_MYELOMA_C_D_UP] was killed by [GROSS_HYPOXIA_VIA_HIF1A_UP,GROSS_HYPOXIA_VIA_HIF1A_UP]
[KARLSSON_TGFB1_TARGETS_UP,KARLSSON_TGFB1_TARGETS_UP] was killed by [SCHLOSSER_MYC_TARGETS_REPRESSED_BY_SERUM,SCHLOSSER_MYC_TARGETS_REPRESSED_BY_SERUM]
[TAKAO_RESPONSE_TO_UVB_RADIATION_UP,TAKAO_RESPONSE_TO_UVB_RADIATION_UP] was killed by [YAO_TEMPORAL_RESPONSE_TO_PROGESTERONE_CLUSTER_13,YAO_TEMPORAL_RESPONSE_TO_PROGESTERONE_CLUSTER_13]
[NAGASHIMA_NRG1_SIGNALING_UP,NAGASHIMA_NRG1_SIGNALING_UP] was killed by [WANG_CLIM2_TARGETS_DN,WANG_CLIM2_TARGETS_DN]
[DING_LUNG_CANCER_EXPRESSION_BY_COPY_NUMBER,DING_LUNG_CANCER_EXPRESSION_BY_COPY_NUMBER] was killed by [SCHLOSSER_MYC_TARGETS_REPRESSED_BY_SERUM,SCHLOSSER_MYC_TARGETS_REPRESSED_BY_SERUM]
[GOZGIT_ESR1_TARGETS_UP,GOZGIT_ESR1_TARGETS_UP] was killed by [SENGUPTA_NASOPHARYNGEAL_CARCINOMA_WITH_LMP1_DN,SENGUPTA_NASOPHARYNGEAL_CARCINOMA_WITH_LMP1_DN]
[BLALOCK_ALZHEIMERS_DISEASE_INCIPIENT_DN,BLALOCK_ALZHEIMERS_DISEASE_INCIPIENT_DN] was killed by [WINNEPENNINCKX_MELANOMA_METASTASIS_UP,WINNEPENNINCKX_MELANOMA_METASTASIS_UP]
[JOHNSTONE_PARVB_TARGETS_2_UP,JOHNSTONE_PARVB_TARGETS_2_UP] was killed by [XIE_ST_HSC_S1PR3_OE_UP,XIE_ST_HSC_S1PR3_OE_UP]
[TONKS_TARGETS_OF_RUNX1_RUNX1T1_FUSION_HSC_DN,TONKS_TARGETS_OF_RUNX1_RUNX1T1_FUSION_HSC_DN] was killed by [TAKEDA_TARGETS_OF_NUP98_HOXA9_FUSION_10D_DN,TAKEDA_TARGETS_OF_NUP98_HOXA9_FUSION_10D_DN]
[TONKS_TARGETS_OF_RUNX1_RUNX1T1_FUSION_SUSTAINDED_IN_ERYTHROCYTE_UP,TONKS_TARGETS_OF_RUNX1_RUNX1T1_FUSION_SUSTAINDED_IN_ERYTHROCYTE_UP] was killed by [PODAR_RESPONSE_TO_ADAPHOSTIN_UP,PODAR_RESPONSE_TO_ADAPHOSTIN_UP]
[YAO_TEMPORAL_RESPONSE_TO_PROGESTERONE_CLUSTER_11,YAO_TEMPORAL_RESPONSE_TO_PROGESTERONE_CLUSTER_11] was killed by [SCHLOSSER_MYC_TARGETS_REPRESSED_BY_SERUM,SCHLOSSER_MYC_TARGETS_REPRESSED_BY_SERUM]
[GARGALOVIC_RESPONSE_TO_OXIDIZED_PHOSPHOLIPIDS_TURQUOISE_UP,GARGALOVIC_RESPONSE_TO_OXIDIZED_PHOSPHOLIPIDS_TURQUOISE_UP] was killed by [PODAR_RESPONSE_TO_ADAPHOSTIN_UP,PODAR_RESPONSE_TO_ADAPHOSTIN_UP]
[BLANCO_MELO_COVID19_SARS_COV_2_INFECTION_A594_CELLS_UP,BLANCO_MELO_COVID19_SARS_COV_2_INFECTION_A594_CELLS_UP] was killed by [SENGUPTA_NASOPHARYNGEAL_CARCINOMA_WITH_LMP1_DN,SENGUPTA_NASOPHARYNGEAL_CARCINOMA_WITH_LMP1_DN]
[GAVIN_FOXP3_TARGETS_CLUSTER_T7,GAVIN_FOXP3_TARGETS_CLUSTER_T7] was killed by [YAO_TEMPORAL_RESPONSE_TO_PROGESTERONE_CLUSTER_17,YAO_TEMPORAL_RESPONSE_TO_PROGESTERONE_CLUSTER_17]
[VART_KSHV_INFECTION_ANGIOGENIC_MARKERS_DN,VART_KSHV_INFECTION_ANGIOGENIC_MARKERS_DN] was killed by [TAKEDA_TARGETS_OF_NUP98_HOXA9_FUSION_10D_DN,TAKEDA_TARGETS_OF_NUP98_HOXA9_FUSION_10D_DN]
[LENAOUR_DENDRITIC_CELL_MATURATION_DN,LENAOUR_DENDRITIC_CELL_MATURATION_DN] was killed by [TAKEDA_TARGETS_OF_NUP98_HOXA9_FUSION_10D_DN,TAKEDA_TARGETS_OF_NUP98_HOXA9_FUSION_10D_DN]
[RICKMAN_HEAD_AND_NECK_CANCER_A,RICKMAN_HEAD_AND_NECK_CANCER_A] was killed by [SENGUPTA_NASOPHARYNGEAL_CARCINOMA_WITH_LMP1_DN,SENGUPTA_NASOPHARYNGEAL_CARCINOMA_WITH_LMP1_DN]
[FLECHNER_PBL_KIDNEY_TRANSPLANT_OK_VS_DONOR_UP,FLECHNER_PBL_KIDNEY_TRANSPLANT_OK_VS_DONOR_UP] was killed by [SCHLOSSER_MYC_TARGETS_REPRESSED_BY_SERUM,SCHLOSSER_MYC_TARGETS_REPRESSED_BY_SERUM]
[PHONG_TNF_RESPONSE_VIA_P38_PARTIAL,PHONG_TNF_RESPONSE_VIA_P38_PARTIAL] was killed by [TAKEDA_TARGETS_OF_NUP98_HOXA9_FUSION_10D_DN,TAKEDA_TARGETS_OF_NUP98_HOXA9_FUSION_10D_DN]
[BURTON_ADIPOGENESIS_8,BURTON_ADIPOGENESIS_8] was killed by [TAKEDA_TARGETS_OF_NUP98_HOXA9_FUSION_10D_DN,TAKEDA_TARGETS_OF_NUP98_HOXA9_FUSION_10D_DN]
[LIM_MAMMARY_LUMINAL_MATURE_DN,LIM_MAMMARY_LUMINAL_MATURE_DN] was killed by [TAKEDA_TARGETS_OF_NUP98_HOXA9_FUSION_10D_DN,TAKEDA_TARGETS_OF_NUP98_HOXA9_FUSION_10D_DN]
[SMITH_TERT_TARGETS_UP,SMITH_TERT_TARGETS_UP] was killed by [SCHLOSSER_MYC_TARGETS_REPRESSED_BY_SERUM,SCHLOSSER_MYC_TARGETS_REPRESSED_BY_SERUM]
[BLANCO_MELO_HUMAN_PARAINFLUENZA_VIRUS_3_INFECTION_A594_CELLS_DN,BLANCO_MELO_HUMAN_PARAINFLUENZA_VIRUS_3_INFECTION_A594_CELLS_DN] was killed by [HOLLERN_EMT_BREAST_TUMOR_DN,HOLLERN_EMT_BREAST_TUMOR_DN]
[LASTOWSKA_NEUROBLASTOMA_COPY_NUMBER_UP,LASTOWSKA_NEUROBLASTOMA_COPY_NUMBER_UP] was killed by [WINNEPENNINCKX_MELANOMA_METASTASIS_UP,WINNEPENNINCKX_MELANOMA_METASTASIS_UP]
[JINESH_BLEBBISHIELD_TRANSFORMED_STEM_CELL_SPHERES_UP,JINESH_BLEBBISHIELD_TRANSFORMED_STEM_CELL_SPHERES_UP] was killed by [TAKEDA_TARGETS_OF_NUP98_HOXA9_FUSION_10D_DN,TAKEDA_TARGETS_OF_NUP98_HOXA9_FUSION_10D_DN]
[GAUSSMANN_MLL_AF4_FUSION_TARGETS_A_UP,GAUSSMANN_MLL_AF4_FUSION_TARGETS_A_UP] was killed by [TAKEDA_TARGETS_OF_NUP98_HOXA9_FUSION_10D_DN,TAKEDA_TARGETS_OF_NUP98_HOXA9_FUSION_10D_DN]
[BHATTACHARYA_EMBRYONIC_STEM_CELL,BHATTACHARYA_EMBRYONIC_STEM_CELL] was killed by [SCHLOSSER_MYC_TARGETS_REPRESSED_BY_SERUM,SCHLOSSER_MYC_TARGETS_REPRESSED_BY_SERUM]
[WAMUNYOKOLI_OVARIAN_CANCER_LMP_DN,WAMUNYOKOLI_OVARIAN_CANCER_LMP_DN] was killed by [LIEN_BREAST_CARCINOMA_METAPLASTIC,LIEN_BREAST_CARCINOMA_METAPLASTIC]
[DACOSTA_UV_RESPONSE_VIA_ERCC3_TTD_DN,DACOSTA_UV_RESPONSE_VIA_ERCC3_TTD_DN] was killed by [ZHENG_FOXP3_TARGETS_IN_THYMUS_UP,ZHENG_FOXP3_TARGETS_IN_THYMUS_UP]
[GHANDHI_DIRECT_IRRADIATION_UP,GHANDHI_DIRECT_IRRADIATION_UP] was killed by [TAKEDA_TARGETS_OF_NUP98_HOXA9_FUSION_10D_DN,TAKEDA_TARGETS_OF_NUP98_HOXA9_FUSION_10D_DN]
[AKL_HTLV1_INFECTION_DN,AKL_HTLV1_INFECTION_DN] was killed by [PODAR_RESPONSE_TO_ADAPHOSTIN_UP,PODAR_RESPONSE_TO_ADAPHOSTIN_UP]
[WANG_HCP_PROSTATE_CANCER,WANG_HCP_PROSTATE_CANCER] was killed by [SENGUPTA_NASOPHARYNGEAL_CARCINOMA_WITH_LMP1_DN,SENGUPTA_NASOPHARYNGEAL_CARCINOMA_WITH_LMP1_DN]
[IIZUKA_LIVER_CANCER_PROGRESSION_G1_G2_DN,IIZUKA_LIVER_CANCER_PROGRESSION_G1_G2_DN] was killed by [WANG_CLIM2_TARGETS_DN,WANG_CLIM2_TARGETS_DN]
[TAKEDA_TARGETS_OF_NUP98_HOXA9_FUSION_16D_DN,TAKEDA_TARGETS_OF_NUP98_HOXA9_FUSION_16D_DN] was killed by [TAKEDA_TARGETS_OF_NUP98_HOXA9_FUSION_10D_DN,TAKEDA_TARGETS_OF_NUP98_HOXA9_FUSION_10D_DN]
[WINZEN_DEGRADED_VIA_KHSRP,WINZEN_DEGRADED_VIA_KHSRP] was killed by [XIE_ST_HSC_S1PR3_OE_UP,XIE_ST_HSC_S1PR3_OE_UP]
[SHETH_LIVER_CANCER_VS_TXNIP_LOSS_PAM2,SHETH_LIVER_CANCER_VS_TXNIP_LOSS_PAM2] was killed by [WINNEPENNINCKX_MELANOMA_METASTASIS_UP,WINNEPENNINCKX_MELANOMA_METASTASIS_UP]
[GUENTHER_GROWTH_SPHERICAL_VS_ADHERENT_DN,GUENTHER_GROWTH_SPHERICAL_VS_ADHERENT_DN] was killed by [CHEBOTAEV_GR_TARGETS_UP,CHEBOTAEV_GR_TARGETS_UP]
[YAGI_AML_FAB_MARKERS,YAGI_AML_FAB_MARKERS] was killed by [GRABARCZYK_BCL11B_TARGETS_UP,GRABARCZYK_BCL11B_TARGETS_UP]
[HUANG_FOXA2_TARGETS_DN,HUANG_FOXA2_TARGETS_DN] was killed by [TAKEDA_TARGETS_OF_NUP98_HOXA9_FUSION_10D_DN,TAKEDA_TARGETS_OF_NUP98_HOXA9_FUSION_10D_DN]
[RODRIGUES_DCC_TARGETS_DN,RODRIGUES_DCC_TARGETS_DN] was killed by [PODAR_RESPONSE_TO_ADAPHOSTIN_UP,PODAR_RESPONSE_TO_ADAPHOSTIN_UP]
[RUIZ_TNC_TARGETS_UP,RUIZ_TNC_TARGETS_UP] was killed by [TAKEDA_TARGETS_OF_NUP98_HOXA9_FUSION_10D_DN,TAKEDA_TARGETS_OF_NUP98_HOXA9_FUSION_10D_DN]
[DAVICIONI_MOLECULAR_ARMS_VS_ERMS_DN,DAVICIONI_MOLECULAR_ARMS_VS_ERMS_DN] was killed by [CERVERA_SDHB_TARGETS_2,CERVERA_SDHB_TARGETS_2]
[WIERENGA_STAT5A_TARGETS_GROUP2,WIERENGA_STAT5A_TARGETS_GROUP2] was killed by [TAKEDA_TARGETS_OF_NUP98_HOXA9_FUSION_10D_DN,TAKEDA_TARGETS_OF_NUP98_HOXA9_FUSION_10D_DN]
[WANG_ESOPHAGUS_CANCER_VS_NORMAL_UP,WANG_ESOPHAGUS_CANCER_VS_NORMAL_UP] was killed by [WAKABAYASHI_ADIPOGENESIS_PPARG_RXRA_BOUND_WITH_H4K20ME1_MARK,WAKABAYASHI_ADIPOGENESIS_PPARG_RXRA_BOUND_WITH_H4K20ME1_MARK]
[EPPERT_PROGENITOR,EPPERT_PROGENITOR] was killed by [SCHLOSSER_MYC_TARGETS_REPRESSED_BY_SERUM,SCHLOSSER_MYC_TARGETS_REPRESSED_BY_SERUM]
[SAKAI_CHRONIC_HEPATITIS_VS_LIVER_CANCER_UP,SAKAI_CHRONIC_HEPATITIS_VS_LIVER_CANCER_UP] was killed by [SCHLOSSER_MYC_TARGETS_REPRESSED_BY_SERUM,SCHLOSSER_MYC_TARGETS_REPRESSED_BY_SERUM]
[RADMACHER_AML_PROGNOSIS,RADMACHER_AML_PROGNOSIS] was killed by [TAKEDA_TARGETS_OF_NUP98_HOXA9_FUSION_10D_DN,TAKEDA_TARGETS_OF_NUP98_HOXA9_FUSION_10D_DN]
[WIERENGA_STAT5A_TARGETS_GROUP1,WIERENGA_STAT5A_TARGETS_GROUP1] was killed by [PODAR_RESPONSE_TO_ADAPHOSTIN_UP,PODAR_RESPONSE_TO_ADAPHOSTIN_UP]
[SHAFFER_IRF4_TARGETS_IN_ACTIVATED_B_LYMPHOCYTE,SHAFFER_IRF4_TARGETS_IN_ACTIVATED_B_LYMPHOCYTE] was killed by [SCHLOSSER_MYC_TARGETS_REPRESSED_BY_SERUM,SCHLOSSER_MYC_TARGETS_REPRESSED_BY_SERUM]
[SEIDEN_ONCOGENESIS_BY_MET,SEIDEN_ONCOGENESIS_BY_MET] was killed by [SCHLOSSER_MYC_TARGETS_REPRESSED_BY_SERUM,SCHLOSSER_MYC_TARGETS_REPRESSED_BY_SERUM]
[MIKKELSEN_IPS_ICP_WITH_H3K27ME3,MIKKELSEN_IPS_ICP_WITH_H3K27ME3] was killed by [MIKKELSEN_ES_ICP_WITH_H3K4ME3_AND_H3K27ME3,MIKKELSEN_ES_ICP_WITH_H3K4ME3_AND_H3K27ME3]
[WONG_PROTEASOME_GENE_MODULE,WONG_PROTEASOME_GENE_MODULE] was killed by [SCHLOSSER_MYC_TARGETS_REPRESSED_BY_SERUM,SCHLOSSER_MYC_TARGETS_REPRESSED_BY_SERUM]
[WILENSKY_RESPONSE_TO_DARAPLADIB,WILENSKY_RESPONSE_TO_DARAPLADIB] was killed by [TAKEDA_TARGETS_OF_NUP98_HOXA9_FUSION_10D_DN,TAKEDA_TARGETS_OF_NUP98_HOXA9_FUSION_10D_DN]
[TAKEDA_TARGETS_OF_NUP98_HOXA9_FUSION_3D_DN,TAKEDA_TARGETS_OF_NUP98_HOXA9_FUSION_3D_DN] was killed by [TAKEDA_TARGETS_OF_NUP98_HOXA9_FUSION_10D_DN,TAKEDA_TARGETS_OF_NUP98_HOXA9_FUSION_10D_DN]
[GARCIA_TARGETS_OF_FLI1_AND_DAX1_DN,GARCIA_TARGETS_OF_FLI1_AND_DAX1_DN] was killed by [WINNEPENNINCKX_MELANOMA_METASTASIS_UP,WINNEPENNINCKX_MELANOMA_METASTASIS_UP]
[TIAN_TNF_SIGNALING_VIA_NFKB,TIAN_TNF_SIGNALING_VIA_NFKB] was killed by [TAKEDA_TARGETS_OF_NUP98_HOXA9_FUSION_10D_DN,TAKEDA_TARGETS_OF_NUP98_HOXA9_FUSION_10D_DN]
[COLLER_MYC_TARGETS_UP,COLLER_MYC_TARGETS_UP] was killed by [SCHLOSSER_MYC_TARGETS_REPRESSED_BY_SERUM,SCHLOSSER_MYC_TARGETS_REPRESSED_BY_SERUM]
[BURTON_ADIPOGENESIS_PEAK_AT_0HR,BURTON_ADIPOGENESIS_PEAK_AT_0HR] was killed by [XIE_ST_HSC_S1PR3_OE_UP,XIE_ST_HSC_S1PR3_OE_UP]
[ALCALAY_AML_BY_NPM1_LOCALIZATION_DN,ALCALAY_AML_BY_NPM1_LOCALIZATION_DN] was killed by [TAKEDA_TARGETS_OF_NUP98_HOXA9_FUSION_10D_DN,TAKEDA_TARGETS_OF_NUP98_HOXA9_FUSION_10D_DN]
[BURTON_ADIPOGENESIS_PEAK_AT_16HR,BURTON_ADIPOGENESIS_PEAK_AT_16HR] was killed by [WINNEPENNINCKX_MELANOMA_METASTASIS_UP,WINNEPENNINCKX_MELANOMA_METASTASIS_UP]
[TIEN_INTESTINE_PROBIOTICS_6HR_DN,TIEN_INTESTINE_PROBIOTICS_6HR_DN] was killed by [WANG_CLIM2_TARGETS_DN,WANG_CLIM2_TARGETS_DN]
[LEE_LIVER_CANCER_ACOX1_UP,LEE_LIVER_CANCER_ACOX1_UP] was killed by [SENGUPTA_NASOPHARYNGEAL_CARCINOMA_WITH_LMP1_DN,SENGUPTA_NASOPHARYNGEAL_CARCINOMA_WITH_LMP1_DN]
[SONG_TARGETS_OF_IE86_CMV_PROTEIN,SONG_TARGETS_OF_IE86_CMV_PROTEIN] was killed by [GINESTIER_BREAST_CANCER_20Q13_AMPLIFICATION_DN,GINESTIER_BREAST_CANCER_20Q13_AMPLIFICATION_DN]
[NAKAJIMA_MAST_CELL,NAKAJIMA_MAST_CELL] was killed by [TAKEDA_TARGETS_OF_NUP98_HOXA9_FUSION_10D_DN,TAKEDA_TARGETS_OF_NUP98_HOXA9_FUSION_10D_DN]
[SMITH_LIVER_CANCER,SMITH_LIVER_CANCER] was killed by [WINNEPENNINCKX_MELANOMA_METASTASIS_UP,WINNEPENNINCKX_MELANOMA_METASTASIS_UP]
[DACOSTA_UV_RESPONSE_VIA_ERCC3_XPCS_DN,DACOSTA_UV_RESPONSE_VIA_ERCC3_XPCS_DN] was killed by [RAMASWAMY_METASTASIS_UP,RAMASWAMY_METASTASIS_UP]
[VANHARANTA_UTERINE_FIBROID_DN,VANHARANTA_UTERINE_FIBROID_DN] was killed by [PODAR_RESPONSE_TO_ADAPHOSTIN_UP,PODAR_RESPONSE_TO_ADAPHOSTIN_UP]
[FISCHER_G1_S_CELL_CYCLE,FISCHER_G1_S_CELL_CYCLE] was killed by [WINNEPENNINCKX_MELANOMA_METASTASIS_UP,WINNEPENNINCKX_MELANOMA_METASTASIS_UP]
[CROONQUIST_STROMAL_STIMULATION_UP,CROONQUIST_STROMAL_STIMULATION_UP] was killed by [TAKEDA_TARGETS_OF_NUP98_HOXA9_FUSION_10D_DN,TAKEDA_TARGETS_OF_NUP98_HOXA9_FUSION_10D_DN]
[ACOSTA_PROLIFERATION_INDEPENDENT_MYC_TARGETS_DN,ACOSTA_PROLIFERATION_INDEPENDENT_MYC_TARGETS_DN] was killed by [LUCAS_HNF4A_TARGETS_UP,LUCAS_HNF4A_TARGETS_UP]
[MIKKELSEN_MCV6_ICP_WITH_H3K4ME3_AND_H3K27ME3,MIKKELSEN_MCV6_ICP_WITH_H3K4ME3_AND_H3K27ME3] was killed by [MIKKELSEN_ES_ICP_WITH_H3K4ME3_AND_H3K27ME3,MIKKELSEN_ES_ICP_WITH_H3K4ME3_AND_H3K27ME3]
[GUTIERREZ_CHRONIC_LYMPHOCYTIC_LEUKEMIA_DN,GUTIERREZ_CHRONIC_LYMPHOCYTIC_LEUKEMIA_DN] was killed by [XIE_ST_HSC_S1PR3_OE_UP,XIE_ST_HSC_S1PR3_OE_UP]
[SEKI_INFLAMMATORY_RESPONSE_LPS_UP,SEKI_INFLAMMATORY_RESPONSE_LPS_UP] was killed by [TAKEDA_TARGETS_OF_NUP98_HOXA9_FUSION_10D_DN,TAKEDA_TARGETS_OF_NUP98_HOXA9_FUSION_10D_DN]
[DELPUECH_FOXO3_TARGETS_UP,DELPUECH_FOXO3_TARGETS_UP] was killed by [TAKEDA_TARGETS_OF_NUP98_HOXA9_FUSION_10D_DN,TAKEDA_TARGETS_OF_NUP98_HOXA9_FUSION_10D_DN]
[TAKEDA_TARGETS_OF_NUP98_HOXA9_FUSION_16D_UP,TAKEDA_TARGETS_OF_NUP98_HOXA9_FUSION_16D_UP] was killed by [XIE_ST_HSC_S1PR3_OE_UP,XIE_ST_HSC_S1PR3_OE_UP]
[MISSIAGLIA_REGULATED_BY_METHYLATION_DN,MISSIAGLIA_REGULATED_BY_METHYLATION_DN] was killed by [WINNEPENNINCKX_MELANOMA_METASTASIS_UP,WINNEPENNINCKX_MELANOMA_METASTASIS_UP]
[IGARASHI_ATF4_TARGETS_DN,IGARASHI_ATF4_TARGETS_DN] was killed by [PODAR_RESPONSE_TO_ADAPHOSTIN_UP,PODAR_RESPONSE_TO_ADAPHOSTIN_UP]
[TONKS_TARGETS_OF_RUNX1_RUNX1T1_FUSION_GRANULOCYTE_DN,TONKS_TARGETS_OF_RUNX1_RUNX1T1_FUSION_GRANULOCYTE_DN] was killed by [TAKEDA_TARGETS_OF_NUP98_HOXA9_FUSION_10D_DN,TAKEDA_TARGETS_OF_NUP98_HOXA9_FUSION_10D_DN]
[LEE_LIVER_CANCER_SURVIVAL_DN,LEE_LIVER_CANCER_SURVIVAL_DN] was killed by [SCHLOSSER_MYC_TARGETS_REPRESSED_BY_SERUM,SCHLOSSER_MYC_TARGETS_REPRESSED_BY_SERUM]
[NAGASHIMA_EGF_SIGNALING_UP,NAGASHIMA_EGF_SIGNALING_UP] was killed by [XIE_ST_HSC_S1PR3_OE_UP,XIE_ST_HSC_S1PR3_OE_UP]
[EPPERT_LSC_R,EPPERT_LSC_R] was killed by [FLECHNER_PBL_KIDNEY_TRANSPLANT_OK_VS_DONOR_DN,FLECHNER_PBL_KIDNEY_TRANSPLANT_OK_VS_DONOR_DN]
[HAN_JNK_SINGALING_UP,HAN_JNK_SINGALING_UP] was killed by [WANG_CLIM2_TARGETS_DN,WANG_CLIM2_TARGETS_DN]
[UZONYI_RESPONSE_TO_LEUKOTRIENE_AND_THROMBIN,UZONYI_RESPONSE_TO_LEUKOTRIENE_AND_THROMBIN] was killed by [TAKEDA_TARGETS_OF_NUP98_HOXA9_FUSION_10D_DN,TAKEDA_TARGETS_OF_NUP98_HOXA9_FUSION_10D_DN]
[SWEET_KRAS_TARGETS_UP,SWEET_KRAS_TARGETS_UP] was killed by [PODAR_RESPONSE_TO_ADAPHOSTIN_UP,PODAR_RESPONSE_TO_ADAPHOSTIN_UP]
[INGRAM_SHH_TARGETS_UP,INGRAM_SHH_TARGETS_UP] was killed by [PODAR_RESPONSE_TO_ADAPHOSTIN_UP,PODAR_RESPONSE_TO_ADAPHOSTIN_UP]
[MORI_EMU_MYC_LYMPHOMA_BY_ONSET_TIME_UP,MORI_EMU_MYC_LYMPHOMA_BY_ONSET_TIME_UP] was killed by [WINNEPENNINCKX_MELANOMA_METASTASIS_UP,WINNEPENNINCKX_MELANOMA_METASTASIS_UP]
[JAIN_NFKB_SIGNALING,JAIN_NFKB_SIGNALING] was killed by [SCHLOSSER_MYC_TARGETS_REPRESSED_BY_SERUM,SCHLOSSER_MYC_TARGETS_REPRESSED_BY_SERUM]
[BYSTRYKH_HEMATOPOIESIS_STEM_CELL_AND_BRAIN_QTL_CIS,BYSTRYKH_HEMATOPOIESIS_STEM_CELL_AND_BRAIN_QTL_CIS] was killed by [YAO_TEMPORAL_RESPONSE_TO_PROGESTERONE_CLUSTER_17,YAO_TEMPORAL_RESPONSE_TO_PROGESTERONE_CLUSTER_17]
[BILBAN_B_CLL_LPL_DN,BILBAN_B_CLL_LPL_DN] was killed by [PODAR_RESPONSE_TO_ADAPHOSTIN_UP,PODAR_RESPONSE_TO_ADAPHOSTIN_UP]
[MISSIAGLIA_REGULATED_BY_METHYLATION_UP,MISSIAGLIA_REGULATED_BY_METHYLATION_UP] was killed by [TAKEDA_TARGETS_OF_NUP98_HOXA9_FUSION_10D_DN,TAKEDA_TARGETS_OF_NUP98_HOXA9_FUSION_10D_DN]
[IKEDA_MIR30_TARGETS_UP,IKEDA_MIR30_TARGETS_UP] was killed by [ZHENG_FOXP3_TARGETS_IN_THYMUS_UP,ZHENG_FOXP3_TARGETS_IN_THYMUS_UP]
[ISHIDA_E2F_TARGETS,ISHIDA_E2F_TARGETS] was killed by [WINNEPENNINCKX_MELANOMA_METASTASIS_UP,WINNEPENNINCKX_MELANOMA_METASTASIS_UP]
[GAVIN_FOXP3_TARGETS_CLUSTER_P7,GAVIN_FOXP3_TARGETS_CLUSTER_P7] was killed by [XIE_ST_HSC_S1PR3_OE_UP,XIE_ST_HSC_S1PR3_OE_UP]
[BASSO_CD40_SIGNALING_UP,BASSO_CD40_SIGNALING_UP] was killed by [XIE_ST_HSC_S1PR3_OE_UP,XIE_ST_HSC_S1PR3_OE_UP]
[FARMER_BREAST_CANCER_CLUSTER_4,FARMER_BREAST_CANCER_CLUSTER_4] was killed by [LIEN_BREAST_CARCINOMA_METAPLASTIC,LIEN_BREAST_CARCINOMA_METAPLASTIC]
[WHITFIELD_CELL_CYCLE_G2,WHITFIELD_CELL_CYCLE_G2] was killed by [WINNEPENNINCKX_MELANOMA_METASTASIS_UP,WINNEPENNINCKX_MELANOMA_METASTASIS_UP]
[HAHTOLA_MYCOSIS_FUNGOIDES_CD4_DN,HAHTOLA_MYCOSIS_FUNGOIDES_CD4_DN] was killed by [YAO_TEMPORAL_RESPONSE_TO_PROGESTERONE_CLUSTER_17,YAO_TEMPORAL_RESPONSE_TO_PROGESTERONE_CLUSTER_17]
[WHITFIELD_CELL_CYCLE_M_G1,WHITFIELD_CELL_CYCLE_M_G1] was killed by [ZHENG_FOXP3_TARGETS_IN_THYMUS_UP,ZHENG_FOXP3_TARGETS_IN_THYMUS_UP]
[GRAHAM_CML_DIVIDING_VS_NORMAL_QUIESCENT_DN,GRAHAM_CML_DIVIDING_VS_NORMAL_QUIESCENT_DN] was killed by [TAKEDA_TARGETS_OF_NUP98_HOXA9_FUSION_10D_DN,TAKEDA_TARGETS_OF_NUP98_HOXA9_FUSION_10D_DN]
[WHITFIELD_CELL_CYCLE_LITERATURE,WHITFIELD_CELL_CYCLE_LITERATURE] was killed by [WINNEPENNINCKX_MELANOMA_METASTASIS_UP,WINNEPENNINCKX_MELANOMA_METASTASIS_UP]
[MOLENAAR_TARGETS_OF_CCND1_AND_CDK4_DN,MOLENAAR_TARGETS_OF_CCND1_AND_CDK4_DN] was killed by [WINNEPENNINCKX_MELANOMA_METASTASIS_UP,WINNEPENNINCKX_MELANOMA_METASTASIS_UP]
[SHETH_LIVER_CANCER_VS_TXNIP_LOSS_PAM3,SHETH_LIVER_CANCER_VS_TXNIP_LOSS_PAM3] was killed by [HOLLERN_EMT_BREAST_TUMOR_DN,HOLLERN_EMT_BREAST_TUMOR_DN]
[HUMMERICH_SKIN_CANCER_PROGRESSION_UP,HUMMERICH_SKIN_CANCER_PROGRESSION_UP] was killed by [TAKEDA_TARGETS_OF_NUP98_HOXA9_FUSION_10D_DN,TAKEDA_TARGETS_OF_NUP98_HOXA9_FUSION_10D_DN]
[JIANG_TIP30_TARGETS_UP,JIANG_TIP30_TARGETS_UP] was killed by [WINNEPENNINCKX_MELANOMA_METASTASIS_UP,WINNEPENNINCKX_MELANOMA_METASTASIS_UP]
[GRAHAM_NORMAL_QUIESCENT_VS_NORMAL_DIVIDING_DN,GRAHAM_NORMAL_QUIESCENT_VS_NORMAL_DIVIDING_DN] was killed by [WINNEPENNINCKX_MELANOMA_METASTASIS_UP,WINNEPENNINCKX_MELANOMA_METASTASIS_UP]
[REN_BOUND_BY_E2F,REN_BOUND_BY_E2F] was killed by [GINESTIER_BREAST_CANCER_20Q13_AMPLIFICATION_DN,GINESTIER_BREAST_CANCER_20Q13_AMPLIFICATION_DN]
[ROSS_AML_WITH_MLL_FUSIONS,ROSS_AML_WITH_MLL_FUSIONS] was killed by [ZHAN_MULTIPLE_MYELOMA_CD1_AND_CD2_UP,ZHAN_MULTIPLE_MYELOMA_CD1_AND_CD2_UP]
[CHEBOTAEV_GR_TARGETS_DN,CHEBOTAEV_GR_TARGETS_DN] was killed by [CERVERA_SDHB_TARGETS_2,CERVERA_SDHB_TARGETS_2]
[SCHLESINGER_METHYLATED_DE_NOVO_IN_CANCER,SCHLESINGER_METHYLATED_DE_NOVO_IN_CANCER] was killed by [MEISSNER_NPC_HCP_WITH_H3K27ME3,MEISSNER_NPC_HCP_WITH_H3K27ME3]
[BROCKE_APOPTOSIS_REVERSED_BY_IL6,BROCKE_APOPTOSIS_REVERSED_BY_IL6] was killed by [WANG_CLIM2_TARGETS_DN,WANG_CLIM2_TARGETS_DN]
[SCHAEFFER_PROSTATE_DEVELOPMENT_AND_CANCER_BOX4_DN,SCHAEFFER_PROSTATE_DEVELOPMENT_AND_CANCER_BOX4_DN] was killed by [FLECHNER_PBL_KIDNEY_TRANSPLANT_OK_VS_DONOR_DN,FLECHNER_PBL_KIDNEY_TRANSPLANT_OK_VS_DONOR_DN]
[LAIHO_COLORECTAL_CANCER_SERRATED_UP,LAIHO_COLORECTAL_CANCER_SERRATED_UP] was killed by [YAO_TEMPORAL_RESPONSE_TO_PROGESTERONE_CLUSTER_17,YAO_TEMPORAL_RESPONSE_TO_PROGESTERONE_CLUSTER_17]
[GAUSSMANN_MLL_AF4_FUSION_TARGETS_F_UP,GAUSSMANN_MLL_AF4_FUSION_TARGETS_F_UP] was killed by [ZHENG_FOXP3_TARGETS_IN_THYMUS_UP,ZHENG_FOXP3_TARGETS_IN_THYMUS_UP]
[GENTILE_RESPONSE_CLUSTER_D3,GENTILE_RESPONSE_CLUSTER_D3] was killed by [SCHLOSSER_MYC_TARGETS_AND_SERUM_RESPONSE_DN,SCHLOSSER_MYC_TARGETS_AND_SERUM_RESPONSE_DN]
[FONTAINE_PAPILLARY_THYROID_CARCINOMA_UP,FONTAINE_PAPILLARY_THYROID_CARCINOMA_UP] was killed by [YAO_TEMPORAL_RESPONSE_TO_PROGESTERONE_CLUSTER_13,YAO_TEMPORAL_RESPONSE_TO_PROGESTERONE_CLUSTER_13]
[ZHU_CMV_8_HR_UP,ZHU_CMV_8_HR_UP] was killed by [WANG_CLIM2_TARGETS_DN,WANG_CLIM2_TARGETS_DN]
[MORI_LARGE_PRE_BII_LYMPHOCYTE_UP,MORI_LARGE_PRE_BII_LYMPHOCYTE_UP] was killed by [SCHLOSSER_MYC_TARGETS_REPRESSED_BY_SERUM,SCHLOSSER_MYC_TARGETS_REPRESSED_BY_SERUM]
[CHUNG_BLISTER_CYTOTOXICITY_UP,CHUNG_BLISTER_CYTOTOXICITY_UP] was killed by [YAO_TEMPORAL_RESPONSE_TO_PROGESTERONE_CLUSTER_13,YAO_TEMPORAL_RESPONSE_TO_PROGESTERONE_CLUSTER_13]
[DURAND_STROMA_NS_UP,DURAND_STROMA_NS_UP] was killed by [GARGALOVIC_RESPONSE_TO_OXIDIZED_PHOSPHOLIPIDS_BLUE_DN,GARGALOVIC_RESPONSE_TO_OXIDIZED_PHOSPHOLIPIDS_BLUE_DN]
[MANNE_COVID19_ICU_VS_HEALTHY_DONOR_PLATELETS_UP,MANNE_COVID19_ICU_VS_HEALTHY_DONOR_PLATELETS_UP] was killed by [XIE_ST_HSC_S1PR3_OE_UP,XIE_ST_HSC_S1PR3_OE_UP]
[BRUECKNER_TARGETS_OF_MIRLET7A3_DN,BRUECKNER_TARGETS_OF_MIRLET7A3_DN] was killed by [TAKEDA_TARGETS_OF_NUP98_HOXA9_FUSION_10D_DN,TAKEDA_TARGETS_OF_NUP98_HOXA9_FUSION_10D_DN]
[HOSHIDA_LIVER_CANCER_SUBCLASS_S2,HOSHIDA_LIVER_CANCER_SUBCLASS_S2] was killed by [SCHLOSSER_MYC_TARGETS_REPRESSED_BY_SERUM,SCHLOSSER_MYC_TARGETS_REPRESSED_BY_SERUM]
[LEE_NEURAL_CREST_STEM_CELL_UP,LEE_NEURAL_CREST_STEM_CELL_UP] was killed by [HOELZEL_NF1_TARGETS_UP,HOELZEL_NF1_TARGETS_UP]
[HASINA_NOL7_TARGETS_UP,HASINA_NOL7_TARGETS_UP] was killed by [TAKEDA_TARGETS_OF_NUP98_HOXA9_FUSION_10D_DN,TAKEDA_TARGETS_OF_NUP98_HOXA9_FUSION_10D_DN]
[TSAI_RESPONSE_TO_IONIZING_RADIATION,TSAI_RESPONSE_TO_IONIZING_RADIATION] was killed by [TAKEDA_TARGETS_OF_NUP98_HOXA9_FUSION_10D_DN,TAKEDA_TARGETS_OF_NUP98_HOXA9_FUSION_10D_DN]
[ANDERSEN_LIVER_CANCER_KRT19_UP,ANDERSEN_LIVER_CANCER_KRT19_UP] was killed by [PODAR_RESPONSE_TO_ADAPHOSTIN_UP,PODAR_RESPONSE_TO_ADAPHOSTIN_UP]
[YAMASHITA_LIVER_CANCER_WITH_EPCAM_UP,YAMASHITA_LIVER_CANCER_WITH_EPCAM_UP] was killed by [IRITANI_MAD1_TARGETS_DN,IRITANI_MAD1_TARGETS_DN]
[AFFAR_YY1_TARGETS_UP,AFFAR_YY1_TARGETS_UP] was killed by [PODAR_RESPONSE_TO_ADAPHOSTIN_UP,PODAR_RESPONSE_TO_ADAPHOSTIN_UP]
[KIM_MYC_AMPLIFICATION_TARGETS_DN,KIM_MYC_AMPLIFICATION_TARGETS_DN] was killed by [HOLLERN_EMT_BREAST_TUMOR_DN,HOLLERN_EMT_BREAST_TUMOR_DN]
[GEORGES_CELL_CYCLE_MIR192_TARGETS,GEORGES_CELL_CYCLE_MIR192_TARGETS] was killed by [RAMASWAMY_METASTASIS_UP,RAMASWAMY_METASTASIS_UP]
[RAY_ALZHEIMERS_DISEASE,RAY_ALZHEIMERS_DISEASE] was killed by [TAKEDA_TARGETS_OF_NUP98_HOXA9_FUSION_10D_DN,TAKEDA_TARGETS_OF_NUP98_HOXA9_FUSION_10D_DN]
[GERHOLD_ADIPOGENESIS_DN,GERHOLD_ADIPOGENESIS_DN] was killed by [YAO_TEMPORAL_RESPONSE_TO_PROGESTERONE_CLUSTER_17,YAO_TEMPORAL_RESPONSE_TO_PROGESTERONE_CLUSTER_17]
[KOBAYASHI_EGFR_SIGNALING_6HR_DN,KOBAYASHI_EGFR_SIGNALING_6HR_DN] was killed by [PODAR_RESPONSE_TO_ADAPHOSTIN_UP,PODAR_RESPONSE_TO_ADAPHOSTIN_UP]
[PLASARI_NFIC_TARGETS_BASAL_UP,PLASARI_NFIC_TARGETS_BASAL_UP] was killed by [HOLLERN_EMT_BREAST_TUMOR_DN,HOLLERN_EMT_BREAST_TUMOR_DN]
[GHANDHI_BYSTANDER_IRRADIATION_UP,GHANDHI_BYSTANDER_IRRADIATION_UP] was killed by [TAKEDA_TARGETS_OF_NUP98_HOXA9_FUSION_10D_DN,TAKEDA_TARGETS_OF_NUP98_HOXA9_FUSION_10D_DN]
[BILD_CTNNB1_ONCOGENIC_SIGNATURE,BILD_CTNNB1_ONCOGENIC_SIGNATURE] was killed by [ZHENG_FOXP3_TARGETS_IN_THYMUS_UP,ZHENG_FOXP3_TARGETS_IN_THYMUS_UP]
[REN_ALVEOLAR_RHABDOMYOSARCOMA_UP,REN_ALVEOLAR_RHABDOMYOSARCOMA_UP] was killed by [HOELZEL_NF1_TARGETS_UP,HOELZEL_NF1_TARGETS_UP]
[PETROVA_ENDOTHELIUM_LYMPHATIC_VS_BLOOD_DN,PETROVA_ENDOTHELIUM_LYMPHATIC_VS_BLOOD_DN] was killed by [TAKEDA_TARGETS_OF_NUP98_HOXA9_FUSION_10D_DN,TAKEDA_TARGETS_OF_NUP98_HOXA9_FUSION_10D_DN]
[SANA_TNF_SIGNALING_UP,SANA_TNF_SIGNALING_UP] was killed by [TAKEDA_TARGETS_OF_NUP98_HOXA9_FUSION_10D_DN,TAKEDA_TARGETS_OF_NUP98_HOXA9_FUSION_10D_DN]
[DER_IFN_BETA_RESPONSE_UP,DER_IFN_BETA_RESPONSE_UP] was killed by [SCHLOSSER_MYC_TARGETS_REPRESSED_BY_SERUM,SCHLOSSER_MYC_TARGETS_REPRESSED_BY_SERUM]
[GU_PDEF_TARGETS_DN,GU_PDEF_TARGETS_DN] was killed by [DUTERTRE_ESTRADIOL_RESPONSE_6HR_DN,DUTERTRE_ESTRADIOL_RESPONSE_6HR_DN]
[GYORFFY_MITOXANTRONE_RESISTANCE,GYORFFY_MITOXANTRONE_RESISTANCE] was killed by [PODAR_RESPONSE_TO_ADAPHOSTIN_UP,PODAR_RESPONSE_TO_ADAPHOSTIN_UP]
[BROWNE_HCMV_INFECTION_12HR_UP,BROWNE_HCMV_INFECTION_12HR_UP] was killed by [GINESTIER_BREAST_CANCER_20Q13_AMPLIFICATION_DN,GINESTIER_BREAST_CANCER_20Q13_AMPLIFICATION_DN]
[JOHANSSON_GLIOMAGENESIS_BY_PDGFB_UP,JOHANSSON_GLIOMAGENESIS_BY_PDGFB_UP] was killed by [YAO_TEMPORAL_RESPONSE_TO_PROGESTERONE_CLUSTER_13,YAO_TEMPORAL_RESPONSE_TO_PROGESTERONE_CLUSTER_13]
[WOO_LIVER_CANCER_RECURRENCE_UP,WOO_LIVER_CANCER_RECURRENCE_UP] was killed by [TAKEDA_TARGETS_OF_NUP98_HOXA9_FUSION_10D_DN,TAKEDA_TARGETS_OF_NUP98_HOXA9_FUSION_10D_DN]
[XIE_LT_HSC_S1PR3_OE_UP,XIE_LT_HSC_S1PR3_OE_UP] was killed by [TAKEDA_TARGETS_OF_NUP98_HOXA9_FUSION_10D_DN,TAKEDA_TARGETS_OF_NUP98_HOXA9_FUSION_10D_DN]
[NEWMAN_ERCC6_TARGETS_DN,NEWMAN_ERCC6_TARGETS_DN] was killed by [MIKKELSEN_ES_ICP_WITH_H3K4ME3_AND_H3K27ME3,MIKKELSEN_ES_ICP_WITH_H3K4ME3_AND_H3K27ME3]
[BROWNE_HCMV_INFECTION_2HR_UP,BROWNE_HCMV_INFECTION_2HR_UP] was killed by [PODAR_RESPONSE_TO_ADAPHOSTIN_UP,PODAR_RESPONSE_TO_ADAPHOSTIN_UP]
[WEINMANN_ADAPTATION_TO_HYPOXIA_DN,WEINMANN_ADAPTATION_TO_HYPOXIA_DN] was killed by [TAKEDA_TARGETS_OF_NUP98_HOXA9_FUSION_10D_DN,TAKEDA_TARGETS_OF_NUP98_HOXA9_FUSION_10D_DN]
[LEIN_CHOROID_PLEXUS_MARKERS,LEIN_CHOROID_PLEXUS_MARKERS] was killed by [HOLLERN_EMT_BREAST_TUMOR_DN,HOLLERN_EMT_BREAST_TUMOR_DN]
[KAUFFMANN_MELANOMA_RELAPSE_UP,KAUFFMANN_MELANOMA_RELAPSE_UP] was killed by [WINNEPENNINCKX_MELANOMA_METASTASIS_UP,WINNEPENNINCKX_MELANOMA_METASTASIS_UP]
[ZHAN_MULTIPLE_MYELOMA_PR_UP,ZHAN_MULTIPLE_MYELOMA_PR_UP] was killed by [WINNEPENNINCKX_MELANOMA_METASTASIS_UP,WINNEPENNINCKX_MELANOMA_METASTASIS_UP]
[LINDGREN_BLADDER_CANCER_WITH_LOH_IN_CHR9Q,LINDGREN_BLADDER_CANCER_WITH_LOH_IN_CHR9Q] was killed by [SCHLOSSER_MYC_TARGETS_REPRESSED_BY_SERUM,SCHLOSSER_MYC_TARGETS_REPRESSED_BY_SERUM]
[DUNNE_TARGETS_OF_AML1_MTG8_FUSION_UP,DUNNE_TARGETS_OF_AML1_MTG8_FUSION_UP] was killed by [TAKEDA_TARGETS_OF_NUP98_HOXA9_FUSION_10D_DN,TAKEDA_TARGETS_OF_NUP98_HOXA9_FUSION_10D_DN]
[MOHANKUMAR_HOXA1_TARGETS_DN,MOHANKUMAR_HOXA1_TARGETS_DN] was killed by [SENGUPTA_NASOPHARYNGEAL_CARCINOMA_WITH_LMP1_DN,SENGUPTA_NASOPHARYNGEAL_CARCINOMA_WITH_LMP1_DN]
[LEONARD_HYPOXIA,LEONARD_HYPOXIA] was killed by [PODAR_RESPONSE_TO_ADAPHOSTIN_UP,PODAR_RESPONSE_TO_ADAPHOSTIN_UP]
[GROSS_HYPOXIA_VIA_ELK3_AND_HIF1A_DN,GROSS_HYPOXIA_VIA_ELK3_AND_HIF1A_DN] was killed by [WINNEPENNINCKX_MELANOMA_METASTASIS_UP,WINNEPENNINCKX_MELANOMA_METASTASIS_UP]
[BOYLAN_MULTIPLE_MYELOMA_C_CLUSTER_DN,BOYLAN_MULTIPLE_MYELOMA_C_CLUSTER_DN] was killed by [XIE_ST_HSC_S1PR3_OE_UP,XIE_ST_HSC_S1PR3_OE_UP]
[KIM_BIPOLAR_DISORDER_OLIGODENDROCYTE_DENSITY_CORR_DN,KIM_BIPOLAR_DISORDER_OLIGODENDROCYTE_DENSITY_CORR_DN] was killed by [SENGUPTA_NASOPHARYNGEAL_CARCINOMA_WITH_LMP1_DN,SENGUPTA_NASOPHARYNGEAL_CARCINOMA_WITH_LMP1_DN]
[PRAMOONJAGO_SOX4_TARGETS_DN,PRAMOONJAGO_SOX4_TARGETS_DN] was killed by [YAO_TEMPORAL_RESPONSE_TO_PROGESTERONE_CLUSTER_17,YAO_TEMPORAL_RESPONSE_TO_PROGESTERONE_CLUSTER_17]
[SENESE_HDAC2_TARGETS_DN,SENESE_HDAC2_TARGETS_DN] was killed by [SENGUPTA_NASOPHARYNGEAL_CARCINOMA_WITH_LMP1_DN,SENGUPTA_NASOPHARYNGEAL_CARCINOMA_WITH_LMP1_DN]
[GAVIN_FOXP3_TARGETS_CLUSTER_P4,GAVIN_FOXP3_TARGETS_CLUSTER_P4] was killed by [BORCZUK_MALIGNANT_MESOTHELIOMA_DN,BORCZUK_MALIGNANT_MESOTHELIOMA_DN]
[JIANG_HYPOXIA_CANCER,JIANG_HYPOXIA_CANCER] was killed by [YAO_TEMPORAL_RESPONSE_TO_PROGESTERONE_CLUSTER_17,YAO_TEMPORAL_RESPONSE_TO_PROGESTERONE_CLUSTER_17]
[PUIFFE_INVASION_INHIBITED_BY_ASCITES_DN,PUIFFE_INVASION_INHIBITED_BY_ASCITES_DN] was killed by [SCHLOSSER_MYC_TARGETS_REPRESSED_BY_SERUM,SCHLOSSER_MYC_TARGETS_REPRESSED_BY_SERUM]
[VERRECCHIA_RESPONSE_TO_TGFB1_C4,VERRECCHIA_RESPONSE_TO_TGFB1_C4] was killed by [LIEN_BREAST_CARCINOMA_METAPLASTIC,LIEN_BREAST_CARCINOMA_METAPLASTIC]
[GEISS_RESPONSE_TO_DSRNA_UP,GEISS_RESPONSE_TO_DSRNA_UP] was killed by [XIE_ST_HSC_S1PR3_OE_UP,XIE_ST_HSC_S1PR3_OE_UP]
[SUNG_METASTASIS_STROMA_UP,SUNG_METASTASIS_STROMA_UP] was killed by [SENGUPTA_NASOPHARYNGEAL_CARCINOMA_WITH_LMP1_DN,SENGUPTA_NASOPHARYNGEAL_CARCINOMA_WITH_LMP1_DN]
[MOOTHA_TCA,MOOTHA_TCA] was killed by [SCHLOSSER_MYC_TARGETS_REPRESSED_BY_SERUM,SCHLOSSER_MYC_TARGETS_REPRESSED_BY_SERUM]
[SU_TESTIS,SU_TESTIS] was killed by [WINNEPENNINCKX_MELANOMA_METASTASIS_UP,WINNEPENNINCKX_MELANOMA_METASTASIS_UP]
[NELSON_RESPONSE_TO_ANDROGEN_DN,NELSON_RESPONSE_TO_ANDROGEN_DN] was killed by [CERVERA_SDHB_TARGETS_2,CERVERA_SDHB_TARGETS_2]
[BURTON_ADIPOGENESIS_3,BURTON_ADIPOGENESIS_3] was killed by [WINNEPENNINCKX_MELANOMA_METASTASIS_UP,WINNEPENNINCKX_MELANOMA_METASTASIS_UP]
[BROWN_MYELOID_CELL_DEVELOPMENT_DN,BROWN_MYELOID_CELL_DEVELOPMENT_DN] was killed by [SCHLOSSER_MYC_TARGETS_REPRESSED_BY_SERUM,SCHLOSSER_MYC_TARGETS_REPRESSED_BY_SERUM]
[BOYLAN_MULTIPLE_MYELOMA_D_DN,BOYLAN_MULTIPLE_MYELOMA_D_DN] was killed by [XIE_ST_HSC_S1PR3_OE_UP,XIE_ST_HSC_S1PR3_OE_UP]
[BASSO_B_LYMPHOCYTE_NETWORK,BASSO_B_LYMPHOCYTE_NETWORK] was killed by [SCHLOSSER_MYC_TARGETS_REPRESSED_BY_SERUM,SCHLOSSER_MYC_TARGETS_REPRESSED_BY_SERUM]
[GAUSSMANN_MLL_AF4_FUSION_TARGETS_C_DN,GAUSSMANN_MLL_AF4_FUSION_TARGETS_C_DN] was killed by [PODAR_RESPONSE_TO_ADAPHOSTIN_UP,PODAR_RESPONSE_TO_ADAPHOSTIN_UP]
[ACEVEDO_LIVER_CANCER_WITH_H3K9ME3_UP,ACEVEDO_LIVER_CANCER_WITH_H3K9ME3_UP] was killed by [CERVERA_SDHB_TARGETS_2,CERVERA_SDHB_TARGETS_2]
[LINDSTEDT_DENDRITIC_CELL_MATURATION_A,LINDSTEDT_DENDRITIC_CELL_MATURATION_A] was killed by [TAKEDA_TARGETS_OF_NUP98_HOXA9_FUSION_10D_DN,TAKEDA_TARGETS_OF_NUP98_HOXA9_FUSION_10D_DN]
[KIM_WT1_TARGETS_8HR_UP,KIM_WT1_TARGETS_8HR_UP] was killed by [PODAR_RESPONSE_TO_ADAPHOSTIN_UP,PODAR_RESPONSE_TO_ADAPHOSTIN_UP]
[PAPASPYRIDONOS_UNSTABLE_ATEROSCLEROTIC_PLAQUE_UP,PAPASPYRIDONOS_UNSTABLE_ATEROSCLEROTIC_PLAQUE_UP] was killed by [TAKEDA_TARGETS_OF_NUP98_HOXA9_FUSION_10D_DN,TAKEDA_TARGETS_OF_NUP98_HOXA9_FUSION_10D_DN]
[DARWICHE_PAPILLOMA_RISK_HIGH_UP,DARWICHE_PAPILLOMA_RISK_HIGH_UP] was killed by [GROSS_HYPOXIA_VIA_HIF1A_UP,GROSS_HYPOXIA_VIA_HIF1A_UP]
[HOWLIN_PUBERTAL_MAMMARY_GLAND,HOWLIN_PUBERTAL_MAMMARY_GLAND] was killed by [TAKEDA_TARGETS_OF_NUP98_HOXA9_FUSION_10D_DN,TAKEDA_TARGETS_OF_NUP98_HOXA9_FUSION_10D_DN]
[SATO_SILENCED_BY_METHYLATION_IN_PANCREATIC_CANCER_2,SATO_SILENCED_BY_METHYLATION_IN_PANCREATIC_CANCER_2] was killed by [PODAR_RESPONSE_TO_ADAPHOSTIN_UP,PODAR_RESPONSE_TO_ADAPHOSTIN_UP]
[ZHONG_RESPONSE_TO_AZACITIDINE_AND_TSA_DN,ZHONG_RESPONSE_TO_AZACITIDINE_AND_TSA_DN] was killed by [WINNEPENNINCKX_MELANOMA_METASTASIS_UP,WINNEPENNINCKX_MELANOMA_METASTASIS_UP]
[AIGNER_ZEB1_TARGETS,AIGNER_ZEB1_TARGETS] was killed by [SENGUPTA_NASOPHARYNGEAL_CARCINOMA_WITH_LMP1_DN,SENGUPTA_NASOPHARYNGEAL_CARCINOMA_WITH_LMP1_DN]
[CHAUHAN_RESPONSE_TO_METHOXYESTRADIOL_DN,CHAUHAN_RESPONSE_TO_METHOXYESTRADIOL_DN] was killed by [YAO_TEMPORAL_RESPONSE_TO_PROGESTERONE_CLUSTER_17,YAO_TEMPORAL_RESPONSE_TO_PROGESTERONE_CLUSTER_17]
[NADLER_OBESITY_UP,NADLER_OBESITY_UP] was killed by [TAKEDA_TARGETS_OF_NUP98_HOXA9_FUSION_10D_DN,TAKEDA_TARGETS_OF_NUP98_HOXA9_FUSION_10D_DN]
[SHEDDEN_LUNG_CANCER_GOOD_SURVIVAL_A4,SHEDDEN_LUNG_CANCER_GOOD_SURVIVAL_A4] was killed by [ZHENG_FOXP3_TARGETS_IN_THYMUS_UP,ZHENG_FOXP3_TARGETS_IN_THYMUS_UP]
[HUPER_BREAST_BASAL_VS_LUMINAL_UP,HUPER_BREAST_BASAL_VS_LUMINAL_UP] was killed by [SENGUPTA_NASOPHARYNGEAL_CARCINOMA_WITH_LMP1_DN,SENGUPTA_NASOPHARYNGEAL_CARCINOMA_WITH_LMP1_DN]
[MAYBURD_RESPONSE_TO_L663536_DN,MAYBURD_RESPONSE_TO_L663536_DN] was killed by [SCHLOSSER_MYC_TARGETS_REPRESSED_BY_SERUM,SCHLOSSER_MYC_TARGETS_REPRESSED_BY_SERUM]
[HECKER_IFNB1_TARGETS,HECKER_IFNB1_TARGETS] was killed by [TAKEDA_TARGETS_OF_NUP98_HOXA9_FUSION_10D_DN,TAKEDA_TARGETS_OF_NUP98_HOXA9_FUSION_10D_DN]
[ZHAN_MULTIPLE_MYELOMA_CD1_VS_CD2_UP,ZHAN_MULTIPLE_MYELOMA_CD1_VS_CD2_UP] was killed by [SCHLOSSER_MYC_TARGETS_REPRESSED_BY_SERUM,SCHLOSSER_MYC_TARGETS_REPRESSED_BY_SERUM]
[KASLER_HDAC7_TARGETS_1_UP,KASLER_HDAC7_TARGETS_1_UP] was killed by [ZHENG_FOXP3_TARGETS_IN_THYMUS_UP,ZHENG_FOXP3_TARGETS_IN_THYMUS_UP]
[SUH_COEXPRESSED_WITH_ID1_AND_ID2_UP,SUH_COEXPRESSED_WITH_ID1_AND_ID2_UP] was killed by [PODAR_RESPONSE_TO_ADAPHOSTIN_UP,PODAR_RESPONSE_TO_ADAPHOSTIN_UP]
[BYSTRYKH_HEMATOPOIESIS_STEM_CELL_QTL_CIS,BYSTRYKH_HEMATOPOIESIS_STEM_CELL_QTL_CIS] was killed by [YAO_TEMPORAL_RESPONSE_TO_PROGESTERONE_CLUSTER_17,YAO_TEMPORAL_RESPONSE_TO_PROGESTERONE_CLUSTER_17]
[TONKS_TARGETS_OF_RUNX1_RUNX1T1_FUSION_MONOCYTE_DN,TONKS_TARGETS_OF_RUNX1_RUNX1T1_FUSION_MONOCYTE_DN] was killed by [TAKEDA_TARGETS_OF_NUP98_HOXA9_FUSION_10D_DN,TAKEDA_TARGETS_OF_NUP98_HOXA9_FUSION_10D_DN]
[VERRECCHIA_DELAYED_RESPONSE_TO_TGFB1,VERRECCHIA_DELAYED_RESPONSE_TO_TGFB1] was killed by [LIEN_BREAST_CARCINOMA_METAPLASTIC,LIEN_BREAST_CARCINOMA_METAPLASTIC]
[ICHIBA_GRAFT_VERSUS_HOST_DISEASE_35D_UP,ICHIBA_GRAFT_VERSUS_HOST_DISEASE_35D_UP] was killed by [TAKEDA_TARGETS_OF_NUP98_HOXA9_FUSION_10D_DN,TAKEDA_TARGETS_OF_NUP98_HOXA9_FUSION_10D_DN]
[YAMAZAKI_TCEB3_TARGETS_UP,YAMAZAKI_TCEB3_TARGETS_UP] was killed by [PODAR_RESPONSE_TO_ADAPHOSTIN_UP,PODAR_RESPONSE_TO_ADAPHOSTIN_UP]
[NAKAJIMA_EOSINOPHIL,NAKAJIMA_EOSINOPHIL] was killed by [TAKEDA_TARGETS_OF_NUP98_HOXA9_FUSION_10D_DN,TAKEDA_TARGETS_OF_NUP98_HOXA9_FUSION_10D_DN]
[WANG_TARGETS_OF_MLL_CBP_FUSION_DN,WANG_TARGETS_OF_MLL_CBP_FUSION_DN] was killed by [YAO_TEMPORAL_RESPONSE_TO_PROGESTERONE_CLUSTER_17,YAO_TEMPORAL_RESPONSE_TO_PROGESTERONE_CLUSTER_17]
[EGUCHI_CELL_CYCLE_RB1_TARGETS,EGUCHI_CELL_CYCLE_RB1_TARGETS] was killed by [GINESTIER_BREAST_CANCER_20Q13_AMPLIFICATION_DN,GINESTIER_BREAST_CANCER_20Q13_AMPLIFICATION_DN]
[ABRAMSON_INTERACT_WITH_AIRE,ABRAMSON_INTERACT_WITH_AIRE] was killed by [SCHLOSSER_MYC_TARGETS_REPRESSED_BY_SERUM,SCHLOSSER_MYC_TARGETS_REPRESSED_BY_SERUM]
[SARRIO_EPITHELIAL_MESENCHYMAL_TRANSITION_UP,SARRIO_EPITHELIAL_MESENCHYMAL_TRANSITION_UP] was killed by [WINNEPENNINCKX_MELANOMA_METASTASIS_UP,WINNEPENNINCKX_MELANOMA_METASTASIS_UP]
[STEARMAN_LUNG_CANCER_EARLY_VS_LATE_DN,STEARMAN_LUNG_CANCER_EARLY_VS_LATE_DN] was killed by [TAKEDA_TARGETS_OF_NUP98_HOXA9_FUSION_10D_DN,TAKEDA_TARGETS_OF_NUP98_HOXA9_FUSION_10D_DN]
[MANNE_COVID19_COMBINED_COHORT_VS_HEALTHY_DONOR_PLATELETS_UP,MANNE_COVID19_COMBINED_COHORT_VS_HEALTHY_DONOR_PLATELETS_UP] was killed by [XIE_ST_HSC_S1PR3_OE_UP,XIE_ST_HSC_S1PR3_OE_UP]
[RICKMAN_HEAD_AND_NECK_CANCER_E,RICKMAN_HEAD_AND_NECK_CANCER_E] was killed by [SENGUPTA_NASOPHARYNGEAL_CARCINOMA_WITH_LMP1_DN,SENGUPTA_NASOPHARYNGEAL_CARCINOMA_WITH_LMP1_DN]
[MUELLER_METHYLATED_IN_GLIOBLASTOMA,MUELLER_METHYLATED_IN_GLIOBLASTOMA] was killed by [TAKEDA_TARGETS_OF_NUP98_HOXA9_FUSION_10D_DN,TAKEDA_TARGETS_OF_NUP98_HOXA9_FUSION_10D_DN]
[RIZ_ERYTHROID_DIFFERENTIATION,RIZ_ERYTHROID_DIFFERENTIATION] was killed by [WINNEPENNINCKX_MELANOMA_METASTASIS_UP,WINNEPENNINCKX_MELANOMA_METASTASIS_UP]
[BOSCO_TH1_CYTOTOXIC_MODULE,BOSCO_TH1_CYTOTOXIC_MODULE] was killed by [XIE_ST_HSC_S1PR3_OE_UP,XIE_ST_HSC_S1PR3_OE_UP]
[SUNG_METASTASIS_STROMA_DN,SUNG_METASTASIS_STROMA_DN] was killed by [SCHLOSSER_MYC_TARGETS_REPRESSED_BY_SERUM,SCHLOSSER_MYC_TARGETS_REPRESSED_BY_SERUM]
[PURBEY_TARGETS_OF_CTBP1_AND_SATB1_DN,PURBEY_TARGETS_OF_CTBP1_AND_SATB1_DN] was killed by [NOUZOVA_TRETINOIN_AND_H4_ACETYLATION,NOUZOVA_TRETINOIN_AND_H4_ACETYLATION]
[WHITEFORD_PEDIATRIC_CANCER_MARKERS,WHITEFORD_PEDIATRIC_CANCER_MARKERS] was killed by [WINNEPENNINCKX_MELANOMA_METASTASIS_UP,WINNEPENNINCKX_MELANOMA_METASTASIS_UP]
[PLASARI_TGFB1_SIGNALING_VIA_NFIC_1HR_DN,PLASARI_TGFB1_SIGNALING_VIA_NFIC_1HR_DN] was killed by [BERTUCCI_MEDULLARY_VS_DUCTAL_BREAST_CANCER_DN,BERTUCCI_MEDULLARY_VS_DUCTAL_BREAST_CANCER_DN]
[WATANABE_RECTAL_CANCER_RADIOTHERAPY_RESPONSIVE_UP,WATANABE_RECTAL_CANCER_RADIOTHERAPY_RESPONSIVE_UP] was killed by [OSADA_ASCL1_TARGETS_DN,OSADA_ASCL1_TARGETS_DN]
[STEARMAN_TUMOR_FIELD_EFFECT_UP,STEARMAN_TUMOR_FIELD_EFFECT_UP] was killed by [TAKEDA_TARGETS_OF_NUP98_HOXA9_FUSION_10D_DN,TAKEDA_TARGETS_OF_NUP98_HOXA9_FUSION_10D_DN]
[LI_WILMS_TUMOR_ANAPLASTIC_UP,LI_WILMS_TUMOR_ANAPLASTIC_UP] was killed by [SCHLOSSER_MYC_TARGETS_REPRESSED_BY_SERUM,SCHLOSSER_MYC_TARGETS_REPRESSED_BY_SERUM]
[LAIHO_COLORECTAL_CANCER_SERRATED_DN,LAIHO_COLORECTAL_CANCER_SERRATED_DN] was killed by [GINESTIER_BREAST_CANCER_20Q13_AMPLIFICATION_DN,GINESTIER_BREAST_CANCER_20Q13_AMPLIFICATION_DN]
[KARLSSON_TGFB1_TARGETS_DN,KARLSSON_TGFB1_TARGETS_DN] was killed by [XIE_ST_HSC_S1PR3_OE_UP,XIE_ST_HSC_S1PR3_OE_UP]
[DAUER_STAT3_TARGETS_UP,DAUER_STAT3_TARGETS_UP] was killed by [PODAR_RESPONSE_TO_ADAPHOSTIN_UP,PODAR_RESPONSE_TO_ADAPHOSTIN_UP]
[BILANGES_SERUM_SENSITIVE_VIA_TSC1,BILANGES_SERUM_SENSITIVE_VIA_TSC1] was killed by [PODAR_RESPONSE_TO_ADAPHOSTIN_UP,PODAR_RESPONSE_TO_ADAPHOSTIN_UP]
[LEE_LIVER_CANCER_CIPROFIBRATE_UP,LEE_LIVER_CANCER_CIPROFIBRATE_UP] was killed by [SENGUPTA_NASOPHARYNGEAL_CARCINOMA_WITH_LMP1_DN,SENGUPTA_NASOPHARYNGEAL_CARCINOMA_WITH_LMP1_DN]
[MADAN_DPPA4_TARGETS,MADAN_DPPA4_TARGETS] was killed by [SATO_SILENCED_EPIGENETICALLY_IN_PANCREATIC_CANCER,SATO_SILENCED_EPIGENETICALLY_IN_PANCREATIC_CANCER]
[PURBEY_TARGETS_OF_CTBP1_AND_SATB1_UP,PURBEY_TARGETS_OF_CTBP1_AND_SATB1_UP] was killed by [PODAR_RESPONSE_TO_ADAPHOSTIN_UP,PODAR_RESPONSE_TO_ADAPHOSTIN_UP]
[DORSAM_HOXA9_TARGETS_UP,DORSAM_HOXA9_TARGETS_UP] was killed by [CHEBOTAEV_GR_TARGETS_UP,CHEBOTAEV_GR_TARGETS_UP]
[SCHAEFFER_PROSTATE_DEVELOPMENT_12HR_UP,SCHAEFFER_PROSTATE_DEVELOPMENT_12HR_UP] was killed by [PODAR_RESPONSE_TO_ADAPHOSTIN_UP,PODAR_RESPONSE_TO_ADAPHOSTIN_UP]
[LINDVALL_IMMORTALIZED_BY_TERT_UP,LINDVALL_IMMORTALIZED_BY_TERT_UP] was killed by [TAKEDA_TARGETS_OF_NUP98_HOXA9_FUSION_10D_DN,TAKEDA_TARGETS_OF_NUP98_HOXA9_FUSION_10D_DN]
[YAO_TEMPORAL_RESPONSE_TO_PROGESTERONE_CLUSTER_1,YAO_TEMPORAL_RESPONSE_TO_PROGESTERONE_CLUSTER_1] was killed by [SENGUPTA_NASOPHARYNGEAL_CARCINOMA_WITH_LMP1_DN,SENGUPTA_NASOPHARYNGEAL_CARCINOMA_WITH_LMP1_DN]
[XU_RESPONSE_TO_TRETINOIN_AND_NSC682994_DN,XU_RESPONSE_TO_TRETINOIN_AND_NSC682994_DN] was killed by [SCHLOSSER_MYC_TARGETS_REPRESSED_BY_SERUM,SCHLOSSER_MYC_TARGETS_REPRESSED_BY_SERUM]
[VANTVEER_BREAST_CANCER_METASTASIS_DN,VANTVEER_BREAST_CANCER_METASTASIS_DN] was killed by [WINNEPENNINCKX_MELANOMA_METASTASIS_UP,WINNEPENNINCKX_MELANOMA_METASTASIS_UP]
[SHIPP_DLBCL_VS_FOLLICULAR_LYMPHOMA_UP,SHIPP_DLBCL_VS_FOLLICULAR_LYMPHOMA_UP] was killed by [SCHLOSSER_MYC_TARGETS_REPRESSED_BY_SERUM,SCHLOSSER_MYC_TARGETS_REPRESSED_BY_SERUM]
[HARRIS_HYPOXIA,HARRIS_HYPOXIA] was killed by [PODAR_RESPONSE_TO_ADAPHOSTIN_UP,PODAR_RESPONSE_TO_ADAPHOSTIN_UP]
[BREDEMEYER_RAG_SIGNALING_VIA_ATM_NOT_VIA_NFKB_UP,BREDEMEYER_RAG_SIGNALING_VIA_ATM_NOT_VIA_NFKB_UP] was killed by [PARK_TRETINOIN_RESPONSE,PARK_TRETINOIN_RESPONSE]
[HUMMEL_BURKITTS_LYMPHOMA_UP,HUMMEL_BURKITTS_LYMPHOMA_UP] was killed by [MUELLER_COMMON_TARGETS_OF_AML_FUSIONS_UP,MUELLER_COMMON_TARGETS_OF_AML_FUSIONS_UP]
[MIKKELSEN_ES_HCP_WITH_H3_UNMETHYLATED,MIKKELSEN_ES_HCP_WITH_H3_UNMETHYLATED] was killed by [MIKKELSEN_IPS_HCP_WITH_H3_UNMETHYLATED,MIKKELSEN_IPS_HCP_WITH_H3_UNMETHYLATED]
[MCBRYAN_PUBERTAL_BREAST_4_5WK_DN,MCBRYAN_PUBERTAL_BREAST_4_5WK_DN] was killed by [WAKABAYASHI_ADIPOGENESIS_PPARG_RXRA_BOUND_WITH_H4K20ME1_MARK,WAKABAYASHI_ADIPOGENESIS_PPARG_RXRA_BOUND_WITH_H4K20ME1_MARK]
[STAMBOLSKY_RESPONSE_TO_VITAMIN_D3_UP,STAMBOLSKY_RESPONSE_TO_VITAMIN_D3_UP] was killed by [CERVERA_SDHB_TARGETS_2,CERVERA_SDHB_TARGETS_2]
[MELLMAN_TUT1_TARGETS_UP,MELLMAN_TUT1_TARGETS_UP] was killed by [GINESTIER_BREAST_CANCER_20Q13_AMPLIFICATION_DN,GINESTIER_BREAST_CANCER_20Q13_AMPLIFICATION_DN]
[MEBARKI_HCC_PROGENITOR_WNT_UP,MEBARKI_HCC_PROGENITOR_WNT_UP] was killed by [TAKEDA_TARGETS_OF_NUP98_HOXA9_FUSION_10D_DN,TAKEDA_TARGETS_OF_NUP98_HOXA9_FUSION_10D_DN]
[DASU_IL6_SIGNALING_SCAR_DN,DASU_IL6_SIGNALING_SCAR_DN] was killed by [TAKEDA_TARGETS_OF_NUP98_HOXA9_FUSION_10D_DN,TAKEDA_TARGETS_OF_NUP98_HOXA9_FUSION_10D_DN]
[GAURNIER_PSMD4_TARGETS,GAURNIER_PSMD4_TARGETS] was killed by [TAKEDA_TARGETS_OF_NUP98_HOXA9_FUSION_10D_DN,TAKEDA_TARGETS_OF_NUP98_HOXA9_FUSION_10D_DN]
[CREIGHTON_AKT1_SIGNALING_VIA_MTOR_UP,CREIGHTON_AKT1_SIGNALING_VIA_MTOR_UP] was killed by [HOLLERN_EMT_BREAST_TUMOR_DN,HOLLERN_EMT_BREAST_TUMOR_DN]
[HOLLEMAN_ASPARAGINASE_RESISTANCE_B_ALL_UP,HOLLEMAN_ASPARAGINASE_RESISTANCE_B_ALL_UP] was killed by [IRITANI_MAD1_TARGETS_DN,IRITANI_MAD1_TARGETS_DN]
[KANG_DOXORUBICIN_RESISTANCE_UP,KANG_DOXORUBICIN_RESISTANCE_UP] was killed by [WINNEPENNINCKX_MELANOMA_METASTASIS_UP,WINNEPENNINCKX_MELANOMA_METASTASIS_UP]
[PELLICCIOTTA_HDAC_IN_ANTIGEN_PRESENTATION_UP,PELLICCIOTTA_HDAC_IN_ANTIGEN_PRESENTATION_UP] was killed by [YAO_TEMPORAL_RESPONSE_TO_PROGESTERONE_CLUSTER_17,YAO_TEMPORAL_RESPONSE_TO_PROGESTERONE_CLUSTER_17]
[ROY_WOUND_BLOOD_VESSEL_DN,ROY_WOUND_BLOOD_VESSEL_DN] was killed by [TAKEDA_TARGETS_OF_NUP98_HOXA9_FUSION_10D_DN,TAKEDA_TARGETS_OF_NUP98_HOXA9_FUSION_10D_DN]
[PUJANA_BREAST_CANCER_WITH_BRCA1_MUTATED_UP,PUJANA_BREAST_CANCER_WITH_BRCA1_MUTATED_UP] was killed by [GINESTIER_BREAST_CANCER_20Q13_AMPLIFICATION_DN,GINESTIER_BREAST_CANCER_20Q13_AMPLIFICATION_DN]
[ANASTASSIOU_MULTICANCER_INVASIVENESS_SIGNATURE,ANASTASSIOU_MULTICANCER_INVASIVENESS_SIGNATURE] was killed by [LIEN_BREAST_CARCINOMA_METAPLASTIC,LIEN_BREAST_CARCINOMA_METAPLASTIC]
[KAUFFMANN_DNA_REPLICATION_GENES,KAUFFMANN_DNA_REPLICATION_GENES] was killed by [GINESTIER_BREAST_CANCER_20Q13_AMPLIFICATION_DN,GINESTIER_BREAST_CANCER_20Q13_AMPLIFICATION_DN]
[SMID_BREAST_CANCER_LUMINAL_A_UP,SMID_BREAST_CANCER_LUMINAL_A_UP] was killed by [TAKEDA_TARGETS_OF_NUP98_HOXA9_FUSION_10D_DN,TAKEDA_TARGETS_OF_NUP98_HOXA9_FUSION_10D_DN]
[WONG_ENDMETRIUM_CANCER_DN,WONG_ENDMETRIUM_CANCER_DN] was killed by [LIEN_BREAST_CARCINOMA_METAPLASTIC,LIEN_BREAST_CARCINOMA_METAPLASTIC]
[ZHU_CMV_24_HR_UP,ZHU_CMV_24_HR_UP] was killed by [SCHLOSSER_MYC_TARGETS_REPRESSED_BY_SERUM,SCHLOSSER_MYC_TARGETS_REPRESSED_BY_SERUM]
[SALVADOR_MARTIN_PEDIATRIC_TBD_ANTI_TNF_THERAPY_NONRESPONDER_PRE_TREATMENT_UP,SALVADOR_MARTIN_PEDIATRIC_TBD_ANTI_TNF_THERAPY_NONRESPONDER_PRE_TREATMENT_UP] was killed by [XIE_ST_HSC_S1PR3_OE_UP,XIE_ST_HSC_S1PR3_OE_UP]
[KYNG_WERNER_SYNDROM_AND_NORMAL_AGING_DN,KYNG_WERNER_SYNDROM_AND_NORMAL_AGING_DN] was killed by [SCHLOSSER_MYC_TARGETS_REPRESSED_BY_SERUM,SCHLOSSER_MYC_TARGETS_REPRESSED_BY_SERUM]
[FLECHNER_PBL_KIDNEY_TRANSPLANT_REJECTED_VS_OK_UP,FLECHNER_PBL_KIDNEY_TRANSPLANT_REJECTED_VS_OK_UP] was killed by [SCHLOSSER_MYC_TARGETS_REPRESSED_BY_SERUM,SCHLOSSER_MYC_TARGETS_REPRESSED_BY_SERUM]
[WINTER_HYPOXIA_UP,WINTER_HYPOXIA_UP] was killed by [SCHLOSSER_MYC_TARGETS_REPRESSED_BY_SERUM,SCHLOSSER_MYC_TARGETS_REPRESSED_BY_SERUM]
[GENTLES_LEUKEMIC_STEM_CELL_DN,GENTLES_LEUKEMIC_STEM_CELL_DN] was killed by [WINNEPENNINCKX_MELANOMA_METASTASIS_UP,WINNEPENNINCKX_MELANOMA_METASTASIS_UP]
[PUIFFE_INVASION_INHIBITED_BY_ASCITES_UP,PUIFFE_INVASION_INHIBITED_BY_ASCITES_UP] was killed by [SCHLOSSER_MYC_TARGETS_REPRESSED_BY_SERUM,SCHLOSSER_MYC_TARGETS_REPRESSED_BY_SERUM]
[MIKKELSEN_IPS_ICP_WITH_H3K4ME3_AND_H327ME3,MIKKELSEN_IPS_ICP_WITH_H3K4ME3_AND_H327ME3] was killed by [MIKKELSEN_ES_ICP_WITH_H3K4ME3_AND_H3K27ME3,MIKKELSEN_ES_ICP_WITH_H3K4ME3_AND_H3K27ME3]
[MIKKELSEN_MEF_LCP_WITH_H3K4ME3,MIKKELSEN_MEF_LCP_WITH_H3K4ME3] was killed by [XIE_ST_HSC_S1PR3_OE_UP,XIE_ST_HSC_S1PR3_OE_UP]
[BHAT_ESR1_TARGETS_NOT_VIA_AKT1_DN,BHAT_ESR1_TARGETS_NOT_VIA_AKT1_DN] was killed by [PODAR_RESPONSE_TO_ADAPHOSTIN_UP,PODAR_RESPONSE_TO_ADAPHOSTIN_UP]
[PEART_HDAC_PROLIFERATION_CLUSTER_DN,PEART_HDAC_PROLIFERATION_CLUSTER_DN] was killed by [WINNEPENNINCKX_MELANOMA_METASTASIS_UP,WINNEPENNINCKX_MELANOMA_METASTASIS_UP]
[DIRMEIER_LMP1_RESPONSE_LATE_DN,DIRMEIER_LMP1_RESPONSE_LATE_DN] was killed by [MUELLER_COMMON_TARGETS_OF_AML_FUSIONS_UP,MUELLER_COMMON_TARGETS_OF_AML_FUSIONS_UP]
[KRIGE_AMINO_ACID_DEPRIVATION,KRIGE_AMINO_ACID_DEPRIVATION] was killed by [PODAR_RESPONSE_TO_ADAPHOSTIN_UP,PODAR_RESPONSE_TO_ADAPHOSTIN_UP]
[IZADPANAH_STEM_CELL_ADIPOSE_VS_BONE_UP,IZADPANAH_STEM_CELL_ADIPOSE_VS_BONE_UP] was killed by [PODAR_RESPONSE_TO_ADAPHOSTIN_UP,PODAR_RESPONSE_TO_ADAPHOSTIN_UP]
[SIMBULAN_UV_RESPONSE_NORMAL_DN,SIMBULAN_UV_RESPONSE_NORMAL_DN] was killed by [HOLLERN_EMT_BREAST_TUMOR_DN,HOLLERN_EMT_BREAST_TUMOR_DN]
[COLDREN_GEFITINIB_RESISTANCE_UP,COLDREN_GEFITINIB_RESISTANCE_UP] was killed by [YAO_TEMPORAL_RESPONSE_TO_PROGESTERONE_CLUSTER_17,YAO_TEMPORAL_RESPONSE_TO_PROGESTERONE_CLUSTER_17]
[WUNDER_INFLAMMATORY_RESPONSE_AND_CHOLESTEROL_DN,WUNDER_INFLAMMATORY_RESPONSE_AND_CHOLESTEROL_DN] was killed by [IIZUKA_LIVER_CANCER_PROGRESSION_L0_L1_DN,IIZUKA_LIVER_CANCER_PROGRESSION_L0_L1_DN]
[SUBTIL_PROGESTIN_TARGETS,SUBTIL_PROGESTIN_TARGETS] was killed by [PODAR_RESPONSE_TO_ADAPHOSTIN_UP,PODAR_RESPONSE_TO_ADAPHOSTIN_UP]
[GYORFFY_DOXORUBICIN_RESISTANCE,GYORFFY_DOXORUBICIN_RESISTANCE] was killed by [ZHAN_MULTIPLE_MYELOMA_CD1_AND_CD2_UP,ZHAN_MULTIPLE_MYELOMA_CD1_AND_CD2_UP]
[DAVIES_MULTIPLE_MYELOMA_VS_MGUS_DN,DAVIES_MULTIPLE_MYELOMA_VS_MGUS_DN] was killed by [PARK_TRETINOIN_RESPONSE,PARK_TRETINOIN_RESPONSE]
[HESS_TARGETS_OF_HOXA9_AND_MEIS1_UP,HESS_TARGETS_OF_HOXA9_AND_MEIS1_UP] was killed by [SCHLOSSER_MYC_TARGETS_REPRESSED_BY_SERUM,SCHLOSSER_MYC_TARGETS_REPRESSED_BY_SERUM]
[VERNELL_RETINOBLASTOMA_PATHWAY_UP,VERNELL_RETINOBLASTOMA_PATHWAY_UP] was killed by [WINNEPENNINCKX_MELANOMA_METASTASIS_UP,WINNEPENNINCKX_MELANOMA_METASTASIS_UP]
[HAHTOLA_SEZARY_SYNDROM_UP,HAHTOLA_SEZARY_SYNDROM_UP] was killed by [TAKEDA_TARGETS_OF_NUP98_HOXA9_FUSION_10D_DN,TAKEDA_TARGETS_OF_NUP98_HOXA9_FUSION_10D_DN]
[OKAWA_NEUROBLASTOMA_1P36_31_DELETION,OKAWA_NEUROBLASTOMA_1P36_31_DELETION] was killed by [HOLLEMAN_ASPARAGINASE_RESISTANCE_ALL_UP,HOLLEMAN_ASPARAGINASE_RESISTANCE_ALL_UP]
[LAU_APOPTOSIS_CDKN2A_UP,LAU_APOPTOSIS_CDKN2A_UP] was killed by [PODAR_RESPONSE_TO_ADAPHOSTIN_UP,PODAR_RESPONSE_TO_ADAPHOSTIN_UP]
[STARK_PREFRONTAL_CORTEX_22Q11_DELETION_UP,STARK_PREFRONTAL_CORTEX_22Q11_DELETION_UP] was killed by [CHEBOTAEV_GR_TARGETS_UP,CHEBOTAEV_GR_TARGETS_UP]
[MANNE_COVID19_ICU_VS_HEALTHY_DONOR_PLATELETS_DN,MANNE_COVID19_ICU_VS_HEALTHY_DONOR_PLATELETS_DN] was killed by [CERVERA_SDHB_TARGETS_2,CERVERA_SDHB_TARGETS_2]
[ONGUSAHA_TP53_TARGETS,ONGUSAHA_TP53_TARGETS] was killed by [BORCZUK_MALIGNANT_MESOTHELIOMA_DN,BORCZUK_MALIGNANT_MESOTHELIOMA_DN]
[HERNANDEZ_ABERRANT_MITOSIS_BY_DOCETACEL_2NM_DN,HERNANDEZ_ABERRANT_MITOSIS_BY_DOCETACEL_2NM_DN] was killed by [CERVERA_SDHB_TARGETS_2,CERVERA_SDHB_TARGETS_2]
[TAKEDA_TARGETS_OF_NUP98_HOXA9_FUSION_6HR_DN,TAKEDA_TARGETS_OF_NUP98_HOXA9_FUSION_6HR_DN] was killed by [TAKEDA_TARGETS_OF_NUP98_HOXA9_FUSION_10D_DN,TAKEDA_TARGETS_OF_NUP98_HOXA9_FUSION_10D_DN]
[TIAN_TNF_SIGNALING_NOT_VIA_NFKB,TIAN_TNF_SIGNALING_NOT_VIA_NFKB] was killed by [PODAR_RESPONSE_TO_ADAPHOSTIN_UP,PODAR_RESPONSE_TO_ADAPHOSTIN_UP]
[HERNANDEZ_ABERRANT_MITOSIS_BY_DOCETACEL_2NM_UP,HERNANDEZ_ABERRANT_MITOSIS_BY_DOCETACEL_2NM_UP] was killed by [CERVERA_SDHB_TARGETS_2,CERVERA_SDHB_TARGETS_2]
[BERENJENO_ROCK_SIGNALING_NOT_VIA_RHOA_DN,BERENJENO_ROCK_SIGNALING_NOT_VIA_RHOA_DN] was killed by [CHEBOTAEV_GR_TARGETS_UP,CHEBOTAEV_GR_TARGETS_UP]
[ZHANG_PROLIFERATING_VS_QUIESCENT,ZHANG_PROLIFERATING_VS_QUIESCENT] was killed by [YAO_TEMPORAL_RESPONSE_TO_PROGESTERONE_CLUSTER_17,YAO_TEMPORAL_RESPONSE_TO_PROGESTERONE_CLUSTER_17]
[CHANDRAN_METASTASIS_TOP50_UP,CHANDRAN_METASTASIS_TOP50_UP] was killed by [WINNEPENNINCKX_MELANOMA_METASTASIS_UP,WINNEPENNINCKX_MELANOMA_METASTASIS_UP]
[CROMER_TUMORIGENESIS_DN,CROMER_TUMORIGENESIS_DN] was killed by [TAKEDA_TARGETS_OF_NUP98_HOXA9_FUSION_10D_DN,TAKEDA_TARGETS_OF_NUP98_HOXA9_FUSION_10D_DN]
[YAGI_AML_SURVIVAL,YAGI_AML_SURVIVAL] was killed by [VALK_AML_CLUSTER_5,VALK_AML_CLUSTER_5]
[OUELLET_OVARIAN_CANCER_INVASIVE_VS_LMP_UP,OUELLET_OVARIAN_CANCER_INVASIVE_VS_LMP_UP] was killed by [SCHLOSSER_MYC_TARGETS_REPRESSED_BY_SERUM,SCHLOSSER_MYC_TARGETS_REPRESSED_BY_SERUM]
[HUMMEL_BURKITTS_LYMPHOMA_DN,HUMMEL_BURKITTS_LYMPHOMA_DN] was killed by [PODAR_RESPONSE_TO_ADAPHOSTIN_UP,PODAR_RESPONSE_TO_ADAPHOSTIN_UP]
[LEE_LIVER_CANCER_E2F1_UP,LEE_LIVER_CANCER_E2F1_UP] was killed by [XIE_ST_HSC_S1PR3_OE_UP,XIE_ST_HSC_S1PR3_OE_UP]
[VECCHI_GASTRIC_CANCER_ADVANCED_VS_EARLY_UP,VECCHI_GASTRIC_CANCER_ADVANCED_VS_EARLY_UP] was killed by [TAKEDA_TARGETS_OF_NUP98_HOXA9_FUSION_10D_DN,TAKEDA_TARGETS_OF_NUP98_HOXA9_FUSION_10D_DN]
[ZAMORA_NOS2_TARGETS_UP,ZAMORA_NOS2_TARGETS_UP] was killed by [WINNEPENNINCKX_MELANOMA_METASTASIS_UP,WINNEPENNINCKX_MELANOMA_METASTASIS_UP]
[AMIT_SERUM_RESPONSE_120_MCF10A,AMIT_SERUM_RESPONSE_120_MCF10A] was killed by [XIE_ST_HSC_S1PR3_OE_UP,XIE_ST_HSC_S1PR3_OE_UP]
[MISHRA_CARCINOMA_ASSOCIATED_FIBROBLAST_UP,MISHRA_CARCINOMA_ASSOCIATED_FIBROBLAST_UP] was killed by [TAKEDA_TARGETS_OF_NUP98_HOXA9_FUSION_10D_DN,TAKEDA_TARGETS_OF_NUP98_HOXA9_FUSION_10D_DN]
[MEISSNER_BRAIN_HCP_WITH_H3_UNMETHYLATED,MEISSNER_BRAIN_HCP_WITH_H3_UNMETHYLATED] was killed by [MIKKELSEN_IPS_HCP_WITH_H3_UNMETHYLATED,MIKKELSEN_IPS_HCP_WITH_H3_UNMETHYLATED]
[MIKKELSEN_MCV6_LCP_WITH_H3K27ME3,MIKKELSEN_MCV6_LCP_WITH_H3K27ME3] was killed by [MIKKELSEN_MEF_LCP_WITH_H3K27ME3,MIKKELSEN_MEF_LCP_WITH_H3K27ME3]
[KONG_E2F1_TARGETS,KONG_E2F1_TARGETS] was killed by [IRITANI_MAD1_TARGETS_DN,IRITANI_MAD1_TARGETS_DN]
[BHAT_ESR1_TARGETS_VIA_AKT1_DN,BHAT_ESR1_TARGETS_VIA_AKT1_DN] was killed by [TAKEDA_TARGETS_OF_NUP98_HOXA9_FUSION_10D_DN,TAKEDA_TARGETS_OF_NUP98_HOXA9_FUSION_10D_DN]
[RIZ_ERYTHROID_DIFFERENTIATION_12HR,RIZ_ERYTHROID_DIFFERENTIATION_12HR] was killed by [PODAR_RESPONSE_TO_ADAPHOSTIN_UP,PODAR_RESPONSE_TO_ADAPHOSTIN_UP]
[BROWNE_HCMV_INFECTION_24HR_UP,BROWNE_HCMV_INFECTION_24HR_UP] was killed by [PARK_TRETINOIN_RESPONSE,PARK_TRETINOIN_RESPONSE]
[JISON_SICKLE_CELL_DISEASE_UP,JISON_SICKLE_CELL_DISEASE_UP] was killed by [TAKEDA_TARGETS_OF_NUP98_HOXA9_FUSION_10D_DN,TAKEDA_TARGETS_OF_NUP98_HOXA9_FUSION_10D_DN]
[HUTTMANN_B_CLL_POOR_SURVIVAL_DN,HUTTMANN_B_CLL_POOR_SURVIVAL_DN] was killed by [ZHENG_FOXP3_TARGETS_IN_THYMUS_UP,ZHENG_FOXP3_TARGETS_IN_THYMUS_UP]
[MULLIGHAN_NPM1_MUTATED_SIGNATURE_2_UP,MULLIGHAN_NPM1_MUTATED_SIGNATURE_2_UP] was killed by [LIEN_BREAST_CARCINOMA_METAPLASTIC,LIEN_BREAST_CARCINOMA_METAPLASTIC]
[DITTMER_PTHLH_TARGETS_UP,DITTMER_PTHLH_TARGETS_UP] was killed by [YAO_TEMPORAL_RESPONSE_TO_PROGESTERONE_CLUSTER_13,YAO_TEMPORAL_RESPONSE_TO_PROGESTERONE_CLUSTER_13]
[WANG_ADIPOGENIC_GENES_REPRESSED_BY_SIRT1,WANG_ADIPOGENIC_GENES_REPRESSED_BY_SIRT1] was killed by [IVANOVA_HEMATOPOIESIS_INTERMEDIATE_PROGENITOR,IVANOVA_HEMATOPOIESIS_INTERMEDIATE_PROGENITOR]
[PARK_TRETINOIN_RESPONSE_AND_PML_RARA_FUSION,PARK_TRETINOIN_RESPONSE_AND_PML_RARA_FUSION] was killed by [BORCZUK_MALIGNANT_MESOTHELIOMA_DN,BORCZUK_MALIGNANT_MESOTHELIOMA_DN]
[STREICHER_LSM1_TARGETS_DN,STREICHER_LSM1_TARGETS_DN] was killed by [LEE_LIVER_CANCER_HEPATOBLAST,LEE_LIVER_CANCER_HEPATOBLAST]
[IKEDA_MIR133_TARGETS_UP,IKEDA_MIR133_TARGETS_UP] was killed by [PARK_TRETINOIN_RESPONSE,PARK_TRETINOIN_RESPONSE]
[KAMIKUBO_MYELOID_CEBPA_NETWORK,KAMIKUBO_MYELOID_CEBPA_NETWORK] was killed by [SENGUPTA_NASOPHARYNGEAL_CARCINOMA_WITH_LMP1_DN,SENGUPTA_NASOPHARYNGEAL_CARCINOMA_WITH_LMP1_DN]
[MARZEC_IL2_SIGNALING_UP,MARZEC_IL2_SIGNALING_UP] was killed by [SCHLOSSER_MYC_TARGETS_REPRESSED_BY_SERUM,SCHLOSSER_MYC_TARGETS_REPRESSED_BY_SERUM]
[BOYAULT_LIVER_CANCER_SUBCLASS_G5_DN,BOYAULT_LIVER_CANCER_SUBCLASS_G5_DN] was killed by [XIE_ST_HSC_S1PR3_OE_UP,XIE_ST_HSC_S1PR3_OE_UP]
[LI_WILMS_TUMOR_VS_FETAL_KIDNEY_1_DN,LI_WILMS_TUMOR_VS_FETAL_KIDNEY_1_DN] was killed by [SCHLOSSER_MYC_TARGETS_REPRESSED_BY_SERUM,SCHLOSSER_MYC_TARGETS_REPRESSED_BY_SERUM]
[SAKAI_TUMOR_INFILTRATING_MONOCYTES_DN,SAKAI_TUMOR_INFILTRATING_MONOCYTES_DN] was killed by [SCHLOSSER_MYC_TARGETS_REPRESSED_BY_SERUM,SCHLOSSER_MYC_TARGETS_REPRESSED_BY_SERUM]
[AZARE_NEOPLASTIC_TRANSFORMATION_BY_STAT3_UP,AZARE_NEOPLASTIC_TRANSFORMATION_BY_STAT3_UP] was killed by [SENGUPTA_NASOPHARYNGEAL_CARCINOMA_WITH_LMP1_DN,SENGUPTA_NASOPHARYNGEAL_CARCINOMA_WITH_LMP1_DN]
[GRAHAM_NORMAL_QUIESCENT_VS_NORMAL_DIVIDING_UP,GRAHAM_NORMAL_QUIESCENT_VS_NORMAL_DIVIDING_UP] was killed by [TAKEDA_TARGETS_OF_NUP98_HOXA9_FUSION_10D_DN,TAKEDA_TARGETS_OF_NUP98_HOXA9_FUSION_10D_DN]
[LY_AGING_OLD_DN,LY_AGING_OLD_DN] was killed by [WINNEPENNINCKX_MELANOMA_METASTASIS_UP,WINNEPENNINCKX_MELANOMA_METASTASIS_UP]
[DOANE_RESPONSE_TO_ANDROGEN_UP,DOANE_RESPONSE_TO_ANDROGEN_UP] was killed by [CHEBOTAEV_GR_TARGETS_UP,CHEBOTAEV_GR_TARGETS_UP]
[DE_YY1_TARGETS_DN,DE_YY1_TARGETS_DN] was killed by [WANG_CLIM2_TARGETS_DN,WANG_CLIM2_TARGETS_DN]
[BROWNE_HCMV_INFECTION_24HR_DN,BROWNE_HCMV_INFECTION_24HR_DN] was killed by [BERTUCCI_MEDULLARY_VS_DUCTAL_BREAST_CANCER_DN,BERTUCCI_MEDULLARY_VS_DUCTAL_BREAST_CANCER_DN]
[RODWELL_AGING_KIDNEY_NO_BLOOD_DN,RODWELL_AGING_KIDNEY_NO_BLOOD_DN] was killed by [SCHLOSSER_MYC_TARGETS_REPRESSED_BY_SERUM,SCHLOSSER_MYC_TARGETS_REPRESSED_BY_SERUM]
[CONCANNON_APOPTOSIS_BY_EPOXOMICIN_DN,CONCANNON_APOPTOSIS_BY_EPOXOMICIN_DN] was killed by [TAKEDA_TARGETS_OF_NUP98_HOXA9_FUSION_10D_DN,TAKEDA_TARGETS_OF_NUP98_HOXA9_FUSION_10D_DN]
[DIRMEIER_LMP1_RESPONSE_EARLY,DIRMEIER_LMP1_RESPONSE_EARLY] was killed by [XIE_ST_HSC_S1PR3_OE_UP,XIE_ST_HSC_S1PR3_OE_UP]
[GAZDA_DIAMOND_BLACKFAN_ANEMIA_PROGENITOR_UP,GAZDA_DIAMOND_BLACKFAN_ANEMIA_PROGENITOR_UP] was killed by [PODAR_RESPONSE_TO_ADAPHOSTIN_UP,PODAR_RESPONSE_TO_ADAPHOSTIN_UP]
[WANG_PROSTATE_CANCER_ANDROGEN_INDEPENDENT,WANG_PROSTATE_CANCER_ANDROGEN_INDEPENDENT] was killed by [IVANOVA_HEMATOPOIESIS_INTERMEDIATE_PROGENITOR,IVANOVA_HEMATOPOIESIS_INTERMEDIATE_PROGENITOR]
[NADLER_OBESITY_DN,NADLER_OBESITY_DN] was killed by [YAO_TEMPORAL_RESPONSE_TO_PROGESTERONE_CLUSTER_17,YAO_TEMPORAL_RESPONSE_TO_PROGESTERONE_CLUSTER_17]
[NAKAYAMA_SOFT_TISSUE_TUMORS_PCA2_DN,NAKAYAMA_SOFT_TISSUE_TUMORS_PCA2_DN] was killed by [SENGUPTA_NASOPHARYNGEAL_CARCINOMA_WITH_LMP1_DN,SENGUPTA_NASOPHARYNGEAL_CARCINOMA_WITH_LMP1_DN]
[MEISSNER_BRAIN_HCP_WITH_H3K4ME2_AND_H3K27ME3,MEISSNER_BRAIN_HCP_WITH_H3K4ME2_AND_H3K27ME3] was killed by [HOLLERN_EMT_BREAST_TUMOR_DN,HOLLERN_EMT_BREAST_TUMOR_DN]
[COLIN_PILOCYTIC_ASTROCYTOMA_VS_GLIOBLASTOMA_DN,COLIN_PILOCYTIC_ASTROCYTOMA_VS_GLIOBLASTOMA_DN] was killed by [TAKEDA_TARGETS_OF_NUP98_HOXA9_FUSION_10D_DN,TAKEDA_TARGETS_OF_NUP98_HOXA9_FUSION_10D_DN]
[RICKMAN_TUMOR_DIFFERENTIATED_WELL_VS_MODERATELY_UP,RICKMAN_TUMOR_DIFFERENTIATED_WELL_VS_MODERATELY_UP] was killed by [ZHENG_FOXP3_TARGETS_IN_THYMUS_UP,ZHENG_FOXP3_TARGETS_IN_THYMUS_UP]
[CHUNG_BLISTER_CYTOTOXICITY_DN,CHUNG_BLISTER_CYTOTOXICITY_DN] was killed by [GRABARCZYK_BCL11B_TARGETS_UP,GRABARCZYK_BCL11B_TARGETS_UP]
[MORI_SMALL_PRE_BII_LYMPHOCYTE_DN,MORI_SMALL_PRE_BII_LYMPHOCYTE_DN] was killed by [SCHLOSSER_MYC_TARGETS_REPRESSED_BY_SERUM,SCHLOSSER_MYC_TARGETS_REPRESSED_BY_SERUM]
[MAGRANGEAS_MULTIPLE_MYELOMA_IGG_VS_IGA_DN,MAGRANGEAS_MULTIPLE_MYELOMA_IGG_VS_IGA_DN] was killed by [SALVADOR_MARTIN_PEDIATRIC_TBD_ANTI_TNF_THERAPY_NONRESPONDER_POST_TREATMENT_DN,SALVADOR_MARTIN_PEDIATRIC_TBD_ANTI_TNF_THERAPY_NONRESPONDER_POST_TREATMENT_DN]
[DARWICHE_SQUAMOUS_CELL_CARCINOMA_UP,DARWICHE_SQUAMOUS_CELL_CARCINOMA_UP] was killed by [YAO_TEMPORAL_RESPONSE_TO_PROGESTERONE_CLUSTER_13,YAO_TEMPORAL_RESPONSE_TO_PROGESTERONE_CLUSTER_13]
[KUNINGER_IGF1_VS_PDGFB_TARGETS_DN,KUNINGER_IGF1_VS_PDGFB_TARGETS_DN] was killed by [ZHENG_FOXP3_TARGETS_IN_THYMUS_UP,ZHENG_FOXP3_TARGETS_IN_THYMUS_UP]
[GAVIN_FOXP3_TARGETS_CLUSTER_P3,GAVIN_FOXP3_TARGETS_CLUSTER_P3] was killed by [HOLLERN_EMT_BREAST_TUMOR_DN,HOLLERN_EMT_BREAST_TUMOR_DN]
[FINETTI_BREAST_CANCER_KINOME_RED,FINETTI_BREAST_CANCER_KINOME_RED] was killed by [WINNEPENNINCKX_MELANOMA_METASTASIS_UP,WINNEPENNINCKX_MELANOMA_METASTASIS_UP]
[HOLLEMAN_PREDNISOLONE_RESISTANCE_B_ALL_DN,HOLLEMAN_PREDNISOLONE_RESISTANCE_B_ALL_DN] was killed by [FLECHNER_PBL_KIDNEY_TRANSPLANT_OK_VS_DONOR_DN,FLECHNER_PBL_KIDNEY_TRANSPLANT_OK_VS_DONOR_DN]
[FRASOR_RESPONSE_TO_SERM_OR_FULVESTRANT_DN,FRASOR_RESPONSE_TO_SERM_OR_FULVESTRANT_DN] was killed by [WINNEPENNINCKX_MELANOMA_METASTASIS_UP,WINNEPENNINCKX_MELANOMA_METASTASIS_UP]
[KYNG_ENVIRONMENTAL_STRESS_RESPONSE_NOT_BY_4NQO_IN_OLD,KYNG_ENVIRONMENTAL_STRESS_RESPONSE_NOT_BY_4NQO_IN_OLD] was killed by [PARK_TRETINOIN_RESPONSE,PARK_TRETINOIN_RESPONSE]
[MARIADASON_RESPONSE_TO_BUTYRATE_SULINDAC_6,MARIADASON_RESPONSE_TO_BUTYRATE_SULINDAC_6] was killed by [WINNEPENNINCKX_MELANOMA_METASTASIS_UP,WINNEPENNINCKX_MELANOMA_METASTASIS_UP]
[HAHTOLA_CTCL_PATHOGENESIS,HAHTOLA_CTCL_PATHOGENESIS] was killed by [TAKEDA_TARGETS_OF_NUP98_HOXA9_FUSION_10D_DN,TAKEDA_TARGETS_OF_NUP98_HOXA9_FUSION_10D_DN]
[RHODES_CANCER_META_SIGNATURE,RHODES_CANCER_META_SIGNATURE] was killed by [SCHLOSSER_MYC_TARGETS_REPRESSED_BY_SERUM,SCHLOSSER_MYC_TARGETS_REPRESSED_BY_SERUM]
[SESTO_RESPONSE_TO_UV_C0,SESTO_RESPONSE_TO_UV_C0] was killed by [SCHLOSSER_MYC_TARGETS_REPRESSED_BY_SERUM,SCHLOSSER_MYC_TARGETS_REPRESSED_BY_SERUM]
[GROSS_HYPOXIA_VIA_ELK3_AND_HIF1A_UP,GROSS_HYPOXIA_VIA_ELK3_AND_HIF1A_UP] was killed by [PODAR_RESPONSE_TO_ADAPHOSTIN_UP,PODAR_RESPONSE_TO_ADAPHOSTIN_UP]
[WEIGEL_OXIDATIVE_STRESS_BY_HNE_AND_TBH,WEIGEL_OXIDATIVE_STRESS_BY_HNE_AND_TBH] was killed by [SATO_SILENCED_EPIGENETICALLY_IN_PANCREATIC_CANCER,SATO_SILENCED_EPIGENETICALLY_IN_PANCREATIC_CANCER]
[BOYLAN_MULTIPLE_MYELOMA_D_CLUSTER_DN,BOYLAN_MULTIPLE_MYELOMA_D_CLUSTER_DN] was killed by [LUCAS_HNF4A_TARGETS_UP,LUCAS_HNF4A_TARGETS_UP]
[KALMA_E2F1_TARGETS,KALMA_E2F1_TARGETS] was killed by [WINNEPENNINCKX_MELANOMA_METASTASIS_UP,WINNEPENNINCKX_MELANOMA_METASTASIS_UP]
[RICKMAN_HEAD_AND_NECK_CANCER_F,RICKMAN_HEAD_AND_NECK_CANCER_F] was killed by [HOELZEL_NF1_TARGETS_UP,HOELZEL_NF1_TARGETS_UP]
[NAGY_TFTC_COMPONENTS_HUMAN,NAGY_TFTC_COMPONENTS_HUMAN] was killed by [GINESTIER_BREAST_CANCER_20Q13_AMPLIFICATION_DN,GINESTIER_BREAST_CANCER_20Q13_AMPLIFICATION_DN]
[GROSS_HYPOXIA_VIA_ELK3_DN,GROSS_HYPOXIA_VIA_ELK3_DN] was killed by [WANG_CLIM2_TARGETS_DN,WANG_CLIM2_TARGETS_DN]
[CAFFAREL_RESPONSE_TO_THC_24HR_5_UP,CAFFAREL_RESPONSE_TO_THC_24HR_5_UP] was killed by [WINNEPENNINCKX_MELANOMA_METASTASIS_UP,WINNEPENNINCKX_MELANOMA_METASTASIS_UP]
[WANG_METHYLATED_IN_BREAST_CANCER,WANG_METHYLATED_IN_BREAST_CANCER] was killed by [PODAR_RESPONSE_TO_ADAPHOSTIN_UP,PODAR_RESPONSE_TO_ADAPHOSTIN_UP]
[SMIRNOV_RESPONSE_TO_IR_2HR_UP,SMIRNOV_RESPONSE_TO_IR_2HR_UP] was killed by [PODAR_RESPONSE_TO_ADAPHOSTIN_UP,PODAR_RESPONSE_TO_ADAPHOSTIN_UP]
[POMEROY_MEDULLOBLASTOMA_PROGNOSIS_DN,POMEROY_MEDULLOBLASTOMA_PROGNOSIS_DN] was killed by [IRITANI_MAD1_TARGETS_DN,IRITANI_MAD1_TARGETS_DN]
[WAKABAYASHI_ADIPOGENESIS_PPARG_RXRA_BOUND_36HR,WAKABAYASHI_ADIPOGENESIS_PPARG_RXRA_BOUND_36HR] was killed by [YAO_TEMPORAL_RESPONSE_TO_PROGESTERONE_CLUSTER_13,YAO_TEMPORAL_RESPONSE_TO_PROGESTERONE_CLUSTER_13]
[TIEN_INTESTINE_PROBIOTICS_2HR_DN,TIEN_INTESTINE_PROBIOTICS_2HR_DN] was killed by [WANG_CLIM2_TARGETS_DN,WANG_CLIM2_TARGETS_DN]
[NATSUME_RESPONSE_TO_INTERFERON_BETA_DN,NATSUME_RESPONSE_TO_INTERFERON_BETA_DN] was killed by [YAO_TEMPORAL_RESPONSE_TO_PROGESTERONE_CLUSTER_17,YAO_TEMPORAL_RESPONSE_TO_PROGESTERONE_CLUSTER_17]
[NADERI_BREAST_CANCER_PROGNOSIS_UP,NADERI_BREAST_CANCER_PROGNOSIS_UP] was killed by [WINNEPENNINCKX_MELANOMA_METASTASIS_UP,WINNEPENNINCKX_MELANOMA_METASTASIS_UP]
[WOOD_EBV_EBNA1_TARGETS_UP,WOOD_EBV_EBNA1_TARGETS_UP] was killed by [SCHLOSSER_MYC_TARGETS_REPRESSED_BY_SERUM,SCHLOSSER_MYC_TARGETS_REPRESSED_BY_SERUM]
[WENG_POR_DOSAGE,WENG_POR_DOSAGE] was killed by [PODAR_RESPONSE_TO_ADAPHOSTIN_UP,PODAR_RESPONSE_TO_ADAPHOSTIN_UP]
[LI_CISPLATIN_RESISTANCE_UP,LI_CISPLATIN_RESISTANCE_UP] was killed by [DUTERTRE_ESTRADIOL_RESPONSE_6HR_DN,DUTERTRE_ESTRADIOL_RESPONSE_6HR_DN]
[WIERENGA_STAT5A_TARGETS_DN,WIERENGA_STAT5A_TARGETS_DN] was killed by [TAKEDA_TARGETS_OF_NUP98_HOXA9_FUSION_10D_DN,TAKEDA_TARGETS_OF_NUP98_HOXA9_FUSION_10D_DN]
[LIU_VAV3_PROSTATE_CARCINOGENESIS_UP,LIU_VAV3_PROSTATE_CARCINOGENESIS_UP] was killed by [TAKEDA_TARGETS_OF_NUP98_HOXA9_FUSION_10D_DN,TAKEDA_TARGETS_OF_NUP98_HOXA9_FUSION_10D_DN]
[SIMBULAN_UV_RESPONSE_IMMORTALIZED_DN,SIMBULAN_UV_RESPONSE_IMMORTALIZED_DN] was killed by [HOELZEL_NF1_TARGETS_UP,HOELZEL_NF1_TARGETS_UP]
[RHEIN_ALL_GLUCOCORTICOID_THERAPY_UP,RHEIN_ALL_GLUCOCORTICOID_THERAPY_UP] was killed by [TAKEDA_TARGETS_OF_NUP98_HOXA9_FUSION_10D_DN,TAKEDA_TARGETS_OF_NUP98_HOXA9_FUSION_10D_DN]
[PELLICCIOTTA_HDAC_IN_ANTIGEN_PRESENTATION_DN,PELLICCIOTTA_HDAC_IN_ANTIGEN_PRESENTATION_DN] was killed by [SCHLOSSER_MYC_TARGETS_REPRESSED_BY_SERUM,SCHLOSSER_MYC_TARGETS_REPRESSED_BY_SERUM]
[LI_CISPLATIN_RESISTANCE_DN,LI_CISPLATIN_RESISTANCE_DN] was killed by [PODAR_RESPONSE_TO_ADAPHOSTIN_UP,PODAR_RESPONSE_TO_ADAPHOSTIN_UP]
[BURTON_ADIPOGENESIS_PEAK_AT_2HR,BURTON_ADIPOGENESIS_PEAK_AT_2HR] was killed by [PODAR_RESPONSE_TO_ADAPHOSTIN_UP,PODAR_RESPONSE_TO_ADAPHOSTIN_UP]
[CAFFAREL_RESPONSE_TO_THC_8HR_5_UP,CAFFAREL_RESPONSE_TO_THC_8HR_5_UP] was killed by [PODAR_RESPONSE_TO_ADAPHOSTIN_UP,PODAR_RESPONSE_TO_ADAPHOSTIN_UP]
[ROSS_AML_WITH_CBFB_MYH11_FUSION,ROSS_AML_WITH_CBFB_MYH11_FUSION] was killed by [TAKEDA_TARGETS_OF_NUP98_HOXA9_FUSION_10D_DN,TAKEDA_TARGETS_OF_NUP98_HOXA9_FUSION_10D_DN]
[NAGY_STAGA_COMPONENTS_HUMAN,NAGY_STAGA_COMPONENTS_HUMAN] was killed by [GINESTIER_BREAST_CANCER_20Q13_AMPLIFICATION_DN,GINESTIER_BREAST_CANCER_20Q13_AMPLIFICATION_DN]
[LY_AGING_MIDDLE_DN,LY_AGING_MIDDLE_DN] was killed by [WINNEPENNINCKX_MELANOMA_METASTASIS_UP,WINNEPENNINCKX_MELANOMA_METASTASIS_UP]
[NIKOLSKY_BREAST_CANCER_8Q23_Q24_AMPLICON,NIKOLSKY_BREAST_CANCER_8Q23_Q24_AMPLICON] was killed by [BLANCO_MELO_INFLUENZA_A_INFECTION_A594_CELLS_DN,BLANCO_MELO_INFLUENZA_A_INFECTION_A594_CELLS_DN]
[ODONNELL_TARGETS_OF_MYC_AND_TFRC_UP,ODONNELL_TARGETS_OF_MYC_AND_TFRC_UP] was killed by [XIE_ST_HSC_S1PR3_OE_UP,XIE_ST_HSC_S1PR3_OE_UP]
[DORMOY_ELAVL1_TARGETS,DORMOY_ELAVL1_TARGETS] was killed by [LEE_LIVER_CANCER_HEPATOBLAST,LEE_LIVER_CANCER_HEPATOBLAST]
[LU_TUMOR_ANGIOGENESIS_UP,LU_TUMOR_ANGIOGENESIS_UP] was killed by [XIE_ST_HSC_S1PR3_OE_UP,XIE_ST_HSC_S1PR3_OE_UP]
[BRUECKNER_TARGETS_OF_MIRLET7A3_UP,BRUECKNER_TARGETS_OF_MIRLET7A3_UP] was killed by [PODAR_RESPONSE_TO_ADAPHOSTIN_UP,PODAR_RESPONSE_TO_ADAPHOSTIN_UP]
[MARKEY_RB1_CHRONIC_LOF_DN,MARKEY_RB1_CHRONIC_LOF_DN] was killed by [TAKEDA_TARGETS_OF_NUP98_HOXA9_FUSION_10D_DN,TAKEDA_TARGETS_OF_NUP98_HOXA9_FUSION_10D_DN]
[DOANE_BREAST_CANCER_ESR1_DN,DOANE_BREAST_CANCER_ESR1_DN] was killed by [SENGUPTA_NASOPHARYNGEAL_CARCINOMA_WITH_LMP1_DN,SENGUPTA_NASOPHARYNGEAL_CARCINOMA_WITH_LMP1_DN]
[TURASHVILI_BREAST_CARCINOMA_DUCTAL_VS_LOBULAR_UP,TURASHVILI_BREAST_CARCINOMA_DUCTAL_VS_LOBULAR_UP] was killed by [VALK_AML_CLUSTER_5,VALK_AML_CLUSTER_5]
[XU_AKT1_TARGETS_6HR,XU_AKT1_TARGETS_6HR] was killed by [WANG_CLIM2_TARGETS_DN,WANG_CLIM2_TARGETS_DN]
[BROWNE_HCMV_INFECTION_6HR_DN,BROWNE_HCMV_INFECTION_6HR_DN] was killed by [ZHENG_FOXP3_TARGETS_IN_THYMUS_UP,ZHENG_FOXP3_TARGETS_IN_THYMUS_UP]
[LOPEZ_TRANSLATION_VIA_FN1_SIGNALING,LOPEZ_TRANSLATION_VIA_FN1_SIGNALING] was killed by [ZHENG_FOXP3_TARGETS_IN_THYMUS_UP,ZHENG_FOXP3_TARGETS_IN_THYMUS_UP]
[DAVICIONI_TARGETS_OF_PAX_FOXO1_FUSIONS_DN,DAVICIONI_TARGETS_OF_PAX_FOXO1_FUSIONS_DN] was killed by [PODAR_RESPONSE_TO_ADAPHOSTIN_UP,PODAR_RESPONSE_TO_ADAPHOSTIN_UP]
[ZHANG_TARGETS_OF_EWSR1_FLI1_FUSION,ZHANG_TARGETS_OF_EWSR1_FLI1_FUSION] was killed by [SCHLOSSER_MYC_TARGETS_REPRESSED_BY_SERUM,SCHLOSSER_MYC_TARGETS_REPRESSED_BY_SERUM]
[PECE_MAMMARY_STEM_CELL_DN,PECE_MAMMARY_STEM_CELL_DN] was killed by [LIEN_BREAST_CARCINOMA_METAPLASTIC,LIEN_BREAST_CARCINOMA_METAPLASTIC]
[KORKOLA_YOLK_SAC_TUMOR_UP,KORKOLA_YOLK_SAC_TUMOR_UP] was killed by [LEE_LIVER_CANCER_HEPATOBLAST,LEE_LIVER_CANCER_HEPATOBLAST]
[PEDERSEN_METASTASIS_BY_ERBB2_ISOFORM_1,PEDERSEN_METASTASIS_BY_ERBB2_ISOFORM_1] was killed by [XIE_ST_HSC_S1PR3_OE_UP,XIE_ST_HSC_S1PR3_OE_UP]
[FRASOR_TAMOXIFEN_RESPONSE_UP,FRASOR_TAMOXIFEN_RESPONSE_UP] was killed by [ZHENG_FOXP3_TARGETS_IN_THYMUS_UP,ZHENG_FOXP3_TARGETS_IN_THYMUS_UP]
[TOMIDA_METASTASIS_DN,TOMIDA_METASTASIS_DN] was killed by [SCHLOSSER_MYC_TARGETS_REPRESSED_BY_SERUM,SCHLOSSER_MYC_TARGETS_REPRESSED_BY_SERUM]
[AMIT_DELAYED_EARLY_GENES,AMIT_DELAYED_EARLY_GENES] was killed by [PODAR_RESPONSE_TO_ADAPHOSTIN_UP,PODAR_RESPONSE_TO_ADAPHOSTIN_UP]
[RODRIGUES_THYROID_CARCINOMA_DN,RODRIGUES_THYROID_CARCINOMA_DN] was killed by [HOELZEL_NF1_TARGETS_UP,HOELZEL_NF1_TARGETS_UP]
[BOWIE_RESPONSE_TO_TAMOXIFEN,BOWIE_RESPONSE_TO_TAMOXIFEN] was killed by [WANG_CLIM2_TARGETS_DN,WANG_CLIM2_TARGETS_DN]
[PODAR_RESPONSE_TO_ADAPHOSTIN_DN,PODAR_RESPONSE_TO_ADAPHOSTIN_DN] was killed by [WANG_CLIM2_TARGETS_DN,WANG_CLIM2_TARGETS_DN]
[RODRIGUES_NTN1_AND_DCC_TARGETS,RODRIGUES_NTN1_AND_DCC_TARGETS] was killed by [LEE_LIVER_CANCER_HEPATOBLAST,LEE_LIVER_CANCER_HEPATOBLAST]
[MCMURRAY_TP53_HRAS_COOPERATION_RESPONSE_DN,MCMURRAY_TP53_HRAS_COOPERATION_RESPONSE_DN] was killed by [HOLLERN_EMT_BREAST_TUMOR_DN,HOLLERN_EMT_BREAST_TUMOR_DN]
[LANG_MYB_FAMILY_TARGETS,LANG_MYB_FAMILY_TARGETS] was killed by [SCHLOSSER_MYC_TARGETS_REPRESSED_BY_SERUM,SCHLOSSER_MYC_TARGETS_REPRESSED_BY_SERUM]
[LANDIS_ERBB2_BREAST_TUMORS_324_UP,LANDIS_ERBB2_BREAST_TUMORS_324_UP] was killed by [YAO_TEMPORAL_RESPONSE_TO_PROGESTERONE_CLUSTER_13,YAO_TEMPORAL_RESPONSE_TO_PROGESTERONE_CLUSTER_13]
[HILLION_HMGA1_TARGETS,HILLION_HMGA1_TARGETS] was killed by [WINNEPENNINCKX_MELANOMA_METASTASIS_UP,WINNEPENNINCKX_MELANOMA_METASTASIS_UP]
[RASHI_NFKB1_TARGETS,RASHI_NFKB1_TARGETS] was killed by [YAO_TEMPORAL_RESPONSE_TO_PROGESTERONE_CLUSTER_13,YAO_TEMPORAL_RESPONSE_TO_PROGESTERONE_CLUSTER_13]
[WENG_POR_TARGETS_GLOBAL_UP,WENG_POR_TARGETS_GLOBAL_UP] was killed by [WANG_CLIM2_TARGETS_DN,WANG_CLIM2_TARGETS_DN]
[DOANE_BREAST_CANCER_CLASSES_UP,DOANE_BREAST_CANCER_CLASSES_UP] was killed by [LUCAS_HNF4A_TARGETS_UP,LUCAS_HNF4A_TARGETS_UP]
[URS_ADIPOCYTE_DIFFERENTIATION_DN,URS_ADIPOCYTE_DIFFERENTIATION_DN] was killed by [LIEN_BREAST_CARCINOMA_METAPLASTIC,LIEN_BREAST_CARCINOMA_METAPLASTIC]
[DAZARD_UV_RESPONSE_CLUSTER_G6,DAZARD_UV_RESPONSE_CLUSTER_G6] was killed by [WINNEPENNINCKX_MELANOMA_METASTASIS_UP,WINNEPENNINCKX_MELANOMA_METASTASIS_UP]
[SESTO_RESPONSE_TO_UV_C8,SESTO_RESPONSE_TO_UV_C8] was killed by [SCHLOSSER_MYC_TARGETS_REPRESSED_BY_SERUM,SCHLOSSER_MYC_TARGETS_REPRESSED_BY_SERUM]
[BOYAULT_LIVER_CANCER_SUBCLASS_G123_UP,BOYAULT_LIVER_CANCER_SUBCLASS_G123_UP] was killed by [WINNEPENNINCKX_MELANOMA_METASTASIS_UP,WINNEPENNINCKX_MELANOMA_METASTASIS_UP]
[GREGORY_SYNTHETIC_LETHAL_WITH_IMATINIB,GREGORY_SYNTHETIC_LETHAL_WITH_IMATINIB] was killed by [WANG_CLIM2_TARGETS_DN,WANG_CLIM2_TARGETS_DN]
[MODY_HIPPOCAMPUS_PRENATAL,MODY_HIPPOCAMPUS_PRENATAL] was killed by [SCHLOSSER_MYC_TARGETS_REPRESSED_BY_SERUM,SCHLOSSER_MYC_TARGETS_REPRESSED_BY_SERUM]
[LEE_AGING_CEREBELLUM_UP,LEE_AGING_CEREBELLUM_UP] was killed by [TAKEDA_TARGETS_OF_NUP98_HOXA9_FUSION_10D_DN,TAKEDA_TARGETS_OF_NUP98_HOXA9_FUSION_10D_DN]
[WENDT_COHESIN_TARGETS_UP,WENDT_COHESIN_TARGETS_UP] was killed by [ZHENG_FOXP3_TARGETS_IN_THYMUS_UP,ZHENG_FOXP3_TARGETS_IN_THYMUS_UP]
[MOROSETTI_FACIOSCAPULOHUMERAL_MUSCULAR_DISTROPHY_UP,MOROSETTI_FACIOSCAPULOHUMERAL_MUSCULAR_DISTROPHY_UP] was killed by [TAKEDA_TARGETS_OF_NUP98_HOXA9_FUSION_10D_DN,TAKEDA_TARGETS_OF_NUP98_HOXA9_FUSION_10D_DN]
[LEE_TARGETS_OF_PTCH1_AND_SUFU_DN,LEE_TARGETS_OF_PTCH1_AND_SUFU_DN] was killed by [HOELZEL_NF1_TARGETS_UP,HOELZEL_NF1_TARGETS_UP]
[GAUSSMANN_MLL_AF4_FUSION_TARGETS_F_DN,GAUSSMANN_MLL_AF4_FUSION_TARGETS_F_DN] was killed by [DUTERTRE_ESTRADIOL_RESPONSE_6HR_DN,DUTERTRE_ESTRADIOL_RESPONSE_6HR_DN]
[HINATA_NFKB_TARGETS_FIBROBLAST_UP,HINATA_NFKB_TARGETS_FIBROBLAST_UP] was killed by [TAKEDA_TARGETS_OF_NUP98_HOXA9_FUSION_10D_DN,TAKEDA_TARGETS_OF_NUP98_HOXA9_FUSION_10D_DN]
[BURTON_ADIPOGENESIS_4,BURTON_ADIPOGENESIS_4] was killed by [SCHLOSSER_MYC_TARGETS_AND_SERUM_RESPONSE_DN,SCHLOSSER_MYC_TARGETS_AND_SERUM_RESPONSE_DN]
[DOANE_BREAST_CANCER_ESR1_UP,DOANE_BREAST_CANCER_ESR1_UP] was killed by [HOELZEL_NF1_TARGETS_UP,HOELZEL_NF1_TARGETS_UP]
[DAZARD_UV_RESPONSE_CLUSTER_G28,DAZARD_UV_RESPONSE_CLUSTER_G28] was killed by [TAKEDA_TARGETS_OF_NUP98_HOXA9_FUSION_10D_DN,TAKEDA_TARGETS_OF_NUP98_HOXA9_FUSION_10D_DN]
[TURASHVILI_BREAST_LOBULAR_CARCINOMA_VS_DUCTAL_NORMAL_UP,TURASHVILI_BREAST_LOBULAR_CARCINOMA_VS_DUCTAL_NORMAL_UP] was killed by [XIE_ST_HSC_S1PR3_OE_UP,XIE_ST_HSC_S1PR3_OE_UP]
[MINGUEZ_LIVER_CANCER_VASCULAR_INVASION_UP,MINGUEZ_LIVER_CANCER_VASCULAR_INVASION_UP] was killed by [WINNEPENNINCKX_MELANOMA_METASTASIS_UP,WINNEPENNINCKX_MELANOMA_METASTASIS_UP]
[GINESTIER_BREAST_CANCER_20Q13_AMPLIFICATION_UP,GINESTIER_BREAST_CANCER_20Q13_AMPLIFICATION_UP] was killed by [WANG_CLIM2_TARGETS_DN,WANG_CLIM2_TARGETS_DN]
[CROONQUIST_NRAS_VS_STROMAL_STIMULATION_DN,CROONQUIST_NRAS_VS_STROMAL_STIMULATION_DN] was killed by [WINNEPENNINCKX_MELANOMA_METASTASIS_UP,WINNEPENNINCKX_MELANOMA_METASTASIS_UP]
[APPIERTO_RESPONSE_TO_FENRETINIDE_DN,APPIERTO_RESPONSE_TO_FENRETINIDE_DN] was killed by [YAO_TEMPORAL_RESPONSE_TO_PROGESTERONE_CLUSTER_13,YAO_TEMPORAL_RESPONSE_TO_PROGESTERONE_CLUSTER_13]
[WATANABE_COLON_CANCER_MSI_VS_MSS_DN,WATANABE_COLON_CANCER_MSI_VS_MSS_DN] was killed by [SENGUPTA_NASOPHARYNGEAL_CARCINOMA_WITH_LMP1_DN,SENGUPTA_NASOPHARYNGEAL_CARCINOMA_WITH_LMP1_DN]
[SCIBETTA_KDM5B_TARGETS_UP,SCIBETTA_KDM5B_TARGETS_UP] was killed by [PODAR_RESPONSE_TO_ADAPHOSTIN_UP,PODAR_RESPONSE_TO_ADAPHOSTIN_UP]
[DARWICHE_PAPILLOMA_RISK_LOW_UP,DARWICHE_PAPILLOMA_RISK_LOW_UP] was killed by [SCHLOSSER_MYC_TARGETS_REPRESSED_BY_SERUM,SCHLOSSER_MYC_TARGETS_REPRESSED_BY_SERUM]
[REICHERT_MITOSIS_LIN9_TARGETS,REICHERT_MITOSIS_LIN9_TARGETS] was killed by [WINNEPENNINCKX_MELANOMA_METASTASIS_UP,WINNEPENNINCKX_MELANOMA_METASTASIS_UP]
[WANG_IMMORTALIZED_BY_HOXA9_AND_MEIS1_DN,WANG_IMMORTALIZED_BY_HOXA9_AND_MEIS1_DN] was killed by [BORCZUK_MALIGNANT_MESOTHELIOMA_DN,BORCZUK_MALIGNANT_MESOTHELIOMA_DN]
[XU_RESPONSE_TO_TRETINOIN_UP,XU_RESPONSE_TO_TRETINOIN_UP] was killed by [PARK_TRETINOIN_RESPONSE,PARK_TRETINOIN_RESPONSE]
[DACOSTA_UV_RESPONSE_VIA_ERCC3_COMMON_UP,DACOSTA_UV_RESPONSE_VIA_ERCC3_COMMON_UP] was killed by [WINNEPENNINCKX_MELANOMA_METASTASIS_UP,WINNEPENNINCKX_MELANOMA_METASTASIS_UP]
[MIKKELSEN_ES_LCP_WITH_H3K4ME3,MIKKELSEN_ES_LCP_WITH_H3K4ME3] was killed by [HOLLERN_EMT_BREAST_TUMOR_DN,HOLLERN_EMT_BREAST_TUMOR_DN]
[SHAFFER_IRF4_MULTIPLE_MYELOMA_PROGRAM,SHAFFER_IRF4_MULTIPLE_MYELOMA_PROGRAM] was killed by [WEIGEL_OXIDATIVE_STRESS_BY_HNE_AND_H2O2,WEIGEL_OXIDATIVE_STRESS_BY_HNE_AND_H2O2]
[DAVICIONI_PAX_FOXO1_SIGNATURE_IN_ARMS_UP,DAVICIONI_PAX_FOXO1_SIGNATURE_IN_ARMS_UP] was killed by [HOELZEL_NF1_TARGETS_UP,HOELZEL_NF1_TARGETS_UP]
[DAIRKEE_CANCER_PRONE_RESPONSE_BPA_E2,DAIRKEE_CANCER_PRONE_RESPONSE_BPA_E2] was killed by [SCHLOSSER_MYC_TARGETS_REPRESSED_BY_SERUM,SCHLOSSER_MYC_TARGETS_REPRESSED_BY_SERUM]
[NAKAYAMA_SOFT_TISSUE_TUMORS_PCA1_UP,NAKAYAMA_SOFT_TISSUE_TUMORS_PCA1_UP] was killed by [TAKEDA_TARGETS_OF_NUP98_HOXA9_FUSION_10D_DN,TAKEDA_TARGETS_OF_NUP98_HOXA9_FUSION_10D_DN]
[SYED_ESTRADIOL_RESPONSE,SYED_ESTRADIOL_RESPONSE] was killed by [SCHLOSSER_MYC_TARGETS_REPRESSED_BY_SERUM,SCHLOSSER_MYC_TARGETS_REPRESSED_BY_SERUM]
[GARGALOVIC_RESPONSE_TO_OXIDIZED_PHOSPHOLIPIDS_RED_UP,GARGALOVIC_RESPONSE_TO_OXIDIZED_PHOSPHOLIPIDS_RED_UP] was killed by [SCHLOSSER_MYC_TARGETS_REPRESSED_BY_SERUM,SCHLOSSER_MYC_TARGETS_REPRESSED_BY_SERUM]
[BLANCO_MELO_MERS_COV_INFECTION_MCR5_CELLS_DN,BLANCO_MELO_MERS_COV_INFECTION_MCR5_CELLS_DN] was killed by [TAKEDA_TARGETS_OF_NUP98_HOXA9_FUSION_10D_DN,TAKEDA_TARGETS_OF_NUP98_HOXA9_FUSION_10D_DN]
[IIZUKA_LIVER_CANCER_EARLY_RECURRENCE,IIZUKA_LIVER_CANCER_EARLY_RECURRENCE] was killed by [LIEN_BREAST_CARCINOMA_METAPLASTIC,LIEN_BREAST_CARCINOMA_METAPLASTIC]
[CHEN_LVAD_SUPPORT_OF_FAILING_HEART_UP,CHEN_LVAD_SUPPORT_OF_FAILING_HEART_UP] was killed by [TAKEDA_TARGETS_OF_NUP98_HOXA9_FUSION_10D_DN,TAKEDA_TARGETS_OF_NUP98_HOXA9_FUSION_10D_DN]
[PLASARI_TGFB1_SIGNALING_VIA_NFIC_1HR_UP,PLASARI_TGFB1_SIGNALING_VIA_NFIC_1HR_UP] was killed by [FLECHNER_PBL_KIDNEY_TRANSPLANT_OK_VS_DONOR_DN,FLECHNER_PBL_KIDNEY_TRANSPLANT_OK_VS_DONOR_DN]
[ZWANG_EGF_PERSISTENTLY_UP,ZWANG_EGF_PERSISTENTLY_UP] was killed by [TAKEDA_TARGETS_OF_NUP98_HOXA9_FUSION_10D_DN,TAKEDA_TARGETS_OF_NUP98_HOXA9_FUSION_10D_DN]
[GRAHAM_CML_QUIESCENT_VS_CML_DIVIDING_UP,GRAHAM_CML_QUIESCENT_VS_CML_DIVIDING_UP] was killed by [TAKEDA_TARGETS_OF_NUP98_HOXA9_FUSION_10D_DN,TAKEDA_TARGETS_OF_NUP98_HOXA9_FUSION_10D_DN]
[SARTIPY_BLUNTED_BY_INSULIN_RESISTANCE_UP,SARTIPY_BLUNTED_BY_INSULIN_RESISTANCE_UP] was killed by [TAKEDA_TARGETS_OF_NUP98_HOXA9_FUSION_10D_DN,TAKEDA_TARGETS_OF_NUP98_HOXA9_FUSION_10D_DN]
[MEDINA_SMARCA4_TARGETS,MEDINA_SMARCA4_TARGETS] was killed by [BLANCO_MELO_COVID19_SARS_COV_2_POS_PATIENT_LUNG_TISSUE_DN,BLANCO_MELO_COVID19_SARS_COV_2_POS_PATIENT_LUNG_TISSUE_DN]
[AMIT_EGF_RESPONSE_60_MCF10A,AMIT_EGF_RESPONSE_60_MCF10A] was killed by [PODAR_RESPONSE_TO_ADAPHOSTIN_UP,PODAR_RESPONSE_TO_ADAPHOSTIN_UP]
[BOYAULT_LIVER_CANCER_SUBCLASS_G23_UP,BOYAULT_LIVER_CANCER_SUBCLASS_G23_UP] was killed by [YAO_TEMPORAL_RESPONSE_TO_PROGESTERONE_CLUSTER_17,YAO_TEMPORAL_RESPONSE_TO_PROGESTERONE_CLUSTER_17]
[HU_GENOTOXIN_ACTION_DIRECT_VS_INDIRECT_24HR,HU_GENOTOXIN_ACTION_DIRECT_VS_INDIRECT_24HR] was killed by [SCHLOSSER_MYC_TARGETS_REPRESSED_BY_SERUM,SCHLOSSER_MYC_TARGETS_REPRESSED_BY_SERUM]
[GESERICK_TERT_TARGETS_DN,GESERICK_TERT_TARGETS_DN] was killed by [XIE_ST_HSC_S1PR3_OE_UP,XIE_ST_HSC_S1PR3_OE_UP]
[MOOTHA_FFA_OXYDATION,MOOTHA_FFA_OXYDATION] was killed by [WAKABAYASHI_ADIPOGENESIS_PPARG_RXRA_BOUND_WITH_H4K20ME1_MARK,WAKABAYASHI_ADIPOGENESIS_PPARG_RXRA_BOUND_WITH_H4K20ME1_MARK]
[DAVICIONI_PAX_FOXO1_SIGNATURE_IN_ARMS_DN,DAVICIONI_PAX_FOXO1_SIGNATURE_IN_ARMS_DN] was killed by [XIE_ST_HSC_S1PR3_OE_UP,XIE_ST_HSC_S1PR3_OE_UP]
[BOYLAN_MULTIPLE_MYELOMA_PCA1_UP,BOYLAN_MULTIPLE_MYELOMA_PCA1_UP] was killed by [SENGUPTA_NASOPHARYNGEAL_CARCINOMA_WITH_LMP1_DN,SENGUPTA_NASOPHARYNGEAL_CARCINOMA_WITH_LMP1_DN]
[ICHIBA_GRAFT_VERSUS_HOST_DISEASE_D7_UP,ICHIBA_GRAFT_VERSUS_HOST_DISEASE_D7_UP] was killed by [TAKEDA_TARGETS_OF_NUP98_HOXA9_FUSION_10D_DN,TAKEDA_TARGETS_OF_NUP98_HOXA9_FUSION_10D_DN]
[KHETCHOUMIAN_TRIM24_TARGETS_UP,KHETCHOUMIAN_TRIM24_TARGETS_UP] was killed by [XIE_ST_HSC_S1PR3_OE_UP,XIE_ST_HSC_S1PR3_OE_UP]
[WEIGEL_OXIDATIVE_STRESS_RESPONSE,WEIGEL_OXIDATIVE_STRESS_RESPONSE] was killed by [GRABARCZYK_BCL11B_TARGETS_UP,GRABARCZYK_BCL11B_TARGETS_UP]
[CERVERA_SDHB_TARGETS_1_DN,CERVERA_SDHB_TARGETS_1_DN] was killed by [CERVERA_SDHB_TARGETS_2,CERVERA_SDHB_TARGETS_2]
[HERNANDEZ_MITOTIC_ARREST_BY_DOCETAXEL_2_DN,HERNANDEZ_MITOTIC_ARREST_BY_DOCETAXEL_2_DN] was killed by [HOLLERN_EMT_BREAST_TUMOR_DN,HOLLERN_EMT_BREAST_TUMOR_DN]
[WU_APOPTOSIS_BY_CDKN1A_VIA_TP53,WU_APOPTOSIS_BY_CDKN1A_VIA_TP53] was killed by [WINNEPENNINCKX_MELANOMA_METASTASIS_UP,WINNEPENNINCKX_MELANOMA_METASTASIS_UP]
[SCHLOSSER_SERUM_RESPONSE_UP,SCHLOSSER_SERUM_RESPONSE_UP] was killed by [YAO_TEMPORAL_RESPONSE_TO_PROGESTERONE_CLUSTER_17,YAO_TEMPORAL_RESPONSE_TO_PROGESTERONE_CLUSTER_17]
[AMIT_EGF_RESPONSE_480_HELA,AMIT_EGF_RESPONSE_480_HELA] was killed by [HOELZEL_NF1_TARGETS_UP,HOELZEL_NF1_TARGETS_UP]
[YU_BAP1_TARGETS,YU_BAP1_TARGETS] was killed by [WINNEPENNINCKX_MELANOMA_METASTASIS_UP,WINNEPENNINCKX_MELANOMA_METASTASIS_UP]
[CHIANG_LIVER_CANCER_SUBCLASS_CTNNB1_UP,CHIANG_LIVER_CANCER_SUBCLASS_CTNNB1_UP] was killed by [SENGUPTA_NASOPHARYNGEAL_CARCINOMA_WITH_LMP1_DN,SENGUPTA_NASOPHARYNGEAL_CARCINOMA_WITH_LMP1_DN]
[MARTORIATI_MDM4_TARGETS_NEUROEPITHELIUM_UP,MARTORIATI_MDM4_TARGETS_NEUROEPITHELIUM_UP] was killed by [IRITANI_MAD1_TARGETS_DN,IRITANI_MAD1_TARGETS_DN]
[LANDEMAINE_LUNG_METASTASIS,LANDEMAINE_LUNG_METASTASIS] was killed by [HOLLERN_EMT_BREAST_TUMOR_DN,HOLLERN_EMT_BREAST_TUMOR_DN]
[SHEPARD_CRASH_AND_BURN_MUTANT_DN,SHEPARD_CRASH_AND_BURN_MUTANT_DN] was killed by [WINNEPENNINCKX_MELANOMA_METASTASIS_UP,WINNEPENNINCKX_MELANOMA_METASTASIS_UP]
[FRIDMAN_SENESCENCE_UP,FRIDMAN_SENESCENCE_UP] was killed by [WANG_CLIM2_TARGETS_DN,WANG_CLIM2_TARGETS_DN]
[WANG_BARRETTS_ESOPHAGUS_AND_ESOPHAGUS_CANCER_DN,WANG_BARRETTS_ESOPHAGUS_AND_ESOPHAGUS_CANCER_DN] was killed by [SENGUPTA_NASOPHARYNGEAL_CARCINOMA_WITH_LMP1_DN,SENGUPTA_NASOPHARYNGEAL_CARCINOMA_WITH_LMP1_DN]
[MODY_HIPPOCAMPUS_POSTNATAL,MODY_HIPPOCAMPUS_POSTNATAL] was killed by [IVANOVA_HEMATOPOIESIS_STEM_CELL,IVANOVA_HEMATOPOIESIS_STEM_CELL]
[DOANE_BREAST_CANCER_CLASSES_DN,DOANE_BREAST_CANCER_CLASSES_DN] was killed by [LEE_LIVER_CANCER_HEPATOBLAST,LEE_LIVER_CANCER_HEPATOBLAST]
[MANN_RESPONSE_TO_AMIFOSTINE_UP,MANN_RESPONSE_TO_AMIFOSTINE_UP] was killed by [YAO_TEMPORAL_RESPONSE_TO_PROGESTERONE_CLUSTER_13,YAO_TEMPORAL_RESPONSE_TO_PROGESTERONE_CLUSTER_13]
[MARTORIATI_MDM4_TARGETS_NEUROEPITHELIUM_DN,MARTORIATI_MDM4_TARGETS_NEUROEPITHELIUM_DN] was killed by [TAKEDA_TARGETS_OF_NUP98_HOXA9_FUSION_10D_DN,TAKEDA_TARGETS_OF_NUP98_HOXA9_FUSION_10D_DN]
[FOSTER_TOLERANT_MACROPHAGE_UP,FOSTER_TOLERANT_MACROPHAGE_UP] was killed by [TAKEDA_TARGETS_OF_NUP98_HOXA9_FUSION_10D_DN,TAKEDA_TARGETS_OF_NUP98_HOXA9_FUSION_10D_DN]
[MOSERLE_IFNA_RESPONSE,MOSERLE_IFNA_RESPONSE] was killed by [WANG_CLIM2_TARGETS_DN,WANG_CLIM2_TARGETS_DN]
[YAO_TEMPORAL_RESPONSE_TO_PROGESTERONE_CLUSTER_7,YAO_TEMPORAL_RESPONSE_TO_PROGESTERONE_CLUSTER_7] was killed by [SCHLOSSER_MYC_TARGETS_REPRESSED_BY_SERUM,SCHLOSSER_MYC_TARGETS_REPRESSED_BY_SERUM]
[VANTVEER_BREAST_CANCER_METASTASIS_UP,VANTVEER_BREAST_CANCER_METASTASIS_UP] was killed by [WAKABAYASHI_ADIPOGENESIS_PPARG_RXRA_BOUND_WITH_H4K20ME1_MARK,WAKABAYASHI_ADIPOGENESIS_PPARG_RXRA_BOUND_WITH_H4K20ME1_MARK]
[SMID_BREAST_CANCER_RELAPSE_IN_PLEURA_DN,SMID_BREAST_CANCER_RELAPSE_IN_PLEURA_DN] was killed by [TAKEDA_TARGETS_OF_NUP98_HOXA9_FUSION_10D_DN,TAKEDA_TARGETS_OF_NUP98_HOXA9_FUSION_10D_DN]
[LINDVALL_IMMORTALIZED_BY_TERT_DN,LINDVALL_IMMORTALIZED_BY_TERT_DN] was killed by [TAKEDA_TARGETS_OF_NUP98_HOXA9_FUSION_10D_DN,TAKEDA_TARGETS_OF_NUP98_HOXA9_FUSION_10D_DN]
[MIKKELSEN_MCV6_ICP_WITH_H3K27ME3,MIKKELSEN_MCV6_ICP_WITH_H3K27ME3] was killed by [MIKKELSEN_ES_ICP_WITH_H3K4ME3_AND_H3K27ME3,MIKKELSEN_ES_ICP_WITH_H3K4ME3_AND_H3K27ME3]
[FOSTER_KDM1A_TARGETS_DN,FOSTER_KDM1A_TARGETS_DN] was killed by [NIKOLSKY_BREAST_CANCER_16P13_AMPLICON,NIKOLSKY_BREAST_CANCER_16P13_AMPLICON]
[SMID_BREAST_CANCER_RELAPSE_IN_BRAIN_DN,SMID_BREAST_CANCER_RELAPSE_IN_BRAIN_DN] was killed by [LUCAS_HNF4A_TARGETS_UP,LUCAS_HNF4A_TARGETS_UP]
[ZHAN_EARLY_DIFFERENTIATION_GENES_DN,ZHAN_EARLY_DIFFERENTIATION_GENES_DN] was killed by [XIE_ST_HSC_S1PR3_OE_UP,XIE_ST_HSC_S1PR3_OE_UP]
[BOYAULT_LIVER_CANCER_SUBCLASS_G1_UP,BOYAULT_LIVER_CANCER_SUBCLASS_G1_UP] was killed by [ZHENG_FOXP3_TARGETS_IN_THYMUS_UP,ZHENG_FOXP3_TARGETS_IN_THYMUS_UP]
[MAYBURD_RESPONSE_TO_L663536_UP,MAYBURD_RESPONSE_TO_L663536_UP] was killed by [PODAR_RESPONSE_TO_ADAPHOSTIN_UP,PODAR_RESPONSE_TO_ADAPHOSTIN_UP]
[SESTO_RESPONSE_TO_UV_C7,SESTO_RESPONSE_TO_UV_C7] was killed by [WINNEPENNINCKX_MELANOMA_METASTASIS_UP,WINNEPENNINCKX_MELANOMA_METASTASIS_UP]
[ZHENG_FOXP3_TARGETS_UP,ZHENG_FOXP3_TARGETS_UP] was killed by [PODAR_RESPONSE_TO_ADAPHOSTIN_UP,PODAR_RESPONSE_TO_ADAPHOSTIN_UP]
[CHO_NR4A1_TARGETS,CHO_NR4A1_TARGETS] was killed by [PODAR_RESPONSE_TO_ADAPHOSTIN_UP,PODAR_RESPONSE_TO_ADAPHOSTIN_UP]
[VISALA_RESPONSE_TO_HEAT_SHOCK_AND_AGING_DN,VISALA_RESPONSE_TO_HEAT_SHOCK_AND_AGING_DN] was killed by [PODAR_RESPONSE_TO_ADAPHOSTIN_UP,PODAR_RESPONSE_TO_ADAPHOSTIN_UP]
[HAHTOLA_MYCOSIS_FUNGOIDES_SKIN_UP,HAHTOLA_MYCOSIS_FUNGOIDES_SKIN_UP] was killed by [WANG_CLIM2_TARGETS_DN,WANG_CLIM2_TARGETS_DN]
[MATTIOLI_MGUS_VS_PCL,MATTIOLI_MGUS_VS_PCL] was killed by [SCHLOSSER_MYC_TARGETS_REPRESSED_BY_SERUM,SCHLOSSER_MYC_TARGETS_REPRESSED_BY_SERUM]
[GENTILE_UV_RESPONSE_CLUSTER_D1,GENTILE_UV_RESPONSE_CLUSTER_D1] was killed by [PODAR_RESPONSE_TO_ADAPHOSTIN_UP,PODAR_RESPONSE_TO_ADAPHOSTIN_UP]
[WELCH_GATA1_TARGETS,WELCH_GATA1_TARGETS] was killed by [PODAR_RESPONSE_TO_ADAPHOSTIN_UP,PODAR_RESPONSE_TO_ADAPHOSTIN_UP]
[KANG_IMMORTALIZED_BY_TERT_DN,KANG_IMMORTALIZED_BY_TERT_DN] was killed by [TAKEDA_TARGETS_OF_NUP98_HOXA9_FUSION_10D_DN,TAKEDA_TARGETS_OF_NUP98_HOXA9_FUSION_10D_DN]
[KAMMINGA_EZH2_TARGETS,KAMMINGA_EZH2_TARGETS] was killed by [SCHLOSSER_MYC_TARGETS_REPRESSED_BY_SERUM,SCHLOSSER_MYC_TARGETS_REPRESSED_BY_SERUM]
[CHIARADONNA_NEOPLASTIC_TRANSFORMATION_CDC25_UP,CHIARADONNA_NEOPLASTIC_TRANSFORMATION_CDC25_UP] was killed by [TAKEDA_TARGETS_OF_NUP98_HOXA9_FUSION_10D_DN,TAKEDA_TARGETS_OF_NUP98_HOXA9_FUSION_10D_DN]
[MURATA_VIRULENCE_OF_H_PILORI,MURATA_VIRULENCE_OF_H_PILORI] was killed by [TAKEDA_TARGETS_OF_NUP98_HOXA9_FUSION_10D_DN,TAKEDA_TARGETS_OF_NUP98_HOXA9_FUSION_10D_DN]
[SMID_BREAST_CANCER_RELAPSE_IN_BONE_UP,SMID_BREAST_CANCER_RELAPSE_IN_BONE_UP] was killed by [HOELZEL_NF1_TARGETS_UP,HOELZEL_NF1_TARGETS_UP]
