[HP_INCREASED_SERUM_LACTATE,HP_INCREASED_SERUM_LACTATE] was killed by [HP_ABNORMALITY_OF_THE_MITOCHONDRION,HP_ABNORMALITY_OF_THE_MITOCHONDRION]
[HP_Y_LINKED_INHERITANCE,HP_Y_LINKED_INHERITANCE] was killed by [HP_INFERTILITY,HP_INFERTILITY]
[HP_ABNORMAL_ACTIVITY_OF_MITOCHONDRIAL_RESPIRATORY_CHAIN,HP_ABNORMAL_ACTIVITY_OF_MITOCHONDRIAL_RESPIRATORY_CHAIN] was killed by [HP_ABNORMALITY_OF_THE_MITOCHONDRION,HP_ABNORMALITY_OF_THE_MITOCHONDRION]
[HP_CAFE_AU_LAIT_SPOT,HP_CAFE_AU_LAIT_SPOT] was killed by [HP_ABNORMALITY_OF_THE_MITOCHONDRION,HP_ABNORMALITY_OF_THE_MITOCHONDRION]
[HP_INCREASED_CSF_LACTATE,HP_INCREASED_CSF_LACTATE] was killed by [HP_ABNORMALITY_OF_THE_MITOCHONDRION,HP_ABNORMALITY_OF_THE_MITOCHONDRION]
[HP_POLYSPLENIA,HP_POLYSPLENIA] was killed by [HP_INFERTILITY,HP_INFERTILITY]
[HP_DECREASED_ACTIVITY_OF_MITOCHONDRIAL_COMPLEX_I,HP_DECREASED_ACTIVITY_OF_MITOCHONDRIAL_COMPLEX_I] was killed by [HP_ABNORMALITY_OF_THE_MITOCHONDRION,HP_ABNORMALITY_OF_THE_MITOCHONDRION]
[HP_ABNORMAL_CSF_METABOLITE_LEVEL,HP_ABNORMAL_CSF_METABOLITE_LEVEL] was killed by [HP_ABNORMALITY_OF_THE_MITOCHONDRION,HP_ABNORMALITY_OF_THE_MITOCHONDRION]
[HP_WHEEZING,HP_WHEEZING] was killed by [HP_INFERTILITY,HP_INFERTILITY]
[HP_TRANSPOSITION_OF_THE_GREAT_ARTERIES,HP_TRANSPOSITION_OF_THE_GREAT_ARTERIES] was killed by [HP_INFERTILITY,HP_INFERTILITY]
[HP_LACTIC_ACIDOSIS,HP_LACTIC_ACIDOSIS] was killed by [HP_ABNORMALITY_OF_THE_MITOCHONDRION,HP_ABNORMALITY_OF_THE_MITOCHONDRION]
[HP_ABNORMAL_BRAINSTEM_MRI_SIGNAL_INTENSITY,HP_ABNORMAL_BRAINSTEM_MRI_SIGNAL_INTENSITY] was killed by [HP_ABNORMALITY_OF_THE_MITOCHONDRION,HP_ABNORMALITY_OF_THE_MITOCHONDRION]
[HP_MALE_INFERTILITY,HP_MALE_INFERTILITY] was killed by [HP_INFERTILITY,HP_INFERTILITY]
[HP_FOCAL_T2_HYPERINTENSE_BRAINSTEM_LESION,HP_FOCAL_T2_HYPERINTENSE_BRAINSTEM_LESION] was killed by [HP_ABNORMALITY_OF_THE_MITOCHONDRION,HP_ABNORMALITY_OF_THE_MITOCHONDRION]
[HP_ABNORMAL_SPUTUM,HP_ABNORMAL_SPUTUM] was killed by [HP_ABNORMALITY_OF_THE_MITOCHONDRION,HP_ABNORMALITY_OF_THE_MITOCHONDRION]
[HP_NEOPLASM_OF_THE_SKELETAL_SYSTEM,HP_NEOPLASM_OF_THE_SKELETAL_SYSTEM] was killed by [HP_THROMBOCYTOSIS,HP_THROMBOCYTOSIS]
[HP_LEUKODYSTROPHY,HP_LEUKODYSTROPHY] was killed by [HP_ABNORMALITY_OF_THE_MITOCHONDRION,HP_ABNORMALITY_OF_THE_MITOCHONDRION]
[HP_ABNORMAL_NASAL_MUCOSA_MORPHOLOGY,HP_ABNORMAL_NASAL_MUCOSA_MORPHOLOGY] was killed by [HP_INFERTILITY,HP_INFERTILITY]
[HP_ABNORMAL_ATRIAL_ARRANGEMENT,HP_ABNORMAL_ATRIAL_ARRANGEMENT] was killed by [HP_INFERTILITY,HP_INFERTILITY]
[HP_NASAL_OBSTRUCTION,HP_NASAL_OBSTRUCTION] was killed by [HP_INFERTILITY,HP_INFERTILITY]
[HP_OSTEOSARCOMA,HP_OSTEOSARCOMA] was killed by [HP_THROMBOCYTOSIS,HP_THROMBOCYTOSIS]
[HP_CHRONIC_SINUSITIS,HP_CHRONIC_SINUSITIS] was killed by [HP_INFERTILITY,HP_INFERTILITY]
[HP_LIPID_ACCUMULATION_IN_HEPATOCYTES,HP_LIPID_ACCUMULATION_IN_HEPATOCYTES] was killed by [HP_ABNORMALITY_OF_THE_MITOCHONDRION,HP_ABNORMALITY_OF_THE_MITOCHONDRION]
[HP_PRENATAL_MATERNAL_ABNORMALITY,HP_PRENATAL_MATERNAL_ABNORMALITY] was killed by [HP_INFERTILITY,HP_INFERTILITY]
[HP_ABNORMALITY_OF_THE_PULMONARY_VEINS,HP_ABNORMALITY_OF_THE_PULMONARY_VEINS] was killed by [HP_INFERTILITY,HP_INFERTILITY]
[HP_MITOCHONDRIAL_RESPIRATORY_CHAIN_DEFECTS,HP_MITOCHONDRIAL_RESPIRATORY_CHAIN_DEFECTS] was killed by [HP_ABNORMALITY_OF_THE_MITOCHONDRION,HP_ABNORMALITY_OF_THE_MITOCHONDRION]
[HP_OPTIC_DISC_PALLOR,HP_OPTIC_DISC_PALLOR] was killed by [HP_ABNORMALITY_OF_THE_MITOCHONDRION,HP_ABNORMALITY_OF_THE_MITOCHONDRION]
[HP_LOWER_LIMB_SPASTICITY,HP_LOWER_LIMB_SPASTICITY] was killed by [HP_ABNORMALITY_OF_THE_MITOCHONDRION,HP_ABNORMALITY_OF_THE_MITOCHONDRION]
[HP_ABNORMAL_RESPIRATORY_MOTILE_CILIUM_PHYSIOLOGY,HP_ABNORMAL_RESPIRATORY_MOTILE_CILIUM_PHYSIOLOGY] was killed by [HP_INFERTILITY,HP_INFERTILITY]
[HP_LEUKEMIA,HP_LEUKEMIA] was killed by [HP_ABNORMALITY_OF_THE_MITOCHONDRION,HP_ABNORMALITY_OF_THE_MITOCHONDRION]
[HP_ABNORMAL_SOCIAL_BEHAVIOR,HP_ABNORMAL_SOCIAL_BEHAVIOR] was killed by [HP_ABNORMALITY_OF_THE_MITOCHONDRION,HP_ABNORMALITY_OF_THE_MITOCHONDRION]
[HP_ABNORMAL_GLIAL_CELL_MORPHOLOGY,HP_ABNORMAL_GLIAL_CELL_MORPHOLOGY] was killed by [HP_ABNORMALITY_OF_THE_MITOCHONDRION,HP_ABNORMALITY_OF_THE_MITOCHONDRION]
[HP_VITILIGO,HP_VITILIGO] was killed by [HP_ABNORMALITY_OF_THE_MITOCHONDRION,HP_ABNORMALITY_OF_THE_MITOCHONDRION]
[HP_MYELODYSPLASIA,HP_MYELODYSPLASIA] was killed by [HP_ABNORMALITY_OF_THE_MITOCHONDRION,HP_ABNORMALITY_OF_THE_MITOCHONDRION]
[HP_TINNITUS,HP_TINNITUS] was killed by [HP_BENIGN_NEOPLASM_OF_THE_CENTRAL_NERVOUS_SYSTEM,HP_BENIGN_NEOPLASM_OF_THE_CENTRAL_NERVOUS_SYSTEM]
[HP_NEOPLASM_OF_THE_PITUITARY_GLAND,HP_NEOPLASM_OF_THE_PITUITARY_GLAND] was killed by [HP_BENIGN_NEOPLASM_OF_THE_CENTRAL_NERVOUS_SYSTEM,HP_BENIGN_NEOPLASM_OF_THE_CENTRAL_NERVOUS_SYSTEM]
[HP_PROGRESSIVE_MICROCEPHALY,HP_PROGRESSIVE_MICROCEPHALY] was killed by [HP_SLOPING_FOREHEAD,HP_SLOPING_FOREHEAD]
[HP_HEPATOSPLENOMEGALY,HP_HEPATOSPLENOMEGALY] was killed by [HP_INFERTILITY,HP_INFERTILITY]
[HP_FEMALE_INFERTILITY,HP_FEMALE_INFERTILITY] was killed by [HP_INFERTILITY,HP_INFERTILITY]
[HP_INCREASED_INTRACRANIAL_PRESSURE,HP_INCREASED_INTRACRANIAL_PRESSURE] was killed by [HP_BENIGN_NEOPLASM_OF_THE_CENTRAL_NERVOUS_SYSTEM,HP_BENIGN_NEOPLASM_OF_THE_CENTRAL_NERVOUS_SYSTEM]
[HP_NEOPLASM_OF_THE_NERVOUS_SYSTEM,HP_NEOPLASM_OF_THE_NERVOUS_SYSTEM] was killed by [HP_ABNORMALITY_OF_THE_MITOCHONDRION,HP_ABNORMALITY_OF_THE_MITOCHONDRION]
[HP_RETINAL_TELANGIECTASIA,HP_RETINAL_TELANGIECTASIA] was killed by [HP_ABNORMALITY_OF_THE_MITOCHONDRION,HP_ABNORMALITY_OF_THE_MITOCHONDRION]
[HP_ACUTE_MYELOID_LEUKEMIA,HP_ACUTE_MYELOID_LEUKEMIA] was killed by [HP_THROMBOCYTOSIS,HP_THROMBOCYTOSIS]
[HP_NEOPLASM_OF_THE_RECTUM,HP_NEOPLASM_OF_THE_RECTUM] was killed by [HP_BENIGN_NEOPLASM_OF_THE_CENTRAL_NERVOUS_SYSTEM,HP_BENIGN_NEOPLASM_OF_THE_CENTRAL_NERVOUS_SYSTEM]
[HP_ABNORMALITY_OF_THE_WING_OF_THE_ILIUM,HP_ABNORMALITY_OF_THE_WING_OF_THE_ILIUM] was killed by [HP_DEEPLY_SET_EYE,HP_DEEPLY_SET_EYE]
[HP_GASTROINTESTINAL_CARCINOMA,HP_GASTROINTESTINAL_CARCINOMA] was killed by [HP_THROMBOCYTOSIS,HP_THROMBOCYTOSIS]
[HP_SLENDER_LONG_BONE,HP_SLENDER_LONG_BONE] was killed by [HP_DEEPLY_SET_EYE,HP_DEEPLY_SET_EYE]
[HP_VERTIGO,HP_VERTIGO] was killed by [HP_THROMBOCYTOSIS,HP_THROMBOCYTOSIS]
[HP_POOR_HEAD_CONTROL,HP_POOR_HEAD_CONTROL] was killed by [HP_ABNORMALITY_OF_THE_MITOCHONDRION,HP_ABNORMALITY_OF_THE_MITOCHONDRION]
[HP_APLASIA_HYPOPLASIA_OF_THE_EAR,HP_APLASIA_HYPOPLASIA_OF_THE_EAR] was killed by [HP_ABNORMALITY_OF_THE_MITOCHONDRION,HP_ABNORMALITY_OF_THE_MITOCHONDRION]
[HP_CENTROCECAL_SCOTOMA,HP_CENTROCECAL_SCOTOMA] was killed by [HP_ABNORMALITY_OF_THE_MITOCHONDRION,HP_ABNORMALITY_OF_THE_MITOCHONDRION]
[HP_HAMARTOMA_OF_THE_EYE,HP_HAMARTOMA_OF_THE_EYE] was killed by [HP_BENIGN_NEOPLASM_OF_THE_CENTRAL_NERVOUS_SYSTEM,HP_BENIGN_NEOPLASM_OF_THE_CENTRAL_NERVOUS_SYSTEM]
[HP_RENAL_DYSPLASIA,HP_RENAL_DYSPLASIA] was killed by [HP_INFERTILITY,HP_INFERTILITY]
[HP_FETAL_DISTRESS,HP_FETAL_DISTRESS] was killed by [HP_ABNORMALITY_OF_THE_MITOCHONDRION,HP_ABNORMALITY_OF_THE_MITOCHONDRION]
[HP_NEOPLASM_OF_THE_EYE,HP_NEOPLASM_OF_THE_EYE] was killed by [HP_BENIGN_NEOPLASM_OF_THE_CENTRAL_NERVOUS_SYSTEM,HP_BENIGN_NEOPLASM_OF_THE_CENTRAL_NERVOUS_SYSTEM]
[HP_NEOPLASM_OF_THE_LARGE_INTESTINE,HP_NEOPLASM_OF_THE_LARGE_INTESTINE] was killed by [HP_THROMBOCYTOSIS,HP_THROMBOCYTOSIS]
[HP_SPASTIC_PARAPLEGIA,HP_SPASTIC_PARAPLEGIA] was killed by [HP_ABNORMALITY_OF_THE_MITOCHONDRION,HP_ABNORMALITY_OF_THE_MITOCHONDRION]
[HP_COLORECTAL_POLYPOSIS,HP_COLORECTAL_POLYPOSIS] was killed by [HP_BENIGN_NEOPLASM_OF_THE_CENTRAL_NERVOUS_SYSTEM,HP_BENIGN_NEOPLASM_OF_THE_CENTRAL_NERVOUS_SYSTEM]
[HP_SUPERNUMERARY_NIPPLE,HP_SUPERNUMERARY_NIPPLE] was killed by [HP_DEEPLY_SET_EYE,HP_DEEPLY_SET_EYE]
[HP_TELANGIECTASIA,HP_TELANGIECTASIA] was killed by [HP_BENIGN_NEOPLASM_OF_THE_CENTRAL_NERVOUS_SYSTEM,HP_BENIGN_NEOPLASM_OF_THE_CENTRAL_NERVOUS_SYSTEM]
[HP_ERYTHROID_HYPOPLASIA,HP_ERYTHROID_HYPOPLASIA] was killed by [HP_THROMBOCYTOSIS,HP_THROMBOCYTOSIS]
[HP_PURE_RED_CELL_APLASIA,HP_PURE_RED_CELL_APLASIA] was killed by [HP_THROMBOCYTOSIS,HP_THROMBOCYTOSIS]
[HP_DIMINISHED_MOTIVATION,HP_DIMINISHED_MOTIVATION] was killed by [HP_ABNORMALITY_OF_THE_MITOCHONDRION,HP_ABNORMALITY_OF_THE_MITOCHONDRION]
[HP_PROMINENT_NASAL_BRIDGE,HP_PROMINENT_NASAL_BRIDGE] was killed by [HP_ABNORMALITY_OF_THE_MITOCHONDRION,HP_ABNORMALITY_OF_THE_MITOCHONDRION]
[HP_DECREASED_FERTILITY_IN_FEMALES,HP_DECREASED_FERTILITY_IN_FEMALES] was killed by [HP_ABNORMALITY_OF_THE_MITOCHONDRION,HP_ABNORMALITY_OF_THE_MITOCHONDRION]
[HP_CHRONIC_RHINITIS,HP_CHRONIC_RHINITIS] was killed by [HP_INFERTILITY,HP_INFERTILITY]
[HP_RENAL_CELL_CARCINOMA,HP_RENAL_CELL_CARCINOMA] was killed by [HP_INFERTILITY,HP_INFERTILITY]
[HP_PARAGANGLIOMA,HP_PARAGANGLIOMA] was killed by [HP_BENIGN_NEOPLASM_OF_THE_CENTRAL_NERVOUS_SYSTEM,HP_BENIGN_NEOPLASM_OF_THE_CENTRAL_NERVOUS_SYSTEM]
[HP_SOMATIC_MUTATION,HP_SOMATIC_MUTATION] was killed by [HP_ABNORMALITY_OF_THE_MITOCHONDRION,HP_ABNORMALITY_OF_THE_MITOCHONDRION]
[HP_ABNORMALITY_OF_MIDBRAIN_MORPHOLOGY,HP_ABNORMALITY_OF_MIDBRAIN_MORPHOLOGY] was killed by [HP_ABNORMALITY_OF_THE_MITOCHONDRION,HP_ABNORMALITY_OF_THE_MITOCHONDRION]
[HP_SUPERNUMERARY_SPLEENS,HP_SUPERNUMERARY_SPLEENS] was killed by [HP_ABNORMALITY_OF_THE_MITOCHONDRION,HP_ABNORMALITY_OF_THE_MITOCHONDRION]
[HP_RETINAL_HAMARTOMA,HP_RETINAL_HAMARTOMA] was killed by [HP_BENIGN_NEOPLASM_OF_THE_CENTRAL_NERVOUS_SYSTEM,HP_BENIGN_NEOPLASM_OF_THE_CENTRAL_NERVOUS_SYSTEM]
[HP_ABNORMALITY_OF_THE_THENAR_EMINENCE,HP_ABNORMALITY_OF_THE_THENAR_EMINENCE] was killed by [HP_THROMBOCYTOSIS,HP_THROMBOCYTOSIS]
[HP_PHEOCHROMOCYTOMA,HP_PHEOCHROMOCYTOMA] was killed by [HP_BENIGN_NEOPLASM_OF_THE_CENTRAL_NERVOUS_SYSTEM,HP_BENIGN_NEOPLASM_OF_THE_CENTRAL_NERVOUS_SYSTEM]
[HP_GASTROPARESIS,HP_GASTROPARESIS] was killed by [HP_ABNORMALITY_OF_THE_MITOCHONDRION,HP_ABNORMALITY_OF_THE_MITOCHONDRION]
[HP_CONGENITAL_HEPATIC_FIBROSIS,HP_CONGENITAL_HEPATIC_FIBROSIS] was killed by [HP_SLOPING_FOREHEAD,HP_SLOPING_FOREHEAD]
[HP_ACIDEMIA,HP_ACIDEMIA] was killed by [HP_ABNORMALITY_OF_THE_MITOCHONDRION,HP_ABNORMALITY_OF_THE_MITOCHONDRION]
[HP_DISTAL_SENSORY_IMPAIRMENT,HP_DISTAL_SENSORY_IMPAIRMENT] was killed by [HP_MOTOR_NEURON_ATROPHY,HP_MOTOR_NEURON_ATROPHY]
[HP_ABSENT_EPIPHYSES,HP_ABSENT_EPIPHYSES] was killed by [HP_RECURRENT_LOWER_RESPIRATORY_TRACT_INFECTIONS,HP_RECURRENT_LOWER_RESPIRATORY_TRACT_INFECTIONS]
[HP_PANCYTOPENIA,HP_PANCYTOPENIA] was killed by [HP_ABNORMALITY_OF_THE_MITOCHONDRION,HP_ABNORMALITY_OF_THE_MITOCHONDRION]
[HP_RETINAL_VASCULAR_TORTUOSITY,HP_RETINAL_VASCULAR_TORTUOSITY] was killed by [HP_ABNORMALITY_OF_THE_MITOCHONDRION,HP_ABNORMALITY_OF_THE_MITOCHONDRION]
[HP_INTELLECTUAL_DISABILITY_BORDERLINE,HP_INTELLECTUAL_DISABILITY_BORDERLINE] was killed by [HP_INFERTILITY,HP_INFERTILITY]
[HP_BRAIN_STEM_COMPRESSION,HP_BRAIN_STEM_COMPRESSION] was killed by [HP_BENIGN_NEOPLASM_OF_THE_CENTRAL_NERVOUS_SYSTEM,HP_BENIGN_NEOPLASM_OF_THE_CENTRAL_NERVOUS_SYSTEM]
[HP_ABNORMAL_HEMOGLOBIN,HP_ABNORMAL_HEMOGLOBIN] was killed by [HP_THROMBOCYTOSIS,HP_THROMBOCYTOSIS]
[HP_INTESTINAL_MALROTATION,HP_INTESTINAL_MALROTATION] was killed by [HP_ABNORMALITY_OF_THE_MITOCHONDRION,HP_ABNORMALITY_OF_THE_MITOCHONDRION]
[HP_ABNORMAL_ERYTHROCYTE_ENZYME_LEVEL,HP_ABNORMAL_ERYTHROCYTE_ENZYME_LEVEL] was killed by [HP_THROMBOCYTOSIS,HP_THROMBOCYTOSIS]
[HP_SPRENGEL_ANOMALY,HP_SPRENGEL_ANOMALY] was killed by [HP_THROMBOCYTOSIS,HP_THROMBOCYTOSIS]
[HP_VOCAL_CORD_PARALYSIS,HP_VOCAL_CORD_PARALYSIS] was killed by [HP_BENIGN_NEOPLASM_OF_THE_CENTRAL_NERVOUS_SYSTEM,HP_BENIGN_NEOPLASM_OF_THE_CENTRAL_NERVOUS_SYSTEM]
[HP_MENINGIOMA,HP_MENINGIOMA] was killed by [HP_BENIGN_NEOPLASM_OF_THE_CENTRAL_NERVOUS_SYSTEM,HP_BENIGN_NEOPLASM_OF_THE_CENTRAL_NERVOUS_SYSTEM]
[HP_ABNORMAL_SPERM_MOTILITY,HP_ABNORMAL_SPERM_MOTILITY] was killed by [HP_ABNORMALITY_OF_THE_MITOCHONDRION,HP_ABNORMALITY_OF_THE_MITOCHONDRION]
[HP_RECURRENT_MYCOBACTERIAL_INFECTIONS,HP_RECURRENT_MYCOBACTERIAL_INFECTIONS] was killed by [HP_INFERTILITY,HP_INFERTILITY]
[HP_NORMOCHROMIC_ANEMIA,HP_NORMOCHROMIC_ANEMIA] was killed by [HP_THROMBOCYTOSIS,HP_THROMBOCYTOSIS]
[HP_GLOMERULAR_SCLEROSIS,HP_GLOMERULAR_SCLEROSIS] was killed by [HP_ABNORMALITY_OF_THE_MITOCHONDRION,HP_ABNORMALITY_OF_THE_MITOCHONDRION]
[HP_ABNORMALITY_OF_CHROMOSOME_STABILITY,HP_ABNORMALITY_OF_CHROMOSOME_STABILITY] was killed by [HP_SLOPING_FOREHEAD,HP_SLOPING_FOREHEAD]
[HP_PSYCHOGENIC_NON_EPILEPTIC_SEIZURE,HP_PSYCHOGENIC_NON_EPILEPTIC_SEIZURE] was killed by [HP_INFERTILITY,HP_INFERTILITY]
[HP_TRIPHALANGEAL_THUMB,HP_TRIPHALANGEAL_THUMB] was killed by [HP_ABNORMALITY_OF_THE_MITOCHONDRION,HP_ABNORMALITY_OF_THE_MITOCHONDRION]
[HP_TYPE_I_DIABETES_MELLITUS,HP_TYPE_I_DIABETES_MELLITUS] was killed by [HP_ABNORMALITY_OF_THE_MITOCHONDRION,HP_ABNORMALITY_OF_THE_MITOCHONDRION]
[HP_ABNORMAL_NIPPLE_MORPHOLOGY,HP_ABNORMAL_NIPPLE_MORPHOLOGY] was killed by [HP_DEEPLY_SET_EYE,HP_DEEPLY_SET_EYE]
[HP_RETINAL_ARTERIAL_TORTUOSITY,HP_RETINAL_ARTERIAL_TORTUOSITY] was killed by [HP_ABNORMALITY_OF_THE_MITOCHONDRION,HP_ABNORMALITY_OF_THE_MITOCHONDRION]
[HP_EPISODIC_HYPERHIDROSIS,HP_EPISODIC_HYPERHIDROSIS] was killed by [HP_BENIGN_NEOPLASM_OF_THE_CENTRAL_NERVOUS_SYSTEM,HP_BENIGN_NEOPLASM_OF_THE_CENTRAL_NERVOUS_SYSTEM]
[HP_MYOCLONIC_SPASMS,HP_MYOCLONIC_SPASMS] was killed by [HP_BENIGN_NEOPLASM_OF_THE_CENTRAL_NERVOUS_SYSTEM,HP_BENIGN_NEOPLASM_OF_THE_CENTRAL_NERVOUS_SYSTEM]
[HP_ABNORMAL_CARTILAGE_MORPHOLOGY,HP_ABNORMAL_CARTILAGE_MORPHOLOGY] was killed by [HP_EPIPHYSEAL_DYSPLASIA,HP_EPIPHYSEAL_DYSPLASIA]
[HP_FACIAL_DIPLEGIA,HP_FACIAL_DIPLEGIA] was killed by [HP_ABNORMALITY_OF_THE_MITOCHONDRION,HP_ABNORMALITY_OF_THE_MITOCHONDRION]
[HP_ACUTE_LEUKEMIA,HP_ACUTE_LEUKEMIA] was killed by [HP_ABNORMALITY_OF_THE_MITOCHONDRION,HP_ABNORMALITY_OF_THE_MITOCHONDRION]
[HP_ASTIGMATISM,HP_ASTIGMATISM] was killed by [HP_SLOPING_FOREHEAD,HP_SLOPING_FOREHEAD]
[HP_HYPOPLASTIC_FEMALE_EXTERNAL_GENITALIA,HP_HYPOPLASTIC_FEMALE_EXTERNAL_GENITALIA] was killed by [HP_INFERTILITY,HP_INFERTILITY]
[HP_ABNORMAL_ENDOCARDIUM_MORPHOLOGY,HP_ABNORMAL_ENDOCARDIUM_MORPHOLOGY] was killed by [HP_ABNORMALITY_OF_IMMUNE_SERUM_PROTEIN_PHYSIOLOGY,HP_ABNORMALITY_OF_IMMUNE_SERUM_PROTEIN_PHYSIOLOGY]
[HP_PERIPHERAL_ARTERIAL_STENOSIS,HP_PERIPHERAL_ARTERIAL_STENOSIS] was killed by [HP_THROMBOCYTOSIS,HP_THROMBOCYTOSIS]
[HP_ABNORMAL_SENSORY_NERVE_CONDUCTION_VELOCITY,HP_ABNORMAL_SENSORY_NERVE_CONDUCTION_VELOCITY] was killed by [HP_ABNORMALITY_OF_THE_MITOCHONDRION,HP_ABNORMALITY_OF_THE_MITOCHONDRION]
[HP_ABNORMAL_CONSUMPTION_BEHAVIOR,HP_ABNORMAL_CONSUMPTION_BEHAVIOR] was killed by [HP_INFERTILITY,HP_INFERTILITY]
[HP_PROGRESSIVE_NEUROLOGIC_DETERIORATION,HP_PROGRESSIVE_NEUROLOGIC_DETERIORATION] was killed by [HP_ABNORMALITY_OF_THE_MITOCHONDRION,HP_ABNORMALITY_OF_THE_MITOCHONDRION]
[HP_DICARBOXYLIC_ACIDURIA,HP_DICARBOXYLIC_ACIDURIA] was killed by [HP_ABNORMALITY_OF_THE_MITOCHONDRION,HP_ABNORMALITY_OF_THE_MITOCHONDRION]
[HP_ELEVATED_RED_CELL_ADENOSINE_DEAMINASE_LEVEL,HP_ELEVATED_RED_CELL_ADENOSINE_DEAMINASE_LEVEL] was killed by [HP_THROMBOCYTOSIS,HP_THROMBOCYTOSIS]
[HP_CHRONIC_OTITIS_MEDIA,HP_CHRONIC_OTITIS_MEDIA] was killed by [HP_INFERTILITY,HP_INFERTILITY]
[HP_ABNORMALITY_OF_THE_CHOANAE,HP_ABNORMALITY_OF_THE_CHOANAE] was killed by [HP_ABNORMALITY_OF_THE_MITOCHONDRION,HP_ABNORMALITY_OF_THE_MITOCHONDRION]
[HP_CONGENITAL_MALFORMATION_OF_THE_RIGHT_HEART,HP_CONGENITAL_MALFORMATION_OF_THE_RIGHT_HEART] was killed by [HP_ABNORMALITY_OF_THE_MITOCHONDRION,HP_ABNORMALITY_OF_THE_MITOCHONDRION]
[HP_ABNORMAL_CIRCULATING_CARBOHYDRATE_CONCENTRATION,HP_ABNORMAL_CIRCULATING_CARBOHYDRATE_CONCENTRATION] was killed by [HP_ABNORMALITY_OF_THE_MITOCHONDRION,HP_ABNORMALITY_OF_THE_MITOCHONDRION]
[HP_IMPAIRED_SOCIAL_INTERACTIONS,HP_IMPAIRED_SOCIAL_INTERACTIONS] was killed by [HP_ABNORMALITY_OF_THE_MITOCHONDRION,HP_ABNORMALITY_OF_THE_MITOCHONDRION]
[HP_ANNULAR_PANCREAS,HP_ANNULAR_PANCREAS] was killed by [HP_DEEPLY_SET_EYE,HP_DEEPLY_SET_EYE]
[HP_MULTIPLE_CAFE_AU_LAIT_SPOTS,HP_MULTIPLE_CAFE_AU_LAIT_SPOTS] was killed by [HP_SLOPING_FOREHEAD,HP_SLOPING_FOREHEAD]
[HP_ENDOCARDITIS,HP_ENDOCARDITIS] was killed by [HP_ABNORMALITY_OF_IMMUNE_SERUM_PROTEIN_PHYSIOLOGY,HP_ABNORMALITY_OF_IMMUNE_SERUM_PROTEIN_PHYSIOLOGY]
[HP_SMOOTH_PHILTRUM,HP_SMOOTH_PHILTRUM] was killed by [HP_INFERTILITY,HP_INFERTILITY]
[HP_APLASIA_HYPOPLASIA_OF_THE_SPLEEN,HP_APLASIA_HYPOPLASIA_OF_THE_SPLEEN] was killed by [HP_ABNORMALITY_OF_THE_MITOCHONDRION,HP_ABNORMALITY_OF_THE_MITOCHONDRION]
[HP_SLOW_DECREASE_IN_VISUAL_ACUITY,HP_SLOW_DECREASE_IN_VISUAL_ACUITY] was killed by [HP_ABNORMALITY_OF_THE_MITOCHONDRION,HP_ABNORMALITY_OF_THE_MITOCHONDRION]
[HP_NEUROENDOCRINE_NEOPLASM,HP_NEUROENDOCRINE_NEOPLASM] was killed by [HP_BENIGN_NEOPLASM_OF_THE_CENTRAL_NERVOUS_SYSTEM,HP_BENIGN_NEOPLASM_OF_THE_CENTRAL_NERVOUS_SYSTEM]
[HP_PRODUCTIVE_COUGH,HP_PRODUCTIVE_COUGH] was killed by [HP_ABNORMALITY_OF_THE_MITOCHONDRION,HP_ABNORMALITY_OF_THE_MITOCHONDRION]
[HP_RENAL_SALT_WASTING,HP_RENAL_SALT_WASTING] was killed by [HP_RECURRENT_LOWER_RESPIRATORY_TRACT_INFECTIONS,HP_RECURRENT_LOWER_RESPIRATORY_TRACT_INFECTIONS]
[HP_ABSENT_THUMB,HP_ABSENT_THUMB] was killed by [HP_THROMBOCYTOSIS,HP_THROMBOCYTOSIS]
[HP_ABNORMAL_URINE_MAGNESIUM_CONCENTRATION,HP_ABNORMAL_URINE_MAGNESIUM_CONCENTRATION] was killed by [HP_HYPOTENSION,HP_HYPOTENSION]
[HP_HYPERTENSION_ASSOCIATED_WITH_PHEOCHROMOCYTOMA,HP_HYPERTENSION_ASSOCIATED_WITH_PHEOCHROMOCYTOMA] was killed by [HP_BENIGN_NEOPLASM_OF_THE_CENTRAL_NERVOUS_SYSTEM,HP_BENIGN_NEOPLASM_OF_THE_CENTRAL_NERVOUS_SYSTEM]
[HP_PALMAR_HYPERKERATOSIS,HP_PALMAR_HYPERKERATOSIS] was killed by [HP_ONYCHOGRYPOSIS,HP_ONYCHOGRYPOSIS]
[HP_DEATH_IN_CHILDHOOD,HP_DEATH_IN_CHILDHOOD] was killed by [HP_ABNORMALITY_OF_THE_MITOCHONDRION,HP_ABNORMALITY_OF_THE_MITOCHONDRION]
[HP_OPTIC_NEUROPATHY,HP_OPTIC_NEUROPATHY] was killed by [HP_ABNORMALITY_OF_THE_MITOCHONDRION,HP_ABNORMALITY_OF_THE_MITOCHONDRION]
[HP_ABNORMAL_NUMBER_OF_ERYTHROID_PRECURSORS,HP_ABNORMAL_NUMBER_OF_ERYTHROID_PRECURSORS] was killed by [HP_THROMBOCYTOSIS,HP_THROMBOCYTOSIS]
[HP_ABNORMAL_NERVE_CONDUCTION_VELOCITY,HP_ABNORMAL_NERVE_CONDUCTION_VELOCITY] was killed by [HP_INFERTILITY,HP_INFERTILITY]
[HP_HEPATIC_FIBROSIS,HP_HEPATIC_FIBROSIS] was killed by [HP_SLOPING_FOREHEAD,HP_SLOPING_FOREHEAD]
[HP_RECURRENT_PAROXYSMAL_HEADACHE,HP_RECURRENT_PAROXYSMAL_HEADACHE] was killed by [HP_ABNORMALITY_OF_THE_MITOCHONDRION,HP_ABNORMALITY_OF_THE_MITOCHONDRION]
[HP_SARCOMA,HP_SARCOMA] was killed by [HP_THROMBOCYTOSIS,HP_THROMBOCYTOSIS]
[HP_INCREASED_CIRCULATING_PROLACTIN_CONCENTRATION,HP_INCREASED_CIRCULATING_PROLACTIN_CONCENTRATION] was killed by [HP_BENIGN_NEOPLASM_OF_THE_CENTRAL_NERVOUS_SYSTEM,HP_BENIGN_NEOPLASM_OF_THE_CENTRAL_NERVOUS_SYSTEM]
[HP_ADENOMA_SEBACEUM,HP_ADENOMA_SEBACEUM] was killed by [HP_BENIGN_NEOPLASM_OF_THE_CENTRAL_NERVOUS_SYSTEM,HP_BENIGN_NEOPLASM_OF_THE_CENTRAL_NERVOUS_SYSTEM]
[HP_METAPHYSEAL_WIDENING,HP_METAPHYSEAL_WIDENING] was killed by [HP_ABNORMAL_RENAL_MEDULLA_MORPHOLOGY,HP_ABNORMAL_RENAL_MEDULLA_MORPHOLOGY]
[HP_FEMALE_SEXUAL_DYSFUNCTION,HP_FEMALE_SEXUAL_DYSFUNCTION] was killed by [HP_INFERTILITY,HP_INFERTILITY]
[HP_ABNORMAL_NEUTROPHIL_COUNT,HP_ABNORMAL_NEUTROPHIL_COUNT] was killed by [HP_INFERTILITY,HP_INFERTILITY]
[HP_ABNORMALITY_OF_THE_SEPTUM_PELLUCIDUM,HP_ABNORMALITY_OF_THE_SEPTUM_PELLUCIDUM] was killed by [HP_DEEPLY_SET_EYE,HP_DEEPLY_SET_EYE]
[HP_ABNORMAL_HYPOTHALAMUS_MORPHOLOGY,HP_ABNORMAL_HYPOTHALAMUS_MORPHOLOGY] was killed by [HP_SLOPING_FOREHEAD,HP_SLOPING_FOREHEAD]
[HP_ADRENAL_OVERACTIVITY,HP_ADRENAL_OVERACTIVITY] was killed by [HP_BENIGN_NEOPLASM_OF_THE_CENTRAL_NERVOUS_SYSTEM,HP_BENIGN_NEOPLASM_OF_THE_CENTRAL_NERVOUS_SYSTEM]
[HP_ARNOLD_CHIARI_TYPE_I_MALFORMATION,HP_ARNOLD_CHIARI_TYPE_I_MALFORMATION] was killed by [HP_BENIGN_NEOPLASM_OF_THE_CENTRAL_NERVOUS_SYSTEM,HP_BENIGN_NEOPLASM_OF_THE_CENTRAL_NERVOUS_SYSTEM]
[HP_HEMANGIOBLASTOMA,HP_HEMANGIOBLASTOMA] was killed by [HP_BENIGN_NEOPLASM_OF_THE_CENTRAL_NERVOUS_SYSTEM,HP_BENIGN_NEOPLASM_OF_THE_CENTRAL_NERVOUS_SYSTEM]
[HP_INCOMITANT_STRABISMUS,HP_INCOMITANT_STRABISMUS] was killed by [HP_DEEPLY_SET_EYE,HP_DEEPLY_SET_EYE]
[HP_ARACHNOID_HEMANGIOMATOSIS,HP_ARACHNOID_HEMANGIOMATOSIS] was killed by [HP_BENIGN_NEOPLASM_OF_THE_CENTRAL_NERVOUS_SYSTEM,HP_BENIGN_NEOPLASM_OF_THE_CENTRAL_NERVOUS_SYSTEM]
[HP_PROPORTIONATE_TALL_STATURE,HP_PROPORTIONATE_TALL_STATURE] was killed by [HP_BENIGN_NEOPLASM_OF_THE_CENTRAL_NERVOUS_SYSTEM,HP_BENIGN_NEOPLASM_OF_THE_CENTRAL_NERVOUS_SYSTEM]
[HP_NEOPLASM_OF_THE_PERIPHERAL_NERVOUS_SYSTEM,HP_NEOPLASM_OF_THE_PERIPHERAL_NERVOUS_SYSTEM] was killed by [HP_INFERTILITY,HP_INFERTILITY]
[HP_APLASIA_HYPOPLASIA_OF_THE_CAPITAL_FEMORAL_EPIPHYSIS,HP_APLASIA_HYPOPLASIA_OF_THE_CAPITAL_FEMORAL_EPIPHYSIS] was killed by [HP_EPIPHYSEAL_DYSPLASIA,HP_EPIPHYSEAL_DYSPLASIA]
[HP_CONICAL_INCISOR,HP_CONICAL_INCISOR] was killed by [HP_ONYCHOGRYPOSIS,HP_ONYCHOGRYPOSIS]
[HP_ABNORMAL_NEURON_MORPHOLOGY,HP_ABNORMAL_NEURON_MORPHOLOGY] was killed by [HP_ABNORMALITY_OF_THE_MITOCHONDRION,HP_ABNORMALITY_OF_THE_MITOCHONDRION]
[HP_SPASTIC_GAIT,HP_SPASTIC_GAIT] was killed by [HP_MOTOR_NEURON_ATROPHY,HP_MOTOR_NEURON_ATROPHY]
[HP_ABNORMAL_BRAIN_POSITRON_EMISSION_TOMOGRAPHY,HP_ABNORMAL_BRAIN_POSITRON_EMISSION_TOMOGRAPHY] was killed by [HP_BENIGN_NEOPLASM_OF_THE_CENTRAL_NERVOUS_SYSTEM,HP_BENIGN_NEOPLASM_OF_THE_CENTRAL_NERVOUS_SYSTEM]
[HP_POINTED_CHIN,HP_POINTED_CHIN] was killed by [HP_DEEPLY_SET_EYE,HP_DEEPLY_SET_EYE]
[HP_PROMINENT_NOSE,HP_PROMINENT_NOSE] was killed by [HP_ABNORMALITY_OF_THE_MITOCHONDRION,HP_ABNORMALITY_OF_THE_MITOCHONDRION]
[HP_CNS_HYPOMYELINATION,HP_CNS_HYPOMYELINATION] was killed by [HP_INFERTILITY,HP_INFERTILITY]
[HP_INCREASED_SERUM_PYRUVATE,HP_INCREASED_SERUM_PYRUVATE] was killed by [HP_ABNORMALITY_OF_THE_MITOCHONDRION,HP_ABNORMALITY_OF_THE_MITOCHONDRION]
[HP_OPEN_MOUTH,HP_OPEN_MOUTH] was killed by [HP_ABNORMALITY_OF_THE_MITOCHONDRION,HP_ABNORMALITY_OF_THE_MITOCHONDRION]
[HP_PAIN_IN_HEAD_AND_NECK_REGION,HP_PAIN_IN_HEAD_AND_NECK_REGION] was killed by [HP_BENIGN_NEOPLASM_OF_THE_CENTRAL_NERVOUS_SYSTEM,HP_BENIGN_NEOPLASM_OF_THE_CENTRAL_NERVOUS_SYSTEM]
[HP_LISSENCEPHALY,HP_LISSENCEPHALY] was killed by [HP_INFERTILITY,HP_INFERTILITY]
[HP_MUSCLE_ABNORMALITY_RELATED_TO_MITOCHONDRIAL_DYSFUNCTION,HP_MUSCLE_ABNORMALITY_RELATED_TO_MITOCHONDRIAL_DYSFUNCTION] was killed by [HP_ABNORMALITY_OF_THE_MITOCHONDRION,HP_ABNORMALITY_OF_THE_MITOCHONDRION]
[HP_DECREASED_CIRCULATING_ALDOSTERONE_LEVEL,HP_DECREASED_CIRCULATING_ALDOSTERONE_LEVEL] was killed by [HP_HYPOTENSION,HP_HYPOTENSION]
[HP_PARALYSIS,HP_PARALYSIS] was killed by [HP_BENIGN_NEOPLASM_OF_THE_CENTRAL_NERVOUS_SYSTEM,HP_BENIGN_NEOPLASM_OF_THE_CENTRAL_NERVOUS_SYSTEM]
[HP_DECREASED_ACTIVITY_OF_MITOCHONDRIAL_COMPLEX_IV,HP_DECREASED_ACTIVITY_OF_MITOCHONDRIAL_COMPLEX_IV] was killed by [HP_ABNORMALITY_OF_THE_MITOCHONDRION,HP_ABNORMALITY_OF_THE_MITOCHONDRION]
[HP_ABNORMAL_SPERM_TAIL_MORPHOLOGY,HP_ABNORMAL_SPERM_TAIL_MORPHOLOGY] was killed by [HP_INFERTILITY,HP_INFERTILITY]
[HP_PROMINENT_DIGIT_PAD,HP_PROMINENT_DIGIT_PAD] was killed by [HP_DEEPLY_SET_EYE,HP_DEEPLY_SET_EYE]
[HP_ABNORMAL_CENTRAL_SENSORY_FUNCTION,HP_ABNORMAL_CENTRAL_SENSORY_FUNCTION] was killed by [HP_BENIGN_NEOPLASM_OF_THE_CENTRAL_NERVOUS_SYSTEM,HP_BENIGN_NEOPLASM_OF_THE_CENTRAL_NERVOUS_SYSTEM]
[HP_SECONDARY_GROWTH_HORMONE_DEFICIENCY,HP_SECONDARY_GROWTH_HORMONE_DEFICIENCY] was killed by [HP_BENIGN_NEOPLASM_OF_THE_CENTRAL_NERVOUS_SYSTEM,HP_BENIGN_NEOPLASM_OF_THE_CENTRAL_NERVOUS_SYSTEM]
[HP_CEREBRAL_HYPOPLASIA,HP_CEREBRAL_HYPOPLASIA] was killed by [HP_SLOPING_FOREHEAD,HP_SLOPING_FOREHEAD]
[HP_WIDE_MOUTH,HP_WIDE_MOUTH] was killed by [HP_ABNORMALITY_OF_THE_MITOCHONDRION,HP_ABNORMALITY_OF_THE_MITOCHONDRION]
[HP_ECTOPIA_LENTIS,HP_ECTOPIA_LENTIS] was killed by [HP_EPIPHYSEAL_DYSPLASIA,HP_EPIPHYSEAL_DYSPLASIA]
[HP_VESTIBULAR_DYSFUNCTION,HP_VESTIBULAR_DYSFUNCTION] was killed by [HP_THROMBOCYTOSIS,HP_THROMBOCYTOSIS]
[HP_OVERLAPPING_TOE,HP_OVERLAPPING_TOE] was killed by [HP_DEEPLY_SET_EYE,HP_DEEPLY_SET_EYE]
[HP_PARTIAL_DUPLICATION_OF_THE_PHALANX_OF_HAND,HP_PARTIAL_DUPLICATION_OF_THE_PHALANX_OF_HAND] was killed by [HP_THROMBOCYTOSIS,HP_THROMBOCYTOSIS]
[HP_ABNORMAL_ANATOMIC_LOCATION_OF_THE_HEART,HP_ABNORMAL_ANATOMIC_LOCATION_OF_THE_HEART] was killed by [HP_ABNORMALITY_OF_THE_MITOCHONDRION,HP_ABNORMALITY_OF_THE_MITOCHONDRION]
[HP_ERYTHROCYTE_INCLUSION_BODIES,HP_ERYTHROCYTE_INCLUSION_BODIES] was killed by [HP_THROMBOCYTOSIS,HP_THROMBOCYTOSIS]
[HP_HETERONYMOUS_HEMIANOPIA,HP_HETERONYMOUS_HEMIANOPIA] was killed by [HP_BENIGN_NEOPLASM_OF_THE_CENTRAL_NERVOUS_SYSTEM,HP_BENIGN_NEOPLASM_OF_THE_CENTRAL_NERVOUS_SYSTEM]
[HP_ATRIAL_ARRHYTHMIA,HP_ATRIAL_ARRHYTHMIA] was killed by [HP_ABNORMALITY_OF_THE_MITOCHONDRION,HP_ABNORMALITY_OF_THE_MITOCHONDRION]
[HP_ABNORMAL_SERUM_INTERLEUKIN_LEVEL,HP_ABNORMAL_SERUM_INTERLEUKIN_LEVEL] was killed by [HP_RECURRENT_LOWER_RESPIRATORY_TRACT_INFECTIONS,HP_RECURRENT_LOWER_RESPIRATORY_TRACT_INFECTIONS]
[HP_ANGINA_PECTORIS,HP_ANGINA_PECTORIS] was killed by [HP_THROMBOCYTOSIS,HP_THROMBOCYTOSIS]
[HP_CHRONIC_LEUKEMIA,HP_CHRONIC_LEUKEMIA] was killed by [HP_THROMBOCYTOSIS,HP_THROMBOCYTOSIS]
[HP_INCREASED_SENSITIVITY_TO_IONIZING_RADIATION,HP_INCREASED_SENSITIVITY_TO_IONIZING_RADIATION] was killed by [HP_BENIGN_NEOPLASM_OF_THE_CENTRAL_NERVOUS_SYSTEM,HP_BENIGN_NEOPLASM_OF_THE_CENTRAL_NERVOUS_SYSTEM]
[HP_VENTRICULAR_TACHYCARDIA,HP_VENTRICULAR_TACHYCARDIA] was killed by [HP_INFERTILITY,HP_INFERTILITY]
[HP_SEX_REVERSAL,HP_SEX_REVERSAL] was killed by [HP_INFERTILITY,HP_INFERTILITY]
[HP_RHINITIS,HP_RHINITIS] was killed by [HP_ABNORMALITY_OF_THE_MITOCHONDRION,HP_ABNORMALITY_OF_THE_MITOCHONDRION]
[HP_X_LINKED_DOMINANT_INHERITANCE,HP_X_LINKED_DOMINANT_INHERITANCE] was killed by [HP_DEEPLY_SET_EYE,HP_DEEPLY_SET_EYE]
[HP_HAMARTOMA,HP_HAMARTOMA] was killed by [HP_BENIGN_NEOPLASM_OF_THE_CENTRAL_NERVOUS_SYSTEM,HP_BENIGN_NEOPLASM_OF_THE_CENTRAL_NERVOUS_SYSTEM]
[HP_DIABETES_INSIPIDUS,HP_DIABETES_INSIPIDUS] was killed by [HP_ABNORMALITY_OF_THE_MITOCHONDRION,HP_ABNORMALITY_OF_THE_MITOCHONDRION]
[HP_NEUROFIBROMAS,HP_NEUROFIBROMAS] was killed by [HP_BENIGN_NEOPLASM_OF_THE_CENTRAL_NERVOUS_SYSTEM,HP_BENIGN_NEOPLASM_OF_THE_CENTRAL_NERVOUS_SYSTEM]
[HP_ABNORMALITY_OF_DNA_REPAIR,HP_ABNORMALITY_OF_DNA_REPAIR] was killed by [HP_SLOPING_FOREHEAD,HP_SLOPING_FOREHEAD]
[HP_HYPOPLASTIC_ILIAC_WING,HP_HYPOPLASTIC_ILIAC_WING] was killed by [HP_DEEPLY_SET_EYE,HP_DEEPLY_SET_EYE]
[HP_BIPARIETAL_NARROWING,HP_BIPARIETAL_NARROWING] was killed by [HP_ABNORMALITY_OF_THE_MITOCHONDRION,HP_ABNORMALITY_OF_THE_MITOCHONDRION]
[HP_SHAWL_SCROTUM,HP_SHAWL_SCROTUM] was killed by [HP_DEEPLY_SET_EYE,HP_DEEPLY_SET_EYE]
[HP_AXONAL_DEGENERATION,HP_AXONAL_DEGENERATION] was killed by [HP_MOTOR_NEURON_ATROPHY,HP_MOTOR_NEURON_ATROPHY]
[HP_ABNORMAL_LIBIDO,HP_ABNORMAL_LIBIDO] was killed by [HP_INFERTILITY,HP_INFERTILITY]
[HP_OPISTHOTONUS,HP_OPISTHOTONUS] was killed by [HP_SLOPING_FOREHEAD,HP_SLOPING_FOREHEAD]
[HP_ABNORMAL_BREATH_SOUND,HP_ABNORMAL_BREATH_SOUND] was killed by [HP_INFERTILITY,HP_INFERTILITY]
[HP_NON_CONVULSIVE_STATUS_EPILEPTICUS_WITHOUT_COMA,HP_NON_CONVULSIVE_STATUS_EPILEPTICUS_WITHOUT_COMA] was killed by [HP_BENIGN_NEOPLASM_OF_THE_CENTRAL_NERVOUS_SYSTEM,HP_BENIGN_NEOPLASM_OF_THE_CENTRAL_NERVOUS_SYSTEM]
[HP_ASTROCYTOMA,HP_ASTROCYTOMA] was killed by [HP_BENIGN_NEOPLASM_OF_THE_CENTRAL_NERVOUS_SYSTEM,HP_BENIGN_NEOPLASM_OF_THE_CENTRAL_NERVOUS_SYSTEM]
[HP_BARREL_SHAPED_CHEST,HP_BARREL_SHAPED_CHEST] was killed by [HP_EPIPHYSEAL_DYSPLASIA,HP_EPIPHYSEAL_DYSPLASIA]
[HP_HAMARTOMA_OF_TONGUE,HP_HAMARTOMA_OF_TONGUE] was killed by [HP_SLOPING_FOREHEAD,HP_SLOPING_FOREHEAD]
[HP_ABNORMAL_SERUM_INTERFERON_LEVEL,HP_ABNORMAL_SERUM_INTERFERON_LEVEL] was killed by [HP_ABNORMALITY_OF_IMMUNE_SERUM_PROTEIN_PHYSIOLOGY,HP_ABNORMALITY_OF_IMMUNE_SERUM_PROTEIN_PHYSIOLOGY]
[HP_ELEVATED_CALCITONIN,HP_ELEVATED_CALCITONIN] was killed by [HP_BENIGN_NEOPLASM_OF_THE_CENTRAL_NERVOUS_SYSTEM,HP_BENIGN_NEOPLASM_OF_THE_CENTRAL_NERVOUS_SYSTEM]
[HP_ABNORMAL_METABOLIC_BRAIN_IMAGING_BY_MRS,HP_ABNORMAL_METABOLIC_BRAIN_IMAGING_BY_MRS] was killed by [HP_ABNORMALITY_OF_THE_MITOCHONDRION,HP_ABNORMALITY_OF_THE_MITOCHONDRION]
[HP_ABNORMAL_LOWER_MOTOR_NEURON_MORPHOLOGY,HP_ABNORMAL_LOWER_MOTOR_NEURON_MORPHOLOGY] was killed by [HP_ABNORMALITY_OF_THE_MITOCHONDRION,HP_ABNORMALITY_OF_THE_MITOCHONDRION]
[HP_DEVELOPMENTAL_CATARACT,HP_DEVELOPMENTAL_CATARACT] was killed by [HP_ABNORMALITY_OF_THE_MITOCHONDRION,HP_ABNORMALITY_OF_THE_MITOCHONDRION]
[HP_AUTOIMMUNE_HEMOLYTIC_ANEMIA,HP_AUTOIMMUNE_HEMOLYTIC_ANEMIA] was killed by [HP_RECURRENT_LOWER_RESPIRATORY_TRACT_INFECTIONS,HP_RECURRENT_LOWER_RESPIRATORY_TRACT_INFECTIONS]
[HP_DECREASED_CIRCULATING_LUTEINIZING_HORMONE_LEVEL,HP_DECREASED_CIRCULATING_LUTEINIZING_HORMONE_LEVEL] was killed by [HP_BENIGN_NEOPLASM_OF_THE_CENTRAL_NERVOUS_SYSTEM,HP_BENIGN_NEOPLASM_OF_THE_CENTRAL_NERVOUS_SYSTEM]
[HP_OLIGODONTIA,HP_OLIGODONTIA] was killed by [HP_ONYCHOGRYPOSIS,HP_ONYCHOGRYPOSIS]
[HP_MALIGNANT_GENITOURINARY_TRACT_TUMOR,HP_MALIGNANT_GENITOURINARY_TRACT_TUMOR] was killed by [HP_THROMBOCYTOSIS,HP_THROMBOCYTOSIS]
[HP_ADENOCARCINOMA_OF_THE_LARGE_INTESTINE,HP_ADENOCARCINOMA_OF_THE_LARGE_INTESTINE] was killed by [HP_THROMBOCYTOSIS,HP_THROMBOCYTOSIS]
[HP_NORMOCYTIC_ANEMIA,HP_NORMOCYTIC_ANEMIA] was killed by [HP_THROMBOCYTOSIS,HP_THROMBOCYTOSIS]
[HP_HEREDITARY_NONPOLYPOSIS_COLORECTAL_CARCINOMA,HP_HEREDITARY_NONPOLYPOSIS_COLORECTAL_CARCINOMA] was killed by [HP_BENIGN_NEOPLASM_OF_THE_CENTRAL_NERVOUS_SYSTEM,HP_BENIGN_NEOPLASM_OF_THE_CENTRAL_NERVOUS_SYSTEM]
[HP_DISTAL_PERIPHERAL_SENSORY_NEUROPATHY,HP_DISTAL_PERIPHERAL_SENSORY_NEUROPATHY] was killed by [HP_ABNORMALITY_OF_THE_MITOCHONDRION,HP_ABNORMALITY_OF_THE_MITOCHONDRION]
[HP_ABNORMALITY_OF_BONE_MARROW_CELL_MORPHOLOGY,HP_ABNORMALITY_OF_BONE_MARROW_CELL_MORPHOLOGY] was killed by [HP_ABNORMALITY_OF_THE_MITOCHONDRION,HP_ABNORMALITY_OF_THE_MITOCHONDRION]
[HP_ABNORMAL_LABIA_MAJORA_MORPHOLOGY,HP_ABNORMAL_LABIA_MAJORA_MORPHOLOGY] was killed by [HP_ONYCHOGRYPOSIS,HP_ONYCHOGRYPOSIS]
[HP_PARTIAL_AGENESIS_OF_THE_CORPUS_CALLOSUM,HP_PARTIAL_AGENESIS_OF_THE_CORPUS_CALLOSUM] was killed by [HP_ABNORMAL_RENAL_MEDULLA_MORPHOLOGY,HP_ABNORMAL_RENAL_MEDULLA_MORPHOLOGY]
[HP_LEIOMYOSARCOMA,HP_LEIOMYOSARCOMA] was killed by [HP_BENIGN_NEOPLASM_OF_THE_CENTRAL_NERVOUS_SYSTEM,HP_BENIGN_NEOPLASM_OF_THE_CENTRAL_NERVOUS_SYSTEM]
[HP_MULTIPLE_EPIPHYSEAL_DYSPLASIA,HP_MULTIPLE_EPIPHYSEAL_DYSPLASIA] was killed by [HP_SLOPING_FOREHEAD,HP_SLOPING_FOREHEAD]
[HP_PALMOPLANTAR_BLISTERING,HP_PALMOPLANTAR_BLISTERING] was killed by [HP_ONYCHOGRYPOSIS,HP_ONYCHOGRYPOSIS]
[HP_UPPER_LIMB_HYPERTONIA,HP_UPPER_LIMB_HYPERTONIA] was killed by [HP_SLOPING_FOREHEAD,HP_SLOPING_FOREHEAD]
[HP_SPEECH_APRAXIA,HP_SPEECH_APRAXIA] was killed by [HP_DEEPLY_SET_EYE,HP_DEEPLY_SET_EYE]
[HP_CENTRAL_HYPOVENTILATION,HP_CENTRAL_HYPOVENTILATION] was killed by [HP_ABNORMALITY_OF_THE_MITOCHONDRION,HP_ABNORMALITY_OF_THE_MITOCHONDRION]
[HP_WIDE_CRANIAL_SUTURES,HP_WIDE_CRANIAL_SUTURES] was killed by [HP_HYPOTENSION,HP_HYPOTENSION]
[HP_AQUEDUCTAL_STENOSIS,HP_AQUEDUCTAL_STENOSIS] was killed by [HP_SLOPING_FOREHEAD,HP_SLOPING_FOREHEAD]
[HP_APLASIA_HYPOPLASIA_OF_THE_BREASTS,HP_APLASIA_HYPOPLASIA_OF_THE_BREASTS] was killed by [HP_ABNORMALITY_OF_THE_MITOCHONDRION,HP_ABNORMALITY_OF_THE_MITOCHONDRION]
[HP_ABSENT_SEPTUM_PELLUCIDUM,HP_ABSENT_SEPTUM_PELLUCIDUM] was killed by [HP_HYPOTENSION,HP_HYPOTENSION]
[HP_NEPHRONOPHTHISIS,HP_NEPHRONOPHTHISIS] was killed by [HP_ABNORMAL_RENAL_MEDULLA_MORPHOLOGY,HP_ABNORMAL_RENAL_MEDULLA_MORPHOLOGY]
[HP_PLANTAR_HYPERKERATOSIS,HP_PLANTAR_HYPERKERATOSIS] was killed by [HP_ONYCHOGRYPOSIS,HP_ONYCHOGRYPOSIS]
[HP_DELAYED_MYELINATION,HP_DELAYED_MYELINATION] was killed by [HP_SLOPING_FOREHEAD,HP_SLOPING_FOREHEAD]
[HP_STATUS_EPILEPTICUS_WITHOUT_PROMINENT_MOTOR_SYMPTOMS,HP_STATUS_EPILEPTICUS_WITHOUT_PROMINENT_MOTOR_SYMPTOMS] was killed by [HP_BENIGN_NEOPLASM_OF_THE_CENTRAL_NERVOUS_SYSTEM,HP_BENIGN_NEOPLASM_OF_THE_CENTRAL_NERVOUS_SYSTEM]
[HP_BREAST_HYPOPLASIA,HP_BREAST_HYPOPLASIA] was killed by [HP_INFERTILITY,HP_INFERTILITY]
[HP_NEOPLASM_OF_THE_COLON,HP_NEOPLASM_OF_THE_COLON] was killed by [HP_THROMBOCYTOSIS,HP_THROMBOCYTOSIS]
[HP_LEBER_OPTIC_ATROPHY,HP_LEBER_OPTIC_ATROPHY] was killed by [HP_ABNORMALITY_OF_THE_MITOCHONDRION,HP_ABNORMALITY_OF_THE_MITOCHONDRION]
[HP_VAGINAL_NEOPLASM,HP_VAGINAL_NEOPLASM] was killed by [HP_SLOPING_FOREHEAD,HP_SLOPING_FOREHEAD]
[HP_ABNORMAL_CELL_MORPHOLOGY,HP_ABNORMAL_CELL_MORPHOLOGY] was killed by [HP_ABNORMALITY_OF_THE_MITOCHONDRION,HP_ABNORMALITY_OF_THE_MITOCHONDRION]
[HP_TRIANGULAR_MOUTH,HP_TRIANGULAR_MOUTH] was killed by [HP_ONYCHOGRYPOSIS,HP_ONYCHOGRYPOSIS]
[HP_FINGERNAIL_DYSPLASIA,HP_FINGERNAIL_DYSPLASIA] was killed by [HP_ONYCHOGRYPOSIS,HP_ONYCHOGRYPOSIS]
[HP_UNILATERAL_RENAL_AGENESIS,HP_UNILATERAL_RENAL_AGENESIS] was killed by [HP_ABNORMALITY_OF_THE_MITOCHONDRION,HP_ABNORMALITY_OF_THE_MITOCHONDRION]
[HP_DEFECTIVE_DNA_REPAIR_AFTER_ULTRAVIOLET_RADIATION_DAMAGE,HP_DEFECTIVE_DNA_REPAIR_AFTER_ULTRAVIOLET_RADIATION_DAMAGE] was killed by [HP_DEEPLY_SET_EYE,HP_DEEPLY_SET_EYE]
[HP_CHROMOSOMAL_BREAKAGE_INDUCED_BY_IONIZING_RADIATION,HP_CHROMOSOMAL_BREAKAGE_INDUCED_BY_IONIZING_RADIATION] was killed by [HP_BENIGN_NEOPLASM_OF_THE_CENTRAL_NERVOUS_SYSTEM,HP_BENIGN_NEOPLASM_OF_THE_CENTRAL_NERVOUS_SYSTEM]
[HP_EPILEPTIC_ENCEPHALOPATHY,HP_EPILEPTIC_ENCEPHALOPATHY] was killed by [HP_SLOPING_FOREHEAD,HP_SLOPING_FOREHEAD]
[HP_CHROMOSOME_BREAKAGE,HP_CHROMOSOME_BREAKAGE] was killed by [HP_SLOPING_FOREHEAD,HP_SLOPING_FOREHEAD]
