Starting QoRTs v1.3.6 (Compiled Tue Sep 25 11:21:46 EDT 2018)
Starting time: (Wed Jan 26 16:11:46 PST 2022)
INPUT_COMMAND(QC)
  INPUT_ARG(infile)=bam/molm14_u_2.sort.bam
  INPUT_ARG(gtffile)=/data_gilbert/home/aarab/genomes/hg38/gencode.v34/gencode.v34.annotation.gtf
  INPUT_ARG(outdir)=iso/rawCts/molm14_u_2/
  INPUT_ARG(fr_secondStrand)=true
  INPUT_ARG(singleEnded)=true
  INPUT_ARG(nameSorted)=true
Created Log File: iso/rawCts/molm14_u_2//QC.j9IfRzf2BwuL.log
Warning: run-in-progress file "iso/rawCts/molm14_u_2//QC.QORTS_RUNNING" already exists. Is there another QoRTs job running?
Starting QC
[Time: 2022-01-26 16:11:46] [Mem usage: [33MB / 2147MB]] [Elapsed Time: 00:00:00.0000]
Deleting old "QORTS_COMPLETED_OK" file.
QoRTs is Running in single-end mode.
Note: read-sorting is irrelevant in single-ended mode.
No parameter --genomeFA found.
Running functions: CigarOpDistribution, GCDistribution, GeneCalcs, JunctionCalcs, NVC, 
        QualityScoreDistribution, StrandCheck, chromCounts, 
        cigarLocusCounts, readLengthDistro, writeBiotypeCounts, 
        writeClippedNVC, writeDESeq, writeDEXSeq, writeGeneBody, 
        writeGeneCounts, writeGenewiseGeneBody, 
        writeJunctionSeqCounts, writeKnownSplices, 
        writeNovelSplices, writeSpliceExon
Checking first 10000 reads. Checking SAM file for formatting errors...
   Stats on the first 10000 reads:
        Num Reads Primary Map:    2233
        Num Reads Paired-ended:   0
        Num Reads mapped pair:    0
        Num Pair names found:     0
        Num Pairs matched:        0
        Read Seq length:          51 to 51
        Unclipped Read length:    51 to 51
        Final maxReadLength:      51
        maxPhredScore:            41
        minPhredScore:            12
Done checking first 10000 reads. WARNINGS FOUND!
SAMRecord Reader Generated. Read length: 51.
[Time: 2022-01-26 16:11:48] [Mem usage: [92MB / 2969MB]] [Elapsed Time: 00:00:01.0403]
> Init GeneCalcs Utility
> Init NVC utility
> Init CigarOpDistribution Utility
> Init QualityScoreDistribution Utility
> Init GC counts Utility
> Init JunctionCalcs utility
Compiling flat feature annotation, internally in memory...
FlatteningGtf: starting...(2022-01-26 16:13:15)
    FlatteningGtf: gtf file read complete.(2022-01-26 16:14:20)
    FlatteningGtf: Splice Junction Map read.(2022-01-26 16:14:23)
    FlatteningGtf: gene Sets generated.(2022-01-26 16:14:25)
    FlatteningGtf: Aggregate Sets built.
    FlatteningGtf: Compiling Aggregate Info . . . (2022-01-26 16:14:25)
    FlatteningGtf: Finished Compiling Aggregate Info. (2022-01-26 16:14:25)
    FlatteningGtf: Iterating through the step-vector...(2022-01-26 16:14:25)
    FlatteningGtf: Adding the aggregate genes themselves...(2022-01-26 16:14:28)
    FlatteningGtf: Iterating through the splice junctions...(2022-01-26 16:14:28)
    FlatteningGtf: Sorting the aggregate genes...(2022-01-26 16:14:30)
    FlatteningGtf: Folding the FlatGtfLine iterator...(2022-01-26 16:14:30)
    FlatteningGtf: Features Built.(2022-01-26 16:14:30)
Internal flat feature annotation compiled!
length of knownSpliceMap after instantiation: 383646
length of knownCountMap after instantiation: 383646
> Init StrandCheck Utility
> Init chromCount Utility
> Init qcCigarLocusCounts Utility
> Init MinorUtils Utility
QC Utilities Generated!
[Time: 2022-01-26 16:14:36] [Mem usage: [3675MB / 10GB]] [Elapsed Time: 00:02:49.0476]
helper_calculateGeneAssignmentMap_strict. Found: 60669 genes in the supplied annotation.
helper_calculateGeneAssignmentMap_strict. Found: 18307 genes with ambiguous segments.
helper_calculateGeneAssignmentMap_strict. Found: 42362 genes after first-pass filtering
making makeGeneIntervalMap for geneBody calculations. Found: 42362 acceptable genes for gene-body analysis.
..........[1000000 Read-Pairs processed] [Time: 2022-01-26 16:15:44] 
..........[2000000 Read-Pairs processed] [Time: 2022-01-26 16:16:20] 
..........[3000000 Read-Pairs processed] [Time: 2022-01-26 16:16:52] 
Finished reading SAM. Read: 3056266 reads/read-pairs.
Finished reading SAM. Used: 2034453 reads/read-pairs.
[Time: 2022-01-26 16:16:53] [Mem usage: [5GB / 10GB]] [Elapsed Time: 00:05:07.0175]
> Read Stats:
>   READ_PAIR_OK                   2034453
>   TOTAL_READ_PAIRS               3056266
>   DROPPED_NOT_PROPER_PAIR        -1
>   DROPPED_READ_FAILS_VENDOR_QC   0
>   DROPPED_MARKED_NOT_VALID       0
>   DROPPED_CHROMS_MISMATCH        -1
>   DROPPED_PAIR_STRANDS_MISMATCH  -1
>   DROPPED_IGNORED_CHROMOSOME     0
>   DROPPED_NOT_UNIQUE_ALIGNMENT   1021813
>   DROPPED_NO_ALN_BLOCKS   0
>   DROPPED_NOT_MARKED_RG   -1
Pre-alignment read count unknown (Set --seqReadCt or --rawfastq)
Writing Output...
DEBUG NOTE: IncludeGenesSet.size: 42362
DEBUG NOTE: sortedReadCountSeq.size: 9269
DEBUG NOTE: coverageThresholds: 4634;6951;8342;9269
DEBUG NOTE: coverageSpans: [(0,4634);(4634,6951);(6951,8342);(8342,9269)]
DEBUG NOTE:	[1.bottomHalf][0.5] = [0,4634]
DEBUG NOTE:	[2.upperMidQuartile][0.75] = [4634,6951]
DEBUG NOTE:	[3.75to90][0.9] = [6951,8342]
DEBUG NOTE:	[4.high][1.0] = [8342,9269]
      (DEBUG) Generating Biotype Map [2022-01-26 16:16:55]
      (DEBUG) Extracted gene BioType using key "gene_biotype".
              Found 0 types: []
      (DEBUG) Finished Biotype Map [2022-01-26 16:18:14]
length of knownCountMap after run: 383646
WARNING: The data appears to be STRANDED, following the fr_secondStrand rule.
         Are you sure this isn't stranded data? If it is stranded, then you should probably
         re-run QoRTs with the "--stranded" and "--stranded_fr_secondstrand" options!
QoRTs completed WITH WARNINGS! See log for details.
Done.
Time spent on setup:           00:02:49.0476
Time spent on SAM iteration:   00:02:17.0699
                               (0.7470990199587776 minutes per million read-pairs)
                               (1.1223328006758244 minutes per million read-pairs used)
Time spent on file output:     00:01:26.0078
Total runtime:                 00:06:33.0253
Done. (Wed Jan 26 16:18:20 PST 2022)
