[HP_LACTIC_ACIDOSIS,HP_LACTIC_ACIDOSIS] was killed by [HP_INCREASED_SERUM_LACTATE,HP_INCREASED_SERUM_LACTATE]
[HP_ABNORMAL_ACTIVITY_OF_MITOCHONDRIAL_RESPIRATORY_CHAIN,HP_ABNORMAL_ACTIVITY_OF_MITOCHONDRIAL_RESPIRATORY_CHAIN] was killed by [HP_INCREASED_SERUM_LACTATE,HP_INCREASED_SERUM_LACTATE]
[HP_ABNORMAL_CSF_METABOLITE_LEVEL,HP_ABNORMAL_CSF_METABOLITE_LEVEL] was killed by [HP_INCREASED_SERUM_LACTATE,HP_INCREASED_SERUM_LACTATE]
[HP_LEUKODYSTROPHY,HP_LEUKODYSTROPHY] was killed by [HP_INCREASED_SERUM_LACTATE,HP_INCREASED_SERUM_LACTATE]
[HP_INCREASED_CSF_LACTATE,HP_INCREASED_CSF_LACTATE] was killed by [HP_INCREASED_SERUM_LACTATE,HP_INCREASED_SERUM_LACTATE]
[HP_ABNORMALITY_OF_THE_MITOCHONDRION,HP_ABNORMALITY_OF_THE_MITOCHONDRION] was killed by [HP_INCREASED_SERUM_LACTATE,HP_INCREASED_SERUM_LACTATE]
[HP_DECREASED_ACTIVITY_OF_MITOCHONDRIAL_COMPLEX_I,HP_DECREASED_ACTIVITY_OF_MITOCHONDRIAL_COMPLEX_I] was killed by [HP_INCREASED_SERUM_LACTATE,HP_INCREASED_SERUM_LACTATE]
[HP_LETHARGY,HP_LETHARGY] was killed by [HP_INCREASED_SERUM_LACTATE,HP_INCREASED_SERUM_LACTATE]
[HP_ABNORMAL_BASAL_GANGLIA_MRI_SIGNAL_INTENSITY,HP_ABNORMAL_BASAL_GANGLIA_MRI_SIGNAL_INTENSITY] was killed by [HP_INCREASED_SERUM_LACTATE,HP_INCREASED_SERUM_LACTATE]
[HP_MUSCLE_ABNORMALITY_RELATED_TO_MITOCHONDRIAL_DYSFUNCTION,HP_MUSCLE_ABNORMALITY_RELATED_TO_MITOCHONDRIAL_DYSFUNCTION] was killed by [HP_INCREASED_SERUM_LACTATE,HP_INCREASED_SERUM_LACTATE]
[HP_SLOPING_FOREHEAD,HP_SLOPING_FOREHEAD] was killed by [HP_INCREASED_SERUM_LACTATE,HP_INCREASED_SERUM_LACTATE]
[HP_HYPERAMMONEMIA,HP_HYPERAMMONEMIA] was killed by [HP_INCREASED_SERUM_LACTATE,HP_INCREASED_SERUM_LACTATE]
[HP_CAFE_AU_LAIT_SPOT,HP_CAFE_AU_LAIT_SPOT] was killed by [HP_INCREASED_SERUM_LACTATE,HP_INCREASED_SERUM_LACTATE]
[HP_PIGMENTARY_RETINOPATHY,HP_PIGMENTARY_RETINOPATHY] was killed by [HP_INCREASED_SERUM_LACTATE,HP_INCREASED_SERUM_LACTATE]
[HP_DECREASED_ACTIVITY_OF_THE_PYRUVATE_DEHYDROGENASE_COMPLEX,HP_DECREASED_ACTIVITY_OF_THE_PYRUVATE_DEHYDROGENASE_COMPLEX] was killed by [HP_INCREASED_SERUM_LACTATE,HP_INCREASED_SERUM_LACTATE]
[HP_OPTIC_DISC_PALLOR,HP_OPTIC_DISC_PALLOR] was killed by [HP_INCREASED_SERUM_LACTATE,HP_INCREASED_SERUM_LACTATE]
[HP_FOCAL_T2_HYPERINTENSE_BASAL_GANGLIA_LESION,HP_FOCAL_T2_HYPERINTENSE_BASAL_GANGLIA_LESION] was killed by [HP_INCREASED_SERUM_LACTATE,HP_INCREASED_SERUM_LACTATE]
[HP_INCREASED_SERUM_PYRUVATE,HP_INCREASED_SERUM_PYRUVATE] was killed by [HP_INCREASED_SERUM_LACTATE,HP_INCREASED_SERUM_LACTATE]
[HP_AMINOACIDURIA,HP_AMINOACIDURIA] was killed by [HP_INCREASED_SERUM_LACTATE,HP_INCREASED_SERUM_LACTATE]
[HP_INFERTILITY,HP_INFERTILITY] was killed by [HP_INCREASED_SERUM_LACTATE,HP_INCREASED_SERUM_LACTATE]
[HP_OLIGOHYDRAMNIOS,HP_OLIGOHYDRAMNIOS] was killed by [HP_ABNORMALITY_OF_THE_PREPUTIUM,HP_ABNORMALITY_OF_THE_PREPUTIUM]
[HP_LEBER_OPTIC_ATROPHY,HP_LEBER_OPTIC_ATROPHY] was killed by [HP_INCREASED_SERUM_LACTATE,HP_INCREASED_SERUM_LACTATE]
[HP_MITOCHONDRIAL_MYOPATHY,HP_MITOCHONDRIAL_MYOPATHY] was killed by [HP_INCREASED_SERUM_LACTATE,HP_INCREASED_SERUM_LACTATE]
[HP_LIPID_ACCUMULATION_IN_HEPATOCYTES,HP_LIPID_ACCUMULATION_IN_HEPATOCYTES] was killed by [HP_INCREASED_SERUM_LACTATE,HP_INCREASED_SERUM_LACTATE]
[HP_ABNORMAL_PROTEIN_GLYCOSYLATION,HP_ABNORMAL_PROTEIN_GLYCOSYLATION] was killed by [HP_ABNORMAL_GLYCOSYLATION,HP_ABNORMAL_GLYCOSYLATION]
[HP_MULTIPLE_CAFE_AU_LAIT_SPOTS,HP_MULTIPLE_CAFE_AU_LAIT_SPOTS] was killed by [HP_ABNORMALITY_OF_THE_PREPUTIUM,HP_ABNORMALITY_OF_THE_PREPUTIUM]
[HP_DIASTASIS_RECTI,HP_DIASTASIS_RECTI] was killed by [HP_ABNORMAL_MORPHOLOGY_OF_THE_ABDOMINAL_MUSCULATURE,HP_ABNORMAL_MORPHOLOGY_OF_THE_ABDOMINAL_MUSCULATURE]
[HP_NON_MIDLINE_CLEFT_PALATE,HP_NON_MIDLINE_CLEFT_PALATE] was killed by [HP_BILATERAL_CLEFT_LIP,HP_BILATERAL_CLEFT_LIP]
[HP_RETINAL_ARTERIAL_TORTUOSITY,HP_RETINAL_ARTERIAL_TORTUOSITY] was killed by [HP_INCREASED_SERUM_LACTATE,HP_INCREASED_SERUM_LACTATE]
[HP_PROGRESSIVE_MICROCEPHALY,HP_PROGRESSIVE_MICROCEPHALY] was killed by [HP_ABNORMAL_GLYCOSYLATION,HP_ABNORMAL_GLYCOSYLATION]
[HP_ABNORMAL_MITOCHONDRIA_IN_MUSCLE_TISSUE,HP_ABNORMAL_MITOCHONDRIA_IN_MUSCLE_TISSUE] was killed by [HP_INCREASED_SERUM_LACTATE,HP_INCREASED_SERUM_LACTATE]
[HP_HYPOPIGMENTATION_OF_THE_SKIN,HP_HYPOPIGMENTATION_OF_THE_SKIN] was killed by [HP_INCREASED_SERUM_LACTATE,HP_INCREASED_SERUM_LACTATE]
[HP_CNS_HYPOMYELINATION,HP_CNS_HYPOMYELINATION] was killed by [HP_SIMPLIFIED_GYRAL_PATTERN,HP_SIMPLIFIED_GYRAL_PATTERN]
[HP_ABSENT_SEPTUM_PELLUCIDUM,HP_ABSENT_SEPTUM_PELLUCIDUM] was killed by [HP_INCREASED_SERUM_LACTATE,HP_INCREASED_SERUM_LACTATE]
[HP_ABNORMAL_SPERMATOGENESIS,HP_ABNORMAL_SPERMATOGENESIS] was killed by [HP_Y_LINKED_INHERITANCE,HP_Y_LINKED_INHERITANCE]
[HP_VASCULAR_TORTUOSITY,HP_VASCULAR_TORTUOSITY] was killed by [HP_INCREASED_SERUM_LACTATE,HP_INCREASED_SERUM_LACTATE]
[HP_ABNORMAL_CORPUS_STRIATUM_MORPHOLOGY,HP_ABNORMAL_CORPUS_STRIATUM_MORPHOLOGY] was killed by [HP_INCREASED_SERUM_LACTATE,HP_INCREASED_SERUM_LACTATE]
[HP_ABNORMALITY_OF_KREBS_CYCLE_METABOLISM,HP_ABNORMALITY_OF_KREBS_CYCLE_METABOLISM] was killed by [HP_INCREASED_SERUM_LACTATE,HP_INCREASED_SERUM_LACTATE]
[HP_RAGGED_RED_MUSCLE_FIBERS,HP_RAGGED_RED_MUSCLE_FIBERS] was killed by [HP_INCREASED_SERUM_LACTATE,HP_INCREASED_SERUM_LACTATE]
[HP_RESTRICTIVE_BEHAVIOR,HP_RESTRICTIVE_BEHAVIOR] was killed by [HP_MUTISM,HP_MUTISM]
[HP_ABNORMAL_BRAINSTEM_MRI_SIGNAL_INTENSITY,HP_ABNORMAL_BRAINSTEM_MRI_SIGNAL_INTENSITY] was killed by [HP_INCREASED_SERUM_LACTATE,HP_INCREASED_SERUM_LACTATE]
[HP_PYRIDOXINE_RESPONSIVE_SIDEROBLASTIC_ANEMIA,HP_PYRIDOXINE_RESPONSIVE_SIDEROBLASTIC_ANEMIA] was killed by [HP_ABNORMALITY_OF_THE_PREPUTIUM,HP_ABNORMALITY_OF_THE_PREPUTIUM]
[HP_POSTNATAL_MICROCEPHALY,HP_POSTNATAL_MICROCEPHALY] was killed by [HP_INCREASED_SERUM_LACTATE,HP_INCREASED_SERUM_LACTATE]
[HP_ABNORMAL_CIRCULATING_AMINO_ACID_CONCENTRATION,HP_ABNORMAL_CIRCULATING_AMINO_ACID_CONCENTRATION] was killed by [HP_INCREASED_SERUM_LACTATE,HP_INCREASED_SERUM_LACTATE]
[HP_CENTROCECAL_SCOTOMA,HP_CENTROCECAL_SCOTOMA] was killed by [HP_INCREASED_SERUM_LACTATE,HP_INCREASED_SERUM_LACTATE]
[HP_LOWER_LIMB_SPASTICITY,HP_LOWER_LIMB_SPASTICITY] was killed by [HP_INCREASED_SERUM_LACTATE,HP_INCREASED_SERUM_LACTATE]
[HP_ABNORMAL_CIRCULATING_CARBOHYDRATE_CONCENTRATION,HP_ABNORMAL_CIRCULATING_CARBOHYDRATE_CONCENTRATION] was killed by [HP_INCREASED_SERUM_LACTATE,HP_INCREASED_SERUM_LACTATE]
[HP_POOR_HEAD_CONTROL,HP_POOR_HEAD_CONTROL] was killed by [HP_INCREASED_SERUM_LACTATE,HP_INCREASED_SERUM_LACTATE]
[HP_MEDULLOBLASTOMA,HP_MEDULLOBLASTOMA] was killed by [HP_ABNORMALITY_OF_THE_PREPUTIUM,HP_ABNORMALITY_OF_THE_PREPUTIUM]
[HP_OBSTRUCTIVE_AZOOSPERMIA,HP_OBSTRUCTIVE_AZOOSPERMIA] was killed by [HP_ABNORMALITY_OF_THE_PREPUTIUM,HP_ABNORMALITY_OF_THE_PREPUTIUM]
[HP_BLURRED_VISION,HP_BLURRED_VISION] was killed by [HP_INCREASED_SERUM_LACTATE,HP_INCREASED_SERUM_LACTATE]
[HP_ABNORMAL_URINE_CARBOXYLIC_ACID_LEVEL,HP_ABNORMAL_URINE_CARBOXYLIC_ACID_LEVEL] was killed by [HP_INCREASED_SERUM_LACTATE,HP_INCREASED_SERUM_LACTATE]
[HP_HIP_DYSPLASIA,HP_HIP_DYSPLASIA] was killed by [HP_POINTED_CHIN,HP_POINTED_CHIN]
[HP_DELAYED_CRANIAL_SUTURE_CLOSURE,HP_DELAYED_CRANIAL_SUTURE_CLOSURE] was killed by [HP_ABNORMAL_MORPHOLOGY_OF_THE_ABDOMINAL_MUSCULATURE,HP_ABNORMAL_MORPHOLOGY_OF_THE_ABDOMINAL_MUSCULATURE]
[HP_SEGMENTAL_PERIPHERAL_DEMYELINATION_REMYELINATION,HP_SEGMENTAL_PERIPHERAL_DEMYELINATION_REMYELINATION] was killed by [HP_INCREASED_SERUM_LACTATE,HP_INCREASED_SERUM_LACTATE]
[HP_MALE_INFERTILITY,HP_MALE_INFERTILITY] was killed by [HP_INCREASED_SERUM_LACTATE,HP_INCREASED_SERUM_LACTATE]
[HP_NON_OBSTRUCTIVE_AZOOSPERMIA,HP_NON_OBSTRUCTIVE_AZOOSPERMIA] was killed by [HP_Y_LINKED_INHERITANCE,HP_Y_LINKED_INHERITANCE]
[HP_REDUCED_ANTITHROMBIN_III_ACTIVITY,HP_REDUCED_ANTITHROMBIN_III_ACTIVITY] was killed by [HP_ABNORMAL_GLYCOSYLATION,HP_ABNORMAL_GLYCOSYLATION]
[HP_PAROXYSMAL_INVOLUNTARY_EYE_MOVEMENTS,HP_PAROXYSMAL_INVOLUNTARY_EYE_MOVEMENTS] was killed by [HP_INCREASED_SERUM_LACTATE,HP_INCREASED_SERUM_LACTATE]
[HP_DELAYED_MYELINATION,HP_DELAYED_MYELINATION] was killed by [HP_SIMPLIFIED_GYRAL_PATTERN,HP_SIMPLIFIED_GYRAL_PATTERN]
[HP_DECREASED_FERTILITY_IN_MALES,HP_DECREASED_FERTILITY_IN_MALES] was killed by [HP_INCREASED_SERUM_LACTATE,HP_INCREASED_SERUM_LACTATE]
[HP_NON_MIDLINE_CLEFT_LIP,HP_NON_MIDLINE_CLEFT_LIP] was killed by [HP_BILATERAL_CLEFT_LIP,HP_BILATERAL_CLEFT_LIP]
[HP_ABNORMAL_URINE_PH,HP_ABNORMAL_URINE_PH] was killed by [HP_INCREASED_SERUM_LACTATE,HP_INCREASED_SERUM_LACTATE]
[HP_METABOLIC_ACIDOSIS,HP_METABOLIC_ACIDOSIS] was killed by [HP_INCREASED_SERUM_LACTATE,HP_INCREASED_SERUM_LACTATE]
[HP_ABNORMALITY_OF_HAND_JOINT_MOBILITY,HP_ABNORMALITY_OF_HAND_JOINT_MOBILITY] was killed by [HP_ABNORMAL_MORPHOLOGY_OF_THE_ABDOMINAL_MUSCULATURE,HP_ABNORMAL_MORPHOLOGY_OF_THE_ABDOMINAL_MUSCULATURE]
[HP_ABNORMALITY_OF_CORNEAL_STROMA,HP_ABNORMALITY_OF_CORNEAL_STROMA] was killed by [HP_INCREASED_SERUM_LACTATE,HP_INCREASED_SERUM_LACTATE]
[HP_ASTIGMATISM,HP_ASTIGMATISM] was killed by [HP_ABNORMALITY_OF_THE_PREPUTIUM,HP_ABNORMALITY_OF_THE_PREPUTIUM]
[HP_CHROMOSOMAL_BREAKAGE_INDUCED_BY_CROSSLINKING_AGENTS,HP_CHROMOSOMAL_BREAKAGE_INDUCED_BY_CROSSLINKING_AGENTS] was killed by [HP_ABNORMALITY_OF_THE_PREPUTIUM,HP_ABNORMALITY_OF_THE_PREPUTIUM]
[HP_TYPE_I_TRANSFERRIN_ISOFORM_PROFILE,HP_TYPE_I_TRANSFERRIN_ISOFORM_PROFILE] was killed by [HP_ABNORMAL_GLYCOSYLATION,HP_ABNORMAL_GLYCOSYLATION]
[HP_OLIGODONTIA,HP_OLIGODONTIA] was killed by [HP_BILATERAL_CLEFT_LIP,HP_BILATERAL_CLEFT_LIP]
[HP_PROGRESSIVE_SPASTIC_PARAPLEGIA,HP_PROGRESSIVE_SPASTIC_PARAPLEGIA] was killed by [HP_INCREASED_SERUM_LACTATE,HP_INCREASED_SERUM_LACTATE]
[HP_SHORT_PALPEBRAL_FISSURE,HP_SHORT_PALPEBRAL_FISSURE] was killed by [HP_INCREASED_SERUM_LACTATE,HP_INCREASED_SERUM_LACTATE]
[HP_ABNORMAL_ASTROCYTE_MORPHOLOGY,HP_ABNORMAL_ASTROCYTE_MORPHOLOGY] was killed by [HP_ABNORMALITY_OF_THE_PREPUTIUM,HP_ABNORMALITY_OF_THE_PREPUTIUM]
[HP_POSTNATAL_GROWTH_RETARDATION,HP_POSTNATAL_GROWTH_RETARDATION] was killed by [HP_ABNORMAL_MORPHOLOGY_OF_THE_ABDOMINAL_MUSCULATURE,HP_ABNORMAL_MORPHOLOGY_OF_THE_ABDOMINAL_MUSCULATURE]
[HP_MITOCHONDRIAL_INHERITANCE,HP_MITOCHONDRIAL_INHERITANCE] was killed by [HP_INCREASED_SERUM_LACTATE,HP_INCREASED_SERUM_LACTATE]
[HP_FETAL_DISTRESS,HP_FETAL_DISTRESS] was killed by [HP_INCREASED_SERUM_LACTATE,HP_INCREASED_SERUM_LACTATE]
[HP_FULL_CHEEKS,HP_FULL_CHEEKS] was killed by [HP_ABNORMAL_MORPHOLOGY_OF_THE_ABDOMINAL_MUSCULATURE,HP_ABNORMAL_MORPHOLOGY_OF_THE_ABDOMINAL_MUSCULATURE]
[HP_SKIN_APPENDAGE_NEOPLASM,HP_SKIN_APPENDAGE_NEOPLASM] was killed by [HP_PROMINENT_DIGIT_PAD,HP_PROMINENT_DIGIT_PAD]
[HP_LONG_PALPEBRAL_FISSURE,HP_LONG_PALPEBRAL_FISSURE] was killed by [HP_POINTED_CHIN,HP_POINTED_CHIN]
[HP_OPTIC_NERVE_COLOBOMA,HP_OPTIC_NERVE_COLOBOMA] was killed by [HP_PROMINENT_DIGIT_PAD,HP_PROMINENT_DIGIT_PAD]
[HP_ORGANIC_ACIDURIA,HP_ORGANIC_ACIDURIA] was killed by [HP_ABNORMAL_CIRCULATING_PROTEINOGENIC_AMINO_ACID_CONCENTRATION,HP_ABNORMAL_CIRCULATING_PROTEINOGENIC_AMINO_ACID_CONCENTRATION]
[HP_PLEURAL_EFFUSION,HP_PLEURAL_EFFUSION] was killed by [HP_INCREASED_SERUM_LACTATE,HP_INCREASED_SERUM_LACTATE]
[HP_ABNORMAL_LABIA_MORPHOLOGY,HP_ABNORMAL_LABIA_MORPHOLOGY] was killed by [HP_INCREASED_SERUM_LACTATE,HP_INCREASED_SERUM_LACTATE]
[HP_INTESTINAL_POLYP,HP_INTESTINAL_POLYP] was killed by [HP_INCREASED_SERUM_LACTATE,HP_INCREASED_SERUM_LACTATE]
[HP_DUODENAL_ATRESIA,HP_DUODENAL_ATRESIA] was killed by [HP_BILATERAL_CLEFT_LIP,HP_BILATERAL_CLEFT_LIP]
[HP_HYDROURETER,HP_HYDROURETER] was killed by [HP_ABNORMALITY_OF_THE_PREPUTIUM,HP_ABNORMALITY_OF_THE_PREPUTIUM]
[HP_POOR_EYE_CONTACT,HP_POOR_EYE_CONTACT] was killed by [HP_INCREASED_SERUM_LACTATE,HP_INCREASED_SERUM_LACTATE]
[HP_OPTIC_NEUROPATHY,HP_OPTIC_NEUROPATHY] was killed by [HP_INCREASED_SERUM_LACTATE,HP_INCREASED_SERUM_LACTATE]
[HP_ACUTE_LYMPHOBLASTIC_LEUKEMIA,HP_ACUTE_LYMPHOBLASTIC_LEUKEMIA] was killed by [HP_ABNORMALITY_OF_THE_PREPUTIUM,HP_ABNORMALITY_OF_THE_PREPUTIUM]
[HP_SPARSE_LATERAL_EYEBROW,HP_SPARSE_LATERAL_EYEBROW] was killed by [HP_PROMINENT_DIGIT_PAD,HP_PROMINENT_DIGIT_PAD]
[HP_SPASTIC_TETRAPARESIS,HP_SPASTIC_TETRAPARESIS] was killed by [HP_INCREASED_SERUM_LACTATE,HP_INCREASED_SERUM_LACTATE]
[HP_ABNORMAL_CIRCULATING_GLUTAMINE_FAMILY_AMINO_ACID_CONCENTRATION,HP_ABNORMAL_CIRCULATING_GLUTAMINE_FAMILY_AMINO_ACID_CONCENTRATION] was killed by [HP_INCREASED_SERUM_LACTATE,HP_INCREASED_SERUM_LACTATE]
[HP_ABNORMAL_PANCREAS_SIZE,HP_ABNORMAL_PANCREAS_SIZE] was killed by [HP_ABNORMAL_MORPHOLOGY_OF_THE_ABDOMINAL_MUSCULATURE,HP_ABNORMAL_MORPHOLOGY_OF_THE_ABDOMINAL_MUSCULATURE]
[HP_3_METHYLGLUTACONIC_ACIDURIA,HP_3_METHYLGLUTACONIC_ACIDURIA] was killed by [HP_INCREASED_SERUM_LACTATE,HP_INCREASED_SERUM_LACTATE]
[HP_SANDAL_GAP,HP_SANDAL_GAP] was killed by [HP_INCREASED_SERUM_LACTATE,HP_INCREASED_SERUM_LACTATE]
[HP_PROSTATE_NEOPLASM,HP_PROSTATE_NEOPLASM] was killed by [HP_ABNORMALITY_OF_THE_PREPUTIUM,HP_ABNORMALITY_OF_THE_PREPUTIUM]
[HP_MIXED_HEARING_IMPAIRMENT,HP_MIXED_HEARING_IMPAIRMENT] was killed by [HP_POINTED_CHIN,HP_POINTED_CHIN]
[HP_LISSENCEPHALY,HP_LISSENCEPHALY] was killed by [HP_SIMPLIFIED_GYRAL_PATTERN,HP_SIMPLIFIED_GYRAL_PATTERN]
[HP_ANTERIORLY_PLACED_ANUS,HP_ANTERIORLY_PLACED_ANUS] was killed by [HP_ABNORMAL_MORPHOLOGY_OF_THE_ABDOMINAL_MUSCULATURE,HP_ABNORMAL_MORPHOLOGY_OF_THE_ABDOMINAL_MUSCULATURE]
[HP_ABNORMAL_CIRCULATING_NITROGEN_COMPOUND_CONCENTRATION,HP_ABNORMAL_CIRCULATING_NITROGEN_COMPOUND_CONCENTRATION] was killed by [HP_INCREASED_SERUM_LACTATE,HP_INCREASED_SERUM_LACTATE]
[HP_ABNORMAL_CIRCULATING_PROLINE_CONCENTRATION,HP_ABNORMAL_CIRCULATING_PROLINE_CONCENTRATION] was killed by [HP_INCREASED_SERUM_LACTATE,HP_INCREASED_SERUM_LACTATE]
[HP_SMALL_BASAL_GANGLIA,HP_SMALL_BASAL_GANGLIA] was killed by [HP_INCREASED_SERUM_LACTATE,HP_INCREASED_SERUM_LACTATE]
[HP_ABNORMAL_HAIR_WHORL,HP_ABNORMAL_HAIR_WHORL] was killed by [HP_POINTED_CHIN,HP_POINTED_CHIN]
[HP_DEFORMED_SELLA_TURCICA,HP_DEFORMED_SELLA_TURCICA] was killed by [HP_ABNORMAL_MORPHOLOGY_OF_THE_ABDOMINAL_MUSCULATURE,HP_ABNORMAL_MORPHOLOGY_OF_THE_ABDOMINAL_MUSCULATURE]
[HP_ABNORMALITY_OF_DNA_REPAIR,HP_ABNORMALITY_OF_DNA_REPAIR] was killed by [HP_ABNORMALITY_OF_THE_PREPUTIUM,HP_ABNORMALITY_OF_THE_PREPUTIUM]
[HP_MYELODYSPLASIA,HP_MYELODYSPLASIA] was killed by [HP_INCREASED_SERUM_LACTATE,HP_INCREASED_SERUM_LACTATE]
[HP_PARAPARESIS,HP_PARAPARESIS] was killed by [HP_LOWER_LIMB_HYPERTONIA,HP_LOWER_LIMB_HYPERTONIA]
[HP_ABSENT_TESTIS,HP_ABSENT_TESTIS] was killed by [HP_ABNORMALITY_OF_THE_PREPUTIUM,HP_ABNORMALITY_OF_THE_PREPUTIUM]
[HP_ABNORMALITY_OF_THE_SEPTUM_PELLUCIDUM,HP_ABNORMALITY_OF_THE_SEPTUM_PELLUCIDUM] was killed by [HP_INCREASED_SERUM_LACTATE,HP_INCREASED_SERUM_LACTATE]
[HP_DEATH_IN_INFANCY,HP_DEATH_IN_INFANCY] was killed by [HP_INCREASED_SERUM_LACTATE,HP_INCREASED_SERUM_LACTATE]
[HP_ACIDEMIA,HP_ACIDEMIA] was killed by [HP_ABNORMAL_CIRCULATING_PROTEINOGENIC_AMINO_ACID_CONCENTRATION,HP_ABNORMAL_CIRCULATING_PROTEINOGENIC_AMINO_ACID_CONCENTRATION]
[HP_ARTERIOVENOUS_MALFORMATION,HP_ARTERIOVENOUS_MALFORMATION] was killed by [HP_ABNORMALITY_OF_THE_PREPUTIUM,HP_ABNORMALITY_OF_THE_PREPUTIUM]
[HP_MITOCHONDRIAL_RESPIRATORY_CHAIN_DEFECTS,HP_MITOCHONDRIAL_RESPIRATORY_CHAIN_DEFECTS] was killed by [HP_INCREASED_SERUM_LACTATE,HP_INCREASED_SERUM_LACTATE]
[HP_PRIMITIVE_REFLEX,HP_PRIMITIVE_REFLEX] was killed by [HP_MUTISM,HP_MUTISM]
[HP_ABNORMAL_CORNEAL_ENDOTHELIUM_MORPHOLOGY,HP_ABNORMAL_CORNEAL_ENDOTHELIUM_MORPHOLOGY] was killed by [HP_ANTERIOR_CHAMBER_SYNECHIAE,HP_ANTERIOR_CHAMBER_SYNECHIAE]
[HP_FOCAL_T2_HYPERINTENSE_BRAINSTEM_LESION,HP_FOCAL_T2_HYPERINTENSE_BRAINSTEM_LESION] was killed by [HP_INCREASED_SERUM_LACTATE,HP_INCREASED_SERUM_LACTATE]
[HP_ABNORMALITY_OF_THE_EXTRINSIC_PATHWAY,HP_ABNORMALITY_OF_THE_EXTRINSIC_PATHWAY] was killed by [HP_ABNORMAL_GLYCOSYLATION,HP_ABNORMAL_GLYCOSYLATION]
[HP_BIFID_SCROTUM,HP_BIFID_SCROTUM] was killed by [HP_ABNORMAL_MORPHOLOGY_OF_THE_ABDOMINAL_MUSCULATURE,HP_ABNORMAL_MORPHOLOGY_OF_THE_ABDOMINAL_MUSCULATURE]
[HP_CHRONIC_LUNG_DISEASE,HP_CHRONIC_LUNG_DISEASE] was killed by [HP_BILATERAL_CLEFT_LIP,HP_BILATERAL_CLEFT_LIP]
[HP_WIDE_MOUTH,HP_WIDE_MOUTH] was killed by [HP_INCREASED_SERUM_LACTATE,HP_INCREASED_SERUM_LACTATE]
[HP_NARROW_NASAL_RIDGE,HP_NARROW_NASAL_RIDGE] was killed by [HP_ABNORMAL_MORPHOLOGY_OF_THE_ABDOMINAL_MUSCULATURE,HP_ABNORMAL_MORPHOLOGY_OF_THE_ABDOMINAL_MUSCULATURE]
[HP_ABNORMAL_CIRCULATING_PROTEINOGENIC_AMINO_ACID_DERIVATIVE_CONCENTRATION,HP_ABNORMAL_CIRCULATING_PROTEINOGENIC_AMINO_ACID_DERIVATIVE_CONCENTRATION] was killed by [HP_INCREASED_SERUM_LACTATE,HP_INCREASED_SERUM_LACTATE]
[HP_HYPOPLASIA_OF_THE_FRONTAL_LOBES,HP_HYPOPLASIA_OF_THE_FRONTAL_LOBES] was killed by [HP_SIMPLIFIED_GYRAL_PATTERN,HP_SIMPLIFIED_GYRAL_PATTERN]
[HP_UNILATERAL_CLEFT_PALATE,HP_UNILATERAL_CLEFT_PALATE] was killed by [HP_BILATERAL_CLEFT_LIP,HP_BILATERAL_CLEFT_LIP]
[HP_JOINT_SUBLUXATION,HP_JOINT_SUBLUXATION] was killed by [HP_ABNORMAL_MORPHOLOGY_OF_THE_ABDOMINAL_MUSCULATURE,HP_ABNORMAL_MORPHOLOGY_OF_THE_ABDOMINAL_MUSCULATURE]
[HP_HIGH_MYOPIA,HP_HIGH_MYOPIA] was killed by [HP_ABNORMAL_GLYCOSYLATION,HP_ABNORMAL_GLYCOSYLATION]
[HP_HYPOMIMIC_FACE,HP_HYPOMIMIC_FACE] was killed by [HP_INCREASED_SERUM_LACTATE,HP_INCREASED_SERUM_LACTATE]
[HP_HYPSARRHYTHMIA,HP_HYPSARRHYTHMIA] was killed by [HP_ABNORMAL_GLYCOSYLATION,HP_ABNORMAL_GLYCOSYLATION]
[HP_HYDROXYPROLINURIA,HP_HYDROXYPROLINURIA] was killed by [HP_ABNORMAL_CIRCULATING_PROTEINOGENIC_AMINO_ACID_CONCENTRATION,HP_ABNORMAL_CIRCULATING_PROTEINOGENIC_AMINO_ACID_CONCENTRATION]
[HP_PALATE_FISTULA,HP_PALATE_FISTULA] was killed by [HP_BILATERAL_CLEFT_LIP,HP_BILATERAL_CLEFT_LIP]
[HP_TRUNCAL_OBESITY,HP_TRUNCAL_OBESITY] was killed by [HP_ABNORMAL_MORPHOLOGY_OF_THE_ABDOMINAL_MUSCULATURE,HP_ABNORMAL_MORPHOLOGY_OF_THE_ABDOMINAL_MUSCULATURE]
[HP_TETRALOGY_OF_FALLOT,HP_TETRALOGY_OF_FALLOT] was killed by [HP_INCREASED_SERUM_LACTATE,HP_INCREASED_SERUM_LACTATE]
[HP_PROLONGED_BLEEDING_FOLLOWING_PROCEDURE,HP_PROLONGED_BLEEDING_FOLLOWING_PROCEDURE] was killed by [HP_SPONTANEOUS_RECURRENT_EPISTAXIS,HP_SPONTANEOUS_RECURRENT_EPISTAXIS]
[HP_COARSE_HAIR,HP_COARSE_HAIR] was killed by [HP_ABNORMAL_MORPHOLOGY_OF_THE_ABDOMINAL_MUSCULATURE,HP_ABNORMAL_MORPHOLOGY_OF_THE_ABDOMINAL_MUSCULATURE]
[HP_HYPERVENTILATION,HP_HYPERVENTILATION] was killed by [HP_INCREASED_SERUM_LACTATE,HP_INCREASED_SERUM_LACTATE]
[HP_ENLARGED_THORAX,HP_ENLARGED_THORAX] was killed by [HP_INCREASED_SERUM_LACTATE,HP_INCREASED_SERUM_LACTATE]
[HP_RECURRENT_MYCOBACTERIAL_INFECTIONS,HP_RECURRENT_MYCOBACTERIAL_INFECTIONS] was killed by [HP_INCREASED_SERUM_LACTATE,HP_INCREASED_SERUM_LACTATE]
[HP_ABNORMAL_NUMBER_OF_INCISORS,HP_ABNORMAL_NUMBER_OF_INCISORS] was killed by [HP_BILATERAL_CLEFT_LIP,HP_BILATERAL_CLEFT_LIP]
[HP_DUODENAL_STENOSIS,HP_DUODENAL_STENOSIS] was killed by [HP_ABNORMALITY_OF_THE_PREPUTIUM,HP_ABNORMALITY_OF_THE_PREPUTIUM]
[HP_UNDERDEVELOPED_SUPRAORBITAL_RIDGES,HP_UNDERDEVELOPED_SUPRAORBITAL_RIDGES] was killed by [HP_INCREASED_SERUM_LACTATE,HP_INCREASED_SERUM_LACTATE]
[HP_TRIANGULAR_FACE,HP_TRIANGULAR_FACE] was killed by [HP_ABNORMAL_MORPHOLOGY_OF_THE_ABDOMINAL_MUSCULATURE,HP_ABNORMAL_MORPHOLOGY_OF_THE_ABDOMINAL_MUSCULATURE]
[HP_ABNORMAL_ILEUM_MORPHOLOGY,HP_ABNORMAL_ILEUM_MORPHOLOGY] was killed by [HP_ABNORMALITY_OF_THE_PREPUTIUM,HP_ABNORMALITY_OF_THE_PREPUTIUM]
[HP_CEREBRAL_HYPOPLASIA,HP_CEREBRAL_HYPOPLASIA] was killed by [HP_SIMPLIFIED_GYRAL_PATTERN,HP_SIMPLIFIED_GYRAL_PATTERN]
[HP_STATUS_EPILEPTICUS,HP_STATUS_EPILEPTICUS] was killed by [HP_MUTISM,HP_MUTISM]
[HP_EPISODIC_RESPIRATORY_DISTRESS,HP_EPISODIC_RESPIRATORY_DISTRESS] was killed by [HP_INCREASED_SERUM_LACTATE,HP_INCREASED_SERUM_LACTATE]
[HP_EXERCISE_INDUCED_MUSCLE_CRAMPS,HP_EXERCISE_INDUCED_MUSCLE_CRAMPS] was killed by [HP_ABNORMAL_MUSCLE_GLYCOGEN_CONTENT,HP_ABNORMAL_MUSCLE_GLYCOGEN_CONTENT]
[HP_HYDROCELE_TESTIS,HP_HYDROCELE_TESTIS] was killed by [HP_ABNORMALITY_OF_THE_PREPUTIUM,HP_ABNORMALITY_OF_THE_PREPUTIUM]
[HP_DEHYDRATION,HP_DEHYDRATION] was killed by [HP_ABNORMAL_CIRCULATING_PROTEINOGENIC_AMINO_ACID_CONCENTRATION,HP_ABNORMAL_CIRCULATING_PROTEINOGENIC_AMINO_ACID_CONCENTRATION]
[HP_ECTRODACTYLY,HP_ECTRODACTYLY] was killed by [HP_INCREASED_SERUM_LACTATE,HP_INCREASED_SERUM_LACTATE]
[HP_ECTOPIC_ANUS,HP_ECTOPIC_ANUS] was killed by [HP_INCREASED_SERUM_LACTATE,HP_INCREASED_SERUM_LACTATE]
[HP_TRACHEOMALACIA,HP_TRACHEOMALACIA] was killed by [HP_SIMPLIFIED_GYRAL_PATTERN,HP_SIMPLIFIED_GYRAL_PATTERN]
[HP_ORAL_PHARYNGEAL_DYSPHAGIA,HP_ORAL_PHARYNGEAL_DYSPHAGIA] was killed by [HP_BILATERAL_CLEFT_LIP,HP_BILATERAL_CLEFT_LIP]
[HP_DUPLICATION_OF_THUMB_PHALANX,HP_DUPLICATION_OF_THUMB_PHALANX] was killed by [HP_ABNORMALITY_OF_THE_PREPUTIUM,HP_ABNORMALITY_OF_THE_PREPUTIUM]
[HP_CUBITUS_VALGUS,HP_CUBITUS_VALGUS] was killed by [HP_ABNORMAL_MORPHOLOGY_OF_THE_ABDOMINAL_MUSCULATURE,HP_ABNORMAL_MORPHOLOGY_OF_THE_ABDOMINAL_MUSCULATURE]
[HP_ABNORMAL_MEGAKARYOCYTE_MORPHOLOGY,HP_ABNORMAL_MEGAKARYOCYTE_MORPHOLOGY] was killed by [HP_SPONTANEOUS_RECURRENT_EPISTAXIS,HP_SPONTANEOUS_RECURRENT_EPISTAXIS]
[HP_INFANTILE_SPASMS,HP_INFANTILE_SPASMS] was killed by [HP_INCREASED_SERUM_LACTATE,HP_INCREASED_SERUM_LACTATE]
[HP_CYSTIC_HYGROMA,HP_CYSTIC_HYGROMA] was killed by [HP_ABNORMAL_MORPHOLOGY_OF_THE_ABDOMINAL_MUSCULATURE,HP_ABNORMAL_MORPHOLOGY_OF_THE_ABDOMINAL_MUSCULATURE]
[HP_SMALL_PLACENTA,HP_SMALL_PLACENTA] was killed by [HP_ABNORMAL_MORPHOLOGY_OF_THE_ABDOMINAL_MUSCULATURE,HP_ABNORMAL_MORPHOLOGY_OF_THE_ABDOMINAL_MUSCULATURE]
[HP_ABNORMAL_CIRCULATING_PYRUVATE_FAMILY_AMINO_ACID_CONCENTRATION,HP_ABNORMAL_CIRCULATING_PYRUVATE_FAMILY_AMINO_ACID_CONCENTRATION] was killed by [HP_INCREASED_SERUM_LACTATE,HP_INCREASED_SERUM_LACTATE]
[HP_ABNORMAL_CIRCULATING_SERINE_FAMILY_AMINO_ACID_CONCENTRATION,HP_ABNORMAL_CIRCULATING_SERINE_FAMILY_AMINO_ACID_CONCENTRATION] was killed by [HP_INCREASED_SERUM_LACTATE,HP_INCREASED_SERUM_LACTATE]
[HP_DECREASED_ACTIVITY_OF_MITOCHONDRIAL_COMPLEX_IV,HP_DECREASED_ACTIVITY_OF_MITOCHONDRIAL_COMPLEX_IV] was killed by [HP_INCREASED_SERUM_LACTATE,HP_INCREASED_SERUM_LACTATE]
[HP_ABNORMALITY_OF_CHROMOSOME_STABILITY,HP_ABNORMALITY_OF_CHROMOSOME_STABILITY] was killed by [HP_ABNORMALITY_OF_THE_PREPUTIUM,HP_ABNORMALITY_OF_THE_PREPUTIUM]
[HP_SKIN_PIT,HP_SKIN_PIT] was killed by [HP_INCREASED_SERUM_LACTATE,HP_INCREASED_SERUM_LACTATE]
[HP_ABNORMALITY_OF_HEAD_BLOOD_VESSEL,HP_ABNORMALITY_OF_HEAD_BLOOD_VESSEL] was killed by [HP_POINTED_CHIN,HP_POINTED_CHIN]
[HP_HEMIHYPERTROPHY,HP_HEMIHYPERTROPHY] was killed by [HP_ABNORMAL_MORPHOLOGY_OF_THE_ABDOMINAL_MUSCULATURE,HP_ABNORMAL_MORPHOLOGY_OF_THE_ABDOMINAL_MUSCULATURE]
[HP_PENOSCROTAL_HYPOSPADIAS,HP_PENOSCROTAL_HYPOSPADIAS] was killed by [HP_Y_LINKED_INHERITANCE,HP_Y_LINKED_INHERITANCE]
[HP_ABNORMALITY_OF_HEPATOBILIARY_SYSTEM_PHYSIOLOGY,HP_ABNORMALITY_OF_HEPATOBILIARY_SYSTEM_PHYSIOLOGY] was killed by [HP_INCREASED_SERUM_LACTATE,HP_INCREASED_SERUM_LACTATE]
[HP_PROMINENT_SUPRAORBITAL_RIDGES,HP_PROMINENT_SUPRAORBITAL_RIDGES] was killed by [HP_POINTED_CHIN,HP_POINTED_CHIN]
[HP_CHOREOATHETOSIS,HP_CHOREOATHETOSIS] was killed by [HP_INCREASED_SERUM_LACTATE,HP_INCREASED_SERUM_LACTATE]
[HP_CURLY_HAIR,HP_CURLY_HAIR] was killed by [HP_ABNORMAL_MORPHOLOGY_OF_THE_ABDOMINAL_MUSCULATURE,HP_ABNORMAL_MORPHOLOGY_OF_THE_ABDOMINAL_MUSCULATURE]
[HP_CONICAL_TOOTH,HP_CONICAL_TOOTH] was killed by [HP_BILATERAL_CLEFT_LIP,HP_BILATERAL_CLEFT_LIP]
[HP_EPISODIC_VOMITING,HP_EPISODIC_VOMITING] was killed by [HP_INCREASED_SERUM_LACTATE,HP_INCREASED_SERUM_LACTATE]
[HP_PSYCHOMOTOR_RETARDATION,HP_PSYCHOMOTOR_RETARDATION] was killed by [HP_INCREASED_SERUM_LACTATE,HP_INCREASED_SERUM_LACTATE]
[HP_HYPERORALITY,HP_HYPERORALITY] was killed by [HP_MUTISM,HP_MUTISM]
[HP_BRUXISM,HP_BRUXISM] was killed by [HP_MUTISM,HP_MUTISM]
[HP_ABNORMAL_CIRCULATING_DICARBOXYLIC_ACID_CONCENTRATION,HP_ABNORMAL_CIRCULATING_DICARBOXYLIC_ACID_CONCENTRATION] was killed by [HP_ABNORMAL_CIRCULATING_PROTEINOGENIC_AMINO_ACID_CONCENTRATION,HP_ABNORMAL_CIRCULATING_PROTEINOGENIC_AMINO_ACID_CONCENTRATION]
[HP_APLASIA_HYPOPLASIA_OF_THE_UVULA,HP_APLASIA_HYPOPLASIA_OF_THE_UVULA] was killed by [HP_ABNORMALITY_OF_THE_PREPUTIUM,HP_ABNORMALITY_OF_THE_PREPUTIUM]
[HP_ABNORMAL_INTRAOCULAR_PRESSURE,HP_ABNORMAL_INTRAOCULAR_PRESSURE] was killed by [HP_ANTERIOR_CHAMBER_SYNECHIAE,HP_ANTERIOR_CHAMBER_SYNECHIAE]
[HP_HOMOCYSTINURIA,HP_HOMOCYSTINURIA] was killed by [HP_ABNORMAL_CIRCULATING_PROTEINOGENIC_AMINO_ACID_CONCENTRATION,HP_ABNORMAL_CIRCULATING_PROTEINOGENIC_AMINO_ACID_CONCENTRATION]
[HP_MULTIPLE_GLOMERULAR_CYSTS,HP_MULTIPLE_GLOMERULAR_CYSTS] was killed by [HP_INCREASED_SERUM_LACTATE,HP_INCREASED_SERUM_LACTATE]
[HP_RENAL_TUBULAR_DYSFUNCTION,HP_RENAL_TUBULAR_DYSFUNCTION] was killed by [HP_INCREASED_SERUM_LACTATE,HP_INCREASED_SERUM_LACTATE]
[HP_FRONTOTEMPORAL_DEMENTIA,HP_FRONTOTEMPORAL_DEMENTIA] was killed by [HP_MUTISM,HP_MUTISM]
[HP_HYPEREXTENSIBILITY_OF_THE_FINGER_JOINTS,HP_HYPEREXTENSIBILITY_OF_THE_FINGER_JOINTS] was killed by [HP_ABNORMAL_MORPHOLOGY_OF_THE_ABDOMINAL_MUSCULATURE,HP_ABNORMAL_MORPHOLOGY_OF_THE_ABDOMINAL_MUSCULATURE]
[HP_ABNORMALITY_OF_THE_SELLA_TURCICA,HP_ABNORMALITY_OF_THE_SELLA_TURCICA] was killed by [HP_ABNORMAL_MORPHOLOGY_OF_THE_ABDOMINAL_MUSCULATURE,HP_ABNORMAL_MORPHOLOGY_OF_THE_ABDOMINAL_MUSCULATURE]
[HP_GLOBAL_BRAIN_ATROPHY,HP_GLOBAL_BRAIN_ATROPHY] was killed by [HP_INCREASED_SERUM_LACTATE,HP_INCREASED_SERUM_LACTATE]
[HP_ABNORMAL_C_REACTIVE_PROTEIN_LEVEL,HP_ABNORMAL_C_REACTIVE_PROTEIN_LEVEL] was killed by [HP_INCREASED_SERUM_LACTATE,HP_INCREASED_SERUM_LACTATE]
[HP_HEMOLYTIC_UREMIC_SYNDROME,HP_HEMOLYTIC_UREMIC_SYNDROME] was killed by [HP_ABNORMAL_CIRCULATING_PROTEINOGENIC_AMINO_ACID_CONCENTRATION,HP_ABNORMAL_CIRCULATING_PROTEINOGENIC_AMINO_ACID_CONCENTRATION]
[HP_LOW_PLASMA_CITRULLINE,HP_LOW_PLASMA_CITRULLINE] was killed by [HP_INCREASED_SERUM_LACTATE,HP_INCREASED_SERUM_LACTATE]
[HP_ABNORMAL_METABOLISM,HP_ABNORMAL_METABOLISM] was killed by [HP_ABNORMAL_GLYCOSYLATION,HP_ABNORMAL_GLYCOSYLATION]
[HP_MICROVESICULAR_HEPATIC_STEATOSIS,HP_MICROVESICULAR_HEPATIC_STEATOSIS] was killed by [HP_INCREASED_SERUM_LACTATE,HP_INCREASED_SERUM_LACTATE]
[HP_SHORT_FOOT,HP_SHORT_FOOT] was killed by [HP_ABNORMAL_MORPHOLOGY_OF_THE_ABDOMINAL_MUSCULATURE,HP_ABNORMAL_MORPHOLOGY_OF_THE_ABDOMINAL_MUSCULATURE]
[HP_ANTERIOR_SYNECHIAE_OF_THE_ANTERIOR_CHAMBER,HP_ANTERIOR_SYNECHIAE_OF_THE_ANTERIOR_CHAMBER] was killed by [HP_ANTERIOR_CHAMBER_SYNECHIAE,HP_ANTERIOR_CHAMBER_SYNECHIAE]
[HP_SUPRAVENTRICULAR_ARRHYTHMIA,HP_SUPRAVENTRICULAR_ARRHYTHMIA] was killed by [HP_ABNORMAL_BLOOD_GAS_LEVEL,HP_ABNORMAL_BLOOD_GAS_LEVEL]
[HP_POSTERIOR_EMBRYOTOXON,HP_POSTERIOR_EMBRYOTOXON] was killed by [HP_POINTED_CHIN,HP_POINTED_CHIN]
[HP_TRISMUS,HP_TRISMUS] was killed by [HP_ABNORMAL_CIRCULATING_PROTEINOGENIC_AMINO_ACID_CONCENTRATION,HP_ABNORMAL_CIRCULATING_PROTEINOGENIC_AMINO_ACID_CONCENTRATION]
[HP_FOCAL_MYOCLONIC_SEIZURE,HP_FOCAL_MYOCLONIC_SEIZURE] was killed by [HP_LOWER_LIMB_HYPERTONIA,HP_LOWER_LIMB_HYPERTONIA]
[HP_ABNORMAL_ERYTHROCYTE_ENZYME_LEVEL,HP_ABNORMAL_ERYTHROCYTE_ENZYME_LEVEL] was killed by [HP_ABNORMAL_MUSCLE_GLYCOGEN_CONTENT,HP_ABNORMAL_MUSCLE_GLYCOGEN_CONTENT]
