[GOBP_TRANSLATIONAL_ELONGATION,GOBP_TRANSLATIONAL_ELONGATION] was killed by [GOBP_MITOCHONDRIAL_GENE_EXPRESSION,GOBP_MITOCHONDRIAL_GENE_EXPRESSION]
[GOBP_TRANSLATIONAL_TERMINATION,GOBP_TRANSLATIONAL_TERMINATION] was killed by [GOBP_MITOCHONDRIAL_GENE_EXPRESSION,GOBP_MITOCHONDRIAL_GENE_EXPRESSION]
[GOBP_MITOCHONDRIAL_TRANSLATIONAL_TERMINATION,GOBP_MITOCHONDRIAL_TRANSLATIONAL_TERMINATION] was killed by [GOBP_MITOCHONDRIAL_GENE_EXPRESSION,GOBP_MITOCHONDRIAL_GENE_EXPRESSION]
[GOBP_MITOCHONDRIAL_TRANSLATION,GOBP_MITOCHONDRIAL_TRANSLATION] was killed by [GOBP_MITOCHONDRIAL_GENE_EXPRESSION,GOBP_MITOCHONDRIAL_GENE_EXPRESSION]
[GOCC_ORGANELLAR_RIBOSOME,GOCC_ORGANELLAR_RIBOSOME] was killed by [GOBP_MITOCHONDRIAL_GENE_EXPRESSION,GOBP_MITOCHONDRIAL_GENE_EXPRESSION]
[GOCC_MITOCHONDRIAL_LARGE_RIBOSOMAL_SUBUNIT,GOCC_MITOCHONDRIAL_LARGE_RIBOSOMAL_SUBUNIT] was killed by [GOBP_MITOCHONDRIAL_GENE_EXPRESSION,GOBP_MITOCHONDRIAL_GENE_EXPRESSION]
[GOBP_TRNA_METABOLIC_PROCESS,GOBP_TRNA_METABOLIC_PROCESS] was killed by [GOBP_MITOCHONDRIAL_GENE_EXPRESSION,GOBP_MITOCHONDRIAL_GENE_EXPRESSION]
[GOBP_TRNA_PROCESSING,GOBP_TRNA_PROCESSING] was killed by [GOBP_MITOCHONDRIAL_GENE_EXPRESSION,GOBP_MITOCHONDRIAL_GENE_EXPRESSION]
[GOCC_ATPASE_COMPLEX,GOCC_ATPASE_COMPLEX] was killed by [GOCC_PROTEIN_ACETYLTRANSFERASE_COMPLEX,GOCC_PROTEIN_ACETYLTRANSFERASE_COMPLEX]
[GOCC_SWI_SNF_SUPERFAMILY_TYPE_COMPLEX,GOCC_SWI_SNF_SUPERFAMILY_TYPE_COMPLEX] was killed by [GOCC_PROTEIN_ACETYLTRANSFERASE_COMPLEX,GOCC_PROTEIN_ACETYLTRANSFERASE_COMPLEX]
[GOBP_TRNA_WOBBLE_BASE_MODIFICATION,GOBP_TRNA_WOBBLE_BASE_MODIFICATION] was killed by [GOBP_MITOCHONDRIAL_GENE_EXPRESSION,GOBP_MITOCHONDRIAL_GENE_EXPRESSION]
[GOCC_SAGA_TYPE_COMPLEX,GOCC_SAGA_TYPE_COMPLEX] was killed by [GOCC_PROTEIN_ACETYLTRANSFERASE_COMPLEX,GOCC_PROTEIN_ACETYLTRANSFERASE_COMPLEX]
[GOBP_REGULATION_OF_MRNA_PROCESSING,GOBP_REGULATION_OF_MRNA_PROCESSING] was killed by [GOBP_ALTERNATIVE_MRNA_SPLICING_VIA_SPLICEOSOME,GOBP_ALTERNATIVE_MRNA_SPLICING_VIA_SPLICEOSOME]
[GOBP_POSITIVE_REGULATION_OF_DNA_TEMPLATED_TRANSCRIPTION_ELONGATION,GOBP_POSITIVE_REGULATION_OF_DNA_TEMPLATED_TRANSCRIPTION_ELONGATION] was killed by [GOBP_NCRNA_TRANSCRIPTION,GOBP_NCRNA_TRANSCRIPTION]
[GOBP_NUCLEOSIDE_BISPHOSPHATE_BIOSYNTHETIC_PROCESS,GOBP_NUCLEOSIDE_BISPHOSPHATE_BIOSYNTHETIC_PROCESS] was killed by [GOBP_THIOESTER_BIOSYNTHETIC_PROCESS,GOBP_THIOESTER_BIOSYNTHETIC_PROCESS]
[GOMF_TRNA_BINDING,GOMF_TRNA_BINDING] was killed by [GOBP_MITOCHONDRIAL_GENE_EXPRESSION,GOBP_MITOCHONDRIAL_GENE_EXPRESSION]
[GOBP_NUCLEOSIDE_BISPHOSPHATE_METABOLIC_PROCESS,GOBP_NUCLEOSIDE_BISPHOSPHATE_METABOLIC_PROCESS] was killed by [GOBP_THIOESTER_BIOSYNTHETIC_PROCESS,GOBP_THIOESTER_BIOSYNTHETIC_PROCESS]
[GOMF_PHOSPHOLIPASE_A2_ACTIVITY,GOMF_PHOSPHOLIPASE_A2_ACTIVITY] was killed by [GOMF_PHOSPHOLIPASE_A2_ACTIVITY_CONSUMING_1_2_DIPALMITOYLPHOSPHATIDYLCHOLINE,GOMF_PHOSPHOLIPASE_A2_ACTIVITY_CONSUMING_1_2_DIPALMITOYLPHOSPHATIDYLCHOLINE]
[GOCC_MITOCHONDRIAL_SMALL_RIBOSOMAL_SUBUNIT,GOCC_MITOCHONDRIAL_SMALL_RIBOSOMAL_SUBUNIT] was killed by [GOBP_MITOCHONDRIAL_GENE_EXPRESSION,GOBP_MITOCHONDRIAL_GENE_EXPRESSION]
[GOBP_SNRNA_TRANSCRIPTION,GOBP_SNRNA_TRANSCRIPTION] was killed by [GOCC_PROTEIN_ACETYLTRANSFERASE_COMPLEX,GOCC_PROTEIN_ACETYLTRANSFERASE_COMPLEX]
[GOBP_RNA_MODIFICATION,GOBP_RNA_MODIFICATION] was killed by [GOBP_MITOCHONDRIAL_GENE_EXPRESSION,GOBP_MITOCHONDRIAL_GENE_EXPRESSION]
[GOCC_H4_H2A_HISTONE_ACETYLTRANSFERASE_COMPLEX,GOCC_H4_H2A_HISTONE_ACETYLTRANSFERASE_COMPLEX] was killed by [GOCC_PROTEIN_ACETYLTRANSFERASE_COMPLEX,GOCC_PROTEIN_ACETYLTRANSFERASE_COMPLEX]
[GOCC_PEPTIDASE_COMPLEX,GOCC_PEPTIDASE_COMPLEX] was killed by [GOCC_PROTEIN_ACETYLTRANSFERASE_COMPLEX,GOCC_PROTEIN_ACETYLTRANSFERASE_COMPLEX]
[GOBP_THIOESTER_METABOLIC_PROCESS,GOBP_THIOESTER_METABOLIC_PROCESS] was killed by [GOBP_THIOESTER_BIOSYNTHETIC_PROCESS,GOBP_THIOESTER_BIOSYNTHETIC_PROCESS]
[GOBP_PHOSPHATIDYLCHOLINE_ACYL_CHAIN_REMODELING,GOBP_PHOSPHATIDYLCHOLINE_ACYL_CHAIN_REMODELING] was killed by [GOMF_PHOSPHOLIPASE_A2_ACTIVITY_CONSUMING_1_2_DIPALMITOYLPHOSPHATIDYLCHOLINE,GOMF_PHOSPHOLIPASE_A2_ACTIVITY_CONSUMING_1_2_DIPALMITOYLPHOSPHATIDYLCHOLINE]
[GOBP_REGULATION_OF_PROTEASOMAL_PROTEIN_CATABOLIC_PROCESS,GOBP_REGULATION_OF_PROTEASOMAL_PROTEIN_CATABOLIC_PROCESS] was killed by [GOBP_REGULATION_OF_UBIQUITIN_DEPENDENT_PROTEIN_CATABOLIC_PROCESS,GOBP_REGULATION_OF_UBIQUITIN_DEPENDENT_PROTEIN_CATABOLIC_PROCESS]
[GOBP_REGULATION_OF_ALTERNATIVE_MRNA_SPLICING_VIA_SPLICEOSOME,GOBP_REGULATION_OF_ALTERNATIVE_MRNA_SPLICING_VIA_SPLICEOSOME] was killed by [GOBP_ALTERNATIVE_MRNA_SPLICING_VIA_SPLICEOSOME,GOBP_ALTERNATIVE_MRNA_SPLICING_VIA_SPLICEOSOME]
[GOBP_ENDOTHELIAL_CELL_APOPTOTIC_PROCESS,GOBP_ENDOTHELIAL_CELL_APOPTOTIC_PROCESS] was killed by [GOBP_INTERLEUKIN_10_PRODUCTION,GOBP_INTERLEUKIN_10_PRODUCTION]
[GOMF_CALCIUM_DEPENDENT_PHOSPHOLIPASE_A2_ACTIVITY,GOMF_CALCIUM_DEPENDENT_PHOSPHOLIPASE_A2_ACTIVITY] was killed by [GOMF_PHOSPHOLIPASE_A2_ACTIVITY_CONSUMING_1_2_DIPALMITOYLPHOSPHATIDYLCHOLINE,GOMF_PHOSPHOLIPASE_A2_ACTIVITY_CONSUMING_1_2_DIPALMITOYLPHOSPHATIDYLCHOLINE]
[GOBP_HEART_FORMATION,GOBP_HEART_FORMATION] was killed by [GOBP_CELL_PROLIFERATION_INVOLVED_IN_HEART_MORPHOGENESIS,GOBP_CELL_PROLIFERATION_INVOLVED_IN_HEART_MORPHOGENESIS]
[GOBP_TRANSFORMING_GROWTH_FACTOR_BETA_PRODUCTION,GOBP_TRANSFORMING_GROWTH_FACTOR_BETA_PRODUCTION] was killed by [GOBP_INTERLEUKIN_10_PRODUCTION,GOBP_INTERLEUKIN_10_PRODUCTION]
[GOBP_CYTOPLASMIC_TRANSLATION,GOBP_CYTOPLASMIC_TRANSLATION] was killed by [GOBP_ALTERNATIVE_MRNA_SPLICING_VIA_SPLICEOSOME,GOBP_ALTERNATIVE_MRNA_SPLICING_VIA_SPLICEOSOME]
[GOBP_ANAPHASE_PROMOTING_COMPLEX_DEPENDENT_CATABOLIC_PROCESS,GOBP_ANAPHASE_PROMOTING_COMPLEX_DEPENDENT_CATABOLIC_PROCESS] was killed by [GOBP_PROTEIN_K11_LINKED_UBIQUITINATION,GOBP_PROTEIN_K11_LINKED_UBIQUITINATION]
[GOBP_REGULATION_OF_CYTOPLASMIC_TRANSLATION,GOBP_REGULATION_OF_CYTOPLASMIC_TRANSLATION] was killed by [GOBP_ALTERNATIVE_MRNA_SPLICING_VIA_SPLICEOSOME,GOBP_ALTERNATIVE_MRNA_SPLICING_VIA_SPLICEOSOME]
[GOCC_RIBOSOMAL_SUBUNIT,GOCC_RIBOSOMAL_SUBUNIT] was killed by [GOBP_MITOCHONDRIAL_GENE_EXPRESSION,GOBP_MITOCHONDRIAL_GENE_EXPRESSION]
[GOBP_BRANCHING_MORPHOGENESIS_OF_AN_EPITHELIAL_TUBE,GOBP_BRANCHING_MORPHOGENESIS_OF_AN_EPITHELIAL_TUBE] was killed by [GOBP_CELL_PROLIFERATION_INVOLVED_IN_HEART_MORPHOGENESIS,GOBP_CELL_PROLIFERATION_INVOLVED_IN_HEART_MORPHOGENESIS]
[GOMF_PHOSPHOLIPASE_ACTIVITY,GOMF_PHOSPHOLIPASE_ACTIVITY] was killed by [GOMF_PHOSPHOLIPASE_A2_ACTIVITY_CONSUMING_1_2_DIPALMITOYLPHOSPHATIDYLCHOLINE,GOMF_PHOSPHOLIPASE_A2_ACTIVITY_CONSUMING_1_2_DIPALMITOYLPHOSPHATIDYLCHOLINE]
[GOBP_REGULATION_OF_INTRINSIC_APOPTOTIC_SIGNALING_PATHWAY,GOBP_REGULATION_OF_INTRINSIC_APOPTOTIC_SIGNALING_PATHWAY] was killed by [GOBP_REGULATION_OF_UBIQUITIN_DEPENDENT_PROTEIN_CATABOLIC_PROCESS,GOBP_REGULATION_OF_UBIQUITIN_DEPENDENT_PROTEIN_CATABOLIC_PROCESS]
[GOBP_POSITIVE_REGULATION_OF_CHROMOSOME_ORGANIZATION,GOBP_POSITIVE_REGULATION_OF_CHROMOSOME_ORGANIZATION] was killed by [GOCC_PROTEIN_ACETYLTRANSFERASE_COMPLEX,GOCC_PROTEIN_ACETYLTRANSFERASE_COMPLEX]
[GOBP_REGULATION_OF_ANOIKIS,GOBP_REGULATION_OF_ANOIKIS] was killed by [GOBP_CELL_PROLIFERATION_INVOLVED_IN_HEART_MORPHOGENESIS,GOBP_CELL_PROLIFERATION_INVOLVED_IN_HEART_MORPHOGENESIS]
[GOBP_REGULATION_OF_PROTEASOMAL_UBIQUITIN_DEPENDENT_PROTEIN_CATABOLIC_PROCESS,GOBP_REGULATION_OF_PROTEASOMAL_UBIQUITIN_DEPENDENT_PROTEIN_CATABOLIC_PROCESS] was killed by [GOBP_REGULATION_OF_UBIQUITIN_DEPENDENT_PROTEIN_CATABOLIC_PROCESS,GOBP_REGULATION_OF_UBIQUITIN_DEPENDENT_PROTEIN_CATABOLIC_PROCESS]
[GOMF_MHC_PROTEIN_COMPLEX_BINDING,GOMF_MHC_PROTEIN_COMPLEX_BINDING] was killed by [GOBP_INTERLEUKIN_10_PRODUCTION,GOBP_INTERLEUKIN_10_PRODUCTION]
[GOBP_AMINE_METABOLIC_PROCESS,GOBP_AMINE_METABOLIC_PROCESS] was killed by [GOBP_RESPONSE_TO_OSMOTIC_STRESS,GOBP_RESPONSE_TO_OSMOTIC_STRESS]
[GOMF_MHC_CLASS_II_PROTEIN_COMPLEX_BINDING,GOMF_MHC_CLASS_II_PROTEIN_COMPLEX_BINDING] was killed by [GOBP_POSITIVE_REGULATION_OF_CYTOPLASMIC_TRANSLATION,GOBP_POSITIVE_REGULATION_OF_CYTOPLASMIC_TRANSLATION]
[GOBP_FATTY_ACYL_COA_METABOLIC_PROCESS,GOBP_FATTY_ACYL_COA_METABOLIC_PROCESS] was killed by [GOBP_THIOESTER_BIOSYNTHETIC_PROCESS,GOBP_THIOESTER_BIOSYNTHETIC_PROCESS]
[GOCC_H4_HISTONE_ACETYLTRANSFERASE_COMPLEX,GOCC_H4_HISTONE_ACETYLTRANSFERASE_COMPLEX] was killed by [GOCC_PROTEIN_ACETYLTRANSFERASE_COMPLEX,GOCC_PROTEIN_ACETYLTRANSFERASE_COMPLEX]
[GOBP_HISTONE_H2A_ACETYLATION,GOBP_HISTONE_H2A_ACETYLATION] was killed by [GOCC_PROTEIN_ACETYLTRANSFERASE_COMPLEX,GOCC_PROTEIN_ACETYLTRANSFERASE_COMPLEX]
[GOBP_MORPHOGENESIS_OF_A_BRANCHING_STRUCTURE,GOBP_MORPHOGENESIS_OF_A_BRANCHING_STRUCTURE] was killed by [GOBP_CELL_PROLIFERATION_INVOLVED_IN_HEART_MORPHOGENESIS,GOBP_CELL_PROLIFERATION_INVOLVED_IN_HEART_MORPHOGENESIS]
[GOMF_STRUCTURAL_CONSTITUENT_OF_RIBOSOME,GOMF_STRUCTURAL_CONSTITUENT_OF_RIBOSOME] was killed by [GOBP_MITOCHONDRIAL_GENE_EXPRESSION,GOBP_MITOCHONDRIAL_GENE_EXPRESSION]
[GOCC_SAGA_COMPLEX,GOCC_SAGA_COMPLEX] was killed by [GOCC_PROTEIN_ACETYLTRANSFERASE_COMPLEX,GOCC_PROTEIN_ACETYLTRANSFERASE_COMPLEX]
[GOBP_NEGATIVE_REGULATION_OF_CELL_CYCLE_G2_M_PHASE_TRANSITION,GOBP_NEGATIVE_REGULATION_OF_CELL_CYCLE_G2_M_PHASE_TRANSITION] was killed by [GOBP_RECOMBINATIONAL_REPAIR,GOBP_RECOMBINATIONAL_REPAIR]
[GOBP_TRANSCRIPTION_BY_RNA_POLYMERASE_III,GOBP_TRANSCRIPTION_BY_RNA_POLYMERASE_III] was killed by [GOBP_NCRNA_TRANSCRIPTION,GOBP_NCRNA_TRANSCRIPTION]
[GOBP_RESPONSE_TO_UV,GOBP_RESPONSE_TO_UV] was killed by [GOBP_RECOMBINATIONAL_REPAIR,GOBP_RECOMBINATIONAL_REPAIR]
[GOBP_NEGATIVE_REGULATION_OF_ENDOTHELIAL_CELL_APOPTOTIC_PROCESS,GOBP_NEGATIVE_REGULATION_OF_ENDOTHELIAL_CELL_APOPTOTIC_PROCESS] was killed by [GOBP_INTERLEUKIN_10_PRODUCTION,GOBP_INTERLEUKIN_10_PRODUCTION]
[GOMF_MIRNA_BINDING,GOMF_MIRNA_BINDING] was killed by [GOBP_ALTERNATIVE_MRNA_SPLICING_VIA_SPLICEOSOME,GOBP_ALTERNATIVE_MRNA_SPLICING_VIA_SPLICEOSOME]
[GOBP_DNA_DEPENDENT_DNA_REPLICATION,GOBP_DNA_DEPENDENT_DNA_REPLICATION] was killed by [GOBP_RECOMBINATIONAL_REPAIR,GOBP_RECOMBINATIONAL_REPAIR]
[GOCC_PROTEASOME_ACCESSORY_COMPLEX,GOCC_PROTEASOME_ACCESSORY_COMPLEX] was killed by [GOBP_REGULATION_OF_CELLULAR_AMINE_METABOLIC_PROCESS,GOBP_REGULATION_OF_CELLULAR_AMINE_METABOLIC_PROCESS]
[GOBP_PHOSPHATIDYLINOSITOL_ACYL_CHAIN_REMODELING,GOBP_PHOSPHATIDYLINOSITOL_ACYL_CHAIN_REMODELING] was killed by [GOMF_PHOSPHOLIPASE_A2_ACTIVITY_CONSUMING_1_2_DIPALMITOYLPHOSPHATIDYLCHOLINE,GOMF_PHOSPHOLIPASE_A2_ACTIVITY_CONSUMING_1_2_DIPALMITOYLPHOSPHATIDYLCHOLINE]
[GOCC_CORE_MEDIATOR_COMPLEX,GOCC_CORE_MEDIATOR_COMPLEX] was killed by [GOCC_MEDIATOR_COMPLEX,GOCC_MEDIATOR_COMPLEX]
[GOBP_POSITIVE_REGULATION_OF_DNA_METABOLIC_PROCESS,GOBP_POSITIVE_REGULATION_OF_DNA_METABOLIC_PROCESS] was killed by [GOBP_RECOMBINATIONAL_REPAIR,GOBP_RECOMBINATIONAL_REPAIR]
[GOBP_REGULATION_OF_DNA_DEPENDENT_DNA_REPLICATION,GOBP_REGULATION_OF_DNA_DEPENDENT_DNA_REPLICATION] was killed by [GOBP_RECOMBINATIONAL_REPAIR,GOBP_RECOMBINATIONAL_REPAIR]
[GOBP_POSITIVE_REGULATION_OF_CELLULAR_PROTEIN_CATABOLIC_PROCESS,GOBP_POSITIVE_REGULATION_OF_CELLULAR_PROTEIN_CATABOLIC_PROCESS] was killed by [GOBP_REGULATION_OF_UBIQUITIN_DEPENDENT_PROTEIN_CATABOLIC_PROCESS,GOBP_REGULATION_OF_UBIQUITIN_DEPENDENT_PROTEIN_CATABOLIC_PROCESS]
[GOBP_POSITIVE_REGULATION_OF_PROTEOLYSIS_INVOLVED_IN_CELLULAR_PROTEIN_CATABOLIC_PROCESS,GOBP_POSITIVE_REGULATION_OF_PROTEOLYSIS_INVOLVED_IN_CELLULAR_PROTEIN_CATABOLIC_PROCESS] was killed by [GOBP_REGULATION_OF_UBIQUITIN_DEPENDENT_PROTEIN_CATABOLIC_PROCESS,GOBP_REGULATION_OF_UBIQUITIN_DEPENDENT_PROTEIN_CATABOLIC_PROCESS]
[GOBP_RESPONSE_TO_GAMMA_RADIATION,GOBP_RESPONSE_TO_GAMMA_RADIATION] was killed by [GOBP_RECOMBINATIONAL_REPAIR,GOBP_RECOMBINATIONAL_REPAIR]
[GOBP_NEGATIVE_REGULATION_OF_ANOIKIS,GOBP_NEGATIVE_REGULATION_OF_ANOIKIS] was killed by [GOBP_CELL_PROLIFERATION_INVOLVED_IN_HEART_MORPHOGENESIS,GOBP_CELL_PROLIFERATION_INVOLVED_IN_HEART_MORPHOGENESIS]
[GOMF_LIPASE_INHIBITOR_ACTIVITY,GOMF_LIPASE_INHIBITOR_ACTIVITY] was killed by [GOBP_NEGATIVE_REGULATION_OF_TUMOR_NECROSIS_FACTOR_MEDIATED_SIGNALING_PATHWAY,GOBP_NEGATIVE_REGULATION_OF_TUMOR_NECROSIS_FACTOR_MEDIATED_SIGNALING_PATHWAY]
[GOBP_REGULATION_OF_ATPASE_ACTIVITY,GOBP_REGULATION_OF_ATPASE_ACTIVITY] was killed by [GOBP_POSITIVE_REGULATION_OF_ATPASE_ACTIVITY,GOBP_POSITIVE_REGULATION_OF_ATPASE_ACTIVITY]
[GOBP_NEGATIVE_REGULATION_OF_MYELOID_CELL_DIFFERENTIATION,GOBP_NEGATIVE_REGULATION_OF_MYELOID_CELL_DIFFERENTIATION] was killed by [GOBP_INTERLEUKIN_10_PRODUCTION,GOBP_INTERLEUKIN_10_PRODUCTION]
[GOCC_STAGA_COMPLEX,GOCC_STAGA_COMPLEX] was killed by [GOCC_PROTEIN_ACETYLTRANSFERASE_COMPLEX,GOCC_PROTEIN_ACETYLTRANSFERASE_COMPLEX]
[GOMF_DNA_DEPENDENT_ATPASE_ACTIVITY,GOMF_DNA_DEPENDENT_ATPASE_ACTIVITY] was killed by [GOBP_RECOMBINATIONAL_REPAIR,GOBP_RECOMBINATIONAL_REPAIR]
[GOBP_POSITIVE_REGULATION_OF_CANONICAL_WNT_SIGNALING_PATHWAY,GOBP_POSITIVE_REGULATION_OF_CANONICAL_WNT_SIGNALING_PATHWAY] was killed by [GOBP_REGULATION_OF_UBIQUITIN_DEPENDENT_PROTEIN_CATABOLIC_PROCESS,GOBP_REGULATION_OF_UBIQUITIN_DEPENDENT_PROTEIN_CATABOLIC_PROCESS]
[GOBP_MITOCHONDRIAL_RNA_METABOLIC_PROCESS,GOBP_MITOCHONDRIAL_RNA_METABOLIC_PROCESS] was killed by [GOBP_MITOCHONDRIAL_GENE_EXPRESSION,GOBP_MITOCHONDRIAL_GENE_EXPRESSION]
[GOCC_SPLICEOSOMAL_COMPLEX,GOCC_SPLICEOSOMAL_COMPLEX] was killed by [GOBP_ALTERNATIVE_MRNA_SPLICING_VIA_SPLICEOSOME,GOBP_ALTERNATIVE_MRNA_SPLICING_VIA_SPLICEOSOME]
[GOBP_FATTY_ACYL_COA_BIOSYNTHETIC_PROCESS,GOBP_FATTY_ACYL_COA_BIOSYNTHETIC_PROCESS] was killed by [GOBP_THIOESTER_BIOSYNTHETIC_PROCESS,GOBP_THIOESTER_BIOSYNTHETIC_PROCESS]
[GOBP_GLUTAMATE_METABOLIC_PROCESS,GOBP_GLUTAMATE_METABOLIC_PROCESS] was killed by [GOBP_REGULATION_OF_CELLULAR_AMINE_METABOLIC_PROCESS,GOBP_REGULATION_OF_CELLULAR_AMINE_METABOLIC_PROCESS]
[GOBP_DNA_DAMAGE_RESPONSE_SIGNAL_TRANSDUCTION_BY_P53_CLASS_MEDIATOR,GOBP_DNA_DAMAGE_RESPONSE_SIGNAL_TRANSDUCTION_BY_P53_CLASS_MEDIATOR] was killed by [GOBP_RECOMBINATIONAL_REPAIR,GOBP_RECOMBINATIONAL_REPAIR]
[GOCC_INO80_TYPE_COMPLEX,GOCC_INO80_TYPE_COMPLEX] was killed by [GOCC_PROTEIN_ACETYLTRANSFERASE_COMPLEX,GOCC_PROTEIN_ACETYLTRANSFERASE_COMPLEX]
[GOBP_PSEUDOURIDINE_SYNTHESIS,GOBP_PSEUDOURIDINE_SYNTHESIS] was killed by [GOBP_MITOCHONDRIAL_GENE_EXPRESSION,GOBP_MITOCHONDRIAL_GENE_EXPRESSION]
[GOBP_OTIC_VESICLE_DEVELOPMENT,GOBP_OTIC_VESICLE_DEVELOPMENT] was killed by [GOBP_CELL_PROLIFERATION_INVOLVED_IN_HEART_MORPHOGENESIS,GOBP_CELL_PROLIFERATION_INVOLVED_IN_HEART_MORPHOGENESIS]
[GOBP_DNA_DAMAGE_RESPONSE_DETECTION_OF_DNA_DAMAGE,GOBP_DNA_DAMAGE_RESPONSE_DETECTION_OF_DNA_DAMAGE] was killed by [GOBP_MITOCHONDRIAL_GENE_EXPRESSION,GOBP_MITOCHONDRIAL_GENE_EXPRESSION]
[GOBP_NEGATIVE_REGULATION_OF_AUTOPHAGY,GOBP_NEGATIVE_REGULATION_OF_AUTOPHAGY] was killed by [GOBP_REGULATION_OF_UBIQUITIN_DEPENDENT_PROTEIN_CATABOLIC_PROCESS,GOBP_REGULATION_OF_UBIQUITIN_DEPENDENT_PROTEIN_CATABOLIC_PROCESS]
[GOBP_POSITIVE_REGULATION_OF_TRANSCRIPTION_INITIATION_FROM_RNA_POLYMERASE_II_PROMOTER,GOBP_POSITIVE_REGULATION_OF_TRANSCRIPTION_INITIATION_FROM_RNA_POLYMERASE_II_PROMOTER] was killed by [GOBP_POSITIVE_REGULATION_OF_CYTOPLASMIC_TRANSLATION,GOBP_POSITIVE_REGULATION_OF_CYTOPLASMIC_TRANSLATION]
[GOBP_REGULATION_OF_KIDNEY_DEVELOPMENT,GOBP_REGULATION_OF_KIDNEY_DEVELOPMENT] was killed by [GOBP_CELL_PROLIFERATION_INVOLVED_IN_HEART_MORPHOGENESIS,GOBP_CELL_PROLIFERATION_INVOLVED_IN_HEART_MORPHOGENESIS]
[GOBP_COLLAGEN_METABOLIC_PROCESS,GOBP_COLLAGEN_METABOLIC_PROCESS] was killed by [GOCC_PLATELET_ALPHA_GRANULE_LUMEN,GOCC_PLATELET_ALPHA_GRANULE_LUMEN]
[GOBP_ACETYL_COA_BIOSYNTHETIC_PROCESS,GOBP_ACETYL_COA_BIOSYNTHETIC_PROCESS] was killed by [GOBP_THIOESTER_BIOSYNTHETIC_PROCESS,GOBP_THIOESTER_BIOSYNTHETIC_PROCESS]
[GOCC_LAMELLIPODIUM_MEMBRANE,GOCC_LAMELLIPODIUM_MEMBRANE] was killed by [GOBP_REGULATION_OF_TRANSFORMING_GROWTH_FACTOR_BETA_ACTIVATION,GOBP_REGULATION_OF_TRANSFORMING_GROWTH_FACTOR_BETA_ACTIVATION]
[GOCC_SWR1_COMPLEX,GOCC_SWR1_COMPLEX] was killed by [GOCC_PROTEIN_ACETYLTRANSFERASE_COMPLEX,GOCC_PROTEIN_ACETYLTRANSFERASE_COMPLEX]
[GOMF_HISTONE_DEMETHYLASE_ACTIVITY_H3_K9_SPECIFIC,GOMF_HISTONE_DEMETHYLASE_ACTIVITY_H3_K9_SPECIFIC] was killed by [GOBP_RECOMBINATIONAL_REPAIR,GOBP_RECOMBINATIONAL_REPAIR]
[GOBP_POSITIVE_REGULATION_OF_TRANSCRIPTION_ELONGATION_FROM_RNA_POLYMERASE_II_PROMOTER,GOBP_POSITIVE_REGULATION_OF_TRANSCRIPTION_ELONGATION_FROM_RNA_POLYMERASE_II_PROMOTER] was killed by [GOBP_NCRNA_TRANSCRIPTION,GOBP_NCRNA_TRANSCRIPTION]
[GOBP_PHOSPHATIDYLSERINE_METABOLIC_PROCESS,GOBP_PHOSPHATIDYLSERINE_METABOLIC_PROCESS] was killed by [GOMF_PHOSPHOLIPASE_A2_ACTIVITY_CONSUMING_1_2_DIPALMITOYLPHOSPHATIDYLCHOLINE,GOMF_PHOSPHOLIPASE_A2_ACTIVITY_CONSUMING_1_2_DIPALMITOYLPHOSPHATIDYLCHOLINE]
[GOBP_POSITIVE_REGULATION_OF_UBIQUITIN_DEPENDENT_PROTEIN_CATABOLIC_PROCESS,GOBP_POSITIVE_REGULATION_OF_UBIQUITIN_DEPENDENT_PROTEIN_CATABOLIC_PROCESS] was killed by [GOBP_REGULATION_OF_UBIQUITIN_DEPENDENT_PROTEIN_CATABOLIC_PROCESS,GOBP_REGULATION_OF_UBIQUITIN_DEPENDENT_PROTEIN_CATABOLIC_PROCESS]
[GOBP_METANEPHROS_DEVELOPMENT,GOBP_METANEPHROS_DEVELOPMENT] was killed by [GOBP_CELL_PROLIFERATION_INVOLVED_IN_HEART_MORPHOGENESIS,GOBP_CELL_PROLIFERATION_INVOLVED_IN_HEART_MORPHOGENESIS]
[GOCC_POSTSYNAPTIC_CYTOSOL,GOCC_POSTSYNAPTIC_CYTOSOL] was killed by [GOBP_POSITIVE_REGULATION_OF_CYTOPLASMIC_TRANSLATION,GOBP_POSITIVE_REGULATION_OF_CYTOPLASMIC_TRANSLATION]
[GOBP_NEPHRON_MORPHOGENESIS,GOBP_NEPHRON_MORPHOGENESIS] was killed by [GOBP_CELL_PROLIFERATION_INVOLVED_IN_HEART_MORPHOGENESIS,GOBP_CELL_PROLIFERATION_INVOLVED_IN_HEART_MORPHOGENESIS]
[GOBP_VIRAL_TRANSLATION,GOBP_VIRAL_TRANSLATION] was killed by [GOBP_ALTERNATIVE_MRNA_SPLICING_VIA_SPLICEOSOME,GOBP_ALTERNATIVE_MRNA_SPLICING_VIA_SPLICEOSOME]
[GOBP_REGULATION_OF_ATP_BIOSYNTHETIC_PROCESS,GOBP_REGULATION_OF_ATP_BIOSYNTHETIC_PROCESS] was killed by [GOBP_INTERLEUKIN_10_PRODUCTION,GOBP_INTERLEUKIN_10_PRODUCTION]
[GOBP_SPINDLE_MIDZONE_ASSEMBLY,GOBP_SPINDLE_MIDZONE_ASSEMBLY] was killed by [GOMF_METAL_CLUSTER_BINDING,GOMF_METAL_CLUSTER_BINDING]
[GOBP_TRANSFORMING_GROWTH_FACTOR_BETA_ACTIVATION,GOBP_TRANSFORMING_GROWTH_FACTOR_BETA_ACTIVATION] was killed by [GOBP_REGULATION_OF_TRANSFORMING_GROWTH_FACTOR_BETA_ACTIVATION,GOBP_REGULATION_OF_TRANSFORMING_GROWTH_FACTOR_BETA_ACTIVATION]
[GOCC_ENDORIBONUCLEASE_COMPLEX,GOCC_ENDORIBONUCLEASE_COMPLEX] was killed by [GOBP_POSITIVE_REGULATION_OF_CYTOPLASMIC_TRANSLATION,GOBP_POSITIVE_REGULATION_OF_CYTOPLASMIC_TRANSLATION]
[GOBP_ERROR_PRONE_TRANSLESION_SYNTHESIS,GOBP_ERROR_PRONE_TRANSLESION_SYNTHESIS] was killed by [GOBP_RECOMBINATIONAL_REPAIR,GOBP_RECOMBINATIONAL_REPAIR]
[GOBP_AMYLOID_FIBRIL_FORMATION,GOBP_AMYLOID_FIBRIL_FORMATION] was killed by [GOBP_REGULATION_OF_UBIQUITIN_DEPENDENT_PROTEIN_CATABOLIC_PROCESS,GOBP_REGULATION_OF_UBIQUITIN_DEPENDENT_PROTEIN_CATABOLIC_PROCESS]
[GOCC_TRANSCRIPTION_FACTOR_TFTC_COMPLEX,GOCC_TRANSCRIPTION_FACTOR_TFTC_COMPLEX] was killed by [GOCC_PROTEIN_ACETYLTRANSFERASE_COMPLEX,GOCC_PROTEIN_ACETYLTRANSFERASE_COMPLEX]
[GOCC_LARGE_RIBOSOMAL_SUBUNIT,GOCC_LARGE_RIBOSOMAL_SUBUNIT] was killed by [GOBP_MITOCHONDRIAL_GENE_EXPRESSION,GOBP_MITOCHONDRIAL_GENE_EXPRESSION]
[GOBP_SULFUR_COMPOUND_CATABOLIC_PROCESS,GOBP_SULFUR_COMPOUND_CATABOLIC_PROCESS] was killed by [GOBP_THIOESTER_BIOSYNTHETIC_PROCESS,GOBP_THIOESTER_BIOSYNTHETIC_PROCESS]
[GOBP_REGULATION_OF_POTASSIUM_ION_TRANSPORT,GOBP_REGULATION_OF_POTASSIUM_ION_TRANSPORT] was killed by [GOBP_REGULATION_OF_UBIQUITIN_DEPENDENT_PROTEIN_CATABOLIC_PROCESS,GOBP_REGULATION_OF_UBIQUITIN_DEPENDENT_PROTEIN_CATABOLIC_PROCESS]
[GOBP_ESTABLISHMENT_OF_RNA_LOCALIZATION,GOBP_ESTABLISHMENT_OF_RNA_LOCALIZATION] was killed by [GOBP_ALTERNATIVE_MRNA_SPLICING_VIA_SPLICEOSOME,GOBP_ALTERNATIVE_MRNA_SPLICING_VIA_SPLICEOSOME]
[GOBP_SPINDLE_ELONGATION,GOBP_SPINDLE_ELONGATION] was killed by [GOMF_METAL_CLUSTER_BINDING,GOMF_METAL_CLUSTER_BINDING]
[GOBP_REGULATION_OF_TRANSCRIPTION_INITIATION_FROM_RNA_POLYMERASE_II_PROMOTER,GOBP_REGULATION_OF_TRANSCRIPTION_INITIATION_FROM_RNA_POLYMERASE_II_PROMOTER] was killed by [GOBP_POSITIVE_REGULATION_OF_CYTOPLASMIC_TRANSLATION,GOBP_POSITIVE_REGULATION_OF_CYTOPLASMIC_TRANSLATION]
[GOBP_REGULATION_OF_VESICLE_FUSION,GOBP_REGULATION_OF_VESICLE_FUSION] was killed by [GOMF_PHOSPHOLIPASE_INHIBITOR_ACTIVITY,GOMF_PHOSPHOLIPASE_INHIBITOR_ACTIVITY]
[GOBP_REGULATION_OF_PHOSPHOLIPASE_C_ACTIVITY,GOBP_REGULATION_OF_PHOSPHOLIPASE_C_ACTIVITY] was killed by [GOBP_REGULATION_OF_MICROTUBULE_BINDING,GOBP_REGULATION_OF_MICROTUBULE_BINDING]
[GOBP_PHOSPHATIDYLCHOLINE_METABOLIC_PROCESS,GOBP_PHOSPHATIDYLCHOLINE_METABOLIC_PROCESS] was killed by [GOMF_PHOSPHOLIPASE_A2_ACTIVITY_CONSUMING_1_2_DIPALMITOYLPHOSPHATIDYLCHOLINE,GOMF_PHOSPHOLIPASE_A2_ACTIVITY_CONSUMING_1_2_DIPALMITOYLPHOSPHATIDYLCHOLINE]
[GOBP_CARDIAC_ATRIUM_DEVELOPMENT,GOBP_CARDIAC_ATRIUM_DEVELOPMENT] was killed by [GOBP_CELL_PROLIFERATION_INVOLVED_IN_HEART_MORPHOGENESIS,GOBP_CELL_PROLIFERATION_INVOLVED_IN_HEART_MORPHOGENESIS]
[GOBP_REGULATION_OF_POTASSIUM_ION_TRANSMEMBRANE_TRANSPORTER_ACTIVITY,GOBP_REGULATION_OF_POTASSIUM_ION_TRANSMEMBRANE_TRANSPORTER_ACTIVITY] was killed by [GOBP_REGULATION_OF_UBIQUITIN_DEPENDENT_PROTEIN_CATABOLIC_PROCESS,GOBP_REGULATION_OF_UBIQUITIN_DEPENDENT_PROTEIN_CATABOLIC_PROCESS]
[GOMF_TAU_PROTEIN_BINDING,GOMF_TAU_PROTEIN_BINDING] was killed by [GOBP_REGULATION_OF_UBIQUITIN_DEPENDENT_PROTEIN_CATABOLIC_PROCESS,GOBP_REGULATION_OF_UBIQUITIN_DEPENDENT_PROTEIN_CATABOLIC_PROCESS]
[GOCC_POLYSOMAL_RIBOSOME,GOCC_POLYSOMAL_RIBOSOME] was killed by [GOBP_ALTERNATIVE_MRNA_SPLICING_VIA_SPLICEOSOME,GOBP_ALTERNATIVE_MRNA_SPLICING_VIA_SPLICEOSOME]
[GOMF_NUCLEAR_RECEPTOR_COACTIVATOR_ACTIVITY,GOMF_NUCLEAR_RECEPTOR_COACTIVATOR_ACTIVITY] was killed by [GOCC_PROTEIN_ACETYLTRANSFERASE_COMPLEX,GOCC_PROTEIN_ACETYLTRANSFERASE_COMPLEX]
[GOMF_PROTEIN_DEMETHYLASE_ACTIVITY,GOMF_PROTEIN_DEMETHYLASE_ACTIVITY] was killed by [GOBP_RECOMBINATIONAL_REPAIR,GOBP_RECOMBINATIONAL_REPAIR]
[GOBP_RRNA_PSEUDOURIDINE_SYNTHESIS,GOBP_RRNA_PSEUDOURIDINE_SYNTHESIS] was killed by [GOBP_MITOCHONDRIAL_GENE_EXPRESSION,GOBP_MITOCHONDRIAL_GENE_EXPRESSION]
[GOCC_ENDOPLASMIC_RETICULUM_GOLGI_INTERMEDIATE_COMPARTMENT_MEMBRANE,GOCC_ENDOPLASMIC_RETICULUM_GOLGI_INTERMEDIATE_COMPARTMENT_MEMBRANE] was killed by [GOCC_PLATELET_ALPHA_GRANULE_LUMEN,GOCC_PLATELET_ALPHA_GRANULE_LUMEN]
[GOBP_TRNA_THREONYLCARBAMOYLADENOSINE_METABOLIC_PROCESS,GOBP_TRNA_THREONYLCARBAMOYLADENOSINE_METABOLIC_PROCESS] was killed by [GOBP_MITOCHONDRIAL_GENE_EXPRESSION,GOBP_MITOCHONDRIAL_GENE_EXPRESSION]
[GOCC_GOLGI_LUMEN,GOCC_GOLGI_LUMEN] was killed by [GOCC_PLATELET_ALPHA_GRANULE_LUMEN,GOCC_PLATELET_ALPHA_GRANULE_LUMEN]
[GOCC_ELONGATOR_HOLOENZYME_COMPLEX,GOCC_ELONGATOR_HOLOENZYME_COMPLEX] was killed by [GOMF_METAL_CLUSTER_BINDING,GOMF_METAL_CLUSTER_BINDING]
[GOBP_POSITIVE_REGULATION_OF_SISTER_CHROMATID_COHESION,GOBP_POSITIVE_REGULATION_OF_SISTER_CHROMATID_COHESION] was killed by [GOBP_RECOMBINATIONAL_REPAIR,GOBP_RECOMBINATIONAL_REPAIR]
[GOCC_NURF_COMPLEX,GOCC_NURF_COMPLEX] was killed by [GOCC_ISWI_TYPE_COMPLEX,GOCC_ISWI_TYPE_COMPLEX]
[GOMF_FERROUS_IRON_BINDING,GOMF_FERROUS_IRON_BINDING] was killed by [GOMF_METAL_CLUSTER_BINDING,GOMF_METAL_CLUSTER_BINDING]
[GOCC_PROTEIN_PHOSPHATASE_TYPE_1_COMPLEX,GOCC_PROTEIN_PHOSPHATASE_TYPE_1_COMPLEX] was killed by [GOBP_POSITIVE_REGULATION_OF_CYTOPLASMIC_TRANSLATION,GOBP_POSITIVE_REGULATION_OF_CYTOPLASMIC_TRANSLATION]
[GOBP_ACETYL_COA_METABOLIC_PROCESS,GOBP_ACETYL_COA_METABOLIC_PROCESS] was killed by [GOBP_THIOESTER_BIOSYNTHETIC_PROCESS,GOBP_THIOESTER_BIOSYNTHETIC_PROCESS]
[GOCC_RNA_POLYMERASE_II_TRANSCRIPTION_REGULATOR_COMPLEX,GOCC_RNA_POLYMERASE_II_TRANSCRIPTION_REGULATOR_COMPLEX] was killed by [GOCC_PROTEIN_ACETYLTRANSFERASE_COMPLEX,GOCC_PROTEIN_ACETYLTRANSFERASE_COMPLEX]
[GOBP_TRNA_MODIFICATION,GOBP_TRNA_MODIFICATION] was killed by [GOBP_MITOCHONDRIAL_GENE_EXPRESSION,GOBP_MITOCHONDRIAL_GENE_EXPRESSION]
[GOBP_PHOSPHATIDYLSERINE_ACYL_CHAIN_REMODELING,GOBP_PHOSPHATIDYLSERINE_ACYL_CHAIN_REMODELING] was killed by [GOMF_PHOSPHOLIPASE_A2_ACTIVITY_CONSUMING_1_2_DIPALMITOYLPHOSPHATIDYLCHOLINE,GOMF_PHOSPHOLIPASE_A2_ACTIVITY_CONSUMING_1_2_DIPALMITOYLPHOSPHATIDYLCHOLINE]
[GOCC_ANAPHASE_PROMOTING_COMPLEX,GOCC_ANAPHASE_PROMOTING_COMPLEX] was killed by [GOBP_PROTEIN_K11_LINKED_UBIQUITINATION,GOBP_PROTEIN_K11_LINKED_UBIQUITINATION]
[GOBP_LEUKOCYTE_HOMEOSTASIS,GOBP_LEUKOCYTE_HOMEOSTASIS] was killed by [GOBP_INTERLEUKIN_10_PRODUCTION,GOBP_INTERLEUKIN_10_PRODUCTION]
[GOBP_REGULATION_OF_BRANCHING_INVOLVED_IN_URETERIC_BUD_MORPHOGENESIS,GOBP_REGULATION_OF_BRANCHING_INVOLVED_IN_URETERIC_BUD_MORPHOGENESIS] was killed by [GOBP_CELL_PROLIFERATION_INVOLVED_IN_HEART_MORPHOGENESIS,GOBP_CELL_PROLIFERATION_INVOLVED_IN_HEART_MORPHOGENESIS]
[GOBP_REGULATION_OF_MRNA_SPLICING_VIA_SPLICEOSOME,GOBP_REGULATION_OF_MRNA_SPLICING_VIA_SPLICEOSOME] was killed by [GOBP_ALTERNATIVE_MRNA_SPLICING_VIA_SPLICEOSOME,GOBP_ALTERNATIVE_MRNA_SPLICING_VIA_SPLICEOSOME]
[GOMF_CYCLIN_DEPENDENT_PROTEIN_SERINE_THREONINE_KINASE_REGULATOR_ACTIVITY,GOMF_CYCLIN_DEPENDENT_PROTEIN_SERINE_THREONINE_KINASE_REGULATOR_ACTIVITY] was killed by [GOBP_NCRNA_TRANSCRIPTION,GOBP_NCRNA_TRANSCRIPTION]
[GOCC_RNAI_EFFECTOR_COMPLEX,GOCC_RNAI_EFFECTOR_COMPLEX] was killed by [GOBP_POSITIVE_REGULATION_OF_CYTOPLASMIC_TRANSLATION,GOBP_POSITIVE_REGULATION_OF_CYTOPLASMIC_TRANSLATION]
[GOMF_ADENYLYLTRANSFERASE_ACTIVITY,GOMF_ADENYLYLTRANSFERASE_ACTIVITY] was killed by [GOBP_REGULATION_OF_MICROTUBULE_BINDING,GOBP_REGULATION_OF_MICROTUBULE_BINDING]
[GOBP_REPLICATION_FORK_PROCESSING,GOBP_REPLICATION_FORK_PROCESSING] was killed by [GOBP_RECOMBINATIONAL_REPAIR,GOBP_RECOMBINATIONAL_REPAIR]
[GOBP_NEURON_FATE_COMMITMENT,GOBP_NEURON_FATE_COMMITMENT] was killed by [GOBP_CELL_PROLIFERATION_INVOLVED_IN_HEART_MORPHOGENESIS,GOBP_CELL_PROLIFERATION_INVOLVED_IN_HEART_MORPHOGENESIS]
[GOBP_NEGATIVE_REGULATION_OF_INTRINSIC_APOPTOTIC_SIGNALING_PATHWAY,GOBP_NEGATIVE_REGULATION_OF_INTRINSIC_APOPTOTIC_SIGNALING_PATHWAY] was killed by [GOBP_REGULATION_OF_UBIQUITIN_DEPENDENT_PROTEIN_CATABOLIC_PROCESS,GOBP_REGULATION_OF_UBIQUITIN_DEPENDENT_PROTEIN_CATABOLIC_PROCESS]
[GOBP_POSITIVE_REGULATION_OF_CELL_MIGRATION_INVOLVED_IN_SPROUTING_ANGIOGENESIS,GOBP_POSITIVE_REGULATION_OF_CELL_MIGRATION_INVOLVED_IN_SPROUTING_ANGIOGENESIS] was killed by [GOBP_REGULATION_OF_MICROTUBULE_BINDING,GOBP_REGULATION_OF_MICROTUBULE_BINDING]
[GOBP_EMBRYONIC_APPENDAGE_MORPHOGENESIS,GOBP_EMBRYONIC_APPENDAGE_MORPHOGENESIS] was killed by [GOBP_CELL_PROLIFERATION_INVOLVED_IN_HEART_MORPHOGENESIS,GOBP_CELL_PROLIFERATION_INVOLVED_IN_HEART_MORPHOGENESIS]
[GOBP_NEGATIVE_REGULATION_OF_PROTEIN_MODIFICATION_BY_SMALL_PROTEIN_CONJUGATION_OR_REMOVAL,GOBP_NEGATIVE_REGULATION_OF_PROTEIN_MODIFICATION_BY_SMALL_PROTEIN_CONJUGATION_OR_REMOVAL] was killed by [GOBP_REGULATION_OF_UBIQUITIN_DEPENDENT_PROTEIN_CATABOLIC_PROCESS,GOBP_REGULATION_OF_UBIQUITIN_DEPENDENT_PROTEIN_CATABOLIC_PROCESS]
[GOMF_REGULATORY_RNA_BINDING,GOMF_REGULATORY_RNA_BINDING] was killed by [GOBP_ALTERNATIVE_MRNA_SPLICING_VIA_SPLICEOSOME,GOBP_ALTERNATIVE_MRNA_SPLICING_VIA_SPLICEOSOME]
[GOBP_PHOSPHATIDYLETHANOLAMINE_ACYL_CHAIN_REMODELING,GOBP_PHOSPHATIDYLETHANOLAMINE_ACYL_CHAIN_REMODELING] was killed by [GOMF_PHOSPHOLIPASE_A2_ACTIVITY_CONSUMING_1_2_DIPALMITOYLPHOSPHATIDYLCHOLINE,GOMF_PHOSPHOLIPASE_A2_ACTIVITY_CONSUMING_1_2_DIPALMITOYLPHOSPHATIDYLCHOLINE]
[GOBP_HISTONE_H3_ACETYLATION,GOBP_HISTONE_H3_ACETYLATION] was killed by [GOCC_PROTEIN_ACETYLTRANSFERASE_COMPLEX,GOCC_PROTEIN_ACETYLTRANSFERASE_COMPLEX]
[GOBP_RETINA_DEVELOPMENT_IN_CAMERA_TYPE_EYE,GOBP_RETINA_DEVELOPMENT_IN_CAMERA_TYPE_EYE] was killed by [GOBP_CELL_PROLIFERATION_INVOLVED_IN_HEART_MORPHOGENESIS,GOBP_CELL_PROLIFERATION_INVOLVED_IN_HEART_MORPHOGENESIS]
[GOMF_GENERAL_TRANSCRIPTION_INITIATION_FACTOR_BINDING,GOMF_GENERAL_TRANSCRIPTION_INITIATION_FACTOR_BINDING] was killed by [GOCC_PROTEIN_ACETYLTRANSFERASE_COMPLEX,GOCC_PROTEIN_ACETYLTRANSFERASE_COMPLEX]
[GOCC_MITOTIC_SPINDLE,GOCC_MITOTIC_SPINDLE] was killed by [GOBP_PROTEIN_K11_LINKED_UBIQUITINATION,GOBP_PROTEIN_K11_LINKED_UBIQUITINATION]
[GOBP_HISTONE_H3_K9_DEMETHYLATION,GOBP_HISTONE_H3_K9_DEMETHYLATION] was killed by [GOBP_RECOMBINATIONAL_REPAIR,GOBP_RECOMBINATIONAL_REPAIR]
[GOBP_TYPE_B_PANCREATIC_CELL_PROLIFERATION,GOBP_TYPE_B_PANCREATIC_CELL_PROLIFERATION] was killed by [GOBP_RESPONSE_TO_OSMOTIC_STRESS,GOBP_RESPONSE_TO_OSMOTIC_STRESS]
[GOBP_VENOUS_BLOOD_VESSEL_DEVELOPMENT,GOBP_VENOUS_BLOOD_VESSEL_DEVELOPMENT] was killed by [GOBP_CELL_PROLIFERATION_INVOLVED_IN_HEART_MORPHOGENESIS,GOBP_CELL_PROLIFERATION_INVOLVED_IN_HEART_MORPHOGENESIS]
[GOMF_VASCULAR_ENDOTHELIAL_GROWTH_FACTOR_RECEPTOR_BINDING,GOMF_VASCULAR_ENDOTHELIAL_GROWTH_FACTOR_RECEPTOR_BINDING] was killed by [GOCC_PLATELET_ALPHA_GRANULE_LUMEN,GOCC_PLATELET_ALPHA_GRANULE_LUMEN]
[GOBP_NEGATIVE_REGULATION_OF_PEPTIDE_SECRETION,GOBP_NEGATIVE_REGULATION_OF_PEPTIDE_SECRETION] was killed by [GOBP_REGULATION_OF_CELLULAR_AMINE_METABOLIC_PROCESS,GOBP_REGULATION_OF_CELLULAR_AMINE_METABOLIC_PROCESS]
[GOBP_NEGATIVE_REGULATION_OF_CELL_GROWTH,GOBP_NEGATIVE_REGULATION_OF_CELL_GROWTH] was killed by [GOBP_CELL_PROLIFERATION_INVOLVED_IN_HEART_MORPHOGENESIS,GOBP_CELL_PROLIFERATION_INVOLVED_IN_HEART_MORPHOGENESIS]
[GOBP_LONG_CHAIN_FATTY_ACYL_COA_METABOLIC_PROCESS,GOBP_LONG_CHAIN_FATTY_ACYL_COA_METABOLIC_PROCESS] was killed by [GOBP_THIOESTER_BIOSYNTHETIC_PROCESS,GOBP_THIOESTER_BIOSYNTHETIC_PROCESS]
[GOMF_SEROTONIN_RECEPTOR_ACTIVITY,GOMF_SEROTONIN_RECEPTOR_ACTIVITY] was killed by [GOBP_REGULATION_OF_CELLULAR_AMINE_METABOLIC_PROCESS,GOBP_REGULATION_OF_CELLULAR_AMINE_METABOLIC_PROCESS]
[GOMF_MYOSIN_BINDING,GOMF_MYOSIN_BINDING] was killed by [GOBP_POSITIVE_REGULATION_OF_ATPASE_ACTIVITY,GOBP_POSITIVE_REGULATION_OF_ATPASE_ACTIVITY]
[GOMF_TRANSFERASE_ACTIVITY_TRANSFERRING_PENTOSYL_GROUPS,GOMF_TRANSFERASE_ACTIVITY_TRANSFERRING_PENTOSYL_GROUPS] was killed by [GOBP_REGULATION_OF_CELLULAR_AMINE_METABOLIC_PROCESS,GOBP_REGULATION_OF_CELLULAR_AMINE_METABOLIC_PROCESS]
[GOBP_HEART_FIELD_SPECIFICATION,GOBP_HEART_FIELD_SPECIFICATION] was killed by [GOBP_CELL_PROLIFERATION_INVOLVED_IN_HEART_MORPHOGENESIS,GOBP_CELL_PROLIFERATION_INVOLVED_IN_HEART_MORPHOGENESIS]
[GOCC_SMALL_RIBOSOMAL_SUBUNIT,GOCC_SMALL_RIBOSOMAL_SUBUNIT] was killed by [GOBP_MITOCHONDRIAL_GENE_EXPRESSION,GOBP_MITOCHONDRIAL_GENE_EXPRESSION]
[GOBP_SMALL_RNA_LOADING_ONTO_RISC,GOBP_SMALL_RNA_LOADING_ONTO_RISC] was killed by [GOBP_POSITIVE_REGULATION_OF_CYTOPLASMIC_TRANSLATION,GOBP_POSITIVE_REGULATION_OF_CYTOPLASMIC_TRANSLATION]
[GOBP_TRNA_3_END_PROCESSING,GOBP_TRNA_3_END_PROCESSING] was killed by [GOBP_MITOCHONDRIAL_GENE_EXPRESSION,GOBP_MITOCHONDRIAL_GENE_EXPRESSION]
[GOBP_VIRAL_BUDDING,GOBP_VIRAL_BUDDING] was killed by [GOBP_MULTI_ORGANISM_LOCALIZATION,GOBP_MULTI_ORGANISM_LOCALIZATION]
[GOBP_GLYCEROL_ETHER_METABOLIC_PROCESS,GOBP_GLYCEROL_ETHER_METABOLIC_PROCESS] was killed by [GOMF_PHOSPHOLIPASE_A2_ACTIVITY_CONSUMING_1_2_DIPALMITOYLPHOSPHATIDYLCHOLINE,GOMF_PHOSPHOLIPASE_A2_ACTIVITY_CONSUMING_1_2_DIPALMITOYLPHOSPHATIDYLCHOLINE]
[GOBP_POSITIVE_REGULATION_OF_VIRAL_GENOME_REPLICATION,GOBP_POSITIVE_REGULATION_OF_VIRAL_GENOME_REPLICATION] was killed by [GOBP_CELL_PROLIFERATION_INVOLVED_IN_HEART_MORPHOGENESIS,GOBP_CELL_PROLIFERATION_INVOLVED_IN_HEART_MORPHOGENESIS]
[GOBP_POSITIVE_REGULATION_OF_AXON_EXTENSION,GOBP_POSITIVE_REGULATION_OF_AXON_EXTENSION] was killed by [GOBP_CELL_PROLIFERATION_INVOLVED_IN_HEART_MORPHOGENESIS,GOBP_CELL_PROLIFERATION_INVOLVED_IN_HEART_MORPHOGENESIS]
[GOCC_POLYSOME,GOCC_POLYSOME] was killed by [GOCC_PROTEIN_ACETYLTRANSFERASE_COMPLEX,GOCC_PROTEIN_ACETYLTRANSFERASE_COMPLEX]
[GOBP_VIRION_ASSEMBLY,GOBP_VIRION_ASSEMBLY] was killed by [GOBP_MULTI_ORGANISM_LOCALIZATION,GOBP_MULTI_ORGANISM_LOCALIZATION]
[GOBP_NEGATIVE_REGULATION_OF_VASCULATURE_DEVELOPMENT,GOBP_NEGATIVE_REGULATION_OF_VASCULATURE_DEVELOPMENT] was killed by [GOCC_PLATELET_ALPHA_GRANULE_LUMEN,GOCC_PLATELET_ALPHA_GRANULE_LUMEN]
[GOCC_INCLUSION_BODY,GOCC_INCLUSION_BODY] was killed by [GOBP_REGULATION_OF_UBIQUITIN_DEPENDENT_PROTEIN_CATABOLIC_PROCESS,GOBP_REGULATION_OF_UBIQUITIN_DEPENDENT_PROTEIN_CATABOLIC_PROCESS]
[GOCC_NUCLEAR_CYCLIN_DEPENDENT_PROTEIN_KINASE_HOLOENZYME_COMPLEX,GOCC_NUCLEAR_CYCLIN_DEPENDENT_PROTEIN_KINASE_HOLOENZYME_COMPLEX] was killed by [GOBP_NCRNA_TRANSCRIPTION,GOBP_NCRNA_TRANSCRIPTION]
[GOBP_KIDNEY_MORPHOGENESIS,GOBP_KIDNEY_MORPHOGENESIS] was killed by [GOBP_CELL_PROLIFERATION_INVOLVED_IN_HEART_MORPHOGENESIS,GOBP_CELL_PROLIFERATION_INVOLVED_IN_HEART_MORPHOGENESIS]
[GOCC_NUCLEAR_PORE_NUCLEAR_BASKET,GOCC_NUCLEAR_PORE_NUCLEAR_BASKET] was killed by [GOBP_MULTI_ORGANISM_LOCALIZATION,GOBP_MULTI_ORGANISM_LOCALIZATION]
[GOMF_UBIQUITIN_LIKE_PROTEIN_CONJUGATING_ENZYME_ACTIVITY,GOMF_UBIQUITIN_LIKE_PROTEIN_CONJUGATING_ENZYME_ACTIVITY] was killed by [GOBP_PROTEIN_K11_LINKED_UBIQUITINATION,GOBP_PROTEIN_K11_LINKED_UBIQUITINATION]
[GOBP_POSITIVE_REGULATION_OF_LIPASE_ACTIVITY,GOBP_POSITIVE_REGULATION_OF_LIPASE_ACTIVITY] was killed by [GOMF_PHOSPHOLIPASE_A2_ACTIVITY_CONSUMING_1_2_DIPALMITOYLPHOSPHATIDYLCHOLINE,GOMF_PHOSPHOLIPASE_A2_ACTIVITY_CONSUMING_1_2_DIPALMITOYLPHOSPHATIDYLCHOLINE]
[GOBP_MITOTIC_CELL_CYCLE_CHECKPOINT,GOBP_MITOTIC_CELL_CYCLE_CHECKPOINT] was killed by [GOBP_RECOMBINATIONAL_REPAIR,GOBP_RECOMBINATIONAL_REPAIR]
[GOBP_ACETYL_COA_BIOSYNTHETIC_PROCESS_FROM_PYRUVATE,GOBP_ACETYL_COA_BIOSYNTHETIC_PROCESS_FROM_PYRUVATE] was killed by [GOBP_THIOESTER_BIOSYNTHETIC_PROCESS,GOBP_THIOESTER_BIOSYNTHETIC_PROCESS]
[GOMF_I_SMAD_BINDING,GOMF_I_SMAD_BINDING] was killed by [GOBP_CELL_PROLIFERATION_INVOLVED_IN_HEART_MORPHOGENESIS,GOBP_CELL_PROLIFERATION_INVOLVED_IN_HEART_MORPHOGENESIS]
[GOBP_POSITIVE_REGULATION_OF_PROTEIN_EXPORT_FROM_NUCLEUS,GOBP_POSITIVE_REGULATION_OF_PROTEIN_EXPORT_FROM_NUCLEUS] was killed by [GOBP_NEGATIVE_REGULATION_OF_TUMOR_NECROSIS_FACTOR_MEDIATED_SIGNALING_PATHWAY,GOBP_NEGATIVE_REGULATION_OF_TUMOR_NECROSIS_FACTOR_MEDIATED_SIGNALING_PATHWAY]
[GOMF_TRANSCRIPTION_COREPRESSOR_ACTIVITY,GOMF_TRANSCRIPTION_COREPRESSOR_ACTIVITY] was killed by [GOCC_PROTEIN_ACETYLTRANSFERASE_COMPLEX,GOCC_PROTEIN_ACETYLTRANSFERASE_COMPLEX]
[GOBP_TRANSCRIPTION_PREINITIATION_COMPLEX_ASSEMBLY,GOBP_TRANSCRIPTION_PREINITIATION_COMPLEX_ASSEMBLY] was killed by [GOCC_PROTEIN_ACETYLTRANSFERASE_COMPLEX,GOCC_PROTEIN_ACETYLTRANSFERASE_COMPLEX]
[GOBP_POTASSIUM_ION_HOMEOSTASIS,GOBP_POTASSIUM_ION_HOMEOSTASIS] was killed by [GOBP_RESPONSE_TO_OSMOTIC_STRESS,GOBP_RESPONSE_TO_OSMOTIC_STRESS]
[GOBP_REGULATION_OF_LYMPHOCYTE_CHEMOTAXIS,GOBP_REGULATION_OF_LYMPHOCYTE_CHEMOTAXIS] was killed by [GOBP_RESPONSE_TO_OSMOTIC_STRESS,GOBP_RESPONSE_TO_OSMOTIC_STRESS]
[GOMF_LYSOPHOSPHOLIPASE_ACTIVITY,GOMF_LYSOPHOSPHOLIPASE_ACTIVITY] was killed by [GOMF_PHOSPHOLIPASE_A2_ACTIVITY_CONSUMING_1_2_DIPALMITOYLPHOSPHATIDYLCHOLINE,GOMF_PHOSPHOLIPASE_A2_ACTIVITY_CONSUMING_1_2_DIPALMITOYLPHOSPHATIDYLCHOLINE]
[GOBP_REGULATION_OF_T_CELL_CHEMOTAXIS,GOBP_REGULATION_OF_T_CELL_CHEMOTAXIS] was killed by [GOBP_RESPONSE_TO_OSMOTIC_STRESS,GOBP_RESPONSE_TO_OSMOTIC_STRESS]
[GOBP_RESPONSE_TO_DEXAMETHASONE,GOBP_RESPONSE_TO_DEXAMETHASONE] was killed by [GOBP_RESPONSE_TO_OSMOTIC_STRESS,GOBP_RESPONSE_TO_OSMOTIC_STRESS]
[GOBP_NEGATIVE_REGULATION_OF_EPITHELIAL_CELL_MIGRATION,GOBP_NEGATIVE_REGULATION_OF_EPITHELIAL_CELL_MIGRATION] was killed by [GOBP_CELL_PROLIFERATION_INVOLVED_IN_HEART_MORPHOGENESIS,GOBP_CELL_PROLIFERATION_INVOLVED_IN_HEART_MORPHOGENESIS]
[GOBP_NUCLEAR_EXPORT,GOBP_NUCLEAR_EXPORT] was killed by [GOBP_ALTERNATIVE_MRNA_SPLICING_VIA_SPLICEOSOME,GOBP_ALTERNATIVE_MRNA_SPLICING_VIA_SPLICEOSOME]
[GOMF_TRANSLATION_REGULATOR_ACTIVITY_NUCLEIC_ACID_BINDING,GOMF_TRANSLATION_REGULATOR_ACTIVITY_NUCLEIC_ACID_BINDING] was killed by [GOBP_MITOCHONDRIAL_GENE_EXPRESSION,GOBP_MITOCHONDRIAL_GENE_EXPRESSION]
[GOMF_INTRAMOLECULAR_TRANSFERASE_ACTIVITY,GOMF_INTRAMOLECULAR_TRANSFERASE_ACTIVITY] was killed by [GOBP_MITOCHONDRIAL_GENE_EXPRESSION,GOBP_MITOCHONDRIAL_GENE_EXPRESSION]
[GOBP_IRES_DEPENDENT_VIRAL_TRANSLATIONAL_INITIATION,GOBP_IRES_DEPENDENT_VIRAL_TRANSLATIONAL_INITIATION] was killed by [GOBP_ALTERNATIVE_MRNA_SPLICING_VIA_SPLICEOSOME,GOBP_ALTERNATIVE_MRNA_SPLICING_VIA_SPLICEOSOME]
[GOBP_REGULATION_OF_DNA_TEMPLATED_TRANSCRIPTION_ELONGATION,GOBP_REGULATION_OF_DNA_TEMPLATED_TRANSCRIPTION_ELONGATION] was killed by [GOBP_ALTERNATIVE_MRNA_SPLICING_VIA_SPLICEOSOME,GOBP_ALTERNATIVE_MRNA_SPLICING_VIA_SPLICEOSOME]
[GOBP_HYALURONAN_METABOLIC_PROCESS,GOBP_HYALURONAN_METABOLIC_PROCESS] was killed by [GOCC_PLATELET_ALPHA_GRANULE_LUMEN,GOCC_PLATELET_ALPHA_GRANULE_LUMEN]
[GOBP_POSITIVE_REGULATION_OF_CHROMATIN_ORGANIZATION,GOBP_POSITIVE_REGULATION_OF_CHROMATIN_ORGANIZATION] was killed by [GOCC_PROTEIN_ACETYLTRANSFERASE_COMPLEX,GOCC_PROTEIN_ACETYLTRANSFERASE_COMPLEX]
[GOBP_REGULATION_OF_GLIAL_CELL_PROLIFERATION,GOBP_REGULATION_OF_GLIAL_CELL_PROLIFERATION] was killed by [GOBP_CELL_PROLIFERATION_INVOLVED_IN_HEART_MORPHOGENESIS,GOBP_CELL_PROLIFERATION_INVOLVED_IN_HEART_MORPHOGENESIS]
[GOMF_L_AMINO_ACID_TRANSMEMBRANE_TRANSPORTER_ACTIVITY,GOMF_L_AMINO_ACID_TRANSMEMBRANE_TRANSPORTER_ACTIVITY] was killed by [GOMF_C4_DICARBOXYLATE_TRANSMEMBRANE_TRANSPORTER_ACTIVITY,GOMF_C4_DICARBOXYLATE_TRANSMEMBRANE_TRANSPORTER_ACTIVITY]
[GOBP_NEGATIVE_REGULATION_OF_CYSTEINE_TYPE_ENDOPEPTIDASE_ACTIVITY,GOBP_NEGATIVE_REGULATION_OF_CYSTEINE_TYPE_ENDOPEPTIDASE_ACTIVITY] was killed by [GOBP_REGULATION_OF_UBIQUITIN_DEPENDENT_PROTEIN_CATABOLIC_PROCESS,GOBP_REGULATION_OF_UBIQUITIN_DEPENDENT_PROTEIN_CATABOLIC_PROCESS]
[GOBP_RENAL_TUBULE_DEVELOPMENT,GOBP_RENAL_TUBULE_DEVELOPMENT] was killed by [GOBP_CELL_PROLIFERATION_INVOLVED_IN_HEART_MORPHOGENESIS,GOBP_CELL_PROLIFERATION_INVOLVED_IN_HEART_MORPHOGENESIS]
[GOBP_REGULATION_OF_LIPASE_ACTIVITY,GOBP_REGULATION_OF_LIPASE_ACTIVITY] was killed by [GOMF_PHOSPHOLIPASE_A2_ACTIVITY_CONSUMING_1_2_DIPALMITOYLPHOSPHATIDYLCHOLINE,GOMF_PHOSPHOLIPASE_A2_ACTIVITY_CONSUMING_1_2_DIPALMITOYLPHOSPHATIDYLCHOLINE]
[GOBP_MAMMARY_GLAND_MORPHOGENESIS,GOBP_MAMMARY_GLAND_MORPHOGENESIS] was killed by [GOBP_CELL_PROLIFERATION_INVOLVED_IN_HEART_MORPHOGENESIS,GOBP_CELL_PROLIFERATION_INVOLVED_IN_HEART_MORPHOGENESIS]
[GOBP_REGULATION_OF_CELLULAR_AMINO_ACID_METABOLIC_PROCESS,GOBP_REGULATION_OF_CELLULAR_AMINO_ACID_METABOLIC_PROCESS] was killed by [GOBP_REGULATION_OF_CELLULAR_AMINE_METABOLIC_PROCESS,GOBP_REGULATION_OF_CELLULAR_AMINE_METABOLIC_PROCESS]
[GOBP_POSITIVE_REGULATION_OF_CELL_KILLING,GOBP_POSITIVE_REGULATION_OF_CELL_KILLING] was killed by [GOBP_INTERLEUKIN_10_PRODUCTION,GOBP_INTERLEUKIN_10_PRODUCTION]
[GOBP_POSITIVE_REGULATION_OF_TRANSCRIPTION_FROM_RNA_POLYMERASE_II_PROMOTER_INVOLVED_IN_CELLULAR_RESPONSE_TO_CHEMICAL_STIMULUS,GOBP_POSITIVE_REGULATION_OF_TRANSCRIPTION_FROM_RNA_POLYMERASE_II_PROMOTER_INVOLVED_IN_CELLULAR_RESPONSE_TO_CHEMICAL_STIMULUS] was killed by [GOBP_CELL_PROLIFERATION_INVOLVED_IN_HEART_MORPHOGENESIS,GOBP_CELL_PROLIFERATION_INVOLVED_IN_HEART_MORPHOGENESIS]
[GOBP_NUCLEOTIDE_EXCISION_REPAIR,GOBP_NUCLEOTIDE_EXCISION_REPAIR] was killed by [GOBP_RECOMBINATIONAL_REPAIR,GOBP_RECOMBINATIONAL_REPAIR]
[GOBP_MESONEPHROS_DEVELOPMENT,GOBP_MESONEPHROS_DEVELOPMENT] was killed by [GOBP_CELL_PROLIFERATION_INVOLVED_IN_HEART_MORPHOGENESIS,GOBP_CELL_PROLIFERATION_INVOLVED_IN_HEART_MORPHOGENESIS]
[GOBP_TRANSITION_METAL_ION_HOMEOSTASIS,GOBP_TRANSITION_METAL_ION_HOMEOSTASIS] was killed by [GOMF_METAL_CLUSTER_BINDING,GOMF_METAL_CLUSTER_BINDING]
[GOBP_NEGATIVE_REGULATION_OF_MRNA_SPLICING_VIA_SPLICEOSOME,GOBP_NEGATIVE_REGULATION_OF_MRNA_SPLICING_VIA_SPLICEOSOME] was killed by [GOBP_ALTERNATIVE_MRNA_SPLICING_VIA_SPLICEOSOME,GOBP_ALTERNATIVE_MRNA_SPLICING_VIA_SPLICEOSOME]
[GOCC_CYCLIN_DEPENDENT_PROTEIN_KINASE_HOLOENZYME_COMPLEX,GOCC_CYCLIN_DEPENDENT_PROTEIN_KINASE_HOLOENZYME_COMPLEX] was killed by [GOBP_NCRNA_TRANSCRIPTION,GOBP_NCRNA_TRANSCRIPTION]
[GOMF_SOLUTE_PROTON_ANTIPORTER_ACTIVITY,GOMF_SOLUTE_PROTON_ANTIPORTER_ACTIVITY] was killed by [GOBP_RESPONSE_TO_OSMOTIC_STRESS,GOBP_RESPONSE_TO_OSMOTIC_STRESS]
[GOMF_L_ASPARTATE_TRANSMEMBRANE_TRANSPORTER_ACTIVITY,GOMF_L_ASPARTATE_TRANSMEMBRANE_TRANSPORTER_ACTIVITY] was killed by [GOMF_C4_DICARBOXYLATE_TRANSMEMBRANE_TRANSPORTER_ACTIVITY,GOMF_C4_DICARBOXYLATE_TRANSMEMBRANE_TRANSPORTER_ACTIVITY]
[GOBP_REGULATION_OF_FIBROBLAST_MIGRATION,GOBP_REGULATION_OF_FIBROBLAST_MIGRATION] was killed by [GOBP_REGULATION_OF_UBIQUITIN_DEPENDENT_PROTEIN_CATABOLIC_PROCESS,GOBP_REGULATION_OF_UBIQUITIN_DEPENDENT_PROTEIN_CATABOLIC_PROCESS]
[GOBP_EYE_MORPHOGENESIS,GOBP_EYE_MORPHOGENESIS] was killed by [GOBP_CELL_PROLIFERATION_INVOLVED_IN_HEART_MORPHOGENESIS,GOBP_CELL_PROLIFERATION_INVOLVED_IN_HEART_MORPHOGENESIS]
[GOCC_MYELIN_SHEATH,GOCC_MYELIN_SHEATH] was killed by [GOCC_PARANODAL_JUNCTION,GOCC_PARANODAL_JUNCTION]
[GOBP_CELLULAR_RESPONSE_TO_FOLLICLE_STIMULATING_HORMONE_STIMULUS,GOBP_CELLULAR_RESPONSE_TO_FOLLICLE_STIMULATING_HORMONE_STIMULUS] was killed by [GOBP_CELL_PROLIFERATION_INVOLVED_IN_HEART_MORPHOGENESIS,GOBP_CELL_PROLIFERATION_INVOLVED_IN_HEART_MORPHOGENESIS]
[GOBP_CELL_SURFACE_RECEPTOR_SIGNALING_PATHWAY_INVOLVED_IN_HEART_DEVELOPMENT,GOBP_CELL_SURFACE_RECEPTOR_SIGNALING_PATHWAY_INVOLVED_IN_HEART_DEVELOPMENT] was killed by [GOBP_CELL_PROLIFERATION_INVOLVED_IN_HEART_MORPHOGENESIS,GOBP_CELL_PROLIFERATION_INVOLVED_IN_HEART_MORPHOGENESIS]
[GOBP_RESPONSE_TO_NERVE_GROWTH_FACTOR,GOBP_RESPONSE_TO_NERVE_GROWTH_FACTOR] was killed by [GOBP_REGULATION_OF_UBIQUITIN_DEPENDENT_PROTEIN_CATABOLIC_PROCESS,GOBP_REGULATION_OF_UBIQUITIN_DEPENDENT_PROTEIN_CATABOLIC_PROCESS]
[GOBP_REGULATION_OF_PROTEIN_FOLDING,GOBP_REGULATION_OF_PROTEIN_FOLDING] was killed by [GOBP_REGULATION_OF_UBIQUITIN_DEPENDENT_PROTEIN_CATABOLIC_PROCESS,GOBP_REGULATION_OF_UBIQUITIN_DEPENDENT_PROTEIN_CATABOLIC_PROCESS]
[GOBP_MITOCHONDRIAL_TRANSCRIPTION,GOBP_MITOCHONDRIAL_TRANSCRIPTION] was killed by [GOBP_MITOCHONDRIAL_GENE_EXPRESSION,GOBP_MITOCHONDRIAL_GENE_EXPRESSION]
[GOMF_TRANSLATION_FACTOR_ACTIVITY_RNA_BINDING,GOMF_TRANSLATION_FACTOR_ACTIVITY_RNA_BINDING] was killed by [GOBP_MITOCHONDRIAL_GENE_EXPRESSION,GOBP_MITOCHONDRIAL_GENE_EXPRESSION]
[GOBP_CELLULAR_RESPONSE_TO_OSMOTIC_STRESS,GOBP_CELLULAR_RESPONSE_TO_OSMOTIC_STRESS] was killed by [GOBP_RESPONSE_TO_OSMOTIC_STRESS,GOBP_RESPONSE_TO_OSMOTIC_STRESS]
[GOBP_IRON_ION_HOMEOSTASIS,GOBP_IRON_ION_HOMEOSTASIS] was killed by [GOMF_METAL_CLUSTER_BINDING,GOMF_METAL_CLUSTER_BINDING]
[GOBP_RESPONSE_TO_FOLLICLE_STIMULATING_HORMONE,GOBP_RESPONSE_TO_FOLLICLE_STIMULATING_HORMONE] was killed by [GOBP_CELL_PROLIFERATION_INVOLVED_IN_HEART_MORPHOGENESIS,GOBP_CELL_PROLIFERATION_INVOLVED_IN_HEART_MORPHOGENESIS]
[GOBP_LABYRINTHINE_LAYER_BLOOD_VESSEL_DEVELOPMENT,GOBP_LABYRINTHINE_LAYER_BLOOD_VESSEL_DEVELOPMENT] was killed by [GOBP_CELL_PROLIFERATION_INVOLVED_IN_HEART_MORPHOGENESIS,GOBP_CELL_PROLIFERATION_INVOLVED_IN_HEART_MORPHOGENESIS]
[GOBP_RESPONSE_TO_INTERLEUKIN_6,GOBP_RESPONSE_TO_INTERLEUKIN_6] was killed by [GOBP_CELL_PROLIFERATION_INVOLVED_IN_HEART_MORPHOGENESIS,GOBP_CELL_PROLIFERATION_INVOLVED_IN_HEART_MORPHOGENESIS]
[GOBP_REGULATION_OF_SKELETAL_MUSCLE_CELL_DIFFERENTIATION,GOBP_REGULATION_OF_SKELETAL_MUSCLE_CELL_DIFFERENTIATION] was killed by [GOBP_ALTERNATIVE_MRNA_SPLICING_VIA_SPLICEOSOME,GOBP_ALTERNATIVE_MRNA_SPLICING_VIA_SPLICEOSOME]
[GOBP_GENITALIA_DEVELOPMENT,GOBP_GENITALIA_DEVELOPMENT] was killed by [GOBP_POSITIVE_REGULATION_OF_ATPASE_ACTIVITY,GOBP_POSITIVE_REGULATION_OF_ATPASE_ACTIVITY]
[GOBP_S_SHAPED_BODY_MORPHOGENESIS,GOBP_S_SHAPED_BODY_MORPHOGENESIS] was killed by [GOBP_CELL_PROLIFERATION_INVOLVED_IN_HEART_MORPHOGENESIS,GOBP_CELL_PROLIFERATION_INVOLVED_IN_HEART_MORPHOGENESIS]
[GOMF_BASAL_TRANSCRIPTION_MACHINERY_BINDING,GOMF_BASAL_TRANSCRIPTION_MACHINERY_BINDING] was killed by [GOCC_PROTEIN_ACETYLTRANSFERASE_COMPLEX,GOCC_PROTEIN_ACETYLTRANSFERASE_COMPLEX]
[GOBP_MITOTIC_CYTOKINESIS,GOBP_MITOTIC_CYTOKINESIS] was killed by [GOBP_PROTEIN_LOCALIZATION_TO_CILIUM,GOBP_PROTEIN_LOCALIZATION_TO_CILIUM]
[GOBP_NIK_NF_KAPPAB_SIGNALING,GOBP_NIK_NF_KAPPAB_SIGNALING] was killed by [GOBP_INTERLEUKIN_10_PRODUCTION,GOBP_INTERLEUKIN_10_PRODUCTION]
[GOBP_RETINA_MORPHOGENESIS_IN_CAMERA_TYPE_EYE,GOBP_RETINA_MORPHOGENESIS_IN_CAMERA_TYPE_EYE] was killed by [GOBP_PROTEIN_LOCALIZATION_TO_CILIUM,GOBP_PROTEIN_LOCALIZATION_TO_CILIUM]
[GOMF_LIPASE_ACTIVITY,GOMF_LIPASE_ACTIVITY] was killed by [GOMF_PHOSPHOLIPASE_A2_ACTIVITY_CONSUMING_1_2_DIPALMITOYLPHOSPHATIDYLCHOLINE,GOMF_PHOSPHOLIPASE_A2_ACTIVITY_CONSUMING_1_2_DIPALMITOYLPHOSPHATIDYLCHOLINE]
[GOBP_HAIR_CELL_DIFFERENTIATION,GOBP_HAIR_CELL_DIFFERENTIATION] was killed by [GOBP_CELL_PROLIFERATION_INVOLVED_IN_HEART_MORPHOGENESIS,GOBP_CELL_PROLIFERATION_INVOLVED_IN_HEART_MORPHOGENESIS]
[GOBP_NEGATIVE_REGULATION_OF_WOUND_HEALING,GOBP_NEGATIVE_REGULATION_OF_WOUND_HEALING] was killed by [GOCC_PLATELET_ALPHA_GRANULE_LUMEN,GOCC_PLATELET_ALPHA_GRANULE_LUMEN]
[GOMF_PROTEIN_TYROSINE_KINASE_BINDING,GOMF_PROTEIN_TYROSINE_KINASE_BINDING] was killed by [GOBP_NEGATIVE_REGULATION_OF_TUMOR_NECROSIS_FACTOR_MEDIATED_SIGNALING_PATHWAY,GOBP_NEGATIVE_REGULATION_OF_TUMOR_NECROSIS_FACTOR_MEDIATED_SIGNALING_PATHWAY]
[GOMF_INSULIN_RECEPTOR_BINDING,GOMF_INSULIN_RECEPTOR_BINDING] was killed by [GOCC_PLATELET_ALPHA_GRANULE_LUMEN,GOCC_PLATELET_ALPHA_GRANULE_LUMEN]
[GOMF_4_IRON_4_SULFUR_CLUSTER_BINDING,GOMF_4_IRON_4_SULFUR_CLUSTER_BINDING] was killed by [GOMF_METAL_CLUSTER_BINDING,GOMF_METAL_CLUSTER_BINDING]
[GOMF_ACETYLCHOLINE_RECEPTOR_ACTIVITY,GOMF_ACETYLCHOLINE_RECEPTOR_ACTIVITY] was killed by [GOMF_PHOSPHOLIPASE_INHIBITOR_ACTIVITY,GOMF_PHOSPHOLIPASE_INHIBITOR_ACTIVITY]
[GOBP_FIBROBLAST_MIGRATION,GOBP_FIBROBLAST_MIGRATION] was killed by [GOBP_REGULATION_OF_UBIQUITIN_DEPENDENT_PROTEIN_CATABOLIC_PROCESS,GOBP_REGULATION_OF_UBIQUITIN_DEPENDENT_PROTEIN_CATABOLIC_PROCESS]
[GOBP_MUCOPOLYSACCHARIDE_METABOLIC_PROCESS,GOBP_MUCOPOLYSACCHARIDE_METABOLIC_PROCESS] was killed by [GOMF_METALLOENDOPEPTIDASE_INHIBITOR_ACTIVITY,GOMF_METALLOENDOPEPTIDASE_INHIBITOR_ACTIVITY]
[GOBP_NEGATIVE_REGULATION_OF_PEPTIDYL_TYROSINE_PHOSPHORYLATION,GOBP_NEGATIVE_REGULATION_OF_PEPTIDYL_TYROSINE_PHOSPHORYLATION] was killed by [GOBP_REGULATION_OF_UBIQUITIN_DEPENDENT_PROTEIN_CATABOLIC_PROCESS,GOBP_REGULATION_OF_UBIQUITIN_DEPENDENT_PROTEIN_CATABOLIC_PROCESS]
[GOBP_VENTRAL_SPINAL_CORD_DEVELOPMENT,GOBP_VENTRAL_SPINAL_CORD_DEVELOPMENT] was killed by [GOBP_PROTEIN_LOCALIZATION_TO_CILIUM,GOBP_PROTEIN_LOCALIZATION_TO_CILIUM]
[GOBP_POSITIVE_REGULATION_OF_DNA_TEMPLATED_TRANSCRIPTION_INITIATION,GOBP_POSITIVE_REGULATION_OF_DNA_TEMPLATED_TRANSCRIPTION_INITIATION] was killed by [GOBP_CELL_PROLIFERATION_INVOLVED_IN_HEART_MORPHOGENESIS,GOBP_CELL_PROLIFERATION_INVOLVED_IN_HEART_MORPHOGENESIS]
[GOCC_PHOTORECEPTOR_OUTER_SEGMENT,GOCC_PHOTORECEPTOR_OUTER_SEGMENT] was killed by [GOBP_PROTEIN_LOCALIZATION_TO_CILIUM,GOBP_PROTEIN_LOCALIZATION_TO_CILIUM]
[GOBP_NITRIC_OXIDE_MEDIATED_SIGNAL_TRANSDUCTION,GOBP_NITRIC_OXIDE_MEDIATED_SIGNAL_TRANSDUCTION] was killed by [GOBP_REGULATION_OF_CELLULAR_AMINE_METABOLIC_PROCESS,GOBP_REGULATION_OF_CELLULAR_AMINE_METABOLIC_PROCESS]
[GOBP_DNA_DEPENDENT_DNA_REPLICATION_MAINTENANCE_OF_FIDELITY,GOBP_DNA_DEPENDENT_DNA_REPLICATION_MAINTENANCE_OF_FIDELITY] was killed by [GOBP_RECOMBINATIONAL_REPAIR,GOBP_RECOMBINATIONAL_REPAIR]
[GOBP_POSITIVE_REGULATION_OF_TYROSINE_PHOSPHORYLATION_OF_STAT_PROTEIN,GOBP_POSITIVE_REGULATION_OF_TYROSINE_PHOSPHORYLATION_OF_STAT_PROTEIN] was killed by [GOBP_CELL_PROLIFERATION_INVOLVED_IN_HEART_MORPHOGENESIS,GOBP_CELL_PROLIFERATION_INVOLVED_IN_HEART_MORPHOGENESIS]
[GOBP_POSITIVE_REGULATION_OF_PROTEASOMAL_UBIQUITIN_DEPENDENT_PROTEIN_CATABOLIC_PROCESS,GOBP_POSITIVE_REGULATION_OF_PROTEASOMAL_UBIQUITIN_DEPENDENT_PROTEIN_CATABOLIC_PROCESS] was killed by [GOBP_REGULATION_OF_UBIQUITIN_DEPENDENT_PROTEIN_CATABOLIC_PROCESS,GOBP_REGULATION_OF_UBIQUITIN_DEPENDENT_PROTEIN_CATABOLIC_PROCESS]
[GOCC_HOST_CELLULAR_COMPONENT,GOCC_HOST_CELLULAR_COMPONENT] was killed by [GOBP_MULTI_ORGANISM_LOCALIZATION,GOBP_MULTI_ORGANISM_LOCALIZATION]
[GOBP_METANEPHRIC_NEPHRON_MORPHOGENESIS,GOBP_METANEPHRIC_NEPHRON_MORPHOGENESIS] was killed by [GOBP_CELL_PROLIFERATION_INVOLVED_IN_HEART_MORPHOGENESIS,GOBP_CELL_PROLIFERATION_INVOLVED_IN_HEART_MORPHOGENESIS]
[GOBP_BONE_DEVELOPMENT,GOBP_BONE_DEVELOPMENT] was killed by [GOBP_CELL_PROLIFERATION_INVOLVED_IN_HEART_MORPHOGENESIS,GOBP_CELL_PROLIFERATION_INVOLVED_IN_HEART_MORPHOGENESIS]
[GOCC_DNA_HELICASE_COMPLEX,GOCC_DNA_HELICASE_COMPLEX] was killed by [GOCC_PROTEIN_ACETYLTRANSFERASE_COMPLEX,GOCC_PROTEIN_ACETYLTRANSFERASE_COMPLEX]
[GOBP_RESPONSE_TO_SALT_STRESS,GOBP_RESPONSE_TO_SALT_STRESS] was killed by [GOBP_RESPONSE_TO_OSMOTIC_STRESS,GOBP_RESPONSE_TO_OSMOTIC_STRESS]
[GOBP_HINDBRAIN_MORPHOGENESIS,GOBP_HINDBRAIN_MORPHOGENESIS] was killed by [GOBP_CELL_PROLIFERATION_INVOLVED_IN_HEART_MORPHOGENESIS,GOBP_CELL_PROLIFERATION_INVOLVED_IN_HEART_MORPHOGENESIS]
[GOMF_CATALYTIC_ACTIVITY_ACTING_ON_A_TRNA,GOMF_CATALYTIC_ACTIVITY_ACTING_ON_A_TRNA] was killed by [GOBP_MITOCHONDRIAL_GENE_EXPRESSION,GOBP_MITOCHONDRIAL_GENE_EXPRESSION]
[GOMF_MISFOLDED_PROTEIN_BINDING,GOMF_MISFOLDED_PROTEIN_BINDING] was killed by [GOBP_REGULATION_OF_UBIQUITIN_DEPENDENT_PROTEIN_CATABOLIC_PROCESS,GOBP_REGULATION_OF_UBIQUITIN_DEPENDENT_PROTEIN_CATABOLIC_PROCESS]
[GOCC_EXON_EXON_JUNCTION_COMPLEX,GOCC_EXON_EXON_JUNCTION_COMPLEX] was killed by [GOBP_ALTERNATIVE_MRNA_SPLICING_VIA_SPLICEOSOME,GOBP_ALTERNATIVE_MRNA_SPLICING_VIA_SPLICEOSOME]
[GOBP_RESPONSE_TO_INTERLEUKIN_12,GOBP_RESPONSE_TO_INTERLEUKIN_12] was killed by [GOBP_INTERLEUKIN_10_PRODUCTION,GOBP_INTERLEUKIN_10_PRODUCTION]
[GOBP_REGULATION_OF_RAS_PROTEIN_SIGNAL_TRANSDUCTION,GOBP_REGULATION_OF_RAS_PROTEIN_SIGNAL_TRANSDUCTION] was killed by [GOBP_REGULATION_OF_MICROTUBULE_BINDING,GOBP_REGULATION_OF_MICROTUBULE_BINDING]
[GOBP_AMINE_TRANSPORT,GOBP_AMINE_TRANSPORT] was killed by [GOBP_RESPONSE_TO_OSMOTIC_STRESS,GOBP_RESPONSE_TO_OSMOTIC_STRESS]
[GOBP_LABYRINTHINE_LAYER_DEVELOPMENT,GOBP_LABYRINTHINE_LAYER_DEVELOPMENT] was killed by [GOBP_CELL_PROLIFERATION_INVOLVED_IN_HEART_MORPHOGENESIS,GOBP_CELL_PROLIFERATION_INVOLVED_IN_HEART_MORPHOGENESIS]
[GOMF_MYOSIN_HEAVY_CHAIN_BINDING,GOMF_MYOSIN_HEAVY_CHAIN_BINDING] was killed by [GOBP_POSITIVE_REGULATION_OF_ATPASE_ACTIVITY,GOBP_POSITIVE_REGULATION_OF_ATPASE_ACTIVITY]
[GOBP_CELLULAR_RESPONSE_TO_ALDEHYDE,GOBP_CELLULAR_RESPONSE_TO_ALDEHYDE] was killed by [GOCC_PARANODAL_JUNCTION,GOCC_PARANODAL_JUNCTION]
[GOMF_RNA_POLYMERASE_ACTIVITY,GOMF_RNA_POLYMERASE_ACTIVITY] was killed by [GOBP_NCRNA_TRANSCRIPTION,GOBP_NCRNA_TRANSCRIPTION]
[GOBP_CELLULAR_RESPONSE_TO_EPINEPHRINE_STIMULUS,GOBP_CELLULAR_RESPONSE_TO_EPINEPHRINE_STIMULUS] was killed by [GOBP_NEGATIVE_REGULATION_OF_TUMOR_NECROSIS_FACTOR_MEDIATED_SIGNALING_PATHWAY,GOBP_NEGATIVE_REGULATION_OF_TUMOR_NECROSIS_FACTOR_MEDIATED_SIGNALING_PATHWAY]
[GOCC_INTEGRATOR_COMPLEX,GOCC_INTEGRATOR_COMPLEX] was killed by [GOBP_NCRNA_TRANSCRIPTION,GOBP_NCRNA_TRANSCRIPTION]
[GOBP_MRNA_TRANSPORT,GOBP_MRNA_TRANSPORT] was killed by [GOBP_ALTERNATIVE_MRNA_SPLICING_VIA_SPLICEOSOME,GOBP_ALTERNATIVE_MRNA_SPLICING_VIA_SPLICEOSOME]
[GOMF_HSP70_PROTEIN_BINDING,GOMF_HSP70_PROTEIN_BINDING] was killed by [GOBP_POSITIVE_REGULATION_OF_ATPASE_ACTIVITY,GOBP_POSITIVE_REGULATION_OF_ATPASE_ACTIVITY]
[GOBP_POSITIVE_REGULATION_OF_TORC1_SIGNALING,GOBP_POSITIVE_REGULATION_OF_TORC1_SIGNALING] was killed by [GOBP_MULTI_ORGANISM_LOCALIZATION,GOBP_MULTI_ORGANISM_LOCALIZATION]
[GOBP_CELLULAR_RESPONSE_TO_PROSTAGLANDIN_E_STIMULUS,GOBP_CELLULAR_RESPONSE_TO_PROSTAGLANDIN_E_STIMULUS] was killed by [GOBP_THIOESTER_BIOSYNTHETIC_PROCESS,GOBP_THIOESTER_BIOSYNTHETIC_PROCESS]
[GOBP_REGULATION_OF_MRNA_POLYADENYLATION,GOBP_REGULATION_OF_MRNA_POLYADENYLATION] was killed by [GOBP_NCRNA_TRANSCRIPTION,GOBP_NCRNA_TRANSCRIPTION]
[GOBP_APICAL_PROTEIN_LOCALIZATION,GOBP_APICAL_PROTEIN_LOCALIZATION] was killed by [GOCC_PARANODAL_JUNCTION,GOCC_PARANODAL_JUNCTION]
[GOBP_INTERSTRAND_CROSS_LINK_REPAIR,GOBP_INTERSTRAND_CROSS_LINK_REPAIR] was killed by [GOBP_RECOMBINATIONAL_REPAIR,GOBP_RECOMBINATIONAL_REPAIR]
[GOBP_COLLAGEN_ACTIVATED_SIGNALING_PATHWAY,GOBP_COLLAGEN_ACTIVATED_SIGNALING_PATHWAY] was killed by [GOMF_METALLOENDOPEPTIDASE_INHIBITOR_ACTIVITY,GOMF_METALLOENDOPEPTIDASE_INHIBITOR_ACTIVITY]
[GOBP_REGULATION_OF_DNA_DAMAGE_RESPONSE_SIGNAL_TRANSDUCTION_BY_P53_CLASS_MEDIATOR,GOBP_REGULATION_OF_DNA_DAMAGE_RESPONSE_SIGNAL_TRANSDUCTION_BY_P53_CLASS_MEDIATOR] was killed by [GOBP_RECOMBINATIONAL_REPAIR,GOBP_RECOMBINATIONAL_REPAIR]
[GOCC_CULLIN_RING_UBIQUITIN_LIGASE_COMPLEX,GOCC_CULLIN_RING_UBIQUITIN_LIGASE_COMPLEX] was killed by [GOBP_PROTEIN_K11_LINKED_UBIQUITINATION,GOBP_PROTEIN_K11_LINKED_UBIQUITINATION]
