[HALLMARK_E2F_TARGETS,HALLMARK_E2F_TARGETS] was killed by [HALLMARK_G2M_CHECKPOINT,HALLMARK_G2M_CHECKPOINT]
[HALLMARK_XENOBIOTIC_METABOLISM,HALLMARK_XENOBIOTIC_METABOLISM] was killed by [HALLMARK_G2M_CHECKPOINT,HALLMARK_G2M_CHECKPOINT]
[HALLMARK_MYC_TARGETS_V1,HALLMARK_MYC_TARGETS_V1] was killed by [HALLMARK_G2M_CHECKPOINT,HALLMARK_G2M_CHECKPOINT]
[HALLMARK_INFLAMMATORY_RESPONSE,HALLMARK_INFLAMMATORY_RESPONSE] was killed by [HALLMARK_G2M_CHECKPOINT,HALLMARK_G2M_CHECKPOINT]
[HALLMARK_MYOGENESIS,HALLMARK_MYOGENESIS] was killed by [HALLMARK_G2M_CHECKPOINT,HALLMARK_G2M_CHECKPOINT]
[HALLMARK_KRAS_SIGNALING_DN,HALLMARK_KRAS_SIGNALING_DN] was killed by [HALLMARK_G2M_CHECKPOINT,HALLMARK_G2M_CHECKPOINT]
[HALLMARK_OXIDATIVE_PHOSPHORYLATION,HALLMARK_OXIDATIVE_PHOSPHORYLATION] was killed by [HALLMARK_G2M_CHECKPOINT,HALLMARK_G2M_CHECKPOINT]
[HALLMARK_INTERFERON_GAMMA_RESPONSE,HALLMARK_INTERFERON_GAMMA_RESPONSE] was killed by [HALLMARK_G2M_CHECKPOINT,HALLMARK_G2M_CHECKPOINT]
[HALLMARK_MITOTIC_SPINDLE,HALLMARK_MITOTIC_SPINDLE] was killed by [HALLMARK_G2M_CHECKPOINT,HALLMARK_G2M_CHECKPOINT]
[HALLMARK_EPITHELIAL_MESENCHYMAL_TRANSITION,HALLMARK_EPITHELIAL_MESENCHYMAL_TRANSITION] was killed by [HALLMARK_G2M_CHECKPOINT,HALLMARK_G2M_CHECKPOINT]
[HALLMARK_PANCREAS_BETA_CELLS,HALLMARK_PANCREAS_BETA_CELLS] was killed by [HALLMARK_G2M_CHECKPOINT,HALLMARK_G2M_CHECKPOINT]
[HALLMARK_PROTEIN_SECRETION,HALLMARK_PROTEIN_SECRETION] was killed by [HALLMARK_G2M_CHECKPOINT,HALLMARK_G2M_CHECKPOINT]
[HALLMARK_ANDROGEN_RESPONSE,HALLMARK_ANDROGEN_RESPONSE] was killed by [HALLMARK_G2M_CHECKPOINT,HALLMARK_G2M_CHECKPOINT]
[HALLMARK_REACTIVE_OXYGEN_SPECIES_PATHWAY,HALLMARK_REACTIVE_OXYGEN_SPECIES_PATHWAY] was killed by [HALLMARK_G2M_CHECKPOINT,HALLMARK_G2M_CHECKPOINT]
[HALLMARK_COMPLEMENT,HALLMARK_COMPLEMENT] was killed by [HALLMARK_G2M_CHECKPOINT,HALLMARK_G2M_CHECKPOINT]
[HALLMARK_PEROXISOME,HALLMARK_PEROXISOME] was killed by [HALLMARK_G2M_CHECKPOINT,HALLMARK_G2M_CHECKPOINT]
[HALLMARK_ALLOGRAFT_REJECTION,HALLMARK_ALLOGRAFT_REJECTION] was killed by [HALLMARK_G2M_CHECKPOINT,HALLMARK_G2M_CHECKPOINT]
[HALLMARK_COAGULATION,HALLMARK_COAGULATION] was killed by [HALLMARK_G2M_CHECKPOINT,HALLMARK_G2M_CHECKPOINT]
[HALLMARK_APICAL_JUNCTION,HALLMARK_APICAL_JUNCTION] was killed by [HALLMARK_G2M_CHECKPOINT,HALLMARK_G2M_CHECKPOINT]
[HALLMARK_SPERMATOGENESIS,HALLMARK_SPERMATOGENESIS] was killed by [HALLMARK_G2M_CHECKPOINT,HALLMARK_G2M_CHECKPOINT]
[HALLMARK_INTERFERON_ALPHA_RESPONSE,HALLMARK_INTERFERON_ALPHA_RESPONSE] was killed by [HALLMARK_G2M_CHECKPOINT,HALLMARK_G2M_CHECKPOINT]
[HALLMARK_UV_RESPONSE_UP,HALLMARK_UV_RESPONSE_UP] was killed by [HALLMARK_G2M_CHECKPOINT,HALLMARK_G2M_CHECKPOINT]
[HALLMARK_HYPOXIA,HALLMARK_HYPOXIA] was killed by [HALLMARK_G2M_CHECKPOINT,HALLMARK_G2M_CHECKPOINT]
[HALLMARK_ADIPOGENESIS,HALLMARK_ADIPOGENESIS] was killed by [HALLMARK_G2M_CHECKPOINT,HALLMARK_G2M_CHECKPOINT]
[HALLMARK_KRAS_SIGNALING_UP,HALLMARK_KRAS_SIGNALING_UP] was killed by [HALLMARK_G2M_CHECKPOINT,HALLMARK_G2M_CHECKPOINT]
[HALLMARK_FATTY_ACID_METABOLISM,HALLMARK_FATTY_ACID_METABOLISM] was killed by [HALLMARK_G2M_CHECKPOINT,HALLMARK_G2M_CHECKPOINT]
[HALLMARK_BILE_ACID_METABOLISM,HALLMARK_BILE_ACID_METABOLISM] was killed by [HALLMARK_G2M_CHECKPOINT,HALLMARK_G2M_CHECKPOINT]
[HALLMARK_NOTCH_SIGNALING,HALLMARK_NOTCH_SIGNALING] was killed by [HALLMARK_G2M_CHECKPOINT,HALLMARK_G2M_CHECKPOINT]
[HALLMARK_P53_PATHWAY,HALLMARK_P53_PATHWAY] was killed by [HALLMARK_G2M_CHECKPOINT,HALLMARK_G2M_CHECKPOINT]
[HALLMARK_HEME_METABOLISM,HALLMARK_HEME_METABOLISM] was killed by [HALLMARK_G2M_CHECKPOINT,HALLMARK_G2M_CHECKPOINT]
