[GOMF_IMMUNOGLOBULIN_RECEPTOR_BINDING,GOMF_IMMUNOGLOBULIN_RECEPTOR_BINDING] was killed by [GOMF_ANTIGEN_BINDING,GOMF_ANTIGEN_BINDING]
[GOMF_CATALYTIC_ACTIVITY_ACTING_ON_A_TRNA,GOMF_CATALYTIC_ACTIVITY_ACTING_ON_A_TRNA] was killed by [GOMF_S_ADENOSYLMETHIONINE_DEPENDENT_METHYLTRANSFERASE_ACTIVITY,GOMF_S_ADENOSYLMETHIONINE_DEPENDENT_METHYLTRANSFERASE_ACTIVITY]
[GOMF_RIBONUCLEOPROTEIN_COMPLEX_BINDING,GOMF_RIBONUCLEOPROTEIN_COMPLEX_BINDING] was killed by [GOMF_MRNA_3_UTR_BINDING,GOMF_MRNA_3_UTR_BINDING]
[GOMF_N_METHYLTRANSFERASE_ACTIVITY,GOMF_N_METHYLTRANSFERASE_ACTIVITY] was killed by [GOMF_S_ADENOSYLMETHIONINE_DEPENDENT_METHYLTRANSFERASE_ACTIVITY,GOMF_S_ADENOSYLMETHIONINE_DEPENDENT_METHYLTRANSFERASE_ACTIVITY]
[GOMF_CATALYTIC_ACTIVITY_ACTING_ON_DNA,GOMF_CATALYTIC_ACTIVITY_ACTING_ON_DNA] was killed by [GOMF_HELICASE_ACTIVITY,GOMF_HELICASE_ACTIVITY]
[GOMF_PROTEIN_METHYLTRANSFERASE_ACTIVITY,GOMF_PROTEIN_METHYLTRANSFERASE_ACTIVITY] was killed by [GOMF_S_ADENOSYLMETHIONINE_DEPENDENT_METHYLTRANSFERASE_ACTIVITY,GOMF_S_ADENOSYLMETHIONINE_DEPENDENT_METHYLTRANSFERASE_ACTIVITY]
[GOMF_LYSINE_N_METHYLTRANSFERASE_ACTIVITY,GOMF_LYSINE_N_METHYLTRANSFERASE_ACTIVITY] was killed by [GOMF_S_ADENOSYLMETHIONINE_DEPENDENT_METHYLTRANSFERASE_ACTIVITY,GOMF_S_ADENOSYLMETHIONINE_DEPENDENT_METHYLTRANSFERASE_ACTIVITY]
[GOMF_RRNA_BINDING,GOMF_RRNA_BINDING] was killed by [GOMF_STRUCTURAL_CONSTITUENT_OF_RIBOSOME,GOMF_STRUCTURAL_CONSTITUENT_OF_RIBOSOME]
[GOMF_TRANSLATION_REGULATOR_ACTIVITY,GOMF_TRANSLATION_REGULATOR_ACTIVITY] was killed by [GOMF_MRNA_3_UTR_BINDING,GOMF_MRNA_3_UTR_BINDING]
[GOMF_SINGLE_STRANDED_DNA_BINDING,GOMF_SINGLE_STRANDED_DNA_BINDING] was killed by [GOMF_HELICASE_ACTIVITY,GOMF_HELICASE_ACTIVITY]
[GOMF_HISTONE_METHYLTRANSFERASE_ACTIVITY,GOMF_HISTONE_METHYLTRANSFERASE_ACTIVITY] was killed by [GOMF_S_ADENOSYLMETHIONINE_DEPENDENT_METHYLTRANSFERASE_ACTIVITY,GOMF_S_ADENOSYLMETHIONINE_DEPENDENT_METHYLTRANSFERASE_ACTIVITY]
[GOMF_HISTONE_LYSINE_N_METHYLTRANSFERASE_ACTIVITY,GOMF_HISTONE_LYSINE_N_METHYLTRANSFERASE_ACTIVITY] was killed by [GOMF_S_ADENOSYLMETHIONINE_DEPENDENT_METHYLTRANSFERASE_ACTIVITY,GOMF_S_ADENOSYLMETHIONINE_DEPENDENT_METHYLTRANSFERASE_ACTIVITY]
[GOMF_TRANSLATION_REGULATOR_ACTIVITY_NUCLEIC_ACID_BINDING,GOMF_TRANSLATION_REGULATOR_ACTIVITY_NUCLEIC_ACID_BINDING] was killed by [GOMF_MRNA_3_UTR_BINDING,GOMF_MRNA_3_UTR_BINDING]
[GOMF_GUANYL_NUCLEOTIDE_EXCHANGE_FACTOR_ACTIVITY,GOMF_GUANYL_NUCLEOTIDE_EXCHANGE_FACTOR_ACTIVITY] was killed by [GOMF_TRANSLATION_FACTOR_ACTIVITY_RNA_BINDING,GOMF_TRANSLATION_FACTOR_ACTIVITY_RNA_BINDING]
[GOMF_RNA_METHYLTRANSFERASE_ACTIVITY,GOMF_RNA_METHYLTRANSFERASE_ACTIVITY] was killed by [GOMF_S_ADENOSYLMETHIONINE_DEPENDENT_METHYLTRANSFERASE_ACTIVITY,GOMF_S_ADENOSYLMETHIONINE_DEPENDENT_METHYLTRANSFERASE_ACTIVITY]
[GOMF_TRANSLATION_INITIATION_FACTOR_ACTIVITY,GOMF_TRANSLATION_INITIATION_FACTOR_ACTIVITY] was killed by [GOMF_TRANSLATION_FACTOR_ACTIVITY_RNA_BINDING,GOMF_TRANSLATION_FACTOR_ACTIVITY_RNA_BINDING]
[GOMF_IMMUNE_RECEPTOR_ACTIVITY,GOMF_IMMUNE_RECEPTOR_ACTIVITY] was killed by [GOMF_ANTIGEN_BINDING,GOMF_ANTIGEN_BINDING]
[GOMF_NUCLEASE_ACTIVITY,GOMF_NUCLEASE_ACTIVITY] was killed by [GOMF_HELICASE_ACTIVITY,GOMF_HELICASE_ACTIVITY]
[GOMF_DNA_HELICASE_ACTIVITY,GOMF_DNA_HELICASE_ACTIVITY] was killed by [GOMF_HELICASE_ACTIVITY,GOMF_HELICASE_ACTIVITY]
[GOMF_4_IRON_4_SULFUR_CLUSTER_BINDING,GOMF_4_IRON_4_SULFUR_CLUSTER_BINDING] was killed by [GOMF_HELICASE_ACTIVITY,GOMF_HELICASE_ACTIVITY]
[GOMF_METAL_CLUSTER_BINDING,GOMF_METAL_CLUSTER_BINDING] was killed by [GOMF_HELICASE_ACTIVITY,GOMF_HELICASE_ACTIVITY]
[GOMF_TRNA_BINDING,GOMF_TRNA_BINDING] was killed by [GOMF_S_ADENOSYLMETHIONINE_DEPENDENT_METHYLTRANSFERASE_ACTIVITY,GOMF_S_ADENOSYLMETHIONINE_DEPENDENT_METHYLTRANSFERASE_ACTIVITY]
[GOMF_DAMAGED_DNA_BINDING,GOMF_DAMAGED_DNA_BINDING] was killed by [GOMF_HELICASE_ACTIVITY,GOMF_HELICASE_ACTIVITY]
[GOMF_PEPTIDE_RECEPTOR_ACTIVITY,GOMF_PEPTIDE_RECEPTOR_ACTIVITY] was killed by [GOMF_CYTOKINE_RECEPTOR_ACTIVITY,GOMF_CYTOKINE_RECEPTOR_ACTIVITY]
[GOMF_DNA_DEPENDENT_ATPASE_ACTIVITY,GOMF_DNA_DEPENDENT_ATPASE_ACTIVITY] was killed by [GOMF_HELICASE_ACTIVITY,GOMF_HELICASE_ACTIVITY]
[GOMF_MODIFICATION_DEPENDENT_PROTEIN_BINDING,GOMF_MODIFICATION_DEPENDENT_PROTEIN_BINDING] was killed by [GOMF_S_ADENOSYLMETHIONINE_DEPENDENT_METHYLTRANSFERASE_ACTIVITY,GOMF_S_ADENOSYLMETHIONINE_DEPENDENT_METHYLTRANSFERASE_ACTIVITY]
[GOMF_ELECTRON_TRANSFER_ACTIVITY,GOMF_ELECTRON_TRANSFER_ACTIVITY] was killed by [GOMF_OXIDOREDUCTASE_ACTIVITY_ACTING_ON_NAD_P_H,GOMF_OXIDOREDUCTASE_ACTIVITY_ACTING_ON_NAD_P_H]
[GOMF_NUCLEOTIDYLTRANSFERASE_ACTIVITY,GOMF_NUCLEOTIDYLTRANSFERASE_ACTIVITY] was killed by [GOMF_RNA_POLYMERASE_ACTIVITY,GOMF_RNA_POLYMERASE_ACTIVITY]
[GOMF_EXONUCLEASE_ACTIVITY_ACTIVE_WITH_EITHER_RIBO_OR_DEOXYRIBONUCLEIC_ACIDS_AND_PRODUCING_5_PHOSPHOMONOESTERS,GOMF_EXONUCLEASE_ACTIVITY_ACTIVE_WITH_EITHER_RIBO_OR_DEOXYRIBONUCLEIC_ACIDS_AND_PRODUCING_5_PHOSPHOMONOESTERS] was killed by [GOMF_EXONUCLEASE_ACTIVITY,GOMF_EXONUCLEASE_ACTIVITY]
[GOMF_NEUROTRANSMITTER_RECEPTOR_ACTIVITY,GOMF_NEUROTRANSMITTER_RECEPTOR_ACTIVITY] was killed by [GOMF_G_PROTEIN_COUPLED_AMINE_RECEPTOR_ACTIVITY,GOMF_G_PROTEIN_COUPLED_AMINE_RECEPTOR_ACTIVITY]
[GOMF_PROTEIN_C_TERMINUS_BINDING,GOMF_PROTEIN_C_TERMINUS_BINDING] was killed by [GOMF_GENERAL_TRANSCRIPTION_INITIATION_FACTOR_BINDING,GOMF_GENERAL_TRANSCRIPTION_INITIATION_FACTOR_BINDING]
[GOMF_SERINE_TYPE_ENDOPEPTIDASE_INHIBITOR_ACTIVITY,GOMF_SERINE_TYPE_ENDOPEPTIDASE_INHIBITOR_ACTIVITY] was killed by [GOMF_ENDOPEPTIDASE_REGULATOR_ACTIVITY,GOMF_ENDOPEPTIDASE_REGULATOR_ACTIVITY]
[GOMF_NAD_P_H_DEHYDROGENASE_QUINONE_ACTIVITY,GOMF_NAD_P_H_DEHYDROGENASE_QUINONE_ACTIVITY] was killed by [GOMF_OXIDOREDUCTASE_ACTIVITY_ACTING_ON_NAD_P_H,GOMF_OXIDOREDUCTASE_ACTIVITY_ACTING_ON_NAD_P_H]
[GOMF_3_5_EXONUCLEASE_ACTIVITY,GOMF_3_5_EXONUCLEASE_ACTIVITY] was killed by [GOMF_EXONUCLEASE_ACTIVITY,GOMF_EXONUCLEASE_ACTIVITY]
[GOMF_MRNA_3_UTR_AU_RICH_REGION_BINDING,GOMF_MRNA_3_UTR_AU_RICH_REGION_BINDING] was killed by [GOMF_MRNA_3_UTR_BINDING,GOMF_MRNA_3_UTR_BINDING]
[GOMF_DNA_REPLICATION_ORIGIN_BINDING,GOMF_DNA_REPLICATION_ORIGIN_BINDING] was killed by [GOMF_HELICASE_ACTIVITY,GOMF_HELICASE_ACTIVITY]
[GOMF_POTASSIUM_ION_TRANSMEMBRANE_TRANSPORTER_ACTIVITY,GOMF_POTASSIUM_ION_TRANSMEMBRANE_TRANSPORTER_ACTIVITY] was killed by [GOMF_VOLTAGE_GATED_ION_CHANNEL_ACTIVITY,GOMF_VOLTAGE_GATED_ION_CHANNEL_ACTIVITY]
[GOMF_LIGASE_ACTIVITY_FORMING_CARBON_OXYGEN_BONDS,GOMF_LIGASE_ACTIVITY_FORMING_CARBON_OXYGEN_BONDS] was killed by [GOMF_LIGASE_ACTIVITY,GOMF_LIGASE_ACTIVITY]
[GOMF_HEPARIN_BINDING,GOMF_HEPARIN_BINDING] was killed by [GOMF_SERINE_HYDROLASE_ACTIVITY,GOMF_SERINE_HYDROLASE_ACTIVITY]
[GOMF_RNA_HELICASE_ACTIVITY,GOMF_RNA_HELICASE_ACTIVITY] was killed by [GOMF_HELICASE_ACTIVITY,GOMF_HELICASE_ACTIVITY]
[GOMF_CHEMOKINE_RECEPTOR_BINDING,GOMF_CHEMOKINE_RECEPTOR_BINDING] was killed by [GOMF_CCR_CHEMOKINE_RECEPTOR_BINDING,GOMF_CCR_CHEMOKINE_RECEPTOR_BINDING]
[GOMF_MONOOXYGENASE_ACTIVITY,GOMF_MONOOXYGENASE_ACTIVITY] was killed by [GOMF_OXIDOREDUCTASE_ACTIVITY_ACTING_ON_NAD_P_H,GOMF_OXIDOREDUCTASE_ACTIVITY_ACTING_ON_NAD_P_H]
[GOMF_SYMPORTER_ACTIVITY,GOMF_SYMPORTER_ACTIVITY] was killed by [GOMF_ORGANIC_ACID_TRANSMEMBRANE_TRANSPORTER_ACTIVITY,GOMF_ORGANIC_ACID_TRANSMEMBRANE_TRANSPORTER_ACTIVITY]
[GOMF_POTASSIUM_CHANNEL_ACTIVITY,GOMF_POTASSIUM_CHANNEL_ACTIVITY] was killed by [GOMF_VOLTAGE_GATED_ION_CHANNEL_ACTIVITY,GOMF_VOLTAGE_GATED_ION_CHANNEL_ACTIVITY]
[GOMF_UBIQUITIN_BINDING,GOMF_UBIQUITIN_BINDING] was killed by [GOMF_UBIQUITIN_LIKE_PROTEIN_BINDING,GOMF_UBIQUITIN_LIKE_PROTEIN_BINDING]
[GOMF_TRNA_METHYLTRANSFERASE_ACTIVITY,GOMF_TRNA_METHYLTRANSFERASE_ACTIVITY] was killed by [GOMF_S_ADENOSYLMETHIONINE_DEPENDENT_METHYLTRANSFERASE_ACTIVITY,GOMF_S_ADENOSYLMETHIONINE_DEPENDENT_METHYLTRANSFERASE_ACTIVITY]
[GOMF_CARGO_RECEPTOR_ACTIVITY,GOMF_CARGO_RECEPTOR_ACTIVITY] was killed by [GOMF_SERINE_HYDROLASE_ACTIVITY,GOMF_SERINE_HYDROLASE_ACTIVITY]
[GOMF_NEUROPEPTIDE_RECEPTOR_BINDING,GOMF_NEUROPEPTIDE_RECEPTOR_BINDING] was killed by [GOMF_HORMONE_ACTIVITY,GOMF_HORMONE_ACTIVITY]
[GOMF_NUCLEAR_HORMONE_RECEPTOR_BINDING,GOMF_NUCLEAR_HORMONE_RECEPTOR_BINDING] was killed by [GOMF_GENERAL_TRANSCRIPTION_INITIATION_FACTOR_BINDING,GOMF_GENERAL_TRANSCRIPTION_INITIATION_FACTOR_BINDING]
[GOMF_RIBONUCLEASE_ACTIVITY,GOMF_RIBONUCLEASE_ACTIVITY] was killed by [GOMF_EXONUCLEASE_ACTIVITY,GOMF_EXONUCLEASE_ACTIVITY]
[GOMF_AMYLOID_BETA_BINDING,GOMF_AMYLOID_BETA_BINDING] was killed by [GOMF_EXOGENOUS_PROTEIN_BINDING,GOMF_EXOGENOUS_PROTEIN_BINDING]
[GOMF_CYTOKINE_BINDING,GOMF_CYTOKINE_BINDING] was killed by [GOMF_CYTOKINE_RECEPTOR_ACTIVITY,GOMF_CYTOKINE_RECEPTOR_ACTIVITY]
[GOMF_EXORIBONUCLEASE_ACTIVITY,GOMF_EXORIBONUCLEASE_ACTIVITY] was killed by [GOMF_MRNA_3_UTR_BINDING,GOMF_MRNA_3_UTR_BINDING]
[GOMF_PEPTIDE_HORMONE_BINDING,GOMF_PEPTIDE_HORMONE_BINDING] was killed by [GOMF_CYTOKINE_RECEPTOR_ACTIVITY,GOMF_CYTOKINE_RECEPTOR_ACTIVITY]
[GOMF_OXIDOREDUCTASE_ACTIVITY_ACTING_ON_NAD_P_H_QUINONE_OR_SIMILAR_COMPOUND_AS_ACCEPTOR,GOMF_OXIDOREDUCTASE_ACTIVITY_ACTING_ON_NAD_P_H_QUINONE_OR_SIMILAR_COMPOUND_AS_ACCEPTOR] was killed by [GOMF_OXIDOREDUCTASE_ACTIVITY_ACTING_ON_NAD_P_H,GOMF_OXIDOREDUCTASE_ACTIVITY_ACTING_ON_NAD_P_H]
[GOMF_NEUROPEPTIDE_HORMONE_ACTIVITY,GOMF_NEUROPEPTIDE_HORMONE_ACTIVITY] was killed by [GOMF_HORMONE_ACTIVITY,GOMF_HORMONE_ACTIVITY]
[GOMF_DEMETHYLASE_ACTIVITY,GOMF_DEMETHYLASE_ACTIVITY] was killed by [GOMF_PROTEIN_DEMETHYLASE_ACTIVITY,GOMF_PROTEIN_DEMETHYLASE_ACTIVITY]
[GOMF_SEROTONIN_RECEPTOR_ACTIVITY,GOMF_SEROTONIN_RECEPTOR_ACTIVITY] was killed by [GOMF_G_PROTEIN_COUPLED_AMINE_RECEPTOR_ACTIVITY,GOMF_G_PROTEIN_COUPLED_AMINE_RECEPTOR_ACTIVITY]
[GOMF_NUCLEOSOME_BINDING,GOMF_NUCLEOSOME_BINDING] was killed by [GOMF_HISTONE_DEACETYLASE_BINDING,GOMF_HISTONE_DEACETYLASE_BINDING]
[GOMF_AMINO_ACID_TRANSMEMBRANE_TRANSPORTER_ACTIVITY,GOMF_AMINO_ACID_TRANSMEMBRANE_TRANSPORTER_ACTIVITY] was killed by [GOMF_ORGANIC_ACID_TRANSMEMBRANE_TRANSPORTER_ACTIVITY,GOMF_ORGANIC_ACID_TRANSMEMBRANE_TRANSPORTER_ACTIVITY]
[GOMF_P53_BINDING,GOMF_P53_BINDING] was killed by [GOMF_S_ADENOSYLMETHIONINE_DEPENDENT_METHYLTRANSFERASE_ACTIVITY,GOMF_S_ADENOSYLMETHIONINE_DEPENDENT_METHYLTRANSFERASE_ACTIVITY]
[GOMF_VOLTAGE_GATED_CATION_CHANNEL_ACTIVITY,GOMF_VOLTAGE_GATED_CATION_CHANNEL_ACTIVITY] was killed by [GOMF_VOLTAGE_GATED_ION_CHANNEL_ACTIVITY,GOMF_VOLTAGE_GATED_ION_CHANNEL_ACTIVITY]
[GOMF_BASAL_TRANSCRIPTION_MACHINERY_BINDING,GOMF_BASAL_TRANSCRIPTION_MACHINERY_BINDING] was killed by [GOMF_S_ADENOSYLMETHIONINE_DEPENDENT_METHYLTRANSFERASE_ACTIVITY,GOMF_S_ADENOSYLMETHIONINE_DEPENDENT_METHYLTRANSFERASE_ACTIVITY]
[GOMF_RIBOSOME_BINDING,GOMF_RIBOSOME_BINDING] was killed by [GOMF_MRNA_3_UTR_BINDING,GOMF_MRNA_3_UTR_BINDING]
[GOMF_PROTEIN_N_TERMINUS_BINDING,GOMF_PROTEIN_N_TERMINUS_BINDING] was killed by [GOMF_GENERAL_TRANSCRIPTION_INITIATION_FACTOR_BINDING,GOMF_GENERAL_TRANSCRIPTION_INITIATION_FACTOR_BINDING]
[GOMF_THYROID_HORMONE_RECEPTOR_BINDING,GOMF_THYROID_HORMONE_RECEPTOR_BINDING] was killed by [GOMF_GENERAL_TRANSCRIPTION_INITIATION_FACTOR_BINDING,GOMF_GENERAL_TRANSCRIPTION_INITIATION_FACTOR_BINDING]
[GOMF_HYDROLASE_ACTIVITY_ACTING_ON_GLYCOSYL_BONDS,GOMF_HYDROLASE_ACTIVITY_ACTING_ON_GLYCOSYL_BONDS] was killed by [GOMF_CYTOKINE_RECEPTOR_ACTIVITY,GOMF_CYTOKINE_RECEPTOR_ACTIVITY]
[GOMF_GROWTH_FACTOR_ACTIVITY,GOMF_GROWTH_FACTOR_ACTIVITY] was killed by [GOMF_HORMONE_ACTIVITY,GOMF_HORMONE_ACTIVITY]
[GOMF_FOUR_WAY_JUNCTION_DNA_BINDING,GOMF_FOUR_WAY_JUNCTION_DNA_BINDING] was killed by [GOMF_HELICASE_ACTIVITY,GOMF_HELICASE_ACTIVITY]
[GOMF_GENERAL_TRANSCRIPTION_INITIATION_FACTOR_ACTIVITY,GOMF_GENERAL_TRANSCRIPTION_INITIATION_FACTOR_ACTIVITY] was killed by [GOMF_GENERAL_TRANSCRIPTION_INITIATION_FACTOR_BINDING,GOMF_GENERAL_TRANSCRIPTION_INITIATION_FACTOR_BINDING]
[GOMF_SODIUM_ION_TRANSMEMBRANE_TRANSPORTER_ACTIVITY,GOMF_SODIUM_ION_TRANSMEMBRANE_TRANSPORTER_ACTIVITY] was killed by [GOMF_VOLTAGE_GATED_ION_CHANNEL_ACTIVITY,GOMF_VOLTAGE_GATED_ION_CHANNEL_ACTIVITY]
[GOMF_TELOMERIC_DNA_BINDING,GOMF_TELOMERIC_DNA_BINDING] was killed by [GOMF_HELICASE_ACTIVITY,GOMF_HELICASE_ACTIVITY]
[GOMF_ORGANIC_ANION_TRANSMEMBRANE_TRANSPORTER_ACTIVITY,GOMF_ORGANIC_ANION_TRANSMEMBRANE_TRANSPORTER_ACTIVITY] was killed by [GOMF_ORGANIC_ACID_TRANSMEMBRANE_TRANSPORTER_ACTIVITY,GOMF_ORGANIC_ACID_TRANSMEMBRANE_TRANSPORTER_ACTIVITY]
[GOMF_PEPTIDE_ANTIGEN_BINDING,GOMF_PEPTIDE_ANTIGEN_BINDING] was killed by [GOMF_ANTIGEN_BINDING,GOMF_ANTIGEN_BINDING]
[GOMF_ENDORIBONUCLEASE_ACTIVITY_PRODUCING_5_PHOSPHOMONOESTERS,GOMF_ENDORIBONUCLEASE_ACTIVITY_PRODUCING_5_PHOSPHOMONOESTERS] was killed by [GOMF_EXONUCLEASE_ACTIVITY,GOMF_EXONUCLEASE_ACTIVITY]
[GOMF_U3_SNORNA_BINDING,GOMF_U3_SNORNA_BINDING] was killed by [GOMF_HELICASE_ACTIVITY,GOMF_HELICASE_ACTIVITY]
[GOMF_CORE_PROMOTER_SEQUENCE_SPECIFIC_DNA_BINDING,GOMF_CORE_PROMOTER_SEQUENCE_SPECIFIC_DNA_BINDING] was killed by [GOMF_GENERAL_TRANSCRIPTION_INITIATION_FACTOR_BINDING,GOMF_GENERAL_TRANSCRIPTION_INITIATION_FACTOR_BINDING]
[GOMF_NUCLEAR_RECEPTOR_BINDING,GOMF_NUCLEAR_RECEPTOR_BINDING] was killed by [GOMF_HISTONE_DEACETYLASE_BINDING,GOMF_HISTONE_DEACETYLASE_BINDING]
[GOMF_GROWTH_FACTOR_BINDING,GOMF_GROWTH_FACTOR_BINDING] was killed by [GOMF_EXTRACELLULAR_MATRIX_STRUCTURAL_CONSTITUENT,GOMF_EXTRACELLULAR_MATRIX_STRUCTURAL_CONSTITUENT]
[GOMF_ORGANIC_ACID_SODIUM_SYMPORTER_ACTIVITY,GOMF_ORGANIC_ACID_SODIUM_SYMPORTER_ACTIVITY] was killed by [GOMF_ORGANIC_ACID_TRANSMEMBRANE_TRANSPORTER_ACTIVITY,GOMF_ORGANIC_ACID_TRANSMEMBRANE_TRANSPORTER_ACTIVITY]
[GOMF_CORECEPTOR_ACTIVITY,GOMF_CORECEPTOR_ACTIVITY] was killed by [GOMF_CYTOKINE_RECEPTOR_ACTIVITY,GOMF_CYTOKINE_RECEPTOR_ACTIVITY]
[GOMF_TAU_PROTEIN_BINDING,GOMF_TAU_PROTEIN_BINDING] was killed by [GOMF_HISTONE_DEACETYLASE_BINDING,GOMF_HISTONE_DEACETYLASE_BINDING]
[GOMF_L_AMINO_ACID_TRANSMEMBRANE_TRANSPORTER_ACTIVITY,GOMF_L_AMINO_ACID_TRANSMEMBRANE_TRANSPORTER_ACTIVITY] was killed by [GOMF_ORGANIC_ACID_TRANSMEMBRANE_TRANSPORTER_ACTIVITY,GOMF_ORGANIC_ACID_TRANSMEMBRANE_TRANSPORTER_ACTIVITY]
[GOMF_NEUTRAL_AMINO_ACID_TRANSMEMBRANE_TRANSPORTER_ACTIVITY,GOMF_NEUTRAL_AMINO_ACID_TRANSMEMBRANE_TRANSPORTER_ACTIVITY] was killed by [GOMF_ANTIGEN_BINDING,GOMF_ANTIGEN_BINDING]
[GOMF_COLLAGEN_BINDING,GOMF_COLLAGEN_BINDING] was killed by [GOMF_EXTRACELLULAR_MATRIX_STRUCTURAL_CONSTITUENT,GOMF_EXTRACELLULAR_MATRIX_STRUCTURAL_CONSTITUENT]
[GOMF_IONOTROPIC_GLUTAMATE_RECEPTOR_BINDING,GOMF_IONOTROPIC_GLUTAMATE_RECEPTOR_BINDING] was killed by [GOMF_VOLTAGE_GATED_ION_CHANNEL_ACTIVITY,GOMF_VOLTAGE_GATED_ION_CHANNEL_ACTIVITY]
[GOMF_EXTRACELLULAR_MATRIX_BINDING,GOMF_EXTRACELLULAR_MATRIX_BINDING] was killed by [GOMF_EXTRACELLULAR_MATRIX_STRUCTURAL_CONSTITUENT,GOMF_EXTRACELLULAR_MATRIX_STRUCTURAL_CONSTITUENT]
[GOMF_PEPTIDE_N_ACETYLTRANSFERASE_ACTIVITY,GOMF_PEPTIDE_N_ACETYLTRANSFERASE_ACTIVITY] was killed by [GOMF_GENERAL_TRANSCRIPTION_INITIATION_FACTOR_BINDING,GOMF_GENERAL_TRANSCRIPTION_INITIATION_FACTOR_BINDING]
[GOMF_VOLTAGE_GATED_POTASSIUM_CHANNEL_ACTIVITY,GOMF_VOLTAGE_GATED_POTASSIUM_CHANNEL_ACTIVITY] was killed by [GOMF_VOLTAGE_GATED_ION_CHANNEL_ACTIVITY,GOMF_VOLTAGE_GATED_ION_CHANNEL_ACTIVITY]
[GOMF_GTP_DEPENDENT_PROTEIN_BINDING,GOMF_GTP_DEPENDENT_PROTEIN_BINDING] was killed by [GOMF_GDP_BINDING,GOMF_GDP_BINDING]
[GOMF_PROTEIN_TAG,GOMF_PROTEIN_TAG] was killed by [GOMF_STRUCTURAL_CONSTITUENT_OF_RIBOSOME,GOMF_STRUCTURAL_CONSTITUENT_OF_RIBOSOME]
[GOMF_PEPTIDOGLYCAN_MURALYTIC_ACTIVITY,GOMF_PEPTIDOGLYCAN_MURALYTIC_ACTIVITY] was killed by [GOMF_HYDROLASE_ACTIVITY_HYDROLYZING_O_GLYCOSYL_COMPOUNDS,GOMF_HYDROLASE_ACTIVITY_HYDROLYZING_O_GLYCOSYL_COMPOUNDS]
[GOMF_VITAMIN_D_RECEPTOR_BINDING,GOMF_VITAMIN_D_RECEPTOR_BINDING] was killed by [GOMF_GENERAL_TRANSCRIPTION_INITIATION_FACTOR_BINDING,GOMF_GENERAL_TRANSCRIPTION_INITIATION_FACTOR_BINDING]
[GOMF_OXIDOREDUCTASE_ACTIVITY_ACTING_ON_PAIRED_DONORS_WITH_INCORPORATION_OR_REDUCTION_OF_MOLECULAR_OXYGEN_NAD_P_H_AS_ONE_DONOR_AND_INCORPORATION_OF_ONE_ATOM_OF_OXYGEN,GOMF_OXIDOREDUCTASE_ACTIVITY_ACTING_ON_PAIRED_DONORS_WITH_INCORPORATION_OR_REDUCTION_OF_MOLECULAR_OXYGEN_NAD_P_H_AS_ONE_DONOR_AND_INCORPORATION_OF_ONE_ATOM_OF_OXYGEN] was killed by [GOMF_OXIDOREDUCTASE_ACTIVITY_ACTING_ON_NAD_P_H,GOMF_OXIDOREDUCTASE_ACTIVITY_ACTING_ON_NAD_P_H]
[GOMF_CYSTEINE_TYPE_ENDOPEPTIDASE_INHIBITOR_ACTIVITY,GOMF_CYSTEINE_TYPE_ENDOPEPTIDASE_INHIBITOR_ACTIVITY] was killed by [GOMF_ENDOPEPTIDASE_REGULATOR_ACTIVITY,GOMF_ENDOPEPTIDASE_REGULATOR_ACTIVITY]
[GOMF_NUCLEOCYTOPLASMIC_CARRIER_ACTIVITY,GOMF_NUCLEOCYTOPLASMIC_CARRIER_ACTIVITY] was killed by [GOMF_NUCLEAR_IMPORT_SIGNAL_RECEPTOR_ACTIVITY,GOMF_NUCLEAR_IMPORT_SIGNAL_RECEPTOR_ACTIVITY]
[GOMF_SCAVENGER_RECEPTOR_ACTIVITY,GOMF_SCAVENGER_RECEPTOR_ACTIVITY] was killed by [GOMF_SERINE_HYDROLASE_ACTIVITY,GOMF_SERINE_HYDROLASE_ACTIVITY]
[GOMF_HORMONE_BINDING,GOMF_HORMONE_BINDING] was killed by [GOMF_CYTOKINE_RECEPTOR_ACTIVITY,GOMF_CYTOKINE_RECEPTOR_ACTIVITY]
[GOMF_DOUBLE_STRANDED_RNA_BINDING,GOMF_DOUBLE_STRANDED_RNA_BINDING] was killed by [GOMF_MRNA_3_UTR_BINDING,GOMF_MRNA_3_UTR_BINDING]
[GOMF_SECONDARY_ACTIVE_MONOCARBOXYLATE_TRANSMEMBRANE_TRANSPORTER_ACTIVITY,GOMF_SECONDARY_ACTIVE_MONOCARBOXYLATE_TRANSMEMBRANE_TRANSPORTER_ACTIVITY] was killed by [GOMF_ORGANIC_ACID_TRANSMEMBRANE_TRANSPORTER_ACTIVITY,GOMF_ORGANIC_ACID_TRANSMEMBRANE_TRANSPORTER_ACTIVITY]
[GOMF_MOLECULAR_CARRIER_ACTIVITY,GOMF_MOLECULAR_CARRIER_ACTIVITY] was killed by [GOMF_NUCLEAR_IMPORT_SIGNAL_RECEPTOR_ACTIVITY,GOMF_NUCLEAR_IMPORT_SIGNAL_RECEPTOR_ACTIVITY]
[GOMF_CARBOHYDRATE_DERIVATIVE_TRANSMEMBRANE_TRANSPORTER_ACTIVITY,GOMF_CARBOHYDRATE_DERIVATIVE_TRANSMEMBRANE_TRANSPORTER_ACTIVITY] was killed by [GOMF_ORGANIC_ACID_TRANSMEMBRANE_TRANSPORTER_ACTIVITY,GOMF_ORGANIC_ACID_TRANSMEMBRANE_TRANSPORTER_ACTIVITY]
[GOMF_ENDONUCLEASE_ACTIVITY_ACTIVE_WITH_EITHER_RIBO_OR_DEOXYRIBONUCLEIC_ACIDS_AND_PRODUCING_5_PHOSPHOMONOESTERS,GOMF_ENDONUCLEASE_ACTIVITY_ACTIVE_WITH_EITHER_RIBO_OR_DEOXYRIBONUCLEIC_ACIDS_AND_PRODUCING_5_PHOSPHOMONOESTERS] was killed by [GOMF_HELICASE_ACTIVITY,GOMF_HELICASE_ACTIVITY]
[GOMF_HISTONE_METHYLTRANSFERASE_ACTIVITY_H3_K4_SPECIFIC,GOMF_HISTONE_METHYLTRANSFERASE_ACTIVITY_H3_K4_SPECIFIC] was killed by [GOMF_S_ADENOSYLMETHIONINE_DEPENDENT_METHYLTRANSFERASE_ACTIVITY,GOMF_S_ADENOSYLMETHIONINE_DEPENDENT_METHYLTRANSFERASE_ACTIVITY]
[GOMF_OXIDOREDUCTASE_ACTIVITY_ACTING_ON_THE_CH_CH_GROUP_OF_DONORS,GOMF_OXIDOREDUCTASE_ACTIVITY_ACTING_ON_THE_CH_CH_GROUP_OF_DONORS] was killed by [GOMF_OXIDOREDUCTASE_ACTIVITY_ACTING_ON_NAD_P_H,GOMF_OXIDOREDUCTASE_ACTIVITY_ACTING_ON_NAD_P_H]
[GOMF_2_OXOGLUTARATE_DEPENDENT_DIOXYGENASE_ACTIVITY,GOMF_2_OXOGLUTARATE_DEPENDENT_DIOXYGENASE_ACTIVITY] was killed by [GOMF_PROTEIN_DEMETHYLASE_ACTIVITY,GOMF_PROTEIN_DEMETHYLASE_ACTIVITY]
[GOMF_HEXOSAMINIDASE_ACTIVITY,GOMF_HEXOSAMINIDASE_ACTIVITY] was killed by [GOMF_HYDROLASE_ACTIVITY_HYDROLYZING_O_GLYCOSYL_COMPOUNDS,GOMF_HYDROLASE_ACTIVITY_HYDROLYZING_O_GLYCOSYL_COMPOUNDS]
[GOMF_METHYLATED_HISTONE_BINDING,GOMF_METHYLATED_HISTONE_BINDING] was killed by [GOMF_S_ADENOSYLMETHIONINE_DEPENDENT_METHYLTRANSFERASE_ACTIVITY,GOMF_S_ADENOSYLMETHIONINE_DEPENDENT_METHYLTRANSFERASE_ACTIVITY]
[GOMF_TOLL_LIKE_RECEPTOR_BINDING,GOMF_TOLL_LIKE_RECEPTOR_BINDING] was killed by [GOMF_RAGE_RECEPTOR_BINDING,GOMF_RAGE_RECEPTOR_BINDING]
[GOMF_TRANSMEMBRANE_RECEPTOR_PROTEIN_TYROSINE_KINASE_ACTIVITY,GOMF_TRANSMEMBRANE_RECEPTOR_PROTEIN_TYROSINE_KINASE_ACTIVITY] was killed by [GOMF_EXOGENOUS_PROTEIN_BINDING,GOMF_EXOGENOUS_PROTEIN_BINDING]
[GOMF_METALLOENDOPEPTIDASE_ACTIVITY,GOMF_METALLOENDOPEPTIDASE_ACTIVITY] was killed by [GOMF_SERINE_HYDROLASE_ACTIVITY,GOMF_SERINE_HYDROLASE_ACTIVITY]
[GOMF_TRANSCRIPTION_COREGULATOR_BINDING,GOMF_TRANSCRIPTION_COREGULATOR_BINDING] was killed by [GOMF_S_ADENOSYLMETHIONINE_DEPENDENT_METHYLTRANSFERASE_ACTIVITY,GOMF_S_ADENOSYLMETHIONINE_DEPENDENT_METHYLTRANSFERASE_ACTIVITY]
[GOMF_MANNOSIDASE_ACTIVITY,GOMF_MANNOSIDASE_ACTIVITY] was killed by [GOMF_HYDROLASE_ACTIVITY_HYDROLYZING_O_GLYCOSYL_COMPOUNDS,GOMF_HYDROLASE_ACTIVITY_HYDROLYZING_O_GLYCOSYL_COMPOUNDS]
[GOMF_EXTRACELLULAR_MATRIX_STRUCTURAL_CONSTITUENT_CONFERRING_TENSILE_STRENGTH,GOMF_EXTRACELLULAR_MATRIX_STRUCTURAL_CONSTITUENT_CONFERRING_TENSILE_STRENGTH] was killed by [GOMF_EXTRACELLULAR_MATRIX_STRUCTURAL_CONSTITUENT,GOMF_EXTRACELLULAR_MATRIX_STRUCTURAL_CONSTITUENT]
[GOMF_SINGLE_STRANDED_DNA_HELICASE_ACTIVITY,GOMF_SINGLE_STRANDED_DNA_HELICASE_ACTIVITY] was killed by [GOMF_HELICASE_ACTIVITY,GOMF_HELICASE_ACTIVITY]
[GOMF_CHROMATIN_DNA_BINDING,GOMF_CHROMATIN_DNA_BINDING] was killed by [GOMF_GENERAL_TRANSCRIPTION_INITIATION_FACTOR_BINDING,GOMF_GENERAL_TRANSCRIPTION_INITIATION_FACTOR_BINDING]
[GOMF_ACETYLTRANSFERASE_ACTIVITY,GOMF_ACETYLTRANSFERASE_ACTIVITY] was killed by [GOMF_GENERAL_TRANSCRIPTION_INITIATION_FACTOR_BINDING,GOMF_GENERAL_TRANSCRIPTION_INITIATION_FACTOR_BINDING]
[GOMF_TBP_CLASS_PROTEIN_BINDING,GOMF_TBP_CLASS_PROTEIN_BINDING] was killed by [GOMF_GENERAL_TRANSCRIPTION_INITIATION_FACTOR_BINDING,GOMF_GENERAL_TRANSCRIPTION_INITIATION_FACTOR_BINDING]
[GOMF_LIGASE_ACTIVITY_FORMING_CARBON_NITROGEN_BONDS,GOMF_LIGASE_ACTIVITY_FORMING_CARBON_NITROGEN_BONDS] was killed by [GOMF_LIGASE_ACTIVITY,GOMF_LIGASE_ACTIVITY]
[GOMF_CHEMOREPELLENT_ACTIVITY,GOMF_CHEMOREPELLENT_ACTIVITY] was killed by [GOMF_SEMAPHORIN_RECEPTOR_BINDING,GOMF_SEMAPHORIN_RECEPTOR_BINDING]
[GOMF_EXTRACELLULAR_MATRIX_STRUCTURAL_CONSTITUENT_CONFERRING_COMPRESSION_RESISTANCE,GOMF_EXTRACELLULAR_MATRIX_STRUCTURAL_CONSTITUENT_CONFERRING_COMPRESSION_RESISTANCE] was killed by [GOMF_EXTRACELLULAR_MATRIX_STRUCTURAL_CONSTITUENT,GOMF_EXTRACELLULAR_MATRIX_STRUCTURAL_CONSTITUENT]
[GOMF_OXYGEN_CARRIER_ACTIVITY,GOMF_OXYGEN_CARRIER_ACTIVITY] was killed by [GOMF_HAPTOGLOBIN_BINDING,GOMF_HAPTOGLOBIN_BINDING]
[GOMF_LIPOPOLYSACCHARIDE_BINDING,GOMF_LIPOPOLYSACCHARIDE_BINDING] was killed by [GOMF_CCR_CHEMOKINE_RECEPTOR_BINDING,GOMF_CCR_CHEMOKINE_RECEPTOR_BINDING]
[GOMF_O_METHYLTRANSFERASE_ACTIVITY,GOMF_O_METHYLTRANSFERASE_ACTIVITY] was killed by [GOMF_S_ADENOSYLMETHIONINE_DEPENDENT_METHYLTRANSFERASE_ACTIVITY,GOMF_S_ADENOSYLMETHIONINE_DEPENDENT_METHYLTRANSFERASE_ACTIVITY]
[GOMF_PEPTIDE_LYSINE_N_ACETYLTRANSFERASE_ACTIVITY,GOMF_PEPTIDE_LYSINE_N_ACETYLTRANSFERASE_ACTIVITY] was killed by [GOMF_GENERAL_TRANSCRIPTION_INITIATION_FACTOR_BINDING,GOMF_GENERAL_TRANSCRIPTION_INITIATION_FACTOR_BINDING]
[GOMF_RNA_POLYMERASE_II_GENERAL_TRANSCRIPTION_INITIATION_FACTOR_ACTIVITY,GOMF_RNA_POLYMERASE_II_GENERAL_TRANSCRIPTION_INITIATION_FACTOR_ACTIVITY] was killed by [GOMF_GENERAL_TRANSCRIPTION_INITIATION_FACTOR_BINDING,GOMF_GENERAL_TRANSCRIPTION_INITIATION_FACTOR_BINDING]
[GOMF_SOLUTE_SODIUM_SYMPORTER_ACTIVITY,GOMF_SOLUTE_SODIUM_SYMPORTER_ACTIVITY] was killed by [GOMF_ORGANIC_ACID_TRANSMEMBRANE_TRANSPORTER_ACTIVITY,GOMF_ORGANIC_ACID_TRANSMEMBRANE_TRANSPORTER_ACTIVITY]
[GOMF_CHEMOKINE_ACTIVITY,GOMF_CHEMOKINE_ACTIVITY] was killed by [GOMF_CCR_CHEMOKINE_RECEPTOR_BINDING,GOMF_CCR_CHEMOKINE_RECEPTOR_BINDING]
[GOMF_ESTROGEN_RECEPTOR_BINDING,GOMF_ESTROGEN_RECEPTOR_BINDING] was killed by [GOMF_HISTONE_DEACETYLASE_BINDING,GOMF_HISTONE_DEACETYLASE_BINDING]
[GOMF_HEAT_SHOCK_PROTEIN_BINDING,GOMF_HEAT_SHOCK_PROTEIN_BINDING] was killed by [GOMF_S_ADENOSYLMETHIONINE_DEPENDENT_METHYLTRANSFERASE_ACTIVITY,GOMF_S_ADENOSYLMETHIONINE_DEPENDENT_METHYLTRANSFERASE_ACTIVITY]
[GOMF_ORGANIC_HYDROXY_COMPOUND_TRANSMEMBRANE_TRANSPORTER_ACTIVITY,GOMF_ORGANIC_HYDROXY_COMPOUND_TRANSMEMBRANE_TRANSPORTER_ACTIVITY] was killed by [GOMF_ORGANIC_ACID_TRANSMEMBRANE_TRANSPORTER_ACTIVITY,GOMF_ORGANIC_ACID_TRANSMEMBRANE_TRANSPORTER_ACTIVITY]
[GOMF_RNA_POLYMERASE_BINDING,GOMF_RNA_POLYMERASE_BINDING] was killed by [GOMF_MRNA_3_UTR_BINDING,GOMF_MRNA_3_UTR_BINDING]
[GOMF_AMINE_BINDING,GOMF_AMINE_BINDING] was killed by [GOMF_G_PROTEIN_COUPLED_AMINE_RECEPTOR_ACTIVITY,GOMF_G_PROTEIN_COUPLED_AMINE_RECEPTOR_ACTIVITY]
[GOMF_SINGLE_STRANDED_RNA_BINDING,GOMF_SINGLE_STRANDED_RNA_BINDING] was killed by [GOMF_MRNA_3_UTR_BINDING,GOMF_MRNA_3_UTR_BINDING]
[GOMF_ENDONUCLEASE_ACTIVITY,GOMF_ENDONUCLEASE_ACTIVITY] was killed by [GOMF_HELICASE_ACTIVITY,GOMF_HELICASE_ACTIVITY]
[GOMF_S100_PROTEIN_BINDING,GOMF_S100_PROTEIN_BINDING] was killed by [GOMF_RAGE_RECEPTOR_BINDING,GOMF_RAGE_RECEPTOR_BINDING]
[GOMF_HISTONE_METHYLTRANSFERASE_ACTIVITY_H3_K9_SPECIFIC,GOMF_HISTONE_METHYLTRANSFERASE_ACTIVITY_H3_K9_SPECIFIC] was killed by [GOMF_S_ADENOSYLMETHIONINE_DEPENDENT_METHYLTRANSFERASE_ACTIVITY,GOMF_S_ADENOSYLMETHIONINE_DEPENDENT_METHYLTRANSFERASE_ACTIVITY]
[GOMF_NF_KAPPAB_BINDING,GOMF_NF_KAPPAB_BINDING] was killed by [GOMF_HISTONE_DEACETYLASE_BINDING,GOMF_HISTONE_DEACETYLASE_BINDING]
[GOMF_LIPOPROTEIN_PARTICLE_RECEPTOR_ACTIVITY,GOMF_LIPOPROTEIN_PARTICLE_RECEPTOR_ACTIVITY] was killed by [GOMF_EXOGENOUS_PROTEIN_BINDING,GOMF_EXOGENOUS_PROTEIN_BINDING]
[GOMF_K63_LINKED_POLYUBIQUITIN_MODIFICATION_DEPENDENT_PROTEIN_BINDING,GOMF_K63_LINKED_POLYUBIQUITIN_MODIFICATION_DEPENDENT_PROTEIN_BINDING] was killed by [GOMF_UBIQUITIN_LIKE_PROTEIN_BINDING,GOMF_UBIQUITIN_LIKE_PROTEIN_BINDING]
[GOMF_C4_DICARBOXYLATE_TRANSMEMBRANE_TRANSPORTER_ACTIVITY,GOMF_C4_DICARBOXYLATE_TRANSMEMBRANE_TRANSPORTER_ACTIVITY] was killed by [GOMF_ORGANIC_ACID_TRANSMEMBRANE_TRANSPORTER_ACTIVITY,GOMF_ORGANIC_ACID_TRANSMEMBRANE_TRANSPORTER_ACTIVITY]
[GOMF_MONOCARBOXYLATE_SODIUM_SYMPORTER_ACTIVITY,GOMF_MONOCARBOXYLATE_SODIUM_SYMPORTER_ACTIVITY] was killed by [GOMF_ORGANIC_ACID_TRANSMEMBRANE_TRANSPORTER_ACTIVITY,GOMF_ORGANIC_ACID_TRANSMEMBRANE_TRANSPORTER_ACTIVITY]
[GOMF_SIGNALING_ADAPTOR_ACTIVITY,GOMF_SIGNALING_ADAPTOR_ACTIVITY] was killed by [GOMF_GLUTAMATE_RECEPTOR_BINDING,GOMF_GLUTAMATE_RECEPTOR_BINDING]
[GOMF_PEPTIDOGLYCAN_BINDING,GOMF_PEPTIDOGLYCAN_BINDING] was killed by [GOMF_IMMUNOGLOBULIN_BINDING,GOMF_IMMUNOGLOBULIN_BINDING]
[GOMF_VOLTAGE_GATED_CALCIUM_CHANNEL_ACTIVITY,GOMF_VOLTAGE_GATED_CALCIUM_CHANNEL_ACTIVITY] was killed by [GOMF_VOLTAGE_GATED_ION_CHANNEL_ACTIVITY,GOMF_VOLTAGE_GATED_ION_CHANNEL_ACTIVITY]
[GOMF_SNRNA_BINDING,GOMF_SNRNA_BINDING] was killed by [GOMF_SNORNA_BINDING,GOMF_SNORNA_BINDING]
[GOMF_TRACE_AMINE_RECEPTOR_ACTIVITY,GOMF_TRACE_AMINE_RECEPTOR_ACTIVITY] was killed by [GOMF_G_PROTEIN_COUPLED_AMINE_RECEPTOR_ACTIVITY,GOMF_G_PROTEIN_COUPLED_AMINE_RECEPTOR_ACTIVITY]
[GOMF_STEROID_HORMONE_RECEPTOR_BINDING,GOMF_STEROID_HORMONE_RECEPTOR_BINDING] was killed by [GOMF_HISTONE_DEACETYLASE_BINDING,GOMF_HISTONE_DEACETYLASE_BINDING]
[GOMF_RNA_POLYMERASE_II_GENERAL_TRANSCRIPTION_INITIATION_FACTOR_BINDING,GOMF_RNA_POLYMERASE_II_GENERAL_TRANSCRIPTION_INITIATION_FACTOR_BINDING] was killed by [GOMF_HELICASE_ACTIVITY,GOMF_HELICASE_ACTIVITY]
[GOMF_L_GLUTAMINE_TRANSMEMBRANE_TRANSPORTER_ACTIVITY,GOMF_L_GLUTAMINE_TRANSMEMBRANE_TRANSPORTER_ACTIVITY] was killed by [GOMF_ORGANIC_ACID_TRANSMEMBRANE_TRANSPORTER_ACTIVITY,GOMF_ORGANIC_ACID_TRANSMEMBRANE_TRANSPORTER_ACTIVITY]
[GOMF_POLYUBIQUITIN_MODIFICATION_DEPENDENT_PROTEIN_BINDING,GOMF_POLYUBIQUITIN_MODIFICATION_DEPENDENT_PROTEIN_BINDING] was killed by [GOMF_UBIQUITIN_LIKE_PROTEIN_BINDING,GOMF_UBIQUITIN_LIKE_PROTEIN_BINDING]
[GOMF_PRIMARY_ACTIVE_TRANSMEMBRANE_TRANSPORTER_ACTIVITY,GOMF_PRIMARY_ACTIVE_TRANSMEMBRANE_TRANSPORTER_ACTIVITY] was killed by [GOMF_ORGANIC_ACID_TRANSMEMBRANE_TRANSPORTER_ACTIVITY,GOMF_ORGANIC_ACID_TRANSMEMBRANE_TRANSPORTER_ACTIVITY]
[GOMF_POSTSYNAPTIC_NEUROTRANSMITTER_RECEPTOR_ACTIVITY,GOMF_POSTSYNAPTIC_NEUROTRANSMITTER_RECEPTOR_ACTIVITY] was killed by [GOMF_G_PROTEIN_COUPLED_AMINE_RECEPTOR_ACTIVITY,GOMF_G_PROTEIN_COUPLED_AMINE_RECEPTOR_ACTIVITY]
[GOMF_MODIFIED_AMINO_ACID_TRANSMEMBRANE_TRANSPORTER_ACTIVITY,GOMF_MODIFIED_AMINO_ACID_TRANSMEMBRANE_TRANSPORTER_ACTIVITY] was killed by [GOMF_ORGANIC_ACID_TRANSMEMBRANE_TRANSPORTER_ACTIVITY,GOMF_ORGANIC_ACID_TRANSMEMBRANE_TRANSPORTER_ACTIVITY]
[GOMF_SODIUM_INDEPENDENT_ORGANIC_ANION_TRANSMEMBRANE_TRANSPORTER_ACTIVITY,GOMF_SODIUM_INDEPENDENT_ORGANIC_ANION_TRANSMEMBRANE_TRANSPORTER_ACTIVITY] was killed by [GOMF_ORGANIC_ACID_TRANSMEMBRANE_TRANSPORTER_ACTIVITY,GOMF_ORGANIC_ACID_TRANSMEMBRANE_TRANSPORTER_ACTIVITY]
[GOMF_STEROID_DEHYDROGENASE_ACTIVITY,GOMF_STEROID_DEHYDROGENASE_ACTIVITY] was killed by [GOMF_OXIDOREDUCTASE_ACTIVITY_ACTING_ON_NAD_P_H,GOMF_OXIDOREDUCTASE_ACTIVITY_ACTING_ON_NAD_P_H]
[GOMF_TRANSCRIPTION_COREPRESSOR_ACTIVITY,GOMF_TRANSCRIPTION_COREPRESSOR_ACTIVITY] was killed by [GOMF_S_ADENOSYLMETHIONINE_DEPENDENT_METHYLTRANSFERASE_ACTIVITY,GOMF_S_ADENOSYLMETHIONINE_DEPENDENT_METHYLTRANSFERASE_ACTIVITY]
[GOMF_RNA_POLYMERASE_CORE_ENZYME_BINDING,GOMF_RNA_POLYMERASE_CORE_ENZYME_BINDING] was killed by [GOMF_S_ADENOSYLMETHIONINE_DEPENDENT_METHYLTRANSFERASE_ACTIVITY,GOMF_S_ADENOSYLMETHIONINE_DEPENDENT_METHYLTRANSFERASE_ACTIVITY]
[GOMF_XENOBIOTIC_TRANSMEMBRANE_TRANSPORTER_ACTIVITY,GOMF_XENOBIOTIC_TRANSMEMBRANE_TRANSPORTER_ACTIVITY] was killed by [GOMF_ORGANIC_ACID_TRANSMEMBRANE_TRANSPORTER_ACTIVITY,GOMF_ORGANIC_ACID_TRANSMEMBRANE_TRANSPORTER_ACTIVITY]
[GOMF_N_ACETYLTRANSFERASE_ACTIVITY,GOMF_N_ACETYLTRANSFERASE_ACTIVITY] was killed by [GOMF_GENERAL_TRANSCRIPTION_INITIATION_FACTOR_BINDING,GOMF_GENERAL_TRANSCRIPTION_INITIATION_FACTOR_BINDING]
[GOMF_RIBOSOMAL_SMALL_SUBUNIT_BINDING,GOMF_RIBOSOMAL_SMALL_SUBUNIT_BINDING] was killed by [GOMF_MRNA_3_UTR_BINDING,GOMF_MRNA_3_UTR_BINDING]
[GOMF_CALCIUM_DEPENDENT_PROTEIN_BINDING,GOMF_CALCIUM_DEPENDENT_PROTEIN_BINDING] was killed by [GOMF_RAGE_RECEPTOR_BINDING,GOMF_RAGE_RECEPTOR_BINDING]
[GOMF_MONOCARBOXYLIC_ACID_TRANSMEMBRANE_TRANSPORTER_ACTIVITY,GOMF_MONOCARBOXYLIC_ACID_TRANSMEMBRANE_TRANSPORTER_ACTIVITY] was killed by [GOMF_ORGANIC_ACID_TRANSMEMBRANE_TRANSPORTER_ACTIVITY,GOMF_ORGANIC_ACID_TRANSMEMBRANE_TRANSPORTER_ACTIVITY]
[GOMF_LIGAND_GATED_ION_CHANNEL_ACTIVITY,GOMF_LIGAND_GATED_ION_CHANNEL_ACTIVITY] was killed by [GOMF_VOLTAGE_GATED_ION_CHANNEL_ACTIVITY,GOMF_VOLTAGE_GATED_ION_CHANNEL_ACTIVITY]
[GOMF_OXIDOREDUCTASE_ACTIVITY_ACTING_ON_METAL_IONS,GOMF_OXIDOREDUCTASE_ACTIVITY_ACTING_ON_METAL_IONS] was killed by [GOMF_OXIDOREDUCTASE_ACTIVITY_ACTING_ON_NAD_P_H,GOMF_OXIDOREDUCTASE_ACTIVITY_ACTING_ON_NAD_P_H]
[GOMF_IONOTROPIC_GLUTAMATE_RECEPTOR_ACTIVITY,GOMF_IONOTROPIC_GLUTAMATE_RECEPTOR_ACTIVITY] was killed by [GOMF_VOLTAGE_GATED_ION_CHANNEL_ACTIVITY,GOMF_VOLTAGE_GATED_ION_CHANNEL_ACTIVITY]
[GOMF_OMEGA_PEPTIDASE_ACTIVITY,GOMF_OMEGA_PEPTIDASE_ACTIVITY] was killed by [GOMF_UBIQUITIN_LIKE_PROTEIN_BINDING,GOMF_UBIQUITIN_LIKE_PROTEIN_BINDING]
[GOMF_3_5_DNA_HELICASE_ACTIVITY,GOMF_3_5_DNA_HELICASE_ACTIVITY] was killed by [GOMF_HELICASE_ACTIVITY,GOMF_HELICASE_ACTIVITY]
[GOMF_MRNA_5_UTR_BINDING,GOMF_MRNA_5_UTR_BINDING] was killed by [GOMF_STRUCTURAL_CONSTITUENT_OF_RIBOSOME,GOMF_STRUCTURAL_CONSTITUENT_OF_RIBOSOME]
[GOMF_UBIQUITIN_LIKE_PROTEIN_SPECIFIC_PROTEASE_ACTIVITY,GOMF_UBIQUITIN_LIKE_PROTEIN_SPECIFIC_PROTEASE_ACTIVITY] was killed by [GOMF_UBIQUITIN_LIKE_PROTEIN_BINDING,GOMF_UBIQUITIN_LIKE_PROTEIN_BINDING]
[GOMF_HYALURONIC_ACID_BINDING,GOMF_HYALURONIC_ACID_BINDING] was killed by [GOMF_EXTRACELLULAR_MATRIX_STRUCTURAL_CONSTITUENT,GOMF_EXTRACELLULAR_MATRIX_STRUCTURAL_CONSTITUENT]
[GOMF_TRNA_GUANINE_METHYLTRANSFERASE_ACTIVITY,GOMF_TRNA_GUANINE_METHYLTRANSFERASE_ACTIVITY] was killed by [GOMF_S_ADENOSYLMETHIONINE_DEPENDENT_METHYLTRANSFERASE_ACTIVITY,GOMF_S_ADENOSYLMETHIONINE_DEPENDENT_METHYLTRANSFERASE_ACTIVITY]
[GOMF_PROTEASOME_BINDING,GOMF_PROTEASOME_BINDING] was killed by [GOMF_ENDOPEPTIDASE_REGULATOR_ACTIVITY,GOMF_ENDOPEPTIDASE_REGULATOR_ACTIVITY]
[GOMF_2_IRON_2_SULFUR_CLUSTER_BINDING,GOMF_2_IRON_2_SULFUR_CLUSTER_BINDING] was killed by [GOMF_OXIDOREDUCTASE_ACTIVITY_ACTING_ON_NAD_P_H,GOMF_OXIDOREDUCTASE_ACTIVITY_ACTING_ON_NAD_P_H]
[GOMF_PROTON_TRANSPORTING_ATP_SYNTHASE_ACTIVITY_ROTATIONAL_MECHANISM,GOMF_PROTON_TRANSPORTING_ATP_SYNTHASE_ACTIVITY_ROTATIONAL_MECHANISM] was killed by [GOMF_LIGASE_ACTIVITY,GOMF_LIGASE_ACTIVITY]
[GOMF_SIGNALING_RECEPTOR_COMPLEX_ADAPTOR_ACTIVITY,GOMF_SIGNALING_RECEPTOR_COMPLEX_ADAPTOR_ACTIVITY] was killed by [GOMF_GLUTAMATE_RECEPTOR_BINDING,GOMF_GLUTAMATE_RECEPTOR_BINDING]
[GOMF_PHOSPHATASE_BINDING,GOMF_PHOSPHATASE_BINDING] was killed by [GOMF_ENDOPEPTIDASE_REGULATOR_ACTIVITY,GOMF_ENDOPEPTIDASE_REGULATOR_ACTIVITY]
[GOMF_QUINONE_BINDING,GOMF_QUINONE_BINDING] was killed by [GOMF_OXIDOREDUCTASE_ACTIVITY_ACTING_ON_NAD_P_H,GOMF_OXIDOREDUCTASE_ACTIVITY_ACTING_ON_NAD_P_H]
[GOMF_RRNA_ADENINE_METHYLTRANSFERASE_ACTIVITY,GOMF_RRNA_ADENINE_METHYLTRANSFERASE_ACTIVITY] was killed by [GOMF_S_ADENOSYLMETHIONINE_DEPENDENT_METHYLTRANSFERASE_ACTIVITY,GOMF_S_ADENOSYLMETHIONINE_DEPENDENT_METHYLTRANSFERASE_ACTIVITY]
[GOMF_LIGAND_GATED_CATION_CHANNEL_ACTIVITY,GOMF_LIGAND_GATED_CATION_CHANNEL_ACTIVITY] was killed by [GOMF_VOLTAGE_GATED_ION_CHANNEL_ACTIVITY,GOMF_VOLTAGE_GATED_ION_CHANNEL_ACTIVITY]
[GOMF_UBIQUINONE_BINDING,GOMF_UBIQUINONE_BINDING] was killed by [GOMF_OXIDOREDUCTASE_ACTIVITY_ACTING_ON_NAD_P_H,GOMF_OXIDOREDUCTASE_ACTIVITY_ACTING_ON_NAD_P_H]
[GOMF_GLUCOSIDASE_ACTIVITY,GOMF_GLUCOSIDASE_ACTIVITY] was killed by [GOMF_HYDROLASE_ACTIVITY_HYDROLYZING_O_GLYCOSYL_COMPOUNDS,GOMF_HYDROLASE_ACTIVITY_HYDROLYZING_O_GLYCOSYL_COMPOUNDS]
[GOMF_TRANSLATION_ELONGATION_FACTOR_ACTIVITY,GOMF_TRANSLATION_ELONGATION_FACTOR_ACTIVITY] was killed by [GOMF_TRANSLATION_FACTOR_ACTIVITY_RNA_BINDING,GOMF_TRANSLATION_FACTOR_ACTIVITY_RNA_BINDING]
[GOMF_DNA_SECONDARY_STRUCTURE_BINDING,GOMF_DNA_SECONDARY_STRUCTURE_BINDING] was killed by [GOMF_HELICASE_ACTIVITY,GOMF_HELICASE_ACTIVITY]
[GOMF_NARROW_PORE_CHANNEL_ACTIVITY,GOMF_NARROW_PORE_CHANNEL_ACTIVITY] was killed by [GOMF_VOLTAGE_GATED_ION_CHANNEL_ACTIVITY,GOMF_VOLTAGE_GATED_ION_CHANNEL_ACTIVITY]
[GOMF_TFIID_CLASS_TRANSCRIPTION_FACTOR_COMPLEX_BINDING,GOMF_TFIID_CLASS_TRANSCRIPTION_FACTOR_COMPLEX_BINDING] was killed by [GOMF_HELICASE_ACTIVITY,GOMF_HELICASE_ACTIVITY]
[GOMF_NEUROTRANSMITTER_RECEPTOR_ACTIVITY_INVOLVED_IN_REGULATION_OF_POSTSYNAPTIC_MEMBRANE_POTENTIAL,GOMF_NEUROTRANSMITTER_RECEPTOR_ACTIVITY_INVOLVED_IN_REGULATION_OF_POSTSYNAPTIC_MEMBRANE_POTENTIAL] was killed by [GOMF_G_PROTEIN_COUPLED_AMINE_RECEPTOR_ACTIVITY,GOMF_G_PROTEIN_COUPLED_AMINE_RECEPTOR_ACTIVITY]
[GOMF_PHOSPHORIC_DIESTER_HYDROLASE_ACTIVITY,GOMF_PHOSPHORIC_DIESTER_HYDROLASE_ACTIVITY] was killed by [GOMF_G_PROTEIN_COUPLED_AMINE_RECEPTOR_ACTIVITY,GOMF_G_PROTEIN_COUPLED_AMINE_RECEPTOR_ACTIVITY]
[GOMF_ATP_DEPENDENT_MICROTUBULE_MOTOR_ACTIVITY,GOMF_ATP_DEPENDENT_MICROTUBULE_MOTOR_ACTIVITY] was killed by [GOMF_MICROTUBULE_MOTOR_ACTIVITY,GOMF_MICROTUBULE_MOTOR_ACTIVITY]
[GOMF_CYSTEINE_TYPE_PEPTIDASE_ACTIVITY,GOMF_CYSTEINE_TYPE_PEPTIDASE_ACTIVITY] was killed by [GOMF_VOLTAGE_GATED_ION_CHANNEL_ACTIVITY,GOMF_VOLTAGE_GATED_ION_CHANNEL_ACTIVITY]
[GOMF_SODIUM_CHANNEL_ACTIVITY,GOMF_SODIUM_CHANNEL_ACTIVITY] was killed by [GOMF_VOLTAGE_GATED_ION_CHANNEL_ACTIVITY,GOMF_VOLTAGE_GATED_ION_CHANNEL_ACTIVITY]
[GOMF_C_C_CHEMOKINE_BINDING,GOMF_C_C_CHEMOKINE_BINDING] was killed by [GOMF_CYTOKINE_RECEPTOR_ACTIVITY,GOMF_CYTOKINE_RECEPTOR_ACTIVITY]
[GOMF_HORMONE_RECEPTOR_BINDING,GOMF_HORMONE_RECEPTOR_BINDING] was killed by [GOMF_HORMONE_ACTIVITY,GOMF_HORMONE_ACTIVITY]
[GOMF_RNA_POLYMERASE_I_TRANSCRIPTION_REGULATORY_REGION_SEQUENCE_SPECIFIC_DNA_BINDING,GOMF_RNA_POLYMERASE_I_TRANSCRIPTION_REGULATORY_REGION_SEQUENCE_SPECIFIC_DNA_BINDING] was killed by [GOMF_GENERAL_TRANSCRIPTION_INITIATION_FACTOR_BINDING,GOMF_GENERAL_TRANSCRIPTION_INITIATION_FACTOR_BINDING]
[GOMF_PHOSPHOLIPASE_C_ACTIVITY,GOMF_PHOSPHOLIPASE_C_ACTIVITY] was killed by [GOMF_G_PROTEIN_COUPLED_AMINE_RECEPTOR_ACTIVITY,GOMF_G_PROTEIN_COUPLED_AMINE_RECEPTOR_ACTIVITY]
[GOMF_NUCLEOBASE_CONTAINING_COMPOUND_TRANSMEMBRANE_TRANSPORTER_ACTIVITY,GOMF_NUCLEOBASE_CONTAINING_COMPOUND_TRANSMEMBRANE_TRANSPORTER_ACTIVITY] was killed by [GOMF_ORGANIC_ACID_TRANSMEMBRANE_TRANSPORTER_ACTIVITY,GOMF_ORGANIC_ACID_TRANSMEMBRANE_TRANSPORTER_ACTIVITY]
[GOMF_PLATELET_DERIVED_GROWTH_FACTOR_BINDING,GOMF_PLATELET_DERIVED_GROWTH_FACTOR_BINDING] was killed by [GOMF_EXTRACELLULAR_MATRIX_STRUCTURAL_CONSTITUENT,GOMF_EXTRACELLULAR_MATRIX_STRUCTURAL_CONSTITUENT]
[GOMF_MITOGEN_ACTIVATED_PROTEIN_KINASE_KINASE_KINASE_BINDING,GOMF_MITOGEN_ACTIVATED_PROTEIN_KINASE_KINASE_KINASE_BINDING] was killed by [GOMF_JUN_KINASE_KINASE_KINASE_ACTIVITY,GOMF_JUN_KINASE_KINASE_KINASE_ACTIVITY]
[GOMF_DNA_POLYMERASE_BINDING,GOMF_DNA_POLYMERASE_BINDING] was killed by [GOMF_HELICASE_ACTIVITY,GOMF_HELICASE_ACTIVITY]
[GOMF_OXIDOREDUCTASE_ACTIVITY_ACTING_ON_THE_CH_NH_GROUP_OF_DONORS_NAD_OR_NADP_AS_ACCEPTOR,GOMF_OXIDOREDUCTASE_ACTIVITY_ACTING_ON_THE_CH_NH_GROUP_OF_DONORS_NAD_OR_NADP_AS_ACCEPTOR] was killed by [GOMF_LIGASE_ACTIVITY,GOMF_LIGASE_ACTIVITY]
[GOMF_HYALURONONGLUCOSAMINIDASE_ACTIVITY,GOMF_HYALURONONGLUCOSAMINIDASE_ACTIVITY] was killed by [GOMF_EXOGENOUS_PROTEIN_BINDING,GOMF_EXOGENOUS_PROTEIN_BINDING]
[GOMF_OXIDOREDUCTASE_ACTIVITY_ACTING_ON_OTHER_NITROGENOUS_COMPOUNDS_AS_DONORS,GOMF_OXIDOREDUCTASE_ACTIVITY_ACTING_ON_OTHER_NITROGENOUS_COMPOUNDS_AS_DONORS] was killed by [GOMF_OXIDOREDUCTASE_ACTIVITY_ACTING_ON_NAD_P_H,GOMF_OXIDOREDUCTASE_ACTIVITY_ACTING_ON_NAD_P_H]
[GOMF_POLY_G_BINDING,GOMF_POLY_G_BINDING] was killed by [GOMF_MRNA_3_UTR_BINDING,GOMF_MRNA_3_UTR_BINDING]
[GOMF_THYROID_HORMONE_TRANSMEMBRANE_TRANSPORTER_ACTIVITY,GOMF_THYROID_HORMONE_TRANSMEMBRANE_TRANSPORTER_ACTIVITY] was killed by [GOMF_ANTIGEN_BINDING,GOMF_ANTIGEN_BINDING]
[GOMF_UBIQUITIN_LIKE_PROTEIN_CONJUGATING_ENZYME_ACTIVITY,GOMF_UBIQUITIN_LIKE_PROTEIN_CONJUGATING_ENZYME_ACTIVITY] was killed by [GOMF_ENDOPEPTIDASE_REGULATOR_ACTIVITY,GOMF_ENDOPEPTIDASE_REGULATOR_ACTIVITY]
[GOMF_METALLOPEPTIDASE_ACTIVITY,GOMF_METALLOPEPTIDASE_ACTIVITY] was killed by [GOMF_SERINE_HYDROLASE_ACTIVITY,GOMF_SERINE_HYDROLASE_ACTIVITY]
[GOMF_UBIQUITIN_LIKE_PROTEIN_CONJUGATING_ENZYME_BINDING,GOMF_UBIQUITIN_LIKE_PROTEIN_CONJUGATING_ENZYME_BINDING] was killed by [GOMF_UBIQUITIN_LIKE_PROTEIN_BINDING,GOMF_UBIQUITIN_LIKE_PROTEIN_BINDING]
[GOMF_ATPASE_BINDING,GOMF_ATPASE_BINDING] was killed by [GOMF_SNORNA_BINDING,GOMF_SNORNA_BINDING]
[GOMF_TRANSCRIPTION_COREPRESSOR_BINDING,GOMF_TRANSCRIPTION_COREPRESSOR_BINDING] was killed by [GOMF_S_ADENOSYLMETHIONINE_DEPENDENT_METHYLTRANSFERASE_ACTIVITY,GOMF_S_ADENOSYLMETHIONINE_DEPENDENT_METHYLTRANSFERASE_ACTIVITY]
[GOMF_DIOXYGENASE_ACTIVITY,GOMF_DIOXYGENASE_ACTIVITY] was killed by [GOMF_PROTEIN_DEMETHYLASE_ACTIVITY,GOMF_PROTEIN_DEMETHYLASE_ACTIVITY]
[GOMF_ALPHA_TUBULIN_BINDING,GOMF_ALPHA_TUBULIN_BINDING] was killed by [GOMF_GLUTAMATE_RECEPTOR_BINDING,GOMF_GLUTAMATE_RECEPTOR_BINDING]
[GOMF_ORGANIC_CATION_TRANSMEMBRANE_TRANSPORTER_ACTIVITY,GOMF_ORGANIC_CATION_TRANSMEMBRANE_TRANSPORTER_ACTIVITY] was killed by [GOMF_ORGANIC_ACID_TRANSMEMBRANE_TRANSPORTER_ACTIVITY,GOMF_ORGANIC_ACID_TRANSMEMBRANE_TRANSPORTER_ACTIVITY]
[GOMF_HIGH_VOLTAGE_GATED_CALCIUM_CHANNEL_ACTIVITY,GOMF_HIGH_VOLTAGE_GATED_CALCIUM_CHANNEL_ACTIVITY] was killed by [GOMF_VOLTAGE_GATED_ION_CHANNEL_ACTIVITY,GOMF_VOLTAGE_GATED_ION_CHANNEL_ACTIVITY]
