[MIR3944_5P,MIR3944_5P] was killed by [MIR302A_5P,MIR302A_5P]
[GTGCCAT_MIR183,GTGCCAT_MIR183] was killed by [MIR302A_5P,MIR302A_5P]
[MIR4753_5P,MIR4753_5P] was killed by [MIR302A_5P,MIR302A_5P]
[ATACTGT_MIR144,ATACTGT_MIR144] was killed by [MIR142_3P,MIR142_3P]
[TAATGTG_MIR323,TAATGTG_MIR323] was killed by [MIR520F_5P,MIR520F_5P]
[MIR217_5P,MIR217_5P] was killed by [GTCTTCC_MIR7,GTCTTCC_MIR7]
[MIR4255,MIR4255] was killed by [MIR142_3P,MIR142_3P]
[MIR4724_3P,MIR4724_3P] was killed by [MIR302A_5P,MIR302A_5P]
[MIR6887_3P,MIR6887_3P] was killed by [MIR3960_MIR8072,MIR3960_MIR8072]
[MIR1227_3P,MIR1227_3P] was killed by [MIR142_3P,MIR142_3P]
[MIR4776_3P,MIR4776_3P] was killed by [MIR3960_MIR8072,MIR3960_MIR8072]
[GAGCTGG_MIR337,GAGCTGG_MIR337] was killed by [GTCTTCC_MIR7,GTCTTCC_MIR7]
[ACACTAC_MIR1423P,ACACTAC_MIR1423P] was killed by [MIR142_3P,MIR142_3P]
[MIR12120,MIR12120] was killed by [MIR142_3P,MIR142_3P]
[MIR3674,MIR3674] was killed by [MIR142_3P,MIR142_3P]
[MIR1322,MIR1322] was killed by [MIR302A_5P,MIR302A_5P]
[ATCATGA_MIR433,ATCATGA_MIR433] was killed by [MIR302A_5P,MIR302A_5P]
[MIR548AV_3P,MIR548AV_3P] was killed by [MIR6807_3P,MIR6807_3P]
[ATAGGAA_MIR202,ATAGGAA_MIR202] was killed by [MIR302A_5P,MIR302A_5P]
[MIR4305,MIR4305] was killed by [MIR4633_5P,MIR4633_5P]
[TCCAGAT_MIR5165P,TCCAGAT_MIR5165P] was killed by [MIR302A_5P,MIR302A_5P]
[MIR6794_5P,MIR6794_5P] was killed by [AAGGGAT_MIR188,AAGGGAT_MIR188]
[MIR5087,MIR5087] was killed by [MIR6807_3P,MIR6807_3P]
[MIR199A_3P_MIR199B_3P,MIR199A_3P_MIR199B_3P] was killed by [MIR142_3P,MIR142_3P]
[MIR6715B_3P,MIR6715B_3P] was killed by [MIR520F_5P,MIR520F_5P]
[MIR500B_5P,MIR500B_5P] was killed by [MIR362_5P,MIR362_5P]
[MIR140_5P,MIR140_5P] was killed by [MIR142_3P,MIR142_3P]
[MIR6871_5P,MIR6871_5P] was killed by [MIR3960_MIR8072,MIR3960_MIR8072]
[MIR12131,MIR12131] was killed by [MIR142_3P,MIR142_3P]
[MIR3129_5P,MIR3129_5P] was killed by [MIR142_3P,MIR142_3P]
[TGTATGA_MIR4853P,TGTATGA_MIR4853P] was killed by [MIR142_3P,MIR142_3P]
[MIR3154,MIR3154] was killed by [MIR302A_5P,MIR302A_5P]
[MIR7161_5P,MIR7161_5P] was killed by [MIR142_3P,MIR142_3P]
[GGCACTT_MIR519E,GGCACTT_MIR519E] was killed by [MIR302A_5P,MIR302A_5P]
[MIR6739_3P,MIR6739_3P] was killed by [MIR302A_5P,MIR302A_5P]
[MIR4635,MIR4635] was killed by [MIR6807_3P,MIR6807_3P]
[MIR7850_5P,MIR7850_5P] was killed by [MIR6807_3P,MIR6807_3P]
[MIR155_3P,MIR155_3P] was killed by [MIR142_3P,MIR142_3P]
[CAGCAGG_MIR370,CAGCAGG_MIR370] was killed by [GTCTTCC_MIR7,GTCTTCC_MIR7]
[MIR4724_5P,MIR4724_5P] was killed by [MIR6807_3P,MIR6807_3P]
[MIR548B_3P,MIR548B_3P] was killed by [MIR520F_5P,MIR520F_5P]
[MIR1178_3P,MIR1178_3P] was killed by [GTCTTCC_MIR7,GTCTTCC_MIR7]
[ATGAAGG_MIR205,ATGAAGG_MIR205] was killed by [MIR142_3P,MIR142_3P]
[MIR3130_5P,MIR3130_5P] was killed by [MIR520F_5P,MIR520F_5P]
[MIR143_5P,MIR143_5P] was killed by [MIR142_3P,MIR142_3P]
[MIR3064_3P,MIR3064_3P] was killed by [AAGGGAT_MIR188,AAGGGAT_MIR188]
[MIR4509,MIR4509] was killed by [MIR520F_5P,MIR520F_5P]
