[EIF3B_HEK293T_POSTAR_PAR-CLIP,EIF3B_HEK293T_POSTAR_PAR-CLIP] was killed by [DROSHA_K562_POSTAR_eCLIP,DROSHA_K562_POSTAR_eCLIP]
[EIF3B_HEK293T_POSTAR_PARalyzer,EIF3B_HEK293T_POSTAR_PARalyzer] was killed by [DROSHA_K562_POSTAR_eCLIP,DROSHA_K562_POSTAR_eCLIP]
[EIF3A_HEK293T_POSTAR_PARalyzer,EIF3A_HEK293T_POSTAR_PARalyzer] was killed by [DROSHA_K562_POSTAR_eCLIP,DROSHA_K562_POSTAR_eCLIP]
[UCHL5_K562_POSTAR_eCLIP,UCHL5_K562_POSTAR_eCLIP] was killed by [DROSHA_K562_POSTAR_eCLIP,DROSHA_K562_POSTAR_eCLIP]
[EIF3A_HEK293T_POSTAR_PAR-CLIP,EIF3A_HEK293T_POSTAR_PAR-CLIP] was killed by [DROSHA_K562_POSTAR_eCLIP,DROSHA_K562_POSTAR_eCLIP]
[EIF3D_HEK293T_POSTAR_PAR-CLIP,EIF3D_HEK293T_POSTAR_PAR-CLIP] was killed by [DROSHA_K562_POSTAR_eCLIP,DROSHA_K562_POSTAR_eCLIP]
[EIF3D_HEK293T_POSTAR_PARalyzer,EIF3D_HEK293T_POSTAR_PARalyzer] was killed by [DROSHA_K562_POSTAR_eCLIP,DROSHA_K562_POSTAR_eCLIP]
[DHX30_K562_POSTAR_eCLIP,DHX30_K562_POSTAR_eCLIP] was killed by [DROSHA_K562_POSTAR_eCLIP,DROSHA_K562_POSTAR_eCLIP]
[CSTF2T_K562_POSTAR_eCLIP,CSTF2T_K562_POSTAR_eCLIP] was killed by [DROSHA_K562_POSTAR_eCLIP,DROSHA_K562_POSTAR_eCLIP]
[GEMIN5_K562_POSTAR_eCLIP,GEMIN5_K562_POSTAR_eCLIP] was killed by [DROSHA_K562_POSTAR_eCLIP,DROSHA_K562_POSTAR_eCLIP]
[RBM15_K562_POSTAR_eCLIP,RBM15_K562_POSTAR_eCLIP] was killed by [DROSHA_K562_POSTAR_eCLIP,DROSHA_K562_POSTAR_eCLIP]
[NCBP2_HepG2_POSTAR_eCLIP,NCBP2_HepG2_POSTAR_eCLIP] was killed by [DROSHA_K562_POSTAR_eCLIP,DROSHA_K562_POSTAR_eCLIP]
[SRRM4_HEK293T_POSTAR_iCLIP,SRRM4_HEK293T_POSTAR_iCLIP] was killed by [DROSHA_K562_POSTAR_eCLIP,DROSHA_K562_POSTAR_eCLIP]
[EIF3G_HEK293T_POSTAR_PARalyzer,EIF3G_HEK293T_POSTAR_PARalyzer] was killed by [DROSHA_K562_POSTAR_eCLIP,DROSHA_K562_POSTAR_eCLIP]
[YTHDF2_HEK293T_POSTAR_iCLIP,YTHDF2_HEK293T_POSTAR_iCLIP] was killed by [DROSHA_K562_POSTAR_eCLIP,DROSHA_K562_POSTAR_eCLIP]
[SRRM4_HEK293T_POSTAR_Piranha_0.01,SRRM4_HEK293T_POSTAR_Piranha_0.01] was killed by [DROSHA_K562_POSTAR_eCLIP,DROSHA_K562_POSTAR_eCLIP]
[EIF3G_HEK293T_POSTAR_PAR-CLIP,EIF3G_HEK293T_POSTAR_PAR-CLIP] was killed by [DROSHA_K562_POSTAR_eCLIP,DROSHA_K562_POSTAR_eCLIP]
[FMR1_K562_POSTAR_eCLIP,FMR1_K562_POSTAR_eCLIP] was killed by [DROSHA_K562_POSTAR_eCLIP,DROSHA_K562_POSTAR_eCLIP]
[YTHDF2_HEK293T_POSTAR_CIMS,YTHDF2_HEK293T_POSTAR_CIMS] was killed by [DROSHA_K562_POSTAR_eCLIP,DROSHA_K562_POSTAR_eCLIP]
[EFTUD2_HepG2_POSTAR_eCLIP,EFTUD2_HepG2_POSTAR_eCLIP] was killed by [DROSHA_K562_POSTAR_eCLIP,DROSHA_K562_POSTAR_eCLIP]
[ZNF622_K562_POSTAR_eCLIP,ZNF622_K562_POSTAR_eCLIP] was killed by [DROSHA_K562_POSTAR_eCLIP,DROSHA_K562_POSTAR_eCLIP]
[DDX6_K562_POSTAR_eCLIP,DDX6_K562_POSTAR_eCLIP] was killed by [DROSHA_K562_POSTAR_eCLIP,DROSHA_K562_POSTAR_eCLIP]
[FASTKD2_K562_POSTAR_eCLIP,FASTKD2_K562_POSTAR_eCLIP] was killed by [DROSHA_K562_POSTAR_eCLIP,DROSHA_K562_POSTAR_eCLIP]
[LSM11_K562_POSTAR_eCLIP,LSM11_K562_POSTAR_eCLIP] was killed by [DROSHA_K562_POSTAR_eCLIP,DROSHA_K562_POSTAR_eCLIP]
[SSB_HEK293_POSTAR_PAR-CLIP,SSB_HEK293_POSTAR_PAR-CLIP] was killed by [DROSHA_K562_POSTAR_eCLIP,DROSHA_K562_POSTAR_eCLIP]
[RBM15B_HEK293T_POSTAR_Piranha_0.01,RBM15B_HEK293T_POSTAR_Piranha_0.01] was killed by [DROSHA_K562_POSTAR_eCLIP,DROSHA_K562_POSTAR_eCLIP]
[RPS3_K562_POSTAR_eCLIP,RPS3_K562_POSTAR_eCLIP] was killed by [DROSHA_K562_POSTAR_eCLIP,DROSHA_K562_POSTAR_eCLIP]
[SUB1_HepG2_POSTAR_eCLIP,SUB1_HepG2_POSTAR_eCLIP] was killed by [DROSHA_K562_POSTAR_eCLIP,DROSHA_K562_POSTAR_eCLIP]
[NCBP2_K562_POSTAR_eCLIP,NCBP2_K562_POSTAR_eCLIP] was killed by [DROSHA_K562_POSTAR_eCLIP,DROSHA_K562_POSTAR_eCLIP]
[HNRNPH1_HEK293T_POSTAR_HITS-CLIP,HNRNPH1_HEK293T_POSTAR_HITS-CLIP] was killed by [DROSHA_K562_POSTAR_eCLIP,DROSHA_K562_POSTAR_eCLIP]
[FIP1L1_HEK293_POSTAR_Piranha_0.01,FIP1L1_HEK293_POSTAR_Piranha_0.01] was killed by [DROSHA_K562_POSTAR_eCLIP,DROSHA_K562_POSTAR_eCLIP]
[HNRNPM_HepG2_POSTAR_eCLIP,HNRNPM_HepG2_POSTAR_eCLIP] was killed by [DROSHA_K562_POSTAR_eCLIP,DROSHA_K562_POSTAR_eCLIP]
[LIN28B_K562_POSTAR_eCLIP,LIN28B_K562_POSTAR_eCLIP] was killed by [DROSHA_K562_POSTAR_eCLIP,DROSHA_K562_POSTAR_eCLIP]
[SSB_HEK293_POSTAR_PARalyzer,SSB_HEK293_POSTAR_PARalyzer] was killed by [DROSHA_K562_POSTAR_eCLIP,DROSHA_K562_POSTAR_eCLIP]
[RBM22_K562_POSTAR_eCLIP,RBM22_K562_POSTAR_eCLIP] was killed by [DROSHA_K562_POSTAR_eCLIP,DROSHA_K562_POSTAR_eCLIP]
[HNRNPC_HeLa_POSTAR_Piranha_0.01,HNRNPC_HeLa_POSTAR_Piranha_0.01] was killed by [DROSHA_K562_POSTAR_eCLIP,DROSHA_K562_POSTAR_eCLIP]
[CPSF1_HEK293_POSTAR_PARalyzer,CPSF1_HEK293_POSTAR_PARalyzer] was killed by [DROSHA_K562_POSTAR_eCLIP,DROSHA_K562_POSTAR_eCLIP]
[GRWD1_HepG2_POSTAR_eCLIP,GRWD1_HepG2_POSTAR_eCLIP] was killed by [DROSHA_K562_POSTAR_eCLIP,DROSHA_K562_POSTAR_eCLIP]
[PPIG_HepG2_POSTAR_eCLIP,PPIG_HepG2_POSTAR_eCLIP] was killed by [DROSHA_K562_POSTAR_eCLIP,DROSHA_K562_POSTAR_eCLIP]
[DDX59_HepG2_POSTAR_eCLIP,DDX59_HepG2_POSTAR_eCLIP] was killed by [DROSHA_K562_POSTAR_eCLIP,DROSHA_K562_POSTAR_eCLIP]
[UPF1_K562_POSTAR_eCLIP,UPF1_K562_POSTAR_eCLIP] was killed by [DROSHA_K562_POSTAR_eCLIP,DROSHA_K562_POSTAR_eCLIP]
[YTHDF2_Huh7_POSTAR_PAR-CLIP,YTHDF2_Huh7_POSTAR_PAR-CLIP] was killed by [DROSHA_K562_POSTAR_eCLIP,DROSHA_K562_POSTAR_eCLIP]
[CPSF6_HEK293_POSTAR_Piranha_0.01,CPSF6_HEK293_POSTAR_Piranha_0.01] was killed by [DROSHA_K562_POSTAR_eCLIP,DROSHA_K562_POSTAR_eCLIP]
[RBM15_HEK293T_POSTAR_CIMS,RBM15_HEK293T_POSTAR_CIMS] was killed by [DROSHA_K562_POSTAR_eCLIP,DROSHA_K562_POSTAR_eCLIP]
[YTHDF1_HEK293T_POSTAR_Piranha_0.01,YTHDF1_HEK293T_POSTAR_Piranha_0.01] was killed by [DROSHA_K562_POSTAR_eCLIP,DROSHA_K562_POSTAR_eCLIP]
[HNRNPU_HeLa_POSTAR_HITS-CLIP,HNRNPU_HeLa_POSTAR_HITS-CLIP] was killed by [EIF3D_HEK293T_POSTAR_Piranha_0.01,EIF3D_HEK293T_POSTAR_Piranha_0.01]
[HNRNPU_HeLa_POSTAR_Piranha_0.01,HNRNPU_HeLa_POSTAR_Piranha_0.01] was killed by [EIF3D_HEK293T_POSTAR_Piranha_0.01,EIF3D_HEK293T_POSTAR_Piranha_0.01]
[RPS3_HepG2_POSTAR_eCLIP,RPS3_HepG2_POSTAR_eCLIP] was killed by [DROSHA_K562_POSTAR_eCLIP,DROSHA_K562_POSTAR_eCLIP]
[FMR1_HEK293_POSTAR_Piranha_0.01,FMR1_HEK293_POSTAR_Piranha_0.01] was killed by [DROSHA_K562_POSTAR_eCLIP,DROSHA_K562_POSTAR_eCLIP]
[MTPAP_K562_POSTAR_eCLIP,MTPAP_K562_POSTAR_eCLIP] was killed by [DROSHA_K562_POSTAR_eCLIP,DROSHA_K562_POSTAR_eCLIP]
[YTHDF2_Huh7_POSTAR_PARalyzer,YTHDF2_Huh7_POSTAR_PARalyzer] was killed by [DROSHA_K562_POSTAR_eCLIP,DROSHA_K562_POSTAR_eCLIP]
[RBM15_HEK293T_POSTAR_iCLIP,RBM15_HEK293T_POSTAR_iCLIP] was killed by [DROSHA_K562_POSTAR_eCLIP,DROSHA_K562_POSTAR_eCLIP]
[LIN28B_HEK293_POSTAR_Piranha_0.01,LIN28B_HEK293_POSTAR_Piranha_0.01] was killed by [EIF3D_HEK293T_POSTAR_Piranha_0.01,EIF3D_HEK293T_POSTAR_Piranha_0.01]
[FUS_HEK293_POSTAR_PAR-CLIP,FUS_HEK293_POSTAR_PAR-CLIP] was killed by [DROSHA_K562_POSTAR_eCLIP,DROSHA_K562_POSTAR_eCLIP]
[METAP2_K562_POSTAR_eCLIP,METAP2_K562_POSTAR_eCLIP] was killed by [DROSHA_K562_POSTAR_eCLIP,DROSHA_K562_POSTAR_eCLIP]
[XRN2_HepG2_POSTAR_eCLIP,XRN2_HepG2_POSTAR_eCLIP] was killed by [DROSHA_K562_POSTAR_eCLIP,DROSHA_K562_POSTAR_eCLIP]
[SMNDC1_HepG2_POSTAR_eCLIP,SMNDC1_HepG2_POSTAR_eCLIP] was killed by [DROSHA_K562_POSTAR_eCLIP,DROSHA_K562_POSTAR_eCLIP]
[SF3B1_K562_POSTAR_eCLIP,SF3B1_K562_POSTAR_eCLIP] was killed by [DROSHA_K562_POSTAR_eCLIP,DROSHA_K562_POSTAR_eCLIP]
[UPF1_HeLa,treated_with_puromycoin_POSTAR_Piranha_0.01,UPF1_HeLa,treated_with_puromycoin_POSTAR_Piranha_0.01] was killed by [EIF3D_HEK293T_POSTAR_Piranha_0.01,EIF3D_HEK293T_POSTAR_Piranha_0.01]
[EIF3B_HEK293T_POSTAR_Piranha_0.01,EIF3B_HEK293T_POSTAR_Piranha_0.01] was killed by [DROSHA_K562_POSTAR_eCLIP,DROSHA_K562_POSTAR_eCLIP]
[FUS_HEK293_POSTAR_PARalyzer,FUS_HEK293_POSTAR_PARalyzer] was killed by [DROSHA_K562_POSTAR_eCLIP,DROSHA_K562_POSTAR_eCLIP]
[YBX3_K562_POSTAR_eCLIP,YBX3_K562_POSTAR_eCLIP] was killed by [DROSHA_K562_POSTAR_eCLIP,DROSHA_K562_POSTAR_eCLIP]
[HNRNPH1_HEK293T_POSTAR_Piranha_0.01,HNRNPH1_HEK293T_POSTAR_Piranha_0.01] was killed by [DROSHA_K562_POSTAR_eCLIP,DROSHA_K562_POSTAR_eCLIP]
[GTF2F1_K562_POSTAR_eCLIP,GTF2F1_K562_POSTAR_eCLIP] was killed by [DROSHA_K562_POSTAR_eCLIP,DROSHA_K562_POSTAR_eCLIP]
[TAF15_Brain_POSTAR_Piranha_0.01,TAF15_Brain_POSTAR_Piranha_0.01] was killed by [EIF3D_HEK293T_POSTAR_Piranha_0.01,EIF3D_HEK293T_POSTAR_Piranha_0.01]
[IGF2BP2_HEK293_POSTAR_PAR-CLIP,IGF2BP2_HEK293_POSTAR_PAR-CLIP] was killed by [DROSHA_K562_POSTAR_eCLIP,DROSHA_K562_POSTAR_eCLIP]
[IGF2BP2_HEK293_POSTAR_PARalyzer,IGF2BP2_HEK293_POSTAR_PARalyzer] was killed by [DROSHA_K562_POSTAR_eCLIP,DROSHA_K562_POSTAR_eCLIP]
[NOP56_HEK293_POSTAR_PAR-CLIP,NOP56_HEK293_POSTAR_PAR-CLIP] was killed by [EIF3D_HEK293T_POSTAR_Piranha_0.01,EIF3D_HEK293T_POSTAR_Piranha_0.01]
[SERBP1_K562_POSTAR_eCLIP,SERBP1_K562_POSTAR_eCLIP] was killed by [DROSHA_K562_POSTAR_eCLIP,DROSHA_K562_POSTAR_eCLIP]
[SFPQ_HepG2_POSTAR_eCLIP,SFPQ_HepG2_POSTAR_eCLIP] was killed by [DROSHA_K562_POSTAR_eCLIP,DROSHA_K562_POSTAR_eCLIP]
[PRPF8_K562_POSTAR_eCLIP,PRPF8_K562_POSTAR_eCLIP] was killed by [DROSHA_K562_POSTAR_eCLIP,DROSHA_K562_POSTAR_eCLIP]
[TAF15_Brain_POSTAR_HITS-CLIP,TAF15_Brain_POSTAR_HITS-CLIP] was killed by [DROSHA_K562_POSTAR_eCLIP,DROSHA_K562_POSTAR_eCLIP]
[HNRNPM_K562_POSTAR_eCLIP,HNRNPM_K562_POSTAR_eCLIP] was killed by [DROSHA_K562_POSTAR_eCLIP,DROSHA_K562_POSTAR_eCLIP]
[HNRNPC_HEK293_POSTAR_Piranha_0.01,HNRNPC_HEK293_POSTAR_Piranha_0.01] was killed by [DROSHA_K562_POSTAR_eCLIP,DROSHA_K562_POSTAR_eCLIP]
[SF3A3_HepG2_POSTAR_eCLIP,SF3A3_HepG2_POSTAR_eCLIP] was killed by [DROSHA_K562_POSTAR_eCLIP,DROSHA_K562_POSTAR_eCLIP]
[ILF3_HepG2_POSTAR_eCLIP,ILF3_HepG2_POSTAR_eCLIP] was killed by [DROSHA_K562_POSTAR_eCLIP,DROSHA_K562_POSTAR_eCLIP]
[UPF1_HEK_293_FRT_POSTAR_HITS-CLIP,UPF1_HEK_293_FRT_POSTAR_HITS-CLIP] was killed by [DROSHA_K562_POSTAR_eCLIP,DROSHA_K562_POSTAR_eCLIP]
[IGF2BP2_K562_POSTAR_eCLIP,IGF2BP2_K562_POSTAR_eCLIP] was killed by [DROSHA_K562_POSTAR_eCLIP,DROSHA_K562_POSTAR_eCLIP]
[EIF3A_HEK293T_POSTAR_Piranha_0.01,EIF3A_HEK293T_POSTAR_Piranha_0.01] was killed by [DROSHA_K562_POSTAR_eCLIP,DROSHA_K562_POSTAR_eCLIP]
[HNRNPD_HEK293_POSTAR_PARalyzer,HNRNPD_HEK293_POSTAR_PARalyzer] was killed by [EIF3D_HEK293T_POSTAR_Piranha_0.01,EIF3D_HEK293T_POSTAR_Piranha_0.01]
[RBM27_K562_POSTAR_eCLIP,RBM27_K562_POSTAR_eCLIP] was killed by [DROSHA_K562_POSTAR_eCLIP,DROSHA_K562_POSTAR_eCLIP]
[UPF1_HEK_293_FRT_POSTAR_Piranha_0.01,UPF1_HEK_293_FRT_POSTAR_Piranha_0.01] was killed by [DROSHA_K562_POSTAR_eCLIP,DROSHA_K562_POSTAR_eCLIP]
[LIN28A_HEK293_POSTAR_PAR-CLIP,LIN28A_HEK293_POSTAR_PAR-CLIP] was killed by [DROSHA_K562_POSTAR_eCLIP,DROSHA_K562_POSTAR_eCLIP]
[RTCB_HEK293_POSTAR_PAR-CLIP,RTCB_HEK293_POSTAR_PAR-CLIP] was killed by [DROSHA_K562_POSTAR_eCLIP,DROSHA_K562_POSTAR_eCLIP]
[YTHDF2_HEK293T_POSTAR_Piranha_0.01,YTHDF2_HEK293T_POSTAR_Piranha_0.01] was killed by [DROSHA_K562_POSTAR_eCLIP,DROSHA_K562_POSTAR_eCLIP]
[RPS5_K562_POSTAR_eCLIP,RPS5_K562_POSTAR_eCLIP] was killed by [DROSHA_K562_POSTAR_eCLIP,DROSHA_K562_POSTAR_eCLIP]
[XRCC6_K562_POSTAR_eCLIP,XRCC6_K562_POSTAR_eCLIP] was killed by [DROSHA_K562_POSTAR_eCLIP,DROSHA_K562_POSTAR_eCLIP]
[FXR2_K562_POSTAR_eCLIP,FXR2_K562_POSTAR_eCLIP] was killed by [DROSHA_K562_POSTAR_eCLIP,DROSHA_K562_POSTAR_eCLIP]
[CSTF2T_HEK293_POSTAR_Piranha_0.01,CSTF2T_HEK293_POSTAR_Piranha_0.01] was killed by [DROSHA_K562_POSTAR_eCLIP,DROSHA_K562_POSTAR_eCLIP]
[NCBP3_HEK293_POSTAR_PAR-CLIP,NCBP3_HEK293_POSTAR_PAR-CLIP] was killed by [DROSHA_K562_POSTAR_eCLIP,DROSHA_K562_POSTAR_eCLIP]
[IGF2BP3_Panc1_POSTAR_CIMS,IGF2BP3_Panc1_POSTAR_CIMS] was killed by [DROSHA_K562_POSTAR_eCLIP,DROSHA_K562_POSTAR_eCLIP]
[IGF2BP3_Panc1_POSTAR_iCLIP,IGF2BP3_Panc1_POSTAR_iCLIP] was killed by [DROSHA_K562_POSTAR_eCLIP,DROSHA_K562_POSTAR_eCLIP]
[TAF15_HEK293_POSTAR_PARalyzer,TAF15_HEK293_POSTAR_PARalyzer] was killed by [DROSHA_K562_POSTAR_eCLIP,DROSHA_K562_POSTAR_eCLIP]
[AGGF1_K562_POSTAR_eCLIP,AGGF1_K562_POSTAR_eCLIP] was killed by [DROSHA_K562_POSTAR_eCLIP,DROSHA_K562_POSTAR_eCLIP]
[UCHL5_HepG2_POSTAR_eCLIP,UCHL5_HepG2_POSTAR_eCLIP] was killed by [DROSHA_K562_POSTAR_eCLIP,DROSHA_K562_POSTAR_eCLIP]
[CPSF7_HEK293_POSTAR_Piranha_0.01,CPSF7_HEK293_POSTAR_Piranha_0.01] was killed by [DROSHA_K562_POSTAR_eCLIP,DROSHA_K562_POSTAR_eCLIP]
[IGF2BP3_HEK293_POSTAR_PAR-CLIP,IGF2BP3_HEK293_POSTAR_PAR-CLIP] was killed by [DROSHA_K562_POSTAR_eCLIP,DROSHA_K562_POSTAR_eCLIP]
[IGF2BP3_HEK293_POSTAR_PARalyzer,IGF2BP3_HEK293_POSTAR_PARalyzer] was killed by [DROSHA_K562_POSTAR_eCLIP,DROSHA_K562_POSTAR_eCLIP]
[LIN28A_HEK293_POSTAR_PARalyzer,LIN28A_HEK293_POSTAR_PARalyzer] was killed by [DROSHA_K562_POSTAR_eCLIP,DROSHA_K562_POSTAR_eCLIP]
[NOP56_HEK293_POSTAR_PARalyzer,NOP56_HEK293_POSTAR_PARalyzer] was killed by [EIF3D_HEK293T_POSTAR_Piranha_0.01,EIF3D_HEK293T_POSTAR_Piranha_0.01]
[RTCB_HEK293_POSTAR_PARalyzer,RTCB_HEK293_POSTAR_PARalyzer] was killed by [DROSHA_K562_POSTAR_eCLIP,DROSHA_K562_POSTAR_eCLIP]
[ATXN2_HEK293T_POSTAR_Piranha_0.01,ATXN2_HEK293T_POSTAR_Piranha_0.01] was killed by [DROSHA_K562_POSTAR_eCLIP,DROSHA_K562_POSTAR_eCLIP]
[AGGF1_HepG2_POSTAR_eCLIP,AGGF1_HepG2_POSTAR_eCLIP] was killed by [DROSHA_K562_POSTAR_eCLIP,DROSHA_K562_POSTAR_eCLIP]
[NCBP3_HEK293_POSTAR_PARalyzer,NCBP3_HEK293_POSTAR_PARalyzer] was killed by [DROSHA_K562_POSTAR_eCLIP,DROSHA_K562_POSTAR_eCLIP]
[DDX24_K562_POSTAR_eCLIP,DDX24_K562_POSTAR_eCLIP] was killed by [DROSHA_K562_POSTAR_eCLIP,DROSHA_K562_POSTAR_eCLIP]
[YTHDF2_Huh7_POSTAR_Piranha_0.01,YTHDF2_Huh7_POSTAR_Piranha_0.01] was killed by [EIF3D_HEK293T_POSTAR_Piranha_0.01,EIF3D_HEK293T_POSTAR_Piranha_0.01]
[LARP4_K562_POSTAR_eCLIP,LARP4_K562_POSTAR_eCLIP] was killed by [DROSHA_K562_POSTAR_eCLIP,DROSHA_K562_POSTAR_eCLIP]
[NUDT21_HEK293_POSTAR_Piranha_0.01,NUDT21_HEK293_POSTAR_Piranha_0.01] was killed by [DROSHA_K562_POSTAR_eCLIP,DROSHA_K562_POSTAR_eCLIP]
[HNRNPD_HEK293_POSTAR_PAR-CLIP,HNRNPD_HEK293_POSTAR_PAR-CLIP] was killed by [EIF3D_HEK293T_POSTAR_Piranha_0.01,EIF3D_HEK293T_POSTAR_Piranha_0.01]
[EIF3G_HEK293T_POSTAR_Piranha_0.01,EIF3G_HEK293T_POSTAR_Piranha_0.01] was killed by [EIF3D_HEK293T_POSTAR_Piranha_0.01,EIF3D_HEK293T_POSTAR_Piranha_0.01]
[UPF1_HeLa,treated_with_puromycoin_POSTAR_CIMS,UPF1_HeLa,treated_with_puromycoin_POSTAR_CIMS] was killed by [DROSHA_K562_POSTAR_eCLIP,DROSHA_K562_POSTAR_eCLIP]
[UPF1_HeLa,treated_with_puromycoin_POSTAR_iCLIP,UPF1_HeLa,treated_with_puromycoin_POSTAR_iCLIP] was killed by [DROSHA_K562_POSTAR_eCLIP,DROSHA_K562_POSTAR_eCLIP]
[RBFOX2_K562_POSTAR_eCLIP,RBFOX2_K562_POSTAR_eCLIP] was killed by [DROSHA_K562_POSTAR_eCLIP,DROSHA_K562_POSTAR_eCLIP]
[FXR2_HEK293_POSTAR_Piranha_0.01,FXR2_HEK293_POSTAR_Piranha_0.01] was killed by [EIF3D_HEK293T_POSTAR_Piranha_0.01,EIF3D_HEK293T_POSTAR_Piranha_0.01]
[EIF3D_HepG2_POSTAR_eCLIP,EIF3D_HepG2_POSTAR_eCLIP] was killed by [DROSHA_K562_POSTAR_eCLIP,DROSHA_K562_POSTAR_eCLIP]
[STAU1_HEK293_POSTAR_CIMS,STAU1_HEK293_POSTAR_CIMS] was killed by [DROSHA_K562_POSTAR_eCLIP,DROSHA_K562_POSTAR_eCLIP]
[PCBP2_HepG2_POSTAR_eCLIP,PCBP2_HepG2_POSTAR_eCLIP] was killed by [DROSHA_K562_POSTAR_eCLIP,DROSHA_K562_POSTAR_eCLIP]
[STAU1_HEK293_POSTAR_iCLIP,STAU1_HEK293_POSTAR_iCLIP] was killed by [DROSHA_K562_POSTAR_eCLIP,DROSHA_K562_POSTAR_eCLIP]
[ALKBH5_HEK293_POSTAR_PAR-CLIP,ALKBH5_HEK293_POSTAR_PAR-CLIP] was killed by [DROSHA_K562_POSTAR_eCLIP,DROSHA_K562_POSTAR_eCLIP]
[HNRNPC_HEK293_POSTAR_PAR-CLIP,HNRNPC_HEK293_POSTAR_PAR-CLIP] was killed by [DROSHA_K562_POSTAR_eCLIP,DROSHA_K562_POSTAR_eCLIP]
[TAF15_HEK293_POSTAR_PAR-CLIP,TAF15_HEK293_POSTAR_PAR-CLIP] was killed by [DROSHA_K562_POSTAR_eCLIP,DROSHA_K562_POSTAR_eCLIP]
[IGF2BP1_HEK293_POSTAR_Piranha_0.01,IGF2BP1_HEK293_POSTAR_Piranha_0.01] was killed by [DROSHA_K562_POSTAR_eCLIP,DROSHA_K562_POSTAR_eCLIP]
[TARDBP_Brain_POSTAR_iCLIP,TARDBP_Brain_POSTAR_iCLIP] was killed by [DROSHA_K562_POSTAR_eCLIP,DROSHA_K562_POSTAR_eCLIP]
[CNBP_HEK293_POSTAR_PAR-CLIP,CNBP_HEK293_POSTAR_PAR-CLIP] was killed by [DROSHA_K562_POSTAR_eCLIP,DROSHA_K562_POSTAR_eCLIP]
[CSTF2T_HepG2_POSTAR_eCLIP,CSTF2T_HepG2_POSTAR_eCLIP] was killed by [DROSHA_K562_POSTAR_eCLIP,DROSHA_K562_POSTAR_eCLIP]
[DIS3L2_HEK293_POSTAR_HITS-CLIP,DIS3L2_HEK293_POSTAR_HITS-CLIP] was killed by [EIF3D_HEK293T_POSTAR_Piranha_0.01,EIF3D_HEK293T_POSTAR_Piranha_0.01]
[LARP4_HepG2_POSTAR_eCLIP,LARP4_HepG2_POSTAR_eCLIP] was killed by [DROSHA_K562_POSTAR_eCLIP,DROSHA_K562_POSTAR_eCLIP]
[SMNDC1_K562_POSTAR_eCLIP,SMNDC1_K562_POSTAR_eCLIP] was killed by [DROSHA_K562_POSTAR_eCLIP,DROSHA_K562_POSTAR_eCLIP]
[U2AF2_K562_POSTAR_eCLIP,U2AF2_K562_POSTAR_eCLIP] was killed by [DROSHA_K562_POSTAR_eCLIP,DROSHA_K562_POSTAR_eCLIP]
[DDX3X_HEK293T_POSTAR_Piranha_0.01,DDX3X_HEK293T_POSTAR_Piranha_0.01] was killed by [DROSHA_K562_POSTAR_eCLIP,DROSHA_K562_POSTAR_eCLIP]
[FUS_HEK293T_POSTAR_PAR-CLIP,FUS_HEK293T_POSTAR_PAR-CLIP] was killed by [DROSHA_K562_POSTAR_eCLIP,DROSHA_K562_POSTAR_eCLIP]
[FUS_HEK293T_POSTAR_PARalyzer,FUS_HEK293T_POSTAR_PARalyzer] was killed by [DROSHA_K562_POSTAR_eCLIP,DROSHA_K562_POSTAR_eCLIP]
[DDX55_HepG2_POSTAR_eCLIP,DDX55_HepG2_POSTAR_eCLIP] was killed by [DROSHA_K562_POSTAR_eCLIP,DROSHA_K562_POSTAR_eCLIP]
[U2AF1_HepG2_POSTAR_eCLIP,U2AF1_HepG2_POSTAR_eCLIP] was killed by [DROSHA_K562_POSTAR_eCLIP,DROSHA_K562_POSTAR_eCLIP]
[RPS5_HepG2_POSTAR_eCLIP,RPS5_HepG2_POSTAR_eCLIP] was killed by [DROSHA_K562_POSTAR_eCLIP,DROSHA_K562_POSTAR_eCLIP]
[EIF4A3_HeLa_POSTAR_HITS-CLIP,EIF4A3_HeLa_POSTAR_HITS-CLIP] was killed by [DROSHA_K562_POSTAR_eCLIP,DROSHA_K562_POSTAR_eCLIP]
[EIF4A3_HeLa_POSTAR_Piranha_0.01,EIF4A3_HeLa_POSTAR_Piranha_0.01] was killed by [DROSHA_K562_POSTAR_eCLIP,DROSHA_K562_POSTAR_eCLIP]
[HNRNPA1_HEK293T_POSTAR_HITS-CLIP,HNRNPA1_HEK293T_POSTAR_HITS-CLIP] was killed by [EIF3D_HEK293T_POSTAR_Piranha_0.01,EIF3D_HEK293T_POSTAR_Piranha_0.01]
[HNRNPA1_HEK293T_POSTAR_Piranha_0.01,HNRNPA1_HEK293T_POSTAR_Piranha_0.01] was killed by [EIF3D_HEK293T_POSTAR_Piranha_0.01,EIF3D_HEK293T_POSTAR_Piranha_0.01]
[U2AF2_HepG2_POSTAR_eCLIP,U2AF2_HepG2_POSTAR_eCLIP] was killed by [DROSHA_K562_POSTAR_eCLIP,DROSHA_K562_POSTAR_eCLIP]
[UPF1_HeLa_POSTAR_CIMS,UPF1_HeLa_POSTAR_CIMS] was killed by [DROSHA_K562_POSTAR_eCLIP,DROSHA_K562_POSTAR_eCLIP]
[UPF1_HeLa_POSTAR_iCLIP,UPF1_HeLa_POSTAR_iCLIP] was killed by [DROSHA_K562_POSTAR_eCLIP,DROSHA_K562_POSTAR_eCLIP]
[ALKBH5_HEK293_POSTAR_PARalyzer,ALKBH5_HEK293_POSTAR_PARalyzer] was killed by [DROSHA_K562_POSTAR_eCLIP,DROSHA_K562_POSTAR_eCLIP]
[FAM120A_K562_POSTAR_eCLIP,FAM120A_K562_POSTAR_eCLIP] was killed by [DROSHA_K562_POSTAR_eCLIP,DROSHA_K562_POSTAR_eCLIP]
[TIA1_K562_POSTAR_eCLIP,TIA1_K562_POSTAR_eCLIP] was killed by [DROSHA_K562_POSTAR_eCLIP,DROSHA_K562_POSTAR_eCLIP]
[EIF3H_HepG2_POSTAR_eCLIP,EIF3H_HepG2_POSTAR_eCLIP] was killed by [DROSHA_K562_POSTAR_eCLIP,DROSHA_K562_POSTAR_eCLIP]
[AKAP8L_K562_POSTAR_eCLIP,AKAP8L_K562_POSTAR_eCLIP] was killed by [DROSHA_K562_POSTAR_eCLIP,DROSHA_K562_POSTAR_eCLIP]
[CAPRIN1_HEK293_POSTAR_Piranha_0.01,CAPRIN1_HEK293_POSTAR_Piranha_0.01] was killed by [DROSHA_K562_POSTAR_eCLIP,DROSHA_K562_POSTAR_eCLIP]
[SRSF7_HepG2_POSTAR_eCLIP,SRSF7_HepG2_POSTAR_eCLIP] was killed by [DROSHA_K562_POSTAR_eCLIP,DROSHA_K562_POSTAR_eCLIP]
[SF3B4_K562_POSTAR_eCLIP,SF3B4_K562_POSTAR_eCLIP] was killed by [DROSHA_K562_POSTAR_eCLIP,DROSHA_K562_POSTAR_eCLIP]
[CPSF4_HEK293_POSTAR_PARalyzer,CPSF4_HEK293_POSTAR_PARalyzer] was killed by [DROSHA_K562_POSTAR_eCLIP,DROSHA_K562_POSTAR_eCLIP]
[TARDBP_Brain_POSTAR_CIMS,TARDBP_Brain_POSTAR_CIMS] was killed by [DROSHA_K562_POSTAR_eCLIP,DROSHA_K562_POSTAR_eCLIP]
[CPSF4_HEK293_POSTAR_PAR-CLIP,CPSF4_HEK293_POSTAR_PAR-CLIP] was killed by [DROSHA_K562_POSTAR_eCLIP,DROSHA_K562_POSTAR_eCLIP]
[ZC3H7B_HEK293_POSTAR_Piranha_0.01,ZC3H7B_HEK293_POSTAR_Piranha_0.01] was killed by [EIF3D_HEK293T_POSTAR_Piranha_0.01,EIF3D_HEK293T_POSTAR_Piranha_0.01]
[SRSF1_TREX_FLP-In_293T_cells_POSTAR_CIMS,SRSF1_TREX_FLP-In_293T_cells_POSTAR_CIMS] was killed by [DROSHA_K562_POSTAR_eCLIP,DROSHA_K562_POSTAR_eCLIP]
[TARDBP_Brain_POSTAR_Piranha_0.01,TARDBP_Brain_POSTAR_Piranha_0.01] was killed by [DROSHA_K562_POSTAR_eCLIP,DROSHA_K562_POSTAR_eCLIP]
[ELAVL1_HeLa_POSTAR_PARalyzer,ELAVL1_HeLa_POSTAR_PARalyzer] was killed by [DROSHA_K562_POSTAR_eCLIP,DROSHA_K562_POSTAR_eCLIP]
[RBM15_HEK293T_POSTAR_Piranha_0.01,RBM15_HEK293T_POSTAR_Piranha_0.01] was killed by [DROSHA_K562_POSTAR_eCLIP,DROSHA_K562_POSTAR_eCLIP]
[SSB_HEK293_POSTAR_Piranha_0.01,SSB_HEK293_POSTAR_Piranha_0.01] was killed by [DROSHA_K562_POSTAR_eCLIP,DROSHA_K562_POSTAR_eCLIP]
[RBM15_HepG2_POSTAR_eCLIP,RBM15_HepG2_POSTAR_eCLIP] was killed by [DROSHA_K562_POSTAR_eCLIP,DROSHA_K562_POSTAR_eCLIP]
[HNRNPC_HEK293_POSTAR_PARalyzer,HNRNPC_HEK293_POSTAR_PARalyzer] was killed by [DROSHA_K562_POSTAR_eCLIP,DROSHA_K562_POSTAR_eCLIP]
[DDX3X_HEK293T_POSTAR_HITS-CLIP,DDX3X_HEK293T_POSTAR_HITS-CLIP] was killed by [DROSHA_K562_POSTAR_eCLIP,DROSHA_K562_POSTAR_eCLIP]
[TAF15_HEK293_POSTAR_Piranha_0.01,TAF15_HEK293_POSTAR_Piranha_0.01] was killed by [DROSHA_K562_POSTAR_eCLIP,DROSHA_K562_POSTAR_eCLIP]
[BUD13_HepG2_POSTAR_eCLIP,BUD13_HepG2_POSTAR_eCLIP] was killed by [DROSHA_K562_POSTAR_eCLIP,DROSHA_K562_POSTAR_eCLIP]
[MBNL2_hippocampus_POSTAR_HITS-CLIP,MBNL2_hippocampus_POSTAR_HITS-CLIP] was killed by [EIF3D_HEK293T_POSTAR_Piranha_0.01,EIF3D_HEK293T_POSTAR_Piranha_0.01]
[SND1_HepG2_POSTAR_eCLIP,SND1_HepG2_POSTAR_eCLIP] was killed by [DROSHA_K562_POSTAR_eCLIP,DROSHA_K562_POSTAR_eCLIP]
[CDC40_HepG2_POSTAR_eCLIP,CDC40_HepG2_POSTAR_eCLIP] was killed by [DROSHA_K562_POSTAR_eCLIP,DROSHA_K562_POSTAR_eCLIP]
[TIAL1_HeLa_POSTAR_Piranha_0.01,TIAL1_HeLa_POSTAR_Piranha_0.01] was killed by [DROSHA_K562_POSTAR_eCLIP,DROSHA_K562_POSTAR_eCLIP]
[METTL3_HeLa_POSTAR_PAR-CLIP,METTL3_HeLa_POSTAR_PAR-CLIP] was killed by [DROSHA_K562_POSTAR_eCLIP,DROSHA_K562_POSTAR_eCLIP]
[TARDBP_K562_POSTAR_eCLIP,TARDBP_K562_POSTAR_eCLIP] was killed by [DROSHA_K562_POSTAR_eCLIP,DROSHA_K562_POSTAR_eCLIP]
[HNRNPK_HepG2_POSTAR_eCLIP,HNRNPK_HepG2_POSTAR_eCLIP] was killed by [EIF3D_HEK293T_POSTAR_Piranha_0.01,EIF3D_HEK293T_POSTAR_Piranha_0.01]
[DGCR8_HEK293T_POSTAR_Piranha_0.01,DGCR8_HEK293T_POSTAR_Piranha_0.01] was killed by [DROSHA_K562_POSTAR_eCLIP,DROSHA_K562_POSTAR_eCLIP]
[DDX42_K562_POSTAR_eCLIP,DDX42_K562_POSTAR_eCLIP] was killed by [DROSHA_K562_POSTAR_eCLIP,DROSHA_K562_POSTAR_eCLIP]
[TBRG4_K562_POSTAR_eCLIP,TBRG4_K562_POSTAR_eCLIP] was killed by [DROSHA_K562_POSTAR_eCLIP,DROSHA_K562_POSTAR_eCLIP]
[TRA2A_K562_POSTAR_eCLIP,TRA2A_K562_POSTAR_eCLIP] was killed by [DROSHA_K562_POSTAR_eCLIP,DROSHA_K562_POSTAR_eCLIP]
[DGCR8_HepG2_POSTAR_eCLIP,DGCR8_HepG2_POSTAR_eCLIP] was killed by [DROSHA_K562_POSTAR_eCLIP,DROSHA_K562_POSTAR_eCLIP]
[MBNL2_hippocampus_POSTAR_Piranha_0.01,MBNL2_hippocampus_POSTAR_Piranha_0.01] was killed by [EIF3D_HEK293T_POSTAR_Piranha_0.01,EIF3D_HEK293T_POSTAR_Piranha_0.01]
[DIS3L2_HEK293_POSTAR_CIMS,DIS3L2_HEK293_POSTAR_CIMS] was killed by [EIF3D_HEK293T_POSTAR_Piranha_0.01,EIF3D_HEK293T_POSTAR_Piranha_0.01]
[FUS_Brain_POSTAR_HITS-CLIP,FUS_Brain_POSTAR_HITS-CLIP] was killed by [DROSHA_K562_POSTAR_eCLIP,DROSHA_K562_POSTAR_eCLIP]
[SRRM4_HEK293T_POSTAR_CIMS,SRRM4_HEK293T_POSTAR_CIMS] was killed by [DROSHA_K562_POSTAR_eCLIP,DROSHA_K562_POSTAR_eCLIP]
[YTHDF3_Huh7_POSTAR_Piranha_0.01,YTHDF3_Huh7_POSTAR_Piranha_0.01] was killed by [EIF3D_HEK293T_POSTAR_Piranha_0.01,EIF3D_HEK293T_POSTAR_Piranha_0.01]
[UPF1_HeLa_POSTAR_Piranha_0.01,UPF1_HeLa_POSTAR_Piranha_0.01] was killed by [DROSHA_K562_POSTAR_eCLIP,DROSHA_K562_POSTAR_eCLIP]
[DKC1_HepG2_POSTAR_eCLIP,DKC1_HepG2_POSTAR_eCLIP] was killed by [EIF3D_HEK293T_POSTAR_Piranha_0.01,EIF3D_HEK293T_POSTAR_Piranha_0.01]
[FUS_HEK293_POSTAR_Piranha_0.01,FUS_HEK293_POSTAR_Piranha_0.01] was killed by [DROSHA_K562_POSTAR_eCLIP,DROSHA_K562_POSTAR_eCLIP]
[DGCR8_HEK293T_POSTAR_HITS-CLIP,DGCR8_HEK293T_POSTAR_HITS-CLIP] was killed by [DROSHA_K562_POSTAR_eCLIP,DROSHA_K562_POSTAR_eCLIP]
[CPSF2_HEK293_POSTAR_PAR-CLIP,CPSF2_HEK293_POSTAR_PAR-CLIP] was killed by [EIF3D_HEK293T_POSTAR_Piranha_0.01,EIF3D_HEK293T_POSTAR_Piranha_0.01]
[METTL3_HeLa_POSTAR_PARalyzer,METTL3_HeLa_POSTAR_PARalyzer] was killed by [DROSHA_K562_POSTAR_eCLIP,DROSHA_K562_POSTAR_eCLIP]
[RBM5_HepG2_POSTAR_eCLIP,RBM5_HepG2_POSTAR_eCLIP] was killed by [DROSHA_K562_POSTAR_eCLIP,DROSHA_K562_POSTAR_eCLIP]
[TNRC6A_K562_POSTAR_eCLIP,TNRC6A_K562_POSTAR_eCLIP] was killed by [DROSHA_K562_POSTAR_eCLIP,DROSHA_K562_POSTAR_eCLIP]
[RBPMS_HEK293_POSTAR_PAR-CLIP,RBPMS_HEK293_POSTAR_PAR-CLIP] was killed by [DROSHA_K562_POSTAR_eCLIP,DROSHA_K562_POSTAR_eCLIP]
[RBPMS_HEK293_POSTAR_Piranha_0.01,RBPMS_HEK293_POSTAR_Piranha_0.01] was killed by [DROSHA_K562_POSTAR_eCLIP,DROSHA_K562_POSTAR_eCLIP]
[METTL14_HeLa_POSTAR_PAR-CLIP,METTL14_HeLa_POSTAR_PAR-CLIP] was killed by [EIF3D_HEK293T_POSTAR_Piranha_0.01,EIF3D_HEK293T_POSTAR_Piranha_0.01]
[GPKOW_K562_POSTAR_eCLIP,GPKOW_K562_POSTAR_eCLIP] was killed by [DROSHA_K562_POSTAR_eCLIP,DROSHA_K562_POSTAR_eCLIP]
[NOP58_HEK293_POSTAR_PARalyzer,NOP58_HEK293_POSTAR_PARalyzer] was killed by [DROSHA_K562_POSTAR_eCLIP,DROSHA_K562_POSTAR_eCLIP]
[U2AF2_HeLa_POSTAR_CIMS,U2AF2_HeLa_POSTAR_CIMS] was killed by [DROSHA_K562_POSTAR_eCLIP,DROSHA_K562_POSTAR_eCLIP]
[PRKRA_HEK293_POSTAR_PAR-CLIP,PRKRA_HEK293_POSTAR_PAR-CLIP] was killed by [EIF3D_HEK293T_POSTAR_Piranha_0.01,EIF3D_HEK293T_POSTAR_Piranha_0.01]
[TAF15_K562_POSTAR_eCLIP,TAF15_K562_POSTAR_eCLIP] was killed by [DROSHA_K562_POSTAR_eCLIP,DROSHA_K562_POSTAR_eCLIP]
[FASTKD2_HepG2_POSTAR_eCLIP,FASTKD2_HepG2_POSTAR_eCLIP] was killed by [DROSHA_K562_POSTAR_eCLIP,DROSHA_K562_POSTAR_eCLIP]
[NKRF_HepG2_POSTAR_eCLIP,NKRF_HepG2_POSTAR_eCLIP] was killed by [DROSHA_K562_POSTAR_eCLIP,DROSHA_K562_POSTAR_eCLIP]
[NOP58_HEK293_POSTAR_PAR-CLIP,NOP58_HEK293_POSTAR_PAR-CLIP] was killed by [DROSHA_K562_POSTAR_eCLIP,DROSHA_K562_POSTAR_eCLIP]
[EFTUD2_K562_POSTAR_eCLIP,EFTUD2_K562_POSTAR_eCLIP] was killed by [DROSHA_K562_POSTAR_eCLIP,DROSHA_K562_POSTAR_eCLIP]
[EWSR1_HEK293_POSTAR_PAR-CLIP,EWSR1_HEK293_POSTAR_PAR-CLIP] was killed by [DROSHA_K562_POSTAR_eCLIP,DROSHA_K562_POSTAR_eCLIP]
[EWSR1_HEK293_POSTAR_PARalyzer,EWSR1_HEK293_POSTAR_PARalyzer] was killed by [DROSHA_K562_POSTAR_eCLIP,DROSHA_K562_POSTAR_eCLIP]
[FXR2_HEK293_POSTAR_PAR-CLIP,FXR2_HEK293_POSTAR_PAR-CLIP] was killed by [DROSHA_K562_POSTAR_eCLIP,DROSHA_K562_POSTAR_eCLIP]
[FXR2_HEK293_POSTAR_PARalyzer,FXR2_HEK293_POSTAR_PARalyzer] was killed by [DROSHA_K562_POSTAR_eCLIP,DROSHA_K562_POSTAR_eCLIP]
[DIS3L2_HEK293_POSTAR_Piranha_0.01,DIS3L2_HEK293_POSTAR_Piranha_0.01] was killed by [EIF3D_HEK293T_POSTAR_Piranha_0.01,EIF3D_HEK293T_POSTAR_Piranha_0.01]
[YTHDC2_HeLa_POSTAR_PAR-CLIP,YTHDC2_HeLa_POSTAR_PAR-CLIP] was killed by [DROSHA_K562_POSTAR_eCLIP,DROSHA_K562_POSTAR_eCLIP]
[TIA1_HeLa_POSTAR_Piranha_0.01,TIA1_HeLa_POSTAR_Piranha_0.01] was killed by [DROSHA_K562_POSTAR_eCLIP,DROSHA_K562_POSTAR_eCLIP]
[U2AF1_K562_POSTAR_eCLIP,U2AF1_K562_POSTAR_eCLIP] was killed by [DROSHA_K562_POSTAR_eCLIP,DROSHA_K562_POSTAR_eCLIP]
[ILF3_K562_POSTAR_eCLIP,ILF3_K562_POSTAR_eCLIP] was killed by [DROSHA_K562_POSTAR_eCLIP,DROSHA_K562_POSTAR_eCLIP]
[HNRNPUL1_HepG2_POSTAR_eCLIP,HNRNPUL1_HepG2_POSTAR_eCLIP] was killed by [DROSHA_K562_POSTAR_eCLIP,DROSHA_K562_POSTAR_eCLIP]
[EWSR1_K562_POSTAR_eCLIP,EWSR1_K562_POSTAR_eCLIP] was killed by [DROSHA_K562_POSTAR_eCLIP,DROSHA_K562_POSTAR_eCLIP]
[AARS_K562_POSTAR_eCLIP,AARS_K562_POSTAR_eCLIP] was killed by [DROSHA_K562_POSTAR_eCLIP,DROSHA_K562_POSTAR_eCLIP]
[DDX55_K562_POSTAR_eCLIP,DDX55_K562_POSTAR_eCLIP] was killed by [DROSHA_K562_POSTAR_eCLIP,DROSHA_K562_POSTAR_eCLIP]
[FUS_Brain_POSTAR_Piranha_0.01,FUS_Brain_POSTAR_Piranha_0.01] was killed by [DROSHA_K562_POSTAR_eCLIP,DROSHA_K562_POSTAR_eCLIP]
[ALKBH1_HeLa_POSTAR_HITS-CLIP,ALKBH1_HeLa_POSTAR_HITS-CLIP] was killed by [DROSHA_K562_POSTAR_eCLIP,DROSHA_K562_POSTAR_eCLIP]
[ALKBH1_HeLa_POSTAR_Piranha_0.01,ALKBH1_HeLa_POSTAR_Piranha_0.01] was killed by [DROSHA_K562_POSTAR_eCLIP,DROSHA_K562_POSTAR_eCLIP]
[DHX30_HepG2_POSTAR_eCLIP,DHX30_HepG2_POSTAR_eCLIP] was killed by [DROSHA_K562_POSTAR_eCLIP,DROSHA_K562_POSTAR_eCLIP]
[HNRNPF_HEK293T_POSTAR_HITS-CLIP,HNRNPF_HEK293T_POSTAR_HITS-CLIP] was killed by [EIF3D_HEK293T_POSTAR_Piranha_0.01,EIF3D_HEK293T_POSTAR_Piranha_0.01]
[HNRNPF_HEK293T_POSTAR_Piranha_0.01,HNRNPF_HEK293T_POSTAR_Piranha_0.01] was killed by [EIF3D_HEK293T_POSTAR_Piranha_0.01,EIF3D_HEK293T_POSTAR_Piranha_0.01]
[IGF2BP3_HepG2_POSTAR_eCLIP,IGF2BP3_HepG2_POSTAR_eCLIP] was killed by [DROSHA_K562_POSTAR_eCLIP,DROSHA_K562_POSTAR_eCLIP]
[CPSF2_HEK293_POSTAR_PARalyzer,CPSF2_HEK293_POSTAR_PARalyzer] was killed by [EIF3D_HEK293T_POSTAR_Piranha_0.01,EIF3D_HEK293T_POSTAR_Piranha_0.01]
[NONO_K562_POSTAR_eCLIP,NONO_K562_POSTAR_eCLIP] was killed by [DROSHA_K562_POSTAR_eCLIP,DROSHA_K562_POSTAR_eCLIP]
[DGCR8_K562_POSTAR_eCLIP,DGCR8_K562_POSTAR_eCLIP] was killed by [DROSHA_K562_POSTAR_eCLIP,DROSHA_K562_POSTAR_eCLIP]
[LARP7_K562_POSTAR_eCLIP,LARP7_K562_POSTAR_eCLIP] was killed by [DROSHA_K562_POSTAR_eCLIP,DROSHA_K562_POSTAR_eCLIP]
[YWHAG_K562_POSTAR_eCLIP,YWHAG_K562_POSTAR_eCLIP] was killed by [DROSHA_K562_POSTAR_eCLIP,DROSHA_K562_POSTAR_eCLIP]
[CSTF2_HEK293_POSTAR_Piranha_0.01,CSTF2_HEK293_POSTAR_Piranha_0.01] was killed by [DROSHA_K562_POSTAR_eCLIP,DROSHA_K562_POSTAR_eCLIP]
[YTHDF2_HeLa_POSTAR_Piranha_0.01,YTHDF2_HeLa_POSTAR_Piranha_0.01] was killed by [DROSHA_K562_POSTAR_eCLIP,DROSHA_K562_POSTAR_eCLIP]
[U2AF2_HeLa_POSTAR_Piranha_0.01,U2AF2_HeLa_POSTAR_Piranha_0.01] was killed by [DROSHA_K562_POSTAR_eCLIP,DROSHA_K562_POSTAR_eCLIP]
[HNRNPC_HepG2_POSTAR_eCLIP,HNRNPC_HepG2_POSTAR_eCLIP] was killed by [DROSHA_K562_POSTAR_eCLIP,DROSHA_K562_POSTAR_eCLIP]
[IGF2BP2_HEK293_POSTAR_Piranha_0.01,IGF2BP2_HEK293_POSTAR_Piranha_0.01] was killed by [DROSHA_K562_POSTAR_eCLIP,DROSHA_K562_POSTAR_eCLIP]
[U2AF2_HeLa_POSTAR_HITS-CLIP,U2AF2_HeLa_POSTAR_HITS-CLIP] was killed by [DROSHA_K562_POSTAR_eCLIP,DROSHA_K562_POSTAR_eCLIP]
[SLTM_HepG2_POSTAR_eCLIP,SLTM_HepG2_POSTAR_eCLIP] was killed by [DROSHA_K562_POSTAR_eCLIP,DROSHA_K562_POSTAR_eCLIP]
[FXR1_HEK293_POSTAR_PAR-CLIP,FXR1_HEK293_POSTAR_PAR-CLIP] was killed by [DROSHA_K562_POSTAR_eCLIP,DROSHA_K562_POSTAR_eCLIP]
[FXR1_HEK293_POSTAR_PARalyzer,FXR1_HEK293_POSTAR_PARalyzer] was killed by [DROSHA_K562_POSTAR_eCLIP,DROSHA_K562_POSTAR_eCLIP]
[YTHDC2_HeLa_POSTAR_PARalyzer,YTHDC2_HeLa_POSTAR_PARalyzer] was killed by [DROSHA_K562_POSTAR_eCLIP,DROSHA_K562_POSTAR_eCLIP]
[PTBP1_HeLa_POSTAR_HITS-CLIP,PTBP1_HeLa_POSTAR_HITS-CLIP] was killed by [DROSHA_K562_POSTAR_eCLIP,DROSHA_K562_POSTAR_eCLIP]
[PTBP1_HeLa_POSTAR_Piranha_0.01,PTBP1_HeLa_POSTAR_Piranha_0.01] was killed by [DROSHA_K562_POSTAR_eCLIP,DROSHA_K562_POSTAR_eCLIP]
[ELAVL1_HEK293_POSTAR_HITS-CLIP,ELAVL1_HEK293_POSTAR_HITS-CLIP] was killed by [DROSHA_K562_POSTAR_eCLIP,DROSHA_K562_POSTAR_eCLIP]
[RBM47_MDA-MB-231_POSTAR_CIMS,RBM47_MDA-MB-231_POSTAR_CIMS] was killed by [DROSHA_K562_POSTAR_eCLIP,DROSHA_K562_POSTAR_eCLIP]
[TIA1_HepG2_POSTAR_eCLIP,TIA1_HepG2_POSTAR_eCLIP] was killed by [DROSHA_K562_POSTAR_eCLIP,DROSHA_K562_POSTAR_eCLIP]
[CPSF1_HEK293_POSTAR_Piranha_0.01,CPSF1_HEK293_POSTAR_Piranha_0.01] was killed by [DROSHA_K562_POSTAR_eCLIP,DROSHA_K562_POSTAR_eCLIP]
[YTHDF1_Huh7_POSTAR_PAR-CLIP,YTHDF1_Huh7_POSTAR_PAR-CLIP] was killed by [DROSHA_K562_POSTAR_eCLIP,DROSHA_K562_POSTAR_eCLIP]
[RBFOX2_HepG2_POSTAR_eCLIP,RBFOX2_HepG2_POSTAR_eCLIP] was killed by [DROSHA_K562_POSTAR_eCLIP,DROSHA_K562_POSTAR_eCLIP]
[YTHDF1_Huh7_POSTAR_PARalyzer,YTHDF1_Huh7_POSTAR_PARalyzer] was killed by [DROSHA_K562_POSTAR_eCLIP,DROSHA_K562_POSTAR_eCLIP]
[SUPV3L1_HepG2_POSTAR_eCLIP,SUPV3L1_HepG2_POSTAR_eCLIP] was killed by [DROSHA_K562_POSTAR_eCLIP,DROSHA_K562_POSTAR_eCLIP]
[TARBP2_HEK293_POSTAR_Piranha_0.01,TARBP2_HEK293_POSTAR_Piranha_0.01] was killed by [EIF3D_HEK293T_POSTAR_Piranha_0.01,EIF3D_HEK293T_POSTAR_Piranha_0.01]
[HNRNPH1_HEK293T_POSTAR_CIMS,HNRNPH1_HEK293T_POSTAR_CIMS] was killed by [DROSHA_K562_POSTAR_eCLIP,DROSHA_K562_POSTAR_eCLIP]
[PTBP1_HeLa_POSTAR_CIMS,PTBP1_HeLa_POSTAR_CIMS] was killed by [EIF3D_HEK293T_POSTAR_Piranha_0.01,EIF3D_HEK293T_POSTAR_Piranha_0.01]
[MOV10_HEK293_POSTAR_Piranha_0.01,MOV10_HEK293_POSTAR_Piranha_0.01] was killed by [DROSHA_K562_POSTAR_eCLIP,DROSHA_K562_POSTAR_eCLIP]
[FTO_K562_POSTAR_eCLIP,FTO_K562_POSTAR_eCLIP] was killed by [DROSHA_K562_POSTAR_eCLIP,DROSHA_K562_POSTAR_eCLIP]
[RPS11_K562_POSTAR_eCLIP,RPS11_K562_POSTAR_eCLIP] was killed by [DROSHA_K562_POSTAR_eCLIP,DROSHA_K562_POSTAR_eCLIP]
[CPSF3_HEK293_POSTAR_Piranha_0.01,CPSF3_HEK293_POSTAR_Piranha_0.01] was killed by [EIF3D_HEK293T_POSTAR_Piranha_0.01,EIF3D_HEK293T_POSTAR_Piranha_0.01]
[ELAVL1_HEK293_POSTAR_CIMS,ELAVL1_HEK293_POSTAR_CIMS] was killed by [DROSHA_K562_POSTAR_eCLIP,DROSHA_K562_POSTAR_eCLIP]
[SRSF7_K562_POSTAR_eCLIP,SRSF7_K562_POSTAR_eCLIP] was killed by [DROSHA_K562_POSTAR_eCLIP,DROSHA_K562_POSTAR_eCLIP]
[LIN28A_HEK293_POSTAR_CIMS,LIN28A_HEK293_POSTAR_CIMS] was killed by [EIF3D_HEK293T_POSTAR_Piranha_0.01,EIF3D_HEK293T_POSTAR_Piranha_0.01]
[METTL14_HeLa_POSTAR_PARalyzer,METTL14_HeLa_POSTAR_PARalyzer] was killed by [EIF3D_HEK293T_POSTAR_Piranha_0.01,EIF3D_HEK293T_POSTAR_Piranha_0.01]
[METTL3_HeLa_POSTAR_Piranha_0.01,METTL3_HeLa_POSTAR_Piranha_0.01] was killed by [DROSHA_K562_POSTAR_eCLIP,DROSHA_K562_POSTAR_eCLIP]
[WTAP_HeLa_POSTAR_PAR-CLIP,WTAP_HeLa_POSTAR_PAR-CLIP] was killed by [DROSHA_K562_POSTAR_eCLIP,DROSHA_K562_POSTAR_eCLIP]
