[GOCC_CYTOSOLIC_LARGE_RIBOSOMAL_SUBUNIT,GOCC_CYTOSOLIC_LARGE_RIBOSOMAL_SUBUNIT] was killed by [GOCC_CYTOSOLIC_RIBOSOME,GOCC_CYTOSOLIC_RIBOSOME]
[GOCC_RIBOSOMAL_SUBUNIT,GOCC_RIBOSOMAL_SUBUNIT] was killed by [GOCC_CYTOSOLIC_RIBOSOME,GOCC_CYTOSOLIC_RIBOSOME]
[GOCC_CYTOSOLIC_SMALL_RIBOSOMAL_SUBUNIT,GOCC_CYTOSOLIC_SMALL_RIBOSOMAL_SUBUNIT] was killed by [GOCC_CYTOSOLIC_RIBOSOME,GOCC_CYTOSOLIC_RIBOSOME]
[GOCC_H4_HISTONE_ACETYLTRANSFERASE_COMPLEX,GOCC_H4_HISTONE_ACETYLTRANSFERASE_COMPLEX] was killed by [GOCC_H4_H2A_HISTONE_ACETYLTRANSFERASE_COMPLEX,GOCC_H4_H2A_HISTONE_ACETYLTRANSFERASE_COMPLEX]
[GOCC_ATPASE_COMPLEX,GOCC_ATPASE_COMPLEX] was killed by [GOCC_H4_H2A_HISTONE_ACETYLTRANSFERASE_COMPLEX,GOCC_H4_H2A_HISTONE_ACETYLTRANSFERASE_COMPLEX]
[GOCC_SWI_SNF_SUPERFAMILY_TYPE_COMPLEX,GOCC_SWI_SNF_SUPERFAMILY_TYPE_COMPLEX] was killed by [GOCC_H4_H2A_HISTONE_ACETYLTRANSFERASE_COMPLEX,GOCC_H4_H2A_HISTONE_ACETYLTRANSFERASE_COMPLEX]
[GOCC_CLATHRIN_COAT,GOCC_CLATHRIN_COAT] was killed by [GOCC_MEMBRANE_COAT,GOCC_MEMBRANE_COAT]
[GOCC_LARGE_RIBOSOMAL_SUBUNIT,GOCC_LARGE_RIBOSOMAL_SUBUNIT] was killed by [GOCC_CYTOSOLIC_RIBOSOME,GOCC_CYTOSOLIC_RIBOSOME]
[GOCC_SMALL_RIBOSOMAL_SUBUNIT,GOCC_SMALL_RIBOSOMAL_SUBUNIT] was killed by [GOCC_CYTOSOLIC_RIBOSOME,GOCC_CYTOSOLIC_RIBOSOME]
[GOCC_POLYSOMAL_RIBOSOME,GOCC_POLYSOMAL_RIBOSOME] was killed by [GOCC_CYTOSOLIC_RIBOSOME,GOCC_CYTOSOLIC_RIBOSOME]
[GOCC_PROTEIN_ACETYLTRANSFERASE_COMPLEX,GOCC_PROTEIN_ACETYLTRANSFERASE_COMPLEX] was killed by [GOCC_H4_H2A_HISTONE_ACETYLTRANSFERASE_COMPLEX,GOCC_H4_H2A_HISTONE_ACETYLTRANSFERASE_COMPLEX]
[GOCC_CYTOCHROME_COMPLEX,GOCC_CYTOCHROME_COMPLEX] was killed by [GOCC_RESPIRATORY_CHAIN_COMPLEX_IV,GOCC_RESPIRATORY_CHAIN_COMPLEX_IV]
[GOCC_POLYSOME,GOCC_POLYSOME] was killed by [GOCC_CYTOSOLIC_RIBOSOME,GOCC_CYTOSOLIC_RIBOSOME]
[GOCC_SIN3_TYPE_COMPLEX,GOCC_SIN3_TYPE_COMPLEX] was killed by [GOCC_NURD_COMPLEX,GOCC_NURD_COMPLEX]
[GOCC_SIN3_COMPLEX,GOCC_SIN3_COMPLEX] was killed by [GOCC_H4_H2A_HISTONE_ACETYLTRANSFERASE_COMPLEX,GOCC_H4_H2A_HISTONE_ACETYLTRANSFERASE_COMPLEX]
[GOCC_NUCLEAR_PERIPHERY,GOCC_NUCLEAR_PERIPHERY] was killed by [GOCC_H4_H2A_HISTONE_ACETYLTRANSFERASE_COMPLEX,GOCC_H4_H2A_HISTONE_ACETYLTRANSFERASE_COMPLEX]
[GOCC_TRANS_GOLGI_NETWORK_MEMBRANE,GOCC_TRANS_GOLGI_NETWORK_MEMBRANE] was killed by [GOCC_MEMBRANE_COAT,GOCC_MEMBRANE_COAT]
[GOCC_TRANS_GOLGI_NETWORK_TRANSPORT_VESICLE_MEMBRANE,GOCC_TRANS_GOLGI_NETWORK_TRANSPORT_VESICLE_MEMBRANE] was killed by [GOCC_MEMBRANE_COAT,GOCC_MEMBRANE_COAT]
[GOCC_INO80_TYPE_COMPLEX,GOCC_INO80_TYPE_COMPLEX] was killed by [GOCC_H4_H2A_HISTONE_ACETYLTRANSFERASE_COMPLEX,GOCC_H4_H2A_HISTONE_ACETYLTRANSFERASE_COMPLEX]
[GOCC_TRANS_GOLGI_NETWORK_TRANSPORT_VESICLE,GOCC_TRANS_GOLGI_NETWORK_TRANSPORT_VESICLE] was killed by [GOCC_MEMBRANE_COAT,GOCC_MEMBRANE_COAT]
[GOCC_CLATHRIN_COAT_OF_COATED_PIT,GOCC_CLATHRIN_COAT_OF_COATED_PIT] was killed by [GOCC_MEMBRANE_COAT,GOCC_MEMBRANE_COAT]
[GOCC_SWR1_COMPLEX,GOCC_SWR1_COMPLEX] was killed by [GOCC_H4_H2A_HISTONE_ACETYLTRANSFERASE_COMPLEX,GOCC_H4_H2A_HISTONE_ACETYLTRANSFERASE_COMPLEX]
[GOCC_MITOCHONDRIAL_RESPIRATORY_CHAIN_COMPLEX_IV,GOCC_MITOCHONDRIAL_RESPIRATORY_CHAIN_COMPLEX_IV] was killed by [GOCC_RESPIRATORY_CHAIN_COMPLEX_IV,GOCC_RESPIRATORY_CHAIN_COMPLEX_IV]
[GOCC_CLATHRIN_COMPLEX,GOCC_CLATHRIN_COMPLEX] was killed by [GOCC_MEMBRANE_COAT,GOCC_MEMBRANE_COAT]
[GOCC_SPLICEOSOMAL_COMPLEX,GOCC_SPLICEOSOMAL_COMPLEX] was killed by [GOCC_CYTOSOLIC_RIBOSOME,GOCC_CYTOSOLIC_RIBOSOME]
