[GOMF_IMMUNOGLOBULIN_RECEPTOR_BINDING,GOMF_IMMUNOGLOBULIN_RECEPTOR_BINDING] was killed by [GOMF_ANTIGEN_BINDING,GOMF_ANTIGEN_BINDING]
[GOMF_MRNA_3_UTR_BINDING,GOMF_MRNA_3_UTR_BINDING] was killed by [GOMF_RIBONUCLEOPROTEIN_COMPLEX_BINDING,GOMF_RIBONUCLEOPROTEIN_COMPLEX_BINDING]
[GOMF_RRNA_BINDING,GOMF_RRNA_BINDING] was killed by [GOMF_STRUCTURAL_CONSTITUENT_OF_RIBOSOME,GOMF_STRUCTURAL_CONSTITUENT_OF_RIBOSOME]
[GOMF_TRANSLATION_FACTOR_ACTIVITY_RNA_BINDING,GOMF_TRANSLATION_FACTOR_ACTIVITY_RNA_BINDING] was killed by [GOMF_RIBONUCLEOPROTEIN_COMPLEX_BINDING,GOMF_RIBONUCLEOPROTEIN_COMPLEX_BINDING]
[GOMF_VOLTAGE_GATED_CATION_CHANNEL_ACTIVITY,GOMF_VOLTAGE_GATED_CATION_CHANNEL_ACTIVITY] was killed by [GOMF_VOLTAGE_GATED_ION_CHANNEL_ACTIVITY,GOMF_VOLTAGE_GATED_ION_CHANNEL_ACTIVITY]
[GOMF_POTASSIUM_ION_TRANSMEMBRANE_TRANSPORTER_ACTIVITY,GOMF_POTASSIUM_ION_TRANSMEMBRANE_TRANSPORTER_ACTIVITY] was killed by [GOMF_VOLTAGE_GATED_ION_CHANNEL_ACTIVITY,GOMF_VOLTAGE_GATED_ION_CHANNEL_ACTIVITY]
[GOMF_NEUROTRANSMITTER_RECEPTOR_ACTIVITY,GOMF_NEUROTRANSMITTER_RECEPTOR_ACTIVITY] was killed by [GOMF_VOLTAGE_GATED_ION_CHANNEL_ACTIVITY,GOMF_VOLTAGE_GATED_ION_CHANNEL_ACTIVITY]
[GOMF_SINGLE_STRANDED_DNA_BINDING,GOMF_SINGLE_STRANDED_DNA_BINDING] was killed by [GOMF_NUCLEASE_ACTIVITY,GOMF_NUCLEASE_ACTIVITY]
[GOMF_3_5_EXONUCLEASE_ACTIVITY,GOMF_3_5_EXONUCLEASE_ACTIVITY] was killed by [GOMF_NUCLEASE_ACTIVITY,GOMF_NUCLEASE_ACTIVITY]
[GOMF_TRANSLATION_REGULATOR_ACTIVITY,GOMF_TRANSLATION_REGULATOR_ACTIVITY] was killed by [GOMF_RIBONUCLEOPROTEIN_COMPLEX_BINDING,GOMF_RIBONUCLEOPROTEIN_COMPLEX_BINDING]
[GOMF_RIBONUCLEASE_ACTIVITY,GOMF_RIBONUCLEASE_ACTIVITY] was killed by [GOMF_RIBONUCLEOPROTEIN_COMPLEX_BINDING,GOMF_RIBONUCLEOPROTEIN_COMPLEX_BINDING]
[GOMF_CATALYTIC_ACTIVITY_ACTING_ON_A_TRNA,GOMF_CATALYTIC_ACTIVITY_ACTING_ON_A_TRNA] was killed by [GOMF_NUCLEASE_ACTIVITY,GOMF_NUCLEASE_ACTIVITY]
[GOMF_TRANSLATION_REGULATOR_ACTIVITY_NUCLEIC_ACID_BINDING,GOMF_TRANSLATION_REGULATOR_ACTIVITY_NUCLEIC_ACID_BINDING] was killed by [GOMF_RIBONUCLEOPROTEIN_COMPLEX_BINDING,GOMF_RIBONUCLEOPROTEIN_COMPLEX_BINDING]
[GOMF_CATALYTIC_ACTIVITY_ACTING_ON_DNA,GOMF_CATALYTIC_ACTIVITY_ACTING_ON_DNA] was killed by [GOMF_NUCLEASE_ACTIVITY,GOMF_NUCLEASE_ACTIVITY]
[GOMF_CHLORIDE_TRANSMEMBRANE_TRANSPORTER_ACTIVITY,GOMF_CHLORIDE_TRANSMEMBRANE_TRANSPORTER_ACTIVITY] was killed by [GOMF_VOLTAGE_GATED_ION_CHANNEL_ACTIVITY,GOMF_VOLTAGE_GATED_ION_CHANNEL_ACTIVITY]
[GOMF_NEUROPEPTIDE_RECEPTOR_BINDING,GOMF_NEUROPEPTIDE_RECEPTOR_BINDING] was killed by [GOMF_HORMONE_ACTIVITY,GOMF_HORMONE_ACTIVITY]
[GOMF_EXONUCLEASE_ACTIVITY,GOMF_EXONUCLEASE_ACTIVITY] was killed by [GOMF_NUCLEASE_ACTIVITY,GOMF_NUCLEASE_ACTIVITY]
[GOMF_LIGAND_GATED_ION_CHANNEL_ACTIVITY,GOMF_LIGAND_GATED_ION_CHANNEL_ACTIVITY] was killed by [GOMF_VOLTAGE_GATED_ION_CHANNEL_ACTIVITY,GOMF_VOLTAGE_GATED_ION_CHANNEL_ACTIVITY]
[GOMF_HELICASE_ACTIVITY,GOMF_HELICASE_ACTIVITY] was killed by [GOMF_RIBONUCLEOPROTEIN_COMPLEX_BINDING,GOMF_RIBONUCLEOPROTEIN_COMPLEX_BINDING]
[GOMF_POTASSIUM_CHANNEL_ACTIVITY,GOMF_POTASSIUM_CHANNEL_ACTIVITY] was killed by [GOMF_VOLTAGE_GATED_ION_CHANNEL_ACTIVITY,GOMF_VOLTAGE_GATED_ION_CHANNEL_ACTIVITY]
[GOMF_RIBOSOME_BINDING,GOMF_RIBOSOME_BINDING] was killed by [GOMF_RIBONUCLEOPROTEIN_COMPLEX_BINDING,GOMF_RIBONUCLEOPROTEIN_COMPLEX_BINDING]
[GOMF_RNA_METHYLTRANSFERASE_ACTIVITY,GOMF_RNA_METHYLTRANSFERASE_ACTIVITY] was killed by [GOMF_S_ADENOSYLMETHIONINE_DEPENDENT_METHYLTRANSFERASE_ACTIVITY,GOMF_S_ADENOSYLMETHIONINE_DEPENDENT_METHYLTRANSFERASE_ACTIVITY]
[GOMF_GROWTH_FACTOR_ACTIVITY,GOMF_GROWTH_FACTOR_ACTIVITY] was killed by [GOMF_HORMONE_ACTIVITY,GOMF_HORMONE_ACTIVITY]
[GOMF_TRANSCRIPTION_COREPRESSOR_ACTIVITY,GOMF_TRANSCRIPTION_COREPRESSOR_ACTIVITY] was killed by [GOMF_S_ADENOSYLMETHIONINE_DEPENDENT_METHYLTRANSFERASE_ACTIVITY,GOMF_S_ADENOSYLMETHIONINE_DEPENDENT_METHYLTRANSFERASE_ACTIVITY]
[GOMF_MODIFICATION_DEPENDENT_PROTEIN_BINDING,GOMF_MODIFICATION_DEPENDENT_PROTEIN_BINDING] was killed by [GOMF_S_ADENOSYLMETHIONINE_DEPENDENT_METHYLTRANSFERASE_ACTIVITY,GOMF_S_ADENOSYLMETHIONINE_DEPENDENT_METHYLTRANSFERASE_ACTIVITY]
[GOMF_IRON_ION_BINDING,GOMF_IRON_ION_BINDING] was killed by [GOMF_ISOMERASE_ACTIVITY,GOMF_ISOMERASE_ACTIVITY]
[GOMF_VOLTAGE_GATED_POTASSIUM_CHANNEL_ACTIVITY,GOMF_VOLTAGE_GATED_POTASSIUM_CHANNEL_ACTIVITY] was killed by [GOMF_VOLTAGE_GATED_ION_CHANNEL_ACTIVITY,GOMF_VOLTAGE_GATED_ION_CHANNEL_ACTIVITY]
[GOMF_SODIUM_ION_TRANSMEMBRANE_TRANSPORTER_ACTIVITY,GOMF_SODIUM_ION_TRANSMEMBRANE_TRANSPORTER_ACTIVITY] was killed by [GOMF_VOLTAGE_GATED_ION_CHANNEL_ACTIVITY,GOMF_VOLTAGE_GATED_ION_CHANNEL_ACTIVITY]
[GOMF_EXTRACELLULAR_MATRIX_STRUCTURAL_CONSTITUENT,GOMF_EXTRACELLULAR_MATRIX_STRUCTURAL_CONSTITUENT] was killed by [GOMF_HEPARIN_BINDING,GOMF_HEPARIN_BINDING]
[GOMF_ENDONUCLEASE_ACTIVITY,GOMF_ENDONUCLEASE_ACTIVITY] was killed by [GOMF_RIBONUCLEOPROTEIN_COMPLEX_BINDING,GOMF_RIBONUCLEOPROTEIN_COMPLEX_BINDING]
[GOMF_SERINE_HYDROLASE_ACTIVITY,GOMF_SERINE_HYDROLASE_ACTIVITY] was killed by [GOMF_HEPARIN_BINDING,GOMF_HEPARIN_BINDING]
[GOMF_NUCLEOTIDYLTRANSFERASE_ACTIVITY,GOMF_NUCLEOTIDYLTRANSFERASE_ACTIVITY] was killed by [GOMF_NUCLEASE_ACTIVITY,GOMF_NUCLEASE_ACTIVITY]
[GOMF_EXORIBONUCLEASE_ACTIVITY,GOMF_EXORIBONUCLEASE_ACTIVITY] was killed by [GOMF_NUCLEASE_ACTIVITY,GOMF_NUCLEASE_ACTIVITY]
[GOMF_RNA_HELICASE_ACTIVITY,GOMF_RNA_HELICASE_ACTIVITY] was killed by [GOMF_RIBONUCLEOPROTEIN_COMPLEX_BINDING,GOMF_RIBONUCLEOPROTEIN_COMPLEX_BINDING]
[GOMF_NEUROPEPTIDE_HORMONE_ACTIVITY,GOMF_NEUROPEPTIDE_HORMONE_ACTIVITY] was killed by [GOMF_HORMONE_ACTIVITY,GOMF_HORMONE_ACTIVITY]
[GOMF_LIGASE_ACTIVITY_FORMING_CARBON_OXYGEN_BONDS,GOMF_LIGASE_ACTIVITY_FORMING_CARBON_OXYGEN_BONDS] was killed by [GOMF_LIGASE_ACTIVITY,GOMF_LIGASE_ACTIVITY]
[GOMF_TRANSLATION_INITIATION_FACTOR_ACTIVITY,GOMF_TRANSLATION_INITIATION_FACTOR_ACTIVITY] was killed by [GOMF_RIBONUCLEOPROTEIN_COMPLEX_BINDING,GOMF_RIBONUCLEOPROTEIN_COMPLEX_BINDING]
[GOMF_PROTEIN_METHYLTRANSFERASE_ACTIVITY,GOMF_PROTEIN_METHYLTRANSFERASE_ACTIVITY] was killed by [GOMF_S_ADENOSYLMETHIONINE_DEPENDENT_METHYLTRANSFERASE_ACTIVITY,GOMF_S_ADENOSYLMETHIONINE_DEPENDENT_METHYLTRANSFERASE_ACTIVITY]
[GOMF_NEUROPEPTIDE_RECEPTOR_ACTIVITY,GOMF_NEUROPEPTIDE_RECEPTOR_ACTIVITY] was killed by [GOMF_PEPTIDE_RECEPTOR_ACTIVITY,GOMF_PEPTIDE_RECEPTOR_ACTIVITY]
[GOMF_NAD_P_H_DEHYDROGENASE_QUINONE_ACTIVITY,GOMF_NAD_P_H_DEHYDROGENASE_QUINONE_ACTIVITY] was killed by [GOMF_ELECTRON_TRANSFER_ACTIVITY,GOMF_ELECTRON_TRANSFER_ACTIVITY]
[GOMF_P53_BINDING,GOMF_P53_BINDING] was killed by [GOMF_S_ADENOSYLMETHIONINE_DEPENDENT_METHYLTRANSFERASE_ACTIVITY,GOMF_S_ADENOSYLMETHIONINE_DEPENDENT_METHYLTRANSFERASE_ACTIVITY]
[GOMF_UBIQUITIN_BINDING,GOMF_UBIQUITIN_BINDING] was killed by [GOMF_UBIQUITIN_LIKE_PROTEIN_BINDING,GOMF_UBIQUITIN_LIKE_PROTEIN_BINDING]
[GOMF_PROTEIN_C_TERMINUS_BINDING,GOMF_PROTEIN_C_TERMINUS_BINDING] was killed by [GOMF_PHOSPHATASE_BINDING,GOMF_PHOSPHATASE_BINDING]
[GOMF_ENDOPEPTIDASE_REGULATOR_ACTIVITY,GOMF_ENDOPEPTIDASE_REGULATOR_ACTIVITY] was killed by [GOMF_HEPARIN_BINDING,GOMF_HEPARIN_BINDING]
[GOMF_N_METHYLTRANSFERASE_ACTIVITY,GOMF_N_METHYLTRANSFERASE_ACTIVITY] was killed by [GOMF_S_ADENOSYLMETHIONINE_DEPENDENT_METHYLTRANSFERASE_ACTIVITY,GOMF_S_ADENOSYLMETHIONINE_DEPENDENT_METHYLTRANSFERASE_ACTIVITY]
[GOMF_NUCLEAR_HORMONE_RECEPTOR_BINDING,GOMF_NUCLEAR_HORMONE_RECEPTOR_BINDING] was killed by [GOMF_ACETYLTRANSFERASE_ACTIVITY,GOMF_ACETYLTRANSFERASE_ACTIVITY]
[GOMF_DNA_DEPENDENT_ATPASE_ACTIVITY,GOMF_DNA_DEPENDENT_ATPASE_ACTIVITY] was killed by [GOMF_NUCLEOSOME_BINDING,GOMF_NUCLEOSOME_BINDING]
[GOMF_UBIQUITIN_PROTEIN_TRANSFERASE_REGULATOR_ACTIVITY,GOMF_UBIQUITIN_PROTEIN_TRANSFERASE_REGULATOR_ACTIVITY] was killed by [GOMF_STRUCTURAL_CONSTITUENT_OF_RIBOSOME,GOMF_STRUCTURAL_CONSTITUENT_OF_RIBOSOME]
[GOMF_PEPTIDE_HORMONE_BINDING,GOMF_PEPTIDE_HORMONE_BINDING] was killed by [GOMF_PEPTIDE_RECEPTOR_ACTIVITY,GOMF_PEPTIDE_RECEPTOR_ACTIVITY]
[GOMF_POSTSYNAPTIC_NEUROTRANSMITTER_RECEPTOR_ACTIVITY,GOMF_POSTSYNAPTIC_NEUROTRANSMITTER_RECEPTOR_ACTIVITY] was killed by [GOMF_G_PROTEIN_COUPLED_AMINE_RECEPTOR_ACTIVITY,GOMF_G_PROTEIN_COUPLED_AMINE_RECEPTOR_ACTIVITY]
[GOMF_INORGANIC_ANION_TRANSMEMBRANE_TRANSPORTER_ACTIVITY,GOMF_INORGANIC_ANION_TRANSMEMBRANE_TRANSPORTER_ACTIVITY] was killed by [GOMF_VOLTAGE_GATED_ION_CHANNEL_ACTIVITY,GOMF_VOLTAGE_GATED_ION_CHANNEL_ACTIVITY]
[GOMF_EXONUCLEASE_ACTIVITY_ACTIVE_WITH_EITHER_RIBO_OR_DEOXYRIBONUCLEIC_ACIDS_AND_PRODUCING_5_PHOSPHOMONOESTERS,GOMF_EXONUCLEASE_ACTIVITY_ACTIVE_WITH_EITHER_RIBO_OR_DEOXYRIBONUCLEIC_ACIDS_AND_PRODUCING_5_PHOSPHOMONOESTERS] was killed by [GOMF_NUCLEASE_ACTIVITY,GOMF_NUCLEASE_ACTIVITY]
[GOMF_SERINE_TYPE_ENDOPEPTIDASE_INHIBITOR_ACTIVITY,GOMF_SERINE_TYPE_ENDOPEPTIDASE_INHIBITOR_ACTIVITY] was killed by [GOMF_HEPARIN_BINDING,GOMF_HEPARIN_BINDING]
[GOMF_OXIDOREDUCTASE_ACTIVITY_ACTING_ON_THE_CH_NH2_GROUP_OF_DONORS_OXYGEN_AS_ACCEPTOR,GOMF_OXIDOREDUCTASE_ACTIVITY_ACTING_ON_THE_CH_NH2_GROUP_OF_DONORS_OXYGEN_AS_ACCEPTOR] was killed by [GOMF_ELECTRON_TRANSFER_ACTIVITY,GOMF_ELECTRON_TRANSFER_ACTIVITY]
[GOMF_PROTEIN_TYROSINE_KINASE_ACTIVITY,GOMF_PROTEIN_TYROSINE_KINASE_ACTIVITY] was killed by [GOMF_HEPARIN_BINDING,GOMF_HEPARIN_BINDING]
[GOMF_ION_GATED_CHANNEL_ACTIVITY,GOMF_ION_GATED_CHANNEL_ACTIVITY] was killed by [GOMF_VOLTAGE_GATED_ION_CHANNEL_ACTIVITY,GOMF_VOLTAGE_GATED_ION_CHANNEL_ACTIVITY]
[GOMF_TRANSMEMBRANE_RECEPTOR_PROTEIN_TYROSINE_KINASE_ACTIVITY,GOMF_TRANSMEMBRANE_RECEPTOR_PROTEIN_TYROSINE_KINASE_ACTIVITY] was killed by [GOMF_HEPARIN_BINDING,GOMF_HEPARIN_BINDING]
[GOMF_CHEMOKINE_RECEPTOR_BINDING,GOMF_CHEMOKINE_RECEPTOR_BINDING] was killed by [GOMF_HEPARIN_BINDING,GOMF_HEPARIN_BINDING]
[GOMF_PEPTIDE_N_ACETYLTRANSFERASE_ACTIVITY,GOMF_PEPTIDE_N_ACETYLTRANSFERASE_ACTIVITY] was killed by [GOMF_ACETYLTRANSFERASE_ACTIVITY,GOMF_ACETYLTRANSFERASE_ACTIVITY]
[GOMF_LYSINE_N_METHYLTRANSFERASE_ACTIVITY,GOMF_LYSINE_N_METHYLTRANSFERASE_ACTIVITY] was killed by [GOMF_S_ADENOSYLMETHIONINE_DEPENDENT_METHYLTRANSFERASE_ACTIVITY,GOMF_S_ADENOSYLMETHIONINE_DEPENDENT_METHYLTRANSFERASE_ACTIVITY]
[GOMF_TRANSMITTER_GATED_CHANNEL_ACTIVITY,GOMF_TRANSMITTER_GATED_CHANNEL_ACTIVITY] was killed by [GOMF_VOLTAGE_GATED_ION_CHANNEL_ACTIVITY,GOMF_VOLTAGE_GATED_ION_CHANNEL_ACTIVITY]
[GOMF_SEROTONIN_RECEPTOR_ACTIVITY,GOMF_SEROTONIN_RECEPTOR_ACTIVITY] was killed by [GOMF_G_PROTEIN_COUPLED_AMINE_RECEPTOR_ACTIVITY,GOMF_G_PROTEIN_COUPLED_AMINE_RECEPTOR_ACTIVITY]
[GOMF_BASAL_TRANSCRIPTION_MACHINERY_BINDING,GOMF_BASAL_TRANSCRIPTION_MACHINERY_BINDING] was killed by [GOMF_S_ADENOSYLMETHIONINE_DEPENDENT_METHYLTRANSFERASE_ACTIVITY,GOMF_S_ADENOSYLMETHIONINE_DEPENDENT_METHYLTRANSFERASE_ACTIVITY]
[GOMF_INTEGRIN_BINDING,GOMF_INTEGRIN_BINDING] was killed by [GOMF_HEPARIN_BINDING,GOMF_HEPARIN_BINDING]
[GOMF_CHEMOKINE_ACTIVITY,GOMF_CHEMOKINE_ACTIVITY] was killed by [GOMF_HEPARIN_BINDING,GOMF_HEPARIN_BINDING]
[GOMF_2_OXOGLUTARATE_DEPENDENT_DIOXYGENASE_ACTIVITY,GOMF_2_OXOGLUTARATE_DEPENDENT_DIOXYGENASE_ACTIVITY] was killed by [GOMF_OXYGEN_BINDING,GOMF_OXYGEN_BINDING]
[GOMF_CCR_CHEMOKINE_RECEPTOR_BINDING,GOMF_CCR_CHEMOKINE_RECEPTOR_BINDING] was killed by [GOMF_HEPARIN_BINDING,GOMF_HEPARIN_BINDING]
[GOMF_ENDORIBONUCLEASE_ACTIVITY,GOMF_ENDORIBONUCLEASE_ACTIVITY] was killed by [GOMF_RIBONUCLEOPROTEIN_COMPLEX_BINDING,GOMF_RIBONUCLEOPROTEIN_COMPLEX_BINDING]
[GOMF_ANION_CHANNEL_ACTIVITY,GOMF_ANION_CHANNEL_ACTIVITY] was killed by [GOMF_VOLTAGE_GATED_ION_CHANNEL_ACTIVITY,GOMF_VOLTAGE_GATED_ION_CHANNEL_ACTIVITY]
[GOMF_OXIDOREDUCTASE_ACTIVITY_ACTING_ON_NAD_P_H_QUINONE_OR_SIMILAR_COMPOUND_AS_ACCEPTOR,GOMF_OXIDOREDUCTASE_ACTIVITY_ACTING_ON_NAD_P_H_QUINONE_OR_SIMILAR_COMPOUND_AS_ACCEPTOR] was killed by [GOMF_ELECTRON_TRANSFER_ACTIVITY,GOMF_ELECTRON_TRANSFER_ACTIVITY]
[GOMF_PEPTIDE_LYSINE_N_ACETYLTRANSFERASE_ACTIVITY,GOMF_PEPTIDE_LYSINE_N_ACETYLTRANSFERASE_ACTIVITY] was killed by [GOMF_ACETYLTRANSFERASE_ACTIVITY,GOMF_ACETYLTRANSFERASE_ACTIVITY]
[GOMF_TELOMERIC_DNA_BINDING,GOMF_TELOMERIC_DNA_BINDING] was killed by [GOMF_NUCLEASE_ACTIVITY,GOMF_NUCLEASE_ACTIVITY]
[GOMF_HISTONE_DEACETYLASE_BINDING,GOMF_HISTONE_DEACETYLASE_BINDING] was killed by [GOMF_UBIQUITIN_LIKE_PROTEIN_BINDING,GOMF_UBIQUITIN_LIKE_PROTEIN_BINDING]
[GOMF_ATPASE_ACTIVITY_COUPLED_TO_TRANSMEMBRANE_MOVEMENT_OF_IONS_ROTATIONAL_MECHANISM,GOMF_ATPASE_ACTIVITY_COUPLED_TO_TRANSMEMBRANE_MOVEMENT_OF_IONS_ROTATIONAL_MECHANISM] was killed by [GOMF_LIGASE_ACTIVITY,GOMF_LIGASE_ACTIVITY]
[GOMF_GTP_DEPENDENT_PROTEIN_BINDING,GOMF_GTP_DEPENDENT_PROTEIN_BINDING] was killed by [GOMF_GUANYL_NUCLEOTIDE_EXCHANGE_FACTOR_ACTIVITY,GOMF_GUANYL_NUCLEOTIDE_EXCHANGE_FACTOR_ACTIVITY]
[GOMF_TRANSCRIPTION_COREGULATOR_BINDING,GOMF_TRANSCRIPTION_COREGULATOR_BINDING] was killed by [GOMF_S_ADENOSYLMETHIONINE_DEPENDENT_METHYLTRANSFERASE_ACTIVITY,GOMF_S_ADENOSYLMETHIONINE_DEPENDENT_METHYLTRANSFERASE_ACTIVITY]
[GOMF_TELOMERASE_RNA_BINDING,GOMF_TELOMERASE_RNA_BINDING] was killed by [GOMF_RIBONUCLEOPROTEIN_COMPLEX_BINDING,GOMF_RIBONUCLEOPROTEIN_COMPLEX_BINDING]
[GOMF_ENDONUCLEASE_ACTIVITY_ACTIVE_WITH_EITHER_RIBO_OR_DEOXYRIBONUCLEIC_ACIDS_AND_PRODUCING_5_PHOSPHOMONOESTERS,GOMF_ENDONUCLEASE_ACTIVITY_ACTIVE_WITH_EITHER_RIBO_OR_DEOXYRIBONUCLEIC_ACIDS_AND_PRODUCING_5_PHOSPHOMONOESTERS] was killed by [GOMF_NUCLEASE_ACTIVITY,GOMF_NUCLEASE_ACTIVITY]
[GOMF_NUCLEAR_RECEPTOR_COACTIVATOR_ACTIVITY,GOMF_NUCLEAR_RECEPTOR_COACTIVATOR_ACTIVITY] was killed by [GOMF_ACETYLTRANSFERASE_ACTIVITY,GOMF_ACETYLTRANSFERASE_ACTIVITY]
[GOMF_GLUCURONOSYLTRANSFERASE_ACTIVITY,GOMF_GLUCURONOSYLTRANSFERASE_ACTIVITY] was killed by [GOMF_ISOPRENOID_BINDING,GOMF_ISOPRENOID_BINDING]
[GOMF_LIGAND_GATED_CATION_CHANNEL_ACTIVITY,GOMF_LIGAND_GATED_CATION_CHANNEL_ACTIVITY] was killed by [GOMF_VOLTAGE_GATED_ION_CHANNEL_ACTIVITY,GOMF_VOLTAGE_GATED_ION_CHANNEL_ACTIVITY]
[GOMF_PHOSPHATIDYLINOSITOL_3_KINASE_BINDING,GOMF_PHOSPHATIDYLINOSITOL_3_KINASE_BINDING] was killed by [GOMF_PHOSPHATASE_BINDING,GOMF_PHOSPHATASE_BINDING]
[GOMF_CALCIUM_ACTIVATED_CATION_CHANNEL_ACTIVITY,GOMF_CALCIUM_ACTIVATED_CATION_CHANNEL_ACTIVITY] was killed by [GOMF_VOLTAGE_GATED_ION_CHANNEL_ACTIVITY,GOMF_VOLTAGE_GATED_ION_CHANNEL_ACTIVITY]
[GOMF_MONOOXYGENASE_ACTIVITY,GOMF_MONOOXYGENASE_ACTIVITY] was killed by [GOMF_OXYGEN_BINDING,GOMF_OXYGEN_BINDING]
[GOMF_ENDORIBONUCLEASE_ACTIVITY_PRODUCING_5_PHOSPHOMONOESTERS,GOMF_ENDORIBONUCLEASE_ACTIVITY_PRODUCING_5_PHOSPHOMONOESTERS] was killed by [GOMF_NUCLEASE_ACTIVITY,GOMF_NUCLEASE_ACTIVITY]
[GOMF_DOUBLE_STRANDED_RNA_BINDING,GOMF_DOUBLE_STRANDED_RNA_BINDING] was killed by [GOMF_RIBONUCLEOPROTEIN_COMPLEX_BINDING,GOMF_RIBONUCLEOPROTEIN_COMPLEX_BINDING]
[GOMF_O_METHYLTRANSFERASE_ACTIVITY,GOMF_O_METHYLTRANSFERASE_ACTIVITY] was killed by [GOMF_S_ADENOSYLMETHIONINE_DEPENDENT_METHYLTRANSFERASE_ACTIVITY,GOMF_S_ADENOSYLMETHIONINE_DEPENDENT_METHYLTRANSFERASE_ACTIVITY]
[GOMF_AMINE_BINDING,GOMF_AMINE_BINDING] was killed by [GOMF_G_PROTEIN_COUPLED_AMINE_RECEPTOR_ACTIVITY,GOMF_G_PROTEIN_COUPLED_AMINE_RECEPTOR_ACTIVITY]
[GOMF_HORMONE_BINDING,GOMF_HORMONE_BINDING] was killed by [GOMF_PEPTIDE_RECEPTOR_ACTIVITY,GOMF_PEPTIDE_RECEPTOR_ACTIVITY]
[GOMF_METHYLATED_HISTONE_BINDING,GOMF_METHYLATED_HISTONE_BINDING] was killed by [GOMF_S_ADENOSYLMETHIONINE_DEPENDENT_METHYLTRANSFERASE_ACTIVITY,GOMF_S_ADENOSYLMETHIONINE_DEPENDENT_METHYLTRANSFERASE_ACTIVITY]
[GOMF_SCAVENGER_RECEPTOR_ACTIVITY,GOMF_SCAVENGER_RECEPTOR_ACTIVITY] was killed by [GOMF_CARGO_RECEPTOR_ACTIVITY,GOMF_CARGO_RECEPTOR_ACTIVITY]
[GOMF_SNAP_RECEPTOR_ACTIVITY,GOMF_SNAP_RECEPTOR_ACTIVITY] was killed by [GOMF_SNARE_BINDING,GOMF_SNARE_BINDING]
[GOMF_TRANSLATION_ELONGATION_FACTOR_ACTIVITY,GOMF_TRANSLATION_ELONGATION_FACTOR_ACTIVITY] was killed by [GOMF_RIBONUCLEOPROTEIN_COMPLEX_BINDING,GOMF_RIBONUCLEOPROTEIN_COMPLEX_BINDING]
[GOMF_STEROID_HYDROXYLASE_ACTIVITY,GOMF_STEROID_HYDROXYLASE_ACTIVITY] was killed by [GOMF_OXYGEN_BINDING,GOMF_OXYGEN_BINDING]
[GOMF_NEUROTRANSMITTER_RECEPTOR_ACTIVITY_INVOLVED_IN_REGULATION_OF_POSTSYNAPTIC_MEMBRANE_POTENTIAL,GOMF_NEUROTRANSMITTER_RECEPTOR_ACTIVITY_INVOLVED_IN_REGULATION_OF_POSTSYNAPTIC_MEMBRANE_POTENTIAL] was killed by [GOMF_G_PROTEIN_COUPLED_AMINE_RECEPTOR_ACTIVITY,GOMF_G_PROTEIN_COUPLED_AMINE_RECEPTOR_ACTIVITY]
[GOMF_ACTININ_BINDING,GOMF_ACTININ_BINDING] was killed by [GOMF_VOLTAGE_GATED_ION_CHANNEL_ACTIVITY,GOMF_VOLTAGE_GATED_ION_CHANNEL_ACTIVITY]
[GOMF_RNA_POLYMERASE_CORE_ENZYME_BINDING,GOMF_RNA_POLYMERASE_CORE_ENZYME_BINDING] was killed by [GOMF_RNA_POLYMERASE_BINDING,GOMF_RNA_POLYMERASE_BINDING]
[GOMF_HSP90_PROTEIN_BINDING,GOMF_HSP90_PROTEIN_BINDING] was killed by [GOMF_PHOSPHATASE_BINDING,GOMF_PHOSPHATASE_BINDING]
[GOMF_SINGLE_STRANDED_RNA_BINDING,GOMF_SINGLE_STRANDED_RNA_BINDING] was killed by [GOMF_RIBONUCLEOPROTEIN_COMPLEX_BINDING,GOMF_RIBONUCLEOPROTEIN_COMPLEX_BINDING]
[GOMF_HAPTOGLOBIN_BINDING,GOMF_HAPTOGLOBIN_BINDING] was killed by [GOMF_OXYGEN_BINDING,GOMF_OXYGEN_BINDING]
[GOMF_EXTRACELLULAR_LIGAND_GATED_ION_CHANNEL_ACTIVITY,GOMF_EXTRACELLULAR_LIGAND_GATED_ION_CHANNEL_ACTIVITY] was killed by [GOMF_VOLTAGE_GATED_ION_CHANNEL_ACTIVITY,GOMF_VOLTAGE_GATED_ION_CHANNEL_ACTIVITY]
[GOMF_PROTON_TRANSPORTING_ATP_SYNTHASE_ACTIVITY_ROTATIONAL_MECHANISM,GOMF_PROTON_TRANSPORTING_ATP_SYNTHASE_ACTIVITY_ROTATIONAL_MECHANISM] was killed by [GOMF_LIGASE_ACTIVITY,GOMF_LIGASE_ACTIVITY]
[GOMF_LIGAND_GATED_ANION_CHANNEL_ACTIVITY,GOMF_LIGAND_GATED_ANION_CHANNEL_ACTIVITY] was killed by [GOMF_GABA_RECEPTOR_ACTIVITY,GOMF_GABA_RECEPTOR_ACTIVITY]
[GOMF_OXIDOREDUCTASE_ACTIVITY_ACTING_ON_THE_CH_CH_GROUP_OF_DONORS,GOMF_OXIDOREDUCTASE_ACTIVITY_ACTING_ON_THE_CH_CH_GROUP_OF_DONORS] was killed by [GOMF_ELECTRON_TRANSFER_ACTIVITY,GOMF_ELECTRON_TRANSFER_ACTIVITY]
[GOMF_GLUTAMATE_RECEPTOR_ACTIVITY,GOMF_GLUTAMATE_RECEPTOR_ACTIVITY] was killed by [GOMF_VOLTAGE_GATED_ION_CHANNEL_ACTIVITY,GOMF_VOLTAGE_GATED_ION_CHANNEL_ACTIVITY]
[GOMF_POLYSACCHARIDE_BINDING,GOMF_POLYSACCHARIDE_BINDING] was killed by [GOMF_ANTIGEN_BINDING,GOMF_ANTIGEN_BINDING]
[GOMF_OXIDOREDUCTASE_ACTIVITY_ACTING_ON_THE_CH_NH2_GROUP_OF_DONORS,GOMF_OXIDOREDUCTASE_ACTIVITY_ACTING_ON_THE_CH_NH2_GROUP_OF_DONORS] was killed by [GOMF_ELECTRON_TRANSFER_ACTIVITY,GOMF_ELECTRON_TRANSFER_ACTIVITY]
[GOMF_PROTEIN_SERINE_THREONINE_TYROSINE_KINASE_ACTIVITY,GOMF_PROTEIN_SERINE_THREONINE_TYROSINE_KINASE_ACTIVITY] was killed by [GOMF_PHOSPHATASE_BINDING,GOMF_PHOSPHATASE_BINDING]
[GOMF_MISMATCHED_DNA_BINDING,GOMF_MISMATCHED_DNA_BINDING] was killed by [GOMF_NUCLEASE_ACTIVITY,GOMF_NUCLEASE_ACTIVITY]
[GOMF_OXYGEN_CARRIER_ACTIVITY,GOMF_OXYGEN_CARRIER_ACTIVITY] was killed by [GOMF_OXYGEN_BINDING,GOMF_OXYGEN_BINDING]
[GOMF_DIOXYGENASE_ACTIVITY,GOMF_DIOXYGENASE_ACTIVITY] was killed by [GOMF_ISOMERASE_ACTIVITY,GOMF_ISOMERASE_ACTIVITY]
[GOMF_TRACE_AMINE_RECEPTOR_ACTIVITY,GOMF_TRACE_AMINE_RECEPTOR_ACTIVITY] was killed by [GOMF_G_PROTEIN_COUPLED_AMINE_RECEPTOR_ACTIVITY,GOMF_G_PROTEIN_COUPLED_AMINE_RECEPTOR_ACTIVITY]
[GOMF_CYTOKINE_BINDING,GOMF_CYTOKINE_BINDING] was killed by [GOMF_HEPARIN_BINDING,GOMF_HEPARIN_BINDING]
[GOMF_CORE_PROMOTER_SEQUENCE_SPECIFIC_DNA_BINDING,GOMF_CORE_PROMOTER_SEQUENCE_SPECIFIC_DNA_BINDING] was killed by [GOMF_RNA_POLYMERASE_BINDING,GOMF_RNA_POLYMERASE_BINDING]
[GOMF_NEUROPEPTIDE_BINDING,GOMF_NEUROPEPTIDE_BINDING] was killed by [GOMF_PEPTIDE_RECEPTOR_ACTIVITY,GOMF_PEPTIDE_RECEPTOR_ACTIVITY]
[GOMF_DELAYED_RECTIFIER_POTASSIUM_CHANNEL_ACTIVITY,GOMF_DELAYED_RECTIFIER_POTASSIUM_CHANNEL_ACTIVITY] was killed by [GOMF_VOLTAGE_GATED_ION_CHANNEL_ACTIVITY,GOMF_VOLTAGE_GATED_ION_CHANNEL_ACTIVITY]
[GOMF_DAMAGED_DNA_BINDING,GOMF_DAMAGED_DNA_BINDING] was killed by [GOMF_NUCLEASE_ACTIVITY,GOMF_NUCLEASE_ACTIVITY]
[GOMF_STEROID_HORMONE_RECEPTOR_BINDING,GOMF_STEROID_HORMONE_RECEPTOR_BINDING] was killed by [GOMF_ACETYLTRANSFERASE_ACTIVITY,GOMF_ACETYLTRANSFERASE_ACTIVITY]
[GOMF_ORGANIC_HYDROXY_COMPOUND_TRANSMEMBRANE_TRANSPORTER_ACTIVITY,GOMF_ORGANIC_HYDROXY_COMPOUND_TRANSMEMBRANE_TRANSPORTER_ACTIVITY] was killed by [GOMF_ISOPRENOID_BINDING,GOMF_ISOPRENOID_BINDING]
[GOMF_LYSOPHOSPHOLIPID_ACYLTRANSFERASE_ACTIVITY,GOMF_LYSOPHOSPHOLIPID_ACYLTRANSFERASE_ACTIVITY] was killed by [GOMF_ACETYLTRANSFERASE_ACTIVITY,GOMF_ACETYLTRANSFERASE_ACTIVITY]
[GOMF_ENDODEOXYRIBONUCLEASE_ACTIVITY,GOMF_ENDODEOXYRIBONUCLEASE_ACTIVITY] was killed by [GOMF_NUCLEASE_ACTIVITY,GOMF_NUCLEASE_ACTIVITY]
[GOMF_OXIDOREDUCTASE_ACTIVITY_ACTING_ON_NAD_P_H,GOMF_OXIDOREDUCTASE_ACTIVITY_ACTING_ON_NAD_P_H] was killed by [GOMF_ELECTRON_TRANSFER_ACTIVITY,GOMF_ELECTRON_TRANSFER_ACTIVITY]
[GOMF_PROTEIN_DEACETYLASE_ACTIVITY,GOMF_PROTEIN_DEACETYLASE_ACTIVITY] was killed by [GOMF_UBIQUITIN_LIKE_PROTEIN_BINDING,GOMF_UBIQUITIN_LIKE_PROTEIN_BINDING]
[GOMF_SEMAPHORIN_RECEPTOR_BINDING,GOMF_SEMAPHORIN_RECEPTOR_BINDING] was killed by [GOMF_CHEMOREPELLENT_ACTIVITY,GOMF_CHEMOREPELLENT_ACTIVITY]
[GOMF_OXIDOREDUCTASE_ACTIVITY_ACTING_ON_A_SULFUR_GROUP_OF_DONORS,GOMF_OXIDOREDUCTASE_ACTIVITY_ACTING_ON_A_SULFUR_GROUP_OF_DONORS] was killed by [GOMF_ISOMERASE_ACTIVITY,GOMF_ISOMERASE_ACTIVITY]
[GOMF_SOLUTE_SODIUM_SYMPORTER_ACTIVITY,GOMF_SOLUTE_SODIUM_SYMPORTER_ACTIVITY] was killed by [GOMF_ORGANIC_ACID_SODIUM_SYMPORTER_ACTIVITY,GOMF_ORGANIC_ACID_SODIUM_SYMPORTER_ACTIVITY]
[GOMF_TRANSMEMBRANE_RECEPTOR_PROTEIN_KINASE_ACTIVITY,GOMF_TRANSMEMBRANE_RECEPTOR_PROTEIN_KINASE_ACTIVITY] was killed by [GOMF_HEPARIN_BINDING,GOMF_HEPARIN_BINDING]
[GOMF_GROWTH_FACTOR_BINDING,GOMF_GROWTH_FACTOR_BINDING] was killed by [GOMF_HEPARIN_BINDING,GOMF_HEPARIN_BINDING]
[GOMF_RACEMASE_AND_EPIMERASE_ACTIVITY,GOMF_RACEMASE_AND_EPIMERASE_ACTIVITY] was killed by [GOMF_ISOMERASE_ACTIVITY,GOMF_ISOMERASE_ACTIVITY]
[GOMF_ARACHIDONIC_ACID_EPOXYGENASE_ACTIVITY,GOMF_ARACHIDONIC_ACID_EPOXYGENASE_ACTIVITY] was killed by [GOMF_ISOMERASE_ACTIVITY,GOMF_ISOMERASE_ACTIVITY]
[GOMF_PROTEIN_LIPID_COMPLEX_BINDING,GOMF_PROTEIN_LIPID_COMPLEX_BINDING] was killed by [GOMF_HEPARIN_BINDING,GOMF_HEPARIN_BINDING]
[GOMF_INWARD_RECTIFIER_POTASSIUM_CHANNEL_ACTIVITY,GOMF_INWARD_RECTIFIER_POTASSIUM_CHANNEL_ACTIVITY] was killed by [GOMF_VOLTAGE_GATED_ION_CHANNEL_ACTIVITY,GOMF_VOLTAGE_GATED_ION_CHANNEL_ACTIVITY]
[GOMF_PHOSPHATIDYLINOSITOL_3_KINASE_REGULATOR_ACTIVITY,GOMF_PHOSPHATIDYLINOSITOL_3_KINASE_REGULATOR_ACTIVITY] was killed by [GOMF_PHOSPHATASE_BINDING,GOMF_PHOSPHATASE_BINDING]
[GOMF_PROTEIN_PHOSPHATASE_BINDING,GOMF_PROTEIN_PHOSPHATASE_BINDING] was killed by [GOMF_PHOSPHATASE_BINDING,GOMF_PHOSPHATASE_BINDING]
[GOMF_MHC_PROTEIN_COMPLEX_BINDING,GOMF_MHC_PROTEIN_COMPLEX_BINDING] was killed by [GOMF_ANTIGEN_BINDING,GOMF_ANTIGEN_BINDING]
[GOMF_TETRAPYRROLE_BINDING,GOMF_TETRAPYRROLE_BINDING] was killed by [GOMF_ISOMERASE_ACTIVITY,GOMF_ISOMERASE_ACTIVITY]
[GOMF_ANION_SODIUM_SYMPORTER_ACTIVITY,GOMF_ANION_SODIUM_SYMPORTER_ACTIVITY] was killed by [GOMF_ORGANIC_ACID_SODIUM_SYMPORTER_ACTIVITY,GOMF_ORGANIC_ACID_SODIUM_SYMPORTER_ACTIVITY]
[GOMF_LYSOPHOSPHATIDIC_ACID_ACYLTRANSFERASE_ACTIVITY,GOMF_LYSOPHOSPHATIDIC_ACID_ACYLTRANSFERASE_ACTIVITY] was killed by [GOMF_ACETYLTRANSFERASE_ACTIVITY,GOMF_ACETYLTRANSFERASE_ACTIVITY]
[GOMF_MISFOLDED_PROTEIN_BINDING,GOMF_MISFOLDED_PROTEIN_BINDING] was killed by [GOMF_RIBONUCLEOPROTEIN_COMPLEX_BINDING,GOMF_RIBONUCLEOPROTEIN_COMPLEX_BINDING]
[GOMF_OXIDOREDUCTASE_ACTIVITY_ACTING_ON_CH_OR_CH2_GROUPS,GOMF_OXIDOREDUCTASE_ACTIVITY_ACTING_ON_CH_OR_CH2_GROUPS] was killed by [GOMF_ELECTRON_TRANSFER_ACTIVITY,GOMF_ELECTRON_TRANSFER_ACTIVITY]
[GOMF_4_IRON_4_SULFUR_CLUSTER_BINDING,GOMF_4_IRON_4_SULFUR_CLUSTER_BINDING] was killed by [GOMF_NUCLEASE_ACTIVITY,GOMF_NUCLEASE_ACTIVITY]
[GOMF_CYTOKINE_RECEPTOR_ACTIVITY,GOMF_CYTOKINE_RECEPTOR_ACTIVITY] was killed by [GOMF_PEPTIDE_RECEPTOR_ACTIVITY,GOMF_PEPTIDE_RECEPTOR_ACTIVITY]
[GOMF_TRNA_BINDING,GOMF_TRNA_BINDING] was killed by [GOMF_RIBONUCLEOPROTEIN_COMPLEX_BINDING,GOMF_RIBONUCLEOPROTEIN_COMPLEX_BINDING]
[GOMF_MRNA_METHYLTRANSFERASE_ACTIVITY,GOMF_MRNA_METHYLTRANSFERASE_ACTIVITY] was killed by [GOMF_S_ADENOSYLMETHIONINE_DEPENDENT_METHYLTRANSFERASE_ACTIVITY,GOMF_S_ADENOSYLMETHIONINE_DEPENDENT_METHYLTRANSFERASE_ACTIVITY]
[GOMF_OXIDOREDUCTASE_ACTIVITY_ACTING_ON_PAIRED_DONORS_WITH_INCORPORATION_OR_REDUCTION_OF_MOLECULAR_OXYGEN_REDUCED_FLAVIN_OR_FLAVOPROTEIN_AS_ONE_DONOR_AND_INCORPORATION_OF_ONE_ATOM_OF_OXYGEN,GOMF_OXIDOREDUCTASE_ACTIVITY_ACTING_ON_PAIRED_DONORS_WITH_INCORPORATION_OR_REDUCTION_OF_MOLECULAR_OXYGEN_REDUCED_FLAVIN_OR_FLAVOPROTEIN_AS_ONE_DONOR_AND_INCORPORATION_OF_ONE_ATOM_OF_OXYGEN] was killed by [GOMF_OXYGEN_BINDING,GOMF_OXYGEN_BINDING]
[GOMF_OMEGA_PEPTIDASE_ACTIVITY,GOMF_OMEGA_PEPTIDASE_ACTIVITY] was killed by [GOMF_UBIQUITIN_LIKE_PROTEIN_BINDING,GOMF_UBIQUITIN_LIKE_PROTEIN_BINDING]
[GOMF_CYCLIN_DEPENDENT_PROTEIN_SERINE_THREONINE_KINASE_REGULATOR_ACTIVITY,GOMF_CYCLIN_DEPENDENT_PROTEIN_SERINE_THREONINE_KINASE_REGULATOR_ACTIVITY] was killed by [GOMF_RNA_POLYMERASE_BINDING,GOMF_RNA_POLYMERASE_BINDING]
[GOMF_CORECEPTOR_ACTIVITY,GOMF_CORECEPTOR_ACTIVITY] was killed by [GOMF_PEPTIDE_RECEPTOR_ACTIVITY,GOMF_PEPTIDE_RECEPTOR_ACTIVITY]
[GOMF_THYROID_HORMONE_RECEPTOR_BINDING,GOMF_THYROID_HORMONE_RECEPTOR_BINDING] was killed by [GOMF_ACETYLTRANSFERASE_ACTIVITY,GOMF_ACETYLTRANSFERASE_ACTIVITY]
[GOMF_REPRESSING_TRANSCRIPTION_FACTOR_BINDING,GOMF_REPRESSING_TRANSCRIPTION_FACTOR_BINDING] was killed by [GOMF_PHOSPHATASE_BINDING,GOMF_PHOSPHATASE_BINDING]
[GOMF_ALPHA_ACTININ_BINDING,GOMF_ALPHA_ACTININ_BINDING] was killed by [GOMF_VOLTAGE_GATED_ION_CHANNEL_ACTIVITY,GOMF_VOLTAGE_GATED_ION_CHANNEL_ACTIVITY]
[GOMF_RECEPTOR_SERINE_THREONINE_KINASE_BINDING,GOMF_RECEPTOR_SERINE_THREONINE_KINASE_BINDING] was killed by [GOMF_HORMONE_ACTIVITY,GOMF_HORMONE_ACTIVITY]
[GOMF_HEAT_SHOCK_PROTEIN_BINDING,GOMF_HEAT_SHOCK_PROTEIN_BINDING] was killed by [GOMF_S_ADENOSYLMETHIONINE_DEPENDENT_METHYLTRANSFERASE_ACTIVITY,GOMF_S_ADENOSYLMETHIONINE_DEPENDENT_METHYLTRANSFERASE_ACTIVITY]
[GOMF_MONOCARBOXYLIC_ACID_BINDING,GOMF_MONOCARBOXYLIC_ACID_BINDING] was killed by [GOMF_LIGASE_ACTIVITY,GOMF_LIGASE_ACTIVITY]
[GOMF_MONOCARBOXYLIC_ACID_TRANSMEMBRANE_TRANSPORTER_ACTIVITY,GOMF_MONOCARBOXYLIC_ACID_TRANSMEMBRANE_TRANSPORTER_ACTIVITY] was killed by [GOMF_ORGANIC_ACID_SODIUM_SYMPORTER_ACTIVITY,GOMF_ORGANIC_ACID_SODIUM_SYMPORTER_ACTIVITY]
[GOMF_CATALYTIC_ACTIVITY_ACTING_ON_A_RRNA,GOMF_CATALYTIC_ACTIVITY_ACTING_ON_A_RRNA] was killed by [GOMF_S_ADENOSYLMETHIONINE_DEPENDENT_METHYLTRANSFERASE_ACTIVITY,GOMF_S_ADENOSYLMETHIONINE_DEPENDENT_METHYLTRANSFERASE_ACTIVITY]
[GOMF_NUCLEAR_RECEPTOR_BINDING,GOMF_NUCLEAR_RECEPTOR_BINDING] was killed by [GOMF_ACETYLTRANSFERASE_ACTIVITY,GOMF_ACETYLTRANSFERASE_ACTIVITY]
[GOMF_MONOCARBOXYLATE_SODIUM_SYMPORTER_ACTIVITY,GOMF_MONOCARBOXYLATE_SODIUM_SYMPORTER_ACTIVITY] was killed by [GOMF_ORGANIC_ACID_SODIUM_SYMPORTER_ACTIVITY,GOMF_ORGANIC_ACID_SODIUM_SYMPORTER_ACTIVITY]
[GOMF_DEOXYRIBONUCLEASE_ACTIVITY,GOMF_DEOXYRIBONUCLEASE_ACTIVITY] was killed by [GOMF_NUCLEASE_ACTIVITY,GOMF_NUCLEASE_ACTIVITY]
[GOMF_N_ACETYLTRANSFERASE_ACTIVITY,GOMF_N_ACETYLTRANSFERASE_ACTIVITY] was killed by [GOMF_ACETYLTRANSFERASE_ACTIVITY,GOMF_ACETYLTRANSFERASE_ACTIVITY]
[GOMF_VOLTAGE_GATED_CHLORIDE_CHANNEL_ACTIVITY,GOMF_VOLTAGE_GATED_CHLORIDE_CHANNEL_ACTIVITY] was killed by [GOMF_VOLTAGE_GATED_ION_CHANNEL_ACTIVITY,GOMF_VOLTAGE_GATED_ION_CHANNEL_ACTIVITY]
[GOMF_DEMETHYLASE_ACTIVITY,GOMF_DEMETHYLASE_ACTIVITY] was killed by [GOMF_HISTONE_DEMETHYLASE_ACTIVITY_H3_K4_SPECIFIC,GOMF_HISTONE_DEMETHYLASE_ACTIVITY_H3_K4_SPECIFIC]
[GOMF_PHOSPHATIDYLSERINE_BINDING,GOMF_PHOSPHATIDYLSERINE_BINDING] was killed by [GOMF_SNARE_BINDING,GOMF_SNARE_BINDING]
[GOMF_CALCIUM_DEPENDENT_PHOSPHOLIPID_BINDING,GOMF_CALCIUM_DEPENDENT_PHOSPHOLIPID_BINDING] was killed by [GOMF_SNARE_BINDING,GOMF_SNARE_BINDING]
[GOMF_NUCLEOSOMAL_DNA_BINDING,GOMF_NUCLEOSOMAL_DNA_BINDING] was killed by [GOMF_NUCLEOSOME_BINDING,GOMF_NUCLEOSOME_BINDING]
[GOMF_GENERAL_TRANSCRIPTION_INITIATION_FACTOR_BINDING,GOMF_GENERAL_TRANSCRIPTION_INITIATION_FACTOR_BINDING] was killed by [GOMF_ACETYLTRANSFERASE_ACTIVITY,GOMF_ACETYLTRANSFERASE_ACTIVITY]
[GOMF_DNA_DIRECTED_DNA_POLYMERASE_ACTIVITY,GOMF_DNA_DIRECTED_DNA_POLYMERASE_ACTIVITY] was killed by [GOMF_NUCLEASE_ACTIVITY,GOMF_NUCLEASE_ACTIVITY]
[GOMF_AMINOACYL_TRNA_EDITING_ACTIVITY,GOMF_AMINOACYL_TRNA_EDITING_ACTIVITY] was killed by [GOMF_LIGASE_ACTIVITY,GOMF_LIGASE_ACTIVITY]
[GOMF_CHAPERONE_BINDING,GOMF_CHAPERONE_BINDING] was killed by [GOMF_UBIQUITIN_LIKE_PROTEIN_BINDING,GOMF_UBIQUITIN_LIKE_PROTEIN_BINDING]
[GOMF_PEPTIDE_DISULFIDE_OXIDOREDUCTASE_ACTIVITY,GOMF_PEPTIDE_DISULFIDE_OXIDOREDUCTASE_ACTIVITY] was killed by [GOMF_ISOMERASE_ACTIVITY,GOMF_ISOMERASE_ACTIVITY]
[GOMF_IMMUNE_RECEPTOR_ACTIVITY,GOMF_IMMUNE_RECEPTOR_ACTIVITY] was killed by [GOMF_ANTIGEN_BINDING,GOMF_ANTIGEN_BINDING]
[GOMF_RNA_POLYMERASE_II_REPRESSING_TRANSCRIPTION_FACTOR_BINDING,GOMF_RNA_POLYMERASE_II_REPRESSING_TRANSCRIPTION_FACTOR_BINDING] was killed by [GOMF_PHOSPHATASE_BINDING,GOMF_PHOSPHATASE_BINDING]
[GOMF_SOLUTE_CATION_ANTIPORTER_ACTIVITY,GOMF_SOLUTE_CATION_ANTIPORTER_ACTIVITY] was killed by [GOMF_VOLTAGE_GATED_ION_CHANNEL_ACTIVITY,GOMF_VOLTAGE_GATED_ION_CHANNEL_ACTIVITY]
[GOMF_CULLIN_FAMILY_PROTEIN_BINDING,GOMF_CULLIN_FAMILY_PROTEIN_BINDING] was killed by [GOMF_UBIQUITIN_LIKE_PROTEIN_BINDING,GOMF_UBIQUITIN_LIKE_PROTEIN_BINDING]
[GOMF_SIGNAL_SEQUENCE_BINDING,GOMF_SIGNAL_SEQUENCE_BINDING] was killed by [GOMF_RIBONUCLEOPROTEIN_COMPLEX_BINDING,GOMF_RIBONUCLEOPROTEIN_COMPLEX_BINDING]
[GOMF_TRANSCRIPTION_COACTIVATOR_BINDING,GOMF_TRANSCRIPTION_COACTIVATOR_BINDING] was killed by [GOMF_PHOSPHATASE_BINDING,GOMF_PHOSPHATASE_BINDING]
[GOMF_HORMONE_RECEPTOR_BINDING,GOMF_HORMONE_RECEPTOR_BINDING] was killed by [GOMF_HORMONE_ACTIVITY,GOMF_HORMONE_ACTIVITY]
[GOMF_AMINO_ACID_SODIUM_SYMPORTER_ACTIVITY,GOMF_AMINO_ACID_SODIUM_SYMPORTER_ACTIVITY] was killed by [GOMF_ORGANIC_ACID_SODIUM_SYMPORTER_ACTIVITY,GOMF_ORGANIC_ACID_SODIUM_SYMPORTER_ACTIVITY]
[GOMF_HISTONE_LYSINE_N_METHYLTRANSFERASE_ACTIVITY,GOMF_HISTONE_LYSINE_N_METHYLTRANSFERASE_ACTIVITY] was killed by [GOMF_S_ADENOSYLMETHIONINE_DEPENDENT_METHYLTRANSFERASE_ACTIVITY,GOMF_S_ADENOSYLMETHIONINE_DEPENDENT_METHYLTRANSFERASE_ACTIVITY]
[GOMF_INHIBITORY_EXTRACELLULAR_LIGAND_GATED_ION_CHANNEL_ACTIVITY,GOMF_INHIBITORY_EXTRACELLULAR_LIGAND_GATED_ION_CHANNEL_ACTIVITY] was killed by [GOMF_GABA_RECEPTOR_ACTIVITY,GOMF_GABA_RECEPTOR_ACTIVITY]
[GOMF_5S_RRNA_BINDING,GOMF_5S_RRNA_BINDING] was killed by [GOMF_STRUCTURAL_CONSTITUENT_OF_RIBOSOME,GOMF_STRUCTURAL_CONSTITUENT_OF_RIBOSOME]
[GOMF_SODIUM_CHLORIDE_SYMPORTER_ACTIVITY,GOMF_SODIUM_CHLORIDE_SYMPORTER_ACTIVITY] was killed by [GOMF_ORGANIC_ACID_SODIUM_SYMPORTER_ACTIVITY,GOMF_ORGANIC_ACID_SODIUM_SYMPORTER_ACTIVITY]
