[REACTOME_INITIAL_TRIGGERING_OF_COMPLEMENT,REACTOME_INITIAL_TRIGGERING_OF_COMPLEMENT] was killed by [REACTOME_CREATION_OF_C4_AND_C2_ACTIVATORS,REACTOME_CREATION_OF_C4_AND_C2_ACTIVATORS]
[REACTOME_CD22_MEDIATED_BCR_REGULATION,REACTOME_CD22_MEDIATED_BCR_REGULATION] was killed by [REACTOME_CREATION_OF_C4_AND_C2_ACTIVATORS,REACTOME_CREATION_OF_C4_AND_C2_ACTIVATORS]
[REACTOME_FCGR_ACTIVATION,REACTOME_FCGR_ACTIVATION] was killed by [REACTOME_CREATION_OF_C4_AND_C2_ACTIVATORS,REACTOME_CREATION_OF_C4_AND_C2_ACTIVATORS]
[REACTOME_SCAVENGING_OF_HEME_FROM_PLASMA,REACTOME_SCAVENGING_OF_HEME_FROM_PLASMA] was killed by [REACTOME_CREATION_OF_C4_AND_C2_ACTIVATORS,REACTOME_CREATION_OF_C4_AND_C2_ACTIVATORS]
[REACTOME_ROLE_OF_LAT2_NTAL_LAB_ON_CALCIUM_MOBILIZATION,REACTOME_ROLE_OF_LAT2_NTAL_LAB_ON_CALCIUM_MOBILIZATION] was killed by [REACTOME_CREATION_OF_C4_AND_C2_ACTIVATORS,REACTOME_CREATION_OF_C4_AND_C2_ACTIVATORS]
[REACTOME_COMPLEMENT_CASCADE,REACTOME_COMPLEMENT_CASCADE] was killed by [REACTOME_CREATION_OF_C4_AND_C2_ACTIVATORS,REACTOME_CREATION_OF_C4_AND_C2_ACTIVATORS]
[REACTOME_ROLE_OF_PHOSPHOLIPIDS_IN_PHAGOCYTOSIS,REACTOME_ROLE_OF_PHOSPHOLIPIDS_IN_PHAGOCYTOSIS] was killed by [REACTOME_CREATION_OF_C4_AND_C2_ACTIVATORS,REACTOME_CREATION_OF_C4_AND_C2_ACTIVATORS]
[REACTOME_DEFENSINS,REACTOME_DEFENSINS] was killed by [REACTOME_ANTIMICROBIAL_PEPTIDES,REACTOME_ANTIMICROBIAL_PEPTIDES]
[REACTOME_BINDING_AND_UPTAKE_OF_LIGANDS_BY_SCAVENGER_RECEPTORS,REACTOME_BINDING_AND_UPTAKE_OF_LIGANDS_BY_SCAVENGER_RECEPTORS] was killed by [REACTOME_CREATION_OF_C4_AND_C2_ACTIVATORS,REACTOME_CREATION_OF_C4_AND_C2_ACTIVATORS]
[REACTOME_FCGR3A_MEDIATED_IL10_SYNTHESIS,REACTOME_FCGR3A_MEDIATED_IL10_SYNTHESIS] was killed by [REACTOME_CREATION_OF_C4_AND_C2_ACTIVATORS,REACTOME_CREATION_OF_C4_AND_C2_ACTIVATORS]
[REACTOME_ANTIGEN_ACTIVATES_B_CELL_RECEPTOR_BCR_LEADING_TO_GENERATION_OF_SECOND_MESSENGERS,REACTOME_ANTIGEN_ACTIVATES_B_CELL_RECEPTOR_BCR_LEADING_TO_GENERATION_OF_SECOND_MESSENGERS] was killed by [REACTOME_CREATION_OF_C4_AND_C2_ACTIVATORS,REACTOME_CREATION_OF_C4_AND_C2_ACTIVATORS]
[REACTOME_FCERI_MEDIATED_CA_2_MOBILIZATION,REACTOME_FCERI_MEDIATED_CA_2_MOBILIZATION] was killed by [REACTOME_CREATION_OF_C4_AND_C2_ACTIVATORS,REACTOME_CREATION_OF_C4_AND_C2_ACTIVATORS]
[REACTOME_FCERI_MEDIATED_MAPK_ACTIVATION,REACTOME_FCERI_MEDIATED_MAPK_ACTIVATION] was killed by [REACTOME_CREATION_OF_C4_AND_C2_ACTIVATORS,REACTOME_CREATION_OF_C4_AND_C2_ACTIVATORS]
[REACTOME_BETA_DEFENSINS,REACTOME_BETA_DEFENSINS] was killed by [REACTOME_ANTIMICROBIAL_PEPTIDES,REACTOME_ANTIMICROBIAL_PEPTIDES]
[REACTOME_PARASITE_INFECTION,REACTOME_PARASITE_INFECTION] was killed by [REACTOME_CREATION_OF_C4_AND_C2_ACTIVATORS,REACTOME_CREATION_OF_C4_AND_C2_ACTIVATORS]
[REACTOME_CELL_SURFACE_INTERACTIONS_AT_THE_VASCULAR_WALL,REACTOME_CELL_SURFACE_INTERACTIONS_AT_THE_VASCULAR_WALL] was killed by [REACTOME_CREATION_OF_C4_AND_C2_ACTIVATORS,REACTOME_CREATION_OF_C4_AND_C2_ACTIVATORS]
[REACTOME_FCERI_MEDIATED_NF_KB_ACTIVATION,REACTOME_FCERI_MEDIATED_NF_KB_ACTIVATION] was killed by [REACTOME_CREATION_OF_C4_AND_C2_ACTIVATORS,REACTOME_CREATION_OF_C4_AND_C2_ACTIVATORS]
[REACTOME_IMMUNOREGULATORY_INTERACTIONS_BETWEEN_A_LYMPHOID_AND_A_NON_LYMPHOID_CELL,REACTOME_IMMUNOREGULATORY_INTERACTIONS_BETWEEN_A_LYMPHOID_AND_A_NON_LYMPHOID_CELL] was killed by [REACTOME_CREATION_OF_C4_AND_C2_ACTIVATORS,REACTOME_CREATION_OF_C4_AND_C2_ACTIVATORS]
[REACTOME_FCGAMMA_RECEPTOR_FCGR_DEPENDENT_PHAGOCYTOSIS,REACTOME_FCGAMMA_RECEPTOR_FCGR_DEPENDENT_PHAGOCYTOSIS] was killed by [REACTOME_CREATION_OF_C4_AND_C2_ACTIVATORS,REACTOME_CREATION_OF_C4_AND_C2_ACTIVATORS]
[REACTOME_S_PHASE,REACTOME_S_PHASE] was killed by [REACTOME_SEPARATION_OF_SISTER_CHROMATIDS,REACTOME_SEPARATION_OF_SISTER_CHROMATIDS]
[REACTOME_MITOTIC_G1_PHASE_AND_G1_S_TRANSITION,REACTOME_MITOTIC_G1_PHASE_AND_G1_S_TRANSITION] was killed by [REACTOME_SEPARATION_OF_SISTER_CHROMATIDS,REACTOME_SEPARATION_OF_SISTER_CHROMATIDS]
[REACTOME_MITOTIC_SPINDLE_CHECKPOINT,REACTOME_MITOTIC_SPINDLE_CHECKPOINT] was killed by [REACTOME_SEPARATION_OF_SISTER_CHROMATIDS,REACTOME_SEPARATION_OF_SISTER_CHROMATIDS]
[REACTOME_FC_EPSILON_RECEPTOR_FCERI_SIGNALING,REACTOME_FC_EPSILON_RECEPTOR_FCERI_SIGNALING] was killed by [REACTOME_CREATION_OF_C4_AND_C2_ACTIVATORS,REACTOME_CREATION_OF_C4_AND_C2_ACTIVATORS]
[REACTOME_SUMOYLATION,REACTOME_SUMOYLATION] was killed by [REACTOME_SEPARATION_OF_SISTER_CHROMATIDS,REACTOME_SEPARATION_OF_SISTER_CHROMATIDS]
[REACTOME_CELLULAR_RESPONSE_TO_STARVATION,REACTOME_CELLULAR_RESPONSE_TO_STARVATION] was killed by [REACTOME_SRP_DEPENDENT_COTRANSLATIONAL_PROTEIN_TARGETING_TO_MEMBRANE,REACTOME_SRP_DEPENDENT_COTRANSLATIONAL_PROTEIN_TARGETING_TO_MEMBRANE]
[REACTOME_INFLUENZA_INFECTION,REACTOME_INFLUENZA_INFECTION] was killed by [REACTOME_MRNA_SPLICING,REACTOME_MRNA_SPLICING]
[REACTOME_SIGNALING_BY_THE_B_CELL_RECEPTOR_BCR,REACTOME_SIGNALING_BY_THE_B_CELL_RECEPTOR_BCR] was killed by [REACTOME_CREATION_OF_C4_AND_C2_ACTIVATORS,REACTOME_CREATION_OF_C4_AND_C2_ACTIVATORS]
[REACTOME_DNA_REPLICATION,REACTOME_DNA_REPLICATION] was killed by [REACTOME_SEPARATION_OF_SISTER_CHROMATIDS,REACTOME_SEPARATION_OF_SISTER_CHROMATIDS]
[REACTOME_NUCLEOTIDE_EXCISION_REPAIR,REACTOME_NUCLEOTIDE_EXCISION_REPAIR] was killed by [REACTOME_MRNA_SPLICING,REACTOME_MRNA_SPLICING]
[REACTOME_G2_M_CHECKPOINTS,REACTOME_G2_M_CHECKPOINTS] was killed by [REACTOME_SEPARATION_OF_SISTER_CHROMATIDS,REACTOME_SEPARATION_OF_SISTER_CHROMATIDS]
[REACTOME_TRNA_PROCESSING,REACTOME_TRNA_PROCESSING] was killed by [REACTOME_SEPARATION_OF_SISTER_CHROMATIDS,REACTOME_SEPARATION_OF_SISTER_CHROMATIDS]
[REACTOME_MITOTIC_G2_G2_M_PHASES,REACTOME_MITOTIC_G2_G2_M_PHASES] was killed by [REACTOME_SEPARATION_OF_SISTER_CHROMATIDS,REACTOME_SEPARATION_OF_SISTER_CHROMATIDS]
[REACTOME_RESOLUTION_OF_SISTER_CHROMATID_COHESION,REACTOME_RESOLUTION_OF_SISTER_CHROMATID_COHESION] was killed by [REACTOME_SEPARATION_OF_SISTER_CHROMATIDS,REACTOME_SEPARATION_OF_SISTER_CHROMATIDS]
[REACTOME_EUKARYOTIC_TRANSLATION_INITIATION,REACTOME_EUKARYOTIC_TRANSLATION_INITIATION] was killed by [REACTOME_SRP_DEPENDENT_COTRANSLATIONAL_PROTEIN_TARGETING_TO_MEMBRANE,REACTOME_SRP_DEPENDENT_COTRANSLATIONAL_PROTEIN_TARGETING_TO_MEMBRANE]
[REACTOME_RESPIRATORY_ELECTRON_TRANSPORT_ATP_SYNTHESIS_BY_CHEMIOSMOTIC_COUPLING_AND_HEAT_PRODUCTION_BY_UNCOUPLING_PROTEINS,REACTOME_RESPIRATORY_ELECTRON_TRANSPORT_ATP_SYNTHESIS_BY_CHEMIOSMOTIC_COUPLING_AND_HEAT_PRODUCTION_BY_UNCOUPLING_PROTEINS] was killed by [REACTOME_THE_CITRIC_ACID_TCA_CYCLE_AND_RESPIRATORY_ELECTRON_TRANSPORT,REACTOME_THE_CITRIC_ACID_TCA_CYCLE_AND_RESPIRATORY_ELECTRON_TRANSPORT]
[REACTOME_HOMOLOGY_DIRECTED_REPAIR,REACTOME_HOMOLOGY_DIRECTED_REPAIR] was killed by [REACTOME_DNA_DOUBLE_STRAND_BREAK_REPAIR,REACTOME_DNA_DOUBLE_STRAND_BREAK_REPAIR]
[REACTOME_EUKARYOTIC_TRANSLATION_ELONGATION,REACTOME_EUKARYOTIC_TRANSLATION_ELONGATION] was killed by [REACTOME_SRP_DEPENDENT_COTRANSLATIONAL_PROTEIN_TARGETING_TO_MEMBRANE,REACTOME_SRP_DEPENDENT_COTRANSLATIONAL_PROTEIN_TARGETING_TO_MEMBRANE]
[REACTOME_TRANSPORT_OF_MATURE_TRANSCRIPT_TO_CYTOPLASM,REACTOME_TRANSPORT_OF_MATURE_TRANSCRIPT_TO_CYTOPLASM] was killed by [REACTOME_MRNA_SPLICING,REACTOME_MRNA_SPLICING]
[REACTOME_RNA_POLYMERASE_II_TRANSCRIPTION_TERMINATION,REACTOME_RNA_POLYMERASE_II_TRANSCRIPTION_TERMINATION] was killed by [REACTOME_MRNA_SPLICING,REACTOME_MRNA_SPLICING]
[REACTOME_PTEN_REGULATION,REACTOME_PTEN_REGULATION] was killed by [REACTOME_SEPARATION_OF_SISTER_CHROMATIDS,REACTOME_SEPARATION_OF_SISTER_CHROMATIDS]
[REACTOME_HATS_ACETYLATE_HISTONES,REACTOME_HATS_ACETYLATE_HISTONES] was killed by [REACTOME_DNA_DOUBLE_STRAND_BREAK_REPAIR,REACTOME_DNA_DOUBLE_STRAND_BREAK_REPAIR]
[REACTOME_REGULATION_OF_TP53_ACTIVITY,REACTOME_REGULATION_OF_TP53_ACTIVITY] was killed by [REACTOME_DNA_DOUBLE_STRAND_BREAK_REPAIR,REACTOME_DNA_DOUBLE_STRAND_BREAK_REPAIR]
[REACTOME_HIV_LIFE_CYCLE,REACTOME_HIV_LIFE_CYCLE] was killed by [REACTOME_MRNA_SPLICING,REACTOME_MRNA_SPLICING]
[REACTOME_RHO_GTPASES_ACTIVATE_FORMINS,REACTOME_RHO_GTPASES_ACTIVATE_FORMINS] was killed by [REACTOME_SEPARATION_OF_SISTER_CHROMATIDS,REACTOME_SEPARATION_OF_SISTER_CHROMATIDS]
[REACTOME_NONSENSE_MEDIATED_DECAY_NMD,REACTOME_NONSENSE_MEDIATED_DECAY_NMD] was killed by [REACTOME_SRP_DEPENDENT_COTRANSLATIONAL_PROTEIN_TARGETING_TO_MEMBRANE,REACTOME_SRP_DEPENDENT_COTRANSLATIONAL_PROTEIN_TARGETING_TO_MEMBRANE]
[REACTOME_APOPTOSIS,REACTOME_APOPTOSIS] was killed by [REACTOME_SEPARATION_OF_SISTER_CHROMATIDS,REACTOME_SEPARATION_OF_SISTER_CHROMATIDS]
[REACTOME_RESPIRATORY_ELECTRON_TRANSPORT,REACTOME_RESPIRATORY_ELECTRON_TRANSPORT] was killed by [REACTOME_THE_CITRIC_ACID_TCA_CYCLE_AND_RESPIRATORY_ELECTRON_TRANSPORT,REACTOME_THE_CITRIC_ACID_TCA_CYCLE_AND_RESPIRATORY_ELECTRON_TRANSPORT]
[REACTOME_SNRNP_ASSEMBLY,REACTOME_SNRNP_ASSEMBLY] was killed by [REACTOME_MRNA_SPLICING,REACTOME_MRNA_SPLICING]
[REACTOME_REGULATION_OF_EXPRESSION_OF_SLITS_AND_ROBOS,REACTOME_REGULATION_OF_EXPRESSION_OF_SLITS_AND_ROBOS] was killed by [REACTOME_SEPARATION_OF_SISTER_CHROMATIDS,REACTOME_SEPARATION_OF_SISTER_CHROMATIDS]
[REACTOME_GLOBAL_GENOME_NUCLEOTIDE_EXCISION_REPAIR_GG_NER,REACTOME_GLOBAL_GENOME_NUCLEOTIDE_EXCISION_REPAIR_GG_NER] was killed by [REACTOME_DNA_DOUBLE_STRAND_BREAK_REPAIR,REACTOME_DNA_DOUBLE_STRAND_BREAK_REPAIR]
[REACTOME_SUMOYLATION_OF_CHROMATIN_ORGANIZATION_PROTEINS,REACTOME_SUMOYLATION_OF_CHROMATIN_ORGANIZATION_PROTEINS] was killed by [REACTOME_SEPARATION_OF_SISTER_CHROMATIDS,REACTOME_SEPARATION_OF_SISTER_CHROMATIDS]
[REACTOME_SWITCHING_OF_ORIGINS_TO_A_POST_REPLICATIVE_STATE,REACTOME_SWITCHING_OF_ORIGINS_TO_A_POST_REPLICATIVE_STATE] was killed by [REACTOME_SEPARATION_OF_SISTER_CHROMATIDS,REACTOME_SEPARATION_OF_SISTER_CHROMATIDS]
[REACTOME_HOST_INTERACTIONS_OF_HIV_FACTORS,REACTOME_HOST_INTERACTIONS_OF_HIV_FACTORS] was killed by [REACTOME_SEPARATION_OF_SISTER_CHROMATIDS,REACTOME_SEPARATION_OF_SISTER_CHROMATIDS]
[REACTOME_SUMOYLATION_OF_DNA_DAMAGE_RESPONSE_AND_REPAIR_PROTEINS,REACTOME_SUMOYLATION_OF_DNA_DAMAGE_RESPONSE_AND_REPAIR_PROTEINS] was killed by [REACTOME_SEPARATION_OF_SISTER_CHROMATIDS,REACTOME_SEPARATION_OF_SISTER_CHROMATIDS]
[REACTOME_GENE_SILENCING_BY_RNA,REACTOME_GENE_SILENCING_BY_RNA] was killed by [REACTOME_MRNA_SPLICING,REACTOME_MRNA_SPLICING]
[REACTOME_RESPONSE_OF_EIF2AK4_GCN2_TO_AMINO_ACID_DEFICIENCY,REACTOME_RESPONSE_OF_EIF2AK4_GCN2_TO_AMINO_ACID_DEFICIENCY] was killed by [REACTOME_SRP_DEPENDENT_COTRANSLATIONAL_PROTEIN_TARGETING_TO_MEMBRANE,REACTOME_SRP_DEPENDENT_COTRANSLATIONAL_PROTEIN_TARGETING_TO_MEMBRANE]
[REACTOME_ANTIVIRAL_MECHANISM_BY_IFN_STIMULATED_GENES,REACTOME_ANTIVIRAL_MECHANISM_BY_IFN_STIMULATED_GENES] was killed by [REACTOME_SEPARATION_OF_SISTER_CHROMATIDS,REACTOME_SEPARATION_OF_SISTER_CHROMATIDS]
[REACTOME_HCMV_LATE_EVENTS,REACTOME_HCMV_LATE_EVENTS] was killed by [REACTOME_SEPARATION_OF_SISTER_CHROMATIDS,REACTOME_SEPARATION_OF_SISTER_CHROMATIDS]
[REACTOME_DNA_REPLICATION_PRE_INITIATION,REACTOME_DNA_REPLICATION_PRE_INITIATION] was killed by [REACTOME_SEPARATION_OF_SISTER_CHROMATIDS,REACTOME_SEPARATION_OF_SISTER_CHROMATIDS]
[REACTOME_TRANSCRIPTION_COUPLED_NUCLEOTIDE_EXCISION_REPAIR_TC_NER,REACTOME_TRANSCRIPTION_COUPLED_NUCLEOTIDE_EXCISION_REPAIR_TC_NER] was killed by [REACTOME_MRNA_SPLICING,REACTOME_MRNA_SPLICING]
[REACTOME_HCMV_INFECTION,REACTOME_HCMV_INFECTION] was killed by [REACTOME_SEPARATION_OF_SISTER_CHROMATIDS,REACTOME_SEPARATION_OF_SISTER_CHROMATIDS]
[REACTOME_CYCLIN_A_CDK2_ASSOCIATED_EVENTS_AT_S_PHASE_ENTRY,REACTOME_CYCLIN_A_CDK2_ASSOCIATED_EVENTS_AT_S_PHASE_ENTRY] was killed by [REACTOME_SEPARATION_OF_SISTER_CHROMATIDS,REACTOME_SEPARATION_OF_SISTER_CHROMATIDS]
[REACTOME_TRANSCRIPTIONAL_REGULATION_BY_SMALL_RNAS,REACTOME_TRANSCRIPTIONAL_REGULATION_BY_SMALL_RNAS] was killed by [REACTOME_MRNA_SPLICING,REACTOME_MRNA_SPLICING]
[REACTOME_REGULATION_OF_PLK1_ACTIVITY_AT_G2_M_TRANSITION,REACTOME_REGULATION_OF_PLK1_ACTIVITY_AT_G2_M_TRANSITION] was killed by [REACTOME_SEPARATION_OF_SISTER_CHROMATIDS,REACTOME_SEPARATION_OF_SISTER_CHROMATIDS]
[REACTOME_RRNA_MODIFICATION_IN_THE_NUCLEUS_AND_CYTOSOL,REACTOME_RRNA_MODIFICATION_IN_THE_NUCLEUS_AND_CYTOSOL] was killed by [REACTOME_SRP_DEPENDENT_COTRANSLATIONAL_PROTEIN_TARGETING_TO_MEMBRANE,REACTOME_SRP_DEPENDENT_COTRANSLATIONAL_PROTEIN_TARGETING_TO_MEMBRANE]
[REACTOME_MITOCHONDRIAL_PROTEIN_IMPORT,REACTOME_MITOCHONDRIAL_PROTEIN_IMPORT] was killed by [REACTOME_THE_CITRIC_ACID_TCA_CYCLE_AND_RESPIRATORY_ELECTRON_TRANSPORT,REACTOME_THE_CITRIC_ACID_TCA_CYCLE_AND_RESPIRATORY_ELECTRON_TRANSPORT]
[REACTOME_RECRUITMENT_OF_MITOTIC_CENTROSOME_PROTEINS_AND_COMPLEXES,REACTOME_RECRUITMENT_OF_MITOTIC_CENTROSOME_PROTEINS_AND_COMPLEXES] was killed by [REACTOME_SEPARATION_OF_SISTER_CHROMATIDS,REACTOME_SEPARATION_OF_SISTER_CHROMATIDS]
[REACTOME_MITOTIC_PROPHASE,REACTOME_MITOTIC_PROPHASE] was killed by [REACTOME_SEPARATION_OF_SISTER_CHROMATIDS,REACTOME_SEPARATION_OF_SISTER_CHROMATIDS]
[REACTOME_EPIGENETIC_REGULATION_OF_GENE_EXPRESSION,REACTOME_EPIGENETIC_REGULATION_OF_GENE_EXPRESSION] was killed by [REACTOME_DNA_DOUBLE_STRAND_BREAK_REPAIR,REACTOME_DNA_DOUBLE_STRAND_BREAK_REPAIR]
[REACTOME_NS1_MEDIATED_EFFECTS_ON_HOST_PATHWAYS,REACTOME_NS1_MEDIATED_EFFECTS_ON_HOST_PATHWAYS] was killed by [REACTOME_SEPARATION_OF_SISTER_CHROMATIDS,REACTOME_SEPARATION_OF_SISTER_CHROMATIDS]
[REACTOME_ADORA2B_MEDIATED_ANTI_INFLAMMATORY_CYTOKINES_PRODUCTION,REACTOME_ADORA2B_MEDIATED_ANTI_INFLAMMATORY_CYTOKINES_PRODUCTION] was killed by [REACTOME_PEPTIDE_LIGAND_BINDING_RECEPTORS,REACTOME_PEPTIDE_LIGAND_BINDING_RECEPTORS]
[REACTOME_INTERACTIONS_OF_REV_WITH_HOST_CELLULAR_PROTEINS,REACTOME_INTERACTIONS_OF_REV_WITH_HOST_CELLULAR_PROTEINS] was killed by [REACTOME_SEPARATION_OF_SISTER_CHROMATIDS,REACTOME_SEPARATION_OF_SISTER_CHROMATIDS]
[REACTOME_HCMV_EARLY_EVENTS,REACTOME_HCMV_EARLY_EVENTS] was killed by [REACTOME_SEPARATION_OF_SISTER_CHROMATIDS,REACTOME_SEPARATION_OF_SISTER_CHROMATIDS]
[REACTOME_RNA_POLYMERASE_II_TRANSCRIBES_SNRNA_GENES,REACTOME_RNA_POLYMERASE_II_TRANSCRIBES_SNRNA_GENES] was killed by [REACTOME_MRNA_SPLICING,REACTOME_MRNA_SPLICING]
[REACTOME_SARS_COV_INFECTIONS,REACTOME_SARS_COV_INFECTIONS] was killed by [REACTOME_MUSCLE_CONTRACTION,REACTOME_MUSCLE_CONTRACTION]
[REACTOME_TRNA_PROCESSING_IN_THE_NUCLEUS,REACTOME_TRNA_PROCESSING_IN_THE_NUCLEUS] was killed by [REACTOME_SEPARATION_OF_SISTER_CHROMATIDS,REACTOME_SEPARATION_OF_SISTER_CHROMATIDS]
[REACTOME_REGULATION_OF_MRNA_STABILITY_BY_PROTEINS_THAT_BIND_AU_RICH_ELEMENTS,REACTOME_REGULATION_OF_MRNA_STABILITY_BY_PROTEINS_THAT_BIND_AU_RICH_ELEMENTS] was killed by [REACTOME_SEPARATION_OF_SISTER_CHROMATIDS,REACTOME_SEPARATION_OF_SISTER_CHROMATIDS]
[REACTOME_ASSEMBLY_OF_THE_PRE_REPLICATIVE_COMPLEX,REACTOME_ASSEMBLY_OF_THE_PRE_REPLICATIVE_COMPLEX] was killed by [REACTOME_SEPARATION_OF_SISTER_CHROMATIDS,REACTOME_SEPARATION_OF_SISTER_CHROMATIDS]
[REACTOME_AURKA_ACTIVATION_BY_TPX2,REACTOME_AURKA_ACTIVATION_BY_TPX2] was killed by [REACTOME_SEPARATION_OF_SISTER_CHROMATIDS,REACTOME_SEPARATION_OF_SISTER_CHROMATIDS]
[REACTOME_COMPLEX_I_BIOGENESIS,REACTOME_COMPLEX_I_BIOGENESIS] was killed by [REACTOME_THE_CITRIC_ACID_TCA_CYCLE_AND_RESPIRATORY_ELECTRON_TRANSPORT,REACTOME_THE_CITRIC_ACID_TCA_CYCLE_AND_RESPIRATORY_ELECTRON_TRANSPORT]
[REACTOME_HDR_THROUGH_HOMOLOGOUS_RECOMBINATION_HRR,REACTOME_HDR_THROUGH_HOMOLOGOUS_RECOMBINATION_HRR] was killed by [REACTOME_DNA_DOUBLE_STRAND_BREAK_REPAIR,REACTOME_DNA_DOUBLE_STRAND_BREAK_REPAIR]
[REACTOME_HDACS_DEACETYLATE_HISTONES,REACTOME_HDACS_DEACETYLATE_HISTONES] was killed by [REACTOME_DNA_DOUBLE_STRAND_BREAK_REPAIR,REACTOME_DNA_DOUBLE_STRAND_BREAK_REPAIR]
[REACTOME_DEADENYLATION_DEPENDENT_MRNA_DECAY,REACTOME_DEADENYLATION_DEPENDENT_MRNA_DECAY] was killed by [REACTOME_MRNA_SPLICING,REACTOME_MRNA_SPLICING]
[REACTOME_ANCHORING_OF_THE_BASAL_BODY_TO_THE_PLASMA_MEMBRANE,REACTOME_ANCHORING_OF_THE_BASAL_BODY_TO_THE_PLASMA_MEMBRANE] was killed by [REACTOME_SEPARATION_OF_SISTER_CHROMATIDS,REACTOME_SEPARATION_OF_SISTER_CHROMATIDS]
[REACTOME_MRNA_SPLICING_MINOR_PATHWAY,REACTOME_MRNA_SPLICING_MINOR_PATHWAY] was killed by [REACTOME_MRNA_SPLICING,REACTOME_MRNA_SPLICING]
[REACTOME_ESTROGEN_DEPENDENT_GENE_EXPRESSION,REACTOME_ESTROGEN_DEPENDENT_GENE_EXPRESSION] was killed by [REACTOME_MRNA_SPLICING,REACTOME_MRNA_SPLICING]
[REACTOME_APC_C_MEDIATED_DEGRADATION_OF_CELL_CYCLE_PROTEINS,REACTOME_APC_C_MEDIATED_DEGRADATION_OF_CELL_CYCLE_PROTEINS] was killed by [REACTOME_SEPARATION_OF_SISTER_CHROMATIDS,REACTOME_SEPARATION_OF_SISTER_CHROMATIDS]
[REACTOME_APC_C_CDH1_MEDIATED_DEGRADATION_OF_CDC20_AND_OTHER_APC_C_CDH1_TARGETED_PROTEINS_IN_LATE_MITOSIS_EARLY_G1,REACTOME_APC_C_CDH1_MEDIATED_DEGRADATION_OF_CDC20_AND_OTHER_APC_C_CDH1_TARGETED_PROTEINS_IN_LATE_MITOSIS_EARLY_G1] was killed by [REACTOME_SEPARATION_OF_SISTER_CHROMATIDS,REACTOME_SEPARATION_OF_SISTER_CHROMATIDS]
[REACTOME_VIRAL_MESSENGER_RNA_SYNTHESIS,REACTOME_VIRAL_MESSENGER_RNA_SYNTHESIS] was killed by [REACTOME_MRNA_SPLICING,REACTOME_MRNA_SPLICING]
[REACTOME_ORC1_REMOVAL_FROM_CHROMATIN,REACTOME_ORC1_REMOVAL_FROM_CHROMATIN] was killed by [REACTOME_SEPARATION_OF_SISTER_CHROMATIDS,REACTOME_SEPARATION_OF_SISTER_CHROMATIDS]
[REACTOME_GOLGI_TO_ER_RETROGRADE_TRANSPORT,REACTOME_GOLGI_TO_ER_RETROGRADE_TRANSPORT] was killed by [REACTOME_SEPARATION_OF_SISTER_CHROMATIDS,REACTOME_SEPARATION_OF_SISTER_CHROMATIDS]
[REACTOME_NEGATIVE_EPIGENETIC_REGULATION_OF_RRNA_EXPRESSION,REACTOME_NEGATIVE_EPIGENETIC_REGULATION_OF_RRNA_EXPRESSION] was killed by [REACTOME_DNA_DOUBLE_STRAND_BREAK_REPAIR,REACTOME_DNA_DOUBLE_STRAND_BREAK_REPAIR]
[REACTOME_SUMOYLATION_OF_RNA_BINDING_PROTEINS,REACTOME_SUMOYLATION_OF_RNA_BINDING_PROTEINS] was killed by [REACTOME_SEPARATION_OF_SISTER_CHROMATIDS,REACTOME_SEPARATION_OF_SISTER_CHROMATIDS]
[REACTOME_TRANSPORT_OF_MATURE_MRNAS_DERIVED_FROM_INTRONLESS_TRANSCRIPTS,REACTOME_TRANSPORT_OF_MATURE_MRNAS_DERIVED_FROM_INTRONLESS_TRANSCRIPTS] was killed by [REACTOME_MRNA_SPLICING,REACTOME_MRNA_SPLICING]
[REACTOME_DUAL_INCISION_IN_TC_NER,REACTOME_DUAL_INCISION_IN_TC_NER] was killed by [REACTOME_MRNA_SPLICING,REACTOME_MRNA_SPLICING]
[REACTOME_G_ALPHA_S_SIGNALLING_EVENTS,REACTOME_G_ALPHA_S_SIGNALLING_EVENTS] was killed by [REACTOME_PEPTIDE_LIGAND_BINDING_RECEPTORS,REACTOME_PEPTIDE_LIGAND_BINDING_RECEPTORS]
[REACTOME_PROCESSING_OF_DNA_DOUBLE_STRAND_BREAK_ENDS,REACTOME_PROCESSING_OF_DNA_DOUBLE_STRAND_BREAK_ENDS] was killed by [REACTOME_DNA_DOUBLE_STRAND_BREAK_REPAIR,REACTOME_DNA_DOUBLE_STRAND_BREAK_REPAIR]
[REACTOME_ACTIVATION_OF_THE_PRE_REPLICATIVE_COMPLEX,REACTOME_ACTIVATION_OF_THE_PRE_REPLICATIVE_COMPLEX] was killed by [REACTOME_DNA_DOUBLE_STRAND_BREAK_REPAIR,REACTOME_DNA_DOUBLE_STRAND_BREAK_REPAIR]
[REACTOME_CHROMOSOME_MAINTENANCE,REACTOME_CHROMOSOME_MAINTENANCE] was killed by [REACTOME_MRNA_SPLICING,REACTOME_MRNA_SPLICING]
[REACTOME_FORMATION_OF_TC_NER_PRE_INCISION_COMPLEX,REACTOME_FORMATION_OF_TC_NER_PRE_INCISION_COMPLEX] was killed by [REACTOME_MRNA_SPLICING,REACTOME_MRNA_SPLICING]
[REACTOME_NUCLEAR_ENVELOPE_BREAKDOWN,REACTOME_NUCLEAR_ENVELOPE_BREAKDOWN] was killed by [REACTOME_SEPARATION_OF_SISTER_CHROMATIDS,REACTOME_SEPARATION_OF_SISTER_CHROMATIDS]
[REACTOME_NUCLEAR_IMPORT_OF_REV_PROTEIN,REACTOME_NUCLEAR_IMPORT_OF_REV_PROTEIN] was killed by [REACTOME_SEPARATION_OF_SISTER_CHROMATIDS,REACTOME_SEPARATION_OF_SISTER_CHROMATIDS]
[REACTOME_INACTIVATION_OF_CSF3_G_CSF_SIGNALING,REACTOME_INACTIVATION_OF_CSF3_G_CSF_SIGNALING] was killed by [REACTOME_SEPARATION_OF_SISTER_CHROMATIDS,REACTOME_SEPARATION_OF_SISTER_CHROMATIDS]
[REACTOME_ACTIVATION_OF_ATR_IN_RESPONSE_TO_REPLICATION_STRESS,REACTOME_ACTIVATION_OF_ATR_IN_RESPONSE_TO_REPLICATION_STRESS] was killed by [REACTOME_DNA_DOUBLE_STRAND_BREAK_REPAIR,REACTOME_DNA_DOUBLE_STRAND_BREAK_REPAIR]
[REACTOME_CELLULAR_SENESCENCE,REACTOME_CELLULAR_SENESCENCE] was killed by [REACTOME_SEPARATION_OF_SISTER_CHROMATIDS,REACTOME_SEPARATION_OF_SISTER_CHROMATIDS]
[REACTOME_DNA_DAMAGE_RECOGNITION_IN_GG_NER,REACTOME_DNA_DAMAGE_RECOGNITION_IN_GG_NER] was killed by [REACTOME_DNA_DOUBLE_STRAND_BREAK_REPAIR,REACTOME_DNA_DOUBLE_STRAND_BREAK_REPAIR]
[REACTOME_SELENOAMINO_ACID_METABOLISM,REACTOME_SELENOAMINO_ACID_METABOLISM] was killed by [REACTOME_SRP_DEPENDENT_COTRANSLATIONAL_PROTEIN_TARGETING_TO_MEMBRANE,REACTOME_SRP_DEPENDENT_COTRANSLATIONAL_PROTEIN_TARGETING_TO_MEMBRANE]
[REACTOME_B_WICH_COMPLEX_POSITIVELY_REGULATES_RRNA_EXPRESSION,REACTOME_B_WICH_COMPLEX_POSITIVELY_REGULATES_RRNA_EXPRESSION] was killed by [REACTOME_DNA_DOUBLE_STRAND_BREAK_REPAIR,REACTOME_DNA_DOUBLE_STRAND_BREAK_REPAIR]
[REACTOME_ACTIVATION_OF_THE_MRNA_UPON_BINDING_OF_THE_CAP_BINDING_COMPLEX_AND_EIFS_AND_SUBSEQUENT_BINDING_TO_43S,REACTOME_ACTIVATION_OF_THE_MRNA_UPON_BINDING_OF_THE_CAP_BINDING_COMPLEX_AND_EIFS_AND_SUBSEQUENT_BINDING_TO_43S] was killed by [REACTOME_SRP_DEPENDENT_COTRANSLATIONAL_PROTEIN_TARGETING_TO_MEMBRANE,REACTOME_SRP_DEPENDENT_COTRANSLATIONAL_PROTEIN_TARGETING_TO_MEMBRANE]
[REACTOME_EXPORT_OF_VIRAL_RIBONUCLEOPROTEINS_FROM_NUCLEUS,REACTOME_EXPORT_OF_VIRAL_RIBONUCLEOPROTEINS_FROM_NUCLEUS] was killed by [REACTOME_SEPARATION_OF_SISTER_CHROMATIDS,REACTOME_SEPARATION_OF_SISTER_CHROMATIDS]
[REACTOME_MYD88_INDEPENDENT_TLR4_CASCADE,REACTOME_MYD88_INDEPENDENT_TLR4_CASCADE] was killed by [REACTOME_SEPARATION_OF_SISTER_CHROMATIDS,REACTOME_SEPARATION_OF_SISTER_CHROMATIDS]
[REACTOME_CELLULAR_RESPONSE_TO_CHEMICAL_STRESS,REACTOME_CELLULAR_RESPONSE_TO_CHEMICAL_STRESS] was killed by [REACTOME_SEPARATION_OF_SISTER_CHROMATIDS,REACTOME_SEPARATION_OF_SISTER_CHROMATIDS]
[REACTOME_SUMOYLATION_OF_UBIQUITINYLATION_PROTEINS,REACTOME_SUMOYLATION_OF_UBIQUITINYLATION_PROTEINS] was killed by [REACTOME_SEPARATION_OF_SISTER_CHROMATIDS,REACTOME_SEPARATION_OF_SISTER_CHROMATIDS]
[REACTOME_NONHOMOLOGOUS_END_JOINING_NHEJ,REACTOME_NONHOMOLOGOUS_END_JOINING_NHEJ] was killed by [REACTOME_DNA_DOUBLE_STRAND_BREAK_REPAIR,REACTOME_DNA_DOUBLE_STRAND_BREAK_REPAIR]
[REACTOME_SUMOYLATION_OF_DNA_REPLICATION_PROTEINS,REACTOME_SUMOYLATION_OF_DNA_REPLICATION_PROTEINS] was killed by [REACTOME_SEPARATION_OF_SISTER_CHROMATIDS,REACTOME_SEPARATION_OF_SISTER_CHROMATIDS]
[REACTOME_INTERACTIONS_OF_VPR_WITH_HOST_CELLULAR_PROTEINS,REACTOME_INTERACTIONS_OF_VPR_WITH_HOST_CELLULAR_PROTEINS] was killed by [REACTOME_SEPARATION_OF_SISTER_CHROMATIDS,REACTOME_SEPARATION_OF_SISTER_CHROMATIDS]
[REACTOME_SUMOYLATION_OF_SUMOYLATION_PROTEINS,REACTOME_SUMOYLATION_OF_SUMOYLATION_PROTEINS] was killed by [REACTOME_SEPARATION_OF_SISTER_CHROMATIDS,REACTOME_SEPARATION_OF_SISTER_CHROMATIDS]
[REACTOME_DEGRADATION_OF_BETA_CATENIN_BY_THE_DESTRUCTION_COMPLEX,REACTOME_DEGRADATION_OF_BETA_CATENIN_BY_THE_DESTRUCTION_COMPLEX] was killed by [REACTOME_SEPARATION_OF_SISTER_CHROMATIDS,REACTOME_SEPARATION_OF_SISTER_CHROMATIDS]
[REACTOME_TP53_REGULATES_TRANSCRIPTION_OF_DNA_REPAIR_GENES,REACTOME_TP53_REGULATES_TRANSCRIPTION_OF_DNA_REPAIR_GENES] was killed by [REACTOME_MRNA_SPLICING,REACTOME_MRNA_SPLICING]
[REACTOME_TRANSPORT_OF_INORGANIC_CATIONS_ANIONS_AND_AMINO_ACIDS_OLIGOPEPTIDES,REACTOME_TRANSPORT_OF_INORGANIC_CATIONS_ANIONS_AND_AMINO_ACIDS_OLIGOPEPTIDES] was killed by [REACTOME_TRANSPORT_OF_BILE_SALTS_AND_ORGANIC_ACIDS_METAL_IONS_AND_AMINE_COMPOUNDS,REACTOME_TRANSPORT_OF_BILE_SALTS_AND_ORGANIC_ACIDS_METAL_IONS_AND_AMINE_COMPOUNDS]
[REACTOME_TRANSPORT_OF_THE_SLBP_DEPENDANT_MATURE_MRNA,REACTOME_TRANSPORT_OF_THE_SLBP_DEPENDANT_MATURE_MRNA] was killed by [REACTOME_SEPARATION_OF_SISTER_CHROMATIDS,REACTOME_SEPARATION_OF_SISTER_CHROMATIDS]
[REACTOME_NUCLEAR_PORE_COMPLEX_NPC_DISASSEMBLY,REACTOME_NUCLEAR_PORE_COMPLEX_NPC_DISASSEMBLY] was killed by [REACTOME_SEPARATION_OF_SISTER_CHROMATIDS,REACTOME_SEPARATION_OF_SISTER_CHROMATIDS]
[REACTOME_ELASTIC_FIBRE_FORMATION,REACTOME_ELASTIC_FIBRE_FORMATION] was killed by [REACTOME_REGULATION_OF_INSULIN_LIKE_GROWTH_FACTOR_IGF_TRANSPORT_AND_UPTAKE_BY_INSULIN_LIKE_GROWTH_FACTOR_BINDING_PROTEINS_IGFBPS,REACTOME_REGULATION_OF_INSULIN_LIKE_GROWTH_FACTOR_IGF_TRANSPORT_AND_UPTAKE_BY_INSULIN_LIKE_GROWTH_FACTOR_BINDING_PROTEINS_IGFBPS]
[REACTOME_UCH_PROTEINASES,REACTOME_UCH_PROTEINASES] was killed by [REACTOME_SEPARATION_OF_SISTER_CHROMATIDS,REACTOME_SEPARATION_OF_SISTER_CHROMATIDS]
[REACTOME_SIGNALING_BY_CSF3_G_CSF,REACTOME_SIGNALING_BY_CSF3_G_CSF] was killed by [REACTOME_SEPARATION_OF_SISTER_CHROMATIDS,REACTOME_SEPARATION_OF_SISTER_CHROMATIDS]
[REACTOME_PROTEIN_UBIQUITINATION,REACTOME_PROTEIN_UBIQUITINATION] was killed by [REACTOME_SEPARATION_OF_SISTER_CHROMATIDS,REACTOME_SEPARATION_OF_SISTER_CHROMATIDS]
[REACTOME_NUCLEOTIDE_BINDING_DOMAIN_LEUCINE_RICH_REPEAT_CONTAINING_RECEPTOR_NLR_SIGNALING_PATHWAYS,REACTOME_NUCLEOTIDE_BINDING_DOMAIN_LEUCINE_RICH_REPEAT_CONTAINING_RECEPTOR_NLR_SIGNALING_PATHWAYS] was killed by [REACTOME_DNA_DOUBLE_STRAND_BREAK_REPAIR,REACTOME_DNA_DOUBLE_STRAND_BREAK_REPAIR]
[REACTOME_RHOBTB_GTPASE_CYCLE,REACTOME_RHOBTB_GTPASE_CYCLE] was killed by [REACTOME_MRNA_SPLICING,REACTOME_MRNA_SPLICING]
[REACTOME_TP53_REGULATES_METABOLIC_GENES,REACTOME_TP53_REGULATES_METABOLIC_GENES] was killed by [REACTOME_THE_CITRIC_ACID_TCA_CYCLE_AND_RESPIRATORY_ELECTRON_TRANSPORT,REACTOME_THE_CITRIC_ACID_TCA_CYCLE_AND_RESPIRATORY_ELECTRON_TRANSPORT]
[REACTOME_RNA_POLYMERASE_I_PROMOTER_ESCAPE,REACTOME_RNA_POLYMERASE_I_PROMOTER_ESCAPE] was killed by [REACTOME_DNA_DOUBLE_STRAND_BREAK_REPAIR,REACTOME_DNA_DOUBLE_STRAND_BREAK_REPAIR]
[REACTOME_OXIDATIVE_STRESS_INDUCED_SENESCENCE,REACTOME_OXIDATIVE_STRESS_INDUCED_SENESCENCE] was killed by [REACTOME_DNA_DOUBLE_STRAND_BREAK_REPAIR,REACTOME_DNA_DOUBLE_STRAND_BREAK_REPAIR]
[REACTOME_PEROXISOMAL_PROTEIN_IMPORT,REACTOME_PEROXISOMAL_PROTEIN_IMPORT] was killed by [REACTOME_PROTEIN_LOCALIZATION,REACTOME_PROTEIN_LOCALIZATION]
[REACTOME_RHOA_GTPASE_CYCLE,REACTOME_RHOA_GTPASE_CYCLE] was killed by [REACTOME_RAC1_GTPASE_CYCLE,REACTOME_RAC1_GTPASE_CYCLE]
[REACTOME_CYTOPROTECTION_BY_HMOX1,REACTOME_CYTOPROTECTION_BY_HMOX1] was killed by [REACTOME_SEPARATION_OF_SISTER_CHROMATIDS,REACTOME_SEPARATION_OF_SISTER_CHROMATIDS]
[REACTOME_TRANSCRIPTIONAL_REGULATION_BY_E2F6,REACTOME_TRANSCRIPTIONAL_REGULATION_BY_E2F6] was killed by [REACTOME_DNA_DOUBLE_STRAND_BREAK_REPAIR,REACTOME_DNA_DOUBLE_STRAND_BREAK_REPAIR]
[REACTOME_CELLULAR_RESPONSE_TO_HEAT_STRESS,REACTOME_CELLULAR_RESPONSE_TO_HEAT_STRESS] was killed by [REACTOME_SEPARATION_OF_SISTER_CHROMATIDS,REACTOME_SEPARATION_OF_SISTER_CHROMATIDS]
[REACTOME_MITOCHONDRIAL_BIOGENESIS,REACTOME_MITOCHONDRIAL_BIOGENESIS] was killed by [REACTOME_THE_CITRIC_ACID_TCA_CYCLE_AND_RESPIRATORY_ELECTRON_TRANSPORT,REACTOME_THE_CITRIC_ACID_TCA_CYCLE_AND_RESPIRATORY_ELECTRON_TRANSPORT]
[REACTOME_SCF_SKP2_MEDIATED_DEGRADATION_OF_P27_P21,REACTOME_SCF_SKP2_MEDIATED_DEGRADATION_OF_P27_P21] was killed by [REACTOME_SEPARATION_OF_SISTER_CHROMATIDS,REACTOME_SEPARATION_OF_SISTER_CHROMATIDS]
[REACTOME_DOWNREGULATION_OF_SMAD2_3_SMAD4_TRANSCRIPTIONAL_ACTIVITY,REACTOME_DOWNREGULATION_OF_SMAD2_3_SMAD4_TRANSCRIPTIONAL_ACTIVITY] was killed by [REACTOME_SEPARATION_OF_SISTER_CHROMATIDS,REACTOME_SEPARATION_OF_SISTER_CHROMATIDS]
[REACTOME_AUTOPHAGY,REACTOME_AUTOPHAGY] was killed by [REACTOME_SEPARATION_OF_SISTER_CHROMATIDS,REACTOME_SEPARATION_OF_SISTER_CHROMATIDS]
[REACTOME_TRANSPORT_TO_THE_GOLGI_AND_SUBSEQUENT_MODIFICATION,REACTOME_TRANSPORT_TO_THE_GOLGI_AND_SUBSEQUENT_MODIFICATION] was killed by [REACTOME_SEPARATION_OF_SISTER_CHROMATIDS,REACTOME_SEPARATION_OF_SISTER_CHROMATIDS]
[REACTOME_CDC42_GTPASE_CYCLE,REACTOME_CDC42_GTPASE_CYCLE] was killed by [REACTOME_RAC1_GTPASE_CYCLE,REACTOME_RAC1_GTPASE_CYCLE]
[REACTOME_AMINO_ACIDS_REGULATE_MTORC1,REACTOME_AMINO_ACIDS_REGULATE_MTORC1] was killed by [REACTOME_REGULATION_OF_PTEN_GENE_TRANSCRIPTION,REACTOME_REGULATION_OF_PTEN_GENE_TRANSCRIPTION]
[REACTOME_PROCESSING_OF_CAPPED_INTRONLESS_PRE_MRNA,REACTOME_PROCESSING_OF_CAPPED_INTRONLESS_PRE_MRNA] was killed by [REACTOME_MRNA_SPLICING,REACTOME_MRNA_SPLICING]
[REACTOME_POSITIVE_EPIGENETIC_REGULATION_OF_RRNA_EXPRESSION,REACTOME_POSITIVE_EPIGENETIC_REGULATION_OF_RRNA_EXPRESSION] was killed by [REACTOME_DNA_DOUBLE_STRAND_BREAK_REPAIR,REACTOME_DNA_DOUBLE_STRAND_BREAK_REPAIR]
[REACTOME_CYTOCHROME_C_MEDIATED_APOPTOTIC_RESPONSE,REACTOME_CYTOCHROME_C_MEDIATED_APOPTOTIC_RESPONSE] was killed by [REACTOME_REGULATION_OF_PTEN_GENE_TRANSCRIPTION,REACTOME_REGULATION_OF_PTEN_GENE_TRANSCRIPTION]
[REACTOME_RUNX1_REGULATES_TRANSCRIPTION_OF_GENES_INVOLVED_IN_DIFFERENTIATION_OF_HSCS,REACTOME_RUNX1_REGULATES_TRANSCRIPTION_OF_GENES_INVOLVED_IN_DIFFERENTIATION_OF_HSCS] was killed by [REACTOME_SEPARATION_OF_SISTER_CHROMATIDS,REACTOME_SEPARATION_OF_SISTER_CHROMATIDS]
[REACTOME_MEIOTIC_RECOMBINATION,REACTOME_MEIOTIC_RECOMBINATION] was killed by [REACTOME_DNA_DOUBLE_STRAND_BREAK_REPAIR,REACTOME_DNA_DOUBLE_STRAND_BREAK_REPAIR]
[REACTOME_GLUCOSE_METABOLISM,REACTOME_GLUCOSE_METABOLISM] was killed by [REACTOME_SEPARATION_OF_SISTER_CHROMATIDS,REACTOME_SEPARATION_OF_SISTER_CHROMATIDS]
[REACTOME_NEGATIVE_REGULATION_OF_NOTCH4_SIGNALING,REACTOME_NEGATIVE_REGULATION_OF_NOTCH4_SIGNALING] was killed by [REACTOME_SEPARATION_OF_SISTER_CHROMATIDS,REACTOME_SEPARATION_OF_SISTER_CHROMATIDS]
[REACTOME_REGULATION_OF_HSF1_MEDIATED_HEAT_SHOCK_RESPONSE,REACTOME_REGULATION_OF_HSF1_MEDIATED_HEAT_SHOCK_RESPONSE] was killed by [REACTOME_SEPARATION_OF_SISTER_CHROMATIDS,REACTOME_SEPARATION_OF_SISTER_CHROMATIDS]
[REACTOME_G2_M_DNA_DAMAGE_CHECKPOINT,REACTOME_G2_M_DNA_DAMAGE_CHECKPOINT] was killed by [REACTOME_DNA_DOUBLE_STRAND_BREAK_REPAIR,REACTOME_DNA_DOUBLE_STRAND_BREAK_REPAIR]
[REACTOME_REGULATION_OF_PTEN_STABILITY_AND_ACTIVITY,REACTOME_REGULATION_OF_PTEN_STABILITY_AND_ACTIVITY] was killed by [REACTOME_SEPARATION_OF_SISTER_CHROMATIDS,REACTOME_SEPARATION_OF_SISTER_CHROMATIDS]
[REACTOME_INTERLEUKIN_4_AND_INTERLEUKIN_13_SIGNALING,REACTOME_INTERLEUKIN_4_AND_INTERLEUKIN_13_SIGNALING] was killed by [REACTOME_PEPTIDE_LIGAND_BINDING_RECEPTORS,REACTOME_PEPTIDE_LIGAND_BINDING_RECEPTORS]
[REACTOME_MOLECULES_ASSOCIATED_WITH_ELASTIC_FIBRES,REACTOME_MOLECULES_ASSOCIATED_WITH_ELASTIC_FIBRES] was killed by [REACTOME_REGULATION_OF_INSULIN_LIKE_GROWTH_FACTOR_IGF_TRANSPORT_AND_UPTAKE_BY_INSULIN_LIKE_GROWTH_FACTOR_BINDING_PROTEINS_IGFBPS,REACTOME_REGULATION_OF_INSULIN_LIKE_GROWTH_FACTOR_IGF_TRANSPORT_AND_UPTAKE_BY_INSULIN_LIKE_GROWTH_FACTOR_BINDING_PROTEINS_IGFBPS]
[REACTOME_DNA_DAMAGE_BYPASS,REACTOME_DNA_DAMAGE_BYPASS] was killed by [REACTOME_DNA_DOUBLE_STRAND_BREAK_REPAIR,REACTOME_DNA_DOUBLE_STRAND_BREAK_REPAIR]
[REACTOME_DIGESTION,REACTOME_DIGESTION] was killed by [REACTOME_DIGESTION_AND_ABSORPTION,REACTOME_DIGESTION_AND_ABSORPTION]
[REACTOME_FANCONI_ANEMIA_PATHWAY,REACTOME_FANCONI_ANEMIA_PATHWAY] was killed by [REACTOME_SEPARATION_OF_SISTER_CHROMATIDS,REACTOME_SEPARATION_OF_SISTER_CHROMATIDS]
[REACTOME_ER_TO_GOLGI_ANTEROGRADE_TRANSPORT,REACTOME_ER_TO_GOLGI_ANTEROGRADE_TRANSPORT] was killed by [REACTOME_SEPARATION_OF_SISTER_CHROMATIDS,REACTOME_SEPARATION_OF_SISTER_CHROMATIDS]
[REACTOME_CARDIAC_CONDUCTION,REACTOME_CARDIAC_CONDUCTION] was killed by [REACTOME_MUSCLE_CONTRACTION,REACTOME_MUSCLE_CONTRACTION]
[REACTOME_INTERLEUKIN_1_SIGNALING,REACTOME_INTERLEUKIN_1_SIGNALING] was killed by [REACTOME_SEPARATION_OF_SISTER_CHROMATIDS,REACTOME_SEPARATION_OF_SISTER_CHROMATIDS]
[REACTOME_REGULATION_OF_HMOX1_EXPRESSION_AND_ACTIVITY,REACTOME_REGULATION_OF_HMOX1_EXPRESSION_AND_ACTIVITY] was killed by [REACTOME_SEPARATION_OF_SISTER_CHROMATIDS,REACTOME_SEPARATION_OF_SISTER_CHROMATIDS]
[REACTOME_NA_CL_DEPENDENT_NEUROTRANSMITTER_TRANSPORTERS,REACTOME_NA_CL_DEPENDENT_NEUROTRANSMITTER_TRANSPORTERS] was killed by [REACTOME_TRANSPORT_OF_BILE_SALTS_AND_ORGANIC_ACIDS_METAL_IONS_AND_AMINE_COMPOUNDS,REACTOME_TRANSPORT_OF_BILE_SALTS_AND_ORGANIC_ACIDS_METAL_IONS_AND_AMINE_COMPOUNDS]
[REACTOME_POSTMITOTIC_NUCLEAR_PORE_COMPLEX_NPC_REFORMATION,REACTOME_POSTMITOTIC_NUCLEAR_PORE_COMPLEX_NPC_REFORMATION] was killed by [REACTOME_SEPARATION_OF_SISTER_CHROMATIDS,REACTOME_SEPARATION_OF_SISTER_CHROMATIDS]
[REACTOME_PRC2_METHYLATES_HISTONES_AND_DNA,REACTOME_PRC2_METHYLATES_HISTONES_AND_DNA] was killed by [REACTOME_DNA_DOUBLE_STRAND_BREAK_REPAIR,REACTOME_DNA_DOUBLE_STRAND_BREAK_REPAIR]
[REACTOME_CLEC7A_DECTIN_1_SIGNALING,REACTOME_CLEC7A_DECTIN_1_SIGNALING] was killed by [REACTOME_SEPARATION_OF_SISTER_CHROMATIDS,REACTOME_SEPARATION_OF_SISTER_CHROMATIDS]
[REACTOME_NEGATIVE_REGULATORS_OF_DDX58_IFIH1_SIGNALING,REACTOME_NEGATIVE_REGULATORS_OF_DDX58_IFIH1_SIGNALING] was killed by [REACTOME_SEPARATION_OF_SISTER_CHROMATIDS,REACTOME_SEPARATION_OF_SISTER_CHROMATIDS]
[REACTOME_RESOLUTION_OF_D_LOOP_STRUCTURES,REACTOME_RESOLUTION_OF_D_LOOP_STRUCTURES] was killed by [REACTOME_DNA_DOUBLE_STRAND_BREAK_REPAIR,REACTOME_DNA_DOUBLE_STRAND_BREAK_REPAIR]
[REACTOME_CYTOSOLIC_TRNA_AMINOACYLATION,REACTOME_CYTOSOLIC_TRNA_AMINOACYLATION] was killed by [REACTOME_TRNA_AMINOACYLATION,REACTOME_TRNA_AMINOACYLATION]
[REACTOME_INTRINSIC_PATHWAY_FOR_APOPTOSIS,REACTOME_INTRINSIC_PATHWAY_FOR_APOPTOSIS] was killed by [REACTOME_REGULATION_OF_PTEN_GENE_TRANSCRIPTION,REACTOME_REGULATION_OF_PTEN_GENE_TRANSCRIPTION]
[REACTOME_DNA_DOUBLE_STRAND_BREAK_RESPONSE,REACTOME_DNA_DOUBLE_STRAND_BREAK_RESPONSE] was killed by [REACTOME_DNA_DOUBLE_STRAND_BREAK_REPAIR,REACTOME_DNA_DOUBLE_STRAND_BREAK_REPAIR]
[REACTOME_RNA_POLYMERASE_I_TRANSCRIPTION,REACTOME_RNA_POLYMERASE_I_TRANSCRIPTION] was killed by [REACTOME_DNA_DOUBLE_STRAND_BREAK_REPAIR,REACTOME_DNA_DOUBLE_STRAND_BREAK_REPAIR]
[REACTOME_TOLL_LIKE_RECEPTOR_9_TLR9_CASCADE,REACTOME_TOLL_LIKE_RECEPTOR_9_TLR9_CASCADE] was killed by [REACTOME_SEPARATION_OF_SISTER_CHROMATIDS,REACTOME_SEPARATION_OF_SISTER_CHROMATIDS]
[REACTOME_REGULATED_NECROSIS,REACTOME_REGULATED_NECROSIS] was killed by [REACTOME_DNA_DOUBLE_STRAND_BREAK_REPAIR,REACTOME_DNA_DOUBLE_STRAND_BREAK_REPAIR]
[REACTOME_INTERLEUKIN_12_FAMILY_SIGNALING,REACTOME_INTERLEUKIN_12_FAMILY_SIGNALING] was killed by [REACTOME_REGULATION_OF_IFNA_SIGNALING,REACTOME_REGULATION_OF_IFNA_SIGNALING]
[REACTOME_UNFOLDED_PROTEIN_RESPONSE_UPR,REACTOME_UNFOLDED_PROTEIN_RESPONSE_UPR] was killed by [REACTOME_REGULATION_OF_INSULIN_LIKE_GROWTH_FACTOR_IGF_TRANSPORT_AND_UPTAKE_BY_INSULIN_LIKE_GROWTH_FACTOR_BINDING_PROTEINS_IGFBPS,REACTOME_REGULATION_OF_INSULIN_LIKE_GROWTH_FACTOR_IGF_TRANSPORT_AND_UPTAKE_BY_INSULIN_LIKE_GROWTH_FACTOR_BINDING_PROTEINS_IGFBPS]
[REACTOME_EXTENSION_OF_TELOMERES,REACTOME_EXTENSION_OF_TELOMERES] was killed by [REACTOME_DNA_DOUBLE_STRAND_BREAK_REPAIR,REACTOME_DNA_DOUBLE_STRAND_BREAK_REPAIR]
[REACTOME_HEDGEHOG_OFF_STATE,REACTOME_HEDGEHOG_OFF_STATE] was killed by [REACTOME_SEPARATION_OF_SISTER_CHROMATIDS,REACTOME_SEPARATION_OF_SISTER_CHROMATIDS]
[REACTOME_G0_AND_EARLY_G1,REACTOME_G0_AND_EARLY_G1] was killed by [REACTOME_DNA_DOUBLE_STRAND_BREAK_REPAIR,REACTOME_DNA_DOUBLE_STRAND_BREAK_REPAIR]
[REACTOME_ANTIGEN_PROCESSING_CROSS_PRESENTATION,REACTOME_ANTIGEN_PROCESSING_CROSS_PRESENTATION] was killed by [REACTOME_SEPARATION_OF_SISTER_CHROMATIDS,REACTOME_SEPARATION_OF_SISTER_CHROMATIDS]
[REACTOME_MRNA_CAPPING,REACTOME_MRNA_CAPPING] was killed by [REACTOME_MRNA_SPLICING,REACTOME_MRNA_SPLICING]
[REACTOME_FORMATION_OF_THE_EARLY_ELONGATION_COMPLEX,REACTOME_FORMATION_OF_THE_EARLY_ELONGATION_COMPLEX] was killed by [REACTOME_MRNA_SPLICING,REACTOME_MRNA_SPLICING]
[REACTOME_RHOBTB1_GTPASE_CYCLE,REACTOME_RHOBTB1_GTPASE_CYCLE] was killed by [REACTOME_MRNA_SPLICING,REACTOME_MRNA_SPLICING]
[REACTOME_AMINO_ACID_TRANSPORT_ACROSS_THE_PLASMA_MEMBRANE,REACTOME_AMINO_ACID_TRANSPORT_ACROSS_THE_PLASMA_MEMBRANE] was killed by [REACTOME_TRANSPORT_OF_BILE_SALTS_AND_ORGANIC_ACIDS_METAL_IONS_AND_AMINE_COMPOUNDS,REACTOME_TRANSPORT_OF_BILE_SALTS_AND_ORGANIC_ACIDS_METAL_IONS_AND_AMINE_COMPOUNDS]
[REACTOME_RHOG_GTPASE_CYCLE,REACTOME_RHOG_GTPASE_CYCLE] was killed by [REACTOME_RAC1_GTPASE_CYCLE,REACTOME_RAC1_GTPASE_CYCLE]
[REACTOME_ABC_FAMILY_PROTEINS_MEDIATED_TRANSPORT,REACTOME_ABC_FAMILY_PROTEINS_MEDIATED_TRANSPORT] was killed by [REACTOME_SEPARATION_OF_SISTER_CHROMATIDS,REACTOME_SEPARATION_OF_SISTER_CHROMATIDS]
[REACTOME_GLYCOLYSIS,REACTOME_GLYCOLYSIS] was killed by [REACTOME_SEPARATION_OF_SISTER_CHROMATIDS,REACTOME_SEPARATION_OF_SISTER_CHROMATIDS]
[REACTOME_REGULATION_OF_TP53_ACTIVITY_THROUGH_PHOSPHORYLATION,REACTOME_REGULATION_OF_TP53_ACTIVITY_THROUGH_PHOSPHORYLATION] was killed by [REACTOME_DNA_DOUBLE_STRAND_BREAK_REPAIR,REACTOME_DNA_DOUBLE_STRAND_BREAK_REPAIR]
[REACTOME_PROCESSING_OF_INTRONLESS_PRE_MRNAS,REACTOME_PROCESSING_OF_INTRONLESS_PRE_MRNAS] was killed by [REACTOME_MRNA_SPLICING,REACTOME_MRNA_SPLICING]
[REACTOME_DOWNSTREAM_SIGNALING_EVENTS_OF_B_CELL_RECEPTOR_BCR,REACTOME_DOWNSTREAM_SIGNALING_EVENTS_OF_B_CELL_RECEPTOR_BCR] was killed by [REACTOME_SEPARATION_OF_SISTER_CHROMATIDS,REACTOME_SEPARATION_OF_SISTER_CHROMATIDS]
[REACTOME_TELOMERE_MAINTENANCE,REACTOME_TELOMERE_MAINTENANCE] was killed by [REACTOME_MRNA_SPLICING,REACTOME_MRNA_SPLICING]
[REACTOME_REGULATION_OF_RAS_BY_GAPS,REACTOME_REGULATION_OF_RAS_BY_GAPS] was killed by [REACTOME_SEPARATION_OF_SISTER_CHROMATIDS,REACTOME_SEPARATION_OF_SISTER_CHROMATIDS]
[REACTOME_CELLULAR_RESPONSE_TO_HYPOXIA,REACTOME_CELLULAR_RESPONSE_TO_HYPOXIA] was killed by [REACTOME_SEPARATION_OF_SISTER_CHROMATIDS,REACTOME_SEPARATION_OF_SISTER_CHROMATIDS]
[REACTOME_APOPTOTIC_FACTOR_MEDIATED_RESPONSE,REACTOME_APOPTOTIC_FACTOR_MEDIATED_RESPONSE] was killed by [REACTOME_REGULATION_OF_PTEN_GENE_TRANSCRIPTION,REACTOME_REGULATION_OF_PTEN_GENE_TRANSCRIPTION]
[REACTOME_SIRT1_NEGATIVELY_REGULATES_RRNA_EXPRESSION,REACTOME_SIRT1_NEGATIVELY_REGULATES_RRNA_EXPRESSION] was killed by [REACTOME_DNA_DOUBLE_STRAND_BREAK_REPAIR,REACTOME_DNA_DOUBLE_STRAND_BREAK_REPAIR]
[REACTOME_RHO_GTPASES_ACTIVATE_WASPS_AND_WAVES,REACTOME_RHO_GTPASES_ACTIVATE_WASPS_AND_WAVES] was killed by [REACTOME_RAC1_GTPASE_CYCLE,REACTOME_RAC1_GTPASE_CYCLE]
[REACTOME_CONSTITUTIVE_SIGNALING_BY_ABERRANT_PI3K_IN_CANCER,REACTOME_CONSTITUTIVE_SIGNALING_BY_ABERRANT_PI3K_IN_CANCER] was killed by [REACTOME_RAC1_GTPASE_CYCLE,REACTOME_RAC1_GTPASE_CYCLE]
[REACTOME_RECRUITMENT_OF_NUMA_TO_MITOTIC_CENTROSOMES,REACTOME_RECRUITMENT_OF_NUMA_TO_MITOTIC_CENTROSOMES] was killed by [REACTOME_SEPARATION_OF_SISTER_CHROMATIDS,REACTOME_SEPARATION_OF_SISTER_CHROMATIDS]
[REACTOME_SUMOYLATION_OF_TRANSCRIPTION_COFACTORS,REACTOME_SUMOYLATION_OF_TRANSCRIPTION_COFACTORS] was killed by [REACTOME_DNA_DOUBLE_STRAND_BREAK_REPAIR,REACTOME_DNA_DOUBLE_STRAND_BREAK_REPAIR]
[REACTOME_REGULATION_OF_GLUCOKINASE_BY_GLUCOKINASE_REGULATORY_PROTEIN,REACTOME_REGULATION_OF_GLUCOKINASE_BY_GLUCOKINASE_REGULATORY_PROTEIN] was killed by [REACTOME_SEPARATION_OF_SISTER_CHROMATIDS,REACTOME_SEPARATION_OF_SISTER_CHROMATIDS]
[REACTOME_MEIOSIS,REACTOME_MEIOSIS] was killed by [REACTOME_DNA_DOUBLE_STRAND_BREAK_REPAIR,REACTOME_DNA_DOUBLE_STRAND_BREAK_REPAIR]
[REACTOME_RNA_POLYMERASE_III_TRANSCRIPTION,REACTOME_RNA_POLYMERASE_III_TRANSCRIPTION] was killed by [REACTOME_MRNA_SPLICING,REACTOME_MRNA_SPLICING]
[REACTOME_INTERLEUKIN_7_SIGNALING,REACTOME_INTERLEUKIN_7_SIGNALING] was killed by [REACTOME_REGULATION_OF_IFNA_SIGNALING,REACTOME_REGULATION_OF_IFNA_SIGNALING]
[REACTOME_SIGNALING_BY_TGF_BETA_RECEPTOR_COMPLEX,REACTOME_SIGNALING_BY_TGF_BETA_RECEPTOR_COMPLEX] was killed by [REACTOME_SEPARATION_OF_SISTER_CHROMATIDS,REACTOME_SEPARATION_OF_SISTER_CHROMATIDS]
[REACTOME_DNA_METHYLATION,REACTOME_DNA_METHYLATION] was killed by [REACTOME_DNA_DOUBLE_STRAND_BREAK_REPAIR,REACTOME_DNA_DOUBLE_STRAND_BREAK_REPAIR]
[REACTOME_SYNTHESIS_OF_ACTIVE_UBIQUITIN_ROLES_OF_E1_AND_E2_ENZYMES,REACTOME_SYNTHESIS_OF_ACTIVE_UBIQUITIN_ROLES_OF_E1_AND_E2_ENZYMES] was killed by [REACTOME_SEPARATION_OF_SISTER_CHROMATIDS,REACTOME_SEPARATION_OF_SISTER_CHROMATIDS]
[REACTOME_SARS_COV_2_INFECTION,REACTOME_SARS_COV_2_INFECTION] was killed by [REACTOME_DNA_DOUBLE_STRAND_BREAK_REPAIR,REACTOME_DNA_DOUBLE_STRAND_BREAK_REPAIR]
[REACTOME_FORMATION_OF_INCISION_COMPLEX_IN_GG_NER,REACTOME_FORMATION_OF_INCISION_COMPLEX_IN_GG_NER] was killed by [REACTOME_SEPARATION_OF_SISTER_CHROMATIDS,REACTOME_SEPARATION_OF_SISTER_CHROMATIDS]
[REACTOME_DNA_STRAND_ELONGATION,REACTOME_DNA_STRAND_ELONGATION] was killed by [REACTOME_DNA_DOUBLE_STRAND_BREAK_REPAIR,REACTOME_DNA_DOUBLE_STRAND_BREAK_REPAIR]
[REACTOME_DEGRADATION_OF_THE_EXTRACELLULAR_MATRIX,REACTOME_DEGRADATION_OF_THE_EXTRACELLULAR_MATRIX] was killed by [REACTOME_REGULATION_OF_INSULIN_LIKE_GROWTH_FACTOR_IGF_TRANSPORT_AND_UPTAKE_BY_INSULIN_LIKE_GROWTH_FACTOR_BINDING_PROTEINS_IGFBPS,REACTOME_REGULATION_OF_INSULIN_LIKE_GROWTH_FACTOR_IGF_TRANSPORT_AND_UPTAKE_BY_INSULIN_LIKE_GROWTH_FACTOR_BINDING_PROTEINS_IGFBPS]
[REACTOME_FORMATION_OF_RNA_POL_II_ELONGATION_COMPLEX,REACTOME_FORMATION_OF_RNA_POL_II_ELONGATION_COMPLEX] was killed by [REACTOME_MRNA_SPLICING,REACTOME_MRNA_SPLICING]
[REACTOME_PKMTS_METHYLATE_HISTONE_LYSINES,REACTOME_PKMTS_METHYLATE_HISTONE_LYSINES] was killed by [REACTOME_DNA_DOUBLE_STRAND_BREAK_REPAIR,REACTOME_DNA_DOUBLE_STRAND_BREAK_REPAIR]
[REACTOME_DEFECTIVE_CFTR_CAUSES_CYSTIC_FIBROSIS,REACTOME_DEFECTIVE_CFTR_CAUSES_CYSTIC_FIBROSIS] was killed by [REACTOME_SEPARATION_OF_SISTER_CHROMATIDS,REACTOME_SEPARATION_OF_SISTER_CHROMATIDS]
[REACTOME_MASTL_FACILITATES_MITOTIC_PROGRESSION,REACTOME_MASTL_FACILITATES_MITOTIC_PROGRESSION] was killed by [REACTOME_SEPARATION_OF_SISTER_CHROMATIDS,REACTOME_SEPARATION_OF_SISTER_CHROMATIDS]
[REACTOME_HOMOLOGOUS_DNA_PAIRING_AND_STRAND_EXCHANGE,REACTOME_HOMOLOGOUS_DNA_PAIRING_AND_STRAND_EXCHANGE] was killed by [REACTOME_DNA_DOUBLE_STRAND_BREAK_REPAIR,REACTOME_DNA_DOUBLE_STRAND_BREAK_REPAIR]
[REACTOME_ALPHA_DEFENSINS,REACTOME_ALPHA_DEFENSINS] was killed by [REACTOME_ANTIMICROBIAL_PEPTIDES,REACTOME_ANTIMICROBIAL_PEPTIDES]
[REACTOME_NUCLEAR_EVENTS_KINASE_AND_TRANSCRIPTION_FACTOR_ACTIVATION,REACTOME_NUCLEAR_EVENTS_KINASE_AND_TRANSCRIPTION_FACTOR_ACTIVATION] was killed by [REACTOME_SEPARATION_OF_SISTER_CHROMATIDS,REACTOME_SEPARATION_OF_SISTER_CHROMATIDS]
[REACTOME_AUF1_HNRNP_D0_BINDS_AND_DESTABILIZES_MRNA,REACTOME_AUF1_HNRNP_D0_BINDS_AND_DESTABILIZES_MRNA] was killed by [REACTOME_SEPARATION_OF_SISTER_CHROMATIDS,REACTOME_SEPARATION_OF_SISTER_CHROMATIDS]
[REACTOME_O_LINKED_GLYCOSYLATION,REACTOME_O_LINKED_GLYCOSYLATION] was killed by [REACTOME_DECTIN_2_FAMILY,REACTOME_DECTIN_2_FAMILY]
[REACTOME_TRANSCRIPTION_OF_THE_HIV_GENOME,REACTOME_TRANSCRIPTION_OF_THE_HIV_GENOME] was killed by [REACTOME_MRNA_SPLICING,REACTOME_MRNA_SPLICING]
[REACTOME_CYTOSOLIC_SENSORS_OF_PATHOGEN_ASSOCIATED_DNA,REACTOME_CYTOSOLIC_SENSORS_OF_PATHOGEN_ASSOCIATED_DNA] was killed by [REACTOME_MRNA_SPLICING,REACTOME_MRNA_SPLICING]
[REACTOME_TNFR1_INDUCED_NFKAPPAB_SIGNALING_PATHWAY,REACTOME_TNFR1_INDUCED_NFKAPPAB_SIGNALING_PATHWAY] was killed by [REACTOME_SEPARATION_OF_SISTER_CHROMATIDS,REACTOME_SEPARATION_OF_SISTER_CHROMATIDS]
[REACTOME_SENESCENCE_ASSOCIATED_SECRETORY_PHENOTYPE_SASP,REACTOME_SENESCENCE_ASSOCIATED_SECRETORY_PHENOTYPE_SASP] was killed by [REACTOME_SEPARATION_OF_SISTER_CHROMATIDS,REACTOME_SEPARATION_OF_SISTER_CHROMATIDS]
[REACTOME_TRANSCRIPTION_OF_E2F_TARGETS_UNDER_NEGATIVE_CONTROL_BY_DREAM_COMPLEX,REACTOME_TRANSCRIPTION_OF_E2F_TARGETS_UNDER_NEGATIVE_CONTROL_BY_DREAM_COMPLEX] was killed by [REACTOME_REGULATION_OF_PTEN_GENE_TRANSCRIPTION,REACTOME_REGULATION_OF_PTEN_GENE_TRANSCRIPTION]
[REACTOME_RAC2_GTPASE_CYCLE,REACTOME_RAC2_GTPASE_CYCLE] was killed by [REACTOME_RAC1_GTPASE_CYCLE,REACTOME_RAC1_GTPASE_CYCLE]
[REACTOME_RNA_POLYMERASE_III_TRANSCRIPTION_INITIATION_FROM_TYPE_3_PROMOTER,REACTOME_RNA_POLYMERASE_III_TRANSCRIPTION_INITIATION_FROM_TYPE_3_PROMOTER] was killed by [REACTOME_MRNA_SPLICING,REACTOME_MRNA_SPLICING]
[REACTOME_HIV_TRANSCRIPTION_ELONGATION,REACTOME_HIV_TRANSCRIPTION_ELONGATION] was killed by [REACTOME_MRNA_SPLICING,REACTOME_MRNA_SPLICING]
[REACTOME_REGULATION_OF_RUNX3_EXPRESSION_AND_ACTIVITY,REACTOME_REGULATION_OF_RUNX3_EXPRESSION_AND_ACTIVITY] was killed by [REACTOME_SEPARATION_OF_SISTER_CHROMATIDS,REACTOME_SEPARATION_OF_SISTER_CHROMATIDS]
[REACTOME_ACTIVATED_PKN1_STIMULATES_TRANSCRIPTION_OF_AR_ANDROGEN_RECEPTOR_REGULATED_GENES_KLK2_AND_KLK3,REACTOME_ACTIVATED_PKN1_STIMULATES_TRANSCRIPTION_OF_AR_ANDROGEN_RECEPTOR_REGULATED_GENES_KLK2_AND_KLK3] was killed by [REACTOME_DNA_DOUBLE_STRAND_BREAK_REPAIR,REACTOME_DNA_DOUBLE_STRAND_BREAK_REPAIR]
[REACTOME_DEPOSITION_OF_NEW_CENPA_CONTAINING_NUCLEOSOMES_AT_THE_CENTROMERE,REACTOME_DEPOSITION_OF_NEW_CENPA_CONTAINING_NUCLEOSOMES_AT_THE_CENTROMERE] was killed by [REACTOME_SEPARATION_OF_SISTER_CHROMATIDS,REACTOME_SEPARATION_OF_SISTER_CHROMATIDS]
[REACTOME_TOLL_LIKE_RECEPTOR_CASCADES,REACTOME_TOLL_LIKE_RECEPTOR_CASCADES] was killed by [REACTOME_SEPARATION_OF_SISTER_CHROMATIDS,REACTOME_SEPARATION_OF_SISTER_CHROMATIDS]
[REACTOME_DEGRADATION_OF_AXIN,REACTOME_DEGRADATION_OF_AXIN] was killed by [REACTOME_SEPARATION_OF_SISTER_CHROMATIDS,REACTOME_SEPARATION_OF_SISTER_CHROMATIDS]
[REACTOME_APC_CDC20_MEDIATED_DEGRADATION_OF_NEK2A,REACTOME_APC_CDC20_MEDIATED_DEGRADATION_OF_NEK2A] was killed by [REACTOME_SEPARATION_OF_SISTER_CHROMATIDS,REACTOME_SEPARATION_OF_SISTER_CHROMATIDS]
[REACTOME_INTERLEUKIN_12_SIGNALING,REACTOME_INTERLEUKIN_12_SIGNALING] was killed by [REACTOME_REGULATION_OF_IFNA_SIGNALING,REACTOME_REGULATION_OF_IFNA_SIGNALING]
[REACTOME_REGULATION_OF_TP53_EXPRESSION_AND_DEGRADATION,REACTOME_REGULATION_OF_TP53_EXPRESSION_AND_DEGRADATION] was killed by [REACTOME_SEPARATION_OF_SISTER_CHROMATIDS,REACTOME_SEPARATION_OF_SISTER_CHROMATIDS]
[REACTOME_INTERLEUKIN_1_FAMILY_SIGNALING,REACTOME_INTERLEUKIN_1_FAMILY_SIGNALING] was killed by [REACTOME_SEPARATION_OF_SISTER_CHROMATIDS,REACTOME_SEPARATION_OF_SISTER_CHROMATIDS]
[REACTOME_STRIATED_MUSCLE_CONTRACTION,REACTOME_STRIATED_MUSCLE_CONTRACTION] was killed by [REACTOME_MUSCLE_CONTRACTION,REACTOME_MUSCLE_CONTRACTION]
[REACTOME_GOLGI_ASSOCIATED_VESICLE_BIOGENESIS,REACTOME_GOLGI_ASSOCIATED_VESICLE_BIOGENESIS] was killed by [REACTOME_TRANS_GOLGI_NETWORK_VESICLE_BUDDING,REACTOME_TRANS_GOLGI_NETWORK_VESICLE_BUDDING]
[REACTOME_METABOLISM_OF_VITAMINS_AND_COFACTORS,REACTOME_METABOLISM_OF_VITAMINS_AND_COFACTORS] was killed by [REACTOME_MRNA_SPLICING,REACTOME_MRNA_SPLICING]
[REACTOME_PI_METABOLISM,REACTOME_PI_METABOLISM] was killed by [REACTOME_RAB_REGULATION_OF_TRAFFICKING,REACTOME_RAB_REGULATION_OF_TRAFFICKING]
[REACTOME_PURINERGIC_SIGNALING_IN_LEISHMANIASIS_INFECTION,REACTOME_PURINERGIC_SIGNALING_IN_LEISHMANIASIS_INFECTION] was killed by [REACTOME_REGULATION_OF_INSULIN_LIKE_GROWTH_FACTOR_IGF_TRANSPORT_AND_UPTAKE_BY_INSULIN_LIKE_GROWTH_FACTOR_BINDING_PROTEINS_IGFBPS,REACTOME_REGULATION_OF_INSULIN_LIKE_GROWTH_FACTOR_IGF_TRANSPORT_AND_UPTAKE_BY_INSULIN_LIKE_GROWTH_FACTOR_BINDING_PROTEINS_IGFBPS]
[REACTOME_CONSTITUTIVE_SIGNALING_BY_AKT1_E17K_IN_CANCER,REACTOME_CONSTITUTIVE_SIGNALING_BY_AKT1_E17K_IN_CANCER] was killed by [REACTOME_REGULATION_OF_PTEN_GENE_TRANSCRIPTION,REACTOME_REGULATION_OF_PTEN_GENE_TRANSCRIPTION]
[REACTOME_FORMATION_OF_THE_BETA_CATENIN_TCF_TRANSACTIVATING_COMPLEX,REACTOME_FORMATION_OF_THE_BETA_CATENIN_TCF_TRANSACTIVATING_COMPLEX] was killed by [REACTOME_DNA_DOUBLE_STRAND_BREAK_REPAIR,REACTOME_DNA_DOUBLE_STRAND_BREAK_REPAIR]
[REACTOME_CYCLIN_D_ASSOCIATED_EVENTS_IN_G1,REACTOME_CYCLIN_D_ASSOCIATED_EVENTS_IN_G1] was killed by [REACTOME_SEPARATION_OF_SISTER_CHROMATIDS,REACTOME_SEPARATION_OF_SISTER_CHROMATIDS]
[REACTOME_E3_UBIQUITIN_LIGASES_UBIQUITINATE_TARGET_PROTEINS,REACTOME_E3_UBIQUITIN_LIGASES_UBIQUITINATE_TARGET_PROTEINS] was killed by [REACTOME_SEPARATION_OF_SISTER_CHROMATIDS,REACTOME_SEPARATION_OF_SISTER_CHROMATIDS]
[REACTOME_FORMATION_OF_APOPTOSOME,REACTOME_FORMATION_OF_APOPTOSOME] was killed by [REACTOME_REGULATION_OF_PTEN_GENE_TRANSCRIPTION,REACTOME_REGULATION_OF_PTEN_GENE_TRANSCRIPTION]
[REACTOME_PEPTIDE_HORMONE_METABOLISM,REACTOME_PEPTIDE_HORMONE_METABOLISM] was killed by [REACTOME_SRP_DEPENDENT_COTRANSLATIONAL_PROTEIN_TARGETING_TO_MEMBRANE,REACTOME_SRP_DEPENDENT_COTRANSLATIONAL_PROTEIN_TARGETING_TO_MEMBRANE]
[REACTOME_SPHINGOLIPID_METABOLISM,REACTOME_SPHINGOLIPID_METABOLISM] was killed by [REACTOME_GLYCOSAMINOGLYCAN_METABOLISM,REACTOME_GLYCOSAMINOGLYCAN_METABOLISM]
[REACTOME_NGF_STIMULATED_TRANSCRIPTION,REACTOME_NGF_STIMULATED_TRANSCRIPTION] was killed by [REACTOME_REGULATION_OF_PTEN_GENE_TRANSCRIPTION,REACTOME_REGULATION_OF_PTEN_GENE_TRANSCRIPTION]
[REACTOME_DISEASES_OF_MITOTIC_CELL_CYCLE,REACTOME_DISEASES_OF_MITOTIC_CELL_CYCLE] was killed by [REACTOME_SEPARATION_OF_SISTER_CHROMATIDS,REACTOME_SEPARATION_OF_SISTER_CHROMATIDS]
[REACTOME_SEROTONIN_NEUROTRANSMITTER_RELEASE_CYCLE,REACTOME_SEROTONIN_NEUROTRANSMITTER_RELEASE_CYCLE] was killed by [REACTOME_UPTAKE_AND_ACTIONS_OF_BACTERIAL_TOXINS,REACTOME_UPTAKE_AND_ACTIONS_OF_BACTERIAL_TOXINS]
[REACTOME_NOREPINEPHRINE_NEUROTRANSMITTER_RELEASE_CYCLE,REACTOME_NOREPINEPHRINE_NEUROTRANSMITTER_RELEASE_CYCLE] was killed by [REACTOME_TRANSPORT_OF_BILE_SALTS_AND_ORGANIC_ACIDS_METAL_IONS_AND_AMINE_COMPOUNDS,REACTOME_TRANSPORT_OF_BILE_SALTS_AND_ORGANIC_ACIDS_METAL_IONS_AND_AMINE_COMPOUNDS]
[REACTOME_REGULATION_OF_LIPID_METABOLISM_BY_PPARALPHA,REACTOME_REGULATION_OF_LIPID_METABOLISM_BY_PPARALPHA] was killed by [REACTOME_PHASE_I_FUNCTIONALIZATION_OF_COMPOUNDS,REACTOME_PHASE_I_FUNCTIONALIZATION_OF_COMPOUNDS]
[REACTOME_SUMOYLATION_OF_TRANSCRIPTION_FACTORS,REACTOME_SUMOYLATION_OF_TRANSCRIPTION_FACTORS] was killed by [REACTOME_DNA_DOUBLE_STRAND_BREAK_REPAIR,REACTOME_DNA_DOUBLE_STRAND_BREAK_REPAIR]
[REACTOME_N_GLYCAN_TRIMMING_IN_THE_ER_AND_CALNEXIN_CALRETICULIN_CYCLE,REACTOME_N_GLYCAN_TRIMMING_IN_THE_ER_AND_CALNEXIN_CALRETICULIN_CYCLE] was killed by [REACTOME_SEPARATION_OF_SISTER_CHROMATIDS,REACTOME_SEPARATION_OF_SISTER_CHROMATIDS]
[REACTOME_RESPONSE_TO_ELEVATED_PLATELET_CYTOSOLIC_CA2,REACTOME_RESPONSE_TO_ELEVATED_PLATELET_CYTOSOLIC_CA2] was killed by [REACTOME_REGULATION_OF_INSULIN_LIKE_GROWTH_FACTOR_IGF_TRANSPORT_AND_UPTAKE_BY_INSULIN_LIKE_GROWTH_FACTOR_BINDING_PROTEINS_IGFBPS,REACTOME_REGULATION_OF_INSULIN_LIKE_GROWTH_FACTOR_IGF_TRANSPORT_AND_UPTAKE_BY_INSULIN_LIKE_GROWTH_FACTOR_BINDING_PROTEINS_IGFBPS]
[REACTOME_TRANSCRIPTIONAL_ACTIVITY_OF_SMAD2_SMAD3_SMAD4_HETEROTRIMER,REACTOME_TRANSCRIPTIONAL_ACTIVITY_OF_SMAD2_SMAD3_SMAD4_HETEROTRIMER] was killed by [REACTOME_SEPARATION_OF_SISTER_CHROMATIDS,REACTOME_SEPARATION_OF_SISTER_CHROMATIDS]
[REACTOME_TRANSCRIPTIONAL_REGULATION_BY_RUNX3,REACTOME_TRANSCRIPTIONAL_REGULATION_BY_RUNX3] was killed by [REACTOME_SEPARATION_OF_SISTER_CHROMATIDS,REACTOME_SEPARATION_OF_SISTER_CHROMATIDS]
[REACTOME_CRISTAE_FORMATION,REACTOME_CRISTAE_FORMATION] was killed by [REACTOME_THE_CITRIC_ACID_TCA_CYCLE_AND_RESPIRATORY_ELECTRON_TRANSPORT,REACTOME_THE_CITRIC_ACID_TCA_CYCLE_AND_RESPIRATORY_ELECTRON_TRANSPORT]
[REACTOME_RNA_POLYMERASE_III_TRANSCRIPTION_INITIATION_FROM_TYPE_1_PROMOTER,REACTOME_RNA_POLYMERASE_III_TRANSCRIPTION_INITIATION_FROM_TYPE_1_PROMOTER] was killed by [REACTOME_MRNA_SPLICING,REACTOME_MRNA_SPLICING]
[REACTOME_SIGNALING_BY_HEDGEHOG,REACTOME_SIGNALING_BY_HEDGEHOG] was killed by [REACTOME_SEPARATION_OF_SISTER_CHROMATIDS,REACTOME_SEPARATION_OF_SISTER_CHROMATIDS]
[REACTOME_CALCITONIN_LIKE_LIGAND_RECEPTORS,REACTOME_CALCITONIN_LIKE_LIGAND_RECEPTORS] was killed by [REACTOME_CLASS_B_2_SECRETIN_FAMILY_RECEPTORS,REACTOME_CLASS_B_2_SECRETIN_FAMILY_RECEPTORS]
[REACTOME_MTOR_SIGNALLING,REACTOME_MTOR_SIGNALLING] was killed by [REACTOME_REGULATION_OF_PTEN_GENE_TRANSCRIPTION,REACTOME_REGULATION_OF_PTEN_GENE_TRANSCRIPTION]
[REACTOME_ECM_PROTEOGLYCANS,REACTOME_ECM_PROTEOGLYCANS] was killed by [REACTOME_REGULATION_OF_INSULIN_LIKE_GROWTH_FACTOR_IGF_TRANSPORT_AND_UPTAKE_BY_INSULIN_LIKE_GROWTH_FACTOR_BINDING_PROTEINS_IGFBPS,REACTOME_REGULATION_OF_INSULIN_LIKE_GROWTH_FACTOR_IGF_TRANSPORT_AND_UPTAKE_BY_INSULIN_LIKE_GROWTH_FACTOR_BINDING_PROTEINS_IGFBPS]
[REACTOME_RIPK1_MEDIATED_REGULATED_NECROSIS,REACTOME_RIPK1_MEDIATED_REGULATED_NECROSIS] was killed by [REACTOME_SEPARATION_OF_SISTER_CHROMATIDS,REACTOME_SEPARATION_OF_SISTER_CHROMATIDS]
[REACTOME_DEATH_RECEPTOR_SIGNALLING,REACTOME_DEATH_RECEPTOR_SIGNALLING] was killed by [REACTOME_RAC1_GTPASE_CYCLE,REACTOME_RAC1_GTPASE_CYCLE]
[REACTOME_ACTIVATION_OF_ANTERIOR_HOX_GENES_IN_HINDBRAIN_DEVELOPMENT_DURING_EARLY_EMBRYOGENESIS,REACTOME_ACTIVATION_OF_ANTERIOR_HOX_GENES_IN_HINDBRAIN_DEVELOPMENT_DURING_EARLY_EMBRYOGENESIS] was killed by [REACTOME_MRNA_SPLICING,REACTOME_MRNA_SPLICING]
[REACTOME_E2F_MEDIATED_REGULATION_OF_DNA_REPLICATION,REACTOME_E2F_MEDIATED_REGULATION_OF_DNA_REPLICATION] was killed by [REACTOME_SEPARATION_OF_SISTER_CHROMATIDS,REACTOME_SEPARATION_OF_SISTER_CHROMATIDS]
[REACTOME_GAP_JUNCTION_ASSEMBLY,REACTOME_GAP_JUNCTION_ASSEMBLY] was killed by [REACTOME_SEPARATION_OF_SISTER_CHROMATIDS,REACTOME_SEPARATION_OF_SISTER_CHROMATIDS]
[REACTOME_NOD1_2_SIGNALING_PATHWAY,REACTOME_NOD1_2_SIGNALING_PATHWAY] was killed by [REACTOME_SEPARATION_OF_SISTER_CHROMATIDS,REACTOME_SEPARATION_OF_SISTER_CHROMATIDS]
[REACTOME_TRAF6_MEDIATED_IRF7_ACTIVATION,REACTOME_TRAF6_MEDIATED_IRF7_ACTIVATION] was killed by [REACTOME_REGULATION_OF_IFNA_SIGNALING,REACTOME_REGULATION_OF_IFNA_SIGNALING]
[REACTOME_SIGNALING_BY_VEGF,REACTOME_SIGNALING_BY_VEGF] was killed by [REACTOME_MUSCLE_CONTRACTION,REACTOME_MUSCLE_CONTRACTION]
[REACTOME_INTERFERON_GAMMA_SIGNALING,REACTOME_INTERFERON_GAMMA_SIGNALING] was killed by [REACTOME_REGULATION_OF_IFNA_SIGNALING,REACTOME_REGULATION_OF_IFNA_SIGNALING]
[REACTOME_RMTS_METHYLATE_HISTONE_ARGININES,REACTOME_RMTS_METHYLATE_HISTONE_ARGININES] was killed by [REACTOME_DNA_DOUBLE_STRAND_BREAK_REPAIR,REACTOME_DNA_DOUBLE_STRAND_BREAK_REPAIR]
[REACTOME_HIV_ELONGATION_ARREST_AND_RECOVERY,REACTOME_HIV_ELONGATION_ARREST_AND_RECOVERY] was killed by [REACTOME_MRNA_SPLICING,REACTOME_MRNA_SPLICING]
[REACTOME_RAB_GEFS_EXCHANGE_GTP_FOR_GDP_ON_RABS,REACTOME_RAB_GEFS_EXCHANGE_GTP_FOR_GDP_ON_RABS] was killed by [REACTOME_RAB_REGULATION_OF_TRAFFICKING,REACTOME_RAB_REGULATION_OF_TRAFFICKING]
[REACTOME_AKT_PHOSPHORYLATES_TARGETS_IN_THE_CYTOSOL,REACTOME_AKT_PHOSPHORYLATES_TARGETS_IN_THE_CYTOSOL] was killed by [REACTOME_RAB_REGULATION_OF_TRAFFICKING,REACTOME_RAB_REGULATION_OF_TRAFFICKING]
[REACTOME_APC_C_CDC20_MEDIATED_DEGRADATION_OF_CYCLIN_B,REACTOME_APC_C_CDC20_MEDIATED_DEGRADATION_OF_CYCLIN_B] was killed by [REACTOME_SEPARATION_OF_SISTER_CHROMATIDS,REACTOME_SEPARATION_OF_SISTER_CHROMATIDS]
[REACTOME_G1_S_DNA_DAMAGE_CHECKPOINTS,REACTOME_G1_S_DNA_DAMAGE_CHECKPOINTS] was killed by [REACTOME_SEPARATION_OF_SISTER_CHROMATIDS,REACTOME_SEPARATION_OF_SISTER_CHROMATIDS]
[REACTOME_TRANSLESION_SYNTHESIS_BY_Y_FAMILY_DNA_POLYMERASES_BYPASSES_LESIONS_ON_DNA_TEMPLATE,REACTOME_TRANSLESION_SYNTHESIS_BY_Y_FAMILY_DNA_POLYMERASES_BYPASSES_LESIONS_ON_DNA_TEMPLATE] was killed by [REACTOME_SEPARATION_OF_SISTER_CHROMATIDS,REACTOME_SEPARATION_OF_SISTER_CHROMATIDS]
[REACTOME_BETA_CATENIN_INDEPENDENT_WNT_SIGNALING,REACTOME_BETA_CATENIN_INDEPENDENT_WNT_SIGNALING] was killed by [REACTOME_SEPARATION_OF_SISTER_CHROMATIDS,REACTOME_SEPARATION_OF_SISTER_CHROMATIDS]
[REACTOME_HDR_THROUGH_SINGLE_STRAND_ANNEALING_SSA,REACTOME_HDR_THROUGH_SINGLE_STRAND_ANNEALING_SSA] was killed by [REACTOME_DNA_DOUBLE_STRAND_BREAK_REPAIR,REACTOME_DNA_DOUBLE_STRAND_BREAK_REPAIR]
[REACTOME_COPI_DEPENDENT_GOLGI_TO_ER_RETROGRADE_TRAFFIC,REACTOME_COPI_DEPENDENT_GOLGI_TO_ER_RETROGRADE_TRAFFIC] was killed by [REACTOME_SEPARATION_OF_SISTER_CHROMATIDS,REACTOME_SEPARATION_OF_SISTER_CHROMATIDS]
[REACTOME_TGF_BETA_RECEPTOR_SIGNALING_ACTIVATES_SMADS,REACTOME_TGF_BETA_RECEPTOR_SIGNALING_ACTIVATES_SMADS] was killed by [REACTOME_SEPARATION_OF_SISTER_CHROMATIDS,REACTOME_SEPARATION_OF_SISTER_CHROMATIDS]
[REACTOME_TRANSCRIPTIONAL_REGULATION_OF_GRANULOPOIESIS,REACTOME_TRANSCRIPTIONAL_REGULATION_OF_GRANULOPOIESIS] was killed by [REACTOME_DNA_DOUBLE_STRAND_BREAK_REPAIR,REACTOME_DNA_DOUBLE_STRAND_BREAK_REPAIR]
[REACTOME_METALLOPROTEASE_DUBS,REACTOME_METALLOPROTEASE_DUBS] was killed by [REACTOME_SEPARATION_OF_SISTER_CHROMATIDS,REACTOME_SEPARATION_OF_SISTER_CHROMATIDS]
[REACTOME_VISUAL_PHOTOTRANSDUCTION,REACTOME_VISUAL_PHOTOTRANSDUCTION] was killed by [REACTOME_REGULATION_OF_INSULIN_LIKE_GROWTH_FACTOR_IGF_TRANSPORT_AND_UPTAKE_BY_INSULIN_LIKE_GROWTH_FACTOR_BINDING_PROTEINS_IGFBPS,REACTOME_REGULATION_OF_INSULIN_LIKE_GROWTH_FACTOR_IGF_TRANSPORT_AND_UPTAKE_BY_INSULIN_LIKE_GROWTH_FACTOR_BINDING_PROTEINS_IGFBPS]
[REACTOME_COLLAGEN_DEGRADATION,REACTOME_COLLAGEN_DEGRADATION] was killed by [REACTOME_ASSEMBLY_OF_COLLAGEN_FIBRILS_AND_OTHER_MULTIMERIC_STRUCTURES,REACTOME_ASSEMBLY_OF_COLLAGEN_FIBRILS_AND_OTHER_MULTIMERIC_STRUCTURES]
[REACTOME_SARS_COV_1_INFECTION,REACTOME_SARS_COV_1_INFECTION] was killed by [REACTOME_SEPARATION_OF_SISTER_CHROMATIDS,REACTOME_SEPARATION_OF_SISTER_CHROMATIDS]
[REACTOME_INFLAMMASOMES,REACTOME_INFLAMMASOMES] was killed by [REACTOME_TP53_REGULATES_TRANSCRIPTION_OF_CELL_DEATH_GENES,REACTOME_TP53_REGULATES_TRANSCRIPTION_OF_CELL_DEATH_GENES]
[REACTOME_TELOMERE_C_STRAND_LAGGING_STRAND_SYNTHESIS,REACTOME_TELOMERE_C_STRAND_LAGGING_STRAND_SYNTHESIS] was killed by [REACTOME_DNA_DOUBLE_STRAND_BREAK_REPAIR,REACTOME_DNA_DOUBLE_STRAND_BREAK_REPAIR]
[REACTOME_ASSEMBLY_OF_ACTIVE_LPL_AND_LIPC_LIPASE_COMPLEXES,REACTOME_ASSEMBLY_OF_ACTIVE_LPL_AND_LIPC_LIPASE_COMPLEXES] was killed by [REACTOME_TRANSCRIPTIONAL_REGULATION_OF_WHITE_ADIPOCYTE_DIFFERENTIATION,REACTOME_TRANSCRIPTIONAL_REGULATION_OF_WHITE_ADIPOCYTE_DIFFERENTIATION]
[REACTOME_INTERLEUKIN_23_SIGNALING,REACTOME_INTERLEUKIN_23_SIGNALING] was killed by [REACTOME_REGULATION_OF_IFNA_SIGNALING,REACTOME_REGULATION_OF_IFNA_SIGNALING]
[REACTOME_MICRORNA_MIRNA_BIOGENESIS,REACTOME_MICRORNA_MIRNA_BIOGENESIS] was killed by [REACTOME_MRNA_SPLICING,REACTOME_MRNA_SPLICING]
[REACTOME_INHIBITION_OF_THE_PROTEOLYTIC_ACTIVITY_OF_APC_C_REQUIRED_FOR_THE_ONSET_OF_ANAPHASE_BY_MITOTIC_SPINDLE_CHECKPOINT_COMPONENTS,REACTOME_INHIBITION_OF_THE_PROTEOLYTIC_ACTIVITY_OF_APC_C_REQUIRED_FOR_THE_ONSET_OF_ANAPHASE_BY_MITOTIC_SPINDLE_CHECKPOINT_COMPONENTS] was killed by [REACTOME_SEPARATION_OF_SISTER_CHROMATIDS,REACTOME_SEPARATION_OF_SISTER_CHROMATIDS]
[REACTOME_CLATHRIN_MEDIATED_ENDOCYTOSIS,REACTOME_CLATHRIN_MEDIATED_ENDOCYTOSIS] was killed by [REACTOME_MUSCLE_CONTRACTION,REACTOME_MUSCLE_CONTRACTION]
[REACTOME_RAC3_GTPASE_CYCLE,REACTOME_RAC3_GTPASE_CYCLE] was killed by [REACTOME_RAC1_GTPASE_CYCLE,REACTOME_RAC1_GTPASE_CYCLE]
[REACTOME_TRANSLATION_OF_SARS_COV_2_STRUCTURAL_PROTEINS,REACTOME_TRANSLATION_OF_SARS_COV_2_STRUCTURAL_PROTEINS] was killed by [REACTOME_SEPARATION_OF_SISTER_CHROMATIDS,REACTOME_SEPARATION_OF_SISTER_CHROMATIDS]
[REACTOME_SIGNALING_BY_WNT_IN_CANCER,REACTOME_SIGNALING_BY_WNT_IN_CANCER] was killed by [REACTOME_SEPARATION_OF_SISTER_CHROMATIDS,REACTOME_SEPARATION_OF_SISTER_CHROMATIDS]
[REACTOME_DNA_DAMAGE_TELOMERE_STRESS_INDUCED_SENESCENCE,REACTOME_DNA_DAMAGE_TELOMERE_STRESS_INDUCED_SENESCENCE] was killed by [REACTOME_DNA_DOUBLE_STRAND_BREAK_REPAIR,REACTOME_DNA_DOUBLE_STRAND_BREAK_REPAIR]
[REACTOME_DUAL_INCISION_IN_GG_NER,REACTOME_DUAL_INCISION_IN_GG_NER] was killed by [REACTOME_SEPARATION_OF_SISTER_CHROMATIDS,REACTOME_SEPARATION_OF_SISTER_CHROMATIDS]
[REACTOME_ENDOSOMAL_SORTING_COMPLEX_REQUIRED_FOR_TRANSPORT_ESCRT,REACTOME_ENDOSOMAL_SORTING_COMPLEX_REQUIRED_FOR_TRANSPORT_ESCRT] was killed by [REACTOME_SEPARATION_OF_SISTER_CHROMATIDS,REACTOME_SEPARATION_OF_SISTER_CHROMATIDS]
[REACTOME_SIGNALING_BY_TGFB_FAMILY_MEMBERS,REACTOME_SIGNALING_BY_TGFB_FAMILY_MEMBERS] was killed by [REACTOME_SEPARATION_OF_SISTER_CHROMATIDS,REACTOME_SEPARATION_OF_SISTER_CHROMATIDS]
[REACTOME_MET_ACTIVATES_PTK2_SIGNALING,REACTOME_MET_ACTIVATES_PTK2_SIGNALING] was killed by [REACTOME_REGULATION_OF_INSULIN_LIKE_GROWTH_FACTOR_IGF_TRANSPORT_AND_UPTAKE_BY_INSULIN_LIKE_GROWTH_FACTOR_BINDING_PROTEINS_IGFBPS,REACTOME_REGULATION_OF_INSULIN_LIKE_GROWTH_FACTOR_IGF_TRANSPORT_AND_UPTAKE_BY_INSULIN_LIKE_GROWTH_FACTOR_BINDING_PROTEINS_IGFBPS]
[REACTOME_CYTOCHROME_P450_ARRANGED_BY_SUBSTRATE_TYPE,REACTOME_CYTOCHROME_P450_ARRANGED_BY_SUBSTRATE_TYPE] was killed by [REACTOME_PHASE_I_FUNCTIONALIZATION_OF_COMPOUNDS,REACTOME_PHASE_I_FUNCTIONALIZATION_OF_COMPOUNDS]
[REACTOME_TRANSCRIPTION_OF_E2F_TARGETS_UNDER_NEGATIVE_CONTROL_BY_P107_RBL1_AND_P130_RBL2_IN_COMPLEX_WITH_HDAC1,REACTOME_TRANSCRIPTION_OF_E2F_TARGETS_UNDER_NEGATIVE_CONTROL_BY_P107_RBL1_AND_P130_RBL2_IN_COMPLEX_WITH_HDAC1] was killed by [REACTOME_REGULATION_OF_PTEN_GENE_TRANSCRIPTION,REACTOME_REGULATION_OF_PTEN_GENE_TRANSCRIPTION]
[REACTOME_EPH_EPHRIN_MEDIATED_REPULSION_OF_CELLS,REACTOME_EPH_EPHRIN_MEDIATED_REPULSION_OF_CELLS] was killed by [REACTOME_RAC1_GTPASE_CYCLE,REACTOME_RAC1_GTPASE_CYCLE]
[REACTOME_INHIBITION_OF_DNA_RECOMBINATION_AT_TELOMERE,REACTOME_INHIBITION_OF_DNA_RECOMBINATION_AT_TELOMERE] was killed by [REACTOME_MRNA_SPLICING,REACTOME_MRNA_SPLICING]
[REACTOME_RESOLUTION_OF_D_LOOP_STRUCTURES_THROUGH_SYNTHESIS_DEPENDENT_STRAND_ANNEALING_SDSA,REACTOME_RESOLUTION_OF_D_LOOP_STRUCTURES_THROUGH_SYNTHESIS_DEPENDENT_STRAND_ANNEALING_SDSA] was killed by [REACTOME_DNA_DOUBLE_STRAND_BREAK_REPAIR,REACTOME_DNA_DOUBLE_STRAND_BREAK_REPAIR]
[REACTOME_COPI_INDEPENDENT_GOLGI_TO_ER_RETROGRADE_TRAFFIC,REACTOME_COPI_INDEPENDENT_GOLGI_TO_ER_RETROGRADE_TRAFFIC] was killed by [REACTOME_SEPARATION_OF_SISTER_CHROMATIDS,REACTOME_SEPARATION_OF_SISTER_CHROMATIDS]
[REACTOME_DISEASES_ASSOCIATED_WITH_O_GLYCOSYLATION_OF_PROTEINS,REACTOME_DISEASES_ASSOCIATED_WITH_O_GLYCOSYLATION_OF_PROTEINS] was killed by [REACTOME_DECTIN_2_FAMILY,REACTOME_DECTIN_2_FAMILY]
[REACTOME_ENDOSOMAL_VACUOLAR_PATHWAY,REACTOME_ENDOSOMAL_VACUOLAR_PATHWAY] was killed by [REACTOME_ASSEMBLY_OF_COLLAGEN_FIBRILS_AND_OTHER_MULTIMERIC_STRUCTURES,REACTOME_ASSEMBLY_OF_COLLAGEN_FIBRILS_AND_OTHER_MULTIMERIC_STRUCTURES]
[REACTOME_PHOSPHORYLATION_OF_THE_APC_C,REACTOME_PHOSPHORYLATION_OF_THE_APC_C] was killed by [REACTOME_SEPARATION_OF_SISTER_CHROMATIDS,REACTOME_SEPARATION_OF_SISTER_CHROMATIDS]
[REACTOME_DDX58_IFIH1_MEDIATED_INDUCTION_OF_INTERFERON_ALPHA_BETA,REACTOME_DDX58_IFIH1_MEDIATED_INDUCTION_OF_INTERFERON_ALPHA_BETA] was killed by [REACTOME_PROTEIN_LOCALIZATION,REACTOME_PROTEIN_LOCALIZATION]
[REACTOME_RHOBTB2_GTPASE_CYCLE,REACTOME_RHOBTB2_GTPASE_CYCLE] was killed by [REACTOME_MRNA_SPLICING,REACTOME_MRNA_SPLICING]
[REACTOME_CROSS_PRESENTATION_OF_SOLUBLE_EXOGENOUS_ANTIGENS_ENDOSOMES,REACTOME_CROSS_PRESENTATION_OF_SOLUBLE_EXOGENOUS_ANTIGENS_ENDOSOMES] was killed by [REACTOME_SEPARATION_OF_SISTER_CHROMATIDS,REACTOME_SEPARATION_OF_SISTER_CHROMATIDS]
[REACTOME_SIGNAL_TRANSDUCTION_BY_L1,REACTOME_SIGNAL_TRANSDUCTION_BY_L1] was killed by [REACTOME_RAC1_GTPASE_CYCLE,REACTOME_RAC1_GTPASE_CYCLE]
[REACTOME_ABORTIVE_ELONGATION_OF_HIV_1_TRANSCRIPT_IN_THE_ABSENCE_OF_TAT,REACTOME_ABORTIVE_ELONGATION_OF_HIV_1_TRANSCRIPT_IN_THE_ABSENCE_OF_TAT] was killed by [REACTOME_MRNA_SPLICING,REACTOME_MRNA_SPLICING]
[REACTOME_MAP3K8_TPL2_DEPENDENT_MAPK1_3_ACTIVATION,REACTOME_MAP3K8_TPL2_DEPENDENT_MAPK1_3_ACTIVATION] was killed by [REACTOME_SEPARATION_OF_SISTER_CHROMATIDS,REACTOME_SEPARATION_OF_SISTER_CHROMATIDS]
[REACTOME_CELL_JUNCTION_ORGANIZATION,REACTOME_CELL_JUNCTION_ORGANIZATION] was killed by [REACTOME_ASSEMBLY_OF_COLLAGEN_FIBRILS_AND_OTHER_MULTIMERIC_STRUCTURES,REACTOME_ASSEMBLY_OF_COLLAGEN_FIBRILS_AND_OTHER_MULTIMERIC_STRUCTURES]
[REACTOME_POTENTIAL_THERAPEUTICS_FOR_SARS,REACTOME_POTENTIAL_THERAPEUTICS_FOR_SARS] was killed by [REACTOME_MUSCLE_CONTRACTION,REACTOME_MUSCLE_CONTRACTION]
[REACTOME_COPII_MEDIATED_VESICLE_TRANSPORT,REACTOME_COPII_MEDIATED_VESICLE_TRANSPORT] was killed by [REACTOME_RAB_REGULATION_OF_TRAFFICKING,REACTOME_RAB_REGULATION_OF_TRAFFICKING]
[REACTOME_RNA_POLYMERASE_I_TRANSCRIPTION_INITIATION,REACTOME_RNA_POLYMERASE_I_TRANSCRIPTION_INITIATION] was killed by [REACTOME_MRNA_SPLICING,REACTOME_MRNA_SPLICING]
[REACTOME_TICAM1_RIP1_MEDIATED_IKK_COMPLEX_RECRUITMENT,REACTOME_TICAM1_RIP1_MEDIATED_IKK_COMPLEX_RECRUITMENT] was killed by [REACTOME_SEPARATION_OF_SISTER_CHROMATIDS,REACTOME_SEPARATION_OF_SISTER_CHROMATIDS]
[REACTOME_REGULATION_OF_CHOLESTEROL_BIOSYNTHESIS_BY_SREBP_SREBF,REACTOME_REGULATION_OF_CHOLESTEROL_BIOSYNTHESIS_BY_SREBP_SREBF] was killed by [REACTOME_PHASE_I_FUNCTIONALIZATION_OF_COMPOUNDS,REACTOME_PHASE_I_FUNCTIONALIZATION_OF_COMPOUNDS]
[REACTOME_SIGNALING_BY_NTRKS,REACTOME_SIGNALING_BY_NTRKS] was killed by [REACTOME_PEPTIDE_LIGAND_BINDING_RECEPTORS,REACTOME_PEPTIDE_LIGAND_BINDING_RECEPTORS]
[REACTOME_SYNTHESIS_OF_PIPS_AT_THE_PLASMA_MEMBRANE,REACTOME_SYNTHESIS_OF_PIPS_AT_THE_PLASMA_MEMBRANE] was killed by [REACTOME_RAC1_GTPASE_CYCLE,REACTOME_RAC1_GTPASE_CYCLE]
[REACTOME_TRISTETRAPROLIN_TTP_ZFP36_BINDS_AND_DESTABILIZES_MRNA,REACTOME_TRISTETRAPROLIN_TTP_ZFP36_BINDS_AND_DESTABILIZES_MRNA] was killed by [REACTOME_MRNA_DECAY_BY_3_TO_5_EXORIBONUCLEASE,REACTOME_MRNA_DECAY_BY_3_TO_5_EXORIBONUCLEASE]
[REACTOME_METABOLISM_OF_POLYAMINES,REACTOME_METABOLISM_OF_POLYAMINES] was killed by [REACTOME_SEPARATION_OF_SISTER_CHROMATIDS,REACTOME_SEPARATION_OF_SISTER_CHROMATIDS]
[REACTOME_DEFECTIVE_B4GALT7_CAUSES_EDS_PROGEROID_TYPE,REACTOME_DEFECTIVE_B4GALT7_CAUSES_EDS_PROGEROID_TYPE] was killed by [REACTOME_REGULATION_OF_INSULIN_LIKE_GROWTH_FACTOR_IGF_TRANSPORT_AND_UPTAKE_BY_INSULIN_LIKE_GROWTH_FACTOR_BINDING_PROTEINS_IGFBPS,REACTOME_REGULATION_OF_INSULIN_LIKE_GROWTH_FACTOR_IGF_TRANSPORT_AND_UPTAKE_BY_INSULIN_LIKE_GROWTH_FACTOR_BINDING_PROTEINS_IGFBPS]
[REACTOME_RECOGNITION_OF_DNA_DAMAGE_BY_PCNA_CONTAINING_REPLICATION_COMPLEX,REACTOME_RECOGNITION_OF_DNA_DAMAGE_BY_PCNA_CONTAINING_REPLICATION_COMPLEX] was killed by [REACTOME_SEPARATION_OF_SISTER_CHROMATIDS,REACTOME_SEPARATION_OF_SISTER_CHROMATIDS]
[REACTOME_HIV_TRANSCRIPTION_INITIATION,REACTOME_HIV_TRANSCRIPTION_INITIATION] was killed by [REACTOME_MRNA_SPLICING,REACTOME_MRNA_SPLICING]
[REACTOME_RHOB_GTPASE_CYCLE,REACTOME_RHOB_GTPASE_CYCLE] was killed by [REACTOME_RAC1_GTPASE_CYCLE,REACTOME_RAC1_GTPASE_CYCLE]
[REACTOME_POTASSIUM_CHANNELS,REACTOME_POTASSIUM_CHANNELS] was killed by [REACTOME_MUSCLE_CONTRACTION,REACTOME_MUSCLE_CONTRACTION]
[REACTOME_METABOLISM_OF_FAT_SOLUBLE_VITAMINS,REACTOME_METABOLISM_OF_FAT_SOLUBLE_VITAMINS] was killed by [REACTOME_REGULATION_OF_INSULIN_LIKE_GROWTH_FACTOR_IGF_TRANSPORT_AND_UPTAKE_BY_INSULIN_LIKE_GROWTH_FACTOR_BINDING_PROTEINS_IGFBPS,REACTOME_REGULATION_OF_INSULIN_LIKE_GROWTH_FACTOR_IGF_TRANSPORT_AND_UPTAKE_BY_INSULIN_LIKE_GROWTH_FACTOR_BINDING_PROTEINS_IGFBPS]
[REACTOME_STABILIZATION_OF_P53,REACTOME_STABILIZATION_OF_P53] was killed by [REACTOME_SEPARATION_OF_SISTER_CHROMATIDS,REACTOME_SEPARATION_OF_SISTER_CHROMATIDS]
[REACTOME_VEGFR2_MEDIATED_VASCULAR_PERMEABILITY,REACTOME_VEGFR2_MEDIATED_VASCULAR_PERMEABILITY] was killed by [REACTOME_RAC1_GTPASE_CYCLE,REACTOME_RAC1_GTPASE_CYCLE]
[REACTOME_EPH_EPHRIN_SIGNALING,REACTOME_EPH_EPHRIN_SIGNALING] was killed by [REACTOME_MUSCLE_CONTRACTION,REACTOME_MUSCLE_CONTRACTION]
[REACTOME_CALNEXIN_CALRETICULIN_CYCLE,REACTOME_CALNEXIN_CALRETICULIN_CYCLE] was killed by [REACTOME_SEPARATION_OF_SISTER_CHROMATIDS,REACTOME_SEPARATION_OF_SISTER_CHROMATIDS]
[REACTOME_CONDENSATION_OF_PROPHASE_CHROMOSOMES,REACTOME_CONDENSATION_OF_PROPHASE_CHROMOSOMES] was killed by [REACTOME_DNA_DOUBLE_STRAND_BREAK_REPAIR,REACTOME_DNA_DOUBLE_STRAND_BREAK_REPAIR]
[REACTOME_ABC_TRANSPORTER_DISORDERS,REACTOME_ABC_TRANSPORTER_DISORDERS] was killed by [REACTOME_SEPARATION_OF_SISTER_CHROMATIDS,REACTOME_SEPARATION_OF_SISTER_CHROMATIDS]
[REACTOME_TNFR2_NON_CANONICAL_NF_KB_PATHWAY,REACTOME_TNFR2_NON_CANONICAL_NF_KB_PATHWAY] was killed by [REACTOME_SEPARATION_OF_SISTER_CHROMATIDS,REACTOME_SEPARATION_OF_SISTER_CHROMATIDS]
[REACTOME_INTERLEUKIN_17_SIGNALING,REACTOME_INTERLEUKIN_17_SIGNALING] was killed by [REACTOME_SEPARATION_OF_SISTER_CHROMATIDS,REACTOME_SEPARATION_OF_SISTER_CHROMATIDS]
[REACTOME_GOLGI_CISTERNAE_PERICENTRIOLAR_STACK_REORGANIZATION,REACTOME_GOLGI_CISTERNAE_PERICENTRIOLAR_STACK_REORGANIZATION] was killed by [REACTOME_REGULATION_OF_PTEN_GENE_TRANSCRIPTION,REACTOME_REGULATION_OF_PTEN_GENE_TRANSCRIPTION]
[REACTOME_PTK6_REGULATES_RHO_GTPASES_RAS_GTPASE_AND_MAP_KINASES,REACTOME_PTK6_REGULATES_RHO_GTPASES_RAS_GTPASE_AND_MAP_KINASES] was killed by [REACTOME_RAC1_GTPASE_CYCLE,REACTOME_RAC1_GTPASE_CYCLE]
[REACTOME_RUNX1_INTERACTS_WITH_CO_FACTORS_WHOSE_PRECISE_EFFECT_ON_RUNX1_TARGETS_IS_NOT_KNOWN,REACTOME_RUNX1_INTERACTS_WITH_CO_FACTORS_WHOSE_PRECISE_EFFECT_ON_RUNX1_TARGETS_IS_NOT_KNOWN] was killed by [REACTOME_REGULATION_OF_PTEN_GENE_TRANSCRIPTION,REACTOME_REGULATION_OF_PTEN_GENE_TRANSCRIPTION]
[REACTOME_DOPAMINE_NEUROTRANSMITTER_RELEASE_CYCLE,REACTOME_DOPAMINE_NEUROTRANSMITTER_RELEASE_CYCLE] was killed by [REACTOME_UPTAKE_AND_ACTIONS_OF_BACTERIAL_TOXINS,REACTOME_UPTAKE_AND_ACTIONS_OF_BACTERIAL_TOXINS]
[REACTOME_COLLAGEN_FORMATION,REACTOME_COLLAGEN_FORMATION] was killed by [REACTOME_ASSEMBLY_OF_COLLAGEN_FIBRILS_AND_OTHER_MULTIMERIC_STRUCTURES,REACTOME_ASSEMBLY_OF_COLLAGEN_FIBRILS_AND_OTHER_MULTIMERIC_STRUCTURES]
[REACTOME_AMYLOID_FIBER_FORMATION,REACTOME_AMYLOID_FIBER_FORMATION] was killed by [REACTOME_DNA_DOUBLE_STRAND_BREAK_REPAIR,REACTOME_DNA_DOUBLE_STRAND_BREAK_REPAIR]
[REACTOME_DEGRADATION_OF_DVL,REACTOME_DEGRADATION_OF_DVL] was killed by [REACTOME_SEPARATION_OF_SISTER_CHROMATIDS,REACTOME_SEPARATION_OF_SISTER_CHROMATIDS]
[REACTOME_CELL_CELL_COMMUNICATION,REACTOME_CELL_CELL_COMMUNICATION] was killed by [REACTOME_MRNA_SPLICING,REACTOME_MRNA_SPLICING]
[REACTOME_METABOLISM_OF_AMINE_DERIVED_HORMONES,REACTOME_METABOLISM_OF_AMINE_DERIVED_HORMONES] was killed by [REACTOME_HORMONE_LIGAND_BINDING_RECEPTORS,REACTOME_HORMONE_LIGAND_BINDING_RECEPTORS]
[REACTOME_DEFECTIVE_CHSY1_CAUSES_TPBS,REACTOME_DEFECTIVE_CHSY1_CAUSES_TPBS] was killed by [REACTOME_GLYCOSAMINOGLYCAN_METABOLISM,REACTOME_GLYCOSAMINOGLYCAN_METABOLISM]
[REACTOME_MAPK6_MAPK4_SIGNALING,REACTOME_MAPK6_MAPK4_SIGNALING] was killed by [REACTOME_SEPARATION_OF_SISTER_CHROMATIDS,REACTOME_SEPARATION_OF_SISTER_CHROMATIDS]
[REACTOME_DEFECTIVE_GALNT3_CAUSES_FAMILIAL_HYPERPHOSPHATEMIC_TUMORAL_CALCINOSIS_HFTC,REACTOME_DEFECTIVE_GALNT3_CAUSES_FAMILIAL_HYPERPHOSPHATEMIC_TUMORAL_CALCINOSIS_HFTC] was killed by [REACTOME_DECTIN_2_FAMILY,REACTOME_DECTIN_2_FAMILY]
[REACTOME_CASPASE_ACTIVATION_VIA_EXTRINSIC_APOPTOTIC_SIGNALLING_PATHWAY,REACTOME_CASPASE_ACTIVATION_VIA_EXTRINSIC_APOPTOTIC_SIGNALLING_PATHWAY] was killed by [REACTOME_TP53_REGULATES_TRANSCRIPTION_OF_CELL_DEATH_GENES,REACTOME_TP53_REGULATES_TRANSCRIPTION_OF_CELL_DEATH_GENES]
[REACTOME_ABERRANT_REGULATION_OF_MITOTIC_EXIT_IN_CANCER_DUE_TO_RB1_DEFECTS,REACTOME_ABERRANT_REGULATION_OF_MITOTIC_EXIT_IN_CANCER_DUE_TO_RB1_DEFECTS] was killed by [REACTOME_SEPARATION_OF_SISTER_CHROMATIDS,REACTOME_SEPARATION_OF_SISTER_CHROMATIDS]
[REACTOME_DIGESTION_OF_DIETARY_CARBOHYDRATE,REACTOME_DIGESTION_OF_DIETARY_CARBOHYDRATE] was killed by [REACTOME_DIGESTION_AND_ABSORPTION,REACTOME_DIGESTION_AND_ABSORPTION]
[REACTOME_COPI_MEDIATED_ANTEROGRADE_TRANSPORT,REACTOME_COPI_MEDIATED_ANTEROGRADE_TRANSPORT] was killed by [REACTOME_SEPARATION_OF_SISTER_CHROMATIDS,REACTOME_SEPARATION_OF_SISTER_CHROMATIDS]
[REACTOME_NEGATIVE_REGULATION_OF_MAPK_PATHWAY,REACTOME_NEGATIVE_REGULATION_OF_MAPK_PATHWAY] was killed by [REACTOME_SEPARATION_OF_SISTER_CHROMATIDS,REACTOME_SEPARATION_OF_SISTER_CHROMATIDS]
[REACTOME_JNK_C_JUN_KINASES_PHOSPHORYLATION_AND_ACTIVATION_MEDIATED_BY_ACTIVATED_HUMAN_TAK1,REACTOME_JNK_C_JUN_KINASES_PHOSPHORYLATION_AND_ACTIVATION_MEDIATED_BY_ACTIVATED_HUMAN_TAK1] was killed by [REACTOME_SEPARATION_OF_SISTER_CHROMATIDS,REACTOME_SEPARATION_OF_SISTER_CHROMATIDS]
[REACTOME_BASE_EXCISION_REPAIR,REACTOME_BASE_EXCISION_REPAIR] was killed by [REACTOME_DNA_DOUBLE_STRAND_BREAK_REPAIR,REACTOME_DNA_DOUBLE_STRAND_BREAK_REPAIR]
[REACTOME_IRAK1_RECRUITS_IKK_COMPLEX,REACTOME_IRAK1_RECRUITS_IKK_COMPLEX] was killed by [REACTOME_SEPARATION_OF_SISTER_CHROMATIDS,REACTOME_SEPARATION_OF_SISTER_CHROMATIDS]
[REACTOME_PERK_REGULATES_GENE_EXPRESSION,REACTOME_PERK_REGULATES_GENE_EXPRESSION] was killed by [REACTOME_MRNA_DECAY_BY_3_TO_5_EXORIBONUCLEASE,REACTOME_MRNA_DECAY_BY_3_TO_5_EXORIBONUCLEASE]
[REACTOME_AMINE_LIGAND_BINDING_RECEPTORS,REACTOME_AMINE_LIGAND_BINDING_RECEPTORS] was killed by [REACTOME_SURFACTANT_METABOLISM,REACTOME_SURFACTANT_METABOLISM]
[REACTOME_CELL_EXTRACELLULAR_MATRIX_INTERACTIONS,REACTOME_CELL_EXTRACELLULAR_MATRIX_INTERACTIONS] was killed by [REACTOME_RAC1_GTPASE_CYCLE,REACTOME_RAC1_GTPASE_CYCLE]
[REACTOME_INCRETIN_SYNTHESIS_SECRETION_AND_INACTIVATION,REACTOME_INCRETIN_SYNTHESIS_SECRETION_AND_INACTIVATION] was killed by [REACTOME_SRP_DEPENDENT_COTRANSLATIONAL_PROTEIN_TARGETING_TO_MEMBRANE,REACTOME_SRP_DEPENDENT_COTRANSLATIONAL_PROTEIN_TARGETING_TO_MEMBRANE]
[REACTOME_TYSND1_CLEAVES_PEROXISOMAL_PROTEINS,REACTOME_TYSND1_CLEAVES_PEROXISOMAL_PROTEINS] was killed by [REACTOME_PROTEIN_LOCALIZATION,REACTOME_PROTEIN_LOCALIZATION]
[REACTOME_IKK_COMPLEX_RECRUITMENT_MEDIATED_BY_RIP1,REACTOME_IKK_COMPLEX_RECRUITMENT_MEDIATED_BY_RIP1] was killed by [REACTOME_SEPARATION_OF_SISTER_CHROMATIDS,REACTOME_SEPARATION_OF_SISTER_CHROMATIDS]
[REACTOME_SIGNALLING_TO_ERKS,REACTOME_SIGNALLING_TO_ERKS] was killed by [REACTOME_REGULATION_OF_PTEN_GENE_TRANSCRIPTION,REACTOME_REGULATION_OF_PTEN_GENE_TRANSCRIPTION]
[REACTOME_TRANSCRIPTIONAL_ACTIVATION_OF_MITOCHONDRIAL_BIOGENESIS,REACTOME_TRANSCRIPTIONAL_ACTIVATION_OF_MITOCHONDRIAL_BIOGENESIS] was killed by [REACTOME_THE_CITRIC_ACID_TCA_CYCLE_AND_RESPIRATORY_ELECTRON_TRANSPORT,REACTOME_THE_CITRIC_ACID_TCA_CYCLE_AND_RESPIRATORY_ELECTRON_TRANSPORT]
[REACTOME_PLASMA_LIPOPROTEIN_REMODELING,REACTOME_PLASMA_LIPOPROTEIN_REMODELING] was killed by [REACTOME_REGULATION_OF_INSULIN_LIKE_GROWTH_FACTOR_IGF_TRANSPORT_AND_UPTAKE_BY_INSULIN_LIKE_GROWTH_FACTOR_BINDING_PROTEINS_IGFBPS,REACTOME_REGULATION_OF_INSULIN_LIKE_GROWTH_FACTOR_IGF_TRANSPORT_AND_UPTAKE_BY_INSULIN_LIKE_GROWTH_FACTOR_BINDING_PROTEINS_IGFBPS]
[REACTOME_ASSOCIATION_OF_TRIC_CCT_WITH_TARGET_PROTEINS_DURING_BIOSYNTHESIS,REACTOME_ASSOCIATION_OF_TRIC_CCT_WITH_TARGET_PROTEINS_DURING_BIOSYNTHESIS] was killed by [REACTOME_REGULATION_OF_PTEN_GENE_TRANSCRIPTION,REACTOME_REGULATION_OF_PTEN_GENE_TRANSCRIPTION]
[REACTOME_CHYLOMICRON_REMODELING,REACTOME_CHYLOMICRON_REMODELING] was killed by [REACTOME_REGULATION_OF_INSULIN_LIKE_GROWTH_FACTOR_IGF_TRANSPORT_AND_UPTAKE_BY_INSULIN_LIKE_GROWTH_FACTOR_BINDING_PROTEINS_IGFBPS,REACTOME_REGULATION_OF_INSULIN_LIKE_GROWTH_FACTOR_IGF_TRANSPORT_AND_UPTAKE_BY_INSULIN_LIKE_GROWTH_FACTOR_BINDING_PROTEINS_IGFBPS]
[REACTOME_SIGNALING_BY_SCF_KIT,REACTOME_SIGNALING_BY_SCF_KIT] was killed by [REACTOME_RAC1_GTPASE_CYCLE,REACTOME_RAC1_GTPASE_CYCLE]
[REACTOME_ORGANIC_CATION_ANION_ZWITTERION_TRANSPORT,REACTOME_ORGANIC_CATION_ANION_ZWITTERION_TRANSPORT] was killed by [REACTOME_TRANSPORT_OF_BILE_SALTS_AND_ORGANIC_ACIDS_METAL_IONS_AND_AMINE_COMPOUNDS,REACTOME_TRANSPORT_OF_BILE_SALTS_AND_ORGANIC_ACIDS_METAL_IONS_AND_AMINE_COMPOUNDS]
[REACTOME_REGULATION_OF_RUNX2_EXPRESSION_AND_ACTIVITY,REACTOME_REGULATION_OF_RUNX2_EXPRESSION_AND_ACTIVITY] was killed by [REACTOME_SEPARATION_OF_SISTER_CHROMATIDS,REACTOME_SEPARATION_OF_SISTER_CHROMATIDS]
[REACTOME_XENOBIOTICS,REACTOME_XENOBIOTICS] was killed by [REACTOME_PHASE_I_FUNCTIONALIZATION_OF_COMPOUNDS,REACTOME_PHASE_I_FUNCTIONALIZATION_OF_COMPOUNDS]
[REACTOME_DECTIN_1_MEDIATED_NONCANONICAL_NF_KB_SIGNALING,REACTOME_DECTIN_1_MEDIATED_NONCANONICAL_NF_KB_SIGNALING] was killed by [REACTOME_SEPARATION_OF_SISTER_CHROMATIDS,REACTOME_SEPARATION_OF_SISTER_CHROMATIDS]
[REACTOME_CD28_CO_STIMULATION,REACTOME_CD28_CO_STIMULATION] was killed by [REACTOME_RAC1_GTPASE_CYCLE,REACTOME_RAC1_GTPASE_CYCLE]
[REACTOME_RNA_POLYMERASE_I_TRANSCRIPTION_TERMINATION,REACTOME_RNA_POLYMERASE_I_TRANSCRIPTION_TERMINATION] was killed by [REACTOME_MRNA_SPLICING,REACTOME_MRNA_SPLICING]
[REACTOME_DEGRADATION_OF_GLI1_BY_THE_PROTEASOME,REACTOME_DEGRADATION_OF_GLI1_BY_THE_PROTEASOME] was killed by [REACTOME_SEPARATION_OF_SISTER_CHROMATIDS,REACTOME_SEPARATION_OF_SISTER_CHROMATIDS]
[REACTOME_CONVERSION_FROM_APC_C_CDC20_TO_APC_C_CDH1_IN_LATE_ANAPHASE,REACTOME_CONVERSION_FROM_APC_C_CDC20_TO_APC_C_CDH1_IN_LATE_ANAPHASE] was killed by [REACTOME_SEPARATION_OF_SISTER_CHROMATIDS,REACTOME_SEPARATION_OF_SISTER_CHROMATIDS]
[REACTOME_DISEASES_OF_PROGRAMMED_CELL_DEATH,REACTOME_DISEASES_OF_PROGRAMMED_CELL_DEATH] was killed by [REACTOME_DNA_DOUBLE_STRAND_BREAK_REPAIR,REACTOME_DNA_DOUBLE_STRAND_BREAK_REPAIR]
[REACTOME_COLLAGEN_CHAIN_TRIMERIZATION,REACTOME_COLLAGEN_CHAIN_TRIMERIZATION] was killed by [REACTOME_ASSEMBLY_OF_COLLAGEN_FIBRILS_AND_OTHER_MULTIMERIC_STRUCTURES,REACTOME_ASSEMBLY_OF_COLLAGEN_FIBRILS_AND_OTHER_MULTIMERIC_STRUCTURES]
[REACTOME_MTORC1_MEDIATED_SIGNALLING,REACTOME_MTORC1_MEDIATED_SIGNALLING] was killed by [REACTOME_REGULATION_OF_PTEN_GENE_TRANSCRIPTION,REACTOME_REGULATION_OF_PTEN_GENE_TRANSCRIPTION]
[REACTOME_TNF_RECEPTOR_SUPERFAMILY_TNFSF_MEMBERS_MEDIATING_NON_CANONICAL_NF_KB_PATHWAY,REACTOME_TNF_RECEPTOR_SUPERFAMILY_TNFSF_MEMBERS_MEDIATING_NON_CANONICAL_NF_KB_PATHWAY] was killed by [REACTOME_TNFS_BIND_THEIR_PHYSIOLOGICAL_RECEPTORS,REACTOME_TNFS_BIND_THEIR_PHYSIOLOGICAL_RECEPTORS]
[REACTOME_CHONDROITIN_SULFATE_DERMATAN_SULFATE_METABOLISM,REACTOME_CHONDROITIN_SULFATE_DERMATAN_SULFATE_METABOLISM] was killed by [REACTOME_GLYCOSAMINOGLYCAN_METABOLISM,REACTOME_GLYCOSAMINOGLYCAN_METABOLISM]
[REACTOME_SYNTHESIS_OF_DIPHTHAMIDE_EEF2,REACTOME_SYNTHESIS_OF_DIPHTHAMIDE_EEF2] was killed by [REACTOME_UPTAKE_AND_ACTIONS_OF_BACTERIAL_TOXINS,REACTOME_UPTAKE_AND_ACTIONS_OF_BACTERIAL_TOXINS]
[REACTOME_FATTY_ACID_METABOLISM,REACTOME_FATTY_ACID_METABOLISM] was killed by [REACTOME_FORMATION_OF_THE_CORNIFIED_ENVELOPE,REACTOME_FORMATION_OF_THE_CORNIFIED_ENVELOPE]
[REACTOME_OVARIAN_TUMOR_DOMAIN_PROTEASES,REACTOME_OVARIAN_TUMOR_DOMAIN_PROTEASES] was killed by [REACTOME_SEPARATION_OF_SISTER_CHROMATIDS,REACTOME_SEPARATION_OF_SISTER_CHROMATIDS]
[REACTOME_SYNTHESIS_OF_PIPS_AT_THE_EARLY_ENDOSOME_MEMBRANE,REACTOME_SYNTHESIS_OF_PIPS_AT_THE_EARLY_ENDOSOME_MEMBRANE] was killed by [REACTOME_INOSITOL_PHOSPHATE_METABOLISM,REACTOME_INOSITOL_PHOSPHATE_METABOLISM]
[REACTOME_VITAMIN_D_CALCIFEROL_METABOLISM,REACTOME_VITAMIN_D_CALCIFEROL_METABOLISM] was killed by [REACTOME_DNA_DOUBLE_STRAND_BREAK_REPAIR,REACTOME_DNA_DOUBLE_STRAND_BREAK_REPAIR]
[REACTOME_METABOLISM_OF_ANGIOTENSINOGEN_TO_ANGIOTENSINS,REACTOME_METABOLISM_OF_ANGIOTENSINOGEN_TO_ANGIOTENSINS] was killed by [REACTOME_REGULATION_OF_INSULIN_LIKE_GROWTH_FACTOR_IGF_TRANSPORT_AND_UPTAKE_BY_INSULIN_LIKE_GROWTH_FACTOR_BINDING_PROTEINS_IGFBPS,REACTOME_REGULATION_OF_INSULIN_LIKE_GROWTH_FACTOR_IGF_TRANSPORT_AND_UPTAKE_BY_INSULIN_LIKE_GROWTH_FACTOR_BINDING_PROTEINS_IGFBPS]
[REACTOME_CYCLIN_A_B1_B2_ASSOCIATED_EVENTS_DURING_G2_M_TRANSITION,REACTOME_CYCLIN_A_B1_B2_ASSOCIATED_EVENTS_DURING_G2_M_TRANSITION] was killed by [REACTOME_SEPARATION_OF_SISTER_CHROMATIDS,REACTOME_SEPARATION_OF_SISTER_CHROMATIDS]
[REACTOME_TCR_SIGNALING,REACTOME_TCR_SIGNALING] was killed by [REACTOME_SEPARATION_OF_SISTER_CHROMATIDS,REACTOME_SEPARATION_OF_SISTER_CHROMATIDS]
[REACTOME_BETA_OXIDATION_OF_VERY_LONG_CHAIN_FATTY_ACIDS,REACTOME_BETA_OXIDATION_OF_VERY_LONG_CHAIN_FATTY_ACIDS] was killed by [REACTOME_PROTEIN_LOCALIZATION,REACTOME_PROTEIN_LOCALIZATION]
[REACTOME_GPVI_MEDIATED_ACTIVATION_CASCADE,REACTOME_GPVI_MEDIATED_ACTIVATION_CASCADE] was killed by [REACTOME_RAC1_GTPASE_CYCLE,REACTOME_RAC1_GTPASE_CYCLE]
[REACTOME_PEPTIDE_HORMONE_BIOSYNTHESIS,REACTOME_PEPTIDE_HORMONE_BIOSYNTHESIS] was killed by [REACTOME_HORMONE_LIGAND_BINDING_RECEPTORS,REACTOME_HORMONE_LIGAND_BINDING_RECEPTORS]
[REACTOME_CS_DS_DEGRADATION,REACTOME_CS_DS_DEGRADATION] was killed by [REACTOME_GLYCOSAMINOGLYCAN_METABOLISM,REACTOME_GLYCOSAMINOGLYCAN_METABOLISM]
[REACTOME_SIGNALING_BY_EGFR,REACTOME_SIGNALING_BY_EGFR] was killed by [REACTOME_SEPARATION_OF_SISTER_CHROMATIDS,REACTOME_SEPARATION_OF_SISTER_CHROMATIDS]
[REACTOME_SENSORY_PROCESSING_OF_SOUND,REACTOME_SENSORY_PROCESSING_OF_SOUND] was killed by [REACTOME_UPTAKE_AND_ACTIONS_OF_BACTERIAL_TOXINS,REACTOME_UPTAKE_AND_ACTIONS_OF_BACTERIAL_TOXINS]
[REACTOME_RESOLUTION_OF_ABASIC_SITES_AP_SITES,REACTOME_RESOLUTION_OF_ABASIC_SITES_AP_SITES] was killed by [REACTOME_DNA_DOUBLE_STRAND_BREAK_REPAIR,REACTOME_DNA_DOUBLE_STRAND_BREAK_REPAIR]
[REACTOME_REGULATION_OF_GENE_EXPRESSION_IN_BETA_CELLS,REACTOME_REGULATION_OF_GENE_EXPRESSION_IN_BETA_CELLS] was killed by [REACTOME_RAB_REGULATION_OF_TRAFFICKING,REACTOME_RAB_REGULATION_OF_TRAFFICKING]
[REACTOME_SYNTHESIS_OF_BILE_ACIDS_AND_BILE_SALTS_VIA_24_HYDROXYCHOLESTEROL,REACTOME_SYNTHESIS_OF_BILE_ACIDS_AND_BILE_SALTS_VIA_24_HYDROXYCHOLESTEROL] was killed by [REACTOME_PHASE_I_FUNCTIONALIZATION_OF_COMPOUNDS,REACTOME_PHASE_I_FUNCTIONALIZATION_OF_COMPOUNDS]
[REACTOME_TRANSLESION_SYNTHESIS_BY_POLH,REACTOME_TRANSLESION_SYNTHESIS_BY_POLH] was killed by [REACTOME_SEPARATION_OF_SISTER_CHROMATIDS,REACTOME_SEPARATION_OF_SISTER_CHROMATIDS]
[REACTOME_RETROGRADE_TRANSPORT_AT_THE_TRANS_GOLGI_NETWORK,REACTOME_RETROGRADE_TRANSPORT_AT_THE_TRANS_GOLGI_NETWORK] was killed by [REACTOME_RAB_REGULATION_OF_TRAFFICKING,REACTOME_RAB_REGULATION_OF_TRAFFICKING]
[REACTOME_ACTIVATION_OF_GENE_EXPRESSION_BY_SREBF_SREBP,REACTOME_ACTIVATION_OF_GENE_EXPRESSION_BY_SREBF_SREBP] was killed by [REACTOME_PHASE_I_FUNCTIONALIZATION_OF_COMPOUNDS,REACTOME_PHASE_I_FUNCTIONALIZATION_OF_COMPOUNDS]
[REACTOME_SIGNALING_BY_FGFR2_IIIA_TM,REACTOME_SIGNALING_BY_FGFR2_IIIA_TM] was killed by [REACTOME_MRNA_SPLICING,REACTOME_MRNA_SPLICING]
[REACTOME_SMAC_XIAP_REGULATED_APOPTOTIC_RESPONSE,REACTOME_SMAC_XIAP_REGULATED_APOPTOTIC_RESPONSE] was killed by [REACTOME_TP53_REGULATES_TRANSCRIPTION_OF_CELL_DEATH_GENES,REACTOME_TP53_REGULATES_TRANSCRIPTION_OF_CELL_DEATH_GENES]
[REACTOME_SYNTHESIS_OF_EPOXY_EET_AND_DIHYDROXYEICOSATRIENOIC_ACIDS_DHET,REACTOME_SYNTHESIS_OF_EPOXY_EET_AND_DIHYDROXYEICOSATRIENOIC_ACIDS_DHET] was killed by [REACTOME_PHASE_I_FUNCTIONALIZATION_OF_COMPOUNDS,REACTOME_PHASE_I_FUNCTIONALIZATION_OF_COMPOUNDS]
[REACTOME_PHOSPHORYLATION_OF_EMI1,REACTOME_PHOSPHORYLATION_OF_EMI1] was killed by [REACTOME_SEPARATION_OF_SISTER_CHROMATIDS,REACTOME_SEPARATION_OF_SISTER_CHROMATIDS]
[REACTOME_CHEMOKINE_RECEPTORS_BIND_CHEMOKINES,REACTOME_CHEMOKINE_RECEPTORS_BIND_CHEMOKINES] was killed by [REACTOME_PEPTIDE_LIGAND_BINDING_RECEPTORS,REACTOME_PEPTIDE_LIGAND_BINDING_RECEPTORS]
[REACTOME_RAS_PROCESSING,REACTOME_RAS_PROCESSING] was killed by [REACTOME_SEPARATION_OF_SISTER_CHROMATIDS,REACTOME_SEPARATION_OF_SISTER_CHROMATIDS]
[REACTOME_MITOTIC_TELOPHASE_CYTOKINESIS,REACTOME_MITOTIC_TELOPHASE_CYTOKINESIS] was killed by [REACTOME_SEPARATION_OF_SISTER_CHROMATIDS,REACTOME_SEPARATION_OF_SISTER_CHROMATIDS]
[REACTOME_TRAFFICKING_AND_PROCESSING_OF_ENDOSOMAL_TLR,REACTOME_TRAFFICKING_AND_PROCESSING_OF_ENDOSOMAL_TLR] was killed by [REACTOME_ASSEMBLY_OF_COLLAGEN_FIBRILS_AND_OTHER_MULTIMERIC_STRUCTURES,REACTOME_ASSEMBLY_OF_COLLAGEN_FIBRILS_AND_OTHER_MULTIMERIC_STRUCTURES]
[REACTOME_INTERLEUKIN_20_FAMILY_SIGNALING,REACTOME_INTERLEUKIN_20_FAMILY_SIGNALING] was killed by [REACTOME_REGULATION_OF_IFNA_SIGNALING,REACTOME_REGULATION_OF_IFNA_SIGNALING]
[REACTOME_ASSEMBLY_AND_CELL_SURFACE_PRESENTATION_OF_NMDA_RECEPTORS,REACTOME_ASSEMBLY_AND_CELL_SURFACE_PRESENTATION_OF_NMDA_RECEPTORS] was killed by [REACTOME_SEPARATION_OF_SISTER_CHROMATIDS,REACTOME_SEPARATION_OF_SISTER_CHROMATIDS]
[REACTOME_CROSS_PRESENTATION_OF_PARTICULATE_EXOGENOUS_ANTIGENS_PHAGOSOMES,REACTOME_CROSS_PRESENTATION_OF_PARTICULATE_EXOGENOUS_ANTIGENS_PHAGOSOMES] was killed by [REACTOME_RAC1_GTPASE_CYCLE,REACTOME_RAC1_GTPASE_CYCLE]
[REACTOME_POLYMERASE_SWITCHING_ON_THE_C_STRAND_OF_THE_TELOMERE,REACTOME_POLYMERASE_SWITCHING_ON_THE_C_STRAND_OF_THE_TELOMERE] was killed by [REACTOME_DNA_DOUBLE_STRAND_BREAK_REPAIR,REACTOME_DNA_DOUBLE_STRAND_BREAK_REPAIR]
[REACTOME_TP53_REGULATES_TRANSCRIPTION_OF_GENES_INVOLVED_IN_G2_CELL_CYCLE_ARREST,REACTOME_TP53_REGULATES_TRANSCRIPTION_OF_GENES_INVOLVED_IN_G2_CELL_CYCLE_ARREST] was killed by [REACTOME_G1_S_SPECIFIC_TRANSCRIPTION,REACTOME_G1_S_SPECIFIC_TRANSCRIPTION]
[REACTOME_NON_INTEGRIN_MEMBRANE_ECM_INTERACTIONS,REACTOME_NON_INTEGRIN_MEMBRANE_ECM_INTERACTIONS] was killed by [REACTOME_REGULATION_OF_INSULIN_LIKE_GROWTH_FACTOR_IGF_TRANSPORT_AND_UPTAKE_BY_INSULIN_LIKE_GROWTH_FACTOR_BINDING_PROTEINS_IGFBPS,REACTOME_REGULATION_OF_INSULIN_LIKE_GROWTH_FACTOR_IGF_TRANSPORT_AND_UPTAKE_BY_INSULIN_LIKE_GROWTH_FACTOR_BINDING_PROTEINS_IGFBPS]
[REACTOME_PCP_CE_PATHWAY,REACTOME_PCP_CE_PATHWAY] was killed by [REACTOME_SEPARATION_OF_SISTER_CHROMATIDS,REACTOME_SEPARATION_OF_SISTER_CHROMATIDS]
[REACTOME_CIRCADIAN_CLOCK,REACTOME_CIRCADIAN_CLOCK] was killed by [REACTOME_SEPARATION_OF_SISTER_CHROMATIDS,REACTOME_SEPARATION_OF_SISTER_CHROMATIDS]
[REACTOME_GLUCOCORTICOID_BIOSYNTHESIS,REACTOME_GLUCOCORTICOID_BIOSYNTHESIS] was killed by [REACTOME_PHASE_I_FUNCTIONALIZATION_OF_COMPOUNDS,REACTOME_PHASE_I_FUNCTIONALIZATION_OF_COMPOUNDS]
[REACTOME_THE_ROLE_OF_GTSE1_IN_G2_M_PROGRESSION_AFTER_G2_CHECKPOINT,REACTOME_THE_ROLE_OF_GTSE1_IN_G2_M_PROGRESSION_AFTER_G2_CHECKPOINT] was killed by [REACTOME_SEPARATION_OF_SISTER_CHROMATIDS,REACTOME_SEPARATION_OF_SISTER_CHROMATIDS]
[REACTOME_L1CAM_INTERACTIONS,REACTOME_L1CAM_INTERACTIONS] was killed by [REACTOME_SEPARATION_OF_SISTER_CHROMATIDS,REACTOME_SEPARATION_OF_SISTER_CHROMATIDS]
[REACTOME_RHOQ_GTPASE_CYCLE,REACTOME_RHOQ_GTPASE_CYCLE] was killed by [REACTOME_RAC1_GTPASE_CYCLE,REACTOME_RAC1_GTPASE_CYCLE]
[REACTOME_A_TETRASACCHARIDE_LINKER_SEQUENCE_IS_REQUIRED_FOR_GAG_SYNTHESIS,REACTOME_A_TETRASACCHARIDE_LINKER_SEQUENCE_IS_REQUIRED_FOR_GAG_SYNTHESIS] was killed by [REACTOME_REGULATION_OF_INSULIN_LIKE_GROWTH_FACTOR_IGF_TRANSPORT_AND_UPTAKE_BY_INSULIN_LIKE_GROWTH_FACTOR_BINDING_PROTEINS_IGFBPS,REACTOME_REGULATION_OF_INSULIN_LIKE_GROWTH_FACTOR_IGF_TRANSPORT_AND_UPTAKE_BY_INSULIN_LIKE_GROWTH_FACTOR_BINDING_PROTEINS_IGFBPS]
[REACTOME_RUNX1_REGULATES_GENES_INVOLVED_IN_MEGAKARYOCYTE_DIFFERENTIATION_AND_PLATELET_FUNCTION,REACTOME_RUNX1_REGULATES_GENES_INVOLVED_IN_MEGAKARYOCYTE_DIFFERENTIATION_AND_PLATELET_FUNCTION] was killed by [REACTOME_DNA_DOUBLE_STRAND_BREAK_REPAIR,REACTOME_DNA_DOUBLE_STRAND_BREAK_REPAIR]
[REACTOME_INHIBITION_OF_REPLICATION_INITIATION_OF_DAMAGED_DNA_BY_RB1_E2F1,REACTOME_INHIBITION_OF_REPLICATION_INITIATION_OF_DAMAGED_DNA_BY_RB1_E2F1] was killed by [REACTOME_SEPARATION_OF_SISTER_CHROMATIDS,REACTOME_SEPARATION_OF_SISTER_CHROMATIDS]
[REACTOME_DOWNREGULATION_OF_TGF_BETA_RECEPTOR_SIGNALING,REACTOME_DOWNREGULATION_OF_TGF_BETA_RECEPTOR_SIGNALING] was killed by [REACTOME_SEPARATION_OF_SISTER_CHROMATIDS,REACTOME_SEPARATION_OF_SISTER_CHROMATIDS]
[REACTOME_TNF_SIGNALING,REACTOME_TNF_SIGNALING] was killed by [REACTOME_SEPARATION_OF_SISTER_CHROMATIDS,REACTOME_SEPARATION_OF_SISTER_CHROMATIDS]
[REACTOME_ERCC6_CSB_AND_EHMT2_G9A_POSITIVELY_REGULATE_RRNA_EXPRESSION,REACTOME_ERCC6_CSB_AND_EHMT2_G9A_POSITIVELY_REGULATE_RRNA_EXPRESSION] was killed by [REACTOME_DNA_DOUBLE_STRAND_BREAK_REPAIR,REACTOME_DNA_DOUBLE_STRAND_BREAK_REPAIR]
[REACTOME_REGULATION_OF_TP53_ACTIVITY_THROUGH_ACETYLATION,REACTOME_REGULATION_OF_TP53_ACTIVITY_THROUGH_ACETYLATION] was killed by [REACTOME_REGULATION_OF_PTEN_GENE_TRANSCRIPTION,REACTOME_REGULATION_OF_PTEN_GENE_TRANSCRIPTION]
[REACTOME_BIOSYNTHESIS_OF_THE_N_GLYCAN_PRECURSOR_DOLICHOL_LIPID_LINKED_OLIGOSACCHARIDE_LLO_AND_TRANSFER_TO_A_NASCENT_PROTEIN,REACTOME_BIOSYNTHESIS_OF_THE_N_GLYCAN_PRECURSOR_DOLICHOL_LIPID_LINKED_OLIGOSACCHARIDE_LLO_AND_TRANSFER_TO_A_NASCENT_PROTEIN] was killed by [REACTOME_GLYCOSAMINOGLYCAN_METABOLISM,REACTOME_GLYCOSAMINOGLYCAN_METABOLISM]
[REACTOME_RORA_ACTIVATES_GENE_EXPRESSION,REACTOME_RORA_ACTIVATES_GENE_EXPRESSION] was killed by [REACTOME_PHASE_I_FUNCTIONALIZATION_OF_COMPOUNDS,REACTOME_PHASE_I_FUNCTIONALIZATION_OF_COMPOUNDS]
[REACTOME_ER_QUALITY_CONTROL_COMPARTMENT_ERQC,REACTOME_ER_QUALITY_CONTROL_COMPARTMENT_ERQC] was killed by [REACTOME_SEPARATION_OF_SISTER_CHROMATIDS,REACTOME_SEPARATION_OF_SISTER_CHROMATIDS]
[REACTOME_ION_CHANNEL_TRANSPORT,REACTOME_ION_CHANNEL_TRANSPORT] was killed by [REACTOME_FORMATION_OF_THE_CORNIFIED_ENVELOPE,REACTOME_FORMATION_OF_THE_CORNIFIED_ENVELOPE]
[REACTOME_HSP90_CHAPERONE_CYCLE_FOR_STEROID_HORMONE_RECEPTORS_SHR,REACTOME_HSP90_CHAPERONE_CYCLE_FOR_STEROID_HORMONE_RECEPTORS_SHR] was killed by [REACTOME_SEPARATION_OF_SISTER_CHROMATIDS,REACTOME_SEPARATION_OF_SISTER_CHROMATIDS]
[REACTOME_ASYMMETRIC_LOCALIZATION_OF_PCP_PROTEINS,REACTOME_ASYMMETRIC_LOCALIZATION_OF_PCP_PROTEINS] was killed by [REACTOME_SEPARATION_OF_SISTER_CHROMATIDS,REACTOME_SEPARATION_OF_SISTER_CHROMATIDS]
[REACTOME_CONDENSATION_OF_PROMETAPHASE_CHROMOSOMES,REACTOME_CONDENSATION_OF_PROMETAPHASE_CHROMOSOMES] was killed by [REACTOME_G1_S_SPECIFIC_TRANSCRIPTION,REACTOME_G1_S_SPECIFIC_TRANSCRIPTION]
[REACTOME_TERMINATION_OF_TRANSLESION_DNA_SYNTHESIS,REACTOME_TERMINATION_OF_TRANSLESION_DNA_SYNTHESIS] was killed by [REACTOME_SEPARATION_OF_SISTER_CHROMATIDS,REACTOME_SEPARATION_OF_SISTER_CHROMATIDS]
[REACTOME_SIGNALING_BY_MET,REACTOME_SIGNALING_BY_MET] was killed by [REACTOME_REGULATION_OF_INSULIN_LIKE_GROWTH_FACTOR_IGF_TRANSPORT_AND_UPTAKE_BY_INSULIN_LIKE_GROWTH_FACTOR_BINDING_PROTEINS_IGFBPS,REACTOME_REGULATION_OF_INSULIN_LIKE_GROWTH_FACTOR_IGF_TRANSPORT_AND_UPTAKE_BY_INSULIN_LIKE_GROWTH_FACTOR_BINDING_PROTEINS_IGFBPS]
[REACTOME_REPRODUCTION,REACTOME_REPRODUCTION] was killed by [REACTOME_MRNA_SPLICING,REACTOME_MRNA_SPLICING]
[REACTOME_PCNA_DEPENDENT_LONG_PATCH_BASE_EXCISION_REPAIR,REACTOME_PCNA_DEPENDENT_LONG_PATCH_BASE_EXCISION_REPAIR] was killed by [REACTOME_DNA_DOUBLE_STRAND_BREAK_REPAIR,REACTOME_DNA_DOUBLE_STRAND_BREAK_REPAIR]
[REACTOME_RAB_GERANYLGERANYLATION,REACTOME_RAB_GERANYLGERANYLATION] was killed by [REACTOME_RAB_REGULATION_OF_TRAFFICKING,REACTOME_RAB_REGULATION_OF_TRAFFICKING]
[REACTOME_FERTILIZATION,REACTOME_FERTILIZATION] was killed by [REACTOME_INTERACTION_WITH_CUMULUS_CELLS_AND_THE_ZONA_PELLUCIDA,REACTOME_INTERACTION_WITH_CUMULUS_CELLS_AND_THE_ZONA_PELLUCIDA]
