[GSE9006_HEALTHY_VS_TYPE_2_DIABETES_PBMC_AT_DX_UP,GSE9006_HEALTHY_VS_TYPE_2_DIABETES_PBMC_AT_DX_UP] was killed by [GSE9006_TYPE_1_VS_TYPE_2_DIABETES_PBMC_AT_DX_UP,GSE9006_TYPE_1_VS_TYPE_2_DIABETES_PBMC_AT_DX_UP]
[GSE7568_IL4_TGFB_DEXAMETHASONE_VS_IL4_TGFB_TREATED_MACROPHAGE_UP,GSE7568_IL4_TGFB_DEXAMETHASONE_VS_IL4_TGFB_TREATED_MACROPHAGE_UP] was killed by [GSE16450_IMMATURE_VS_MATURE_NEURON_CELL_LINE_DN,GSE16450_IMMATURE_VS_MATURE_NEURON_CELL_LINE_DN]
[GSE40274_FOXP3_VS_FOXP3_AND_IRF4_TRANSDUCED_ACTIVATED_CD4_TCELL_DN,GSE40274_FOXP3_VS_FOXP3_AND_IRF4_TRANSDUCED_ACTIVATED_CD4_TCELL_DN] was killed by [GSE40666_UNTREATED_VS_IFNA_STIM_EFFECTOR_CD8_TCELL_90MIN_DN,GSE40666_UNTREATED_VS_IFNA_STIM_EFFECTOR_CD8_TCELL_90MIN_DN]
[GSE24574_BCL6_HIGH_TFH_VS_TCONV_CD4_TCELL_DN,GSE24574_BCL6_HIGH_TFH_VS_TCONV_CD4_TCELL_DN] was killed by [GSE1925_CTRL_VS_3H_IFNG_STIM_IFNG_PRIMED_MACROPHAGE_UP,GSE1925_CTRL_VS_3H_IFNG_STIM_IFNG_PRIMED_MACROPHAGE_UP]
[GSE3720_VD1_VS_VD2_GAMMADELTA_TCELL_DN,GSE3720_VD1_VS_VD2_GAMMADELTA_TCELL_DN] was killed by [GSE14415_INDUCED_VS_NATURAL_TREG_DN,GSE14415_INDUCED_VS_NATURAL_TREG_DN]
[GSE3982_BCELL_VS_NKCELL_UP,GSE3982_BCELL_VS_NKCELL_UP] was killed by [GSE6269_FLU_VS_STREP_PNEUMO_INF_PBMC_DN,GSE6269_FLU_VS_STREP_PNEUMO_INF_PBMC_DN]
[GSE16385_ROSIGLITAZONE_IFNG_TNF_VS_IL4_STIM_MACROPHAGE_UP,GSE16385_ROSIGLITAZONE_IFNG_TNF_VS_IL4_STIM_MACROPHAGE_UP] was killed by [GSE45365_NK_CELL_VS_BCELL_MCMV_INFECTION_DN,GSE45365_NK_CELL_VS_BCELL_MCMV_INFECTION_DN]
[GSE36888_STAT5_AB_KNOCKIN_VS_WT_TCELL_IL2_TREATED_17H_DN,GSE36888_STAT5_AB_KNOCKIN_VS_WT_TCELL_IL2_TREATED_17H_DN] was killed by [GSE42021_CD24HI_VS_CD24INT_TREG_THYMUS_UP,GSE42021_CD24HI_VS_CD24INT_TREG_THYMUS_UP]
[GSE20366_EX_VIVO_VS_DEC205_CONVERSION_NAIVE_CD4_TCELL_UP,GSE20366_EX_VIVO_VS_DEC205_CONVERSION_NAIVE_CD4_TCELL_UP] was killed by [GSE14415_INDUCED_VS_NATURAL_TREG_DN,GSE14415_INDUCED_VS_NATURAL_TREG_DN]
[GSE42724_NAIVE_VS_MEMORY_BCELL_UP,GSE42724_NAIVE_VS_MEMORY_BCELL_UP] was killed by [GSE7460_TREG_VS_TCONV_ACT_UP,GSE7460_TREG_VS_TCONV_ACT_UP]
[GSE7568_IL4_VS_IL4_AND_TGFB_TREATED_MACROPHAGE_24H_DN,GSE7568_IL4_VS_IL4_AND_TGFB_TREATED_MACROPHAGE_24H_DN] was killed by [GSE16450_IMMATURE_VS_MATURE_NEURON_CELL_LINE_DN,GSE16450_IMMATURE_VS_MATURE_NEURON_CELL_LINE_DN]
[GSE7852_THYMUS_VS_FAT_TCONV_DN,GSE7852_THYMUS_VS_FAT_TCONV_DN] was killed by [GSE12366_GC_VS_MEMORY_BCELL_DN,GSE12366_GC_VS_MEMORY_BCELL_DN]
[GSE41176_WT_VS_TAK1_KO_ANTI_IGM_STIM_BCELL_24H_DN,GSE41176_WT_VS_TAK1_KO_ANTI_IGM_STIM_BCELL_24H_DN] was killed by [GSE6269_FLU_VS_STREP_PNEUMO_INF_PBMC_DN,GSE6269_FLU_VS_STREP_PNEUMO_INF_PBMC_DN]
[GSE14415_INDUCED_VS_NATURAL_TREG_UP,GSE14415_INDUCED_VS_NATURAL_TREG_UP] was killed by [GSE20727_H2O2_VS_ROS_INHIBITOR_TREATED_DC_DN,GSE20727_H2O2_VS_ROS_INHIBITOR_TREATED_DC_DN]
[GSE3982_EFF_MEMORY_CD4_TCELL_VS_NKCELL_UP,GSE3982_EFF_MEMORY_CD4_TCELL_VS_NKCELL_UP] was killed by [GSE6269_FLU_VS_STREP_PNEUMO_INF_PBMC_DN,GSE6269_FLU_VS_STREP_PNEUMO_INF_PBMC_DN]
[GSE40277_GATA1_AND_SATB1_TRANSDUCED_VS_CTRL_CD4_TCELL_DN,GSE40277_GATA1_AND_SATB1_TRANSDUCED_VS_CTRL_CD4_TCELL_DN] was killed by [GSE20727_H2O2_VS_ROS_INHIBITOR_TREATED_DC_DN,GSE20727_H2O2_VS_ROS_INHIBITOR_TREATED_DC_DN]
[GSE1460_CD4_THYMOCYTE_VS_THYMIC_STROMAL_CELL_DN,GSE1460_CD4_THYMOCYTE_VS_THYMIC_STROMAL_CELL_DN] was killed by [GSE1460_DP_VS_CD4_THYMOCYTE_UP,GSE1460_DP_VS_CD4_THYMOCYTE_UP]
[GSE23505_UNTREATED_VS_4DAY_IL6_IL1_TREATED_CD4_TCELL_UP,GSE23505_UNTREATED_VS_4DAY_IL6_IL1_TREATED_CD4_TCELL_UP] was killed by [GSE16450_IMMATURE_VS_MATURE_NEURON_CELL_LINE_DN,GSE16450_IMMATURE_VS_MATURE_NEURON_CELL_LINE_DN]
[GSE27786_NKTCELL_VS_ERYTHROBLAST_DN,GSE27786_NKTCELL_VS_ERYTHROBLAST_DN] was killed by [GSE27786_ERYTHROBLAST_VS_NEUTROPHIL_UP,GSE27786_ERYTHROBLAST_VS_NEUTROPHIL_UP]
[GSE13547_CTRL_VS_ANTI_IGM_STIM_BCELL_12H_UP,GSE13547_CTRL_VS_ANTI_IGM_STIM_BCELL_12H_UP] was killed by [GSE14415_INDUCED_VS_NATURAL_TREG_DN,GSE14415_INDUCED_VS_NATURAL_TREG_DN]
[GSE42088_UNINF_VS_LEISHMANIA_INF_DC_4H_DN,GSE42088_UNINF_VS_LEISHMANIA_INF_DC_4H_DN] was killed by [GSE20727_H2O2_VS_ROS_INHIBITOR_TREATED_DC_DN,GSE20727_H2O2_VS_ROS_INHIBITOR_TREATED_DC_DN]
[GSE43956_WT_VS_SGK1_KO_TH17_DIFFERENTIATED_CD4_TCELL_UP,GSE43956_WT_VS_SGK1_KO_TH17_DIFFERENTIATED_CD4_TCELL_UP] was killed by [GSE19401_PLN_VS_PEYERS_PATCH_FOLLICULAR_DC_UP,GSE19401_PLN_VS_PEYERS_PATCH_FOLLICULAR_DC_UP]
[GSE19198_1H_VS_24H_IL21_TREATED_TCELL_UP,GSE19198_1H_VS_24H_IL21_TREATED_TCELL_UP] was killed by [GSE19401_PLN_VS_PEYERS_PATCH_FOLLICULAR_DC_UP,GSE19401_PLN_VS_PEYERS_PATCH_FOLLICULAR_DC_UP]
[GSE360_L_DONOVANI_VS_B_MALAYI_HIGH_DOSE_DC_DN,GSE360_L_DONOVANI_VS_B_MALAYI_HIGH_DOSE_DC_DN] was killed by [GSE42021_CD24HI_VS_CD24INT_TREG_THYMUS_UP,GSE42021_CD24HI_VS_CD24INT_TREG_THYMUS_UP]
[GSE4142_PLASMA_CELL_VS_MEMORY_BCELL_DN,GSE4142_PLASMA_CELL_VS_MEMORY_BCELL_DN] was killed by [GSE6259_FLT3L_INDUCED_33D1_POS_DC_VS_BCELL_UP,GSE6259_FLT3L_INDUCED_33D1_POS_DC_VS_BCELL_UP]
[GSE40068_CXCR5POS_BCL6POS_TFH_VS_CXCR5NEG_BCL6NEG_CD4_TCELL_UP,GSE40068_CXCR5POS_BCL6POS_TFH_VS_CXCR5NEG_BCL6NEG_CD4_TCELL_UP] was killed by [GSE20727_H2O2_VS_ROS_INHIBITOR_TREATED_DC_DN,GSE20727_H2O2_VS_ROS_INHIBITOR_TREATED_DC_DN]
[GSE3982_MAST_CELL_VS_BASOPHIL_UP,GSE3982_MAST_CELL_VS_BASOPHIL_UP] was killed by [GSE6259_FLT3L_INDUCED_33D1_POS_DC_VS_BCELL_UP,GSE6259_FLT3L_INDUCED_33D1_POS_DC_VS_BCELL_UP]
[GSE22611_NOD2_TRANSD_VS_CTRL_TRANSD_HEK293_MDP_STIM_6H_DN,GSE22611_NOD2_TRANSD_VS_CTRL_TRANSD_HEK293_MDP_STIM_6H_DN] was killed by [GSE3039_CD4_TCELL_VS_ALPHABETA_CD8_TCELL_DN,GSE3039_CD4_TCELL_VS_ALPHABETA_CD8_TCELL_DN]
[GSE7568_IL4_TGFB_DEXAMETHASONE_VS_IL4_TGFB_TREATED_MACROPHAGE_DN,GSE7568_IL4_TGFB_DEXAMETHASONE_VS_IL4_TGFB_TREATED_MACROPHAGE_DN] was killed by [GSE26343_WT_VS_NFAT5_KO_MACROPHAGE_UP,GSE26343_WT_VS_NFAT5_KO_MACROPHAGE_UP]
[GSE40666_WT_VS_STAT1_KO_CD8_TCELL_WITH_IFNA_STIM_90MIN_UP,GSE40666_WT_VS_STAT1_KO_CD8_TCELL_WITH_IFNA_STIM_90MIN_UP] was killed by [GSE12366_GC_VS_MEMORY_BCELL_DN,GSE12366_GC_VS_MEMORY_BCELL_DN]
[GSE25123_IL4_VS_IL4_AND_ROSIGLITAZONE_STIM_PPARG_KO_MACROPHAGE_DAY10_DN,GSE25123_IL4_VS_IL4_AND_ROSIGLITAZONE_STIM_PPARG_KO_MACROPHAGE_DAY10_DN] was killed by [GSE3920_IFNB_VS_IFNG_TREATED_ENDOTHELIAL_CELL_UP,GSE3920_IFNB_VS_IFNG_TREATED_ENDOTHELIAL_CELL_UP]
[GSE21380_NON_TFH_VS_TFH_CD4_TCELL_DN,GSE21380_NON_TFH_VS_TFH_CD4_TCELL_DN] was killed by [GSE19401_UNSTIM_VS_RETINOIC_ACID_AND_PAM2CSK4_STIM_FOLLICULAR_DC_DN,GSE19401_UNSTIM_VS_RETINOIC_ACID_AND_PAM2CSK4_STIM_FOLLICULAR_DC_DN]
