The TEISERDIR environment variable is /flash/bin/TEISERv1.1/
Tue Mar 23 22:36:33 UTC 2021
Remove duplicates, create Ribo-seq/hl60_delta_te.txt_GENESET/hl60_delta_te.txt
Quantizing the input file.
step 2: seed optimization.
Expfile loaded: 6309 values...
Adding small values...
Quantizing the input vector...Done
Number of clusters: 7
calculating the p-value matrix.
Allocating memory ... Done
doing stats: mi = 0.001294
pass = 0.080800
z = 1.514754
freq 0: 0.108768	98	901	727	6309
freq 1: 0.098779	89	901	727	6309
freq 2: 0.108768	98	901	727	6309
freq 3: 0.113208	102	901	727	6309
freq 4: 0.109878	99	901	727	6309
freq 5: 0.122087	110	901	727	6309
freq 6: 0.145072	131	903	727	6309
step 7: drawing matrix.
Option suffix requires an argument
Reading MI data ... Done.
Start drawing
0.76	-0.4
0
Outputing EPS file Ribo-seq/hl60_delta_te.txt_GENESET/hl60_delta_te.txt.summary.eps
Convert to PDF Ribo-seq/hl60_delta_te.txt_GENESET/hl60_delta_te.txt.summary.pdf
ps2pdf -dEPSCrop -dAutoRotatePages=/None Ribo-seq/hl60_delta_te.txt_GENESET/hl60_delta_te.txt.summary.eps Ribo-seq/hl60_delta_te.txt_GENESET/hl60_delta_te.txt.summary.pdf
Finished.
Reading MI data ... Done.
Start drawing
0.76	-0.4
0
Outputing EPS file combined_analysis/hyper_mtyl_hl60_delta_te_GENESET/hl60_delta_te.txt.summary.eps
Convert to PDF combined_analysis/hyper_mtyl_hl60_delta_te_GENESET/hl60_delta_te.txt.summary.pdf
ps2pdf -dEPSCrop -dAutoRotatePages=/None combined_analysis/hyper_mtyl_hl60_delta_te_GENESET/hl60_delta_te.txt.summary.eps combined_analysis/hyper_mtyl_hl60_delta_te_GENESET/hl60_delta_te.txt.summary.pdf
Finished.
