The TEISERDIR environment variable is /flash/bin/TEISERv1.1/
Tue Mar 23 22:40:31 UTC 2021
Remove duplicates, create RNA-seq/other-stbl/ociaml3_delta_stbl.txt_GENESET/ociaml3_delta_stbl.txt
Quantizing the input file.
step 2: seed optimization.
Expfile loaded: 2775 values...
Adding small values...
Quantizing the input vector...Done
Number of clusters: 7
calculating the p-value matrix.
Allocating memory ... Done
doing stats: mi = 0.003781
pass = 0.021400
z = 2.466182
freq 0: 0.133838	53	396	416	2775
freq 1: 0.156566	62	396	416	2775
freq 2: 0.133838	53	396	416	2775
freq 3: 0.111111	44	396	416	2775
freq 4: 0.154040	61	396	416	2775
freq 5: 0.159091	63	396	416	2775
freq 6: 0.200501	80	399	416	2775
step 7: drawing matrix.
Option suffix requires an argument
Reading MI data ... Done.
Start drawing
1.08	-0.7
0
Outputing EPS file RNA-seq/other-stbl/ociaml3_delta_stbl.txt_GENESET/ociaml3_delta_stbl.txt.summary.eps
Convert to PDF RNA-seq/other-stbl/ociaml3_delta_stbl.txt_GENESET/ociaml3_delta_stbl.txt.summary.pdf
ps2pdf -dEPSCrop -dAutoRotatePages=/None RNA-seq/other-stbl/ociaml3_delta_stbl.txt_GENESET/ociaml3_delta_stbl.txt.summary.eps RNA-seq/other-stbl/ociaml3_delta_stbl.txt_GENESET/ociaml3_delta_stbl.txt.summary.pdf
Finished.
Reading MI data ... Done.
Start drawing
1.08	-0.7
0
Outputing EPS file combined_analysis/hyper_mtyl_ociaml3_delta_stbl_GENESET/ociaml3_delta_stbl.txt.summary.eps
Convert to PDF combined_analysis/hyper_mtyl_ociaml3_delta_stbl_GENESET/ociaml3_delta_stbl.txt.summary.pdf
ps2pdf -dEPSCrop -dAutoRotatePages=/None combined_analysis/hyper_mtyl_ociaml3_delta_stbl_GENESET/ociaml3_delta_stbl.txt.summary.eps combined_analysis/hyper_mtyl_ociaml3_delta_stbl_GENESET/ociaml3_delta_stbl.txt.summary.pdf
Finished.
