The TEISERDIR environment variable is /flash/bin/TEISERv1.1/
WARNING: your file might not contain a header line (0.827414416285597).
Tue Mar 23 22:40:24 UTC 2021
Remove duplicates, create RNA-seq/other-stbl/kg1_delta_stbl.txt_GENESET/kg1_delta_stbl.txt
Quantizing the input file.
step 2: seed optimization.
Expfile loaded: 2775 values...
Adding small values...
Quantizing the input vector...Done
Number of clusters: 7
calculating the p-value matrix.
Allocating memory ... Done
doing stats: mi = 0.004916
pass = 0.004100
z = 3.737846
freq 0: 0.151515	60	396	333	2775
freq 1: 0.148990	59	396	333	2775
freq 2: 0.090909	36	396	333	2775
freq 3: 0.083333	33	396	333	2775
freq 4: 0.113636	45	396	333	2775
freq 5: 0.146465	58	396	333	2775
freq 6: 0.105263	42	399	333	2775
step 7: drawing matrix.
Option suffix requires an argument
Reading MI data ... Done.
Start drawing
0.74	-1.04
0
Outputing EPS file RNA-seq/other-stbl/kg1_delta_stbl.txt_GENESET/kg1_delta_stbl.txt.summary.eps
Convert to PDF RNA-seq/other-stbl/kg1_delta_stbl.txt_GENESET/kg1_delta_stbl.txt.summary.pdf
ps2pdf -dEPSCrop -dAutoRotatePages=/None RNA-seq/other-stbl/kg1_delta_stbl.txt_GENESET/kg1_delta_stbl.txt.summary.eps RNA-seq/other-stbl/kg1_delta_stbl.txt_GENESET/kg1_delta_stbl.txt.summary.pdf
Finished.
Reading MI data ... Done.
Start drawing
0.74	-1.04
0
Outputing EPS file combined_analysis/hypo_mtyl_kg1_delta_stbl_GENESET/kg1_delta_stbl.txt.summary.eps
Convert to PDF combined_analysis/hypo_mtyl_kg1_delta_stbl_GENESET/kg1_delta_stbl.txt.summary.pdf
ps2pdf -dEPSCrop -dAutoRotatePages=/None combined_analysis/hypo_mtyl_kg1_delta_stbl_GENESET/kg1_delta_stbl.txt.summary.eps combined_analysis/hypo_mtyl_kg1_delta_stbl_GENESET/kg1_delta_stbl.txt.summary.pdf
Finished.
