The TEISERDIR environment variable is /flash/bin/TEISERv1.1/
WARNING: your file might not contain a header line (0.280321722159322).
Tue Mar 23 22:40:08 UTC 2021
Remove duplicates, create RNA-seq/other-exp/thp1_delta_exp.txt_GENESET/thp1_delta_exp.txt
Quantizing the input file.
step 2: seed optimization.
Expfile loaded: 60239 values...
Adding small values...
Quantizing the input vector...Done
Number of clusters: 7
calculating the p-value matrix.
Allocating memory ... Done
doing stats: mi = 0.013190
pass = 0.000000
z = 312.608337
freq 0: 0.004764	41	8606	886	60239
freq 1: 0.038113	328	8606	886	60239
freq 2: 0.007320	63	8606	886	60239
freq 3: 0.000000	0	8606	886	60239
freq 4: 0.001975	17	8606	886	60239
freq 5: 0.042993	370	8606	886	60239
freq 6: 0.007788	67	8603	886	60239
step 7: drawing matrix.
Option suffix requires an argument
Reading MI data ... Done.
Start drawing
0.72	-1.02
0
Outputing EPS file RNA-seq/other-exp/thp1_delta_exp.txt_GENESET/thp1_delta_exp.txt.summary.eps
Convert to PDF RNA-seq/other-exp/thp1_delta_exp.txt_GENESET/thp1_delta_exp.txt.summary.pdf
ps2pdf -dEPSCrop -dAutoRotatePages=/None RNA-seq/other-exp/thp1_delta_exp.txt_GENESET/thp1_delta_exp.txt.summary.eps RNA-seq/other-exp/thp1_delta_exp.txt_GENESET/thp1_delta_exp.txt.summary.pdf
Finished.
