[MORF_ACTG1,MORF_ACTG1] was killed by [MORF_NPM1,MORF_NPM1]
[GSE41978_KLRG1_HIGH_VS_LOW_EFFECTOR_CD8_TCELL_DN,GSE41978_KLRG1_HIGH_VS_LOW_EFFECTOR_CD8_TCELL_DN] was killed by [MORF_NPM1,MORF_NPM1]
[MORF_TPT1,MORF_TPT1] was killed by [MORF_NPM1,MORF_NPM1]
[GNF2_NPM1,GNF2_NPM1] was killed by [MORF_NPM1,MORF_NPM1]
[REACTOME_3_UTR_MEDIATED_TRANSLATIONAL_REGULATION,REACTOME_3_UTR_MEDIATED_TRANSLATIONAL_REGULATION] was killed by [MORF_NPM1,MORF_NPM1]
[REACTOME_INFLUENZA_VIRAL_RNA_TRANSCRIPTION_AND_REPLICATION,REACTOME_INFLUENZA_VIRAL_RNA_TRANSCRIPTION_AND_REPLICATION] was killed by [MORF_NPM1,MORF_NPM1]
[REACTOME_TRANSLATION,REACTOME_TRANSLATION] was killed by [MORF_NPM1,MORF_NPM1]
[GO_CYTOSOLIC_RIBOSOME,GO_CYTOSOLIC_RIBOSOME] was killed by [MORF_NPM1,MORF_NPM1]
[MORF_NME2,MORF_NME2] was killed by [MORF_NPM1,MORF_NPM1]
[REACTOME_PEPTIDE_CHAIN_ELONGATION,REACTOME_PEPTIDE_CHAIN_ELONGATION] was killed by [MORF_NPM1,MORF_NPM1]
[GO_ESTABLISHMENT_OF_PROTEIN_LOCALIZATION_TO_ENDOPLASMIC_RETICULUM,GO_ESTABLISHMENT_OF_PROTEIN_LOCALIZATION_TO_ENDOPLASMIC_RETICULUM] was killed by [MORF_NPM1,MORF_NPM1]
[GNF2_EIF3S6,GNF2_EIF3S6] was killed by [MORF_NPM1,MORF_NPM1]
[KEGG_RIBOSOME,KEGG_RIBOSOME] was killed by [MORF_NPM1,MORF_NPM1]
[GO_TRANSLATIONAL_INITIATION,GO_TRANSLATIONAL_INITIATION] was killed by [MORF_NPM1,MORF_NPM1]
[REACTOME_SRP_DEPENDENT_COTRANSLATIONAL_PROTEIN_TARGETING_TO_MEMBRANE,REACTOME_SRP_DEPENDENT_COTRANSLATIONAL_PROTEIN_TARGETING_TO_MEMBRANE] was killed by [MORF_NPM1,MORF_NPM1]
[GNF2_ST13,GNF2_ST13] was killed by [MORF_NPM1,MORF_NPM1]
[GO_CYTOSOLIC_LARGE_RIBOSOMAL_SUBUNIT,GO_CYTOSOLIC_LARGE_RIBOSOMAL_SUBUNIT] was killed by [MORF_NPM1,MORF_NPM1]
[GSE2405_0H_VS_24H_A_PHAGOCYTOPHILUM_STIM_NEUTROPHIL_UP,GSE2405_0H_VS_24H_A_PHAGOCYTOPHILUM_STIM_NEUTROPHIL_UP] was killed by [MORF_NPM1,MORF_NPM1]
[GSE14000_TRANSLATED_RNA_VS_MRNA_DC_DN,GSE14000_TRANSLATED_RNA_VS_MRNA_DC_DN] was killed by [MORF_NPM1,MORF_NPM1]
[GO_RIBOSOMAL_SUBUNIT,GO_RIBOSOMAL_SUBUNIT] was killed by [MORF_NPM1,MORF_NPM1]
[GO_PROTEIN_LOCALIZATION_TO_ENDOPLASMIC_RETICULUM,GO_PROTEIN_LOCALIZATION_TO_ENDOPLASMIC_RETICULUM] was killed by [MORF_NPM1,MORF_NPM1]
[GSE11961_PLASMA_CELL_DAY7_VS_GERMINAL_CENTER_BCELL_DAY40_UP,GSE11961_PLASMA_CELL_DAY7_VS_GERMINAL_CENTER_BCELL_DAY40_UP] was killed by [DAIRKEE_TERT_TARGETS_DN,DAIRKEE_TERT_TARGETS_DN]
[GCM_TPT1,GCM_TPT1] was killed by [MORF_NPM1,MORF_NPM1]
[GO_MYELIN_SHEATH,GO_MYELIN_SHEATH] was killed by [MORF_NPM1,MORF_NPM1]
[GO_LARGE_RIBOSOMAL_SUBUNIT,GO_LARGE_RIBOSOMAL_SUBUNIT] was killed by [MORF_NPM1,MORF_NPM1]
[MORF_EIF4A2,MORF_EIF4A2] was killed by [MORF_NPM1,MORF_NPM1]
[REACTOME_INFLUENZA_LIFE_CYCLE,REACTOME_INFLUENZA_LIFE_CYCLE] was killed by [MORF_NPM1,MORF_NPM1]
[GSE46606_IRF4MID_VS_WT_CD40L_IL2_IL5_DAY1_STIMULATED_BCELL_DN,GSE46606_IRF4MID_VS_WT_CD40L_IL2_IL5_DAY1_STIMULATED_BCELL_DN] was killed by [GSE5542_UNTREATED_VS_IFNA_TREATED_EPITHELIAL_CELLS_24H_UP,GSE5542_UNTREATED_VS_IFNA_TREATED_EPITHELIAL_CELLS_24H_UP]
[GSE11057_NAIVE_VS_EFF_MEMORY_CD4_TCELL_UP,GSE11057_NAIVE_VS_EFF_MEMORY_CD4_TCELL_UP] was killed by [GSE14699_NAIVE_VS_DELETIONAL_TOLERANCE_CD8_TCELL_DN,GSE14699_NAIVE_VS_DELETIONAL_TOLERANCE_CD8_TCELL_DN]
[GSE11057_NAIVE_VS_MEMORY_CD4_TCELL_UP,GSE11057_NAIVE_VS_MEMORY_CD4_TCELL_UP] was killed by [GSE14699_NAIVE_VS_DELETIONAL_TOLERANCE_CD8_TCELL_DN,GSE14699_NAIVE_VS_DELETIONAL_TOLERANCE_CD8_TCELL_DN]
[GSE26559_TCF1_KO_VS_WT_LIN_NEG_CELL_UP,GSE26559_TCF1_KO_VS_WT_LIN_NEG_CELL_UP] was killed by [DAIRKEE_TERT_TARGETS_DN,DAIRKEE_TERT_TARGETS_DN]
[GSE41978_ID2_KO_VS_ID2_KO_AND_BIM_KO_KLRG1_LOW_EFFECTOR_CD8_TCELL_DN,GSE41978_ID2_KO_VS_ID2_KO_AND_BIM_KO_KLRG1_LOW_EFFECTOR_CD8_TCELL_DN] was killed by [MORF_NPM1,MORF_NPM1]
[GNF2_DAP3,GNF2_DAP3] was killed by [MORF_NPM1,MORF_NPM1]
[GO_PROTEIN_TARGETING_TO_MEMBRANE,GO_PROTEIN_TARGETING_TO_MEMBRANE] was killed by [MORF_NPM1,MORF_NPM1]
[GSE42088_UNINF_VS_LEISHMANIA_INF_DC_2H_DN,GSE42088_UNINF_VS_LEISHMANIA_INF_DC_2H_DN] was killed by [MORF_NPM1,MORF_NPM1]
[KEGG_PATHOGENIC_ESCHERICHIA_COLI_INFECTION,KEGG_PATHOGENIC_ESCHERICHIA_COLI_INFECTION] was killed by [MORF_NPM1,MORF_NPM1]
[GNF2_FBL,GNF2_FBL] was killed by [MORF_NPM1,MORF_NPM1]
[GSE3039_CD4_TCELL_VS_B2_BCELL_DN,GSE3039_CD4_TCELL_VS_B2_BCELL_DN] was killed by [MORF_NPM1,MORF_NPM1]
[GSE22601_DOUBLE_NEGATIVE_VS_CD4_SINGLE_POSITIVE_THYMOCYTE_DN,GSE22601_DOUBLE_NEGATIVE_VS_CD4_SINGLE_POSITIVE_THYMOCYTE_DN] was killed by [GSE13485_DAY3_VS_DAY21_YF17D_VACCINE_PBMC_UP,GSE13485_DAY3_VS_DAY21_YF17D_VACCINE_PBMC_UP]
[GO_MULTI_ORGANISM_METABOLIC_PROCESS,GO_MULTI_ORGANISM_METABOLIC_PROCESS] was killed by [MORF_NPM1,MORF_NPM1]
[MORF_ANP32B,MORF_ANP32B] was killed by [MORF_NPM1,MORF_NPM1]
[REACTOME_NONSENSE_MEDIATED_DECAY_ENHANCED_BY_THE_EXON_JUNCTION_COMPLEX,REACTOME_NONSENSE_MEDIATED_DECAY_ENHANCED_BY_THE_EXON_JUNCTION_COMPLEX] was killed by [MORF_NPM1,MORF_NPM1]
[GO_MITOTIC_DNA_INTEGRITY_CHECKPOINT,GO_MITOTIC_DNA_INTEGRITY_CHECKPOINT] was killed by [TSAI_RESPONSE_TO_IONIZING_RADIATION,TSAI_RESPONSE_TO_IONIZING_RADIATION]
[GSE11057_NAIVE_VS_EFF_MEMORY_CD4_TCELL_DN,GSE11057_NAIVE_VS_EFF_MEMORY_CD4_TCELL_DN] was killed by [GSE37605_TREG_VS_TCONV_C57BL6_FOXP3_FUSION_GFP_DN,GSE37605_TREG_VS_TCONV_C57BL6_FOXP3_FUSION_GFP_DN]
[ST_T_CELL_SIGNAL_TRANSDUCTION,ST_T_CELL_SIGNAL_TRANSDUCTION] was killed by [PID_TCR_PATHWAY,PID_TCR_PATHWAY]
[GSE36476_CTRL_VS_TSST_ACT_16H_MEMORY_CD4_TCELL_YOUNG_DN,GSE36476_CTRL_VS_TSST_ACT_16H_MEMORY_CD4_TCELL_YOUNG_DN] was killed by [GSE22432_MULTIPOTENT_VS_COMMON_DC_PROGENITOR_UNTREATED_UP,GSE22432_MULTIPOTENT_VS_COMMON_DC_PROGENITOR_UNTREATED_UP]
[GSE22432_CDC_VS_COMMON_DC_PROGENITOR_UP,GSE22432_CDC_VS_COMMON_DC_PROGENITOR_UP] was killed by [ROSS_LEUKEMIA_WITH_MLL_FUSIONS,ROSS_LEUKEMIA_WITH_MLL_FUSIONS]
[GAUSSMANN_MLL_AF4_FUSION_TARGETS_A_UP,GAUSSMANN_MLL_AF4_FUSION_TARGETS_A_UP] was killed by [ROSS_LEUKEMIA_WITH_MLL_FUSIONS,ROSS_LEUKEMIA_WITH_MLL_FUSIONS]
[GCM_NPM1,GCM_NPM1] was killed by [MORF_NPM1,MORF_NPM1]
[DANG_MYC_TARGETS_UP,DANG_MYC_TARGETS_UP] was killed by [MORF_NPM1,MORF_NPM1]
[GNF2_TPT1,GNF2_TPT1] was killed by [MORF_NPM1,MORF_NPM1]
[GSE25123_WT_VS_PPARG_KO_MACROPHAGE_DN,GSE25123_WT_VS_PPARG_KO_MACROPHAGE_DN] was killed by [MORF_NPM1,MORF_NPM1]
[PID_FCER1_PATHWAY,PID_FCER1_PATHWAY] was killed by [GSE21033_1H_VS_12H_POLYIC_STIM_DC_UP,GSE21033_1H_VS_12H_POLYIC_STIM_DC_UP]
[GO_RESPONSE_TO_ANTIBIOTIC,GO_RESPONSE_TO_ANTIBIOTIC] was killed by [GO_ANTIGEN_BINDING,GO_ANTIGEN_BINDING]
[ELVIDGE_HIF1A_TARGETS_DN,ELVIDGE_HIF1A_TARGETS_DN] was killed by [GSE21360_SECONDARY_VS_QUATERNARY_MEMORY_CD8_TCELL_DN,GSE21360_SECONDARY_VS_QUATERNARY_MEMORY_CD8_TCELL_DN]
[GSE34006_A2AR_KO_VS_A2AR_AGONIST_TREATED_TREG_UP,GSE34006_A2AR_KO_VS_A2AR_AGONIST_TREATED_TREG_UP] was killed by [GSE40666_UNTREATED_VS_IFNA_STIM_STAT1_KO_CD8_TCELL_90MIN_UP,GSE40666_UNTREATED_VS_IFNA_STIM_STAT1_KO_CD8_TCELL_90MIN_UP]
[GSE7460_TREG_VS_TCONV_ACT_WITH_TGFB_DN,GSE7460_TREG_VS_TCONV_ACT_WITH_TGFB_DN] was killed by [MORF_NPM1,MORF_NPM1]
[MORF_FBL,MORF_FBL] was killed by [MORF_NPM1,MORF_NPM1]
[GCM_CSNK2B,GCM_CSNK2B] was killed by [MORF_NPM1,MORF_NPM1]
[GSE2706_2H_VS_8H_R848_STIM_DC_DN,GSE2706_2H_VS_8H_R848_STIM_DC_DN] was killed by [GSE40666_UNTREATED_VS_IFNA_STIM_STAT1_KO_CD8_TCELL_90MIN_UP,GSE40666_UNTREATED_VS_IFNA_STIM_STAT1_KO_CD8_TCELL_90MIN_UP]
[GSE23502_WT_VS_HDC_KO_MYELOID_DERIVED_SUPPRESSOR_CELL_BM_DN,GSE23502_WT_VS_HDC_KO_MYELOID_DERIVED_SUPPRESSOR_CELL_BM_DN] was killed by [PID_TCR_PATHWAY,PID_TCR_PATHWAY]
[GSE5099_MONOCYTE_VS_CLASSICAL_M1_MACROPHAGE_DN,GSE5099_MONOCYTE_VS_CLASSICAL_M1_MACROPHAGE_DN] was killed by [MORF_NPM1,MORF_NPM1]
[GSE24142_DN2_VS_DN3_THYMOCYTE_UP,GSE24142_DN2_VS_DN3_THYMOCYTE_UP] was killed by [GSE45365_NK_CELL_VS_CD8_TCELL_MCMV_INFECTION_UP,GSE45365_NK_CELL_VS_CD8_TCELL_MCMV_INFECTION_UP]
[GSE2405_0H_VS_9H_A_PHAGOCYTOPHILUM_STIM_NEUTROPHIL_DN,GSE2405_0H_VS_9H_A_PHAGOCYTOPHILUM_STIM_NEUTROPHIL_DN] was killed by [MORF_NPM1,MORF_NPM1]
[GSE42724_NAIVE_VS_B1_BCELL_DN,GSE42724_NAIVE_VS_B1_BCELL_DN] was killed by [MORF_NPM1,MORF_NPM1]
[GSE12366_GC_VS_MEMORY_BCELL_UP,GSE12366_GC_VS_MEMORY_BCELL_UP] was killed by [GSE10239_NAIVE_VS_DAY4.5_EFF_CD8_TCELL_DN,GSE10239_NAIVE_VS_DAY4.5_EFF_CD8_TCELL_DN]
[GSE29617_CTRL_VS_TIV_FLU_VACCINE_PBMC_2008_UP,GSE29617_CTRL_VS_TIV_FLU_VACCINE_PBMC_2008_UP] was killed by [GSE13485_DAY3_VS_DAY21_YF17D_VACCINE_PBMC_UP,GSE13485_DAY3_VS_DAY21_YF17D_VACCINE_PBMC_UP]
[GSE4984_LPS_VS_VEHICLE_CTRL_TREATED_DC_DN,GSE4984_LPS_VS_VEHICLE_CTRL_TREATED_DC_DN] was killed by [GSE5542_UNTREATED_VS_IFNA_TREATED_EPITHELIAL_CELLS_24H_UP,GSE5542_UNTREATED_VS_IFNA_TREATED_EPITHELIAL_CELLS_24H_UP]
[GO_POSITIVE_REGULATION_OF_DNA_BIOSYNTHETIC_PROCESS,GO_POSITIVE_REGULATION_OF_DNA_BIOSYNTHETIC_PROCESS] was killed by [GSE13762_CTRL_VS_125_VITAMIND_DAY12_DC_DN,GSE13762_CTRL_VS_125_VITAMIND_DAY12_DC_DN]
[GSE45365_NK_CELL_VS_BCELL_MCMV_INFECTION_UP,GSE45365_NK_CELL_VS_BCELL_MCMV_INFECTION_UP] was killed by [GSE45365_NK_CELL_VS_CD8_TCELL_MCMV_INFECTION_UP,GSE45365_NK_CELL_VS_CD8_TCELL_MCMV_INFECTION_UP]
[KEGG_PROGESTERONE_MEDIATED_OOCYTE_MATURATION,KEGG_PROGESTERONE_MEDIATED_OOCYTE_MATURATION] was killed by [GO_ANTIGEN_BINDING,GO_ANTIGEN_BINDING]
[GSE3982_MAST_CELL_VS_NKCELL_DN,GSE3982_MAST_CELL_VS_NKCELL_DN] was killed by [GSE42021_CD24HI_VS_CD24LOW_TCONV_THYMUS_UP,GSE42021_CD24HI_VS_CD24LOW_TCONV_THYMUS_UP]
[KEGG_PANCREATIC_CANCER,KEGG_PANCREATIC_CANCER] was killed by [GSE43955_1H_VS_60H_ACT_CD4_TCELL_WITH_TGFB_IL6_UP,GSE43955_1H_VS_60H_ACT_CD4_TCELL_WITH_TGFB_IL6_UP]
[GO_FC_RECEPTOR_SIGNALING_PATHWAY,GO_FC_RECEPTOR_SIGNALING_PATHWAY] was killed by [PID_TCR_PATHWAY,PID_TCR_PATHWAY]
[GNF2_STAT6,GNF2_STAT6] was killed by [ROSS_LEUKEMIA_WITH_MLL_FUSIONS,ROSS_LEUKEMIA_WITH_MLL_FUSIONS]
[GSE7568_IL4_VS_IL4_AND_TGFB_TREATED_MACROPHAGE_24H_DN,GSE7568_IL4_VS_IL4_AND_TGFB_TREATED_MACROPHAGE_24H_DN] was killed by [GSE22432_MULTIPOTENT_VS_COMMON_DC_PROGENITOR_UNTREATED_UP,GSE22432_MULTIPOTENT_VS_COMMON_DC_PROGENITOR_UNTREATED_UP]
[GNF2_MCM4,GNF2_MCM4] was killed by [GSE10239_NAIVE_VS_DAY4.5_EFF_CD8_TCELL_DN,GSE10239_NAIVE_VS_DAY4.5_EFF_CD8_TCELL_DN]
[GO_POSITIVE_REGULATION_OF_PROTEIN_IMPORT,GO_POSITIVE_REGULATION_OF_PROTEIN_IMPORT] was killed by [GO_ANTIGEN_BINDING,GO_ANTIGEN_BINDING]
[GSE6259_FLT3L_INDUCED_VS_WT_SPLENIC_DC_33D1_POS_UP,GSE6259_FLT3L_INDUCED_VS_WT_SPLENIC_DC_33D1_POS_UP] was killed by [GSE13485_DAY3_VS_DAY21_YF17D_VACCINE_PBMC_UP,GSE13485_DAY3_VS_DAY21_YF17D_VACCINE_PBMC_UP]
[GSE43955_1H_VS_20H_ACT_CD4_TCELL_WITH_TGFB_IL6_UP,GSE43955_1H_VS_20H_ACT_CD4_TCELL_WITH_TGFB_IL6_UP] was killed by [GSE43955_1H_VS_60H_ACT_CD4_TCELL_WITH_TGFB_IL6_UP,GSE43955_1H_VS_60H_ACT_CD4_TCELL_WITH_TGFB_IL6_UP]
[ATGTAGC_MIR221_MIR222,ATGTAGC_MIR221_MIR222] was killed by [GSE25088_CTRL_VS_IL4_STIM_STAT6_KO_MACROPHAGE_UP,GSE25088_CTRL_VS_IL4_STIM_STAT6_KO_MACROPHAGE_UP]
[GO_DNA_INTEGRITY_CHECKPOINT,GO_DNA_INTEGRITY_CHECKPOINT] was killed by [TSAI_RESPONSE_TO_IONIZING_RADIATION,TSAI_RESPONSE_TO_IONIZING_RADIATION]
[GSE10240_IL17_VS_IL17_AND_IL22_STIM_PRIMARY_BRONCHIAL_EPITHELIAL_CELLS_UP,GSE10240_IL17_VS_IL17_AND_IL22_STIM_PRIMARY_BRONCHIAL_EPITHELIAL_CELLS_UP] was killed by [PID_TCR_PATHWAY,PID_TCR_PATHWAY]
[GSE46606_IRF4MID_VS_WT_CD40L_IL2_IL5_DAY3_STIMULATED_BCELL_DN,GSE46606_IRF4MID_VS_WT_CD40L_IL2_IL5_DAY3_STIMULATED_BCELL_DN] was killed by [PID_TCR_PATHWAY,PID_TCR_PATHWAY]
[GSE21546_UNSTIM_VS_ANTI_CD3_STIM_DP_THYMOCYTES_DN,GSE21546_UNSTIM_VS_ANTI_CD3_STIM_DP_THYMOCYTES_DN] was killed by [GO_ANTIGEN_BINDING,GO_ANTIGEN_BINDING]
[GSE10239_MEMORY_VS_KLRG1INT_EFF_CD8_TCELL_DN,GSE10239_MEMORY_VS_KLRG1INT_EFF_CD8_TCELL_DN] was killed by [GSE10239_NAIVE_VS_DAY4.5_EFF_CD8_TCELL_DN,GSE10239_NAIVE_VS_DAY4.5_EFF_CD8_TCELL_DN]
[GSE39382_IL3_VS_IL3_IL33_TREATED_MAST_CELL_UP,GSE39382_IL3_VS_IL3_IL33_TREATED_MAST_CELL_UP] was killed by [ROSS_LEUKEMIA_WITH_MLL_FUSIONS,ROSS_LEUKEMIA_WITH_MLL_FUSIONS]
[GSE37533_UNTREATED_VS_PIOGLIZATONE_TREATED_CD4_TCELL_FOXP3_TRASDUCED_CD4_TCELL_UP,GSE37533_UNTREATED_VS_PIOGLIZATONE_TREATED_CD4_TCELL_FOXP3_TRASDUCED_CD4_TCELL_UP] was killed by [GSE21360_SECONDARY_VS_QUATERNARY_MEMORY_CD8_TCELL_DN,GSE21360_SECONDARY_VS_QUATERNARY_MEMORY_CD8_TCELL_DN]
[GO_MIDBODY,GO_MIDBODY] was killed by [PRC2_EZH2_UP.V1_UP,PRC2_EZH2_UP.V1_UP]
[MORF_BMI1,MORF_BMI1] was killed by [MORF_RPA2,MORF_RPA2]
[GO_UNFOLDED_PROTEIN_BINDING,GO_UNFOLDED_PROTEIN_BINDING] was killed by [MORF_NPM1,MORF_NPM1]
[ABRAMSON_INTERACT_WITH_AIRE,ABRAMSON_INTERACT_WITH_AIRE] was killed by [chr22q13,chr22q13]
[GSE40666_WT_VS_STAT4_KO_CD8_TCELL_WITH_IFNA_STIM_90MIN_UP,GSE40666_WT_VS_STAT4_KO_CD8_TCELL_WITH_IFNA_STIM_90MIN_UP] was killed by [DAIRKEE_TERT_TARGETS_DN,DAIRKEE_TERT_TARGETS_DN]
[PECE_MAMMARY_STEM_CELL_UP,PECE_MAMMARY_STEM_CELL_UP] was killed by [MORF_NPM1,MORF_NPM1]
[GSE8835_CD4_VS_CD8_TCELL_CLL_PATIENT_UP,GSE8835_CD4_VS_CD8_TCELL_CLL_PATIENT_UP] was killed by [GSE40666_UNTREATED_VS_IFNA_STIM_STAT1_KO_CD8_TCELL_90MIN_UP,GSE40666_UNTREATED_VS_IFNA_STIM_STAT1_KO_CD8_TCELL_90MIN_UP]
[PID_CD8_TCR_PATHWAY,PID_CD8_TCR_PATHWAY] was killed by [PID_TCR_PATHWAY,PID_TCR_PATHWAY]
[GSE3982_MAST_CELL_VS_TH2_DN,GSE3982_MAST_CELL_VS_TH2_DN] was killed by [GNF2_MSH2,GNF2_MSH2]
[PID_NFAT_3PATHWAY,PID_NFAT_3PATHWAY] was killed by [GSE21033_1H_VS_12H_POLYIC_STIM_DC_UP,GSE21033_1H_VS_12H_POLYIC_STIM_DC_UP]
[IZADPANAH_STEM_CELL_ADIPOSE_VS_BONE_UP,IZADPANAH_STEM_CELL_ADIPOSE_VS_BONE_UP] was killed by [GSE5542_UNTREATED_VS_IFNA_TREATED_EPITHELIAL_CELLS_24H_UP,GSE5542_UNTREATED_VS_IFNA_TREATED_EPITHELIAL_CELLS_24H_UP]
[GSE32533_MIR17_KO_VS_MIR17_OVEREXPRESS_ACT_CD4_TCELL_UP,GSE32533_MIR17_KO_VS_MIR17_OVEREXPRESS_ACT_CD4_TCELL_UP] was killed by [GSE45365_NK_CELL_VS_CD8_TCELL_MCMV_INFECTION_UP,GSE45365_NK_CELL_VS_CD8_TCELL_MCMV_INFECTION_UP]
[GSE3982_MAST_CELL_VS_EFF_MEMORY_CD4_TCELL_UP,GSE3982_MAST_CELL_VS_EFF_MEMORY_CD4_TCELL_UP] was killed by [GSE45365_NK_CELL_VS_CD8_TCELL_MCMV_INFECTION_UP,GSE45365_NK_CELL_VS_CD8_TCELL_MCMV_INFECTION_UP]
[MENSE_HYPOXIA_UP,MENSE_HYPOXIA_UP] was killed by [GSE21360_SECONDARY_VS_QUATERNARY_MEMORY_CD8_TCELL_DN,GSE21360_SECONDARY_VS_QUATERNARY_MEMORY_CD8_TCELL_DN]
[GO_G1_DNA_DAMAGE_CHECKPOINT,GO_G1_DNA_DAMAGE_CHECKPOINT] was killed by [MORF_RPA2,MORF_RPA2]
[PANGAS_TUMOR_SUPPRESSION_BY_SMAD1_AND_SMAD5_UP,PANGAS_TUMOR_SUPPRESSION_BY_SMAD1_AND_SMAD5_UP] was killed by [DAIRKEE_TERT_TARGETS_DN,DAIRKEE_TERT_TARGETS_DN]
[GO_NUCLEAR_TRANSCRIBED_MRNA_CATABOLIC_PROCESS_NONSENSE_MEDIATED_DECAY,GO_NUCLEAR_TRANSCRIBED_MRNA_CATABOLIC_PROCESS_NONSENSE_MEDIATED_DECAY] was killed by [MORF_NPM1,MORF_NPM1]
[GSE45365_HEALTHY_VS_MCMV_INFECTION_CD8A_DC_DN,GSE45365_HEALTHY_VS_MCMV_INFECTION_CD8A_DC_DN] was killed by [GO_ANTIGEN_BINDING,GO_ANTIGEN_BINDING]
[GSE36888_UNTREATED_VS_IL2_TREATED_TCELL_2H_DN,GSE36888_UNTREATED_VS_IL2_TREATED_TCELL_2H_DN] was killed by [GSE45365_NK_CELL_VS_CD8_TCELL_MCMV_INFECTION_UP,GSE45365_NK_CELL_VS_CD8_TCELL_MCMV_INFECTION_UP]
[GSE7831_UNSTIM_VS_INFLUENZA_STIM_PDC_4H_UP,GSE7831_UNSTIM_VS_INFLUENZA_STIM_PDC_4H_UP] was killed by [GSE42021_CD24HI_VS_CD24LOW_TCONV_THYMUS_UP,GSE42021_CD24HI_VS_CD24LOW_TCONV_THYMUS_UP]
[GSE10240_CTRL_VS_IL17_AND_IL22_STIM_PRIMARY_BRONCHIAL_EPITHELIAL_CELLS_UP,GSE10240_CTRL_VS_IL17_AND_IL22_STIM_PRIMARY_BRONCHIAL_EPITHELIAL_CELLS_UP] was killed by [PRC2_EZH2_UP.V1_UP,PRC2_EZH2_UP.V1_UP]
[SCHLOSSER_MYC_TARGETS_REPRESSED_BY_SERUM,SCHLOSSER_MYC_TARGETS_REPRESSED_BY_SERUM] was killed by [GSE22432_MULTIPOTENT_VS_COMMON_DC_PROGENITOR_UNTREATED_UP,GSE22432_MULTIPOTENT_VS_COMMON_DC_PROGENITOR_UNTREATED_UP]
[GSE40274_CTRL_VS_FOXP3_TRANSDUCED_ACTIVATED_CD4_TCELL_UP,GSE40274_CTRL_VS_FOXP3_TRANSDUCED_ACTIVATED_CD4_TCELL_UP] was killed by [PRC2_EZH2_UP.V1_UP,PRC2_EZH2_UP.V1_UP]
[GSE22432_PDC_VS_TGFB1_TREATEDCOMMON_DC_PROGENITOR_UP,GSE22432_PDC_VS_TGFB1_TREATEDCOMMON_DC_PROGENITOR_UP] was killed by [MORF_RPA2,MORF_RPA2]
[GSE11961_MEMORY_BCELL_DAY7_VS_PLASMA_CELL_DAY7_DN,GSE11961_MEMORY_BCELL_DAY7_VS_PLASMA_CELL_DAY7_DN] was killed by [GSE14699_NAIVE_VS_DELETIONAL_TOLERANCE_CD8_TCELL_DN,GSE14699_NAIVE_VS_DELETIONAL_TOLERANCE_CD8_TCELL_DN]
[BROWNE_HCMV_INFECTION_6HR_DN,BROWNE_HCMV_INFECTION_6HR_DN] was killed by [GSE40666_UNTREATED_VS_IFNA_STIM_STAT1_KO_CD8_TCELL_90MIN_UP,GSE40666_UNTREATED_VS_IFNA_STIM_STAT1_KO_CD8_TCELL_90MIN_UP]
[GO_NUCLEASE_ACTIVITY,GO_NUCLEASE_ACTIVITY] was killed by [GO_METAL_CLUSTER_BINDING,GO_METAL_CLUSTER_BINDING]
[GSE11961_GERMINAL_CENTER_BCELL_DAY7_VS_PLASMA_CELL_DAY7_UP,GSE11961_GERMINAL_CENTER_BCELL_DAY7_VS_PLASMA_CELL_DAY7_UP] was killed by [GSE10239_NAIVE_VS_DAY4.5_EFF_CD8_TCELL_DN,GSE10239_NAIVE_VS_DAY4.5_EFF_CD8_TCELL_DN]
[GSE17721_LPS_VS_PAM3CSK4_0.5H_BMDC_UP,GSE17721_LPS_VS_PAM3CSK4_0.5H_BMDC_UP] was killed by [GSE37605_TREG_VS_TCONV_C57BL6_FOXP3_FUSION_GFP_DN,GSE37605_TREG_VS_TCONV_C57BL6_FOXP3_FUSION_GFP_DN]
[BILANGES_RAPAMYCIN_SENSITIVE_VIA_TSC1_AND_TSC2,BILANGES_RAPAMYCIN_SENSITIVE_VIA_TSC1_AND_TSC2] was killed by [MORF_NPM1,MORF_NPM1]
[KARLSSON_TGFB1_TARGETS_UP,KARLSSON_TGFB1_TARGETS_UP] was killed by [GSE22432_MULTIPOTENT_VS_COMMON_DC_PROGENITOR_UNTREATED_UP,GSE22432_MULTIPOTENT_VS_COMMON_DC_PROGENITOR_UNTREATED_UP]
[GSE2770_UNTREATED_VS_IL12_TREATED_ACT_CD4_TCELL_6H_UP,GSE2770_UNTREATED_VS_IL12_TREATED_ACT_CD4_TCELL_6H_UP] was killed by [GCAAAAA_MIR129,GCAAAAA_MIR129]
[GSE29949_MICROGLIA_BRAIN_VS_CD8_POS_DC_SPLEEN_UP,GSE29949_MICROGLIA_BRAIN_VS_CD8_POS_DC_SPLEEN_UP] was killed by [GSE14699_NAIVE_VS_DELETIONAL_TOLERANCE_CD8_TCELL_DN,GSE14699_NAIVE_VS_DELETIONAL_TOLERANCE_CD8_TCELL_DN]
[chr20p11,chr20p11] was killed by [GSE10239_NAIVE_VS_DAY4.5_EFF_CD8_TCELL_DN,GSE10239_NAIVE_VS_DAY4.5_EFF_CD8_TCELL_DN]
[GSE37532_WT_VS_PPARG_KO_VISCERAL_ADIPOSE_TISSUE_TCONV_DN,GSE37532_WT_VS_PPARG_KO_VISCERAL_ADIPOSE_TISSUE_TCONV_DN] was killed by [GSE42021_CD24HI_VS_CD24LOW_TCONV_THYMUS_UP,GSE42021_CD24HI_VS_CD24LOW_TCONV_THYMUS_UP]
