[RUBENSTEIN_SKELETAL_MUSCLE_T_CELLS,RUBENSTEIN_SKELETAL_MUSCLE_T_CELLS] was killed by [BUSSLINGER_DUODENAL_TRANSIT_AMPLIFYING_CELLS,BUSSLINGER_DUODENAL_TRANSIT_AMPLIFYING_CELLS]
[MANNO_MIDBRAIN_NEUROTYPES_BASAL,MANNO_MIDBRAIN_NEUROTYPES_BASAL] was killed by [BUSSLINGER_DUODENAL_TRANSIT_AMPLIFYING_CELLS,BUSSLINGER_DUODENAL_TRANSIT_AMPLIFYING_CELLS]
[AIZARANI_LIVER_C18_NK_NKT_CELLS_5,AIZARANI_LIVER_C18_NK_NKT_CELLS_5] was killed by [DURANTE_ADULT_OLFACTORY_NEUROEPITHELIUM_DENDRITIC_CELLS,DURANTE_ADULT_OLFACTORY_NEUROEPITHELIUM_DENDRITIC_CELLS]
[TRAVAGLINI_LUNG_NONCLASSICAL_MONOCYTE_CELL,TRAVAGLINI_LUNG_NONCLASSICAL_MONOCYTE_CELL] was killed by [DURANTE_ADULT_OLFACTORY_NEUROEPITHELIUM_DENDRITIC_CELLS,DURANTE_ADULT_OLFACTORY_NEUROEPITHELIUM_DENDRITIC_CELLS]
[AIZARANI_LIVER_C25_KUPFFER_CELLS_4,AIZARANI_LIVER_C25_KUPFFER_CELLS_4] was killed by [DURANTE_ADULT_OLFACTORY_NEUROEPITHELIUM_DENDRITIC_CELLS,DURANTE_ADULT_OLFACTORY_NEUROEPITHELIUM_DENDRITIC_CELLS]
[HAY_BONE_MARROW_IMMATURE_NEUTROPHIL,HAY_BONE_MARROW_IMMATURE_NEUTROPHIL] was killed by [DURANTE_ADULT_OLFACTORY_NEUROEPITHELIUM_DENDRITIC_CELLS,DURANTE_ADULT_OLFACTORY_NEUROEPITHELIUM_DENDRITIC_CELLS]
[TRAVAGLINI_LUNG_MACROPHAGE_CELL,TRAVAGLINI_LUNG_MACROPHAGE_CELL] was killed by [DURANTE_ADULT_OLFACTORY_NEUROEPITHELIUM_DENDRITIC_CELLS,DURANTE_ADULT_OLFACTORY_NEUROEPITHELIUM_DENDRITIC_CELLS]
[HAY_BONE_MARROW_EARLY_ERYTHROBLAST,HAY_BONE_MARROW_EARLY_ERYTHROBLAST] was killed by [BUSSLINGER_DUODENAL_TRANSIT_AMPLIFYING_CELLS,BUSSLINGER_DUODENAL_TRANSIT_AMPLIFYING_CELLS]
[BUSSLINGER_GASTRIC_LYZ_POSITIVE_CELLS,BUSSLINGER_GASTRIC_LYZ_POSITIVE_CELLS] was killed by [BUSSLINGER_DUODENAL_TRANSIT_AMPLIFYING_CELLS,BUSSLINGER_DUODENAL_TRANSIT_AMPLIFYING_CELLS]
[RUBENSTEIN_SKELETAL_MUSCLE_B_CELLS,RUBENSTEIN_SKELETAL_MUSCLE_B_CELLS] was killed by [BUSSLINGER_DUODENAL_TRANSIT_AMPLIFYING_CELLS,BUSSLINGER_DUODENAL_TRANSIT_AMPLIFYING_CELLS]
[FAN_OVARY_CL0_XBP1_SELK_HIGH_STROMAL_CELL,FAN_OVARY_CL0_XBP1_SELK_HIGH_STROMAL_CELL] was killed by [BUSSLINGER_DUODENAL_TRANSIT_AMPLIFYING_CELLS,BUSSLINGER_DUODENAL_TRANSIT_AMPLIFYING_CELLS]
[DESCARTES_FETAL_PLACENTA_IGFBP1_DKK1_POSITIVE_CELLS,DESCARTES_FETAL_PLACENTA_IGFBP1_DKK1_POSITIVE_CELLS] was killed by [DESCARTES_FETAL_KIDNEY_STROMAL_CELLS,DESCARTES_FETAL_KIDNEY_STROMAL_CELLS]
[DESCARTES_FETAL_INTESTINE_LYMPHOID_CELLS,DESCARTES_FETAL_INTESTINE_LYMPHOID_CELLS] was killed by [DESCARTES_FETAL_PANCREAS_LYMPHOID_CELLS,DESCARTES_FETAL_PANCREAS_LYMPHOID_CELLS]
[DESCARTES_FETAL_LUNG_LYMPHOID_CELLS,DESCARTES_FETAL_LUNG_LYMPHOID_CELLS] was killed by [DESCARTES_FETAL_PANCREAS_LYMPHOID_CELLS,DESCARTES_FETAL_PANCREAS_LYMPHOID_CELLS]
[FAN_EMBRYONIC_CTX_BRAIN_MYELOID,FAN_EMBRYONIC_CTX_BRAIN_MYELOID] was killed by [DURANTE_ADULT_OLFACTORY_NEUROEPITHELIUM_DENDRITIC_CELLS,DURANTE_ADULT_OLFACTORY_NEUROEPITHELIUM_DENDRITIC_CELLS]
[CUI_DEVELOPING_HEART_C7_MAST_CELL,CUI_DEVELOPING_HEART_C7_MAST_CELL] was killed by [DURANTE_ADULT_OLFACTORY_NEUROEPITHELIUM_DENDRITIC_CELLS,DURANTE_ADULT_OLFACTORY_NEUROEPITHELIUM_DENDRITIC_CELLS]
[DESCARTES_FETAL_ADRENAL_MYELOID_CELLS,DESCARTES_FETAL_ADRENAL_MYELOID_CELLS] was killed by [DURANTE_ADULT_OLFACTORY_NEUROEPITHELIUM_DENDRITIC_CELLS,DURANTE_ADULT_OLFACTORY_NEUROEPITHELIUM_DENDRITIC_CELLS]
[DURANTE_ADULT_OLFACTORY_NEUROEPITHELIUM_MAST_CELLS,DURANTE_ADULT_OLFACTORY_NEUROEPITHELIUM_MAST_CELLS] was killed by [DURANTE_ADULT_OLFACTORY_NEUROEPITHELIUM_DENDRITIC_CELLS,DURANTE_ADULT_OLFACTORY_NEUROEPITHELIUM_DENDRITIC_CELLS]
[ZHONG_PFC_MAJOR_TYPES_NPCS,ZHONG_PFC_MAJOR_TYPES_NPCS] was killed by [BUSSLINGER_DUODENAL_TRANSIT_AMPLIFYING_CELLS,BUSSLINGER_DUODENAL_TRANSIT_AMPLIFYING_CELLS]
[RUBENSTEIN_SKELETAL_MUSCLE_ENDOTHELIAL_CELLS,RUBENSTEIN_SKELETAL_MUSCLE_ENDOTHELIAL_CELLS] was killed by [CUI_DEVELOPING_HEART_C4_ENDOTHELIAL_CELL,CUI_DEVELOPING_HEART_C4_ENDOTHELIAL_CELL]
[DESCARTES_FETAL_LIVER_LYMPHOID_CELLS,DESCARTES_FETAL_LIVER_LYMPHOID_CELLS] was killed by [DESCARTES_FETAL_PANCREAS_LYMPHOID_CELLS,DESCARTES_FETAL_PANCREAS_LYMPHOID_CELLS]
[DURANTE_ADULT_OLFACTORY_NEUROEPITHELIUM_FIBROBLASTS_STROMAL_CELLS,DURANTE_ADULT_OLFACTORY_NEUROEPITHELIUM_FIBROBLASTS_STROMAL_CELLS] was killed by [DESCARTES_FETAL_KIDNEY_STROMAL_CELLS,DESCARTES_FETAL_KIDNEY_STROMAL_CELLS]
[LAKE_ADULT_KIDNEY_C26_MESANGIAL_CELLS,LAKE_ADULT_KIDNEY_C26_MESANGIAL_CELLS] was killed by [CUI_DEVELOPING_HEART_C4_ENDOTHELIAL_CELL,CUI_DEVELOPING_HEART_C4_ENDOTHELIAL_CELL]
[AIZARANI_LIVER_C21_STELLATE_CELLS_1,AIZARANI_LIVER_C21_STELLATE_CELLS_1] was killed by [DESCARTES_FETAL_KIDNEY_STROMAL_CELLS,DESCARTES_FETAL_KIDNEY_STROMAL_CELLS]
[DESCARTES_FETAL_ADRENAL_LYMPHOID_CELLS,DESCARTES_FETAL_ADRENAL_LYMPHOID_CELLS] was killed by [DESCARTES_FETAL_PANCREAS_LYMPHOID_CELLS,DESCARTES_FETAL_PANCREAS_LYMPHOID_CELLS]
[DESCARTES_FETAL_PLACENTA_MYELOID_CELLS,DESCARTES_FETAL_PLACENTA_MYELOID_CELLS] was killed by [DURANTE_ADULT_OLFACTORY_NEUROEPITHELIUM_DENDRITIC_CELLS,DURANTE_ADULT_OLFACTORY_NEUROEPITHELIUM_DENDRITIC_CELLS]
[AIZARANI_LIVER_C31_KUPFFER_CELLS_5,AIZARANI_LIVER_C31_KUPFFER_CELLS_5] was killed by [DURANTE_ADULT_OLFACTORY_NEUROEPITHELIUM_DENDRITIC_CELLS,DURANTE_ADULT_OLFACTORY_NEUROEPITHELIUM_DENDRITIC_CELLS]
[DESCARTES_FETAL_LUNG_MYELOID_CELLS,DESCARTES_FETAL_LUNG_MYELOID_CELLS] was killed by [DURANTE_ADULT_OLFACTORY_NEUROEPITHELIUM_DENDRITIC_CELLS,DURANTE_ADULT_OLFACTORY_NEUROEPITHELIUM_DENDRITIC_CELLS]
[DESCARTES_FETAL_LUNG_NEUROENDOCRINE_CELLS,DESCARTES_FETAL_LUNG_NEUROENDOCRINE_CELLS] was killed by [DESCARTES_FETAL_PANCREAS_ISLET_ENDOCRINE_CELLS,DESCARTES_FETAL_PANCREAS_ISLET_ENDOCRINE_CELLS]
[AIZARANI_LIVER_C2_KUPFFER_CELLS_1,AIZARANI_LIVER_C2_KUPFFER_CELLS_1] was killed by [DURANTE_ADULT_OLFACTORY_NEUROEPITHELIUM_DENDRITIC_CELLS,DURANTE_ADULT_OLFACTORY_NEUROEPITHELIUM_DENDRITIC_CELLS]
[DESCARTES_FETAL_CEREBRUM_OLIGODENDROCYTES,DESCARTES_FETAL_CEREBRUM_OLIGODENDROCYTES] was killed by [DESCARTES_FETAL_PANCREAS_LYMPHOID_CELLS,DESCARTES_FETAL_PANCREAS_LYMPHOID_CELLS]
[ZHENG_CORD_BLOOD_C6_HSC_MULTIPOTENT_PROGENITOR,ZHENG_CORD_BLOOD_C6_HSC_MULTIPOTENT_PROGENITOR] was killed by [DURANTE_ADULT_OLFACTORY_NEUROEPITHELIUM_DENDRITIC_CELLS,DURANTE_ADULT_OLFACTORY_NEUROEPITHELIUM_DENDRITIC_CELLS]
[MENON_FETAL_KIDNEY_0_CAP_MESENCHYME_CELLS,MENON_FETAL_KIDNEY_0_CAP_MESENCHYME_CELLS] was killed by [BUSSLINGER_DUODENAL_TRANSIT_AMPLIFYING_CELLS,BUSSLINGER_DUODENAL_TRANSIT_AMPLIFYING_CELLS]
[DESCARTES_FETAL_EYE_STROMAL_CELLS,DESCARTES_FETAL_EYE_STROMAL_CELLS] was killed by [DESCARTES_FETAL_KIDNEY_STROMAL_CELLS,DESCARTES_FETAL_KIDNEY_STROMAL_CELLS]
[ZHENG_CORD_BLOOD_C2_PUTATIVE_BASOPHIL_EOSINOPHIL_MAST_CELL_PROGENITOR,ZHENG_CORD_BLOOD_C2_PUTATIVE_BASOPHIL_EOSINOPHIL_MAST_CELL_PROGENITOR] was killed by [BUSSLINGER_DUODENAL_TRANSIT_AMPLIFYING_CELLS,BUSSLINGER_DUODENAL_TRANSIT_AMPLIFYING_CELLS]
[DESCARTES_FETAL_PANCREAS_VASCULAR_ENDOTHELIAL_CELLS,DESCARTES_FETAL_PANCREAS_VASCULAR_ENDOTHELIAL_CELLS] was killed by [CUI_DEVELOPING_HEART_C4_ENDOTHELIAL_CELL,CUI_DEVELOPING_HEART_C4_ENDOTHELIAL_CELL]
[DESCARTES_FETAL_ADRENAL_SCHWANN_CELLS,DESCARTES_FETAL_ADRENAL_SCHWANN_CELLS] was killed by [DESCARTES_FETAL_KIDNEY_STROMAL_CELLS,DESCARTES_FETAL_KIDNEY_STROMAL_CELLS]
[LAKE_ADULT_KIDNEY_C11_THIN_ASCENDING_LIMB,LAKE_ADULT_KIDNEY_C11_THIN_ASCENDING_LIMB] was killed by [LAKE_ADULT_KIDNEY_C15_CONNECTING_TUBULE,LAKE_ADULT_KIDNEY_C15_CONNECTING_TUBULE]
[LAKE_ADULT_KIDNEY_C20_COLLECTING_DUCT_INTERCALATED_CELLS_TYPE_A_CORTEX,LAKE_ADULT_KIDNEY_C20_COLLECTING_DUCT_INTERCALATED_CELLS_TYPE_A_CORTEX] was killed by [LAKE_ADULT_KIDNEY_C15_CONNECTING_TUBULE,LAKE_ADULT_KIDNEY_C15_CONNECTING_TUBULE]
[DESCARTES_FETAL_SPLEEN_MEGAKARYOCYTES,DESCARTES_FETAL_SPLEEN_MEGAKARYOCYTES] was killed by [DESCARTES_FETAL_LIVER_MEGAKARYOCYTES,DESCARTES_FETAL_LIVER_MEGAKARYOCYTES]
[DESCARTES_FETAL_INTESTINE_ENS_NEURONS,DESCARTES_FETAL_INTESTINE_ENS_NEURONS] was killed by [DESCARTES_FETAL_ADRENAL_CHROMAFFIN_CELLS,DESCARTES_FETAL_ADRENAL_CHROMAFFIN_CELLS]
[TRAVAGLINI_LUNG_PROLIFERATING_NK_T_CELL,TRAVAGLINI_LUNG_PROLIFERATING_NK_T_CELL] was killed by [BUSSLINGER_DUODENAL_TRANSIT_AMPLIFYING_CELLS,BUSSLINGER_DUODENAL_TRANSIT_AMPLIFYING_CELLS]
[MENON_FETAL_KIDNEY_9_ENDOTHELIAL_CELLS,MENON_FETAL_KIDNEY_9_ENDOTHELIAL_CELLS] was killed by [DURANTE_ADULT_OLFACTORY_NEUROEPITHELIUM_DENDRITIC_CELLS,DURANTE_ADULT_OLFACTORY_NEUROEPITHELIUM_DENDRITIC_CELLS]
[DESCARTES_MAIN_FETAL_SKELETAL_MUSCLE_CELLS,DESCARTES_MAIN_FETAL_SKELETAL_MUSCLE_CELLS] was killed by [DESCARTES_FETAL_EYE_SKELETAL_MUSCLE_CELLS,DESCARTES_FETAL_EYE_SKELETAL_MUSCLE_CELLS]
[DESCARTES_MAIN_FETAL_CHROMAFFIN_CELLS,DESCARTES_MAIN_FETAL_CHROMAFFIN_CELLS] was killed by [DESCARTES_FETAL_ADRENAL_CHROMAFFIN_CELLS,DESCARTES_FETAL_ADRENAL_CHROMAFFIN_CELLS]
[CUI_DEVELOPING_HEART_C9_B_T_CELL,CUI_DEVELOPING_HEART_C9_B_T_CELL] was killed by [DURANTE_ADULT_OLFACTORY_NEUROEPITHELIUM_DENDRITIC_CELLS,DURANTE_ADULT_OLFACTORY_NEUROEPITHELIUM_DENDRITIC_CELLS]
[LAKE_ADULT_KIDNEY_C24_ENDOTHELIAL_CELLS_AEA_AND_DVR,LAKE_ADULT_KIDNEY_C24_ENDOTHELIAL_CELLS_AEA_AND_DVR] was killed by [BUSSLINGER_DUODENAL_TRANSIT_AMPLIFYING_CELLS,BUSSLINGER_DUODENAL_TRANSIT_AMPLIFYING_CELLS]
[LAKE_ADULT_KIDNEY_C27_VASCULAR_SMOOTH_MUSCLE_CELLS_AND_PERICYTES,LAKE_ADULT_KIDNEY_C27_VASCULAR_SMOOTH_MUSCLE_CELLS_AND_PERICYTES] was killed by [LAKE_ADULT_KIDNEY_C15_CONNECTING_TUBULE,LAKE_ADULT_KIDNEY_C15_CONNECTING_TUBULE]
[FAN_EMBRYONIC_CTX_BIG_GROUPS_BRAIN_IMMUNE,FAN_EMBRYONIC_CTX_BIG_GROUPS_BRAIN_IMMUNE] was killed by [DURANTE_ADULT_OLFACTORY_NEUROEPITHELIUM_DENDRITIC_CELLS,DURANTE_ADULT_OLFACTORY_NEUROEPITHELIUM_DENDRITIC_CELLS]
[DESCARTES_FETAL_CEREBRUM_INHIBITORY_NEURONS,DESCARTES_FETAL_CEREBRUM_INHIBITORY_NEURONS] was killed by [DESCARTES_FETAL_CEREBELLUM_INHIBITORY_INTERNEURONS,DESCARTES_FETAL_CEREBELLUM_INHIBITORY_INTERNEURONS]
[DESCARTES_MAIN_FETAL_SQUAMOUS_EPITHELIAL_CELLS,DESCARTES_MAIN_FETAL_SQUAMOUS_EPITHELIAL_CELLS] was killed by [DESCARTES_FETAL_STOMACH_SQUAMOUS_EPITHELIAL_CELLS,DESCARTES_FETAL_STOMACH_SQUAMOUS_EPITHELIAL_CELLS]
[DESCARTES_FETAL_CEREBRUM_SKOR2_NPSR1_POSITIVE_CELLS,DESCARTES_FETAL_CEREBRUM_SKOR2_NPSR1_POSITIVE_CELLS] was killed by [DESCARTES_FETAL_CEREBELLUM_PURKINJE_NEURONS,DESCARTES_FETAL_CEREBELLUM_PURKINJE_NEURONS]
[DESCARTES_FETAL_CEREBELLUM_OLIGODENDROCYTES,DESCARTES_FETAL_CEREBELLUM_OLIGODENDROCYTES] was killed by [DESCARTES_FETAL_KIDNEY_METANEPHRIC_CELLS,DESCARTES_FETAL_KIDNEY_METANEPHRIC_CELLS]
[DESCARTES_FETAL_HEART_MYELOID_CELLS,DESCARTES_FETAL_HEART_MYELOID_CELLS] was killed by [DURANTE_ADULT_OLFACTORY_NEUROEPITHELIUM_DENDRITIC_CELLS,DURANTE_ADULT_OLFACTORY_NEUROEPITHELIUM_DENDRITIC_CELLS]
[TRAVAGLINI_LUNG_IGSF21_DENDRITIC_CELL,TRAVAGLINI_LUNG_IGSF21_DENDRITIC_CELL] was killed by [DESCARTES_MAIN_FETAL_MICROGLIA,DESCARTES_MAIN_FETAL_MICROGLIA]
[AIZARANI_LIVER_C1_NK_NKT_CELLS_1,AIZARANI_LIVER_C1_NK_NKT_CELLS_1] was killed by [DURANTE_ADULT_OLFACTORY_NEUROEPITHELIUM_DENDRITIC_CELLS,DURANTE_ADULT_OLFACTORY_NEUROEPITHELIUM_DENDRITIC_CELLS]
[DESCARTES_FETAL_ADRENAL_SYMPATHOBLASTS,DESCARTES_FETAL_ADRENAL_SYMPATHOBLASTS] was killed by [DESCARTES_FETAL_PANCREAS_ISLET_ENDOCRINE_CELLS,DESCARTES_FETAL_PANCREAS_ISLET_ENDOCRINE_CELLS]
[ZHONG_PFC_C2_UNKNOWN_NPC,ZHONG_PFC_C2_UNKNOWN_NPC] was killed by [FAN_EMBRYONIC_CTX_MICROGLIA_1,FAN_EMBRYONIC_CTX_MICROGLIA_1]
[DESCARTES_FETAL_ADRENAL_STROMAL_CELLS,DESCARTES_FETAL_ADRENAL_STROMAL_CELLS] was killed by [DESCARTES_FETAL_KIDNEY_STROMAL_CELLS,DESCARTES_FETAL_KIDNEY_STROMAL_CELLS]
[DESCARTES_FETAL_HEART_LYMPHOID_CELLS,DESCARTES_FETAL_HEART_LYMPHOID_CELLS] was killed by [DESCARTES_FETAL_PANCREAS_LYMPHOID_CELLS,DESCARTES_FETAL_PANCREAS_LYMPHOID_CELLS]
[DESCARTES_FETAL_ADRENAL_VASCULAR_ENDOTHELIAL_CELLS,DESCARTES_FETAL_ADRENAL_VASCULAR_ENDOTHELIAL_CELLS] was killed by [CUI_DEVELOPING_HEART_C4_ENDOTHELIAL_CELL,CUI_DEVELOPING_HEART_C4_ENDOTHELIAL_CELL]
[GAO_LARGE_INTESTINE_ADULT_CH_MKI67HIGH_CELLS,GAO_LARGE_INTESTINE_ADULT_CH_MKI67HIGH_CELLS] was killed by [FAN_EMBRYONIC_CTX_MICROGLIA_1,FAN_EMBRYONIC_CTX_MICROGLIA_1]
[BUSSLINGER_GASTRIC_PPP1R1B_POSITIVE_CELLS,BUSSLINGER_GASTRIC_PPP1R1B_POSITIVE_CELLS] was killed by [BUSSLINGER_DUODENAL_TRANSIT_AMPLIFYING_CELLS,BUSSLINGER_DUODENAL_TRANSIT_AMPLIFYING_CELLS]
[DESCARTES_FETAL_MUSCLE_STROMAL_CELLS,DESCARTES_FETAL_MUSCLE_STROMAL_CELLS] was killed by [DESCARTES_FETAL_KIDNEY_STROMAL_CELLS,DESCARTES_FETAL_KIDNEY_STROMAL_CELLS]
[MURARO_PANCREAS_PANCREATIC_POLYPEPTIDE_CELL,MURARO_PANCREAS_PANCREATIC_POLYPEPTIDE_CELL] was killed by [DESCARTES_FETAL_PANCREAS_ISLET_ENDOCRINE_CELLS,DESCARTES_FETAL_PANCREAS_ISLET_ENDOCRINE_CELLS]
[DESCARTES_FETAL_HEART_VISCERAL_NEURONS,DESCARTES_FETAL_HEART_VISCERAL_NEURONS] was killed by [DESCARTES_FETAL_PANCREAS_ISLET_ENDOCRINE_CELLS,DESCARTES_FETAL_PANCREAS_ISLET_ENDOCRINE_CELLS]
[DESCARTES_FETAL_STOMACH_MUC13_DMBT1_POSITIVE_CELLS,DESCARTES_FETAL_STOMACH_MUC13_DMBT1_POSITIVE_CELLS] was killed by [BUSSLINGER_DUODENAL_TRANSIT_AMPLIFYING_CELLS,BUSSLINGER_DUODENAL_TRANSIT_AMPLIFYING_CELLS]
[CUI_DEVELOPING_HEART_C6_EPICARDIAL_CELL,CUI_DEVELOPING_HEART_C6_EPICARDIAL_CELL] was killed by [DESCARTES_FETAL_KIDNEY_STROMAL_CELLS,DESCARTES_FETAL_KIDNEY_STROMAL_CELLS]
[TRAVAGLINI_LUNG_NEUROENDOCRINE_CELL,TRAVAGLINI_LUNG_NEUROENDOCRINE_CELL] was killed by [DESCARTES_FETAL_PANCREAS_ISLET_ENDOCRINE_CELLS,DESCARTES_FETAL_PANCREAS_ISLET_ENDOCRINE_CELLS]
[DESCARTES_FETAL_THYMUS_STROMAL_CELLS,DESCARTES_FETAL_THYMUS_STROMAL_CELLS] was killed by [DESCARTES_FETAL_KIDNEY_STROMAL_CELLS,DESCARTES_FETAL_KIDNEY_STROMAL_CELLS]
[DESCARTES_FETAL_SPLEEN_MESOTHELIAL_CELLS,DESCARTES_FETAL_SPLEEN_MESOTHELIAL_CELLS] was killed by [DESCARTES_FETAL_KIDNEY_STROMAL_CELLS,DESCARTES_FETAL_KIDNEY_STROMAL_CELLS]
[AIZARANI_LIVER_C24_EPCAM_POS_BILE_DUCT_CELLS_3,AIZARANI_LIVER_C24_EPCAM_POS_BILE_DUCT_CELLS_3] was killed by [BUSSLINGER_DUODENAL_TRANSIT_AMPLIFYING_CELLS,BUSSLINGER_DUODENAL_TRANSIT_AMPLIFYING_CELLS]
[CUI_DEVELOPING_HEART_VALVAR_ENDOTHELIAL_CELL,CUI_DEVELOPING_HEART_VALVAR_ENDOTHELIAL_CELL] was killed by [DURANTE_ADULT_OLFACTORY_NEUROEPITHELIUM_DENDRITIC_CELLS,DURANTE_ADULT_OLFACTORY_NEUROEPITHELIUM_DENDRITIC_CELLS]
[BUSSLINGER_ESOPHAGEAL_PROLIFERATING_BASAL_CELLS,BUSSLINGER_ESOPHAGEAL_PROLIFERATING_BASAL_CELLS] was killed by [BUSSLINGER_DUODENAL_TRANSIT_AMPLIFYING_CELLS,BUSSLINGER_DUODENAL_TRANSIT_AMPLIFYING_CELLS]
[BUSSLINGER_DUODENAL_GOBLET_CELLS,BUSSLINGER_DUODENAL_GOBLET_CELLS] was killed by [DESCARTES_MAIN_FETAL_INTESTINAL_EPITHELIAL_CELLS,DESCARTES_MAIN_FETAL_INTESTINAL_EPITHELIAL_CELLS]
[DESCARTES_FETAL_SPLEEN_MYELOID_CELLS,DESCARTES_FETAL_SPLEEN_MYELOID_CELLS] was killed by [DURANTE_ADULT_OLFACTORY_NEUROEPITHELIUM_DENDRITIC_CELLS,DURANTE_ADULT_OLFACTORY_NEUROEPITHELIUM_DENDRITIC_CELLS]
[TRAVAGLINI_LUNG_CD4_NAIVE_T_CELL,TRAVAGLINI_LUNG_CD4_NAIVE_T_CELL] was killed by [BUSSLINGER_DUODENAL_TRANSIT_AMPLIFYING_CELLS,BUSSLINGER_DUODENAL_TRANSIT_AMPLIFYING_CELLS]
[LAKE_ADULT_KIDNEY_C6_PROXIMAL_TUBULE_EPITHELIAL_CELLS_FIBRINOGEN_POS_S3,LAKE_ADULT_KIDNEY_C6_PROXIMAL_TUBULE_EPITHELIAL_CELLS_FIBRINOGEN_POS_S3] was killed by [BUSSLINGER_DUODENAL_TRANSIT_AMPLIFYING_CELLS,BUSSLINGER_DUODENAL_TRANSIT_AMPLIFYING_CELLS]
[CUI_DEVELOPING_HEART_VASCULAR_ENDOTHELIAL_CELL,CUI_DEVELOPING_HEART_VASCULAR_ENDOTHELIAL_CELL] was killed by [DURANTE_ADULT_OLFACTORY_NEUROEPITHELIUM_DENDRITIC_CELLS,DURANTE_ADULT_OLFACTORY_NEUROEPITHELIUM_DENDRITIC_CELLS]
[BUSSLINGER_DUODENAL_PANETH_CELLS,BUSSLINGER_DUODENAL_PANETH_CELLS] was killed by [DESCARTES_MAIN_FETAL_INTESTINAL_EPITHELIAL_CELLS,DESCARTES_MAIN_FETAL_INTESTINAL_EPITHELIAL_CELLS]
[DESCARTES_FETAL_PLACENTA_STROMAL_CELLS,DESCARTES_FETAL_PLACENTA_STROMAL_CELLS] was killed by [DESCARTES_FETAL_LUNG_STROMAL_CELLS,DESCARTES_FETAL_LUNG_STROMAL_CELLS]
[DESCARTES_FETAL_HEART_MEGAKARYOCYTES,DESCARTES_FETAL_HEART_MEGAKARYOCYTES] was killed by [DESCARTES_FETAL_LIVER_MEGAKARYOCYTES,DESCARTES_FETAL_LIVER_MEGAKARYOCYTES]
[DESCARTES_MAIN_FETAL_VISCERAL_NEURONS,DESCARTES_MAIN_FETAL_VISCERAL_NEURONS] was killed by [DESCARTES_FETAL_ADRENAL_CHROMAFFIN_CELLS,DESCARTES_FETAL_ADRENAL_CHROMAFFIN_CELLS]
[AIZARANI_LIVER_C32_MVECS_3,AIZARANI_LIVER_C32_MVECS_3] was killed by [CUI_DEVELOPING_HEART_C4_ENDOTHELIAL_CELL,CUI_DEVELOPING_HEART_C4_ENDOTHELIAL_CELL]
[DESCARTES_FETAL_HEART_SATB2_LRRC7_POSITIVE_CELLS,DESCARTES_FETAL_HEART_SATB2_LRRC7_POSITIVE_CELLS] was killed by [DESCARTES_FETAL_PANCREAS_ISLET_ENDOCRINE_CELLS,DESCARTES_FETAL_PANCREAS_ISLET_ENDOCRINE_CELLS]
[MENON_FETAL_KIDNEY_6_COLLECTING_DUCT_CELLS,MENON_FETAL_KIDNEY_6_COLLECTING_DUCT_CELLS] was killed by [BUSSLINGER_DUODENAL_TRANSIT_AMPLIFYING_CELLS,BUSSLINGER_DUODENAL_TRANSIT_AMPLIFYING_CELLS]
[DESCARTES_FETAL_PLACENTA_MEGAKARYOCYTES,DESCARTES_FETAL_PLACENTA_MEGAKARYOCYTES] was killed by [DESCARTES_FETAL_LIVER_MEGAKARYOCYTES,DESCARTES_FETAL_LIVER_MEGAKARYOCYTES]
[MENON_FETAL_KIDNEY_1_EMBRYONIC_RED_BLOOD_CELLS,MENON_FETAL_KIDNEY_1_EMBRYONIC_RED_BLOOD_CELLS] was killed by [BUSSLINGER_DUODENAL_TRANSIT_AMPLIFYING_CELLS,BUSSLINGER_DUODENAL_TRANSIT_AMPLIFYING_CELLS]
[CUI_DEVELOPING_HEART_TRABECULAR_ATRIAL_CARDIOMYOCYTE,CUI_DEVELOPING_HEART_TRABECULAR_ATRIAL_CARDIOMYOCYTE] was killed by [LAKE_ADULT_KIDNEY_C15_CONNECTING_TUBULE,LAKE_ADULT_KIDNEY_C15_CONNECTING_TUBULE]
[DESCARTES_FETAL_LUNG_MEGAKARYOCYTES,DESCARTES_FETAL_LUNG_MEGAKARYOCYTES] was killed by [DESCARTES_FETAL_LIVER_MEGAKARYOCYTES,DESCARTES_FETAL_LIVER_MEGAKARYOCYTES]
[AIZARANI_LIVER_C3_NK_NKT_CELLS_2,AIZARANI_LIVER_C3_NK_NKT_CELLS_2] was killed by [BUSSLINGER_DUODENAL_TRANSIT_AMPLIFYING_CELLS,BUSSLINGER_DUODENAL_TRANSIT_AMPLIFYING_CELLS]
[DESCARTES_FETAL_LIVER_VASCULAR_ENDOTHELIAL_CELLS,DESCARTES_FETAL_LIVER_VASCULAR_ENDOTHELIAL_CELLS] was killed by [CUI_DEVELOPING_HEART_C4_ENDOTHELIAL_CELL,CUI_DEVELOPING_HEART_C4_ENDOTHELIAL_CELL]
[HAY_BONE_MARROW_EOSINOPHIL,HAY_BONE_MARROW_EOSINOPHIL] was killed by [ZHENG_CORD_BLOOD_C7_PUTATIVE_LYMPHOID_PRIMED_MULTIPOTENT_PROGENITOR_1,ZHENG_CORD_BLOOD_C7_PUTATIVE_LYMPHOID_PRIMED_MULTIPOTENT_PROGENITOR_1]
[DURANTE_ADULT_OLFACTORY_NEUROEPITHELIUM_BOWMANS_GLAND,DURANTE_ADULT_OLFACTORY_NEUROEPITHELIUM_BOWMANS_GLAND] was killed by [BUSSLINGER_DUODENAL_TRANSIT_AMPLIFYING_CELLS,BUSSLINGER_DUODENAL_TRANSIT_AMPLIFYING_CELLS]
[BUSSLINGER_GASTRIC_G_CELLS,BUSSLINGER_GASTRIC_G_CELLS] was killed by [DESCARTES_FETAL_PANCREAS_ISLET_ENDOCRINE_CELLS,DESCARTES_FETAL_PANCREAS_ISLET_ENDOCRINE_CELLS]
[DESCARTES_FETAL_EYE_RETINAL_PIGMENT_CELLS,DESCARTES_FETAL_EYE_RETINAL_PIGMENT_CELLS] was killed by [DESCARTES_FETAL_CEREBELLUM_ASTROCYTES,DESCARTES_FETAL_CEREBELLUM_ASTROCYTES]
[TRAVAGLINI_LUNG_ARTERY_CELL,TRAVAGLINI_LUNG_ARTERY_CELL] was killed by [DESCARTES_FETAL_KIDNEY_STROMAL_CELLS,DESCARTES_FETAL_KIDNEY_STROMAL_CELLS]
[DESCARTES_FETAL_KIDNEY_VASCULAR_ENDOTHELIAL_CELLS,DESCARTES_FETAL_KIDNEY_VASCULAR_ENDOTHELIAL_CELLS] was killed by [CUI_DEVELOPING_HEART_C4_ENDOTHELIAL_CELL,CUI_DEVELOPING_HEART_C4_ENDOTHELIAL_CELL]
[TRAVAGLINI_LUNG_CLUB_CELL,TRAVAGLINI_LUNG_CLUB_CELL] was killed by [BUSSLINGER_DUODENAL_TRANSIT_AMPLIFYING_CELLS,BUSSLINGER_DUODENAL_TRANSIT_AMPLIFYING_CELLS]
[LAKE_ADULT_KIDNEY_C4_PROXIMAL_TUBULE_EPITHELIAL_CELLS_S2,LAKE_ADULT_KIDNEY_C4_PROXIMAL_TUBULE_EPITHELIAL_CELLS_S2] was killed by [DESCARTES_FETAL_KIDNEY_METANEPHRIC_CELLS,DESCARTES_FETAL_KIDNEY_METANEPHRIC_CELLS]
[DURANTE_ADULT_OLFACTORY_NEUROEPITHELIUM_SUSTENTACULAR_CELLS,DURANTE_ADULT_OLFACTORY_NEUROEPITHELIUM_SUSTENTACULAR_CELLS] was killed by [BUSSLINGER_DUODENAL_TRANSIT_AMPLIFYING_CELLS,BUSSLINGER_DUODENAL_TRANSIT_AMPLIFYING_CELLS]
[DESCARTES_MAIN_FETAL_GANGLION_CELLS,DESCARTES_MAIN_FETAL_GANGLION_CELLS] was killed by [DESCARTES_FETAL_EYE_GANGLION_CELLS,DESCARTES_FETAL_EYE_GANGLION_CELLS]
[ZHENG_CORD_BLOOD_C1_PUTATIVE_MEGAKARYOCYTE_PROGENITOR,ZHENG_CORD_BLOOD_C1_PUTATIVE_MEGAKARYOCYTE_PROGENITOR] was killed by [CUI_DEVELOPING_HEART_C4_ENDOTHELIAL_CELL,CUI_DEVELOPING_HEART_C4_ENDOTHELIAL_CELL]
[BUSSLINGER_GASTRIC_X_CELLS,BUSSLINGER_GASTRIC_X_CELLS] was killed by [DESCARTES_FETAL_PANCREAS_ISLET_ENDOCRINE_CELLS,DESCARTES_FETAL_PANCREAS_ISLET_ENDOCRINE_CELLS]
[FAN_EMBRYONIC_CTX_BRAIN_NAIVE_LIKE_T_CELL,FAN_EMBRYONIC_CTX_BRAIN_NAIVE_LIKE_T_CELL] was killed by [DURANTE_ADULT_OLFACTORY_NEUROEPITHELIUM_DENDRITIC_CELLS,DURANTE_ADULT_OLFACTORY_NEUROEPITHELIUM_DENDRITIC_CELLS]
[LAKE_ADULT_KIDNEY_C7_PROXIMAL_TUBULE_EPITHELIAL_CELLS_S3,LAKE_ADULT_KIDNEY_C7_PROXIMAL_TUBULE_EPITHELIAL_CELLS_S3] was killed by [BUSSLINGER_DUODENAL_TRANSIT_AMPLIFYING_CELLS,BUSSLINGER_DUODENAL_TRANSIT_AMPLIFYING_CELLS]
[BUSSLINGER_ESOPHAGEAL_EARLY_SUPRABASAL_CELLS,BUSSLINGER_ESOPHAGEAL_EARLY_SUPRABASAL_CELLS] was killed by [BUSSLINGER_DUODENAL_TRANSIT_AMPLIFYING_CELLS,BUSSLINGER_DUODENAL_TRANSIT_AMPLIFYING_CELLS]
[TRAVAGLINI_LUNG_MUCOUS_CELL,TRAVAGLINI_LUNG_MUCOUS_CELL] was killed by [DURANTE_ADULT_OLFACTORY_NEUROEPITHELIUM_DENDRITIC_CELLS,DURANTE_ADULT_OLFACTORY_NEUROEPITHELIUM_DENDRITIC_CELLS]
[DESCARTES_MAIN_FETAL_IGFBP1_DKK1_POSITIVE_CELLS,DESCARTES_MAIN_FETAL_IGFBP1_DKK1_POSITIVE_CELLS] was killed by [DESCARTES_FETAL_KIDNEY_STROMAL_CELLS,DESCARTES_FETAL_KIDNEY_STROMAL_CELLS]
[MENON_FETAL_KIDNEY_10_IMMUNE_CELLS,MENON_FETAL_KIDNEY_10_IMMUNE_CELLS] was killed by [BUSSLINGER_DUODENAL_TRANSIT_AMPLIFYING_CELLS,BUSSLINGER_DUODENAL_TRANSIT_AMPLIFYING_CELLS]
[DESCARTES_MAIN_FETAL_STROMAL_CELLS,DESCARTES_MAIN_FETAL_STROMAL_CELLS] was killed by [DESCARTES_FETAL_KIDNEY_STROMAL_CELLS,DESCARTES_FETAL_KIDNEY_STROMAL_CELLS]
[DESCARTES_FETAL_MUSCLE_SCHWANN_CELLS,DESCARTES_FETAL_MUSCLE_SCHWANN_CELLS] was killed by [DESCARTES_FETAL_KIDNEY_METANEPHRIC_CELLS,DESCARTES_FETAL_KIDNEY_METANEPHRIC_CELLS]
[DESCARTES_FETAL_SPLEEN_LYMPHOID_CELLS,DESCARTES_FETAL_SPLEEN_LYMPHOID_CELLS] was killed by [DESCARTES_FETAL_PANCREAS_LYMPHOID_CELLS,DESCARTES_FETAL_PANCREAS_LYMPHOID_CELLS]
[BUSSLINGER_DUODENAL_EARLY_IMMATURE_ENTEROCYTES,BUSSLINGER_DUODENAL_EARLY_IMMATURE_ENTEROCYTES] was killed by [BUSSLINGER_DUODENAL_TRANSIT_AMPLIFYING_CELLS,BUSSLINGER_DUODENAL_TRANSIT_AMPLIFYING_CELLS]
[BUSSLINGER_DUODENAL_EC_CELLS,BUSSLINGER_DUODENAL_EC_CELLS] was killed by [DESCARTES_FETAL_PANCREAS_ISLET_ENDOCRINE_CELLS,DESCARTES_FETAL_PANCREAS_ISLET_ENDOCRINE_CELLS]
[DESCARTES_FETAL_HEART_SMOOTH_MUSCLE_CELLS,DESCARTES_FETAL_HEART_SMOOTH_MUSCLE_CELLS] was killed by [DESCARTES_FETAL_MUSCLE_SMOOTH_MUSCLE_CELLS,DESCARTES_FETAL_MUSCLE_SMOOTH_MUSCLE_CELLS]
[DESCARTES_FETAL_INTESTINE_ENS_GLIA,DESCARTES_FETAL_INTESTINE_ENS_GLIA] was killed by [DESCARTES_FETAL_CEREBELLUM_ASTROCYTES,DESCARTES_FETAL_CEREBELLUM_ASTROCYTES]
[HAY_BONE_MARROW_FOLLICULAR_B_CELL,HAY_BONE_MARROW_FOLLICULAR_B_CELL] was killed by [DESCARTES_FETAL_PANCREAS_LYMPHOID_CELLS,DESCARTES_FETAL_PANCREAS_LYMPHOID_CELLS]
[DESCARTES_FETAL_EYE_PDE11A_FAM19A2_POSITIVE_CELLS,DESCARTES_FETAL_EYE_PDE11A_FAM19A2_POSITIVE_CELLS] was killed by [DESCARTES_FETAL_ADRENAL_CHROMAFFIN_CELLS,DESCARTES_FETAL_ADRENAL_CHROMAFFIN_CELLS]
[DESCARTES_FETAL_MUSCLE_VASCULAR_ENDOTHELIAL_CELLS,DESCARTES_FETAL_MUSCLE_VASCULAR_ENDOTHELIAL_CELLS] was killed by [CUI_DEVELOPING_HEART_C4_ENDOTHELIAL_CELL,CUI_DEVELOPING_HEART_C4_ENDOTHELIAL_CELL]
[DESCARTES_MAIN_FETAL_PHOTORECEPTOR_CELLS,DESCARTES_MAIN_FETAL_PHOTORECEPTOR_CELLS] was killed by [DESCARTES_FETAL_CEREBELLUM_PURKINJE_NEURONS,DESCARTES_FETAL_CEREBELLUM_PURKINJE_NEURONS]
[DESCARTES_MAIN_FETAL_ASTROCYTES,DESCARTES_MAIN_FETAL_ASTROCYTES] was killed by [DESCARTES_FETAL_CEREBELLUM_ASTROCYTES,DESCARTES_FETAL_CEREBELLUM_ASTROCYTES]
[DESCARTES_FETAL_LIVER_STELLATE_CELLS,DESCARTES_FETAL_LIVER_STELLATE_CELLS] was killed by [DESCARTES_FETAL_KIDNEY_STROMAL_CELLS,DESCARTES_FETAL_KIDNEY_STROMAL_CELLS]
[DESCARTES_FETAL_STOMACH_ENS_NEURONS,DESCARTES_FETAL_STOMACH_ENS_NEURONS] was killed by [DESCARTES_FETAL_ADRENAL_CHROMAFFIN_CELLS,DESCARTES_FETAL_ADRENAL_CHROMAFFIN_CELLS]
[DURANTE_ADULT_OLFACTORY_NEUROEPITHELIUM_IMMATURE_NEURONS,DURANTE_ADULT_OLFACTORY_NEUROEPITHELIUM_IMMATURE_NEURONS] was killed by [DESCARTES_FETAL_KIDNEY_STROMAL_CELLS,DESCARTES_FETAL_KIDNEY_STROMAL_CELLS]
[DESCARTES_FETAL_PANCREAS_DUCTAL_CELLS,DESCARTES_FETAL_PANCREAS_DUCTAL_CELLS] was killed by [DESCARTES_FETAL_KIDNEY_METANEPHRIC_CELLS,DESCARTES_FETAL_KIDNEY_METANEPHRIC_CELLS]
[DESCARTES_FETAL_INTESTINE_STROMAL_CELLS,DESCARTES_FETAL_INTESTINE_STROMAL_CELLS] was killed by [DESCARTES_FETAL_KIDNEY_STROMAL_CELLS,DESCARTES_FETAL_KIDNEY_STROMAL_CELLS]
[DESCARTES_FETAL_INTESTINE_CHROMAFFIN_CELLS,DESCARTES_FETAL_INTESTINE_CHROMAFFIN_CELLS] was killed by [DESCARTES_FETAL_PANCREAS_ISLET_ENDOCRINE_CELLS,DESCARTES_FETAL_PANCREAS_ISLET_ENDOCRINE_CELLS]
[DESCARTES_FETAL_LUNG_VASCULAR_ENDOTHELIAL_CELLS,DESCARTES_FETAL_LUNG_VASCULAR_ENDOTHELIAL_CELLS] was killed by [CUI_DEVELOPING_HEART_C4_ENDOTHELIAL_CELL,CUI_DEVELOPING_HEART_C4_ENDOTHELIAL_CELL]
[DESCARTES_FETAL_SPLEEN_VASCULAR_ENDOTHELIAL_CELLS,DESCARTES_FETAL_SPLEEN_VASCULAR_ENDOTHELIAL_CELLS] was killed by [CUI_DEVELOPING_HEART_C4_ENDOTHELIAL_CELL,CUI_DEVELOPING_HEART_C4_ENDOTHELIAL_CELL]
[DESCARTES_FETAL_EYE_MICROGLIA,DESCARTES_FETAL_EYE_MICROGLIA] was killed by [DURANTE_ADULT_OLFACTORY_NEUROEPITHELIUM_DENDRITIC_CELLS,DURANTE_ADULT_OLFACTORY_NEUROEPITHELIUM_DENDRITIC_CELLS]
[DESCARTES_FETAL_STOMACH_LYMPHOID_CELLS,DESCARTES_FETAL_STOMACH_LYMPHOID_CELLS] was killed by [DESCARTES_FETAL_PANCREAS_LYMPHOID_CELLS,DESCARTES_FETAL_PANCREAS_LYMPHOID_CELLS]
[LAKE_ADULT_KIDNEY_C16_COLLECTING_SYSTEM_PRINCIPAL_CELLS_CORTEX,LAKE_ADULT_KIDNEY_C16_COLLECTING_SYSTEM_PRINCIPAL_CELLS_CORTEX] was killed by [LAKE_ADULT_KIDNEY_C15_CONNECTING_TUBULE,LAKE_ADULT_KIDNEY_C15_CONNECTING_TUBULE]
[ZHENG_CORD_BLOOD_C10_MULTILYMPHOID_PROGENITOR,ZHENG_CORD_BLOOD_C10_MULTILYMPHOID_PROGENITOR] was killed by [DURANTE_ADULT_OLFACTORY_NEUROEPITHELIUM_DENDRITIC_CELLS,DURANTE_ADULT_OLFACTORY_NEUROEPITHELIUM_DENDRITIC_CELLS]
[DESCARTES_MAIN_FETAL_SLC24A4_PEX5L_POSITIVE_CELLS,DESCARTES_MAIN_FETAL_SLC24A4_PEX5L_POSITIVE_CELLS] was killed by [DESCARTES_FETAL_ADRENAL_CHROMAFFIN_CELLS,DESCARTES_FETAL_ADRENAL_CHROMAFFIN_CELLS]
[FAN_EMBRYONIC_CTX_MICROGLIA_3,FAN_EMBRYONIC_CTX_MICROGLIA_3] was killed by [DESCARTES_MAIN_FETAL_MICROGLIA,DESCARTES_MAIN_FETAL_MICROGLIA]
[DESCARTES_FETAL_SPLEEN_AFP_ALB_POSITIVE_CELLS,DESCARTES_FETAL_SPLEEN_AFP_ALB_POSITIVE_CELLS] was killed by [DESCARTES_FETAL_KIDNEY_METANEPHRIC_CELLS,DESCARTES_FETAL_KIDNEY_METANEPHRIC_CELLS]
[DESCARTES_FETAL_PLACENTA_VASCULAR_ENDOTHELIAL_CELLS,DESCARTES_FETAL_PLACENTA_VASCULAR_ENDOTHELIAL_CELLS] was killed by [CUI_DEVELOPING_HEART_C4_ENDOTHELIAL_CELL,CUI_DEVELOPING_HEART_C4_ENDOTHELIAL_CELL]
[GAO_LARGE_INTESTINE_24W_C10_ENTEROCYTE,GAO_LARGE_INTESTINE_24W_C10_ENTEROCYTE] was killed by [DESCARTES_FETAL_PANCREAS_ACINAR_CELLS,DESCARTES_FETAL_PANCREAS_ACINAR_CELLS]
[DESCARTES_MAIN_FETAL_ACINAR_CELLS,DESCARTES_MAIN_FETAL_ACINAR_CELLS] was killed by [DESCARTES_FETAL_PANCREAS_ACINAR_CELLS,DESCARTES_FETAL_PANCREAS_ACINAR_CELLS]
[DESCARTES_MAIN_FETAL_HORIZONTAL_CELLS,DESCARTES_MAIN_FETAL_HORIZONTAL_CELLS] was killed by [DESCARTES_FETAL_CEREBELLUM_INHIBITORY_INTERNEURONS,DESCARTES_FETAL_CEREBELLUM_INHIBITORY_INTERNEURONS]
[TRAVAGLINI_LUNG_CAPILLARY_AEROCYTE_CELL,TRAVAGLINI_LUNG_CAPILLARY_AEROCYTE_CELL] was killed by [CUI_DEVELOPING_HEART_C4_ENDOTHELIAL_CELL,CUI_DEVELOPING_HEART_C4_ENDOTHELIAL_CELL]
[DESCARTES_FETAL_ADRENAL_MEGAKARYOCYTES,DESCARTES_FETAL_ADRENAL_MEGAKARYOCYTES] was killed by [DESCARTES_FETAL_LIVER_MEGAKARYOCYTES,DESCARTES_FETAL_LIVER_MEGAKARYOCYTES]
[DESCARTES_FETAL_PANCREAS_STROMAL_CELLS,DESCARTES_FETAL_PANCREAS_STROMAL_CELLS] was killed by [DESCARTES_FETAL_KIDNEY_STROMAL_CELLS,DESCARTES_FETAL_KIDNEY_STROMAL_CELLS]
[DESCARTES_FETAL_PLACENTA_PAEP_MECOM_POSITIVE_CELLS,DESCARTES_FETAL_PLACENTA_PAEP_MECOM_POSITIVE_CELLS] was killed by [DESCARTES_FETAL_CEREBELLUM_ASTROCYTES,DESCARTES_FETAL_CEREBELLUM_ASTROCYTES]
[HU_FETAL_RETINA_BIPOLAR,HU_FETAL_RETINA_BIPOLAR] was killed by [DESCARTES_FETAL_EYE_PHOTORECEPTOR_CELLS,DESCARTES_FETAL_EYE_PHOTORECEPTOR_CELLS]
[DESCARTES_FETAL_PANCREAS_ENS_NEURONS,DESCARTES_FETAL_PANCREAS_ENS_NEURONS] was killed by [DESCARTES_FETAL_ADRENAL_CHROMAFFIN_CELLS,DESCARTES_FETAL_ADRENAL_CHROMAFFIN_CELLS]
[DESCARTES_FETAL_CEREBELLUM_GRANULE_NEURONS,DESCARTES_FETAL_CEREBELLUM_GRANULE_NEURONS] was killed by [DESCARTES_FETAL_ADRENAL_CHROMAFFIN_CELLS,DESCARTES_FETAL_ADRENAL_CHROMAFFIN_CELLS]
[GAO_SMALL_INTESTINE_24W_C4_ENTEROCYTE_PROGENITOR_SUBTYPE_2,GAO_SMALL_INTESTINE_24W_C4_ENTEROCYTE_PROGENITOR_SUBTYPE_2] was killed by [DESCARTES_FETAL_PANCREAS_ACINAR_CELLS,DESCARTES_FETAL_PANCREAS_ACINAR_CELLS]
[DESCARTES_FETAL_PANCREAS_SMOOTH_MUSCLE_CELLS,DESCARTES_FETAL_PANCREAS_SMOOTH_MUSCLE_CELLS] was killed by [DESCARTES_FETAL_MUSCLE_SMOOTH_MUSCLE_CELLS,DESCARTES_FETAL_MUSCLE_SMOOTH_MUSCLE_CELLS]
[FAN_OVARY_CL12_T_LYMPHOCYTE_NK_CELL_2,FAN_OVARY_CL12_T_LYMPHOCYTE_NK_CELL_2] was killed by [BUSSLINGER_DUODENAL_TRANSIT_AMPLIFYING_CELLS,BUSSLINGER_DUODENAL_TRANSIT_AMPLIFYING_CELLS]
[DESCARTES_MAIN_FETAL_LYMPHOID_CELLS,DESCARTES_MAIN_FETAL_LYMPHOID_CELLS] was killed by [DURANTE_ADULT_OLFACTORY_NEUROEPITHELIUM_DENDRITIC_CELLS,DURANTE_ADULT_OLFACTORY_NEUROEPITHELIUM_DENDRITIC_CELLS]
[DESCARTES_MAIN_FETAL_PDE11A_FAM19A2_POSITIVE_CELLS,DESCARTES_MAIN_FETAL_PDE11A_FAM19A2_POSITIVE_CELLS] was killed by [DESCARTES_FETAL_ADRENAL_CHROMAFFIN_CELLS,DESCARTES_FETAL_ADRENAL_CHROMAFFIN_CELLS]
[DESCARTES_FETAL_INTESTINE_SMOOTH_MUSCLE_CELLS,DESCARTES_FETAL_INTESTINE_SMOOTH_MUSCLE_CELLS] was killed by [DESCARTES_FETAL_KIDNEY_STROMAL_CELLS,DESCARTES_FETAL_KIDNEY_STROMAL_CELLS]
[DESCARTES_FETAL_EYE_VASCULAR_ENDOTHELIAL_CELLS,DESCARTES_FETAL_EYE_VASCULAR_ENDOTHELIAL_CELLS] was killed by [CUI_DEVELOPING_HEART_C4_ENDOTHELIAL_CELL,CUI_DEVELOPING_HEART_C4_ENDOTHELIAL_CELL]
[ZHONG_PFC_C6_DLX5_GAD1_GAD2_POS_INTERNEURON,ZHONG_PFC_C6_DLX5_GAD1_GAD2_POS_INTERNEURON] was killed by [DESCARTES_FETAL_PANCREAS_ISLET_ENDOCRINE_CELLS,DESCARTES_FETAL_PANCREAS_ISLET_ENDOCRINE_CELLS]
[BUSSLINGER_ESOPHAGEAL_QUIESCENT_BASAL_CELLS,BUSSLINGER_ESOPHAGEAL_QUIESCENT_BASAL_CELLS] was killed by [BUSSLINGER_DUODENAL_TRANSIT_AMPLIFYING_CELLS,BUSSLINGER_DUODENAL_TRANSIT_AMPLIFYING_CELLS]
[ZHONG_PFC_C8_UNKNOWN_NEUROD2_POS_INTERNEURON,ZHONG_PFC_C8_UNKNOWN_NEUROD2_POS_INTERNEURON] was killed by [DESCARTES_FETAL_PANCREAS_ISLET_ENDOCRINE_CELLS,DESCARTES_FETAL_PANCREAS_ISLET_ENDOCRINE_CELLS]
[DESCARTES_FETAL_CEREBRUM_LIMBIC_SYSTEM_NEURONS,DESCARTES_FETAL_CEREBRUM_LIMBIC_SYSTEM_NEURONS] was killed by [DESCARTES_FETAL_PANCREAS_ISLET_ENDOCRINE_CELLS,DESCARTES_FETAL_PANCREAS_ISLET_ENDOCRINE_CELLS]
[ZHENG_CORD_BLOOD_C8_PUTATIVE_LYMPHOID_PRIMED_MULTIPOTENT_PROGENITOR_2,ZHENG_CORD_BLOOD_C8_PUTATIVE_LYMPHOID_PRIMED_MULTIPOTENT_PROGENITOR_2] was killed by [BUSSLINGER_DUODENAL_TRANSIT_AMPLIFYING_CELLS,BUSSLINGER_DUODENAL_TRANSIT_AMPLIFYING_CELLS]
[DESCARTES_FETAL_HEART_ELF3_AGBL2_POSITIVE_CELLS,DESCARTES_FETAL_HEART_ELF3_AGBL2_POSITIVE_CELLS] was killed by [DESCARTES_FETAL_CEREBELLUM_ASTROCYTES,DESCARTES_FETAL_CEREBELLUM_ASTROCYTES]
[DESCARTES_FETAL_STOMACH_VASCULAR_ENDOTHELIAL_CELLS,DESCARTES_FETAL_STOMACH_VASCULAR_ENDOTHELIAL_CELLS] was killed by [CUI_DEVELOPING_HEART_C4_ENDOTHELIAL_CELL,CUI_DEVELOPING_HEART_C4_ENDOTHELIAL_CELL]
[DESCARTES_FETAL_CEREBELLUM_SLC24A4_PEX5L_POSITIVE_CELLS,DESCARTES_FETAL_CEREBELLUM_SLC24A4_PEX5L_POSITIVE_CELLS] was killed by [DESCARTES_FETAL_ADRENAL_CHROMAFFIN_CELLS,DESCARTES_FETAL_ADRENAL_CHROMAFFIN_CELLS]
[AIZARANI_LIVER_C5_NK_NKT_CELLS_3,AIZARANI_LIVER_C5_NK_NKT_CELLS_3] was killed by [DURANTE_ADULT_OLFACTORY_NEUROEPITHELIUM_DENDRITIC_CELLS,DURANTE_ADULT_OLFACTORY_NEUROEPITHELIUM_DENDRITIC_CELLS]
[DESCARTES_FETAL_HEART_LYMPHATIC_ENDOTHELIAL_CELLS,DESCARTES_FETAL_HEART_LYMPHATIC_ENDOTHELIAL_CELLS] was killed by [DESCARTES_FETAL_CEREBELLUM_ASTROCYTES,DESCARTES_FETAL_CEREBELLUM_ASTROCYTES]
[ZHONG_PFC_C7_SST_LHX6_POS_PUTATIVE_MIGRATING_INTERNEURON,ZHONG_PFC_C7_SST_LHX6_POS_PUTATIVE_MIGRATING_INTERNEURON] was killed by [DESCARTES_FETAL_PANCREAS_ISLET_ENDOCRINE_CELLS,DESCARTES_FETAL_PANCREAS_ISLET_ENDOCRINE_CELLS]
[DESCARTES_MAIN_FETAL_HEPATOBLASTS,DESCARTES_MAIN_FETAL_HEPATOBLASTS] was killed by [DESCARTES_FETAL_KIDNEY_METANEPHRIC_CELLS,DESCARTES_FETAL_KIDNEY_METANEPHRIC_CELLS]
[DESCARTES_FETAL_PLACENTA_LYMPHOID_CELLS,DESCARTES_FETAL_PLACENTA_LYMPHOID_CELLS] was killed by [DESCARTES_FETAL_PANCREAS_LYMPHOID_CELLS,DESCARTES_FETAL_PANCREAS_LYMPHOID_CELLS]
[DESCARTES_FETAL_STOMACH_ENS_GLIA,DESCARTES_FETAL_STOMACH_ENS_GLIA] was killed by [DESCARTES_FETAL_KIDNEY_STROMAL_CELLS,DESCARTES_FETAL_KIDNEY_STROMAL_CELLS]
[AIZARANI_LIVER_C17_HEPATOCYTES_3,AIZARANI_LIVER_C17_HEPATOCYTES_3] was killed by [DESCARTES_FETAL_PANCREAS_ACINAR_CELLS,DESCARTES_FETAL_PANCREAS_ACINAR_CELLS]
[DURANTE_ADULT_OLFACTORY_NEUROEPITHELIUM_OLFACTORY_MICROVILLAR_CELLS,DURANTE_ADULT_OLFACTORY_NEUROEPITHELIUM_OLFACTORY_MICROVILLAR_CELLS] was killed by [BUSSLINGER_DUODENAL_TRANSIT_AMPLIFYING_CELLS,BUSSLINGER_DUODENAL_TRANSIT_AMPLIFYING_CELLS]
[LAKE_ADULT_KIDNEY_C28_INTERSTITIUM,LAKE_ADULT_KIDNEY_C28_INTERSTITIUM] was killed by [LAKE_ADULT_KIDNEY_C15_CONNECTING_TUBULE,LAKE_ADULT_KIDNEY_C15_CONNECTING_TUBULE]
[DESCARTES_MAIN_FETAL_URETERIC_BUD_CELLS,DESCARTES_MAIN_FETAL_URETERIC_BUD_CELLS] was killed by [DESCARTES_FETAL_STOMACH_SQUAMOUS_EPITHELIAL_CELLS,DESCARTES_FETAL_STOMACH_SQUAMOUS_EPITHELIAL_CELLS]
[DESCARTES_FETAL_THYMUS_VASCULAR_ENDOTHELIAL_CELLS,DESCARTES_FETAL_THYMUS_VASCULAR_ENDOTHELIAL_CELLS] was killed by [CUI_DEVELOPING_HEART_C4_ENDOTHELIAL_CELL,CUI_DEVELOPING_HEART_C4_ENDOTHELIAL_CELL]
[DESCARTES_FETAL_PANCREAS_MESOTHELIAL_CELLS,DESCARTES_FETAL_PANCREAS_MESOTHELIAL_CELLS] was killed by [DESCARTES_FETAL_KIDNEY_STROMAL_CELLS,DESCARTES_FETAL_KIDNEY_STROMAL_CELLS]
[CUI_DEVELOPING_HEART_COMPACT_VENTRICULAR_CARDIOMYOCYTE,CUI_DEVELOPING_HEART_COMPACT_VENTRICULAR_CARDIOMYOCYTE] was killed by [DESCARTES_FETAL_KIDNEY_STROMAL_CELLS,DESCARTES_FETAL_KIDNEY_STROMAL_CELLS]
[DESCARTES_MAIN_FETAL_LYMPHATIC_ENDOTHELIAL_CELLS,DESCARTES_MAIN_FETAL_LYMPHATIC_ENDOTHELIAL_CELLS] was killed by [CUI_DEVELOPING_HEART_C4_ENDOTHELIAL_CELL,CUI_DEVELOPING_HEART_C4_ENDOTHELIAL_CELL]
[AIZARANI_LIVER_C4_EPCAM_POS_BILE_DUCT_CELLS_1,AIZARANI_LIVER_C4_EPCAM_POS_BILE_DUCT_CELLS_1] was killed by [CUI_DEVELOPING_HEART_C4_ENDOTHELIAL_CELL,CUI_DEVELOPING_HEART_C4_ENDOTHELIAL_CELL]
[DESCARTES_MAIN_FETAL_AFP_ALB_POSITIVE_CELLS,DESCARTES_MAIN_FETAL_AFP_ALB_POSITIVE_CELLS] was killed by [DESCARTES_FETAL_PANCREAS_ACINAR_CELLS,DESCARTES_FETAL_PANCREAS_ACINAR_CELLS]
[DESCARTES_FETAL_HEART_ENDOCARDIAL_CELLS,DESCARTES_FETAL_HEART_ENDOCARDIAL_CELLS] was killed by [CUI_DEVELOPING_HEART_C4_ENDOTHELIAL_CELL,CUI_DEVELOPING_HEART_C4_ENDOTHELIAL_CELL]
[FAN_EMBRYONIC_CTX_BIG_GROUPS_GLIAL,FAN_EMBRYONIC_CTX_BIG_GROUPS_GLIAL] was killed by [BUSSLINGER_DUODENAL_TRANSIT_AMPLIFYING_CELLS,BUSSLINGER_DUODENAL_TRANSIT_AMPLIFYING_CELLS]
[AIZARANI_LIVER_C33_STELLATE_CELLS_2,AIZARANI_LIVER_C33_STELLATE_CELLS_2] was killed by [DESCARTES_FETAL_KIDNEY_STROMAL_CELLS,DESCARTES_FETAL_KIDNEY_STROMAL_CELLS]
[DESCARTES_FETAL_PANCREAS_CCL19_CCL21_POSITIVE_CELLS,DESCARTES_FETAL_PANCREAS_CCL19_CCL21_POSITIVE_CELLS] was killed by [DESCARTES_FETAL_KIDNEY_STROMAL_CELLS,DESCARTES_FETAL_KIDNEY_STROMAL_CELLS]
[HAY_BONE_MARROW_CD34_POS_GRAN,HAY_BONE_MARROW_CD34_POS_GRAN] was killed by [ZHENG_CORD_BLOOD_C7_PUTATIVE_LYMPHOID_PRIMED_MULTIPOTENT_PROGENITOR_1,ZHENG_CORD_BLOOD_C7_PUTATIVE_LYMPHOID_PRIMED_MULTIPOTENT_PROGENITOR_1]
[DURANTE_ADULT_OLFACTORY_NEUROEPITHELIUM_RESPIRATORY_HORIZONTAL_BASAL_CELLS,DURANTE_ADULT_OLFACTORY_NEUROEPITHELIUM_RESPIRATORY_HORIZONTAL_BASAL_CELLS] was killed by [BUSSLINGER_DUODENAL_TRANSIT_AMPLIFYING_CELLS,BUSSLINGER_DUODENAL_TRANSIT_AMPLIFYING_CELLS]
[DESCARTES_FETAL_MUSCLE_SATELLITE_CELLS,DESCARTES_FETAL_MUSCLE_SATELLITE_CELLS] was killed by [DESCARTES_FETAL_PANCREAS_ISLET_ENDOCRINE_CELLS,DESCARTES_FETAL_PANCREAS_ISLET_ENDOCRINE_CELLS]
[LAKE_ADULT_KIDNEY_C21_COLLECTING_DUCT_INTERCALATED_CELLS_TYPE_B,LAKE_ADULT_KIDNEY_C21_COLLECTING_DUCT_INTERCALATED_CELLS_TYPE_B] was killed by [LAKE_ADULT_KIDNEY_C15_CONNECTING_TUBULE,LAKE_ADULT_KIDNEY_C15_CONNECTING_TUBULE]
[DESCARTES_MAIN_FETAL_ENDOCARDIAL_CELLS,DESCARTES_MAIN_FETAL_ENDOCARDIAL_CELLS] was killed by [DESCARTES_FETAL_KIDNEY_STROMAL_CELLS,DESCARTES_FETAL_KIDNEY_STROMAL_CELLS]
[LAKE_ADULT_KIDNEY_C22_ENDOTHELIAL_CELLS_GLOMERULAR_CAPILLARIES,LAKE_ADULT_KIDNEY_C22_ENDOTHELIAL_CELLS_GLOMERULAR_CAPILLARIES] was killed by [CUI_DEVELOPING_HEART_C4_ENDOTHELIAL_CELL,CUI_DEVELOPING_HEART_C4_ENDOTHELIAL_CELL]
[TRAVAGLINI_LUNG_VEIN_CELL,TRAVAGLINI_LUNG_VEIN_CELL] was killed by [DURANTE_ADULT_OLFACTORY_NEUROEPITHELIUM_DENDRITIC_CELLS,DURANTE_ADULT_OLFACTORY_NEUROEPITHELIUM_DENDRITIC_CELLS]
[DESCARTES_FETAL_MUSCLE_MYELOID_CELLS,DESCARTES_FETAL_MUSCLE_MYELOID_CELLS] was killed by [DURANTE_ADULT_OLFACTORY_NEUROEPITHELIUM_DENDRITIC_CELLS,DURANTE_ADULT_OLFACTORY_NEUROEPITHELIUM_DENDRITIC_CELLS]
[DESCARTES_FETAL_LUNG_MESOTHELIAL_CELLS,DESCARTES_FETAL_LUNG_MESOTHELIAL_CELLS] was killed by [DESCARTES_FETAL_KIDNEY_STROMAL_CELLS,DESCARTES_FETAL_KIDNEY_STROMAL_CELLS]
[TRAVAGLINI_LUNG_DIFFERENTIATING_BASAL_CELL,TRAVAGLINI_LUNG_DIFFERENTIATING_BASAL_CELL] was killed by [BUSSLINGER_DUODENAL_TRANSIT_AMPLIFYING_CELLS,BUSSLINGER_DUODENAL_TRANSIT_AMPLIFYING_CELLS]
[DURANTE_ADULT_OLFACTORY_NEUROEPITHELIUM_CD4_T_CELLS,DURANTE_ADULT_OLFACTORY_NEUROEPITHELIUM_CD4_T_CELLS] was killed by [DURANTE_ADULT_OLFACTORY_NEUROEPITHELIUM_DENDRITIC_CELLS,DURANTE_ADULT_OLFACTORY_NEUROEPITHELIUM_DENDRITIC_CELLS]
[DESCARTES_MAIN_FETAL_GOBLET_CELLS,DESCARTES_MAIN_FETAL_GOBLET_CELLS] was killed by [DESCARTES_FETAL_STOMACH_GOBLET_CELLS,DESCARTES_FETAL_STOMACH_GOBLET_CELLS]
[DESCARTES_FETAL_STOMACH_STROMAL_CELLS,DESCARTES_FETAL_STOMACH_STROMAL_CELLS] was killed by [DESCARTES_FETAL_KIDNEY_STROMAL_CELLS,DESCARTES_FETAL_KIDNEY_STROMAL_CELLS]
[DESCARTES_MAIN_FETAL_STELLATE_CELLS,DESCARTES_MAIN_FETAL_STELLATE_CELLS] was killed by [DESCARTES_FETAL_CEREBELLUM_ASTROCYTES,DESCARTES_FETAL_CEREBELLUM_ASTROCYTES]
[DESCARTES_FETAL_THYMUS_ANTIGEN_PRESENTING_CELLS,DESCARTES_FETAL_THYMUS_ANTIGEN_PRESENTING_CELLS] was killed by [DURANTE_ADULT_OLFACTORY_NEUROEPITHELIUM_DENDRITIC_CELLS,DURANTE_ADULT_OLFACTORY_NEUROEPITHELIUM_DENDRITIC_CELLS]
[RUBENSTEIN_SKELETAL_MUSCLE_FAP_CELLS,RUBENSTEIN_SKELETAL_MUSCLE_FAP_CELLS] was killed by [BUSSLINGER_DUODENAL_TRANSIT_AMPLIFYING_CELLS,BUSSLINGER_DUODENAL_TRANSIT_AMPLIFYING_CELLS]
[DESCARTES_FETAL_STOMACH_MYELOID_CELLS,DESCARTES_FETAL_STOMACH_MYELOID_CELLS] was killed by [DURANTE_ADULT_OLFACTORY_NEUROEPITHELIUM_DENDRITIC_CELLS,DURANTE_ADULT_OLFACTORY_NEUROEPITHELIUM_DENDRITIC_CELLS]
[RUBENSTEIN_SKELETAL_MUSCLE_PERICYTES,RUBENSTEIN_SKELETAL_MUSCLE_PERICYTES] was killed by [BUSSLINGER_DUODENAL_TRANSIT_AMPLIFYING_CELLS,BUSSLINGER_DUODENAL_TRANSIT_AMPLIFYING_CELLS]
[FAN_EMBRYONIC_CTX_BRAIN_B_CELL,FAN_EMBRYONIC_CTX_BRAIN_B_CELL] was killed by [DURANTE_ADULT_OLFACTORY_NEUROEPITHELIUM_DENDRITIC_CELLS,DURANTE_ADULT_OLFACTORY_NEUROEPITHELIUM_DENDRITIC_CELLS]
[BUSSLINGER_GASTRIC_NECK_CELLS,BUSSLINGER_GASTRIC_NECK_CELLS] was killed by [BUSSLINGER_DUODENAL_TRANSIT_AMPLIFYING_CELLS,BUSSLINGER_DUODENAL_TRANSIT_AMPLIFYING_CELLS]
[LAKE_ADULT_KIDNEY_C13_THICK_ASCENDING_LIMB,LAKE_ADULT_KIDNEY_C13_THICK_ASCENDING_LIMB] was killed by [LAKE_ADULT_KIDNEY_C15_CONNECTING_TUBULE,LAKE_ADULT_KIDNEY_C15_CONNECTING_TUBULE]
[DURANTE_ADULT_OLFACTORY_NEUROEPITHELIUM_VASCULAR_SMOOTH_MUSCLE_CELLS,DURANTE_ADULT_OLFACTORY_NEUROEPITHELIUM_VASCULAR_SMOOTH_MUSCLE_CELLS] was killed by [DESCARTES_FETAL_KIDNEY_STROMAL_CELLS,DESCARTES_FETAL_KIDNEY_STROMAL_CELLS]
[DESCARTES_MAIN_FETAL_MYELOID_CELLS,DESCARTES_MAIN_FETAL_MYELOID_CELLS] was killed by [DURANTE_ADULT_OLFACTORY_NEUROEPITHELIUM_DENDRITIC_CELLS,DURANTE_ADULT_OLFACTORY_NEUROEPITHELIUM_DENDRITIC_CELLS]
[MENON_FETAL_KIDNEY_3_STROMAL_CELLS,MENON_FETAL_KIDNEY_3_STROMAL_CELLS] was killed by [DESCARTES_FETAL_KIDNEY_STROMAL_CELLS,DESCARTES_FETAL_KIDNEY_STROMAL_CELLS]
[TRAVAGLINI_LUNG_CD8_NAIVE_T_CELL,TRAVAGLINI_LUNG_CD8_NAIVE_T_CELL] was killed by [DESCARTES_FETAL_PANCREAS_LYMPHOID_CELLS,DESCARTES_FETAL_PANCREAS_LYMPHOID_CELLS]
[FAN_EMBRYONIC_CTX_MICROGLIA_2,FAN_EMBRYONIC_CTX_MICROGLIA_2] was killed by [DURANTE_ADULT_OLFACTORY_NEUROEPITHELIUM_DENDRITIC_CELLS,DURANTE_ADULT_OLFACTORY_NEUROEPITHELIUM_DENDRITIC_CELLS]
[DESCARTES_FETAL_HEART_EPICARDIAL_FAT_CELLS,DESCARTES_FETAL_HEART_EPICARDIAL_FAT_CELLS] was killed by [DESCARTES_FETAL_KIDNEY_STROMAL_CELLS,DESCARTES_FETAL_KIDNEY_STROMAL_CELLS]
[DESCARTES_FETAL_MUSCLE_ERYTHROBLASTS,DESCARTES_FETAL_MUSCLE_ERYTHROBLASTS] was killed by [FAN_EMBRYONIC_CTX_MICROGLIA_1,FAN_EMBRYONIC_CTX_MICROGLIA_1]
[ZHONG_PFC_C3_UNKNOWN_INP,ZHONG_PFC_C3_UNKNOWN_INP] was killed by [FAN_EMBRYONIC_CTX_MICROGLIA_1,FAN_EMBRYONIC_CTX_MICROGLIA_1]
[DESCARTES_MAIN_FETAL_METANEPHRIC_CELLS,DESCARTES_MAIN_FETAL_METANEPHRIC_CELLS] was killed by [DESCARTES_FETAL_ADRENAL_CHROMAFFIN_CELLS,DESCARTES_FETAL_ADRENAL_CHROMAFFIN_CELLS]
[BUSSLINGER_DUODENAL_TUFT_CELLS,BUSSLINGER_DUODENAL_TUFT_CELLS] was killed by [AIZARANI_LIVER_C39_EPCAM_POS_BILE_DUCT_CELLS_4,AIZARANI_LIVER_C39_EPCAM_POS_BILE_DUCT_CELLS_4]
[FAN_EMBRYONIC_CTX_EX_4_EXCITATORY_NEURON,FAN_EMBRYONIC_CTX_EX_4_EXCITATORY_NEURON] was killed by [LAKE_ADULT_KIDNEY_C15_CONNECTING_TUBULE,LAKE_ADULT_KIDNEY_C15_CONNECTING_TUBULE]
[DESCARTES_FETAL_PLACENTA_SMOOTH_MUSCLE_CELLS,DESCARTES_FETAL_PLACENTA_SMOOTH_MUSCLE_CELLS] was killed by [DESCARTES_FETAL_KIDNEY_STROMAL_CELLS,DESCARTES_FETAL_KIDNEY_STROMAL_CELLS]
[DESCARTES_MAIN_FETAL_EXCITATORY_NEURONS,DESCARTES_MAIN_FETAL_EXCITATORY_NEURONS] was killed by [LAKE_ADULT_KIDNEY_C15_CONNECTING_TUBULE,LAKE_ADULT_KIDNEY_C15_CONNECTING_TUBULE]
[GAO_SMALL_INTESTINE_24W_C3_ENTEROCYTE_PROGENITOR_SUBTYPE_1,GAO_SMALL_INTESTINE_24W_C3_ENTEROCYTE_PROGENITOR_SUBTYPE_1] was killed by [BUSSLINGER_DUODENAL_TRANSIT_AMPLIFYING_CELLS,BUSSLINGER_DUODENAL_TRANSIT_AMPLIFYING_CELLS]
[DESCARTES_MAIN_FETAL_OLIGODENDROCYTES,DESCARTES_MAIN_FETAL_OLIGODENDROCYTES] was killed by [DESCARTES_FETAL_PANCREAS_ENS_GLIA,DESCARTES_FETAL_PANCREAS_ENS_GLIA]
[TRAVAGLINI_LUNG_ALVEOLAR_EPITHELIAL_TYPE_2_CELL,TRAVAGLINI_LUNG_ALVEOLAR_EPITHELIAL_TYPE_2_CELL] was killed by [DURANTE_ADULT_OLFACTORY_NEUROEPITHELIUM_DENDRITIC_CELLS,DURANTE_ADULT_OLFACTORY_NEUROEPITHELIUM_DENDRITIC_CELLS]
[TRAVAGLINI_LUNG_GOBLET_CELL,TRAVAGLINI_LUNG_GOBLET_CELL] was killed by [BUSSLINGER_DUODENAL_TRANSIT_AMPLIFYING_CELLS,BUSSLINGER_DUODENAL_TRANSIT_AMPLIFYING_CELLS]
[ZHENG_CORD_BLOOD_C9_GRANULOCYTE_MACROPHAGE_PROGENITOR,ZHENG_CORD_BLOOD_C9_GRANULOCYTE_MACROPHAGE_PROGENITOR] was killed by [BUSSLINGER_DUODENAL_TRANSIT_AMPLIFYING_CELLS,BUSSLINGER_DUODENAL_TRANSIT_AMPLIFYING_CELLS]
[ZHENG_CORD_BLOOD_C3_MEGAKARYOCYTE_ERYTHROID_PROGENITOR,ZHENG_CORD_BLOOD_C3_MEGAKARYOCYTE_ERYTHROID_PROGENITOR] was killed by [DURANTE_ADULT_OLFACTORY_NEUROEPITHELIUM_DENDRITIC_CELLS,DURANTE_ADULT_OLFACTORY_NEUROEPITHELIUM_DENDRITIC_CELLS]
[DESCARTES_FETAL_EYE_RETINAL_PROGENITORS_AND_MULLER_GLIA,DESCARTES_FETAL_EYE_RETINAL_PROGENITORS_AND_MULLER_GLIA] was killed by [DESCARTES_FETAL_LUNG_STROMAL_CELLS,DESCARTES_FETAL_LUNG_STROMAL_CELLS]
[DESCARTES_MAIN_FETAL_ENS_GLIA,DESCARTES_MAIN_FETAL_ENS_GLIA] was killed by [DESCARTES_FETAL_PANCREAS_ENS_GLIA,DESCARTES_FETAL_PANCREAS_ENS_GLIA]
[TRAVAGLINI_LUNG_NATURAL_KILLER_T_CELL,TRAVAGLINI_LUNG_NATURAL_KILLER_T_CELL] was killed by [DESCARTES_FETAL_PANCREAS_LYMPHOID_CELLS,DESCARTES_FETAL_PANCREAS_LYMPHOID_CELLS]
[DESCARTES_MAIN_FETAL_HEMATOPOIETIC_STEM_CELLS,DESCARTES_MAIN_FETAL_HEMATOPOIETIC_STEM_CELLS] was killed by [ZHENG_CORD_BLOOD_C7_PUTATIVE_LYMPHOID_PRIMED_MULTIPOTENT_PROGENITOR_1,ZHENG_CORD_BLOOD_C7_PUTATIVE_LYMPHOID_PRIMED_MULTIPOTENT_PROGENITOR_1]
[DESCARTES_FETAL_HEART_SCHWANN_CELLS,DESCARTES_FETAL_HEART_SCHWANN_CELLS] was killed by [DESCARTES_FETAL_CEREBELLUM_ASTROCYTES,DESCARTES_FETAL_CEREBELLUM_ASTROCYTES]
[DESCARTES_FETAL_KIDNEY_MEGAKARYOCYTES,DESCARTES_FETAL_KIDNEY_MEGAKARYOCYTES] was killed by [DESCARTES_FETAL_LIVER_MEGAKARYOCYTES,DESCARTES_FETAL_LIVER_MEGAKARYOCYTES]
[ZHONG_PFC_C1_NEUROD1_POS_EXCITATORY_NEURON,ZHONG_PFC_C1_NEUROD1_POS_EXCITATORY_NEURON] was killed by [DESCARTES_FETAL_PANCREAS_ISLET_ENDOCRINE_CELLS,DESCARTES_FETAL_PANCREAS_ISLET_ENDOCRINE_CELLS]
[TRAVAGLINI_LUNG_CD4_MEMORY_EFFECTOR_T_CELL,TRAVAGLINI_LUNG_CD4_MEMORY_EFFECTOR_T_CELL] was killed by [BUSSLINGER_DUODENAL_TRANSIT_AMPLIFYING_CELLS,BUSSLINGER_DUODENAL_TRANSIT_AMPLIFYING_CELLS]
[DESCARTES_MAIN_FETAL_LIMBIC_SYSTEM_NEURONS,DESCARTES_MAIN_FETAL_LIMBIC_SYSTEM_NEURONS] was killed by [DURANTE_ADULT_OLFACTORY_NEUROEPITHELIUM_DENDRITIC_CELLS,DURANTE_ADULT_OLFACTORY_NEUROEPITHELIUM_DENDRITIC_CELLS]
[DESCARTES_FETAL_KIDNEY_MESANGIAL_CELLS,DESCARTES_FETAL_KIDNEY_MESANGIAL_CELLS] was killed by [DESCARTES_FETAL_CEREBELLUM_PURKINJE_NEURONS,DESCARTES_FETAL_CEREBELLUM_PURKINJE_NEURONS]
[DESCARTES_FETAL_PLACENTA_SYNCYTIOTROPHOBLASTS_AND_VILLOUS_CYTOTROPHOBLASTS,DESCARTES_FETAL_PLACENTA_SYNCYTIOTROPHOBLASTS_AND_VILLOUS_CYTOTROPHOBLASTS] was killed by [DESCARTES_FETAL_STOMACH_SQUAMOUS_EPITHELIAL_CELLS,DESCARTES_FETAL_STOMACH_SQUAMOUS_EPITHELIAL_CELLS]
[GAO_SMALL_INTESTINE_24W_C2_PROCRPOS_PROGENITOR,GAO_SMALL_INTESTINE_24W_C2_PROCRPOS_PROGENITOR] was killed by [DESCARTES_FETAL_KIDNEY_STROMAL_CELLS,DESCARTES_FETAL_KIDNEY_STROMAL_CELLS]
[GAO_LARGE_INTESTINE_24W_C5_LGR5POS_STEM_CELL,GAO_LARGE_INTESTINE_24W_C5_LGR5POS_STEM_CELL] was killed by [BUSSLINGER_DUODENAL_TRANSIT_AMPLIFYING_CELLS,BUSSLINGER_DUODENAL_TRANSIT_AMPLIFYING_CELLS]
[DURANTE_ADULT_OLFACTORY_NEUROEPITHELIUM_MACROPHAGES,DURANTE_ADULT_OLFACTORY_NEUROEPITHELIUM_MACROPHAGES] was killed by [DURANTE_ADULT_OLFACTORY_NEUROEPITHELIUM_DENDRITIC_CELLS,DURANTE_ADULT_OLFACTORY_NEUROEPITHELIUM_DENDRITIC_CELLS]
[GAO_SMALL_INTESTINE_24W_C6_GOBLET_CELLS,GAO_SMALL_INTESTINE_24W_C6_GOBLET_CELLS] was killed by [DESCARTES_FETAL_PANCREAS_ACINAR_CELLS,DESCARTES_FETAL_PANCREAS_ACINAR_CELLS]
[DESCARTES_MAIN_FETAL_VASCULAR_ENDOTHELIAL_CELLS,DESCARTES_MAIN_FETAL_VASCULAR_ENDOTHELIAL_CELLS] was killed by [CUI_DEVELOPING_HEART_C4_ENDOTHELIAL_CELL,CUI_DEVELOPING_HEART_C4_ENDOTHELIAL_CELL]
[BUSSLINGER_GASTRIC_D_CELLS,BUSSLINGER_GASTRIC_D_CELLS] was killed by [DESCARTES_FETAL_PANCREAS_ISLET_ENDOCRINE_CELLS,DESCARTES_FETAL_PANCREAS_ISLET_ENDOCRINE_CELLS]
[DESCARTES_FETAL_STOMACH_NEUROENDOCRINE_CELLS,DESCARTES_FETAL_STOMACH_NEUROENDOCRINE_CELLS] was killed by [DESCARTES_FETAL_PANCREAS_ISLET_ENDOCRINE_CELLS,DESCARTES_FETAL_PANCREAS_ISLET_ENDOCRINE_CELLS]
[GAO_LARGE_INTESTINE_24W_C2_MKI67POS_PROGENITOR,GAO_LARGE_INTESTINE_24W_C2_MKI67POS_PROGENITOR] was killed by [FAN_EMBRYONIC_CTX_MICROGLIA_1,FAN_EMBRYONIC_CTX_MICROGLIA_1]
[DESCARTES_MAIN_FETAL_SCHWANN_CELLS,DESCARTES_MAIN_FETAL_SCHWANN_CELLS] was killed by [DESCARTES_FETAL_KIDNEY_STROMAL_CELLS,DESCARTES_FETAL_KIDNEY_STROMAL_CELLS]
[DESCARTES_MAIN_FETAL_MESANGIAL_CELLS,DESCARTES_MAIN_FETAL_MESANGIAL_CELLS] was killed by [DESCARTES_FETAL_MUSCLE_SMOOTH_MUSCLE_CELLS,DESCARTES_FETAL_MUSCLE_SMOOTH_MUSCLE_CELLS]
[GAO_LARGE_INTESTINE_24W_C1_DCLK1POS_PROGENITOR,GAO_LARGE_INTESTINE_24W_C1_DCLK1POS_PROGENITOR] was killed by [DESCARTES_FETAL_KIDNEY_STROMAL_CELLS,DESCARTES_FETAL_KIDNEY_STROMAL_CELLS]
[CUI_DEVELOPING_HEART_C1_5TH_WEEK_CARDIAC_CELLS,CUI_DEVELOPING_HEART_C1_5TH_WEEK_CARDIAC_CELLS] was killed by [BUSSLINGER_DUODENAL_TRANSIT_AMPLIFYING_CELLS,BUSSLINGER_DUODENAL_TRANSIT_AMPLIFYING_CELLS]
[LAKE_ADULT_KIDNEY_C23_ENDOTHELIAL_CELLS_AVR,LAKE_ADULT_KIDNEY_C23_ENDOTHELIAL_CELLS_AVR] was killed by [BUSSLINGER_DUODENAL_TRANSIT_AMPLIFYING_CELLS,BUSSLINGER_DUODENAL_TRANSIT_AMPLIFYING_CELLS]
[DESCARTES_MAIN_FETAL_THYMOCYTES,DESCARTES_MAIN_FETAL_THYMOCYTES] was killed by [DESCARTES_FETAL_PANCREAS_LYMPHOID_CELLS,DESCARTES_FETAL_PANCREAS_LYMPHOID_CELLS]
[TRAVAGLINI_LUNG_MYELOID_DENDRITIC_TYPE_1_CELL,TRAVAGLINI_LUNG_MYELOID_DENDRITIC_TYPE_1_CELL] was killed by [DURANTE_ADULT_OLFACTORY_NEUROEPITHELIUM_DENDRITIC_CELLS,DURANTE_ADULT_OLFACTORY_NEUROEPITHELIUM_DENDRITIC_CELLS]
[CUI_DEVELOPING_HEART_SMOOTH_MUSCLE_CELL,CUI_DEVELOPING_HEART_SMOOTH_MUSCLE_CELL] was killed by [DESCARTES_FETAL_KIDNEY_STROMAL_CELLS,DESCARTES_FETAL_KIDNEY_STROMAL_CELLS]
[AIZARANI_LIVER_C8_RESIDENT_B_CELLS_1,AIZARANI_LIVER_C8_RESIDENT_B_CELLS_1] was killed by [DESCARTES_FETAL_PANCREAS_LYMPHOID_CELLS,DESCARTES_FETAL_PANCREAS_LYMPHOID_CELLS]
[FAN_EMBRYONIC_CTX_ASTROCYTE_1,FAN_EMBRYONIC_CTX_ASTROCYTE_1] was killed by [DESCARTES_FETAL_KIDNEY_STROMAL_CELLS,DESCARTES_FETAL_KIDNEY_STROMAL_CELLS]
[CUI_DEVELOPING_HEART_C2_CARDIOMYOCYTE,CUI_DEVELOPING_HEART_C2_CARDIOMYOCYTE] was killed by [BUSSLINGER_DUODENAL_TRANSIT_AMPLIFYING_CELLS,BUSSLINGER_DUODENAL_TRANSIT_AMPLIFYING_CELLS]
[DESCARTES_FETAL_LUNG_LYMPHATIC_ENDOTHELIAL_CELLS,DESCARTES_FETAL_LUNG_LYMPHATIC_ENDOTHELIAL_CELLS] was killed by [CUI_DEVELOPING_HEART_C4_ENDOTHELIAL_CELL,CUI_DEVELOPING_HEART_C4_ENDOTHELIAL_CELL]
[DESCARTES_FETAL_INTESTINE_MESOTHELIAL_CELLS,DESCARTES_FETAL_INTESTINE_MESOTHELIAL_CELLS] was killed by [DESCARTES_FETAL_KIDNEY_STROMAL_CELLS,DESCARTES_FETAL_KIDNEY_STROMAL_CELLS]
[TRAVAGLINI_LUNG_FIBROMYOCYTE_CELL,TRAVAGLINI_LUNG_FIBROMYOCYTE_CELL] was killed by [DESCARTES_FETAL_KIDNEY_STROMAL_CELLS,DESCARTES_FETAL_KIDNEY_STROMAL_CELLS]
[CUI_DEVELOPING_HEART_ENDOCARDIAL_CELL,CUI_DEVELOPING_HEART_ENDOCARDIAL_CELL] was killed by [DESCARTES_FETAL_KIDNEY_STROMAL_CELLS,DESCARTES_FETAL_KIDNEY_STROMAL_CELLS]
[AIZARANI_LIVER_C38_RESIDENT_B_CELLS_3,AIZARANI_LIVER_C38_RESIDENT_B_CELLS_3] was killed by [DESCARTES_FETAL_PANCREAS_LYMPHOID_CELLS,DESCARTES_FETAL_PANCREAS_LYMPHOID_CELLS]
[DESCARTES_MAIN_FETAL_INHIBITORY_INTERNEURONS,DESCARTES_MAIN_FETAL_INHIBITORY_INTERNEURONS] was killed by [DESCARTES_FETAL_PANCREAS_ISLET_ENDOCRINE_CELLS,DESCARTES_FETAL_PANCREAS_ISLET_ENDOCRINE_CELLS]
[DURANTE_ADULT_OLFACTORY_NEUROEPITHELIUM_RESPIRATORY_COLUMNAR_CELLS,DURANTE_ADULT_OLFACTORY_NEUROEPITHELIUM_RESPIRATORY_COLUMNAR_CELLS] was killed by [BUSSLINGER_DUODENAL_TRANSIT_AMPLIFYING_CELLS,BUSSLINGER_DUODENAL_TRANSIT_AMPLIFYING_CELLS]
