[GOBP_POSITIVE_REGULATION_OF_RESPONSE_TO_DNA_DAMAGE_STIMULUS,GOBP_POSITIVE_REGULATION_OF_RESPONSE_TO_DNA_DAMAGE_STIMULUS] was killed by [GOBP_POSITIVE_REGULATION_OF_DNA_REPAIR,GOBP_POSITIVE_REGULATION_OF_DNA_REPAIR]
[GOBP_POSITIVE_REGULATION_OF_DOUBLE_STRAND_BREAK_REPAIR,GOBP_POSITIVE_REGULATION_OF_DOUBLE_STRAND_BREAK_REPAIR] was killed by [GOBP_POSITIVE_REGULATION_OF_DNA_REPAIR,GOBP_POSITIVE_REGULATION_OF_DNA_REPAIR]
[GOBP_VESICLE_MEDIATED_TRANSPORT_TO_THE_PLASMA_MEMBRANE,GOBP_VESICLE_MEDIATED_TRANSPORT_TO_THE_PLASMA_MEMBRANE] was killed by [GOBP_GOLGI_TO_PLASMA_MEMBRANE_TRANSPORT,GOBP_GOLGI_TO_PLASMA_MEMBRANE_TRANSPORT]
[GOBP_GOLGI_TO_PLASMA_MEMBRANE_PROTEIN_TRANSPORT,GOBP_GOLGI_TO_PLASMA_MEMBRANE_PROTEIN_TRANSPORT] was killed by [GOBP_GOLGI_TO_PLASMA_MEMBRANE_TRANSPORT,GOBP_GOLGI_TO_PLASMA_MEMBRANE_TRANSPORT]
[GOBP_POSITIVE_REGULATION_OF_LEUKOCYTE_PROLIFERATION,GOBP_POSITIVE_REGULATION_OF_LEUKOCYTE_PROLIFERATION] was killed by [GOBP_POSITIVE_REGULATION_OF_DNA_REPAIR,GOBP_POSITIVE_REGULATION_OF_DNA_REPAIR]
[GOBP_NEGATIVE_REGULATION_OF_RESPONSE_TO_CYTOKINE_STIMULUS,GOBP_NEGATIVE_REGULATION_OF_RESPONSE_TO_CYTOKINE_STIMULUS] was killed by [GOBP_TRANSLATIONAL_INITIATION,GOBP_TRANSLATIONAL_INITIATION]
[GOBP_PROTEIN_LOCALIZATION_TO_ENDOPLASMIC_RETICULUM,GOBP_PROTEIN_LOCALIZATION_TO_ENDOPLASMIC_RETICULUM] was killed by [GOBP_TRANSLATIONAL_INITIATION,GOBP_TRANSLATIONAL_INITIATION]
[GOBP_POSITIVE_REGULATION_OF_DNA_RECOMBINATION,GOBP_POSITIVE_REGULATION_OF_DNA_RECOMBINATION] was killed by [GOBP_POSITIVE_REGULATION_OF_DNA_REPAIR,GOBP_POSITIVE_REGULATION_OF_DNA_REPAIR]
[GOBP_ESTABLISHMENT_OF_PROTEIN_LOCALIZATION_TO_ENDOPLASMIC_RETICULUM,GOBP_ESTABLISHMENT_OF_PROTEIN_LOCALIZATION_TO_ENDOPLASMIC_RETICULUM] was killed by [GOBP_TRANSLATIONAL_INITIATION,GOBP_TRANSLATIONAL_INITIATION]
[GOBP_NEGATIVE_REGULATION_OF_INTRACELLULAR_STEROID_HORMONE_RECEPTOR_SIGNALING_PATHWAY,GOBP_NEGATIVE_REGULATION_OF_INTRACELLULAR_STEROID_HORMONE_RECEPTOR_SIGNALING_PATHWAY] was killed by [GOBP_RESPONSE_TO_ESTRADIOL,GOBP_RESPONSE_TO_ESTRADIOL]
[GOBP_POST_GOLGI_VESICLE_MEDIATED_TRANSPORT,GOBP_POST_GOLGI_VESICLE_MEDIATED_TRANSPORT] was killed by [GOBP_GOLGI_TO_PLASMA_MEMBRANE_TRANSPORT,GOBP_GOLGI_TO_PLASMA_MEMBRANE_TRANSPORT]
[GOBP_NON_RECOMBINATIONAL_REPAIR,GOBP_NON_RECOMBINATIONAL_REPAIR] was killed by [GOBP_POSITIVE_REGULATION_OF_DNA_REPAIR,GOBP_POSITIVE_REGULATION_OF_DNA_REPAIR]
[GOBP_REGULATION_OF_MONOOXYGENASE_ACTIVITY,GOBP_REGULATION_OF_MONOOXYGENASE_ACTIVITY] was killed by [GOBP_GOLGI_TO_PLASMA_MEMBRANE_TRANSPORT,GOBP_GOLGI_TO_PLASMA_MEMBRANE_TRANSPORT]
[GOBP_REGULATION_OF_DNA_REPAIR,GOBP_REGULATION_OF_DNA_REPAIR] was killed by [GOBP_POSITIVE_REGULATION_OF_DNA_REPAIR,GOBP_POSITIVE_REGULATION_OF_DNA_REPAIR]
[GOBP_POSTREPLICATION_REPAIR,GOBP_POSTREPLICATION_REPAIR] was killed by [GOBP_POSITIVE_REGULATION_OF_DNA_REPAIR,GOBP_POSITIVE_REGULATION_OF_DNA_REPAIR]
[GOBP_COTRANSLATIONAL_PROTEIN_TARGETING_TO_MEMBRANE,GOBP_COTRANSLATIONAL_PROTEIN_TARGETING_TO_MEMBRANE] was killed by [GOBP_TRANSLATIONAL_INITIATION,GOBP_TRANSLATIONAL_INITIATION]
[GOBP_TRANSLESION_SYNTHESIS,GOBP_TRANSLESION_SYNTHESIS] was killed by [GOBP_DNA_SYNTHESIS_INVOLVED_IN_DNA_REPAIR,GOBP_DNA_SYNTHESIS_INVOLVED_IN_DNA_REPAIR]
[GOBP_EMBRYONIC_HEART_TUBE_DEVELOPMENT,GOBP_EMBRYONIC_HEART_TUBE_DEVELOPMENT] was killed by [GOBP_EMBRYONIC_HEART_TUBE_MORPHOGENESIS,GOBP_EMBRYONIC_HEART_TUBE_MORPHOGENESIS]
[GOBP_NEGATIVE_REGULATION_OF_IMMUNE_RESPONSE,GOBP_NEGATIVE_REGULATION_OF_IMMUNE_RESPONSE] was killed by [GOBP_TRANSLATIONAL_INITIATION,GOBP_TRANSLATIONAL_INITIATION]
[GOBP_MICROTUBULE_BUNDLE_FORMATION,GOBP_MICROTUBULE_BUNDLE_FORMATION] was killed by [GOBP_PROTEIN_LOCALIZATION_TO_CILIUM,GOBP_PROTEIN_LOCALIZATION_TO_CILIUM]
[GOBP_POSITIVE_REGULATION_OF_ERBB_SIGNALING_PATHWAY,GOBP_POSITIVE_REGULATION_OF_ERBB_SIGNALING_PATHWAY] was killed by [GOBP_PROTEIN_LOCALIZATION_TO_CILIUM,GOBP_PROTEIN_LOCALIZATION_TO_CILIUM]
[GOBP_PLACENTA_DEVELOPMENT,GOBP_PLACENTA_DEVELOPMENT] was killed by [GOBP_EMBRYONIC_HEART_TUBE_MORPHOGENESIS,GOBP_EMBRYONIC_HEART_TUBE_MORPHOGENESIS]
[GOBP_POSITIVE_REGULATION_OF_JNK_CASCADE,GOBP_POSITIVE_REGULATION_OF_JNK_CASCADE] was killed by [GOBP_LENS_DEVELOPMENT_IN_CAMERA_TYPE_EYE,GOBP_LENS_DEVELOPMENT_IN_CAMERA_TYPE_EYE]
[GOBP_NEGATIVE_REGULATION_OF_INNATE_IMMUNE_RESPONSE,GOBP_NEGATIVE_REGULATION_OF_INNATE_IMMUNE_RESPONSE] was killed by [GOBP_TRANSLATIONAL_INITIATION,GOBP_TRANSLATIONAL_INITIATION]
