[PID_PLK1_PATHWAY,PID_PLK1_PATHWAY] was killed by [PID_AURORA_B_PATHWAY,PID_AURORA_B_PATHWAY]
[PID_BARD1_PATHWAY,PID_BARD1_PATHWAY] was killed by [PID_ATM_PATHWAY,PID_ATM_PATHWAY]
[PID_P53_REGULATION_PATHWAY,PID_P53_REGULATION_PATHWAY] was killed by [PID_ATM_PATHWAY,PID_ATM_PATHWAY]
[PID_TELOMERASE_PATHWAY,PID_TELOMERASE_PATHWAY] was killed by [PID_ATM_PATHWAY,PID_ATM_PATHWAY]
[PID_E2F_PATHWAY,PID_E2F_PATHWAY] was killed by [PID_ATM_PATHWAY,PID_ATM_PATHWAY]
[PID_INTEGRIN_CS_PATHWAY,PID_INTEGRIN_CS_PATHWAY] was killed by [PID_INTEGRIN1_PATHWAY,PID_INTEGRIN1_PATHWAY]
[PID_DNA_PK_PATHWAY,PID_DNA_PK_PATHWAY] was killed by [PID_ATM_PATHWAY,PID_ATM_PATHWAY]
[PID_FANCONI_PATHWAY,PID_FANCONI_PATHWAY] was killed by [PID_ATM_PATHWAY,PID_ATM_PATHWAY]
[PID_SMAD2_3NUCLEAR_PATHWAY,PID_SMAD2_3NUCLEAR_PATHWAY] was killed by [PID_MYC_ACTIV_PATHWAY,PID_MYC_ACTIV_PATHWAY]
[PID_ILK_PATHWAY,PID_ILK_PATHWAY] was killed by [PID_RHOA_PATHWAY,PID_RHOA_PATHWAY]
[PID_CXCR4_PATHWAY,PID_CXCR4_PATHWAY] was killed by [PID_IL23_PATHWAY,PID_IL23_PATHWAY]
[PID_ATR_PATHWAY,PID_ATR_PATHWAY] was killed by [PID_ATM_PATHWAY,PID_ATM_PATHWAY]
[PID_MET_PATHWAY,PID_MET_PATHWAY] was killed by [PID_RHOA_PATHWAY,PID_RHOA_PATHWAY]
[PID_SYNDECAN_1_PATHWAY,PID_SYNDECAN_1_PATHWAY] was killed by [PID_INTEGRIN1_PATHWAY,PID_INTEGRIN1_PATHWAY]
[PID_AURORA_A_PATHWAY,PID_AURORA_A_PATHWAY] was killed by [PID_AURORA_B_PATHWAY,PID_AURORA_B_PATHWAY]
[PID_NECTIN_PATHWAY,PID_NECTIN_PATHWAY] was killed by [PID_RHOA_PATHWAY,PID_RHOA_PATHWAY]
[PID_IFNG_PATHWAY,PID_IFNG_PATHWAY] was killed by [PID_IL23_PATHWAY,PID_IL23_PATHWAY]
[PID_INTEGRIN5_PATHWAY,PID_INTEGRIN5_PATHWAY] was killed by [PID_INTEGRIN1_PATHWAY,PID_INTEGRIN1_PATHWAY]
[PID_RB_1PATHWAY,PID_RB_1PATHWAY] was killed by [PID_MYC_ACTIV_PATHWAY,PID_MYC_ACTIV_PATHWAY]
[PID_ERBB1_DOWNSTREAM_PATHWAY,PID_ERBB1_DOWNSTREAM_PATHWAY] was killed by [PID_INTEGRIN1_PATHWAY,PID_INTEGRIN1_PATHWAY]
[PID_P53_DOWNSTREAM_PATHWAY,PID_P53_DOWNSTREAM_PATHWAY] was killed by [PID_AURORA_B_PATHWAY,PID_AURORA_B_PATHWAY]
[PID_INTEGRIN4_PATHWAY,PID_INTEGRIN4_PATHWAY] was killed by [PID_INTEGRIN1_PATHWAY,PID_INTEGRIN1_PATHWAY]
[PID_FOXM1_PATHWAY,PID_FOXM1_PATHWAY] was killed by [PID_AURORA_B_PATHWAY,PID_AURORA_B_PATHWAY]
[PID_SYNDECAN_4_PATHWAY,PID_SYNDECAN_4_PATHWAY] was killed by [PID_INTEGRIN1_PATHWAY,PID_INTEGRIN1_PATHWAY]
