[TNRC6C_HEK293_Plass,TNRC6C_HEK293_Plass] was killed by [TNRC6A_HEK293_Plass,TNRC6A_HEK293_Plass]
[PRKRA_HEK293_POSTAR_Piranha_0.01,PRKRA_HEK293_POSTAR_Piranha_0.01] was killed by [FUS_HEK293T_POSTAR_Piranha_0.01,FUS_HEK293T_POSTAR_Piranha_0.01]
[EZH2_HCT116_POSTAR_iCLIP,EZH2_HCT116_POSTAR_iCLIP] was killed by [EZH2_HCT116_POSTAR_Piranha_0.01,EZH2_HCT116_POSTAR_Piranha_0.01]
[BCCIP_HepG2_POSTAR_eCLIP,BCCIP_HepG2_POSTAR_eCLIP] was killed by [FUS_HEK293T_POSTAR_Piranha_0.01,FUS_HEK293T_POSTAR_Piranha_0.01]
[HNRNPA1_K562_POSTAR_eCLIP,HNRNPA1_K562_POSTAR_eCLIP] was killed by [TNRC6A_HEK293_Plass,TNRC6A_HEK293_Plass]
[TARDBP_H9_POSTAR_CIMS,TARDBP_H9_POSTAR_CIMS] was killed by [FUS_HEK293T_POSTAR_Piranha_0.01,FUS_HEK293T_POSTAR_Piranha_0.01]
[TARDBP_H9_POSTAR_iCLIP,TARDBP_H9_POSTAR_iCLIP] was killed by [FUS_HEK293T_POSTAR_Piranha_0.01,FUS_HEK293T_POSTAR_Piranha_0.01]
[HNRNPUL1_K562_POSTAR_eCLIP,HNRNPUL1_K562_POSTAR_eCLIP] was killed by [TNRC6A_HEK293_Plass,TNRC6A_HEK293_Plass]
[PTBP1_HeLa_POSTAR_CIMS,PTBP1_HeLa_POSTAR_CIMS] was killed by [FUS_HEK293T_POSTAR_Piranha_0.01,FUS_HEK293T_POSTAR_Piranha_0.01]
[YWHAG_K562_POSTAR_eCLIP,YWHAG_K562_POSTAR_eCLIP] was killed by [FUS_HEK293T_POSTAR_Piranha_0.01,FUS_HEK293T_POSTAR_Piranha_0.01]
[YTHDF3_HEK293T_POSTAR_Piranha_0.01,YTHDF3_HEK293T_POSTAR_Piranha_0.01] was killed by [TNRC6A_HEK293_Plass,TNRC6A_HEK293_Plass]
[HLTF_K562_POSTAR_eCLIP,HLTF_K562_POSTAR_eCLIP] was killed by [FUS_HEK293T_POSTAR_Piranha_0.01,FUS_HEK293T_POSTAR_Piranha_0.01]
[NPM1_K562_POSTAR_eCLIP,NPM1_K562_POSTAR_eCLIP] was killed by [FUS_HEK293T_POSTAR_Piranha_0.01,FUS_HEK293T_POSTAR_Piranha_0.01]
[TNRC6C_HEK293_POSTAR_PAR-CLIP,TNRC6C_HEK293_POSTAR_PAR-CLIP] was killed by [FUS_HEK293T_POSTAR_Piranha_0.01,FUS_HEK293T_POSTAR_Piranha_0.01]
[LARP7_K562_POSTAR_eCLIP,LARP7_K562_POSTAR_eCLIP] was killed by [FUS_HEK293T_POSTAR_Piranha_0.01,FUS_HEK293T_POSTAR_Piranha_0.01]
[TNRC6C_HEK293_POSTAR_Piranha_0.01,TNRC6C_HEK293_POSTAR_Piranha_0.01] was killed by [FUS_HEK293T_POSTAR_Piranha_0.01,FUS_HEK293T_POSTAR_Piranha_0.01]
[RPS11_K562_POSTAR_eCLIP,RPS11_K562_POSTAR_eCLIP] was killed by [FUS_HEK293T_POSTAR_Piranha_0.01,FUS_HEK293T_POSTAR_Piranha_0.01]
[HNRNPU_HeLa_POSTAR_CIMS,HNRNPU_HeLa_POSTAR_CIMS] was killed by [FUS_HEK293T_POSTAR_Piranha_0.01,FUS_HEK293T_POSTAR_Piranha_0.01]
[GNL3_K562_POSTAR_eCLIP,GNL3_K562_POSTAR_eCLIP] was killed by [FUS_HEK293T_POSTAR_Piranha_0.01,FUS_HEK293T_POSTAR_Piranha_0.01]
[IGF2BP3_PL45_POSTAR_Piranha_0.01,IGF2BP3_PL45_POSTAR_Piranha_0.01] was killed by [FUS_HEK293T_POSTAR_Piranha_0.01,FUS_HEK293T_POSTAR_Piranha_0.01]
[TNRC6B_HEK293_POSTAR_PAR-CLIP,TNRC6B_HEK293_POSTAR_PAR-CLIP] was killed by [FUS_HEK293T_POSTAR_Piranha_0.01,FUS_HEK293T_POSTAR_Piranha_0.01]
[EIF4A3_HeLa_POSTAR_CIMS,EIF4A3_HeLa_POSTAR_CIMS] was killed by [FUS_HEK293T_POSTAR_Piranha_0.01,FUS_HEK293T_POSTAR_Piranha_0.01]
[YTHDC2_HEK293T_POSTAR_Piranha_0.01,YTHDC2_HEK293T_POSTAR_Piranha_0.01] was killed by [TNRC6A_HEK293_Plass,TNRC6A_HEK293_Plass]
[SBDS_K562_POSTAR_eCLIP,SBDS_K562_POSTAR_eCLIP] was killed by [FUS_HEK293T_POSTAR_Piranha_0.01,FUS_HEK293T_POSTAR_Piranha_0.01]
[SLBP_K562_POSTAR_eCLIP,SLBP_K562_POSTAR_eCLIP] was killed by [FUS_HEK293T_POSTAR_Piranha_0.01,FUS_HEK293T_POSTAR_Piranha_0.01]
[TNRC6B_HEK293_POSTAR_PARalyzer,TNRC6B_HEK293_POSTAR_PARalyzer] was killed by [FUS_HEK293T_POSTAR_Piranha_0.01,FUS_HEK293T_POSTAR_Piranha_0.01]
[HNRNPM_HEK293T_POSTAR_CIMS,HNRNPM_HEK293T_POSTAR_CIMS] was killed by [FUS_HEK293T_POSTAR_Piranha_0.01,FUS_HEK293T_POSTAR_Piranha_0.01]
[HNRNPU_HEK293T_POSTAR_CIMS,HNRNPU_HEK293T_POSTAR_CIMS] was killed by [PPIL4_K562_POSTAR_eCLIP,PPIL4_K562_POSTAR_eCLIP]
[HNRNPU_HepG2_POSTAR_eCLIP,HNRNPU_HepG2_POSTAR_eCLIP] was killed by [PPIL4_K562_POSTAR_eCLIP,PPIL4_K562_POSTAR_eCLIP]
[TARDBP_H9_POSTAR_Piranha_0.01,TARDBP_H9_POSTAR_Piranha_0.01] was killed by [FUS_HEK293T_POSTAR_Piranha_0.01,FUS_HEK293T_POSTAR_Piranha_0.01]
[TNRC6B_HEK293_POSTAR_Piranha_0.01,TNRC6B_HEK293_POSTAR_Piranha_0.01] was killed by [FUS_HEK293T_POSTAR_Piranha_0.01,FUS_HEK293T_POSTAR_Piranha_0.01]
[AUH_K562_POSTAR_eCLIP,AUH_K562_POSTAR_eCLIP] was killed by [FUS_HEK293T_POSTAR_Piranha_0.01,FUS_HEK293T_POSTAR_Piranha_0.01]
[MBNL2_frontalcortex_POSTAR_CIMS,MBNL2_frontalcortex_POSTAR_CIMS] was killed by [FUS_HEK293T_POSTAR_Piranha_0.01,FUS_HEK293T_POSTAR_Piranha_0.01]
[TARBP2_MDA-LM2_POSTAR_CIMS,TARBP2_MDA-LM2_POSTAR_CIMS] was killed by [FUS_HEK293T_POSTAR_Piranha_0.01,FUS_HEK293T_POSTAR_Piranha_0.01]
[HNRNPA1_HepG2_POSTAR_eCLIP,HNRNPA1_HepG2_POSTAR_eCLIP] was killed by [FUS_HEK293T_POSTAR_Piranha_0.01,FUS_HEK293T_POSTAR_Piranha_0.01]
[HNRNPA2B1_HEK293T_POSTAR_CIMS,HNRNPA2B1_HEK293T_POSTAR_CIMS] was killed by [EZH2_HCT116_POSTAR_Piranha_0.01,EZH2_HCT116_POSTAR_Piranha_0.01]
[HNRNPF_HEK293T_POSTAR_CIMS,HNRNPF_HEK293T_POSTAR_CIMS] was killed by [FUS_HEK293T_POSTAR_Piranha_0.01,FUS_HEK293T_POSTAR_Piranha_0.01]
[TIA1_NA_POSTAR_CIMS,TIA1_NA_POSTAR_CIMS] was killed by [FUS_HEK293T_POSTAR_Piranha_0.01,FUS_HEK293T_POSTAR_Piranha_0.01]
[TIA1_NA_POSTAR_iCLIP,TIA1_NA_POSTAR_iCLIP] was killed by [FUS_HEK293T_POSTAR_Piranha_0.01,FUS_HEK293T_POSTAR_Piranha_0.01]
[TIAL1_NA_POSTAR_CIMS,TIAL1_NA_POSTAR_CIMS] was killed by [FUS_HEK293T_POSTAR_Piranha_0.01,FUS_HEK293T_POSTAR_Piranha_0.01]
[TIAL1_NA_POSTAR_iCLIP,TIAL1_NA_POSTAR_iCLIP] was killed by [FUS_HEK293T_POSTAR_Piranha_0.01,FUS_HEK293T_POSTAR_Piranha_0.01]
[TNRC6A_HEK293_POSTAR_Piranha_0.01,TNRC6A_HEK293_POSTAR_Piranha_0.01] was killed by [FUS_HEK293T_POSTAR_Piranha_0.01,FUS_HEK293T_POSTAR_Piranha_0.01]
[DDX3X_HEK293T_POSTAR_CIMS,DDX3X_HEK293T_POSTAR_CIMS] was killed by [FUS_HEK293T_POSTAR_Piranha_0.01,FUS_HEK293T_POSTAR_Piranha_0.01]
[TNRC6C_HEK293_POSTAR_PARalyzer,TNRC6C_HEK293_POSTAR_PARalyzer] was killed by [FUS_HEK293T_POSTAR_Piranha_0.01,FUS_HEK293T_POSTAR_Piranha_0.01]
[NSUN2_K562_POSTAR_eCLIP,NSUN2_K562_POSTAR_eCLIP] was killed by [FUS_HEK293T_POSTAR_Piranha_0.01,FUS_HEK293T_POSTAR_Piranha_0.01]
[HNRNPU_K562_POSTAR_eCLIP,HNRNPU_K562_POSTAR_eCLIP] was killed by [FUS_HEK293T_POSTAR_Piranha_0.01,FUS_HEK293T_POSTAR_Piranha_0.01]
[ALKBH1_HeLa_POSTAR_CIMS,ALKBH1_HeLa_POSTAR_CIMS] was killed by [FUS_HEK293T_POSTAR_Piranha_0.01,FUS_HEK293T_POSTAR_Piranha_0.01]
[HNRNPA1_HEK293T_POSTAR_CIMS,HNRNPA1_HEK293T_POSTAR_CIMS] was killed by [FUS_HEK293T_POSTAR_Piranha_0.01,FUS_HEK293T_POSTAR_Piranha_0.01]
[FUS_HeLa_POSTAR_HITS-CLIP,FUS_HeLa_POSTAR_HITS-CLIP] was killed by [TNRC6A_HEK293_Plass,TNRC6A_HEK293_Plass]
[EZH2_HCT116_POSTAR_CIMS,EZH2_HCT116_POSTAR_CIMS] was killed by [EZH2_HCT116_POSTAR_Piranha_0.01,EZH2_HCT116_POSTAR_Piranha_0.01]
[FUS_HeLa_POSTAR_Piranha_0.01,FUS_HeLa_POSTAR_Piranha_0.01] was killed by [TNRC6A_HEK293_Plass,TNRC6A_HEK293_Plass]
