[GOBP_ENDOSOME_ORGANIZATION,GOBP_ENDOSOME_ORGANIZATION] was killed by [GOBP_NUCLEUS_ORGANIZATION,GOBP_NUCLEUS_ORGANIZATION]
[GOBP_REGULATION_OF_ANTIGEN_RECEPTOR_MEDIATED_SIGNALING_PATHWAY,GOBP_REGULATION_OF_ANTIGEN_RECEPTOR_MEDIATED_SIGNALING_PATHWAY] was killed by [GOBP_REGULATION_OF_T_CELL_RECEPTOR_SIGNALING_PATHWAY,GOBP_REGULATION_OF_T_CELL_RECEPTOR_SIGNALING_PATHWAY]
[GOBP_REGULATION_OF_CELLULAR_AMINE_METABOLIC_PROCESS,GOBP_REGULATION_OF_CELLULAR_AMINE_METABOLIC_PROCESS] was killed by [GOBP_AMINE_METABOLIC_PROCESS,GOBP_AMINE_METABOLIC_PROCESS]
[GOBP_GLYCOSYL_COMPOUND_METABOLIC_PROCESS,GOBP_GLYCOSYL_COMPOUND_METABOLIC_PROCESS] was killed by [GOBP_CELLULAR_CARBOHYDRATE_CATABOLIC_PROCESS,GOBP_CELLULAR_CARBOHYDRATE_CATABOLIC_PROCESS]
[GOBP_NAD_METABOLIC_PROCESS,GOBP_NAD_METABOLIC_PROCESS] was killed by [GOBP_CELLULAR_CARBOHYDRATE_CATABOLIC_PROCESS,GOBP_CELLULAR_CARBOHYDRATE_CATABOLIC_PROCESS]
[GOBP_MULTICELLULAR_ORGANISM_GROWTH,GOBP_MULTICELLULAR_ORGANISM_GROWTH] was killed by [GOBP_GENITALIA_DEVELOPMENT,GOBP_GENITALIA_DEVELOPMENT]
[GOBP_BODY_MORPHOGENESIS,GOBP_BODY_MORPHOGENESIS] was killed by [GOBP_GENITALIA_DEVELOPMENT,GOBP_GENITALIA_DEVELOPMENT]
[GOBP_TRNA_PROCESSING,GOBP_TRNA_PROCESSING] was killed by [GOBP_TRNA_METABOLIC_PROCESS,GOBP_TRNA_METABOLIC_PROCESS]
[GOBP_NEGATIVE_REGULATION_OF_TRANSMEMBRANE_TRANSPORT,GOBP_NEGATIVE_REGULATION_OF_TRANSMEMBRANE_TRANSPORT] was killed by [GOBP_CELLULAR_CARBOHYDRATE_CATABOLIC_PROCESS,GOBP_CELLULAR_CARBOHYDRATE_CATABOLIC_PROCESS]
[GOBP_NADH_METABOLIC_PROCESS,GOBP_NADH_METABOLIC_PROCESS] was killed by [GOBP_CELLULAR_CARBOHYDRATE_CATABOLIC_PROCESS,GOBP_CELLULAR_CARBOHYDRATE_CATABOLIC_PROCESS]
[GOBP_HINDLIMB_MORPHOGENESIS,GOBP_HINDLIMB_MORPHOGENESIS] was killed by [GOBP_GENITALIA_DEVELOPMENT,GOBP_GENITALIA_DEVELOPMENT]
[GOBP_PHENOL_CONTAINING_COMPOUND_METABOLIC_PROCESS,GOBP_PHENOL_CONTAINING_COMPOUND_METABOLIC_PROCESS] was killed by [GOBP_AMINE_METABOLIC_PROCESS,GOBP_AMINE_METABOLIC_PROCESS]
[GOBP_RESPONSE_TO_GROWTH_HORMONE,GOBP_RESPONSE_TO_GROWTH_HORMONE] was killed by [GOBP_NEGATIVE_REGULATION_OF_CIRCADIAN_RHYTHM,GOBP_NEGATIVE_REGULATION_OF_CIRCADIAN_RHYTHM]
[GOBP_NEGATIVE_REGULATION_OF_CANONICAL_WNT_SIGNALING_PATHWAY,GOBP_NEGATIVE_REGULATION_OF_CANONICAL_WNT_SIGNALING_PATHWAY] was killed by [GOBP_GENITALIA_DEVELOPMENT,GOBP_GENITALIA_DEVELOPMENT]
[GOBP_REGULATION_OF_MAST_CELL_ACTIVATION,GOBP_REGULATION_OF_MAST_CELL_ACTIVATION] was killed by [GOBP_REGULATION_OF_T_CELL_RECEPTOR_SIGNALING_PATHWAY,GOBP_REGULATION_OF_T_CELL_RECEPTOR_SIGNALING_PATHWAY]
[GOBP_NATURAL_KILLER_CELL_MEDIATED_IMMUNITY,GOBP_NATURAL_KILLER_CELL_MEDIATED_IMMUNITY] was killed by [GOBP_REGULATION_OF_T_CELL_RECEPTOR_SIGNALING_PATHWAY,GOBP_REGULATION_OF_T_CELL_RECEPTOR_SIGNALING_PATHWAY]
[GOBP_POSITIVE_REGULATION_OF_NEURON_DIFFERENTIATION,GOBP_POSITIVE_REGULATION_OF_NEURON_DIFFERENTIATION] was killed by [GOBP_NEGATIVE_REGULATION_OF_CIRCADIAN_RHYTHM,GOBP_NEGATIVE_REGULATION_OF_CIRCADIAN_RHYTHM]
[GOBP_REGULATION_OF_VASOCONSTRICTION,GOBP_REGULATION_OF_VASOCONSTRICTION] was killed by [GOBP_NEGATIVE_REGULATION_OF_CIRCADIAN_RHYTHM,GOBP_NEGATIVE_REGULATION_OF_CIRCADIAN_RHYTHM]
[GOBP_SPERMATID_DIFFERENTIATION,GOBP_SPERMATID_DIFFERENTIATION] was killed by [GOBP_NUCLEUS_ORGANIZATION,GOBP_NUCLEUS_ORGANIZATION]
[GOBP_REGULATION_OF_SYNAPTIC_VESICLE_EXOCYTOSIS,GOBP_REGULATION_OF_SYNAPTIC_VESICLE_EXOCYTOSIS] was killed by [GOBP_GLUTAMATE_SECRETION,GOBP_GLUTAMATE_SECRETION]
[GOBP_METAPHASE_ANAPHASE_TRANSITION_OF_CELL_CYCLE,GOBP_METAPHASE_ANAPHASE_TRANSITION_OF_CELL_CYCLE] was killed by [GOBP_NUCLEUS_ORGANIZATION,GOBP_NUCLEUS_ORGANIZATION]
[GOBP_POLYSACCHARIDE_CATABOLIC_PROCESS,GOBP_POLYSACCHARIDE_CATABOLIC_PROCESS] was killed by [GOBP_CELLULAR_CARBOHYDRATE_CATABOLIC_PROCESS,GOBP_CELLULAR_CARBOHYDRATE_CATABOLIC_PROCESS]
[GOBP_REGULATION_OF_CARBOHYDRATE_BIOSYNTHETIC_PROCESS,GOBP_REGULATION_OF_CARBOHYDRATE_BIOSYNTHETIC_PROCESS] was killed by [GOBP_CELLULAR_CARBOHYDRATE_CATABOLIC_PROCESS,GOBP_CELLULAR_CARBOHYDRATE_CATABOLIC_PROCESS]
[GOBP_PURINE_NUCLEOSIDE_METABOLIC_PROCESS,GOBP_PURINE_NUCLEOSIDE_METABOLIC_PROCESS] was killed by [GOBP_NUCLEOSIDE_METABOLIC_PROCESS,GOBP_NUCLEOSIDE_METABOLIC_PROCESS]
[GOBP_REGULATION_OF_CELLULAR_AMINO_ACID_METABOLIC_PROCESS,GOBP_REGULATION_OF_CELLULAR_AMINO_ACID_METABOLIC_PROCESS] was killed by [GOBP_AMINE_METABOLIC_PROCESS,GOBP_AMINE_METABOLIC_PROCESS]
[GOBP_EMBRYONIC_HINDLIMB_MORPHOGENESIS,GOBP_EMBRYONIC_HINDLIMB_MORPHOGENESIS] was killed by [GOBP_GENITALIA_DEVELOPMENT,GOBP_GENITALIA_DEVELOPMENT]
[GOBP_EXOCRINE_SYSTEM_DEVELOPMENT,GOBP_EXOCRINE_SYSTEM_DEVELOPMENT] was killed by [GOBP_SALIVARY_GLAND_DEVELOPMENT,GOBP_SALIVARY_GLAND_DEVELOPMENT]
[GOBP_CEREBRAL_CORTEX_CELL_MIGRATION,GOBP_CEREBRAL_CORTEX_CELL_MIGRATION] was killed by [GOBP_NUCLEUS_ORGANIZATION,GOBP_NUCLEUS_ORGANIZATION]
[GOBP_REGULATION_OF_MULTICELLULAR_ORGANISM_GROWTH,GOBP_REGULATION_OF_MULTICELLULAR_ORGANISM_GROWTH] was killed by [GOBP_GENITALIA_DEVELOPMENT,GOBP_GENITALIA_DEVELOPMENT]
[GOBP_POSITIVE_REGULATION_OF_STRESS_ACTIVATED_PROTEIN_KINASE_SIGNALING_CASCADE,GOBP_POSITIVE_REGULATION_OF_STRESS_ACTIVATED_PROTEIN_KINASE_SIGNALING_CASCADE] was killed by [GOBP_SALIVARY_GLAND_DEVELOPMENT,GOBP_SALIVARY_GLAND_DEVELOPMENT]
[GOBP_ENDOSOME_TO_LYSOSOME_TRANSPORT,GOBP_ENDOSOME_TO_LYSOSOME_TRANSPORT] was killed by [GOBP_VESICLE_MEDIATED_TRANSPORT_BETWEEN_ENDOSOMAL_COMPARTMENTS,GOBP_VESICLE_MEDIATED_TRANSPORT_BETWEEN_ENDOSOMAL_COMPARTMENTS]
[GOBP_ENERGY_RESERVE_METABOLIC_PROCESS,GOBP_ENERGY_RESERVE_METABOLIC_PROCESS] was killed by [GOBP_CELLULAR_CARBOHYDRATE_CATABOLIC_PROCESS,GOBP_CELLULAR_CARBOHYDRATE_CATABOLIC_PROCESS]
[GOBP_CELLULAR_RESPONSE_TO_VASCULAR_ENDOTHELIAL_GROWTH_FACTOR_STIMULUS,GOBP_CELLULAR_RESPONSE_TO_VASCULAR_ENDOTHELIAL_GROWTH_FACTOR_STIMULUS] was killed by [GOBP_REGULATION_OF_T_CELL_RECEPTOR_SIGNALING_PATHWAY,GOBP_REGULATION_OF_T_CELL_RECEPTOR_SIGNALING_PATHWAY]
[GOBP_REGULATION_OF_CHROMOSOME_SEGREGATION,GOBP_REGULATION_OF_CHROMOSOME_SEGREGATION] was killed by [GOBP_NUCLEUS_ORGANIZATION,GOBP_NUCLEUS_ORGANIZATION]
[GOBP_NEUROTRANSMITTER_SECRETION,GOBP_NEUROTRANSMITTER_SECRETION] was killed by [GOBP_GLUTAMATE_SECRETION,GOBP_GLUTAMATE_SECRETION]
