[GSE3982_EOSINOPHIL_VS_BCELL_DN,GSE3982_EOSINOPHIL_VS_BCELL_DN] was killed by [GSE2405_0H_VS_9H_A_PHAGOCYTOPHILUM_STIM_NEUTROPHIL_DN,GSE2405_0H_VS_9H_A_PHAGOCYTOPHILUM_STIM_NEUTROPHIL_DN]
[GSE6269_FLU_VS_E_COLI_INF_PBMC_DN,GSE6269_FLU_VS_E_COLI_INF_PBMC_DN] was killed by [GSE2405_0H_VS_9H_A_PHAGOCYTOPHILUM_STIM_NEUTROPHIL_DN,GSE2405_0H_VS_9H_A_PHAGOCYTOPHILUM_STIM_NEUTROPHIL_DN]
[GSE40274_IRF4_VS_FOXP3_AND_IRF4_TRANSDUCED_ACTIVATED_CD4_TCELL_UP,GSE40274_IRF4_VS_FOXP3_AND_IRF4_TRANSDUCED_ACTIVATED_CD4_TCELL_UP] was killed by [GSE2405_0H_VS_9H_A_PHAGOCYTOPHILUM_STIM_NEUTROPHIL_DN,GSE2405_0H_VS_9H_A_PHAGOCYTOPHILUM_STIM_NEUTROPHIL_DN]
[GSE13547_CTRL_VS_ANTI_IGM_STIM_BCELL_12H_DN,GSE13547_CTRL_VS_ANTI_IGM_STIM_BCELL_12H_DN] was killed by [GSE2405_0H_VS_9H_A_PHAGOCYTOPHILUM_STIM_NEUTROPHIL_DN,GSE2405_0H_VS_9H_A_PHAGOCYTOPHILUM_STIM_NEUTROPHIL_DN]
[GSE1460_DP_VS_CD4_THYMOCYTE_DN,GSE1460_DP_VS_CD4_THYMOCYTE_DN] was killed by [GSE2405_0H_VS_9H_A_PHAGOCYTOPHILUM_STIM_NEUTROPHIL_DN,GSE2405_0H_VS_9H_A_PHAGOCYTOPHILUM_STIM_NEUTROPHIL_DN]
[GSE34205_HEALTHY_VS_FLU_INF_INFANT_PBMC_UP,GSE34205_HEALTHY_VS_FLU_INF_INFANT_PBMC_UP] was killed by [GSE2405_0H_VS_9H_A_PHAGOCYTOPHILUM_STIM_NEUTROPHIL_DN,GSE2405_0H_VS_9H_A_PHAGOCYTOPHILUM_STIM_NEUTROPHIL_DN]
[THAKAR_PBMC_INACTIVATED_INFLUENZA_AGE_21_30YO_NONRESPONDER_7DY_UP,THAKAR_PBMC_INACTIVATED_INFLUENZA_AGE_21_30YO_NONRESPONDER_7DY_UP] was killed by [THAKAR_PBMC_INACTIVATED_INFLUENZA_AGE_21_30YO_NONRESPONDER_28DY_UP,THAKAR_PBMC_INACTIVATED_INFLUENZA_AGE_21_30YO_NONRESPONDER_28DY_UP]
[GSE42088_UNINF_VS_LEISHMANIA_INF_DC_2H_DN,GSE42088_UNINF_VS_LEISHMANIA_INF_DC_2H_DN] was killed by [GSE2405_0H_VS_9H_A_PHAGOCYTOPHILUM_STIM_NEUTROPHIL_DN,GSE2405_0H_VS_9H_A_PHAGOCYTOPHILUM_STIM_NEUTROPHIL_DN]
[GSE42724_NAIVE_VS_B1_BCELL_DN,GSE42724_NAIVE_VS_B1_BCELL_DN] was killed by [GSE2405_0H_VS_9H_A_PHAGOCYTOPHILUM_STIM_NEUTROPHIL_DN,GSE2405_0H_VS_9H_A_PHAGOCYTOPHILUM_STIM_NEUTROPHIL_DN]
[GSE22886_NAIVE_BCELL_VS_NEUTROPHIL_UP,GSE22886_NAIVE_BCELL_VS_NEUTROPHIL_UP] was killed by [GSE2405_0H_VS_9H_A_PHAGOCYTOPHILUM_STIM_NEUTROPHIL_DN,GSE2405_0H_VS_9H_A_PHAGOCYTOPHILUM_STIM_NEUTROPHIL_DN]
[GSE22886_NAIVE_TCELL_VS_NKCELL_UP,GSE22886_NAIVE_TCELL_VS_NKCELL_UP] was killed by [GSE2405_0H_VS_9H_A_PHAGOCYTOPHILUM_STIM_NEUTROPHIL_DN,GSE2405_0H_VS_9H_A_PHAGOCYTOPHILUM_STIM_NEUTROPHIL_DN]
[GSE21360_PRIMARY_VS_TERTIARY_MEMORY_CD8_TCELL_DN,GSE21360_PRIMARY_VS_TERTIARY_MEMORY_CD8_TCELL_DN] was killed by [GSE18791_CTRL_VS_NEWCASTLE_VIRUS_DC_16H_DN,GSE18791_CTRL_VS_NEWCASTLE_VIRUS_DC_16H_DN]
[GSE42088_UNINF_VS_LEISHMANIA_INF_DC_4H_DN,GSE42088_UNINF_VS_LEISHMANIA_INF_DC_4H_DN] was killed by [GSE2405_0H_VS_9H_A_PHAGOCYTOPHILUM_STIM_NEUTROPHIL_DN,GSE2405_0H_VS_9H_A_PHAGOCYTOPHILUM_STIM_NEUTROPHIL_DN]
[GSE34205_HEALTHY_VS_RSV_INF_INFANT_PBMC_UP,GSE34205_HEALTHY_VS_RSV_INF_INFANT_PBMC_UP] was killed by [GSE2405_0H_VS_9H_A_PHAGOCYTOPHILUM_STIM_NEUTROPHIL_DN,GSE2405_0H_VS_9H_A_PHAGOCYTOPHILUM_STIM_NEUTROPHIL_DN]
[GSE20727_DNFB_ALLERGEN_VS_ROS_INH_AND_DNFB_ALLERGEN_TREATED_DC_UP,GSE20727_DNFB_ALLERGEN_VS_ROS_INH_AND_DNFB_ALLERGEN_TREATED_DC_UP] was killed by [GSE2405_0H_VS_9H_A_PHAGOCYTOPHILUM_STIM_NEUTROPHIL_DN,GSE2405_0H_VS_9H_A_PHAGOCYTOPHILUM_STIM_NEUTROPHIL_DN]
[GSE41978_WT_VS_ID2_KO_KLRG1_LOW_EFFECTOR_CD8_TCELL_DN,GSE41978_WT_VS_ID2_KO_KLRG1_LOW_EFFECTOR_CD8_TCELL_DN] was killed by [GSE17721_CTRL_VS_LPS_6H_BMDC_DN,GSE17721_CTRL_VS_LPS_6H_BMDC_DN]
[GSE29617_CTRL_VS_DAY7_TIV_FLU_VACCINE_PBMC_2008_UP,GSE29617_CTRL_VS_DAY7_TIV_FLU_VACCINE_PBMC_2008_UP] was killed by [GSE29617_CTRL_VS_DAY3_TIV_FLU_VACCINE_PBMC_2008_UP,GSE29617_CTRL_VS_DAY3_TIV_FLU_VACCINE_PBMC_2008_UP]
[GSE1460_DP_THYMOCYTE_VS_NAIVE_CD4_TCELL_ADULT_BLOOD_DN,GSE1460_DP_THYMOCYTE_VS_NAIVE_CD4_TCELL_ADULT_BLOOD_DN] was killed by [GSE2405_0H_VS_9H_A_PHAGOCYTOPHILUM_STIM_NEUTROPHIL_DN,GSE2405_0H_VS_9H_A_PHAGOCYTOPHILUM_STIM_NEUTROPHIL_DN]
[GSE13485_CTRL_VS_DAY7_YF17D_VACCINE_PBMC_UP,GSE13485_CTRL_VS_DAY7_YF17D_VACCINE_PBMC_UP] was killed by [GSE2405_0H_VS_9H_A_PHAGOCYTOPHILUM_STIM_NEUTROPHIL_DN,GSE2405_0H_VS_9H_A_PHAGOCYTOPHILUM_STIM_NEUTROPHIL_DN]
[GSE2405_0H_VS_24H_A_PHAGOCYTOPHILUM_STIM_NEUTROPHIL_UP,GSE2405_0H_VS_24H_A_PHAGOCYTOPHILUM_STIM_NEUTROPHIL_UP] was killed by [GSE2405_0H_VS_9H_A_PHAGOCYTOPHILUM_STIM_NEUTROPHIL_DN,GSE2405_0H_VS_9H_A_PHAGOCYTOPHILUM_STIM_NEUTROPHIL_DN]
[GSE32034_LY6C_HIGH_VS_LOW_ROSIGLIZATONE_TREATED_MONOCYTE_DN,GSE32034_LY6C_HIGH_VS_LOW_ROSIGLIZATONE_TREATED_MONOCYTE_DN] was killed by [GSE21360_SECONDARY_VS_QUATERNARY_MEMORY_CD8_TCELL_DN,GSE21360_SECONDARY_VS_QUATERNARY_MEMORY_CD8_TCELL_DN]
[GSE1432_CTRL_VS_IFNG_24H_MICROGLIA_DN,GSE1432_CTRL_VS_IFNG_24H_MICROGLIA_DN] was killed by [GSE37532_WT_VS_PPARG_KO_LN_TCONV_DN,GSE37532_WT_VS_PPARG_KO_LN_TCONV_DN]
[GSE14000_UNSTIM_VS_4H_LPS_DC_DN,GSE14000_UNSTIM_VS_4H_LPS_DC_DN] was killed by [GSE18791_CTRL_VS_NEWCASTLE_VIRUS_DC_16H_DN,GSE18791_CTRL_VS_NEWCASTLE_VIRUS_DC_16H_DN]
[GSE7852_TREG_VS_TCONV_LN_DN,GSE7852_TREG_VS_TCONV_LN_DN] was killed by [GSE37301_CD4_TCELL_VS_GRANULOCYTE_MONOCYTE_PROGENITOR_DN,GSE37301_CD4_TCELL_VS_GRANULOCYTE_MONOCYTE_PROGENITOR_DN]
[GSE37301_MULTIPOTENT_PROGENITOR_VS_CD4_TCELL_UP,GSE37301_MULTIPOTENT_PROGENITOR_VS_CD4_TCELL_UP] was killed by [GSE26495_NAIVE_VS_PD1HIGH_CD8_TCELL_UP,GSE26495_NAIVE_VS_PD1HIGH_CD8_TCELL_UP]
[GSE6269_HEALTHY_VS_FLU_INF_PBMC_UP,GSE6269_HEALTHY_VS_FLU_INF_PBMC_UP] was killed by [GSE2405_0H_VS_9H_A_PHAGOCYTOPHILUM_STIM_NEUTROPHIL_DN,GSE2405_0H_VS_9H_A_PHAGOCYTOPHILUM_STIM_NEUTROPHIL_DN]
[GSE9988_LOW_LPS_VS_CTRL_TREATED_MONOCYTE_UP,GSE9988_LOW_LPS_VS_CTRL_TREATED_MONOCYTE_UP] was killed by [GSE18791_CTRL_VS_NEWCASTLE_VIRUS_DC_16H_DN,GSE18791_CTRL_VS_NEWCASTLE_VIRUS_DC_16H_DN]
[GSE40068_CXCR5NEG_BCL6NEG_CD4_TCELL_VS_CXCR5POS_BCL6NEG_TFH_UP,GSE40068_CXCR5NEG_BCL6NEG_CD4_TCELL_VS_CXCR5POS_BCL6NEG_TFH_UP] was killed by [GSE17301_CTRL_VS_48H_ACD3_ACD28_IFNA2_STIM_CD8_TCELL_DN,GSE17301_CTRL_VS_48H_ACD3_ACD28_IFNA2_STIM_CD8_TCELL_DN]
[GSE8685_IL15_ACT_IL2_STARVED_VS_IL21_ACT_IL2_STARVED_CD4_TCELL_DN,GSE8685_IL15_ACT_IL2_STARVED_VS_IL21_ACT_IL2_STARVED_CD4_TCELL_DN] was killed by [GSE22886_NAIVE_CD8_TCELL_VS_NKCELL_UP,GSE22886_NAIVE_CD8_TCELL_VS_NKCELL_UP]
[GSE41978_ID2_KO_VS_ID2_KO_AND_BIM_KO_KLRG1_LOW_EFFECTOR_CD8_TCELL_DN,GSE41978_ID2_KO_VS_ID2_KO_AND_BIM_KO_KLRG1_LOW_EFFECTOR_CD8_TCELL_DN] was killed by [GSE2405_0H_VS_9H_A_PHAGOCYTOPHILUM_STIM_NEUTROPHIL_DN,GSE2405_0H_VS_9H_A_PHAGOCYTOPHILUM_STIM_NEUTROPHIL_DN]
[GSE20366_TREG_VS_TCONV_DN,GSE20366_TREG_VS_TCONV_DN] was killed by [GSE17974_CTRL_VS_ACT_IL4_AND_ANTI_IL12_48H_CD4_TCELL_UP,GSE17974_CTRL_VS_ACT_IL4_AND_ANTI_IL12_48H_CD4_TCELL_UP]
[GSE7852_TREG_VS_TCONV_FAT_DN,GSE7852_TREG_VS_TCONV_FAT_DN] was killed by [GSE37301_CD4_TCELL_VS_GRANULOCYTE_MONOCYTE_PROGENITOR_DN,GSE37301_CD4_TCELL_VS_GRANULOCYTE_MONOCYTE_PROGENITOR_DN]
[GSE45837_WT_VS_GFI1_KO_PDC_DN,GSE45837_WT_VS_GFI1_KO_PDC_DN] was killed by [GSE2405_0H_VS_9H_A_PHAGOCYTOPHILUM_STIM_NEUTROPHIL_DN,GSE2405_0H_VS_9H_A_PHAGOCYTOPHILUM_STIM_NEUTROPHIL_DN]
[GSE15330_HSC_VS_PRO_BCELL_DN,GSE15330_HSC_VS_PRO_BCELL_DN] was killed by [GSE26495_NAIVE_VS_PD1HIGH_CD8_TCELL_UP,GSE26495_NAIVE_VS_PD1HIGH_CD8_TCELL_UP]
[GSE45365_HEALTHY_VS_MCMV_INFECTION_CD11B_DC_IFNAR_KO_UP,GSE45365_HEALTHY_VS_MCMV_INFECTION_CD11B_DC_IFNAR_KO_UP] was killed by [GSE29617_CTRL_VS_DAY3_TIV_FLU_VACCINE_PBMC_2008_UP,GSE29617_CTRL_VS_DAY3_TIV_FLU_VACCINE_PBMC_2008_UP]
[GSE11864_CSF1_IFNG_VS_CSF1_IFNG_PAM3CYS_IN_MAC_UP,GSE11864_CSF1_IFNG_VS_CSF1_IFNG_PAM3CYS_IN_MAC_UP] was killed by [GSE17721_CTRL_VS_PAM3CSK4_1H_BMDC_UP,GSE17721_CTRL_VS_PAM3CSK4_1H_BMDC_UP]
[GSE17974_CTRL_VS_ACT_IL4_AND_ANTI_IL12_12H_CD4_TCELL_UP,GSE17974_CTRL_VS_ACT_IL4_AND_ANTI_IL12_12H_CD4_TCELL_UP] was killed by [GSE17974_CTRL_VS_ACT_IL4_AND_ANTI_IL12_48H_CD4_TCELL_UP,GSE17974_CTRL_VS_ACT_IL4_AND_ANTI_IL12_48H_CD4_TCELL_UP]
[GSE37301_LYMPHOID_PRIMED_MPP_VS_RAG2_KO_NK_CELL_UP,GSE37301_LYMPHOID_PRIMED_MPP_VS_RAG2_KO_NK_CELL_UP] was killed by [GSE22886_NAIVE_CD8_TCELL_VS_NKCELL_UP,GSE22886_NAIVE_CD8_TCELL_VS_NKCELL_UP]
[GSE3982_MAST_CELL_VS_EFF_MEMORY_CD4_TCELL_DN,GSE3982_MAST_CELL_VS_EFF_MEMORY_CD4_TCELL_DN] was killed by [GSE18791_CTRL_VS_NEWCASTLE_VIRUS_DC_16H_DN,GSE18791_CTRL_VS_NEWCASTLE_VIRUS_DC_16H_DN]
[GSE17186_NAIVE_VS_CD21LOW_TRANSITIONAL_BCELL_CORD_BLOOD_UP,GSE17186_NAIVE_VS_CD21LOW_TRANSITIONAL_BCELL_CORD_BLOOD_UP] was killed by [GSE37301_CD4_TCELL_VS_GRANULOCYTE_MONOCYTE_PROGENITOR_DN,GSE37301_CD4_TCELL_VS_GRANULOCYTE_MONOCYTE_PROGENITOR_DN]
[SCHERER_PBMC_YF_VAX_OR_APSV_WETVAX_AGE_18_40YO_JOINT_TO_VACCINIA_AND_YELLOW_FEVER_DN,SCHERER_PBMC_YF_VAX_OR_APSV_WETVAX_AGE_18_40YO_JOINT_TO_VACCINIA_AND_YELLOW_FEVER_DN] was killed by [GSE2405_0H_VS_9H_A_PHAGOCYTOPHILUM_STIM_NEUTROPHIL_DN,GSE2405_0H_VS_9H_A_PHAGOCYTOPHILUM_STIM_NEUTROPHIL_DN]
[GSE360_L_DONOVANI_VS_T_GONDII_DC_UP,GSE360_L_DONOVANI_VS_T_GONDII_DC_UP] was killed by [GSE26912_TUMORICIDAL_VS_CTRL_MACROPHAGE_DN,GSE26912_TUMORICIDAL_VS_CTRL_MACROPHAGE_DN]
[HOWARD_NEUTROPHIL_INACT_MONOV_INFLUENZA_A_INDONESIA_05_2005_H5N1_AGE_18_49YO_3DY_UP,HOWARD_NEUTROPHIL_INACT_MONOV_INFLUENZA_A_INDONESIA_05_2005_H5N1_AGE_18_49YO_3DY_UP] was killed by [GSE37301_CD4_TCELL_VS_GRANULOCYTE_MONOCYTE_PROGENITOR_DN,GSE37301_CD4_TCELL_VS_GRANULOCYTE_MONOCYTE_PROGENITOR_DN]
[GSE5589_LPS_AND_IL10_VS_LPS_AND_IL6_STIM_IL6_KO_MACROPHAGE_45MIN_UP,GSE5589_LPS_AND_IL10_VS_LPS_AND_IL6_STIM_IL6_KO_MACROPHAGE_45MIN_UP] was killed by [GSE4984_UNTREATED_VS_GALECTIN1_TREATED_DC_UP,GSE4984_UNTREATED_VS_GALECTIN1_TREATED_DC_UP]
[GSE18791_UNSTIM_VS_NEWCATSLE_VIRUS_DC_18H_DN,GSE18791_UNSTIM_VS_NEWCATSLE_VIRUS_DC_18H_DN] was killed by [GSE18791_CTRL_VS_NEWCASTLE_VIRUS_DC_16H_DN,GSE18791_CTRL_VS_NEWCASTLE_VIRUS_DC_16H_DN]
[GSE3982_MAC_VS_NEUTROPHIL_DN,GSE3982_MAC_VS_NEUTROPHIL_DN] was killed by [GSE360_L_DONOVANI_VS_M_TUBERCULOSIS_DC_UP,GSE360_L_DONOVANI_VS_M_TUBERCULOSIS_DC_UP]
[GSE3982_MAST_CELL_VS_NEUTROPHIL_DN,GSE3982_MAST_CELL_VS_NEUTROPHIL_DN] was killed by [GSE4984_UNTREATED_VS_GALECTIN1_TREATED_DC_UP,GSE4984_UNTREATED_VS_GALECTIN1_TREATED_DC_UP]
[GSE19888_CTRL_VS_A3R_INHIBITOR_TREATED_MAST_CELL_DN,GSE19888_CTRL_VS_A3R_INHIBITOR_TREATED_MAST_CELL_DN] was killed by [GSE4984_UNTREATED_VS_GALECTIN1_TREATED_DC_UP,GSE4984_UNTREATED_VS_GALECTIN1_TREATED_DC_UP]
