Starting QoRTs v1.3.6 (Compiled Tue Sep 25 11:21:46 EDT 2018)
Starting time: (Wed Jan 26 13:41:20 PST 2022)
INPUT_COMMAND(QC)
  INPUT_ARG(infile)=bam/kg1_t_3.sort.bam
  INPUT_ARG(gtffile)=/data_gilbert/home/aarab/genomes/hg38/gencode.v34/gencode.v34.annotation.gtf
  INPUT_ARG(outdir)=iso/rawCts/kg1_t_3/
  INPUT_ARG(fr_secondStrand)=true
  INPUT_ARG(singleEnded)=true
  INPUT_ARG(nameSorted)=true
Created Log File: iso/rawCts/kg1_t_3//QC.G6HLXUExM5KG.log
Warning: run-in-progress file "iso/rawCts/kg1_t_3//QC.QORTS_RUNNING" already exists. Is there another QoRTs job running?
Starting QC
[Time: 2022-01-26 13:41:20] [Mem usage: [33MB / 2147MB]] [Elapsed Time: 00:00:00.0000]
Deleting old "QORTS_COMPLETED_OK" file.
QoRTs is Running in single-end mode.
Note: read-sorting is irrelevant in single-ended mode.
No parameter --genomeFA found.
Running functions: CigarOpDistribution, GCDistribution, GeneCalcs, JunctionCalcs, NVC, 
        QualityScoreDistribution, StrandCheck, chromCounts, 
        cigarLocusCounts, readLengthDistro, writeBiotypeCounts, 
        writeClippedNVC, writeDESeq, writeDEXSeq, writeGeneBody, 
        writeGeneCounts, writeGenewiseGeneBody, 
        writeJunctionSeqCounts, writeKnownSplices, 
        writeNovelSplices, writeSpliceExon
Checking first 10000 reads. Checking SAM file for formatting errors...
   Stats on the first 10000 reads:
        Num Reads Primary Map:    3541
        Num Reads Paired-ended:   0
        Num Reads mapped pair:    0
        Num Pair names found:     0
        Num Pairs matched:        0
        Read Seq length:          51 to 51
        Unclipped Read length:    51 to 51
        Final maxReadLength:      51
        maxPhredScore:            41
        minPhredScore:            2
Done checking first 10000 reads. WARNINGS FOUND!
SAMRecord Reader Generated. Read length: 51.
[Time: 2022-01-26 13:41:22] [Mem usage: [451MB / 3154MB]] [Elapsed Time: 00:00:01.0361]
> Init GeneCalcs Utility
> Init NVC utility
> Init CigarOpDistribution Utility
> Init QualityScoreDistribution Utility
> Init GC counts Utility
> Init JunctionCalcs utility
Compiling flat feature annotation, internally in memory...
FlatteningGtf: starting...(2022-01-26 13:42:50)
    FlatteningGtf: gtf file read complete.(2022-01-26 13:43:55)
    FlatteningGtf: Splice Junction Map read.(2022-01-26 13:43:58)
    FlatteningGtf: gene Sets generated.(2022-01-26 13:44:00)
    FlatteningGtf: Aggregate Sets built.
    FlatteningGtf: Compiling Aggregate Info . . . (2022-01-26 13:44:00)
    FlatteningGtf: Finished Compiling Aggregate Info. (2022-01-26 13:44:00)
    FlatteningGtf: Iterating through the step-vector...(2022-01-26 13:44:00)
    FlatteningGtf: Adding the aggregate genes themselves...(2022-01-26 13:44:02)
    FlatteningGtf: Iterating through the splice junctions...(2022-01-26 13:44:03)
    FlatteningGtf: Sorting the aggregate genes...(2022-01-26 13:44:05)
    FlatteningGtf: Folding the FlatGtfLine iterator...(2022-01-26 13:44:05)
    FlatteningGtf: Features Built.(2022-01-26 13:44:05)
Internal flat feature annotation compiled!
length of knownSpliceMap after instantiation: 383646
length of knownCountMap after instantiation: 383646
> Init StrandCheck Utility
> Init chromCount Utility
> Init qcCigarLocusCounts Utility
> Init MinorUtils Utility
QC Utilities Generated!
[Time: 2022-01-26 13:44:10] [Mem usage: [4645MB / 10GB]] [Elapsed Time: 00:02:49.0866]
helper_calculateGeneAssignmentMap_strict. Found: 60669 genes in the supplied annotation.
helper_calculateGeneAssignmentMap_strict. Found: 18307 genes with ambiguous segments.
helper_calculateGeneAssignmentMap_strict. Found: 42362 genes after first-pass filtering
making makeGeneIntervalMap for geneBody calculations. Found: 42362 acceptable genes for gene-body analysis.
..........[1000000 Read-Pairs processed] [Time: 2022-01-26 13:45:26] 
..........[2000000 Read-Pairs processed] [Time: 2022-01-26 13:46:09] 
..........[3000000 Read-Pairs processed] [Time: 2022-01-26 13:46:50] 
..........[4000000 Read-Pairs processed] [Time: 2022-01-26 13:47:29] 
..........[5000000 Read-Pairs processed] [Time: 2022-01-26 13:48:08] 
..........[6000000 Read-Pairs processed] [Time: 2022-01-26 13:48:46] 
..........[7000000 Read-Pairs processed] [Time: 2022-01-26 13:49:25] 
..........[8000000 Read-Pairs processed] [Time: 2022-01-26 13:50:03] 
..........[9000000 Read-Pairs processed] [Time: 2022-01-26 13:50:40] 
..........[10000000 Read-Pairs processed] [Time: 2022-01-26 13:51:19] 
..........[11000000 Read-Pairs processed] [Time: 2022-01-26 13:51:58] 
..........[12000000 Read-Pairs processed] [Time: 2022-01-26 13:52:36] 
..........[13000000 Read-Pairs processed] [Time: 2022-01-26 13:53:15] 
..........[14000000 Read-Pairs processed] [Time: 2022-01-26 13:53:53] 
..........[15000000 Read-Pairs processed] [Time: 2022-01-26 13:54:31] 
..........[16000000 Read-Pairs processed] [Time: 2022-01-26 13:55:10] 
..........[17000000 Read-Pairs processed] [Time: 2022-01-26 13:55:48] 
..........[18000000 Read-Pairs processed] [Time: 2022-01-26 13:56:27] 
..........[19000000 Read-Pairs processed] [Time: 2022-01-26 13:57:05] 
..........[20000000 Read-Pairs processed] [Time: 2022-01-26 13:57:43] 
..........[21000000 Read-Pairs processed] [Time: 2022-01-26 13:58:20] 
..........[22000000 Read-Pairs processed] [Time: 2022-01-26 13:58:56] 
..........[23000000 Read-Pairs processed] [Time: 2022-01-26 13:59:33] 
..........[24000000 Read-Pairs processed] [Time: 2022-01-26 14:00:09] 
..........[25000000 Read-Pairs processed] [Time: 2022-01-26 14:00:45] 
..........[26000000 Read-Pairs processed] [Time: 2022-01-26 14:01:22] 
..........[27000000 Read-Pairs processed] [Time: 2022-01-26 14:01:58] 
..........[28000000 Read-Pairs processed] [Time: 2022-01-26 14:02:34] 
..........[29000000 Read-Pairs processed] [Time: 2022-01-26 14:03:11] 
..........[30000000 Read-Pairs processed] [Time: 2022-01-26 14:03:47] 
..........[31000000 Read-Pairs processed] [Time: 2022-01-26 14:04:24] 
..........[32000000 Read-Pairs processed] [Time: 2022-01-26 14:05:00] 
..........[33000000 Read-Pairs processed] [Time: 2022-01-26 14:05:36] 
.
Finished reading SAM. Read: 33142934 reads/read-pairs.
Finished reading SAM. Used: 24630549 reads/read-pairs.
[Time: 2022-01-26 14:05:41] [Mem usage: [9GB / 10GB]] [Elapsed Time: 00:24:21.0215]
> Read Stats:
>   READ_PAIR_OK                   24630549
>   TOTAL_READ_PAIRS               33142934
>   DROPPED_NOT_PROPER_PAIR        -1
>   DROPPED_READ_FAILS_VENDOR_QC   0
>   DROPPED_MARKED_NOT_VALID       0
>   DROPPED_CHROMS_MISMATCH        -1
>   DROPPED_PAIR_STRANDS_MISMATCH  -1
>   DROPPED_IGNORED_CHROMOSOME     0
>   DROPPED_NOT_UNIQUE_ALIGNMENT   8512385
>   DROPPED_NO_ALN_BLOCKS   0
>   DROPPED_NOT_MARKED_RG   -1
Pre-alignment read count unknown (Set --seqReadCt or --rawfastq)
Writing Output...
DEBUG NOTE: IncludeGenesSet.size: 42362
DEBUG NOTE: sortedReadCountSeq.size: 17351
DEBUG NOTE: coverageThresholds: 8675;13013;15615;17351
DEBUG NOTE: coverageSpans: [(0,8675);(8675,13013);(13013,15615);(15615,17351)]
DEBUG NOTE:	[1.bottomHalf][0.5] = [0,8675]
DEBUG NOTE:	[2.upperMidQuartile][0.75] = [8675,13013]
DEBUG NOTE:	[3.75to90][0.9] = [13013,15615]
DEBUG NOTE:	[4.high][1.0] = [15615,17351]
      (DEBUG) Generating Biotype Map [2022-01-26 14:05:43]
      (DEBUG) Extracted gene BioType using key "gene_biotype".
              Found 0 types: []
      (DEBUG) Finished Biotype Map [2022-01-26 14:07:02]
length of knownCountMap after run: 383646
WARNING: The data appears to be STRANDED, following the fr_secondStrand rule.
         Are you sure this isn't stranded data? If it is stranded, then you should probably
         re-run QoRTs with the "--stranded" and "--stranded_fr_secondstrand" options!
QoRTs completed WITH WARNINGS! See log for details.
Done.
Time spent on setup:           00:02:49.0866
Time spent on SAM iteration:   00:21:31.0349
                               (0.6492082646233633 minutes per million read-pairs)
                               (0.8735764138536525 minutes per million read-pairs used)
Time spent on file output:     00:01:33.0760
Total runtime:                 00:25:54.0975
Done. (Wed Jan 26 14:07:15 PST 2022)
