[KEGG_CELL_CYCLE,KEGG_CELL_CYCLE] was killed by [KEGG_UBIQUITIN_MEDIATED_PROTEOLYSIS,KEGG_UBIQUITIN_MEDIATED_PROTEOLYSIS]
[KEGG_HUNTINGTONS_DISEASE,KEGG_HUNTINGTONS_DISEASE] was killed by [KEGG_PARKINSONS_DISEASE,KEGG_PARKINSONS_DISEASE]
[KEGG_OXIDATIVE_PHOSPHORYLATION,KEGG_OXIDATIVE_PHOSPHORYLATION] was killed by [KEGG_PARKINSONS_DISEASE,KEGG_PARKINSONS_DISEASE]
[KEGG_NUCLEOTIDE_EXCISION_REPAIR,KEGG_NUCLEOTIDE_EXCISION_REPAIR] was killed by [KEGG_UBIQUITIN_MEDIATED_PROTEOLYSIS,KEGG_UBIQUITIN_MEDIATED_PROTEOLYSIS]
[KEGG_ALZHEIMERS_DISEASE,KEGG_ALZHEIMERS_DISEASE] was killed by [KEGG_PARKINSONS_DISEASE,KEGG_PARKINSONS_DISEASE]
[KEGG_PURINE_METABOLISM,KEGG_PURINE_METABOLISM] was killed by [KEGG_SPLICEOSOME,KEGG_SPLICEOSOME]
[KEGG_EPITHELIAL_CELL_SIGNALING_IN_HELICOBACTER_PYLORI_INFECTION,KEGG_EPITHELIAL_CELL_SIGNALING_IN_HELICOBACTER_PYLORI_INFECTION] was killed by [KEGG_NEUROTROPHIN_SIGNALING_PATHWAY,KEGG_NEUROTROPHIN_SIGNALING_PATHWAY]
[KEGG_NOD_LIKE_RECEPTOR_SIGNALING_PATHWAY,KEGG_NOD_LIKE_RECEPTOR_SIGNALING_PATHWAY] was killed by [KEGG_NEUROTROPHIN_SIGNALING_PATHWAY,KEGG_NEUROTROPHIN_SIGNALING_PATHWAY]
[KEGG_MISMATCH_REPAIR,KEGG_MISMATCH_REPAIR] was killed by [KEGG_DNA_REPLICATION,KEGG_DNA_REPLICATION]
[KEGG_FOCAL_ADHESION,KEGG_FOCAL_ADHESION] was killed by [KEGG_RIBOSOME,KEGG_RIBOSOME]
[KEGG_CELL_ADHESION_MOLECULES_CAMS,KEGG_CELL_ADHESION_MOLECULES_CAMS] was killed by [KEGG_SPLICEOSOME,KEGG_SPLICEOSOME]
[KEGG_REGULATION_OF_AUTOPHAGY,KEGG_REGULATION_OF_AUTOPHAGY] was killed by [KEGG_AUTOIMMUNE_THYROID_DISEASE,KEGG_AUTOIMMUNE_THYROID_DISEASE]
[KEGG_PYRIMIDINE_METABOLISM,KEGG_PYRIMIDINE_METABOLISM] was killed by [KEGG_ENDOCYTOSIS,KEGG_ENDOCYTOSIS]
[KEGG_HEMATOPOIETIC_CELL_LINEAGE,KEGG_HEMATOPOIETIC_CELL_LINEAGE] was killed by [KEGG_AUTOIMMUNE_THYROID_DISEASE,KEGG_AUTOIMMUNE_THYROID_DISEASE]
[KEGG_RNA_DEGRADATION,KEGG_RNA_DEGRADATION] was killed by [KEGG_SPLICEOSOME,KEGG_SPLICEOSOME]
[KEGG_CHEMOKINE_SIGNALING_PATHWAY,KEGG_CHEMOKINE_SIGNALING_PATHWAY] was killed by [KEGG_RIBOSOME,KEGG_RIBOSOME]
[KEGG_ACUTE_MYELOID_LEUKEMIA,KEGG_ACUTE_MYELOID_LEUKEMIA] was killed by [KEGG_NEUROTROPHIN_SIGNALING_PATHWAY,KEGG_NEUROTROPHIN_SIGNALING_PATHWAY]
[KEGG_FC_GAMMA_R_MEDIATED_PHAGOCYTOSIS,KEGG_FC_GAMMA_R_MEDIATED_PHAGOCYTOSIS] was killed by [KEGG_ENDOCYTOSIS,KEGG_ENDOCYTOSIS]
[KEGG_ADIPOCYTOKINE_SIGNALING_PATHWAY,KEGG_ADIPOCYTOKINE_SIGNALING_PATHWAY] was killed by [KEGG_NEUROTROPHIN_SIGNALING_PATHWAY,KEGG_NEUROTROPHIN_SIGNALING_PATHWAY]
[KEGG_ECM_RECEPTOR_INTERACTION,KEGG_ECM_RECEPTOR_INTERACTION] was killed by [KEGG_ENDOCYTOSIS,KEGG_ENDOCYTOSIS]
[KEGG_TYPE_I_DIABETES_MELLITUS,KEGG_TYPE_I_DIABETES_MELLITUS] was killed by [KEGG_ENDOCYTOSIS,KEGG_ENDOCYTOSIS]
[KEGG_STEROID_HORMONE_BIOSYNTHESIS,KEGG_STEROID_HORMONE_BIOSYNTHESIS] was killed by [KEGG_METABOLISM_OF_XENOBIOTICS_BY_CYTOCHROME_P450,KEGG_METABOLISM_OF_XENOBIOTICS_BY_CYTOCHROME_P450]
[KEGG_B_CELL_RECEPTOR_SIGNALING_PATHWAY,KEGG_B_CELL_RECEPTOR_SIGNALING_PATHWAY] was killed by [KEGG_NEUROTROPHIN_SIGNALING_PATHWAY,KEGG_NEUROTROPHIN_SIGNALING_PATHWAY]
[KEGG_DRUG_METABOLISM_CYTOCHROME_P450,KEGG_DRUG_METABOLISM_CYTOCHROME_P450] was killed by [KEGG_METABOLISM_OF_XENOBIOTICS_BY_CYTOCHROME_P450,KEGG_METABOLISM_OF_XENOBIOTICS_BY_CYTOCHROME_P450]
[KEGG_INTESTINAL_IMMUNE_NETWORK_FOR_IGA_PRODUCTION,KEGG_INTESTINAL_IMMUNE_NETWORK_FOR_IGA_PRODUCTION] was killed by [KEGG_AUTOIMMUNE_THYROID_DISEASE,KEGG_AUTOIMMUNE_THYROID_DISEASE]
[KEGG_PANCREATIC_CANCER,KEGG_PANCREATIC_CANCER] was killed by [KEGG_NEUROTROPHIN_SIGNALING_PATHWAY,KEGG_NEUROTROPHIN_SIGNALING_PATHWAY]
[KEGG_RETINOL_METABOLISM,KEGG_RETINOL_METABOLISM] was killed by [KEGG_METABOLISM_OF_XENOBIOTICS_BY_CYTOCHROME_P450,KEGG_METABOLISM_OF_XENOBIOTICS_BY_CYTOCHROME_P450]
[KEGG_AMYOTROPHIC_LATERAL_SCLEROSIS_ALS,KEGG_AMYOTROPHIC_LATERAL_SCLEROSIS_ALS] was killed by [KEGG_NEUROTROPHIN_SIGNALING_PATHWAY,KEGG_NEUROTROPHIN_SIGNALING_PATHWAY]
[KEGG_CHRONIC_MYELOID_LEUKEMIA,KEGG_CHRONIC_MYELOID_LEUKEMIA] was killed by [KEGG_NEUROTROPHIN_SIGNALING_PATHWAY,KEGG_NEUROTROPHIN_SIGNALING_PATHWAY]
[KEGG_HOMOLOGOUS_RECOMBINATION,KEGG_HOMOLOGOUS_RECOMBINATION] was killed by [KEGG_DNA_REPLICATION,KEGG_DNA_REPLICATION]
[KEGG_PROSTATE_CANCER,KEGG_PROSTATE_CANCER] was killed by [KEGG_NEUROTROPHIN_SIGNALING_PATHWAY,KEGG_NEUROTROPHIN_SIGNALING_PATHWAY]
[KEGG_GRAFT_VERSUS_HOST_DISEASE,KEGG_GRAFT_VERSUS_HOST_DISEASE] was killed by [KEGG_ENDOCYTOSIS,KEGG_ENDOCYTOSIS]
[KEGG_GLYCINE_SERINE_AND_THREONINE_METABOLISM,KEGG_GLYCINE_SERINE_AND_THREONINE_METABOLISM] was killed by [KEGG_CYSTEINE_AND_METHIONINE_METABOLISM,KEGG_CYSTEINE_AND_METHIONINE_METABOLISM]
[KEGG_TYROSINE_METABOLISM,KEGG_TYROSINE_METABOLISM] was killed by [KEGG_CYSTEINE_AND_METHIONINE_METABOLISM,KEGG_CYSTEINE_AND_METHIONINE_METABOLISM]
[KEGG_OOCYTE_MEIOSIS,KEGG_OOCYTE_MEIOSIS] was killed by [KEGG_SPLICEOSOME,KEGG_SPLICEOSOME]
[KEGG_VALINE_LEUCINE_AND_ISOLEUCINE_BIOSYNTHESIS,KEGG_VALINE_LEUCINE_AND_ISOLEUCINE_BIOSYNTHESIS] was killed by [KEGG_VALINE_LEUCINE_AND_ISOLEUCINE_DEGRADATION,KEGG_VALINE_LEUCINE_AND_ISOLEUCINE_DEGRADATION]
[KEGG_MTOR_SIGNALING_PATHWAY,KEGG_MTOR_SIGNALING_PATHWAY] was killed by [KEGG_NEUROTROPHIN_SIGNALING_PATHWAY,KEGG_NEUROTROPHIN_SIGNALING_PATHWAY]
[KEGG_ASCORBATE_AND_ALDARATE_METABOLISM,KEGG_ASCORBATE_AND_ALDARATE_METABOLISM] was killed by [KEGG_VALINE_LEUCINE_AND_ISOLEUCINE_DEGRADATION,KEGG_VALINE_LEUCINE_AND_ISOLEUCINE_DEGRADATION]
[KEGG_ALLOGRAFT_REJECTION,KEGG_ALLOGRAFT_REJECTION] was killed by [KEGG_ENDOCYTOSIS,KEGG_ENDOCYTOSIS]
[KEGG_COLORECTAL_CANCER,KEGG_COLORECTAL_CANCER] was killed by [KEGG_NEUROTROPHIN_SIGNALING_PATHWAY,KEGG_NEUROTROPHIN_SIGNALING_PATHWAY]
[KEGG_GLYCOSPHINGOLIPID_BIOSYNTHESIS_GLOBO_SERIES,KEGG_GLYCOSPHINGOLIPID_BIOSYNTHESIS_GLOBO_SERIES] was killed by [KEGG_LYSOSOME,KEGG_LYSOSOME]
[KEGG_CITRATE_CYCLE_TCA_CYCLE,KEGG_CITRATE_CYCLE_TCA_CYCLE] was killed by [KEGG_PARKINSONS_DISEASE,KEGG_PARKINSONS_DISEASE]
[KEGG_ENDOMETRIAL_CANCER,KEGG_ENDOMETRIAL_CANCER] was killed by [KEGG_NEUROTROPHIN_SIGNALING_PATHWAY,KEGG_NEUROTROPHIN_SIGNALING_PATHWAY]
[KEGG_PROGESTERONE_MEDIATED_OOCYTE_MATURATION,KEGG_PROGESTERONE_MEDIATED_OOCYTE_MATURATION] was killed by [KEGG_UBIQUITIN_MEDIATED_PROTEOLYSIS,KEGG_UBIQUITIN_MEDIATED_PROTEOLYSIS]
[KEGG_BASE_EXCISION_REPAIR,KEGG_BASE_EXCISION_REPAIR] was killed by [KEGG_DNA_REPLICATION,KEGG_DNA_REPLICATION]
[KEGG_SMALL_CELL_LUNG_CANCER,KEGG_SMALL_CELL_LUNG_CANCER] was killed by [KEGG_SPLICEOSOME,KEGG_SPLICEOSOME]
[KEGG_PYRUVATE_METABOLISM,KEGG_PYRUVATE_METABOLISM] was killed by [KEGG_CYSTEINE_AND_METHIONINE_METABOLISM,KEGG_CYSTEINE_AND_METHIONINE_METABOLISM]
[KEGG_SYSTEMIC_LUPUS_ERYTHEMATOSUS,KEGG_SYSTEMIC_LUPUS_ERYTHEMATOSUS] was killed by [KEGG_RIBOSOME,KEGG_RIBOSOME]
[KEGG_PENTOSE_AND_GLUCURONATE_INTERCONVERSIONS,KEGG_PENTOSE_AND_GLUCURONATE_INTERCONVERSIONS] was killed by [KEGG_METABOLISM_OF_XENOBIOTICS_BY_CYTOCHROME_P450,KEGG_METABOLISM_OF_XENOBIOTICS_BY_CYTOCHROME_P450]
[KEGG_LINOLEIC_ACID_METABOLISM,KEGG_LINOLEIC_ACID_METABOLISM] was killed by [KEGG_METABOLISM_OF_XENOBIOTICS_BY_CYTOCHROME_P450,KEGG_METABOLISM_OF_XENOBIOTICS_BY_CYTOCHROME_P450]
[KEGG_CALCIUM_SIGNALING_PATHWAY,KEGG_CALCIUM_SIGNALING_PATHWAY] was killed by [KEGG_RIBOSOME,KEGG_RIBOSOME]
[KEGG_RENAL_CELL_CARCINOMA,KEGG_RENAL_CELL_CARCINOMA] was killed by [KEGG_NEUROTROPHIN_SIGNALING_PATHWAY,KEGG_NEUROTROPHIN_SIGNALING_PATHWAY]
[KEGG_ARACHIDONIC_ACID_METABOLISM,KEGG_ARACHIDONIC_ACID_METABOLISM] was killed by [KEGG_ENDOCYTOSIS,KEGG_ENDOCYTOSIS]
[KEGG_PHENYLALANINE_METABOLISM,KEGG_PHENYLALANINE_METABOLISM] was killed by [KEGG_CYSTEINE_AND_METHIONINE_METABOLISM,KEGG_CYSTEINE_AND_METHIONINE_METABOLISM]
[KEGG_RIG_I_LIKE_RECEPTOR_SIGNALING_PATHWAY,KEGG_RIG_I_LIKE_RECEPTOR_SIGNALING_PATHWAY] was killed by [KEGG_NEUROTROPHIN_SIGNALING_PATHWAY,KEGG_NEUROTROPHIN_SIGNALING_PATHWAY]
[KEGG_APOPTOSIS,KEGG_APOPTOSIS] was killed by [KEGG_SPLICEOSOME,KEGG_SPLICEOSOME]
[KEGG_TOLL_LIKE_RECEPTOR_SIGNALING_PATHWAY,KEGG_TOLL_LIKE_RECEPTOR_SIGNALING_PATHWAY] was killed by [KEGG_SPLICEOSOME,KEGG_SPLICEOSOME]
[KEGG_ADHERENS_JUNCTION,KEGG_ADHERENS_JUNCTION] was killed by [KEGG_PARKINSONS_DISEASE,KEGG_PARKINSONS_DISEASE]
[KEGG_GLIOMA,KEGG_GLIOMA] was killed by [KEGG_NEUROTROPHIN_SIGNALING_PATHWAY,KEGG_NEUROTROPHIN_SIGNALING_PATHWAY]
[KEGG_LEUKOCYTE_TRANSENDOTHELIAL_MIGRATION,KEGG_LEUKOCYTE_TRANSENDOTHELIAL_MIGRATION] was killed by [KEGG_RIBOSOME,KEGG_RIBOSOME]
[KEGG_LIMONENE_AND_PINENE_DEGRADATION,KEGG_LIMONENE_AND_PINENE_DEGRADATION] was killed by [KEGG_VALINE_LEUCINE_AND_ISOLEUCINE_DEGRADATION,KEGG_VALINE_LEUCINE_AND_ISOLEUCINE_DEGRADATION]
[KEGG_DILATED_CARDIOMYOPATHY,KEGG_DILATED_CARDIOMYOPATHY] was killed by [KEGG_SPLICEOSOME,KEGG_SPLICEOSOME]
[KEGG_BASAL_CELL_CARCINOMA,KEGG_BASAL_CELL_CARCINOMA] was killed by [KEGG_ENDOCYTOSIS,KEGG_ENDOCYTOSIS]
[KEGG_INOSITOL_PHOSPHATE_METABOLISM,KEGG_INOSITOL_PHOSPHATE_METABOLISM] was killed by [KEGG_NEUROTROPHIN_SIGNALING_PATHWAY,KEGG_NEUROTROPHIN_SIGNALING_PATHWAY]
[KEGG_ANTIGEN_PROCESSING_AND_PRESENTATION,KEGG_ANTIGEN_PROCESSING_AND_PRESENTATION] was killed by [KEGG_PARKINSONS_DISEASE,KEGG_PARKINSONS_DISEASE]
[KEGG_DORSO_VENTRAL_AXIS_FORMATION,KEGG_DORSO_VENTRAL_AXIS_FORMATION] was killed by [KEGG_NEUROTROPHIN_SIGNALING_PATHWAY,KEGG_NEUROTROPHIN_SIGNALING_PATHWAY]
[KEGG_PATHOGENIC_ESCHERICHIA_COLI_INFECTION,KEGG_PATHOGENIC_ESCHERICHIA_COLI_INFECTION] was killed by [KEGG_NEUROTROPHIN_SIGNALING_PATHWAY,KEGG_NEUROTROPHIN_SIGNALING_PATHWAY]
[KEGG_LEISHMANIA_INFECTION,KEGG_LEISHMANIA_INFECTION] was killed by [KEGG_SPLICEOSOME,KEGG_SPLICEOSOME]
[KEGG_ASTHMA,KEGG_ASTHMA] was killed by [KEGG_AUTOIMMUNE_THYROID_DISEASE,KEGG_AUTOIMMUNE_THYROID_DISEASE]
[KEGG_ERBB_SIGNALING_PATHWAY,KEGG_ERBB_SIGNALING_PATHWAY] was killed by [KEGG_SPLICEOSOME,KEGG_SPLICEOSOME]
[KEGG_VIBRIO_CHOLERAE_INFECTION,KEGG_VIBRIO_CHOLERAE_INFECTION] was killed by [KEGG_ENDOCYTOSIS,KEGG_ENDOCYTOSIS]
[KEGG_TRYPTOPHAN_METABOLISM,KEGG_TRYPTOPHAN_METABOLISM] was killed by [KEGG_VALINE_LEUCINE_AND_ISOLEUCINE_DEGRADATION,KEGG_VALINE_LEUCINE_AND_ISOLEUCINE_DEGRADATION]
[KEGG_TASTE_TRANSDUCTION,KEGG_TASTE_TRANSDUCTION] was killed by [KEGG_ENDOCYTOSIS,KEGG_ENDOCYTOSIS]
[KEGG_SELENOAMINO_ACID_METABOLISM,KEGG_SELENOAMINO_ACID_METABOLISM] was killed by [KEGG_CYSTEINE_AND_METHIONINE_METABOLISM,KEGG_CYSTEINE_AND_METHIONINE_METABOLISM]
[KEGG_PEROXISOME,KEGG_PEROXISOME] was killed by [KEGG_SPLICEOSOME,KEGG_SPLICEOSOME]
[KEGG_N_GLYCAN_BIOSYNTHESIS,KEGG_N_GLYCAN_BIOSYNTHESIS] was killed by [KEGG_ENDOCYTOSIS,KEGG_ENDOCYTOSIS]
[KEGG_NATURAL_KILLER_CELL_MEDIATED_CYTOTOXICITY,KEGG_NATURAL_KILLER_CELL_MEDIATED_CYTOTOXICITY] was killed by [KEGG_RIBOSOME,KEGG_RIBOSOME]
[KEGG_TGF_BETA_SIGNALING_PATHWAY,KEGG_TGF_BETA_SIGNALING_PATHWAY] was killed by [KEGG_RIBOSOME,KEGG_RIBOSOME]
[KEGG_GALACTOSE_METABOLISM,KEGG_GALACTOSE_METABOLISM] was killed by [KEGG_LYSOSOME,KEGG_LYSOSOME]
[KEGG_STARCH_AND_SUCROSE_METABOLISM,KEGG_STARCH_AND_SUCROSE_METABOLISM] was killed by [KEGG_ENDOCYTOSIS,KEGG_ENDOCYTOSIS]
[KEGG_ARRHYTHMOGENIC_RIGHT_VENTRICULAR_CARDIOMYOPATHY_ARVC,KEGG_ARRHYTHMOGENIC_RIGHT_VENTRICULAR_CARDIOMYOPATHY_ARVC] was killed by [KEGG_SPLICEOSOME,KEGG_SPLICEOSOME]
[KEGG_INSULIN_SIGNALING_PATHWAY,KEGG_INSULIN_SIGNALING_PATHWAY] was killed by [KEGG_SPLICEOSOME,KEGG_SPLICEOSOME]
[KEGG_HEDGEHOG_SIGNALING_PATHWAY,KEGG_HEDGEHOG_SIGNALING_PATHWAY] was killed by [KEGG_SPLICEOSOME,KEGG_SPLICEOSOME]
[KEGG_HYPERTROPHIC_CARDIOMYOPATHY_HCM,KEGG_HYPERTROPHIC_CARDIOMYOPATHY_HCM] was killed by [KEGG_RIBOSOME,KEGG_RIBOSOME]
[KEGG_OTHER_GLYCAN_DEGRADATION,KEGG_OTHER_GLYCAN_DEGRADATION] was killed by [KEGG_LYSOSOME,KEGG_LYSOSOME]
[KEGG_TERPENOID_BACKBONE_BIOSYNTHESIS,KEGG_TERPENOID_BACKBONE_BIOSYNTHESIS] was killed by [KEGG_VALINE_LEUCINE_AND_ISOLEUCINE_DEGRADATION,KEGG_VALINE_LEUCINE_AND_ISOLEUCINE_DEGRADATION]
[KEGG_JAK_STAT_SIGNALING_PATHWAY,KEGG_JAK_STAT_SIGNALING_PATHWAY] was killed by [KEGG_RIBOSOME,KEGG_RIBOSOME]
[KEGG_BUTANOATE_METABOLISM,KEGG_BUTANOATE_METABOLISM] was killed by [KEGG_VALINE_LEUCINE_AND_ISOLEUCINE_DEGRADATION,KEGG_VALINE_LEUCINE_AND_ISOLEUCINE_DEGRADATION]
