[WP_DNA_REPAIR_PATHWAYS_FULL_NETWORK,WP_DNA_REPAIR_PATHWAYS_FULL_NETWORK] was killed by [WP_RETINOBLASTOMA_GENE_IN_CANCER,WP_RETINOBLASTOMA_GENE_IN_CANCER]
[WP_CELL_CYCLE,WP_CELL_CYCLE] was killed by [WP_RETINOBLASTOMA_GENE_IN_CANCER,WP_RETINOBLASTOMA_GENE_IN_CANCER]
[WP_CELL_DIFFERENTIATION_INDEX,WP_CELL_DIFFERENTIATION_INDEX] was killed by [WP_ALZHEIMERS_DISEASE,WP_ALZHEIMERS_DISEASE]
[WP_MIRNAS_INVOLVED_IN_DNA_DAMAGE_RESPONSE,WP_MIRNAS_INVOLVED_IN_DNA_DAMAGE_RESPONSE] was killed by [WP_RETINOBLASTOMA_GENE_IN_CANCER,WP_RETINOBLASTOMA_GENE_IN_CANCER]
[WP_CELL_DIFFERENTIATION_INDEX_EXPANDED,WP_CELL_DIFFERENTIATION_INDEX_EXPANDED] was killed by [WP_ALZHEIMERS_DISEASE,WP_ALZHEIMERS_DISEASE]
[WP_DNA_REPLICATION,WP_DNA_REPLICATION] was killed by [WP_RETINOBLASTOMA_GENE_IN_CANCER,WP_RETINOBLASTOMA_GENE_IN_CANCER]
[WP_DNA_IRDAMAGE_AND_CELLULAR_RESPONSE_VIA_ATR,WP_DNA_IRDAMAGE_AND_CELLULAR_RESPONSE_VIA_ATR] was killed by [WP_RETINOBLASTOMA_GENE_IN_CANCER,WP_RETINOBLASTOMA_GENE_IN_CANCER]
[WP_PARKINSONS_DISEASE_PATHWAY,WP_PARKINSONS_DISEASE_PATHWAY] was killed by [WP_ALZHEIMERS_DISEASE,WP_ALZHEIMERS_DISEASE]
[WP_OXIDATIVE_PHOSPHORYLATION,WP_OXIDATIVE_PHOSPHORYLATION] was killed by [WP_ELECTRON_TRANSPORT_CHAIN_OXPHOS_SYSTEM_IN_MITOCHONDRIA,WP_ELECTRON_TRANSPORT_CHAIN_OXPHOS_SYSTEM_IN_MITOCHONDRIA]
[WP_METASTATIC_BRAIN_TUMOR,WP_METASTATIC_BRAIN_TUMOR] was killed by [WP_ALZHEIMERS_DISEASE,WP_ALZHEIMERS_DISEASE]
[WP_NONALCOHOLIC_FATTY_LIVER_DISEASE,WP_NONALCOHOLIC_FATTY_LIVER_DISEASE] was killed by [WP_ELECTRON_TRANSPORT_CHAIN_OXPHOS_SYSTEM_IN_MITOCHONDRIA,WP_ELECTRON_TRANSPORT_CHAIN_OXPHOS_SYSTEM_IN_MITOCHONDRIA]
[WP_PYRIMIDINE_METABOLISM,WP_PYRIMIDINE_METABOLISM] was killed by [WP_RETINOBLASTOMA_GENE_IN_CANCER,WP_RETINOBLASTOMA_GENE_IN_CANCER]
[WP_MITOCHONDRIAL_COMPLEX_I_ASSEMBLY_MODEL_OXPHOS_SYSTEM,WP_MITOCHONDRIAL_COMPLEX_I_ASSEMBLY_MODEL_OXPHOS_SYSTEM] was killed by [WP_ELECTRON_TRANSPORT_CHAIN_OXPHOS_SYSTEM_IN_MITOCHONDRIA,WP_ELECTRON_TRANSPORT_CHAIN_OXPHOS_SYSTEM_IN_MITOCHONDRIA]
[WP_G1_TO_S_CELL_CYCLE_CONTROL,WP_G1_TO_S_CELL_CYCLE_CONTROL] was killed by [WP_RETINOBLASTOMA_GENE_IN_CANCER,WP_RETINOBLASTOMA_GENE_IN_CANCER]
[WP_ALLOGRAFT_REJECTION,WP_ALLOGRAFT_REJECTION] was killed by [WP_PROTEASOME_DEGRADATION,WP_PROTEASOME_DEGRADATION]
[WP_PATHWAYS_AFFECTED_IN_ADENOID_CYSTIC_CARCINOMA,WP_PATHWAYS_AFFECTED_IN_ADENOID_CYSTIC_CARCINOMA] was killed by [WP_RETINOBLASTOMA_GENE_IN_CANCER,WP_RETINOBLASTOMA_GENE_IN_CANCER]
[WP_NUCLEOTIDE_EXCISION_REPAIR,WP_NUCLEOTIDE_EXCISION_REPAIR] was killed by [WP_RETINOBLASTOMA_GENE_IN_CANCER,WP_RETINOBLASTOMA_GENE_IN_CANCER]
[WP_INTEGRATED_BREAST_CANCER_PATHWAY,WP_INTEGRATED_BREAST_CANCER_PATHWAY] was killed by [WP_RETINOBLASTOMA_GENE_IN_CANCER,WP_RETINOBLASTOMA_GENE_IN_CANCER]
[WP_SIGNALING_PATHWAYS_IN_GLIOBLASTOMA,WP_SIGNALING_PATHWAYS_IN_GLIOBLASTOMA] was killed by [WP_RETINOBLASTOMA_GENE_IN_CANCER,WP_RETINOBLASTOMA_GENE_IN_CANCER]
[WP_LEPTIN_SIGNALING_PATHWAY,WP_LEPTIN_SIGNALING_PATHWAY] was killed by [WP_OVERVIEW_OF_INTERFERONSMEDIATED_SIGNALING_PATHWAY,WP_OVERVIEW_OF_INTERFERONSMEDIATED_SIGNALING_PATHWAY]
[WP_TGFBETA_SIGNALING_PATHWAY,WP_TGFBETA_SIGNALING_PATHWAY] was killed by [WP_RETINOBLASTOMA_GENE_IN_CANCER,WP_RETINOBLASTOMA_GENE_IN_CANCER]
[WP_BASE_EXCISION_REPAIR,WP_BASE_EXCISION_REPAIR] was killed by [WP_RETINOBLASTOMA_GENE_IN_CANCER,WP_RETINOBLASTOMA_GENE_IN_CANCER]
[WP_THE_EFFECT_OF_PROGERIN_ON_THE_INVOLVED_GENES_IN_HUTCHINSONGILFORD_PROGERIA_SYNDROME,WP_THE_EFFECT_OF_PROGERIN_ON_THE_INVOLVED_GENES_IN_HUTCHINSONGILFORD_PROGERIA_SYNDROME] was killed by [WP_RETINOBLASTOMA_GENE_IN_CANCER,WP_RETINOBLASTOMA_GENE_IN_CANCER]
[WP_MITOCHONDRIAL_CIV_ASSEMBLY,WP_MITOCHONDRIAL_CIV_ASSEMBLY] was killed by [WP_ELECTRON_TRANSPORT_CHAIN_OXPHOS_SYSTEM_IN_MITOCHONDRIA,WP_ELECTRON_TRANSPORT_CHAIN_OXPHOS_SYSTEM_IN_MITOCHONDRIA]
[WP_EBOLA_VIRUS_PATHWAY_ON_HOST,WP_EBOLA_VIRUS_PATHWAY_ON_HOST] was killed by [WP_PROTEASOME_DEGRADATION,WP_PROTEASOME_DEGRADATION]
[WP_DNA_MISMATCH_REPAIR,WP_DNA_MISMATCH_REPAIR] was killed by [WP_RETINOBLASTOMA_GENE_IN_CANCER,WP_RETINOBLASTOMA_GENE_IN_CANCER]
[WP_THE_HUMAN_IMMUNE_RESPONSE_TO_TUBERCULOSIS,WP_THE_HUMAN_IMMUNE_RESPONSE_TO_TUBERCULOSIS] was killed by [WP_OVERVIEW_OF_INTERFERONSMEDIATED_SIGNALING_PATHWAY,WP_OVERVIEW_OF_INTERFERONSMEDIATED_SIGNALING_PATHWAY]
[WP_SPINAL_CORD_INJURY,WP_SPINAL_CORD_INJURY] was killed by [WP_RETINOBLASTOMA_GENE_IN_CANCER,WP_RETINOBLASTOMA_GENE_IN_CANCER]
[WP_DNA_DAMAGE_RESPONSE,WP_DNA_DAMAGE_RESPONSE] was killed by [WP_RETINOBLASTOMA_GENE_IN_CANCER,WP_RETINOBLASTOMA_GENE_IN_CANCER]
[WP_CILIOPATHIES,WP_CILIOPATHIES] was killed by [WP_ALZHEIMERS_DISEASE,WP_ALZHEIMERS_DISEASE]
[WP_SARS_CORONAVIRUS_AND_INNATE_IMMUNITY,WP_SARS_CORONAVIRUS_AND_INNATE_IMMUNITY] was killed by [WP_OVERVIEW_OF_INTERFERONSMEDIATED_SIGNALING_PATHWAY,WP_OVERVIEW_OF_INTERFERONSMEDIATED_SIGNALING_PATHWAY]
[WP_PATHWAYS_REGULATING_HIPPO_SIGNALING,WP_PATHWAYS_REGULATING_HIPPO_SIGNALING] was killed by [WP_EGFEGFR_SIGNALING_PATHWAY,WP_EGFEGFR_SIGNALING_PATHWAY]
[WP_DNA_IRDOUBLE_STRAND_BREAKS_DSBS_AND_CELLULAR_RESPONSE_VIA_ATM,WP_DNA_IRDOUBLE_STRAND_BREAKS_DSBS_AND_CELLULAR_RESPONSE_VIA_ATM] was killed by [WP_RETINOBLASTOMA_GENE_IN_CANCER,WP_RETINOBLASTOMA_GENE_IN_CANCER]
[WP_DNA_DAMAGE_RESPONSE_ONLY_ATM_DEPENDENT,WP_DNA_DAMAGE_RESPONSE_ONLY_ATM_DEPENDENT] was killed by [WP_RETINOBLASTOMA_GENE_IN_CANCER,WP_RETINOBLASTOMA_GENE_IN_CANCER]
[WP_IL6_SIGNALING_PATHWAY,WP_IL6_SIGNALING_PATHWAY] was killed by [WP_OVERVIEW_OF_INTERFERONSMEDIATED_SIGNALING_PATHWAY,WP_OVERVIEW_OF_INTERFERONSMEDIATED_SIGNALING_PATHWAY]
[WP_ENERGY_METABOLISM,WP_ENERGY_METABOLISM] was killed by [WP_ALZHEIMERS_DISEASE,WP_ALZHEIMERS_DISEASE]
[WP_INSULIN_SIGNALING,WP_INSULIN_SIGNALING] was killed by [WP_EGFEGFR_SIGNALING_PATHWAY,WP_EGFEGFR_SIGNALING_PATHWAY]
[WP_NOVEL_INTRACELLULAR_COMPONENTS_OF_RIGILIKE_RECEPTOR_RLR_PATHWAY,WP_NOVEL_INTRACELLULAR_COMPONENTS_OF_RIGILIKE_RECEPTOR_RLR_PATHWAY] was killed by [WP_OVERVIEW_OF_INTERFERONSMEDIATED_SIGNALING_PATHWAY,WP_OVERVIEW_OF_INTERFERONSMEDIATED_SIGNALING_PATHWAY]
[WP_PARKINUBIQUITIN_PROTEASOMAL_SYSTEM_PATHWAY,WP_PARKINUBIQUITIN_PROTEASOMAL_SYSTEM_PATHWAY] was killed by [WP_PROTEASOME_DEGRADATION,WP_PROTEASOME_DEGRADATION]
[WP_TRANSLATION_INHIBITORS_IN_CHRONICALLY_ACTIVATED_PDGFRA_CELLS,WP_TRANSLATION_INHIBITORS_IN_CHRONICALLY_ACTIVATED_PDGFRA_CELLS] was killed by [WP_CYTOPLASMIC_RIBOSOMAL_PROTEINS,WP_CYTOPLASMIC_RIBOSOMAL_PROTEINS]
[WP_ANDROGEN_RECEPTOR_SIGNALING_PATHWAY,WP_ANDROGEN_RECEPTOR_SIGNALING_PATHWAY] was killed by [WP_RETINOBLASTOMA_GENE_IN_CANCER,WP_RETINOBLASTOMA_GENE_IN_CANCER]
[WP_CYTOKINES_AND_INFLAMMATORY_RESPONSE,WP_CYTOKINES_AND_INFLAMMATORY_RESPONSE] was killed by [WP_OVERVIEW_OF_INTERFERONSMEDIATED_SIGNALING_PATHWAY,WP_OVERVIEW_OF_INTERFERONSMEDIATED_SIGNALING_PATHWAY]
[WP_B_CELL_RECEPTOR_SIGNALING_PATHWAY,WP_B_CELL_RECEPTOR_SIGNALING_PATHWAY] was killed by [WP_EGFEGFR_SIGNALING_PATHWAY,WP_EGFEGFR_SIGNALING_PATHWAY]
[WP_HIPPOMERLIN_SIGNALING_DYSREGULATION,WP_HIPPOMERLIN_SIGNALING_DYSREGULATION] was killed by [WP_MIRNA_TARGETS_IN_ECM_AND_MEMBRANE_RECEPTORS,WP_MIRNA_TARGETS_IN_ECM_AND_MEMBRANE_RECEPTORS]
[WP_HUMAN_THYROID_STIMULATING_HORMONE_TSH_SIGNALING_PATHWAY,WP_HUMAN_THYROID_STIMULATING_HORMONE_TSH_SIGNALING_PATHWAY] was killed by [WP_RETINOBLASTOMA_GENE_IN_CANCER,WP_RETINOBLASTOMA_GENE_IN_CANCER]
[WP_NSP1_FROM_SARSCOV2_INHIBITS_TRANSLATION_INITIATION_IN_THE_HOST_CELL,WP_NSP1_FROM_SARSCOV2_INHIBITS_TRANSLATION_INITIATION_IN_THE_HOST_CELL] was killed by [WP_TRANSLATION_FACTORS,WP_TRANSLATION_FACTORS]
[WP_TNF_ALPHA_SIGNALING_PATHWAY,WP_TNF_ALPHA_SIGNALING_PATHWAY] was killed by [WP_ALZHEIMERS_DISEASE,WP_ALZHEIMERS_DISEASE]
[WP_GPCRS_OTHER,WP_GPCRS_OTHER] was killed by [WP_PEPTIDE_GPCRS,WP_PEPTIDE_GPCRS]
[WP_APOPTOSIS_MODULATION_BY_HSP70,WP_APOPTOSIS_MODULATION_BY_HSP70] was killed by [WP_ALZHEIMERS_DISEASE,WP_ALZHEIMERS_DISEASE]
[WP_HOSTPATHOGEN_INTERACTION_OF_HUMAN_CORONA_VIRUSES_INTERFERON_INDUCTION,WP_HOSTPATHOGEN_INTERACTION_OF_HUMAN_CORONA_VIRUSES_INTERFERON_INDUCTION] was killed by [WP_OVERVIEW_OF_INTERFERONSMEDIATED_SIGNALING_PATHWAY,WP_OVERVIEW_OF_INTERFERONSMEDIATED_SIGNALING_PATHWAY]
[WP_ERBB_SIGNALING_PATHWAY,WP_ERBB_SIGNALING_PATHWAY] was killed by [WP_RETINOBLASTOMA_GENE_IN_CANCER,WP_RETINOBLASTOMA_GENE_IN_CANCER]
[WP_REGULATION_OF_SISTER_CHROMATID_SEPARATION_AT_THE_METAPHASEANAPHASE_TRANSITION,WP_REGULATION_OF_SISTER_CHROMATID_SEPARATION_AT_THE_METAPHASEANAPHASE_TRANSITION] was killed by [WP_RETINOBLASTOMA_GENE_IN_CANCER,WP_RETINOBLASTOMA_GENE_IN_CANCER]
[WP_VIRAL_ACUTE_MYOCARDITIS,WP_VIRAL_ACUTE_MYOCARDITIS] was killed by [WP_ALZHEIMERS_DISEASE,WP_ALZHEIMERS_DISEASE]
[WP_TRANSSULFURATION_AND_ONE_CARBON_METABOLISM,WP_TRANSSULFURATION_AND_ONE_CARBON_METABOLISM] was killed by [WP_RETINOBLASTOMA_GENE_IN_CANCER,WP_RETINOBLASTOMA_GENE_IN_CANCER]
[WP_SLEEP_REGULATION,WP_SLEEP_REGULATION] was killed by [WP_PEPTIDE_GPCRS,WP_PEPTIDE_GPCRS]
[WP_HEPATITIS_B_INFECTION,WP_HEPATITIS_B_INFECTION] was killed by [WP_MRNA_PROCESSING,WP_MRNA_PROCESSING]
[WP_MIRNAS_INVOLVEMENT_IN_THE_IMMUNE_RESPONSE_IN_SEPSIS,WP_MIRNAS_INVOLVEMENT_IN_THE_IMMUNE_RESPONSE_IN_SEPSIS] was killed by [WP_ALZHEIMERS_DISEASE,WP_ALZHEIMERS_DISEASE]
[WP_HAIR_FOLLICLE_DEVELOPMENT_ORGANOGENESIS_PART_2_OF_3,WP_HAIR_FOLLICLE_DEVELOPMENT_ORGANOGENESIS_PART_2_OF_3] was killed by [WP_DOPAMINERGIC_NEUROGENESIS,WP_DOPAMINERGIC_NEUROGENESIS]
[WP_FRAGILE_X_SYNDROME,WP_FRAGILE_X_SYNDROME] was killed by [WP_ALZHEIMERS_DISEASE,WP_ALZHEIMERS_DISEASE]
[WP_EGFR_TYROSINE_KINASE_INHIBITOR_RESISTANCE,WP_EGFR_TYROSINE_KINASE_INHIBITOR_RESISTANCE] was killed by [WP_OVERVIEW_OF_INTERFERONSMEDIATED_SIGNALING_PATHWAY,WP_OVERVIEW_OF_INTERFERONSMEDIATED_SIGNALING_PATHWAY]
[WP_ANGIOPOIETIN_LIKE_PROTEIN_8_REGULATORY_PATHWAY,WP_ANGIOPOIETIN_LIKE_PROTEIN_8_REGULATORY_PATHWAY] was killed by [WP_CYTOPLASMIC_RIBOSOMAL_PROTEINS,WP_CYTOPLASMIC_RIBOSOMAL_PROTEINS]
[WP_ATM_SIGNALING_NETWORK_IN_DEVELOPMENT_AND_DISEASE,WP_ATM_SIGNALING_NETWORK_IN_DEVELOPMENT_AND_DISEASE] was killed by [WP_RETINOBLASTOMA_GENE_IN_CANCER,WP_RETINOBLASTOMA_GENE_IN_CANCER]
[WP_CARDIAC_PROGENITOR_DIFFERENTIATION,WP_CARDIAC_PROGENITOR_DIFFERENTIATION] was killed by [WP_DOPAMINERGIC_NEUROGENESIS,WP_DOPAMINERGIC_NEUROGENESIS]
[WP_GASTRIC_CANCER_NETWORK_2,WP_GASTRIC_CANCER_NETWORK_2] was killed by [WP_RETINOBLASTOMA_GENE_IN_CANCER,WP_RETINOBLASTOMA_GENE_IN_CANCER]
[WP_KIT_RECEPTOR_SIGNALING_PATHWAY,WP_KIT_RECEPTOR_SIGNALING_PATHWAY] was killed by [WP_CYTOPLASMIC_RIBOSOMAL_PROTEINS,WP_CYTOPLASMIC_RIBOSOMAL_PROTEINS]
[WP_TARGET_OF_RAPAMYCIN_TOR_SIGNALING,WP_TARGET_OF_RAPAMYCIN_TOR_SIGNALING] was killed by [WP_EGFEGFR_SIGNALING_PATHWAY,WP_EGFEGFR_SIGNALING_PATHWAY]
[WP_RESISTIN_AS_A_REGULATOR_OF_INFLAMMATION,WP_RESISTIN_AS_A_REGULATOR_OF_INFLAMMATION] was killed by [WP_ALZHEIMERS_DISEASE,WP_ALZHEIMERS_DISEASE]
[WP_PANCREATIC_ADENOCARCINOMA_PATHWAY,WP_PANCREATIC_ADENOCARCINOMA_PATHWAY] was killed by [WP_RETINOBLASTOMA_GENE_IN_CANCER,WP_RETINOBLASTOMA_GENE_IN_CANCER]
[WP_TCA_CYCLE_AKA_KREBS_OR_CITRIC_ACID_CYCLE,WP_TCA_CYCLE_AKA_KREBS_OR_CITRIC_ACID_CYCLE] was killed by [WP_ELECTRON_TRANSPORT_CHAIN_OXPHOS_SYSTEM_IN_MITOCHONDRIA,WP_ELECTRON_TRANSPORT_CHAIN_OXPHOS_SYSTEM_IN_MITOCHONDRIA]
[WP_INITIATION_OF_TRANSCRIPTION_AND_TRANSLATION_ELONGATION_AT_THE_HIV1_LTR,WP_INITIATION_OF_TRANSCRIPTION_AND_TRANSLATION_ELONGATION_AT_THE_HIV1_LTR] was killed by [WP_ALZHEIMERS_DISEASE,WP_ALZHEIMERS_DISEASE]
[WP_PATHWAYS_IN_CLEAR_CELL_RENAL_CELL_CARCINOMA,WP_PATHWAYS_IN_CLEAR_CELL_RENAL_CELL_CARCINOMA] was killed by [WP_GLUCURONIDATION,WP_GLUCURONIDATION]
[WP_IL9_SIGNALING_PATHWAY,WP_IL9_SIGNALING_PATHWAY] was killed by [WP_OVERVIEW_OF_INTERFERONSMEDIATED_SIGNALING_PATHWAY,WP_OVERVIEW_OF_INTERFERONSMEDIATED_SIGNALING_PATHWAY]
[WP_INTEGRATED_CANCER_PATHWAY,WP_INTEGRATED_CANCER_PATHWAY] was killed by [WP_RETINOBLASTOMA_GENE_IN_CANCER,WP_RETINOBLASTOMA_GENE_IN_CANCER]
[WP_THERMOGENESIS,WP_THERMOGENESIS] was killed by [WP_CYTOPLASMIC_RIBOSOMAL_PROTEINS,WP_CYTOPLASMIC_RIBOSOMAL_PROTEINS]
[WP_RAS_SIGNALING,WP_RAS_SIGNALING] was killed by [WP_MRNA_PROCESSING,WP_MRNA_PROCESSING]
[WP_TYPE_II_INTERFERON_SIGNALING_IFNG,WP_TYPE_II_INTERFERON_SIGNALING_IFNG] was killed by [WP_OVERVIEW_OF_INTERFERONSMEDIATED_SIGNALING_PATHWAY,WP_OVERVIEW_OF_INTERFERONSMEDIATED_SIGNALING_PATHWAY]
[WP_TCELL_ANTIGEN_RECEPTOR_TCR_SIGNALING_PATHWAY,WP_TCELL_ANTIGEN_RECEPTOR_TCR_SIGNALING_PATHWAY] was killed by [WP_EGFEGFR_SIGNALING_PATHWAY,WP_EGFEGFR_SIGNALING_PATHWAY]
[WP_INTERACTOME_OF_POLYCOMB_REPRESSIVE_COMPLEX_2_PRC2,WP_INTERACTOME_OF_POLYCOMB_REPRESSIVE_COMPLEX_2_PRC2] was killed by [WP_RETINOBLASTOMA_GENE_IN_CANCER,WP_RETINOBLASTOMA_GENE_IN_CANCER]
[WP_CANONICAL_AND_NONCANONICAL_TGFB_SIGNALING,WP_CANONICAL_AND_NONCANONICAL_TGFB_SIGNALING] was killed by [WP_EGFEGFR_SIGNALING_PATHWAY,WP_EGFEGFR_SIGNALING_PATHWAY]
[WP_RANKLRANK_RECEPTOR_ACTIVATOR_OF_NFKB_LIGAND_SIGNALING_PATHWAY,WP_RANKLRANK_RECEPTOR_ACTIVATOR_OF_NFKB_LIGAND_SIGNALING_PATHWAY] was killed by [WP_EGFEGFR_SIGNALING_PATHWAY,WP_EGFEGFR_SIGNALING_PATHWAY]
[WP_MET_IN_TYPE_1_PAPILLARY_RENAL_CELL_CARCINOMA,WP_MET_IN_TYPE_1_PAPILLARY_RENAL_CELL_CARCINOMA] was killed by [WP_EGFEGFR_SIGNALING_PATHWAY,WP_EGFEGFR_SIGNALING_PATHWAY]
[WP_BIOGENIC_AMINE_SYNTHESIS,WP_BIOGENIC_AMINE_SYNTHESIS] was killed by [WP_DOPAMINERGIC_NEUROGENESIS,WP_DOPAMINERGIC_NEUROGENESIS]
[WP_HEAD_AND_NECK_SQUAMOUS_CELL_CARCINOMA,WP_HEAD_AND_NECK_SQUAMOUS_CELL_CARCINOMA] was killed by [WP_RETINOBLASTOMA_GENE_IN_CANCER,WP_RETINOBLASTOMA_GENE_IN_CANCER]
[WP_SELECTIVE_EXPRESSION_OF_CHEMOKINE_RECEPTORS_DURING_TCELL_POLARIZATION,WP_SELECTIVE_EXPRESSION_OF_CHEMOKINE_RECEPTORS_DURING_TCELL_POLARIZATION] was killed by [WP_OVERVIEW_OF_INTERFERONSMEDIATED_SIGNALING_PATHWAY,WP_OVERVIEW_OF_INTERFERONSMEDIATED_SIGNALING_PATHWAY]
[WP_NUCLEOTIDE_METABOLISM,WP_NUCLEOTIDE_METABOLISM] was killed by [WP_RETINOBLASTOMA_GENE_IN_CANCER,WP_RETINOBLASTOMA_GENE_IN_CANCER]
[WP_BRAINDERIVED_NEUROTROPHIC_FACTOR_BDNF_SIGNALING_PATHWAY,WP_BRAINDERIVED_NEUROTROPHIC_FACTOR_BDNF_SIGNALING_PATHWAY] was killed by [WP_ALZHEIMERS_DISEASE,WP_ALZHEIMERS_DISEASE]
[WP_INHIBITION_OF_EXOSOME_BIOGENESIS_AND_SECRETION_BY_MANUMYCIN_A_IN_CRPC_CELLS,WP_INHIBITION_OF_EXOSOME_BIOGENESIS_AND_SECRETION_BY_MANUMYCIN_A_IN_CRPC_CELLS] was killed by [WP_EGFEGFR_SIGNALING_PATHWAY,WP_EGFEGFR_SIGNALING_PATHWAY]
[WP_PATHOGENIC_ESCHERICHIA_COLI_INFECTION,WP_PATHOGENIC_ESCHERICHIA_COLI_INFECTION] was killed by [WP_EGFEGFR_SIGNALING_PATHWAY,WP_EGFEGFR_SIGNALING_PATHWAY]
[WP_METAPATHWAY_BIOTRANSFORMATION_PHASE_I_AND_II,WP_METAPATHWAY_BIOTRANSFORMATION_PHASE_I_AND_II] was killed by [WP_MRNA_PROCESSING,WP_MRNA_PROCESSING]
[WP_NOTCH1_REGULATION_OF_HUMAN_ENDOTHELIAL_CELL_CALCIFICATION,WP_NOTCH1_REGULATION_OF_HUMAN_ENDOTHELIAL_CELL_CALCIFICATION] was killed by [WP_ROLE_OF_OSX_AND_MIRNAS_IN_TOOTH_DEVELOPMENT,WP_ROLE_OF_OSX_AND_MIRNAS_IN_TOOTH_DEVELOPMENT]
[WP_MECHANOREGULATION_AND_PATHOLOGY_OF_YAPTAZ_VIA_HIPPO_AND_NONHIPPO_MECHANISMS,WP_MECHANOREGULATION_AND_PATHOLOGY_OF_YAPTAZ_VIA_HIPPO_AND_NONHIPPO_MECHANISMS] was killed by [WP_EGFEGFR_SIGNALING_PATHWAY,WP_EGFEGFR_SIGNALING_PATHWAY]
[WP_SEROTONIN_RECEPTOR_2_AND_ELKSRFGATA4_SIGNALING,WP_SEROTONIN_RECEPTOR_2_AND_ELKSRFGATA4_SIGNALING] was killed by [WP_ALZHEIMERS_DISEASE,WP_ALZHEIMERS_DISEASE]
[WP_ENDOCHONDRAL_OSSIFICATION,WP_ENDOCHONDRAL_OSSIFICATION] was killed by [WP_ROLE_OF_OSX_AND_MIRNAS_IN_TOOTH_DEVELOPMENT,WP_ROLE_OF_OSX_AND_MIRNAS_IN_TOOTH_DEVELOPMENT]
[WP_ENDOCHONDRAL_OSSIFICATION_WITH_SKELETAL_DYSPLASIAS,WP_ENDOCHONDRAL_OSSIFICATION_WITH_SKELETAL_DYSPLASIAS] was killed by [WP_ROLE_OF_OSX_AND_MIRNAS_IN_TOOTH_DEVELOPMENT,WP_ROLE_OF_OSX_AND_MIRNAS_IN_TOOTH_DEVELOPMENT]
[WP_ATM_SIGNALING_PATHWAY,WP_ATM_SIGNALING_PATHWAY] was killed by [WP_RETINOBLASTOMA_GENE_IN_CANCER,WP_RETINOBLASTOMA_GENE_IN_CANCER]
[WP_LET7_INHIBITION_OF_ES_CELL_REPROGRAMMING,WP_LET7_INHIBITION_OF_ES_CELL_REPROGRAMMING] was killed by [WP_ROLE_OF_OSX_AND_MIRNAS_IN_TOOTH_DEVELOPMENT,WP_ROLE_OF_OSX_AND_MIRNAS_IN_TOOTH_DEVELOPMENT]
[WP_CHROMOSOMAL_AND_MICROSATELLITE_INSTABILITY_IN_COLORECTAL_CANCER,WP_CHROMOSOMAL_AND_MICROSATELLITE_INSTABILITY_IN_COLORECTAL_CANCER] was killed by [WP_RETINOBLASTOMA_GENE_IN_CANCER,WP_RETINOBLASTOMA_GENE_IN_CANCER]
[WP_PHOSPHODIESTERASES_IN_NEURONAL_FUNCTION,WP_PHOSPHODIESTERASES_IN_NEURONAL_FUNCTION] was killed by [WP_ALZHEIMERS_DISEASE,WP_ALZHEIMERS_DISEASE]
[WP_CHOLESTEROL_BIOSYNTHESIS_WITH_SKELETAL_DYSPLASIAS,WP_CHOLESTEROL_BIOSYNTHESIS_WITH_SKELETAL_DYSPLASIAS] was killed by [WP_CHOLESTEROL_BIOSYNTHESIS_PATHWAY,WP_CHOLESTEROL_BIOSYNTHESIS_PATHWAY]
[WP_HAIR_FOLLICLE_DEVELOPMENT_CYTODIFFERENTIATION_PART_3_OF_3,WP_HAIR_FOLLICLE_DEVELOPMENT_CYTODIFFERENTIATION_PART_3_OF_3] was killed by [WP_ROLE_OF_OSX_AND_MIRNAS_IN_TOOTH_DEVELOPMENT,WP_ROLE_OF_OSX_AND_MIRNAS_IN_TOOTH_DEVELOPMENT]
[WP_GENES_INVOLVED_IN_MALE_INFERTILITY,WP_GENES_INVOLVED_IN_MALE_INFERTILITY] was killed by [WP_ELECTRON_TRANSPORT_CHAIN_OXPHOS_SYSTEM_IN_MITOCHONDRIA,WP_ELECTRON_TRANSPORT_CHAIN_OXPHOS_SYSTEM_IN_MITOCHONDRIA]
[WP_TYPE_I_INTERFERON_INDUCTION_AND_SIGNALING_DURING_SARSCOV2_INFECTION,WP_TYPE_I_INTERFERON_INDUCTION_AND_SIGNALING_DURING_SARSCOV2_INFECTION] was killed by [WP_OVERVIEW_OF_INTERFERONSMEDIATED_SIGNALING_PATHWAY,WP_OVERVIEW_OF_INTERFERONSMEDIATED_SIGNALING_PATHWAY]
[WP_FAS_LIGAND_FASL_PATHWAY_AND_STRESS_INDUCTION_OF_HEAT_SHOCK_PROTEINS_HSP_REGULATION,WP_FAS_LIGAND_FASL_PATHWAY_AND_STRESS_INDUCTION_OF_HEAT_SHOCK_PROTEINS_HSP_REGULATION] was killed by [WP_ALZHEIMERS_DISEASE,WP_ALZHEIMERS_DISEASE]
[WP_DEVELOPMENT_OF_URETERIC_COLLECTION_SYSTEM,WP_DEVELOPMENT_OF_URETERIC_COLLECTION_SYSTEM] was killed by [WP_DOPAMINERGIC_NEUROGENESIS,WP_DOPAMINERGIC_NEUROGENESIS]
[WP_VITAMIN_D_IN_INFLAMMATORY_DISEASES,WP_VITAMIN_D_IN_INFLAMMATORY_DISEASES] was killed by [WP_ALZHEIMERS_DISEASE,WP_ALZHEIMERS_DISEASE]
[WP_IL5_SIGNALING_PATHWAY,WP_IL5_SIGNALING_PATHWAY] was killed by [WP_CYTOPLASMIC_RIBOSOMAL_PROTEINS,WP_CYTOPLASMIC_RIBOSOMAL_PROTEINS]
[WP_OVERVIEW_OF_LEUKOCYTEINTRINSIC_HIPPO_PATHWAY_FUNCTIONS,WP_OVERVIEW_OF_LEUKOCYTEINTRINSIC_HIPPO_PATHWAY_FUNCTIONS] was killed by [WP_EGFEGFR_SIGNALING_PATHWAY,WP_EGFEGFR_SIGNALING_PATHWAY]
[WP_NONGENOMIC_ACTIONS_OF_125_DIHYDROXYVITAMIN_D3,WP_NONGENOMIC_ACTIONS_OF_125_DIHYDROXYVITAMIN_D3] was killed by [WP_ALZHEIMERS_DISEASE,WP_ALZHEIMERS_DISEASE]
[WP_TYPE_III_INTERFERON_SIGNALING,WP_TYPE_III_INTERFERON_SIGNALING] was killed by [WP_OVERVIEW_OF_INTERFERONSMEDIATED_SIGNALING_PATHWAY,WP_OVERVIEW_OF_INTERFERONSMEDIATED_SIGNALING_PATHWAY]
[WP_LNCRNAMEDIATED_MECHANISMS_OF_THERAPEUTIC_RESISTANCE,WP_LNCRNAMEDIATED_MECHANISMS_OF_THERAPEUTIC_RESISTANCE] was killed by [WP_RETINOBLASTOMA_GENE_IN_CANCER,WP_RETINOBLASTOMA_GENE_IN_CANCER]
[WP_APOPTOSIS,WP_APOPTOSIS] was killed by [WP_ALZHEIMERS_DISEASE,WP_ALZHEIMERS_DISEASE]
[WP_AGERAGE_PATHWAY,WP_AGERAGE_PATHWAY] was killed by [WP_ALZHEIMERS_DISEASE,WP_ALZHEIMERS_DISEASE]
[WP_SIGNALING_OF_HEPATOCYTE_GROWTH_FACTOR_RECEPTOR,WP_SIGNALING_OF_HEPATOCYTE_GROWTH_FACTOR_RECEPTOR] was killed by [WP_EGFEGFR_SIGNALING_PATHWAY,WP_EGFEGFR_SIGNALING_PATHWAY]
[WP_NONSMALL_CELL_LUNG_CANCER,WP_NONSMALL_CELL_LUNG_CANCER] was killed by [WP_RETINOBLASTOMA_GENE_IN_CANCER,WP_RETINOBLASTOMA_GENE_IN_CANCER]
[WP_PRION_DISEASE_PATHWAY,WP_PRION_DISEASE_PATHWAY] was killed by [WP_ALZHEIMERS_DISEASE,WP_ALZHEIMERS_DISEASE]
[WP_MIRNA_REGULATION_OF_PROSTATE_CANCER_SIGNALING_PATHWAYS,WP_MIRNA_REGULATION_OF_PROSTATE_CANCER_SIGNALING_PATHWAYS] was killed by [WP_RETINOBLASTOMA_GENE_IN_CANCER,WP_RETINOBLASTOMA_GENE_IN_CANCER]
[WP_WNT_SIGNALING_PATHWAY_NETPATH,WP_WNT_SIGNALING_PATHWAY_NETPATH] was killed by [WP_EGFEGFR_SIGNALING_PATHWAY,WP_EGFEGFR_SIGNALING_PATHWAY]
[WP_NUCLEOTIDEBINDING_OLIGOMERIZATION_DOMAIN_NOD_PATHWAY,WP_NUCLEOTIDEBINDING_OLIGOMERIZATION_DOMAIN_NOD_PATHWAY] was killed by [WP_ALZHEIMERS_DISEASE,WP_ALZHEIMERS_DISEASE]
