Starting QoRTs v1.3.6 (Compiled Tue Sep 25 11:21:46 EDT 2018)
Starting time: (Wed Jan 26 09:59:12 PST 2022)
INPUT_COMMAND(QC)
  INPUT_ARG(infile)=bam/hl60_6h_t_1.sort.bam
  INPUT_ARG(gtffile)=/data_gilbert/home/aarab/genomes/hg38/gencode.v34/gencode.v34.annotation.gtf
  INPUT_ARG(outdir)=iso/rawCts/hl60_6h_t_1/
  INPUT_ARG(fr_secondStrand)=true
  INPUT_ARG(singleEnded)=true
  INPUT_ARG(nameSorted)=true
Created Log File: iso/rawCts/hl60_6h_t_1//QC.gBoyZspZq0AD.log
Warning: run-in-progress file "iso/rawCts/hl60_6h_t_1//QC.QORTS_RUNNING" already exists. Is there another QoRTs job running?
Starting QC
[Time: 2022-01-26 09:59:13] [Mem usage: [33MB / 2147MB]] [Elapsed Time: 00:00:00.0000]
Deleting old "QORTS_COMPLETED_OK" file.
QoRTs is Running in single-end mode.
Note: read-sorting is irrelevant in single-ended mode.
Running functions: CigarOpDistribution, GCDistribution, GeneCalcs, JunctionCalcs, NVC, 
        QualityScoreDistribution, StrandCheck, chromCounts, 
        cigarLocusCounts, readLengthDistro, writeBiotypeCounts, 
        writeClippedNVC, writeDESeq, writeDEXSeq, writeGeneBody, 
        writeGeneCounts, writeGenewiseGeneBody, 
        writeJunctionSeqCounts, writeKnownSplices, 
        writeNovelSplices, writeSpliceExon
Checking first 10000 reads. Checking SAM file for formatting errors...
Done checking first 10000 reads. WARNINGS FOUND!
SAMRecord Reader Generated. Read length: 51.
[Time: 2022-01-26 09:59:14] [Mem usage: [267MB / 2894MB]] [Elapsed Time: 00:00:01.0449]
Compiling flat feature annotation, internally in memory...
Internal flat feature annotation compiled!
QC Utilities Generated!
[Time: 2022-01-26 10:02:00] [Mem usage: [4983MB / 10GB]] [Elapsed Time: 00:02:47.0849]
..........[1000000 Read-Pairs processed] [Time: 2022-01-26 10:03:17] 
..........[2000000 Read-Pairs processed] [Time: 2022-01-26 10:04:00] 
..........[3000000 Read-Pairs processed] [Time: 2022-01-26 10:04:42] 
..........[4000000 Read-Pairs processed] [Time: 2022-01-26 10:05:22] 
..........[5000000 Read-Pairs processed] [Time: 2022-01-26 10:06:02] 
..........[6000000 Read-Pairs processed] [Time: 2022-01-26 10:06:42] 
..........[7000000 Read-Pairs processed] [Time: 2022-01-26 10:07:22] 
..........[8000000 Read-Pairs processed] [Time: 2022-01-26 10:08:02] 
..........[9000000 Read-Pairs processed] [Time: 2022-01-26 10:08:42] 
..........[10000000 Read-Pairs processed] [Time: 2022-01-26 10:09:22] 
..........[11000000 Read-Pairs processed] [Time: 2022-01-26 10:10:02] 
..........[12000000 Read-Pairs processed] [Time: 2022-01-26 10:10:42] 
..........[13000000 Read-Pairs processed] [Time: 2022-01-26 10:11:22] 
..........[14000000 Read-Pairs processed] [Time: 2022-01-26 10:12:02] 
..........[15000000 Read-Pairs processed] [Time: 2022-01-26 10:12:42] 
..........[16000000 Read-Pairs processed] [Time: 2022-01-26 10:13:22] 
..........[17000000 Read-Pairs processed] [Time: 2022-01-26 10:14:01] 
..........[18000000 Read-Pairs processed] [Time: 2022-01-26 10:14:41] 
Finished reading SAM. Read: 18074246 reads/read-pairs.
Finished reading SAM. Used: 14970783 reads/read-pairs.
[Time: 2022-01-26 10:14:44] [Mem usage: [14GB / 18GB]] [Elapsed Time: 00:15:31.0657]
> Read Stats:
>   READ_PAIR_OK                   14970783
>   TOTAL_READ_PAIRS               18074246
>   DROPPED_NOT_PROPER_PAIR        -1
>   DROPPED_READ_FAILS_VENDOR_QC   0
>   DROPPED_MARKED_NOT_VALID       0
>   DROPPED_CHROMS_MISMATCH        -1
>   DROPPED_PAIR_STRANDS_MISMATCH  -1
>   DROPPED_IGNORED_CHROMOSOME     0
>   DROPPED_NOT_UNIQUE_ALIGNMENT   3103463
>   DROPPED_NO_ALN_BLOCKS   0
>   DROPPED_NOT_MARKED_RG   -1
Pre-alignment read count unknown (Set --seqReadCt or --rawfastq)
Writing Output...
WARNING: The data appears to be STRANDED, following the fr_secondStrand rule.
         Are you sure this isn't stranded data? If it is stranded, then you should probably
         re-run QoRTs with the "--stranded" and "--stranded_fr_secondstrand" options!
QoRTs completed WITH WARNINGS! See log for details.
Done.
Time spent on setup:           00:02:47.0849
Time spent on SAM iteration:   00:12:43.0808
                               (0.7035793729191617 minutes per million read-pairs)
                               (0.8494323020156438 minutes per million read-pairs used)
Time spent on file output:     00:01:27.0742
Total runtime:                 00:16:59.0399
Done. (Wed Jan 26 10:16:12 PST 2022)
