Starting QoRTs v1.3.6 (Compiled Tue Sep 25 11:21:46 EDT 2018)
Starting time: (Wed Jan 26 08:56:18 PST 2022)
INPUT_COMMAND(QC)
  INPUT_ARG(infile)=bam/hl60_120h_t_2.sort.bam
  INPUT_ARG(gtffile)=/data_gilbert/home/aarab/genomes/hg38/gencode.v34/gencode.v34.annotation.gtf
  INPUT_ARG(outdir)=iso/rawCts/hl60_120h_t_2/
  INPUT_ARG(fr_secondStrand)=true
  INPUT_ARG(singleEnded)=true
  INPUT_ARG(nameSorted)=true
Created Log File: iso/rawCts/hl60_120h_t_2//QC.kqhzKwnvnAcm.log
Warning: run-in-progress file "iso/rawCts/hl60_120h_t_2//QC.QORTS_RUNNING" already exists. Is there another QoRTs job running?
Starting QC
[Time: 2022-01-26 08:56:19] [Mem usage: [31MB / 2147MB]] [Elapsed Time: 00:00:00.0000]
Deleting old "QORTS_COMPLETED_OK" file.
QoRTs is Running in single-end mode.
Note: read-sorting is irrelevant in single-ended mode.
Running functions: CigarOpDistribution, GCDistribution, GeneCalcs, JunctionCalcs, NVC, 
        QualityScoreDistribution, StrandCheck, chromCounts, 
        cigarLocusCounts, readLengthDistro, writeBiotypeCounts, 
        writeClippedNVC, writeDESeq, writeDEXSeq, writeGeneBody, 
        writeGeneCounts, writeGenewiseGeneBody, 
        writeJunctionSeqCounts, writeKnownSplices, 
        writeNovelSplices, writeSpliceExon
Checking first 10000 reads. Checking SAM file for formatting errors...
Done checking first 10000 reads. WARNINGS FOUND!
SAMRecord Reader Generated. Read length: 51.
[Time: 2022-01-26 08:56:20] [Mem usage: [355MB / 2793MB]] [Elapsed Time: 00:00:01.0663]
Compiling flat feature annotation, internally in memory...
Internal flat feature annotation compiled!
QC Utilities Generated!
[Time: 2022-01-26 08:59:08] [Mem usage: [2970MB / 8GB]] [Elapsed Time: 00:02:49.0714]
..........[1000000 Read-Pairs processed] [Time: 2022-01-26 09:00:14] 
..........[2000000 Read-Pairs processed] [Time: 2022-01-26 09:00:45] 
..........[3000000 Read-Pairs processed] [Time: 2022-01-26 09:01:17] 
..........[4000000 Read-Pairs processed] [Time: 2022-01-26 09:01:49] 
..........[5000000 Read-Pairs processed] [Time: 2022-01-26 09:02:20] 
..........[6000000 Read-Pairs processed] [Time: 2022-01-26 09:02:51] 
..........[7000000 Read-Pairs processed] [Time: 2022-01-26 09:03:23] 
..........[8000000 Read-Pairs processed] [Time: 2022-01-26 09:03:55] 
..........[9000000 Read-Pairs processed] [Time: 2022-01-26 09:04:26] 
..........[10000000 Read-Pairs processed] [Time: 2022-01-26 09:04:59] 
..........[11000000 Read-Pairs processed] [Time: 2022-01-26 09:05:31] 
..........[12000000 Read-Pairs processed] [Time: 2022-01-26 09:06:02] 
..........[13000000 Read-Pairs processed] [Time: 2022-01-26 09:06:34] 
..........[14000000 Read-Pairs processed] [Time: 2022-01-26 09:07:06] 
..........[15000000 Read-Pairs processed] [Time: 2022-01-26 09:07:37] 
..........[16000000 Read-Pairs processed] [Time: 2022-01-26 09:08:09] 
..........[17000000 Read-Pairs processed] [Time: 2022-01-26 09:08:40] 
..........[18000000 Read-Pairs processed] [Time: 2022-01-26 09:09:12] 
..........[19000000 Read-Pairs processed] [Time: 2022-01-26 09:09:44] 
..........[20000000 Read-Pairs processed] [Time: 2022-01-26 09:10:15] 
..........[21000000 Read-Pairs processed] [Time: 2022-01-26 09:10:47] 
..........[22000000 Read-Pairs processed] [Time: 2022-01-26 09:11:19] 
..........[23000000 Read-Pairs processed] [Time: 2022-01-26 09:11:50] 
..........[24000000 Read-Pairs processed] [Time: 2022-01-26 09:12:21] 
..........[25000000 Read-Pairs processed] [Time: 2022-01-26 09:12:53] 
..........[26000000 Read-Pairs processed] [Time: 2022-01-26 09:13:24] 
..........[27000000 Read-Pairs processed] [Time: 2022-01-26 09:13:55] 
..........[28000000 Read-Pairs processed] [Time: 2022-01-26 09:14:27] 
..........[29000000 Read-Pairs processed] [Time: 2022-01-26 09:14:59] 
..........[30000000 Read-Pairs processed] [Time: 2022-01-26 09:15:31] 
...
Finished reading SAM. Read: 30372425 reads/read-pairs.
Finished reading SAM. Used: 18524687 reads/read-pairs.
[Time: 2022-01-26 09:15:43] [Mem usage: [7GB / 12GB]] [Elapsed Time: 00:19:24.0434]
> Read Stats:
>   READ_PAIR_OK                   18524687
>   TOTAL_READ_PAIRS               30372425
>   DROPPED_NOT_PROPER_PAIR        -1
>   DROPPED_READ_FAILS_VENDOR_QC   0
>   DROPPED_MARKED_NOT_VALID       0
>   DROPPED_CHROMS_MISMATCH        -1
>   DROPPED_PAIR_STRANDS_MISMATCH  -1
>   DROPPED_IGNORED_CHROMOSOME     0
>   DROPPED_NOT_UNIQUE_ALIGNMENT   11847738
>   DROPPED_NO_ALN_BLOCKS   0
>   DROPPED_NOT_MARKED_RG   -1
Pre-alignment read count unknown (Set --seqReadCt or --rawfastq)
Writing Output...
WARNING: The data appears to be STRANDED, following the fr_secondStrand rule.
         Are you sure this isn't stranded data? If it is stranded, then you should probably
         re-run QoRTs with the "--stranded" and "--stranded_fr_secondstrand" options!
QoRTs completed WITH WARNINGS! See log for details.
Done.
Time spent on setup:           00:02:49.0714
Time spent on SAM iteration:   00:16:34.0720
                               (0.545450903794039 minutes per million read-pairs)
                               (0.8943021097558446 minutes per million read-pairs used)
Time spent on file output:     00:01:32.0200
Total runtime:                 00:20:56.0634
Done. (Wed Jan 26 09:17:15 PST 2022)
