Starting QoRTs v1.3.6 (Compiled Tue Sep 25 11:21:46 EDT 2018)
Starting time: (Wed Jan 26 13:07:15 PST 2022)
INPUT_COMMAND(QC)
  INPUT_ARG(infile)=bam/kg1_t_1.sort.bam
  INPUT_ARG(gtffile)=/data_gilbert/home/aarab/genomes/hg38/gencode.v34/gencode.v34.annotation.gtf
  INPUT_ARG(outdir)=iso/rawCts/kg1_t_1/
  INPUT_ARG(fr_secondStrand)=true
  INPUT_ARG(singleEnded)=true
  INPUT_ARG(nameSorted)=true
Created Log File: iso/rawCts/kg1_t_1//QC.E9rq0GnmQkiV.log
Warning: run-in-progress file "iso/rawCts/kg1_t_1//QC.QORTS_RUNNING" already exists. Is there another QoRTs job running?
Starting QC
[Time: 2022-01-26 13:07:15] [Mem usage: [33MB / 2147MB]] [Elapsed Time: 00:00:00.0000]
Deleting old "QORTS_COMPLETED_OK" file.
QoRTs is Running in single-end mode.
Note: read-sorting is irrelevant in single-ended mode.
Running functions: CigarOpDistribution, GCDistribution, GeneCalcs, JunctionCalcs, NVC, 
        QualityScoreDistribution, StrandCheck, chromCounts, 
        cigarLocusCounts, readLengthDistro, writeBiotypeCounts, 
        writeClippedNVC, writeDESeq, writeDEXSeq, writeGeneBody, 
        writeGeneCounts, writeGenewiseGeneBody, 
        writeJunctionSeqCounts, writeKnownSplices, 
        writeNovelSplices, writeSpliceExon
Checking first 10000 reads. Checking SAM file for formatting errors...
Done checking first 10000 reads. WARNINGS FOUND!
SAMRecord Reader Generated. Read length: 51.
[Time: 2022-01-26 13:07:16] [Mem usage: [376MB / 2894MB]] [Elapsed Time: 00:00:01.0326]
Compiling flat feature annotation, internally in memory...
Internal flat feature annotation compiled!
QC Utilities Generated!
[Time: 2022-01-26 13:10:07] [Mem usage: [4914MB / 10GB]] [Elapsed Time: 00:02:52.0038]
..........[1000000 Read-Pairs processed] [Time: 2022-01-26 13:11:19] 
..........[2000000 Read-Pairs processed] [Time: 2022-01-26 13:11:58] 
..........[3000000 Read-Pairs processed] [Time: 2022-01-26 13:12:32] 
..........[4000000 Read-Pairs processed] [Time: 2022-01-26 13:13:05] 
..........[5000000 Read-Pairs processed] [Time: 2022-01-26 13:13:39] 
..........[6000000 Read-Pairs processed] [Time: 2022-01-26 13:14:14] 
..........[7000000 Read-Pairs processed] [Time: 2022-01-26 13:14:48] 
..........[8000000 Read-Pairs processed] [Time: 2022-01-26 13:15:21] 
..........[9000000 Read-Pairs processed] [Time: 2022-01-26 13:15:54] 
..........[10000000 Read-Pairs processed] [Time: 2022-01-26 13:16:27] 
..........[11000000 Read-Pairs processed] [Time: 2022-01-26 13:17:01] 
..........[12000000 Read-Pairs processed] [Time: 2022-01-26 13:17:34] 
..........[13000000 Read-Pairs processed] [Time: 2022-01-26 13:18:09] 
..........[14000000 Read-Pairs processed] [Time: 2022-01-26 13:18:44] 
..........[15000000 Read-Pairs processed] [Time: 2022-01-26 13:19:20] 
..........[16000000 Read-Pairs processed] [Time: 2022-01-26 13:19:54] 
..........[17000000 Read-Pairs processed] [Time: 2022-01-26 13:20:29] 
..........[18000000 Read-Pairs processed] [Time: 2022-01-26 13:21:03] 
..........[19000000 Read-Pairs processed] [Time: 2022-01-26 13:21:40] 
..........[20000000 Read-Pairs processed] [Time: 2022-01-26 13:22:15] 
..........[21000000 Read-Pairs processed] [Time: 2022-01-26 13:22:49] 
..........[22000000 Read-Pairs processed] [Time: 2022-01-26 13:23:24] 
..........[23000000 Read-Pairs processed] [Time: 2022-01-26 13:23:58] 
..........[24000000 Read-Pairs processed] [Time: 2022-01-26 13:24:32] 
..........[25000000 Read-Pairs processed] [Time: 2022-01-26 13:25:07] 
..........[26000000 Read-Pairs processed] [Time: 2022-01-26 13:25:41] 
..........[27000000 Read-Pairs processed] [Time: 2022-01-26 13:26:17] 
..........[28000000 Read-Pairs processed] [Time: 2022-01-26 13:26:52] 
..........[29000000 Read-Pairs processed] [Time: 2022-01-26 13:27:28] 
..........[30000000 Read-Pairs processed] [Time: 2022-01-26 13:28:03] 
..........[31000000 Read-Pairs processed] [Time: 2022-01-26 13:28:37] 
..........[32000000 Read-Pairs processed] [Time: 2022-01-26 13:29:11] 
..........[33000000 Read-Pairs processed] [Time: 2022-01-26 13:29:46] 
..........[34000000 Read-Pairs processed] [Time: 2022-01-26 13:30:20] 
....
Finished reading SAM. Read: 34494469 reads/read-pairs.
Finished reading SAM. Used: 24904295 reads/read-pairs.
[Time: 2022-01-26 13:30:37] [Mem usage: [7GB / 13GB]] [Elapsed Time: 00:23:21.0936]
> Read Stats:
>   READ_PAIR_OK                   24904295
>   TOTAL_READ_PAIRS               34494469
>   DROPPED_NOT_PROPER_PAIR        -1
>   DROPPED_READ_FAILS_VENDOR_QC   0
>   DROPPED_MARKED_NOT_VALID       0
>   DROPPED_CHROMS_MISMATCH        -1
>   DROPPED_PAIR_STRANDS_MISMATCH  -1
>   DROPPED_IGNORED_CHROMOSOME     0
>   DROPPED_NOT_UNIQUE_ALIGNMENT   9590174
>   DROPPED_NO_ALN_BLOCKS   0
>   DROPPED_NOT_MARKED_RG   -1
Pre-alignment read count unknown (Set --seqReadCt or --rawfastq)
Writing Output...
WARNING: The data appears to be STRANDED, following the fr_secondStrand rule.
         Are you sure this isn't stranded data? If it is stranded, then you should probably
         re-run QoRTs with the "--stranded" and "--stranded_fr_secondstrand" options!
QoRTs completed WITH WARNINGS! See log for details.
Done.
Time spent on setup:           00:02:52.0038
Time spent on SAM iteration:   00:20:29.0898
                               (0.5938150064966454 minutes per million read-pairs)
                               (0.8224819587678885 minutes per million read-pairs used)
Time spent on file output:     00:01:35.0325
Total runtime:                 00:24:57.0261
Done. (Wed Jan 26 13:32:12 PST 2022)
