Starting QoRTs v1.3.6 (Compiled Tue Sep 25 11:21:46 EDT 2018)
Starting time: (Wed Jan 26 14:36:24 PST 2022)
INPUT_COMMAND(QC)
  INPUT_ARG(infile)=bam/kg1_u_3.sort.bam
  INPUT_ARG(gtffile)=/data_gilbert/home/aarab/genomes/hg38/gencode.v34/gencode.v34.annotation.gtf
  INPUT_ARG(outdir)=iso/rawCts/kg1_u_3/
  INPUT_ARG(fr_secondStrand)=true
  INPUT_ARG(singleEnded)=true
  INPUT_ARG(nameSorted)=true
Created Log File: iso/rawCts/kg1_u_3//QC.PKvJRK91fPGI.log
Warning: run-in-progress file "iso/rawCts/kg1_u_3//QC.QORTS_RUNNING" already exists. Is there another QoRTs job running?
Starting QC
[Time: 2022-01-26 14:36:24] [Mem usage: [37MB / 2147MB]] [Elapsed Time: 00:00:00.0000]
Deleting old "QORTS_COMPLETED_OK" file.
QoRTs is Running in single-end mode.
Note: read-sorting is irrelevant in single-ended mode.
Running functions: CigarOpDistribution, GCDistribution, GeneCalcs, JunctionCalcs, NVC, 
        QualityScoreDistribution, StrandCheck, chromCounts, 
        cigarLocusCounts, readLengthDistro, writeBiotypeCounts, 
        writeClippedNVC, writeDESeq, writeDEXSeq, writeGeneBody, 
        writeGeneCounts, writeGenewiseGeneBody, 
        writeJunctionSeqCounts, writeKnownSplices, 
        writeNovelSplices, writeSpliceExon
Checking first 10000 reads. Checking SAM file for formatting errors...
Done checking first 10000 reads. WARNINGS FOUND!
SAMRecord Reader Generated. Read length: 51.
[Time: 2022-01-26 14:36:26] [Mem usage: [347MB / 2701MB]] [Elapsed Time: 00:00:01.0350]
Compiling flat feature annotation, internally in memory...
Internal flat feature annotation compiled!
QC Utilities Generated!
[Time: 2022-01-26 14:39:12] [Mem usage: [4217MB / 8GB]] [Elapsed Time: 00:02:47.0891]
..........[1000000 Read-Pairs processed] [Time: 2022-01-26 14:40:27] 
..........[2000000 Read-Pairs processed] [Time: 2022-01-26 14:41:11] 
..........[3000000 Read-Pairs processed] [Time: 2022-01-26 14:41:48] 
..........[4000000 Read-Pairs processed] [Time: 2022-01-26 14:42:23] 
..........[5000000 Read-Pairs processed] [Time: 2022-01-26 14:42:59] 
..........[6000000 Read-Pairs processed] [Time: 2022-01-26 14:43:34] 
..........[7000000 Read-Pairs processed] [Time: 2022-01-26 14:44:12] 
..........[8000000 Read-Pairs processed] [Time: 2022-01-26 14:44:49] 
..........[9000000 Read-Pairs processed] [Time: 2022-01-26 14:45:27] 
..........[10000000 Read-Pairs processed] [Time: 2022-01-26 14:46:04] 
..........[11000000 Read-Pairs processed] [Time: 2022-01-26 14:46:41] 
..........[12000000 Read-Pairs processed] [Time: 2022-01-26 14:47:17] 
..........[13000000 Read-Pairs processed] [Time: 2022-01-26 14:47:54] 
..........[14000000 Read-Pairs processed] [Time: 2022-01-26 14:48:31] 
..........[15000000 Read-Pairs processed] [Time: 2022-01-26 14:49:07] 
..........[16000000 Read-Pairs processed] [Time: 2022-01-26 14:49:42] 
..........[17000000 Read-Pairs processed] [Time: 2022-01-26 14:50:19] 
..........[18000000 Read-Pairs processed] [Time: 2022-01-26 14:50:54] 
..........[19000000 Read-Pairs processed] [Time: 2022-01-26 14:51:30] 
..........[20000000 Read-Pairs processed] [Time: 2022-01-26 14:52:05] 
..........[21000000 Read-Pairs processed] [Time: 2022-01-26 14:52:40] 
..........[22000000 Read-Pairs processed] [Time: 2022-01-26 14:53:15] 
..........[23000000 Read-Pairs processed] [Time: 2022-01-26 14:53:51] 
..........[24000000 Read-Pairs processed] [Time: 2022-01-26 14:54:26] 
..........[25000000 Read-Pairs processed] [Time: 2022-01-26 14:55:02] 
..........[26000000 Read-Pairs processed] [Time: 2022-01-26 14:55:37] 
..........[27000000 Read-Pairs processed] [Time: 2022-01-26 14:56:13] 
..........[28000000 Read-Pairs processed] [Time: 2022-01-26 14:56:48] 
..........[29000000 Read-Pairs processed] [Time: 2022-01-26 14:57:24] 
..........[30000000 Read-Pairs processed] [Time: 2022-01-26 14:58:00] 
..........[31000000 Read-Pairs processed] [Time: 2022-01-26 14:58:36] 
..........[32000000 Read-Pairs processed] [Time: 2022-01-26 14:59:13] 
..........[33000000 Read-Pairs processed] [Time: 2022-01-26 14:59:49] 
..........[34000000 Read-Pairs processed] [Time: 2022-01-26 15:00:28] 
..........[35000000 Read-Pairs processed] [Time: 2022-01-26 15:01:04] 
..........[36000000 Read-Pairs processed] [Time: 2022-01-26 15:01:41] 
..........[37000000 Read-Pairs processed] [Time: 2022-01-26 15:02:17] 
..........[38000000 Read-Pairs processed] [Time: 2022-01-26 15:02:52] 
..........[39000000 Read-Pairs processed] [Time: 2022-01-26 15:03:27] 
..........[40000000 Read-Pairs processed] [Time: 2022-01-26 15:04:03] 
..........[41000000 Read-Pairs processed] [Time: 2022-01-26 15:04:38] 
..........[42000000 Read-Pairs processed] [Time: 2022-01-26 15:05:13] 
..........[43000000 Read-Pairs processed] [Time: 2022-01-26 15:05:48] 
..........[44000000 Read-Pairs processed] [Time: 2022-01-26 15:06:24] 
..........[45000000 Read-Pairs processed] [Time: 2022-01-26 15:06:59] 
..........[46000000 Read-Pairs processed] [Time: 2022-01-26 15:07:35] 
..........[47000000 Read-Pairs processed] [Time: 2022-01-26 15:08:10] 
.....
Finished reading SAM. Read: 47572326 reads/read-pairs.
Finished reading SAM. Used: 35227885 reads/read-pairs.
[Time: 2022-01-26 15:08:30] [Mem usage: [4917MB / 12GB]] [Elapsed Time: 00:32:06.0008]
> Read Stats:
>   READ_PAIR_OK                   35227885
>   TOTAL_READ_PAIRS               47572326
>   DROPPED_NOT_PROPER_PAIR        -1
>   DROPPED_READ_FAILS_VENDOR_QC   0
>   DROPPED_MARKED_NOT_VALID       0
>   DROPPED_CHROMS_MISMATCH        -1
>   DROPPED_PAIR_STRANDS_MISMATCH  -1
>   DROPPED_IGNORED_CHROMOSOME     0
>   DROPPED_NOT_UNIQUE_ALIGNMENT   12344441
>   DROPPED_NO_ALN_BLOCKS   0
>   DROPPED_NOT_MARKED_RG   -1
Pre-alignment read count unknown (Set --seqReadCt or --rawfastq)
Writing Output...
WARNING: The data appears to be STRANDED, following the fr_secondStrand rule.
         Are you sure this isn't stranded data? If it is stranded, then you should probably
         re-run QoRTs with the "--stranded" and "--stranded_fr_secondstrand" options!
QoRTs completed WITH WARNINGS! See log for details.
Done.
Time spent on setup:           00:02:47.0891
Time spent on SAM iteration:   00:29:18.0117
                               (0.615904296964584 minutes per million read-pairs)
                               (0.8317274795236784 minutes per million read-pairs used)
Time spent on file output:     00:01:34.0450
Total runtime:                 00:33:40.0458
Done. (Wed Jan 26 15:10:05 PST 2022)
