Starting QoRTs v1.3.6 (Compiled Tue Sep 25 11:21:46 EDT 2018)
Starting time: (Wed Jan 26 15:10:06 PST 2022)
INPUT_COMMAND(QC)
  INPUT_ARG(infile)=bam/molm14_t_1.sort.bam
  INPUT_ARG(gtffile)=/data_gilbert/home/aarab/genomes/hg38/gencode.v34/gencode.v34.annotation.gtf
  INPUT_ARG(outdir)=iso/rawCts/molm14_t_1/
  INPUT_ARG(fr_secondStrand)=true
  INPUT_ARG(singleEnded)=true
  INPUT_ARG(nameSorted)=true
Created Log File: iso/rawCts/molm14_t_1//QC.hgiN66Obt59X.log
Warning: run-in-progress file "iso/rawCts/molm14_t_1//QC.QORTS_RUNNING" already exists. Is there another QoRTs job running?
Starting QC
[Time: 2022-01-26 15:10:06] [Mem usage: [31MB / 2147MB]] [Elapsed Time: 00:00:00.0000]
Deleting old "QORTS_COMPLETED_OK" file.
QoRTs is Running in single-end mode.
Note: read-sorting is irrelevant in single-ended mode.
Running functions: CigarOpDistribution, GCDistribution, GeneCalcs, JunctionCalcs, NVC, 
        QualityScoreDistribution, StrandCheck, chromCounts, 
        cigarLocusCounts, readLengthDistro, writeBiotypeCounts, 
        writeClippedNVC, writeDESeq, writeDEXSeq, writeGeneBody, 
        writeGeneCounts, writeGenewiseGeneBody, 
        writeJunctionSeqCounts, writeKnownSplices, 
        writeNovelSplices, writeSpliceExon
Checking first 10000 reads. Checking SAM file for formatting errors...
Done checking first 10000 reads. WARNINGS FOUND!
SAMRecord Reader Generated. Read length: 51.
[Time: 2022-01-26 15:10:07] [Mem usage: [422MB / 2600MB]] [Elapsed Time: 00:00:01.0401]
Compiling flat feature annotation, internally in memory...
Internal flat feature annotation compiled!
QC Utilities Generated!
[Time: 2022-01-26 15:12:48] [Mem usage: [4777MB / 9GB]] [Elapsed Time: 00:02:42.0309]
..........[1000000 Read-Pairs processed] [Time: 2022-01-26 15:13:56] 
..........[2000000 Read-Pairs processed] [Time: 2022-01-26 15:14:32] 
..........[3000000 Read-Pairs processed] [Time: 2022-01-26 15:15:06] 
..........[4000000 Read-Pairs processed] [Time: 2022-01-26 15:15:41] 
..........[5000000 Read-Pairs processed] [Time: 2022-01-26 15:16:15] 
..........[6000000 Read-Pairs processed] [Time: 2022-01-26 15:16:49] 
..........[7000000 Read-Pairs processed] [Time: 2022-01-26 15:17:22] 
..........[8000000 Read-Pairs processed] [Time: 2022-01-26 15:17:56] 
..........[9000000 Read-Pairs processed] [Time: 2022-01-26 15:18:31] 
..........[10000000 Read-Pairs processed] [Time: 2022-01-26 15:19:06] 
..........[11000000 Read-Pairs processed] [Time: 2022-01-26 15:19:41] 
..........[12000000 Read-Pairs processed] [Time: 2022-01-26 15:20:16] 
..........[13000000 Read-Pairs processed] [Time: 2022-01-26 15:20:51] 
..........[14000000 Read-Pairs processed] [Time: 2022-01-26 15:21:26] 
..........[15000000 Read-Pairs processed] [Time: 2022-01-26 15:22:01] 
..........[16000000 Read-Pairs processed] [Time: 2022-01-26 15:22:36] 
..........[17000000 Read-Pairs processed] [Time: 2022-01-26 15:23:11] 
..........[18000000 Read-Pairs processed] [Time: 2022-01-26 15:23:46] 
..........[19000000 Read-Pairs processed] [Time: 2022-01-26 15:24:20] 
..........[20000000 Read-Pairs processed] [Time: 2022-01-26 15:24:55] 
..........[21000000 Read-Pairs processed] [Time: 2022-01-26 15:25:30] 
..........[22000000 Read-Pairs processed] [Time: 2022-01-26 15:26:05] 
.......
Finished reading SAM. Read: 22725426 reads/read-pairs.
Finished reading SAM. Used: 16038458 reads/read-pairs.
[Time: 2022-01-26 15:26:30] [Mem usage: [8GB / 14GB]] [Elapsed Time: 00:16:23.0999]
> Read Stats:
>   READ_PAIR_OK                   16038458
>   TOTAL_READ_PAIRS               22725426
>   DROPPED_NOT_PROPER_PAIR        -1
>   DROPPED_READ_FAILS_VENDOR_QC   0
>   DROPPED_MARKED_NOT_VALID       0
>   DROPPED_CHROMS_MISMATCH        -1
>   DROPPED_PAIR_STRANDS_MISMATCH  -1
>   DROPPED_IGNORED_CHROMOSOME     0
>   DROPPED_NOT_UNIQUE_ALIGNMENT   6686968
>   DROPPED_NO_ALN_BLOCKS   0
>   DROPPED_NOT_MARKED_RG   -1
Pre-alignment read count unknown (Set --seqReadCt or --rawfastq)
Writing Output...
WARNING: The data appears to be STRANDED, following the fr_secondStrand rule.
         Are you sure this isn't stranded data? If it is stranded, then you should probably
         re-run QoRTs with the "--stranded" and "--stranded_fr_secondstrand" options!
QoRTs completed WITH WARNINGS! See log for details.
Done.
Time spent on setup:           00:02:42.0309
Time spent on SAM iteration:   00:13:41.0690
                               (0.6021155921712241 minutes per million read-pairs)
                               (0.853157662247414 minutes per million read-pairs used)
Time spent on file output:     00:01:26.0887
Total runtime:                 00:17:50.0886
Done. (Wed Jan 26 15:27:57 PST 2022)
