Starting QoRTs v1.3.6 (Compiled Tue Sep 25 11:21:46 EDT 2018)
Starting time: (Wed Jan 26 18:06:06 PST 2022)
INPUT_COMMAND(QC)
  INPUT_ARG(infile)=bam/ociaml2_u_3.sort.bam
  INPUT_ARG(gtffile)=/data_gilbert/home/aarab/genomes/hg38/gencode.v34/gencode.v34.annotation.gtf
  INPUT_ARG(outdir)=iso/rawCts/ociaml2_u_3/
  INPUT_ARG(fr_secondStrand)=true
  INPUT_ARG(singleEnded)=true
  INPUT_ARG(nameSorted)=true
Created Log File: iso/rawCts/ociaml2_u_3//QC.2X8MxRaLwtmC.log
Warning: run-in-progress file "iso/rawCts/ociaml2_u_3//QC.QORTS_RUNNING" already exists. Is there another QoRTs job running?
Starting QC
[Time: 2022-01-26 18:06:06] [Mem usage: [37MB / 2147MB]] [Elapsed Time: 00:00:00.0000]
Deleting old "QORTS_COMPLETED_OK" file.
QoRTs is Running in single-end mode.
Note: read-sorting is irrelevant in single-ended mode.
Running functions: CigarOpDistribution, GCDistribution, GeneCalcs, JunctionCalcs, NVC, 
        QualityScoreDistribution, StrandCheck, chromCounts, 
        cigarLocusCounts, readLengthDistro, writeBiotypeCounts, 
        writeClippedNVC, writeDESeq, writeDEXSeq, writeGeneBody, 
        writeGeneCounts, writeGenewiseGeneBody, 
        writeJunctionSeqCounts, writeKnownSplices, 
        writeNovelSplices, writeSpliceExon
Checking first 10000 reads. Checking SAM file for formatting errors...
Done checking first 10000 reads. WARNINGS FOUND!
SAMRecord Reader Generated. Read length: 51.
[Time: 2022-01-26 18:06:08] [Mem usage: [359MB / 2751MB]] [Elapsed Time: 00:00:01.0489]
Compiling flat feature annotation, internally in memory...
Internal flat feature annotation compiled!
QC Utilities Generated!
[Time: 2022-01-26 18:09:01] [Mem usage: [2950MB / 13GB]] [Elapsed Time: 00:02:54.0566]
..........[1000000 Read-Pairs processed] [Time: 2022-01-26 18:10:14] 
..........[2000000 Read-Pairs processed] [Time: 2022-01-26 18:10:52] 
..........[3000000 Read-Pairs processed] [Time: 2022-01-26 18:11:29] 
..........[4000000 Read-Pairs processed] [Time: 2022-01-26 18:12:07] 
..........[5000000 Read-Pairs processed] [Time: 2022-01-26 18:12:44] 
..........[6000000 Read-Pairs processed] [Time: 2022-01-26 18:13:23] 
..........[7000000 Read-Pairs processed] [Time: 2022-01-26 18:14:00] 
..........[8000000 Read-Pairs processed] [Time: 2022-01-26 18:14:37] 
..........[9000000 Read-Pairs processed] [Time: 2022-01-26 18:15:15] 
..........[10000000 Read-Pairs processed] [Time: 2022-01-26 18:15:53] 
..........[11000000 Read-Pairs processed] [Time: 2022-01-26 18:16:30] 
..........[12000000 Read-Pairs processed] [Time: 2022-01-26 18:17:08] 
..........[13000000 Read-Pairs processed] [Time: 2022-01-26 18:17:45] 
..........[14000000 Read-Pairs processed] [Time: 2022-01-26 18:18:23] 
..........[15000000 Read-Pairs processed] [Time: 2022-01-26 18:19:01] 
..........[16000000 Read-Pairs processed] [Time: 2022-01-26 18:19:39] 
..........[17000000 Read-Pairs processed] [Time: 2022-01-26 18:20:17] 
..........[18000000 Read-Pairs processed] [Time: 2022-01-26 18:20:54] 
..........[19000000 Read-Pairs processed] [Time: 2022-01-26 18:21:32] 
..........[20000000 Read-Pairs processed] [Time: 2022-01-26 18:22:10] 
..........[21000000 Read-Pairs processed] [Time: 2022-01-26 18:22:47] 
..........[22000000 Read-Pairs processed] [Time: 2022-01-26 18:23:25] 
..........[23000000 Read-Pairs processed] [Time: 2022-01-26 18:24:03] 
..........[24000000 Read-Pairs processed] [Time: 2022-01-26 18:24:40] 
..........[25000000 Read-Pairs processed] [Time: 2022-01-26 18:25:18] 
..........[26000000 Read-Pairs processed] [Time: 2022-01-26 18:25:56] 
..........[27000000 Read-Pairs processed] [Time: 2022-01-26 18:26:34] 
..........[28000000 Read-Pairs processed] [Time: 2022-01-26 18:27:12] 
..........[29000000 Read-Pairs processed] [Time: 2022-01-26 18:27:49] 
..........[30000000 Read-Pairs processed] [Time: 2022-01-26 18:28:26] 
..........[31000000 Read-Pairs processed] [Time: 2022-01-26 18:29:04] 
.......
Finished reading SAM. Read: 31710146 reads/read-pairs.
Finished reading SAM. Used: 24342771 reads/read-pairs.
[Time: 2022-01-26 18:29:31] [Mem usage: [4664MB / 13GB]] [Elapsed Time: 00:23:24.0080]
> Read Stats:
>   READ_PAIR_OK                   24342771
>   TOTAL_READ_PAIRS               31710146
>   DROPPED_NOT_PROPER_PAIR        -1
>   DROPPED_READ_FAILS_VENDOR_QC   0
>   DROPPED_MARKED_NOT_VALID       0
>   DROPPED_CHROMS_MISMATCH        -1
>   DROPPED_PAIR_STRANDS_MISMATCH  -1
>   DROPPED_IGNORED_CHROMOSOME     0
>   DROPPED_NOT_UNIQUE_ALIGNMENT   7367375
>   DROPPED_NO_ALN_BLOCKS   0
>   DROPPED_NOT_MARKED_RG   -1
Pre-alignment read count unknown (Set --seqReadCt or --rawfastq)
Writing Output...
WARNING: The data appears to be STRANDED, following the fr_secondStrand rule.
         Are you sure this isn't stranded data? If it is stranded, then you should probably
         re-run QoRTs with the "--stranded" and "--stranded_fr_secondstrand" options!
QoRTs completed WITH WARNINGS! See log for details.
Done.
Time spent on setup:           00:02:54.0567
Time spent on SAM iteration:   00:20:29.0513
                               (0.6459551883909123 minutes per million read-pairs)
                               (0.8414544643801372 minutes per million read-pairs used)
Time spent on file output:     00:01:32.0951
Total runtime:                 00:24:57.0031
Done. (Wed Jan 26 18:31:03 PST 2022)
