Starting QoRTs v1.3.6 (Compiled Tue Sep 25 11:21:46 EDT 2018)
Starting time: (Wed Jan 26 17:41:24 PST 2022)
INPUT_COMMAND(QC)
  INPUT_ARG(infile)=bam/ociaml2_u_1.sort.bam
  INPUT_ARG(gtffile)=/data_gilbert/home/aarab/genomes/hg38/gencode.v34/gencode.v34.annotation.gtf
  INPUT_ARG(outdir)=iso/rawCts/ociaml2_u_1/
  INPUT_ARG(fr_secondStrand)=true
  INPUT_ARG(singleEnded)=true
  INPUT_ARG(nameSorted)=true
Created Log File: iso/rawCts/ociaml2_u_1//QC.DHtohOr2WCCn.log
Warning: run-in-progress file "iso/rawCts/ociaml2_u_1//QC.QORTS_RUNNING" already exists. Is there another QoRTs job running?
Starting QC
[Time: 2022-01-26 17:41:24] [Mem usage: [33MB / 2147MB]] [Elapsed Time: 00:00:00.0000]
Deleting old "QORTS_COMPLETED_OK" file.
QoRTs is Running in single-end mode.
Note: read-sorting is irrelevant in single-ended mode.
Running functions: CigarOpDistribution, GCDistribution, GeneCalcs, JunctionCalcs, NVC, 
        QualityScoreDistribution, StrandCheck, chromCounts, 
        cigarLocusCounts, readLengthDistro, writeBiotypeCounts, 
        writeClippedNVC, writeDESeq, writeDEXSeq, writeGeneBody, 
        writeGeneCounts, writeGenewiseGeneBody, 
        writeJunctionSeqCounts, writeKnownSplices, 
        writeNovelSplices, writeSpliceExon
Checking first 10000 reads. Checking SAM file for formatting errors...
Done checking first 10000 reads. WARNINGS FOUND!
SAMRecord Reader Generated. Read length: 51.
[Time: 2022-01-26 17:41:26] [Mem usage: [447MB / 2894MB]] [Elapsed Time: 00:00:01.0325]
Compiling flat feature annotation, internally in memory...
Internal flat feature annotation compiled!
QC Utilities Generated!
[Time: 2022-01-26 17:44:12] [Mem usage: [4629MB / 10GB]] [Elapsed Time: 00:02:47.0352]
..........[1000000 Read-Pairs processed] [Time: 2022-01-26 17:45:21] 
..........[2000000 Read-Pairs processed] [Time: 2022-01-26 17:45:57] 
..........[3000000 Read-Pairs processed] [Time: 2022-01-26 17:46:33] 
..........[4000000 Read-Pairs processed] [Time: 2022-01-26 17:47:10] 
..........[5000000 Read-Pairs processed] [Time: 2022-01-26 17:47:45] 
..........[6000000 Read-Pairs processed] [Time: 2022-01-26 17:48:21] 
..........[7000000 Read-Pairs processed] [Time: 2022-01-26 17:48:57] 
..........[8000000 Read-Pairs processed] [Time: 2022-01-26 17:49:33] 
..........[9000000 Read-Pairs processed] [Time: 2022-01-26 17:50:09] 
..........[10000000 Read-Pairs processed] [Time: 2022-01-26 17:50:46] 
..........[11000000 Read-Pairs processed] [Time: 2022-01-26 17:51:23] 
..........[12000000 Read-Pairs processed] [Time: 2022-01-26 17:51:59] 
..........[13000000 Read-Pairs processed] [Time: 2022-01-26 17:52:36] 
..........[14000000 Read-Pairs processed] [Time: 2022-01-26 17:53:13] 
..........[15000000 Read-Pairs processed] [Time: 2022-01-26 17:53:49] 
..........[16000000 Read-Pairs processed] [Time: 2022-01-26 17:54:26] 
..........[17000000 Read-Pairs processed] [Time: 2022-01-26 17:55:02] 
..........[18000000 Read-Pairs processed] [Time: 2022-01-26 17:55:38] 
..........[19000000 Read-Pairs processed] [Time: 2022-01-26 17:56:15] 
..........[20000000 Read-Pairs processed] [Time: 2022-01-26 17:56:52] 
..........[21000000 Read-Pairs processed] [Time: 2022-01-26 17:57:28] 
........
Finished reading SAM. Read: 21818218 reads/read-pairs.
Finished reading SAM. Used: 16549559 reads/read-pairs.
[Time: 2022-01-26 17:57:58] [Mem usage: [6GB / 10GB]] [Elapsed Time: 00:16:33.0667]
> Read Stats:
>   READ_PAIR_OK                   16549559
>   TOTAL_READ_PAIRS               21818218
>   DROPPED_NOT_PROPER_PAIR        -1
>   DROPPED_READ_FAILS_VENDOR_QC   0
>   DROPPED_MARKED_NOT_VALID       0
>   DROPPED_CHROMS_MISMATCH        -1
>   DROPPED_PAIR_STRANDS_MISMATCH  -1
>   DROPPED_IGNORED_CHROMOSOME     0
>   DROPPED_NOT_UNIQUE_ALIGNMENT   5268659
>   DROPPED_NO_ALN_BLOCKS   0
>   DROPPED_NOT_MARKED_RG   -1
Pre-alignment read count unknown (Set --seqReadCt or --rawfastq)
Writing Output...
WARNING: The data appears to be STRANDED, following the fr_secondStrand rule.
         Are you sure this isn't stranded data? If it is stranded, then you should probably
         re-run QoRTs with the "--stranded" and "--stranded_fr_secondstrand" options!
QoRTs completed WITH WARNINGS! See log for details.
Done.
Time spent on setup:           00:02:47.0352
Time spent on SAM iteration:   00:13:46.0316
                               (0.6309711758616889 minutes per million read-pairs)
                               (0.8318449250923646 minutes per million read-pairs used)
Time spent on file output:     00:01:29.0336
Total runtime:                 00:18:03.0004
Done. (Wed Jan 26 17:59:27 PST 2022)
