Starting QoRTs v1.3.6 (Compiled Tue Sep 25 11:21:46 EDT 2018)
Starting time: (Wed Jan 26 19:06:03 PST 2022)
INPUT_COMMAND(QC)
  INPUT_ARG(infile)=bam/ociaml3_t_3.sort.bam
  INPUT_ARG(gtffile)=/data_gilbert/home/aarab/genomes/hg38/gencode.v34/gencode.v34.annotation.gtf
  INPUT_ARG(outdir)=iso/rawCts/ociaml3_t_3/
  INPUT_ARG(fr_secondStrand)=true
  INPUT_ARG(singleEnded)=true
  INPUT_ARG(nameSorted)=true
Created Log File: iso/rawCts/ociaml3_t_3//QC.SGqpNMhLo5zc.log
Warning: run-in-progress file "iso/rawCts/ociaml3_t_3//QC.QORTS_RUNNING" already exists. Is there another QoRTs job running?
Starting QC
[Time: 2022-01-26 19:06:03] [Mem usage: [33MB / 2147MB]] [Elapsed Time: 00:00:00.0000]
Deleting old "QORTS_COMPLETED_OK" file.
QoRTs is Running in single-end mode.
Note: read-sorting is irrelevant in single-ended mode.
Running functions: CigarOpDistribution, GCDistribution, GeneCalcs, JunctionCalcs, NVC, 
        QualityScoreDistribution, StrandCheck, chromCounts, 
        cigarLocusCounts, readLengthDistro, writeBiotypeCounts, 
        writeClippedNVC, writeDESeq, writeDEXSeq, writeGeneBody, 
        writeGeneCounts, writeGenewiseGeneBody, 
        writeJunctionSeqCounts, writeKnownSplices, 
        writeNovelSplices, writeSpliceExon
Checking first 10000 reads. Checking SAM file for formatting errors...
Done checking first 10000 reads. WARNINGS FOUND!
SAMRecord Reader Generated. Read length: 51.
[Time: 2022-01-26 19:06:04] [Mem usage: [455MB / 2751MB]] [Elapsed Time: 00:00:01.0339]
Compiling flat feature annotation, internally in memory...
Internal flat feature annotation compiled!
QC Utilities Generated!
[Time: 2022-01-26 19:08:48] [Mem usage: [3423MB / 10GB]] [Elapsed Time: 00:02:45.0624]
..........[1000000 Read-Pairs processed] [Time: 2022-01-26 19:10:00] 
..........[2000000 Read-Pairs processed] [Time: 2022-01-26 19:10:38] 
..........[3000000 Read-Pairs processed] [Time: 2022-01-26 19:11:16] 
..........[4000000 Read-Pairs processed] [Time: 2022-01-26 19:11:54] 
..........[5000000 Read-Pairs processed] [Time: 2022-01-26 19:12:32] 
..........[6000000 Read-Pairs processed] [Time: 2022-01-26 19:13:09] 
..........[7000000 Read-Pairs processed] [Time: 2022-01-26 19:13:47] 
..........[8000000 Read-Pairs processed] [Time: 2022-01-26 19:14:24] 
..........[9000000 Read-Pairs processed] [Time: 2022-01-26 19:15:02] 
..........[10000000 Read-Pairs processed] [Time: 2022-01-26 19:15:40] 
..........[11000000 Read-Pairs processed] [Time: 2022-01-26 19:16:18] 
..........[12000000 Read-Pairs processed] [Time: 2022-01-26 19:16:56] 
..........[13000000 Read-Pairs processed] [Time: 2022-01-26 19:17:33] 
..........[14000000 Read-Pairs processed] [Time: 2022-01-26 19:18:11] 
..........[15000000 Read-Pairs processed] [Time: 2022-01-26 19:18:49] 
..........[16000000 Read-Pairs processed] [Time: 2022-01-26 19:19:27] 
..........[17000000 Read-Pairs processed] [Time: 2022-01-26 19:20:04] 
..........[18000000 Read-Pairs processed] [Time: 2022-01-26 19:20:42] 
..........[19000000 Read-Pairs processed] [Time: 2022-01-26 19:21:20] 
..........[20000000 Read-Pairs processed] [Time: 2022-01-26 19:21:58] 
..........[21000000 Read-Pairs processed] [Time: 2022-01-26 19:22:36] 
..........[22000000 Read-Pairs processed] [Time: 2022-01-26 19:23:13] 
..........[23000000 Read-Pairs processed] [Time: 2022-01-26 19:23:51] 
..........[24000000 Read-Pairs processed] [Time: 2022-01-26 19:24:29] 
....
Finished reading SAM. Read: 24413884 reads/read-pairs.
Finished reading SAM. Used: 19018072 reads/read-pairs.
[Time: 2022-01-26 19:24:45] [Mem usage: [7GB / 10GB]] [Elapsed Time: 00:18:42.0355]
> Read Stats:
>   READ_PAIR_OK                   19018072
>   TOTAL_READ_PAIRS               24413884
>   DROPPED_NOT_PROPER_PAIR        -1
>   DROPPED_READ_FAILS_VENDOR_QC   0
>   DROPPED_MARKED_NOT_VALID       0
>   DROPPED_CHROMS_MISMATCH        -1
>   DROPPED_PAIR_STRANDS_MISMATCH  -1
>   DROPPED_IGNORED_CHROMOSOME     0
>   DROPPED_NOT_UNIQUE_ALIGNMENT   5395812
>   DROPPED_NO_ALN_BLOCKS   0
>   DROPPED_NOT_MARKED_RG   -1
Pre-alignment read count unknown (Set --seqReadCt or --rawfastq)
Writing Output...
WARNING: The data appears to be STRANDED, following the fr_secondStrand rule.
         Are you sure this isn't stranded data? If it is stranded, then you should probably
         re-run QoRTs with the "--stranded" and "--stranded_fr_secondstrand" options!
QoRTs completed WITH WARNINGS! See log for details.
Done.
Time spent on setup:           00:02:45.0624
Time spent on SAM iteration:   00:15:56.0731
                               (0.6526341049762231 minutes per million read-pairs)
                               (0.8377996115133718 minutes per million read-pairs used)
Time spent on file output:     00:01:30.0208
Total runtime:                 00:20:12.0563
Done. (Wed Jan 26 19:26:15 PST 2022)
