Starting QoRTs v1.3.6 (Compiled Tue Sep 25 11:21:46 EDT 2018)
Starting time: (Wed Jan 26 21:11:07 PST 2022)
INPUT_COMMAND(QC)
  INPUT_ARG(infile)=bam/thp1_u_1.sort.bam
  INPUT_ARG(gtffile)=/data_gilbert/home/aarab/genomes/hg38/gencode.v34/gencode.v34.annotation.gtf
  INPUT_ARG(outdir)=iso/rawCts/thp1_u_1/
  INPUT_ARG(fr_secondStrand)=true
  INPUT_ARG(singleEnded)=true
  INPUT_ARG(nameSorted)=true
Created Log File: iso/rawCts/thp1_u_1//QC.Jr49XOOw1fI1.log
Warning: run-in-progress file "iso/rawCts/thp1_u_1//QC.QORTS_RUNNING" already exists. Is there another QoRTs job running?
Starting QC
[Time: 2022-01-26 21:11:07] [Mem usage: [35MB / 2147MB]] [Elapsed Time: 00:00:00.0000]
Deleting old "QORTS_COMPLETED_OK" file.
QoRTs is Running in single-end mode.
Note: read-sorting is irrelevant in single-ended mode.
Running functions: CigarOpDistribution, GCDistribution, GeneCalcs, JunctionCalcs, NVC, 
        QualityScoreDistribution, StrandCheck, chromCounts, 
        cigarLocusCounts, readLengthDistro, writeBiotypeCounts, 
        writeClippedNVC, writeDESeq, writeDEXSeq, writeGeneBody, 
        writeGeneCounts, writeGenewiseGeneBody, 
        writeJunctionSeqCounts, writeKnownSplices, 
        writeNovelSplices, writeSpliceExon
Checking first 10000 reads. Checking SAM file for formatting errors...
Done checking first 10000 reads. WARNINGS FOUND!
SAMRecord Reader Generated. Read length: 51.
[Time: 2022-01-26 21:11:09] [Mem usage: [376MB / 2818MB]] [Elapsed Time: 00:00:01.0854]
Compiling flat feature annotation, internally in memory...
Internal flat feature annotation compiled!
QC Utilities Generated!
[Time: 2022-01-26 21:14:03] [Mem usage: [5GB / 8GB]] [Elapsed Time: 00:02:55.0654]
..........[1000000 Read-Pairs processed] [Time: 2022-01-26 21:15:15] 
..........[2000000 Read-Pairs processed] [Time: 2022-01-26 21:15:53] 
..........[3000000 Read-Pairs processed] [Time: 2022-01-26 21:16:30] 
..........[4000000 Read-Pairs processed] [Time: 2022-01-26 21:17:08] 
..........[5000000 Read-Pairs processed] [Time: 2022-01-26 21:17:46] 
..........[6000000 Read-Pairs processed] [Time: 2022-01-26 21:18:23] 
..........[7000000 Read-Pairs processed] [Time: 2022-01-26 21:19:00] 
..........[8000000 Read-Pairs processed] [Time: 2022-01-26 21:19:37] 
..........[9000000 Read-Pairs processed] [Time: 2022-01-26 21:20:15] 
..........[10000000 Read-Pairs processed] [Time: 2022-01-26 21:20:53] 
..........[11000000 Read-Pairs processed] [Time: 2022-01-26 21:21:31] 
..........[12000000 Read-Pairs processed] [Time: 2022-01-26 21:22:09] 
..........[13000000 Read-Pairs processed] [Time: 2022-01-26 21:22:47] 
..........[14000000 Read-Pairs processed] [Time: 2022-01-26 21:23:25] 
..........[15000000 Read-Pairs processed] [Time: 2022-01-26 21:24:03] 
..........[16000000 Read-Pairs processed] [Time: 2022-01-26 21:24:41] 
..........[17000000 Read-Pairs processed] [Time: 2022-01-26 21:25:19] 
..........[18000000 Read-Pairs processed] [Time: 2022-01-26 21:25:57] 
..........[19000000 Read-Pairs processed] [Time: 2022-01-26 21:26:35] 
..........[20000000 Read-Pairs processed] [Time: 2022-01-26 21:27:14] 
..........[21000000 Read-Pairs processed] [Time: 2022-01-26 21:27:52] 
..........[22000000 Read-Pairs processed] [Time: 2022-01-26 21:28:30] 
........
Finished reading SAM. Read: 22853774 reads/read-pairs.
Finished reading SAM. Used: 17870829 reads/read-pairs.
[Time: 2022-01-26 21:29:02] [Mem usage: [8GB / 11GB]] [Elapsed Time: 00:17:55.0026]
> Read Stats:
>   READ_PAIR_OK                   17870829
>   TOTAL_READ_PAIRS               22853774
>   DROPPED_NOT_PROPER_PAIR        -1
>   DROPPED_READ_FAILS_VENDOR_QC   0
>   DROPPED_MARKED_NOT_VALID       0
>   DROPPED_CHROMS_MISMATCH        -1
>   DROPPED_PAIR_STRANDS_MISMATCH  -1
>   DROPPED_IGNORED_CHROMOSOME     0
>   DROPPED_NOT_UNIQUE_ALIGNMENT   4982945
>   DROPPED_NO_ALN_BLOCKS   0
>   DROPPED_NOT_MARKED_RG   -1
Pre-alignment read count unknown (Set --seqReadCt or --rawfastq)
Writing Output...
WARNING: The data appears to be STRANDED, following the fr_secondStrand rule.
         Are you sure this isn't stranded data? If it is stranded, then you should probably
         re-run QoRTs with the "--stranded" and "--stranded_fr_secondstrand" options!
QoRTs completed WITH WARNINGS! See log for details.
Done.
Time spent on setup:           00:02:55.0655
Time spent on SAM iteration:   00:14:59.0372
                               (0.6556174631521836 minutes per million read-pairs)
                               (0.838424078330856 minutes per million read-pairs used)
Time spent on file output:     00:01:34.0965
Total runtime:                 00:19:29.0992
Done. (Wed Jan 26 21:30:37 PST 2022)
