Starting QoRTs v1.3.6 (Compiled Tue Sep 25 11:21:46 EDT 2018)
Starting time: (Wed Jan 26 20:13:46 PST 2022)
INPUT_COMMAND(QC)
  INPUT_ARG(infile)=bam/thp1_t_1.sort.bam
  INPUT_ARG(gtffile)=/data_gilbert/home/aarab/genomes/hg38/gencode.v34/gencode.v34.annotation.gtf
  INPUT_ARG(outdir)=iso/rawCts/thp1_t_1/
  INPUT_ARG(fr_secondStrand)=true
  INPUT_ARG(singleEnded)=true
  INPUT_ARG(nameSorted)=true
Created Log File: iso/rawCts/thp1_t_1//QC.rtb1YexxlrTh.log
Warning: run-in-progress file "iso/rawCts/thp1_t_1//QC.QORTS_RUNNING" already exists. Is there another QoRTs job running?
Starting QC
[Time: 2022-01-26 20:13:46] [Mem usage: [35MB / 2147MB]] [Elapsed Time: 00:00:00.0000]
Deleting old "QORTS_COMPLETED_OK" file.
QoRTs is Running in single-end mode.
Note: read-sorting is irrelevant in single-ended mode.
Running functions: CigarOpDistribution, GCDistribution, GeneCalcs, JunctionCalcs, NVC, 
        QualityScoreDistribution, StrandCheck, chromCounts, 
        cigarLocusCounts, readLengthDistro, writeBiotypeCounts, 
        writeClippedNVC, writeDESeq, writeDEXSeq, writeGeneBody, 
        writeGeneCounts, writeGenewiseGeneBody, 
        writeJunctionSeqCounts, writeKnownSplices, 
        writeNovelSplices, writeSpliceExon
Checking first 10000 reads. Checking SAM file for formatting errors...
Done checking first 10000 reads. WARNINGS FOUND!
SAMRecord Reader Generated. Read length: 51.
[Time: 2022-01-26 20:13:48] [Mem usage: [422MB / 2734MB]] [Elapsed Time: 00:00:01.0339]
Compiling flat feature annotation, internally in memory...
Internal flat feature annotation compiled!
QC Utilities Generated!
[Time: 2022-01-26 20:16:30] [Mem usage: [4136MB / 9GB]] [Elapsed Time: 00:02:43.0827]
..........[1000000 Read-Pairs processed] [Time: 2022-01-26 20:17:39] 
..........[2000000 Read-Pairs processed] [Time: 2022-01-26 20:18:15] 
..........[3000000 Read-Pairs processed] [Time: 2022-01-26 20:18:51] 
..........[4000000 Read-Pairs processed] [Time: 2022-01-26 20:19:27] 
..........[5000000 Read-Pairs processed] [Time: 2022-01-26 20:20:04] 
..........[6000000 Read-Pairs processed] [Time: 2022-01-26 20:20:40] 
..........[7000000 Read-Pairs processed] [Time: 2022-01-26 20:21:17] 
..........[8000000 Read-Pairs processed] [Time: 2022-01-26 20:21:52] 
..........[9000000 Read-Pairs processed] [Time: 2022-01-26 20:22:28] 
..........[10000000 Read-Pairs processed] [Time: 2022-01-26 20:23:04] 
..........[11000000 Read-Pairs processed] [Time: 2022-01-26 20:23:40] 
..........[12000000 Read-Pairs processed] [Time: 2022-01-26 20:24:16] 
..........[13000000 Read-Pairs processed] [Time: 2022-01-26 20:24:52] 
..........[14000000 Read-Pairs processed] [Time: 2022-01-26 20:25:29] 
..........[15000000 Read-Pairs processed] [Time: 2022-01-26 20:26:06] 
..........[16000000 Read-Pairs processed] [Time: 2022-01-26 20:26:43] 
..........[17000000 Read-Pairs processed] [Time: 2022-01-26 20:27:20] 
..........[18000000 Read-Pairs processed] [Time: 2022-01-26 20:27:56] 
..........[19000000 Read-Pairs processed] [Time: 2022-01-26 20:28:33] 
..........[20000000 Read-Pairs processed] [Time: 2022-01-26 20:29:10] 
..........[21000000 Read-Pairs processed] [Time: 2022-01-26 20:29:46] 
..........[22000000 Read-Pairs processed] [Time: 2022-01-26 20:30:23] 
..........[23000000 Read-Pairs processed] [Time: 2022-01-26 20:31:00] 
..........[24000000 Read-Pairs processed] [Time: 2022-01-26 20:31:38] 
..........[25000000 Read-Pairs processed] [Time: 2022-01-26 20:32:15] 
..........[26000000 Read-Pairs processed] [Time: 2022-01-26 20:32:51] 
..........[27000000 Read-Pairs processed] [Time: 2022-01-26 20:33:28] 
..........[28000000 Read-Pairs processed] [Time: 2022-01-26 20:34:05] 
..........[29000000 Read-Pairs processed] [Time: 2022-01-26 20:34:42] 
..........[30000000 Read-Pairs processed] [Time: 2022-01-26 20:35:19] 
..........[31000000 Read-Pairs processed] [Time: 2022-01-26 20:35:55] 
..........[32000000 Read-Pairs processed] [Time: 2022-01-26 20:36:32] 
..........[33000000 Read-Pairs processed] [Time: 2022-01-26 20:37:09] 
..
Finished reading SAM. Read: 33257298 reads/read-pairs.
Finished reading SAM. Used: 25072784 reads/read-pairs.
[Time: 2022-01-26 20:37:18] [Mem usage: [10GB / 12GB]] [Elapsed Time: 00:23:32.0023]
> Read Stats:
>   READ_PAIR_OK                   25072784
>   TOTAL_READ_PAIRS               33257298
>   DROPPED_NOT_PROPER_PAIR        -1
>   DROPPED_READ_FAILS_VENDOR_QC   0
>   DROPPED_MARKED_NOT_VALID       0
>   DROPPED_CHROMS_MISMATCH        -1
>   DROPPED_PAIR_STRANDS_MISMATCH  -1
>   DROPPED_IGNORED_CHROMOSOME     0
>   DROPPED_NOT_UNIQUE_ALIGNMENT   8184514
>   DROPPED_NO_ALN_BLOCKS   0
>   DROPPED_NOT_MARKED_RG   -1
Pre-alignment read count unknown (Set --seqReadCt or --rawfastq)
Writing Output...
WARNING: The data appears to be STRANDED, following the fr_secondStrand rule.
         Are you sure this isn't stranded data? If it is stranded, then you should probably
         re-run QoRTs with the "--stranded" and "--stranded_fr_secondstrand" options!
QoRTs completed WITH WARNINGS! See log for details.
Done.
Time spent on setup:           00:02:43.0828
Time spent on SAM iteration:   00:20:48.0195
                               (0.6254266356815879 minutes per million read-pairs)
                               (0.8295847800547399 minutes per million read-pairs used)
Time spent on file output:     00:01:30.0554
Total runtime:                 00:25:02.0577
Done. (Wed Jan 26 20:38:49 PST 2022)
