Starting QoRTs v1.3.6 (Compiled Tue Sep 25 11:21:46 EDT 2018)
Starting time: (Wed Jan 26 03:19:46 PST 2022)
INPUT_COMMAND(QC)
  INPUT_ARG(infile)=bam/molm14_t_3.sort.bam
  INPUT_ARG(gtffile)=/data_gilbert/home/aarab/genomes/hg38/gencode.v34/gencode.v34.annotation.gtf
  INPUT_ARG(outdir)=iso/rawCts/molm14_t_3/
  INPUT_ARG(stranded)=true
  INPUT_ARG(singleEnded)=true
  INPUT_ARG(nameSorted)=true
Creating Directory: iso/rawCts/molm14_t_3/
Created Log File: iso/rawCts/molm14_t_3//QC.QI7DrUr2mEhR.log
Starting QC
[Time: 2022-01-26 03:19:46] [Mem usage: [33MB / 2147MB]] [Elapsed Time: 00:00:00.0000]
QoRTs is Running in single-end mode.
Note: read-sorting is irrelevant in single-ended mode.
No parameter --genomeFA found.
Running functions: CigarOpDistribution, GCDistribution, GeneCalcs, JunctionCalcs, NVC, 
        QualityScoreDistribution, StrandCheck, chromCounts, 
        cigarLocusCounts, readLengthDistro, writeBiotypeCounts, 
        writeClippedNVC, writeDESeq, writeDEXSeq, writeGeneBody, 
        writeGeneCounts, writeGenewiseGeneBody, 
        writeJunctionSeqCounts, writeKnownSplices, 
        writeNovelSplices, writeSpliceExon
Checking first 10000 reads. Checking SAM file for formatting errors...
   Stats on the first 10000 reads:
        Num Reads Primary Map:    3638
        Num Reads Paired-ended:   0
        Num Reads mapped pair:    0
        Num Pair names found:     0
        Num Pairs matched:        0
        Read Seq length:          51 to 51
        Unclipped Read length:    51 to 51
        Final maxReadLength:      51
        maxPhredScore:            41
        minPhredScore:            2
Done checking first 10000 reads. No major problems detected!
SAMRecord Reader Generated. Read length: 51.
[Time: 2022-01-26 03:19:47] [Mem usage: [451MB / 3045MB]] [Elapsed Time: 00:00:01.0404]
> Init GeneCalcs Utility
> Init NVC utility
> Init CigarOpDistribution Utility
> Init QualityScoreDistribution Utility
> Init GC counts Utility
> Init JunctionCalcs utility
Compiling flat feature annotation, internally in memory...
FlatteningGtf: starting...(2022-01-26 03:20:31)
    FlatteningGtf: gtf file read complete.(2022-01-26 03:21:36)
    FlatteningGtf: Splice Junction Map read.(2022-01-26 03:21:38)
    FlatteningGtf: gene Sets generated.(2022-01-26 03:21:40)
    FlatteningGtf: Aggregate Sets built.
    FlatteningGtf: Compiling Aggregate Info . . . (2022-01-26 03:21:40)
    FlatteningGtf: Finished Compiling Aggregate Info. (2022-01-26 03:21:40)
    FlatteningGtf: Iterating through the step-vector...(2022-01-26 03:21:40)
    FlatteningGtf: Adding the aggregate genes themselves...(2022-01-26 03:21:42)
    FlatteningGtf: Iterating through the splice junctions...(2022-01-26 03:21:43)
    FlatteningGtf: Sorting the aggregate genes...(2022-01-26 03:21:45)
    FlatteningGtf: Folding the FlatGtfLine iterator...(2022-01-26 03:21:45)
    FlatteningGtf: Features Built.(2022-01-26 03:21:45)
Internal flat feature annotation compiled!
length of knownSpliceMap after instantiation: 383654
length of knownCountMap after instantiation: 383654
> Init StrandCheck Utility
> Init chromCount Utility
> Init qcCigarLocusCounts Utility
> Init MinorUtils Utility
QC Utilities Generated!
[Time: 2022-01-26 03:21:50] [Mem usage: [2597MB / 9GB]] [Elapsed Time: 00:02:04.0107]
helper_calculateGeneAssignmentMap_strict. Found: 60669 genes in the supplied annotation.
helper_calculateGeneAssignmentMap_strict. Found: 6594 genes with ambiguous segments.
helper_calculateGeneAssignmentMap_strict. Found: 54075 genes after first-pass filtering
making makeGeneIntervalMap for geneBody calculations. Found: 54075 acceptable genes for gene-body analysis.
..........[1000000 Read-Pairs processed] [Time: 2022-01-26 03:22:53] 
..........[2000000 Read-Pairs processed] [Time: 2022-01-26 03:23:22] 
..........[3000000 Read-Pairs processed] [Time: 2022-01-26 03:23:50] 
..........[4000000 Read-Pairs processed] [Time: 2022-01-26 03:24:19] 
..........[5000000 Read-Pairs processed] [Time: 2022-01-26 03:24:48] 
..........[6000000 Read-Pairs processed] [Time: 2022-01-26 03:25:16] 
..........[7000000 Read-Pairs processed] [Time: 2022-01-26 03:25:45] 
..........[8000000 Read-Pairs processed] [Time: 2022-01-26 03:26:13] 
..........[9000000 Read-Pairs processed] [Time: 2022-01-26 03:26:42] 
..........[10000000 Read-Pairs processed] [Time: 2022-01-26 03:27:11] 
..........[11000000 Read-Pairs processed] [Time: 2022-01-26 03:27:39] 
..........[12000000 Read-Pairs processed] [Time: 2022-01-26 03:28:08] 
..........[13000000 Read-Pairs processed] [Time: 2022-01-26 03:28:38] 
..........[14000000 Read-Pairs processed] [Time: 2022-01-26 03:29:06] 
..........[15000000 Read-Pairs processed] [Time: 2022-01-26 03:29:35] 
..........[16000000 Read-Pairs processed] [Time: 2022-01-26 03:30:05] 
..........[17000000 Read-Pairs processed] [Time: 2022-01-26 03:30:34] 
..........[18000000 Read-Pairs processed] [Time: 2022-01-26 03:31:02] 
..........[19000000 Read-Pairs processed] [Time: 2022-01-26 03:31:31] 
..........[20000000 Read-Pairs processed] [Time: 2022-01-26 03:31:59] 
..........[21000000 Read-Pairs processed] [Time: 2022-01-26 03:32:28] 
..........[22000000 Read-Pairs processed] [Time: 2022-01-26 03:32:57] 
..........[23000000 Read-Pairs processed] [Time: 2022-01-26 03:33:25] 
........
Finished reading SAM. Read: 23899566 reads/read-pairs.
Finished reading SAM. Used: 17381728 reads/read-pairs.
[Time: 2022-01-26 03:33:51] [Mem usage: [8GB / 13GB]] [Elapsed Time: 00:14:05.0024]
> Read Stats:
>   READ_PAIR_OK                   17381728
>   TOTAL_READ_PAIRS               23899566
>   DROPPED_NOT_PROPER_PAIR        -1
>   DROPPED_READ_FAILS_VENDOR_QC   0
>   DROPPED_MARKED_NOT_VALID       0
>   DROPPED_CHROMS_MISMATCH        -1
>   DROPPED_PAIR_STRANDS_MISMATCH  -1
>   DROPPED_IGNORED_CHROMOSOME     0
>   DROPPED_NOT_UNIQUE_ALIGNMENT   6517838
>   DROPPED_NO_ALN_BLOCKS   0
>   DROPPED_NOT_MARKED_RG   -1
Pre-alignment read count unknown (Set --seqReadCt or --rawfastq)
Writing Output...
DEBUG NOTE: IncludeGenesSet.size: 54075
DEBUG NOTE: sortedReadCountSeq.size: 17646
DEBUG NOTE: coverageThresholds: 8823;13234;15881;17646
DEBUG NOTE: coverageSpans: [(0,8823);(8823,13234);(13234,15881);(15881,17646)]
DEBUG NOTE:	[1.bottomHalf][0.5] = [0,8823]
DEBUG NOTE:	[2.upperMidQuartile][0.75] = [8823,13234]
DEBUG NOTE:	[3.75to90][0.9] = [13234,15881]
DEBUG NOTE:	[4.high][1.0] = [15881,17646]
      (DEBUG) Generating Biotype Map [2022-01-26 03:33:52]
      (DEBUG) Extracted gene BioType using key "gene_biotype".
              Found 0 types: []
      (DEBUG) Finished Biotype Map [2022-01-26 03:35:10]
length of knownCountMap after run: 383654
WARNING: The data appears to be follow the fr_secondStrand rule, but
         QoRTs ran in fr_firstStrand mode!
      Are you sure that the data follows the fr_firstStrand rule?
      Under the fr_firstStrand rule, the first read aligns to the strand
      opposite the original RNA transcript, and the second read aligns to
      the same strand as the original RNA transcript.
      If the data follows the fr_secondStrand rule, you should probably
      re-run QoRTs with the "--stranded" and "--stranded_fr_secondstrand" options.
QoRTs completed WITH WARNINGS! See log for details.
Done.
Time spent on setup:           00:02:04.0107
Time spent on SAM iteration:   00:12:00.0917
                               (0.5021011678622114 minutes per million read-pairs)
                               (0.6903801509263061 minutes per million read-pairs used)
Time spent on file output:     00:01:30.0278
Total runtime:                 00:15:35.0302
Done. (Wed Jan 26 03:35:21 PST 2022)
