Starting QoRTs v1.3.6 (Compiled Tue Sep 25 11:21:46 EDT 2018)
Starting time: (Wed Jan 26 15:34:15 PST 2022)
INPUT_COMMAND(QC)
  INPUT_ARG(infile)=bam/molm14_t_3.sort.bam
  INPUT_ARG(gtffile)=/data_gilbert/home/aarab/genomes/hg38/gencode.v34/gencode.v34.annotation.gtf
  INPUT_ARG(outdir)=iso/rawCts/molm14_t_3/
  INPUT_ARG(fr_secondStrand)=true
  INPUT_ARG(singleEnded)=true
  INPUT_ARG(nameSorted)=true
Created Log File: iso/rawCts/molm14_t_3//QC.TdDp7q1BaTs1.log
Warning: run-in-progress file "iso/rawCts/molm14_t_3//QC.QORTS_RUNNING" already exists. Is there another QoRTs job running?
Starting QC
[Time: 2022-01-26 15:34:15] [Mem usage: [37MB / 2147MB]] [Elapsed Time: 00:00:00.0000]
Deleting old "QORTS_COMPLETED_OK" file.
QoRTs is Running in single-end mode.
Note: read-sorting is irrelevant in single-ended mode.
No parameter --genomeFA found.
Running functions: CigarOpDistribution, GCDistribution, GeneCalcs, JunctionCalcs, NVC, 
        QualityScoreDistribution, StrandCheck, chromCounts, 
        cigarLocusCounts, readLengthDistro, writeBiotypeCounts, 
        writeClippedNVC, writeDESeq, writeDEXSeq, writeGeneBody, 
        writeGeneCounts, writeGenewiseGeneBody, 
        writeJunctionSeqCounts, writeKnownSplices, 
        writeNovelSplices, writeSpliceExon
Checking first 10000 reads. Checking SAM file for formatting errors...
   Stats on the first 10000 reads:
        Num Reads Primary Map:    3638
        Num Reads Paired-ended:   0
        Num Reads mapped pair:    0
        Num Pair names found:     0
        Num Pairs matched:        0
        Read Seq length:          51 to 51
        Unclipped Read length:    51 to 51
        Final maxReadLength:      51
        maxPhredScore:            41
        minPhredScore:            2
Done checking first 10000 reads. WARNINGS FOUND!
SAMRecord Reader Generated. Read length: 51.
[Time: 2022-01-26 15:34:17] [Mem usage: [384MB / 2592MB]] [Elapsed Time: 00:00:01.0648]
> Init GeneCalcs Utility
> Init NVC utility
> Init CigarOpDistribution Utility
> Init QualityScoreDistribution Utility
> Init GC counts Utility
> Init JunctionCalcs utility
Compiling flat feature annotation, internally in memory...
FlatteningGtf: starting...(2022-01-26 15:35:44)
    FlatteningGtf: gtf file read complete.(2022-01-26 15:36:50)
    FlatteningGtf: Splice Junction Map read.(2022-01-26 15:36:53)
    FlatteningGtf: gene Sets generated.(2022-01-26 15:36:55)
    FlatteningGtf: Aggregate Sets built.
    FlatteningGtf: Compiling Aggregate Info . . . (2022-01-26 15:36:55)
    FlatteningGtf: Finished Compiling Aggregate Info. (2022-01-26 15:36:55)
    FlatteningGtf: Iterating through the step-vector...(2022-01-26 15:36:55)
    FlatteningGtf: Adding the aggregate genes themselves...(2022-01-26 15:36:57)
    FlatteningGtf: Iterating through the splice junctions...(2022-01-26 15:36:58)
    FlatteningGtf: Sorting the aggregate genes...(2022-01-26 15:37:00)
    FlatteningGtf: Folding the FlatGtfLine iterator...(2022-01-26 15:37:00)
    FlatteningGtf: Features Built.(2022-01-26 15:37:00)
Internal flat feature annotation compiled!
length of knownSpliceMap after instantiation: 383646
length of knownCountMap after instantiation: 383646
> Init StrandCheck Utility
> Init chromCount Utility
> Init qcCigarLocusCounts Utility
> Init MinorUtils Utility
QC Utilities Generated!
[Time: 2022-01-26 15:37:05] [Mem usage: [3343MB / 9GB]] [Elapsed Time: 00:02:49.0316]
helper_calculateGeneAssignmentMap_strict. Found: 60669 genes in the supplied annotation.
helper_calculateGeneAssignmentMap_strict. Found: 18307 genes with ambiguous segments.
helper_calculateGeneAssignmentMap_strict. Found: 42362 genes after first-pass filtering
making makeGeneIntervalMap for geneBody calculations. Found: 42362 acceptable genes for gene-body analysis.
..........[1000000 Read-Pairs processed] [Time: 2022-01-26 15:38:14] 
..........[2000000 Read-Pairs processed] [Time: 2022-01-26 15:38:49] 
..........[3000000 Read-Pairs processed] [Time: 2022-01-26 15:39:25] 
..........[4000000 Read-Pairs processed] [Time: 2022-01-26 15:40:01] 
..........[5000000 Read-Pairs processed] [Time: 2022-01-26 15:40:37] 
..........[6000000 Read-Pairs processed] [Time: 2022-01-26 15:41:13] 
..........[7000000 Read-Pairs processed] [Time: 2022-01-26 15:41:51] 
..........[8000000 Read-Pairs processed] [Time: 2022-01-26 15:42:28] 
..........[9000000 Read-Pairs processed] [Time: 2022-01-26 15:43:06] 
..........[10000000 Read-Pairs processed] [Time: 2022-01-26 15:43:43] 
..........[11000000 Read-Pairs processed] [Time: 2022-01-26 15:44:19] 
..........[12000000 Read-Pairs processed] [Time: 2022-01-26 15:44:55] 
..........[13000000 Read-Pairs processed] [Time: 2022-01-26 15:45:31] 
..........[14000000 Read-Pairs processed] [Time: 2022-01-26 15:46:06] 
..........[15000000 Read-Pairs processed] [Time: 2022-01-26 15:46:42] 
..........[16000000 Read-Pairs processed] [Time: 2022-01-26 15:47:18] 
..........[17000000 Read-Pairs processed] [Time: 2022-01-26 15:47:53] 
..........[18000000 Read-Pairs processed] [Time: 2022-01-26 15:48:29] 
..........[19000000 Read-Pairs processed] [Time: 2022-01-26 15:49:05] 
..........[20000000 Read-Pairs processed] [Time: 2022-01-26 15:49:41] 
..........[21000000 Read-Pairs processed] [Time: 2022-01-26 15:50:16] 
..........[22000000 Read-Pairs processed] [Time: 2022-01-26 15:50:52] 
..........[23000000 Read-Pairs processed] [Time: 2022-01-26 15:51:28] 
........
Finished reading SAM. Read: 23899566 reads/read-pairs.
Finished reading SAM. Used: 17381728 reads/read-pairs.
[Time: 2022-01-26 15:52:00] [Mem usage: [8GB / 9GB]] [Elapsed Time: 00:17:44.0164]
> Read Stats:
>   READ_PAIR_OK                   17381728
>   TOTAL_READ_PAIRS               23899566
>   DROPPED_NOT_PROPER_PAIR        -1
>   DROPPED_READ_FAILS_VENDOR_QC   0
>   DROPPED_MARKED_NOT_VALID       0
>   DROPPED_CHROMS_MISMATCH        -1
>   DROPPED_PAIR_STRANDS_MISMATCH  -1
>   DROPPED_IGNORED_CHROMOSOME     0
>   DROPPED_NOT_UNIQUE_ALIGNMENT   6517838
>   DROPPED_NO_ALN_BLOCKS   0
>   DROPPED_NOT_MARKED_RG   -1
Pre-alignment read count unknown (Set --seqReadCt or --rawfastq)
Writing Output...
DEBUG NOTE: IncludeGenesSet.size: 42362
DEBUG NOTE: sortedReadCountSeq.size: 16122
DEBUG NOTE: coverageThresholds: 8061;12091;14509;16122
DEBUG NOTE: coverageSpans: [(0,8061);(8061,12091);(12091,14509);(14509,16122)]
DEBUG NOTE:	[1.bottomHalf][0.5] = [0,8061]
DEBUG NOTE:	[2.upperMidQuartile][0.75] = [8061,12091]
DEBUG NOTE:	[3.75to90][0.9] = [12091,14509]
DEBUG NOTE:	[4.high][1.0] = [14509,16122]
      (DEBUG) Generating Biotype Map [2022-01-26 15:52:01]
      (DEBUG) Extracted gene BioType using key "gene_biotype".
              Found 0 types: []
      (DEBUG) Finished Biotype Map [2022-01-26 15:53:19]
length of knownCountMap after run: 383646
WARNING: The data appears to be STRANDED, following the fr_secondStrand rule.
         Are you sure this isn't stranded data? If it is stranded, then you should probably
         re-run QoRTs with the "--stranded" and "--stranded_fr_secondstrand" options!
QoRTs completed WITH WARNINGS! See log for details.
Done.
Time spent on setup:           00:02:49.0316
Time spent on SAM iteration:   00:14:54.0848
                               (0.6234422834289125 minutes per million read-pairs)
                               (0.8572220207334967 minutes per million read-pairs used)
Time spent on file output:     00:01:29.0539
Total runtime:                 00:19:13.0703
Done. (Wed Jan 26 15:53:29 PST 2022)
