[HP_CONTRACTURES_OF_THE_JOINTS_OF_THE_LOWER_LIMBS,HP_CONTRACTURES_OF_THE_JOINTS_OF_THE_LOWER_LIMBS] was killed by [HP_PROPORTIONATE_SHORT_STATURE,HP_PROPORTIONATE_SHORT_STATURE]
[HP_POSTNATAL_GROWTH_RETARDATION,HP_POSTNATAL_GROWTH_RETARDATION] was killed by [HP_PROPORTIONATE_SHORT_STATURE,HP_PROPORTIONATE_SHORT_STATURE]
[HP_COARCTATION_OF_AORTA,HP_COARCTATION_OF_AORTA] was killed by [HP_DEEPLY_SET_EYE,HP_DEEPLY_SET_EYE]
[HP_MELANOCYTIC_NEVUS,HP_MELANOCYTIC_NEVUS] was killed by [HP_THICKENED_NUCHAL_SKIN_FOLD,HP_THICKENED_NUCHAL_SKIN_FOLD]
[HP_NEOPLASM_OF_THE_RESPIRATORY_SYSTEM,HP_NEOPLASM_OF_THE_RESPIRATORY_SYSTEM] was killed by [HP_ANKLE_FLEXION_CONTRACTURE,HP_ANKLE_FLEXION_CONTRACTURE]
[HP_MORPHOLOGICAL_ABNORMALITY_OF_THE_INNER_EAR,HP_MORPHOLOGICAL_ABNORMALITY_OF_THE_INNER_EAR] was killed by [HP_THICKENED_NUCHAL_SKIN_FOLD,HP_THICKENED_NUCHAL_SKIN_FOLD]
[HP_OBSESSIVE_COMPULSIVE_BEHAVIOR,HP_OBSESSIVE_COMPULSIVE_BEHAVIOR] was killed by [HP_DEEPLY_SET_EYE,HP_DEEPLY_SET_EYE]
[HP_LYMPHEDEMA,HP_LYMPHEDEMA] was killed by [HP_PROPORTIONATE_SHORT_STATURE,HP_PROPORTIONATE_SHORT_STATURE]
[HP_MANDIBULAR_PROGNATHIA,HP_MANDIBULAR_PROGNATHIA] was killed by [HP_DEEPLY_SET_EYE,HP_DEEPLY_SET_EYE]
[HP_SHORT_FOOT,HP_SHORT_FOOT] was killed by [HP_DEEPLY_SET_EYE,HP_DEEPLY_SET_EYE]
[HP_SHORT_PALPEBRAL_FISSURE,HP_SHORT_PALPEBRAL_FISSURE] was killed by [HP_DEEPLY_SET_EYE,HP_DEEPLY_SET_EYE]
[HP_SELF_INJURIOUS_BEHAVIOR,HP_SELF_INJURIOUS_BEHAVIOR] was killed by [HP_DEEPLY_SET_EYE,HP_DEEPLY_SET_EYE]
[HP_SEVERE_SHORT_STATURE,HP_SEVERE_SHORT_STATURE] was killed by [HP_PROPORTIONATE_SHORT_STATURE,HP_PROPORTIONATE_SHORT_STATURE]
[HP_LOW_POSTERIOR_HAIRLINE,HP_LOW_POSTERIOR_HAIRLINE] was killed by [HP_DEEPLY_SET_EYE,HP_DEEPLY_SET_EYE]
[HP_GOITER,HP_GOITER] was killed by [HP_DEATH_IN_INFANCY,HP_DEATH_IN_INFANCY]
[HP_COARSE_HAIR,HP_COARSE_HAIR] was killed by [HP_THICKENED_NUCHAL_SKIN_FOLD,HP_THICKENED_NUCHAL_SKIN_FOLD]
[HP_HIGH_NARROW_PALATE,HP_HIGH_NARROW_PALATE] was killed by [HP_PROPORTIONATE_SHORT_STATURE,HP_PROPORTIONATE_SHORT_STATURE]
[HP_FETAL_ULTRASOUND_SOFT_MARKER,HP_FETAL_ULTRASOUND_SOFT_MARKER] was killed by [HP_THICKENED_NUCHAL_SKIN_FOLD,HP_THICKENED_NUCHAL_SKIN_FOLD]
[HP_MORPHOLOGICAL_ABNORMALITY_OF_THE_VESTIBULE_OF_THE_INNER_EAR,HP_MORPHOLOGICAL_ABNORMALITY_OF_THE_VESTIBULE_OF_THE_INNER_EAR] was killed by [HP_THICKENED_NUCHAL_SKIN_FOLD,HP_THICKENED_NUCHAL_SKIN_FOLD]
[HP_APLASIA_OF_THE_SEMICIRCULAR_CANAL,HP_APLASIA_OF_THE_SEMICIRCULAR_CANAL] was killed by [HP_THICKENED_NUCHAL_SKIN_FOLD,HP_THICKENED_NUCHAL_SKIN_FOLD]
[HP_NARROW_PALATE,HP_NARROW_PALATE] was killed by [HP_PROPORTIONATE_SHORT_STATURE,HP_PROPORTIONATE_SHORT_STATURE]
[HP_RELATIVE_MACROCEPHALY,HP_RELATIVE_MACROCEPHALY] was killed by [HP_PROPORTIONATE_SHORT_STATURE,HP_PROPORTIONATE_SHORT_STATURE]
[HP_ABNORMALITY_OF_THE_SHOULDER_GIRDLE_MUSCULATURE,HP_ABNORMALITY_OF_THE_SHOULDER_GIRDLE_MUSCULATURE] was killed by [HP_THICKENED_NUCHAL_SKIN_FOLD,HP_THICKENED_NUCHAL_SKIN_FOLD]
[HP_NARROW_FOREHEAD,HP_NARROW_FOREHEAD] was killed by [HP_DEEPLY_SET_EYE,HP_DEEPLY_SET_EYE]
[HP_CEREBRAL_HYPOPLASIA,HP_CEREBRAL_HYPOPLASIA] was killed by [HP_DEEPLY_SET_EYE,HP_DEEPLY_SET_EYE]
[HP_HYPOPITUITARISM,HP_HYPOPITUITARISM] was killed by [HP_PROPORTIONATE_SHORT_STATURE,HP_PROPORTIONATE_SHORT_STATURE]
[HP_BONE_PAIN,HP_BONE_PAIN] was killed by [HP_THICKENED_NUCHAL_SKIN_FOLD,HP_THICKENED_NUCHAL_SKIN_FOLD]
[HP_SLOW_PROGRESSION,HP_SLOW_PROGRESSION] was killed by [HP_ANKLE_FLEXION_CONTRACTURE,HP_ANKLE_FLEXION_CONTRACTURE]
[HP_2_3_TOE_SYNDACTYLY,HP_2_3_TOE_SYNDACTYLY] was killed by [HP_DEEPLY_SET_EYE,HP_DEEPLY_SET_EYE]
[HP_URETHRAL_OBSTRUCTION,HP_URETHRAL_OBSTRUCTION] was killed by [HP_ANKLE_FLEXION_CONTRACTURE,HP_ANKLE_FLEXION_CONTRACTURE]
[HP_KNEE_FLEXION_CONTRACTURE,HP_KNEE_FLEXION_CONTRACTURE] was killed by [HP_PROPORTIONATE_SHORT_STATURE,HP_PROPORTIONATE_SHORT_STATURE]
[HP_CARDIAC_CONDUCTION_ABNORMALITY,HP_CARDIAC_CONDUCTION_ABNORMALITY] was killed by [HP_THICKENED_NUCHAL_SKIN_FOLD,HP_THICKENED_NUCHAL_SKIN_FOLD]
[HP_ABNORMALITY_OF_THE_ANKLES,HP_ABNORMALITY_OF_THE_ANKLES] was killed by [HP_ANKLE_FLEXION_CONTRACTURE,HP_ANKLE_FLEXION_CONTRACTURE]
[HP_RECURRENT_URINARY_TRACT_INFECTIONS,HP_RECURRENT_URINARY_TRACT_INFECTIONS] was killed by [HP_DEEPLY_SET_EYE,HP_DEEPLY_SET_EYE]
[HP_ABNORMALITY_OF_THE_PLANTAR_SKIN_OF_FOOT,HP_ABNORMALITY_OF_THE_PLANTAR_SKIN_OF_FOOT] was killed by [HP_DEEPLY_SET_EYE,HP_DEEPLY_SET_EYE]
