[EIF3A_HEK293T_POSTAR_PAR-CLIP,EIF3A_HEK293T_POSTAR_PAR-CLIP] was killed by [EIF3B_HEK293T_POSTAR_PAR-CLIP,EIF3B_HEK293T_POSTAR_PAR-CLIP]
[EIF3A_HEK293T_POSTAR_PARalyzer,EIF3A_HEK293T_POSTAR_PARalyzer] was killed by [EIF3B_HEK293T_POSTAR_PAR-CLIP,EIF3B_HEK293T_POSTAR_PAR-CLIP]
[EIF3B_HEK293T_POSTAR_PARalyzer,EIF3B_HEK293T_POSTAR_PARalyzer] was killed by [EIF3B_HEK293T_POSTAR_PAR-CLIP,EIF3B_HEK293T_POSTAR_PAR-CLIP]
[EFTUD2_HepG2_POSTAR_eCLIP,EFTUD2_HepG2_POSTAR_eCLIP] was killed by [EIF3B_HEK293T_POSTAR_PAR-CLIP,EIF3B_HEK293T_POSTAR_PAR-CLIP]
[YBX3_K562_POSTAR_eCLIP,YBX3_K562_POSTAR_eCLIP] was killed by [EIF3B_HEK293T_POSTAR_PAR-CLIP,EIF3B_HEK293T_POSTAR_PAR-CLIP]
[EIF3D_HEK293T_POSTAR_PARalyzer,EIF3D_HEK293T_POSTAR_PARalyzer] was killed by [EIF3B_HEK293T_POSTAR_PAR-CLIP,EIF3B_HEK293T_POSTAR_PAR-CLIP]
[EIF3D_HEK293T_POSTAR_PAR-CLIP,EIF3D_HEK293T_POSTAR_PAR-CLIP] was killed by [EIF3B_HEK293T_POSTAR_PAR-CLIP,EIF3B_HEK293T_POSTAR_PAR-CLIP]
[IGF2BP3_HEK293_POSTAR_PAR-CLIP,IGF2BP3_HEK293_POSTAR_PAR-CLIP] was killed by [EIF3B_HEK293T_POSTAR_PAR-CLIP,EIF3B_HEK293T_POSTAR_PAR-CLIP]
[IGF2BP3_HEK293_POSTAR_PARalyzer,IGF2BP3_HEK293_POSTAR_PARalyzer] was killed by [EIF3B_HEK293T_POSTAR_PAR-CLIP,EIF3B_HEK293T_POSTAR_PAR-CLIP]
[EFTUD2_K562_POSTAR_eCLIP,EFTUD2_K562_POSTAR_eCLIP] was killed by [EIF3B_HEK293T_POSTAR_PAR-CLIP,EIF3B_HEK293T_POSTAR_PAR-CLIP]
[CSTF2T_HEK293_POSTAR_Piranha_0.01,CSTF2T_HEK293_POSTAR_Piranha_0.01] was killed by [EIF3B_HEK293T_POSTAR_PAR-CLIP,EIF3B_HEK293T_POSTAR_PAR-CLIP]
[NUDT21_HEK293_POSTAR_Piranha_0.01,NUDT21_HEK293_POSTAR_Piranha_0.01] was killed by [EIF3B_HEK293T_POSTAR_PAR-CLIP,EIF3B_HEK293T_POSTAR_PAR-CLIP]
[RBM15_HEK293T_POSTAR_CIMS,RBM15_HEK293T_POSTAR_CIMS] was killed by [EIF3B_HEK293T_POSTAR_PAR-CLIP,EIF3B_HEK293T_POSTAR_PAR-CLIP]
[RBM15_HEK293T_POSTAR_iCLIP,RBM15_HEK293T_POSTAR_iCLIP] was killed by [EIF3B_HEK293T_POSTAR_PAR-CLIP,EIF3B_HEK293T_POSTAR_PAR-CLIP]
[YTHDF3_Huh7_POSTAR_PAR-CLIP,YTHDF3_Huh7_POSTAR_PAR-CLIP] was killed by [EIF3B_HEK293T_POSTAR_PAR-CLIP,EIF3B_HEK293T_POSTAR_PAR-CLIP]
[YTHDF3_Huh7_POSTAR_PARalyzer,YTHDF3_Huh7_POSTAR_PARalyzer] was killed by [EIF3B_HEK293T_POSTAR_PAR-CLIP,EIF3B_HEK293T_POSTAR_PAR-CLIP]
[PCBP2_HepG2_POSTAR_eCLIP,PCBP2_HepG2_POSTAR_eCLIP] was killed by [EIF3B_HEK293T_POSTAR_PAR-CLIP,EIF3B_HEK293T_POSTAR_PAR-CLIP]
[TIAL1_HeLa_POSTAR_CIMS,TIAL1_HeLa_POSTAR_CIMS] was killed by [EIF3B_HEK293T_POSTAR_PAR-CLIP,EIF3B_HEK293T_POSTAR_PAR-CLIP]
[TIAL1_HeLa_POSTAR_iCLIP,TIAL1_HeLa_POSTAR_iCLIP] was killed by [EIF3B_HEK293T_POSTAR_PAR-CLIP,EIF3B_HEK293T_POSTAR_PAR-CLIP]
[PTBP1_HEK293T,plus_SRRM4_POSTAR_Piranha_0.01,PTBP1_HEK293T,plus_SRRM4_POSTAR_Piranha_0.01] was killed by [EIF3B_HEK293T_POSTAR_PAR-CLIP,EIF3B_HEK293T_POSTAR_PAR-CLIP]
[IGF2BP2_HEK293_POSTAR_PAR-CLIP,IGF2BP2_HEK293_POSTAR_PAR-CLIP] was killed by [EIF3B_HEK293T_POSTAR_PAR-CLIP,EIF3B_HEK293T_POSTAR_PAR-CLIP]
[IGF2BP2_HEK293_POSTAR_PARalyzer,IGF2BP2_HEK293_POSTAR_PARalyzer] was killed by [EIF3B_HEK293T_POSTAR_PAR-CLIP,EIF3B_HEK293T_POSTAR_PAR-CLIP]
[YTHDF2_Huh7_POSTAR_PAR-CLIP,YTHDF2_Huh7_POSTAR_PAR-CLIP] was killed by [EIF3B_HEK293T_POSTAR_PAR-CLIP,EIF3B_HEK293T_POSTAR_PAR-CLIP]
[YTHDF2_Huh7_POSTAR_PARalyzer,YTHDF2_Huh7_POSTAR_PARalyzer] was killed by [EIF3B_HEK293T_POSTAR_PAR-CLIP,EIF3B_HEK293T_POSTAR_PAR-CLIP]
[ELAVL1_HeLa_POSTAR_PARalyzer,ELAVL1_HeLa_POSTAR_PARalyzer] was killed by [EIF3B_HEK293T_POSTAR_PAR-CLIP,EIF3B_HEK293T_POSTAR_PAR-CLIP]
[NOL12_HepG2_POSTAR_eCLIP,NOL12_HepG2_POSTAR_eCLIP] was killed by [EIF3B_HEK293T_POSTAR_PAR-CLIP,EIF3B_HEK293T_POSTAR_PAR-CLIP]
[HNRNPA1_HEK293T_POSTAR_HITS-CLIP,HNRNPA1_HEK293T_POSTAR_HITS-CLIP] was killed by [EIF3B_HEK293T_POSTAR_PAR-CLIP,EIF3B_HEK293T_POSTAR_PAR-CLIP]
[HNRNPA1_HEK293T_POSTAR_Piranha_0.01,HNRNPA1_HEK293T_POSTAR_Piranha_0.01] was killed by [EIF3B_HEK293T_POSTAR_PAR-CLIP,EIF3B_HEK293T_POSTAR_PAR-CLIP]
[HNRNPU_HeLa_POSTAR_HITS-CLIP,HNRNPU_HeLa_POSTAR_HITS-CLIP] was killed by [EIF3B_HEK293T_POSTAR_PAR-CLIP,EIF3B_HEK293T_POSTAR_PAR-CLIP]
[HNRNPU_HeLa_POSTAR_Piranha_0.01,HNRNPU_HeLa_POSTAR_Piranha_0.01] was killed by [EIF3B_HEK293T_POSTAR_PAR-CLIP,EIF3B_HEK293T_POSTAR_PAR-CLIP]
[U2AF2_HepG2_POSTAR_eCLIP,U2AF2_HepG2_POSTAR_eCLIP] was killed by [EIF3B_HEK293T_POSTAR_PAR-CLIP,EIF3B_HEK293T_POSTAR_PAR-CLIP]
[DICER1_HEK293_POSTAR_PAR-CLIP,DICER1_HEK293_POSTAR_PAR-CLIP] was killed by [EIF3B_HEK293T_POSTAR_PAR-CLIP,EIF3B_HEK293T_POSTAR_PAR-CLIP]
[DICER1_HEK293_POSTAR_PARalyzer,DICER1_HEK293_POSTAR_PARalyzer] was killed by [EIF3B_HEK293T_POSTAR_PAR-CLIP,EIF3B_HEK293T_POSTAR_PAR-CLIP]
[METTL3_HeLa_POSTAR_PAR-CLIP,METTL3_HeLa_POSTAR_PAR-CLIP] was killed by [EIF3B_HEK293T_POSTAR_PAR-CLIP,EIF3B_HEK293T_POSTAR_PAR-CLIP]
[HNRNPC_HeLa_POSTAR_Piranha_0.01,HNRNPC_HeLa_POSTAR_Piranha_0.01] was killed by [EIF3B_HEK293T_POSTAR_PAR-CLIP,EIF3B_HEK293T_POSTAR_PAR-CLIP]
[TAF15_HEK293_POSTAR_Piranha_0.01,TAF15_HEK293_POSTAR_Piranha_0.01] was killed by [EIF3B_HEK293T_POSTAR_PAR-CLIP,EIF3B_HEK293T_POSTAR_PAR-CLIP]
[ELAVL1_HeLa_POSTAR_PAR-CLIP,ELAVL1_HeLa_POSTAR_PAR-CLIP] was killed by [EIF3B_HEK293T_POSTAR_PAR-CLIP,EIF3B_HEK293T_POSTAR_PAR-CLIP]
[PTBP1_HeLa_POSTAR_HITS-CLIP,PTBP1_HeLa_POSTAR_HITS-CLIP] was killed by [EIF3B_HEK293T_POSTAR_PAR-CLIP,EIF3B_HEK293T_POSTAR_PAR-CLIP]
[PTBP1_HeLa_POSTAR_Piranha_0.01,PTBP1_HeLa_POSTAR_Piranha_0.01] was killed by [EIF3B_HEK293T_POSTAR_PAR-CLIP,EIF3B_HEK293T_POSTAR_PAR-CLIP]
[EIF3B_HEK293T_POSTAR_Piranha_0.01,EIF3B_HEK293T_POSTAR_Piranha_0.01] was killed by [EIF3B_HEK293T_POSTAR_PAR-CLIP,EIF3B_HEK293T_POSTAR_PAR-CLIP]
[U2AF1_K562_POSTAR_eCLIP,U2AF1_K562_POSTAR_eCLIP] was killed by [EIF3B_HEK293T_POSTAR_PAR-CLIP,EIF3B_HEK293T_POSTAR_PAR-CLIP]
[BUD13_HepG2_POSTAR_eCLIP,BUD13_HepG2_POSTAR_eCLIP] was killed by [EIF3B_HEK293T_POSTAR_PAR-CLIP,EIF3B_HEK293T_POSTAR_PAR-CLIP]
