[TNRC6A_HEK293_Plass,TNRC6A_HEK293_Plass] was killed by [TNRC6C_HEK293_Plass,TNRC6C_HEK293_Plass]
[HNRNPA1_K562_POSTAR_eCLIP,HNRNPA1_K562_POSTAR_eCLIP] was killed by [TNRC6C_HEK293_Plass,TNRC6C_HEK293_Plass]
[RPS11_K562_POSTAR_eCLIP,RPS11_K562_POSTAR_eCLIP] was killed by [LARP7_K562_POSTAR_eCLIP,LARP7_K562_POSTAR_eCLIP]
[TNRC6B_HEK293_POSTAR_PAR-CLIP,TNRC6B_HEK293_POSTAR_PAR-CLIP] was killed by [LARP7_K562_POSTAR_eCLIP,LARP7_K562_POSTAR_eCLIP]
[TNRC6B_HEK293_POSTAR_PARalyzer,TNRC6B_HEK293_POSTAR_PARalyzer] was killed by [LARP7_K562_POSTAR_eCLIP,LARP7_K562_POSTAR_eCLIP]
[GNL3_K562_POSTAR_eCLIP,GNL3_K562_POSTAR_eCLIP] was killed by [LARP7_K562_POSTAR_eCLIP,LARP7_K562_POSTAR_eCLIP]
[SLBP_K562_POSTAR_eCLIP,SLBP_K562_POSTAR_eCLIP] was killed by [LARP7_K562_POSTAR_eCLIP,LARP7_K562_POSTAR_eCLIP]
[TARBP2_MDA-LM2_POSTAR_CIMS,TARBP2_MDA-LM2_POSTAR_CIMS] was killed by [LARP7_K562_POSTAR_eCLIP,LARP7_K562_POSTAR_eCLIP]
[TNRC6C_HEK293_POSTAR_PAR-CLIP,TNRC6C_HEK293_POSTAR_PAR-CLIP] was killed by [LARP7_K562_POSTAR_eCLIP,LARP7_K562_POSTAR_eCLIP]
[HNRNPUL1_K562_POSTAR_eCLIP,HNRNPUL1_K562_POSTAR_eCLIP] was killed by [TNRC6C_HEK293_Plass,TNRC6C_HEK293_Plass]
[BCCIP_HepG2_POSTAR_eCLIP,BCCIP_HepG2_POSTAR_eCLIP] was killed by [LARP7_K562_POSTAR_eCLIP,LARP7_K562_POSTAR_eCLIP]
[YTHDF3_HEK293T_POSTAR_Piranha_0.01,YTHDF3_HEK293T_POSTAR_Piranha_0.01] was killed by [LARP7_K562_POSTAR_eCLIP,LARP7_K562_POSTAR_eCLIP]
[YWHAG_K562_POSTAR_eCLIP,YWHAG_K562_POSTAR_eCLIP] was killed by [LARP7_K562_POSTAR_eCLIP,LARP7_K562_POSTAR_eCLIP]
[PRKRA_HEK293_POSTAR_Piranha_0.01,PRKRA_HEK293_POSTAR_Piranha_0.01] was killed by [LARP7_K562_POSTAR_eCLIP,LARP7_K562_POSTAR_eCLIP]
[IGF2BP3_PL45_POSTAR_Piranha_0.01,IGF2BP3_PL45_POSTAR_Piranha_0.01] was killed by [TNRC6C_HEK293_Plass,TNRC6C_HEK293_Plass]
[HNRNPA1_HepG2_POSTAR_eCLIP,HNRNPA1_HepG2_POSTAR_eCLIP] was killed by [LARP7_K562_POSTAR_eCLIP,LARP7_K562_POSTAR_eCLIP]
[HNRNPU_HepG2_POSTAR_eCLIP,HNRNPU_HepG2_POSTAR_eCLIP] was killed by [LARP7_K562_POSTAR_eCLIP,LARP7_K562_POSTAR_eCLIP]
[AUH_K562_POSTAR_eCLIP,AUH_K562_POSTAR_eCLIP] was killed by [LARP7_K562_POSTAR_eCLIP,LARP7_K562_POSTAR_eCLIP]
[FUS_HEK293T_POSTAR_Piranha_0.01,FUS_HEK293T_POSTAR_Piranha_0.01] was killed by [TNRC6C_HEK293_Plass,TNRC6C_HEK293_Plass]
[HLTF_K562_POSTAR_eCLIP,HLTF_K562_POSTAR_eCLIP] was killed by [LARP7_K562_POSTAR_eCLIP,LARP7_K562_POSTAR_eCLIP]
[SBDS_K562_POSTAR_eCLIP,SBDS_K562_POSTAR_eCLIP] was killed by [LARP7_K562_POSTAR_eCLIP,LARP7_K562_POSTAR_eCLIP]
[NSUN2_K562_POSTAR_eCLIP,NSUN2_K562_POSTAR_eCLIP] was killed by [LARP7_K562_POSTAR_eCLIP,LARP7_K562_POSTAR_eCLIP]
[YTHDC2_HEK293T_POSTAR_Piranha_0.01,YTHDC2_HEK293T_POSTAR_Piranha_0.01] was killed by [LARP7_K562_POSTAR_eCLIP,LARP7_K562_POSTAR_eCLIP]
[ALKBH1_HeLa_POSTAR_CIMS,ALKBH1_HeLa_POSTAR_CIMS] was killed by [LARP7_K562_POSTAR_eCLIP,LARP7_K562_POSTAR_eCLIP]
[NPM1_K562_POSTAR_eCLIP,NPM1_K562_POSTAR_eCLIP] was killed by [LARP7_K562_POSTAR_eCLIP,LARP7_K562_POSTAR_eCLIP]
[MBNL2_frontalcortex_POSTAR_CIMS,MBNL2_frontalcortex_POSTAR_CIMS] was killed by [LARP7_K562_POSTAR_eCLIP,LARP7_K562_POSTAR_eCLIP]
[TNRC6C_HEK293_POSTAR_PARalyzer,TNRC6C_HEK293_POSTAR_PARalyzer] was killed by [TNRC6C_HEK293_Plass,TNRC6C_HEK293_Plass]
[HNRNPU_K562_POSTAR_eCLIP,HNRNPU_K562_POSTAR_eCLIP] was killed by [LARP7_K562_POSTAR_eCLIP,LARP7_K562_POSTAR_eCLIP]
[HNRNPU_HEK293T_POSTAR_CIMS,HNRNPU_HEK293T_POSTAR_CIMS] was killed by [LARP7_K562_POSTAR_eCLIP,LARP7_K562_POSTAR_eCLIP]
[TNRC6B_HEK293_POSTAR_Piranha_0.01,TNRC6B_HEK293_POSTAR_Piranha_0.01] was killed by [LARP7_K562_POSTAR_eCLIP,LARP7_K562_POSTAR_eCLIP]
[AUH_HepG2_POSTAR_eCLIP,AUH_HepG2_POSTAR_eCLIP] was killed by [LARP7_K562_POSTAR_eCLIP,LARP7_K562_POSTAR_eCLIP]
[TIA1_NA_POSTAR_CIMS,TIA1_NA_POSTAR_CIMS] was killed by [LARP7_K562_POSTAR_eCLIP,LARP7_K562_POSTAR_eCLIP]
[TIA1_NA_POSTAR_iCLIP,TIA1_NA_POSTAR_iCLIP] was killed by [LARP7_K562_POSTAR_eCLIP,LARP7_K562_POSTAR_eCLIP]
[PPIL4_K562_POSTAR_eCLIP,PPIL4_K562_POSTAR_eCLIP] was killed by [LARP7_K562_POSTAR_eCLIP,LARP7_K562_POSTAR_eCLIP]
[EIF4A3_HeLa_POSTAR_CIMS,EIF4A3_HeLa_POSTAR_CIMS] was killed by [LARP7_K562_POSTAR_eCLIP,LARP7_K562_POSTAR_eCLIP]
[TIAL1_NA_POSTAR_CIMS,TIAL1_NA_POSTAR_CIMS] was killed by [TNRC6C_HEK293_Plass,TNRC6C_HEK293_Plass]
[TIAL1_NA_POSTAR_iCLIP,TIAL1_NA_POSTAR_iCLIP] was killed by [TNRC6C_HEK293_Plass,TNRC6C_HEK293_Plass]
[TARDBP_H9_POSTAR_iCLIP,TARDBP_H9_POSTAR_iCLIP] was killed by [TNRC6C_HEK293_Plass,TNRC6C_HEK293_Plass]
[TARDBP_H9_POSTAR_CIMS,TARDBP_H9_POSTAR_CIMS] was killed by [TNRC6C_HEK293_Plass,TNRC6C_HEK293_Plass]
