[HP_INCREASED_SERUM_LACTATE,HP_INCREASED_SERUM_LACTATE] was killed by [HP_SLOPING_FOREHEAD,HP_SLOPING_FOREHEAD]
[HP_INCREASED_CSF_LACTATE,HP_INCREASED_CSF_LACTATE] was killed by [HP_ABNORMALITY_OF_THE_MITOCHONDRION,HP_ABNORMALITY_OF_THE_MITOCHONDRION]
[HP_LACTIC_ACIDOSIS,HP_LACTIC_ACIDOSIS] was killed by [HP_ABNORMALITY_OF_THE_MITOCHONDRION,HP_ABNORMALITY_OF_THE_MITOCHONDRION]
[HP_ABNORMAL_ACTIVITY_OF_MITOCHONDRIAL_RESPIRATORY_CHAIN,HP_ABNORMAL_ACTIVITY_OF_MITOCHONDRIAL_RESPIRATORY_CHAIN] was killed by [HP_ABNORMALITY_OF_THE_MITOCHONDRION,HP_ABNORMALITY_OF_THE_MITOCHONDRION]
[HP_MYELODYSPLASIA,HP_MYELODYSPLASIA] was killed by [HP_SLOPING_FOREHEAD,HP_SLOPING_FOREHEAD]
[HP_PRENATAL_MATERNAL_ABNORMALITY,HP_PRENATAL_MATERNAL_ABNORMALITY] was killed by [HP_ABNORMAL_SPUTUM,HP_ABNORMAL_SPUTUM]
[HP_LEUKODYSTROPHY,HP_LEUKODYSTROPHY] was killed by [HP_ABNORMALITY_OF_THE_MITOCHONDRION,HP_ABNORMALITY_OF_THE_MITOCHONDRION]
[HP_LOW_ANTERIOR_HAIRLINE,HP_LOW_ANTERIOR_HAIRLINE] was killed by [HP_ERYTHROID_HYPOPLASIA,HP_ERYTHROID_HYPOPLASIA]
[HP_SIMPLIFIED_GYRAL_PATTERN,HP_SIMPLIFIED_GYRAL_PATTERN] was killed by [HP_SLOPING_FOREHEAD,HP_SLOPING_FOREHEAD]
[HP_LEUKEMIA,HP_LEUKEMIA] was killed by [HP_SLOPING_FOREHEAD,HP_SLOPING_FOREHEAD]
[HP_ELEVATED_RED_CELL_ADENOSINE_DEAMINASE_LEVEL,HP_ELEVATED_RED_CELL_ADENOSINE_DEAMINASE_LEVEL] was killed by [HP_ERYTHROID_HYPOPLASIA,HP_ERYTHROID_HYPOPLASIA]
[HP_NORMOCHROMIC_ANEMIA,HP_NORMOCHROMIC_ANEMIA] was killed by [HP_ERYTHROID_HYPOPLASIA,HP_ERYTHROID_HYPOPLASIA]
[HP_ABNORMALITY_OF_BONE_MARROW_CELL_MORPHOLOGY,HP_ABNORMALITY_OF_BONE_MARROW_CELL_MORPHOLOGY] was killed by [HP_SLOPING_FOREHEAD,HP_SLOPING_FOREHEAD]
[HP_MALIGNANT_GENITOURINARY_TRACT_TUMOR,HP_MALIGNANT_GENITOURINARY_TRACT_TUMOR] was killed by [HP_ERYTHROID_HYPOPLASIA,HP_ERYTHROID_HYPOPLASIA]
[HP_ABNORMAL_NEUTROPHIL_COUNT,HP_ABNORMAL_NEUTROPHIL_COUNT] was killed by [HP_ERYTHROID_HYPOPLASIA,HP_ERYTHROID_HYPOPLASIA]
[HP_ABNORMAL_ERYTHROCYTE_ENZYME_LEVEL,HP_ABNORMAL_ERYTHROCYTE_ENZYME_LEVEL] was killed by [HP_ERYTHROID_HYPOPLASIA,HP_ERYTHROID_HYPOPLASIA]
[HP_ABNORMAL_CSF_METABOLITE_LEVEL,HP_ABNORMAL_CSF_METABOLITE_LEVEL] was killed by [HP_ABNORMALITY_OF_THE_MITOCHONDRION,HP_ABNORMALITY_OF_THE_MITOCHONDRION]
[HP_CAFE_AU_LAIT_SPOT,HP_CAFE_AU_LAIT_SPOT] was killed by [HP_SLOPING_FOREHEAD,HP_SLOPING_FOREHEAD]
[HP_ADENOCARCINOMA_OF_THE_LARGE_INTESTINE,HP_ADENOCARCINOMA_OF_THE_LARGE_INTESTINE] was killed by [HP_ERYTHROID_HYPOPLASIA,HP_ERYTHROID_HYPOPLASIA]
[HP_ABNORMAL_CAROTID_ARTERY_MORPHOLOGY,HP_ABNORMAL_CAROTID_ARTERY_MORPHOLOGY] was killed by [HP_SLOPING_FOREHEAD,HP_SLOPING_FOREHEAD]
[HP_ADENOCARCINOMA_OF_THE_INTESTINES,HP_ADENOCARCINOMA_OF_THE_INTESTINES] was killed by [HP_ERYTHROID_HYPOPLASIA,HP_ERYTHROID_HYPOPLASIA]
[HP_OPTIC_NEUROPATHY,HP_OPTIC_NEUROPATHY] was killed by [HP_ABNORMALITY_OF_THE_MITOCHONDRION,HP_ABNORMALITY_OF_THE_MITOCHONDRION]
[HP_DECREASED_ACTIVITY_OF_MITOCHONDRIAL_COMPLEX_I,HP_DECREASED_ACTIVITY_OF_MITOCHONDRIAL_COMPLEX_I] was killed by [HP_ABNORMALITY_OF_THE_MITOCHONDRION,HP_ABNORMALITY_OF_THE_MITOCHONDRION]
[HP_PROGRESSIVE_MICROCEPHALY,HP_PROGRESSIVE_MICROCEPHALY] was killed by [HP_SLOPING_FOREHEAD,HP_SLOPING_FOREHEAD]
[HP_ACUTE_LEUKEMIA,HP_ACUTE_LEUKEMIA] was killed by [HP_SLOPING_FOREHEAD,HP_SLOPING_FOREHEAD]
[HP_MULTIPLE_CAFE_AU_LAIT_SPOTS,HP_MULTIPLE_CAFE_AU_LAIT_SPOTS] was killed by [HP_SLOPING_FOREHEAD,HP_SLOPING_FOREHEAD]
[HP_WHEEZING,HP_WHEEZING] was killed by [HP_ABNORMAL_SPUTUM,HP_ABNORMAL_SPUTUM]
[HP_THROMBOCYTOSIS,HP_THROMBOCYTOSIS] was killed by [HP_ERYTHROID_HYPOPLASIA,HP_ERYTHROID_HYPOPLASIA]
[HP_LOWER_LIMB_SPASTICITY,HP_LOWER_LIMB_SPASTICITY] was killed by [HP_ABNORMALITY_OF_THE_MITOCHONDRION,HP_ABNORMALITY_OF_THE_MITOCHONDRION]
[HP_PURE_RED_CELL_APLASIA,HP_PURE_RED_CELL_APLASIA] was killed by [HP_ERYTHROID_HYPOPLASIA,HP_ERYTHROID_HYPOPLASIA]
[HP_POSTNATAL_MICROCEPHALY,HP_POSTNATAL_MICROCEPHALY] was killed by [HP_SLOPING_FOREHEAD,HP_SLOPING_FOREHEAD]
[HP_MACROCYTIC_ANEMIA,HP_MACROCYTIC_ANEMIA] was killed by [HP_ERYTHROID_HYPOPLASIA,HP_ERYTHROID_HYPOPLASIA]
[HP_PANCYTOPENIA,HP_PANCYTOPENIA] was killed by [HP_SLOPING_FOREHEAD,HP_SLOPING_FOREHEAD]
[HP_LETHARGY,HP_LETHARGY] was killed by [HP_ABNORMALITY_OF_THE_MITOCHONDRION,HP_ABNORMALITY_OF_THE_MITOCHONDRION]
[HP_LISSENCEPHALY,HP_LISSENCEPHALY] was killed by [HP_SLOPING_FOREHEAD,HP_SLOPING_FOREHEAD]
[HP_ABNORMAL_AORTIC_VALVE_MORPHOLOGY,HP_ABNORMAL_AORTIC_VALVE_MORPHOLOGY] was killed by [HP_SLOPING_FOREHEAD,HP_SLOPING_FOREHEAD]
[HP_NASAL_OBSTRUCTION,HP_NASAL_OBSTRUCTION] was killed by [HP_ABNORMAL_SPUTUM,HP_ABNORMAL_SPUTUM]
[HP_SINGLE_TRANSVERSE_PALMAR_CREASE,HP_SINGLE_TRANSVERSE_PALMAR_CREASE] was killed by [HP_SLOPING_FOREHEAD,HP_SLOPING_FOREHEAD]
[HP_ACUTE_MYELOID_LEUKEMIA,HP_ACUTE_MYELOID_LEUKEMIA] was killed by [HP_ERYTHROID_HYPOPLASIA,HP_ERYTHROID_HYPOPLASIA]
[HP_AIRWAY_OBSTRUCTION,HP_AIRWAY_OBSTRUCTION] was killed by [HP_ABNORMAL_SPUTUM,HP_ABNORMAL_SPUTUM]
[HP_PERIPHERAL_ARTERIAL_STENOSIS,HP_PERIPHERAL_ARTERIAL_STENOSIS] was killed by [HP_ABNORMAL_SPUTUM,HP_ABNORMAL_SPUTUM]
[HP_ABNORMALITY_OF_HEPATOBILIARY_SYSTEM_PHYSIOLOGY,HP_ABNORMALITY_OF_HEPATOBILIARY_SYSTEM_PHYSIOLOGY] was killed by [HP_ABNORMALITY_OF_THE_MITOCHONDRION,HP_ABNORMALITY_OF_THE_MITOCHONDRION]
[HP_ABNORMAL_MACROPHAGE_MORPHOLOGY,HP_ABNORMAL_MACROPHAGE_MORPHOLOGY] was killed by [HP_ABNORMAL_SPUTUM,HP_ABNORMAL_SPUTUM]
[HP_ABNORMALITY_OF_THE_FRONTAL_HAIRLINE,HP_ABNORMALITY_OF_THE_FRONTAL_HAIRLINE] was killed by [HP_ABNORMALITY_OF_THE_MITOCHONDRION,HP_ABNORMALITY_OF_THE_MITOCHONDRION]
[HP_ABNORMALITY_OF_THE_PULMONARY_VEINS,HP_ABNORMALITY_OF_THE_PULMONARY_VEINS] was killed by [HP_ABNORMAL_SPUTUM,HP_ABNORMAL_SPUTUM]
[HP_HEMOPTYSIS,HP_HEMOPTYSIS] was killed by [HP_ABNORMAL_SPUTUM,HP_ABNORMAL_SPUTUM]
[HP_PALLOR,HP_PALLOR] was killed by [HP_ERYTHROID_HYPOPLASIA,HP_ERYTHROID_HYPOPLASIA]
[HP_FOCAL_T2_HYPERINTENSE_BRAINSTEM_LESION,HP_FOCAL_T2_HYPERINTENSE_BRAINSTEM_LESION] was killed by [HP_ABNORMALITY_OF_THE_MITOCHONDRION,HP_ABNORMALITY_OF_THE_MITOCHONDRION]
[HP_INCREASED_MEAN_CORPUSCULAR_VOLUME,HP_INCREASED_MEAN_CORPUSCULAR_VOLUME] was killed by [HP_ERYTHROID_HYPOPLASIA,HP_ERYTHROID_HYPOPLASIA]
[HP_GENERALIZED_HYPERPIGMENTATION,HP_GENERALIZED_HYPERPIGMENTATION] was killed by [HP_RENAL_SALT_WASTING,HP_RENAL_SALT_WASTING]
[HP_PROMINENT_NASAL_BRIDGE,HP_PROMINENT_NASAL_BRIDGE] was killed by [HP_SLOPING_FOREHEAD,HP_SLOPING_FOREHEAD]
[HP_SPINAL_DYSRAPHISM,HP_SPINAL_DYSRAPHISM] was killed by [HP_SLOPING_FOREHEAD,HP_SLOPING_FOREHEAD]
[HP_NONIMMUNE_HYDROPS_FETALIS,HP_NONIMMUNE_HYDROPS_FETALIS] was killed by [HP_ERYTHROID_HYPOPLASIA,HP_ERYTHROID_HYPOPLASIA]
[HP_ABNORMAL_GLIAL_CELL_MORPHOLOGY,HP_ABNORMAL_GLIAL_CELL_MORPHOLOGY] was killed by [HP_ABNORMALITY_OF_THE_MITOCHONDRION,HP_ABNORMALITY_OF_THE_MITOCHONDRION]
[HP_OPTIC_DISC_PALLOR,HP_OPTIC_DISC_PALLOR] was killed by [HP_ABNORMALITY_OF_THE_MITOCHONDRION,HP_ABNORMALITY_OF_THE_MITOCHONDRION]
[HP_ABNORMALITY_OF_THE_THENAR_EMINENCE,HP_ABNORMALITY_OF_THE_THENAR_EMINENCE] was killed by [HP_ERYTHROID_HYPOPLASIA,HP_ERYTHROID_HYPOPLASIA]
[HP_SANDAL_GAP,HP_SANDAL_GAP] was killed by [HP_SLOPING_FOREHEAD,HP_SLOPING_FOREHEAD]
[HP_CHRONIC_RHINITIS,HP_CHRONIC_RHINITIS] was killed by [HP_ABNORMAL_SPUTUM,HP_ABNORMAL_SPUTUM]
[HP_SPASTIC_PARAPLEGIA,HP_SPASTIC_PARAPLEGIA] was killed by [HP_ABNORMALITY_OF_THE_MITOCHONDRION,HP_ABNORMALITY_OF_THE_MITOCHONDRION]
[HP_SMALL_FACE,HP_SMALL_FACE] was killed by [HP_SLOPING_FOREHEAD,HP_SLOPING_FOREHEAD]
[HP_TELANGIECTASIA,HP_TELANGIECTASIA] was killed by [HP_PALMOPLANTAR_KERATODERMA,HP_PALMOPLANTAR_KERATODERMA]
[HP_ABNORMAL_NUMBER_OF_ERYTHROID_PRECURSORS,HP_ABNORMAL_NUMBER_OF_ERYTHROID_PRECURSORS] was killed by [HP_ERYTHROID_HYPOPLASIA,HP_ERYTHROID_HYPOPLASIA]
[HP_INFERTILITY,HP_INFERTILITY] was killed by [HP_ABNORMALITY_OF_THE_MITOCHONDRION,HP_ABNORMALITY_OF_THE_MITOCHONDRION]
[HP_POLYSPLENIA,HP_POLYSPLENIA] was killed by [HP_ABNORMAL_SPUTUM,HP_ABNORMAL_SPUTUM]
[HP_GASTROINTESTINAL_CARCINOMA,HP_GASTROINTESTINAL_CARCINOMA] was killed by [HP_ERYTHROID_HYPOPLASIA,HP_ERYTHROID_HYPOPLASIA]
[HP_GLIOSIS,HP_GLIOSIS] was killed by [HP_ABNORMALITY_OF_THE_MITOCHONDRION,HP_ABNORMALITY_OF_THE_MITOCHONDRION]
[HP_ABNORMAL_BREATH_SOUND,HP_ABNORMAL_BREATH_SOUND] was killed by [HP_SLOPING_FOREHEAD,HP_SLOPING_FOREHEAD]
[HP_PERSISTENCE_OF_HEMOGLOBIN_F,HP_PERSISTENCE_OF_HEMOGLOBIN_F] was killed by [HP_ERYTHROID_HYPOPLASIA,HP_ERYTHROID_HYPOPLASIA]
[HP_DEEPLY_SET_EYE,HP_DEEPLY_SET_EYE] was killed by [HP_WIDE_MOUTH,HP_WIDE_MOUTH]
[HP_FACIAL_HYPERTRICHOSIS,HP_FACIAL_HYPERTRICHOSIS] was killed by [HP_SLOPING_FOREHEAD,HP_SLOPING_FOREHEAD]
[HP_PETECHIAE,HP_PETECHIAE] was killed by [HP_BONE_MARROW_HYPERCELLULARITY,HP_BONE_MARROW_HYPERCELLULARITY]
[HP_ABNORMAL_BRAINSTEM_MRI_SIGNAL_INTENSITY,HP_ABNORMAL_BRAINSTEM_MRI_SIGNAL_INTENSITY] was killed by [HP_ABNORMALITY_OF_THE_MITOCHONDRION,HP_ABNORMALITY_OF_THE_MITOCHONDRION]
[HP_CEREBRAL_HYPOPLASIA,HP_CEREBRAL_HYPOPLASIA] was killed by [HP_SLOPING_FOREHEAD,HP_SLOPING_FOREHEAD]
[HP_ABSENT_THUMB,HP_ABSENT_THUMB] was killed by [HP_SLOPING_FOREHEAD,HP_SLOPING_FOREHEAD]
[HP_CONVEX_NASAL_RIDGE,HP_CONVEX_NASAL_RIDGE] was killed by [HP_SLOPING_FOREHEAD,HP_SLOPING_FOREHEAD]
[HP_ABNORMALLY_FOLDED_HELIX,HP_ABNORMALLY_FOLDED_HELIX] was killed by [HP_WIDE_MOUTH,HP_WIDE_MOUTH]
[HP_OSTEOSARCOMA,HP_OSTEOSARCOMA] was killed by [HP_ERYTHROID_HYPOPLASIA,HP_ERYTHROID_HYPOPLASIA]
[HP_DELAYED_MYELINATION,HP_DELAYED_MYELINATION] was killed by [HP_SLOPING_FOREHEAD,HP_SLOPING_FOREHEAD]
[HP_DELAYED_ABILITY_TO_WALK,HP_DELAYED_ABILITY_TO_WALK] was killed by [HP_ABNORMAL_SPUTUM,HP_ABNORMAL_SPUTUM]
[HP_SMOOTH_PHILTRUM,HP_SMOOTH_PHILTRUM] was killed by [HP_WIDE_MOUTH,HP_WIDE_MOUTH]
[HP_ABNORMAL_RESPIRATORY_MOTILE_CILIUM_PHYSIOLOGY,HP_ABNORMAL_RESPIRATORY_MOTILE_CILIUM_PHYSIOLOGY] was killed by [HP_ABNORMAL_SPUTUM,HP_ABNORMAL_SPUTUM]
[HP_NASOLACRIMAL_DUCT_OBSTRUCTION,HP_NASOLACRIMAL_DUCT_OBSTRUCTION] was killed by [HP_PALMOPLANTAR_KERATODERMA,HP_PALMOPLANTAR_KERATODERMA]
[HP_ABNORMAL_ATRIAL_ARRANGEMENT,HP_ABNORMAL_ATRIAL_ARRANGEMENT] was killed by [HP_ABNORMAL_SPUTUM,HP_ABNORMAL_SPUTUM]
[HP_TRIGONOCEPHALY,HP_TRIGONOCEPHALY] was killed by [HP_WIDE_MOUTH,HP_WIDE_MOUTH]
[HP_ACETABULAR_DYSPLASIA,HP_ACETABULAR_DYSPLASIA] was killed by [HP_WIDE_MOUTH,HP_WIDE_MOUTH]
[HP_ABNORMAL_URINE_PH,HP_ABNORMAL_URINE_PH] was killed by [HP_ABNORMALITY_OF_THE_MITOCHONDRION,HP_ABNORMALITY_OF_THE_MITOCHONDRION]
[HP_NEURODEGENERATION,HP_NEURODEGENERATION] was killed by [HP_ABNORMALITY_OF_THE_MITOCHONDRION,HP_ABNORMALITY_OF_THE_MITOCHONDRION]
[HP_THICK_EYEBROW,HP_THICK_EYEBROW] was killed by [HP_WIDE_MOUTH,HP_WIDE_MOUTH]
[HP_ARTERIAL_STENOSIS,HP_ARTERIAL_STENOSIS] was killed by [HP_ABNORMALITY_OF_THE_MITOCHONDRION,HP_ABNORMALITY_OF_THE_MITOCHONDRION]
[HP_HEPATOSPLENOMEGALY,HP_HEPATOSPLENOMEGALY] was killed by [HP_BONE_MARROW_HYPERCELLULARITY,HP_BONE_MARROW_HYPERCELLULARITY]
[HP_ABNORMALITY_OF_THE_MUSCULATURE_OF_THE_HAND,HP_ABNORMALITY_OF_THE_MUSCULATURE_OF_THE_HAND] was killed by [HP_SLOPING_FOREHEAD,HP_SLOPING_FOREHEAD]
[HP_ABNORMAL_PATELLA_MORPHOLOGY,HP_ABNORMAL_PATELLA_MORPHOLOGY] was killed by [HP_ABNORMALITY_OF_THE_MITOCHONDRION,HP_ABNORMALITY_OF_THE_MITOCHONDRION]
[HP_TISSUE_ISCHEMIA,HP_TISSUE_ISCHEMIA] was killed by [HP_SLOPING_FOREHEAD,HP_SLOPING_FOREHEAD]
[HP_ENLARGED_CISTERNA_MAGNA,HP_ENLARGED_CISTERNA_MAGNA] was killed by [HP_WIDE_MOUTH,HP_WIDE_MOUTH]
[HP_ABNORMALITY_OF_THE_PERIVENTRICULAR_WHITE_MATTER,HP_ABNORMALITY_OF_THE_PERIVENTRICULAR_WHITE_MATTER] was killed by [HP_CHERRY_RED_SPOT_OF_THE_MACULA,HP_CHERRY_RED_SPOT_OF_THE_MACULA]
[HP_ABNORMAL_AORTIC_VALVE_PHYSIOLOGY,HP_ABNORMAL_AORTIC_VALVE_PHYSIOLOGY] was killed by [HP_ABNORMALITY_OF_THE_MITOCHONDRION,HP_ABNORMALITY_OF_THE_MITOCHONDRION]
[HP_NEOPLASM_OF_THE_COLON,HP_NEOPLASM_OF_THE_COLON] was killed by [HP_SLOPING_FOREHEAD,HP_SLOPING_FOREHEAD]
[HP_PARTIAL_DUPLICATION_OF_THE_PHALANX_OF_HAND,HP_PARTIAL_DUPLICATION_OF_THE_PHALANX_OF_HAND] was killed by [HP_ERYTHROID_HYPOPLASIA,HP_ERYTHROID_HYPOPLASIA]
[HP_PROGRESSIVE_NEUROLOGIC_DETERIORATION,HP_PROGRESSIVE_NEUROLOGIC_DETERIORATION] was killed by [HP_ABNORMALITY_OF_THE_MITOCHONDRION,HP_ABNORMALITY_OF_THE_MITOCHONDRION]
[HP_BRUISING_SUSCEPTIBILITY,HP_BRUISING_SUSCEPTIBILITY] was killed by [HP_ABNORMALITY_OF_THE_MITOCHONDRION,HP_ABNORMALITY_OF_THE_MITOCHONDRION]
[HP_HYPSARRHYTHMIA,HP_HYPSARRHYTHMIA] was killed by [HP_SLOPING_FOREHEAD,HP_SLOPING_FOREHEAD]
[HP_LOWER_LIMB_HYPERTONIA,HP_LOWER_LIMB_HYPERTONIA] was killed by [HP_SLOPING_FOREHEAD,HP_SLOPING_FOREHEAD]
[HP_ABNORMALITY_OF_HEAD_BLOOD_VESSEL,HP_ABNORMALITY_OF_HEAD_BLOOD_VESSEL] was killed by [HP_ABNORMALITY_OF_THE_MITOCHONDRION,HP_ABNORMALITY_OF_THE_MITOCHONDRION]
[HP_CNS_HYPOMYELINATION,HP_CNS_HYPOMYELINATION] was killed by [HP_DISTAL_SENSORY_IMPAIRMENT,HP_DISTAL_SENSORY_IMPAIRMENT]
[HP_ANEMIA_OF_INADEQUATE_PRODUCTION,HP_ANEMIA_OF_INADEQUATE_PRODUCTION] was killed by [HP_SLOPING_FOREHEAD,HP_SLOPING_FOREHEAD]
[HP_CHRONIC_SINUSITIS,HP_CHRONIC_SINUSITIS] was killed by [HP_ABNORMAL_SPUTUM,HP_ABNORMAL_SPUTUM]
[HP_BILATERAL_SINGLE_TRANSVERSE_PALMAR_CREASES,HP_BILATERAL_SINGLE_TRANSVERSE_PALMAR_CREASES] was killed by [HP_WIDE_MOUTH,HP_WIDE_MOUTH]
[HP_RESTRICTIVE_VENTILATORY_DEFECT,HP_RESTRICTIVE_VENTILATORY_DEFECT] was killed by [HP_ABNORMAL_SPUTUM,HP_ABNORMAL_SPUTUM]
[HP_NEOPLASM_OF_THE_PANCREAS,HP_NEOPLASM_OF_THE_PANCREAS] was killed by [HP_ABNORMALITY_OF_THE_MITOCHONDRION,HP_ABNORMALITY_OF_THE_MITOCHONDRION]
[HP_ABNORMAL_CORONARY_ARTERY_MORPHOLOGY,HP_ABNORMAL_CORONARY_ARTERY_MORPHOLOGY] was killed by [HP_ABNORMAL_SPUTUM,HP_ABNORMAL_SPUTUM]
[HP_ABNORMALITY_OF_THE_PREPUTIUM,HP_ABNORMALITY_OF_THE_PREPUTIUM] was killed by [HP_SLOPING_FOREHEAD,HP_SLOPING_FOREHEAD]
[HP_MULTIFACTORIAL_INHERITANCE,HP_MULTIFACTORIAL_INHERITANCE] was killed by [HP_ABNORMALITY_OF_THE_MITOCHONDRION,HP_ABNORMALITY_OF_THE_MITOCHONDRION]
[HP_ABNORMAL_NASAL_BASE,HP_ABNORMAL_NASAL_BASE] was killed by [HP_THICKENED_NUCHAL_SKIN_FOLD,HP_THICKENED_NUCHAL_SKIN_FOLD]
[HP_APLASIA_HYPOPLASIA_OF_THE_EAR,HP_APLASIA_HYPOPLASIA_OF_THE_EAR] was killed by [HP_SLOPING_FOREHEAD,HP_SLOPING_FOREHEAD]
[HP_BRAIN_IMAGING_ABNORMALITY,HP_BRAIN_IMAGING_ABNORMALITY] was killed by [HP_ABNORMALITY_OF_THE_MITOCHONDRION,HP_ABNORMALITY_OF_THE_MITOCHONDRION]
[HP_FOCAL_MYOCLONIC_SEIZURE,HP_FOCAL_MYOCLONIC_SEIZURE] was killed by [HP_SLOPING_FOREHEAD,HP_SLOPING_FOREHEAD]
[HP_ABNORMALITY_OF_SKIN_ADNEXA_PHYSIOLOGY,HP_ABNORMALITY_OF_SKIN_ADNEXA_PHYSIOLOGY] was killed by [HP_PALMOPLANTAR_KERATODERMA,HP_PALMOPLANTAR_KERATODERMA]
[HP_ABNORMALITY_OF_BLOOD_VOLUME_HOMEOSTASIS,HP_ABNORMALITY_OF_BLOOD_VOLUME_HOMEOSTASIS] was killed by [HP_ABNORMAL_SPUTUM,HP_ABNORMAL_SPUTUM]
[HP_PATCHY_ALOPECIA,HP_PATCHY_ALOPECIA] was killed by [HP_PALMOPLANTAR_KERATODERMA,HP_PALMOPLANTAR_KERATODERMA]
[HP_LARGE_BASAL_GANGLIA,HP_LARGE_BASAL_GANGLIA] was killed by [HP_CORTICAL_DYSPLASIA,HP_CORTICAL_DYSPLASIA]
[HP_ABNORMAL_MEAN_CORPUSCULAR_VOLUME,HP_ABNORMAL_MEAN_CORPUSCULAR_VOLUME] was killed by [HP_ERYTHROID_HYPOPLASIA,HP_ERYTHROID_HYPOPLASIA]
[HP_APLASIA_HYPOPLASIA_OF_THE_PATELLA,HP_APLASIA_HYPOPLASIA_OF_THE_PATELLA] was killed by [HP_WIDE_MOUTH,HP_WIDE_MOUTH]
[HP_RENAL_TUBULAR_ACIDOSIS,HP_RENAL_TUBULAR_ACIDOSIS] was killed by [HP_ABNORMALITY_OF_THE_MITOCHONDRION,HP_ABNORMALITY_OF_THE_MITOCHONDRION]
[HP_ASTIGMATISM,HP_ASTIGMATISM] was killed by [HP_SLOPING_FOREHEAD,HP_SLOPING_FOREHEAD]
[HP_ORGANIC_ACIDURIA,HP_ORGANIC_ACIDURIA] was killed by [HP_ABNORMALITY_OF_THE_MITOCHONDRION,HP_ABNORMALITY_OF_THE_MITOCHONDRION]
[HP_UNILATERAL_RENAL_AGENESIS,HP_UNILATERAL_RENAL_AGENESIS] was killed by [HP_SLOPING_FOREHEAD,HP_SLOPING_FOREHEAD]
[HP_ABNORMAL_NASAL_MUCOSA_MORPHOLOGY,HP_ABNORMAL_NASAL_MUCOSA_MORPHOLOGY] was killed by [HP_ABNORMAL_SPUTUM,HP_ABNORMAL_SPUTUM]
[HP_HYPOPLASIA_OF_THE_ODONTOID_PROCESS,HP_HYPOPLASIA_OF_THE_ODONTOID_PROCESS] was killed by [HP_ABNORMALITY_OF_THE_ACETABULUM,HP_ABNORMALITY_OF_THE_ACETABULUM]
[HP_CRANIOSYNOSTOSIS,HP_CRANIOSYNOSTOSIS] was killed by [HP_ABNORMALITY_OF_THE_MITOCHONDRION,HP_ABNORMALITY_OF_THE_MITOCHONDRION]
[HP_DUPLICATION_OF_THUMB_PHALANX,HP_DUPLICATION_OF_THUMB_PHALANX] was killed by [HP_SLOPING_FOREHEAD,HP_SLOPING_FOREHEAD]
[HP_HYDROPS_FETALIS,HP_HYDROPS_FETALIS] was killed by [HP_SLOPING_FOREHEAD,HP_SLOPING_FOREHEAD]
[HP_ABNORMALITY_OF_BLADDER_MORPHOLOGY,HP_ABNORMALITY_OF_BLADDER_MORPHOLOGY] was killed by [HP_ABNORMAL_SPUTUM,HP_ABNORMAL_SPUTUM]
[HP_PSYCHOMOTOR_RETARDATION,HP_PSYCHOMOTOR_RETARDATION] was killed by [HP_ABNORMALITY_OF_THE_MITOCHONDRION,HP_ABNORMALITY_OF_THE_MITOCHONDRION]
[HP_SCARRING,HP_SCARRING] was killed by [HP_ABNORMAL_SPUTUM,HP_ABNORMAL_SPUTUM]
[HP_DEMENTIA,HP_DEMENTIA] was killed by [HP_SLOPING_FOREHEAD,HP_SLOPING_FOREHEAD]
[HP_OROMOTOR_APRAXIA,HP_OROMOTOR_APRAXIA] was killed by [HP_CORTICAL_DYSPLASIA,HP_CORTICAL_DYSPLASIA]
[HP_ABNORMALITY_OF_THE_COLUMELLA,HP_ABNORMALITY_OF_THE_COLUMELLA] was killed by [HP_WIDE_MOUTH,HP_WIDE_MOUTH]
[HP_PARTIAL_AGENESIS_OF_THE_CORPUS_CALLOSUM,HP_PARTIAL_AGENESIS_OF_THE_CORPUS_CALLOSUM] was killed by [HP_WIDE_MOUTH,HP_WIDE_MOUTH]
[HP_HYPOTHERMIA,HP_HYPOTHERMIA] was killed by [HP_ABNORMALITY_OF_THE_MITOCHONDRION,HP_ABNORMALITY_OF_THE_MITOCHONDRION]
[HP_MULTICYSTIC_KIDNEY_DYSPLASIA,HP_MULTICYSTIC_KIDNEY_DYSPLASIA] was killed by [HP_SLOPING_FOREHEAD,HP_SLOPING_FOREHEAD]
[HP_PYRIDOXINE_RESPONSIVE_SIDEROBLASTIC_ANEMIA,HP_PYRIDOXINE_RESPONSIVE_SIDEROBLASTIC_ANEMIA] was killed by [HP_SLOPING_FOREHEAD,HP_SLOPING_FOREHEAD]
[HP_RHINITIS,HP_RHINITIS] was killed by [HP_SLOPING_FOREHEAD,HP_SLOPING_FOREHEAD]
[HP_OSTEOARTHRITIS,HP_OSTEOARTHRITIS] was killed by [HP_ABNORMAL_SPUTUM,HP_ABNORMAL_SPUTUM]
[HP_ABNORMAL_CARDIAC_VENTRICULAR_FUNCTION,HP_ABNORMAL_CARDIAC_VENTRICULAR_FUNCTION] was killed by [HP_ABNORMALITY_OF_THE_MITOCHONDRION,HP_ABNORMALITY_OF_THE_MITOCHONDRION]
[HP_ABNORMAL_NIPPLE_MORPHOLOGY,HP_ABNORMAL_NIPPLE_MORPHOLOGY] was killed by [HP_WIDE_MOUTH,HP_WIDE_MOUTH]
[HP_HYPERTENSION_ASSOCIATED_WITH_PHEOCHROMOCYTOMA,HP_HYPERTENSION_ASSOCIATED_WITH_PHEOCHROMOCYTOMA] was killed by [HP_PALMOPLANTAR_KERATODERMA,HP_PALMOPLANTAR_KERATODERMA]
[HP_DELAYED_CLOSURE_OF_THE_ANTERIOR_FONTANELLE,HP_DELAYED_CLOSURE_OF_THE_ANTERIOR_FONTANELLE] was killed by [HP_WIDE_MOUTH,HP_WIDE_MOUTH]
[HP_ABNORMAL_BLISTERING_OF_THE_SKIN,HP_ABNORMAL_BLISTERING_OF_THE_SKIN] was killed by [HP_SLOPING_FOREHEAD,HP_SLOPING_FOREHEAD]
[HP_WIDELY_SPACED_TEETH,HP_WIDELY_SPACED_TEETH] was killed by [HP_ABNORMALITY_OF_THE_MITOCHONDRION,HP_ABNORMALITY_OF_THE_MITOCHONDRION]
[HP_ONYCHOGRYPOSIS,HP_ONYCHOGRYPOSIS] was killed by [HP_PALMOPLANTAR_KERATODERMA,HP_PALMOPLANTAR_KERATODERMA]
[HP_ABNORMALITY_OF_THE_GINGIVA,HP_ABNORMALITY_OF_THE_GINGIVA] was killed by [HP_BONE_MARROW_HYPERCELLULARITY,HP_BONE_MARROW_HYPERCELLULARITY]
[HP_HYPOPLASIA_OF_THE_BRAINSTEM,HP_HYPOPLASIA_OF_THE_BRAINSTEM] was killed by [HP_SLOPING_FOREHEAD,HP_SLOPING_FOREHEAD]
[HP_ORTHOSTATIC_HYPOTENSION,HP_ORTHOSTATIC_HYPOTENSION] was killed by [HP_CHERRY_RED_SPOT_OF_THE_MACULA,HP_CHERRY_RED_SPOT_OF_THE_MACULA]
[HP_SEVERE_SHORT_STATURE,HP_SEVERE_SHORT_STATURE] was killed by [HP_CHERRY_RED_SPOT_OF_THE_MACULA,HP_CHERRY_RED_SPOT_OF_THE_MACULA]
[HP_KYPHOSCOLIOSIS,HP_KYPHOSCOLIOSIS] was killed by [HP_ABNORMALITY_OF_THE_ACETABULUM,HP_ABNORMALITY_OF_THE_ACETABULUM]
[HP_ABSENT_TESTIS,HP_ABSENT_TESTIS] was killed by [HP_SLOPING_FOREHEAD,HP_SLOPING_FOREHEAD]
[HP_ABNORMAL_RETINAL_ARTERY_MORPHOLOGY,HP_ABNORMAL_RETINAL_ARTERY_MORPHOLOGY] was killed by [HP_ABNORMALITY_OF_THE_MITOCHONDRION,HP_ABNORMALITY_OF_THE_MITOCHONDRION]
[HP_ABNORMAL_PLATELET_MORPHOLOGY,HP_ABNORMAL_PLATELET_MORPHOLOGY] was killed by [HP_ERYTHROID_HYPOPLASIA,HP_ERYTHROID_HYPOPLASIA]
[HP_BLADDER_DIVERTICULUM,HP_BLADDER_DIVERTICULUM] was killed by [HP_ABNORMAL_SPUTUM,HP_ABNORMAL_SPUTUM]
[HP_FRAGILE_SKIN,HP_FRAGILE_SKIN] was killed by [HP_PALMOPLANTAR_KERATODERMA,HP_PALMOPLANTAR_KERATODERMA]
[HP_ABNORMAL_NEURAL_TUBE_MORPHOLOGY,HP_ABNORMAL_NEURAL_TUBE_MORPHOLOGY] was killed by [HP_SLOPING_FOREHEAD,HP_SLOPING_FOREHEAD]
[HP_SHUFFLING_GAIT,HP_SHUFFLING_GAIT] was killed by [HP_DISTAL_SENSORY_IMPAIRMENT,HP_DISTAL_SENSORY_IMPAIRMENT]
[HP_ABNORMALITY_OF_URINE_CATECHOLAMINE_CONCENTRATION,HP_ABNORMALITY_OF_URINE_CATECHOLAMINE_CONCENTRATION] was killed by [HP_PALMOPLANTAR_KERATODERMA,HP_PALMOPLANTAR_KERATODERMA]
[HP_LIPID_ACCUMULATION_IN_HEPATOCYTES,HP_LIPID_ACCUMULATION_IN_HEPATOCYTES] was killed by [HP_ABNORMALITY_OF_THE_MITOCHONDRION,HP_ABNORMALITY_OF_THE_MITOCHONDRION]
[HP_ISCHEMIC_STROKE,HP_ISCHEMIC_STROKE] was killed by [HP_ABNORMAL_SPUTUM,HP_ABNORMAL_SPUTUM]
[HP_APLASIA_HYPOPLASIA_OF_THE_STERNUM,HP_APLASIA_HYPOPLASIA_OF_THE_STERNUM] was killed by [HP_SLOPING_FOREHEAD,HP_SLOPING_FOREHEAD]
[HP_ABNORMAL_ARTERIAL_PHYSIOLOGY,HP_ABNORMAL_ARTERIAL_PHYSIOLOGY] was killed by [HP_SLOPING_FOREHEAD,HP_SLOPING_FOREHEAD]
[HP_PELVIC_GIRDLE_MUSCLE_WEAKNESS,HP_PELVIC_GIRDLE_MUSCLE_WEAKNESS] was killed by [HP_ABNORMALITY_OF_THE_MITOCHONDRION,HP_ABNORMALITY_OF_THE_MITOCHONDRION]
[HP_DERMAL_TRANSLUCENCY,HP_DERMAL_TRANSLUCENCY] was killed by [HP_ABNORMAL_SPUTUM,HP_ABNORMAL_SPUTUM]
[HP_ABNORMAL_FEMORAL_NECK_HEAD_MORPHOLOGY,HP_ABNORMAL_FEMORAL_NECK_HEAD_MORPHOLOGY] was killed by [HP_ABNORMALITY_OF_THE_MITOCHONDRION,HP_ABNORMALITY_OF_THE_MITOCHONDRION]
[HP_HEPATIC_FIBROSIS,HP_HEPATIC_FIBROSIS] was killed by [HP_SLOPING_FOREHEAD,HP_SLOPING_FOREHEAD]
[HP_ABNORMAL_BLOOD_GAS_LEVEL,HP_ABNORMAL_BLOOD_GAS_LEVEL] was killed by [HP_ABNORMAL_SPUTUM,HP_ABNORMAL_SPUTUM]
[HP_ABNORMAL_CIRCULATING_RENIN,HP_ABNORMAL_CIRCULATING_RENIN] was killed by [HP_RENAL_SALT_WASTING,HP_RENAL_SALT_WASTING]
[HP_MITOCHONDRIAL_RESPIRATORY_CHAIN_DEFECTS,HP_MITOCHONDRIAL_RESPIRATORY_CHAIN_DEFECTS] was killed by [HP_ABNORMALITY_OF_THE_MITOCHONDRION,HP_ABNORMALITY_OF_THE_MITOCHONDRION]
[HP_ABNORMAL_PULMONARY_INTERSTITIAL_MORPHOLOGY,HP_ABNORMAL_PULMONARY_INTERSTITIAL_MORPHOLOGY] was killed by [HP_ABNORMAL_SPUTUM,HP_ABNORMAL_SPUTUM]
[HP_BULBOUS_NOSE,HP_BULBOUS_NOSE] was killed by [HP_SLOPING_FOREHEAD,HP_SLOPING_FOREHEAD]
[HP_FOCAL_T2_HYPERINTENSE_BASAL_GANGLIA_LESION,HP_FOCAL_T2_HYPERINTENSE_BASAL_GANGLIA_LESION] was killed by [HP_ABNORMALITY_OF_THE_MITOCHONDRION,HP_ABNORMALITY_OF_THE_MITOCHONDRION]
[HP_RETINAL_VASCULAR_TORTUOSITY,HP_RETINAL_VASCULAR_TORTUOSITY] was killed by [HP_ABNORMALITY_OF_THE_MITOCHONDRION,HP_ABNORMALITY_OF_THE_MITOCHONDRION]
[HP_ABNORMAL_LOCALIZATION_OF_KIDNEY,HP_ABNORMAL_LOCALIZATION_OF_KIDNEY] was killed by [HP_SLOPING_FOREHEAD,HP_SLOPING_FOREHEAD]
[HP_HYPERACUSIS,HP_HYPERACUSIS] was killed by [HP_WIDE_MOUTH,HP_WIDE_MOUTH]
[HP_ABNORMAL_BASAL_GANGLIA_MRI_SIGNAL_INTENSITY,HP_ABNORMAL_BASAL_GANGLIA_MRI_SIGNAL_INTENSITY] was killed by [HP_ABNORMALITY_OF_THE_MITOCHONDRION,HP_ABNORMALITY_OF_THE_MITOCHONDRION]
[HP_ACQUIRED_ABNORMAL_HAIR_PATTERN,HP_ACQUIRED_ABNORMAL_HAIR_PATTERN] was killed by [HP_PALMOPLANTAR_KERATODERMA,HP_PALMOPLANTAR_KERATODERMA]
[HP_ARTERIOSCLEROSIS,HP_ARTERIOSCLEROSIS] was killed by [HP_ABNORMALITY_OF_THE_MITOCHONDRION,HP_ABNORMALITY_OF_THE_MITOCHONDRION]
[HP_AORTIC_DISSECTION,HP_AORTIC_DISSECTION] was killed by [HP_ABNORMAL_SPUTUM,HP_ABNORMAL_SPUTUM]
[HP_HEAD_TREMOR,HP_HEAD_TREMOR] was killed by [HP_DISTAL_SENSORY_IMPAIRMENT,HP_DISTAL_SENSORY_IMPAIRMENT]
[HP_ABNORMALITY_OF_THE_INTERVERTEBRAL_DISK,HP_ABNORMALITY_OF_THE_INTERVERTEBRAL_DISK] was killed by [HP_WIDE_MOUTH,HP_WIDE_MOUTH]
[HP_METABOLIC_ACIDOSIS,HP_METABOLIC_ACIDOSIS] was killed by [HP_ABNORMALITY_OF_THE_MITOCHONDRION,HP_ABNORMALITY_OF_THE_MITOCHONDRION]
[HP_XEROSTOMIA,HP_XEROSTOMIA] was killed by [HP_THICKENED_NUCHAL_SKIN_FOLD,HP_THICKENED_NUCHAL_SKIN_FOLD]
[HP_NASOGASTRIC_TUBE_FEEDING,HP_NASOGASTRIC_TUBE_FEEDING] was killed by [HP_CORTICAL_DYSPLASIA,HP_CORTICAL_DYSPLASIA]
[HP_PALMOPLANTAR_BLISTERING,HP_PALMOPLANTAR_BLISTERING] was killed by [HP_PALMOPLANTAR_KERATODERMA,HP_PALMOPLANTAR_KERATODERMA]
[HP_UPPER_EXTREMITY_JOINT_DISLOCATION,HP_UPPER_EXTREMITY_JOINT_DISLOCATION] was killed by [HP_ABNORMALITY_OF_THE_MITOCHONDRION,HP_ABNORMALITY_OF_THE_MITOCHONDRION]
[HP_INCREASED_SERUM_PYRUVATE,HP_INCREASED_SERUM_PYRUVATE] was killed by [HP_ABNORMALITY_OF_THE_MITOCHONDRION,HP_ABNORMALITY_OF_THE_MITOCHONDRION]
[HP_NARROW_PALATE,HP_NARROW_PALATE] was killed by [HP_ABNORMAL_SPUTUM,HP_ABNORMAL_SPUTUM]
[HP_PULMONIC_STENOSIS,HP_PULMONIC_STENOSIS] was killed by [HP_WIDE_MOUTH,HP_WIDE_MOUTH]
[HP_ABNORMAL_RIGHT_VENTRICLE_MORPHOLOGY,HP_ABNORMAL_RIGHT_VENTRICLE_MORPHOLOGY] was killed by [HP_PALMOPLANTAR_KERATODERMA,HP_PALMOPLANTAR_KERATODERMA]
[HP_HEPATIC_FAILURE,HP_HEPATIC_FAILURE] was killed by [HP_ABNORMALITY_OF_THE_MITOCHONDRION,HP_ABNORMALITY_OF_THE_MITOCHONDRION]
[HP_ABNORMAL_SPEECH_PROSODY,HP_ABNORMAL_SPEECH_PROSODY] was killed by [HP_ABNORMALITY_OF_THE_MITOCHONDRION,HP_ABNORMALITY_OF_THE_MITOCHONDRION]
[HP_WEBBED_NECK,HP_WEBBED_NECK] was killed by [HP_ABNORMALITY_OF_THE_MITOCHONDRION,HP_ABNORMALITY_OF_THE_MITOCHONDRION]
[HP_RECURRENT_MYCOBACTERIAL_INFECTIONS,HP_RECURRENT_MYCOBACTERIAL_INFECTIONS] was killed by [HP_ABNORMAL_SPUTUM,HP_ABNORMAL_SPUTUM]
[HP_HYPERHIDROSIS,HP_HYPERHIDROSIS] was killed by [HP_BONE_MARROW_HYPERCELLULARITY,HP_BONE_MARROW_HYPERCELLULARITY]
[HP_ABNORMAL_RENAL_GLOMERULUS_MORPHOLOGY,HP_ABNORMAL_RENAL_GLOMERULUS_MORPHOLOGY] was killed by [HP_ABNORMALITY_OF_THE_MITOCHONDRION,HP_ABNORMALITY_OF_THE_MITOCHONDRION]
[HP_NEOPLASM_OF_THE_LARGE_INTESTINE,HP_NEOPLASM_OF_THE_LARGE_INTESTINE] was killed by [HP_ERYTHROID_HYPOPLASIA,HP_ERYTHROID_HYPOPLASIA]
[HP_GAIT_IMBALANCE,HP_GAIT_IMBALANCE] was killed by [HP_WIDE_MOUTH,HP_WIDE_MOUTH]
[HP_PROXIMAL_TUBULOPATHY,HP_PROXIMAL_TUBULOPATHY] was killed by [HP_ABNORMALITY_OF_THE_MITOCHONDRION,HP_ABNORMALITY_OF_THE_MITOCHONDRION]
[HP_RECURRENT_SINOPULMONARY_INFECTIONS,HP_RECURRENT_SINOPULMONARY_INFECTIONS] was killed by [HP_ABNORMALITY_OF_THE_MITOCHONDRION,HP_ABNORMALITY_OF_THE_MITOCHONDRION]
[HP_ABNORMAL_NERVE_CONDUCTION_VELOCITY,HP_ABNORMAL_NERVE_CONDUCTION_VELOCITY] was killed by [HP_CHERRY_RED_SPOT_OF_THE_MACULA,HP_CHERRY_RED_SPOT_OF_THE_MACULA]
[HP_ABNORMAL_PHARYNX_MORPHOLOGY,HP_ABNORMAL_PHARYNX_MORPHOLOGY] was killed by [HP_ABNORMALITY_OF_THE_MITOCHONDRION,HP_ABNORMALITY_OF_THE_MITOCHONDRION]
[HP_ANGINA_PECTORIS,HP_ANGINA_PECTORIS] was killed by [HP_ABNORMAL_SPUTUM,HP_ABNORMAL_SPUTUM]
[HP_CHRONIC_ORAL_CANDIDIASIS,HP_CHRONIC_ORAL_CANDIDIASIS] was killed by [HP_ABNORMAL_PLATELET_GRANULES,HP_ABNORMAL_PLATELET_GRANULES]
[HP_PERSEVERATION,HP_PERSEVERATION] was killed by [HP_ABNORMALITY_OF_THE_MITOCHONDRION,HP_ABNORMALITY_OF_THE_MITOCHONDRION]
[HP_CENTROCECAL_SCOTOMA,HP_CENTROCECAL_SCOTOMA] was killed by [HP_ABNORMALITY_OF_THE_MITOCHONDRION,HP_ABNORMALITY_OF_THE_MITOCHONDRION]
[HP_ABNORMAL_PROPORTION_OF_CD4_POSITIVE_T_CELLS,HP_ABNORMAL_PROPORTION_OF_CD4_POSITIVE_T_CELLS] was killed by [HP_BONE_MARROW_HYPERCELLULARITY,HP_BONE_MARROW_HYPERCELLULARITY]
[HP_APLASIA_OF_THE_MIDDLE_PHALANX_OF_THE_HAND,HP_APLASIA_OF_THE_MIDDLE_PHALANX_OF_THE_HAND] was killed by [HP_PALMOPLANTAR_KERATODERMA,HP_PALMOPLANTAR_KERATODERMA]
[HP_MITOCHONDRIAL_INHERITANCE,HP_MITOCHONDRIAL_INHERITANCE] was killed by [HP_ABNORMALITY_OF_THE_MITOCHONDRION,HP_ABNORMALITY_OF_THE_MITOCHONDRION]
[HP_ABNORMAL_METABOLIC_BRAIN_IMAGING_BY_MRS,HP_ABNORMAL_METABOLIC_BRAIN_IMAGING_BY_MRS] was killed by [HP_ABNORMALITY_OF_THE_MITOCHONDRION,HP_ABNORMALITY_OF_THE_MITOCHONDRION]
[HP_HEPATIC_CYSTS,HP_HEPATIC_CYSTS] was killed by [HP_ABNORMAL_SPUTUM,HP_ABNORMAL_SPUTUM]
[HP_CONGENITAL_MICROCEPHALY,HP_CONGENITAL_MICROCEPHALY] was killed by [HP_SLOPING_FOREHEAD,HP_SLOPING_FOREHEAD]
[HP_ABNORMALITY_OF_THE_DISTAL_PHALANX_OF_THE_5TH_FINGER,HP_ABNORMALITY_OF_THE_DISTAL_PHALANX_OF_THE_5TH_FINGER] was killed by [HP_WIDE_MOUTH,HP_WIDE_MOUTH]
[HP_ORAL_MUCOSAL_BLISTERS,HP_ORAL_MUCOSAL_BLISTERS] was killed by [HP_PALMOPLANTAR_KERATODERMA,HP_PALMOPLANTAR_KERATODERMA]
[HP_ABNORMAL_MITOCHONDRIA_IN_MUSCLE_TISSUE,HP_ABNORMAL_MITOCHONDRIA_IN_MUSCLE_TISSUE] was killed by [HP_ABNORMALITY_OF_THE_MITOCHONDRION,HP_ABNORMALITY_OF_THE_MITOCHONDRION]
[HP_PROMINENT_NOSE,HP_PROMINENT_NOSE] was killed by [HP_SLOPING_FOREHEAD,HP_SLOPING_FOREHEAD]
[HP_POSTNATAL_GROWTH_RETARDATION,HP_POSTNATAL_GROWTH_RETARDATION] was killed by [HP_SLOPING_FOREHEAD,HP_SLOPING_FOREHEAD]
[HP_MIXED_HEARING_IMPAIRMENT,HP_MIXED_HEARING_IMPAIRMENT] was killed by [HP_ABNORMALITY_OF_THE_ACETABULUM,HP_ABNORMALITY_OF_THE_ACETABULUM]
[HP_ACNE,HP_ACNE] was killed by [HP_ABNORMAL_SPUTUM,HP_ABNORMAL_SPUTUM]
[HP_ABNORMAL_RENAL_TUBULE_MORPHOLOGY,HP_ABNORMAL_RENAL_TUBULE_MORPHOLOGY] was killed by [HP_ABNORMALITY_OF_THE_MITOCHONDRION,HP_ABNORMALITY_OF_THE_MITOCHONDRION]
[HP_DECREASED_ACTIVITY_OF_THE_PYRUVATE_DEHYDROGENASE_COMPLEX,HP_DECREASED_ACTIVITY_OF_THE_PYRUVATE_DEHYDROGENASE_COMPLEX] was killed by [HP_ABNORMALITY_OF_THE_MITOCHONDRION,HP_ABNORMALITY_OF_THE_MITOCHONDRION]
[HP_EPISODIC_HYPERHIDROSIS,HP_EPISODIC_HYPERHIDROSIS] was killed by [HP_PALMOPLANTAR_KERATODERMA,HP_PALMOPLANTAR_KERATODERMA]
[HP_VENTRICULAR_PREEXCITATION,HP_VENTRICULAR_PREEXCITATION] was killed by [HP_ABNORMALITY_OF_THE_MITOCHONDRION,HP_ABNORMALITY_OF_THE_MITOCHONDRION]
[HP_SHORT_PALPEBRAL_FISSURE,HP_SHORT_PALPEBRAL_FISSURE] was killed by [HP_SLOPING_FOREHEAD,HP_SLOPING_FOREHEAD]
[HP_RECURRENT_PAROXYSMAL_HEADACHE,HP_RECURRENT_PAROXYSMAL_HEADACHE] was killed by [HP_ABNORMALITY_OF_THE_MITOCHONDRION,HP_ABNORMALITY_OF_THE_MITOCHONDRION]
[HP_PRIMARY_AMENORRHEA,HP_PRIMARY_AMENORRHEA] was killed by [HP_ABNORMAL_SPUTUM,HP_ABNORMAL_SPUTUM]
[HP_PROPORTIONATE_SHORT_STATURE,HP_PROPORTIONATE_SHORT_STATURE] was killed by [HP_ABNORMALITY_OF_THE_ACETABULUM,HP_ABNORMALITY_OF_THE_ACETABULUM]
[HP_NEOPLASM_OF_THE_SKELETAL_SYSTEM,HP_NEOPLASM_OF_THE_SKELETAL_SYSTEM] was killed by [HP_ERYTHROID_HYPOPLASIA,HP_ERYTHROID_HYPOPLASIA]
[HP_RECURRENT_FEVER,HP_RECURRENT_FEVER] was killed by [HP_CHERRY_RED_SPOT_OF_THE_MACULA,HP_CHERRY_RED_SPOT_OF_THE_MACULA]
[HP_MITOCHONDRIAL_MYOPATHY,HP_MITOCHONDRIAL_MYOPATHY] was killed by [HP_ABNORMALITY_OF_THE_MITOCHONDRION,HP_ABNORMALITY_OF_THE_MITOCHONDRION]
[HP_ABNORMALITY_OF_CHROMOSOME_STABILITY,HP_ABNORMALITY_OF_CHROMOSOME_STABILITY] was killed by [HP_SLOPING_FOREHEAD,HP_SLOPING_FOREHEAD]
[HP_ABNORMAL_INSULIN_LEVEL,HP_ABNORMAL_INSULIN_LEVEL] was killed by [HP_SLOPING_FOREHEAD,HP_SLOPING_FOREHEAD]
[HP_HYPOPLASIA_OF_THE_ZYGOMATIC_BONE,HP_HYPOPLASIA_OF_THE_ZYGOMATIC_BONE] was killed by [HP_WIDE_MOUTH,HP_WIDE_MOUTH]
[HP_CUTIS_MARMORATA,HP_CUTIS_MARMORATA] was killed by [HP_ABNORMALITY_OF_THE_MITOCHONDRION,HP_ABNORMALITY_OF_THE_MITOCHONDRION]
[HP_ABNORMAL_URINE_CYTOLOGY,HP_ABNORMAL_URINE_CYTOLOGY] was killed by [HP_ABNORMAL_SPUTUM,HP_ABNORMAL_SPUTUM]
[HP_VASCULAR_DILATATION,HP_VASCULAR_DILATATION] was killed by [HP_ABNORMALITY_OF_THE_MITOCHONDRION,HP_ABNORMALITY_OF_THE_MITOCHONDRION]
[HP_ABSENT_EARLOBE,HP_ABSENT_EARLOBE] was killed by [HP_SLOPING_FOREHEAD,HP_SLOPING_FOREHEAD]
[HP_EMG_NEUROPATHIC_CHANGES,HP_EMG_NEUROPATHIC_CHANGES] was killed by [HP_CHERRY_RED_SPOT_OF_THE_MACULA,HP_CHERRY_RED_SPOT_OF_THE_MACULA]
[HP_HYPOPLASTIC_FIFTH_TOENAIL,HP_HYPOPLASTIC_FIFTH_TOENAIL] was killed by [HP_WIDE_MOUTH,HP_WIDE_MOUTH]
[HP_TYPICAL_ABSENCE_SEIZURE,HP_TYPICAL_ABSENCE_SEIZURE] was killed by [HP_WIDE_MOUTH,HP_WIDE_MOUTH]
[HP_DUPLICATION_OF_PHALANX_OF_HALLUX,HP_DUPLICATION_OF_PHALANX_OF_HALLUX] was killed by [HP_ABNORMALITY_OF_THE_ACETABULUM,HP_ABNORMALITY_OF_THE_ACETABULUM]
[HP_FLUSHING,HP_FLUSHING] was killed by [HP_PALMOPLANTAR_KERATODERMA,HP_PALMOPLANTAR_KERATODERMA]
[HP_FETAL_ULTRASOUND_SOFT_MARKER,HP_FETAL_ULTRASOUND_SOFT_MARKER] was killed by [HP_WIDE_MOUTH,HP_WIDE_MOUTH]
[HP_PUSTULE,HP_PUSTULE] was killed by [HP_ABNORMAL_SPUTUM,HP_ABNORMAL_SPUTUM]
[HP_FLARED_ILIAC_WINGS,HP_FLARED_ILIAC_WINGS] was killed by [HP_WIDE_MOUTH,HP_WIDE_MOUTH]
[HP_GRAY_MATTER_HETEROTOPIA,HP_GRAY_MATTER_HETEROTOPIA] was killed by [HP_SLOPING_FOREHEAD,HP_SLOPING_FOREHEAD]
[HP_PRODUCTIVE_COUGH,HP_PRODUCTIVE_COUGH] was killed by [HP_SLOPING_FOREHEAD,HP_SLOPING_FOREHEAD]
[HP_AORTIC_REGURGITATION,HP_AORTIC_REGURGITATION] was killed by [HP_ABNORMALITY_OF_THE_MITOCHONDRION,HP_ABNORMALITY_OF_THE_MITOCHONDRION]
[HP_HIRSUTISM,HP_HIRSUTISM] was killed by [HP_WIDE_MOUTH,HP_WIDE_MOUTH]
[HP_ABNORMAL_5TH_FINGER_PHALANX_MORPHOLOGY,HP_ABNORMAL_5TH_FINGER_PHALANX_MORPHOLOGY] was killed by [HP_WIDE_MOUTH,HP_WIDE_MOUTH]
[HP_URETHRAL_STENOSIS,HP_URETHRAL_STENOSIS] was killed by [HP_WIDE_MOUTH,HP_WIDE_MOUTH]
[HP_INAPPROPRIATE_CRYING,HP_INAPPROPRIATE_CRYING] was killed by [HP_SLOPING_FOREHEAD,HP_SLOPING_FOREHEAD]
[HP_FOAM_CELLS,HP_FOAM_CELLS] was killed by [HP_CHERRY_RED_SPOT_OF_THE_MACULA,HP_CHERRY_RED_SPOT_OF_THE_MACULA]
[HP_MUSCLE_FIBRILLATION,HP_MUSCLE_FIBRILLATION] was killed by [HP_DISTAL_SENSORY_IMPAIRMENT,HP_DISTAL_SENSORY_IMPAIRMENT]
[HP_TRIANGULAR_SHAPED_PHALANGES_OF_THE_HAND,HP_TRIANGULAR_SHAPED_PHALANGES_OF_THE_HAND] was killed by [HP_SLOPING_FOREHEAD,HP_SLOPING_FOREHEAD]
[HP_LEBER_OPTIC_ATROPHY,HP_LEBER_OPTIC_ATROPHY] was killed by [HP_ABNORMALITY_OF_THE_MITOCHONDRION,HP_ABNORMALITY_OF_THE_MITOCHONDRION]
[HP_APLASIA_HYPOPLASIA_OF_THE_DISTAL_PHALANX_OF_THE_5TH_TOE,HP_APLASIA_HYPOPLASIA_OF_THE_DISTAL_PHALANX_OF_THE_5TH_TOE] was killed by [HP_WIDE_MOUTH,HP_WIDE_MOUTH]
[HP_CHOROIDAL_NEOVASCULARIZATION,HP_CHOROIDAL_NEOVASCULARIZATION] was killed by [HP_THICKENED_NUCHAL_SKIN_FOLD,HP_THICKENED_NUCHAL_SKIN_FOLD]
[HP_GRANULOMATOSIS,HP_GRANULOMATOSIS] was killed by [HP_ABNORMAL_SPUTUM,HP_ABNORMAL_SPUTUM]
[HP_COUGH,HP_COUGH] was killed by [HP_SLOPING_FOREHEAD,HP_SLOPING_FOREHEAD]
[HP_HYPEREXTENSIBLE_SKIN,HP_HYPEREXTENSIBLE_SKIN] was killed by [HP_SLOPING_FOREHEAD,HP_SLOPING_FOREHEAD]
[HP_ENLARGED_POSTERIOR_FOSSA,HP_ENLARGED_POSTERIOR_FOSSA] was killed by [HP_SLOPING_FOREHEAD,HP_SLOPING_FOREHEAD]
[HP_ABNORMAL_PULMONARY_VALVE_PHYSIOLOGY,HP_ABNORMAL_PULMONARY_VALVE_PHYSIOLOGY] was killed by [HP_WIDE_MOUTH,HP_WIDE_MOUTH]
[HP_BONE_MARROW_HYPOCELLULARITY,HP_BONE_MARROW_HYPOCELLULARITY] was killed by [HP_SLOPING_FOREHEAD,HP_SLOPING_FOREHEAD]
[HP_ABNORMALITY_OF_THE_INCISOR,HP_ABNORMALITY_OF_THE_INCISOR] was killed by [HP_ABNORMALITY_OF_THE_MITOCHONDRION,HP_ABNORMALITY_OF_THE_MITOCHONDRION]
[HP_PERIODONTITIS,HP_PERIODONTITIS] was killed by [HP_BONE_MARROW_HYPERCELLULARITY,HP_BONE_MARROW_HYPERCELLULARITY]
[HP_URETHRAL_OBSTRUCTION,HP_URETHRAL_OBSTRUCTION] was killed by [HP_WIDE_MOUTH,HP_WIDE_MOUTH]
[HP_LEIOMYOSARCOMA,HP_LEIOMYOSARCOMA] was killed by [HP_HEREDITARY_NONPOLYPOSIS_COLORECTAL_CARCINOMA,HP_HEREDITARY_NONPOLYPOSIS_COLORECTAL_CARCINOMA]
[HP_DISTAL_LOWER_LIMB_MUSCLE_WEAKNESS,HP_DISTAL_LOWER_LIMB_MUSCLE_WEAKNESS] was killed by [HP_DISTAL_SENSORY_IMPAIRMENT,HP_DISTAL_SENSORY_IMPAIRMENT]
[HP_ABNORMAL_TISSUE_METABOLITE_CONCENTRATION,HP_ABNORMAL_TISSUE_METABOLITE_CONCENTRATION] was killed by [HP_CHERRY_RED_SPOT_OF_THE_MACULA,HP_CHERRY_RED_SPOT_OF_THE_MACULA]
[HP_FACIAL_DIPLEGIA,HP_FACIAL_DIPLEGIA] was killed by [HP_ABNORMALITY_OF_THE_MITOCHONDRION,HP_ABNORMALITY_OF_THE_MITOCHONDRION]
[HP_JOINT_HYPERFLEXIBILITY,HP_JOINT_HYPERFLEXIBILITY] was killed by [HP_ABNORMALITY_OF_THE_MITOCHONDRION,HP_ABNORMALITY_OF_THE_MITOCHONDRION]
[HP_CORNEAL_NEOVASCULARIZATION,HP_CORNEAL_NEOVASCULARIZATION] was killed by [HP_PALMOPLANTAR_KERATODERMA,HP_PALMOPLANTAR_KERATODERMA]
[HP_BROAD_NASAL_TIP,HP_BROAD_NASAL_TIP] was killed by [HP_SLOPING_FOREHEAD,HP_SLOPING_FOREHEAD]
[HP_EXCESSIVE_WRINKLED_SKIN,HP_EXCESSIVE_WRINKLED_SKIN] was killed by [HP_PALMOPLANTAR_KERATODERMA,HP_PALMOPLANTAR_KERATODERMA]
[HP_FEMALE_INFERTILITY,HP_FEMALE_INFERTILITY] was killed by [HP_ABNORMALITY_OF_THE_MITOCHONDRION,HP_ABNORMALITY_OF_THE_MITOCHONDRION]
[HP_PANNICULITIS,HP_PANNICULITIS] was killed by [HP_BONE_MARROW_HYPERCELLULARITY,HP_BONE_MARROW_HYPERCELLULARITY]
[HP_APLASIA_INVOLVING_BONES_OF_THE_EXTREMITIES,HP_APLASIA_INVOLVING_BONES_OF_THE_EXTREMITIES] was killed by [HP_MATERNAL_DIABETES,HP_MATERNAL_DIABETES]
[HP_ABNORMALLY_LAX_OR_HYPEREXTENSIBLE_SKIN,HP_ABNORMALLY_LAX_OR_HYPEREXTENSIBLE_SKIN] was killed by [HP_WIDE_MOUTH,HP_WIDE_MOUTH]
[HP_MILD_GLOBAL_DEVELOPMENTAL_DELAY,HP_MILD_GLOBAL_DEVELOPMENTAL_DELAY] was killed by [HP_SLOPING_FOREHEAD,HP_SLOPING_FOREHEAD]
[HP_DISTAL_LOWER_LIMB_AMYOTROPHY,HP_DISTAL_LOWER_LIMB_AMYOTROPHY] was killed by [HP_DISTAL_SENSORY_IMPAIRMENT,HP_DISTAL_SENSORY_IMPAIRMENT]
[HP_ABNORMAL_ASTROCYTE_MORPHOLOGY,HP_ABNORMAL_ASTROCYTE_MORPHOLOGY] was killed by [HP_THICKENED_NUCHAL_SKIN_FOLD,HP_THICKENED_NUCHAL_SKIN_FOLD]
[HP_COLONIC_DIVERTICULA,HP_COLONIC_DIVERTICULA] was killed by [HP_WIDE_MOUTH,HP_WIDE_MOUTH]
[HP_MULTIPLE_LENTIGINES,HP_MULTIPLE_LENTIGINES] was killed by [HP_WIDE_MOUTH,HP_WIDE_MOUTH]
[HP_MITTEN_DEFORMITY,HP_MITTEN_DEFORMITY] was killed by [HP_PALMOPLANTAR_KERATODERMA,HP_PALMOPLANTAR_KERATODERMA]
[HP_INTERPHALANGEAL_JOINT_EROSIONS,HP_INTERPHALANGEAL_JOINT_EROSIONS] was killed by [HP_ABNORMAL_SPUTUM,HP_ABNORMAL_SPUTUM]
[HP_ABNORMAL_VERTEBRAL_SEGMENTATION_AND_FUSION,HP_ABNORMAL_VERTEBRAL_SEGMENTATION_AND_FUSION] was killed by [HP_MATERNAL_DIABETES,HP_MATERNAL_DIABETES]
[HP_EPISODIC_RESPIRATORY_DISTRESS,HP_EPISODIC_RESPIRATORY_DISTRESS] was killed by [HP_ABNORMALITY_OF_THE_MITOCHONDRION,HP_ABNORMALITY_OF_THE_MITOCHONDRION]
[HP_LIMB_HYPERTONIA,HP_LIMB_HYPERTONIA] was killed by [HP_SLOPING_FOREHEAD,HP_SLOPING_FOREHEAD]
[HP_ABNORMAL_URINE_SODIUM_CONCENTRATION,HP_ABNORMAL_URINE_SODIUM_CONCENTRATION] was killed by [HP_ABNORMALITY_OF_THE_MITOCHONDRION,HP_ABNORMALITY_OF_THE_MITOCHONDRION]
[HP_TRANSIENT_ISCHEMIC_ATTACK,HP_TRANSIENT_ISCHEMIC_ATTACK] was killed by [HP_ABNORMALITY_OF_THE_MITOCHONDRION,HP_ABNORMALITY_OF_THE_MITOCHONDRION]
[HP_LOW_PLASMA_CITRULLINE,HP_LOW_PLASMA_CITRULLINE] was killed by [HP_ABNORMALITY_OF_THE_MITOCHONDRION,HP_ABNORMALITY_OF_THE_MITOCHONDRION]
[HP_BASAL_ENCEPHALOCELE,HP_BASAL_ENCEPHALOCELE] was killed by [HP_MATERNAL_DIABETES,HP_MATERNAL_DIABETES]
[HP_DYSOSTOSIS_MULTIPLEX,HP_DYSOSTOSIS_MULTIPLEX] was killed by [HP_CHERRY_RED_SPOT_OF_THE_MACULA,HP_CHERRY_RED_SPOT_OF_THE_MACULA]
[HP_EMG_CHRONIC_DENERVATION_SIGNS,HP_EMG_CHRONIC_DENERVATION_SIGNS] was killed by [HP_CHERRY_RED_SPOT_OF_THE_MACULA,HP_CHERRY_RED_SPOT_OF_THE_MACULA]
[HP_BUTTERFLY_VERTEBRAE,HP_BUTTERFLY_VERTEBRAE] was killed by [HP_ABNORMALITY_OF_THE_ACETABULUM,HP_ABNORMALITY_OF_THE_ACETABULUM]
[HP_HEMANGIOBLASTOMA,HP_HEMANGIOBLASTOMA] was killed by [HP_PALMOPLANTAR_KERATODERMA,HP_PALMOPLANTAR_KERATODERMA]
[HP_ABNORMAL_URINE_POTASSIUM_CONCENTRATION,HP_ABNORMAL_URINE_POTASSIUM_CONCENTRATION] was killed by [HP_ABNORMALITY_OF_THE_MITOCHONDRION,HP_ABNORMALITY_OF_THE_MITOCHONDRION]
[HP_VERTIGO,HP_VERTIGO] was killed by [HP_ABNORMAL_SPUTUM,HP_ABNORMAL_SPUTUM]
[HP_LEUKOCYTOSIS,HP_LEUKOCYTOSIS] was killed by [HP_BONE_MARROW_HYPERCELLULARITY,HP_BONE_MARROW_HYPERCELLULARITY]
[HP_JOINT_SUBLUXATION,HP_JOINT_SUBLUXATION] was killed by [HP_ABNORMALITY_OF_THE_ACETABULUM,HP_ABNORMALITY_OF_THE_ACETABULUM]
[HP_SPINAL_CORD_LESION,HP_SPINAL_CORD_LESION] was killed by [HP_DELAYED_CNS_MYELINATION,HP_DELAYED_CNS_MYELINATION]
[HP_GENERALIZED_NEONATAL_HYPOTONIA,HP_GENERALIZED_NEONATAL_HYPOTONIA] was killed by [HP_THICKENED_NUCHAL_SKIN_FOLD,HP_THICKENED_NUCHAL_SKIN_FOLD]
[HP_NON_OBSTRUCTIVE_AZOOSPERMIA,HP_NON_OBSTRUCTIVE_AZOOSPERMIA] was killed by [HP_Y_LINKED_INHERITANCE,HP_Y_LINKED_INHERITANCE]
[HP_REDUNDANT_SKIN,HP_REDUNDANT_SKIN] was killed by [HP_WIDE_MOUTH,HP_WIDE_MOUTH]
[HP_ABNORMAL_CIRCULATING_LONG_CHAIN_FATTY_ACID_CONCENTRATION,HP_ABNORMAL_CIRCULATING_LONG_CHAIN_FATTY_ACID_CONCENTRATION] was killed by [HP_THICKENED_NUCHAL_SKIN_FOLD,HP_THICKENED_NUCHAL_SKIN_FOLD]
[HP_BACK_PAIN,HP_BACK_PAIN] was killed by [HP_HEREDITARY_NONPOLYPOSIS_COLORECTAL_CARCINOMA,HP_HEREDITARY_NONPOLYPOSIS_COLORECTAL_CARCINOMA]
[HP_RETINAL_TELANGIECTASIA,HP_RETINAL_TELANGIECTASIA] was killed by [HP_ABNORMALITY_OF_THE_MITOCHONDRION,HP_ABNORMALITY_OF_THE_MITOCHONDRION]
[HP_MUSCLE_HYPERTROPHY_OF_THE_LOWER_EXTREMITIES,HP_MUSCLE_HYPERTROPHY_OF_THE_LOWER_EXTREMITIES] was killed by [HP_DISTAL_SENSORY_IMPAIRMENT,HP_DISTAL_SENSORY_IMPAIRMENT]
[HP_ELEVATED_CALCITONIN,HP_ELEVATED_CALCITONIN] was killed by [HP_PALMOPLANTAR_KERATODERMA,HP_PALMOPLANTAR_KERATODERMA]
[HP_DECREASED_CIRCULATING_ANTIBODY_LEVEL,HP_DECREASED_CIRCULATING_ANTIBODY_LEVEL] was killed by [HP_ABNORMALITY_OF_THE_MITOCHONDRION,HP_ABNORMALITY_OF_THE_MITOCHONDRION]
[HP_ABNORMAL_DELAYED_HYPERSENSITIVITY_SKIN_TEST,HP_ABNORMAL_DELAYED_HYPERSENSITIVITY_SKIN_TEST] was killed by [HP_BONE_MARROW_HYPERCELLULARITY,HP_BONE_MARROW_HYPERCELLULARITY]
[HP_BASAL_GANGLIA_GLIOSIS,HP_BASAL_GANGLIA_GLIOSIS] was killed by [HP_ABNORMALITY_OF_THE_MITOCHONDRION,HP_ABNORMALITY_OF_THE_MITOCHONDRION]
[HP_DYSMETRIA,HP_DYSMETRIA] was killed by [HP_PALMOPLANTAR_KERATODERMA,HP_PALMOPLANTAR_KERATODERMA]
[HP_FETAL_AKINESIA_SEQUENCE,HP_FETAL_AKINESIA_SEQUENCE] was killed by [HP_FATIGUABLE_WEAKNESS_OF_PROXIMAL_LIMB_MUSCLES,HP_FATIGUABLE_WEAKNESS_OF_PROXIMAL_LIMB_MUSCLES]
[HP_ASCENDING_AORTIC_DISSECTION,HP_ASCENDING_AORTIC_DISSECTION] was killed by [HP_ABNORMAL_SPUTUM,HP_ABNORMAL_SPUTUM]
[HP_PREMATURELY_AGED_APPEARANCE,HP_PREMATURELY_AGED_APPEARANCE] was killed by [HP_ABNORMALITY_OF_THE_MITOCHONDRION,HP_ABNORMALITY_OF_THE_MITOCHONDRION]
[HP_PARKINSONISM_WITH_FAVORABLE_RESPONSE_TO_DOPAMINERGIC_MEDICATION,HP_PARKINSONISM_WITH_FAVORABLE_RESPONSE_TO_DOPAMINERGIC_MEDICATION] was killed by [HP_DISTAL_SENSORY_IMPAIRMENT,HP_DISTAL_SENSORY_IMPAIRMENT]
[HP_CEREBRAL_CALCIFICATION,HP_CEREBRAL_CALCIFICATION] was killed by [HP_ABNORMALITY_OF_THE_MITOCHONDRION,HP_ABNORMALITY_OF_THE_MITOCHONDRION]
[HP_ASTROCYTOSIS,HP_ASTROCYTOSIS] was killed by [HP_ABNORMALITY_OF_THE_MITOCHONDRION,HP_ABNORMALITY_OF_THE_MITOCHONDRION]
[HP_AMENORRHEA,HP_AMENORRHEA] was killed by [HP_ABNORMAL_SPUTUM,HP_ABNORMAL_SPUTUM]
[HP_OCULOMOTOR_APRAXIA,HP_OCULOMOTOR_APRAXIA] was killed by [HP_SLOPING_FOREHEAD,HP_SLOPING_FOREHEAD]
[HP_ABNORMAL_RESPIRATORY_MOTILE_CILIUM_MORPHOLOGY,HP_ABNORMAL_RESPIRATORY_MOTILE_CILIUM_MORPHOLOGY] was killed by [HP_ABNORMAL_SPUTUM,HP_ABNORMAL_SPUTUM]
[HP_ABNORMAL_ESOPHAGUS_MORPHOLOGY,HP_ABNORMAL_ESOPHAGUS_MORPHOLOGY] was killed by [HP_SLOPING_FOREHEAD,HP_SLOPING_FOREHEAD]
[HP_SPASTIC_TETRAPARESIS,HP_SPASTIC_TETRAPARESIS] was killed by [HP_SLOPING_FOREHEAD,HP_SLOPING_FOREHEAD]
[HP_ABNORMALITY_OF_THE_LYMPH_NODES,HP_ABNORMALITY_OF_THE_LYMPH_NODES] was killed by [HP_ABNORMALITY_OF_THE_MITOCHONDRION,HP_ABNORMALITY_OF_THE_MITOCHONDRION]
[HP_PULMONARY_FIBROSIS,HP_PULMONARY_FIBROSIS] was killed by [HP_ABNORMAL_SPUTUM,HP_ABNORMAL_SPUTUM]
[HP_PATELLAR_DISLOCATION,HP_PATELLAR_DISLOCATION] was killed by [HP_WIDE_MOUTH,HP_WIDE_MOUTH]
[HP_TRIPHALANGEAL_THUMB,HP_TRIPHALANGEAL_THUMB] was killed by [HP_SLOPING_FOREHEAD,HP_SLOPING_FOREHEAD]
[HP_RECURRENT_URINARY_TRACT_INFECTIONS,HP_RECURRENT_URINARY_TRACT_INFECTIONS] was killed by [HP_SLOPING_FOREHEAD,HP_SLOPING_FOREHEAD]
[HP_DESCENDING_THORACIC_AORTA_ANEURYSM,HP_DESCENDING_THORACIC_AORTA_ANEURYSM] was killed by [HP_ABNORMAL_SPUTUM,HP_ABNORMAL_SPUTUM]
[HP_PROGRESSIVE_INABILITY_TO_WALK,HP_PROGRESSIVE_INABILITY_TO_WALK] was killed by [HP_ABNORMALITY_OF_THE_MITOCHONDRION,HP_ABNORMALITY_OF_THE_MITOCHONDRION]
[HP_TONGUE_FASCICULATIONS,HP_TONGUE_FASCICULATIONS] was killed by [HP_DISTAL_SENSORY_IMPAIRMENT,HP_DISTAL_SENSORY_IMPAIRMENT]
[HP_CERVICAL_SUBLUXATION,HP_CERVICAL_SUBLUXATION] was killed by [HP_WIDE_MOUTH,HP_WIDE_MOUTH]
[HP_FLAT_FACE,HP_FLAT_FACE] was killed by [HP_THICKENED_NUCHAL_SKIN_FOLD,HP_THICKENED_NUCHAL_SKIN_FOLD]
[HP_APLASIA_HYPOPLASIA_OF_THE_RETINA,HP_APLASIA_HYPOPLASIA_OF_THE_RETINA] was killed by [HP_ABNORMAL_PLATELET_GRANULES,HP_ABNORMAL_PLATELET_GRANULES]
[HP_CENTRAL_NERVOUS_SYSTEM_CYST,HP_CENTRAL_NERVOUS_SYSTEM_CYST] was killed by [HP_SLOPING_FOREHEAD,HP_SLOPING_FOREHEAD]
[HP_ABNORMAL_BLOOD_SODIUM_CONCENTRATION,HP_ABNORMAL_BLOOD_SODIUM_CONCENTRATION] was killed by [HP_RENAL_SALT_WASTING,HP_RENAL_SALT_WASTING]
[HP_SPINAL_RIGIDITY,HP_SPINAL_RIGIDITY] was killed by [HP_PALMOPLANTAR_KERATODERMA,HP_PALMOPLANTAR_KERATODERMA]
[HP_BREAST_CARCINOMA,HP_BREAST_CARCINOMA] was killed by [HP_SLOPING_FOREHEAD,HP_SLOPING_FOREHEAD]
[HP_HYPOPLASTIC_FACIAL_BONES,HP_HYPOPLASTIC_FACIAL_BONES] was killed by [HP_WIDE_MOUTH,HP_WIDE_MOUTH]
[HP_ABNORMALITY_OF_RENIN_ANGIOTENSIN_SYSTEM,HP_ABNORMALITY_OF_RENIN_ANGIOTENSIN_SYSTEM] was killed by [HP_RENAL_SALT_WASTING,HP_RENAL_SALT_WASTING]
[HP_BOWING_OF_THE_ARM,HP_BOWING_OF_THE_ARM] was killed by [HP_ABNORMALITY_OF_THE_ACETABULUM,HP_ABNORMALITY_OF_THE_ACETABULUM]
[HP_LOW_POSTERIOR_HAIRLINE,HP_LOW_POSTERIOR_HAIRLINE] was killed by [HP_ABNORMAL_SPUTUM,HP_ABNORMAL_SPUTUM]
[HP_LONG_TOE,HP_LONG_TOE] was killed by [HP_WIDE_MOUTH,HP_WIDE_MOUTH]
[HP_RECTAL_PROLAPSE,HP_RECTAL_PROLAPSE] was killed by [HP_ABNORMAL_SPUTUM,HP_ABNORMAL_SPUTUM]
[HP_DEEP_PLANTAR_CREASES,HP_DEEP_PLANTAR_CREASES] was killed by [HP_WIDE_MOUTH,HP_WIDE_MOUTH]
[HP_PHONOPHOBIA,HP_PHONOPHOBIA] was killed by [HP_WIDE_MOUTH,HP_WIDE_MOUTH]
[HP_GLOMERULONEPHRITIS,HP_GLOMERULONEPHRITIS] was killed by [HP_BONE_MARROW_HYPERCELLULARITY,HP_BONE_MARROW_HYPERCELLULARITY]
[HP_ABNORMAL_MOTOR_NERVE_CONDUCTION_VELOCITY,HP_ABNORMAL_MOTOR_NERVE_CONDUCTION_VELOCITY] was killed by [HP_DISTAL_SENSORY_IMPAIRMENT,HP_DISTAL_SENSORY_IMPAIRMENT]
[HP_DICARBOXYLIC_ACIDURIA,HP_DICARBOXYLIC_ACIDURIA] was killed by [HP_ABNORMALITY_OF_THE_MITOCHONDRION,HP_ABNORMALITY_OF_THE_MITOCHONDRION]
[HP_CORONAL_CRANIOSYNOSTOSIS,HP_CORONAL_CRANIOSYNOSTOSIS] was killed by [HP_ABNORMALITY_OF_THE_ACETABULUM,HP_ABNORMALITY_OF_THE_ACETABULUM]
[HP_NEOPLASM_OF_FATTY_TISSUE,HP_NEOPLASM_OF_FATTY_TISSUE] was killed by [HP_PALMOPLANTAR_KERATODERMA,HP_PALMOPLANTAR_KERATODERMA]
[HP_ABNORMAL_WAIST_TO_HIP_RATIO,HP_ABNORMAL_WAIST_TO_HIP_RATIO] was killed by [HP_MATERNAL_DIABETES,HP_MATERNAL_DIABETES]
[HP_NEOPLASM_OF_THE_ADRENAL_GLAND,HP_NEOPLASM_OF_THE_ADRENAL_GLAND] was killed by [HP_PALMOPLANTAR_KERATODERMA,HP_PALMOPLANTAR_KERATODERMA]
[HP_DYSLEXIA,HP_DYSLEXIA] was killed by [HP_THICKENED_NUCHAL_SKIN_FOLD,HP_THICKENED_NUCHAL_SKIN_FOLD]
[HP_FRONTAL_CORTICAL_ATROPHY,HP_FRONTAL_CORTICAL_ATROPHY] was killed by [HP_DELAYED_CNS_MYELINATION,HP_DELAYED_CNS_MYELINATION]
[HP_RECURRENT_HYPOGLYCEMIA,HP_RECURRENT_HYPOGLYCEMIA] was killed by [HP_RENAL_SALT_WASTING,HP_RENAL_SALT_WASTING]
[HP_PERIVENTRICULAR_WHITE_MATTER_HYPERDENSITIES,HP_PERIVENTRICULAR_WHITE_MATTER_HYPERDENSITIES] was killed by [HP_CHERRY_RED_SPOT_OF_THE_MACULA,HP_CHERRY_RED_SPOT_OF_THE_MACULA]
[HP_SKIN_NODULE,HP_SKIN_NODULE] was killed by [HP_ABNORMAL_SPUTUM,HP_ABNORMAL_SPUTUM]
[HP_ABNORMAL_GLYCOSPHINGOLIPID_METABOLISM,HP_ABNORMAL_GLYCOSPHINGOLIPID_METABOLISM] was killed by [HP_CHERRY_RED_SPOT_OF_THE_MACULA,HP_CHERRY_RED_SPOT_OF_THE_MACULA]
[HP_PROGRESSIVE_EXTERNAL_OPHTHALMOPLEGIA,HP_PROGRESSIVE_EXTERNAL_OPHTHALMOPLEGIA] was killed by [HP_ABNORMALITY_OF_THE_MITOCHONDRION,HP_ABNORMALITY_OF_THE_MITOCHONDRION]
[HP_ABNORMAL_TONGUE_PHYSIOLOGY,HP_ABNORMAL_TONGUE_PHYSIOLOGY] was killed by [HP_DISTAL_SENSORY_IMPAIRMENT,HP_DISTAL_SENSORY_IMPAIRMENT]
[HP_PROMINENT_SUPRAORBITAL_RIDGES,HP_PROMINENT_SUPRAORBITAL_RIDGES] was killed by [HP_WIDE_MOUTH,HP_WIDE_MOUTH]
[HP_EXTERNAL_EAR_MALFORMATION,HP_EXTERNAL_EAR_MALFORMATION] was killed by [HP_SLOPING_FOREHEAD,HP_SLOPING_FOREHEAD]
[HP_LACRIMATION_ABNORMALITY,HP_LACRIMATION_ABNORMALITY] was killed by [HP_ABNORMALITY_OF_THE_MITOCHONDRION,HP_ABNORMALITY_OF_THE_MITOCHONDRION]
[HP_ABNORMAL_PHALANGEAL_JOINT_MORPHOLOGY_OF_THE_HAND,HP_ABNORMAL_PHALANGEAL_JOINT_MORPHOLOGY_OF_THE_HAND] was killed by [HP_ABNORMALITY_OF_THE_MITOCHONDRION,HP_ABNORMALITY_OF_THE_MITOCHONDRION]
[HP_ABNORMAL_METAPHYSEAL_TRABECULATION,HP_ABNORMAL_METAPHYSEAL_TRABECULATION] was killed by [HP_PALMOPLANTAR_KERATODERMA,HP_PALMOPLANTAR_KERATODERMA]
[HP_ABNORMAL_FEMORAL_HEAD_MORPHOLOGY,HP_ABNORMAL_FEMORAL_HEAD_MORPHOLOGY] was killed by [HP_ABNORMALITY_OF_THE_MITOCHONDRION,HP_ABNORMALITY_OF_THE_MITOCHONDRION]
[HP_RIGHT_VENTRICULAR_DILATATION,HP_RIGHT_VENTRICULAR_DILATATION] was killed by [HP_PALMOPLANTAR_KERATODERMA,HP_PALMOPLANTAR_KERATODERMA]
[HP_TRANSPOSITION_OF_THE_GREAT_ARTERIES,HP_TRANSPOSITION_OF_THE_GREAT_ARTERIES] was killed by [HP_ABNORMALITY_OF_THE_MITOCHONDRION,HP_ABNORMALITY_OF_THE_MITOCHONDRION]
[HP_DECREASED_CIRCULATING_TOTAL_IGM,HP_DECREASED_CIRCULATING_TOTAL_IGM] was killed by [HP_BONE_MARROW_HYPERCELLULARITY,HP_BONE_MARROW_HYPERCELLULARITY]
[HP_OLIGODONTIA,HP_OLIGODONTIA] was killed by [HP_BROAD_EYEBROW,HP_BROAD_EYEBROW]
[HP_NORMOCYTIC_ANEMIA,HP_NORMOCYTIC_ANEMIA] was killed by [HP_ERYTHROID_HYPOPLASIA,HP_ERYTHROID_HYPOPLASIA]
[HP_ABNORMALITY_OF_KREBS_CYCLE_METABOLISM,HP_ABNORMALITY_OF_KREBS_CYCLE_METABOLISM] was killed by [HP_ABNORMALITY_OF_THE_MITOCHONDRION,HP_ABNORMALITY_OF_THE_MITOCHONDRION]
[HP_URINARY_GLYCOSAMINOGLYCAN_EXCRETION,HP_URINARY_GLYCOSAMINOGLYCAN_EXCRETION] was killed by [HP_WIDE_MOUTH,HP_WIDE_MOUTH]
[HP_ABNORMALITY_OF_THE_CHOROID_PLEXUS,HP_ABNORMALITY_OF_THE_CHOROID_PLEXUS] was killed by [HP_WIDE_MOUTH,HP_WIDE_MOUTH]
[HP_IMPAIRED_TEMPERATURE_SENSATION,HP_IMPAIRED_TEMPERATURE_SENSATION] was killed by [HP_PALMOPLANTAR_KERATODERMA,HP_PALMOPLANTAR_KERATODERMA]
[HP_NARROW_MOUTH,HP_NARROW_MOUTH] was killed by [HP_WIDE_MOUTH,HP_WIDE_MOUTH]
[HP_URETHRAL_STRICTURE,HP_URETHRAL_STRICTURE] was killed by [HP_PALMOPLANTAR_KERATODERMA,HP_PALMOPLANTAR_KERATODERMA]
[HP_HAND_MUSCLE_WEAKNESS,HP_HAND_MUSCLE_WEAKNESS] was killed by [HP_ABNORMALITY_OF_THE_MITOCHONDRION,HP_ABNORMALITY_OF_THE_MITOCHONDRION]
[HP_DOWN_SLOPING_SHOULDERS,HP_DOWN_SLOPING_SHOULDERS] was killed by [HP_WIDE_MOUTH,HP_WIDE_MOUTH]
[HP_SHORT_STERNUM,HP_SHORT_STERNUM] was killed by [HP_SLOPING_FOREHEAD,HP_SLOPING_FOREHEAD]
[HP_PITUITARY_ADENOMA,HP_PITUITARY_ADENOMA] was killed by [HP_HEREDITARY_NONPOLYPOSIS_COLORECTAL_CARCINOMA,HP_HEREDITARY_NONPOLYPOSIS_COLORECTAL_CARCINOMA]
[HP_ABNORMALITY_OF_PERIPHERAL_NERVOUS_SYSTEM_ELECTROPHYSIOLOGY,HP_ABNORMALITY_OF_PERIPHERAL_NERVOUS_SYSTEM_ELECTROPHYSIOLOGY] was killed by [HP_CHERRY_RED_SPOT_OF_THE_MACULA,HP_CHERRY_RED_SPOT_OF_THE_MACULA]
[HP_GASTROINTESTINAL_INFLAMMATION,HP_GASTROINTESTINAL_INFLAMMATION] was killed by [HP_ABNORMAL_SPUTUM,HP_ABNORMAL_SPUTUM]
[HP_MACULAR_PURPURA,HP_MACULAR_PURPURA] was killed by [HP_ABNORMALITY_OF_THE_MITOCHONDRION,HP_ABNORMALITY_OF_THE_MITOCHONDRION]
[HP_PROLONGED_BLEEDING_TIME,HP_PROLONGED_BLEEDING_TIME] was killed by [HP_BONE_MARROW_HYPERCELLULARITY,HP_BONE_MARROW_HYPERCELLULARITY]
[HP_ABNORMAL_CEREBROSPINAL_FLUID_METABOLITE_CONCENTRATION,HP_ABNORMAL_CEREBROSPINAL_FLUID_METABOLITE_CONCENTRATION] was killed by [HP_ABNORMALITY_OF_THE_MITOCHONDRION,HP_ABNORMALITY_OF_THE_MITOCHONDRION]
[HP_RECURRENT_UPPER_RESPIRATORY_TRACT_INFECTIONS,HP_RECURRENT_UPPER_RESPIRATORY_TRACT_INFECTIONS] was killed by [HP_ABNORMALITY_OF_THE_MITOCHONDRION,HP_ABNORMALITY_OF_THE_MITOCHONDRION]
[HP_BRONCHITIS,HP_BRONCHITIS] was killed by [HP_ABNORMALITY_OF_THE_MITOCHONDRION,HP_ABNORMALITY_OF_THE_MITOCHONDRION]
[HP_DILATION_OF_LATERAL_VENTRICLES,HP_DILATION_OF_LATERAL_VENTRICLES] was killed by [HP_CORTICAL_DYSPLASIA,HP_CORTICAL_DYSPLASIA]
[HP_SLENDER_FINGER,HP_SLENDER_FINGER] was killed by [HP_ABNORMALITY_OF_THE_MITOCHONDRION,HP_ABNORMALITY_OF_THE_MITOCHONDRION]
[HP_FETAL_DISTRESS,HP_FETAL_DISTRESS] was killed by [HP_ABNORMALITY_OF_THE_MITOCHONDRION,HP_ABNORMALITY_OF_THE_MITOCHONDRION]
[HP_PLATYBASIA,HP_PLATYBASIA] was killed by [HP_ABNORMALITY_OF_THE_ACETABULUM,HP_ABNORMALITY_OF_THE_ACETABULUM]
[HP_PROGRESSIVE_NIGHT_BLINDNESS,HP_PROGRESSIVE_NIGHT_BLINDNESS] was killed by [HP_SLOPING_FOREHEAD,HP_SLOPING_FOREHEAD]
