Starting QoRTs v1.3.6 (Compiled Tue Sep 25 11:21:46 EDT 2018)
Starting time: (Wed Jan 26 03:14:26 PST 2022)
INPUT_COMMAND(QC)
  INPUT_ARG(infile)=bam/molm14_t_2.sort.bam
  INPUT_ARG(gtffile)=/data_gilbert/home/aarab/genomes/hg38/gencode.v34/gencode.v34.annotation.gtf
  INPUT_ARG(outdir)=iso/rawCts/molm14_t_2/
  INPUT_ARG(stranded)=true
  INPUT_ARG(singleEnded)=true
  INPUT_ARG(nameSorted)=true
Creating Directory: iso/rawCts/molm14_t_2/
Created Log File: iso/rawCts/molm14_t_2//QC.XvbnTbB413eS.log
Starting QC
[Time: 2022-01-26 03:14:26] [Mem usage: [35MB / 2147MB]] [Elapsed Time: 00:00:00.0000]
QoRTs is Running in single-end mode.
Note: read-sorting is irrelevant in single-ended mode.
No parameter --genomeFA found.
Running functions: CigarOpDistribution, GCDistribution, GeneCalcs, JunctionCalcs, NVC, 
        QualityScoreDistribution, StrandCheck, chromCounts, 
        cigarLocusCounts, readLengthDistro, writeBiotypeCounts, 
        writeClippedNVC, writeDESeq, writeDEXSeq, writeGeneBody, 
        writeGeneCounts, writeGenewiseGeneBody, 
        writeJunctionSeqCounts, writeKnownSplices, 
        writeNovelSplices, writeSpliceExon
Checking first 10000 reads. Checking SAM file for formatting errors...
   Stats on the first 10000 reads:
        Num Reads Primary Map:    2178
        Num Reads Paired-ended:   0
        Num Reads mapped pair:    0
        Num Pair names found:     0
        Num Pairs matched:        0
        Read Seq length:          51 to 51
        Unclipped Read length:    51 to 51
        Final maxReadLength:      51
        maxPhredScore:            41
        minPhredScore:            12
Done checking first 10000 reads. No major problems detected!
SAMRecord Reader Generated. Read length: 51.
[Time: 2022-01-26 03:14:27] [Mem usage: [413MB / 2743MB]] [Elapsed Time: 00:00:01.0406]
> Init GeneCalcs Utility
> Init NVC utility
> Init CigarOpDistribution Utility
> Init QualityScoreDistribution Utility
> Init GC counts Utility
> Init JunctionCalcs utility
Compiling flat feature annotation, internally in memory...
FlatteningGtf: starting...(2022-01-26 03:15:12)
    FlatteningGtf: gtf file read complete.(2022-01-26 03:16:17)
    FlatteningGtf: Splice Junction Map read.(2022-01-26 03:16:19)
    FlatteningGtf: gene Sets generated.(2022-01-26 03:16:22)
    FlatteningGtf: Aggregate Sets built.
    FlatteningGtf: Compiling Aggregate Info . . . (2022-01-26 03:16:22)
    FlatteningGtf: Finished Compiling Aggregate Info. (2022-01-26 03:16:22)
    FlatteningGtf: Iterating through the step-vector...(2022-01-26 03:16:22)
    FlatteningGtf: Adding the aggregate genes themselves...(2022-01-26 03:16:24)
    FlatteningGtf: Iterating through the splice junctions...(2022-01-26 03:16:24)
    FlatteningGtf: Sorting the aggregate genes...(2022-01-26 03:16:26)
    FlatteningGtf: Folding the FlatGtfLine iterator...(2022-01-26 03:16:27)
    FlatteningGtf: Features Built.(2022-01-26 03:16:27)
Internal flat feature annotation compiled!
length of knownSpliceMap after instantiation: 383654
length of knownCountMap after instantiation: 383654
> Init StrandCheck Utility
> Init chromCount Utility
> Init qcCigarLocusCounts Utility
> Init MinorUtils Utility
QC Utilities Generated!
[Time: 2022-01-26 03:16:31] [Mem usage: [2578MB / 10GB]] [Elapsed Time: 00:02:05.0469]
helper_calculateGeneAssignmentMap_strict. Found: 60669 genes in the supplied annotation.
helper_calculateGeneAssignmentMap_strict. Found: 6594 genes with ambiguous segments.
helper_calculateGeneAssignmentMap_strict. Found: 54075 genes after first-pass filtering
making makeGeneIntervalMap for geneBody calculations. Found: 54075 acceptable genes for gene-body analysis.
..........[1000000 Read-Pairs processed] [Time: 2022-01-26 03:17:31] 
..........[2000000 Read-Pairs processed] [Time: 2022-01-26 03:17:55] 
..........[3000000 Read-Pairs processed] [Time: 2022-01-26 03:18:19] 
Finished reading SAM. Read: 3078383 reads/read-pairs.
Finished reading SAM. Used: 1976111 reads/read-pairs.
[Time: 2022-01-26 03:18:21] [Mem usage: [4843MB / 10GB]] [Elapsed Time: 00:03:55.0159]
> Read Stats:
>   READ_PAIR_OK                   1976111
>   TOTAL_READ_PAIRS               3078383
>   DROPPED_NOT_PROPER_PAIR        -1
>   DROPPED_READ_FAILS_VENDOR_QC   0
>   DROPPED_MARKED_NOT_VALID       0
>   DROPPED_CHROMS_MISMATCH        -1
>   DROPPED_PAIR_STRANDS_MISMATCH  -1
>   DROPPED_IGNORED_CHROMOSOME     0
>   DROPPED_NOT_UNIQUE_ALIGNMENT   1102272
>   DROPPED_NO_ALN_BLOCKS   0
>   DROPPED_NOT_MARKED_RG   -1
Pre-alignment read count unknown (Set --seqReadCt or --rawfastq)
Writing Output...
DEBUG NOTE: IncludeGenesSet.size: 54075
DEBUG NOTE: sortedReadCountSeq.size: 10595
DEBUG NOTE: coverageThresholds: 5297;7946;9535;10595
DEBUG NOTE: coverageSpans: [(0,5297);(5297,7946);(7946,9535);(9535,10595)]
DEBUG NOTE:	[1.bottomHalf][0.5] = [0,5297]
DEBUG NOTE:	[2.upperMidQuartile][0.75] = [5297,7946]
DEBUG NOTE:	[3.75to90][0.9] = [7946,9535]
DEBUG NOTE:	[4.high][1.0] = [9535,10595]
      (DEBUG) Generating Biotype Map [2022-01-26 03:18:22]
      (DEBUG) Extracted gene BioType using key "gene_biotype".
              Found 0 types: []
      (DEBUG) Finished Biotype Map [2022-01-26 03:19:40]
length of knownCountMap after run: 383654
WARNING: The data appears to be follow the fr_secondStrand rule, but
         QoRTs ran in fr_firstStrand mode!
      Are you sure that the data follows the fr_firstStrand rule?
      Under the fr_firstStrand rule, the first read aligns to the strand
      opposite the original RNA transcript, and the second read aligns to
      the same strand as the original RNA transcript.
      If the data follows the fr_secondStrand rule, you should probably
      re-run QoRTs with the "--stranded" and "--stranded_fr_secondstrand" options.
QoRTs completed WITH WARNINGS! See log for details.
Done.
Time spent on setup:           00:02:05.0469
Time spent on SAM iteration:   00:01:49.0691
                               (0.5901366615741662 minutes per million read-pairs)
                               (0.9193140803662683 minutes per million read-pairs used)
Time spent on file output:     00:01:24.0195
Total runtime:                 00:05:19.0355
Done. (Wed Jan 26 03:19:45 PST 2022)
