[REACTOME_SIGNALING_BY_ERBB2,REACTOME_SIGNALING_BY_ERBB2] was killed by [REACTOME_TRANSCRIPTIONAL_REGULATION_BY_RUNX2,REACTOME_TRANSCRIPTIONAL_REGULATION_BY_RUNX2]
[REACTOME_SIGNALING_BY_NTRKS,REACTOME_SIGNALING_BY_NTRKS] was killed by [REACTOME_SIGNALING_BY_MET,REACTOME_SIGNALING_BY_MET]
[REACTOME_CD28_CO_STIMULATION,REACTOME_CD28_CO_STIMULATION] was killed by [REACTOME_TRANSCRIPTIONAL_REGULATION_BY_RUNX2,REACTOME_TRANSCRIPTIONAL_REGULATION_BY_RUNX2]
[REACTOME_FOXO_MEDIATED_TRANSCRIPTION,REACTOME_FOXO_MEDIATED_TRANSCRIPTION] was killed by [REACTOME_TRANSCRIPTIONAL_REGULATION_BY_RUNX2,REACTOME_TRANSCRIPTIONAL_REGULATION_BY_RUNX2]
[REACTOME_EPIGENETIC_REGULATION_OF_GENE_EXPRESSION,REACTOME_EPIGENETIC_REGULATION_OF_GENE_EXPRESSION] was killed by [REACTOME_FOXO_MEDIATED_TRANSCRIPTION_OF_OXIDATIVE_STRESS_METABOLIC_AND_NEURONAL_GENES,REACTOME_FOXO_MEDIATED_TRANSCRIPTION_OF_OXIDATIVE_STRESS_METABOLIC_AND_NEURONAL_GENES]
[REACTOME_PI3K_AKT_SIGNALING_IN_CANCER,REACTOME_PI3K_AKT_SIGNALING_IN_CANCER] was killed by [REACTOME_TRANSCRIPTIONAL_REGULATION_BY_RUNX2,REACTOME_TRANSCRIPTIONAL_REGULATION_BY_RUNX2]
[REACTOME_SIGNALING_BY_ERBB2_IN_CANCER,REACTOME_SIGNALING_BY_ERBB2_IN_CANCER] was killed by [REACTOME_SIGNALING_BY_MET,REACTOME_SIGNALING_BY_MET]
[REACTOME_NEGATIVE_REGULATION_OF_MET_ACTIVITY,REACTOME_NEGATIVE_REGULATION_OF_MET_ACTIVITY] was killed by [REACTOME_SIGNALING_BY_MET,REACTOME_SIGNALING_BY_MET]
[REACTOME_ANTIGEN_PROCESSING_CROSS_PRESENTATION,REACTOME_ANTIGEN_PROCESSING_CROSS_PRESENTATION] was killed by [REACTOME_TRANSCRIPTIONAL_REGULATION_BY_RUNX2,REACTOME_TRANSCRIPTIONAL_REGULATION_BY_RUNX2]
[REACTOME_CD28_DEPENDENT_PI3K_AKT_SIGNALING,REACTOME_CD28_DEPENDENT_PI3K_AKT_SIGNALING] was killed by [REACTOME_TRANSCRIPTIONAL_REGULATION_BY_RUNX2,REACTOME_TRANSCRIPTIONAL_REGULATION_BY_RUNX2]
[REACTOME_DOWNREGULATION_OF_ERBB2_SIGNALING,REACTOME_DOWNREGULATION_OF_ERBB2_SIGNALING] was killed by [REACTOME_TRANSCRIPTIONAL_REGULATION_BY_RUNX2,REACTOME_TRANSCRIPTIONAL_REGULATION_BY_RUNX2]
[REACTOME_APC_C_CDH1_MEDIATED_DEGRADATION_OF_CDC20_AND_OTHER_APC_C_CDH1_TARGETED_PROTEINS_IN_LATE_MITOSIS_EARLY_G1,REACTOME_APC_C_CDH1_MEDIATED_DEGRADATION_OF_CDC20_AND_OTHER_APC_C_CDH1_TARGETED_PROTEINS_IN_LATE_MITOSIS_EARLY_G1] was killed by [REACTOME_TRANSCRIPTIONAL_REGULATION_BY_RUNX2,REACTOME_TRANSCRIPTIONAL_REGULATION_BY_RUNX2]
[REACTOME_REGULATION_OF_LIPID_METABOLISM_BY_PPARALPHA,REACTOME_REGULATION_OF_LIPID_METABOLISM_BY_PPARALPHA] was killed by [REACTOME_FOXO_MEDIATED_TRANSCRIPTION_OF_OXIDATIVE_STRESS_METABOLIC_AND_NEURONAL_GENES,REACTOME_FOXO_MEDIATED_TRANSCRIPTION_OF_OXIDATIVE_STRESS_METABOLIC_AND_NEURONAL_GENES]
[REACTOME_POSITIVE_EPIGENETIC_REGULATION_OF_RRNA_EXPRESSION,REACTOME_POSITIVE_EPIGENETIC_REGULATION_OF_RRNA_EXPRESSION] was killed by [REACTOME_FOXO_MEDIATED_TRANSCRIPTION_OF_OXIDATIVE_STRESS_METABOLIC_AND_NEURONAL_GENES,REACTOME_FOXO_MEDIATED_TRANSCRIPTION_OF_OXIDATIVE_STRESS_METABOLIC_AND_NEURONAL_GENES]
[REACTOME_APC_C_MEDIATED_DEGRADATION_OF_CELL_CYCLE_PROTEINS,REACTOME_APC_C_MEDIATED_DEGRADATION_OF_CELL_CYCLE_PROTEINS] was killed by [REACTOME_TRANSCRIPTIONAL_REGULATION_BY_RUNX2,REACTOME_TRANSCRIPTIONAL_REGULATION_BY_RUNX2]
[REACTOME_SIGNALING_BY_TYPE_1_INSULIN_LIKE_GROWTH_FACTOR_1_RECEPTOR_IGF1R,REACTOME_SIGNALING_BY_TYPE_1_INSULIN_LIKE_GROWTH_FACTOR_1_RECEPTOR_IGF1R] was killed by [REACTOME_SIGNALING_BY_MET,REACTOME_SIGNALING_BY_MET]
[REACTOME_COSTIMULATION_BY_THE_CD28_FAMILY,REACTOME_COSTIMULATION_BY_THE_CD28_FAMILY] was killed by [REACTOME_TRANSCRIPTIONAL_REGULATION_BY_RUNX2,REACTOME_TRANSCRIPTIONAL_REGULATION_BY_RUNX2]
[REACTOME_RET_SIGNALING,REACTOME_RET_SIGNALING] was killed by [REACTOME_SIGNALING_BY_MET,REACTOME_SIGNALING_BY_MET]
[REACTOME_SIGNALING_BY_PDGF,REACTOME_SIGNALING_BY_PDGF] was killed by [REACTOME_SIGNALING_BY_MET,REACTOME_SIGNALING_BY_MET]
[REACTOME_LISTERIA_MONOCYTOGENES_ENTRY_INTO_HOST_CELLS,REACTOME_LISTERIA_MONOCYTOGENES_ENTRY_INTO_HOST_CELLS] was killed by [REACTOME_SIGNALING_BY_MET,REACTOME_SIGNALING_BY_MET]
[REACTOME_REGULATION_OF_TP53_ACTIVITY_THROUGH_ACETYLATION,REACTOME_REGULATION_OF_TP53_ACTIVITY_THROUGH_ACETYLATION] was killed by [REACTOME_TRANSCRIPTIONAL_REGULATION_BY_RUNX2,REACTOME_TRANSCRIPTIONAL_REGULATION_BY_RUNX2]
[REACTOME_DAP12_INTERACTIONS,REACTOME_DAP12_INTERACTIONS] was killed by [REACTOME_SIGNALING_BY_MET,REACTOME_SIGNALING_BY_MET]
[REACTOME_DAP12_SIGNALING,REACTOME_DAP12_SIGNALING] was killed by [REACTOME_SIGNALING_BY_MET,REACTOME_SIGNALING_BY_MET]
