[MIR485_5P,MIR485_5P] was killed by [MIR6884_5P,MIR6884_5P]
[MIR1537_5P,MIR1537_5P] was killed by [MIR103A_1_5P,MIR103A_1_5P]
[MIR18A_5P_MIR18B_5P,MIR18A_5P_MIR18B_5P] was killed by [MIR508_3P,MIR508_3P]
[MIR4511,MIR4511] was killed by [MIR508_3P,MIR508_3P]
[MIR450A_1_3P,MIR450A_1_3P] was killed by [MIR103A_1_5P,MIR103A_1_5P]
[MIR103A_2_5P,MIR103A_2_5P] was killed by [MIR103A_1_5P,MIR103A_1_5P]
[MIR6847_3P,MIR6847_3P] was killed by [MIR1178_3P,MIR1178_3P]
[MIR5008_3P,MIR5008_3P] was killed by [MIR6884_5P,MIR6884_5P]
[GTAAACC_MIR2995P,GTAAACC_MIR2995P] was killed by [MIR1178_3P,MIR1178_3P]
[MIR8075,MIR8075] was killed by [MIR508_3P,MIR508_3P]
[MIR4736,MIR4736] was killed by [MIR6884_5P,MIR6884_5P]
[MIR8061,MIR8061] was killed by [GGCACTT_MIR519E,GGCACTT_MIR519E]
[MIR363_5P,MIR363_5P] was killed by [MIR6818_5P,MIR6818_5P]
[MIR3145_5P,MIR3145_5P] was killed by [MIR4428,MIR4428]
[MIR5583_5P,MIR5583_5P] was killed by [MIR1178_3P,MIR1178_3P]
[MIR193A_3P_MIR193B_3P,MIR193A_3P_MIR193B_3P] was killed by [MIR4428,MIR4428]
[MIR8065,MIR8065] was killed by [MIR508_3P,MIR508_3P]
[MIR6881_5P,MIR6881_5P] was killed by [MIR6884_5P,MIR6884_5P]
[MIR504_3P,MIR504_3P] was killed by [MIR6818_5P,MIR6818_5P]
[MIR5586_5P,MIR5586_5P] was killed by [MIR103A_1_5P,MIR103A_1_5P]
[MIR4660,MIR4660] was killed by [MIR103A_1_5P,MIR103A_1_5P]
[GTCTTCC_MIR7,GTCTTCC_MIR7] was killed by [MIR6884_5P,MIR6884_5P]
