[GOBP_NUCLEOTIDE_PHOSPHORYLATION,GOBP_NUCLEOTIDE_PHOSPHORYLATION] was killed by [GOBP_TRNA_TRANSPORT,GOBP_TRNA_TRANSPORT]
[GOBP_RESPONSE_TO_CATECHOLAMINE,GOBP_RESPONSE_TO_CATECHOLAMINE] was killed by [GOBP_SUBSTRATE_ADHESION_DEPENDENT_CELL_SPREADING,GOBP_SUBSTRATE_ADHESION_DEPENDENT_CELL_SPREADING]
[GOBP_MEMBRANE_DOCKING,GOBP_MEMBRANE_DOCKING] was killed by [GOBP_VESICLE_MEDIATED_TRANSPORT_BETWEEN_ENDOSOMAL_COMPARTMENTS,GOBP_VESICLE_MEDIATED_TRANSPORT_BETWEEN_ENDOSOMAL_COMPARTMENTS]
[GOBP_POSITIVE_REGULATION_OF_CHEMOTAXIS,GOBP_POSITIVE_REGULATION_OF_CHEMOTAXIS] was killed by [GOBP_SUBSTRATE_ADHESION_DEPENDENT_CELL_SPREADING,GOBP_SUBSTRATE_ADHESION_DEPENDENT_CELL_SPREADING]
[GOBP_RESPONSE_TO_DOPAMINE,GOBP_RESPONSE_TO_DOPAMINE] was killed by [GOBP_SUBSTRATE_ADHESION_DEPENDENT_CELL_SPREADING,GOBP_SUBSTRATE_ADHESION_DEPENDENT_CELL_SPREADING]
[GOBP_POSITIVE_REGULATION_OF_TRANSPORTER_ACTIVITY,GOBP_POSITIVE_REGULATION_OF_TRANSPORTER_ACTIVITY] was killed by [GOBP_SUBSTRATE_ADHESION_DEPENDENT_CELL_SPREADING,GOBP_SUBSTRATE_ADHESION_DEPENDENT_CELL_SPREADING]
[GOBP_REGULATION_OF_LEUKOCYTE_CHEMOTAXIS,GOBP_REGULATION_OF_LEUKOCYTE_CHEMOTAXIS] was killed by [GOBP_SUBSTRATE_ADHESION_DEPENDENT_CELL_SPREADING,GOBP_SUBSTRATE_ADHESION_DEPENDENT_CELL_SPREADING]
[GOBP_NUCLEOSIDE_DIPHOSPHATE_METABOLIC_PROCESS,GOBP_NUCLEOSIDE_DIPHOSPHATE_METABOLIC_PROCESS] was killed by [GOBP_TRNA_TRANSPORT,GOBP_TRNA_TRANSPORT]
[GOBP_PHOTOTRANSDUCTION,GOBP_PHOTOTRANSDUCTION] was killed by [GOBP_DETECTION_OF_LIGHT_STIMULUS,GOBP_DETECTION_OF_LIGHT_STIMULUS]
[GOBP_PHOTOTRANSDUCTION_VISIBLE_LIGHT,GOBP_PHOTOTRANSDUCTION_VISIBLE_LIGHT] was killed by [GOBP_DETECTION_OF_LIGHT_STIMULUS,GOBP_DETECTION_OF_LIGHT_STIMULUS]
[GOBP_POSITIVE_REGULATION_OF_LEUKOCYTE_CHEMOTAXIS,GOBP_POSITIVE_REGULATION_OF_LEUKOCYTE_CHEMOTAXIS] was killed by [GOBP_SUBSTRATE_ADHESION_DEPENDENT_CELL_SPREADING,GOBP_SUBSTRATE_ADHESION_DEPENDENT_CELL_SPREADING]
[GOBP_IMMUNOGLOBULIN_PRODUCTION,GOBP_IMMUNOGLOBULIN_PRODUCTION] was killed by [GOBP_HOMOLOGOUS_RECOMBINATION,GOBP_HOMOLOGOUS_RECOMBINATION]
[GOBP_INTERSTRAND_CROSS_LINK_REPAIR,GOBP_INTERSTRAND_CROSS_LINK_REPAIR] was killed by [GOBP_HOMOLOGOUS_RECOMBINATION,GOBP_HOMOLOGOUS_RECOMBINATION]
[GOBP_REGULATION_OF_CELLULAR_RESPONSE_TO_HEAT,GOBP_REGULATION_OF_CELLULAR_RESPONSE_TO_HEAT] was killed by [GOBP_TRNA_TRANSPORT,GOBP_TRNA_TRANSPORT]
[GOBP_MYELOID_CELL_DEVELOPMENT,GOBP_MYELOID_CELL_DEVELOPMENT] was killed by [GOBP_ERYTHROCYTE_DEVELOPMENT,GOBP_ERYTHROCYTE_DEVELOPMENT]
[GOBP_NCRNA_EXPORT_FROM_NUCLEUS,GOBP_NCRNA_EXPORT_FROM_NUCLEUS] was killed by [GOBP_TRNA_TRANSPORT,GOBP_TRNA_TRANSPORT]
[GOBP_POSITIVE_REGULATION_OF_LEUKOCYTE_MIGRATION,GOBP_POSITIVE_REGULATION_OF_LEUKOCYTE_MIGRATION] was killed by [GOBP_SUBSTRATE_ADHESION_DEPENDENT_CELL_SPREADING,GOBP_SUBSTRATE_ADHESION_DEPENDENT_CELL_SPREADING]
[GOBP_PROTEIN_SUMOYLATION,GOBP_PROTEIN_SUMOYLATION] was killed by [GOBP_TRNA_TRANSPORT,GOBP_TRNA_TRANSPORT]
[GOBP_ASTROCYTE_DIFFERENTIATION,GOBP_ASTROCYTE_DIFFERENTIATION] was killed by [GOBP_VESICLE_MEDIATED_TRANSPORT_BETWEEN_ENDOSOMAL_COMPARTMENTS,GOBP_VESICLE_MEDIATED_TRANSPORT_BETWEEN_ENDOSOMAL_COMPARTMENTS]
[GOBP_REGULATION_OF_GENERATION_OF_PRECURSOR_METABOLITES_AND_ENERGY,GOBP_REGULATION_OF_GENERATION_OF_PRECURSOR_METABOLITES_AND_ENERGY] was killed by [GOBP_TRNA_TRANSPORT,GOBP_TRNA_TRANSPORT]
[GOBP_REGULATION_OF_RESPONSE_TO_WOUNDING,GOBP_REGULATION_OF_RESPONSE_TO_WOUNDING] was killed by [GOBP_SUBSTRATE_ADHESION_DEPENDENT_CELL_SPREADING,GOBP_SUBSTRATE_ADHESION_DEPENDENT_CELL_SPREADING]
[GOBP_CARBOHYDRATE_CATABOLIC_PROCESS,GOBP_CARBOHYDRATE_CATABOLIC_PROCESS] was killed by [GOBP_TRNA_TRANSPORT,GOBP_TRNA_TRANSPORT]
[GOBP_SKIN_EPIDERMIS_DEVELOPMENT,GOBP_SKIN_EPIDERMIS_DEVELOPMENT] was killed by [GOBP_MOLTING_CYCLE,GOBP_MOLTING_CYCLE]
[GOBP_NUCLEAR_EXPORT,GOBP_NUCLEAR_EXPORT] was killed by [GOBP_TRNA_TRANSPORT,GOBP_TRNA_TRANSPORT]
[GOBP_DETECTION_OF_ABIOTIC_STIMULUS,GOBP_DETECTION_OF_ABIOTIC_STIMULUS] was killed by [GOBP_DETECTION_OF_LIGHT_STIMULUS,GOBP_DETECTION_OF_LIGHT_STIMULUS]
[GOBP_REGULATION_OF_EARLY_ENDOSOME_TO_LATE_ENDOSOME_TRANSPORT,GOBP_REGULATION_OF_EARLY_ENDOSOME_TO_LATE_ENDOSOME_TRANSPORT] was killed by [GOBP_VESICLE_MEDIATED_TRANSPORT_BETWEEN_ENDOSOMAL_COMPARTMENTS,GOBP_VESICLE_MEDIATED_TRANSPORT_BETWEEN_ENDOSOMAL_COMPARTMENTS]
[GOBP_SOMATIC_DIVERSIFICATION_OF_IMMUNOGLOBULINS,GOBP_SOMATIC_DIVERSIFICATION_OF_IMMUNOGLOBULINS] was killed by [GOBP_HOMOLOGOUS_RECOMBINATION,GOBP_HOMOLOGOUS_RECOMBINATION]
[GOBP_NEGATIVE_REGULATION_OF_INTERLEUKIN_6_PRODUCTION,GOBP_NEGATIVE_REGULATION_OF_INTERLEUKIN_6_PRODUCTION] was killed by [GOBP_ERYTHROCYTE_DEVELOPMENT,GOBP_ERYTHROCYTE_DEVELOPMENT]
[GOBP_SOMATIC_DIVERSIFICATION_OF_IMMUNE_RECEPTORS,GOBP_SOMATIC_DIVERSIFICATION_OF_IMMUNE_RECEPTORS] was killed by [GOBP_HOMOLOGOUS_RECOMBINATION,GOBP_HOMOLOGOUS_RECOMBINATION]
[GOBP_REGULATION_OF_GENE_SILENCING_BY_RNA,GOBP_REGULATION_OF_GENE_SILENCING_BY_RNA] was killed by [GOBP_TRNA_TRANSPORT,GOBP_TRNA_TRANSPORT]
[GOBP_OUTFLOW_TRACT_MORPHOGENESIS,GOBP_OUTFLOW_TRACT_MORPHOGENESIS] was killed by [GOBP_MOLTING_CYCLE,GOBP_MOLTING_CYCLE]
[GOBP_MITOTIC_RECOMBINATION,GOBP_MITOTIC_RECOMBINATION] was killed by [GOBP_HOMOLOGOUS_RECOMBINATION,GOBP_HOMOLOGOUS_RECOMBINATION]
[GOBP_REGULATION_OF_WOUND_HEALING,GOBP_REGULATION_OF_WOUND_HEALING] was killed by [GOBP_SUBSTRATE_ADHESION_DEPENDENT_CELL_SPREADING,GOBP_SUBSTRATE_ADHESION_DEPENDENT_CELL_SPREADING]
[GOBP_CELLULAR_RESPONSE_TO_HEAT,GOBP_CELLULAR_RESPONSE_TO_HEAT] was killed by [GOBP_TRNA_TRANSPORT,GOBP_TRNA_TRANSPORT]
[GOBP_REGULATION_OF_CARBOHYDRATE_CATABOLIC_PROCESS,GOBP_REGULATION_OF_CARBOHYDRATE_CATABOLIC_PROCESS] was killed by [GOBP_TRNA_TRANSPORT,GOBP_TRNA_TRANSPORT]
[GOBP_PYRUVATE_METABOLIC_PROCESS,GOBP_PYRUVATE_METABOLIC_PROCESS] was killed by [GOBP_TRNA_TRANSPORT,GOBP_TRNA_TRANSPORT]
[GOBP_MONONUCLEAR_CELL_MIGRATION,GOBP_MONONUCLEAR_CELL_MIGRATION] was killed by [GOBP_SUBSTRATE_ADHESION_DEPENDENT_CELL_SPREADING,GOBP_SUBSTRATE_ADHESION_DEPENDENT_CELL_SPREADING]
[GOBP_CIRCADIAN_REGULATION_OF_GENE_EXPRESSION,GOBP_CIRCADIAN_REGULATION_OF_GENE_EXPRESSION] was killed by [GOBP_MOLTING_CYCLE,GOBP_MOLTING_CYCLE]
[GOBP_POSTSYNAPTIC_SIGNAL_TRANSDUCTION,GOBP_POSTSYNAPTIC_SIGNAL_TRANSDUCTION] was killed by [GOBP_DETECTION_OF_LIGHT_STIMULUS,GOBP_DETECTION_OF_LIGHT_STIMULUS]
[GOBP_RNA_EXPORT_FROM_NUCLEUS,GOBP_RNA_EXPORT_FROM_NUCLEUS] was killed by [GOBP_TRNA_TRANSPORT,GOBP_TRNA_TRANSPORT]
[GOBP_SODIUM_ION_TRANSMEMBRANE_TRANSPORT,GOBP_SODIUM_ION_TRANSMEMBRANE_TRANSPORT] was killed by [GOBP_SUBSTRATE_ADHESION_DEPENDENT_CELL_SPREADING,GOBP_SUBSTRATE_ADHESION_DEPENDENT_CELL_SPREADING]
[GOBP_MULTI_ORGANISM_LOCALIZATION,GOBP_MULTI_ORGANISM_LOCALIZATION] was killed by [GOBP_TRNA_TRANSPORT,GOBP_TRNA_TRANSPORT]
[GOBP_METANEPHROS_DEVELOPMENT,GOBP_METANEPHROS_DEVELOPMENT] was killed by [GOBP_MOLTING_CYCLE,GOBP_MOLTING_CYCLE]
[GOBP_TORC1_SIGNALING,GOBP_TORC1_SIGNALING] was killed by [GOBP_TRNA_TRANSPORT,GOBP_TRNA_TRANSPORT]
[GOBP_ESTABLISHMENT_OF_RNA_LOCALIZATION,GOBP_ESTABLISHMENT_OF_RNA_LOCALIZATION] was killed by [GOBP_TRNA_TRANSPORT,GOBP_TRNA_TRANSPORT]
[GOBP_POSITIVE_REGULATION_OF_CYTOKINESIS,GOBP_POSITIVE_REGULATION_OF_CYTOKINESIS] was killed by [GOBP_SUBSTRATE_ADHESION_DEPENDENT_CELL_SPREADING,GOBP_SUBSTRATE_ADHESION_DEPENDENT_CELL_SPREADING]
[GOBP_POSITIVE_REGULATION_OF_SUBSTRATE_ADHESION_DEPENDENT_CELL_SPREADING,GOBP_POSITIVE_REGULATION_OF_SUBSTRATE_ADHESION_DEPENDENT_CELL_SPREADING] was killed by [GOBP_SUBSTRATE_ADHESION_DEPENDENT_CELL_SPREADING,GOBP_SUBSTRATE_ADHESION_DEPENDENT_CELL_SPREADING]
[GOBP_POSITIVE_REGULATION_OF_PROTEIN_DEPHOSPHORYLATION,GOBP_POSITIVE_REGULATION_OF_PROTEIN_DEPHOSPHORYLATION] was killed by [GOBP_DETECTION_OF_LIGHT_STIMULUS,GOBP_DETECTION_OF_LIGHT_STIMULUS]
[GOBP_NEURON_MIGRATION,GOBP_NEURON_MIGRATION] was killed by [GOBP_SUBSTRATE_ADHESION_DEPENDENT_CELL_SPREADING,GOBP_SUBSTRATE_ADHESION_DEPENDENT_CELL_SPREADING]
[GOBP_REGULATION_OF_PROTEIN_IMPORT,GOBP_REGULATION_OF_PROTEIN_IMPORT] was killed by [GOBP_TRNA_TRANSPORT,GOBP_TRNA_TRANSPORT]
[GOBP_VIRAL_GENOME_REPLICATION,GOBP_VIRAL_GENOME_REPLICATION] was killed by [GOBP_HOMOLOGOUS_RECOMBINATION,GOBP_HOMOLOGOUS_RECOMBINATION]
[GOBP_MORPHOGENESIS_OF_A_BRANCHING_STRUCTURE,GOBP_MORPHOGENESIS_OF_A_BRANCHING_STRUCTURE] was killed by [GOBP_MOLTING_CYCLE,GOBP_MOLTING_CYCLE]
[GOBP_POSITIVE_REGULATION_OF_LEUKOCYTE_PROLIFERATION,GOBP_POSITIVE_REGULATION_OF_LEUKOCYTE_PROLIFERATION] was killed by [GOBP_VESICLE_MEDIATED_TRANSPORT_BETWEEN_ENDOSOMAL_COMPARTMENTS,GOBP_VESICLE_MEDIATED_TRANSPORT_BETWEEN_ENDOSOMAL_COMPARTMENTS]
[GOBP_NEGATIVE_REGULATION_OF_RNA_CATABOLIC_PROCESS,GOBP_NEGATIVE_REGULATION_OF_RNA_CATABOLIC_PROCESS] was killed by [GOBP_RNA_SECONDARY_STRUCTURE_UNWINDING,GOBP_RNA_SECONDARY_STRUCTURE_UNWINDING]
[GOBP_RHODOPSIN_MEDIATED_SIGNALING_PATHWAY,GOBP_RHODOPSIN_MEDIATED_SIGNALING_PATHWAY] was killed by [GOBP_DETECTION_OF_LIGHT_STIMULUS,GOBP_DETECTION_OF_LIGHT_STIMULUS]
[GOBP_NEGATIVE_REGULATION_OF_PROTEIN_SERINE_THREONINE_KINASE_ACTIVITY,GOBP_NEGATIVE_REGULATION_OF_PROTEIN_SERINE_THREONINE_KINASE_ACTIVITY] was killed by [GOBP_REGULATION_OF_KERATINOCYTE_MIGRATION,GOBP_REGULATION_OF_KERATINOCYTE_MIGRATION]
[GOBP_POSITIVE_REGULATION_OF_REACTIVE_OXYGEN_SPECIES_BIOSYNTHETIC_PROCESS,GOBP_POSITIVE_REGULATION_OF_REACTIVE_OXYGEN_SPECIES_BIOSYNTHETIC_PROCESS] was killed by [GOBP_REGULATION_OF_KERATINOCYTE_MIGRATION,GOBP_REGULATION_OF_KERATINOCYTE_MIGRATION]
[GOBP_NUCLEAR_TRANSCRIBED_MRNA_CATABOLIC_PROCESS_DEADENYLATION_DEPENDENT_DECAY,GOBP_NUCLEAR_TRANSCRIBED_MRNA_CATABOLIC_PROCESS_DEADENYLATION_DEPENDENT_DECAY] was killed by [GOBP_RNA_SECONDARY_STRUCTURE_UNWINDING,GOBP_RNA_SECONDARY_STRUCTURE_UNWINDING]
[GOBP_SEQUESTERING_OF_CALCIUM_ION,GOBP_SEQUESTERING_OF_CALCIUM_ION] was killed by [GOBP_SUBSTRATE_ADHESION_DEPENDENT_CELL_SPREADING,GOBP_SUBSTRATE_ADHESION_DEPENDENT_CELL_SPREADING]
[GOBP_MEIOSIS_I_CELL_CYCLE_PROCESS,GOBP_MEIOSIS_I_CELL_CYCLE_PROCESS] was killed by [GOBP_HOMOLOGOUS_RECOMBINATION,GOBP_HOMOLOGOUS_RECOMBINATION]
[GOBP_REGULATION_OF_ERBB_SIGNALING_PATHWAY,GOBP_REGULATION_OF_ERBB_SIGNALING_PATHWAY] was killed by [GOBP_MOLTING_CYCLE,GOBP_MOLTING_CYCLE]
[GOBP_DNA_DOUBLE_STRAND_BREAK_PROCESSING,GOBP_DNA_DOUBLE_STRAND_BREAK_PROCESSING] was killed by [GOBP_HOMOLOGOUS_RECOMBINATION,GOBP_HOMOLOGOUS_RECOMBINATION]
[GOBP_MIRNA_METABOLIC_PROCESS,GOBP_MIRNA_METABOLIC_PROCESS] was killed by [GOBP_RNA_SECONDARY_STRUCTURE_UNWINDING,GOBP_RNA_SECONDARY_STRUCTURE_UNWINDING]
[GOBP_REGULATION_OF_RELEASE_OF_SEQUESTERED_CALCIUM_ION_INTO_CYTOSOL,GOBP_REGULATION_OF_RELEASE_OF_SEQUESTERED_CALCIUM_ION_INTO_CYTOSOL] was killed by [GOBP_DETECTION_OF_LIGHT_STIMULUS,GOBP_DETECTION_OF_LIGHT_STIMULUS]
[GOBP_TRANSCRIPTION_BY_RNA_POLYMERASE_III,GOBP_TRANSCRIPTION_BY_RNA_POLYMERASE_III] was killed by [GOBP_RNA_SECONDARY_STRUCTURE_UNWINDING,GOBP_RNA_SECONDARY_STRUCTURE_UNWINDING]
[GOBP_NEUROMUSCULAR_PROCESS,GOBP_NEUROMUSCULAR_PROCESS] was killed by [GOBP_REGULATION_OF_KERATINOCYTE_MIGRATION,GOBP_REGULATION_OF_KERATINOCYTE_MIGRATION]
[GOBP_POSITIVE_REGULATION_OF_CELL_MORPHOGENESIS_INVOLVED_IN_DIFFERENTIATION,GOBP_POSITIVE_REGULATION_OF_CELL_MORPHOGENESIS_INVOLVED_IN_DIFFERENTIATION] was killed by [GOBP_SUBSTRATE_ADHESION_DEPENDENT_CELL_SPREADING,GOBP_SUBSTRATE_ADHESION_DEPENDENT_CELL_SPREADING]
[GOBP_NCRNA_TRANSCRIPTION,GOBP_NCRNA_TRANSCRIPTION] was killed by [GOBP_REGULATION_OF_KERATINOCYTE_MIGRATION,GOBP_REGULATION_OF_KERATINOCYTE_MIGRATION]
[GOBP_CARDIAC_MUSCLE_CELL_PROLIFERATION,GOBP_CARDIAC_MUSCLE_CELL_PROLIFERATION] was killed by [GOBP_REGULATION_OF_KERATINOCYTE_MIGRATION,GOBP_REGULATION_OF_KERATINOCYTE_MIGRATION]
[GOBP_RESPONSE_TO_INTERLEUKIN_12,GOBP_RESPONSE_TO_INTERLEUKIN_12] was killed by [GOBP_SUBSTRATE_ADHESION_DEPENDENT_CELL_SPREADING,GOBP_SUBSTRATE_ADHESION_DEPENDENT_CELL_SPREADING]
[GOBP_INTRACELLULAR_STEROID_HORMONE_RECEPTOR_SIGNALING_PATHWAY,GOBP_INTRACELLULAR_STEROID_HORMONE_RECEPTOR_SIGNALING_PATHWAY] was killed by [GOBP_MOLTING_CYCLE,GOBP_MOLTING_CYCLE]
[GOBP_MODULATION_BY_SYMBIONT_OF_ENTRY_INTO_HOST,GOBP_MODULATION_BY_SYMBIONT_OF_ENTRY_INTO_HOST] was killed by [GOBP_VESICLE_MEDIATED_TRANSPORT_BETWEEN_ENDOSOMAL_COMPARTMENTS,GOBP_VESICLE_MEDIATED_TRANSPORT_BETWEEN_ENDOSOMAL_COMPARTMENTS]
[GOBP_POSITIVE_REGULATION_OF_HEART_GROWTH,GOBP_POSITIVE_REGULATION_OF_HEART_GROWTH] was killed by [GOBP_VESICLE_MEDIATED_TRANSPORT_BETWEEN_ENDOSOMAL_COMPARTMENTS,GOBP_VESICLE_MEDIATED_TRANSPORT_BETWEEN_ENDOSOMAL_COMPARTMENTS]
[GOBP_RNA_INTERFERENCE,GOBP_RNA_INTERFERENCE] was killed by [GOBP_RNA_SECONDARY_STRUCTURE_UNWINDING,GOBP_RNA_SECONDARY_STRUCTURE_UNWINDING]
[GOBP_REGULATION_OF_NUCLEAR_DIVISION,GOBP_REGULATION_OF_NUCLEAR_DIVISION] was killed by [GOBP_HOMOLOGOUS_RECOMBINATION,GOBP_HOMOLOGOUS_RECOMBINATION]
[GOBP_TELOMERE_MAINTENANCE_VIA_RECOMBINATION,GOBP_TELOMERE_MAINTENANCE_VIA_RECOMBINATION] was killed by [GOBP_HOMOLOGOUS_RECOMBINATION,GOBP_HOMOLOGOUS_RECOMBINATION]
[GOBP_KERATINOCYTE_MIGRATION,GOBP_KERATINOCYTE_MIGRATION] was killed by [GOBP_REGULATION_OF_KERATINOCYTE_MIGRATION,GOBP_REGULATION_OF_KERATINOCYTE_MIGRATION]
[GOBP_REGULATION_OF_PROTEIN_EXIT_FROM_ENDOPLASMIC_RETICULUM,GOBP_REGULATION_OF_PROTEIN_EXIT_FROM_ENDOPLASMIC_RETICULUM] was killed by [GOBP_POSITIVE_REGULATION_OF_PROTEIN_EXIT_FROM_ENDOPLASMIC_RETICULUM,GOBP_POSITIVE_REGULATION_OF_PROTEIN_EXIT_FROM_ENDOPLASMIC_RETICULUM]
[GOBP_REGULATION_OF_NEURON_MIGRATION,GOBP_REGULATION_OF_NEURON_MIGRATION] was killed by [GOBP_SUBSTRATE_ADHESION_DEPENDENT_CELL_SPREADING,GOBP_SUBSTRATE_ADHESION_DEPENDENT_CELL_SPREADING]
[GOBP_REGULATION_OF_VASCULAR_ASSOCIATED_SMOOTH_MUSCLE_CELL_PROLIFERATION,GOBP_REGULATION_OF_VASCULAR_ASSOCIATED_SMOOTH_MUSCLE_CELL_PROLIFERATION] was killed by [GOBP_RNA_SECONDARY_STRUCTURE_UNWINDING,GOBP_RNA_SECONDARY_STRUCTURE_UNWINDING]
[GOBP_GLOMERULUS_DEVELOPMENT,GOBP_GLOMERULUS_DEVELOPMENT] was killed by [GOBP_MOLTING_CYCLE,GOBP_MOLTING_CYCLE]
[GOBP_POSITIVE_REGULATION_OF_CATION_TRANSMEMBRANE_TRANSPORT,GOBP_POSITIVE_REGULATION_OF_CATION_TRANSMEMBRANE_TRANSPORT] was killed by [GOBP_SUBSTRATE_ADHESION_DEPENDENT_CELL_SPREADING,GOBP_SUBSTRATE_ADHESION_DEPENDENT_CELL_SPREADING]
[GOBP_CELL_AGING,GOBP_CELL_AGING] was killed by [GOBP_REGULATION_OF_KERATINOCYTE_MIGRATION,GOBP_REGULATION_OF_KERATINOCYTE_MIGRATION]
[GOBP_RESPONSE_TO_ACID_CHEMICAL,GOBP_RESPONSE_TO_ACID_CHEMICAL] was killed by [GOBP_REGULATION_OF_KERATINOCYTE_MIGRATION,GOBP_REGULATION_OF_KERATINOCYTE_MIGRATION]
[GOBP_CARDIAC_MUSCLE_CELL_DIFFERENTIATION,GOBP_CARDIAC_MUSCLE_CELL_DIFFERENTIATION] was killed by [GOBP_RNA_SECONDARY_STRUCTURE_UNWINDING,GOBP_RNA_SECONDARY_STRUCTURE_UNWINDING]
[GOBP_NON_RECOMBINATIONAL_REPAIR,GOBP_NON_RECOMBINATIONAL_REPAIR] was killed by [GOBP_HOMOLOGOUS_RECOMBINATION,GOBP_HOMOLOGOUS_RECOMBINATION]
