[REACTOME_CELLULAR_RESPONSE_TO_STARVATION,REACTOME_CELLULAR_RESPONSE_TO_STARVATION] was killed by [REACTOME_INFLUENZA_INFECTION,REACTOME_INFLUENZA_INFECTION]
[PID_FCER1_PATHWAY,PID_FCER1_PATHWAY] was killed by [WP_PATHWAYS_AFFECTED_IN_ADENOID_CYSTIC_CARCINOMA,WP_PATHWAYS_AFFECTED_IN_ADENOID_CYSTIC_CARCINOMA]
[REACTOME_HCMV_INFECTION,REACTOME_HCMV_INFECTION] was killed by [REACTOME_INFLUENZA_INFECTION,REACTOME_INFLUENZA_INFECTION]
[KEGG_NOD_LIKE_RECEPTOR_SIGNALING_PATHWAY,KEGG_NOD_LIKE_RECEPTOR_SIGNALING_PATHWAY] was killed by [REACTOME_NETRIN_1_SIGNALING,REACTOME_NETRIN_1_SIGNALING]
[PID_INTEGRIN_A4B1_PATHWAY,PID_INTEGRIN_A4B1_PATHWAY] was killed by [BIOCARTA_NO1_PATHWAY,BIOCARTA_NO1_PATHWAY]
[BIOCARTA_MET_PATHWAY,BIOCARTA_MET_PATHWAY] was killed by [WP_PATHWAYS_AFFECTED_IN_ADENOID_CYSTIC_CARCINOMA,WP_PATHWAYS_AFFECTED_IN_ADENOID_CYSTIC_CARCINOMA]
[REACTOME_RECRUITMENT_OF_NUMA_TO_MITOTIC_CENTROSOMES,REACTOME_RECRUITMENT_OF_NUMA_TO_MITOTIC_CENTROSOMES] was killed by [REACTOME_SELECTIVE_AUTOPHAGY,REACTOME_SELECTIVE_AUTOPHAGY]
[REACTOME_DISORDERS_OF_TRANSMEMBRANE_TRANSPORTERS,REACTOME_DISORDERS_OF_TRANSMEMBRANE_TRANSPORTERS] was killed by [REACTOME_INFLUENZA_INFECTION,REACTOME_INFLUENZA_INFECTION]
[REACTOME_HCMV_LATE_EVENTS,REACTOME_HCMV_LATE_EVENTS] was killed by [REACTOME_INFLUENZA_INFECTION,REACTOME_INFLUENZA_INFECTION]
[PID_FAK_PATHWAY,PID_FAK_PATHWAY] was killed by [REACTOME_NETRIN_1_SIGNALING,REACTOME_NETRIN_1_SIGNALING]
[REACTOME_AGGREPHAGY,REACTOME_AGGREPHAGY] was killed by [REACTOME_SELECTIVE_AUTOPHAGY,REACTOME_SELECTIVE_AUTOPHAGY]
[REACTOME_REGULATION_OF_HSF1_MEDIATED_HEAT_SHOCK_RESPONSE,REACTOME_REGULATION_OF_HSF1_MEDIATED_HEAT_SHOCK_RESPONSE] was killed by [REACTOME_INFLUENZA_INFECTION,REACTOME_INFLUENZA_INFECTION]
[BIOCARTA_VDR_PATHWAY,BIOCARTA_VDR_PATHWAY] was killed by [WP_PATHWAYS_AFFECTED_IN_ADENOID_CYSTIC_CARCINOMA,WP_PATHWAYS_AFFECTED_IN_ADENOID_CYSTIC_CARCINOMA]
[KEGG_PHOSPHATIDYLINOSITOL_SIGNALING_SYSTEM,KEGG_PHOSPHATIDYLINOSITOL_SIGNALING_SYSTEM] was killed by [KEGG_GLYCEROPHOSPHOLIPID_METABOLISM,KEGG_GLYCEROPHOSPHOLIPID_METABOLISM]
[REACTOME_REGULATION_OF_TP53_EXPRESSION_AND_DEGRADATION,REACTOME_REGULATION_OF_TP53_EXPRESSION_AND_DEGRADATION] was killed by [REACTOME_SELECTIVE_AUTOPHAGY,REACTOME_SELECTIVE_AUTOPHAGY]
[REACTOME_COPI_MEDIATED_ANTEROGRADE_TRANSPORT,REACTOME_COPI_MEDIATED_ANTEROGRADE_TRANSPORT] was killed by [REACTOME_SELECTIVE_AUTOPHAGY,REACTOME_SELECTIVE_AUTOPHAGY]
[REACTOME_TRNA_PROCESSING_IN_THE_NUCLEUS,REACTOME_TRNA_PROCESSING_IN_THE_NUCLEUS] was killed by [REACTOME_INFLUENZA_INFECTION,REACTOME_INFLUENZA_INFECTION]
[REACTOME_NRAGE_SIGNALS_DEATH_THROUGH_JNK,REACTOME_NRAGE_SIGNALS_DEATH_THROUGH_JNK] was killed by [REACTOME_NETRIN_1_SIGNALING,REACTOME_NETRIN_1_SIGNALING]
[REACTOME_HCMV_EARLY_EVENTS,REACTOME_HCMV_EARLY_EVENTS] was killed by [REACTOME_INFLUENZA_INFECTION,REACTOME_INFLUENZA_INFECTION]
[REACTOME_SELENOAMINO_ACID_METABOLISM,REACTOME_SELENOAMINO_ACID_METABOLISM] was killed by [REACTOME_INFLUENZA_INFECTION,REACTOME_INFLUENZA_INFECTION]
[REACTOME_GLUCOSE_METABOLISM,REACTOME_GLUCOSE_METABOLISM] was killed by [REACTOME_INFLUENZA_INFECTION,REACTOME_INFLUENZA_INFECTION]
[WP_EPO_RECEPTOR_SIGNALING,WP_EPO_RECEPTOR_SIGNALING] was killed by [WP_PATHWAYS_AFFECTED_IN_ADENOID_CYSTIC_CARCINOMA,WP_PATHWAYS_AFFECTED_IN_ADENOID_CYSTIC_CARCINOMA]
[PID_RET_PATHWAY,PID_RET_PATHWAY] was killed by [WP_PATHWAYS_AFFECTED_IN_ADENOID_CYSTIC_CARCINOMA,WP_PATHWAYS_AFFECTED_IN_ADENOID_CYSTIC_CARCINOMA]
[KEGG_LEISHMANIA_INFECTION,KEGG_LEISHMANIA_INFECTION] was killed by [REACTOME_NETRIN_1_SIGNALING,REACTOME_NETRIN_1_SIGNALING]
[REACTOME_ACTIVATION_OF_THE_MRNA_UPON_BINDING_OF_THE_CAP_BINDING_COMPLEX_AND_EIFS_AND_SUBSEQUENT_BINDING_TO_43S,REACTOME_ACTIVATION_OF_THE_MRNA_UPON_BINDING_OF_THE_CAP_BINDING_COMPLEX_AND_EIFS_AND_SUBSEQUENT_BINDING_TO_43S] was killed by [REACTOME_INFLUENZA_INFECTION,REACTOME_INFLUENZA_INFECTION]
[BIOCARTA_PPARA_PATHWAY,BIOCARTA_PPARA_PATHWAY] was killed by [WP_PATHWAYS_AFFECTED_IN_ADENOID_CYSTIC_CARCINOMA,WP_PATHWAYS_AFFECTED_IN_ADENOID_CYSTIC_CARCINOMA]
[KEGG_CITRATE_CYCLE_TCA_CYCLE,KEGG_CITRATE_CYCLE_TCA_CYCLE] was killed by [WP_METABOLIC_REPROGRAMMING_IN_COLON_CANCER,WP_METABOLIC_REPROGRAMMING_IN_COLON_CANCER]
[REACTOME_STING_MEDIATED_INDUCTION_OF_HOST_IMMUNE_RESPONSES,REACTOME_STING_MEDIATED_INDUCTION_OF_HOST_IMMUNE_RESPONSES] was killed by [WP_PATHWAYS_AFFECTED_IN_ADENOID_CYSTIC_CARCINOMA,WP_PATHWAYS_AFFECTED_IN_ADENOID_CYSTIC_CARCINOMA]
[REACTOME_SEMA3A_PLEXIN_REPULSION_SIGNALING_BY_INHIBITING_INTEGRIN_ADHESION,REACTOME_SEMA3A_PLEXIN_REPULSION_SIGNALING_BY_INHIBITING_INTEGRIN_ADHESION] was killed by [REACTOME_NETRIN_1_SIGNALING,REACTOME_NETRIN_1_SIGNALING]
[SIG_CD40PATHWAYMAP,SIG_CD40PATHWAYMAP] was killed by [REACTOME_NETRIN_1_SIGNALING,REACTOME_NETRIN_1_SIGNALING]
[BIOCARTA_IL2RB_PATHWAY,BIOCARTA_IL2RB_PATHWAY] was killed by [WP_PATHWAYS_AFFECTED_IN_ADENOID_CYSTIC_CARCINOMA,WP_PATHWAYS_AFFECTED_IN_ADENOID_CYSTIC_CARCINOMA]
[REACTOME_RETROGRADE_TRANSPORT_AT_THE_TRANS_GOLGI_NETWORK,REACTOME_RETROGRADE_TRANSPORT_AT_THE_TRANS_GOLGI_NETWORK] was killed by [KEGG_SNARE_INTERACTIONS_IN_VESICULAR_TRANSPORT,KEGG_SNARE_INTERACTIONS_IN_VESICULAR_TRANSPORT]
[KEGG_EPITHELIAL_CELL_SIGNALING_IN_HELICOBACTER_PYLORI_INFECTION,KEGG_EPITHELIAL_CELL_SIGNALING_IN_HELICOBACTER_PYLORI_INFECTION] was killed by [REACTOME_NETRIN_1_SIGNALING,REACTOME_NETRIN_1_SIGNALING]
[PID_VEGFR1_PATHWAY,PID_VEGFR1_PATHWAY] was killed by [WP_PATHWAYS_AFFECTED_IN_ADENOID_CYSTIC_CARCINOMA,WP_PATHWAYS_AFFECTED_IN_ADENOID_CYSTIC_CARCINOMA]
[PID_INSULIN_PATHWAY,PID_INSULIN_PATHWAY] was killed by [WP_PATHWAYS_AFFECTED_IN_ADENOID_CYSTIC_CARCINOMA,WP_PATHWAYS_AFFECTED_IN_ADENOID_CYSTIC_CARCINOMA]
[WP_SIMPLIFIED_DEPICTION_OF_MYD88_DISTINCT_INPUTOUTPUT_PATHWAY,WP_SIMPLIFIED_DEPICTION_OF_MYD88_DISTINCT_INPUTOUTPUT_PATHWAY] was killed by [REACTOME_SELECTIVE_AUTOPHAGY,REACTOME_SELECTIVE_AUTOPHAGY]
[PID_IL5_PATHWAY,PID_IL5_PATHWAY] was killed by [REACTOME_NETRIN_1_SIGNALING,REACTOME_NETRIN_1_SIGNALING]
[KEGG_GLIOMA,KEGG_GLIOMA] was killed by [WP_PATHWAYS_AFFECTED_IN_ADENOID_CYSTIC_CARCINOMA,WP_PATHWAYS_AFFECTED_IN_ADENOID_CYSTIC_CARCINOMA]
[REACTOME_RESPONSE_OF_EIF2AK4_GCN2_TO_AMINO_ACID_DEFICIENCY,REACTOME_RESPONSE_OF_EIF2AK4_GCN2_TO_AMINO_ACID_DEFICIENCY] was killed by [REACTOME_INFLUENZA_INFECTION,REACTOME_INFLUENZA_INFECTION]
[KEGG_GLYCOLYSIS_GLUCONEOGENESIS,KEGG_GLYCOLYSIS_GLUCONEOGENESIS] was killed by [WP_METABOLIC_REPROGRAMMING_IN_COLON_CANCER,WP_METABOLIC_REPROGRAMMING_IN_COLON_CANCER]
[WP_ARYL_HYDROCARBON_RECEPTOR_NETPATH,WP_ARYL_HYDROCARBON_RECEPTOR_NETPATH] was killed by [WP_PATHWAYS_AFFECTED_IN_ADENOID_CYSTIC_CARCINOMA,WP_PATHWAYS_AFFECTED_IN_ADENOID_CYSTIC_CARCINOMA]
[REACTOME_COPII_MEDIATED_VESICLE_TRANSPORT,REACTOME_COPII_MEDIATED_VESICLE_TRANSPORT] was killed by [KEGG_SNARE_INTERACTIONS_IN_VESICULAR_TRANSPORT,KEGG_SNARE_INTERACTIONS_IN_VESICULAR_TRANSPORT]
[REACTOME_RECRUITMENT_OF_MITOTIC_CENTROSOME_PROTEINS_AND_COMPLEXES,REACTOME_RECRUITMENT_OF_MITOTIC_CENTROSOME_PROTEINS_AND_COMPLEXES] was killed by [REACTOME_SELECTIVE_AUTOPHAGY,REACTOME_SELECTIVE_AUTOPHAGY]
[WP_SIGNALING_OF_HEPATOCYTE_GROWTH_FACTOR_RECEPTOR,WP_SIGNALING_OF_HEPATOCYTE_GROWTH_FACTOR_RECEPTOR] was killed by [WP_PATHWAYS_AFFECTED_IN_ADENOID_CYSTIC_CARCINOMA,WP_PATHWAYS_AFFECTED_IN_ADENOID_CYSTIC_CARCINOMA]
[WP_PRIMARY_FOCAL_SEGMENTAL_GLOMERULOSCLEROSIS_FSGS,WP_PRIMARY_FOCAL_SEGMENTAL_GLOMERULOSCLEROSIS_FSGS] was killed by [REACTOME_NETRIN_1_SIGNALING,REACTOME_NETRIN_1_SIGNALING]
[BIOCARTA_TFF_PATHWAY,BIOCARTA_TFF_PATHWAY] was killed by [WP_PATHWAYS_AFFECTED_IN_ADENOID_CYSTIC_CARCINOMA,WP_PATHWAYS_AFFECTED_IN_ADENOID_CYSTIC_CARCINOMA]
[REACTOME_SYNTHESIS_OF_PA,REACTOME_SYNTHESIS_OF_PA] was killed by [KEGG_GLYCEROPHOSPHOLIPID_METABOLISM,KEGG_GLYCEROPHOSPHOLIPID_METABOLISM]
[REACTOME_RORA_ACTIVATES_GENE_EXPRESSION,REACTOME_RORA_ACTIVATES_GENE_EXPRESSION] was killed by [WP_PATHWAYS_AFFECTED_IN_ADENOID_CYSTIC_CARCINOMA,WP_PATHWAYS_AFFECTED_IN_ADENOID_CYSTIC_CARCINOMA]
[REACTOME_RNA_POLYMERASE_I_PROMOTER_ESCAPE,REACTOME_RNA_POLYMERASE_I_PROMOTER_ESCAPE] was killed by [REACTOME_INFLUENZA_INFECTION,REACTOME_INFLUENZA_INFECTION]
[REACTOME_IRF3_MEDIATED_INDUCTION_OF_TYPE_I_IFN,REACTOME_IRF3_MEDIATED_INDUCTION_OF_TYPE_I_IFN] was killed by [WP_PATHWAYS_AFFECTED_IN_ADENOID_CYSTIC_CARCINOMA,WP_PATHWAYS_AFFECTED_IN_ADENOID_CYSTIC_CARCINOMA]
[REACTOME_ANTIGEN_ACTIVATES_B_CELL_RECEPTOR_BCR_LEADING_TO_GENERATION_OF_SECOND_MESSENGERS,REACTOME_ANTIGEN_ACTIVATES_B_CELL_RECEPTOR_BCR_LEADING_TO_GENERATION_OF_SECOND_MESSENGERS] was killed by [BIOCARTA_NO1_PATHWAY,BIOCARTA_NO1_PATHWAY]
[REACTOME_GLYCOLYSIS,REACTOME_GLYCOLYSIS] was killed by [REACTOME_INFLUENZA_INFECTION,REACTOME_INFLUENZA_INFECTION]
[REACTOME_CHROMOSOME_MAINTENANCE,REACTOME_CHROMOSOME_MAINTENANCE] was killed by [REACTOME_INFLUENZA_INFECTION,REACTOME_INFLUENZA_INFECTION]
[REACTOME_SIGNALING_BY_PDGFR_IN_DISEASE,REACTOME_SIGNALING_BY_PDGFR_IN_DISEASE] was killed by [WP_PATHWAYS_AFFECTED_IN_ADENOID_CYSTIC_CARCINOMA,WP_PATHWAYS_AFFECTED_IN_ADENOID_CYSTIC_CARCINOMA]
[REACTOME_RAS_PROCESSING,REACTOME_RAS_PROCESSING] was killed by [BIOCARTA_NO1_PATHWAY,BIOCARTA_NO1_PATHWAY]
[WP_NOCGMPPKG_MEDIATED_NEUROPROTECTION,WP_NOCGMPPKG_MEDIATED_NEUROPROTECTION] was killed by [BIOCARTA_NO1_PATHWAY,BIOCARTA_NO1_PATHWAY]
[REACTOME_AURKA_ACTIVATION_BY_TPX2,REACTOME_AURKA_ACTIVATION_BY_TPX2] was killed by [REACTOME_SELECTIVE_AUTOPHAGY,REACTOME_SELECTIVE_AUTOPHAGY]
[REACTOME_REGULATION_OF_TP53_ACTIVITY_THROUGH_ACETYLATION,REACTOME_REGULATION_OF_TP53_ACTIVITY_THROUGH_ACETYLATION] was killed by [WP_PATHWAYS_AFFECTED_IN_ADENOID_CYSTIC_CARCINOMA,WP_PATHWAYS_AFFECTED_IN_ADENOID_CYSTIC_CARCINOMA]
[KEGG_INSULIN_SIGNALING_PATHWAY,KEGG_INSULIN_SIGNALING_PATHWAY] was killed by [WP_PATHWAYS_AFFECTED_IN_ADENOID_CYSTIC_CARCINOMA,WP_PATHWAYS_AFFECTED_IN_ADENOID_CYSTIC_CARCINOMA]
[WP_HISTONE_MODIFICATIONS,WP_HISTONE_MODIFICATIONS] was killed by [WP_PATHWAYS_AFFECTED_IN_ADENOID_CYSTIC_CARCINOMA,WP_PATHWAYS_AFFECTED_IN_ADENOID_CYSTIC_CARCINOMA]
[WP_PDGF_PATHWAY,WP_PDGF_PATHWAY] was killed by [WP_PATHWAYS_AFFECTED_IN_ADENOID_CYSTIC_CARCINOMA,WP_PATHWAYS_AFFECTED_IN_ADENOID_CYSTIC_CARCINOMA]
[REACTOME_REGULATION_OF_IFNG_SIGNALING,REACTOME_REGULATION_OF_IFNG_SIGNALING] was killed by [REACTOME_NETRIN_1_SIGNALING,REACTOME_NETRIN_1_SIGNALING]
[BIOCARTA_GCR_PATHWAY,BIOCARTA_GCR_PATHWAY] was killed by [WP_PATHWAYS_AFFECTED_IN_ADENOID_CYSTIC_CARCINOMA,WP_PATHWAYS_AFFECTED_IN_ADENOID_CYSTIC_CARCINOMA]
[WP_3Q29_COPY_NUMBER_VARIATION_SYNDROME,WP_3Q29_COPY_NUMBER_VARIATION_SYNDROME] was killed by [WP_PATHWAYS_AFFECTED_IN_ADENOID_CYSTIC_CARCINOMA,WP_PATHWAYS_AFFECTED_IN_ADENOID_CYSTIC_CARCINOMA]
[WP_WNTBETACATENIN_SIGNALING_PATHWAY_IN_LEUKEMIA,WP_WNTBETACATENIN_SIGNALING_PATHWAY_IN_LEUKEMIA] was killed by [WP_PATHWAYS_AFFECTED_IN_ADENOID_CYSTIC_CARCINOMA,WP_PATHWAYS_AFFECTED_IN_ADENOID_CYSTIC_CARCINOMA]
[SIG_PIP3_SIGNALING_IN_CARDIAC_MYOCTES,SIG_PIP3_SIGNALING_IN_CARDIAC_MYOCTES] was killed by [WP_PATHWAYS_AFFECTED_IN_ADENOID_CYSTIC_CARCINOMA,WP_PATHWAYS_AFFECTED_IN_ADENOID_CYSTIC_CARCINOMA]
[REACTOME_GLYCOGEN_BREAKDOWN_GLYCOGENOLYSIS,REACTOME_GLYCOGEN_BREAKDOWN_GLYCOGENOLYSIS] was killed by [BIOCARTA_NO1_PATHWAY,BIOCARTA_NO1_PATHWAY]
[WP_KISSPEPTINKISSPEPTIN_RECEPTOR_SYSTEM_IN_THE_OVARY,WP_KISSPEPTINKISSPEPTIN_RECEPTOR_SYSTEM_IN_THE_OVARY] was killed by [WP_PATHWAYS_AFFECTED_IN_ADENOID_CYSTIC_CARCINOMA,WP_PATHWAYS_AFFECTED_IN_ADENOID_CYSTIC_CARCINOMA]
[REACTOME_SMOOTH_MUSCLE_CONTRACTION,REACTOME_SMOOTH_MUSCLE_CONTRACTION] was killed by [BIOCARTA_NO1_PATHWAY,BIOCARTA_NO1_PATHWAY]
[REACTOME_RNA_POLYMERASE_I_TRANSCRIPTION,REACTOME_RNA_POLYMERASE_I_TRANSCRIPTION] was killed by [REACTOME_INFLUENZA_INFECTION,REACTOME_INFLUENZA_INFECTION]
[WP_GLYCEROPHOSPHOLIPID_BIOSYNTHETIC_PATHWAY,WP_GLYCEROPHOSPHOLIPID_BIOSYNTHETIC_PATHWAY] was killed by [KEGG_GLYCEROPHOSPHOLIPID_METABOLISM,KEGG_GLYCEROPHOSPHOLIPID_METABOLISM]
[REACTOME_SEMAPHORIN_INTERACTIONS,REACTOME_SEMAPHORIN_INTERACTIONS] was killed by [REACTOME_NETRIN_1_SIGNALING,REACTOME_NETRIN_1_SIGNALING]
[KEGG_FOCAL_ADHESION,KEGG_FOCAL_ADHESION] was killed by [WP_PATHWAYS_AFFECTED_IN_ADENOID_CYSTIC_CARCINOMA,WP_PATHWAYS_AFFECTED_IN_ADENOID_CYSTIC_CARCINOMA]
[REACTOME_ACYL_CHAIN_REMODELLING_OF_PG,REACTOME_ACYL_CHAIN_REMODELLING_OF_PG] was killed by [KEGG_GLYCEROPHOSPHOLIPID_METABOLISM,KEGG_GLYCEROPHOSPHOLIPID_METABOLISM]
[REACTOME_CELLULAR_RESPONSE_TO_HEAT_STRESS,REACTOME_CELLULAR_RESPONSE_TO_HEAT_STRESS] was killed by [REACTOME_INFLUENZA_INFECTION,REACTOME_INFLUENZA_INFECTION]
[REACTOME_ACTIVATION_OF_ANTERIOR_HOX_GENES_IN_HINDBRAIN_DEVELOPMENT_DURING_EARLY_EMBRYOGENESIS,REACTOME_ACTIVATION_OF_ANTERIOR_HOX_GENES_IN_HINDBRAIN_DEVELOPMENT_DURING_EARLY_EMBRYOGENESIS] was killed by [WP_PATHWAYS_AFFECTED_IN_ADENOID_CYSTIC_CARCINOMA,WP_PATHWAYS_AFFECTED_IN_ADENOID_CYSTIC_CARCINOMA]
[WP_REGULATION_OF_MICROTUBULE_CYTOSKELETON,WP_REGULATION_OF_MICROTUBULE_CYTOSKELETON] was killed by [WP_PATHWAYS_AFFECTED_IN_ADENOID_CYSTIC_CARCINOMA,WP_PATHWAYS_AFFECTED_IN_ADENOID_CYSTIC_CARCINOMA]
[PID_CDC42_REG_PATHWAY,PID_CDC42_REG_PATHWAY] was killed by [REACTOME_NETRIN_1_SIGNALING,REACTOME_NETRIN_1_SIGNALING]
[REACTOME_NEGATIVE_EPIGENETIC_REGULATION_OF_RRNA_EXPRESSION,REACTOME_NEGATIVE_EPIGENETIC_REGULATION_OF_RRNA_EXPRESSION] was killed by [REACTOME_INFLUENZA_INFECTION,REACTOME_INFLUENZA_INFECTION]
[REACTOME_SEMA3A_PAK_DEPENDENT_AXON_REPULSION,REACTOME_SEMA3A_PAK_DEPENDENT_AXON_REPULSION] was killed by [REACTOME_NETRIN_1_SIGNALING,REACTOME_NETRIN_1_SIGNALING]
[REACTOME_PROCESSING_OF_INTRONLESS_PRE_MRNAS,REACTOME_PROCESSING_OF_INTRONLESS_PRE_MRNAS] was killed by [REACTOME_INFLUENZA_INFECTION,REACTOME_INFLUENZA_INFECTION]
[REACTOME_SIGNALING_BY_FLT3_ITD_AND_TKD_MUTANTS,REACTOME_SIGNALING_BY_FLT3_ITD_AND_TKD_MUTANTS] was killed by [WP_PATHWAYS_AFFECTED_IN_ADENOID_CYSTIC_CARCINOMA,WP_PATHWAYS_AFFECTED_IN_ADENOID_CYSTIC_CARCINOMA]
[REACTOME_VASOPRESSIN_REGULATES_RENAL_WATER_HOMEOSTASIS_VIA_AQUAPORINS,REACTOME_VASOPRESSIN_REGULATES_RENAL_WATER_HOMEOSTASIS_VIA_AQUAPORINS] was killed by [BIOCARTA_NO1_PATHWAY,BIOCARTA_NO1_PATHWAY]
[BIOCARTA_IGF1R_PATHWAY,BIOCARTA_IGF1R_PATHWAY] was killed by [WP_PATHWAYS_AFFECTED_IN_ADENOID_CYSTIC_CARCINOMA,WP_PATHWAYS_AFFECTED_IN_ADENOID_CYSTIC_CARCINOMA]
[KEGG_PENTOSE_PHOSPHATE_PATHWAY,KEGG_PENTOSE_PHOSPHATE_PATHWAY] was killed by [WP_METABOLIC_REPROGRAMMING_IN_COLON_CANCER,WP_METABOLIC_REPROGRAMMING_IN_COLON_CANCER]
[BIOCARTA_GLEEVEC_PATHWAY,BIOCARTA_GLEEVEC_PATHWAY] was killed by [WP_PATHWAYS_AFFECTED_IN_ADENOID_CYSTIC_CARCINOMA,WP_PATHWAYS_AFFECTED_IN_ADENOID_CYSTIC_CARCINOMA]
