[GSE2405_0H_VS_24H_A_PHAGOCYTOPHILUM_STIM_NEUTROPHIL_UP,GSE2405_0H_VS_24H_A_PHAGOCYTOPHILUM_STIM_NEUTROPHIL_UP] was killed by [GSE2405_0H_VS_9H_A_PHAGOCYTOPHILUM_STIM_NEUTROPHIL_DN,GSE2405_0H_VS_9H_A_PHAGOCYTOPHILUM_STIM_NEUTROPHIL_DN]
[GSE26351_UNSTIM_VS_BMP_PATHWAY_STIM_HEMATOPOIETIC_PROGENITORS_UP,GSE26351_UNSTIM_VS_BMP_PATHWAY_STIM_HEMATOPOIETIC_PROGENITORS_UP] was killed by [GSE2405_0H_VS_9H_A_PHAGOCYTOPHILUM_STIM_NEUTROPHIL_DN,GSE2405_0H_VS_9H_A_PHAGOCYTOPHILUM_STIM_NEUTROPHIL_DN]
[GSE41978_ID2_KO_VS_ID2_KO_AND_BIM_KO_KLRG1_LOW_EFFECTOR_CD8_TCELL_DN,GSE41978_ID2_KO_VS_ID2_KO_AND_BIM_KO_KLRG1_LOW_EFFECTOR_CD8_TCELL_DN] was killed by [GSE2405_0H_VS_9H_A_PHAGOCYTOPHILUM_STIM_NEUTROPHIL_DN,GSE2405_0H_VS_9H_A_PHAGOCYTOPHILUM_STIM_NEUTROPHIL_DN]
[GSE14000_TRANSLATED_RNA_VS_MRNA_DC_DN,GSE14000_TRANSLATED_RNA_VS_MRNA_DC_DN] was killed by [GSE2405_0H_VS_9H_A_PHAGOCYTOPHILUM_STIM_NEUTROPHIL_DN,GSE2405_0H_VS_9H_A_PHAGOCYTOPHILUM_STIM_NEUTROPHIL_DN]
[GSE17721_LPS_VS_PAM3CSK4_24H_BMDC_DN,GSE17721_LPS_VS_PAM3CSK4_24H_BMDC_DN] was killed by [GSE2405_0H_VS_9H_A_PHAGOCYTOPHILUM_STIM_NEUTROPHIL_DN,GSE2405_0H_VS_9H_A_PHAGOCYTOPHILUM_STIM_NEUTROPHIL_DN]
[GSE17301_ACD3_ACD28_VS_ACD3_ACD28_AND_IFNA5_STIM_CD8_TCELL_DN,GSE17301_ACD3_ACD28_VS_ACD3_ACD28_AND_IFNA5_STIM_CD8_TCELL_DN] was killed by [GSE39556_CD8A_DC_VS_NK_CELL_DN,GSE39556_CD8A_DC_VS_NK_CELL_DN]
[GSE9006_HEALTHY_VS_TYPE_2_DIABETES_PBMC_AT_DX_UP,GSE9006_HEALTHY_VS_TYPE_2_DIABETES_PBMC_AT_DX_UP] was killed by [GSE9006_TYPE_1_VS_TYPE_2_DIABETES_PBMC_AT_DX_UP,GSE9006_TYPE_1_VS_TYPE_2_DIABETES_PBMC_AT_DX_UP]
[GSE16450_CTRL_VS_IFNA_12H_STIM_IMMATURE_NEURON_CELL_LINE_UP,GSE16450_CTRL_VS_IFNA_12H_STIM_IMMATURE_NEURON_CELL_LINE_UP] was killed by [GSE39556_CD8A_DC_VS_NK_CELL_DN,GSE39556_CD8A_DC_VS_NK_CELL_DN]
[GSE3982_NEUTROPHIL_VS_CENT_MEMORY_CD4_TCELL_UP,GSE3982_NEUTROPHIL_VS_CENT_MEMORY_CD4_TCELL_UP] was killed by [GSE25088_IL4_VS_IL4_AND_ROSIGLITAZONE_STIM_STAT6_KO_MACROPHAGE_DAY10_UP,GSE25088_IL4_VS_IL4_AND_ROSIGLITAZONE_STIM_STAT6_KO_MACROPHAGE_DAY10_UP]
[GSE45837_WT_VS_GFI1_KO_PDC_DN,GSE45837_WT_VS_GFI1_KO_PDC_DN] was killed by [GSE2405_0H_VS_9H_A_PHAGOCYTOPHILUM_STIM_NEUTROPHIL_DN,GSE2405_0H_VS_9H_A_PHAGOCYTOPHILUM_STIM_NEUTROPHIL_DN]
[GSE32034_UNTREATED_VS_ROSIGLIZATONE_TREATED_LY6C_HIGH_MONOCYTE_DN,GSE32034_UNTREATED_VS_ROSIGLIZATONE_TREATED_LY6C_HIGH_MONOCYTE_DN] was killed by [GSE2405_0H_VS_9H_A_PHAGOCYTOPHILUM_STIM_NEUTROPHIL_DN,GSE2405_0H_VS_9H_A_PHAGOCYTOPHILUM_STIM_NEUTROPHIL_DN]
[GSE5542_UNTREATED_VS_IFNG_TREATED_EPITHELIAL_CELLS_6H_DN,GSE5542_UNTREATED_VS_IFNG_TREATED_EPITHELIAL_CELLS_6H_DN] was killed by [GSE26495_NAIVE_VS_PD1LOW_CD8_TCELL_DN,GSE26495_NAIVE_VS_PD1LOW_CD8_TCELL_DN]
[GSE14000_TRANSLATED_RNA_VS_MRNA_16H_LPS_DC_DN,GSE14000_TRANSLATED_RNA_VS_MRNA_16H_LPS_DC_DN] was killed by [GSE2405_0H_VS_9H_A_PHAGOCYTOPHILUM_STIM_NEUTROPHIL_DN,GSE2405_0H_VS_9H_A_PHAGOCYTOPHILUM_STIM_NEUTROPHIL_DN]
[GSE40666_UNTREATED_VS_IFNA_STIM_STAT1_KO_CD8_TCELL_90MIN_DN,GSE40666_UNTREATED_VS_IFNA_STIM_STAT1_KO_CD8_TCELL_90MIN_DN] was killed by [GSE13547_2H_VS_12_H_ANTI_IGM_STIM_ZFX_KO_BCELL_UP,GSE13547_2H_VS_12_H_ANTI_IGM_STIM_ZFX_KO_BCELL_UP]
[GSE42088_UNINF_VS_LEISHMANIA_INF_DC_4H_DN,GSE42088_UNINF_VS_LEISHMANIA_INF_DC_4H_DN] was killed by [GSE2405_0H_VS_9H_A_PHAGOCYTOPHILUM_STIM_NEUTROPHIL_DN,GSE2405_0H_VS_9H_A_PHAGOCYTOPHILUM_STIM_NEUTROPHIL_DN]
[GSE32986_CURDLAN_LOWDOSE_VS_CURDLAN_HIGHDOSE_STIM_DC_UP,GSE32986_CURDLAN_LOWDOSE_VS_CURDLAN_HIGHDOSE_STIM_DC_UP] was killed by [GSE8515_CTRL_VS_IL1_4H_STIM_MAC_UP,GSE8515_CTRL_VS_IL1_4H_STIM_MAC_UP]
[GSE40685_TREG_VS_FOXP3_KO_TREG_PRECURSOR_DN,GSE40685_TREG_VS_FOXP3_KO_TREG_PRECURSOR_DN] was killed by [GSE20366_TREG_VS_NAIVE_CD4_TCELL_HOMEOSTATIC_CONVERSION_DN,GSE20366_TREG_VS_NAIVE_CD4_TCELL_HOMEOSTATIC_CONVERSION_DN]
[GSE17721_POLYIC_VS_GARDIQUIMOD_12H_BMDC_DN,GSE17721_POLYIC_VS_GARDIQUIMOD_12H_BMDC_DN] was killed by [GSE17721_POLYIC_VS_PAM3CSK4_16H_BMDC_DN,GSE17721_POLYIC_VS_PAM3CSK4_16H_BMDC_DN]
[GSE369_SOCS3_KO_VS_WT_LIVER_POST_IL6_INJECTION_DN,GSE369_SOCS3_KO_VS_WT_LIVER_POST_IL6_INJECTION_DN] was killed by [GSE39556_CD8A_DC_VS_NK_CELL_DN,GSE39556_CD8A_DC_VS_NK_CELL_DN]
[GSE369_IFNG_KO_VS_WT_LIVER_UP,GSE369_IFNG_KO_VS_WT_LIVER_UP] was killed by [GSE369_SOCS3_KO_VS_WT_LIVER_DN,GSE369_SOCS3_KO_VS_WT_LIVER_DN]
[GSE21774_CD62L_POS_CD56_DIM_VS_CD62L_NEG_CD56_DIM_NK_CELL_UP,GSE21774_CD62L_POS_CD56_DIM_VS_CD62L_NEG_CD56_DIM_NK_CELL_UP] was killed by [GSE22229_RENAL_TRANSPLANT_VS_HEALTHY_PBMC_DN,GSE22229_RENAL_TRANSPLANT_VS_HEALTHY_PBMC_DN]
[GSE6674_PL2_3_VS_ANTI_IGM_AND_CPG_STIM_BCELL_DN,GSE6674_PL2_3_VS_ANTI_IGM_AND_CPG_STIM_BCELL_DN] was killed by [GSE16450_CTRL_VS_IFNA_6H_STIM_IMMATURE_NEURON_CELL_LINE_UP,GSE16450_CTRL_VS_IFNA_6H_STIM_IMMATURE_NEURON_CELL_LINE_UP]
[GSE13485_CTRL_VS_DAY7_YF17D_VACCINE_PBMC_UP,GSE13485_CTRL_VS_DAY7_YF17D_VACCINE_PBMC_UP] was killed by [GSE2405_0H_VS_9H_A_PHAGOCYTOPHILUM_STIM_NEUTROPHIL_DN,GSE2405_0H_VS_9H_A_PHAGOCYTOPHILUM_STIM_NEUTROPHIL_DN]
[GSE16266_LPS_VS_HEATSHOCK_AND_LPS_STIM_MEF_DN,GSE16266_LPS_VS_HEATSHOCK_AND_LPS_STIM_MEF_DN] was killed by [GSE7348_UNSTIM_VS_LPS_STIM_MACROPHAGE_DN,GSE7348_UNSTIM_VS_LPS_STIM_MACROPHAGE_DN]
[GSE6875_WT_VS_FOXP3_KO_TREG_DN,GSE6875_WT_VS_FOXP3_KO_TREG_DN] was killed by [GSE20366_TREG_VS_NAIVE_CD4_TCELL_HOMEOSTATIC_CONVERSION_DN,GSE20366_TREG_VS_NAIVE_CD4_TCELL_HOMEOSTATIC_CONVERSION_DN]
[GSE3565_CTRL_VS_LPS_INJECTED_SPLENOCYTES_DN,GSE3565_CTRL_VS_LPS_INJECTED_SPLENOCYTES_DN] was killed by [GSE2405_0H_VS_9H_A_PHAGOCYTOPHILUM_STIM_NEUTROPHIL_DN,GSE2405_0H_VS_9H_A_PHAGOCYTOPHILUM_STIM_NEUTROPHIL_DN]
[GSE42021_CD24INT_VS_CD24LOW_TREG_THYMUS_UP,GSE42021_CD24INT_VS_CD24LOW_TREG_THYMUS_UP] was killed by [GSE17721_0.5H_VS_12H_GARDIQUIMOD_BMDC_UP,GSE17721_0.5H_VS_12H_GARDIQUIMOD_BMDC_UP]
[GSE26495_NAIVE_VS_PD1HIGH_CD8_TCELL_DN,GSE26495_NAIVE_VS_PD1HIGH_CD8_TCELL_DN] was killed by [GSE25088_IL4_VS_IL4_AND_ROSIGLITAZONE_STIM_STAT6_KO_MACROPHAGE_DAY10_UP,GSE25088_IL4_VS_IL4_AND_ROSIGLITAZONE_STIM_STAT6_KO_MACROPHAGE_DAY10_UP]
[GSE18791_CTRL_VS_NEWCASTLE_VIRUS_DC_16H_DN,GSE18791_CTRL_VS_NEWCASTLE_VIRUS_DC_16H_DN] was killed by [GSE13547_2H_VS_12_H_ANTI_IGM_STIM_ZFX_KO_BCELL_UP,GSE13547_2H_VS_12_H_ANTI_IGM_STIM_ZFX_KO_BCELL_UP]
[GSE42724_NAIVE_VS_B1_BCELL_DN,GSE42724_NAIVE_VS_B1_BCELL_DN] was killed by [GSE2405_0H_VS_9H_A_PHAGOCYTOPHILUM_STIM_NEUTROPHIL_DN,GSE2405_0H_VS_9H_A_PHAGOCYTOPHILUM_STIM_NEUTROPHIL_DN]
[GSE21670_TGFB_VS_IL6_TREATED_STAT3_KO_CD4_TCELL_UP,GSE21670_TGFB_VS_IL6_TREATED_STAT3_KO_CD4_TCELL_UP] was killed by [GSE2405_0H_VS_9H_A_PHAGOCYTOPHILUM_STIM_NEUTROPHIL_DN,GSE2405_0H_VS_9H_A_PHAGOCYTOPHILUM_STIM_NEUTROPHIL_DN]
[GSE6269_FLU_VS_E_COLI_INF_PBMC_DN,GSE6269_FLU_VS_E_COLI_INF_PBMC_DN] was killed by [GSE2405_0H_VS_9H_A_PHAGOCYTOPHILUM_STIM_NEUTROPHIL_DN,GSE2405_0H_VS_9H_A_PHAGOCYTOPHILUM_STIM_NEUTROPHIL_DN]
[GSE17186_MEMORY_VS_CD21HIGH_TRANSITIONAL_BCELL_DN,GSE17186_MEMORY_VS_CD21HIGH_TRANSITIONAL_BCELL_DN] was killed by [GSE14908_RESTING_VS_HDM_STIM_CD4_TCELL_NONATOPIC_PATIENT_DN,GSE14908_RESTING_VS_HDM_STIM_CD4_TCELL_NONATOPIC_PATIENT_DN]
[GSE22886_IGM_MEMORY_BCELL_VS_BM_PLASMA_CELL_DN,GSE22886_IGM_MEMORY_BCELL_VS_BM_PLASMA_CELL_DN] was killed by [GSE26495_NAIVE_VS_PD1LOW_CD8_TCELL_DN,GSE26495_NAIVE_VS_PD1LOW_CD8_TCELL_DN]
[GSE43955_10H_VS_30H_ACT_CD4_TCELL_UP,GSE43955_10H_VS_30H_ACT_CD4_TCELL_UP] was killed by [GSE7348_UNSTIM_VS_LPS_STIM_MACROPHAGE_DN,GSE7348_UNSTIM_VS_LPS_STIM_MACROPHAGE_DN]
[GSE19923_WT_VS_E2A_KO_DP_THYMOCYTE_UP,GSE19923_WT_VS_E2A_KO_DP_THYMOCYTE_UP] was killed by [GSE2405_0H_VS_9H_A_PHAGOCYTOPHILUM_STIM_NEUTROPHIL_DN,GSE2405_0H_VS_9H_A_PHAGOCYTOPHILUM_STIM_NEUTROPHIL_DN]
[GSE6259_BCELL_VS_CD8_TCELL_DN,GSE6259_BCELL_VS_CD8_TCELL_DN] was killed by [GSE13738_RESTING_VS_BYSTANDER_ACTIVATED_CD4_TCELL_UP,GSE13738_RESTING_VS_BYSTANDER_ACTIVATED_CD4_TCELL_UP]
[GSE7568_IL4_TGFB_DEXAMETHASONE_VS_IL4_TGFB_TREATED_MACROPHAGE_DN,GSE7568_IL4_TGFB_DEXAMETHASONE_VS_IL4_TGFB_TREATED_MACROPHAGE_DN] was killed by [GSE25088_IL4_VS_IL4_AND_ROSIGLITAZONE_STIM_STAT6_KO_MACROPHAGE_DAY10_UP,GSE25088_IL4_VS_IL4_AND_ROSIGLITAZONE_STIM_STAT6_KO_MACROPHAGE_DAY10_UP]
[GSE7568_IL4_TGFB_DEXAMETHASONE_VS_IL4_TGFB_TREATED_MACROPHAGE_UP,GSE7568_IL4_TGFB_DEXAMETHASONE_VS_IL4_TGFB_TREATED_MACROPHAGE_UP] was killed by [GSE7568_IL4_VS_IL4_AND_TGFB_TREATED_MACROPHAGE_24H_DN,GSE7568_IL4_VS_IL4_AND_TGFB_TREATED_MACROPHAGE_24H_DN]
[GSE21546_WT_VS_SAP1A_KO_AND_ELK1_KO_DP_THYMOCYTES_DN,GSE21546_WT_VS_SAP1A_KO_AND_ELK1_KO_DP_THYMOCYTES_DN] was killed by [GSE16450_CTRL_VS_IFNA_6H_STIM_IMMATURE_NEURON_CELL_LINE_UP,GSE16450_CTRL_VS_IFNA_6H_STIM_IMMATURE_NEURON_CELL_LINE_UP]
[GSE6259_33D1_POS_DC_VS_CD8_TCELL_DN,GSE6259_33D1_POS_DC_VS_CD8_TCELL_DN] was killed by [GSE26495_NAIVE_VS_PD1LOW_CD8_TCELL_DN,GSE26495_NAIVE_VS_PD1LOW_CD8_TCELL_DN]
[GSE14769_UNSTIM_VS_240MIN_LPS_BMDM_DN,GSE14769_UNSTIM_VS_240MIN_LPS_BMDM_DN] was killed by [GSE7348_UNSTIM_VS_LPS_STIM_MACROPHAGE_DN,GSE7348_UNSTIM_VS_LPS_STIM_MACROPHAGE_DN]
[GSE43863_LY6C_INT_CXCR5POS_VS_LY6C_LOW_CXCR5NEG_EFFECTOR_CD4_TCELL_UP,GSE43863_LY6C_INT_CXCR5POS_VS_LY6C_LOW_CXCR5NEG_EFFECTOR_CD4_TCELL_UP] was killed by [GSE39556_CD8A_DC_VS_NK_CELL_DN,GSE39556_CD8A_DC_VS_NK_CELL_DN]
[GSE27786_CD4_VS_CD8_TCELL_DN,GSE27786_CD4_VS_CD8_TCELL_DN] was killed by [GSE20366_TREG_VS_NAIVE_CD4_TCELL_HOMEOSTATIC_CONVERSION_DN,GSE20366_TREG_VS_NAIVE_CD4_TCELL_HOMEOSTATIC_CONVERSION_DN]
[GSE37532_TREG_VS_TCONV_CD4_TCELL_FROM_LN_UP,GSE37532_TREG_VS_TCONV_CD4_TCELL_FROM_LN_UP] was killed by [GSE7568_IL4_VS_IL4_AND_TGFB_TREATED_MACROPHAGE_24H_DN,GSE7568_IL4_VS_IL4_AND_TGFB_TREATED_MACROPHAGE_24H_DN]
[GSE3982_BASOPHIL_VS_TH2_UP,GSE3982_BASOPHIL_VS_TH2_UP] was killed by [GSE25088_IL4_VS_IL4_AND_ROSIGLITAZONE_STIM_STAT6_KO_MACROPHAGE_DAY10_UP,GSE25088_IL4_VS_IL4_AND_ROSIGLITAZONE_STIM_STAT6_KO_MACROPHAGE_DAY10_UP]
[GSE40685_NAIVE_CD4_TCELL_VS_TREG_UP,GSE40685_NAIVE_CD4_TCELL_VS_TREG_UP] was killed by [GSE2405_0H_VS_9H_A_PHAGOCYTOPHILUM_STIM_NEUTROPHIL_DN,GSE2405_0H_VS_9H_A_PHAGOCYTOPHILUM_STIM_NEUTROPHIL_DN]
[GSE24210_RESTING_TREG_VS_TCONV_UP,GSE24210_RESTING_TREG_VS_TCONV_UP] was killed by [GSE22229_RENAL_TRANSPLANT_VS_HEALTHY_PBMC_DN,GSE22229_RENAL_TRANSPLANT_VS_HEALTHY_PBMC_DN]
[GSE27092_WT_VS_HDAC7_PHOSPHO_DEFICIENT_CD8_TCELL_DN,GSE27092_WT_VS_HDAC7_PHOSPHO_DEFICIENT_CD8_TCELL_DN] was killed by [GSE42021_CD24LO_TREG_VS_CD24LO_TCONV_THYMUS_DN,GSE42021_CD24LO_TREG_VS_CD24LO_TCONV_THYMUS_DN]
[GSE36888_UNTREATED_VS_IL2_TREATED_STAT5_AB_KNOCKIN_TCELL_17H_UP,GSE36888_UNTREATED_VS_IL2_TREATED_STAT5_AB_KNOCKIN_TCELL_17H_UP] was killed by [GSE25088_IL4_VS_IL4_AND_ROSIGLITAZONE_STIM_STAT6_KO_MACROPHAGE_DAY10_UP,GSE25088_IL4_VS_IL4_AND_ROSIGLITAZONE_STIM_STAT6_KO_MACROPHAGE_DAY10_UP]
[GSE14415_INDUCED_TREG_VS_FOXP3_KO_INDUCED_TREG_IL2_CULTURE_UP,GSE14415_INDUCED_TREG_VS_FOXP3_KO_INDUCED_TREG_IL2_CULTURE_UP] was killed by [GSE39556_CD8A_DC_VS_NK_CELL_DN,GSE39556_CD8A_DC_VS_NK_CELL_DN]
[GSE14350_TREG_VS_TEFF_DN,GSE14350_TREG_VS_TEFF_DN] was killed by [GSE17721_POLYIC_VS_PAM3CSK4_16H_BMDC_DN,GSE17721_POLYIC_VS_PAM3CSK4_16H_BMDC_DN]
[GSE19888_ADENOSINE_A3R_INH_VS_ACT_IN_MAST_CELL_DN,GSE19888_ADENOSINE_A3R_INH_VS_ACT_IN_MAST_CELL_DN] was killed by [GSE14908_RESTING_VS_HDM_STIM_CD4_TCELL_NONATOPIC_PATIENT_DN,GSE14908_RESTING_VS_HDM_STIM_CD4_TCELL_NONATOPIC_PATIENT_DN]
[GSE24081_CONTROLLER_VS_PROGRESSOR_HIV_SPECIFIC_CD8_TCELL_DN,GSE24081_CONTROLLER_VS_PROGRESSOR_HIV_SPECIFIC_CD8_TCELL_DN] was killed by [GSE7348_UNSTIM_VS_LPS_STIM_MACROPHAGE_DN,GSE7348_UNSTIM_VS_LPS_STIM_MACROPHAGE_DN]
[GSE36888_UNTREATED_VS_IL2_TREATED_STAT5_AB_KNOCKIN_TCELL_2H_UP,GSE36888_UNTREATED_VS_IL2_TREATED_STAT5_AB_KNOCKIN_TCELL_2H_UP] was killed by [GSE36888_UNTREATED_VS_IL2_TREATED_TCELL_6H_UP,GSE36888_UNTREATED_VS_IL2_TREATED_TCELL_6H_UP]
[GSE43955_10H_VS_30H_ACT_CD4_TCELL_DN,GSE43955_10H_VS_30H_ACT_CD4_TCELL_DN] was killed by [GSE26912_TUMORICIDAL_VS_CTRL_MACROPHAGE_UP,GSE26912_TUMORICIDAL_VS_CTRL_MACROPHAGE_UP]
[GSE1432_1H_VS_24H_IFNG_MICROGLIA_UP,GSE1432_1H_VS_24H_IFNG_MICROGLIA_UP] was killed by [GSE1432_1H_VS_6H_IFNG_MICROGLIA_UP,GSE1432_1H_VS_6H_IFNG_MICROGLIA_UP]
[GSE37534_UNTREATED_VS_GW1929_TREATED_CD4_TCELL_PPARG1_AND_FOXP3_TRASDUCED_UP,GSE37534_UNTREATED_VS_GW1929_TREATED_CD4_TCELL_PPARG1_AND_FOXP3_TRASDUCED_UP] was killed by [GSE36888_UNTREATED_VS_IL2_TREATED_TCELL_6H_UP,GSE36888_UNTREATED_VS_IL2_TREATED_TCELL_6H_UP]
[GSE21927_SPLENIC_C26GM_TUMOROUS_VS_4T1_TUMOR_MONOCYTES_UP,GSE21927_SPLENIC_C26GM_TUMOROUS_VS_4T1_TUMOR_MONOCYTES_UP] was killed by [GSE5589_LPS_VS_LPS_AND_IL6_STIM_IL6_KO_MACROPHAGE_45MIN_UP,GSE5589_LPS_VS_LPS_AND_IL6_STIM_IL6_KO_MACROPHAGE_45MIN_UP]
[GSE15330_HSC_VS_PRO_BCELL_UP,GSE15330_HSC_VS_PRO_BCELL_UP] was killed by [GSE39556_CD8A_DC_VS_NK_CELL_DN,GSE39556_CD8A_DC_VS_NK_CELL_DN]
[GSE17974_CTRL_VS_ACT_IL4_AND_ANTI_IL12_24H_CD4_TCELL_UP,GSE17974_CTRL_VS_ACT_IL4_AND_ANTI_IL12_24H_CD4_TCELL_UP] was killed by [GSE13738_RESTING_VS_BYSTANDER_ACTIVATED_CD4_TCELL_UP,GSE13738_RESTING_VS_BYSTANDER_ACTIVATED_CD4_TCELL_UP]
[GSE17721_0.5H_VS_24H_POLYIC_BMDC_UP,GSE17721_0.5H_VS_24H_POLYIC_BMDC_UP] was killed by [GSE17721_0.5H_VS_12H_GARDIQUIMOD_BMDC_UP,GSE17721_0.5H_VS_12H_GARDIQUIMOD_BMDC_UP]
[GSE2706_UNSTIM_VS_8H_R848_DC_DN,GSE2706_UNSTIM_VS_8H_R848_DC_DN] was killed by [GSE18893_TCONV_VS_TREG_24H_CULTURE_DN,GSE18893_TCONV_VS_TREG_24H_CULTURE_DN]
[GSE22432_MULTIPOTENT_VS_COMMON_DC_PROGENITOR_UNTREATED_UP,GSE22432_MULTIPOTENT_VS_COMMON_DC_PROGENITOR_UNTREATED_UP] was killed by [GSE15930_NAIVE_VS_48H_IN_VITRO_STIM_CD8_TCELL_DN,GSE15930_NAIVE_VS_48H_IN_VITRO_STIM_CD8_TCELL_DN]
[GSE15659_NAIVE_VS_PTPRC_NEG_CD4_TCELL_DN,GSE15659_NAIVE_VS_PTPRC_NEG_CD4_TCELL_DN] was killed by [GSE1432_1H_VS_6H_IFNG_MICROGLIA_UP,GSE1432_1H_VS_6H_IFNG_MICROGLIA_UP]
[GSE40666_WT_VS_STAT1_KO_CD8_TCELL_DN,GSE40666_WT_VS_STAT1_KO_CD8_TCELL_DN] was killed by [GSE13547_2H_VS_12_H_ANTI_IGM_STIM_ZFX_KO_BCELL_UP,GSE13547_2H_VS_12_H_ANTI_IGM_STIM_ZFX_KO_BCELL_UP]
[GSE37301_MULTIPOTENT_PROGENITOR_VS_CD4_TCELL_UP,GSE37301_MULTIPOTENT_PROGENITOR_VS_CD4_TCELL_UP] was killed by [GSE25088_IL4_VS_IL4_AND_ROSIGLITAZONE_STIM_STAT6_KO_MACROPHAGE_DAY10_UP,GSE25088_IL4_VS_IL4_AND_ROSIGLITAZONE_STIM_STAT6_KO_MACROPHAGE_DAY10_UP]
[GSE15930_NAIVE_VS_48H_IN_VITRO_STIM_IL12_CD8_TCELL_DN,GSE15930_NAIVE_VS_48H_IN_VITRO_STIM_IL12_CD8_TCELL_DN] was killed by [GSE15930_NAIVE_VS_48H_IN_VITRO_STIM_CD8_TCELL_DN,GSE15930_NAIVE_VS_48H_IN_VITRO_STIM_CD8_TCELL_DN]
[GSE5589_LPS_VS_LPS_AND_IL10_STIM_IL6_KO_MACROPHAGE_45MIN_UP,GSE5589_LPS_VS_LPS_AND_IL10_STIM_IL6_KO_MACROPHAGE_45MIN_UP] was killed by [GSE28737_BCL6_HET_VS_BCL6_KO_FOLLICULAR_BCELL_UP,GSE28737_BCL6_HET_VS_BCL6_KO_FOLLICULAR_BCELL_UP]
[GSE5589_LPS_VS_LPS_AND_IL6_STIM_IL6_KO_MACROPHAGE_45MIN_DN,GSE5589_LPS_VS_LPS_AND_IL6_STIM_IL6_KO_MACROPHAGE_45MIN_DN] was killed by [GSE5589_LPS_VS_LPS_AND_IL10_STIM_IL10_KO_MACROPHAGE_180MIN_UP,GSE5589_LPS_VS_LPS_AND_IL10_STIM_IL10_KO_MACROPHAGE_180MIN_UP]
[GSE6259_FLT3L_INDUCED_33D1_POS_DC_VS_BCELL_DN,GSE6259_FLT3L_INDUCED_33D1_POS_DC_VS_BCELL_DN] was killed by [GSE369_SOCS3_KO_VS_WT_LIVER_DN,GSE369_SOCS3_KO_VS_WT_LIVER_DN]
[GSE10239_MEMORY_VS_KLRG1INT_EFF_CD8_TCELL_UP,GSE10239_MEMORY_VS_KLRG1INT_EFF_CD8_TCELL_UP] was killed by [GSE2405_0H_VS_9H_A_PHAGOCYTOPHILUM_STIM_NEUTROPHIL_DN,GSE2405_0H_VS_9H_A_PHAGOCYTOPHILUM_STIM_NEUTROPHIL_DN]
[GSE27241_WT_CTRL_VS_DIGOXIN_TREATED_RORGT_KO_CD4_TCELL_IN_TH17_POLARIZING_CONDITIONS_UP,GSE27241_WT_CTRL_VS_DIGOXIN_TREATED_RORGT_KO_CD4_TCELL_IN_TH17_POLARIZING_CONDITIONS_UP] was killed by [GSE25677_MPL_VS_R848_STIM_BCELL_DN,GSE25677_MPL_VS_R848_STIM_BCELL_DN]
[GSE17580_TREG_VS_TEFF_DN,GSE17580_TREG_VS_TEFF_DN] was killed by [GSE14908_RESTING_VS_HDM_STIM_CD4_TCELL_NONATOPIC_PATIENT_DN,GSE14908_RESTING_VS_HDM_STIM_CD4_TCELL_NONATOPIC_PATIENT_DN]
[GSE34205_HEALTHY_VS_FLU_INF_INFANT_PBMC_UP,GSE34205_HEALTHY_VS_FLU_INF_INFANT_PBMC_UP] was killed by [GSE2405_0H_VS_9H_A_PHAGOCYTOPHILUM_STIM_NEUTROPHIL_DN,GSE2405_0H_VS_9H_A_PHAGOCYTOPHILUM_STIM_NEUTROPHIL_DN]
[GSE19941_LPS_VS_LPS_AND_IL10_STIM_IL10_KO_MACROPHAGE_DN,GSE19941_LPS_VS_LPS_AND_IL10_STIM_IL10_KO_MACROPHAGE_DN] was killed by [GSE20366_EX_VIVO_VS_DEC205_CONVERSION_NAIVE_CD4_TCELL_DN,GSE20366_EX_VIVO_VS_DEC205_CONVERSION_NAIVE_CD4_TCELL_DN]
[GSE6269_HEALTHY_VS_FLU_INF_PBMC_UP,GSE6269_HEALTHY_VS_FLU_INF_PBMC_UP] was killed by [GSE2405_0H_VS_9H_A_PHAGOCYTOPHILUM_STIM_NEUTROPHIL_DN,GSE2405_0H_VS_9H_A_PHAGOCYTOPHILUM_STIM_NEUTROPHIL_DN]
[GSE14350_IL2RB_KO_VS_WT_TREG_DN,GSE14350_IL2RB_KO_VS_WT_TREG_DN] was killed by [GSE7348_UNSTIM_VS_LPS_STIM_MACROPHAGE_DN,GSE7348_UNSTIM_VS_LPS_STIM_MACROPHAGE_DN]
[GSE37416_CTRL_VS_12H_F_TULARENSIS_LVS_NEUTROPHIL_UP,GSE37416_CTRL_VS_12H_F_TULARENSIS_LVS_NEUTROPHIL_UP] was killed by [GSE25088_IL4_VS_IL4_AND_ROSIGLITAZONE_STIM_STAT6_KO_MACROPHAGE_DAY10_UP,GSE25088_IL4_VS_IL4_AND_ROSIGLITAZONE_STIM_STAT6_KO_MACROPHAGE_DAY10_UP]
[GSE24726_WT_VS_E2_2_KO_PDC_DAY6_POST_DELETION_DN,GSE24726_WT_VS_E2_2_KO_PDC_DAY6_POST_DELETION_DN] was killed by [GSE7831_UNSTIM_VS_CPG_STIM_PDC_1H_DN,GSE7831_UNSTIM_VS_CPG_STIM_PDC_1H_DN]
[GSE12484_HEALTHY_VS_PERIDONTITIS_NEUTROPHILS_DN,GSE12484_HEALTHY_VS_PERIDONTITIS_NEUTROPHILS_DN] was killed by [GSE7568_IL4_VS_IL4_AND_TGFB_TREATED_MACROPHAGE_24H_DN,GSE7568_IL4_VS_IL4_AND_TGFB_TREATED_MACROPHAGE_24H_DN]
[GSE40443_INDUCED_VS_TOTAL_TREG_UP,GSE40443_INDUCED_VS_TOTAL_TREG_UP] was killed by [GSE16450_CTRL_VS_IFNA_6H_STIM_IMMATURE_NEURON_CELL_LINE_UP,GSE16450_CTRL_VS_IFNA_6H_STIM_IMMATURE_NEURON_CELL_LINE_UP]
[GSE7768_OVA_ALONE_VS_OVA_WITH_MPL_IMMUNIZED_MOUSE_WHOLE_SPLEEN_6H_DN,GSE7768_OVA_ALONE_VS_OVA_WITH_MPL_IMMUNIZED_MOUSE_WHOLE_SPLEEN_6H_DN] was killed by [GSE18791_CTRL_VS_NEWCASTLE_VIRUS_DC_18H_DN,GSE18791_CTRL_VS_NEWCASTLE_VIRUS_DC_18H_DN]
[GSE17721_0.5H_VS_8H_CPG_BMDC_UP,GSE17721_0.5H_VS_8H_CPG_BMDC_UP] was killed by [GSE17721_0.5H_VS_12H_GARDIQUIMOD_BMDC_UP,GSE17721_0.5H_VS_12H_GARDIQUIMOD_BMDC_UP]
[GSE26669_CTRL_VS_COSTIM_BLOCK_MLR_CD8_TCELL_UP,GSE26669_CTRL_VS_COSTIM_BLOCK_MLR_CD8_TCELL_UP] was killed by [GSE7568_IL4_VS_IL4_AND_TGFB_TREATED_MACROPHAGE_24H_DN,GSE7568_IL4_VS_IL4_AND_TGFB_TREATED_MACROPHAGE_24H_DN]
[GSE4984_LPS_VS_VEHICLE_CTRL_TREATED_DC_DN,GSE4984_LPS_VS_VEHICLE_CTRL_TREATED_DC_DN] was killed by [GSE26495_NAIVE_VS_PD1LOW_CD8_TCELL_DN,GSE26495_NAIVE_VS_PD1LOW_CD8_TCELL_DN]
[GSE45881_CXCR6HI_VS_CXCR1LO_COLONIC_LAMINA_PROPRIA_UP,GSE45881_CXCR6HI_VS_CXCR1LO_COLONIC_LAMINA_PROPRIA_UP] was killed by [GSE13738_RESTING_VS_BYSTANDER_ACTIVATED_CD4_TCELL_UP,GSE13738_RESTING_VS_BYSTANDER_ACTIVATED_CD4_TCELL_UP]
