Starting QoRTs v1.3.6 (Compiled Tue Sep 25 11:21:46 EDT 2018)
Starting time: (Wed Jan 26 06:06:48 PST 2022)
INPUT_COMMAND(QC)
  INPUT_ARG(infile)=bam/ociaml3_t_2.sort.bam
  INPUT_ARG(gtffile)=/data_gilbert/home/aarab/genomes/hg38/gencode.v34/gencode.v34.annotation.gtf
  INPUT_ARG(outdir)=iso/rawCts/ociaml3_t_2/
  INPUT_ARG(stranded)=true
  INPUT_ARG(singleEnded)=true
  INPUT_ARG(nameSorted)=true
Creating Directory: iso/rawCts/ociaml3_t_2/
Created Log File: iso/rawCts/ociaml3_t_2//QC.qX7JTRtD2JGO.log
Starting QC
[Time: 2022-01-26 06:06:48] [Mem usage: [37MB / 2147MB]] [Elapsed Time: 00:00:00.0000]
QoRTs is Running in single-end mode.
Note: read-sorting is irrelevant in single-ended mode.
No parameter --genomeFA found.
Running functions: CigarOpDistribution, GCDistribution, GeneCalcs, JunctionCalcs, NVC, 
        QualityScoreDistribution, StrandCheck, chromCounts, 
        cigarLocusCounts, readLengthDistro, writeBiotypeCounts, 
        writeClippedNVC, writeDESeq, writeDEXSeq, writeGeneBody, 
        writeGeneCounts, writeGenewiseGeneBody, 
        writeJunctionSeqCounts, writeKnownSplices, 
        writeNovelSplices, writeSpliceExon
Checking first 10000 reads. Checking SAM file for formatting errors...
   Stats on the first 10000 reads:
        Num Reads Primary Map:    2283
        Num Reads Paired-ended:   0
        Num Reads mapped pair:    0
        Num Pair names found:     0
        Num Pairs matched:        0
        Read Seq length:          51 to 51
        Unclipped Read length:    51 to 51
        Final maxReadLength:      51
        maxPhredScore:            41
        minPhredScore:            12
Done checking first 10000 reads. No major problems detected!
SAMRecord Reader Generated. Read length: 51.
[Time: 2022-01-26 06:06:50] [Mem usage: [392MB / 2667MB]] [Elapsed Time: 00:00:01.0741]
> Init GeneCalcs Utility
> Init NVC utility
> Init CigarOpDistribution Utility
> Init QualityScoreDistribution Utility
> Init GC counts Utility
> Init JunctionCalcs utility
Compiling flat feature annotation, internally in memory...
FlatteningGtf: starting...(2022-01-26 06:07:35)
    FlatteningGtf: gtf file read complete.(2022-01-26 06:08:43)
    FlatteningGtf: Splice Junction Map read.(2022-01-26 06:08:45)
    FlatteningGtf: gene Sets generated.(2022-01-26 06:08:47)
    FlatteningGtf: Aggregate Sets built.
    FlatteningGtf: Compiling Aggregate Info . . . (2022-01-26 06:08:48)
    FlatteningGtf: Finished Compiling Aggregate Info. (2022-01-26 06:08:48)
    FlatteningGtf: Iterating through the step-vector...(2022-01-26 06:08:48)
    FlatteningGtf: Adding the aggregate genes themselves...(2022-01-26 06:08:50)
    FlatteningGtf: Iterating through the splice junctions...(2022-01-26 06:08:50)
    FlatteningGtf: Sorting the aggregate genes...(2022-01-26 06:08:52)
    FlatteningGtf: Folding the FlatGtfLine iterator...(2022-01-26 06:08:52)
    FlatteningGtf: Features Built.(2022-01-26 06:08:52)
Internal flat feature annotation compiled!
length of knownSpliceMap after instantiation: 383654
length of knownCountMap after instantiation: 383654
> Init StrandCheck Utility
> Init chromCount Utility
> Init qcCigarLocusCounts Utility
> Init MinorUtils Utility
QC Utilities Generated!
[Time: 2022-01-26 06:08:57] [Mem usage: [4795MB / 9GB]] [Elapsed Time: 00:02:08.0911]
helper_calculateGeneAssignmentMap_strict. Found: 60669 genes in the supplied annotation.
helper_calculateGeneAssignmentMap_strict. Found: 6594 genes with ambiguous segments.
helper_calculateGeneAssignmentMap_strict. Found: 54075 genes after first-pass filtering
making makeGeneIntervalMap for geneBody calculations. Found: 54075 acceptable genes for gene-body analysis.
..........[1000000 Read-Pairs processed] [Time: 2022-01-26 06:10:01] 
..........[2000000 Read-Pairs processed] [Time: 2022-01-26 06:10:29] 
..........[3000000 Read-Pairs processed] [Time: 2022-01-26 06:10:56] 
.......
Finished reading SAM. Read: 3795170 reads/read-pairs.
Finished reading SAM. Used: 2691318 reads/read-pairs.
[Time: 2022-01-26 06:11:17] [Mem usage: [10GB / 15GB]] [Elapsed Time: 00:04:28.0961]
> Read Stats:
>   READ_PAIR_OK                   2691318
>   TOTAL_READ_PAIRS               3795170
>   DROPPED_NOT_PROPER_PAIR        -1
>   DROPPED_READ_FAILS_VENDOR_QC   0
>   DROPPED_MARKED_NOT_VALID       0
>   DROPPED_CHROMS_MISMATCH        -1
>   DROPPED_PAIR_STRANDS_MISMATCH  -1
>   DROPPED_IGNORED_CHROMOSOME     0
>   DROPPED_NOT_UNIQUE_ALIGNMENT   1103852
>   DROPPED_NO_ALN_BLOCKS   0
>   DROPPED_NOT_MARKED_RG   -1
Pre-alignment read count unknown (Set --seqReadCt or --rawfastq)
Writing Output...
DEBUG NOTE: IncludeGenesSet.size: 54075
DEBUG NOTE: sortedReadCountSeq.size: 12118
DEBUG NOTE: coverageThresholds: 6059;9088;10906;12118
DEBUG NOTE: coverageSpans: [(0,6059);(6059,9088);(9088,10906);(10906,12118)]
DEBUG NOTE:	[1.bottomHalf][0.5] = [0,6059]
DEBUG NOTE:	[2.upperMidQuartile][0.75] = [6059,9088]
DEBUG NOTE:	[3.75to90][0.9] = [9088,10906]
DEBUG NOTE:	[4.high][1.0] = [10906,12118]
      (DEBUG) Generating Biotype Map [2022-01-26 06:11:19]
      (DEBUG) Extracted gene BioType using key "gene_biotype".
              Found 0 types: []
      (DEBUG) Finished Biotype Map [2022-01-26 06:12:37]
length of knownCountMap after run: 383654
WARNING: The data appears to be follow the fr_secondStrand rule, but
         QoRTs ran in fr_firstStrand mode!
      Are you sure that the data follows the fr_firstStrand rule?
      Under the fr_firstStrand rule, the first read aligns to the strand
      opposite the original RNA transcript, and the second read aligns to
      the same strand as the original RNA transcript.
      If the data follows the fr_secondStrand rule, you should probably
      re-run QoRTs with the "--stranded" and "--stranded_fr_secondstrand" options.
QoRTs completed WITH WARNINGS! See log for details.
Done.
Time spent on setup:           00:02:08.0911
Time spent on SAM iteration:   00:02:20.0050
                               (0.6148165519155488 minutes per million read-pairs)
                               (0.8669853704888585 minutes per million read-pairs used)
Time spent on file output:     00:01:25.0288
Total runtime:                 00:05:54.0249
Done. (Wed Jan 26 06:12:43 PST 2022)
