[GO:0006614,SRP-dependent cotranslational protein targeting to membrane] was killed by [GO:0006413,translational initiation]
[GO:0003735,structural constituent of ribosome] was killed by [GO:0006413,translational initiation]
[GO:0033209,tumor necrosis factor-mediated signaling pathway] was killed by [GO:0043488,regulation of mRNA stability]
[GO:0002479,antigen processing and presentation of exogenous peptide antigen via MHC class I, TAP-dependent] was killed by [GO:0043488,regulation of mRNA stability]
[GO:0006521,regulation of cellular amino acid metabolic process] was killed by [GO:0043488,regulation of mRNA stability]
[GO:0090263,positive regulation of canonical Wnt signaling pathway] was killed by [GO:0043488,regulation of mRNA stability]
[GO:0038061,NIK/NF-kappaB signaling] was killed by [GO:0043488,regulation of mRNA stability]
[GO:0022625,cytosolic large ribosomal subunit] was killed by [GO:0006413,translational initiation]
[GO:0002223,stimulatory C-type lectin receptor signaling pathway] was killed by [GO:0043488,regulation of mRNA stability]
[GO:0061418,regulation of transcription from RNA polymerase II promoter in response to hypoxia] was killed by [GO:0043488,regulation of mRNA stability]
[GO:0031146,SCF-dependent proteasomal ubiquitin-dependent protein catabolic process] was killed by [GO:0043488,regulation of mRNA stability]
[GO:0051437,positive regulation of ubiquitin-protein ligase activity involved in regulation of mitotic cell cycle transition] was killed by [GO:0043488,regulation of mRNA stability]
[GO:0000502,proteasome complex] was killed by [GO:0043488,regulation of mRNA stability]
[GO:0010972,negative regulation of G2/M transition of mitotic cell cycle] was killed by [GO:0043488,regulation of mRNA stability]
[GO:0002181,cytoplasmic translation] was killed by [GO:0006413,translational initiation]
[GO:0031145,anaphase-promoting complex-dependent catabolic process] was killed by [GO:0043488,regulation of mRNA stability]
[GO:0000184,nuclear-transcribed mRNA catabolic process, nonsense-mediated decay] was killed by [GO:0006413,translational initiation]
[GO:0051436,negative regulation of ubiquitin-protein ligase activity involved in mitotic cell cycle] was killed by [GO:0043488,regulation of mRNA stability]
[GO:0019083,viral transcription] was killed by [GO:0006413,translational initiation]
[GO:0060071,Wnt signaling pathway, planar cell polarity pathway] was killed by [GO:0043488,regulation of mRNA stability]
[GO:0016605,PML body] was killed by [GO:0003678,DNA helicase activity]
[GO:0031072,heat shock protein binding] was killed by [GO:0070182,DNA polymerase binding]
[GO:0042273,ribosomal large subunit biogenesis] was killed by [GO:0006413,translational initiation]
[GO:0006606,protein import into nucleus] was killed by [GO:0008536,Ran GTPase binding]
[GO:0006897,endocytosis] was killed by [GO:0048268,clathrin coat assembly]
[GO:0051131,chaperone-mediated protein complex assembly] was killed by [GO:0070182,DNA polymerase binding]
[GO:0008080,N-acetyltransferase activity] was killed by [GO:0070182,DNA polymerase binding]
[GO:0022627,cytosolic small ribosomal subunit] was killed by [GO:0006413,translational initiation]
[GO:0043202,lysosomal lumen] was killed by [GO:0070182,DNA polymerase binding]
[GO:0050790,regulation of catalytic activity] was killed by [GO:0010332,response to gamma radiation]
[GO:0030900,forebrain development] was killed by [GO:0003678,DNA helicase activity]
[GO:0042826,histone deacetylase binding] was killed by [GO:0070182,DNA polymerase binding]
[GO:0010212,response to ionizing radiation] was killed by [GO:0010332,response to gamma radiation]
[GO:0051298,centrosome duplication] was killed by [GO:0010332,response to gamma radiation]
[GO:0030136,clathrin-coated vesicle] was killed by [GO:0048268,clathrin coat assembly]
[GO:0000049,tRNA binding] was killed by [GO:0008536,Ran GTPase binding]
[GO:1902036,regulation of hematopoietic stem cell differentiation] was killed by [GO:0043488,regulation of mRNA stability]
[GO:0007018,microtubule-based movement] was killed by [GO:0048268,clathrin coat assembly]
[GO:0000042,protein targeting to Golgi] was killed by [GO:0008536,Ran GTPase binding]
[GO:0006457,protein folding] was killed by [GO:0070182,DNA polymerase binding]
[GO:0006414,translational elongation] was killed by [GO:0003746,translation elongation factor activity]
