[REACTOME_SELENOAMINO_ACID_METABOLISM,REACTOME_SELENOAMINO_ACID_METABOLISM] was killed by [REACTOME_EUKARYOTIC_TRANSLATION_ELONGATION,REACTOME_EUKARYOTIC_TRANSLATION_ELONGATION]
[REACTOME_SRP_DEPENDENT_COTRANSLATIONAL_PROTEIN_TARGETING_TO_MEMBRANE,REACTOME_SRP_DEPENDENT_COTRANSLATIONAL_PROTEIN_TARGETING_TO_MEMBRANE] was killed by [REACTOME_EUKARYOTIC_TRANSLATION_ELONGATION,REACTOME_EUKARYOTIC_TRANSLATION_ELONGATION]
[REACTOME_RESPONSE_OF_EIF2AK4_GCN2_TO_AMINO_ACID_DEFICIENCY,REACTOME_RESPONSE_OF_EIF2AK4_GCN2_TO_AMINO_ACID_DEFICIENCY] was killed by [REACTOME_EUKARYOTIC_TRANSLATION_ELONGATION,REACTOME_EUKARYOTIC_TRANSLATION_ELONGATION]
[REACTOME_EUKARYOTIC_TRANSLATION_INITIATION,REACTOME_EUKARYOTIC_TRANSLATION_INITIATION] was killed by [REACTOME_EUKARYOTIC_TRANSLATION_ELONGATION,REACTOME_EUKARYOTIC_TRANSLATION_ELONGATION]
[REACTOME_CELLULAR_RESPONSE_TO_STARVATION,REACTOME_CELLULAR_RESPONSE_TO_STARVATION] was killed by [REACTOME_EUKARYOTIC_TRANSLATION_ELONGATION,REACTOME_EUKARYOTIC_TRANSLATION_ELONGATION]
[REACTOME_INFLUENZA_INFECTION,REACTOME_INFLUENZA_INFECTION] was killed by [REACTOME_EUKARYOTIC_TRANSLATION_ELONGATION,REACTOME_EUKARYOTIC_TRANSLATION_ELONGATION]
[REACTOME_REGULATION_OF_EXPRESSION_OF_SLITS_AND_ROBOS,REACTOME_REGULATION_OF_EXPRESSION_OF_SLITS_AND_ROBOS] was killed by [REACTOME_EUKARYOTIC_TRANSLATION_ELONGATION,REACTOME_EUKARYOTIC_TRANSLATION_ELONGATION]
[REACTOME_NONSENSE_MEDIATED_DECAY_NMD,REACTOME_NONSENSE_MEDIATED_DECAY_NMD] was killed by [REACTOME_EUKARYOTIC_TRANSLATION_ELONGATION,REACTOME_EUKARYOTIC_TRANSLATION_ELONGATION]
[REACTOME_ACTIVATION_OF_THE_MRNA_UPON_BINDING_OF_THE_CAP_BINDING_COMPLEX_AND_EIFS_AND_SUBSEQUENT_BINDING_TO_43S,REACTOME_ACTIVATION_OF_THE_MRNA_UPON_BINDING_OF_THE_CAP_BINDING_COMPLEX_AND_EIFS_AND_SUBSEQUENT_BINDING_TO_43S] was killed by [REACTOME_EUKARYOTIC_TRANSLATION_ELONGATION,REACTOME_EUKARYOTIC_TRANSLATION_ELONGATION]
[REACTOME_BETA_CATENIN_INDEPENDENT_WNT_SIGNALING,REACTOME_BETA_CATENIN_INDEPENDENT_WNT_SIGNALING] was killed by [REACTOME_HOST_INTERACTIONS_OF_HIV_FACTORS,REACTOME_HOST_INTERACTIONS_OF_HIV_FACTORS]
[REACTOME_SARS_COV_INFECTIONS,REACTOME_SARS_COV_INFECTIONS] was killed by [REACTOME_REGULATION_OF_TNFR1_SIGNALING,REACTOME_REGULATION_OF_TNFR1_SIGNALING]
[REACTOME_WNT5A_DEPENDENT_INTERNALIZATION_OF_FZD4,REACTOME_WNT5A_DEPENDENT_INTERNALIZATION_OF_FZD4] was killed by [REACTOME_HOST_INTERACTIONS_OF_HIV_FACTORS,REACTOME_HOST_INTERACTIONS_OF_HIV_FACTORS]
[REACTOME_TNF_SIGNALING,REACTOME_TNF_SIGNALING] was killed by [REACTOME_REGULATION_OF_TNFR1_SIGNALING,REACTOME_REGULATION_OF_TNFR1_SIGNALING]
[REACTOME_PCP_CE_PATHWAY,REACTOME_PCP_CE_PATHWAY] was killed by [REACTOME_HOST_INTERACTIONS_OF_HIV_FACTORS,REACTOME_HOST_INTERACTIONS_OF_HIV_FACTORS]
[REACTOME_FORMATION_OF_INCISION_COMPLEX_IN_GG_NER,REACTOME_FORMATION_OF_INCISION_COMPLEX_IN_GG_NER] was killed by [REACTOME_HOST_INTERACTIONS_OF_HIV_FACTORS,REACTOME_HOST_INTERACTIONS_OF_HIV_FACTORS]
[REACTOME_HEDGEHOG_LIGAND_BIOGENESIS,REACTOME_HEDGEHOG_LIGAND_BIOGENESIS] was killed by [REACTOME_HOST_INTERACTIONS_OF_HIV_FACTORS,REACTOME_HOST_INTERACTIONS_OF_HIV_FACTORS]
[REACTOME_MITOTIC_PROPHASE,REACTOME_MITOTIC_PROPHASE] was killed by [REACTOME_HOST_INTERACTIONS_OF_HIV_FACTORS,REACTOME_HOST_INTERACTIONS_OF_HIV_FACTORS]
[REACTOME_ABC_FAMILY_PROTEINS_MEDIATED_TRANSPORT,REACTOME_ABC_FAMILY_PROTEINS_MEDIATED_TRANSPORT] was killed by [REACTOME_HOST_INTERACTIONS_OF_HIV_FACTORS,REACTOME_HOST_INTERACTIONS_OF_HIV_FACTORS]
[REACTOME_TRANSLESION_SYNTHESIS_BY_POLH,REACTOME_TRANSLESION_SYNTHESIS_BY_POLH] was killed by [REACTOME_HOST_INTERACTIONS_OF_HIV_FACTORS,REACTOME_HOST_INTERACTIONS_OF_HIV_FACTORS]
[REACTOME_REGULATION_OF_HMOX1_EXPRESSION_AND_ACTIVITY,REACTOME_REGULATION_OF_HMOX1_EXPRESSION_AND_ACTIVITY] was killed by [REACTOME_HOST_INTERACTIONS_OF_HIV_FACTORS,REACTOME_HOST_INTERACTIONS_OF_HIV_FACTORS]
[REACTOME_NUCLEAR_PORE_COMPLEX_NPC_DISASSEMBLY,REACTOME_NUCLEAR_PORE_COMPLEX_NPC_DISASSEMBLY] was killed by [REACTOME_HOST_INTERACTIONS_OF_HIV_FACTORS,REACTOME_HOST_INTERACTIONS_OF_HIV_FACTORS]
[REACTOME_SIGNALING_BY_NTRKS,REACTOME_SIGNALING_BY_NTRKS] was killed by [REACTOME_CTLA4_INHIBITORY_SIGNALING,REACTOME_CTLA4_INHIBITORY_SIGNALING]
[REACTOME_DEFECTIVE_CFTR_CAUSES_CYSTIC_FIBROSIS,REACTOME_DEFECTIVE_CFTR_CAUSES_CYSTIC_FIBROSIS] was killed by [REACTOME_HOST_INTERACTIONS_OF_HIV_FACTORS,REACTOME_HOST_INTERACTIONS_OF_HIV_FACTORS]
[REACTOME_HDACS_DEACETYLATE_HISTONES,REACTOME_HDACS_DEACETYLATE_HISTONES] was killed by [REACTOME_ERCC6_CSB_AND_EHMT2_G9A_POSITIVELY_REGULATE_RRNA_EXPRESSION,REACTOME_ERCC6_CSB_AND_EHMT2_G9A_POSITIVELY_REGULATE_RRNA_EXPRESSION]
[REACTOME_G2_M_CHECKPOINTS,REACTOME_G2_M_CHECKPOINTS] was killed by [REACTOME_HOST_INTERACTIONS_OF_HIV_FACTORS,REACTOME_HOST_INTERACTIONS_OF_HIV_FACTORS]
[REACTOME_TNFR1_INDUCED_NFKAPPAB_SIGNALING_PATHWAY,REACTOME_TNFR1_INDUCED_NFKAPPAB_SIGNALING_PATHWAY] was killed by [REACTOME_HOST_INTERACTIONS_OF_HIV_FACTORS,REACTOME_HOST_INTERACTIONS_OF_HIV_FACTORS]
[REACTOME_POSITIVE_EPIGENETIC_REGULATION_OF_RRNA_EXPRESSION,REACTOME_POSITIVE_EPIGENETIC_REGULATION_OF_RRNA_EXPRESSION] was killed by [REACTOME_ERCC6_CSB_AND_EHMT2_G9A_POSITIVELY_REGULATE_RRNA_EXPRESSION,REACTOME_ERCC6_CSB_AND_EHMT2_G9A_POSITIVELY_REGULATE_RRNA_EXPRESSION]
[REACTOME_THE_ROLE_OF_GTSE1_IN_G2_M_PROGRESSION_AFTER_G2_CHECKPOINT,REACTOME_THE_ROLE_OF_GTSE1_IN_G2_M_PROGRESSION_AFTER_G2_CHECKPOINT] was killed by [REACTOME_HOST_INTERACTIONS_OF_HIV_FACTORS,REACTOME_HOST_INTERACTIONS_OF_HIV_FACTORS]
[REACTOME_ABC_TRANSPORTER_DISORDERS,REACTOME_ABC_TRANSPORTER_DISORDERS] was killed by [REACTOME_HOST_INTERACTIONS_OF_HIV_FACTORS,REACTOME_HOST_INTERACTIONS_OF_HIV_FACTORS]
[REACTOME_GOLGI_ASSOCIATED_VESICLE_BIOGENESIS,REACTOME_GOLGI_ASSOCIATED_VESICLE_BIOGENESIS] was killed by [REACTOME_HOST_INTERACTIONS_OF_HIV_FACTORS,REACTOME_HOST_INTERACTIONS_OF_HIV_FACTORS]
[REACTOME_NRIF_SIGNALS_CELL_DEATH_FROM_THE_NUCLEUS,REACTOME_NRIF_SIGNALS_CELL_DEATH_FROM_THE_NUCLEUS] was killed by [REACTOME_HOST_INTERACTIONS_OF_HIV_FACTORS,REACTOME_HOST_INTERACTIONS_OF_HIV_FACTORS]
[REACTOME_MITOTIC_G1_PHASE_AND_G1_S_TRANSITION,REACTOME_MITOTIC_G1_PHASE_AND_G1_S_TRANSITION] was killed by [REACTOME_HOST_INTERACTIONS_OF_HIV_FACTORS,REACTOME_HOST_INTERACTIONS_OF_HIV_FACTORS]
[REACTOME_MHC_CLASS_II_ANTIGEN_PRESENTATION,REACTOME_MHC_CLASS_II_ANTIGEN_PRESENTATION] was killed by [REACTOME_HOST_INTERACTIONS_OF_HIV_FACTORS,REACTOME_HOST_INTERACTIONS_OF_HIV_FACTORS]
[REACTOME_PINK1_PRKN_MEDIATED_MITOPHAGY,REACTOME_PINK1_PRKN_MEDIATED_MITOPHAGY] was killed by [REACTOME_HOST_INTERACTIONS_OF_HIV_FACTORS,REACTOME_HOST_INTERACTIONS_OF_HIV_FACTORS]
[REACTOME_TRANS_GOLGI_NETWORK_VESICLE_BUDDING,REACTOME_TRANS_GOLGI_NETWORK_VESICLE_BUDDING] was killed by [REACTOME_GAP_JUNCTION_DEGRADATION,REACTOME_GAP_JUNCTION_DEGRADATION]
[REACTOME_MITOPHAGY,REACTOME_MITOPHAGY] was killed by [REACTOME_HOST_INTERACTIONS_OF_HIV_FACTORS,REACTOME_HOST_INTERACTIONS_OF_HIV_FACTORS]
[REACTOME_SIGNALING_BY_NOTCH4,REACTOME_SIGNALING_BY_NOTCH4] was killed by [REACTOME_HOST_INTERACTIONS_OF_HIV_FACTORS,REACTOME_HOST_INTERACTIONS_OF_HIV_FACTORS]
[REACTOME_TNFR2_NON_CANONICAL_NF_KB_PATHWAY,REACTOME_TNFR2_NON_CANONICAL_NF_KB_PATHWAY] was killed by [REACTOME_HOST_INTERACTIONS_OF_HIV_FACTORS,REACTOME_HOST_INTERACTIONS_OF_HIV_FACTORS]
[REACTOME_ALPHA_PROTEIN_KINASE_1_SIGNALING_PATHWAY,REACTOME_ALPHA_PROTEIN_KINASE_1_SIGNALING_PATHWAY] was killed by [REACTOME_HOST_INTERACTIONS_OF_HIV_FACTORS,REACTOME_HOST_INTERACTIONS_OF_HIV_FACTORS]
[REACTOME_NUCLEAR_EVENTS_KINASE_AND_TRANSCRIPTION_FACTOR_ACTIVATION,REACTOME_NUCLEAR_EVENTS_KINASE_AND_TRANSCRIPTION_FACTOR_ACTIVATION] was killed by [REACTOME_CTLA4_INHIBITORY_SIGNALING,REACTOME_CTLA4_INHIBITORY_SIGNALING]
[REACTOME_SIGNALING_BY_ERBB4,REACTOME_SIGNALING_BY_ERBB4] was killed by [REACTOME_HOST_INTERACTIONS_OF_HIV_FACTORS,REACTOME_HOST_INTERACTIONS_OF_HIV_FACTORS]
[REACTOME_RECOGNITION_OF_DNA_DAMAGE_BY_PCNA_CONTAINING_REPLICATION_COMPLEX,REACTOME_RECOGNITION_OF_DNA_DAMAGE_BY_PCNA_CONTAINING_REPLICATION_COMPLEX] was killed by [REACTOME_HOST_INTERACTIONS_OF_HIV_FACTORS,REACTOME_HOST_INTERACTIONS_OF_HIV_FACTORS]
[REACTOME_DUAL_INCISION_IN_GG_NER,REACTOME_DUAL_INCISION_IN_GG_NER] was killed by [REACTOME_HOST_INTERACTIONS_OF_HIV_FACTORS,REACTOME_HOST_INTERACTIONS_OF_HIV_FACTORS]
[REACTOME_ANTIGEN_PROCESSING_CROSS_PRESENTATION,REACTOME_ANTIGEN_PROCESSING_CROSS_PRESENTATION] was killed by [REACTOME_HOST_INTERACTIONS_OF_HIV_FACTORS,REACTOME_HOST_INTERACTIONS_OF_HIV_FACTORS]
[REACTOME_CYTOSOLIC_SENSORS_OF_PATHOGEN_ASSOCIATED_DNA,REACTOME_CYTOSOLIC_SENSORS_OF_PATHOGEN_ASSOCIATED_DNA] was killed by [REACTOME_REGULATION_OF_TNFR1_SIGNALING,REACTOME_REGULATION_OF_TNFR1_SIGNALING]
[REACTOME_RAF_ACTIVATION,REACTOME_RAF_ACTIVATION] was killed by [REACTOME_CTLA4_INHIBITORY_SIGNALING,REACTOME_CTLA4_INHIBITORY_SIGNALING]
[REACTOME_DDX58_IFIH1_MEDIATED_INDUCTION_OF_INTERFERON_ALPHA_BETA,REACTOME_DDX58_IFIH1_MEDIATED_INDUCTION_OF_INTERFERON_ALPHA_BETA] was killed by [REACTOME_REGULATION_OF_TNFR1_SIGNALING,REACTOME_REGULATION_OF_TNFR1_SIGNALING]
[REACTOME_SELECTIVE_AUTOPHAGY,REACTOME_SELECTIVE_AUTOPHAGY] was killed by [REACTOME_REGULATION_OF_TNFR1_SIGNALING,REACTOME_REGULATION_OF_TNFR1_SIGNALING]
[REACTOME_TICAM1_TRAF6_DEPENDENT_INDUCTION_OF_TAK1_COMPLEX,REACTOME_TICAM1_TRAF6_DEPENDENT_INDUCTION_OF_TAK1_COMPLEX] was killed by [REACTOME_HOST_INTERACTIONS_OF_HIV_FACTORS,REACTOME_HOST_INTERACTIONS_OF_HIV_FACTORS]
[REACTOME_IRAK2_MEDIATED_ACTIVATION_OF_TAK1_COMPLEX,REACTOME_IRAK2_MEDIATED_ACTIVATION_OF_TAK1_COMPLEX] was killed by [REACTOME_HOST_INTERACTIONS_OF_HIV_FACTORS,REACTOME_HOST_INTERACTIONS_OF_HIV_FACTORS]
[REACTOME_DNA_REPLICATION_PRE_INITIATION,REACTOME_DNA_REPLICATION_PRE_INITIATION] was killed by [REACTOME_HOST_INTERACTIONS_OF_HIV_FACTORS,REACTOME_HOST_INTERACTIONS_OF_HIV_FACTORS]
[REACTOME_SIGNALING_BY_CTNNB1_PHOSPHO_SITE_MUTANTS,REACTOME_SIGNALING_BY_CTNNB1_PHOSPHO_SITE_MUTANTS] was killed by [REACTOME_CTLA4_INHIBITORY_SIGNALING,REACTOME_CTLA4_INHIBITORY_SIGNALING]
[REACTOME_TICAM1_RIP1_MEDIATED_IKK_COMPLEX_RECRUITMENT,REACTOME_TICAM1_RIP1_MEDIATED_IKK_COMPLEX_RECRUITMENT] was killed by [REACTOME_HOST_INTERACTIONS_OF_HIV_FACTORS,REACTOME_HOST_INTERACTIONS_OF_HIV_FACTORS]
[REACTOME_CYCLIN_A_CDK2_ASSOCIATED_EVENTS_AT_S_PHASE_ENTRY,REACTOME_CYCLIN_A_CDK2_ASSOCIATED_EVENTS_AT_S_PHASE_ENTRY] was killed by [REACTOME_HOST_INTERACTIONS_OF_HIV_FACTORS,REACTOME_HOST_INTERACTIONS_OF_HIV_FACTORS]
[REACTOME_PLATELET_HOMEOSTASIS,REACTOME_PLATELET_HOMEOSTASIS] was killed by [REACTOME_CTLA4_INHIBITORY_SIGNALING,REACTOME_CTLA4_INHIBITORY_SIGNALING]
[REACTOME_STIMULI_SENSING_CHANNELS,REACTOME_STIMULI_SENSING_CHANNELS] was killed by [REACTOME_REGULATION_OF_TNFR1_SIGNALING,REACTOME_REGULATION_OF_TNFR1_SIGNALING]
[REACTOME_NEGATIVE_REGULATION_OF_NOTCH4_SIGNALING,REACTOME_NEGATIVE_REGULATION_OF_NOTCH4_SIGNALING] was killed by [REACTOME_HOST_INTERACTIONS_OF_HIV_FACTORS,REACTOME_HOST_INTERACTIONS_OF_HIV_FACTORS]
[REACTOME_INTERACTIONS_OF_REV_WITH_HOST_CELLULAR_PROTEINS,REACTOME_INTERACTIONS_OF_REV_WITH_HOST_CELLULAR_PROTEINS] was killed by [REACTOME_HOST_INTERACTIONS_OF_HIV_FACTORS,REACTOME_HOST_INTERACTIONS_OF_HIV_FACTORS]
[REACTOME_TNFR1_INDUCED_PROAPOPTOTIC_SIGNALING,REACTOME_TNFR1_INDUCED_PROAPOPTOTIC_SIGNALING] was killed by [REACTOME_REGULATION_OF_TNFR1_SIGNALING,REACTOME_REGULATION_OF_TNFR1_SIGNALING]
[REACTOME_TRANSCRIPTION_OF_E2F_TARGETS_UNDER_NEGATIVE_CONTROL_BY_P107_RBL1_AND_P130_RBL2_IN_COMPLEX_WITH_HDAC1,REACTOME_TRANSCRIPTION_OF_E2F_TARGETS_UNDER_NEGATIVE_CONTROL_BY_P107_RBL1_AND_P130_RBL2_IN_COMPLEX_WITH_HDAC1] was killed by [REACTOME_ERCC6_CSB_AND_EHMT2_G9A_POSITIVELY_REGULATE_RRNA_EXPRESSION,REACTOME_ERCC6_CSB_AND_EHMT2_G9A_POSITIVELY_REGULATE_RRNA_EXPRESSION]
[REACTOME_SUMOYLATION_OF_DNA_REPLICATION_PROTEINS,REACTOME_SUMOYLATION_OF_DNA_REPLICATION_PROTEINS] was killed by [REACTOME_HOST_INTERACTIONS_OF_HIV_FACTORS,REACTOME_HOST_INTERACTIONS_OF_HIV_FACTORS]
[REACTOME_POSTMITOTIC_NUCLEAR_PORE_COMPLEX_NPC_REFORMATION,REACTOME_POSTMITOTIC_NUCLEAR_PORE_COMPLEX_NPC_REFORMATION] was killed by [REACTOME_HOST_INTERACTIONS_OF_HIV_FACTORS,REACTOME_HOST_INTERACTIONS_OF_HIV_FACTORS]
[REACTOME_CELL_CELL_COMMUNICATION,REACTOME_CELL_CELL_COMMUNICATION] was killed by [REACTOME_GAP_JUNCTION_DEGRADATION,REACTOME_GAP_JUNCTION_DEGRADATION]
[REACTOME_TRANSCRIPTIONAL_REGULATION_BY_RUNX3,REACTOME_TRANSCRIPTIONAL_REGULATION_BY_RUNX3] was killed by [REACTOME_HOST_INTERACTIONS_OF_HIV_FACTORS,REACTOME_HOST_INTERACTIONS_OF_HIV_FACTORS]
[REACTOME_TRAF6_MEDIATED_INDUCTION_OF_TAK1_COMPLEX_WITHIN_TLR4_COMPLEX,REACTOME_TRAF6_MEDIATED_INDUCTION_OF_TAK1_COMPLEX_WITHIN_TLR4_COMPLEX] was killed by [REACTOME_HOST_INTERACTIONS_OF_HIV_FACTORS,REACTOME_HOST_INTERACTIONS_OF_HIV_FACTORS]
[REACTOME_GLOBAL_GENOME_NUCLEOTIDE_EXCISION_REPAIR_GG_NER,REACTOME_GLOBAL_GENOME_NUCLEOTIDE_EXCISION_REPAIR_GG_NER] was killed by [REACTOME_REGULATION_OF_TNFR1_SIGNALING,REACTOME_REGULATION_OF_TNFR1_SIGNALING]
[REACTOME_COSTIMULATION_BY_THE_CD28_FAMILY,REACTOME_COSTIMULATION_BY_THE_CD28_FAMILY] was killed by [REACTOME_CTLA4_INHIBITORY_SIGNALING,REACTOME_CTLA4_INHIBITORY_SIGNALING]
[REACTOME_PLATELET_SENSITIZATION_BY_LDL,REACTOME_PLATELET_SENSITIZATION_BY_LDL] was killed by [REACTOME_CTLA4_INHIBITORY_SIGNALING,REACTOME_CTLA4_INHIBITORY_SIGNALING]
[REACTOME_LYSOSOME_VESICLE_BIOGENESIS,REACTOME_LYSOSOME_VESICLE_BIOGENESIS] was killed by [REACTOME_HOST_INTERACTIONS_OF_HIV_FACTORS,REACTOME_HOST_INTERACTIONS_OF_HIV_FACTORS]
[REACTOME_DISASSEMBLY_OF_THE_DESTRUCTION_COMPLEX_AND_RECRUITMENT_OF_AXIN_TO_THE_MEMBRANE,REACTOME_DISASSEMBLY_OF_THE_DESTRUCTION_COMPLEX_AND_RECRUITMENT_OF_AXIN_TO_THE_MEMBRANE] was killed by [REACTOME_CTLA4_INHIBITORY_SIGNALING,REACTOME_CTLA4_INHIBITORY_SIGNALING]
[REACTOME_DNA_DAMAGE_BYPASS,REACTOME_DNA_DAMAGE_BYPASS] was killed by [REACTOME_HOST_INTERACTIONS_OF_HIV_FACTORS,REACTOME_HOST_INTERACTIONS_OF_HIV_FACTORS]
[REACTOME_DECTIN_1_MEDIATED_NONCANONICAL_NF_KB_SIGNALING,REACTOME_DECTIN_1_MEDIATED_NONCANONICAL_NF_KB_SIGNALING] was killed by [REACTOME_HOST_INTERACTIONS_OF_HIV_FACTORS,REACTOME_HOST_INTERACTIONS_OF_HIV_FACTORS]
