[GOCC_CIS_GOLGI_NETWORK,GOCC_CIS_GOLGI_NETWORK] was killed by [GOCC_GOLGI_CISTERNA_MEMBRANE,GOCC_GOLGI_CISTERNA_MEMBRANE]
[GOCC_GOLGI_CISTERNA,GOCC_GOLGI_CISTERNA] was killed by [GOCC_GOLGI_CISTERNA_MEMBRANE,GOCC_GOLGI_CISTERNA_MEMBRANE]
[GOBP_NUCLEAR_TRANSCRIBED_MRNA_CATABOLIC_PROCESS_NONSENSE_MEDIATED_DECAY,GOBP_NUCLEAR_TRANSCRIBED_MRNA_CATABOLIC_PROCESS_NONSENSE_MEDIATED_DECAY] was killed by [GOBP_TRANSLATIONAL_INITIATION,GOBP_TRANSLATIONAL_INITIATION]
[GOBP_REGULATION_OF_CARBOHYDRATE_BIOSYNTHETIC_PROCESS,GOBP_REGULATION_OF_CARBOHYDRATE_BIOSYNTHETIC_PROCESS] was killed by [GOBP_MONOCARBOXYLIC_ACID_CATABOLIC_PROCESS,GOBP_MONOCARBOXYLIC_ACID_CATABOLIC_PROCESS]
[GOBP_ERAD_PATHWAY,GOBP_ERAD_PATHWAY] was killed by [GOBP_NEGATIVE_REGULATION_OF_CELLULAR_PROTEIN_LOCALIZATION,GOBP_NEGATIVE_REGULATION_OF_CELLULAR_PROTEIN_LOCALIZATION]
[GOCC_SITE_OF_POLARIZED_GROWTH,GOCC_SITE_OF_POLARIZED_GROWTH] was killed by [GOMF_DNA_POLYMERASE_BINDING,GOMF_DNA_POLYMERASE_BINDING]
[GOBP_POSITIVE_REGULATION_OF_PEPTIDYL_SERINE_PHOSPHORYLATION,GOBP_POSITIVE_REGULATION_OF_PEPTIDYL_SERINE_PHOSPHORYLATION] was killed by [GOBP_CELLULAR_TRANSITION_METAL_ION_HOMEOSTASIS,GOBP_CELLULAR_TRANSITION_METAL_ION_HOMEOSTASIS]
[GOCC_GOLGI_CIS_CISTERNA,GOCC_GOLGI_CIS_CISTERNA] was killed by [GOCC_GOLGI_CISTERNA_MEMBRANE,GOCC_GOLGI_CISTERNA_MEMBRANE]
[GOBP_FATTY_ACID_CATABOLIC_PROCESS,GOBP_FATTY_ACID_CATABOLIC_PROCESS] was killed by [GOBP_MONOCARBOXYLIC_ACID_CATABOLIC_PROCESS,GOBP_MONOCARBOXYLIC_ACID_CATABOLIC_PROCESS]
[GOBP_POSITIVE_REGULATION_OF_DNA_REPAIR,GOBP_POSITIVE_REGULATION_OF_DNA_REPAIR] was killed by [GOBP_RESPONSE_TO_IONIZING_RADIATION,GOBP_RESPONSE_TO_IONIZING_RADIATION]
[GOBP_POSITIVE_REGULATION_OF_TELOMERASE_ACTIVITY,GOBP_POSITIVE_REGULATION_OF_TELOMERASE_ACTIVITY] was killed by [GOMF_DNA_POLYMERASE_BINDING,GOMF_DNA_POLYMERASE_BINDING]
[GOBP_FATTY_ACID_BETA_OXIDATION,GOBP_FATTY_ACID_BETA_OXIDATION] was killed by [GOBP_MONOCARBOXYLIC_ACID_CATABOLIC_PROCESS,GOBP_MONOCARBOXYLIC_ACID_CATABOLIC_PROCESS]
[GOBP_TELOMERE_ORGANIZATION,GOBP_TELOMERE_ORGANIZATION] was killed by [GOBP_RESPONSE_TO_IONIZING_RADIATION,GOBP_RESPONSE_TO_IONIZING_RADIATION]
[GOBP_ALPHA_BETA_T_CELL_DIFFERENTIATION,GOBP_ALPHA_BETA_T_CELL_DIFFERENTIATION] was killed by [GOBP_CELLULAR_TRANSITION_METAL_ION_HOMEOSTASIS,GOBP_CELLULAR_TRANSITION_METAL_ION_HOMEOSTASIS]
[GOBP_ESTABLISHMENT_OF_PROTEIN_LOCALIZATION_TO_ENDOPLASMIC_RETICULUM,GOBP_ESTABLISHMENT_OF_PROTEIN_LOCALIZATION_TO_ENDOPLASMIC_RETICULUM] was killed by [GOBP_TRANSLATIONAL_INITIATION,GOBP_TRANSLATIONAL_INITIATION]
[GOBP_REGULATION_OF_HISTONE_METHYLATION,GOBP_REGULATION_OF_HISTONE_METHYLATION] was killed by [GOBP_PROTEIN_METHYLATION,GOBP_PROTEIN_METHYLATION]
[GOBP_REGULATION_OF_PROTEIN_LOCALIZATION_TO_NUCLEUS,GOBP_REGULATION_OF_PROTEIN_LOCALIZATION_TO_NUCLEUS] was killed by [GOBP_NEGATIVE_REGULATION_OF_CELLULAR_PROTEIN_LOCALIZATION,GOBP_NEGATIVE_REGULATION_OF_CELLULAR_PROTEIN_LOCALIZATION]
[GOBP_HISTONE_METHYLATION,GOBP_HISTONE_METHYLATION] was killed by [GOBP_PROTEIN_METHYLATION,GOBP_PROTEIN_METHYLATION]
[GOMF_PROTEIN_DISULFIDE_ISOMERASE_ACTIVITY,GOMF_PROTEIN_DISULFIDE_ISOMERASE_ACTIVITY] was killed by [GOCC_OXIDOREDUCTASE_COMPLEX,GOCC_OXIDOREDUCTASE_COMPLEX]
[GOBP_CHAPERONE_MEDIATED_PROTEIN_COMPLEX_ASSEMBLY,GOBP_CHAPERONE_MEDIATED_PROTEIN_COMPLEX_ASSEMBLY] was killed by [GOMF_DNA_POLYMERASE_BINDING,GOMF_DNA_POLYMERASE_BINDING]
[GOBP_PROTEIN_FOLDING_IN_ENDOPLASMIC_RETICULUM,GOBP_PROTEIN_FOLDING_IN_ENDOPLASMIC_RETICULUM] was killed by [GOCC_OXIDOREDUCTASE_COMPLEX,GOCC_OXIDOREDUCTASE_COMPLEX]
[GOBP_NEGATIVE_REGULATION_OF_PHAGOCYTOSIS,GOBP_NEGATIVE_REGULATION_OF_PHAGOCYTOSIS] was killed by [GOMF_DNA_POLYMERASE_BINDING,GOMF_DNA_POLYMERASE_BINDING]
[GOBP_REGULATION_OF_CHROMATIN_ORGANIZATION,GOBP_REGULATION_OF_CHROMATIN_ORGANIZATION] was killed by [GOBP_PROTEIN_METHYLATION,GOBP_PROTEIN_METHYLATION]
[GOBP_POSITIVE_REGULATION_OF_PROTEIN_LOCALIZATION_TO_NUCLEUS,GOBP_POSITIVE_REGULATION_OF_PROTEIN_LOCALIZATION_TO_NUCLEUS] was killed by [GOBP_RESPONSE_TO_IONIZING_RADIATION,GOBP_RESPONSE_TO_IONIZING_RADIATION]
[GOBP_INTERFERON_BETA_PRODUCTION,GOBP_INTERFERON_BETA_PRODUCTION] was killed by [GOMF_DNA_POLYMERASE_BINDING,GOMF_DNA_POLYMERASE_BINDING]
[GOBP_RIBOSOMAL_LARGE_SUBUNIT_BIOGENESIS,GOBP_RIBOSOMAL_LARGE_SUBUNIT_BIOGENESIS] was killed by [GOBP_TRANSLATIONAL_INITIATION,GOBP_TRANSLATIONAL_INITIATION]
[GOCC_FICOLIN_1_RICH_GRANULE,GOCC_FICOLIN_1_RICH_GRANULE] was killed by [GOMF_DNA_POLYMERASE_BINDING,GOMF_DNA_POLYMERASE_BINDING]
[GOBP_EXTRINSIC_APOPTOTIC_SIGNALING_PATHWAY_VIA_DEATH_DOMAIN_RECEPTORS,GOBP_EXTRINSIC_APOPTOTIC_SIGNALING_PATHWAY_VIA_DEATH_DOMAIN_RECEPTORS] was killed by [GOBP_NEGATIVE_REGULATION_OF_CELLULAR_PROTEIN_LOCALIZATION,GOBP_NEGATIVE_REGULATION_OF_CELLULAR_PROTEIN_LOCALIZATION]
[GOMF_RIBONUCLEOPROTEIN_COMPLEX_BINDING,GOMF_RIBONUCLEOPROTEIN_COMPLEX_BINDING] was killed by [GOBP_TRANSLATIONAL_INITIATION,GOBP_TRANSLATIONAL_INITIATION]
[GOCC_FICOLIN_1_RICH_GRANULE_LUMEN,GOCC_FICOLIN_1_RICH_GRANULE_LUMEN] was killed by [GOMF_DNA_POLYMERASE_BINDING,GOMF_DNA_POLYMERASE_BINDING]
[GOBP_TELOMERE_MAINTENANCE_VIA_TELOMERE_LENGTHENING,GOBP_TELOMERE_MAINTENANCE_VIA_TELOMERE_LENGTHENING] was killed by [GOMF_DNA_POLYMERASE_BINDING,GOMF_DNA_POLYMERASE_BINDING]
[GOMF_RNA_POLYMERASE_II_TRANSCRIPTION_FACTOR_BINDING,GOMF_RNA_POLYMERASE_II_TRANSCRIPTION_FACTOR_BINDING] was killed by [GOBP_PROTEIN_METHYLATION,GOBP_PROTEIN_METHYLATION]
[GOCC_GOLGI_STACK,GOCC_GOLGI_STACK] was killed by [GOCC_GOLGI_CISTERNA_MEMBRANE,GOCC_GOLGI_CISTERNA_MEMBRANE]
[GOCC_PIGMENT_GRANULE,GOCC_PIGMENT_GRANULE] was killed by [GOMF_DNA_POLYMERASE_BINDING,GOMF_DNA_POLYMERASE_BINDING]
[GOCC_EXTRINSIC_COMPONENT_OF_ORGANELLE_MEMBRANE,GOCC_EXTRINSIC_COMPONENT_OF_ORGANELLE_MEMBRANE] was killed by [GOBP_CELLULAR_RESPONSE_TO_CORTICOSTEROID_STIMULUS,GOBP_CELLULAR_RESPONSE_TO_CORTICOSTEROID_STIMULUS]
[GOBP_RNA_DEPENDENT_DNA_BIOSYNTHETIC_PROCESS,GOBP_RNA_DEPENDENT_DNA_BIOSYNTHETIC_PROCESS] was killed by [GOMF_DNA_POLYMERASE_BINDING,GOMF_DNA_POLYMERASE_BINDING]
[GOBP_POSITIVE_REGULATION_OF_MRNA_METABOLIC_PROCESS,GOBP_POSITIVE_REGULATION_OF_MRNA_METABOLIC_PROCESS] was killed by [GOBP_TRANSLATIONAL_INITIATION,GOBP_TRANSLATIONAL_INITIATION]
[GOBP_INTERLEUKIN_6_PRODUCTION,GOBP_INTERLEUKIN_6_PRODUCTION] was killed by [GOBP_CD4_POSITIVE_ALPHA_BETA_T_CELL_DIFFERENTIATION,GOBP_CD4_POSITIVE_ALPHA_BETA_T_CELL_DIFFERENTIATION]
[GOBP_POSITIVE_REGULATION_OF_DENDRITIC_SPINE_DEVELOPMENT,GOBP_POSITIVE_REGULATION_OF_DENDRITIC_SPINE_DEVELOPMENT] was killed by [GOBP_CD4_POSITIVE_ALPHA_BETA_T_CELL_DIFFERENTIATION,GOBP_CD4_POSITIVE_ALPHA_BETA_T_CELL_DIFFERENTIATION]
[GOBP_RESPONSE_TO_INTERLEUKIN_6,GOBP_RESPONSE_TO_INTERLEUKIN_6] was killed by [GOBP_CD4_POSITIVE_ALPHA_BETA_T_CELL_DIFFERENTIATION,GOBP_CD4_POSITIVE_ALPHA_BETA_T_CELL_DIFFERENTIATION]
[GOBP_MOLTING_CYCLE,GOBP_MOLTING_CYCLE] was killed by [GOBP_RESPONSE_TO_IONIZING_RADIATION,GOBP_RESPONSE_TO_IONIZING_RADIATION]
[GOCC_SCF_UBIQUITIN_LIGASE_COMPLEX,GOCC_SCF_UBIQUITIN_LIGASE_COMPLEX] was killed by [GOBP_CELLULAR_TRANSITION_METAL_ION_HOMEOSTASIS,GOBP_CELLULAR_TRANSITION_METAL_ION_HOMEOSTASIS]
[GOBP_REGULATION_OF_MICROTUBULE_DEPOLYMERIZATION,GOBP_REGULATION_OF_MICROTUBULE_DEPOLYMERIZATION] was killed by [GOBP_NEGATIVE_REGULATION_OF_CELL_MATRIX_ADHESION,GOBP_NEGATIVE_REGULATION_OF_CELL_MATRIX_ADHESION]
[GOBP_REGULATION_OF_LYMPHOCYTE_DIFFERENTIATION,GOBP_REGULATION_OF_LYMPHOCYTE_DIFFERENTIATION] was killed by [GOBP_RESPONSE_TO_IONIZING_RADIATION,GOBP_RESPONSE_TO_IONIZING_RADIATION]
[GOBP_POSITIVE_REGULATION_OF_RESPONSE_TO_DNA_DAMAGE_STIMULUS,GOBP_POSITIVE_REGULATION_OF_RESPONSE_TO_DNA_DAMAGE_STIMULUS] was killed by [GOBP_RESPONSE_TO_IONIZING_RADIATION,GOBP_RESPONSE_TO_IONIZING_RADIATION]
[GOBP_TRANSITION_METAL_ION_TRANSPORT,GOBP_TRANSITION_METAL_ION_TRANSPORT] was killed by [GOBP_CELLULAR_TRANSITION_METAL_ION_HOMEOSTASIS,GOBP_CELLULAR_TRANSITION_METAL_ION_HOMEOSTASIS]
[GOCC_LARGE_RIBOSOMAL_SUBUNIT,GOCC_LARGE_RIBOSOMAL_SUBUNIT] was killed by [GOBP_TRANSLATIONAL_INITIATION,GOBP_TRANSLATIONAL_INITIATION]
[GOBP_ALPHA_BETA_T_CELL_ACTIVATION,GOBP_ALPHA_BETA_T_CELL_ACTIVATION] was killed by [GOBP_CELLULAR_TRANSITION_METAL_ION_HOMEOSTASIS,GOBP_CELLULAR_TRANSITION_METAL_ION_HOMEOSTASIS]
[GOBP_CELL_ADHESION_MEDIATED_BY_INTEGRIN,GOBP_CELL_ADHESION_MEDIATED_BY_INTEGRIN] was killed by [GOBP_POSITIVE_REGULATION_OF_REGULATED_SECRETORY_PATHWAY,GOBP_POSITIVE_REGULATION_OF_REGULATED_SECRETORY_PATHWAY]
[GOBP_SYNAPSE_ASSEMBLY,GOBP_SYNAPSE_ASSEMBLY] was killed by [GOBP_NEGATIVE_REGULATION_OF_CELL_MATRIX_ADHESION,GOBP_NEGATIVE_REGULATION_OF_CELL_MATRIX_ADHESION]
[GOBP_POSITIVE_REGULATION_OF_DNA_METABOLIC_PROCESS,GOBP_POSITIVE_REGULATION_OF_DNA_METABOLIC_PROCESS] was killed by [GOBP_RESPONSE_TO_IONIZING_RADIATION,GOBP_RESPONSE_TO_IONIZING_RADIATION]
[GOBP_CHLORIDE_TRANSPORT,GOBP_CHLORIDE_TRANSPORT] was killed by [GOMF_ANTIPORTER_ACTIVITY,GOMF_ANTIPORTER_ACTIVITY]
[GOBP_POSITIVE_REGULATION_OF_TYPE_I_INTERFERON_PRODUCTION,GOBP_POSITIVE_REGULATION_OF_TYPE_I_INTERFERON_PRODUCTION] was killed by [GOBP_PROTEIN_METHYLATION,GOBP_PROTEIN_METHYLATION]
[GOMF_METAL_CLUSTER_BINDING,GOMF_METAL_CLUSTER_BINDING] was killed by [GOBP_CELLULAR_TRANSITION_METAL_ION_HOMEOSTASIS,GOBP_CELLULAR_TRANSITION_METAL_ION_HOMEOSTASIS]
[GOBP_CD4_POSITIVE_ALPHA_BETA_T_CELL_ACTIVATION,GOBP_CD4_POSITIVE_ALPHA_BETA_T_CELL_ACTIVATION] was killed by [GOBP_CD4_POSITIVE_ALPHA_BETA_T_CELL_DIFFERENTIATION,GOBP_CD4_POSITIVE_ALPHA_BETA_T_CELL_DIFFERENTIATION]
[GOBP_REGULATION_OF_MEMBRANE_PERMEABILITY,GOBP_REGULATION_OF_MEMBRANE_PERMEABILITY] was killed by [GOBP_CELLULAR_RESPONSE_TO_CORTICOSTEROID_STIMULUS,GOBP_CELLULAR_RESPONSE_TO_CORTICOSTEROID_STIMULUS]
[GOBP_NEGATIVE_REGULATION_OF_IMMUNE_EFFECTOR_PROCESS,GOBP_NEGATIVE_REGULATION_OF_IMMUNE_EFFECTOR_PROCESS] was killed by [GOBP_RESPONSE_TO_IONIZING_RADIATION,GOBP_RESPONSE_TO_IONIZING_RADIATION]
[GOBP_POSITIVE_REGULATION_OF_BINDING,GOBP_POSITIVE_REGULATION_OF_BINDING] was killed by [GOBP_TRANSLATIONAL_INITIATION,GOBP_TRANSLATIONAL_INITIATION]
[GOBP_NEGATIVE_REGULATION_OF_INFLAMMATORY_RESPONSE,GOBP_NEGATIVE_REGULATION_OF_INFLAMMATORY_RESPONSE] was killed by [GOBP_CD4_POSITIVE_ALPHA_BETA_T_CELL_DIFFERENTIATION,GOBP_CD4_POSITIVE_ALPHA_BETA_T_CELL_DIFFERENTIATION]
[GOBP_NEGATIVE_REGULATION_OF_MICROTUBULE_POLYMERIZATION_OR_DEPOLYMERIZATION,GOBP_NEGATIVE_REGULATION_OF_MICROTUBULE_POLYMERIZATION_OR_DEPOLYMERIZATION] was killed by [GOBP_NEGATIVE_REGULATION_OF_CELL_MATRIX_ADHESION,GOBP_NEGATIVE_REGULATION_OF_CELL_MATRIX_ADHESION]
[GOCC_CYTOSOLIC_LARGE_RIBOSOMAL_SUBUNIT,GOCC_CYTOSOLIC_LARGE_RIBOSOMAL_SUBUNIT] was killed by [GOBP_TRANSLATIONAL_INITIATION,GOBP_TRANSLATIONAL_INITIATION]
[GOBP_CD8_POSITIVE_ALPHA_BETA_T_CELL_ACTIVATION,GOBP_CD8_POSITIVE_ALPHA_BETA_T_CELL_ACTIVATION] was killed by [GOBP_CD4_POSITIVE_ALPHA_BETA_T_CELL_DIFFERENTIATION,GOBP_CD4_POSITIVE_ALPHA_BETA_T_CELL_DIFFERENTIATION]
[GOBP_REGULATION_OF_EXTRINSIC_APOPTOTIC_SIGNALING_PATHWAY_VIA_DEATH_DOMAIN_RECEPTORS,GOBP_REGULATION_OF_EXTRINSIC_APOPTOTIC_SIGNALING_PATHWAY_VIA_DEATH_DOMAIN_RECEPTORS] was killed by [GOBP_NEGATIVE_REGULATION_OF_CELLULAR_PROTEIN_LOCALIZATION,GOBP_NEGATIVE_REGULATION_OF_CELLULAR_PROTEIN_LOCALIZATION]
[GOBP_NUCLEAR_EXPORT,GOBP_NUCLEAR_EXPORT] was killed by [GOBP_NEGATIVE_REGULATION_OF_CELLULAR_PROTEIN_LOCALIZATION,GOBP_NEGATIVE_REGULATION_OF_CELLULAR_PROTEIN_LOCALIZATION]
[GOBP_IMMUNOGLOBULIN_PRODUCTION,GOBP_IMMUNOGLOBULIN_PRODUCTION] was killed by [GOBP_RESPONSE_TO_IONIZING_RADIATION,GOBP_RESPONSE_TO_IONIZING_RADIATION]
[GOBP_MITOCHONDRIAL_OUTER_MEMBRANE_PERMEABILIZATION,GOBP_MITOCHONDRIAL_OUTER_MEMBRANE_PERMEABILIZATION] was killed by [GOBP_CELLULAR_RESPONSE_TO_CORTICOSTEROID_STIMULUS,GOBP_CELLULAR_RESPONSE_TO_CORTICOSTEROID_STIMULUS]
[GOBP_CENTRAL_NERVOUS_SYSTEM_NEURON_DIFFERENTIATION,GOBP_CENTRAL_NERVOUS_SYSTEM_NEURON_DIFFERENTIATION] was killed by [GOMF_DNA_POLYMERASE_BINDING,GOMF_DNA_POLYMERASE_BINDING]
[GOBP_NEGATIVE_REGULATION_OF_CELL_CYCLE_G2_M_PHASE_TRANSITION,GOBP_NEGATIVE_REGULATION_OF_CELL_CYCLE_G2_M_PHASE_TRANSITION] was killed by [GOBP_RESPONSE_TO_IONIZING_RADIATION,GOBP_RESPONSE_TO_IONIZING_RADIATION]
[GOBP_REGULATION_OF_LAMELLIPODIUM_ASSEMBLY,GOBP_REGULATION_OF_LAMELLIPODIUM_ASSEMBLY] was killed by [GOBP_CD4_POSITIVE_ALPHA_BETA_T_CELL_DIFFERENTIATION,GOBP_CD4_POSITIVE_ALPHA_BETA_T_CELL_DIFFERENTIATION]
[GOMF_TRANSFERASE_ACTIVITY_TRANSFERRING_HEXOSYL_GROUPS,GOMF_TRANSFERASE_ACTIVITY_TRANSFERRING_HEXOSYL_GROUPS] was killed by [GOCC_GOLGI_CISTERNA_MEMBRANE,GOCC_GOLGI_CISTERNA_MEMBRANE]
[GOBP_SOMATIC_DIVERSIFICATION_OF_IMMUNE_RECEPTORS,GOBP_SOMATIC_DIVERSIFICATION_OF_IMMUNE_RECEPTORS] was killed by [GOBP_RESPONSE_TO_IONIZING_RADIATION,GOBP_RESPONSE_TO_IONIZING_RADIATION]
[GOBP_POSITIVE_REGULATION_OF_PROTEIN_KINASE_B_SIGNALING,GOBP_POSITIVE_REGULATION_OF_PROTEIN_KINASE_B_SIGNALING] was killed by [GOMF_DNA_POLYMERASE_BINDING,GOMF_DNA_POLYMERASE_BINDING]
[GOBP_TYPE_I_INTERFERON_PRODUCTION,GOBP_TYPE_I_INTERFERON_PRODUCTION] was killed by [GOBP_PROTEIN_METHYLATION,GOBP_PROTEIN_METHYLATION]
[GOBP_NEGATIVE_REGULATION_OF_BINDING,GOBP_NEGATIVE_REGULATION_OF_BINDING] was killed by [GOBP_NEGATIVE_REGULATION_OF_CELLULAR_PROTEIN_LOCALIZATION,GOBP_NEGATIVE_REGULATION_OF_CELLULAR_PROTEIN_LOCALIZATION]
[GOBP_OSTEOCLAST_DIFFERENTIATION,GOBP_OSTEOCLAST_DIFFERENTIATION] was killed by [GOBP_CELLULAR_TRANSITION_METAL_ION_HOMEOSTASIS,GOBP_CELLULAR_TRANSITION_METAL_ION_HOMEOSTASIS]
[GOBP_BETA_CATENIN_TCF_COMPLEX_ASSEMBLY,GOBP_BETA_CATENIN_TCF_COMPLEX_ASSEMBLY] was killed by [GOBP_PROTEIN_METHYLATION,GOBP_PROTEIN_METHYLATION]
[GOBP_PROTEIN_TRANSMEMBRANE_TRANSPORT,GOBP_PROTEIN_TRANSMEMBRANE_TRANSPORT] was killed by [GOBP_MONOCARBOXYLIC_ACID_CATABOLIC_PROCESS,GOBP_MONOCARBOXYLIC_ACID_CATABOLIC_PROCESS]
[GOBP_POSITIVE_T_CELL_SELECTION,GOBP_POSITIVE_T_CELL_SELECTION] was killed by [GOBP_RESPONSE_TO_IONIZING_RADIATION,GOBP_RESPONSE_TO_IONIZING_RADIATION]
[GOBP_IMPORT_ACROSS_PLASMA_MEMBRANE,GOBP_IMPORT_ACROSS_PLASMA_MEMBRANE] was killed by [GOBP_CELLULAR_TRANSITION_METAL_ION_HOMEOSTASIS,GOBP_CELLULAR_TRANSITION_METAL_ION_HOMEOSTASIS]
[GOCC_RIBOSOMAL_SUBUNIT,GOCC_RIBOSOMAL_SUBUNIT] was killed by [GOBP_TRANSLATIONAL_INITIATION,GOBP_TRANSLATIONAL_INITIATION]
[GOBP_REGENERATION,GOBP_REGENERATION] was killed by [GOBP_MONOCARBOXYLIC_ACID_CATABOLIC_PROCESS,GOBP_MONOCARBOXYLIC_ACID_CATABOLIC_PROCESS]
[GOBP_REGULATION_OF_MITOCHONDRIAL_MEMBRANE_PERMEABILITY,GOBP_REGULATION_OF_MITOCHONDRIAL_MEMBRANE_PERMEABILITY] was killed by [GOBP_CELLULAR_RESPONSE_TO_CORTICOSTEROID_STIMULUS,GOBP_CELLULAR_RESPONSE_TO_CORTICOSTEROID_STIMULUS]
[GOBP_AMINE_METABOLIC_PROCESS,GOBP_AMINE_METABOLIC_PROCESS] was killed by [GOBP_POSITIVE_REGULATION_OF_REGULATED_SECRETORY_PATHWAY,GOBP_POSITIVE_REGULATION_OF_REGULATED_SECRETORY_PATHWAY]
[GOBP_DNA_BIOSYNTHETIC_PROCESS,GOBP_DNA_BIOSYNTHETIC_PROCESS] was killed by [GOBP_RESPONSE_TO_IONIZING_RADIATION,GOBP_RESPONSE_TO_IONIZING_RADIATION]
[GOBP_CHAPERONE_MEDIATED_PROTEIN_FOLDING,GOBP_CHAPERONE_MEDIATED_PROTEIN_FOLDING] was killed by [GOMF_DNA_POLYMERASE_BINDING,GOMF_DNA_POLYMERASE_BINDING]
[GOBP_ORGANIC_ACID_TRANSMEMBRANE_TRANSPORT,GOBP_ORGANIC_ACID_TRANSMEMBRANE_TRANSPORT] was killed by [GOBP_MONOCARBOXYLIC_ACID_CATABOLIC_PROCESS,GOBP_MONOCARBOXYLIC_ACID_CATABOLIC_PROCESS]
[GOBP_CYTOPLASMIC_TRANSLATION,GOBP_CYTOPLASMIC_TRANSLATION] was killed by [GOBP_TRANSLATIONAL_INITIATION,GOBP_TRANSLATIONAL_INITIATION]
[GOMF_DNA_DEPENDENT_ATPASE_ACTIVITY,GOMF_DNA_DEPENDENT_ATPASE_ACTIVITY] was killed by [GOBP_RESPONSE_TO_IONIZING_RADIATION,GOBP_RESPONSE_TO_IONIZING_RADIATION]
[GOCC_CYTOSOLIC_RIBOSOME,GOCC_CYTOSOLIC_RIBOSOME] was killed by [GOBP_TRANSLATIONAL_INITIATION,GOBP_TRANSLATIONAL_INITIATION]
[GOBP_TUMOR_NECROSIS_FACTOR_SUPERFAMILY_CYTOKINE_PRODUCTION,GOBP_TUMOR_NECROSIS_FACTOR_SUPERFAMILY_CYTOKINE_PRODUCTION] was killed by [GOBP_CD4_POSITIVE_ALPHA_BETA_T_CELL_DIFFERENTIATION,GOBP_CD4_POSITIVE_ALPHA_BETA_T_CELL_DIFFERENTIATION]
[GOBP_POSITIVE_REGULATION_OF_LEUKOCYTE_DEGRANULATION,GOBP_POSITIVE_REGULATION_OF_LEUKOCYTE_DEGRANULATION] was killed by [GOBP_POSITIVE_REGULATION_OF_REGULATED_SECRETORY_PATHWAY,GOBP_POSITIVE_REGULATION_OF_REGULATED_SECRETORY_PATHWAY]
[GOBP_REGULATION_OF_PROTEIN_DEPOLYMERIZATION,GOBP_REGULATION_OF_PROTEIN_DEPOLYMERIZATION] was killed by [GOBP_NEGATIVE_REGULATION_OF_CELL_MATRIX_ADHESION,GOBP_NEGATIVE_REGULATION_OF_CELL_MATRIX_ADHESION]
[GOBP_DNA_MODIFICATION,GOBP_DNA_MODIFICATION] was killed by [GOBP_PROTEIN_METHYLATION,GOBP_PROTEIN_METHYLATION]
[GOBP_CELLULAR_BIOGENIC_AMINE_METABOLIC_PROCESS,GOBP_CELLULAR_BIOGENIC_AMINE_METABOLIC_PROCESS] was killed by [GOBP_POSITIVE_REGULATION_OF_REGULATED_SECRETORY_PATHWAY,GOBP_POSITIVE_REGULATION_OF_REGULATED_SECRETORY_PATHWAY]
[GOBP_REGULATION_OF_CELL_AGING,GOBP_REGULATION_OF_CELL_AGING] was killed by [GOBP_NEGATIVE_REGULATION_OF_CELL_MATRIX_ADHESION,GOBP_NEGATIVE_REGULATION_OF_CELL_MATRIX_ADHESION]
[GOMF_INTRAMOLECULAR_OXIDOREDUCTASE_ACTIVITY,GOMF_INTRAMOLECULAR_OXIDOREDUCTASE_ACTIVITY] was killed by [GOMF_DNA_POLYMERASE_BINDING,GOMF_DNA_POLYMERASE_BINDING]
[GOBP_SYNAPTIC_VESICLE_EXOCYTOSIS,GOBP_SYNAPTIC_VESICLE_EXOCYTOSIS] was killed by [GOBP_POSITIVE_REGULATION_OF_REGULATED_SECRETORY_PATHWAY,GOBP_POSITIVE_REGULATION_OF_REGULATED_SECRETORY_PATHWAY]
[GOMF_VOLTAGE_GATED_ION_CHANNEL_ACTIVITY,GOMF_VOLTAGE_GATED_ION_CHANNEL_ACTIVITY] was killed by [GOCC_GOLGI_CISTERNA_MEMBRANE,GOCC_GOLGI_CISTERNA_MEMBRANE]
[GOBP_CELLULAR_COMPONENT_ASSEMBLY_INVOLVED_IN_MORPHOGENESIS,GOBP_CELLULAR_COMPONENT_ASSEMBLY_INVOLVED_IN_MORPHOGENESIS] was killed by [GOBP_NEGATIVE_REGULATION_OF_CELL_MATRIX_ADHESION,GOBP_NEGATIVE_REGULATION_OF_CELL_MATRIX_ADHESION]
[GOCC_INCLUSION_BODY,GOCC_INCLUSION_BODY] was killed by [GOBP_NEGATIVE_REGULATION_OF_CELLULAR_PROTEIN_LOCALIZATION,GOBP_NEGATIVE_REGULATION_OF_CELLULAR_PROTEIN_LOCALIZATION]
[GOBP_LYMPHOCYTE_HOMEOSTASIS,GOBP_LYMPHOCYTE_HOMEOSTASIS] was killed by [GOBP_CELLULAR_RESPONSE_TO_CORTICOSTEROID_STIMULUS,GOBP_CELLULAR_RESPONSE_TO_CORTICOSTEROID_STIMULUS]
[GOBP_REGULATION_OF_NEURAL_PRECURSOR_CELL_PROLIFERATION,GOBP_REGULATION_OF_NEURAL_PRECURSOR_CELL_PROLIFERATION] was killed by [GOBP_PROTEIN_METHYLATION,GOBP_PROTEIN_METHYLATION]
[GOBP_LEUKOCYTE_APOPTOTIC_PROCESS,GOBP_LEUKOCYTE_APOPTOTIC_PROCESS] was killed by [GOBP_CELLULAR_TRANSITION_METAL_ION_HOMEOSTASIS,GOBP_CELLULAR_TRANSITION_METAL_ION_HOMEOSTASIS]
[GOBP_RECOMBINATIONAL_REPAIR,GOBP_RECOMBINATIONAL_REPAIR] was killed by [GOBP_RESPONSE_TO_IONIZING_RADIATION,GOBP_RESPONSE_TO_IONIZING_RADIATION]
[GOBP_PEPTIDYL_LYSINE_METHYLATION,GOBP_PEPTIDYL_LYSINE_METHYLATION] was killed by [GOBP_PROTEIN_METHYLATION,GOBP_PROTEIN_METHYLATION]
[GOMF_RRNA_BINDING,GOMF_RRNA_BINDING] was killed by [GOBP_TRANSLATIONAL_INITIATION,GOBP_TRANSLATIONAL_INITIATION]
[GOBP_LIPID_EXPORT_FROM_CELL,GOBP_LIPID_EXPORT_FROM_CELL] was killed by [GOBP_CD4_POSITIVE_ALPHA_BETA_T_CELL_DIFFERENTIATION,GOBP_CD4_POSITIVE_ALPHA_BETA_T_CELL_DIFFERENTIATION]
[GOBP_POSITIVE_REGULATION_OF_PROTEIN_POLYMERIZATION,GOBP_POSITIVE_REGULATION_OF_PROTEIN_POLYMERIZATION] was killed by [GOBP_CD4_POSITIVE_ALPHA_BETA_T_CELL_DIFFERENTIATION,GOBP_CD4_POSITIVE_ALPHA_BETA_T_CELL_DIFFERENTIATION]
[GOBP_ESTABLISHMENT_OF_MITOTIC_SPINDLE_ORIENTATION,GOBP_ESTABLISHMENT_OF_MITOTIC_SPINDLE_ORIENTATION] was killed by [GOBP_NEGATIVE_REGULATION_OF_CELLULAR_PROTEIN_LOCALIZATION,GOBP_NEGATIVE_REGULATION_OF_CELLULAR_PROTEIN_LOCALIZATION]
[GOBP_ESTABLISHMENT_OF_SPINDLE_ORIENTATION,GOBP_ESTABLISHMENT_OF_SPINDLE_ORIENTATION] was killed by [GOBP_NEGATIVE_REGULATION_OF_CELLULAR_PROTEIN_LOCALIZATION,GOBP_NEGATIVE_REGULATION_OF_CELLULAR_PROTEIN_LOCALIZATION]
[GOBP_OOGENESIS,GOBP_OOGENESIS] was killed by [GOBP_RESPONSE_TO_IONIZING_RADIATION,GOBP_RESPONSE_TO_IONIZING_RADIATION]
[GOBP_POSITIVE_REGULATION_OF_DENDRITE_MORPHOGENESIS,GOBP_POSITIVE_REGULATION_OF_DENDRITE_MORPHOGENESIS] was killed by [GOBP_POSITIVE_REGULATION_OF_REGULATED_SECRETORY_PATHWAY,GOBP_POSITIVE_REGULATION_OF_REGULATED_SECRETORY_PATHWAY]
[GOBP_INTERLEUKIN_6_MEDIATED_SIGNALING_PATHWAY,GOBP_INTERLEUKIN_6_MEDIATED_SIGNALING_PATHWAY] was killed by [GOBP_CD4_POSITIVE_ALPHA_BETA_T_CELL_DIFFERENTIATION,GOBP_CD4_POSITIVE_ALPHA_BETA_T_CELL_DIFFERENTIATION]
[GOMF_CHANNEL_INHIBITOR_ACTIVITY,GOMF_CHANNEL_INHIBITOR_ACTIVITY] was killed by [GOBP_NEGATIVE_REGULATION_OF_CELL_MATRIX_ADHESION,GOBP_NEGATIVE_REGULATION_OF_CELL_MATRIX_ADHESION]
[GOBP_APICAL_JUNCTION_ASSEMBLY,GOBP_APICAL_JUNCTION_ASSEMBLY] was killed by [GOBP_NEGATIVE_REGULATION_OF_CELLULAR_PROTEIN_LOCALIZATION,GOBP_NEGATIVE_REGULATION_OF_CELLULAR_PROTEIN_LOCALIZATION]
[GOBP_RESPONSE_TO_OSMOTIC_STRESS,GOBP_RESPONSE_TO_OSMOTIC_STRESS] was killed by [GOBP_AORTA_DEVELOPMENT,GOBP_AORTA_DEVELOPMENT]
[GOBP_REGULATION_OF_TYPE_I_INTERFERON_MEDIATED_SIGNALING_PATHWAY,GOBP_REGULATION_OF_TYPE_I_INTERFERON_MEDIATED_SIGNALING_PATHWAY] was killed by [GOBP_TRANSLATIONAL_INITIATION,GOBP_TRANSLATIONAL_INITIATION]
[GOBP_MODULATION_BY_SYMBIONT_OF_HOST_CELLULAR_PROCESS,GOBP_MODULATION_BY_SYMBIONT_OF_HOST_CELLULAR_PROCESS] was killed by [GOBP_CELLULAR_RESPONSE_TO_CORTICOSTEROID_STIMULUS,GOBP_CELLULAR_RESPONSE_TO_CORTICOSTEROID_STIMULUS]
[GOBP_REGULATION_OF_LEUKOCYTE_APOPTOTIC_PROCESS,GOBP_REGULATION_OF_LEUKOCYTE_APOPTOTIC_PROCESS] was killed by [GOBP_CELLULAR_TRANSITION_METAL_ION_HOMEOSTASIS,GOBP_CELLULAR_TRANSITION_METAL_ION_HOMEOSTASIS]
[GOBP_COTRANSLATIONAL_PROTEIN_TARGETING_TO_MEMBRANE,GOBP_COTRANSLATIONAL_PROTEIN_TARGETING_TO_MEMBRANE] was killed by [GOBP_TRANSLATIONAL_INITIATION,GOBP_TRANSLATIONAL_INITIATION]
[GOBP_CELLULAR_RESPONSE_TO_DRUG,GOBP_CELLULAR_RESPONSE_TO_DRUG] was killed by [GOBP_RESPONSE_TO_IONIZING_RADIATION,GOBP_RESPONSE_TO_IONIZING_RADIATION]
[GOCC_TRANSCRIPTION_REPRESSOR_COMPLEX,GOCC_TRANSCRIPTION_REPRESSOR_COMPLEX] was killed by [GOBP_AORTA_DEVELOPMENT,GOBP_AORTA_DEVELOPMENT]
[GOBP_POSITIVE_REGULATION_OF_ALPHA_BETA_T_CELL_ACTIVATION,GOBP_POSITIVE_REGULATION_OF_ALPHA_BETA_T_CELL_ACTIVATION] was killed by [GOBP_CELLULAR_TRANSITION_METAL_ION_HOMEOSTASIS,GOBP_CELLULAR_TRANSITION_METAL_ION_HOMEOSTASIS]
[GOBP_CELLULAR_RESPONSE_TO_IONIZING_RADIATION,GOBP_CELLULAR_RESPONSE_TO_IONIZING_RADIATION] was killed by [GOBP_RESPONSE_TO_IONIZING_RADIATION,GOBP_RESPONSE_TO_IONIZING_RADIATION]
[GOBP_REGULATION_OF_SUPEROXIDE_METABOLIC_PROCESS,GOBP_REGULATION_OF_SUPEROXIDE_METABOLIC_PROCESS] was killed by [GOBP_POSITIVE_REGULATION_OF_REGULATED_SECRETORY_PATHWAY,GOBP_POSITIVE_REGULATION_OF_REGULATED_SECRETORY_PATHWAY]
[GOBP_POSITIVE_REGULATION_OF_MRNA_CATABOLIC_PROCESS,GOBP_POSITIVE_REGULATION_OF_MRNA_CATABOLIC_PROCESS] was killed by [GOBP_TRANSLATIONAL_INITIATION,GOBP_TRANSLATIONAL_INITIATION]
[GOBP_NEURAL_NUCLEUS_DEVELOPMENT,GOBP_NEURAL_NUCLEUS_DEVELOPMENT] was killed by [GOBP_AORTA_DEVELOPMENT,GOBP_AORTA_DEVELOPMENT]
[GOBP_REGULATION_OF_ALPHA_BETA_T_CELL_ACTIVATION,GOBP_REGULATION_OF_ALPHA_BETA_T_CELL_ACTIVATION] was killed by [GOBP_CELLULAR_TRANSITION_METAL_ION_HOMEOSTASIS,GOBP_CELLULAR_TRANSITION_METAL_ION_HOMEOSTASIS]
[GOBP_MONOSACCHARIDE_BIOSYNTHETIC_PROCESS,GOBP_MONOSACCHARIDE_BIOSYNTHETIC_PROCESS] was killed by [GOBP_MONOCARBOXYLIC_ACID_CATABOLIC_PROCESS,GOBP_MONOCARBOXYLIC_ACID_CATABOLIC_PROCESS]
[GOBP_POSITIVE_REGULATION_OF_REACTIVE_OXYGEN_SPECIES_METABOLIC_PROCESS,GOBP_POSITIVE_REGULATION_OF_REACTIVE_OXYGEN_SPECIES_METABOLIC_PROCESS] was killed by [GOBP_RESPONSE_TO_IONIZING_RADIATION,GOBP_RESPONSE_TO_IONIZING_RADIATION]
[GOMF_SIGNALING_ADAPTOR_ACTIVITY,GOMF_SIGNALING_ADAPTOR_ACTIVITY] was killed by [GOBP_TRANSLATIONAL_INITIATION,GOBP_TRANSLATIONAL_INITIATION]
[GOBP_CELLULAR_MODIFIED_AMINO_ACID_METABOLIC_PROCESS,GOBP_CELLULAR_MODIFIED_AMINO_ACID_METABOLIC_PROCESS] was killed by [GOBP_MONOCARBOXYLIC_ACID_CATABOLIC_PROCESS,GOBP_MONOCARBOXYLIC_ACID_CATABOLIC_PROCESS]
[GOBP_MITOCHONDRIAL_RESPIRATORY_CHAIN_COMPLEX_ASSEMBLY,GOBP_MITOCHONDRIAL_RESPIRATORY_CHAIN_COMPLEX_ASSEMBLY] was killed by [GOCC_OXIDOREDUCTASE_COMPLEX,GOCC_OXIDOREDUCTASE_COMPLEX]
[GOCC_ADHERENS_JUNCTION,GOCC_ADHERENS_JUNCTION] was killed by [GOBP_NEGATIVE_REGULATION_OF_CELL_MATRIX_ADHESION,GOBP_NEGATIVE_REGULATION_OF_CELL_MATRIX_ADHESION]
[GOCC_SPINDLE_MIDZONE,GOCC_SPINDLE_MIDZONE] was killed by [GOBP_NEGATIVE_REGULATION_OF_CELL_MATRIX_ADHESION,GOBP_NEGATIVE_REGULATION_OF_CELL_MATRIX_ADHESION]
[GOBP_NEGATIVE_REGULATION_OF_DNA_BINDING,GOBP_NEGATIVE_REGULATION_OF_DNA_BINDING] was killed by [GOBP_NEGATIVE_REGULATION_OF_CELLULAR_PROTEIN_LOCALIZATION,GOBP_NEGATIVE_REGULATION_OF_CELLULAR_PROTEIN_LOCALIZATION]
[GOBP_CELLULAR_RESPONSE_TO_VIRUS,GOBP_CELLULAR_RESPONSE_TO_VIRUS] was killed by [GOMF_DNA_POLYMERASE_BINDING,GOMF_DNA_POLYMERASE_BINDING]
[GOBP_POSITIVE_REGULATION_OF_MYELOID_CELL_DIFFERENTIATION,GOBP_POSITIVE_REGULATION_OF_MYELOID_CELL_DIFFERENTIATION] was killed by [GOBP_CD4_POSITIVE_ALPHA_BETA_T_CELL_DIFFERENTIATION,GOBP_CD4_POSITIVE_ALPHA_BETA_T_CELL_DIFFERENTIATION]
[GOBP_INTERLEUKIN_1_BETA_PRODUCTION,GOBP_INTERLEUKIN_1_BETA_PRODUCTION] was killed by [GOMF_DNA_POLYMERASE_BINDING,GOMF_DNA_POLYMERASE_BINDING]
[GOBP_INTERLEUKIN_12_PRODUCTION,GOBP_INTERLEUKIN_12_PRODUCTION] was killed by [GOMF_DNA_POLYMERASE_BINDING,GOMF_DNA_POLYMERASE_BINDING]
[GOBP_POSITIVE_REGULATION_OF_MEMBRANE_PERMEABILITY,GOBP_POSITIVE_REGULATION_OF_MEMBRANE_PERMEABILITY] was killed by [GOBP_CELLULAR_RESPONSE_TO_CORTICOSTEROID_STIMULUS,GOBP_CELLULAR_RESPONSE_TO_CORTICOSTEROID_STIMULUS]
[GOBP_ATP_SYNTHESIS_COUPLED_ELECTRON_TRANSPORT,GOBP_ATP_SYNTHESIS_COUPLED_ELECTRON_TRANSPORT] was killed by [GOCC_OXIDOREDUCTASE_COMPLEX,GOCC_OXIDOREDUCTASE_COMPLEX]
[GOCC_9PLUS0_NON_MOTILE_CILIUM,GOCC_9PLUS0_NON_MOTILE_CILIUM] was killed by [GOBP_POSITIVE_REGULATION_OF_REGULATED_SECRETORY_PATHWAY,GOBP_POSITIVE_REGULATION_OF_REGULATED_SECRETORY_PATHWAY]
[GOCC_POLYSOMAL_RIBOSOME,GOCC_POLYSOMAL_RIBOSOME] was killed by [GOBP_TRANSLATIONAL_INITIATION,GOBP_TRANSLATIONAL_INITIATION]
[GOBP_ESTABLISHMENT_OF_MITOTIC_SPINDLE_LOCALIZATION,GOBP_ESTABLISHMENT_OF_MITOTIC_SPINDLE_LOCALIZATION] was killed by [GOBP_NEGATIVE_REGULATION_OF_CELLULAR_PROTEIN_LOCALIZATION,GOBP_NEGATIVE_REGULATION_OF_CELLULAR_PROTEIN_LOCALIZATION]
[GOBP_POSITIVE_REGULATION_OF_PROTEIN_IMPORT,GOBP_POSITIVE_REGULATION_OF_PROTEIN_IMPORT] was killed by [GOBP_RESPONSE_TO_IONIZING_RADIATION,GOBP_RESPONSE_TO_IONIZING_RADIATION]
[GOBP_PROTEIN_LOCALIZATION_TO_CHROMOSOME_CENTROMERIC_REGION,GOBP_PROTEIN_LOCALIZATION_TO_CHROMOSOME_CENTROMERIC_REGION] was killed by [GOBP_NEGATIVE_REGULATION_OF_CELL_MATRIX_ADHESION,GOBP_NEGATIVE_REGULATION_OF_CELL_MATRIX_ADHESION]
[GOMF_MODIFIED_AMINO_ACID_BINDING,GOMF_MODIFIED_AMINO_ACID_BINDING] was killed by [GOMF_DNA_POLYMERASE_BINDING,GOMF_DNA_POLYMERASE_BINDING]
[GOMF_NON_MEMBRANE_SPANNING_PROTEIN_TYROSINE_KINASE_ACTIVITY,GOMF_NON_MEMBRANE_SPANNING_PROTEIN_TYROSINE_KINASE_ACTIVITY] was killed by [GOBP_POSITIVE_REGULATION_OF_REGULATED_SECRETORY_PATHWAY,GOBP_POSITIVE_REGULATION_OF_REGULATED_SECRETORY_PATHWAY]
[GOBP_SOMATIC_DIVERSIFICATION_OF_IMMUNOGLOBULINS,GOBP_SOMATIC_DIVERSIFICATION_OF_IMMUNOGLOBULINS] was killed by [GOBP_RESPONSE_TO_IONIZING_RADIATION,GOBP_RESPONSE_TO_IONIZING_RADIATION]
[GOBP_AXON_EXTENSION,GOBP_AXON_EXTENSION] was killed by [GOBP_NEGATIVE_REGULATION_OF_CELLULAR_PROTEIN_LOCALIZATION,GOBP_NEGATIVE_REGULATION_OF_CELLULAR_PROTEIN_LOCALIZATION]
[GOBP_POSITIVE_REGULATION_OF_JNK_CASCADE,GOBP_POSITIVE_REGULATION_OF_JNK_CASCADE] was killed by [GOMF_DNA_POLYMERASE_BINDING,GOMF_DNA_POLYMERASE_BINDING]
[GOBP_REGULATION_OF_LAMELLIPODIUM_ORGANIZATION,GOBP_REGULATION_OF_LAMELLIPODIUM_ORGANIZATION] was killed by [GOBP_CD4_POSITIVE_ALPHA_BETA_T_CELL_DIFFERENTIATION,GOBP_CD4_POSITIVE_ALPHA_BETA_T_CELL_DIFFERENTIATION]
