[MIR1291,MIR1291] was killed by [MIR4755_3P,MIR4755_3P]
[MIR6768_5P,MIR6768_5P] was killed by [MIR4257,MIR4257]
[MIR4255,MIR4255] was killed by [MIR4762_5P,MIR4762_5P]
[MIR10393_5P,MIR10393_5P] was killed by [MIR767_5P,MIR767_5P]
[MIR6792_5P,MIR6792_5P] was killed by [MIR4762_5P,MIR4762_5P]
[MIR6514_5P,MIR6514_5P] was killed by [MIR767_5P,MIR767_5P]
[MIR320A_5P,MIR320A_5P] was killed by [MIR3679_3P,MIR3679_3P]
[MIR5571_5P,MIR5571_5P] was killed by [MIR4724_5P,MIR4724_5P]
[MIR188_5P,MIR188_5P] was killed by [MIR6866_3P,MIR6866_3P]
[MIR3926,MIR3926] was killed by [MIR4724_5P,MIR4724_5P]
[MIR520F_3P,MIR520F_3P] was killed by [MIR4762_5P,MIR4762_5P]
[MIR1266_3P,MIR1266_3P] was killed by [MIR7975,MIR7975]
[MIR4753_5P,MIR4753_5P] was killed by [MIR4257,MIR4257]
[MIR150_5P,MIR150_5P] was killed by [MIR4762_5P,MIR4762_5P]
[MIR762,MIR762] was killed by [MIR4755_3P,MIR4755_3P]
[MIR6807_3P,MIR6807_3P] was killed by [MIR4724_5P,MIR4724_5P]
[MIR4418,MIR4418] was killed by [MIR4473,MIR4473]
[MIR4633_3P_MIR6500_5P,MIR4633_3P_MIR6500_5P] was killed by [MIR767_5P,MIR767_5P]
[MIR6730_5P,MIR6730_5P] was killed by [MIR4724_5P,MIR4724_5P]
[MIR216B_3P,MIR216B_3P] was killed by [MIR4473,MIR4473]
[MIR6775_3P,MIR6775_3P] was killed by [MIR4755_3P,MIR4755_3P]
[MIR217_5P,MIR217_5P] was killed by [MIR4724_5P,MIR4724_5P]
[MIR4284,MIR4284] was killed by [MIR767_5P,MIR767_5P]
[MIR130B_5P,MIR130B_5P] was killed by [MIR4762_5P,MIR4762_5P]
[MIR22_3P,MIR22_3P] was killed by [MIR767_5P,MIR767_5P]
[MIR3925_5P,MIR3925_5P] was killed by [MIR5585_5P,MIR5585_5P]
[MIR548AT_3P,MIR548AT_3P] was killed by [MIR4724_5P,MIR4724_5P]
[MIR3920,MIR3920] was killed by [MIR4257,MIR4257]
[MIR5001_5P,MIR5001_5P] was killed by [MIR4755_3P,MIR4755_3P]
[MIR218_2_3P,MIR218_2_3P] was killed by [MIR4724_5P,MIR4724_5P]
[MIR548M,MIR548M] was killed by [MIR7975,MIR7975]
[MIR509_5P,MIR509_5P] was killed by [MIR767_5P,MIR767_5P]
[MIR2114_5P,MIR2114_5P] was killed by [MIR4762_5P,MIR4762_5P]
[MIR509_3_5P,MIR509_3_5P] was killed by [MIR767_5P,MIR767_5P]
[MIR548AY_3P,MIR548AY_3P] was killed by [MIR4724_5P,MIR4724_5P]
[MIR4277,MIR4277] was killed by [MIR4724_5P,MIR4724_5P]
[MIR532_5P,MIR532_5P] was killed by [MIR4724_5P,MIR4724_5P]
[MIR432_5P,MIR432_5P] was killed by [MIR6866_3P,MIR6866_3P]
[MIR1267,MIR1267] was killed by [MIR5089_3P,MIR5089_3P]
[MIR383_3P,MIR383_3P] was killed by [MIR6866_3P,MIR6866_3P]
[MIR1_5P,MIR1_5P] was killed by [MIR5089_3P,MIR5089_3P]
[MIR567,MIR567] was killed by [MIR4724_5P,MIR4724_5P]
[MIR6856_3P,MIR6856_3P] was killed by [MIR4257,MIR4257]
[MIR506_5P,MIR506_5P] was killed by [MIR4762_5P,MIR4762_5P]
[MIR1295B_3P,MIR1295B_3P] was killed by [MIR4755_3P,MIR4755_3P]
[MIR552_5P,MIR552_5P] was killed by [MIR4762_5P,MIR4762_5P]
[MIR4478,MIR4478] was killed by [MIR4257,MIR4257]
