[GNF2_APEX1,GNF2_APEX1] was killed by [GOCC_SPLICEOSOMAL_COMPLEX,GOCC_SPLICEOSOMAL_COMPLEX]
[GOBP_REGULATION_OF_MRNA_PROCESSING,GOBP_REGULATION_OF_MRNA_PROCESSING] was killed by [GOCC_SPLICEOSOMAL_COMPLEX,GOCC_SPLICEOSOMAL_COMPLEX]
[MODULE_183,MODULE_183] was killed by [GOCC_SPLICEOSOMAL_COMPLEX,GOCC_SPLICEOSOMAL_COMPLEX]
[GNF2_HDAC1,GNF2_HDAC1] was killed by [GOCC_SPLICEOSOMAL_COMPLEX,GOCC_SPLICEOSOMAL_COMPLEX]
[MIR548U,MIR548U] was killed by [MIR7161_5P,MIR7161_5P]
[BUSSLINGER_ESOPHAGEAL_EARLY_SUPRABASAL_CELLS,BUSSLINGER_ESOPHAGEAL_EARLY_SUPRABASAL_CELLS] was killed by [GOCC_SPLICEOSOMAL_COMPLEX,GOCC_SPLICEOSOMAL_COMPLEX]
[GNF2_DAP3,GNF2_DAP3] was killed by [GOCC_SPLICEOSOMAL_COMPLEX,GOCC_SPLICEOSOMAL_COMPLEX]
[GSE22886_IGM_MEMORY_BCELL_VS_BLOOD_PLASMA_CELL_UP,GSE22886_IGM_MEMORY_BCELL_VS_BLOOD_PLASMA_CELL_UP] was killed by [MORF_ACTG1,MORF_ACTG1]
[MORF_PPP2CA,MORF_PPP2CA] was killed by [GOCC_SPLICEOSOMAL_COMPLEX,GOCC_SPLICEOSOMAL_COMPLEX]
[HP_SYNOSTOSIS_INVOLVING_BONES_OF_THE_UPPER_LIMBS,HP_SYNOSTOSIS_INVOLVING_BONES_OF_THE_UPPER_LIMBS] was killed by [MIR140_3P,MIR140_3P]
[WP_EBOLA_VIRUS_PATHWAY_ON_HOST,WP_EBOLA_VIRUS_PATHWAY_ON_HOST] was killed by [HALLMARK_UV_RESPONSE_DN,HALLMARK_UV_RESPONSE_DN]
[GOCC_U2_TYPE_SPLICEOSOMAL_COMPLEX,GOCC_U2_TYPE_SPLICEOSOMAL_COMPLEX] was killed by [GOCC_SPLICEOSOMAL_COMPLEX,GOCC_SPLICEOSOMAL_COMPLEX]
[ZHONG_SECRETOME_OF_LUNG_CANCER_AND_FIBROBLAST,ZHONG_SECRETOME_OF_LUNG_CANCER_AND_FIBROBLAST] was killed by [ZAMORA_NOS2_TARGETS_DN,ZAMORA_NOS2_TARGETS_DN]
[GOCC_GOLGI_CISTERNA_MEMBRANE,GOCC_GOLGI_CISTERNA_MEMBRANE] was killed by [GOCC_GOLGI_CISTERNA,GOCC_GOLGI_CISTERNA]
[GSE24634_TREG_VS_TCONV_POST_DAY3_IL4_CONVERSION_DN,GSE24634_TREG_VS_TCONV_POST_DAY3_IL4_CONVERSION_DN] was killed by [AIZARANI_LIVER_C2_KUPFFER_CELLS_1,AIZARANI_LIVER_C2_KUPFFER_CELLS_1]
[GCM_TPT1,GCM_TPT1] was killed by [MORF_ACTG1,MORF_ACTG1]
[GCM_BNIP1,GCM_BNIP1] was killed by [GSE18281_SUBCAPSULAR_CORTICAL_REGION_VS_WHOLE_MEDULLA_THYMUS_UP,GSE18281_SUBCAPSULAR_CORTICAL_REGION_VS_WHOLE_MEDULLA_THYMUS_UP]
[ONDER_CDH1_TARGETS_1_DN,ONDER_CDH1_TARGETS_1_DN] was killed by [MIR7161_5P,MIR7161_5P]
[GOBP_MRNA_3_END_PROCESSING,GOBP_MRNA_3_END_PROCESSING] was killed by [GOCC_SPLICEOSOMAL_COMPLEX,GOCC_SPLICEOSOMAL_COMPLEX]
[GOBP_STEROL_METABOLIC_PROCESS,GOBP_STEROL_METABOLIC_PROCESS] was killed by [GOBP_STEROL_BIOSYNTHETIC_PROCESS,GOBP_STEROL_BIOSYNTHETIC_PROCESS]
[GSE7460_TCONV_VS_TREG_THYMUS_DN,GSE7460_TCONV_VS_TREG_THYMUS_DN] was killed by [UDAYAKUMAR_MED1_TARGETS_UP,UDAYAKUMAR_MED1_TARGETS_UP]
[GSE21774_CD62L_POS_CD56_BRIGHT_VS_CD62L_NEG_CD56_DIM_NK_CELL_DN,GSE21774_CD62L_POS_CD56_BRIGHT_VS_CD62L_NEG_CD56_DIM_NK_CELL_DN] was killed by [ATACTGT_MIR144,ATACTGT_MIR144]
[TAKAO_RESPONSE_TO_UVB_RADIATION_DN,TAKAO_RESPONSE_TO_UVB_RADIATION_DN] was killed by [GOBP_STEROL_BIOSYNTHETIC_PROCESS,GOBP_STEROL_BIOSYNTHETIC_PROCESS]
[REACTOME_MRNA_SPLICING,REACTOME_MRNA_SPLICING] was killed by [GOCC_SPLICEOSOMAL_COMPLEX,GOCC_SPLICEOSOMAL_COMPLEX]
[MIR202_5P,MIR202_5P] was killed by [GOBP_REGULATION_OF_NEURON_DIFFERENTIATION,GOBP_REGULATION_OF_NEURON_DIFFERENTIATION]
[GOCC_CATALYTIC_STEP_2_SPLICEOSOME,GOCC_CATALYTIC_STEP_2_SPLICEOSOME] was killed by [GOCC_SPLICEOSOMAL_COMPLEX,GOCC_SPLICEOSOMAL_COMPLEX]
[HP_TRIANGULAR_SHAPED_PHALANGES_OF_THE_HAND,HP_TRIANGULAR_SHAPED_PHALANGES_OF_THE_HAND] was killed by [MORF_ACTG1,MORF_ACTG1]
[GSE45837_WT_VS_GFI1_KO_PDC_DN,GSE45837_WT_VS_GFI1_KO_PDC_DN] was killed by [MORF_ACTG1,MORF_ACTG1]
[GOBP_REGULATION_OF_MRNA_SPLICING_VIA_SPLICEOSOME,GOBP_REGULATION_OF_MRNA_SPLICING_VIA_SPLICEOSOME] was killed by [GOCC_SPLICEOSOMAL_COMPLEX,GOCC_SPLICEOSOMAL_COMPLEX]
[BUFFA_HYPOXIA_METAGENE,BUFFA_HYPOXIA_METAGENE] was killed by [GSE24726_WT_VS_E2_22_KO_PDC_DAY4_POST_DELETION_DN,GSE24726_WT_VS_E2_22_KO_PDC_DAY4_POST_DELETION_DN]
[GOBP_DICARBOXYLIC_ACID_METABOLIC_PROCESS,GOBP_DICARBOXYLIC_ACID_METABOLIC_PROCESS] was killed by [HALLMARK_FATTY_ACID_METABOLISM,HALLMARK_FATTY_ACID_METABOLISM]
[GSE7568_IL4_VS_IL4_AND_DEXAMETHASONE_TREATED_MACROPHAGE_UP,GSE7568_IL4_VS_IL4_AND_DEXAMETHASONE_TREATED_MACROPHAGE_UP] was killed by [MORF_ACTG1,MORF_ACTG1]
[GNF2_FBL,GNF2_FBL] was killed by [GOCC_SPLICEOSOMAL_COMPLEX,GOCC_SPLICEOSOMAL_COMPLEX]
[GOMF_UDP_GLYCOSYLTRANSFERASE_ACTIVITY,GOMF_UDP_GLYCOSYLTRANSFERASE_ACTIVITY] was killed by [HP_RADIOULNAR_SYNOSTOSIS,HP_RADIOULNAR_SYNOSTOSIS]
[BILANGES_SERUM_AND_RAPAMYCIN_SENSITIVE_GENES,BILANGES_SERUM_AND_RAPAMYCIN_SENSITIVE_GENES] was killed by [MORF_ACTG1,MORF_ACTG1]
[GOMF_RNA_HELICASE_ACTIVITY,GOMF_RNA_HELICASE_ACTIVITY] was killed by [GOCC_SPLICEOSOMAL_COMPLEX,GOCC_SPLICEOSOMAL_COMPLEX]
[GSE6566_STRONG_VS_WEAK_DC_STIMULATED_CD4_TCELL_UP,GSE6566_STRONG_VS_WEAK_DC_STIMULATED_CD4_TCELL_UP] was killed by [GSE24726_WT_VS_E2_22_KO_PDC_DAY4_POST_DELETION_DN,GSE24726_WT_VS_E2_22_KO_PDC_DAY4_POST_DELETION_DN]
[GOCC_SITE_OF_POLARIZED_GROWTH,GOCC_SITE_OF_POLARIZED_GROWTH] was killed by [MEL18_DN.V1_UP,MEL18_DN.V1_UP]
[GNF2_NPM1,GNF2_NPM1] was killed by [GOCC_SPLICEOSOMAL_COMPLEX,GOCC_SPLICEOSOMAL_COMPLEX]
[GSE43863_LY6C_INT_CXCR5POS_VS_LY6C_LOW_CXCR5NEG_EFFECTOR_CD4_TCELL_DN,GSE43863_LY6C_INT_CXCR5POS_VS_LY6C_LOW_CXCR5NEG_EFFECTOR_CD4_TCELL_DN] was killed by [GSE24726_WT_VS_E2_22_KO_PDC_DAY4_POST_DELETION_DN,GSE24726_WT_VS_E2_22_KO_PDC_DAY4_POST_DELETION_DN]
[GOBP_REGULATION_OF_PROTEIN_CONTAINING_COMPLEX_DISASSEMBLY,GOBP_REGULATION_OF_PROTEIN_CONTAINING_COMPLEX_DISASSEMBLY] was killed by [ATACTGT_MIR144,ATACTGT_MIR144]
[GOBP_TERMINATION_OF_RNA_POLYMERASE_II_TRANSCRIPTION,GOBP_TERMINATION_OF_RNA_POLYMERASE_II_TRANSCRIPTION] was killed by [GOBP_RNA_POLYADENYLATION,GOBP_RNA_POLYADENYLATION]
[GACTGTT_MIR212_MIR132,GACTGTT_MIR212_MIR132] was killed by [ATACTGT_MIR144,ATACTGT_MIR144]
[GSE41978_WT_VS_ID2_KO_KLRG1_LOW_EFFECTOR_CD8_TCELL_DN,GSE41978_WT_VS_ID2_KO_KLRG1_LOW_EFFECTOR_CD8_TCELL_DN] was killed by [GSE360_L_DONOVANI_VS_B_MALAYI_LOW_DOSE_DC_UP,GSE360_L_DONOVANI_VS_B_MALAYI_LOW_DOSE_DC_UP]
[GOBP_REGULATION_OF_CHOLESTEROL_METABOLIC_PROCESS,GOBP_REGULATION_OF_CHOLESTEROL_METABOLIC_PROCESS] was killed by [GOBP_STEROL_BIOSYNTHETIC_PROCESS,GOBP_STEROL_BIOSYNTHETIC_PROCESS]
[GSE10325_BCELL_VS_LUPUS_BCELL_DN,GSE10325_BCELL_VS_LUPUS_BCELL_DN] was killed by [UDAYAKUMAR_MED1_TARGETS_UP,UDAYAKUMAR_MED1_TARGETS_UP]
[GOBP_REGULATION_OF_STEROID_BIOSYNTHETIC_PROCESS,GOBP_REGULATION_OF_STEROID_BIOSYNTHETIC_PROCESS] was killed by [GOBP_STEROL_BIOSYNTHETIC_PROCESS,GOBP_STEROL_BIOSYNTHETIC_PROCESS]
[HP_ROUND_FACE,HP_ROUND_FACE] was killed by [HP_RADIOULNAR_SYNOSTOSIS,HP_RADIOULNAR_SYNOSTOSIS]
[HP_JOINT_STIFFNESS,HP_JOINT_STIFFNESS] was killed by [HP_RADIOULNAR_SYNOSTOSIS,HP_RADIOULNAR_SYNOSTOSIS]
[GCM_NPM1,GCM_NPM1] was killed by [MORF_ACTG1,MORF_ACTG1]
[GSE17974_2.5H_VS_72H_IL4_AND_ANTI_IL12_ACT_CD4_TCELL_UP,GSE17974_2.5H_VS_72H_IL4_AND_ANTI_IL12_ACT_CD4_TCELL_UP] was killed by [AIZARANI_LIVER_C2_KUPFFER_CELLS_1,AIZARANI_LIVER_C2_KUPFFER_CELLS_1]
[GOBP_RNA_3_END_PROCESSING,GOBP_RNA_3_END_PROCESSING] was killed by [GOCC_SPLICEOSOMAL_COMPLEX,GOCC_SPLICEOSOMAL_COMPLEX]
[GSE39556_UNTREATED_VS_3H_POLYIC_INJ_MOUSE_NK_CELL_DN,GSE39556_UNTREATED_VS_3H_POLYIC_INJ_MOUSE_NK_CELL_DN] was killed by [GSE24814_STAT5_KO_VS_WT_PRE_BCELL_UP,GSE24814_STAT5_KO_VS_WT_PRE_BCELL_UP]
[MIR3129_5P,MIR3129_5P] was killed by [GSE3039_CD4_TCELL_VS_B2_BCELL_UP,GSE3039_CD4_TCELL_VS_B2_BCELL_UP]
[MIR199A_3P_MIR199B_3P,MIR199A_3P_MIR199B_3P] was killed by [GSE3039_CD4_TCELL_VS_B2_BCELL_UP,GSE3039_CD4_TCELL_VS_B2_BCELL_UP]
[GSE19941_UNSTIM_VS_LPS_AND_IL10_STIM_IL10_KO_MACROPHAGE_UP,GSE19941_UNSTIM_VS_LPS_AND_IL10_STIM_IL10_KO_MACROPHAGE_UP] was killed by [GSE37532_VISCERAL_ADIPOSE_TISSUE_VS_LN_DERIVED_PPARG_KO_TREG_CD4_TCELL_UP,GSE37532_VISCERAL_ADIPOSE_TISSUE_VS_LN_DERIVED_PPARG_KO_TREG_CD4_TCELL_UP]
[MIR6738_3P,MIR6738_3P] was killed by [ATACTGT_MIR144,ATACTGT_MIR144]
[GOBP_NEGATIVE_REGULATION_OF_CYTOSKELETON_ORGANIZATION,GOBP_NEGATIVE_REGULATION_OF_CYTOSKELETON_ORGANIZATION] was killed by [ATACTGT_MIR144,ATACTGT_MIR144]
[GSE2405_HEAT_KILLED_LYSATE_VS_LIVE_A_PHAGOCYTOPHILUM_STIM_NEUTROPHIL_24H_UP,GSE2405_HEAT_KILLED_LYSATE_VS_LIVE_A_PHAGOCYTOPHILUM_STIM_NEUTROPHIL_24H_UP] was killed by [AIZARANI_LIVER_C2_KUPFFER_CELLS_1,AIZARANI_LIVER_C2_KUPFFER_CELLS_1]
[MODULE_334,MODULE_334] was killed by [GSE41867_NAIVE_VS_DAY30_LCMV_CLONE13_EXHAUSTED_CD8_TCELL_DN,GSE41867_NAIVE_VS_DAY30_LCMV_CLONE13_EXHAUSTED_CD8_TCELL_DN]
[GNF2_TDG,GNF2_TDG] was killed by [GOCC_SPLICEOSOMAL_COMPLEX,GOCC_SPLICEOSOMAL_COMPLEX]
[GOMF_TRANSFERASE_ACTIVITY_TRANSFERRING_HEXOSYL_GROUPS,GOMF_TRANSFERASE_ACTIVITY_TRANSFERRING_HEXOSYL_GROUPS] was killed by [GSE41867_NAIVE_VS_DAY30_LCMV_CLONE13_EXHAUSTED_CD8_TCELL_DN,GSE41867_NAIVE_VS_DAY30_LCMV_CLONE13_EXHAUSTED_CD8_TCELL_DN]
[GSE36392_TYPE_2_MYELOID_VS_EOSINOPHIL_IL25_TREATED_LUNG_UP,GSE36392_TYPE_2_MYELOID_VS_EOSINOPHIL_IL25_TREATED_LUNG_UP] was killed by [MORF_ACTG1,MORF_ACTG1]
[HP_ABNORMALLY_LOW_PITCHED_VOICE,HP_ABNORMALLY_LOW_PITCHED_VOICE] was killed by [HP_RADIOULNAR_SYNOSTOSIS,HP_RADIOULNAR_SYNOSTOSIS]
[ZHENG_FOXP3_TARGETS_IN_THYMUS_UP,ZHENG_FOXP3_TARGETS_IN_THYMUS_UP] was killed by [HALLMARK_UV_RESPONSE_DN,HALLMARK_UV_RESPONSE_DN]
[WP_AGERAGE_PATHWAY,WP_AGERAGE_PATHWAY] was killed by [HALLMARK_UV_RESPONSE_DN,HALLMARK_UV_RESPONSE_DN]
[REACTOME_SARS_COV_1_INFECTION,REACTOME_SARS_COV_1_INFECTION] was killed by [GOCC_GOLGI_CISTERNA,GOCC_GOLGI_CISTERNA]
[BHATTACHARYA_EMBRYONIC_STEM_CELL,BHATTACHARYA_EMBRYONIC_STEM_CELL] was killed by [MORF_ACTG1,MORF_ACTG1]
[LAKE_ADULT_KIDNEY_C11_THIN_ASCENDING_LIMB,LAKE_ADULT_KIDNEY_C11_THIN_ASCENDING_LIMB] was killed by [HUTTMANN_B_CLL_POOR_SURVIVAL_DN,HUTTMANN_B_CLL_POOR_SURVIVAL_DN]
[GSE26488_WT_VS_VP16_TRANSGENIC_HDAC7_KO_DOUBLE_POSITIVE_THYMOCYTE_DN,GSE26488_WT_VS_VP16_TRANSGENIC_HDAC7_KO_DOUBLE_POSITIVE_THYMOCYTE_DN] was killed by [MORF_ACTG1,MORF_ACTG1]
[GOBP_EMBRYONIC_APPENDAGE_MORPHOGENESIS,GOBP_EMBRYONIC_APPENDAGE_MORPHOGENESIS] was killed by [GOBP_REGULATION_OF_SMOOTHENED_SIGNALING_PATHWAY,GOBP_REGULATION_OF_SMOOTHENED_SIGNALING_PATHWAY]
[GOBP_DNA_TEMPLATED_TRANSCRIPTION_TERMINATION,GOBP_DNA_TEMPLATED_TRANSCRIPTION_TERMINATION] was killed by [GOBP_RNA_POLYADENYLATION,GOBP_RNA_POLYADENYLATION]
[REACTOME_NONSENSE_MEDIATED_DECAY_NMD,REACTOME_NONSENSE_MEDIATED_DECAY_NMD] was killed by [MORF_ACTG1,MORF_ACTG1]
[GSE32986_CURDLAN_LOWDOSE_VS_CURDLAN_HIGHDOSE_STIM_DC_DN,GSE32986_CURDLAN_LOWDOSE_VS_CURDLAN_HIGHDOSE_STIM_DC_DN] was killed by [UDAYAKUMAR_MED1_TARGETS_UP,UDAYAKUMAR_MED1_TARGETS_UP]
[GSE13547_WT_VS_ZFX_KO_BCELL_DN,GSE13547_WT_VS_ZFX_KO_BCELL_DN] was killed by [GSE39110_UNTREATED_VS_IL2_TREATED_CD8_TCELL_DAY3_POST_IMMUNIZATION_DN,GSE39110_UNTREATED_VS_IL2_TREATED_CD8_TCELL_DAY3_POST_IMMUNIZATION_DN]
[GSE2405_HEAT_KILLED_LYSATE_VS_LIVE_A_PHAGOCYTOPHILUM_STIM_NEUTROPHIL_9H_UP,GSE2405_HEAT_KILLED_LYSATE_VS_LIVE_A_PHAGOCYTOPHILUM_STIM_NEUTROPHIL_9H_UP] was killed by [GSE39110_UNTREATED_VS_IL2_TREATED_CD8_TCELL_DAY3_POST_IMMUNIZATION_DN,GSE39110_UNTREATED_VS_IL2_TREATED_CD8_TCELL_DAY3_POST_IMMUNIZATION_DN]
[GOCC_MICROBODY_MEMBRANE,GOCC_MICROBODY_MEMBRANE] was killed by [HALLMARK_FATTY_ACID_METABOLISM,HALLMARK_FATTY_ACID_METABOLISM]
[REACTOME_GLYCEROPHOSPHOLIPID_BIOSYNTHESIS,REACTOME_GLYCEROPHOSPHOLIPID_BIOSYNTHESIS] was killed by [GSE17721_CTRL_VS_LPS_2H_BMDC_UP,GSE17721_CTRL_VS_LPS_2H_BMDC_UP]
[GSE17721_0.5H_VS_8H_CPG_BMDC_UP,GSE17721_0.5H_VS_8H_CPG_BMDC_UP] was killed by [MORF_ACTG1,MORF_ACTG1]
[THEILGAARD_NEUTROPHIL_AT_SKIN_WOUND_UP,THEILGAARD_NEUTROPHIL_AT_SKIN_WOUND_UP] was killed by [ZAMORA_NOS2_TARGETS_DN,ZAMORA_NOS2_TARGETS_DN]
[HP_ABNORMALITY_OF_THE_5TH_TOE,HP_ABNORMALITY_OF_THE_5TH_TOE] was killed by [GSE22886_NAIVE_CD8_TCELL_VS_MEMORY_TCELL_UP,GSE22886_NAIVE_CD8_TCELL_VS_MEMORY_TCELL_UP]
[RAGHAVACHARI_PLATELET_SPECIFIC_GENES,RAGHAVACHARI_PLATELET_SPECIFIC_GENES] was killed by [GSE9650_NAIVE_VS_EXHAUSTED_CD8_TCELL_UP,GSE9650_NAIVE_VS_EXHAUSTED_CD8_TCELL_UP]
[GSE19923_HEB_KO_VS_HEB_AND_E2A_KO_DP_THYMOCYTE_DN,GSE19923_HEB_KO_VS_HEB_AND_E2A_KO_DP_THYMOCYTE_DN] was killed by [ATACTGT_MIR144,ATACTGT_MIR144]
[MIR4727_5P,MIR4727_5P] was killed by [chr16q22,chr16q22]
[HOXA9_DN.V1_UP,HOXA9_DN.V1_UP] was killed by [ATACTGT_MIR144,ATACTGT_MIR144]
[SESTO_RESPONSE_TO_UV_C8,SESTO_RESPONSE_TO_UV_C8] was killed by [GOBP_STEROL_BIOSYNTHETIC_PROCESS,GOBP_STEROL_BIOSYNTHETIC_PROCESS]
[REACTOME_RNA_POLYMERASE_II_TRANSCRIPTION_TERMINATION,REACTOME_RNA_POLYMERASE_II_TRANSCRIPTION_TERMINATION] was killed by [GOCC_SPLICEOSOMAL_COMPLEX,GOCC_SPLICEOSOMAL_COMPLEX]
[HOELZEL_NF1_TARGETS_DN,HOELZEL_NF1_TARGETS_DN] was killed by [GSE360_L_DONOVANI_VS_B_MALAYI_LOW_DOSE_DC_UP,GSE360_L_DONOVANI_VS_B_MALAYI_LOW_DOSE_DC_UP]
[MORF_G22P1,MORF_G22P1] was killed by [GOCC_SPLICEOSOMAL_COMPLEX,GOCC_SPLICEOSOMAL_COMPLEX]
[GOBP_EPITHELIAL_TO_MESENCHYMAL_TRANSITION,GOBP_EPITHELIAL_TO_MESENCHYMAL_TRANSITION] was killed by [GSE41867_NAIVE_VS_DAY30_LCMV_CLONE13_EXHAUSTED_CD8_TCELL_DN,GSE41867_NAIVE_VS_DAY30_LCMV_CLONE13_EXHAUSTED_CD8_TCELL_DN]
[MORF_SART1,MORF_SART1] was killed by [GOCC_SPLICEOSOMAL_COMPLEX,GOCC_SPLICEOSOMAL_COMPLEX]
[KEGG_VEGF_SIGNALING_PATHWAY,KEGG_VEGF_SIGNALING_PATHWAY] was killed by [HALLMARK_UV_RESPONSE_DN,HALLMARK_UV_RESPONSE_DN]
[BMI1_DN.V1_UP,BMI1_DN.V1_UP] was killed by [MEL18_DN.V1_UP,MEL18_DN.V1_UP]
[GSE13738_TCR_VS_BYSTANDER_ACTIVATED_CD4_TCELL_UP,GSE13738_TCR_VS_BYSTANDER_ACTIVATED_CD4_TCELL_UP] was killed by [HALLMARK_FATTY_ACID_METABOLISM,HALLMARK_FATTY_ACID_METABOLISM]
[GOBP_EMBRYONIC_HEART_TUBE_DEVELOPMENT,GOBP_EMBRYONIC_HEART_TUBE_DEVELOPMENT] was killed by [GOBP_REGULATION_OF_NEURON_DIFFERENTIATION,GOBP_REGULATION_OF_NEURON_DIFFERENTIATION]
[GSE43955_1H_VS_60H_ACT_CD4_TCELL_DN,GSE43955_1H_VS_60H_ACT_CD4_TCELL_DN] was killed by [GSE37532_VISCERAL_ADIPOSE_TISSUE_VS_LN_DERIVED_PPARG_KO_TREG_CD4_TCELL_UP,GSE37532_VISCERAL_ADIPOSE_TISSUE_VS_LN_DERIVED_PPARG_KO_TREG_CD4_TCELL_UP]
[GSE25146_UNSTIM_VS_HELIOBACTER_PYLORI_LPS_STIM_AGS_CELL_DN,GSE25146_UNSTIM_VS_HELIOBACTER_PYLORI_LPS_STIM_AGS_CELL_DN] was killed by [GSE369_IFNG_KO_VS_WT_LIVER_UP,GSE369_IFNG_KO_VS_WT_LIVER_UP]
[HP_OBSESSIVE_COMPULSIVE_BEHAVIOR,HP_OBSESSIVE_COMPULSIVE_BEHAVIOR] was killed by [HP_RADIOULNAR_SYNOSTOSIS,HP_RADIOULNAR_SYNOSTOSIS]
[GOBP_AMYLOID_BETA_CLEARANCE,GOBP_AMYLOID_BETA_CLEARANCE] was killed by [HALLMARK_UV_RESPONSE_DN,HALLMARK_UV_RESPONSE_DN]
[MIR618,MIR618] was killed by [HUTTMANN_B_CLL_POOR_SURVIVAL_DN,HUTTMANN_B_CLL_POOR_SURVIVAL_DN]
[GSE5589_WT_VS_IL10_KO_LPS_AND_IL10_STIM_MACROPHAGE_45MIN_UP,GSE5589_WT_VS_IL10_KO_LPS_AND_IL10_STIM_MACROPHAGE_45MIN_UP] was killed by [GSE11924_TH1_VS_TH2_CD4_TCELL_UP,GSE11924_TH1_VS_TH2_CD4_TCELL_UP]
[RUBENSTEIN_SKELETAL_MUSCLE_B_CELLS,RUBENSTEIN_SKELETAL_MUSCLE_B_CELLS] was killed by [MORF_ACTG1,MORF_ACTG1]
[GOMF_NUCLEAR_RECEPTOR_BINDING,GOMF_NUCLEAR_RECEPTOR_BINDING] was killed by [ZNF584_TARGET_GENES,ZNF584_TARGET_GENES]
[BILANGES_SERUM_RESPONSE_TRANSLATION,BILANGES_SERUM_RESPONSE_TRANSLATION] was killed by [MORF_ACTG1,MORF_ACTG1]
[MORF_RAD21,MORF_RAD21] was killed by [GOCC_SPLICEOSOMAL_COMPLEX,GOCC_SPLICEOSOMAL_COMPLEX]
[REACTOME_P75_NTR_RECEPTOR_MEDIATED_SIGNALLING,REACTOME_P75_NTR_RECEPTOR_MEDIATED_SIGNALLING] was killed by [GOBP_REGULATION_OF_NEURON_DIFFERENTIATION,GOBP_REGULATION_OF_NEURON_DIFFERENTIATION]
[GSE23114_WT_VS_SLE2C1_MOUSE_SPLEEN_B1A_BCELL_DN,GSE23114_WT_VS_SLE2C1_MOUSE_SPLEEN_B1A_BCELL_DN] was killed by [MEL18_DN.V1_UP,MEL18_DN.V1_UP]
[MIR6794_3P,MIR6794_3P] was killed by [GOBP_RNA_POLYADENYLATION,GOBP_RNA_POLYADENYLATION]
[GSE36888_UNTREATED_VS_IL2_TREATED_TCELL_6H_UP,GSE36888_UNTREATED_VS_IL2_TREATED_TCELL_6H_UP] was killed by [AIZARANI_LIVER_C2_KUPFFER_CELLS_1,AIZARANI_LIVER_C2_KUPFFER_CELLS_1]
[GAGACTG_MIR452,GAGACTG_MIR452] was killed by [GOBP_REGULATION_OF_NEURON_DIFFERENTIATION,GOBP_REGULATION_OF_NEURON_DIFFERENTIATION]
[GSE7768_OVA_ALONE_VS_OVA_WITH_MPL_IMMUNIZED_MOUSE_WHOLE_SPLEEN_6H_DN,GSE7768_OVA_ALONE_VS_OVA_WITH_MPL_IMMUNIZED_MOUSE_WHOLE_SPLEEN_6H_DN] was killed by [GSE41867_NAIVE_VS_DAY30_LCMV_CLONE13_EXHAUSTED_CD8_TCELL_DN,GSE41867_NAIVE_VS_DAY30_LCMV_CLONE13_EXHAUSTED_CD8_TCELL_DN]
[GSE360_HIGH_VS_LOW_DOSE_B_MALAYI_DC_UP,GSE360_HIGH_VS_LOW_DOSE_B_MALAYI_DC_UP] was killed by [GSE360_L_DONOVANI_VS_B_MALAYI_LOW_DOSE_DC_UP,GSE360_L_DONOVANI_VS_B_MALAYI_LOW_DOSE_DC_UP]
[GTGACTT_MIR224,GTGACTT_MIR224] was killed by [ATACTGT_MIR144,ATACTGT_MIR144]
[SCHUHMACHER_MYC_TARGETS_UP,SCHUHMACHER_MYC_TARGETS_UP] was killed by [GSE360_LOW_DOSE_B_MALAYI_VS_M_TUBERCULOSIS_MAC_DN,GSE360_LOW_DOSE_B_MALAYI_VS_M_TUBERCULOSIS_MAC_DN]
[GSE9650_GP33_VS_GP276_LCMV_SPECIFIC_EXHAUSTED_CD8_TCELL_DN,GSE9650_GP33_VS_GP276_LCMV_SPECIFIC_EXHAUSTED_CD8_TCELL_DN] was killed by [GSE9650_NAIVE_VS_EXHAUSTED_CD8_TCELL_UP,GSE9650_NAIVE_VS_EXHAUSTED_CD8_TCELL_UP]
[GSE37532_TREG_VS_TCONV_CD4_TCELL_FROM_LN_DN,GSE37532_TREG_VS_TCONV_CD4_TCELL_FROM_LN_DN] was killed by [GSE360_LOW_DOSE_B_MALAYI_VS_M_TUBERCULOSIS_MAC_DN,GSE360_LOW_DOSE_B_MALAYI_VS_M_TUBERCULOSIS_MAC_DN]
[GSE21360_SECONDARY_VS_QUATERNARY_MEMORY_CD8_TCELL_DN,GSE21360_SECONDARY_VS_QUATERNARY_MEMORY_CD8_TCELL_DN] was killed by [BOSCO_ALLERGEN_INDUCED_TH2_ASSOCIATED_MODULE,BOSCO_ALLERGEN_INDUCED_TH2_ASSOCIATED_MODULE]
