The TEISERDIR environment variable is /flash/bin/TEISERv1.1/
Wed May 19 19:32:39 UTC 2021
Remove duplicates, create ../RNA-seq/hl60-stbl/120h_delta_stbl.txt_GENESET/120h_delta_stbl.txt
Quantizing the input file.
step 2: seed optimization.
Expfile loaded: 2775 values...
Adding small values...
Quantizing the input vector...Done
Number of clusters: 7
calculating the p-value matrix.
Allocating memory ... Done
doing stats: mi = 0.001077
pass = 0.659200
z = -0.551450
freq 0: 0.143939	57	396	416	2775
freq 1: 0.131313	52	396	416	2775
freq 2: 0.166667	66	396	416	2775
freq 3: 0.174242	69	396	416	2775
freq 4: 0.146465	58	396	416	2775
freq 5: 0.143939	57	396	416	2775
freq 6: 0.142857	57	399	416	2775
step 7: drawing matrix.
Option suffix requires an argument
Reading MI data ... Done.
Start drawing
0.54	-0.54
0
Outputing EPS file ../RNA-seq/hl60-stbl/120h_delta_stbl.txt_GENESET/120h_delta_stbl.txt.summary.eps
Convert to PDF ../RNA-seq/hl60-stbl/120h_delta_stbl.txt_GENESET/120h_delta_stbl.txt.summary.pdf
ps2pdf -dEPSCrop -dAutoRotatePages=/None ../RNA-seq/hl60-stbl/120h_delta_stbl.txt_GENESET/120h_delta_stbl.txt.summary.eps ../RNA-seq/hl60-stbl/120h_delta_stbl.txt_GENESET/120h_delta_stbl.txt.summary.pdf
Finished.
Reading MI data ... Done.
Start drawing
0.54	-0.54
0
Outputing EPS file mtyl_enrichment/hyper_mtyl_120h_delta_stbl_GENESET/120h_delta_stbl.txt.summary.eps
Convert to PDF mtyl_enrichment/hyper_mtyl_120h_delta_stbl_GENESET/120h_delta_stbl.txt.summary.pdf
ps2pdf -dEPSCrop -dAutoRotatePages=/None mtyl_enrichment/hyper_mtyl_120h_delta_stbl_GENESET/120h_delta_stbl.txt.summary.eps mtyl_enrichment/hyper_mtyl_120h_delta_stbl_GENESET/120h_delta_stbl.txt.summary.pdf
Finished.
