The TEISERDIR environment variable is /flash/bin/TEISERv1.1/
WARNING: your file might not contain a header line (0.0934854981539533).
Fri Oct  1 22:36:45 UTC 2021
Remove duplicates, create ../RNA-seq/hl60-stbl/6h_delta_stbl.txt_GENESET/6h_delta_stbl.txt
Quantizing the input file.
step 2: seed optimization.
Expfile loaded: 2775 values...
Adding small values...
Quantizing the input vector...Done
Number of clusters: 7
calculating the p-value matrix.
Allocating memory ... Done
doing stats: mi = 0.000473
pass = 0.937200
z = -1.207750
freq 0: 0.166667	66	396	416	2775
freq 1: 0.138889	55	396	416	2775
freq 2: 0.146465	58	396	416	2775
freq 3: 0.148990	59	396	416	2775
freq 4: 0.156566	62	396	416	2775
freq 5: 0.138889	55	396	416	2775
freq 6: 0.152882	61	399	416	2775
step 7: drawing matrix.
Option suffix requires an argument
Reading MI data ... Done.
Start drawing
0.26	-0.32
0
Outputing EPS file ../RNA-seq/hl60-stbl/6h_delta_stbl.txt_GENESET/6h_delta_stbl.txt.summary.eps
Convert to PDF ../RNA-seq/hl60-stbl/6h_delta_stbl.txt_GENESET/6h_delta_stbl.txt.summary.pdf
ps2pdf -dEPSCrop -dAutoRotatePages=/None ../RNA-seq/hl60-stbl/6h_delta_stbl.txt_GENESET/6h_delta_stbl.txt.summary.eps ../RNA-seq/hl60-stbl/6h_delta_stbl.txt_GENESET/6h_delta_stbl.txt.summary.pdf
Finished.
