The TEISERDIR environment variable is /flash/bin/TEISERv1.1/
WARNING: your file might not contain a header line (0.827414416285597).
Wed May 19 19:35:31 UTC 2021
Remove duplicates, create ../RNA-seq/other-stbl/kg1_delta_stbl.txt_GENESET/kg1_delta_stbl.txt
Quantizing the input file.
step 2: seed optimization.
Expfile loaded: 2775 values...
Adding small values...
Quantizing the input vector...Done
Number of clusters: 7
calculating the p-value matrix.
Allocating memory ... Done
doing stats: mi = 0.002705
pass = 0.114900
z = 1.277892
freq 0: 0.179293	71	396	416	2775
freq 1: 0.164141	65	396	416	2775
freq 2: 0.113636	45	396	416	2775
freq 3: 0.123737	49	396	416	2775
freq 4: 0.148990	59	396	416	2775
freq 5: 0.159091	63	396	416	2775
freq 6: 0.160401	64	399	416	2775
step 7: drawing matrix.
Option suffix requires an argument
Reading MI data ... Done.
Start drawing
0.74	-1.04
0
Outputing EPS file ../RNA-seq/other-stbl/kg1_delta_stbl.txt_GENESET/kg1_delta_stbl.txt.summary.eps
Convert to PDF ../RNA-seq/other-stbl/kg1_delta_stbl.txt_GENESET/kg1_delta_stbl.txt.summary.pdf
ps2pdf -dEPSCrop -dAutoRotatePages=/None ../RNA-seq/other-stbl/kg1_delta_stbl.txt_GENESET/kg1_delta_stbl.txt.summary.eps ../RNA-seq/other-stbl/kg1_delta_stbl.txt_GENESET/kg1_delta_stbl.txt.summary.pdf
Finished.
Reading MI data ... Done.
Start drawing
0.74	-1.04
0
Outputing EPS file mtyl_enrichment/hyper_mtyl_kg1_delta_stbl_GENESET/kg1_delta_stbl.txt.summary.eps
Convert to PDF mtyl_enrichment/hyper_mtyl_kg1_delta_stbl_GENESET/kg1_delta_stbl.txt.summary.pdf
ps2pdf -dEPSCrop -dAutoRotatePages=/None mtyl_enrichment/hyper_mtyl_kg1_delta_stbl_GENESET/kg1_delta_stbl.txt.summary.eps mtyl_enrichment/hyper_mtyl_kg1_delta_stbl_GENESET/kg1_delta_stbl.txt.summary.pdf
Finished.
