The TEISERDIR environment variable is /flash/bin/TEISERv1.1/
Wed May 19 19:34:40 UTC 2021
Remove duplicates, create ../RNA-seq/other-exp/ociaml3_delta_exp.txt_GENESET/ociaml3_delta_exp.txt
Quantizing the input file.
step 2: seed optimization.
Expfile loaded: 60239 values...
Adding small values...
Quantizing the input vector...Done
Number of clusters: 7
calculating the p-value matrix.
Allocating memory ... Done
doing stats: mi = 0.014450
pass = 0.000000
z = 344.078705
freq 0: 0.008715	75	8606	886	60239
freq 1: 0.046014	396	8606	886	60239
freq 2: 0.000000	0	8606	886	60239
freq 3: 0.000000	0	8606	886	60239
freq 4: 0.006623	57	8606	886	60239
freq 5: 0.035789	308	8606	886	60239
freq 6: 0.005812	50	8603	886	60239
step 7: drawing matrix.
Option suffix requires an argument
Reading MI data ... Done.
Start drawing
1.36	-0.86
0
Outputing EPS file ../RNA-seq/other-exp/ociaml3_delta_exp.txt_GENESET/ociaml3_delta_exp.txt.summary.eps
Convert to PDF ../RNA-seq/other-exp/ociaml3_delta_exp.txt_GENESET/ociaml3_delta_exp.txt.summary.pdf
ps2pdf -dEPSCrop -dAutoRotatePages=/None ../RNA-seq/other-exp/ociaml3_delta_exp.txt_GENESET/ociaml3_delta_exp.txt.summary.eps ../RNA-seq/other-exp/ociaml3_delta_exp.txt_GENESET/ociaml3_delta_exp.txt.summary.pdf
Finished.
