The TEISERDIR environment variable is /flash/bin/TEISERv1.1/
WARNING: your file might not contain a header line (0.874371072979637).
Wed May 19 19:31:51 UTC 2021
Remove duplicates, create ../RNA-seq/hl60-exp/72h_delta_exp.txt_GENESET/72h_delta_exp.txt
Quantizing the input file.
step 2: seed optimization.
Expfile loaded: 60239 values...
Adding small values...
Quantizing the input vector...Done
Number of clusters: 7
calculating the p-value matrix.
Allocating memory ... Done
doing stats: mi = 0.007710
pass = 0.000000
z = 184.981125
freq 0: 0.012782	110	8606	886	60239
freq 1: 0.035905	309	8606	886	60239
freq 2: 0.002324	20	8606	886	60239
freq 3: 0.000000	0	8606	886	60239
freq 4: 0.024983	215	8606	886	60239
freq 5: 0.014525	125	8606	886	60239
freq 6: 0.012438	107	8603	886	60239
step 7: drawing matrix.
Option suffix requires an argument
Reading MI data ... Done.
Start drawing
1.28	-1
0
Outputing EPS file ../RNA-seq/hl60-exp/72h_delta_exp.txt_GENESET/72h_delta_exp.txt.summary.eps
Convert to PDF ../RNA-seq/hl60-exp/72h_delta_exp.txt_GENESET/72h_delta_exp.txt.summary.pdf
ps2pdf -dEPSCrop -dAutoRotatePages=/None ../RNA-seq/hl60-exp/72h_delta_exp.txt_GENESET/72h_delta_exp.txt.summary.eps ../RNA-seq/hl60-exp/72h_delta_exp.txt_GENESET/72h_delta_exp.txt.summary.pdf
Finished.
