The TEISERDIR environment variable is /flash/bin/TEISERv1.1/
Wed May 19 19:31:02 UTC 2021
Remove duplicates, create ../Ribo-seq/hl60_delta_te.txt_GENESET/hl60_delta_te.txt
Quantizing the input file.
step 2: seed optimization.
Expfile loaded: 6309 values...
Adding small values...
Quantizing the input vector...Done
Number of clusters: 7
calculating the p-value matrix.
Allocating memory ... Done
doing stats: mi = 0.000824
pass = 0.306700
z = 0.343748
freq 0: 0.081021	73	901	579	6309
freq 1: 0.086570	78	901	579	6309
freq 2: 0.085461	77	901	579	6309
freq 3: 0.086570	78	901	579	6309
freq 4: 0.106548	96	901	579	6309
freq 5: 0.088790	80	901	579	6309
freq 6: 0.107420	97	903	579	6309
step 7: drawing matrix.
Option suffix requires an argument
Reading MI data ... Done.
Start drawing
0.76	-0.4
0
Outputing EPS file ../Ribo-seq/hl60_delta_te.txt_GENESET/hl60_delta_te.txt.summary.eps
Convert to PDF ../Ribo-seq/hl60_delta_te.txt_GENESET/hl60_delta_te.txt.summary.pdf
ps2pdf -dEPSCrop -dAutoRotatePages=/None ../Ribo-seq/hl60_delta_te.txt_GENESET/hl60_delta_te.txt.summary.eps ../Ribo-seq/hl60_delta_te.txt_GENESET/hl60_delta_te.txt.summary.pdf
Finished.
Reading MI data ... Done.
Start drawing
0.76	-0.4
0
Outputing EPS file mtyl_enrichment/hypo_mtyl_hl60_delta_te_GENESET/hl60_delta_te.txt.summary.eps
Convert to PDF mtyl_enrichment/hypo_mtyl_hl60_delta_te_GENESET/hl60_delta_te.txt.summary.pdf
ps2pdf -dEPSCrop -dAutoRotatePages=/None mtyl_enrichment/hypo_mtyl_hl60_delta_te_GENESET/hl60_delta_te.txt.summary.eps mtyl_enrichment/hypo_mtyl_hl60_delta_te_GENESET/hl60_delta_te.txt.summary.pdf
Finished.
