The TEISERDIR environment variable is /flash/bin/TEISERv1.1/
WARNING: your file might not contain a header line (0.0934854981539533).
Wed May 19 19:32:43 UTC 2021
Remove duplicates, create ../RNA-seq/hl60-stbl/6h_delta_stbl.txt_GENESET/6h_delta_stbl.txt
Quantizing the input file.
step 2: seed optimization.
Expfile loaded: 2775 values...
Adding small values...
Quantizing the input vector...Done
Number of clusters: 7
calculating the p-value matrix.
Allocating memory ... Done
doing stats: mi = 0.003015
pass = 0.069900
z = 1.596774
freq 0: 0.161616	64	396	333	2775
freq 1: 0.133838	53	396	333	2775
freq 2: 0.128788	51	396	333	2775
freq 3: 0.108586	43	396	333	2775
freq 4: 0.093434	37	396	333	2775
freq 5: 0.106061	42	396	333	2775
freq 6: 0.107769	43	399	333	2775
step 7: drawing matrix.
Option suffix requires an argument
Reading MI data ... Done.
Start drawing
0.26	-0.32
0
Outputing EPS file ../RNA-seq/hl60-stbl/6h_delta_stbl.txt_GENESET/6h_delta_stbl.txt.summary.eps
Convert to PDF ../RNA-seq/hl60-stbl/6h_delta_stbl.txt_GENESET/6h_delta_stbl.txt.summary.pdf
ps2pdf -dEPSCrop -dAutoRotatePages=/None ../RNA-seq/hl60-stbl/6h_delta_stbl.txt_GENESET/6h_delta_stbl.txt.summary.eps ../RNA-seq/hl60-stbl/6h_delta_stbl.txt_GENESET/6h_delta_stbl.txt.summary.pdf
Finished.
Reading MI data ... Done.
Start drawing
0.26	-0.32
0
Outputing EPS file mtyl_enrichment/hypo_mtyl_6h_delta_stbl_GENESET/6h_delta_stbl.txt.summary.eps
Convert to PDF mtyl_enrichment/hypo_mtyl_6h_delta_stbl_GENESET/6h_delta_stbl.txt.summary.pdf
ps2pdf -dEPSCrop -dAutoRotatePages=/None mtyl_enrichment/hypo_mtyl_6h_delta_stbl_GENESET/6h_delta_stbl.txt.summary.eps mtyl_enrichment/hypo_mtyl_6h_delta_stbl_GENESET/6h_delta_stbl.txt.summary.pdf
Finished.
