[GSE4984_UNTREATED_VS_VEHICLE_CTRL_TREATED_DC_DN,GSE4984_UNTREATED_VS_VEHICLE_CTRL_TREATED_DC_DN] was killed by [GSE7764_IL15_TREATED_VS_CTRL_NK_CELL_24H_UP,GSE7764_IL15_TREATED_VS_CTRL_NK_CELL_24H_UP]
[GSE6269_FLU_VS_E_COLI_INF_PBMC_DN,GSE6269_FLU_VS_E_COLI_INF_PBMC_DN] was killed by [GSE6269_FLU_VS_STREP_PNEUMO_INF_PBMC_DN,GSE6269_FLU_VS_STREP_PNEUMO_INF_PBMC_DN]
[GSE5542_UNTREATED_VS_IFNG_TREATED_EPITHELIAL_CELLS_24H_UP,GSE5542_UNTREATED_VS_IFNG_TREATED_EPITHELIAL_CELLS_24H_UP] was killed by [GSE14415_ACT_TCONV_VS_ACT_NATURAL_TREG_DN,GSE14415_ACT_TCONV_VS_ACT_NATURAL_TREG_DN]
[GSE3982_EOSINOPHIL_VS_CENT_MEMORY_CD4_TCELL_UP,GSE3982_EOSINOPHIL_VS_CENT_MEMORY_CD4_TCELL_UP] was killed by [GSE5589_LPS_VS_LPS_AND_IL10_STIM_IL10_KO_MACROPHAGE_45MIN_DN,GSE5589_LPS_VS_LPS_AND_IL10_STIM_IL10_KO_MACROPHAGE_45MIN_DN]
[GSE24634_TEFF_VS_TCONV_DAY7_IN_CULTURE_UP,GSE24634_TEFF_VS_TCONV_DAY7_IN_CULTURE_UP] was killed by [GSE7764_IL15_TREATED_VS_CTRL_NK_CELL_24H_UP,GSE7764_IL15_TREATED_VS_CTRL_NK_CELL_24H_UP]
[GSE24574_BCL6_HIGH_TFH_VS_TCONV_CD4_TCELL_DN,GSE24574_BCL6_HIGH_TFH_VS_TCONV_CD4_TCELL_DN] was killed by [GSE1925_CTRL_VS_3H_IFNG_STIM_IFNG_PRIMED_MACROPHAGE_UP,GSE1925_CTRL_VS_3H_IFNG_STIM_IFNG_PRIMED_MACROPHAGE_UP]
[GSE28726_NAIVE_VS_ACTIVATED_VA24NEG_NKTCELL_UP,GSE28726_NAIVE_VS_ACTIVATED_VA24NEG_NKTCELL_UP] was killed by [QI_PBMC_ZOSTAVAX_AGE_50_75YO_CORRELATED_WITH_EXPANSION_OF_VZV_SPECIFIC_T_CELLS_TO_PEAK_AT_1DY_NEGATIVE,QI_PBMC_ZOSTAVAX_AGE_50_75YO_CORRELATED_WITH_EXPANSION_OF_VZV_SPECIFIC_T_CELLS_TO_PEAK_AT_1DY_NEGATIVE]
[GSE14415_NATURAL_TREG_VS_TCONV_DN,GSE14415_NATURAL_TREG_VS_TCONV_DN] was killed by [GSE7764_IL15_TREATED_VS_CTRL_NK_CELL_24H_UP,GSE7764_IL15_TREATED_VS_CTRL_NK_CELL_24H_UP]
[GSE21670_STAT3_KO_VS_WT_CD4_TCELL_TGFB_IL6_TREATED_DN,GSE21670_STAT3_KO_VS_WT_CD4_TCELL_TGFB_IL6_TREATED_DN] was killed by [GSE21380_NON_TFH_VS_TFH_CD4_TCELL_DN,GSE21380_NON_TFH_VS_TFH_CD4_TCELL_DN]
[GSE19401_UNSTIM_VS_RETINOIC_ACID_AND_PAM2CSK4_STIM_FOLLICULAR_DC_DN,GSE19401_UNSTIM_VS_RETINOIC_ACID_AND_PAM2CSK4_STIM_FOLLICULAR_DC_DN] was killed by [GSE21380_NON_TFH_VS_TFH_CD4_TCELL_DN,GSE21380_NON_TFH_VS_TFH_CD4_TCELL_DN]
[GSE6674_CPG_VS_CPG_AND_ANTI_IGM_STIM_BCELL_UP,GSE6674_CPG_VS_CPG_AND_ANTI_IGM_STIM_BCELL_UP] was killed by [GSE40274_FOXP3_VS_FOXP3_AND_IRF4_TRANSDUCED_ACTIVATED_CD4_TCELL_DN,GSE40274_FOXP3_VS_FOXP3_AND_IRF4_TRANSDUCED_ACTIVATED_CD4_TCELL_DN]
[GSE39556_CD8A_DC_VS_NK_CELL_MOUSE_3H_POST_POLYIC_INJ_DN,GSE39556_CD8A_DC_VS_NK_CELL_MOUSE_3H_POST_POLYIC_INJ_DN] was killed by [GSE24142_DN2_VS_DN3_THYMOCYTE_DN,GSE24142_DN2_VS_DN3_THYMOCYTE_DN]
[GSE26030_UNSTIM_VS_RESTIM_TH1_DAY5_POST_POLARIZATION_UP,GSE26030_UNSTIM_VS_RESTIM_TH1_DAY5_POST_POLARIZATION_UP] was killed by [GSE37532_TREG_VS_TCONV_PPARG_KO_CD4_TCELL_FROM_VISCERAL_ADIPOSE_TISSUE_DN,GSE37532_TREG_VS_TCONV_PPARG_KO_CD4_TCELL_FROM_VISCERAL_ADIPOSE_TISSUE_DN]
[GSE14000_TRANSLATED_RNA_VS_MRNA_DC_DN,GSE14000_TRANSLATED_RNA_VS_MRNA_DC_DN] was killed by [GSE6269_FLU_VS_STREP_PNEUMO_INF_PBMC_DN,GSE6269_FLU_VS_STREP_PNEUMO_INF_PBMC_DN]
[GSE22935_WT_VS_MYD88_KO_MACROPHAGE_UP,GSE22935_WT_VS_MYD88_KO_MACROPHAGE_UP] was killed by [GSE1925_CTRL_VS_3H_IFNG_STIM_IFNG_PRIMED_MACROPHAGE_UP,GSE1925_CTRL_VS_3H_IFNG_STIM_IFNG_PRIMED_MACROPHAGE_UP]
[GSE9988_LPS_VS_LOW_LPS_MONOCYTE_DN,GSE9988_LPS_VS_LOW_LPS_MONOCYTE_DN] was killed by [GSE7831_UNSTIM_VS_INFLUENZA_STIM_PDC_4H_UP,GSE7831_UNSTIM_VS_INFLUENZA_STIM_PDC_4H_UP]
[GSE411_100MIN_VS_400MIN_IL6_STIM_MACROPHAGE_DN,GSE411_100MIN_VS_400MIN_IL6_STIM_MACROPHAGE_DN] was killed by [GSE411_WT_VS_SOCS3_KO_MACROPHAGE_UP,GSE411_WT_VS_SOCS3_KO_MACROPHAGE_UP]
[GSE24634_TREG_VS_TCONV_POST_DAY5_IL4_CONVERSION_UP,GSE24634_TREG_VS_TCONV_POST_DAY5_IL4_CONVERSION_UP] was killed by [GSE411_WT_VS_SOCS3_KO_MACROPHAGE_UP,GSE411_WT_VS_SOCS3_KO_MACROPHAGE_UP]
[GSE3982_EOSINOPHIL_VS_TH1_UP,GSE3982_EOSINOPHIL_VS_TH1_UP] was killed by [GSE21380_NON_TFH_VS_TFH_CD4_TCELL_DN,GSE21380_NON_TFH_VS_TFH_CD4_TCELL_DN]
[GSE17186_BLOOD_VS_CORD_BLOOD_CD21HIGH_TRANSITIONAL_BCELL_UP,GSE17186_BLOOD_VS_CORD_BLOOD_CD21HIGH_TRANSITIONAL_BCELL_UP] was killed by [GSE14415_ACT_TCONV_VS_ACT_NATURAL_TREG_DN,GSE14415_ACT_TCONV_VS_ACT_NATURAL_TREG_DN]
[GSE17721_0.5H_VS_24H_POLYIC_BMDC_DN,GSE17721_0.5H_VS_24H_POLYIC_BMDC_DN] was killed by [GSE5589_LPS_VS_LPS_AND_IL10_STIM_IL10_KO_MACROPHAGE_45MIN_DN,GSE5589_LPS_VS_LPS_AND_IL10_STIM_IL10_KO_MACROPHAGE_45MIN_DN]
[GSE40666_UNTREATED_VS_IFNA_STIM_STAT4_KO_EFFECTOR_CD8_TCELL_90MIN_DN,GSE40666_UNTREATED_VS_IFNA_STIM_STAT4_KO_EFFECTOR_CD8_TCELL_90MIN_DN] was killed by [GSE24142_DN2_VS_DN3_THYMOCYTE_DN,GSE24142_DN2_VS_DN3_THYMOCYTE_DN]
[GSE46606_UNSTIM_VS_CD40L_IL2_IL5_DAY3_STIMULATED_BCELL_UP,GSE46606_UNSTIM_VS_CD40L_IL2_IL5_DAY3_STIMULATED_BCELL_UP] was killed by [GSE6269_FLU_VS_STREP_PNEUMO_INF_PBMC_DN,GSE6269_FLU_VS_STREP_PNEUMO_INF_PBMC_DN]
[GSE27786_NKTCELL_VS_NEUTROPHIL_DN,GSE27786_NKTCELL_VS_NEUTROPHIL_DN] was killed by [GSE37532_TREG_VS_TCONV_PPARG_KO_CD4_TCELL_FROM_VISCERAL_ADIPOSE_TISSUE_DN,GSE37532_TREG_VS_TCONV_PPARG_KO_CD4_TCELL_FROM_VISCERAL_ADIPOSE_TISSUE_DN]
[GSE25123_CTRL_VS_ROSIGLITAZONE_STIM_PPARG_KO_MACROPHAGE_UP,GSE25123_CTRL_VS_ROSIGLITAZONE_STIM_PPARG_KO_MACROPHAGE_UP] was killed by [GSE5589_LPS_VS_LPS_AND_IL10_STIM_IL10_KO_MACROPHAGE_45MIN_DN,GSE5589_LPS_VS_LPS_AND_IL10_STIM_IL10_KO_MACROPHAGE_45MIN_DN]
[GSE3982_EFF_MEMORY_CD4_TCELL_VS_NKCELL_UP,GSE3982_EFF_MEMORY_CD4_TCELL_VS_NKCELL_UP] was killed by [GSE6269_FLU_VS_STREP_PNEUMO_INF_PBMC_DN,GSE6269_FLU_VS_STREP_PNEUMO_INF_PBMC_DN]
[GSE7348_LPS_VS_TOLERIZED_AND_LPS_STIM_MACROPHAGE_DN,GSE7348_LPS_VS_TOLERIZED_AND_LPS_STIM_MACROPHAGE_DN] was killed by [GSE18281_SUBCAPSULAR_VS_CENTRAL_CORTICAL_REGION_OF_THYMUS_DN,GSE18281_SUBCAPSULAR_VS_CENTRAL_CORTICAL_REGION_OF_THYMUS_DN]
[GSE9601_UNTREATED_VS_NFKB_INHIBITOR_TREATED_HCMV_INF_MONOCYTE_UP,GSE9601_UNTREATED_VS_NFKB_INHIBITOR_TREATED_HCMV_INF_MONOCYTE_UP] was killed by [GSE37532_TREG_VS_TCONV_PPARG_KO_CD4_TCELL_FROM_VISCERAL_ADIPOSE_TISSUE_DN,GSE37532_TREG_VS_TCONV_PPARG_KO_CD4_TCELL_FROM_VISCERAL_ADIPOSE_TISSUE_DN]
