The TEISERDIR environment variable is /flash/bin/TEISERv1.1/
Fri Oct 15 00:57:40 UTC 2021
Remove duplicates, create ../RNA-seq/other-stbl/ociaml2_delta_stbl.txt_GENESET/ociaml2_delta_stbl.txt
Quantizing the input file.
step 2: seed optimization.
Expfile loaded: 2775 values...
Adding small values...
Quantizing the input vector...Done
Number of clusters: 7
calculating the p-value matrix.
Allocating memory ... Done
doing stats: mi = 0.000621
pass = 0.879100
z = -1.044186
freq 0: 0.098485	39	396	262	2775
freq 1: 0.085859	34	396	262	2775
freq 2: 0.090909	36	396	262	2775
freq 3: 0.083333	33	396	262	2775
freq 4: 0.111111	44	396	262	2775
freq 5: 0.098485	39	396	262	2775
freq 6: 0.092732	37	399	262	2775
step 7: drawing matrix.
Option suffix requires an argument
Reading MI data ... Done.
Start drawing
0.94	-1.16
0
Outputing EPS file ../RNA-seq/other-stbl/ociaml2_delta_stbl.txt_GENESET/ociaml2_delta_stbl.txt.summary.eps
Convert to PDF ../RNA-seq/other-stbl/ociaml2_delta_stbl.txt_GENESET/ociaml2_delta_stbl.txt.summary.pdf
ps2pdf -dEPSCrop -dAutoRotatePages=/None ../RNA-seq/other-stbl/ociaml2_delta_stbl.txt_GENESET/ociaml2_delta_stbl.txt.summary.eps ../RNA-seq/other-stbl/ociaml2_delta_stbl.txt_GENESET/ociaml2_delta_stbl.txt.summary.pdf
Finished.
