The TEISERDIR environment variable is /flash/bin/TEISERv1.1/
WARNING: your file might not contain a header line (0.0934854981539533).
Fri Oct 15 00:52:24 UTC 2021
Remove duplicates, create ../RNA-seq/hl60-stbl/6h_delta_stbl.txt_GENESET/6h_delta_stbl.txt
Quantizing the input file.
step 2: seed optimization.
Expfile loaded: 2775 values...
Adding small values...
Quantizing the input vector...Done
Number of clusters: 7
calculating the p-value matrix.
Allocating memory ... Done
doing stats: mi = 0.001806
pass = 0.330900
z = 0.267984
freq 0: 0.085859	34	396	262	2775
freq 1: 0.088384	35	396	262	2775
freq 2: 0.090909	36	396	262	2775
freq 3: 0.080808	32	396	262	2775
freq 4: 0.128788	51	396	262	2775
freq 5: 0.085859	34	396	262	2775
freq 6: 0.100251	40	399	262	2775
step 7: drawing matrix.
Option suffix requires an argument
Reading MI data ... Done.
Start drawing
0.26	-0.32
0
Outputing EPS file ../RNA-seq/hl60-stbl/6h_delta_stbl.txt_GENESET/6h_delta_stbl.txt.summary.eps
Convert to PDF ../RNA-seq/hl60-stbl/6h_delta_stbl.txt_GENESET/6h_delta_stbl.txt.summary.pdf
ps2pdf -dEPSCrop -dAutoRotatePages=/None ../RNA-seq/hl60-stbl/6h_delta_stbl.txt_GENESET/6h_delta_stbl.txt.summary.eps ../RNA-seq/hl60-stbl/6h_delta_stbl.txt_GENESET/6h_delta_stbl.txt.summary.pdf
Finished.
