The TEISERDIR environment variable is /flash/bin/TEISERv1.1/
Fri Oct 15 00:50:09 UTC 2021
Remove duplicates, create ../Ribo-seq/hl60_delta_te.txt_GENESET/hl60_delta_te.txt
Quantizing the input file.
step 2: seed optimization.
Expfile loaded: 6309 values...
Adding small values...
Quantizing the input vector...Done
Number of clusters: 7
calculating the p-value matrix.
Allocating memory ... Done
doing stats: mi = 0.000635
pass = 0.482400
z = -0.130407
freq 0: 0.073252	66	901	479	6309
freq 1: 0.069922	63	901	479	6309
freq 2: 0.072142	65	901	479	6309
freq 3: 0.071032	64	901	479	6309
freq 4: 0.069922	63	901	479	6309
freq 5: 0.082131	74	901	479	6309
freq 6: 0.093023	84	903	479	6309
step 7: drawing matrix.
Option suffix requires an argument
Reading MI data ... Done.
Start drawing
0.76	-0.4
0
Outputing EPS file ../Ribo-seq/hl60_delta_te.txt_GENESET/hl60_delta_te.txt.summary.eps
Convert to PDF ../Ribo-seq/hl60_delta_te.txt_GENESET/hl60_delta_te.txt.summary.pdf
ps2pdf -dEPSCrop -dAutoRotatePages=/None ../Ribo-seq/hl60_delta_te.txt_GENESET/hl60_delta_te.txt.summary.eps ../Ribo-seq/hl60_delta_te.txt_GENESET/hl60_delta_te.txt.summary.pdf
Finished.
