The TEISERDIR environment variable is /flash/bin/TEISERv1.1/
Fri Oct 15 00:57:44 UTC 2021
Remove duplicates, create ../RNA-seq/other-stbl/ociaml3_delta_stbl.txt_GENESET/ociaml3_delta_stbl.txt
Quantizing the input file.
step 2: seed optimization.
Expfile loaded: 2775 values...
Adding small values...
Quantizing the input vector...Done
Number of clusters: 7
calculating the p-value matrix.
Allocating memory ... Done
doing stats: mi = 0.002208
pass = 0.204900
z = 0.705929
freq 0: 0.073232	29	396	262	2775
freq 1: 0.103535	41	396	262	2775
freq 2: 0.078283	31	396	262	2775
freq 3: 0.078283	31	396	262	2775
freq 4: 0.101010	40	396	262	2775
freq 5: 0.111111	44	396	262	2775
freq 6: 0.115288	46	399	262	2775
step 7: drawing matrix.
Option suffix requires an argument
Reading MI data ... Done.
Start drawing
1.08	-0.7
0
Outputing EPS file ../RNA-seq/other-stbl/ociaml3_delta_stbl.txt_GENESET/ociaml3_delta_stbl.txt.summary.eps
Convert to PDF ../RNA-seq/other-stbl/ociaml3_delta_stbl.txt_GENESET/ociaml3_delta_stbl.txt.summary.pdf
ps2pdf -dEPSCrop -dAutoRotatePages=/None ../RNA-seq/other-stbl/ociaml3_delta_stbl.txt_GENESET/ociaml3_delta_stbl.txt.summary.eps ../RNA-seq/other-stbl/ociaml3_delta_stbl.txt_GENESET/ociaml3_delta_stbl.txt.summary.pdf
Finished.
