The TEISERDIR environment variable is /flash/bin/TEISERv1.1/
WARNING: your file might not contain a header line (0.874371072979637).
Fri Oct 15 00:50:14 UTC 2021
Remove duplicates, create ../RNA-seq/hl60-exp/6h_delta_exp.txt_GENESET/6h_delta_exp.txt
Quantizing the input file.
step 2: seed optimization.
Expfile loaded: 60239 values...
Adding small values...
Quantizing the input vector...Done
Number of clusters: 7
calculating the p-value matrix.
Allocating memory ... Done
doing stats: mi = 0.009818
pass = 0.000000
z = 234.925797
freq 0: 0.006158	53	8606	778	60239
freq 1: 0.038810	334	8606	778	60239
freq 2: 0.002324	20	8606	778	60239
freq 3: 0.000000	0	8606	778	60239
freq 4: 0.023821	205	8606	778	60239
freq 5: 0.015571	134	8606	778	60239
freq 6: 0.003720	32	8603	778	60239
step 7: drawing matrix.
Option suffix requires an argument
Reading MI data ... Done.
Start drawing
1.06	-0.76
0
Outputing EPS file ../RNA-seq/hl60-exp/6h_delta_exp.txt_GENESET/6h_delta_exp.txt.summary.eps
Convert to PDF ../RNA-seq/hl60-exp/6h_delta_exp.txt_GENESET/6h_delta_exp.txt.summary.pdf
ps2pdf -dEPSCrop -dAutoRotatePages=/None ../RNA-seq/hl60-exp/6h_delta_exp.txt_GENESET/6h_delta_exp.txt.summary.eps ../RNA-seq/hl60-exp/6h_delta_exp.txt_GENESET/6h_delta_exp.txt.summary.pdf
Finished.
