The TEISERDIR environment variable is /flash/bin/TEISERv1.1/
WARNING: your file might not contain a header line (0.472544886114928).
Fri Oct 15 00:52:26 UTC 2021
Remove duplicates, create ../RNA-seq/other-exp/kg1_delta_exp.txt_GENESET/kg1_delta_exp.txt
Quantizing the input file.
step 2: seed optimization.
Expfile loaded: 60239 values...
Adding small values...
Quantizing the input vector...Done
Number of clusters: 7
calculating the p-value matrix.
Allocating memory ... Done
doing stats: mi = 0.011701
pass = 0.000000
z = 280.977234
freq 0: 0.005578	48	8606	778	60239
freq 1: 0.036254	312	8606	778	60239
freq 2: 0.003370	29	8606	778	60239
freq 3: 0.000000	0	8606	778	60239
freq 4: 0.002092	18	8606	778	60239
freq 5: 0.035324	304	8606	778	60239
freq 6: 0.007788	67	8603	778	60239
step 7: drawing matrix.
Option suffix requires an argument
Reading MI data ... Done.
Start drawing
1.1	-0.9
0
Outputing EPS file ../RNA-seq/other-exp/kg1_delta_exp.txt_GENESET/kg1_delta_exp.txt.summary.eps
Convert to PDF ../RNA-seq/other-exp/kg1_delta_exp.txt_GENESET/kg1_delta_exp.txt.summary.pdf
ps2pdf -dEPSCrop -dAutoRotatePages=/None ../RNA-seq/other-exp/kg1_delta_exp.txt_GENESET/kg1_delta_exp.txt.summary.eps ../RNA-seq/other-exp/kg1_delta_exp.txt_GENESET/kg1_delta_exp.txt.summary.pdf
Finished.
