The TEISERDIR environment variable is /flash/bin/TEISERv1.1/
WARNING: your file might not contain a header line (0.472544886114928).
Fri Oct 15 00:52:56 UTC 2021
Remove duplicates, create ../RNA-seq/other-exp/kg1_delta_exp.txt_GENESET/kg1_delta_exp.txt
Quantizing the input file.
step 2: seed optimization.
Expfile loaded: 60239 values...
Adding small values...
Quantizing the input vector...Done
Number of clusters: 7
calculating the p-value matrix.
Allocating memory ... Done
doing stats: mi = 0.006527
pass = 0.000000
z = 153.608047
freq 0: 0.001394	12	8606	349	60239
freq 1: 0.019289	166	8606	349	60239
freq 2: 0.001627	14	8606	349	60239
freq 3: 0.000000	0	8606	349	60239
freq 4: 0.000465	4	8606	349	60239
freq 5: 0.015687	135	8606	349	60239
freq 6: 0.002092	18	8603	349	60239
step 7: drawing matrix.
Option suffix requires an argument
Reading MI data ... Done.
Start drawing
1.1	-0.9
0
Outputing EPS file ../RNA-seq/other-exp/kg1_delta_exp.txt_GENESET/kg1_delta_exp.txt.summary.eps
Convert to PDF ../RNA-seq/other-exp/kg1_delta_exp.txt_GENESET/kg1_delta_exp.txt.summary.pdf
ps2pdf -dEPSCrop -dAutoRotatePages=/None ../RNA-seq/other-exp/kg1_delta_exp.txt_GENESET/kg1_delta_exp.txt.summary.eps ../RNA-seq/other-exp/kg1_delta_exp.txt_GENESET/kg1_delta_exp.txt.summary.pdf
Finished.
