The TEISERDIR environment variable is /flash/bin/TEISERv1.1/
Fri Oct 15 00:57:42 UTC 2021
Remove duplicates, create ../RNA-seq/other-stbl/ociaml2_delta_stbl.txt_GENESET/ociaml2_delta_stbl.txt
Quantizing the input file.
step 2: seed optimization.
Expfile loaded: 2775 values...
Adding small values...
Quantizing the input vector...Done
Number of clusters: 7
calculating the p-value matrix.
Allocating memory ... Done
doing stats: mi = 0.001962
pass = 0.283800
z = 0.422147
freq 0: 0.063131	25	396	134	2775
freq 1: 0.053030	21	396	134	2775
freq 2: 0.027778	11	396	134	2775
freq 3: 0.050505	20	396	134	2775
freq 4: 0.058081	23	396	134	2775
freq 5: 0.042929	17	396	134	2775
freq 6: 0.042607	17	399	134	2775
step 7: drawing matrix.
Option suffix requires an argument
Reading MI data ... Done.
Start drawing
0.94	-1.16
0
Outputing EPS file ../RNA-seq/other-stbl/ociaml2_delta_stbl.txt_GENESET/ociaml2_delta_stbl.txt.summary.eps
Convert to PDF ../RNA-seq/other-stbl/ociaml2_delta_stbl.txt_GENESET/ociaml2_delta_stbl.txt.summary.pdf
ps2pdf -dEPSCrop -dAutoRotatePages=/None ../RNA-seq/other-stbl/ociaml2_delta_stbl.txt_GENESET/ociaml2_delta_stbl.txt.summary.eps ../RNA-seq/other-stbl/ociaml2_delta_stbl.txt_GENESET/ociaml2_delta_stbl.txt.summary.pdf
Finished.
