The TEISERDIR environment variable is /flash/bin/TEISERv1.1/
Fri Oct 15 00:50:12 UTC 2021
Remove duplicates, create ../Ribo-seq/hl60_delta_te.txt_GENESET/hl60_delta_te.txt
Quantizing the input file.
step 2: seed optimization.
Expfile loaded: 6309 values...
Adding small values...
Quantizing the input vector...Done
Number of clusters: 7
calculating the p-value matrix.
Allocating memory ... Done
doing stats: mi = 0.000534
pass = 0.590800
z = -0.391523
freq 0: 0.026637	24	901	225	6309
freq 1: 0.031077	28	901	225	6309
freq 2: 0.037736	34	901	225	6309
freq 3: 0.042175	38	901	225	6309
freq 4: 0.037736	34	901	225	6309
freq 5: 0.034406	31	901	225	6309
freq 6: 0.039867	36	903	225	6309
step 7: drawing matrix.
Option suffix requires an argument
Reading MI data ... Done.
Start drawing
0.76	-0.4
0
Outputing EPS file ../Ribo-seq/hl60_delta_te.txt_GENESET/hl60_delta_te.txt.summary.eps
Convert to PDF ../Ribo-seq/hl60_delta_te.txt_GENESET/hl60_delta_te.txt.summary.pdf
ps2pdf -dEPSCrop -dAutoRotatePages=/None ../Ribo-seq/hl60_delta_te.txt_GENESET/hl60_delta_te.txt.summary.eps ../Ribo-seq/hl60_delta_te.txt_GENESET/hl60_delta_te.txt.summary.pdf
Finished.
