The TEISERDIR environment variable is /flash/bin/TEISERv1.1/
WARNING: your file might not contain a header line (0.0934854981539533).
Fri Oct 15 00:52:25 UTC 2021
Remove duplicates, create ../RNA-seq/hl60-stbl/6h_delta_stbl.txt_GENESET/6h_delta_stbl.txt
Quantizing the input file.
step 2: seed optimization.
Expfile loaded: 2775 values...
Adding small values...
Quantizing the input vector...Done
Number of clusters: 7
calculating the p-value matrix.
Allocating memory ... Done
doing stats: mi = 0.003943
pass = 0.021000
z = 2.588078
freq 0: 0.068182	27	396	134	2775
freq 1: 0.058081	23	396	134	2775
freq 2: 0.053030	21	396	134	2775
freq 3: 0.032828	13	396	134	2775
freq 4: 0.030303	12	396	134	2775
freq 5: 0.065657	26	396	134	2775
freq 6: 0.030075	12	399	134	2775
step 7: drawing matrix.
Option suffix requires an argument
Reading MI data ... Done.
Start drawing
0.26	-0.32
0
Outputing EPS file ../RNA-seq/hl60-stbl/6h_delta_stbl.txt_GENESET/6h_delta_stbl.txt.summary.eps
Convert to PDF ../RNA-seq/hl60-stbl/6h_delta_stbl.txt_GENESET/6h_delta_stbl.txt.summary.pdf
ps2pdf -dEPSCrop -dAutoRotatePages=/None ../RNA-seq/hl60-stbl/6h_delta_stbl.txt_GENESET/6h_delta_stbl.txt.summary.eps ../RNA-seq/hl60-stbl/6h_delta_stbl.txt_GENESET/6h_delta_stbl.txt.summary.pdf
Finished.
