The TEISERDIR environment variable is /flash/bin/TEISERv1.1/
Fri Oct 15 00:56:00 UTC 2021
Remove duplicates, create ../RNA-seq/other-exp/ociaml3_delta_exp.txt_GENESET/ociaml3_delta_exp.txt
Quantizing the input file.
step 2: seed optimization.
Expfile loaded: 60239 values...
Adding small values...
Quantizing the input vector...Done
Number of clusters: 7
calculating the p-value matrix.
Allocating memory ... Done
doing stats: mi = 0.005997
pass = 0.000000
z = 142.579819
freq 0: 0.003486	30	8606	349	60239
freq 1: 0.019056	164	8606	349	60239
freq 2: 0.000000	0	8606	349	60239
freq 3: 0.000000	0	8606	349	60239
freq 4: 0.001859	16	8606	349	60239
freq 5: 0.013944	120	8606	349	60239
freq 6: 0.002209	19	8603	349	60239
step 7: drawing matrix.
Option suffix requires an argument
Reading MI data ... Done.
Start drawing
1.36	-0.86
0
Outputing EPS file ../RNA-seq/other-exp/ociaml3_delta_exp.txt_GENESET/ociaml3_delta_exp.txt.summary.eps
Convert to PDF ../RNA-seq/other-exp/ociaml3_delta_exp.txt_GENESET/ociaml3_delta_exp.txt.summary.pdf
ps2pdf -dEPSCrop -dAutoRotatePages=/None ../RNA-seq/other-exp/ociaml3_delta_exp.txt_GENESET/ociaml3_delta_exp.txt.summary.eps ../RNA-seq/other-exp/ociaml3_delta_exp.txt_GENESET/ociaml3_delta_exp.txt.summary.pdf
Finished.
