[REACTOME_EUKARYOTIC_TRANSLATION_ELONGATION,REACTOME_EUKARYOTIC_TRANSLATION_ELONGATION] was killed by [BILANGES_SERUM_AND_RAPAMYCIN_SENSITIVE_GENES,BILANGES_SERUM_AND_RAPAMYCIN_SENSITIVE_GENES]
[REACTOME_RESPONSE_OF_EIF2AK4_GCN2_TO_AMINO_ACID_DEFICIENCY,REACTOME_RESPONSE_OF_EIF2AK4_GCN2_TO_AMINO_ACID_DEFICIENCY] was killed by [BILANGES_SERUM_AND_RAPAMYCIN_SENSITIVE_GENES,BILANGES_SERUM_AND_RAPAMYCIN_SENSITIVE_GENES]
[REACTOME_SELENOAMINO_ACID_METABOLISM,REACTOME_SELENOAMINO_ACID_METABOLISM] was killed by [BILANGES_SERUM_AND_RAPAMYCIN_SENSITIVE_GENES,BILANGES_SERUM_AND_RAPAMYCIN_SENSITIVE_GENES]
[WP_CYTOPLASMIC_RIBOSOMAL_PROTEINS,WP_CYTOPLASMIC_RIBOSOMAL_PROTEINS] was killed by [BILANGES_SERUM_AND_RAPAMYCIN_SENSITIVE_GENES,BILANGES_SERUM_AND_RAPAMYCIN_SENSITIVE_GENES]
[WP_AMPACTIVATED_PROTEIN_KINASE_AMPK_SIGNALING,WP_AMPACTIVATED_PROTEIN_KINASE_AMPK_SIGNALING] was killed by [WP_THERMOGENESIS,WP_THERMOGENESIS]
[KEGG_ERBB_SIGNALING_PATHWAY,KEGG_ERBB_SIGNALING_PATHWAY] was killed by [WP_THERMOGENESIS,WP_THERMOGENESIS]
[REACTOME_INFLUENZA_INFECTION,REACTOME_INFLUENZA_INFECTION] was killed by [BILANGES_SERUM_AND_RAPAMYCIN_SENSITIVE_GENES,BILANGES_SERUM_AND_RAPAMYCIN_SENSITIVE_GENES]
[WP_ERBB_SIGNALING_PATHWAY,WP_ERBB_SIGNALING_PATHWAY] was killed by [WP_THERMOGENESIS,WP_THERMOGENESIS]
[BILANGES_SERUM_RESPONSE_TRANSLATION,BILANGES_SERUM_RESPONSE_TRANSLATION] was killed by [BILANGES_SERUM_AND_RAPAMYCIN_SENSITIVE_GENES,BILANGES_SERUM_AND_RAPAMYCIN_SENSITIVE_GENES]
[WP_TARGET_OF_RAPAMYCIN_TOR_SIGNALING,WP_TARGET_OF_RAPAMYCIN_TOR_SIGNALING] was killed by [WP_THERMOGENESIS,WP_THERMOGENESIS]
[REACTOME_CALNEXIN_CALRETICULIN_CYCLE,REACTOME_CALNEXIN_CALRETICULIN_CYCLE] was killed by [REACTOME_N_GLYCAN_TRIMMING_IN_THE_ER_AND_CALNEXIN_CALRETICULIN_CYCLE,REACTOME_N_GLYCAN_TRIMMING_IN_THE_ER_AND_CALNEXIN_CALRETICULIN_CYCLE]
[REACTOME_HEDGEHOG_ON_STATE,REACTOME_HEDGEHOG_ON_STATE] was killed by [REACTOME_INTERLEUKIN_1_FAMILY_SIGNALING,REACTOME_INTERLEUKIN_1_FAMILY_SIGNALING]
[WP_STEROL_REGULATORY_ELEMENTBINDING_PROTEINS_SREBP_SIGNALLING,WP_STEROL_REGULATORY_ELEMENTBINDING_PROTEINS_SREBP_SIGNALLING] was killed by [WP_THERMOGENESIS,WP_THERMOGENESIS]
[KEGG_MTOR_SIGNALING_PATHWAY,KEGG_MTOR_SIGNALING_PATHWAY] was killed by [WP_THERMOGENESIS,WP_THERMOGENESIS]
[ANDERSEN_LIVER_CANCER_KRT19_UP,ANDERSEN_LIVER_CANCER_KRT19_UP] was killed by [BILANGES_SERUM_AND_RAPAMYCIN_SENSITIVE_GENES,BILANGES_SERUM_AND_RAPAMYCIN_SENSITIVE_GENES]
[WP_CILIOPATHIES,WP_CILIOPATHIES] was killed by [ODONNELL_METASTASIS_UP,ODONNELL_METASTASIS_UP]
[REACTOME_SRP_DEPENDENT_COTRANSLATIONAL_PROTEIN_TARGETING_TO_MEMBRANE,REACTOME_SRP_DEPENDENT_COTRANSLATIONAL_PROTEIN_TARGETING_TO_MEMBRANE] was killed by [BILANGES_SERUM_AND_RAPAMYCIN_SENSITIVE_GENES,BILANGES_SERUM_AND_RAPAMYCIN_SENSITIVE_GENES]
[ZHONG_SECRETOME_OF_LUNG_CANCER_AND_MACROPHAGE,ZHONG_SECRETOME_OF_LUNG_CANCER_AND_MACROPHAGE] was killed by [BILANGES_SERUM_AND_RAPAMYCIN_SENSITIVE_GENES,BILANGES_SERUM_AND_RAPAMYCIN_SENSITIVE_GENES]
[KEGG_RIBOSOME,KEGG_RIBOSOME] was killed by [BILANGES_SERUM_AND_RAPAMYCIN_SENSITIVE_GENES,BILANGES_SERUM_AND_RAPAMYCIN_SENSITIVE_GENES]
[REACTOME_SIGNALING_BY_TGF_BETA_RECEPTOR_COMPLEX,REACTOME_SIGNALING_BY_TGF_BETA_RECEPTOR_COMPLEX] was killed by [REACTOME_FOXO_MEDIATED_TRANSCRIPTION_OF_OXIDATIVE_STRESS_METABOLIC_AND_NEURONAL_GENES,REACTOME_FOXO_MEDIATED_TRANSCRIPTION_OF_OXIDATIVE_STRESS_METABOLIC_AND_NEURONAL_GENES]
[REACTOME_MAPK6_MAPK4_SIGNALING,REACTOME_MAPK6_MAPK4_SIGNALING] was killed by [REACTOME_INTERLEUKIN_1_FAMILY_SIGNALING,REACTOME_INTERLEUKIN_1_FAMILY_SIGNALING]
[WP_BREAST_CANCER_PATHWAY,WP_BREAST_CANCER_PATHWAY] was killed by [WP_THERMOGENESIS,WP_THERMOGENESIS]
[REACTOME_NOTCH_HLH_TRANSCRIPTION_PATHWAY,REACTOME_NOTCH_HLH_TRANSCRIPTION_PATHWAY] was killed by [REACTOME_FOXO_MEDIATED_TRANSCRIPTION_OF_OXIDATIVE_STRESS_METABOLIC_AND_NEURONAL_GENES,REACTOME_FOXO_MEDIATED_TRANSCRIPTION_OF_OXIDATIVE_STRESS_METABOLIC_AND_NEURONAL_GENES]
[REACTOME_CELL_CELL_COMMUNICATION,REACTOME_CELL_CELL_COMMUNICATION] was killed by [WP_THERMOGENESIS,WP_THERMOGENESIS]
[WP_REGULATION_OF_TOLLLIKE_RECEPTOR_SIGNALING_PATHWAY,WP_REGULATION_OF_TOLLLIKE_RECEPTOR_SIGNALING_PATHWAY] was killed by [REACTOME_INTERLEUKIN_1_FAMILY_SIGNALING,REACTOME_INTERLEUKIN_1_FAMILY_SIGNALING]
[REACTOME_SIGNALING_BY_TGFB_FAMILY_MEMBERS,REACTOME_SIGNALING_BY_TGFB_FAMILY_MEMBERS] was killed by [REACTOME_FOXO_MEDIATED_TRANSCRIPTION_OF_OXIDATIVE_STRESS_METABOLIC_AND_NEURONAL_GENES,REACTOME_FOXO_MEDIATED_TRANSCRIPTION_OF_OXIDATIVE_STRESS_METABOLIC_AND_NEURONAL_GENES]
[REACTOME_RECYCLING_PATHWAY_OF_L1,REACTOME_RECYCLING_PATHWAY_OF_L1] was killed by [WP_THERMOGENESIS,WP_THERMOGENESIS]
[LIN_MELANOMA_COPY_NUMBER_DN,LIN_MELANOMA_COPY_NUMBER_DN] was killed by [BILANGES_SERUM_AND_RAPAMYCIN_SENSITIVE_GENES,BILANGES_SERUM_AND_RAPAMYCIN_SENSITIVE_GENES]
[BHATI_G2M_ARREST_BY_2METHOXYESTRADIOL_DN,BHATI_G2M_ARREST_BY_2METHOXYESTRADIOL_DN] was killed by [BILANGES_SERUM_AND_RAPAMYCIN_SENSITIVE_GENES,BILANGES_SERUM_AND_RAPAMYCIN_SENSITIVE_GENES]
[ZHONG_SECRETOME_OF_LUNG_CANCER_AND_ENDOTHELIUM,ZHONG_SECRETOME_OF_LUNG_CANCER_AND_ENDOTHELIUM] was killed by [BILANGES_SERUM_AND_RAPAMYCIN_SENSITIVE_GENES,BILANGES_SERUM_AND_RAPAMYCIN_SENSITIVE_GENES]
[TONKS_TARGETS_OF_RUNX1_RUNX1T1_FUSION_HSC_DN,TONKS_TARGETS_OF_RUNX1_RUNX1T1_FUSION_HSC_DN] was killed by [WP_HEMATOPOIETIC_STEM_CELL_DIFFERENTIATION,WP_HEMATOPOIETIC_STEM_CELL_DIFFERENTIATION]
[WP_NOTCH_SIGNALING_PATHWAY_NETPATH,WP_NOTCH_SIGNALING_PATHWAY_NETPATH] was killed by [WOOD_EBV_EBNA1_TARGETS_UP,WOOD_EBV_EBNA1_TARGETS_UP]
[DAIRKEE_CANCER_PRONE_RESPONSE_BPA,DAIRKEE_CANCER_PRONE_RESPONSE_BPA] was killed by [PID_P53_DOWNSTREAM_PATHWAY,PID_P53_DOWNSTREAM_PATHWAY]
[SCHEIDEREIT_IKK_INTERACTING_PROTEINS,SCHEIDEREIT_IKK_INTERACTING_PROTEINS] was killed by [PID_P53_DOWNSTREAM_PATHWAY,PID_P53_DOWNSTREAM_PATHWAY]
[REACTOME_TRANSCRIPTIONAL_REGULATION_BY_RUNX3,REACTOME_TRANSCRIPTIONAL_REGULATION_BY_RUNX3] was killed by [REACTOME_INTERLEUKIN_1_FAMILY_SIGNALING,REACTOME_INTERLEUKIN_1_FAMILY_SIGNALING]
[REACTOME_INTERLEUKIN_37_SIGNALING,REACTOME_INTERLEUKIN_37_SIGNALING] was killed by [REACTOME_INTERLEUKIN_1_FAMILY_SIGNALING,REACTOME_INTERLEUKIN_1_FAMILY_SIGNALING]
[WP_TNF_ALPHA_SIGNALING_PATHWAY,WP_TNF_ALPHA_SIGNALING_PATHWAY] was killed by [WP_THERMOGENESIS,WP_THERMOGENESIS]
[PID_NFKAPPAB_ATYPICAL_PATHWAY,PID_NFKAPPAB_ATYPICAL_PATHWAY] was killed by [REACTOME_INTERLEUKIN_1_FAMILY_SIGNALING,REACTOME_INTERLEUKIN_1_FAMILY_SIGNALING]
[BROWN_MYELOID_CELL_DEVELOPMENT_UP,BROWN_MYELOID_CELL_DEVELOPMENT_UP] was killed by [BILANGES_SERUM_AND_RAPAMYCIN_SENSITIVE_GENES,BILANGES_SERUM_AND_RAPAMYCIN_SENSITIVE_GENES]
[WP_SMALL_CELL_LUNG_CANCER,WP_SMALL_CELL_LUNG_CANCER] was killed by [PID_P53_DOWNSTREAM_PATHWAY,PID_P53_DOWNSTREAM_PATHWAY]
[PID_AR_PATHWAY,PID_AR_PATHWAY] was killed by [WP_THERMOGENESIS,WP_THERMOGENESIS]
