[TAANNYSGCG_UNKNOWN,TAANNYSGCG_UNKNOWN] was killed by [TMTCGCGANR_UNKNOWN,TMTCGCGANR_UNKNOWN]
[SGCGSSAAA_E2F1DP2_01,SGCGSSAAA_E2F1DP2_01] was killed by [PBX1_02,PBX1_02]
[GATA_Q6,GATA_Q6] was killed by [PBX1_02,PBX1_02]
[HEN1_01,HEN1_01] was killed by [YGCANTGCR_UNKNOWN,YGCANTGCR_UNKNOWN]
[AHRARNT_02,AHRARNT_02] was killed by [PBX1_02,PBX1_02]
[KCCGNSWTTT_UNKNOWN,KCCGNSWTTT_UNKNOWN] was killed by [TMTCGCGANR_UNKNOWN,TMTCGCGANR_UNKNOWN]
[MSX1_01,MSX1_01] was killed by [PBX1_02,PBX1_02]
[GKCGCNNNNNNNTGAYG_UNKNOWN,GKCGCNNNNNNNTGAYG_UNKNOWN] was killed by [PBX1_02,PBX1_02]
[NKX22_01,NKX22_01] was killed by [TMTCGCGANR_UNKNOWN,TMTCGCGANR_UNKNOWN]
[NCX_01,NCX_01] was killed by [EVI1_01,EVI1_01]
[GGCNKCCATNK_UNKNOWN,GGCNKCCATNK_UNKNOWN] was killed by [TMTCGCGANR_UNKNOWN,TMTCGCGANR_UNKNOWN]
[YNTTTNNNANGCARM_UNKNOWN,YNTTTNNNANGCARM_UNKNOWN] was killed by [NRSF_01,NRSF_01]
[PR_02,PR_02] was killed by [PBX1_02,PBX1_02]
[CDP_02,CDP_02] was killed by [PBX1_02,PBX1_02]
[CDP_01,CDP_01] was killed by [PBX1_02,PBX1_02]
[CDPCR1_01,CDPCR1_01] was killed by [PBX1_02,PBX1_02]
[GCGSCMNTTT_UNKNOWN,GCGSCMNTTT_UNKNOWN] was killed by [AAGWWRNYGGC_UNKNOWN,AAGWWRNYGGC_UNKNOWN]
[PAX6_01,PAX6_01] was killed by [PBX1_02,PBX1_02]
[PR_01,PR_01] was killed by [PBX1_02,PBX1_02]
[MYC_Q2,MYC_Q2] was killed by [SREBP1_01,SREBP1_01]
[STAT3_02,STAT3_02] was killed by [YGCANTGCR_UNKNOWN,YGCANTGCR_UNKNOWN]
[MIF1_01,MIF1_01] was killed by [GCGNNANTTCC_UNKNOWN,GCGNNANTTCC_UNKNOWN]
[AAANWWTGC_UNKNOWN,AAANWWTGC_UNKNOWN] was killed by [PBX1_02,PBX1_02]
[YTAAYNGCT_UNKNOWN,YTAAYNGCT_UNKNOWN] was killed by [PBX1_02,PBX1_02]
[CTCNANGTGNY_UNKNOWN,CTCNANGTGNY_UNKNOWN] was killed by [YGCANTGCR_UNKNOWN,YGCANTGCR_UNKNOWN]
[RYTAAWNNNTGAY_UNKNOWN,RYTAAWNNNTGAY_UNKNOWN] was killed by [PBX1_02,PBX1_02]
[LXR_Q3,LXR_Q3] was killed by [YGCANTGCR_UNKNOWN,YGCANTGCR_UNKNOWN]
[YAATNRNNNYNATT_UNKNOWN,YAATNRNNNYNATT_UNKNOWN] was killed by [PBX1_02,PBX1_02]
[PAX8_B,PAX8_B] was killed by [PBX1_02,PBX1_02]
[PAX5_01,PAX5_01] was killed by [PBX1_02,PBX1_02]
[KMCATNNWGGA_UNKNOWN,KMCATNNWGGA_UNKNOWN] was killed by [AAGWWRNYGGC_UNKNOWN,AAGWWRNYGGC_UNKNOWN]
[POU3F2_01,POU3F2_01] was killed by [PBX1_02,PBX1_02]
[ATGGYGGA_UNKNOWN,ATGGYGGA_UNKNOWN] was killed by [PBX1_02,PBX1_02]
[COMP1_01,COMP1_01] was killed by [PBX1_02,PBX1_02]
[GGCNRNWCTTYS_UNKNOWN,GGCNRNWCTTYS_UNKNOWN] was killed by [GCGNNANTTCC_UNKNOWN,GCGNNANTTCC_UNKNOWN]
[CRGAARNNNNCGA_UNKNOWN,CRGAARNNNNCGA_UNKNOWN] was killed by [SREBP1_01,SREBP1_01]
[HEN1_02,HEN1_02] was killed by [YGCANTGCR_UNKNOWN,YGCANTGCR_UNKNOWN]
[GATGKMRGCG_UNKNOWN,GATGKMRGCG_UNKNOWN] was killed by [AAGWWRNYGGC_UNKNOWN,AAGWWRNYGGC_UNKNOWN]
[HFH3_01,HFH3_01] was killed by [PBX1_02,PBX1_02]
[CAGNWMCNNNGAC_UNKNOWN,CAGNWMCNNNGAC_UNKNOWN] was killed by [NRSF_01,NRSF_01]
[GCCNNNWTAAR_UNKNOWN,GCCNNNWTAAR_UNKNOWN] was killed by [PBX1_02,PBX1_02]
[FXR_Q3,FXR_Q3] was killed by [PBX1_02,PBX1_02]
[ACAWNRNSRCGG_UNKNOWN,ACAWNRNSRCGG_UNKNOWN] was killed by [AAGWWRNYGGC_UNKNOWN,AAGWWRNYGGC_UNKNOWN]
[TAAYNRNNTCC_UNKNOWN,TAAYNRNNTCC_UNKNOWN] was killed by [PBX1_02,PBX1_02]
[SRF_01,SRF_01] was killed by [PBX1_02,PBX1_02]
[FREAC4_01,FREAC4_01] was killed by [YGCANTGCR_UNKNOWN,YGCANTGCR_UNKNOWN]
