[GOCC_IMMUNOGLOBULIN_COMPLEX_CIRCULATING,GOCC_IMMUNOGLOBULIN_COMPLEX_CIRCULATING] was killed by [GOCC_IMMUNOGLOBULIN_COMPLEX,GOCC_IMMUNOGLOBULIN_COMPLEX]
[GOCC_CYTOSOLIC_RIBOSOME,GOCC_CYTOSOLIC_RIBOSOME] was killed by [GOCC_RIBOSOMAL_SUBUNIT,GOCC_RIBOSOMAL_SUBUNIT]
[GOCC_U2_TYPE_SPLICEOSOMAL_COMPLEX,GOCC_U2_TYPE_SPLICEOSOMAL_COMPLEX] was killed by [GOCC_SPLICEOSOMAL_COMPLEX,GOCC_SPLICEOSOMAL_COMPLEX]
[GOCC_KINETOCHORE,GOCC_KINETOCHORE] was killed by [GOCC_CHROMOSOME_CENTROMERIC_REGION,GOCC_CHROMOSOME_CENTROMERIC_REGION]
[GOCC_SPINDLE_POLE,GOCC_SPINDLE_POLE] was killed by [GOCC_CHROMOSOME_CENTROMERIC_REGION,GOCC_CHROMOSOME_CENTROMERIC_REGION]
[GOCC_CHROMOSOME_TELOMERIC_REGION,GOCC_CHROMOSOME_TELOMERIC_REGION] was killed by [GOCC_CHROMOSOME_CENTROMERIC_REGION,GOCC_CHROMOSOME_CENTROMERIC_REGION]
[GOCC_LARGE_RIBOSOMAL_SUBUNIT,GOCC_LARGE_RIBOSOMAL_SUBUNIT] was killed by [GOCC_RIBOSOMAL_SUBUNIT,GOCC_RIBOSOMAL_SUBUNIT]
[GOCC_CATALYTIC_STEP_2_SPLICEOSOME,GOCC_CATALYTIC_STEP_2_SPLICEOSOME] was killed by [GOCC_SPLICEOSOMAL_COMPLEX,GOCC_SPLICEOSOMAL_COMPLEX]
[GOCC_BLOOD_MICROPARTICLE,GOCC_BLOOD_MICROPARTICLE] was killed by [GOCC_IMMUNOGLOBULIN_COMPLEX,GOCC_IMMUNOGLOBULIN_COMPLEX]
[GOCC_SITE_OF_DNA_DAMAGE,GOCC_SITE_OF_DNA_DAMAGE] was killed by [GOCC_CHROMOSOME_CENTROMERIC_REGION,GOCC_CHROMOSOME_CENTROMERIC_REGION]
[GOCC_TERTIARY_GRANULE,GOCC_TERTIARY_GRANULE] was killed by [GOCC_AZUROPHIL_GRANULE,GOCC_AZUROPHIL_GRANULE]
[GOCC_ENDOPEPTIDASE_COMPLEX,GOCC_ENDOPEPTIDASE_COMPLEX] was killed by [GOCC_PEPTIDASE_COMPLEX,GOCC_PEPTIDASE_COMPLEX]
[GOCC_MITOTIC_SPINDLE,GOCC_MITOTIC_SPINDLE] was killed by [GOCC_CHROMOSOME_CENTROMERIC_REGION,GOCC_CHROMOSOME_CENTROMERIC_REGION]
[GOCC_CYTOSOLIC_LARGE_RIBOSOMAL_SUBUNIT,GOCC_CYTOSOLIC_LARGE_RIBOSOMAL_SUBUNIT] was killed by [GOCC_RIBOSOMAL_SUBUNIT,GOCC_RIBOSOMAL_SUBUNIT]
[GOCC_CONDENSED_CHROMOSOME_CENTROMERIC_REGION,GOCC_CONDENSED_CHROMOSOME_CENTROMERIC_REGION] was killed by [GOCC_CHROMOSOME_CENTROMERIC_REGION,GOCC_CHROMOSOME_CENTROMERIC_REGION]
[GOCC_PRECATALYTIC_SPLICEOSOME,GOCC_PRECATALYTIC_SPLICEOSOME] was killed by [GOCC_SPLICEOSOMAL_COMPLEX,GOCC_SPLICEOSOMAL_COMPLEX]
[GOCC_ENDOPLASMIC_RETICULUM_PROTEIN_CONTAINING_COMPLEX,GOCC_ENDOPLASMIC_RETICULUM_PROTEIN_CONTAINING_COMPLEX] was killed by [GOCC_PEPTIDASE_COMPLEX,GOCC_PEPTIDASE_COMPLEX]
[GOCC_MIDBODY,GOCC_MIDBODY] was killed by [GOCC_CHROMOSOME_CENTROMERIC_REGION,GOCC_CHROMOSOME_CENTROMERIC_REGION]
[GOCC_SPECIFIC_GRANULE,GOCC_SPECIFIC_GRANULE] was killed by [GOCC_AZUROPHIL_GRANULE,GOCC_AZUROPHIL_GRANULE]
[GOCC_ORGANELLAR_RIBOSOME,GOCC_ORGANELLAR_RIBOSOME] was killed by [GOCC_RIBOSOMAL_SUBUNIT,GOCC_RIBOSOMAL_SUBUNIT]
[GOCC_POLYSOME,GOCC_POLYSOME] was killed by [GOCC_RIBOSOMAL_SUBUNIT,GOCC_RIBOSOMAL_SUBUNIT]
[GOCC_METHYLTRANSFERASE_COMPLEX,GOCC_METHYLTRANSFERASE_COMPLEX] was killed by [GOCC_SPLICEOSOMAL_COMPLEX,GOCC_SPLICEOSOMAL_COMPLEX]
[GOCC_NUCLEAR_PORE,GOCC_NUCLEAR_PORE] was killed by [GOCC_CHROMOSOME_CENTROMERIC_REGION,GOCC_CHROMOSOME_CENTROMERIC_REGION]
[GOCC_SPINDLE_MICROTUBULE,GOCC_SPINDLE_MICROTUBULE] was killed by [GOCC_CHROMOSOME_CENTROMERIC_REGION,GOCC_CHROMOSOME_CENTROMERIC_REGION]
[GOCC_PIGMENT_GRANULE,GOCC_PIGMENT_GRANULE] was killed by [GOCC_AZUROPHIL_GRANULE,GOCC_AZUROPHIL_GRANULE]
[GOCC_PROTEIN_ACETYLTRANSFERASE_COMPLEX,GOCC_PROTEIN_ACETYLTRANSFERASE_COMPLEX] was killed by [GOCC_PEPTIDASE_COMPLEX,GOCC_PEPTIDASE_COMPLEX]
[GOCC_CYTOSOLIC_SMALL_RIBOSOMAL_SUBUNIT,GOCC_CYTOSOLIC_SMALL_RIBOSOMAL_SUBUNIT] was killed by [GOCC_RIBOSOMAL_SUBUNIT,GOCC_RIBOSOMAL_SUBUNIT]
[GOCC_REPLICATION_FORK,GOCC_REPLICATION_FORK] was killed by [GOCC_SITE_OF_DOUBLE_STRAND_BREAK,GOCC_SITE_OF_DOUBLE_STRAND_BREAK]
[GOCC_SMALL_RIBOSOMAL_SUBUNIT,GOCC_SMALL_RIBOSOMAL_SUBUNIT] was killed by [GOCC_RIBOSOMAL_SUBUNIT,GOCC_RIBOSOMAL_SUBUNIT]
[GOCC_NUCLEAR_PERIPHERY,GOCC_NUCLEAR_PERIPHERY] was killed by [GOCC_SPLICEOSOMAL_COMPLEX,GOCC_SPLICEOSOMAL_COMPLEX]
[GOCC_RESPIRASOME,GOCC_RESPIRASOME] was killed by [GOCC_INNER_MITOCHONDRIAL_MEMBRANE_PROTEIN_COMPLEX,GOCC_INNER_MITOCHONDRIAL_MEMBRANE_PROTEIN_COMPLEX]
[GOCC_FICOLIN_1_RICH_GRANULE,GOCC_FICOLIN_1_RICH_GRANULE] was killed by [GOCC_AZUROPHIL_GRANULE,GOCC_AZUROPHIL_GRANULE]
[GOCC_FICOLIN_1_RICH_GRANULE_LUMEN,GOCC_FICOLIN_1_RICH_GRANULE_LUMEN] was killed by [GOCC_AZUROPHIL_GRANULE,GOCC_AZUROPHIL_GRANULE]
[GOCC_HOST_CELLULAR_COMPONENT,GOCC_HOST_CELLULAR_COMPONENT] was killed by [GOCC_CHROMOSOME_CENTROMERIC_REGION,GOCC_CHROMOSOME_CENTROMERIC_REGION]
[GOCC_PHAGOCYTIC_VESICLE_MEMBRANE,GOCC_PHAGOCYTIC_VESICLE_MEMBRANE] was killed by [GOCC_AZUROPHIL_GRANULE,GOCC_AZUROPHIL_GRANULE]
[GOCC_VACUOLAR_LUMEN,GOCC_VACUOLAR_LUMEN] was killed by [GOCC_AZUROPHIL_GRANULE,GOCC_AZUROPHIL_GRANULE]
[GOCC_MITOCHONDRIAL_LARGE_RIBOSOMAL_SUBUNIT,GOCC_MITOCHONDRIAL_LARGE_RIBOSOMAL_SUBUNIT] was killed by [GOCC_RIBOSOMAL_SUBUNIT,GOCC_RIBOSOMAL_SUBUNIT]
[GOCC_RNA_POLYMERASE_COMPLEX,GOCC_RNA_POLYMERASE_COMPLEX] was killed by [GOCC_PEPTIDASE_COMPLEX,GOCC_PEPTIDASE_COMPLEX]
[GOCC_LYSOSOMAL_LUMEN,GOCC_LYSOSOMAL_LUMEN] was killed by [GOCC_AZUROPHIL_GRANULE,GOCC_AZUROPHIL_GRANULE]
[GOCC_SM_LIKE_PROTEIN_FAMILY_COMPLEX,GOCC_SM_LIKE_PROTEIN_FAMILY_COMPLEX] was killed by [GOCC_SPLICEOSOMAL_COMPLEX,GOCC_SPLICEOSOMAL_COMPLEX]
[GOCC_PROTON_TRANSPORTING_TWO_SECTOR_ATPASE_COMPLEX,GOCC_PROTON_TRANSPORTING_TWO_SECTOR_ATPASE_COMPLEX] was killed by [GOCC_INNER_MITOCHONDRIAL_MEMBRANE_PROTEIN_COMPLEX,GOCC_INNER_MITOCHONDRIAL_MEMBRANE_PROTEIN_COMPLEX]
[GOCC_AZUROPHIL_GRANULE_LUMEN,GOCC_AZUROPHIL_GRANULE_LUMEN] was killed by [GOCC_AZUROPHIL_GRANULE,GOCC_AZUROPHIL_GRANULE]
[GOCC_RESPIRATORY_CHAIN_COMPLEX,GOCC_RESPIRATORY_CHAIN_COMPLEX] was killed by [GOCC_INNER_MITOCHONDRIAL_MEMBRANE_PROTEIN_COMPLEX,GOCC_INNER_MITOCHONDRIAL_MEMBRANE_PROTEIN_COMPLEX]
[GOCC_PML_BODY,GOCC_PML_BODY] was killed by [GOCC_CHROMOSOME_CENTROMERIC_REGION,GOCC_CHROMOSOME_CENTROMERIC_REGION]
[GOCC_SPECIFIC_GRANULE_LUMEN,GOCC_SPECIFIC_GRANULE_LUMEN] was killed by [GOCC_AZUROPHIL_GRANULE,GOCC_AZUROPHIL_GRANULE]
[GOCC_SMALL_NUCLEAR_RIBONUCLEOPROTEIN_COMPLEX,GOCC_SMALL_NUCLEAR_RIBONUCLEOPROTEIN_COMPLEX] was killed by [GOCC_SPLICEOSOMAL_COMPLEX,GOCC_SPLICEOSOMAL_COMPLEX]
[GOCC_FIBRILLAR_CENTER,GOCC_FIBRILLAR_CENTER] was killed by [GOCC_PRERIBOSOME,GOCC_PRERIBOSOME]
[GOCC_INTRINSIC_COMPONENT_OF_SYNAPTIC_MEMBRANE,GOCC_INTRINSIC_COMPONENT_OF_SYNAPTIC_MEMBRANE] was killed by [GOCC_ANCHORED_COMPONENT_OF_MEMBRANE,GOCC_ANCHORED_COMPONENT_OF_MEMBRANE]
[GOCC_MOTILE_CILIUM,GOCC_MOTILE_CILIUM] was killed by [GOCC_CENTRIOLE,GOCC_CENTRIOLE]
[GOCC_9PLUS2_MOTILE_CILIUM,GOCC_9PLUS2_MOTILE_CILIUM] was killed by [GOCC_CENTRIOLE,GOCC_CENTRIOLE]
[GOCC_PHAGOCYTIC_VESICLE,GOCC_PHAGOCYTIC_VESICLE] was killed by [GOCC_AZUROPHIL_GRANULE,GOCC_AZUROPHIL_GRANULE]
[GOCC_INTRINSIC_COMPONENT_OF_POSTSYNAPTIC_MEMBRANE,GOCC_INTRINSIC_COMPONENT_OF_POSTSYNAPTIC_MEMBRANE] was killed by [GOCC_EXCITATORY_SYNAPSE,GOCC_EXCITATORY_SYNAPSE]
[GOCC_POLYSOMAL_RIBOSOME,GOCC_POLYSOMAL_RIBOSOME] was killed by [GOCC_RIBOSOMAL_SUBUNIT,GOCC_RIBOSOMAL_SUBUNIT]
[GOCC_INTRACILIARY_TRANSPORT_PARTICLE,GOCC_INTRACILIARY_TRANSPORT_PARTICLE] was killed by [GOCC_CENTRIOLE,GOCC_CENTRIOLE]
[GOCC_RNA_POLYMERASE_II_HOLOENZYME,GOCC_RNA_POLYMERASE_II_HOLOENZYME] was killed by [GOCC_PEPTIDASE_COMPLEX,GOCC_PEPTIDASE_COMPLEX]
[GOCC_HETEROCHROMATIN,GOCC_HETEROCHROMATIN] was killed by [GOCC_CHROMOSOME_CENTROMERIC_REGION,GOCC_CHROMOSOME_CENTROMERIC_REGION]
[GOCC_AZUROPHIL_GRANULE_MEMBRANE,GOCC_AZUROPHIL_GRANULE_MEMBRANE] was killed by [GOCC_AZUROPHIL_GRANULE,GOCC_AZUROPHIL_GRANULE]
[GOCC_RUFFLE,GOCC_RUFFLE] was killed by [GOCC_LAMELLIPODIUM,GOCC_LAMELLIPODIUM]
[GOCC_SMALL_SUBUNIT_PROCESSOME,GOCC_SMALL_SUBUNIT_PROCESSOME] was killed by [GOCC_PRERIBOSOME,GOCC_PRERIBOSOME]
[GOCC_DNA_REPAIR_COMPLEX,GOCC_DNA_REPAIR_COMPLEX] was killed by [GOCC_SITE_OF_DOUBLE_STRAND_BREAK,GOCC_SITE_OF_DOUBLE_STRAND_BREAK]
[GOCC_LATE_ENDOSOME_MEMBRANE,GOCC_LATE_ENDOSOME_MEMBRANE] was killed by [GOCC_AZUROPHIL_GRANULE,GOCC_AZUROPHIL_GRANULE]
[GOCC_ADHERENS_JUNCTION,GOCC_ADHERENS_JUNCTION] was killed by [GOCC_LAMELLIPODIUM,GOCC_LAMELLIPODIUM]
[GOCC_TERTIARY_GRANULE_MEMBRANE,GOCC_TERTIARY_GRANULE_MEMBRANE] was killed by [GOCC_AZUROPHIL_GRANULE,GOCC_AZUROPHIL_GRANULE]
[GOCC_I_BAND,GOCC_I_BAND] was killed by [GOCC_LAMELLIPODIUM,GOCC_LAMELLIPODIUM]
[GOCC_POTASSIUM_CHANNEL_COMPLEX,GOCC_POTASSIUM_CHANNEL_COMPLEX] was killed by [GOCC_MAIN_AXON,GOCC_MAIN_AXON]
[GOCC_GOLGI_LUMEN,GOCC_GOLGI_LUMEN] was killed by [GOCC_ANCHORED_COMPONENT_OF_MEMBRANE,GOCC_ANCHORED_COMPONENT_OF_MEMBRANE]
[GOCC_NADH_DEHYDROGENASE_COMPLEX,GOCC_NADH_DEHYDROGENASE_COMPLEX] was killed by [GOCC_INNER_MITOCHONDRIAL_MEMBRANE_PROTEIN_COMPLEX,GOCC_INNER_MITOCHONDRIAL_MEMBRANE_PROTEIN_COMPLEX]
[GOCC_U2_TYPE_CATALYTIC_STEP_2_SPLICEOSOME,GOCC_U2_TYPE_CATALYTIC_STEP_2_SPLICEOSOME] was killed by [GOCC_SPLICEOSOMAL_COMPLEX,GOCC_SPLICEOSOMAL_COMPLEX]
[GOCC_HAPTOGLOBIN_HEMOGLOBIN_COMPLEX,GOCC_HAPTOGLOBIN_HEMOGLOBIN_COMPLEX] was killed by [GOCC_HEMOGLOBIN_COMPLEX,GOCC_HEMOGLOBIN_COMPLEX]
[GOCC_90S_PRERIBOSOME,GOCC_90S_PRERIBOSOME] was killed by [GOCC_PRERIBOSOME,GOCC_PRERIBOSOME]
[GOCC_HISTONE_METHYLTRANSFERASE_COMPLEX,GOCC_HISTONE_METHYLTRANSFERASE_COMPLEX] was killed by [GOCC_SWI_SNF_SUPERFAMILY_TYPE_COMPLEX,GOCC_SWI_SNF_SUPERFAMILY_TYPE_COMPLEX]
[GOCC_MHC_CLASS_II_PROTEIN_COMPLEX,GOCC_MHC_CLASS_II_PROTEIN_COMPLEX] was killed by [GOCC_MHC_PROTEIN_COMPLEX,GOCC_MHC_PROTEIN_COMPLEX]
[GOCC_FICOLIN_1_RICH_GRANULE_MEMBRANE,GOCC_FICOLIN_1_RICH_GRANULE_MEMBRANE] was killed by [GOCC_AZUROPHIL_GRANULE,GOCC_AZUROPHIL_GRANULE]
[GOCC_ATPASE_COMPLEX,GOCC_ATPASE_COMPLEX] was killed by [GOCC_SWI_SNF_SUPERFAMILY_TYPE_COMPLEX,GOCC_SWI_SNF_SUPERFAMILY_TYPE_COMPLEX]
[GOCC_INTRINSIC_COMPONENT_OF_POSTSYNAPTIC_SPECIALIZATION_MEMBRANE,GOCC_INTRINSIC_COMPONENT_OF_POSTSYNAPTIC_SPECIALIZATION_MEMBRANE] was killed by [GOCC_EXCITATORY_SYNAPSE,GOCC_EXCITATORY_SYNAPSE]
[GOCC_OXIDOREDUCTASE_COMPLEX,GOCC_OXIDOREDUCTASE_COMPLEX] was killed by [GOCC_INNER_MITOCHONDRIAL_MEMBRANE_PROTEIN_COMPLEX,GOCC_INNER_MITOCHONDRIAL_MEMBRANE_PROTEIN_COMPLEX]
[GOCC_MLL1_2_COMPLEX,GOCC_MLL1_2_COMPLEX] was killed by [GOCC_SWI_SNF_SUPERFAMILY_TYPE_COMPLEX,GOCC_SWI_SNF_SUPERFAMILY_TYPE_COMPLEX]
[GOCC_ENDOCYTIC_VESICLE_MEMBRANE,GOCC_ENDOCYTIC_VESICLE_MEMBRANE] was killed by [GOCC_AZUROPHIL_GRANULE,GOCC_AZUROPHIL_GRANULE]
[GOCC_PRERIBOSOME_LARGE_SUBUNIT_PRECURSOR,GOCC_PRERIBOSOME_LARGE_SUBUNIT_PRECURSOR] was killed by [GOCC_PRERIBOSOME,GOCC_PRERIBOSOME]
[GOCC_NUCLEAR_PORE_NUCLEAR_BASKET,GOCC_NUCLEAR_PORE_NUCLEAR_BASKET] was killed by [GOCC_CHROMOSOME_CENTROMERIC_REGION,GOCC_CHROMOSOME_CENTROMERIC_REGION]
[GOCC_PRESYNAPTIC_ACTIVE_ZONE,GOCC_PRESYNAPTIC_ACTIVE_ZONE] was killed by [GOCC_ANCHORED_COMPONENT_OF_MEMBRANE,GOCC_ANCHORED_COMPONENT_OF_MEMBRANE]
[GOCC_ACROSOMAL_VESICLE,GOCC_ACROSOMAL_VESICLE] was killed by [GOCC_ANCHORED_COMPONENT_OF_MEMBRANE,GOCC_ANCHORED_COMPONENT_OF_MEMBRANE]
[GOCC_CUL4_RING_E3_UBIQUITIN_LIGASE_COMPLEX,GOCC_CUL4_RING_E3_UBIQUITIN_LIGASE_COMPLEX] was killed by [GOCC_CULLIN_RING_UBIQUITIN_LIGASE_COMPLEX,GOCC_CULLIN_RING_UBIQUITIN_LIGASE_COMPLEX]
[GOCC_SEX_CHROMOSOME,GOCC_SEX_CHROMOSOME] was killed by [GOCC_CHROMOSOME_CENTROMERIC_REGION,GOCC_CHROMOSOME_CENTROMERIC_REGION]
[GOCC_NUCLEAR_EXOSOME_RNASE_COMPLEX,GOCC_NUCLEAR_EXOSOME_RNASE_COMPLEX] was killed by [GOCC_EXORIBONUCLEASE_COMPLEX,GOCC_EXORIBONUCLEASE_COMPLEX]
[GOCC_LAMELLIPODIUM_MEMBRANE,GOCC_LAMELLIPODIUM_MEMBRANE] was killed by [GOCC_LAMELLIPODIUM,GOCC_LAMELLIPODIUM]
[GOCC_PROTEASOME_ACCESSORY_COMPLEX,GOCC_PROTEASOME_ACCESSORY_COMPLEX] was killed by [GOCC_PEPTIDASE_COMPLEX,GOCC_PEPTIDASE_COMPLEX]
[GOCC_H4_HISTONE_ACETYLTRANSFERASE_COMPLEX,GOCC_H4_HISTONE_ACETYLTRANSFERASE_COMPLEX] was killed by [GOCC_CHROMOSOME_CENTROMERIC_REGION,GOCC_CHROMOSOME_CENTROMERIC_REGION]
[GOCC_TRANSCRIPTION_ELONGATION_FACTOR_COMPLEX,GOCC_TRANSCRIPTION_ELONGATION_FACTOR_COMPLEX] was killed by [GOCC_PROTEIN_KINASE_COMPLEX,GOCC_PROTEIN_KINASE_COMPLEX]
[GOCC_MITOTIC_SPINDLE_POLE,GOCC_MITOTIC_SPINDLE_POLE] was killed by [GOCC_CHROMOSOME_CENTROMERIC_REGION,GOCC_CHROMOSOME_CENTROMERIC_REGION]
[GOCC_POSTSYNAPTIC_SPECIALIZATION_MEMBRANE,GOCC_POSTSYNAPTIC_SPECIALIZATION_MEMBRANE] was killed by [GOCC_EXCITATORY_SYNAPSE,GOCC_EXCITATORY_SYNAPSE]
[GOCC_GOLGI_STACK,GOCC_GOLGI_STACK] was killed by [GOCC_GOLGI_CISTERNA,GOCC_GOLGI_CISTERNA]
[GOCC_AXON_INITIAL_SEGMENT,GOCC_AXON_INITIAL_SEGMENT] was killed by [GOCC_MAIN_AXON,GOCC_MAIN_AXON]
[GOCC_BASEMENT_MEMBRANE,GOCC_BASEMENT_MEMBRANE] was killed by [GOCC_COLLAGEN_TRIMER,GOCC_COLLAGEN_TRIMER]
[GOCC_CYTOPLASMIC_EXOSOME_RNASE_COMPLEX,GOCC_CYTOPLASMIC_EXOSOME_RNASE_COMPLEX] was killed by [GOCC_EXORIBONUCLEASE_COMPLEX,GOCC_EXORIBONUCLEASE_COMPLEX]
[GOCC_NUCLEAR_REPLICATION_FORK,GOCC_NUCLEAR_REPLICATION_FORK] was killed by [GOCC_SPLICEOSOMAL_COMPLEX,GOCC_SPLICEOSOMAL_COMPLEX]
[GOCC_NUCLEAR_UBIQUITIN_LIGASE_COMPLEX,GOCC_NUCLEAR_UBIQUITIN_LIGASE_COMPLEX] was killed by [GOCC_CULLIN_RING_UBIQUITIN_LIGASE_COMPLEX,GOCC_CULLIN_RING_UBIQUITIN_LIGASE_COMPLEX]
[GOCC_INTERCELLULAR_BRIDGE,GOCC_INTERCELLULAR_BRIDGE] was killed by [GOCC_CHROMOSOME_CENTROMERIC_REGION,GOCC_CHROMOSOME_CENTROMERIC_REGION]
[GOCC_TIM23_MITOCHONDRIAL_IMPORT_INNER_MEMBRANE_TRANSLOCASE_COMPLEX,GOCC_TIM23_MITOCHONDRIAL_IMPORT_INNER_MEMBRANE_TRANSLOCASE_COMPLEX] was killed by [GOCC_INNER_MITOCHONDRIAL_MEMBRANE_PROTEIN_COMPLEX,GOCC_INNER_MITOCHONDRIAL_MEMBRANE_PROTEIN_COMPLEX]
[GOCC_CYCLIN_DEPENDENT_PROTEIN_KINASE_HOLOENZYME_COMPLEX,GOCC_CYCLIN_DEPENDENT_PROTEIN_KINASE_HOLOENZYME_COMPLEX] was killed by [GOCC_PROTEIN_KINASE_COMPLEX,GOCC_PROTEIN_KINASE_COMPLEX]
[GOCC_RECYCLING_ENDOSOME,GOCC_RECYCLING_ENDOSOME] was killed by [GOCC_MHC_PROTEIN_COMPLEX,GOCC_MHC_PROTEIN_COMPLEX]
[GOCC_MITOCHONDRIAL_SMALL_RIBOSOMAL_SUBUNIT,GOCC_MITOCHONDRIAL_SMALL_RIBOSOMAL_SUBUNIT] was killed by [GOCC_RIBOSOMAL_SUBUNIT,GOCC_RIBOSOMAL_SUBUNIT]
[GOCC_NUCLEAR_INCLUSION_BODY,GOCC_NUCLEAR_INCLUSION_BODY] was killed by [GOCC_CHROMOSOME_CENTROMERIC_REGION,GOCC_CHROMOSOME_CENTROMERIC_REGION]
[GOCC_SPECIFIC_GRANULE_MEMBRANE,GOCC_SPECIFIC_GRANULE_MEMBRANE] was killed by [GOCC_AZUROPHIL_GRANULE,GOCC_AZUROPHIL_GRANULE]
[GOCC_PRESYNAPTIC_ACTIVE_ZONE_MEMBRANE,GOCC_PRESYNAPTIC_ACTIVE_ZONE_MEMBRANE] was killed by [GOCC_ANCHORED_COMPONENT_OF_MEMBRANE,GOCC_ANCHORED_COMPONENT_OF_MEMBRANE]
[GOCC_ORGANELLE_ENVELOPE_LUMEN,GOCC_ORGANELLE_ENVELOPE_LUMEN] was killed by [GOCC_INNER_MITOCHONDRIAL_MEMBRANE_PROTEIN_COMPLEX,GOCC_INNER_MITOCHONDRIAL_MEMBRANE_PROTEIN_COMPLEX]
[GOCC_RECYCLING_ENDOSOME_MEMBRANE,GOCC_RECYCLING_ENDOSOME_MEMBRANE] was killed by [GOCC_MHC_PROTEIN_COMPLEX,GOCC_MHC_PROTEIN_COMPLEX]
[GOCC_COMPLEX_OF_COLLAGEN_TRIMERS,GOCC_COMPLEX_OF_COLLAGEN_TRIMERS] was killed by [GOCC_COLLAGEN_TRIMER,GOCC_COLLAGEN_TRIMER]
[GOCC_MYELIN_SHEATH,GOCC_MYELIN_SHEATH] was killed by [GOCC_MAIN_AXON,GOCC_MAIN_AXON]
[GOCC_ADA2_GCN5_ADA3_TRANSCRIPTION_ACTIVATOR_COMPLEX,GOCC_ADA2_GCN5_ADA3_TRANSCRIPTION_ACTIVATOR_COMPLEX] was killed by [GOCC_PEPTIDASE_COMPLEX,GOCC_PEPTIDASE_COMPLEX]
[GOCC_AUTOPHAGOSOME,GOCC_AUTOPHAGOSOME] was killed by [GOCC_PROTEIN_KINASE_COMPLEX,GOCC_PROTEIN_KINASE_COMPLEX]
[GOCC_CATALYTIC_STEP_1_SPLICEOSOME,GOCC_CATALYTIC_STEP_1_SPLICEOSOME] was killed by [GOCC_SPLICEOSOMAL_COMPLEX,GOCC_SPLICEOSOMAL_COMPLEX]
[GOCC_CUL3_RING_UBIQUITIN_LIGASE_COMPLEX,GOCC_CUL3_RING_UBIQUITIN_LIGASE_COMPLEX] was killed by [GOCC_CULLIN_RING_UBIQUITIN_LIGASE_COMPLEX,GOCC_CULLIN_RING_UBIQUITIN_LIGASE_COMPLEX]
[GOCC_MEDIATOR_COMPLEX,GOCC_MEDIATOR_COMPLEX] was killed by [GOCC_PROTEIN_KINASE_COMPLEX,GOCC_PROTEIN_KINASE_COMPLEX]
[GOCC_SPINDLE_POLE_CENTROSOME,GOCC_SPINDLE_POLE_CENTROSOME] was killed by [GOCC_CHROMOSOME_CENTROMERIC_REGION,GOCC_CHROMOSOME_CENTROMERIC_REGION]
[GOCC_MICROBODY_MEMBRANE,GOCC_MICROBODY_MEMBRANE] was killed by [GOCC_MICROBODY,GOCC_MICROBODY]
[GOCC_PROTON_TRANSPORTING_TWO_SECTOR_ATPASE_COMPLEX_CATALYTIC_DOMAIN,GOCC_PROTON_TRANSPORTING_TWO_SECTOR_ATPASE_COMPLEX_CATALYTIC_DOMAIN] was killed by [GOCC_INNER_MITOCHONDRIAL_MEMBRANE_PROTEIN_COMPLEX,GOCC_INNER_MITOCHONDRIAL_MEMBRANE_PROTEIN_COMPLEX]
[GOCC_MHC_CLASS_I_PROTEIN_COMPLEX,GOCC_MHC_CLASS_I_PROTEIN_COMPLEX] was killed by [GOCC_MHC_PROTEIN_COMPLEX,GOCC_MHC_PROTEIN_COMPLEX]
[GOCC_NEURON_PROJECTION_TERMINUS,GOCC_NEURON_PROJECTION_TERMINUS] was killed by [GOCC_EXCITATORY_SYNAPSE,GOCC_EXCITATORY_SYNAPSE]
[GOCC_PROTON_TRANSPORTING_TWO_SECTOR_ATPASE_COMPLEX_PROTON_TRANSPORTING_DOMAIN,GOCC_PROTON_TRANSPORTING_TWO_SECTOR_ATPASE_COMPLEX_PROTON_TRANSPORTING_DOMAIN] was killed by [GOCC_INNER_MITOCHONDRIAL_MEMBRANE_PROTEIN_COMPLEX,GOCC_INNER_MITOCHONDRIAL_MEMBRANE_PROTEIN_COMPLEX]
[GOCC_CELL_BODY_MEMBRANE,GOCC_CELL_BODY_MEMBRANE] was killed by [GOCC_MAIN_AXON,GOCC_MAIN_AXON]
[GOCC_LUMENAL_SIDE_OF_MEMBRANE,GOCC_LUMENAL_SIDE_OF_MEMBRANE] was killed by [GOCC_MHC_PROTEIN_COMPLEX,GOCC_MHC_PROTEIN_COMPLEX]
[GOCC_PLATELET_ALPHA_GRANULE,GOCC_PLATELET_ALPHA_GRANULE] was killed by [GOCC_TERTIARY_GRANULE_LUMEN,GOCC_TERTIARY_GRANULE_LUMEN]
[GOCC_NEUROTRANSMITTER_RECEPTOR_COMPLEX,GOCC_NEUROTRANSMITTER_RECEPTOR_COMPLEX] was killed by [GOCC_EXCITATORY_SYNAPSE,GOCC_EXCITATORY_SYNAPSE]
[GOCC_INTRINSIC_COMPONENT_OF_ENDOPLASMIC_RETICULUM_MEMBRANE,GOCC_INTRINSIC_COMPONENT_OF_ENDOPLASMIC_RETICULUM_MEMBRANE] was killed by [GOCC_PEPTIDASE_COMPLEX,GOCC_PEPTIDASE_COMPLEX]
[GOCC_PCG_PROTEIN_COMPLEX,GOCC_PCG_PROTEIN_COMPLEX] was killed by [GOCC_SWI_SNF_SUPERFAMILY_TYPE_COMPLEX,GOCC_SWI_SNF_SUPERFAMILY_TYPE_COMPLEX]
[GOCC_INTRACILIARY_TRANSPORT_PARTICLE_B,GOCC_INTRACILIARY_TRANSPORT_PARTICLE_B] was killed by [GOCC_CENTRIOLE,GOCC_CENTRIOLE]
[GOCC_SARCOLEMMA,GOCC_SARCOLEMMA] was killed by [GOCC_LAMELLIPODIUM,GOCC_LAMELLIPODIUM]
[GOCC_GOLGI_CISTERNA_MEMBRANE,GOCC_GOLGI_CISTERNA_MEMBRANE] was killed by [GOCC_GOLGI_CISTERNA,GOCC_GOLGI_CISTERNA]
[GOCC_PRERIBOSOME_SMALL_SUBUNIT_PRECURSOR,GOCC_PRERIBOSOME_SMALL_SUBUNIT_PRECURSOR] was killed by [GOCC_PRERIBOSOME,GOCC_PRERIBOSOME]
[GOCC_SWI_SNF_COMPLEX,GOCC_SWI_SNF_COMPLEX] was killed by [GOCC_SWI_SNF_SUPERFAMILY_TYPE_COMPLEX,GOCC_SWI_SNF_SUPERFAMILY_TYPE_COMPLEX]
[GOCC_PHAGOCYTIC_CUP,GOCC_PHAGOCYTIC_CUP] was killed by [GOCC_LAMELLIPODIUM,GOCC_LAMELLIPODIUM]
[GOCC_ENDOSOME_LUMEN,GOCC_ENDOSOME_LUMEN] was killed by [GOCC_TERTIARY_GRANULE_LUMEN,GOCC_TERTIARY_GRANULE_LUMEN]
[GOCC_PHOTORECEPTOR_OUTER_SEGMENT_MEMBRANE,GOCC_PHOTORECEPTOR_OUTER_SEGMENT_MEMBRANE] was killed by [GOCC_PHOTORECEPTOR_OUTER_SEGMENT,GOCC_PHOTORECEPTOR_OUTER_SEGMENT]
[GOCC_TERMINAL_BOUTON,GOCC_TERMINAL_BOUTON] was killed by [GOCC_EXCITATORY_SYNAPSE,GOCC_EXCITATORY_SYNAPSE]
[GOCC_GOLGI_CIS_CISTERNA,GOCC_GOLGI_CIS_CISTERNA] was killed by [GOCC_GOLGI_CISTERNA,GOCC_GOLGI_CISTERNA]
[GOCC_PHOSPHATASE_COMPLEX,GOCC_PHOSPHATASE_COMPLEX] was killed by [GOCC_CHROMOSOME_CENTROMERIC_REGION,GOCC_CHROMOSOME_CENTROMERIC_REGION]
[GOCC_INTRINSIC_COMPONENT_OF_MITOCHONDRIAL_INNER_MEMBRANE,GOCC_INTRINSIC_COMPONENT_OF_MITOCHONDRIAL_INNER_MEMBRANE] was killed by [GOCC_INNER_MITOCHONDRIAL_MEMBRANE_PROTEIN_COMPLEX,GOCC_INNER_MITOCHONDRIAL_MEMBRANE_PROTEIN_COMPLEX]
[GOCC_HISTONE_DEACETYLASE_COMPLEX,GOCC_HISTONE_DEACETYLASE_COMPLEX] was killed by [GOCC_SWI_SNF_SUPERFAMILY_TYPE_COMPLEX,GOCC_SWI_SNF_SUPERFAMILY_TYPE_COMPLEX]
[GOCC_EXON_EXON_JUNCTION_COMPLEX,GOCC_EXON_EXON_JUNCTION_COMPLEX] was killed by [GOCC_SPLICEOSOMAL_COMPLEX,GOCC_SPLICEOSOMAL_COMPLEX]
[GOCC_ESCRT_COMPLEX,GOCC_ESCRT_COMPLEX] was killed by [GOCC_MEMBRANE_COAT,GOCC_MEMBRANE_COAT]
[GOCC_INTRINSIC_COMPONENT_OF_PRESYNAPTIC_ACTIVE_ZONE_MEMBRANE,GOCC_INTRINSIC_COMPONENT_OF_PRESYNAPTIC_ACTIVE_ZONE_MEMBRANE] was killed by [GOCC_ANCHORED_COMPONENT_OF_MEMBRANE,GOCC_ANCHORED_COMPONENT_OF_MEMBRANE]
[GOCC_P_BODY,GOCC_P_BODY] was killed by [GOCC_SPLICEOSOMAL_COMPLEX,GOCC_SPLICEOSOMAL_COMPLEX]
[GOCC_LUMENAL_SIDE_OF_ENDOPLASMIC_RETICULUM_MEMBRANE,GOCC_LUMENAL_SIDE_OF_ENDOPLASMIC_RETICULUM_MEMBRANE] was killed by [GOCC_MHC_PROTEIN_COMPLEX,GOCC_MHC_PROTEIN_COMPLEX]
[GOCC_INTRINSIC_COMPONENT_OF_MITOCHONDRIAL_MEMBRANE,GOCC_INTRINSIC_COMPONENT_OF_MITOCHONDRIAL_MEMBRANE] was killed by [GOCC_INNER_MITOCHONDRIAL_MEMBRANE_PROTEIN_COMPLEX,GOCC_INNER_MITOCHONDRIAL_MEMBRANE_PROTEIN_COMPLEX]
[GOCC_TRANSCRIPTION_FACTOR_TFIID_COMPLEX,GOCC_TRANSCRIPTION_FACTOR_TFIID_COMPLEX] was killed by [GOCC_PEPTIDASE_COMPLEX,GOCC_PEPTIDASE_COMPLEX]
[GOCC_PROTON_TRANSPORTING_ATP_SYNTHASE_COMPLEX,GOCC_PROTON_TRANSPORTING_ATP_SYNTHASE_COMPLEX] was killed by [GOCC_INNER_MITOCHONDRIAL_MEMBRANE_PROTEIN_COMPLEX,GOCC_INNER_MITOCHONDRIAL_MEMBRANE_PROTEIN_COMPLEX]
[GOCC_ENDORIBONUCLEASE_COMPLEX,GOCC_ENDORIBONUCLEASE_COMPLEX] was killed by [GOCC_NUCLEOID,GOCC_NUCLEOID]
[GOCC_PROTEASOME_REGULATORY_PARTICLE_BASE_SUBCOMPLEX,GOCC_PROTEASOME_REGULATORY_PARTICLE_BASE_SUBCOMPLEX] was killed by [GOCC_PEPTIDASE_COMPLEX,GOCC_PEPTIDASE_COMPLEX]
[GOCC_INTRINSIC_COMPONENT_OF_POSTSYNAPTIC_DENSITY_MEMBRANE,GOCC_INTRINSIC_COMPONENT_OF_POSTSYNAPTIC_DENSITY_MEMBRANE] was killed by [GOCC_EXCITATORY_SYNAPSE,GOCC_EXCITATORY_SYNAPSE]
[GOCC_SECONDARY_LYSOSOME,GOCC_SECONDARY_LYSOSOME] was killed by [GOCC_AZUROPHIL_GRANULE,GOCC_AZUROPHIL_GRANULE]
[GOCC_CIS_GOLGI_NETWORK,GOCC_CIS_GOLGI_NETWORK] was killed by [GOCC_GOLGI_CISTERNA,GOCC_GOLGI_CISTERNA]
[GOCC_ANCHORED_COMPONENT_OF_SYNAPTIC_VESICLE_MEMBRANE,GOCC_ANCHORED_COMPONENT_OF_SYNAPTIC_VESICLE_MEMBRANE] was killed by [GOCC_ANCHORED_COMPONENT_OF_MEMBRANE,GOCC_ANCHORED_COMPONENT_OF_MEMBRANE]
[GOCC_GOLGI_TRANS_CISTERNA,GOCC_GOLGI_TRANS_CISTERNA] was killed by [GOCC_GOLGI_CISTERNA,GOCC_GOLGI_CISTERNA]
[GOCC_CAJAL_BODY,GOCC_CAJAL_BODY] was killed by [GOCC_SPLICEOSOMAL_COMPLEX,GOCC_SPLICEOSOMAL_COMPLEX]
[GOCC_CYTOPLASMIC_SIDE_OF_MEMBRANE,GOCC_CYTOPLASMIC_SIDE_OF_MEMBRANE] was killed by [GOCC_SPLICEOSOMAL_COMPLEX,GOCC_SPLICEOSOMAL_COMPLEX]
[GOCC_NONHOMOLOGOUS_END_JOINING_COMPLEX,GOCC_NONHOMOLOGOUS_END_JOINING_COMPLEX] was killed by [GOCC_PRERIBOSOME,GOCC_PRERIBOSOME]
[GOCC_POSTSYNAPTIC_DENSITY_MEMBRANE,GOCC_POSTSYNAPTIC_DENSITY_MEMBRANE] was killed by [GOCC_EXCITATORY_SYNAPSE,GOCC_EXCITATORY_SYNAPSE]
[GOCC_PTW_PP1_PHOSPHATASE_COMPLEX,GOCC_PTW_PP1_PHOSPHATASE_COMPLEX] was killed by [GOCC_CHROMOSOME_CENTROMERIC_REGION,GOCC_CHROMOSOME_CENTROMERIC_REGION]
[GOCC_CLATHRIN_COATED_ENDOCYTIC_VESICLE,GOCC_CLATHRIN_COATED_ENDOCYTIC_VESICLE] was killed by [GOCC_COLLAGEN_TRIMER,GOCC_COLLAGEN_TRIMER]
[GOCC_INTRINSIC_COMPONENT_OF_PEROXISOMAL_MEMBRANE,GOCC_INTRINSIC_COMPONENT_OF_PEROXISOMAL_MEMBRANE] was killed by [GOCC_MICROBODY,GOCC_MICROBODY]
[GOCC_NPBAF_COMPLEX,GOCC_NPBAF_COMPLEX] was killed by [GOCC_SWI_SNF_SUPERFAMILY_TYPE_COMPLEX,GOCC_SWI_SNF_SUPERFAMILY_TYPE_COMPLEX]
[GOCC_FIBRILLAR_COLLAGEN_TRIMER,GOCC_FIBRILLAR_COLLAGEN_TRIMER] was killed by [GOCC_COLLAGEN_TRIMER,GOCC_COLLAGEN_TRIMER]
[GOCC_LEADING_EDGE_MEMBRANE,GOCC_LEADING_EDGE_MEMBRANE] was killed by [GOCC_SPLICEOSOMAL_COMPLEX,GOCC_SPLICEOSOMAL_COMPLEX]
[GOCC_ANAPHASE_PROMOTING_COMPLEX,GOCC_ANAPHASE_PROMOTING_COMPLEX] was killed by [GOCC_CULLIN_RING_UBIQUITIN_LIGASE_COMPLEX,GOCC_CULLIN_RING_UBIQUITIN_LIGASE_COMPLEX]
[GOCC_U2_SNRNP,GOCC_U2_SNRNP] was killed by [GOCC_SPLICEOSOMAL_COMPLEX,GOCC_SPLICEOSOMAL_COMPLEX]
[GOCC_CYTOPLASMIC_STRESS_GRANULE,GOCC_CYTOPLASMIC_STRESS_GRANULE] was killed by [GOCC_SPLICEOSOMAL_COMPLEX,GOCC_SPLICEOSOMAL_COMPLEX]
[GOCC_SIN3_TYPE_COMPLEX,GOCC_SIN3_TYPE_COMPLEX] was killed by [GOCC_SWI_SNF_SUPERFAMILY_TYPE_COMPLEX,GOCC_SWI_SNF_SUPERFAMILY_TYPE_COMPLEX]
[GOCC_PRESPLICEOSOME,GOCC_PRESPLICEOSOME] was killed by [GOCC_SPLICEOSOMAL_COMPLEX,GOCC_SPLICEOSOMAL_COMPLEX]
[GOCC_H4_H2A_HISTONE_ACETYLTRANSFERASE_COMPLEX,GOCC_H4_H2A_HISTONE_ACETYLTRANSFERASE_COMPLEX] was killed by [GOCC_SWI_SNF_SUPERFAMILY_TYPE_COMPLEX,GOCC_SWI_SNF_SUPERFAMILY_TYPE_COMPLEX]
[GOCC_PLASMA_MEMBRANE_RAFT,GOCC_PLASMA_MEMBRANE_RAFT] was killed by [GOCC_ANCHORED_COMPONENT_OF_MEMBRANE,GOCC_ANCHORED_COMPONENT_OF_MEMBRANE]
[GOCC_AP_TYPE_MEMBRANE_COAT_ADAPTOR_COMPLEX,GOCC_AP_TYPE_MEMBRANE_COAT_ADAPTOR_COMPLEX] was killed by [GOCC_MEMBRANE_COAT,GOCC_MEMBRANE_COAT]
[GOCC_GABA_ERGIC_SYNAPSE,GOCC_GABA_ERGIC_SYNAPSE] was killed by [GOCC_EXCITATORY_SYNAPSE,GOCC_EXCITATORY_SYNAPSE]
[GOCC_EARLY_ENDOSOME_MEMBRANE,GOCC_EARLY_ENDOSOME_MEMBRANE] was killed by [GOCC_SPLICEOSOMAL_COMPLEX,GOCC_SPLICEOSOMAL_COMPLEX]
[GOCC_INO80_TYPE_COMPLEX,GOCC_INO80_TYPE_COMPLEX] was killed by [GOCC_PEPTIDASE_COMPLEX,GOCC_PEPTIDASE_COMPLEX]
[GOCC_T_TUBULE,GOCC_T_TUBULE] was killed by [GOCC_MAIN_AXON,GOCC_MAIN_AXON]
[GOCC_PERICENTRIOLAR_MATERIAL,GOCC_PERICENTRIOLAR_MATERIAL] was killed by [GOCC_CENTRIOLE,GOCC_CENTRIOLE]
[GOCC_MITOCHONDRIAL_RESPIRATORY_CHAIN_COMPLEX_IV,GOCC_MITOCHONDRIAL_RESPIRATORY_CHAIN_COMPLEX_IV] was killed by [GOCC_INNER_MITOCHONDRIAL_MEMBRANE_PROTEIN_COMPLEX,GOCC_INNER_MITOCHONDRIAL_MEMBRANE_PROTEIN_COMPLEX]
[GOCC_INTRINSIC_COMPONENT_OF_GOLGI_MEMBRANE,GOCC_INTRINSIC_COMPONENT_OF_GOLGI_MEMBRANE] was killed by [GOCC_GOLGI_CISTERNA,GOCC_GOLGI_CISTERNA]
[GOCC_OLIGOSACCHARYLTRANSFERASE_COMPLEX,GOCC_OLIGOSACCHARYLTRANSFERASE_COMPLEX] was killed by [GOCC_AZUROPHIL_GRANULE,GOCC_AZUROPHIL_GRANULE]
[GOCC_SPLICEOSOMAL_TRI_SNRNP_COMPLEX,GOCC_SPLICEOSOMAL_TRI_SNRNP_COMPLEX] was killed by [GOCC_SPLICEOSOMAL_COMPLEX,GOCC_SPLICEOSOMAL_COMPLEX]
[GOCC_COPII_COATED_ER_TO_GOLGI_TRANSPORT_VESICLE,GOCC_COPII_COATED_ER_TO_GOLGI_TRANSPORT_VESICLE] was killed by [GOCC_MHC_PROTEIN_COMPLEX,GOCC_MHC_PROTEIN_COMPLEX]
[GOCC_NUCLEAR_PORE_OUTER_RING,GOCC_NUCLEAR_PORE_OUTER_RING] was killed by [GOCC_CHROMOSOME_CENTROMERIC_REGION,GOCC_CHROMOSOME_CENTROMERIC_REGION]
[GOCC_CAVEOLA,GOCC_CAVEOLA] was killed by [GOCC_LAMELLIPODIUM,GOCC_LAMELLIPODIUM]
[GOCC_CLATHRIN_COATED_ENDOCYTIC_VESICLE_MEMBRANE,GOCC_CLATHRIN_COATED_ENDOCYTIC_VESICLE_MEMBRANE] was killed by [GOCC_MHC_PROTEIN_COMPLEX,GOCC_MHC_PROTEIN_COMPLEX]
[GOCC_SAGA_TYPE_COMPLEX,GOCC_SAGA_TYPE_COMPLEX] was killed by [GOCC_PEPTIDASE_COMPLEX,GOCC_PEPTIDASE_COMPLEX]
[GOCC_CILIARY_MEMBRANE,GOCC_CILIARY_MEMBRANE] was killed by [GOCC_PHOTORECEPTOR_OUTER_SEGMENT,GOCC_PHOTORECEPTOR_OUTER_SEGMENT]
[GOCC_SITE_OF_POLARIZED_GROWTH,GOCC_SITE_OF_POLARIZED_GROWTH] was killed by [GOCC_IMMUNOGLOBULIN_COMPLEX,GOCC_IMMUNOGLOBULIN_COMPLEX]
[GOCC_CHAPERONIN_CONTAINING_T_COMPLEX,GOCC_CHAPERONIN_CONTAINING_T_COMPLEX] was killed by [GOCC_AZUROPHIL_GRANULE,GOCC_AZUROPHIL_GRANULE]
[GOCC_AXOLEMMA,GOCC_AXOLEMMA] was killed by [GOCC_MAIN_AXON,GOCC_MAIN_AXON]
[GOCC_U12_TYPE_SPLICEOSOMAL_COMPLEX,GOCC_U12_TYPE_SPLICEOSOMAL_COMPLEX] was killed by [GOCC_SPLICEOSOMAL_COMPLEX,GOCC_SPLICEOSOMAL_COMPLEX]
[GOCC_PERICENTRIC_HETEROCHROMATIN,GOCC_PERICENTRIC_HETEROCHROMATIN] was killed by [GOCC_CHROMOSOME_CENTROMERIC_REGION,GOCC_CHROMOSOME_CENTROMERIC_REGION]
[GOCC_INTRINSIC_COMPONENT_OF_VACUOLAR_MEMBRANE,GOCC_INTRINSIC_COMPONENT_OF_VACUOLAR_MEMBRANE] was killed by [GOCC_PROTON_TRANSPORTING_V_TYPE_ATPASE_COMPLEX,GOCC_PROTON_TRANSPORTING_V_TYPE_ATPASE_COMPLEX]
[GOCC_ACTIVIN_RECEPTOR_COMPLEX,GOCC_ACTIVIN_RECEPTOR_COMPLEX] was killed by [GOCC_PROTEIN_KINASE_COMPLEX,GOCC_PROTEIN_KINASE_COMPLEX]
[GOCC_PORE_COMPLEX,GOCC_PORE_COMPLEX] was killed by [GOCC_NUCLEOID,GOCC_NUCLEOID]
[GOCC_VACUOLAR_PROTON_TRANSPORTING_V_TYPE_ATPASE_COMPLEX,GOCC_VACUOLAR_PROTON_TRANSPORTING_V_TYPE_ATPASE_COMPLEX] was killed by [GOCC_PROTON_TRANSPORTING_V_TYPE_ATPASE_COMPLEX,GOCC_PROTON_TRANSPORTING_V_TYPE_ATPASE_COMPLEX]
[GOCC_SIN3_COMPLEX,GOCC_SIN3_COMPLEX] was killed by [GOCC_SWI_SNF_SUPERFAMILY_TYPE_COMPLEX,GOCC_SWI_SNF_SUPERFAMILY_TYPE_COMPLEX]
[GOCC_TRANS_GOLGI_NETWORK_MEMBRANE,GOCC_TRANS_GOLGI_NETWORK_MEMBRANE] was killed by [GOCC_MHC_PROTEIN_COMPLEX,GOCC_MHC_PROTEIN_COMPLEX]
[GOCC_CILIARY_ROOTLET,GOCC_CILIARY_ROOTLET] was killed by [GOCC_CHROMOSOME_CENTROMERIC_REGION,GOCC_CHROMOSOME_CENTROMERIC_REGION]
[GOCC_EXTRINSIC_COMPONENT_OF_PLASMA_MEMBRANE,GOCC_EXTRINSIC_COMPONENT_OF_PLASMA_MEMBRANE] was killed by [GOCC_SPLICEOSOMAL_COMPLEX,GOCC_SPLICEOSOMAL_COMPLEX]
[GOCC_ARP2_3_PROTEIN_COMPLEX,GOCC_ARP2_3_PROTEIN_COMPLEX] was killed by [GOCC_SITE_OF_DOUBLE_STRAND_BREAK,GOCC_SITE_OF_DOUBLE_STRAND_BREAK]
[GOCC_PHOTORECEPTOR_INNER_SEGMENT,GOCC_PHOTORECEPTOR_INNER_SEGMENT] was killed by [GOCC_PHOTORECEPTOR_OUTER_SEGMENT,GOCC_PHOTORECEPTOR_OUTER_SEGMENT]
[GOCC_DENSE_CORE_GRANULE,GOCC_DENSE_CORE_GRANULE] was killed by [GOCC_EXCITATORY_SYNAPSE,GOCC_EXCITATORY_SYNAPSE]
[GOCC_ROUGH_ENDOPLASMIC_RETICULUM,GOCC_ROUGH_ENDOPLASMIC_RETICULUM] was killed by [GOCC_RIBOSOMAL_SUBUNIT,GOCC_RIBOSOMAL_SUBUNIT]
[GOCC_BASEMENT_MEMBRANE_COLLAGEN_TRIMER,GOCC_BASEMENT_MEMBRANE_COLLAGEN_TRIMER] was killed by [GOCC_COLLAGEN_TRIMER,GOCC_COLLAGEN_TRIMER]
[GOCC_CUL4A_RING_E3_UBIQUITIN_LIGASE_COMPLEX,GOCC_CUL4A_RING_E3_UBIQUITIN_LIGASE_COMPLEX] was killed by [GOCC_CULLIN_RING_UBIQUITIN_LIGASE_COMPLEX,GOCC_CULLIN_RING_UBIQUITIN_LIGASE_COMPLEX]
[GOCC_U7_SNRNP,GOCC_U7_SNRNP] was killed by [GOCC_SPLICEOSOMAL_COMPLEX,GOCC_SPLICEOSOMAL_COMPLEX]
[GOCC_ROUGH_ENDOPLASMIC_RETICULUM_MEMBRANE,GOCC_ROUGH_ENDOPLASMIC_RETICULUM_MEMBRANE] was killed by [GOCC_RIBOSOMAL_SUBUNIT,GOCC_RIBOSOMAL_SUBUNIT]
[GOCC_CATENIN_COMPLEX,GOCC_CATENIN_COMPLEX] was killed by [GOCC_LAMELLIPODIUM,GOCC_LAMELLIPODIUM]
[GOCC_TRANS_GOLGI_NETWORK_TRANSPORT_VESICLE,GOCC_TRANS_GOLGI_NETWORK_TRANSPORT_VESICLE] was killed by [GOCC_MEMBRANE_COAT,GOCC_MEMBRANE_COAT]
[GOCC_NEURON_PROJECTION_MEMBRANE,GOCC_NEURON_PROJECTION_MEMBRANE] was killed by [GOCC_EXCITATORY_SYNAPSE,GOCC_EXCITATORY_SYNAPSE]
[GOCC_CARBOXY_TERMINAL_DOMAIN_PROTEIN_KINASE_COMPLEX,GOCC_CARBOXY_TERMINAL_DOMAIN_PROTEIN_KINASE_COMPLEX] was killed by [GOCC_PROTEIN_KINASE_COMPLEX,GOCC_PROTEIN_KINASE_COMPLEX]
[GOCC_SPINDLE_MIDZONE,GOCC_SPINDLE_MIDZONE] was killed by [GOCC_CHROMOSOME_CENTROMERIC_REGION,GOCC_CHROMOSOME_CENTROMERIC_REGION]
[GOCC_PERICHROMATIN_FIBRILS,GOCC_PERICHROMATIN_FIBRILS] was killed by [GOCC_RNAI_EFFECTOR_COMPLEX,GOCC_RNAI_EFFECTOR_COMPLEX]
[GOCC_NBAF_COMPLEX,GOCC_NBAF_COMPLEX] was killed by [GOCC_SWI_SNF_SUPERFAMILY_TYPE_COMPLEX,GOCC_SWI_SNF_SUPERFAMILY_TYPE_COMPLEX]
[GOCC_CHROMOCENTER,GOCC_CHROMOCENTER] was killed by [GOCC_CHROMOSOME_CENTROMERIC_REGION,GOCC_CHROMOSOME_CENTROMERIC_REGION]
[GOCC_EUKARYOTIC_TRANSLATION_INITIATION_FACTOR_4F_COMPLEX,GOCC_EUKARYOTIC_TRANSLATION_INITIATION_FACTOR_4F_COMPLEX] was killed by [GOCC_RNAI_EFFECTOR_COMPLEX,GOCC_RNAI_EFFECTOR_COMPLEX]
[GOCC_ISWI_TYPE_COMPLEX,GOCC_ISWI_TYPE_COMPLEX] was killed by [GOCC_SWI_SNF_SUPERFAMILY_TYPE_COMPLEX,GOCC_SWI_SNF_SUPERFAMILY_TYPE_COMPLEX]
[GOCC_SYNAPTIC_CLEFT,GOCC_SYNAPTIC_CLEFT] was killed by [GOCC_COLLAGEN_TRIMER,GOCC_COLLAGEN_TRIMER]
[GOCC_SODIUM_CHANNEL_COMPLEX,GOCC_SODIUM_CHANNEL_COMPLEX] was killed by [GOCC_MAIN_AXON,GOCC_MAIN_AXON]
[GOCC_ENDOPLASMIC_RETICULUM_GOLGI_INTERMEDIATE_COMPARTMENT,GOCC_ENDOPLASMIC_RETICULUM_GOLGI_INTERMEDIATE_COMPARTMENT] was killed by [GOCC_ENDOPLASMIC_RETICULUM_QUALITY_CONTROL_COMPARTMENT,GOCC_ENDOPLASMIC_RETICULUM_QUALITY_CONTROL_COMPARTMENT]
[GOCC_FANCONI_ANAEMIA_NUCLEAR_COMPLEX,GOCC_FANCONI_ANAEMIA_NUCLEAR_COMPLEX] was killed by [GOCC_CHROMOSOME_CENTROMERIC_REGION,GOCC_CHROMOSOME_CENTROMERIC_REGION]
[GOCC_SCAR_COMPLEX,GOCC_SCAR_COMPLEX] was killed by [GOCC_LAMELLIPODIUM,GOCC_LAMELLIPODIUM]
[GOCC_H3_HISTONE_ACETYLTRANSFERASE_COMPLEX,GOCC_H3_HISTONE_ACETYLTRANSFERASE_COMPLEX] was killed by [GOCC_CHROMOSOME_CENTROMERIC_REGION,GOCC_CHROMOSOME_CENTROMERIC_REGION]
[GOCC_TETRASPANIN_ENRICHED_MICRODOMAIN,GOCC_TETRASPANIN_ENRICHED_MICRODOMAIN] was killed by [GOCC_SITE_OF_DOUBLE_STRAND_BREAK,GOCC_SITE_OF_DOUBLE_STRAND_BREAK]
[GOCC_NUCLEOTIDE_ACTIVATED_PROTEIN_KINASE_COMPLEX,GOCC_NUCLEOTIDE_ACTIVATED_PROTEIN_KINASE_COMPLEX] was killed by [GOCC_PROTEIN_KINASE_COMPLEX,GOCC_PROTEIN_KINASE_COMPLEX]
[GOCC_PRE_SNORNP_COMPLEX,GOCC_PRE_SNORNP_COMPLEX] was killed by [GOCC_PRERIBOSOME,GOCC_PRERIBOSOME]
[GOCC_U1_SNRNP,GOCC_U1_SNRNP] was killed by [GOCC_SPLICEOSOMAL_COMPLEX,GOCC_SPLICEOSOMAL_COMPLEX]
[GOCC_TRANS_GOLGI_NETWORK_TRANSPORT_VESICLE_MEMBRANE,GOCC_TRANS_GOLGI_NETWORK_TRANSPORT_VESICLE_MEMBRANE] was killed by [GOCC_MEMBRANE_COAT,GOCC_MEMBRANE_COAT]
[GOCC_CONDENSIN_COMPLEX,GOCC_CONDENSIN_COMPLEX] was killed by [GOCC_CHROMOSOME_CENTROMERIC_REGION,GOCC_CHROMOSOME_CENTROMERIC_REGION]
[GOCC_PARANODAL_JUNCTION,GOCC_PARANODAL_JUNCTION] was killed by [GOCC_MAIN_AXON,GOCC_MAIN_AXON]
[GOCC_ANCHORED_COMPONENT_OF_PLASMA_MEMBRANE,GOCC_ANCHORED_COMPONENT_OF_PLASMA_MEMBRANE] was killed by [GOCC_ANCHORED_COMPONENT_OF_MEMBRANE,GOCC_ANCHORED_COMPONENT_OF_MEMBRANE]
[GOCC_PROTON_TRANSPORTING_ATP_SYNTHASE_COMPLEX_COUPLING_FACTOR_F_O,GOCC_PROTON_TRANSPORTING_ATP_SYNTHASE_COMPLEX_COUPLING_FACTOR_F_O] was killed by [GOCC_INNER_MITOCHONDRIAL_MEMBRANE_PROTEIN_COMPLEX,GOCC_INNER_MITOCHONDRIAL_MEMBRANE_PROTEIN_COMPLEX]
[GOCC_U4_SNRNP,GOCC_U4_SNRNP] was killed by [GOCC_SPLICEOSOMAL_COMPLEX,GOCC_SPLICEOSOMAL_COMPLEX]
[GOCC_TRANSCRIPTION_EXPORT_COMPLEX,GOCC_TRANSCRIPTION_EXPORT_COMPLEX] was killed by [GOCC_SPLICEOSOMAL_COMPLEX,GOCC_SPLICEOSOMAL_COMPLEX]
[GOCC_INCLUSION_BODY,GOCC_INCLUSION_BODY] was killed by [GOCC_PEPTIDASE_COMPLEX,GOCC_PEPTIDASE_COMPLEX]
[GOCC_MICROTUBULE_END,GOCC_MICROTUBULE_END] was killed by [GOCC_CHROMOSOME_CENTROMERIC_REGION,GOCC_CHROMOSOME_CENTROMERIC_REGION]
[GOCC_RNA_POLYMERASE_II_TRANSCRIPTION_REGULATOR_COMPLEX,GOCC_RNA_POLYMERASE_II_TRANSCRIPTION_REGULATOR_COMPLEX] was killed by [GOCC_IMMUNOGLOBULIN_COMPLEX,GOCC_IMMUNOGLOBULIN_COMPLEX]
[GOCC_ACTIN_FILAMENT,GOCC_ACTIN_FILAMENT] was killed by [GOCC_LAMELLIPODIUM,GOCC_LAMELLIPODIUM]
[GOCC_CONDENSED_NUCLEAR_CHROMOSOME_KINETOCHORE,GOCC_CONDENSED_NUCLEAR_CHROMOSOME_KINETOCHORE] was killed by [GOCC_CHROMOSOME_CENTROMERIC_REGION,GOCC_CHROMOSOME_CENTROMERIC_REGION]
[GOCC_CONTRACTILE_RING,GOCC_CONTRACTILE_RING] was killed by [GOCC_LAMELLIPODIUM,GOCC_LAMELLIPODIUM]
[GOCC_INSULIN_RESPONSIVE_COMPARTMENT,GOCC_INSULIN_RESPONSIVE_COMPARTMENT] was killed by [GOCC_RETROMER_COMPLEX,GOCC_RETROMER_COMPLEX]
[GOCC_CELL_DIVISION_SITE,GOCC_CELL_DIVISION_SITE] was killed by [GOCC_CHROMOSOME_CENTROMERIC_REGION,GOCC_CHROMOSOME_CENTROMERIC_REGION]
[GOCC_AMPA_GLUTAMATE_RECEPTOR_COMPLEX,GOCC_AMPA_GLUTAMATE_RECEPTOR_COMPLEX] was killed by [GOCC_EXCITATORY_SYNAPSE,GOCC_EXCITATORY_SYNAPSE]
[GOCC_CYTOPLASMIC_SIDE_OF_ENDOPLASMIC_RETICULUM_MEMBRANE,GOCC_CYTOPLASMIC_SIDE_OF_ENDOPLASMIC_RETICULUM_MEMBRANE] was killed by [GOCC_RIBOSOMAL_SUBUNIT,GOCC_RIBOSOMAL_SUBUNIT]
[GOCC_CILIARY_BASAL_BODY,GOCC_CILIARY_BASAL_BODY] was killed by [GOCC_IMMUNOGLOBULIN_COMPLEX,GOCC_IMMUNOGLOBULIN_COMPLEX]
[GOCC_TRANSCRIPTION_FACTOR_TFIIH_HOLO_COMPLEX,GOCC_TRANSCRIPTION_FACTOR_TFIIH_HOLO_COMPLEX] was killed by [GOCC_PROTEIN_KINASE_COMPLEX,GOCC_PROTEIN_KINASE_COMPLEX]
[GOCC_MITOCHONDRIAL_PROTON_TRANSPORTING_ATP_SYNTHASE_COMPLEX_COUPLING_FACTOR_F_O,GOCC_MITOCHONDRIAL_PROTON_TRANSPORTING_ATP_SYNTHASE_COMPLEX_COUPLING_FACTOR_F_O] was killed by [GOCC_INNER_MITOCHONDRIAL_MEMBRANE_PROTEIN_COMPLEX,GOCC_INNER_MITOCHONDRIAL_MEMBRANE_PROTEIN_COMPLEX]
[GOCC_DENDRITIC_SPINE_HEAD,GOCC_DENDRITIC_SPINE_HEAD] was killed by [GOCC_LAMELLIPODIUM,GOCC_LAMELLIPODIUM]
[GOCC_MRNA_CAP_BINDING_COMPLEX,GOCC_MRNA_CAP_BINDING_COMPLEX] was killed by [GOCC_EXCITATORY_SYNAPSE,GOCC_EXCITATORY_SYNAPSE]
[GOCC_MULTIVESICULAR_BODY_MEMBRANE,GOCC_MULTIVESICULAR_BODY_MEMBRANE] was killed by [GOCC_GOLGI_CISTERNA,GOCC_GOLGI_CISTERNA]
[GOCC_ACTOMYOSIN,GOCC_ACTOMYOSIN] was killed by [GOCC_LAMELLIPODIUM,GOCC_LAMELLIPODIUM]
[GOCC_GAMMA_TUBULIN_COMPLEX,GOCC_GAMMA_TUBULIN_COMPLEX] was killed by [GOCC_CENTRIOLE,GOCC_CENTRIOLE]
[GOCC_SCHMIDT_LANTERMAN_INCISURE,GOCC_SCHMIDT_LANTERMAN_INCISURE] was killed by [GOCC_MAIN_AXON,GOCC_MAIN_AXON]
[GOCC_SCF_UBIQUITIN_LIGASE_COMPLEX,GOCC_SCF_UBIQUITIN_LIGASE_COMPLEX] was killed by [GOCC_CULLIN_RING_UBIQUITIN_LIGASE_COMPLEX,GOCC_CULLIN_RING_UBIQUITIN_LIGASE_COMPLEX]
[GOCC_AUTOPHAGOSOME_MEMBRANE,GOCC_AUTOPHAGOSOME_MEMBRANE] was killed by [GOCC_AZUROPHIL_GRANULE,GOCC_AZUROPHIL_GRANULE]
[GOCC_NUCLEAR_CYCLIN_DEPENDENT_PROTEIN_KINASE_HOLOENZYME_COMPLEX,GOCC_NUCLEAR_CYCLIN_DEPENDENT_PROTEIN_KINASE_HOLOENZYME_COMPLEX] was killed by [GOCC_PROTEIN_KINASE_COMPLEX,GOCC_PROTEIN_KINASE_COMPLEX]
[GOCC_PROTEIN_COMPLEX_INVOLVED_IN_CELL_ADHESION,GOCC_PROTEIN_COMPLEX_INVOLVED_IN_CELL_ADHESION] was killed by [GOCC_LAMELLIPODIUM,GOCC_LAMELLIPODIUM]
[GOCC_PODOSOME,GOCC_PODOSOME] was killed by [GOCC_LAMELLIPODIUM,GOCC_LAMELLIPODIUM]
[GOCC_CYCLIN_CDK_POSITIVE_TRANSCRIPTION_ELONGATION_FACTOR_COMPLEX,GOCC_CYCLIN_CDK_POSITIVE_TRANSCRIPTION_ELONGATION_FACTOR_COMPLEX] was killed by [GOCC_PROTEIN_KINASE_COMPLEX,GOCC_PROTEIN_KINASE_COMPLEX]
[GOCC_EXTRINSIC_COMPONENT_OF_ENDOPLASMIC_RETICULUM_MEMBRANE,GOCC_EXTRINSIC_COMPONENT_OF_ENDOPLASMIC_RETICULUM_MEMBRANE] was killed by [GOCC_PROTON_TRANSPORTING_V_TYPE_ATPASE_COMPLEX,GOCC_PROTON_TRANSPORTING_V_TYPE_ATPASE_COMPLEX]
[GOCC_ZONA_PELLUCIDA_RECEPTOR_COMPLEX,GOCC_ZONA_PELLUCIDA_RECEPTOR_COMPLEX] was killed by [GOCC_AZUROPHIL_GRANULE,GOCC_AZUROPHIL_GRANULE]
[GOCC_CENTRIOLAR_SATELLITE,GOCC_CENTRIOLAR_SATELLITE] was killed by [GOCC_CENTRIOLE,GOCC_CENTRIOLE]
[GOCC_FILOPODIUM,GOCC_FILOPODIUM] was killed by [GOCC_LAMELLIPODIUM,GOCC_LAMELLIPODIUM]
[GOCC_FILOPODIUM_MEMBRANE,GOCC_FILOPODIUM_MEMBRANE] was killed by [GOCC_LAMELLIPODIUM,GOCC_LAMELLIPODIUM]
[GOCC_FILAMENTOUS_ACTIN,GOCC_FILAMENTOUS_ACTIN] was killed by [GOCC_LAMELLIPODIUM,GOCC_LAMELLIPODIUM]
[GOCC_9PLUS0_NON_MOTILE_CILIUM,GOCC_9PLUS0_NON_MOTILE_CILIUM] was killed by [GOCC_SPLICEOSOMAL_COMPLEX,GOCC_SPLICEOSOMAL_COMPLEX]
[GOCC_POSTSYNAPTIC_ENDOCYTIC_ZONE,GOCC_POSTSYNAPTIC_ENDOCYTIC_ZONE] was killed by [GOCC_EXCITATORY_SYNAPSE,GOCC_EXCITATORY_SYNAPSE]
[GOCC_AUTOLYSOSOME,GOCC_AUTOLYSOSOME] was killed by [GOCC_AZUROPHIL_GRANULE,GOCC_AZUROPHIL_GRANULE]
[GOCC_AP_3_ADAPTOR_COMPLEX,GOCC_AP_3_ADAPTOR_COMPLEX] was killed by [GOCC_MEMBRANE_COAT,GOCC_MEMBRANE_COAT]
[GOCC_CALYX_OF_HELD,GOCC_CALYX_OF_HELD] was killed by [GOCC_EXCITATORY_SYNAPSE,GOCC_EXCITATORY_SYNAPSE]
[GOCC_SMN_SM_PROTEIN_COMPLEX,GOCC_SMN_SM_PROTEIN_COMPLEX] was killed by [GOCC_SPLICEOSOMAL_COMPLEX,GOCC_SPLICEOSOMAL_COMPLEX]
[GOCC_PARALLEL_FIBER_TO_PURKINJE_CELL_SYNAPSE,GOCC_PARALLEL_FIBER_TO_PURKINJE_CELL_SYNAPSE] was killed by [GOCC_EXCITATORY_SYNAPSE,GOCC_EXCITATORY_SYNAPSE]
[GOCC_ESCRT_III_COMPLEX,GOCC_ESCRT_III_COMPLEX] was killed by [GOCC_MEMBRANE_COAT,GOCC_MEMBRANE_COAT]
[GOCC_RAGULATOR_COMPLEX,GOCC_RAGULATOR_COMPLEX] was killed by [GOCC_AZUROPHIL_GRANULE,GOCC_AZUROPHIL_GRANULE]
[GOCC_PARANODE_REGION_OF_AXON,GOCC_PARANODE_REGION_OF_AXON] was killed by [GOCC_MAIN_AXON,GOCC_MAIN_AXON]
[GOCC_ACTIN_FILAMENT_BUNDLE,GOCC_ACTIN_FILAMENT_BUNDLE] was killed by [GOCC_LAMELLIPODIUM,GOCC_LAMELLIPODIUM]
[GOCC_U5_SNRNP,GOCC_U5_SNRNP] was killed by [GOCC_SPLICEOSOMAL_COMPLEX,GOCC_SPLICEOSOMAL_COMPLEX]
[GOCC_CONDENSED_CHROMOSOME_OUTER_KINETOCHORE,GOCC_CONDENSED_CHROMOSOME_OUTER_KINETOCHORE] was killed by [GOCC_CHROMOSOME_CENTROMERIC_REGION,GOCC_CHROMOSOME_CENTROMERIC_REGION]
[GOCC_RIBONUCLEASE_P_COMPLEX,GOCC_RIBONUCLEASE_P_COMPLEX] was killed by [GOCC_NUCLEOID,GOCC_NUCLEOID]
[GOCC_RESPIRATORY_CHAIN_COMPLEX_III,GOCC_RESPIRATORY_CHAIN_COMPLEX_III] was killed by [GOCC_INNER_MITOCHONDRIAL_MEMBRANE_PROTEIN_COMPLEX,GOCC_INNER_MITOCHONDRIAL_MEMBRANE_PROTEIN_COMPLEX]
[GOCC_INHIBITORY_SYNAPSE,GOCC_INHIBITORY_SYNAPSE] was killed by [GOCC_ANCHORED_COMPONENT_OF_MEMBRANE,GOCC_ANCHORED_COMPONENT_OF_MEMBRANE]
[GOCC_PHOTORECEPTOR_DISC_MEMBRANE,GOCC_PHOTORECEPTOR_DISC_MEMBRANE] was killed by [GOCC_PHOTORECEPTOR_OUTER_SEGMENT,GOCC_PHOTORECEPTOR_OUTER_SEGMENT]
[GOCC_ENDOLYSOSOME,GOCC_ENDOLYSOSOME] was killed by [GOCC_MEMBRANE_COAT,GOCC_MEMBRANE_COAT]
[GOCC_SARCOPLASM,GOCC_SARCOPLASM] was killed by [GOCC_MAIN_AXON,GOCC_MAIN_AXON]
[GOCC_NUCLEAR_OUTER_MEMBRANE,GOCC_NUCLEAR_OUTER_MEMBRANE] was killed by [GOCC_PHOTORECEPTOR_OUTER_SEGMENT,GOCC_PHOTORECEPTOR_OUTER_SEGMENT]
[GOCC_PLATELET_ALPHA_GRANULE_LUMEN,GOCC_PLATELET_ALPHA_GRANULE_LUMEN] was killed by [GOCC_TERTIARY_GRANULE_LUMEN,GOCC_TERTIARY_GRANULE_LUMEN]
[GOCC_INTRINSIC_COMPONENT_OF_PRESYNAPTIC_MEMBRANE,GOCC_INTRINSIC_COMPONENT_OF_PRESYNAPTIC_MEMBRANE] was killed by [GOCC_ANCHORED_COMPONENT_OF_MEMBRANE,GOCC_ANCHORED_COMPONENT_OF_MEMBRANE]
[GOCC_TELOMERE_CAP_COMPLEX,GOCC_TELOMERE_CAP_COMPLEX] was killed by [GOCC_PRERIBOSOME,GOCC_PRERIBOSOME]
[GOCC_LAMELLAR_BODY,GOCC_LAMELLAR_BODY] was killed by [GOCC_AZUROPHIL_GRANULE,GOCC_AZUROPHIL_GRANULE]
