[GOBP_COTRANSLATIONAL_PROTEIN_TARGETING_TO_MEMBRANE,GOBP_COTRANSLATIONAL_PROTEIN_TARGETING_TO_MEMBRANE] was killed by [GOBP_VIRAL_GENE_EXPRESSION,GOBP_VIRAL_GENE_EXPRESSION]
[GOCC_CYTOSOLIC_RIBOSOME,GOCC_CYTOSOLIC_RIBOSOME] was killed by [GOBP_VIRAL_GENE_EXPRESSION,GOBP_VIRAL_GENE_EXPRESSION]
[GOBP_TRANSLATIONAL_INITIATION,GOBP_TRANSLATIONAL_INITIATION] was killed by [GOBP_VIRAL_GENE_EXPRESSION,GOBP_VIRAL_GENE_EXPRESSION]
[GOBP_ESTABLISHMENT_OF_PROTEIN_LOCALIZATION_TO_ENDOPLASMIC_RETICULUM,GOBP_ESTABLISHMENT_OF_PROTEIN_LOCALIZATION_TO_ENDOPLASMIC_RETICULUM] was killed by [GOBP_VIRAL_GENE_EXPRESSION,GOBP_VIRAL_GENE_EXPRESSION]
[GOBP_NUCLEAR_TRANSCRIBED_MRNA_CATABOLIC_PROCESS_NONSENSE_MEDIATED_DECAY,GOBP_NUCLEAR_TRANSCRIBED_MRNA_CATABOLIC_PROCESS_NONSENSE_MEDIATED_DECAY] was killed by [GOBP_VIRAL_GENE_EXPRESSION,GOBP_VIRAL_GENE_EXPRESSION]
[GOCC_RIBOSOMAL_SUBUNIT,GOCC_RIBOSOMAL_SUBUNIT] was killed by [GOBP_VIRAL_GENE_EXPRESSION,GOBP_VIRAL_GENE_EXPRESSION]
[GOMF_STRUCTURAL_CONSTITUENT_OF_RIBOSOME,GOMF_STRUCTURAL_CONSTITUENT_OF_RIBOSOME] was killed by [GOBP_VIRAL_GENE_EXPRESSION,GOBP_VIRAL_GENE_EXPRESSION]
[GOBP_CYTOPLASMIC_TRANSLATION,GOBP_CYTOPLASMIC_TRANSLATION] was killed by [GOBP_VIRAL_GENE_EXPRESSION,GOBP_VIRAL_GENE_EXPRESSION]
[GOBP_PROTEIN_LOCALIZATION_TO_ENDOPLASMIC_RETICULUM,GOBP_PROTEIN_LOCALIZATION_TO_ENDOPLASMIC_RETICULUM] was killed by [GOBP_VIRAL_GENE_EXPRESSION,GOBP_VIRAL_GENE_EXPRESSION]
[GOCC_SPLICEOSOMAL_COMPLEX,GOCC_SPLICEOSOMAL_COMPLEX] was killed by [GOMF_MRNA_3_UTR_BINDING,GOMF_MRNA_3_UTR_BINDING]
[GOMF_SINGLE_STRANDED_RNA_BINDING,GOMF_SINGLE_STRANDED_RNA_BINDING] was killed by [GOMF_MRNA_3_UTR_BINDING,GOMF_MRNA_3_UTR_BINDING]
[GOBP_POSITIVE_REGULATION_OF_TRANSLATION,GOBP_POSITIVE_REGULATION_OF_TRANSLATION] was killed by [GOBP_VIRAL_GENE_EXPRESSION,GOBP_VIRAL_GENE_EXPRESSION]
[HP_ABNORMALITY_OF_COAGULATION,HP_ABNORMALITY_OF_COAGULATION] was killed by [HP_ABNORMALITY_OF_THE_COAGULATION_CASCADE,HP_ABNORMALITY_OF_THE_COAGULATION_CASCADE]
[GOCC_CYTOSOLIC_LARGE_RIBOSOMAL_SUBUNIT,GOCC_CYTOSOLIC_LARGE_RIBOSOMAL_SUBUNIT] was killed by [GOBP_VIRAL_GENE_EXPRESSION,GOBP_VIRAL_GENE_EXPRESSION]
[GOBP_NEGATIVE_REGULATION_OF_PROTEIN_CONTAINING_COMPLEX_DISASSEMBLY,GOBP_NEGATIVE_REGULATION_OF_PROTEIN_CONTAINING_COMPLEX_DISASSEMBLY] was killed by [GOBP_NEGATIVE_REGULATION_OF_SUPRAMOLECULAR_FIBER_ORGANIZATION,GOBP_NEGATIVE_REGULATION_OF_SUPRAMOLECULAR_FIBER_ORGANIZATION]
[GOBP_MEMORY,GOBP_MEMORY] was killed by [GOBP_REGULATION_OF_RECEPTOR_MEDIATED_ENDOCYTOSIS,GOBP_REGULATION_OF_RECEPTOR_MEDIATED_ENDOCYTOSIS]
[GOBP_REGULATION_OF_PROTEIN_DEPOLYMERIZATION,GOBP_REGULATION_OF_PROTEIN_DEPOLYMERIZATION] was killed by [GOBP_NEGATIVE_REGULATION_OF_SUPRAMOLECULAR_FIBER_ORGANIZATION,GOBP_NEGATIVE_REGULATION_OF_SUPRAMOLECULAR_FIBER_ORGANIZATION]
[GOBP_REGULATION_OF_PEPTIDYL_THREONINE_PHOSPHORYLATION,GOBP_REGULATION_OF_PEPTIDYL_THREONINE_PHOSPHORYLATION] was killed by [GOCC_FICOLIN_1_RICH_GRANULE,GOCC_FICOLIN_1_RICH_GRANULE]
[GOBP_CELLULAR_MODIFIED_AMINO_ACID_METABOLIC_PROCESS,GOBP_CELLULAR_MODIFIED_AMINO_ACID_METABOLIC_PROCESS] was killed by [GOBP_DICARBOXYLIC_ACID_METABOLIC_PROCESS,GOBP_DICARBOXYLIC_ACID_METABOLIC_PROCESS]
[GOCC_FICOLIN_1_RICH_GRANULE_LUMEN,GOCC_FICOLIN_1_RICH_GRANULE_LUMEN] was killed by [GOCC_FICOLIN_1_RICH_GRANULE,GOCC_FICOLIN_1_RICH_GRANULE]
[GOBP_POSITIVE_REGULATION_OF_PEPTIDYL_THREONINE_PHOSPHORYLATION,GOBP_POSITIVE_REGULATION_OF_PEPTIDYL_THREONINE_PHOSPHORYLATION] was killed by [GOCC_FICOLIN_1_RICH_GRANULE,GOCC_FICOLIN_1_RICH_GRANULE]
[GOBP_RNA_EXPORT_FROM_NUCLEUS,GOBP_RNA_EXPORT_FROM_NUCLEUS] was killed by [GOBP_VIRAL_GENE_EXPRESSION,GOBP_VIRAL_GENE_EXPRESSION]
[GOBP_REGULATION_OF_ESTABLISHMENT_OR_MAINTENANCE_OF_CELL_POLARITY,GOBP_REGULATION_OF_ESTABLISHMENT_OR_MAINTENANCE_OF_CELL_POLARITY] was killed by [GOBP_REGULATION_OF_CELL_MATRIX_ADHESION,GOBP_REGULATION_OF_CELL_MATRIX_ADHESION]
[GOBP_GASTRULATION,GOBP_GASTRULATION] was killed by [GOBP_CARDIAC_CHAMBER_DEVELOPMENT,GOBP_CARDIAC_CHAMBER_DEVELOPMENT]
[GOCC_LARGE_RIBOSOMAL_SUBUNIT,GOCC_LARGE_RIBOSOMAL_SUBUNIT] was killed by [GOBP_VIRAL_GENE_EXPRESSION,GOBP_VIRAL_GENE_EXPRESSION]
[GOBP_RIBOSOMAL_LARGE_SUBUNIT_BIOGENESIS,GOBP_RIBOSOMAL_LARGE_SUBUNIT_BIOGENESIS] was killed by [GOBP_VIRAL_GENE_EXPRESSION,GOBP_VIRAL_GENE_EXPRESSION]
[HP_LUMBAR_HYPERLORDOSIS,HP_LUMBAR_HYPERLORDOSIS] was killed by [GOBP_MUCOPOLYSACCHARIDE_METABOLIC_PROCESS,GOBP_MUCOPOLYSACCHARIDE_METABOLIC_PROCESS]
[GOBP_AMINOGLYCAN_METABOLIC_PROCESS,GOBP_AMINOGLYCAN_METABOLIC_PROCESS] was killed by [GOBP_MUCOPOLYSACCHARIDE_METABOLIC_PROCESS,GOBP_MUCOPOLYSACCHARIDE_METABOLIC_PROCESS]
[HP_PARESTHESIA,HP_PARESTHESIA] was killed by [GOBP_NEGATIVE_REGULATION_OF_DEVELOPMENTAL_GROWTH,GOBP_NEGATIVE_REGULATION_OF_DEVELOPMENTAL_GROWTH]
[GOBP_NOTCH_SIGNALING_PATHWAY,GOBP_NOTCH_SIGNALING_PATHWAY] was killed by [GOBP_CARDIAC_CHAMBER_DEVELOPMENT,GOBP_CARDIAC_CHAMBER_DEVELOPMENT]
[GOBP_POSITIVE_REGULATION_OF_RECEPTOR_MEDIATED_ENDOCYTOSIS,GOBP_POSITIVE_REGULATION_OF_RECEPTOR_MEDIATED_ENDOCYTOSIS] was killed by [GOBP_REGULATION_OF_RECEPTOR_MEDIATED_ENDOCYTOSIS,GOBP_REGULATION_OF_RECEPTOR_MEDIATED_ENDOCYTOSIS]
[GOBP_REGULATION_OF_RNA_SPLICING,GOBP_REGULATION_OF_RNA_SPLICING] was killed by [GOMF_MRNA_3_UTR_BINDING,GOMF_MRNA_3_UTR_BINDING]
[GOMF_UNFOLDED_PROTEIN_BINDING,GOMF_UNFOLDED_PROTEIN_BINDING] was killed by [GOCC_FICOLIN_1_RICH_GRANULE,GOCC_FICOLIN_1_RICH_GRANULE]
[GOBP_MRNA_SPLICE_SITE_SELECTION,GOBP_MRNA_SPLICE_SITE_SELECTION] was killed by [GOMF_MRNA_3_UTR_BINDING,GOMF_MRNA_3_UTR_BINDING]
[GOBP_TRANSPORT_ALONG_MICROTUBULE,GOBP_TRANSPORT_ALONG_MICROTUBULE] was killed by [GOBP_CARDIAC_CHAMBER_DEVELOPMENT,GOBP_CARDIAC_CHAMBER_DEVELOPMENT]
[HP_ABNORMALITY_OF_THE_COMMON_COAGULATION_PATHWAY,HP_ABNORMALITY_OF_THE_COMMON_COAGULATION_PATHWAY] was killed by [HP_ABNORMALITY_OF_THE_COAGULATION_CASCADE,HP_ABNORMALITY_OF_THE_COAGULATION_CASCADE]
[HP_DISPROPORTIONATE_TALL_STATURE,HP_DISPROPORTIONATE_TALL_STATURE] was killed by [GOBP_CARDIAC_CHAMBER_DEVELOPMENT,GOBP_CARDIAC_CHAMBER_DEVELOPMENT]
[GOBP_MITOTIC_CYTOKINESIS,GOBP_MITOTIC_CYTOKINESIS] was killed by [GOBP_REGULATION_OF_CELL_MATRIX_ADHESION,GOBP_REGULATION_OF_CELL_MATRIX_ADHESION]
[GOBP_MICROTUBULE_POLYMERIZATION_OR_DEPOLYMERIZATION,GOBP_MICROTUBULE_POLYMERIZATION_OR_DEPOLYMERIZATION] was killed by [GOBP_NEGATIVE_REGULATION_OF_SUPRAMOLECULAR_FIBER_ORGANIZATION,GOBP_NEGATIVE_REGULATION_OF_SUPRAMOLECULAR_FIBER_ORGANIZATION]
[GOBP_REGULATION_OF_MICROTUBULE_CYTOSKELETON_ORGANIZATION,GOBP_REGULATION_OF_MICROTUBULE_CYTOSKELETON_ORGANIZATION] was killed by [GOBP_REGULATION_OF_CELL_MATRIX_ADHESION,GOBP_REGULATION_OF_CELL_MATRIX_ADHESION]
[GOBP_STRESS_FIBER_ASSEMBLY,GOBP_STRESS_FIBER_ASSEMBLY] was killed by [GOBP_REGULATION_OF_CELL_MATRIX_ADHESION,GOBP_REGULATION_OF_CELL_MATRIX_ADHESION]
[GOBP_REGULATION_OF_ACTIN_FILAMENT_LENGTH,GOBP_REGULATION_OF_ACTIN_FILAMENT_LENGTH] was killed by [GOBP_NEGATIVE_REGULATION_OF_SUPRAMOLECULAR_FIBER_ORGANIZATION,GOBP_NEGATIVE_REGULATION_OF_SUPRAMOLECULAR_FIBER_ORGANIZATION]
[GOBP_ACTOMYOSIN_STRUCTURE_ORGANIZATION,GOBP_ACTOMYOSIN_STRUCTURE_ORGANIZATION] was killed by [GOBP_REGULATION_OF_CELL_MATRIX_ADHESION,GOBP_REGULATION_OF_CELL_MATRIX_ADHESION]
[HP_ICHTHYOSIS,HP_ICHTHYOSIS] was killed by [HP_ABNORMALITY_OF_THE_COAGULATION_CASCADE,HP_ABNORMALITY_OF_THE_COAGULATION_CASCADE]
[GOMF_RIBONUCLEOPROTEIN_COMPLEX_BINDING,GOMF_RIBONUCLEOPROTEIN_COMPLEX_BINDING] was killed by [GOMF_MRNA_3_UTR_BINDING,GOMF_MRNA_3_UTR_BINDING]
[GOMF_TRANSLATION_REGULATOR_ACTIVITY_NUCLEIC_ACID_BINDING,GOMF_TRANSLATION_REGULATOR_ACTIVITY_NUCLEIC_ACID_BINDING] was killed by [GOMF_MRNA_3_UTR_BINDING,GOMF_MRNA_3_UTR_BINDING]
[GOBP_POSITIVE_REGULATION_OF_MONONUCLEAR_CELL_MIGRATION,GOBP_POSITIVE_REGULATION_OF_MONONUCLEAR_CELL_MIGRATION] was killed by [GOBP_REGULATION_OF_CELL_MATRIX_ADHESION,GOBP_REGULATION_OF_CELL_MATRIX_ADHESION]
[GOBP_REGULATION_OF_UBIQUITIN_PROTEIN_TRANSFERASE_ACTIVITY,GOBP_REGULATION_OF_UBIQUITIN_PROTEIN_TRANSFERASE_ACTIVITY] was killed by [GOBP_VIRAL_GENE_EXPRESSION,GOBP_VIRAL_GENE_EXPRESSION]
[GOMF_PROTEIN_FOLDING_CHAPERONE,GOMF_PROTEIN_FOLDING_CHAPERONE] was killed by [GOCC_FICOLIN_1_RICH_GRANULE,GOCC_FICOLIN_1_RICH_GRANULE]
[GOMF_GROWTH_FACTOR_RECEPTOR_BINDING,GOMF_GROWTH_FACTOR_RECEPTOR_BINDING] was killed by [GOBP_REGULATION_OF_RECEPTOR_MEDIATED_ENDOCYTOSIS,GOBP_REGULATION_OF_RECEPTOR_MEDIATED_ENDOCYTOSIS]
[GOMF_STRUCTURAL_CONSTITUENT_OF_CYTOSKELETON,GOMF_STRUCTURAL_CONSTITUENT_OF_CYTOSKELETON] was killed by [GOBP_REGULATION_OF_RECEPTOR_MEDIATED_ENDOCYTOSIS,GOBP_REGULATION_OF_RECEPTOR_MEDIATED_ENDOCYTOSIS]
[HP_SPRENGEL_ANOMALY,HP_SPRENGEL_ANOMALY] was killed by [GOBP_VIRAL_GENE_EXPRESSION,GOBP_VIRAL_GENE_EXPRESSION]
[GOMF_VITAMIN_BINDING,GOMF_VITAMIN_BINDING] was killed by [GOBP_DICARBOXYLIC_ACID_METABOLIC_PROCESS,GOBP_DICARBOXYLIC_ACID_METABOLIC_PROCESS]
[HP_OPEN_MOUTH,HP_OPEN_MOUTH] was killed by [GOBP_CARDIAC_CHAMBER_DEVELOPMENT,GOBP_CARDIAC_CHAMBER_DEVELOPMENT]
[GOBP_MICROTUBULE_BASED_TRANSPORT,GOBP_MICROTUBULE_BASED_TRANSPORT] was killed by [GOBP_CARDIAC_CHAMBER_DEVELOPMENT,GOBP_CARDIAC_CHAMBER_DEVELOPMENT]
[HP_BROAD_FOREHEAD,HP_BROAD_FOREHEAD] was killed by [GOBP_REGULATION_OF_CELL_MATRIX_ADHESION,GOBP_REGULATION_OF_CELL_MATRIX_ADHESION]
[GOBP_REGULATION_OF_EPITHELIAL_CELL_DIFFERENTIATION,GOBP_REGULATION_OF_EPITHELIAL_CELL_DIFFERENTIATION] was killed by [GOBP_REGULATION_OF_CELL_MATRIX_ADHESION,GOBP_REGULATION_OF_CELL_MATRIX_ADHESION]
[HP_RETINAL_ATROPHY,HP_RETINAL_ATROPHY] was killed by [GOMF_RNA_HELICASE_ACTIVITY,GOMF_RNA_HELICASE_ACTIVITY]
[HP_CRANIAL_NERVE_COMPRESSION,HP_CRANIAL_NERVE_COMPRESSION] was killed by [GOBP_DICARBOXYLIC_ACID_METABOLIC_PROCESS,GOBP_DICARBOXYLIC_ACID_METABOLIC_PROCESS]
[GOMF_PRE_MRNA_BINDING,GOMF_PRE_MRNA_BINDING] was killed by [GOMF_MRNA_3_UTR_BINDING,GOMF_MRNA_3_UTR_BINDING]
[GOBP_MONOSACCHARIDE_BIOSYNTHETIC_PROCESS,GOBP_MONOSACCHARIDE_BIOSYNTHETIC_PROCESS] was killed by [GOBP_DICARBOXYLIC_ACID_METABOLIC_PROCESS,GOBP_DICARBOXYLIC_ACID_METABOLIC_PROCESS]
[GOBP_NEGATIVE_REGULATION_OF_MAPK_CASCADE,GOBP_NEGATIVE_REGULATION_OF_MAPK_CASCADE] was killed by [GOBP_REGULATION_OF_CELL_MATRIX_ADHESION,GOBP_REGULATION_OF_CELL_MATRIX_ADHESION]
[GOMF_TRANSFERASE_ACTIVITY_TRANSFERRING_PENTOSYL_GROUPS,GOMF_TRANSFERASE_ACTIVITY_TRANSFERRING_PENTOSYL_GROUPS] was killed by [GOBP_MUCOPOLYSACCHARIDE_METABOLIC_PROCESS,GOBP_MUCOPOLYSACCHARIDE_METABOLIC_PROCESS]
[GOBP_NEGATIVE_REGULATION_OF_RNA_CATABOLIC_PROCESS,GOBP_NEGATIVE_REGULATION_OF_RNA_CATABOLIC_PROCESS] was killed by [GOMF_MRNA_3_UTR_BINDING,GOMF_MRNA_3_UTR_BINDING]
[HP_ABNORMALITY_OF_PROTHROMBIN,HP_ABNORMALITY_OF_PROTHROMBIN] was killed by [HP_ABNORMALITY_OF_THE_COAGULATION_CASCADE,HP_ABNORMALITY_OF_THE_COAGULATION_CASCADE]
[GOMF_CHANNEL_REGULATOR_ACTIVITY,GOMF_CHANNEL_REGULATOR_ACTIVITY] was killed by [GOBP_REGULATION_OF_CELL_MATRIX_ADHESION,GOBP_REGULATION_OF_CELL_MATRIX_ADHESION]
[GOBP_NEGATIVE_REGULATION_OF_CYTOSKELETON_ORGANIZATION,GOBP_NEGATIVE_REGULATION_OF_CYTOSKELETON_ORGANIZATION] was killed by [GOBP_NEGATIVE_REGULATION_OF_SUPRAMOLECULAR_FIBER_ORGANIZATION,GOBP_NEGATIVE_REGULATION_OF_SUPRAMOLECULAR_FIBER_ORGANIZATION]
[GOBP_POSITIVE_REGULATION_OF_CELLULAR_AMIDE_METABOLIC_PROCESS,GOBP_POSITIVE_REGULATION_OF_CELLULAR_AMIDE_METABOLIC_PROCESS] was killed by [GOBP_VIRAL_GENE_EXPRESSION,GOBP_VIRAL_GENE_EXPRESSION]
[GOBP_POSITIVE_REGULATION_OF_CELL_MATRIX_ADHESION,GOBP_POSITIVE_REGULATION_OF_CELL_MATRIX_ADHESION] was killed by [GOBP_REGULATION_OF_CELL_MATRIX_ADHESION,GOBP_REGULATION_OF_CELL_MATRIX_ADHESION]
[GOCC_POLYSOME,GOCC_POLYSOME] was killed by [GOBP_VIRAL_GENE_EXPRESSION,GOBP_VIRAL_GENE_EXPRESSION]
[HP_COXA_VALGA,HP_COXA_VALGA] was killed by [HP_ABNORMALITY_OF_THE_COAGULATION_CASCADE,HP_ABNORMALITY_OF_THE_COAGULATION_CASCADE]
[GOBP_REGULATION_OF_ORGAN_GROWTH,GOBP_REGULATION_OF_ORGAN_GROWTH] was killed by [GOBP_CARDIAC_CHAMBER_DEVELOPMENT,GOBP_CARDIAC_CHAMBER_DEVELOPMENT]
[HP_CLEFT_LIP,HP_CLEFT_LIP] was killed by [GOBP_VIRAL_GENE_EXPRESSION,GOBP_VIRAL_GENE_EXPRESSION]
[GOBP_CARDIAC_VENTRICLE_DEVELOPMENT,GOBP_CARDIAC_VENTRICLE_DEVELOPMENT] was killed by [GOBP_CARDIAC_CHAMBER_DEVELOPMENT,GOBP_CARDIAC_CHAMBER_DEVELOPMENT]
[HP_ABNORMAL_LYMPHOCYTE_MORPHOLOGY,HP_ABNORMAL_LYMPHOCYTE_MORPHOLOGY] was killed by [GOBP_POSITIVE_REGULATION_OF_MYELOID_CELL_DIFFERENTIATION,GOBP_POSITIVE_REGULATION_OF_MYELOID_CELL_DIFFERENTIATION]
[HP_SKIN_RASH,HP_SKIN_RASH] was killed by [HP_ABNORMALITY_OF_THE_COAGULATION_CASCADE,HP_ABNORMALITY_OF_THE_COAGULATION_CASCADE]
[GOBP_MRNA_EXPORT_FROM_NUCLEUS,GOBP_MRNA_EXPORT_FROM_NUCLEUS] was killed by [GOBP_VIRAL_GENE_EXPRESSION,GOBP_VIRAL_GENE_EXPRESSION]
[HP_RECURRENT_LOWER_RESPIRATORY_TRACT_INFECTIONS,HP_RECURRENT_LOWER_RESPIRATORY_TRACT_INFECTIONS] was killed by [GOBP_POSITIVE_REGULATION_OF_MYELOID_CELL_DIFFERENTIATION,GOBP_POSITIVE_REGULATION_OF_MYELOID_CELL_DIFFERENTIATION]
[GOBP_CARDIAC_SEPTUM_DEVELOPMENT,GOBP_CARDIAC_SEPTUM_DEVELOPMENT] was killed by [GOBP_CARDIAC_CHAMBER_DEVELOPMENT,GOBP_CARDIAC_CHAMBER_DEVELOPMENT]
[GOBP_REGULATION_OF_ACTOMYOSIN_STRUCTURE_ORGANIZATION,GOBP_REGULATION_OF_ACTOMYOSIN_STRUCTURE_ORGANIZATION] was killed by [GOBP_REGULATION_OF_CELL_MATRIX_ADHESION,GOBP_REGULATION_OF_CELL_MATRIX_ADHESION]
[GOCC_RUFFLE_MEMBRANE,GOCC_RUFFLE_MEMBRANE] was killed by [GOBP_REGULATION_OF_CELL_MATRIX_ADHESION,GOBP_REGULATION_OF_CELL_MATRIX_ADHESION]
[GOCC_P_BODY,GOCC_P_BODY] was killed by [GOMF_RNA_HELICASE_ACTIVITY,GOMF_RNA_HELICASE_ACTIVITY]
[HP_BILATERAL_SENSORINEURAL_HEARING_IMPAIRMENT,HP_BILATERAL_SENSORINEURAL_HEARING_IMPAIRMENT] was killed by [GOBP_MUCOPOLYSACCHARIDE_METABOLIC_PROCESS,GOBP_MUCOPOLYSACCHARIDE_METABOLIC_PROCESS]
[GOBP_PROTEIN_DEPOLYMERIZATION,GOBP_PROTEIN_DEPOLYMERIZATION] was killed by [GOBP_NEGATIVE_REGULATION_OF_SUPRAMOLECULAR_FIBER_ORGANIZATION,GOBP_NEGATIVE_REGULATION_OF_SUPRAMOLECULAR_FIBER_ORGANIZATION]
[GOBP_POSITIVE_REGULATION_OF_MRNA_METABOLIC_PROCESS,GOBP_POSITIVE_REGULATION_OF_MRNA_METABOLIC_PROCESS] was killed by [GOMF_MRNA_3_UTR_BINDING,GOMF_MRNA_3_UTR_BINDING]
[HP_PSYCHOGENIC_NON_EPILEPTIC_SEIZURE,HP_PSYCHOGENIC_NON_EPILEPTIC_SEIZURE] was killed by [GOBP_DICARBOXYLIC_ACID_METABOLIC_PROCESS,GOBP_DICARBOXYLIC_ACID_METABOLIC_PROCESS]
[GOBP_REGULATION_OF_MYELOID_LEUKOCYTE_DIFFERENTIATION,GOBP_REGULATION_OF_MYELOID_LEUKOCYTE_DIFFERENTIATION] was killed by [GOBP_REGULATION_OF_CELL_MATRIX_ADHESION,GOBP_REGULATION_OF_CELL_MATRIX_ADHESION]
[HP_ABNORMALITY_OF_THE_HEPATIC_VASCULATURE,HP_ABNORMALITY_OF_THE_HEPATIC_VASCULATURE] was killed by [GOMF_LIGASE_ACTIVITY_FORMING_CARBON_OXYGEN_BONDS,GOMF_LIGASE_ACTIVITY_FORMING_CARBON_OXYGEN_BONDS]
[GOCC_CATALYTIC_STEP_2_SPLICEOSOME,GOCC_CATALYTIC_STEP_2_SPLICEOSOME] was killed by [GOMF_MRNA_3_UTR_BINDING,GOMF_MRNA_3_UTR_BINDING]
[GOBP_INTERLEUKIN_8_PRODUCTION,GOBP_INTERLEUKIN_8_PRODUCTION] was killed by [GOBP_REGULATION_OF_RECEPTOR_MEDIATED_ENDOCYTOSIS,GOBP_REGULATION_OF_RECEPTOR_MEDIATED_ENDOCYTOSIS]
[GOBP_REGULATION_OF_SYNAPTIC_PLASTICITY,GOBP_REGULATION_OF_SYNAPTIC_PLASTICITY] was killed by [GOBP_REGULATION_OF_CELL_MATRIX_ADHESION,GOBP_REGULATION_OF_CELL_MATRIX_ADHESION]
[GOBP_ERYTHROCYTE_HOMEOSTASIS,GOBP_ERYTHROCYTE_HOMEOSTASIS] was killed by [GOBP_POSITIVE_REGULATION_OF_MYELOID_CELL_DIFFERENTIATION,GOBP_POSITIVE_REGULATION_OF_MYELOID_CELL_DIFFERENTIATION]
[HP_GINGIVAL_BLEEDING,HP_GINGIVAL_BLEEDING] was killed by [HP_ABNORMALITY_OF_THE_COAGULATION_CASCADE,HP_ABNORMALITY_OF_THE_COAGULATION_CASCADE]
