[SCHUHMACHER_MYC_TARGETS_UP,SCHUHMACHER_MYC_TARGETS_UP] was killed by [SCHLOSSER_MYC_TARGETS_REPRESSED_BY_SERUM,SCHLOSSER_MYC_TARGETS_REPRESSED_BY_SERUM]
[MOOTHA_VOXPHOS,MOOTHA_VOXPHOS] was killed by [YAO_TEMPORAL_RESPONSE_TO_PROGESTERONE_CLUSTER_17,YAO_TEMPORAL_RESPONSE_TO_PROGESTERONE_CLUSTER_17]
[ACOSTA_PROLIFERATION_INDEPENDENT_MYC_TARGETS_UP,ACOSTA_PROLIFERATION_INDEPENDENT_MYC_TARGETS_UP] was killed by [SCHLOSSER_MYC_TARGETS_REPRESSED_BY_SERUM,SCHLOSSER_MYC_TARGETS_REPRESSED_BY_SERUM]
[DANG_MYC_TARGETS_UP,DANG_MYC_TARGETS_UP] was killed by [SCHLOSSER_MYC_TARGETS_REPRESSED_BY_SERUM,SCHLOSSER_MYC_TARGETS_REPRESSED_BY_SERUM]
[CHIANG_LIVER_CANCER_SUBCLASS_UNANNOTATED_DN,CHIANG_LIVER_CANCER_SUBCLASS_UNANNOTATED_DN] was killed by [SCHLOSSER_MYC_TARGETS_REPRESSED_BY_SERUM,SCHLOSSER_MYC_TARGETS_REPRESSED_BY_SERUM]
[BOYAULT_LIVER_CANCER_SUBCLASS_G3_UP,BOYAULT_LIVER_CANCER_SUBCLASS_G3_UP] was killed by [SCHLOSSER_MYC_TARGETS_REPRESSED_BY_SERUM,SCHLOSSER_MYC_TARGETS_REPRESSED_BY_SERUM]
[BENPORATH_PROLIFERATION,BENPORATH_PROLIFERATION] was killed by [YAO_TEMPORAL_RESPONSE_TO_PROGESTERONE_CLUSTER_13,YAO_TEMPORAL_RESPONSE_TO_PROGESTERONE_CLUSTER_13]
[MOREAUX_MULTIPLE_MYELOMA_BY_TACI_DN,MOREAUX_MULTIPLE_MYELOMA_BY_TACI_DN] was killed by [SCHLOSSER_MYC_TARGETS_REPRESSED_BY_SERUM,SCHLOSSER_MYC_TARGETS_REPRESSED_BY_SERUM]
[SOTIRIOU_BREAST_CANCER_GRADE_1_VS_3_UP,SOTIRIOU_BREAST_CANCER_GRADE_1_VS_3_UP] was killed by [SCHLOSSER_MYC_TARGETS_REPRESSED_BY_SERUM,SCHLOSSER_MYC_TARGETS_REPRESSED_BY_SERUM]
[VERHAAK_AML_WITH_NPM1_MUTATED_UP,VERHAAK_AML_WITH_NPM1_MUTATED_UP] was killed by [TAKEDA_TARGETS_OF_NUP98_HOXA9_FUSION_10D_DN,TAKEDA_TARGETS_OF_NUP98_HOXA9_FUSION_10D_DN]
[RAMALHO_STEMNESS_UP,RAMALHO_STEMNESS_UP] was killed by [SCHLOSSER_MYC_TARGETS_REPRESSED_BY_SERUM,SCHLOSSER_MYC_TARGETS_REPRESSED_BY_SERUM]
[WINNEPENNINCKX_MELANOMA_METASTASIS_UP,WINNEPENNINCKX_MELANOMA_METASTASIS_UP] was killed by [ROSTY_CERVICAL_CANCER_PROLIFERATION_CLUSTER,ROSTY_CERVICAL_CANCER_PROLIFERATION_CLUSTER]
[SENGUPTA_NASOPHARYNGEAL_CARCINOMA_WITH_LMP1_DN,SENGUPTA_NASOPHARYNGEAL_CARCINOMA_WITH_LMP1_DN] was killed by [TAKEDA_TARGETS_OF_NUP98_HOXA9_FUSION_10D_DN,TAKEDA_TARGETS_OF_NUP98_HOXA9_FUSION_10D_DN]
[BROWN_MYELOID_CELL_DEVELOPMENT_UP,BROWN_MYELOID_CELL_DEVELOPMENT_UP] was killed by [TAKEDA_TARGETS_OF_NUP98_HOXA9_FUSION_10D_DN,TAKEDA_TARGETS_OF_NUP98_HOXA9_FUSION_10D_DN]
[FLORIO_NEOCORTEX_BASAL_RADIAL_GLIA_DN,FLORIO_NEOCORTEX_BASAL_RADIAL_GLIA_DN] was killed by [ROSTY_CERVICAL_CANCER_PROLIFERATION_CLUSTER,ROSTY_CERVICAL_CANCER_PROLIFERATION_CLUSTER]
[PUJANA_XPRSS_INT_NETWORK,PUJANA_XPRSS_INT_NETWORK] was killed by [SCHLOSSER_MYC_TARGETS_REPRESSED_BY_SERUM,SCHLOSSER_MYC_TARGETS_REPRESSED_BY_SERUM]
[KIM_ALL_DISORDERS_DURATION_CORR_DN,KIM_ALL_DISORDERS_DURATION_CORR_DN] was killed by [YAO_TEMPORAL_RESPONSE_TO_PROGESTERONE_CLUSTER_17,YAO_TEMPORAL_RESPONSE_TO_PROGESTERONE_CLUSTER_17]
[KAAB_FAILED_HEART_ATRIUM_DN,KAAB_FAILED_HEART_ATRIUM_DN] was killed by [SCHLOSSER_MYC_TARGETS_REPRESSED_BY_SERUM,SCHLOSSER_MYC_TARGETS_REPRESSED_BY_SERUM]
[ALTEMEIER_RESPONSE_TO_LPS_WITH_MECHANICAL_VENTILATION,ALTEMEIER_RESPONSE_TO_LPS_WITH_MECHANICAL_VENTILATION] was killed by [TAKEDA_TARGETS_OF_NUP98_HOXA9_FUSION_10D_DN,TAKEDA_TARGETS_OF_NUP98_HOXA9_FUSION_10D_DN]
[BURTON_ADIPOGENESIS_5,BURTON_ADIPOGENESIS_5] was killed by [YAO_TEMPORAL_RESPONSE_TO_PROGESTERONE_CLUSTER_17,YAO_TEMPORAL_RESPONSE_TO_PROGESTERONE_CLUSTER_17]
[WU_CELL_MIGRATION,WU_CELL_MIGRATION] was killed by [TAKEDA_TARGETS_OF_NUP98_HOXA9_FUSION_10D_DN,TAKEDA_TARGETS_OF_NUP98_HOXA9_FUSION_10D_DN]
[SMIRNOV_CIRCULATING_ENDOTHELIOCYTES_IN_CANCER_UP,SMIRNOV_CIRCULATING_ENDOTHELIOCYTES_IN_CANCER_UP] was killed by [TAKEDA_TARGETS_OF_NUP98_HOXA9_FUSION_10D_DN,TAKEDA_TARGETS_OF_NUP98_HOXA9_FUSION_10D_DN]
[BLANCO_MELO_COVID19_SARS_COV_2_POS_PATIENT_LUNG_TISSUE_UP,BLANCO_MELO_COVID19_SARS_COV_2_POS_PATIENT_LUNG_TISSUE_UP] was killed by [TAKEDA_TARGETS_OF_NUP98_HOXA9_FUSION_10D_DN,TAKEDA_TARGETS_OF_NUP98_HOXA9_FUSION_10D_DN]
[SCHLOSSER_MYC_TARGETS_AND_SERUM_RESPONSE_UP,SCHLOSSER_MYC_TARGETS_AND_SERUM_RESPONSE_UP] was killed by [YAO_TEMPORAL_RESPONSE_TO_PROGESTERONE_CLUSTER_17,YAO_TEMPORAL_RESPONSE_TO_PROGESTERONE_CLUSTER_17]
[VART_KSHV_INFECTION_ANGIOGENIC_MARKERS_UP,VART_KSHV_INFECTION_ANGIOGENIC_MARKERS_UP] was killed by [TAKEDA_TARGETS_OF_NUP98_HOXA9_FUSION_10D_DN,TAKEDA_TARGETS_OF_NUP98_HOXA9_FUSION_10D_DN]
[TONKS_TARGETS_OF_RUNX1_RUNX1T1_FUSION_ERYTHROCYTE_UP,TONKS_TARGETS_OF_RUNX1_RUNX1T1_FUSION_ERYTHROCYTE_UP] was killed by [TAKEDA_TARGETS_OF_NUP98_HOXA9_FUSION_10D_DN,TAKEDA_TARGETS_OF_NUP98_HOXA9_FUSION_10D_DN]
[ZHOU_CELL_CYCLE_GENES_IN_IR_RESPONSE_6HR,ZHOU_CELL_CYCLE_GENES_IN_IR_RESPONSE_6HR] was killed by [ROSTY_CERVICAL_CANCER_PROLIFERATION_CLUSTER,ROSTY_CERVICAL_CANCER_PROLIFERATION_CLUSTER]
[FUJII_YBX1_TARGETS_DN,FUJII_YBX1_TARGETS_DN] was killed by [ROSTY_CERVICAL_CANCER_PROLIFERATION_CLUSTER,ROSTY_CERVICAL_CANCER_PROLIFERATION_CLUSTER]
[LI_DCP2_BOUND_MRNA,LI_DCP2_BOUND_MRNA] was killed by [YAO_TEMPORAL_RESPONSE_TO_PROGESTERONE_CLUSTER_13,YAO_TEMPORAL_RESPONSE_TO_PROGESTERONE_CLUSTER_13]
[LIAN_LIPA_TARGETS_3M,LIAN_LIPA_TARGETS_3M] was killed by [TAKEDA_TARGETS_OF_NUP98_HOXA9_FUSION_10D_DN,TAKEDA_TARGETS_OF_NUP98_HOXA9_FUSION_10D_DN]
[KIM_RESPONSE_TO_TSA_AND_DECITABINE_UP,KIM_RESPONSE_TO_TSA_AND_DECITABINE_UP] was killed by [TAKEDA_TARGETS_OF_NUP98_HOXA9_FUSION_10D_DN,TAKEDA_TARGETS_OF_NUP98_HOXA9_FUSION_10D_DN]
[PYEON_CANCER_HEAD_AND_NECK_VS_CERVICAL_UP,PYEON_CANCER_HEAD_AND_NECK_VS_CERVICAL_UP] was killed by [GINESTIER_BREAST_CANCER_20Q13_AMPLIFICATION_DN,GINESTIER_BREAST_CANCER_20Q13_AMPLIFICATION_DN]
[BILANGES_SERUM_AND_RAPAMYCIN_SENSITIVE_GENES,BILANGES_SERUM_AND_RAPAMYCIN_SENSITIVE_GENES] was killed by [IRITANI_MAD1_TARGETS_DN,IRITANI_MAD1_TARGETS_DN]
[ZHENG_FOXP3_TARGETS_IN_THYMUS_UP,ZHENG_FOXP3_TARGETS_IN_THYMUS_UP] was killed by [BOSCO_ALLERGEN_INDUCED_TH2_ASSOCIATED_MODULE,BOSCO_ALLERGEN_INDUCED_TH2_ASSOCIATED_MODULE]
[ZHOU_CELL_CYCLE_GENES_IN_IR_RESPONSE_24HR,ZHOU_CELL_CYCLE_GENES_IN_IR_RESPONSE_24HR] was killed by [ROSTY_CERVICAL_CANCER_PROLIFERATION_CLUSTER,ROSTY_CERVICAL_CANCER_PROLIFERATION_CLUSTER]
[LINDSTEDT_DENDRITIC_CELL_MATURATION_B,LINDSTEDT_DENDRITIC_CELL_MATURATION_B] was killed by [PODAR_RESPONSE_TO_ADAPHOSTIN_UP,PODAR_RESPONSE_TO_ADAPHOSTIN_UP]
[HESS_TARGETS_OF_HOXA9_AND_MEIS1_DN,HESS_TARGETS_OF_HOXA9_AND_MEIS1_DN] was killed by [TAKEDA_TARGETS_OF_NUP98_HOXA9_FUSION_10D_DN,TAKEDA_TARGETS_OF_NUP98_HOXA9_FUSION_10D_DN]
[PUJANA_BRCA_CENTERED_NETWORK,PUJANA_BRCA_CENTERED_NETWORK] was killed by [SCHLOSSER_MYC_TARGETS_REPRESSED_BY_SERUM,SCHLOSSER_MYC_TARGETS_REPRESSED_BY_SERUM]
[RIGGI_EWING_SARCOMA_PROGENITOR_DN,RIGGI_EWING_SARCOMA_PROGENITOR_DN] was killed by [TAKEDA_TARGETS_OF_NUP98_HOXA9_FUSION_10D_DN,TAKEDA_TARGETS_OF_NUP98_HOXA9_FUSION_10D_DN]
[WHITFIELD_CELL_CYCLE_S,WHITFIELD_CELL_CYCLE_S] was killed by [ROSTY_CERVICAL_CANCER_PROLIFERATION_CLUSTER,ROSTY_CERVICAL_CANCER_PROLIFERATION_CLUSTER]
[HAHTOLA_MYCOSIS_FUNGOIDES_CD4_UP,HAHTOLA_MYCOSIS_FUNGOIDES_CD4_UP] was killed by [TAKEDA_TARGETS_OF_NUP98_HOXA9_FUSION_10D_DN,TAKEDA_TARGETS_OF_NUP98_HOXA9_FUSION_10D_DN]
[PECE_MAMMARY_STEM_CELL_UP,PECE_MAMMARY_STEM_CELL_UP] was killed by [YAO_TEMPORAL_RESPONSE_TO_PROGESTERONE_CLUSTER_13,YAO_TEMPORAL_RESPONSE_TO_PROGESTERONE_CLUSTER_13]
[TONKS_TARGETS_OF_RUNX1_RUNX1T1_FUSION_HSC_UP,TONKS_TARGETS_OF_RUNX1_RUNX1T1_FUSION_HSC_UP] was killed by [XIE_ST_HSC_S1PR3_OE_UP,XIE_ST_HSC_S1PR3_OE_UP]
[CROMER_TUMORIGENESIS_UP,CROMER_TUMORIGENESIS_UP] was killed by [TAKEDA_TARGETS_OF_NUP98_HOXA9_FUSION_10D_DN,TAKEDA_TARGETS_OF_NUP98_HOXA9_FUSION_10D_DN]
[WHITFIELD_CELL_CYCLE_G2_M,WHITFIELD_CELL_CYCLE_G2_M] was killed by [ROSTY_CERVICAL_CANCER_PROLIFERATION_CLUSTER,ROSTY_CERVICAL_CANCER_PROLIFERATION_CLUSTER]
[JISON_SICKLE_CELL_DISEASE_DN,JISON_SICKLE_CELL_DISEASE_DN] was killed by [IRITANI_MAD1_TARGETS_DN,IRITANI_MAD1_TARGETS_DN]
[PEDERSEN_METASTASIS_BY_ERBB2_ISOFORM_4,PEDERSEN_METASTASIS_BY_ERBB2_ISOFORM_4] was killed by [TAKEDA_TARGETS_OF_NUP98_HOXA9_FUSION_10D_DN,TAKEDA_TARGETS_OF_NUP98_HOXA9_FUSION_10D_DN]
[HOLLERN_SQUAMOUS_BREAST_TUMOR,HOLLERN_SQUAMOUS_BREAST_TUMOR] was killed by [HOLLERN_EMT_BREAST_TUMOR_DN,HOLLERN_EMT_BREAST_TUMOR_DN]
[DANG_REGULATED_BY_MYC_UP,DANG_REGULATED_BY_MYC_UP] was killed by [SCHLOSSER_MYC_TARGETS_REPRESSED_BY_SERUM,SCHLOSSER_MYC_TARGETS_REPRESSED_BY_SERUM]
[BLANCO_MELO_BRONCHIAL_EPITHELIAL_CELLS_INFLUENZA_A_DEL_NS1_INFECTION_DN,BLANCO_MELO_BRONCHIAL_EPITHELIAL_CELLS_INFLUENZA_A_DEL_NS1_INFECTION_DN] was killed by [ROSTY_CERVICAL_CANCER_PROLIFERATION_CLUSTER,ROSTY_CERVICAL_CANCER_PROLIFERATION_CLUSTER]
[MORI_IMMATURE_B_LYMPHOCYTE_DN,MORI_IMMATURE_B_LYMPHOCYTE_DN] was killed by [ROSTY_CERVICAL_CANCER_PROLIFERATION_CLUSTER,ROSTY_CERVICAL_CANCER_PROLIFERATION_CLUSTER]
[GERY_CEBP_TARGETS,GERY_CEBP_TARGETS] was killed by [PODAR_RESPONSE_TO_ADAPHOSTIN_UP,PODAR_RESPONSE_TO_ADAPHOSTIN_UP]
[WELCSH_BRCA1_TARGETS_DN,WELCSH_BRCA1_TARGETS_DN] was killed by [GINESTIER_BREAST_CANCER_20Q13_AMPLIFICATION_DN,GINESTIER_BREAST_CANCER_20Q13_AMPLIFICATION_DN]
[BOSCO_EPITHELIAL_DIFFERENTIATION_MODULE,BOSCO_EPITHELIAL_DIFFERENTIATION_MODULE] was killed by [SALVADOR_MARTIN_PEDIATRIC_TBD_ANTI_TNF_THERAPY_NONRESPONDER_POST_TREATMENT_DN,SALVADOR_MARTIN_PEDIATRIC_TBD_ANTI_TNF_THERAPY_NONRESPONDER_POST_TREATMENT_DN]
[PICCALUGA_ANGIOIMMUNOBLASTIC_LYMPHOMA_DN,PICCALUGA_ANGIOIMMUNOBLASTIC_LYMPHOMA_DN] was killed by [PODAR_RESPONSE_TO_ADAPHOSTIN_UP,PODAR_RESPONSE_TO_ADAPHOSTIN_UP]
[HOFFMANN_LARGE_TO_SMALL_PRE_BII_LYMPHOCYTE_UP,HOFFMANN_LARGE_TO_SMALL_PRE_BII_LYMPHOCYTE_UP] was killed by [ROSTY_CERVICAL_CANCER_PROLIFERATION_CLUSTER,ROSTY_CERVICAL_CANCER_PROLIFERATION_CLUSTER]
[ELVIDGE_HYPOXIA_DN,ELVIDGE_HYPOXIA_DN] was killed by [SCHLOSSER_MYC_TARGETS_REPRESSED_BY_SERUM,SCHLOSSER_MYC_TARGETS_REPRESSED_BY_SERUM]
[TAVOR_CEBPA_TARGETS_UP,TAVOR_CEBPA_TARGETS_UP] was killed by [XIE_ST_HSC_S1PR3_OE_UP,XIE_ST_HSC_S1PR3_OE_UP]
[ANDERSEN_CHOLANGIOCARCINOMA_CLASS2,ANDERSEN_CHOLANGIOCARCINOMA_CLASS2] was killed by [TAKEDA_TARGETS_OF_NUP98_HOXA9_FUSION_10D_DN,TAKEDA_TARGETS_OF_NUP98_HOXA9_FUSION_10D_DN]
[GALINDO_IMMUNE_RESPONSE_TO_ENTEROTOXIN,GALINDO_IMMUNE_RESPONSE_TO_ENTEROTOXIN] was killed by [PODAR_RESPONSE_TO_ADAPHOSTIN_UP,PODAR_RESPONSE_TO_ADAPHOSTIN_UP]
[FERREIRA_EWINGS_SARCOMA_UNSTABLE_VS_STABLE_UP,FERREIRA_EWINGS_SARCOMA_UNSTABLE_VS_STABLE_UP] was killed by [GINESTIER_BREAST_CANCER_20Q13_AMPLIFICATION_DN,GINESTIER_BREAST_CANCER_20Q13_AMPLIFICATION_DN]
[JECHLINGER_EPITHELIAL_TO_MESENCHYMAL_TRANSITION_DN,JECHLINGER_EPITHELIAL_TO_MESENCHYMAL_TRANSITION_DN] was killed by [TAKEDA_TARGETS_OF_NUP98_HOXA9_FUSION_10D_DN,TAKEDA_TARGETS_OF_NUP98_HOXA9_FUSION_10D_DN]
[LIAN_LIPA_TARGETS_6M,LIAN_LIPA_TARGETS_6M] was killed by [TAKEDA_TARGETS_OF_NUP98_HOXA9_FUSION_10D_DN,TAKEDA_TARGETS_OF_NUP98_HOXA9_FUSION_10D_DN]
[HUANG_GATA2_TARGETS_UP,HUANG_GATA2_TARGETS_UP] was killed by [PODAR_RESPONSE_TO_ADAPHOSTIN_UP,PODAR_RESPONSE_TO_ADAPHOSTIN_UP]
[LIN_SILENCED_BY_TUMOR_MICROENVIRONMENT,LIN_SILENCED_BY_TUMOR_MICROENVIRONMENT] was killed by [TAKEDA_TARGETS_OF_NUP98_HOXA9_FUSION_10D_DN,TAKEDA_TARGETS_OF_NUP98_HOXA9_FUSION_10D_DN]
[HELLEBREKERS_SILENCED_DURING_TUMOR_ANGIOGENESIS,HELLEBREKERS_SILENCED_DURING_TUMOR_ANGIOGENESIS] was killed by [TAKEDA_TARGETS_OF_NUP98_HOXA9_FUSION_10D_DN,TAKEDA_TARGETS_OF_NUP98_HOXA9_FUSION_10D_DN]
[RYAN_MANTLE_CELL_LYMPHOMA_NOTCH_DIRECT_UP,RYAN_MANTLE_CELL_LYMPHOMA_NOTCH_DIRECT_UP] was killed by [XIE_ST_HSC_S1PR3_OE_UP,XIE_ST_HSC_S1PR3_OE_UP]
[VILIMAS_NOTCH1_TARGETS_UP,VILIMAS_NOTCH1_TARGETS_UP] was killed by [XIE_ST_HSC_S1PR3_OE_UP,XIE_ST_HSC_S1PR3_OE_UP]
[SERVITJA_ISLET_HNF1A_TARGETS_UP,SERVITJA_ISLET_HNF1A_TARGETS_UP] was killed by [HOELZEL_NF1_TARGETS_UP,HOELZEL_NF1_TARGETS_UP]
[BURTON_ADIPOGENESIS_6,BURTON_ADIPOGENESIS_6] was killed by [YAO_TEMPORAL_RESPONSE_TO_PROGESTERONE_CLUSTER_17,YAO_TEMPORAL_RESPONSE_TO_PROGESTERONE_CLUSTER_17]
[KOBAYASHI_EGFR_SIGNALING_24HR_UP,KOBAYASHI_EGFR_SIGNALING_24HR_UP] was killed by [TAKEDA_TARGETS_OF_NUP98_HOXA9_FUSION_10D_DN,TAKEDA_TARGETS_OF_NUP98_HOXA9_FUSION_10D_DN]
[LINDGREN_BLADDER_CANCER_CLUSTER_2A_DN,LINDGREN_BLADDER_CANCER_CLUSTER_2A_DN] was killed by [PODAR_RESPONSE_TO_ADAPHOSTIN_UP,PODAR_RESPONSE_TO_ADAPHOSTIN_UP]
[MEISSNER_NPC_HCP_WITH_H3K27ME3,MEISSNER_NPC_HCP_WITH_H3K27ME3] was killed by [MIKKELSEN_IPS_WITH_HCP_H3K27ME3,MIKKELSEN_IPS_WITH_HCP_H3K27ME3]
[PUJANA_BREAST_CANCER_LIT_INT_NETWORK,PUJANA_BREAST_CANCER_LIT_INT_NETWORK] was killed by [ROSTY_CERVICAL_CANCER_PROLIFERATION_CLUSTER,ROSTY_CERVICAL_CANCER_PROLIFERATION_CLUSTER]
[MOREAUX_B_LYMPHOCYTE_MATURATION_BY_TACI_DN,MOREAUX_B_LYMPHOCYTE_MATURATION_BY_TACI_DN] was killed by [SCHLOSSER_MYC_TARGETS_REPRESSED_BY_SERUM,SCHLOSSER_MYC_TARGETS_REPRESSED_BY_SERUM]
[RASHI_RESPONSE_TO_IONIZING_RADIATION_2,RASHI_RESPONSE_TO_IONIZING_RADIATION_2] was killed by [PODAR_RESPONSE_TO_ADAPHOSTIN_UP,PODAR_RESPONSE_TO_ADAPHOSTIN_UP]
[GOLDRATH_HOMEOSTATIC_PROLIFERATION,GOLDRATH_HOMEOSTATIC_PROLIFERATION] was killed by [SCHLOSSER_MYC_TARGETS_REPRESSED_BY_SERUM,SCHLOSSER_MYC_TARGETS_REPRESSED_BY_SERUM]
[CHIANG_LIVER_CANCER_SUBCLASS_CTNNB1_DN,CHIANG_LIVER_CANCER_SUBCLASS_CTNNB1_DN] was killed by [TAKEDA_TARGETS_OF_NUP98_HOXA9_FUSION_10D_DN,TAKEDA_TARGETS_OF_NUP98_HOXA9_FUSION_10D_DN]
[BLANCO_MELO_COVID19_BRONCHIAL_EPITHELIAL_CELLS_SARS_COV_2_INFECTION_UP,BLANCO_MELO_COVID19_BRONCHIAL_EPITHELIAL_CELLS_SARS_COV_2_INFECTION_UP] was killed by [TAKEDA_TARGETS_OF_NUP98_HOXA9_FUSION_10D_DN,TAKEDA_TARGETS_OF_NUP98_HOXA9_FUSION_10D_DN]
[YAO_TEMPORAL_RESPONSE_TO_PROGESTERONE_CLUSTER_14,YAO_TEMPORAL_RESPONSE_TO_PROGESTERONE_CLUSTER_14] was killed by [SCHLOSSER_MYC_TARGETS_REPRESSED_BY_SERUM,SCHLOSSER_MYC_TARGETS_REPRESSED_BY_SERUM]
[WELCSH_BRCA1_TARGETS_UP,WELCSH_BRCA1_TARGETS_UP] was killed by [ROSTY_CERVICAL_CANCER_PROLIFERATION_CLUSTER,ROSTY_CERVICAL_CANCER_PROLIFERATION_CLUSTER]
[UDAYAKUMAR_MED1_TARGETS_UP,UDAYAKUMAR_MED1_TARGETS_UP] was killed by [SCHLOSSER_MYC_TARGETS_REPRESSED_BY_SERUM,SCHLOSSER_MYC_TARGETS_REPRESSED_BY_SERUM]
[LENAOUR_DENDRITIC_CELL_MATURATION_UP,LENAOUR_DENDRITIC_CELL_MATURATION_UP] was killed by [TAKEDA_TARGETS_OF_NUP98_HOXA9_FUSION_10D_DN,TAKEDA_TARGETS_OF_NUP98_HOXA9_FUSION_10D_DN]
[ALCALA_APOPTOSIS,ALCALA_APOPTOSIS] was killed by [IIZUKA_LIVER_CANCER_PROGRESSION_L0_L1_DN,IIZUKA_LIVER_CANCER_PROGRESSION_L0_L1_DN]
[ZHONG_RESPONSE_TO_AZACITIDINE_AND_TSA_UP,ZHONG_RESPONSE_TO_AZACITIDINE_AND_TSA_UP] was killed by [PODAR_RESPONSE_TO_ADAPHOSTIN_UP,PODAR_RESPONSE_TO_ADAPHOSTIN_UP]
[BILANGES_RAPAMYCIN_SENSITIVE_VIA_TSC1_AND_TSC2,BILANGES_RAPAMYCIN_SENSITIVE_VIA_TSC1_AND_TSC2] was killed by [SCHLOSSER_MYC_TARGETS_REPRESSED_BY_SERUM,SCHLOSSER_MYC_TARGETS_REPRESSED_BY_SERUM]
[ONDER_CDH1_SIGNALING_VIA_CTNNB1,ONDER_CDH1_SIGNALING_VIA_CTNNB1] was killed by [BERTUCCI_MEDULLARY_VS_DUCTAL_BREAST_CANCER_DN,BERTUCCI_MEDULLARY_VS_DUCTAL_BREAST_CANCER_DN]
[ALCALAY_AML_BY_NPM1_LOCALIZATION_UP,ALCALAY_AML_BY_NPM1_LOCALIZATION_UP] was killed by [MIKKELSEN_IPS_WITH_HCP_H3K27ME3,MIKKELSEN_IPS_WITH_HCP_H3K27ME3]
[CHIANG_LIVER_CANCER_SUBCLASS_PROLIFERATION_UP,CHIANG_LIVER_CANCER_SUBCLASS_PROLIFERATION_UP] was killed by [ROSTY_CERVICAL_CANCER_PROLIFERATION_CLUSTER,ROSTY_CERVICAL_CANCER_PROLIFERATION_CLUSTER]
[MEISSNER_NPC_HCP_WITH_H3K4ME3_AND_H3K27ME3,MEISSNER_NPC_HCP_WITH_H3K4ME3_AND_H3K27ME3] was killed by [XIE_ST_HSC_S1PR3_OE_UP,XIE_ST_HSC_S1PR3_OE_UP]
[PYEON_HPV_POSITIVE_TUMORS_UP,PYEON_HPV_POSITIVE_TUMORS_UP] was killed by [ROSTY_CERVICAL_CANCER_PROLIFERATION_CLUSTER,ROSTY_CERVICAL_CANCER_PROLIFERATION_CLUSTER]
[LEE_EARLY_T_LYMPHOCYTE_UP,LEE_EARLY_T_LYMPHOCYTE_UP] was killed by [ROSTY_CERVICAL_CANCER_PROLIFERATION_CLUSTER,ROSTY_CERVICAL_CANCER_PROLIFERATION_CLUSTER]
[CROONQUIST_NRAS_SIGNALING_DN,CROONQUIST_NRAS_SIGNALING_DN] was killed by [GINESTIER_BREAST_CANCER_20Q13_AMPLIFICATION_DN,GINESTIER_BREAST_CANCER_20Q13_AMPLIFICATION_DN]
[ZHANG_RESPONSE_TO_CANTHARIDIN_DN,ZHANG_RESPONSE_TO_CANTHARIDIN_DN] was killed by [SCHLOSSER_MYC_TARGETS_REPRESSED_BY_SERUM,SCHLOSSER_MYC_TARGETS_REPRESSED_BY_SERUM]
[ONDER_CDH1_TARGETS_3_DN,ONDER_CDH1_TARGETS_3_DN] was killed by [TAKEDA_TARGETS_OF_NUP98_HOXA9_FUSION_10D_DN,TAKEDA_TARGETS_OF_NUP98_HOXA9_FUSION_10D_DN]
[VILLANUEVA_LIVER_CANCER_KRT19_UP,VILLANUEVA_LIVER_CANCER_KRT19_UP] was killed by [ROSTY_CERVICAL_CANCER_PROLIFERATION_CLUSTER,ROSTY_CERVICAL_CANCER_PROLIFERATION_CLUSTER]
[HINATA_NFKB_TARGETS_KERATINOCYTE_UP,HINATA_NFKB_TARGETS_KERATINOCYTE_UP] was killed by [TAKEDA_TARGETS_OF_NUP98_HOXA9_FUSION_10D_DN,TAKEDA_TARGETS_OF_NUP98_HOXA9_FUSION_10D_DN]
[GARGALOVIC_RESPONSE_TO_OXIDIZED_PHOSPHOLIPIDS_MAGENTA_UP,GARGALOVIC_RESPONSE_TO_OXIDIZED_PHOSPHOLIPIDS_MAGENTA_UP] was killed by [PODAR_RESPONSE_TO_ADAPHOSTIN_UP,PODAR_RESPONSE_TO_ADAPHOSTIN_UP]
[GAVIN_FOXP3_TARGETS_CLUSTER_T7,GAVIN_FOXP3_TARGETS_CLUSTER_T7] was killed by [YAO_TEMPORAL_RESPONSE_TO_PROGESTERONE_CLUSTER_13,YAO_TEMPORAL_RESPONSE_TO_PROGESTERONE_CLUSTER_13]
[TIEN_INTESTINE_PROBIOTICS_6HR_UP,TIEN_INTESTINE_PROBIOTICS_6HR_UP] was killed by [IRITANI_MAD1_TARGETS_DN,IRITANI_MAD1_TARGETS_DN]
[TAKEDA_TARGETS_OF_NUP98_HOXA9_FUSION_3D_UP,TAKEDA_TARGETS_OF_NUP98_HOXA9_FUSION_3D_UP] was killed by [XIE_ST_HSC_S1PR3_OE_UP,XIE_ST_HSC_S1PR3_OE_UP]
[SABATES_COLORECTAL_ADENOMA_UP,SABATES_COLORECTAL_ADENOMA_UP] was killed by [TAKEDA_TARGETS_OF_NUP98_HOXA9_FUSION_10D_DN,TAKEDA_TARGETS_OF_NUP98_HOXA9_FUSION_10D_DN]
[SCHLOSSER_SERUM_RESPONSE_AUGMENTED_BY_MYC,SCHLOSSER_SERUM_RESPONSE_AUGMENTED_BY_MYC] was killed by [YAO_TEMPORAL_RESPONSE_TO_PROGESTERONE_CLUSTER_17,YAO_TEMPORAL_RESPONSE_TO_PROGESTERONE_CLUSTER_17]
[PHONG_TNF_TARGETS_UP,PHONG_TNF_TARGETS_UP] was killed by [TAKEDA_TARGETS_OF_NUP98_HOXA9_FUSION_10D_DN,TAKEDA_TARGETS_OF_NUP98_HOXA9_FUSION_10D_DN]
[TONKS_TARGETS_OF_RUNX1_RUNX1T1_FUSION_HSC_DN,TONKS_TARGETS_OF_RUNX1_RUNX1T1_FUSION_HSC_DN] was killed by [TAKEDA_TARGETS_OF_NUP98_HOXA9_FUSION_10D_DN,TAKEDA_TARGETS_OF_NUP98_HOXA9_FUSION_10D_DN]
[CROONQUIST_IL6_DEPRIVATION_DN,CROONQUIST_IL6_DEPRIVATION_DN] was killed by [GINESTIER_BREAST_CANCER_20Q13_AMPLIFICATION_DN,GINESTIER_BREAST_CANCER_20Q13_AMPLIFICATION_DN]
[CHNG_MULTIPLE_MYELOMA_HYPERPLOID_UP,CHNG_MULTIPLE_MYELOMA_HYPERPLOID_UP] was killed by [IRITANI_MAD1_TARGETS_DN,IRITANI_MAD1_TARGETS_DN]
[RHODES_UNDIFFERENTIATED_CANCER,RHODES_UNDIFFERENTIATED_CANCER] was killed by [SCHLOSSER_MYC_TARGETS_REPRESSED_BY_SERUM,SCHLOSSER_MYC_TARGETS_REPRESSED_BY_SERUM]
[MILI_PSEUDOPODIA_CHEMOTAXIS_UP,MILI_PSEUDOPODIA_CHEMOTAXIS_UP] was killed by [BERTUCCI_MEDULLARY_VS_DUCTAL_BREAST_CANCER_DN,BERTUCCI_MEDULLARY_VS_DUCTAL_BREAST_CANCER_DN]
[GARGALOVIC_RESPONSE_TO_OXIDIZED_PHOSPHOLIPIDS_BLUE_UP,GARGALOVIC_RESPONSE_TO_OXIDIZED_PHOSPHOLIPIDS_BLUE_UP] was killed by [WANG_CLIM2_TARGETS_DN,WANG_CLIM2_TARGETS_DN]
[KONG_E2F3_TARGETS,KONG_E2F3_TARGETS] was killed by [ROSTY_CERVICAL_CANCER_PROLIFERATION_CLUSTER,ROSTY_CERVICAL_CANCER_PROLIFERATION_CLUSTER]
[GRAHAM_CML_DIVIDING_VS_NORMAL_QUIESCENT_UP,GRAHAM_CML_DIVIDING_VS_NORMAL_QUIESCENT_UP] was killed by [ROSTY_CERVICAL_CANCER_PROLIFERATION_CLUSTER,ROSTY_CERVICAL_CANCER_PROLIFERATION_CLUSTER]
[MALONEY_RESPONSE_TO_17AAG_DN,MALONEY_RESPONSE_TO_17AAG_DN] was killed by [SCHLOSSER_MYC_TARGETS_REPRESSED_BY_SERUM,SCHLOSSER_MYC_TARGETS_REPRESSED_BY_SERUM]
[BEGUM_TARGETS_OF_PAX3_FOXO1_FUSION_UP,BEGUM_TARGETS_OF_PAX3_FOXO1_FUSION_UP] was killed by [HOELZEL_NF1_TARGETS_UP,HOELZEL_NF1_TARGETS_UP]
[TONKS_TARGETS_OF_RUNX1_RUNX1T1_FUSION_SUSTAINDED_IN_ERYTHROCYTE_UP,TONKS_TARGETS_OF_RUNX1_RUNX1T1_FUSION_SUSTAINDED_IN_ERYTHROCYTE_UP] was killed by [PODAR_RESPONSE_TO_ADAPHOSTIN_UP,PODAR_RESPONSE_TO_ADAPHOSTIN_UP]
[KARLSSON_TGFB1_TARGETS_UP,KARLSSON_TGFB1_TARGETS_UP] was killed by [SCHLOSSER_MYC_TARGETS_REPRESSED_BY_SERUM,SCHLOSSER_MYC_TARGETS_REPRESSED_BY_SERUM]
[GOZGIT_ESR1_TARGETS_UP,GOZGIT_ESR1_TARGETS_UP] was killed by [BERTUCCI_MEDULLARY_VS_DUCTAL_BREAST_CANCER_DN,BERTUCCI_MEDULLARY_VS_DUCTAL_BREAST_CANCER_DN]
[TAKEDA_TARGETS_OF_NUP98_HOXA9_FUSION_10D_UP,TAKEDA_TARGETS_OF_NUP98_HOXA9_FUSION_10D_UP] was killed by [XIE_ST_HSC_S1PR3_OE_UP,XIE_ST_HSC_S1PR3_OE_UP]
[TAKAO_RESPONSE_TO_UVB_RADIATION_UP,TAKAO_RESPONSE_TO_UVB_RADIATION_UP] was killed by [YAO_TEMPORAL_RESPONSE_TO_PROGESTERONE_CLUSTER_13,YAO_TEMPORAL_RESPONSE_TO_PROGESTERONE_CLUSTER_13]
[DING_LUNG_CANCER_EXPRESSION_BY_COPY_NUMBER,DING_LUNG_CANCER_EXPRESSION_BY_COPY_NUMBER] was killed by [SCHLOSSER_MYC_TARGETS_REPRESSED_BY_SERUM,SCHLOSSER_MYC_TARGETS_REPRESSED_BY_SERUM]
[LENAOUR_DENDRITIC_CELL_MATURATION_DN,LENAOUR_DENDRITIC_CELL_MATURATION_DN] was killed by [TAKEDA_TARGETS_OF_NUP98_HOXA9_FUSION_10D_DN,TAKEDA_TARGETS_OF_NUP98_HOXA9_FUSION_10D_DN]
[SMITH_TERT_TARGETS_UP,SMITH_TERT_TARGETS_UP] was killed by [SCHLOSSER_MYC_TARGETS_REPRESSED_BY_SERUM,SCHLOSSER_MYC_TARGETS_REPRESSED_BY_SERUM]
[JOHNSTONE_PARVB_TARGETS_2_UP,JOHNSTONE_PARVB_TARGETS_2_UP] was killed by [XIE_ST_HSC_S1PR3_OE_UP,XIE_ST_HSC_S1PR3_OE_UP]
[YAO_TEMPORAL_RESPONSE_TO_PROGESTERONE_CLUSTER_11,YAO_TEMPORAL_RESPONSE_TO_PROGESTERONE_CLUSTER_11] was killed by [SCHLOSSER_MYC_TARGETS_REPRESSED_BY_SERUM,SCHLOSSER_MYC_TARGETS_REPRESSED_BY_SERUM]
[GARGALOVIC_RESPONSE_TO_OXIDIZED_PHOSPHOLIPIDS_TURQUOISE_UP,GARGALOVIC_RESPONSE_TO_OXIDIZED_PHOSPHOLIPIDS_TURQUOISE_UP] was killed by [PODAR_RESPONSE_TO_ADAPHOSTIN_UP,PODAR_RESPONSE_TO_ADAPHOSTIN_UP]
[CERVERA_SDHB_TARGETS_2,CERVERA_SDHB_TARGETS_2] was killed by [RICKMAN_HEAD_AND_NECK_CANCER_A,RICKMAN_HEAD_AND_NECK_CANCER_A]
[LIM_MAMMARY_LUMINAL_MATURE_DN,LIM_MAMMARY_LUMINAL_MATURE_DN] was killed by [TAKEDA_TARGETS_OF_NUP98_HOXA9_FUSION_10D_DN,TAKEDA_TARGETS_OF_NUP98_HOXA9_FUSION_10D_DN]
[BLANCO_MELO_HUMAN_PARAINFLUENZA_VIRUS_3_INFECTION_A594_CELLS_DN,BLANCO_MELO_HUMAN_PARAINFLUENZA_VIRUS_3_INFECTION_A594_CELLS_DN] was killed by [HOLLERN_EMT_BREAST_TUMOR_DN,HOLLERN_EMT_BREAST_TUMOR_DN]
[HOSHIDA_LIVER_CANCER_SUBCLASS_S2,HOSHIDA_LIVER_CANCER_SUBCLASS_S2] was killed by [SCHLOSSER_MYC_TARGETS_REPRESSED_BY_SERUM,SCHLOSSER_MYC_TARGETS_REPRESSED_BY_SERUM]
[PEDERSEN_TARGETS_OF_611CTF_ISOFORM_OF_ERBB2,PEDERSEN_TARGETS_OF_611CTF_ISOFORM_OF_ERBB2] was killed by [PODAR_RESPONSE_TO_ADAPHOSTIN_UP,PODAR_RESPONSE_TO_ADAPHOSTIN_UP]
[BURTON_ADIPOGENESIS_8,BURTON_ADIPOGENESIS_8] was killed by [TAKEDA_TARGETS_OF_NUP98_HOXA9_FUSION_10D_DN,TAKEDA_TARGETS_OF_NUP98_HOXA9_FUSION_10D_DN]
[VART_KSHV_INFECTION_ANGIOGENIC_MARKERS_DN,VART_KSHV_INFECTION_ANGIOGENIC_MARKERS_DN] was killed by [TAKEDA_TARGETS_OF_NUP98_HOXA9_FUSION_10D_DN,TAKEDA_TARGETS_OF_NUP98_HOXA9_FUSION_10D_DN]
[GHANDHI_DIRECT_IRRADIATION_UP,GHANDHI_DIRECT_IRRADIATION_UP] was killed by [TAKEDA_TARGETS_OF_NUP98_HOXA9_FUSION_10D_DN,TAKEDA_TARGETS_OF_NUP98_HOXA9_FUSION_10D_DN]
[TAKEDA_TARGETS_OF_NUP98_HOXA9_FUSION_16D_DN,TAKEDA_TARGETS_OF_NUP98_HOXA9_FUSION_16D_DN] was killed by [TAKEDA_TARGETS_OF_NUP98_HOXA9_FUSION_10D_DN,TAKEDA_TARGETS_OF_NUP98_HOXA9_FUSION_10D_DN]
[NAGASHIMA_NRG1_SIGNALING_UP,NAGASHIMA_NRG1_SIGNALING_UP] was killed by [WANG_CLIM2_TARGETS_DN,WANG_CLIM2_TARGETS_DN]
[BLALOCK_ALZHEIMERS_DISEASE_INCIPIENT_DN,BLALOCK_ALZHEIMERS_DISEASE_INCIPIENT_DN] was killed by [BERTUCCI_MEDULLARY_VS_DUCTAL_BREAST_CANCER_DN,BERTUCCI_MEDULLARY_VS_DUCTAL_BREAST_CANCER_DN]
[LIANG_SILENCED_BY_METHYLATION_2,LIANG_SILENCED_BY_METHYLATION_2] was killed by [TAKEDA_TARGETS_OF_NUP98_HOXA9_FUSION_10D_DN,TAKEDA_TARGETS_OF_NUP98_HOXA9_FUSION_10D_DN]
[PRAMOONJAGO_SOX4_TARGETS_UP,PRAMOONJAGO_SOX4_TARGETS_UP] was killed by [PODAR_RESPONSE_TO_ADAPHOSTIN_UP,PODAR_RESPONSE_TO_ADAPHOSTIN_UP]
[BHATTACHARYA_EMBRYONIC_STEM_CELL,BHATTACHARYA_EMBRYONIC_STEM_CELL] was killed by [SCHLOSSER_MYC_TARGETS_REPRESSED_BY_SERUM,SCHLOSSER_MYC_TARGETS_REPRESSED_BY_SERUM]
[GAUSSMANN_MLL_AF4_FUSION_TARGETS_A_UP,GAUSSMANN_MLL_AF4_FUSION_TARGETS_A_UP] was killed by [TAKEDA_TARGETS_OF_NUP98_HOXA9_FUSION_10D_DN,TAKEDA_TARGETS_OF_NUP98_HOXA9_FUSION_10D_DN]
[DACOSTA_UV_RESPONSE_VIA_ERCC3_TTD_DN,DACOSTA_UV_RESPONSE_VIA_ERCC3_TTD_DN] was killed by [DACOSTA_UV_RESPONSE_VIA_ERCC3_XPCS_DN,DACOSTA_UV_RESPONSE_VIA_ERCC3_XPCS_DN]
[PHONG_TNF_RESPONSE_VIA_P38_PARTIAL,PHONG_TNF_RESPONSE_VIA_P38_PARTIAL] was killed by [TAKEDA_TARGETS_OF_NUP98_HOXA9_FUSION_10D_DN,TAKEDA_TARGETS_OF_NUP98_HOXA9_FUSION_10D_DN]
[JINESH_BLEBBISHIELD_TRANSFORMED_STEM_CELL_SPHERES_UP,JINESH_BLEBBISHIELD_TRANSFORMED_STEM_CELL_SPHERES_UP] was killed by [TAKEDA_TARGETS_OF_NUP98_HOXA9_FUSION_10D_DN,TAKEDA_TARGETS_OF_NUP98_HOXA9_FUSION_10D_DN]
[AKL_HTLV1_INFECTION_DN,AKL_HTLV1_INFECTION_DN] was killed by [PODAR_RESPONSE_TO_ADAPHOSTIN_UP,PODAR_RESPONSE_TO_ADAPHOSTIN_UP]
[IIZUKA_LIVER_CANCER_PROGRESSION_G1_G2_DN,IIZUKA_LIVER_CANCER_PROGRESSION_G1_G2_DN] was killed by [WANG_CLIM2_TARGETS_DN,WANG_CLIM2_TARGETS_DN]
[FLECHNER_PBL_KIDNEY_TRANSPLANT_OK_VS_DONOR_UP,FLECHNER_PBL_KIDNEY_TRANSPLANT_OK_VS_DONOR_UP] was killed by [SCHLOSSER_MYC_TARGETS_REPRESSED_BY_SERUM,SCHLOSSER_MYC_TARGETS_REPRESSED_BY_SERUM]
[BLANCO_MELO_COVID19_SARS_COV_2_INFECTION_A594_CELLS_UP,BLANCO_MELO_COVID19_SARS_COV_2_INFECTION_A594_CELLS_UP] was killed by [XIE_ST_HSC_S1PR3_OE_UP,XIE_ST_HSC_S1PR3_OE_UP]
[WAMUNYOKOLI_OVARIAN_CANCER_LMP_DN,WAMUNYOKOLI_OVARIAN_CANCER_LMP_DN] was killed by [BERTUCCI_MEDULLARY_VS_DUCTAL_BREAST_CANCER_DN,BERTUCCI_MEDULLARY_VS_DUCTAL_BREAST_CANCER_DN]
[LASTOWSKA_NEUROBLASTOMA_COPY_NUMBER_UP,LASTOWSKA_NEUROBLASTOMA_COPY_NUMBER_UP] was killed by [ROSTY_CERVICAL_CANCER_PROLIFERATION_CLUSTER,ROSTY_CERVICAL_CANCER_PROLIFERATION_CLUSTER]
[RODRIGUES_DCC_TARGETS_DN,RODRIGUES_DCC_TARGETS_DN] was killed by [PODAR_RESPONSE_TO_ADAPHOSTIN_UP,PODAR_RESPONSE_TO_ADAPHOSTIN_UP]
[SWEET_KRAS_TARGETS_UP,SWEET_KRAS_TARGETS_UP] was killed by [PODAR_RESPONSE_TO_ADAPHOSTIN_UP,PODAR_RESPONSE_TO_ADAPHOSTIN_UP]
[WANG_ESOPHAGUS_CANCER_VS_NORMAL_UP,WANG_ESOPHAGUS_CANCER_VS_NORMAL_UP] was killed by [WAKABAYASHI_ADIPOGENESIS_PPARG_RXRA_BOUND_WITH_H4K20ME1_MARK,WAKABAYASHI_ADIPOGENESIS_PPARG_RXRA_BOUND_WITH_H4K20ME1_MARK]
[GUENTHER_GROWTH_SPHERICAL_VS_ADHERENT_DN,GUENTHER_GROWTH_SPHERICAL_VS_ADHERENT_DN] was killed by [CHEBOTAEV_GR_TARGETS_UP,CHEBOTAEV_GR_TARGETS_UP]
[OSADA_ASCL1_TARGETS_DN,OSADA_ASCL1_TARGETS_DN] was killed by [RICKMAN_HEAD_AND_NECK_CANCER_A,RICKMAN_HEAD_AND_NECK_CANCER_A]
[EPPERT_PROGENITOR,EPPERT_PROGENITOR] was killed by [SCHLOSSER_MYC_TARGETS_REPRESSED_BY_SERUM,SCHLOSSER_MYC_TARGETS_REPRESSED_BY_SERUM]
[MIKKELSEN_MEF_LCP_WITH_H3K27ME3,MIKKELSEN_MEF_LCP_WITH_H3K27ME3] was killed by [MIKKELSEN_MCV6_LCP_WITH_H3K27ME3,MIKKELSEN_MCV6_LCP_WITH_H3K27ME3]
[TIEN_INTESTINE_PROBIOTICS_6HR_DN,TIEN_INTESTINE_PROBIOTICS_6HR_DN] was killed by [WANG_CLIM2_TARGETS_DN,WANG_CLIM2_TARGETS_DN]
[SHAFFER_IRF4_TARGETS_IN_ACTIVATED_B_LYMPHOCYTE,SHAFFER_IRF4_TARGETS_IN_ACTIVATED_B_LYMPHOCYTE] was killed by [SCHLOSSER_MYC_TARGETS_REPRESSED_BY_SERUM,SCHLOSSER_MYC_TARGETS_REPRESSED_BY_SERUM]
[TAKEDA_TARGETS_OF_NUP98_HOXA9_FUSION_8D_UP,TAKEDA_TARGETS_OF_NUP98_HOXA9_FUSION_8D_UP] was killed by [XIE_ST_HSC_S1PR3_OE_UP,XIE_ST_HSC_S1PR3_OE_UP]
[KIM_MYC_AMPLIFICATION_TARGETS_DN,KIM_MYC_AMPLIFICATION_TARGETS_DN] was killed by [BOSCO_ALLERGEN_INDUCED_TH2_ASSOCIATED_MODULE,BOSCO_ALLERGEN_INDUCED_TH2_ASSOCIATED_MODULE]
[MIKKELSEN_ES_HCP_WITH_H3_UNMETHYLATED,MIKKELSEN_ES_HCP_WITH_H3_UNMETHYLATED] was killed by [MIKKELSEN_IPS_WITH_HCP_H3K27ME3,MIKKELSEN_IPS_WITH_HCP_H3K27ME3]
[WONG_PROTEASOME_GENE_MODULE,WONG_PROTEASOME_GENE_MODULE] was killed by [SCHLOSSER_MYC_TARGETS_REPRESSED_BY_SERUM,SCHLOSSER_MYC_TARGETS_REPRESSED_BY_SERUM]
[WILENSKY_RESPONSE_TO_DARAPLADIB,WILENSKY_RESPONSE_TO_DARAPLADIB] was killed by [TAKEDA_TARGETS_OF_NUP98_HOXA9_FUSION_10D_DN,TAKEDA_TARGETS_OF_NUP98_HOXA9_FUSION_10D_DN]
[MUELLER_COMMON_TARGETS_OF_AML_FUSIONS_UP,MUELLER_COMMON_TARGETS_OF_AML_FUSIONS_UP] was killed by [ROSTY_CERVICAL_CANCER_PROLIFERATION_CLUSTER,ROSTY_CERVICAL_CANCER_PROLIFERATION_CLUSTER]
[SHETH_LIVER_CANCER_VS_TXNIP_LOSS_PAM2,SHETH_LIVER_CANCER_VS_TXNIP_LOSS_PAM2] was killed by [ROSTY_CERVICAL_CANCER_PROLIFERATION_CLUSTER,ROSTY_CERVICAL_CANCER_PROLIFERATION_CLUSTER]
[YAMASHITA_LIVER_CANCER_WITH_EPCAM_UP,YAMASHITA_LIVER_CANCER_WITH_EPCAM_UP] was killed by [IRITANI_MAD1_TARGETS_DN,IRITANI_MAD1_TARGETS_DN]
[COLLER_MYC_TARGETS_UP,COLLER_MYC_TARGETS_UP] was killed by [SCHLOSSER_MYC_TARGETS_REPRESSED_BY_SERUM,SCHLOSSER_MYC_TARGETS_REPRESSED_BY_SERUM]
[REN_BOUND_BY_E2F,REN_BOUND_BY_E2F] was killed by [GINESTIER_BREAST_CANCER_20Q13_AMPLIFICATION_DN,GINESTIER_BREAST_CANCER_20Q13_AMPLIFICATION_DN]
[TIAN_TNF_SIGNALING_VIA_NFKB,TIAN_TNF_SIGNALING_VIA_NFKB] was killed by [TAKEDA_TARGETS_OF_NUP98_HOXA9_FUSION_10D_DN,TAKEDA_TARGETS_OF_NUP98_HOXA9_FUSION_10D_DN]
[IKEDA_MIR30_TARGETS_UP,IKEDA_MIR30_TARGETS_UP] was killed by [RICKMAN_HEAD_AND_NECK_CANCER_A,RICKMAN_HEAD_AND_NECK_CANCER_A]
[BURTON_ADIPOGENESIS_PEAK_AT_0HR,BURTON_ADIPOGENESIS_PEAK_AT_0HR] was killed by [XIE_ST_HSC_S1PR3_OE_UP,XIE_ST_HSC_S1PR3_OE_UP]
[SONG_TARGETS_OF_IE86_CMV_PROTEIN,SONG_TARGETS_OF_IE86_CMV_PROTEIN] was killed by [GINESTIER_BREAST_CANCER_20Q13_AMPLIFICATION_DN,GINESTIER_BREAST_CANCER_20Q13_AMPLIFICATION_DN]
[GARCIA_TARGETS_OF_FLI1_AND_DAX1_DN,GARCIA_TARGETS_OF_FLI1_AND_DAX1_DN] was killed by [ROSTY_CERVICAL_CANCER_PROLIFERATION_CLUSTER,ROSTY_CERVICAL_CANCER_PROLIFERATION_CLUSTER]
[CHEBOTAEV_GR_TARGETS_DN,CHEBOTAEV_GR_TARGETS_DN] was killed by [RICKMAN_HEAD_AND_NECK_CANCER_A,RICKMAN_HEAD_AND_NECK_CANCER_A]
[DER_IFN_BETA_RESPONSE_UP,DER_IFN_BETA_RESPONSE_UP] was killed by [SCHLOSSER_MYC_TARGETS_REPRESSED_BY_SERUM,SCHLOSSER_MYC_TARGETS_REPRESSED_BY_SERUM]
[HUPER_BREAST_BASAL_VS_LUMINAL_UP,HUPER_BREAST_BASAL_VS_LUMINAL_UP] was killed by [RICKMAN_HEAD_AND_NECK_CANCER_C,RICKMAN_HEAD_AND_NECK_CANCER_C]
[WINZEN_DEGRADED_VIA_KHSRP,WINZEN_DEGRADED_VIA_KHSRP] was killed by [XIE_ST_HSC_S1PR3_OE_UP,XIE_ST_HSC_S1PR3_OE_UP]
[NADLER_OBESITY_UP,NADLER_OBESITY_UP] was killed by [TAKEDA_TARGETS_OF_NUP98_HOXA9_FUSION_10D_DN,TAKEDA_TARGETS_OF_NUP98_HOXA9_FUSION_10D_DN]
[SEIDEN_ONCOGENESIS_BY_MET,SEIDEN_ONCOGENESIS_BY_MET] was killed by [SCHLOSSER_MYC_TARGETS_REPRESSED_BY_SERUM,SCHLOSSER_MYC_TARGETS_REPRESSED_BY_SERUM]
[GENTILE_UV_RESPONSE_CLUSTER_D7,GENTILE_UV_RESPONSE_CLUSTER_D7] was killed by [DAVICIONI_MOLECULAR_ARMS_VS_ERMS_DN,DAVICIONI_MOLECULAR_ARMS_VS_ERMS_DN]
[GUTIERREZ_CHRONIC_LYMPHOCYTIC_LEUKEMIA_DN,GUTIERREZ_CHRONIC_LYMPHOCYTIC_LEUKEMIA_DN] was killed by [XIE_ST_HSC_S1PR3_OE_UP,XIE_ST_HSC_S1PR3_OE_UP]
[INGRAM_SHH_TARGETS_UP,INGRAM_SHH_TARGETS_UP] was killed by [PODAR_RESPONSE_TO_ADAPHOSTIN_UP,PODAR_RESPONSE_TO_ADAPHOSTIN_UP]
[ALCALAY_AML_BY_NPM1_LOCALIZATION_DN,ALCALAY_AML_BY_NPM1_LOCALIZATION_DN] was killed by [TAKEDA_TARGETS_OF_NUP98_HOXA9_FUSION_10D_DN,TAKEDA_TARGETS_OF_NUP98_HOXA9_FUSION_10D_DN]
[ANDERSEN_LIVER_CANCER_KRT19_UP,ANDERSEN_LIVER_CANCER_KRT19_UP] was killed by [PODAR_RESPONSE_TO_ADAPHOSTIN_UP,PODAR_RESPONSE_TO_ADAPHOSTIN_UP]
[DELPUECH_FOXO3_TARGETS_UP,DELPUECH_FOXO3_TARGETS_UP] was killed by [TAKEDA_TARGETS_OF_NUP98_HOXA9_FUSION_10D_DN,TAKEDA_TARGETS_OF_NUP98_HOXA9_FUSION_10D_DN]
[MISSIAGLIA_REGULATED_BY_METHYLATION_DN,MISSIAGLIA_REGULATED_BY_METHYLATION_DN] was killed by [ROSTY_CERVICAL_CANCER_PROLIFERATION_CLUSTER,ROSTY_CERVICAL_CANCER_PROLIFERATION_CLUSTER]
[SEKI_INFLAMMATORY_RESPONSE_LPS_UP,SEKI_INFLAMMATORY_RESPONSE_LPS_UP] was killed by [TAKEDA_TARGETS_OF_NUP98_HOXA9_FUSION_10D_DN,TAKEDA_TARGETS_OF_NUP98_HOXA9_FUSION_10D_DN]
[LEE_LIVER_CANCER_SURVIVAL_DN,LEE_LIVER_CANCER_SURVIVAL_DN] was killed by [SCHLOSSER_MYC_TARGETS_REPRESSED_BY_SERUM,SCHLOSSER_MYC_TARGETS_REPRESSED_BY_SERUM]
[SENESE_HDAC2_TARGETS_DN,SENESE_HDAC2_TARGETS_DN] was killed by [BERTUCCI_MEDULLARY_VS_DUCTAL_BREAST_CANCER_DN,BERTUCCI_MEDULLARY_VS_DUCTAL_BREAST_CANCER_DN]
[PLASARI_TGFB1_SIGNALING_VIA_NFIC_1HR_DN,PLASARI_TGFB1_SIGNALING_VIA_NFIC_1HR_DN] was killed by [BERTUCCI_MEDULLARY_VS_DUCTAL_BREAST_CANCER_DN,BERTUCCI_MEDULLARY_VS_DUCTAL_BREAST_CANCER_DN]
[TONKS_TARGETS_OF_RUNX1_RUNX1T1_FUSION_GRANULOCYTE_DN,TONKS_TARGETS_OF_RUNX1_RUNX1T1_FUSION_GRANULOCYTE_DN] was killed by [TAKEDA_TARGETS_OF_NUP98_HOXA9_FUSION_10D_DN,TAKEDA_TARGETS_OF_NUP98_HOXA9_FUSION_10D_DN]
[EPPERT_LSC_R,EPPERT_LSC_R] was killed by [FLECHNER_PBL_KIDNEY_TRANSPLANT_OK_VS_DONOR_DN,FLECHNER_PBL_KIDNEY_TRANSPLANT_OK_VS_DONOR_DN]
[MORI_EMU_MYC_LYMPHOMA_BY_ONSET_TIME_UP,MORI_EMU_MYC_LYMPHOMA_BY_ONSET_TIME_UP] was killed by [ROSTY_CERVICAL_CANCER_PROLIFERATION_CLUSTER,ROSTY_CERVICAL_CANCER_PROLIFERATION_CLUSTER]
[HAN_JNK_SINGALING_UP,HAN_JNK_SINGALING_UP] was killed by [XIE_ST_HSC_S1PR3_OE_UP,XIE_ST_HSC_S1PR3_OE_UP]
[JAIN_NFKB_SIGNALING,JAIN_NFKB_SIGNALING] was killed by [SCHLOSSER_MYC_TARGETS_REPRESSED_BY_SERUM,SCHLOSSER_MYC_TARGETS_REPRESSED_BY_SERUM]
[BYSTRYKH_HEMATOPOIESIS_STEM_CELL_AND_BRAIN_QTL_CIS,BYSTRYKH_HEMATOPOIESIS_STEM_CELL_AND_BRAIN_QTL_CIS] was killed by [YAO_TEMPORAL_RESPONSE_TO_PROGESTERONE_CLUSTER_17,YAO_TEMPORAL_RESPONSE_TO_PROGESTERONE_CLUSTER_17]
[BOYAULT_LIVER_CANCER_SUBCLASS_G1_UP,BOYAULT_LIVER_CANCER_SUBCLASS_G1_UP] was killed by [HOLLERN_EMT_BREAST_TUMOR_DN,HOLLERN_EMT_BREAST_TUMOR_DN]
[BILD_CTNNB1_ONCOGENIC_SIGNATURE,BILD_CTNNB1_ONCOGENIC_SIGNATURE] was killed by [DACOSTA_UV_RESPONSE_VIA_ERCC3_XPCS_DN,DACOSTA_UV_RESPONSE_VIA_ERCC3_XPCS_DN]
[BILBAN_B_CLL_LPL_DN,BILBAN_B_CLL_LPL_DN] was killed by [PODAR_RESPONSE_TO_ADAPHOSTIN_UP,PODAR_RESPONSE_TO_ADAPHOSTIN_UP]
[DURAND_STROMA_NS_UP,DURAND_STROMA_NS_UP] was killed by [RICKMAN_HEAD_AND_NECK_CANCER_C,RICKMAN_HEAD_AND_NECK_CANCER_C]
[PRAMOONJAGO_SOX4_TARGETS_DN,PRAMOONJAGO_SOX4_TARGETS_DN] was killed by [YAO_TEMPORAL_RESPONSE_TO_PROGESTERONE_CLUSTER_17,YAO_TEMPORAL_RESPONSE_TO_PROGESTERONE_CLUSTER_17]
[SCHLESINGER_METHYLATED_DE_NOVO_IN_CANCER,SCHLESINGER_METHYLATED_DE_NOVO_IN_CANCER] was killed by [MIKKELSEN_IPS_WITH_HCP_H3K27ME3,MIKKELSEN_IPS_WITH_HCP_H3K27ME3]
[RUIZ_TNC_TARGETS_UP,RUIZ_TNC_TARGETS_UP] was killed by [TAKEDA_TARGETS_OF_NUP98_HOXA9_FUSION_10D_DN,TAKEDA_TARGETS_OF_NUP98_HOXA9_FUSION_10D_DN]
[ISHIDA_E2F_TARGETS,ISHIDA_E2F_TARGETS] was killed by [ROSTY_CERVICAL_CANCER_PROLIFERATION_CLUSTER,ROSTY_CERVICAL_CANCER_PROLIFERATION_CLUSTER]
[HUANG_FOXA2_TARGETS_DN,HUANG_FOXA2_TARGETS_DN] was killed by [TAKEDA_TARGETS_OF_NUP98_HOXA9_FUSION_10D_DN,TAKEDA_TARGETS_OF_NUP98_HOXA9_FUSION_10D_DN]
[WHITFIELD_CELL_CYCLE_LITERATURE,WHITFIELD_CELL_CYCLE_LITERATURE] was killed by [ROSTY_CERVICAL_CANCER_PROLIFERATION_CLUSTER,ROSTY_CERVICAL_CANCER_PROLIFERATION_CLUSTER]
[YAGI_AML_FAB_MARKERS,YAGI_AML_FAB_MARKERS] was killed by [GRABARCZYK_BCL11B_TARGETS_UP,GRABARCZYK_BCL11B_TARGETS_UP]
[WHITFIELD_CELL_CYCLE_G2,WHITFIELD_CELL_CYCLE_G2] was killed by [ROSTY_CERVICAL_CANCER_PROLIFERATION_CLUSTER,ROSTY_CERVICAL_CANCER_PROLIFERATION_CLUSTER]
[SUNG_METASTASIS_STROMA_UP,SUNG_METASTASIS_STROMA_UP] was killed by [PODAR_RESPONSE_TO_ADAPHOSTIN_UP,PODAR_RESPONSE_TO_ADAPHOSTIN_UP]
[SAKAI_CHRONIC_HEPATITIS_VS_LIVER_CANCER_UP,SAKAI_CHRONIC_HEPATITIS_VS_LIVER_CANCER_UP] was killed by [SCHLOSSER_MYC_TARGETS_REPRESSED_BY_SERUM,SCHLOSSER_MYC_TARGETS_REPRESSED_BY_SERUM]
[GARGALOVIC_RESPONSE_TO_OXIDIZED_PHOSPHOLIPIDS_BLUE_DN,GARGALOVIC_RESPONSE_TO_OXIDIZED_PHOSPHOLIPIDS_BLUE_DN] was killed by [MIKKELSEN_IPS_WITH_HCP_H3K27ME3,MIKKELSEN_IPS_WITH_HCP_H3K27ME3]
[BASSO_CD40_SIGNALING_UP,BASSO_CD40_SIGNALING_UP] was killed by [XIE_ST_HSC_S1PR3_OE_UP,XIE_ST_HSC_S1PR3_OE_UP]
[HAHTOLA_MYCOSIS_FUNGOIDES_CD4_DN,HAHTOLA_MYCOSIS_FUNGOIDES_CD4_DN] was killed by [YAO_TEMPORAL_RESPONSE_TO_PROGESTERONE_CLUSTER_17,YAO_TEMPORAL_RESPONSE_TO_PROGESTERONE_CLUSTER_17]
[TAKEDA_TARGETS_OF_NUP98_HOXA9_FUSION_16D_UP,TAKEDA_TARGETS_OF_NUP98_HOXA9_FUSION_16D_UP] was killed by [MIKKELSEN_IPS_WITH_HCP_H3K27ME3,MIKKELSEN_IPS_WITH_HCP_H3K27ME3]
[RAMASWAMY_METASTASIS_UP,RAMASWAMY_METASTASIS_UP] was killed by [ROSTY_CERVICAL_CANCER_PROLIFERATION_CLUSTER,ROSTY_CERVICAL_CANCER_PROLIFERATION_CLUSTER]
[BRUECKNER_TARGETS_OF_MIRLET7A3_DN,BRUECKNER_TARGETS_OF_MIRLET7A3_DN] was killed by [TAKEDA_TARGETS_OF_NUP98_HOXA9_FUSION_10D_DN,TAKEDA_TARGETS_OF_NUP98_HOXA9_FUSION_10D_DN]
[BURTON_ADIPOGENESIS_PEAK_AT_16HR,BURTON_ADIPOGENESIS_PEAK_AT_16HR] was killed by [ROSTY_CERVICAL_CANCER_PROLIFERATION_CLUSTER,ROSTY_CERVICAL_CANCER_PROLIFERATION_CLUSTER]
[WHITFIELD_CELL_CYCLE_M_G1,WHITFIELD_CELL_CYCLE_M_G1] was killed by [NOUZOVA_TRETINOIN_AND_H4_ACETYLATION,NOUZOVA_TRETINOIN_AND_H4_ACETYLATION]
[SALVADOR_MARTIN_PEDIATRIC_TBD_ANTI_TNF_THERAPY_NONRESPONDER_PRE_TREATMENT_UP,SALVADOR_MARTIN_PEDIATRIC_TBD_ANTI_TNF_THERAPY_NONRESPONDER_PRE_TREATMENT_UP] was killed by [XIE_ST_HSC_S1PR3_OE_UP,XIE_ST_HSC_S1PR3_OE_UP]
[AFFAR_YY1_TARGETS_UP,AFFAR_YY1_TARGETS_UP] was killed by [PODAR_RESPONSE_TO_ADAPHOSTIN_UP,PODAR_RESPONSE_TO_ADAPHOSTIN_UP]
[MARKEY_RB1_CHRONIC_LOF_DN,MARKEY_RB1_CHRONIC_LOF_DN] was killed by [TAKEDA_TARGETS_OF_NUP98_HOXA9_FUSION_10D_DN,TAKEDA_TARGETS_OF_NUP98_HOXA9_FUSION_10D_DN]
[HECKER_IFNB1_TARGETS,HECKER_IFNB1_TARGETS] was killed by [TAKEDA_TARGETS_OF_NUP98_HOXA9_FUSION_10D_DN,TAKEDA_TARGETS_OF_NUP98_HOXA9_FUSION_10D_DN]
[GENTILE_RESPONSE_CLUSTER_D3,GENTILE_RESPONSE_CLUSTER_D3] was killed by [ROSTY_CERVICAL_CANCER_PROLIFERATION_CLUSTER,ROSTY_CERVICAL_CANCER_PROLIFERATION_CLUSTER]
[SHETH_LIVER_CANCER_VS_TXNIP_LOSS_PAM3,SHETH_LIVER_CANCER_VS_TXNIP_LOSS_PAM3] was killed by [ROSTY_CERVICAL_CANCER_PROLIFERATION_CLUSTER,ROSTY_CERVICAL_CANCER_PROLIFERATION_CLUSTER]
[GRAHAM_NORMAL_QUIESCENT_VS_NORMAL_DIVIDING_UP,GRAHAM_NORMAL_QUIESCENT_VS_NORMAL_DIVIDING_UP] was killed by [TAKEDA_TARGETS_OF_NUP98_HOXA9_FUSION_10D_DN,TAKEDA_TARGETS_OF_NUP98_HOXA9_FUSION_10D_DN]
[MIKKELSEN_MCV6_ICP_WITH_H3K4ME3_AND_H3K27ME3,MIKKELSEN_MCV6_ICP_WITH_H3K4ME3_AND_H3K27ME3] was killed by [MIKKELSEN_ES_ICP_WITH_H3K4ME3_AND_H3K27ME3,MIKKELSEN_ES_ICP_WITH_H3K4ME3_AND_H3K27ME3]
[LINDSTEDT_DENDRITIC_CELL_MATURATION_A,LINDSTEDT_DENDRITIC_CELL_MATURATION_A] was killed by [TAKEDA_TARGETS_OF_NUP98_HOXA9_FUSION_10D_DN,TAKEDA_TARGETS_OF_NUP98_HOXA9_FUSION_10D_DN]
[WIERENGA_STAT5A_TARGETS_GROUP1,WIERENGA_STAT5A_TARGETS_GROUP1] was killed by [PODAR_RESPONSE_TO_ADAPHOSTIN_UP,PODAR_RESPONSE_TO_ADAPHOSTIN_UP]
[BASSO_B_LYMPHOCYTE_NETWORK,BASSO_B_LYMPHOCYTE_NETWORK] was killed by [SCHLOSSER_MYC_TARGETS_REPRESSED_BY_SERUM,SCHLOSSER_MYC_TARGETS_REPRESSED_BY_SERUM]
[WIERENGA_STAT5A_TARGETS_GROUP2,WIERENGA_STAT5A_TARGETS_GROUP2] was killed by [TAKEDA_TARGETS_OF_NUP98_HOXA9_FUSION_10D_DN,TAKEDA_TARGETS_OF_NUP98_HOXA9_FUSION_10D_DN]
[GROSS_HYPOXIA_VIA_ELK3_AND_HIF1A_DN,GROSS_HYPOXIA_VIA_ELK3_AND_HIF1A_DN] was killed by [ROSTY_CERVICAL_CANCER_PROLIFERATION_CLUSTER,ROSTY_CERVICAL_CANCER_PROLIFERATION_CLUSTER]
[SCHAEFFER_PROSTATE_DEVELOPMENT_AND_CANCER_BOX4_DN,SCHAEFFER_PROSTATE_DEVELOPMENT_AND_CANCER_BOX4_DN] was killed by [FLECHNER_PBL_KIDNEY_TRANSPLANT_OK_VS_DONOR_DN,FLECHNER_PBL_KIDNEY_TRANSPLANT_OK_VS_DONOR_DN]
[WANG_HCP_PROSTATE_CANCER,WANG_HCP_PROSTATE_CANCER] was killed by [PODAR_RESPONSE_TO_ADAPHOSTIN_UP,PODAR_RESPONSE_TO_ADAPHOSTIN_UP]
[GRAHAM_CML_DIVIDING_VS_NORMAL_QUIESCENT_DN,GRAHAM_CML_DIVIDING_VS_NORMAL_QUIESCENT_DN] was killed by [TAKEDA_TARGETS_OF_NUP98_HOXA9_FUSION_10D_DN,TAKEDA_TARGETS_OF_NUP98_HOXA9_FUSION_10D_DN]
[CREIGHTON_AKT1_SIGNALING_VIA_MTOR_UP,CREIGHTON_AKT1_SIGNALING_VIA_MTOR_UP] was killed by [HOLLERN_EMT_BREAST_TUMOR_DN,HOLLERN_EMT_BREAST_TUMOR_DN]
[MORI_LARGE_PRE_BII_LYMPHOCYTE_UP,MORI_LARGE_PRE_BII_LYMPHOCYTE_UP] was killed by [SCHLOSSER_MYC_TARGETS_REPRESSED_BY_SERUM,SCHLOSSER_MYC_TARGETS_REPRESSED_BY_SERUM]
[ZHU_CMV_8_HR_UP,ZHU_CMV_8_HR_UP] was killed by [XIE_ST_HSC_S1PR3_OE_UP,XIE_ST_HSC_S1PR3_OE_UP]
[ANASTASSIOU_MULTICANCER_INVASIVENESS_SIGNATURE,ANASTASSIOU_MULTICANCER_INVASIVENESS_SIGNATURE] was killed by [BERTUCCI_MEDULLARY_VS_DUCTAL_BREAST_CANCER_DN,BERTUCCI_MEDULLARY_VS_DUCTAL_BREAST_CANCER_DN]
[GAVIN_FOXP3_TARGETS_CLUSTER_P7,GAVIN_FOXP3_TARGETS_CLUSTER_P7] was killed by [XIE_ST_HSC_S1PR3_OE_UP,XIE_ST_HSC_S1PR3_OE_UP]
[CHUNG_BLISTER_CYTOTOXICITY_UP,CHUNG_BLISTER_CYTOTOXICITY_UP] was killed by [YAO_TEMPORAL_RESPONSE_TO_PROGESTERONE_CLUSTER_13,YAO_TEMPORAL_RESPONSE_TO_PROGESTERONE_CLUSTER_13]
[GAUSSMANN_MLL_AF4_FUSION_TARGETS_F_UP,GAUSSMANN_MLL_AF4_FUSION_TARGETS_F_UP] was killed by [RICKMAN_HEAD_AND_NECK_CANCER_A,RICKMAN_HEAD_AND_NECK_CANCER_A]
[MANNE_COVID19_NONICU_VS_HEALTHY_DONOR_PLATELETS_UP,MANNE_COVID19_NONICU_VS_HEALTHY_DONOR_PLATELETS_UP] was killed by [XIE_ST_HSC_S1PR3_OE_UP,XIE_ST_HSC_S1PR3_OE_UP]
[MANNE_COVID19_COMBINED_COHORT_VS_HEALTHY_DONOR_PLATELETS_UP,MANNE_COVID19_COMBINED_COHORT_VS_HEALTHY_DONOR_PLATELETS_UP] was killed by [XIE_ST_HSC_S1PR3_OE_UP,XIE_ST_HSC_S1PR3_OE_UP]
[VANHARANTA_UTERINE_FIBROID_DN,VANHARANTA_UTERINE_FIBROID_DN] was killed by [PODAR_RESPONSE_TO_ADAPHOSTIN_UP,PODAR_RESPONSE_TO_ADAPHOSTIN_UP]
[TSAI_RESPONSE_TO_IONIZING_RADIATION,TSAI_RESPONSE_TO_IONIZING_RADIATION] was killed by [TAKEDA_TARGETS_OF_NUP98_HOXA9_FUSION_10D_DN,TAKEDA_TARGETS_OF_NUP98_HOXA9_FUSION_10D_DN]
[SHEDDEN_LUNG_CANCER_GOOD_SURVIVAL_A4,SHEDDEN_LUNG_CANCER_GOOD_SURVIVAL_A4] was killed by [DUTERTRE_ESTRADIOL_RESPONSE_6HR_DN,DUTERTRE_ESTRADIOL_RESPONSE_6HR_DN]
[SMITH_LIVER_CANCER,SMITH_LIVER_CANCER] was killed by [ROSTY_CERVICAL_CANCER_PROLIFERATION_CLUSTER,ROSTY_CERVICAL_CANCER_PROLIFERATION_CLUSTER]
[NEWMAN_ERCC6_TARGETS_DN,NEWMAN_ERCC6_TARGETS_DN] was killed by [MIKKELSEN_ES_ICP_WITH_H3K4ME3_AND_H3K27ME3,MIKKELSEN_ES_ICP_WITH_H3K4ME3_AND_H3K27ME3]
[KIM_WT1_TARGETS_8HR_UP,KIM_WT1_TARGETS_8HR_UP] was killed by [PODAR_RESPONSE_TO_ADAPHOSTIN_UP,PODAR_RESPONSE_TO_ADAPHOSTIN_UP]
[GRAHAM_NORMAL_QUIESCENT_VS_NORMAL_DIVIDING_DN,GRAHAM_NORMAL_QUIESCENT_VS_NORMAL_DIVIDING_DN] was killed by [ROSTY_CERVICAL_CANCER_PROLIFERATION_CLUSTER,ROSTY_CERVICAL_CANCER_PROLIFERATION_CLUSTER]
[BROCKE_APOPTOSIS_REVERSED_BY_IL6,BROCKE_APOPTOSIS_REVERSED_BY_IL6] was killed by [SCHLOSSER_MYC_TARGETS_REPRESSED_BY_SERUM,SCHLOSSER_MYC_TARGETS_REPRESSED_BY_SERUM]
[HASINA_NOL7_TARGETS_UP,HASINA_NOL7_TARGETS_UP] was killed by [TAKEDA_TARGETS_OF_NUP98_HOXA9_FUSION_10D_DN,TAKEDA_TARGETS_OF_NUP98_HOXA9_FUSION_10D_DN]
[PETROVA_ENDOTHELIUM_LYMPHATIC_VS_BLOOD_DN,PETROVA_ENDOTHELIUM_LYMPHATIC_VS_BLOOD_DN] was killed by [TAKEDA_TARGETS_OF_NUP98_HOXA9_FUSION_10D_DN,TAKEDA_TARGETS_OF_NUP98_HOXA9_FUSION_10D_DN]
[SANA_TNF_SIGNALING_UP,SANA_TNF_SIGNALING_UP] was killed by [TAKEDA_TARGETS_OF_NUP98_HOXA9_FUSION_10D_DN,TAKEDA_TARGETS_OF_NUP98_HOXA9_FUSION_10D_DN]
[MIKKELSEN_IPS_ICP_WITH_H3K27ME3,MIKKELSEN_IPS_ICP_WITH_H3K27ME3] was killed by [MIKKELSEN_IPS_WITH_HCP_H3K27ME3,MIKKELSEN_IPS_WITH_HCP_H3K27ME3]
[BOSCO_TH1_CYTOTOXIC_MODULE,BOSCO_TH1_CYTOTOXIC_MODULE] was killed by [XIE_ST_HSC_S1PR3_OE_UP,XIE_ST_HSC_S1PR3_OE_UP]
[ZHAN_MULTIPLE_MYELOMA_PR_UP,ZHAN_MULTIPLE_MYELOMA_PR_UP] was killed by [ROSTY_CERVICAL_CANCER_PROLIFERATION_CLUSTER,ROSTY_CERVICAL_CANCER_PROLIFERATION_CLUSTER]
[BOYLAN_MULTIPLE_MYELOMA_C_D_UP,BOYLAN_MULTIPLE_MYELOMA_C_D_UP] was killed by [GROSS_HYPOXIA_VIA_HIF1A_UP,GROSS_HYPOXIA_VIA_HIF1A_UP]
[MOLENAAR_TARGETS_OF_CCND1_AND_CDK4_DN,MOLENAAR_TARGETS_OF_CCND1_AND_CDK4_DN] was killed by [ROSTY_CERVICAL_CANCER_PROLIFERATION_CLUSTER,ROSTY_CERVICAL_CANCER_PROLIFERATION_CLUSTER]
[REN_ALVEOLAR_RHABDOMYOSARCOMA_UP,REN_ALVEOLAR_RHABDOMYOSARCOMA_UP] was killed by [BOSCO_ALLERGEN_INDUCED_TH2_ASSOCIATED_MODULE,BOSCO_ALLERGEN_INDUCED_TH2_ASSOCIATED_MODULE]
[GEORGES_CELL_CYCLE_MIR192_TARGETS,GEORGES_CELL_CYCLE_MIR192_TARGETS] was killed by [ROSTY_CERVICAL_CANCER_PROLIFERATION_CLUSTER,ROSTY_CERVICAL_CANCER_PROLIFERATION_CLUSTER]
[IGARASHI_ATF4_TARGETS_DN,IGARASHI_ATF4_TARGETS_DN] was killed by [PODAR_RESPONSE_TO_ADAPHOSTIN_UP,PODAR_RESPONSE_TO_ADAPHOSTIN_UP]
[BROWN_MYELOID_CELL_DEVELOPMENT_DN,BROWN_MYELOID_CELL_DEVELOPMENT_DN] was killed by [SCHLOSSER_MYC_TARGETS_REPRESSED_BY_SERUM,SCHLOSSER_MYC_TARGETS_REPRESSED_BY_SERUM]
[SCHEIDEREIT_IKK_TARGETS,SCHEIDEREIT_IKK_TARGETS] was killed by [BOSCO_ALLERGEN_INDUCED_TH2_ASSOCIATED_MODULE,BOSCO_ALLERGEN_INDUCED_TH2_ASSOCIATED_MODULE]
[BROWNE_HCMV_INFECTION_18HR_UP,BROWNE_HCMV_INFECTION_18HR_UP] was killed by [DACOSTA_UV_RESPONSE_VIA_ERCC3_XPCS_DN,DACOSTA_UV_RESPONSE_VIA_ERCC3_XPCS_DN]
[WANG_TARGETS_OF_MLL_CBP_FUSION_DN,WANG_TARGETS_OF_MLL_CBP_FUSION_DN] was killed by [YAO_TEMPORAL_RESPONSE_TO_PROGESTERONE_CLUSTER_17,YAO_TEMPORAL_RESPONSE_TO_PROGESTERONE_CLUSTER_17]
[KOBAYASHI_EGFR_SIGNALING_6HR_DN,KOBAYASHI_EGFR_SIGNALING_6HR_DN] was killed by [PODAR_RESPONSE_TO_ADAPHOSTIN_UP,PODAR_RESPONSE_TO_ADAPHOSTIN_UP]
[VERRECCHIA_DELAYED_RESPONSE_TO_TGFB1,VERRECCHIA_DELAYED_RESPONSE_TO_TGFB1] was killed by [LIEN_BREAST_CARCINOMA_METAPLASTIC,LIEN_BREAST_CARCINOMA_METAPLASTIC]
[FONTAINE_PAPILLARY_THYROID_CARCINOMA_UP,FONTAINE_PAPILLARY_THYROID_CARCINOMA_UP] was killed by [YAO_TEMPORAL_RESPONSE_TO_PROGESTERONE_CLUSTER_13,YAO_TEMPORAL_RESPONSE_TO_PROGESTERONE_CLUSTER_13]
[WHITEFORD_PEDIATRIC_CANCER_MARKERS,WHITEFORD_PEDIATRIC_CANCER_MARKERS] was killed by [ROSTY_CERVICAL_CANCER_PROLIFERATION_CLUSTER,ROSTY_CERVICAL_CANCER_PROLIFERATION_CLUSTER]
[MIKKELSEN_IPS_ICP_WITH_H3K4ME3_AND_H327ME3,MIKKELSEN_IPS_ICP_WITH_H3K4ME3_AND_H327ME3] was killed by [MIKKELSEN_ES_ICP_WITH_H3K4ME3_AND_H3K27ME3,MIKKELSEN_ES_ICP_WITH_H3K4ME3_AND_H3K27ME3]
[GERHOLD_ADIPOGENESIS_DN,GERHOLD_ADIPOGENESIS_DN] was killed by [YAO_TEMPORAL_RESPONSE_TO_PROGESTERONE_CLUSTER_17,YAO_TEMPORAL_RESPONSE_TO_PROGESTERONE_CLUSTER_17]
[WATANABE_RECTAL_CANCER_RADIOTHERAPY_RESPONSIVE_UP,WATANABE_RECTAL_CANCER_RADIOTHERAPY_RESPONSIVE_UP] was killed by [DACOSTA_UV_RESPONSE_VIA_ERCC3_XPCS_DN,DACOSTA_UV_RESPONSE_VIA_ERCC3_XPCS_DN]
[JOHANSSON_GLIOMAGENESIS_BY_PDGFB_UP,JOHANSSON_GLIOMAGENESIS_BY_PDGFB_UP] was killed by [YAO_TEMPORAL_RESPONSE_TO_PROGESTERONE_CLUSTER_13,YAO_TEMPORAL_RESPONSE_TO_PROGESTERONE_CLUSTER_13]
[WANG_ADIPOGENIC_GENES_REPRESSED_BY_SIRT1,WANG_ADIPOGENIC_GENES_REPRESSED_BY_SIRT1] was killed by [RICKMAN_HEAD_AND_NECK_CANCER_C,RICKMAN_HEAD_AND_NECK_CANCER_C]
[TAKEDA_TARGETS_OF_NUP98_HOXA9_FUSION_3D_DN,TAKEDA_TARGETS_OF_NUP98_HOXA9_FUSION_3D_DN] was killed by [TAKEDA_TARGETS_OF_NUP98_HOXA9_FUSION_10D_DN,TAKEDA_TARGETS_OF_NUP98_HOXA9_FUSION_10D_DN]
[XIE_LT_HSC_S1PR3_OE_UP,XIE_LT_HSC_S1PR3_OE_UP] was killed by [TAKEDA_TARGETS_OF_NUP98_HOXA9_FUSION_10D_DN,TAKEDA_TARGETS_OF_NUP98_HOXA9_FUSION_10D_DN]
[LEE_LIVER_CANCER_HEPATOBLAST,LEE_LIVER_CANCER_HEPATOBLAST] was killed by [RICKMAN_HEAD_AND_NECK_CANCER_C,RICKMAN_HEAD_AND_NECK_CANCER_C]
[MCBRYAN_PUBERTAL_BREAST_4_5WK_DN,MCBRYAN_PUBERTAL_BREAST_4_5WK_DN] was killed by [WAKABAYASHI_ADIPOGENESIS_PPARG_RXRA_BOUND_WITH_H4K20ME1_MARK,WAKABAYASHI_ADIPOGENESIS_PPARG_RXRA_BOUND_WITH_H4K20ME1_MARK]
[BROWNE_HCMV_INFECTION_2HR_UP,BROWNE_HCMV_INFECTION_2HR_UP] was killed by [PODAR_RESPONSE_TO_ADAPHOSTIN_UP,PODAR_RESPONSE_TO_ADAPHOSTIN_UP]
[GAVIN_FOXP3_TARGETS_CLUSTER_P4,GAVIN_FOXP3_TARGETS_CLUSTER_P4] was killed by [BOSCO_ALLERGEN_INDUCED_TH2_ASSOCIATED_MODULE,BOSCO_ALLERGEN_INDUCED_TH2_ASSOCIATED_MODULE]
[CROONQUIST_STROMAL_STIMULATION_UP,CROONQUIST_STROMAL_STIMULATION_UP] was killed by [TAKEDA_TARGETS_OF_NUP98_HOXA9_FUSION_10D_DN,TAKEDA_TARGETS_OF_NUP98_HOXA9_FUSION_10D_DN]
[LINDGREN_BLADDER_CANCER_WITH_LOH_IN_CHR9Q,LINDGREN_BLADDER_CANCER_WITH_LOH_IN_CHR9Q] was killed by [SCHLOSSER_MYC_TARGETS_REPRESSED_BY_SERUM,SCHLOSSER_MYC_TARGETS_REPRESSED_BY_SERUM]
[SUH_COEXPRESSED_WITH_ID1_AND_ID2_UP,SUH_COEXPRESSED_WITH_ID1_AND_ID2_UP] was killed by [PODAR_RESPONSE_TO_ADAPHOSTIN_UP,PODAR_RESPONSE_TO_ADAPHOSTIN_UP]
[ROSS_LEUKEMIA_WITH_MLL_FUSIONS,ROSS_LEUKEMIA_WITH_MLL_FUSIONS] was killed by [DACOSTA_UV_RESPONSE_VIA_ERCC3_XPCS_DN,DACOSTA_UV_RESPONSE_VIA_ERCC3_XPCS_DN]
[JIANG_TIP30_TARGETS_UP,JIANG_TIP30_TARGETS_UP] was killed by [ROSTY_CERVICAL_CANCER_PROLIFERATION_CLUSTER,ROSTY_CERVICAL_CANCER_PROLIFERATION_CLUSTER]
[DUNNE_TARGETS_OF_AML1_MTG8_FUSION_UP,DUNNE_TARGETS_OF_AML1_MTG8_FUSION_UP] was killed by [TAKEDA_TARGETS_OF_NUP98_HOXA9_FUSION_10D_DN,TAKEDA_TARGETS_OF_NUP98_HOXA9_FUSION_10D_DN]
[PURBEY_TARGETS_OF_CTBP1_AND_SATB1_DN,PURBEY_TARGETS_OF_CTBP1_AND_SATB1_DN] was killed by [NOUZOVA_TRETINOIN_AND_H4_ACETYLATION,NOUZOVA_TRETINOIN_AND_H4_ACETYLATION]
[PLASARI_NFIC_TARGETS_BASAL_UP,PLASARI_NFIC_TARGETS_BASAL_UP] was killed by [BERTUCCI_MEDULLARY_VS_DUCTAL_BREAST_CANCER_DN,BERTUCCI_MEDULLARY_VS_DUCTAL_BREAST_CANCER_DN]
[JISON_SICKLE_CELL_DISEASE_UP,JISON_SICKLE_CELL_DISEASE_UP] was killed by [TAKEDA_TARGETS_OF_NUP98_HOXA9_FUSION_10D_DN,TAKEDA_TARGETS_OF_NUP98_HOXA9_FUSION_10D_DN]
[WOO_LIVER_CANCER_RECURRENCE_UP,WOO_LIVER_CANCER_RECURRENCE_UP] was killed by [TAKEDA_TARGETS_OF_NUP98_HOXA9_FUSION_10D_DN,TAKEDA_TARGETS_OF_NUP98_HOXA9_FUSION_10D_DN]
[BURTON_ADIPOGENESIS_3,BURTON_ADIPOGENESIS_3] was killed by [ROSTY_CERVICAL_CANCER_PROLIFERATION_CLUSTER,ROSTY_CERVICAL_CANCER_PROLIFERATION_CLUSTER]
[PEART_HDAC_PROLIFERATION_CLUSTER_DN,PEART_HDAC_PROLIFERATION_CLUSTER_DN] was killed by [ROSTY_CERVICAL_CANCER_PROLIFERATION_CLUSTER,ROSTY_CERVICAL_CANCER_PROLIFERATION_CLUSTER]
[LEE_LIVER_CANCER_CIPROFIBRATE_UP,LEE_LIVER_CANCER_CIPROFIBRATE_UP] was killed by [LEE_LIVER_CANCER_ACOX1_UP,LEE_LIVER_CANCER_ACOX1_UP]
[JIANG_HYPOXIA_CANCER,JIANG_HYPOXIA_CANCER] was killed by [YAO_TEMPORAL_RESPONSE_TO_PROGESTERONE_CLUSTER_17,YAO_TEMPORAL_RESPONSE_TO_PROGESTERONE_CLUSTER_17]
[BOYLAN_MULTIPLE_MYELOMA_C_CLUSTER_DN,BOYLAN_MULTIPLE_MYELOMA_C_CLUSTER_DN] was killed by [XIE_ST_HSC_S1PR3_OE_UP,XIE_ST_HSC_S1PR3_OE_UP]
[DAUER_STAT3_TARGETS_UP,DAUER_STAT3_TARGETS_UP] was killed by [PODAR_RESPONSE_TO_ADAPHOSTIN_UP,PODAR_RESPONSE_TO_ADAPHOSTIN_UP]
[KASLER_HDAC7_TARGETS_1_UP,KASLER_HDAC7_TARGETS_1_UP] was killed by [BOSCO_ALLERGEN_INDUCED_TH2_ASSOCIATED_MODULE,BOSCO_ALLERGEN_INDUCED_TH2_ASSOCIATED_MODULE]
[LEIN_CHOROID_PLEXUS_MARKERS,LEIN_CHOROID_PLEXUS_MARKERS] was killed by [HOLLERN_EMT_BREAST_TUMOR_DN,HOLLERN_EMT_BREAST_TUMOR_DN]
[MOOTHA_TCA,MOOTHA_TCA] was killed by [SCHLOSSER_MYC_TARGETS_REPRESSED_BY_SERUM,SCHLOSSER_MYC_TARGETS_REPRESSED_BY_SERUM]
[RADMACHER_AML_PROGNOSIS,RADMACHER_AML_PROGNOSIS] was killed by [TAKEDA_TARGETS_OF_NUP98_HOXA9_FUSION_10D_DN,TAKEDA_TARGETS_OF_NUP98_HOXA9_FUSION_10D_DN]
[GEISS_RESPONSE_TO_DSRNA_UP,GEISS_RESPONSE_TO_DSRNA_UP] was killed by [XIE_ST_HSC_S1PR3_OE_UP,XIE_ST_HSC_S1PR3_OE_UP]
[KAUFFMANN_MELANOMA_RELAPSE_UP,KAUFFMANN_MELANOMA_RELAPSE_UP] was killed by [ROSTY_CERVICAL_CANCER_PROLIFERATION_CLUSTER,ROSTY_CERVICAL_CANCER_PROLIFERATION_CLUSTER]
[VERRECCHIA_RESPONSE_TO_TGFB1_C4,VERRECCHIA_RESPONSE_TO_TGFB1_C4] was killed by [LIEN_BREAST_CARCINOMA_METAPLASTIC,LIEN_BREAST_CARCINOMA_METAPLASTIC]
[MARZEC_IL2_SIGNALING_UP,MARZEC_IL2_SIGNALING_UP] was killed by [BOSCO_ALLERGEN_INDUCED_TH2_ASSOCIATED_MODULE,BOSCO_ALLERGEN_INDUCED_TH2_ASSOCIATED_MODULE]
[BOYLAN_MULTIPLE_MYELOMA_D_DN,BOYLAN_MULTIPLE_MYELOMA_D_DN] was killed by [XIE_ST_HSC_S1PR3_OE_UP,XIE_ST_HSC_S1PR3_OE_UP]
[NAGASHIMA_EGF_SIGNALING_UP,NAGASHIMA_EGF_SIGNALING_UP] was killed by [XIE_ST_HSC_S1PR3_OE_UP,XIE_ST_HSC_S1PR3_OE_UP]
[IVANOVA_HEMATOPOIESIS_STEM_CELL,IVANOVA_HEMATOPOIESIS_STEM_CELL] was killed by [DACOSTA_UV_RESPONSE_VIA_ERCC3_XPCS_DN,DACOSTA_UV_RESPONSE_VIA_ERCC3_XPCS_DN]
[PAPASPYRIDONOS_UNSTABLE_ATEROSCLEROTIC_PLAQUE_UP,PAPASPYRIDONOS_UNSTABLE_ATEROSCLEROTIC_PLAQUE_UP] was killed by [TAKEDA_TARGETS_OF_NUP98_HOXA9_FUSION_10D_DN,TAKEDA_TARGETS_OF_NUP98_HOXA9_FUSION_10D_DN]
[LEE_NEURAL_CREST_STEM_CELL_UP,LEE_NEURAL_CREST_STEM_CELL_UP] was killed by [MIKKELSEN_IPS_WITH_HCP_H3K27ME3,MIKKELSEN_IPS_WITH_HCP_H3K27ME3]
[LI_WILMS_TUMOR_VS_FETAL_KIDNEY_1_DN,LI_WILMS_TUMOR_VS_FETAL_KIDNEY_1_DN] was killed by [SCHLOSSER_MYC_TARGETS_REPRESSED_BY_SERUM,SCHLOSSER_MYC_TARGETS_REPRESSED_BY_SERUM]
[ZHONG_RESPONSE_TO_AZACITIDINE_AND_TSA_DN,ZHONG_RESPONSE_TO_AZACITIDINE_AND_TSA_DN] was killed by [ROSTY_CERVICAL_CANCER_PROLIFERATION_CLUSTER,ROSTY_CERVICAL_CANCER_PROLIFERATION_CLUSTER]
[SATO_SILENCED_BY_METHYLATION_IN_PANCREATIC_CANCER_2,SATO_SILENCED_BY_METHYLATION_IN_PANCREATIC_CANCER_2] was killed by [PODAR_RESPONSE_TO_ADAPHOSTIN_UP,PODAR_RESPONSE_TO_ADAPHOSTIN_UP]
[GINESTIER_BREAST_CANCER_20Q13_AMPLIFICATION_UP,GINESTIER_BREAST_CANCER_20Q13_AMPLIFICATION_UP] was killed by [WANG_CLIM2_TARGETS_DN,WANG_CLIM2_TARGETS_DN]
[HUMMERICH_SKIN_CANCER_PROGRESSION_UP,HUMMERICH_SKIN_CANCER_PROGRESSION_UP] was killed by [TAKEDA_TARGETS_OF_NUP98_HOXA9_FUSION_10D_DN,TAKEDA_TARGETS_OF_NUP98_HOXA9_FUSION_10D_DN]
[FISCHER_G1_S_CELL_CYCLE,FISCHER_G1_S_CELL_CYCLE] was killed by [ROSTY_CERVICAL_CANCER_PROLIFERATION_CLUSTER,ROSTY_CERVICAL_CANCER_PROLIFERATION_CLUSTER]
[MAYBURD_RESPONSE_TO_L663536_DN,MAYBURD_RESPONSE_TO_L663536_DN] was killed by [SCHLOSSER_MYC_TARGETS_REPRESSED_BY_SERUM,SCHLOSSER_MYC_TARGETS_REPRESSED_BY_SERUM]
[ZHAN_MULTIPLE_MYELOMA_CD1_VS_CD2_UP,ZHAN_MULTIPLE_MYELOMA_CD1_VS_CD2_UP] was killed by [SCHLOSSER_MYC_TARGETS_REPRESSED_BY_SERUM,SCHLOSSER_MYC_TARGETS_REPRESSED_BY_SERUM]
[KANG_IMMORTALIZED_BY_TERT_DN,KANG_IMMORTALIZED_BY_TERT_DN] was killed by [TAKEDA_TARGETS_OF_NUP98_HOXA9_FUSION_10D_DN,TAKEDA_TARGETS_OF_NUP98_HOXA9_FUSION_10D_DN]
[ACOSTA_PROLIFERATION_INDEPENDENT_MYC_TARGETS_DN,ACOSTA_PROLIFERATION_INDEPENDENT_MYC_TARGETS_DN] was killed by [LUCAS_HNF4A_TARGETS_UP,LUCAS_HNF4A_TARGETS_UP]
[EGUCHI_CELL_CYCLE_RB1_TARGETS,EGUCHI_CELL_CYCLE_RB1_TARGETS] was killed by [GINESTIER_BREAST_CANCER_20Q13_AMPLIFICATION_DN,GINESTIER_BREAST_CANCER_20Q13_AMPLIFICATION_DN]
[ABRAMSON_INTERACT_WITH_AIRE,ABRAMSON_INTERACT_WITH_AIRE] was killed by [SCHLOSSER_MYC_TARGETS_REPRESSED_BY_SERUM,SCHLOSSER_MYC_TARGETS_REPRESSED_BY_SERUM]
[PANGAS_TUMOR_SUPPRESSION_BY_SMAD1_AND_SMAD5_UP,PANGAS_TUMOR_SUPPRESSION_BY_SMAD1_AND_SMAD5_UP] was killed by [DAVICIONI_MOLECULAR_ARMS_VS_ERMS_DN,DAVICIONI_MOLECULAR_ARMS_VS_ERMS_DN]
[TONKS_TARGETS_OF_RUNX1_RUNX1T1_FUSION_MONOCYTE_DN,TONKS_TARGETS_OF_RUNX1_RUNX1T1_FUSION_MONOCYTE_DN] was killed by [TAKEDA_TARGETS_OF_NUP98_HOXA9_FUSION_10D_DN,TAKEDA_TARGETS_OF_NUP98_HOXA9_FUSION_10D_DN]
[BROWNE_HCMV_INFECTION_12HR_UP,BROWNE_HCMV_INFECTION_12HR_UP] was killed by [GINESTIER_BREAST_CANCER_20Q13_AMPLIFICATION_DN,GINESTIER_BREAST_CANCER_20Q13_AMPLIFICATION_DN]
[NAKAJIMA_EOSINOPHIL,NAKAJIMA_EOSINOPHIL] was killed by [TAKEDA_TARGETS_OF_NUP98_HOXA9_FUSION_10D_DN,TAKEDA_TARGETS_OF_NUP98_HOXA9_FUSION_10D_DN]
[RIZ_ERYTHROID_DIFFERENTIATION,RIZ_ERYTHROID_DIFFERENTIATION] was killed by [ROSTY_CERVICAL_CANCER_PROLIFERATION_CLUSTER,ROSTY_CERVICAL_CANCER_PROLIFERATION_CLUSTER]
[MISSIAGLIA_REGULATED_BY_METHYLATION_UP,MISSIAGLIA_REGULATED_BY_METHYLATION_UP] was killed by [TAKEDA_TARGETS_OF_NUP98_HOXA9_FUSION_10D_DN,TAKEDA_TARGETS_OF_NUP98_HOXA9_FUSION_10D_DN]
[IKEDA_MIR133_TARGETS_UP,IKEDA_MIR133_TARGETS_UP] was killed by [PARK_TRETINOIN_RESPONSE,PARK_TRETINOIN_RESPONSE]
[MANNE_COVID19_ICU_VS_HEALTHY_DONOR_PLATELETS_DN,MANNE_COVID19_ICU_VS_HEALTHY_DONOR_PLATELETS_DN] was killed by [DUTERTRE_ESTRADIOL_RESPONSE_6HR_DN,DUTERTRE_ESTRADIOL_RESPONSE_6HR_DN]
[SUNG_METASTASIS_STROMA_DN,SUNG_METASTASIS_STROMA_DN] was killed by [SCHLOSSER_MYC_TARGETS_REPRESSED_BY_SERUM,SCHLOSSER_MYC_TARGETS_REPRESSED_BY_SERUM]
[UZONYI_RESPONSE_TO_LEUKOTRIENE_AND_THROMBIN,UZONYI_RESPONSE_TO_LEUKOTRIENE_AND_THROMBIN] was killed by [TAKEDA_TARGETS_OF_NUP98_HOXA9_FUSION_10D_DN,TAKEDA_TARGETS_OF_NUP98_HOXA9_FUSION_10D_DN]
[MUELLER_METHYLATED_IN_GLIOBLASTOMA,MUELLER_METHYLATED_IN_GLIOBLASTOMA] was killed by [TAKEDA_TARGETS_OF_NUP98_HOXA9_FUSION_10D_DN,TAKEDA_TARGETS_OF_NUP98_HOXA9_FUSION_10D_DN]
[BROWNE_INTERFERON_RESPONSIVE_GENES,BROWNE_INTERFERON_RESPONSIVE_GENES] was killed by [XIE_ST_HSC_S1PR3_OE_UP,XIE_ST_HSC_S1PR3_OE_UP]
[FARMER_BREAST_CANCER_CLUSTER_4,FARMER_BREAST_CANCER_CLUSTER_4] was killed by [BERTUCCI_MEDULLARY_VS_DUCTAL_BREAST_CANCER_DN,BERTUCCI_MEDULLARY_VS_DUCTAL_BREAST_CANCER_DN]
[KUNINGER_IGF1_VS_PDGFB_TARGETS_DN,KUNINGER_IGF1_VS_PDGFB_TARGETS_DN] was killed by [BOSCO_ALLERGEN_INDUCED_TH2_ASSOCIATED_MODULE,BOSCO_ALLERGEN_INDUCED_TH2_ASSOCIATED_MODULE]
[SARRIO_EPITHELIAL_MESENCHYMAL_TRANSITION_UP,SARRIO_EPITHELIAL_MESENCHYMAL_TRANSITION_UP] was killed by [ROSTY_CERVICAL_CANCER_PROLIFERATION_CLUSTER,ROSTY_CERVICAL_CANCER_PROLIFERATION_CLUSTER]
[LAIHO_COLORECTAL_CANCER_SERRATED_DN,LAIHO_COLORECTAL_CANCER_SERRATED_DN] was killed by [GINESTIER_BREAST_CANCER_20Q13_AMPLIFICATION_DN,GINESTIER_BREAST_CANCER_20Q13_AMPLIFICATION_DN]
[LI_WILMS_TUMOR_ANAPLASTIC_UP,LI_WILMS_TUMOR_ANAPLASTIC_UP] was killed by [SCHLOSSER_MYC_TARGETS_REPRESSED_BY_SERUM,SCHLOSSER_MYC_TARGETS_REPRESSED_BY_SERUM]
[STEARMAN_TUMOR_FIELD_EFFECT_UP,STEARMAN_TUMOR_FIELD_EFFECT_UP] was killed by [TAKEDA_TARGETS_OF_NUP98_HOXA9_FUSION_10D_DN,TAKEDA_TARGETS_OF_NUP98_HOXA9_FUSION_10D_DN]
[SHARMA_PILOCYTIC_ASTROCYTOMA_LOCATION_UP,SHARMA_PILOCYTIC_ASTROCYTOMA_LOCATION_UP] was killed by [MIKKELSEN_IPS_WITH_HCP_H3K27ME3,MIKKELSEN_IPS_WITH_HCP_H3K27ME3]
[BERENJENO_ROCK_SIGNALING_NOT_VIA_RHOA_DN,BERENJENO_ROCK_SIGNALING_NOT_VIA_RHOA_DN] was killed by [CHEBOTAEV_GR_TARGETS_UP,CHEBOTAEV_GR_TARGETS_UP]
[WANG_PROSTATE_CANCER_ANDROGEN_INDEPENDENT,WANG_PROSTATE_CANCER_ANDROGEN_INDEPENDENT] was killed by [BOSCO_ALLERGEN_INDUCED_TH2_ASSOCIATED_MODULE,BOSCO_ALLERGEN_INDUCED_TH2_ASSOCIATED_MODULE]
[BILANGES_SERUM_SENSITIVE_VIA_TSC1,BILANGES_SERUM_SENSITIVE_VIA_TSC1] was killed by [PODAR_RESPONSE_TO_ADAPHOSTIN_UP,PODAR_RESPONSE_TO_ADAPHOSTIN_UP]
[KARLSSON_TGFB1_TARGETS_DN,KARLSSON_TGFB1_TARGETS_DN] was killed by [XIE_ST_HSC_S1PR3_OE_UP,XIE_ST_HSC_S1PR3_OE_UP]
[WEINMANN_ADAPTATION_TO_HYPOXIA_DN,WEINMANN_ADAPTATION_TO_HYPOXIA_DN] was killed by [TAKEDA_TARGETS_OF_NUP98_HOXA9_FUSION_10D_DN,TAKEDA_TARGETS_OF_NUP98_HOXA9_FUSION_10D_DN]
[SHIPP_DLBCL_VS_FOLLICULAR_LYMPHOMA_UP,SHIPP_DLBCL_VS_FOLLICULAR_LYMPHOMA_UP] was killed by [SCHLOSSER_MYC_TARGETS_REPRESSED_BY_SERUM,SCHLOSSER_MYC_TARGETS_REPRESSED_BY_SERUM]
[GREGORY_SYNTHETIC_LETHAL_WITH_IMATINIB,GREGORY_SYNTHETIC_LETHAL_WITH_IMATINIB] was killed by [BOSCO_ALLERGEN_INDUCED_TH2_ASSOCIATED_MODULE,BOSCO_ALLERGEN_INDUCED_TH2_ASSOCIATED_MODULE]
[XU_RESPONSE_TO_TRETINOIN_AND_NSC682994_DN,XU_RESPONSE_TO_TRETINOIN_AND_NSC682994_DN] was killed by [SCHLOSSER_MYC_TARGETS_REPRESSED_BY_SERUM,SCHLOSSER_MYC_TARGETS_REPRESSED_BY_SERUM]
[KAUFFMANN_DNA_REPLICATION_GENES,KAUFFMANN_DNA_REPLICATION_GENES] was killed by [GINESTIER_BREAST_CANCER_20Q13_AMPLIFICATION_DN,GINESTIER_BREAST_CANCER_20Q13_AMPLIFICATION_DN]
[HARRIS_HYPOXIA,HARRIS_HYPOXIA] was killed by [PODAR_RESPONSE_TO_ADAPHOSTIN_UP,PODAR_RESPONSE_TO_ADAPHOSTIN_UP]
[SMID_BREAST_CANCER_LUMINAL_A_UP,SMID_BREAST_CANCER_LUMINAL_A_UP] was killed by [TAKEDA_TARGETS_OF_NUP98_HOXA9_FUSION_10D_DN,TAKEDA_TARGETS_OF_NUP98_HOXA9_FUSION_10D_DN]
[OUILLETTE_CLL_13Q14_DELETION_UP,OUILLETTE_CLL_13Q14_DELETION_UP] was killed by [ZHAN_MULTIPLE_MYELOMA_CD1_AND_CD2_UP,ZHAN_MULTIPLE_MYELOMA_CD1_AND_CD2_UP]
[MELLMAN_TUT1_TARGETS_UP,MELLMAN_TUT1_TARGETS_UP] was killed by [GINESTIER_BREAST_CANCER_20Q13_AMPLIFICATION_DN,GINESTIER_BREAST_CANCER_20Q13_AMPLIFICATION_DN]
[ZHAN_MULTIPLE_MYELOMA_LB_UP,ZHAN_MULTIPLE_MYELOMA_LB_UP] was killed by [CERVERA_SDHB_TARGETS_1_UP,CERVERA_SDHB_TARGETS_1_UP]
[TIEN_INTESTINE_PROBIOTICS_2HR_DN,TIEN_INTESTINE_PROBIOTICS_2HR_DN] was killed by [WANG_CLIM2_TARGETS_DN,WANG_CLIM2_TARGETS_DN]
[SCHAEFFER_PROSTATE_DEVELOPMENT_12HR_UP,SCHAEFFER_PROSTATE_DEVELOPMENT_12HR_UP] was killed by [PODAR_RESPONSE_TO_ADAPHOSTIN_UP,PODAR_RESPONSE_TO_ADAPHOSTIN_UP]
[MOSERLE_IFNA_RESPONSE,MOSERLE_IFNA_RESPONSE] was killed by [XIE_ST_HSC_S1PR3_OE_UP,XIE_ST_HSC_S1PR3_OE_UP]
[HERNANDEZ_ABERRANT_MITOSIS_BY_DOCETACEL_2NM_UP,HERNANDEZ_ABERRANT_MITOSIS_BY_DOCETACEL_2NM_UP] was killed by [LIEN_BREAST_CARCINOMA_METAPLASTIC,LIEN_BREAST_CARCINOMA_METAPLASTIC]
[DASU_IL6_SIGNALING_SCAR_DN,DASU_IL6_SIGNALING_SCAR_DN] was killed by [TAKEDA_TARGETS_OF_NUP98_HOXA9_FUSION_10D_DN,TAKEDA_TARGETS_OF_NUP98_HOXA9_FUSION_10D_DN]
[HOLLEMAN_ASPARAGINASE_RESISTANCE_B_ALL_UP,HOLLEMAN_ASPARAGINASE_RESISTANCE_B_ALL_UP] was killed by [IRITANI_MAD1_TARGETS_DN,IRITANI_MAD1_TARGETS_DN]
[KANG_DOXORUBICIN_RESISTANCE_UP,KANG_DOXORUBICIN_RESISTANCE_UP] was killed by [ROSTY_CERVICAL_CANCER_PROLIFERATION_CLUSTER,ROSTY_CERVICAL_CANCER_PROLIFERATION_CLUSTER]
[RAY_ALZHEIMERS_DISEASE,RAY_ALZHEIMERS_DISEASE] was killed by [TAKEDA_TARGETS_OF_NUP98_HOXA9_FUSION_10D_DN,TAKEDA_TARGETS_OF_NUP98_HOXA9_FUSION_10D_DN]
[STEARMAN_LUNG_CANCER_EARLY_VS_LATE_DN,STEARMAN_LUNG_CANCER_EARLY_VS_LATE_DN] was killed by [TAKEDA_TARGETS_OF_NUP98_HOXA9_FUSION_10D_DN,TAKEDA_TARGETS_OF_NUP98_HOXA9_FUSION_10D_DN]
[ASTON_MAJOR_DEPRESSIVE_DISORDER_DN,ASTON_MAJOR_DEPRESSIVE_DISORDER_DN] was killed by [GINESTIER_BREAST_CANCER_20Q13_AMPLIFICATION_DN,GINESTIER_BREAST_CANCER_20Q13_AMPLIFICATION_DN]
[EBAUER_MYOGENIC_TARGETS_OF_PAX3_FOXO1_FUSION,EBAUER_MYOGENIC_TARGETS_OF_PAX3_FOXO1_FUSION] was killed by [BERTUCCI_MEDULLARY_VS_DUCTAL_BREAST_CANCER_DN,BERTUCCI_MEDULLARY_VS_DUCTAL_BREAST_CANCER_DN]
[YAO_TEMPORAL_RESPONSE_TO_PROGESTERONE_CLUSTER_1,YAO_TEMPORAL_RESPONSE_TO_PROGESTERONE_CLUSTER_1] was killed by [PODAR_RESPONSE_TO_ADAPHOSTIN_UP,PODAR_RESPONSE_TO_ADAPHOSTIN_UP]
[LINDVALL_IMMORTALIZED_BY_TERT_UP,LINDVALL_IMMORTALIZED_BY_TERT_UP] was killed by [TAKEDA_TARGETS_OF_NUP98_HOXA9_FUSION_10D_DN,TAKEDA_TARGETS_OF_NUP98_HOXA9_FUSION_10D_DN]
[HUMMERICH_MALIGNANT_SKIN_TUMOR_UP,HUMMERICH_MALIGNANT_SKIN_TUMOR_UP] was killed by [DAVICIONI_MOLECULAR_ARMS_VS_ERMS_DN,DAVICIONI_MOLECULAR_ARMS_VS_ERMS_DN]
[PELLICCIOTTA_HDAC_IN_ANTIGEN_PRESENTATION_UP,PELLICCIOTTA_HDAC_IN_ANTIGEN_PRESENTATION_UP] was killed by [YAO_TEMPORAL_RESPONSE_TO_PROGESTERONE_CLUSTER_17,YAO_TEMPORAL_RESPONSE_TO_PROGESTERONE_CLUSTER_17]
[OUELLET_OVARIAN_CANCER_INVASIVE_VS_LMP_UP,OUELLET_OVARIAN_CANCER_INVASIVE_VS_LMP_UP] was killed by [SCHLOSSER_MYC_TARGETS_REPRESSED_BY_SERUM,SCHLOSSER_MYC_TARGETS_REPRESSED_BY_SERUM]
[PUJANA_BREAST_CANCER_WITH_BRCA1_MUTATED_UP,PUJANA_BREAST_CANCER_WITH_BRCA1_MUTATED_UP] was killed by [GINESTIER_BREAST_CANCER_20Q13_AMPLIFICATION_DN,GINESTIER_BREAST_CANCER_20Q13_AMPLIFICATION_DN]
[BHAT_ESR1_TARGETS_NOT_VIA_AKT1_DN,BHAT_ESR1_TARGETS_NOT_VIA_AKT1_DN] was killed by [PODAR_RESPONSE_TO_ADAPHOSTIN_UP,PODAR_RESPONSE_TO_ADAPHOSTIN_UP]
[HUANG_GATA2_TARGETS_DN,HUANG_GATA2_TARGETS_DN] was killed by [SCHLOSSER_MYC_TARGETS_REPRESSED_BY_SERUM,SCHLOSSER_MYC_TARGETS_REPRESSED_BY_SERUM]
[ZHU_CMV_24_HR_UP,ZHU_CMV_24_HR_UP] was killed by [SCHLOSSER_MYC_TARGETS_REPRESSED_BY_SERUM,SCHLOSSER_MYC_TARGETS_REPRESSED_BY_SERUM]
[GHANDHI_BYSTANDER_IRRADIATION_UP,GHANDHI_BYSTANDER_IRRADIATION_UP] was killed by [TAKEDA_TARGETS_OF_NUP98_HOXA9_FUSION_10D_DN,TAKEDA_TARGETS_OF_NUP98_HOXA9_FUSION_10D_DN]
[BROWNE_HCMV_INFECTION_24HR_DN,BROWNE_HCMV_INFECTION_24HR_DN] was killed by [BERTUCCI_MEDULLARY_VS_DUCTAL_BREAST_CANCER_DN,BERTUCCI_MEDULLARY_VS_DUCTAL_BREAST_CANCER_DN]
[GYORFFY_MITOXANTRONE_RESISTANCE,GYORFFY_MITOXANTRONE_RESISTANCE] was killed by [PODAR_RESPONSE_TO_ADAPHOSTIN_UP,PODAR_RESPONSE_TO_ADAPHOSTIN_UP]
[FLECHNER_PBL_KIDNEY_TRANSPLANT_REJECTED_VS_OK_UP,FLECHNER_PBL_KIDNEY_TRANSPLANT_REJECTED_VS_OK_UP] was killed by [SCHLOSSER_MYC_TARGETS_REPRESSED_BY_SERUM,SCHLOSSER_MYC_TARGETS_REPRESSED_BY_SERUM]
[LANDEMAINE_LUNG_METASTASIS,LANDEMAINE_LUNG_METASTASIS] was killed by [HOLLERN_EMT_BREAST_TUMOR_DN,HOLLERN_EMT_BREAST_TUMOR_DN]
[WINTER_HYPOXIA_UP,WINTER_HYPOXIA_UP] was killed by [SCHLOSSER_MYC_TARGETS_REPRESSED_BY_SERUM,SCHLOSSER_MYC_TARGETS_REPRESSED_BY_SERUM]
[MIKKELSEN_MEF_LCP_WITH_H3K4ME3,MIKKELSEN_MEF_LCP_WITH_H3K4ME3] was killed by [XIE_ST_HSC_S1PR3_OE_UP,XIE_ST_HSC_S1PR3_OE_UP]
[LAIHO_COLORECTAL_CANCER_SERRATED_UP,LAIHO_COLORECTAL_CANCER_SERRATED_UP] was killed by [YAO_TEMPORAL_RESPONSE_TO_PROGESTERONE_CLUSTER_17,YAO_TEMPORAL_RESPONSE_TO_PROGESTERONE_CLUSTER_17]
[GENTLES_LEUKEMIC_STEM_CELL_DN,GENTLES_LEUKEMIC_STEM_CELL_DN] was killed by [ROSTY_CERVICAL_CANCER_PROLIFERATION_CLUSTER,ROSTY_CERVICAL_CANCER_PROLIFERATION_CLUSTER]
[GAURNIER_PSMD4_TARGETS,GAURNIER_PSMD4_TARGETS] was killed by [TAKEDA_TARGETS_OF_NUP98_HOXA9_FUSION_10D_DN,TAKEDA_TARGETS_OF_NUP98_HOXA9_FUSION_10D_DN]
[VANTVEER_BREAST_CANCER_METASTASIS_DN,VANTVEER_BREAST_CANCER_METASTASIS_DN] was killed by [ROSTY_CERVICAL_CANCER_PROLIFERATION_CLUSTER,ROSTY_CERVICAL_CANCER_PROLIFERATION_CLUSTER]
[BLANCO_MELO_MERS_COV_INFECTION_MCR5_CELLS_DN,BLANCO_MELO_MERS_COV_INFECTION_MCR5_CELLS_DN] was killed by [TAKEDA_TARGETS_OF_NUP98_HOXA9_FUSION_10D_DN,TAKEDA_TARGETS_OF_NUP98_HOXA9_FUSION_10D_DN]
[NAKAYAMA_SOFT_TISSUE_TUMORS_PCA2_DN,NAKAYAMA_SOFT_TISSUE_TUMORS_PCA2_DN] was killed by [SALVADOR_MARTIN_PEDIATRIC_TBD_ANTI_TNF_THERAPY_NONRESPONDER_POST_TREATMENT_DN,SALVADOR_MARTIN_PEDIATRIC_TBD_ANTI_TNF_THERAPY_NONRESPONDER_POST_TREATMENT_DN]
[MOHANKUMAR_HOXA1_TARGETS_DN,MOHANKUMAR_HOXA1_TARGETS_DN] was killed by [PODAR_RESPONSE_TO_ADAPHOSTIN_UP,PODAR_RESPONSE_TO_ADAPHOSTIN_UP]
[KRIGE_AMINO_ACID_DEPRIVATION,KRIGE_AMINO_ACID_DEPRIVATION] was killed by [PODAR_RESPONSE_TO_ADAPHOSTIN_UP,PODAR_RESPONSE_TO_ADAPHOSTIN_UP]
[BYSTRYKH_HEMATOPOIESIS_STEM_CELL_QTL_CIS,BYSTRYKH_HEMATOPOIESIS_STEM_CELL_QTL_CIS] was killed by [YAO_TEMPORAL_RESPONSE_TO_PROGESTERONE_CLUSTER_17,YAO_TEMPORAL_RESPONSE_TO_PROGESTERONE_CLUSTER_17]
[NAKAYAMA_SOFT_TISSUE_TUMORS_PCA1_UP,NAKAYAMA_SOFT_TISSUE_TUMORS_PCA1_UP] was killed by [TAKEDA_TARGETS_OF_NUP98_HOXA9_FUSION_10D_DN,TAKEDA_TARGETS_OF_NUP98_HOXA9_FUSION_10D_DN]
[SIMBULAN_UV_RESPONSE_NORMAL_DN,SIMBULAN_UV_RESPONSE_NORMAL_DN] was killed by [HOLLERN_EMT_BREAST_TUMOR_DN,HOLLERN_EMT_BREAST_TUMOR_DN]
[RICKMAN_TUMOR_DIFFERENTIATED_WELL_VS_MODERATELY_UP,RICKMAN_TUMOR_DIFFERENTIATED_WELL_VS_MODERATELY_UP] was killed by [RICKMAN_HEAD_AND_NECK_CANCER_A,RICKMAN_HEAD_AND_NECK_CANCER_A]
[WUNDER_INFLAMMATORY_RESPONSE_AND_CHOLESTEROL_DN,WUNDER_INFLAMMATORY_RESPONSE_AND_CHOLESTEROL_DN] was killed by [IIZUKA_LIVER_CANCER_PROGRESSION_L0_L1_DN,IIZUKA_LIVER_CANCER_PROGRESSION_L0_L1_DN]
[BURTON_ADIPOGENESIS_PEAK_AT_2HR,BURTON_ADIPOGENESIS_PEAK_AT_2HR] was killed by [PODAR_RESPONSE_TO_ADAPHOSTIN_UP,PODAR_RESPONSE_TO_ADAPHOSTIN_UP]
[HESS_TARGETS_OF_HOXA9_AND_MEIS1_UP,HESS_TARGETS_OF_HOXA9_AND_MEIS1_UP] was killed by [SCHLOSSER_MYC_TARGETS_REPRESSED_BY_SERUM,SCHLOSSER_MYC_TARGETS_REPRESSED_BY_SERUM]
[SUBTIL_PROGESTIN_TARGETS,SUBTIL_PROGESTIN_TARGETS] was killed by [PODAR_RESPONSE_TO_ADAPHOSTIN_UP,PODAR_RESPONSE_TO_ADAPHOSTIN_UP]
[VERNELL_RETINOBLASTOMA_PATHWAY_UP,VERNELL_RETINOBLASTOMA_PATHWAY_UP] was killed by [ROSTY_CERVICAL_CANCER_PROLIFERATION_CLUSTER,ROSTY_CERVICAL_CANCER_PROLIFERATION_CLUSTER]
[DARWICHE_PAPILLOMA_RISK_HIGH_UP,DARWICHE_PAPILLOMA_RISK_HIGH_UP] was killed by [YAO_TEMPORAL_RESPONSE_TO_PROGESTERONE_CLUSTER_13,YAO_TEMPORAL_RESPONSE_TO_PROGESTERONE_CLUSTER_13]
[RODWELL_AGING_KIDNEY_NO_BLOOD_DN,RODWELL_AGING_KIDNEY_NO_BLOOD_DN] was killed by [SCHLOSSER_MYC_TARGETS_REPRESSED_BY_SERUM,SCHLOSSER_MYC_TARGETS_REPRESSED_BY_SERUM]
[DE_YY1_TARGETS_DN,DE_YY1_TARGETS_DN] was killed by [ROSTY_CERVICAL_CANCER_PROLIFERATION_CLUSTER,ROSTY_CERVICAL_CANCER_PROLIFERATION_CLUSTER]
[HAHTOLA_SEZARY_SYNDROM_UP,HAHTOLA_SEZARY_SYNDROM_UP] was killed by [TAKEDA_TARGETS_OF_NUP98_HOXA9_FUSION_10D_DN,TAKEDA_TARGETS_OF_NUP98_HOXA9_FUSION_10D_DN]
[ZIRN_TRETINOIN_RESPONSE_WT1_UP,ZIRN_TRETINOIN_RESPONSE_WT1_UP] was killed by [BOSCO_ALLERGEN_INDUCED_TH2_ASSOCIATED_MODULE,BOSCO_ALLERGEN_INDUCED_TH2_ASSOCIATED_MODULE]
[LAU_APOPTOSIS_CDKN2A_UP,LAU_APOPTOSIS_CDKN2A_UP] was killed by [ROSTY_CERVICAL_CANCER_PROLIFERATION_CLUSTER,ROSTY_CERVICAL_CANCER_PROLIFERATION_CLUSTER]
[UEDA_PERIFERAL_CLOCK,UEDA_PERIFERAL_CLOCK] was killed by [PODAR_RESPONSE_TO_ADAPHOSTIN_UP,PODAR_RESPONSE_TO_ADAPHOSTIN_UP]
[LEIN_NEURON_MARKERS,LEIN_NEURON_MARKERS] was killed by [MODY_HIPPOCAMPUS_POSTNATAL,MODY_HIPPOCAMPUS_POSTNATAL]
[LEONARD_HYPOXIA,LEONARD_HYPOXIA] was killed by [PODAR_RESPONSE_TO_ADAPHOSTIN_UP,PODAR_RESPONSE_TO_ADAPHOSTIN_UP]
[MCMURRAY_TP53_HRAS_COOPERATION_RESPONSE_DN,MCMURRAY_TP53_HRAS_COOPERATION_RESPONSE_DN] was killed by [HOLLERN_EMT_BREAST_TUMOR_DN,HOLLERN_EMT_BREAST_TUMOR_DN]
[PUIFFE_INVASION_INHIBITED_BY_ASCITES_DN,PUIFFE_INVASION_INHIBITED_BY_ASCITES_DN] was killed by [SCHLOSSER_MYC_TARGETS_REPRESSED_BY_SERUM,SCHLOSSER_MYC_TARGETS_REPRESSED_BY_SERUM]
[TIAN_TNF_SIGNALING_NOT_VIA_NFKB,TIAN_TNF_SIGNALING_NOT_VIA_NFKB] was killed by [PODAR_RESPONSE_TO_ADAPHOSTIN_UP,PODAR_RESPONSE_TO_ADAPHOSTIN_UP]
[HERNANDEZ_ABERRANT_MITOSIS_BY_DOCETACEL_2NM_DN,HERNANDEZ_ABERRANT_MITOSIS_BY_DOCETACEL_2NM_DN] was killed by [BOSCO_ALLERGEN_INDUCED_TH2_ASSOCIATED_MODULE,BOSCO_ALLERGEN_INDUCED_TH2_ASSOCIATED_MODULE]
[DACOSTA_UV_RESPONSE_VIA_ERCC3_COMMON_UP,DACOSTA_UV_RESPONSE_VIA_ERCC3_COMMON_UP] was killed by [ROSTY_CERVICAL_CANCER_PROLIFERATION_CLUSTER,ROSTY_CERVICAL_CANCER_PROLIFERATION_CLUSTER]
[WONG_ENDMETRIUM_CANCER_DN,WONG_ENDMETRIUM_CANCER_DN] was killed by [LIEN_BREAST_CARCINOMA_METAPLASTIC,LIEN_BREAST_CARCINOMA_METAPLASTIC]
[TAKEDA_TARGETS_OF_NUP98_HOXA9_FUSION_6HR_DN,TAKEDA_TARGETS_OF_NUP98_HOXA9_FUSION_6HR_DN] was killed by [TAKEDA_TARGETS_OF_NUP98_HOXA9_FUSION_10D_DN,TAKEDA_TARGETS_OF_NUP98_HOXA9_FUSION_10D_DN]
[MCBRYAN_PUBERTAL_TGFB1_TARGETS_UP,MCBRYAN_PUBERTAL_TGFB1_TARGETS_UP] was killed by [BOSCO_ALLERGEN_INDUCED_TH2_ASSOCIATED_MODULE,BOSCO_ALLERGEN_INDUCED_TH2_ASSOCIATED_MODULE]
[TAKEDA_TARGETS_OF_NUP98_HOXA9_FUSION_6HR_UP,TAKEDA_TARGETS_OF_NUP98_HOXA9_FUSION_6HR_UP] was killed by [MIKKELSEN_IPS_WITH_HCP_H3K27ME3,MIKKELSEN_IPS_WITH_HCP_H3K27ME3]
[RODRIGUES_NTN1_TARGETS_DN,RODRIGUES_NTN1_TARGETS_DN] was killed by [BERTUCCI_MEDULLARY_VS_DUCTAL_BREAST_CANCER_DN,BERTUCCI_MEDULLARY_VS_DUCTAL_BREAST_CANCER_DN]
[MANNE_COVID19_ICU_VS_HEALTHY_DONOR_PLATELETS_UP,MANNE_COVID19_ICU_VS_HEALTHY_DONOR_PLATELETS_UP] was killed by [XIE_ST_HSC_S1PR3_OE_UP,XIE_ST_HSC_S1PR3_OE_UP]
[BOYAULT_LIVER_CANCER_SUBCLASS_G123_UP,BOYAULT_LIVER_CANCER_SUBCLASS_G123_UP] was killed by [ROSTY_CERVICAL_CANCER_PROLIFERATION_CLUSTER,ROSTY_CERVICAL_CANCER_PROLIFERATION_CLUSTER]
[YAMAZAKI_TCEB3_TARGETS_UP,YAMAZAKI_TCEB3_TARGETS_UP] was killed by [PODAR_RESPONSE_TO_ADAPHOSTIN_UP,PODAR_RESPONSE_TO_ADAPHOSTIN_UP]
[ICHIBA_GRAFT_VERSUS_HOST_DISEASE_35D_UP,ICHIBA_GRAFT_VERSUS_HOST_DISEASE_35D_UP] was killed by [TAKEDA_TARGETS_OF_NUP98_HOXA9_FUSION_10D_DN,TAKEDA_TARGETS_OF_NUP98_HOXA9_FUSION_10D_DN]
[HUMMEL_BURKITTS_LYMPHOMA_DN,HUMMEL_BURKITTS_LYMPHOMA_DN] was killed by [PODAR_RESPONSE_TO_ADAPHOSTIN_UP,PODAR_RESPONSE_TO_ADAPHOSTIN_UP]
[SMID_BREAST_CANCER_RELAPSE_IN_BONE_UP,SMID_BREAST_CANCER_RELAPSE_IN_BONE_UP] was killed by [HOELZEL_NF1_TARGETS_UP,HOELZEL_NF1_TARGETS_UP]
[MULLIGHAN_NPM1_MUTATED_SIGNATURE_2_UP,MULLIGHAN_NPM1_MUTATED_SIGNATURE_2_UP] was killed by [LIEN_BREAST_CARCINOMA_METAPLASTIC,LIEN_BREAST_CARCINOMA_METAPLASTIC]
[ZAMORA_NOS2_TARGETS_UP,ZAMORA_NOS2_TARGETS_UP] was killed by [ROSTY_CERVICAL_CANCER_PROLIFERATION_CLUSTER,ROSTY_CERVICAL_CANCER_PROLIFERATION_CLUSTER]
[GRAHAM_CML_QUIESCENT_VS_CML_DIVIDING_UP,GRAHAM_CML_QUIESCENT_VS_CML_DIVIDING_UP] was killed by [TAKEDA_TARGETS_OF_NUP98_HOXA9_FUSION_10D_DN,TAKEDA_TARGETS_OF_NUP98_HOXA9_FUSION_10D_DN]
[STARK_PREFRONTAL_CORTEX_22Q11_DELETION_UP,STARK_PREFRONTAL_CORTEX_22Q11_DELETION_UP] was killed by [FLECHNER_PBL_KIDNEY_TRANSPLANT_OK_VS_DONOR_DN,FLECHNER_PBL_KIDNEY_TRANSPLANT_OK_VS_DONOR_DN]
[NAKAJIMA_MAST_CELL,NAKAJIMA_MAST_CELL] was killed by [TAKEDA_TARGETS_OF_NUP98_HOXA9_FUSION_10D_DN,TAKEDA_TARGETS_OF_NUP98_HOXA9_FUSION_10D_DN]
[KONG_E2F1_TARGETS,KONG_E2F1_TARGETS] was killed by [ROSTY_CERVICAL_CANCER_PROLIFERATION_CLUSTER,ROSTY_CERVICAL_CANCER_PROLIFERATION_CLUSTER]
[PURBEY_TARGETS_OF_CTBP1_AND_SATB1_UP,PURBEY_TARGETS_OF_CTBP1_AND_SATB1_UP] was killed by [PODAR_RESPONSE_TO_ADAPHOSTIN_UP,PODAR_RESPONSE_TO_ADAPHOSTIN_UP]
[RIZ_ERYTHROID_DIFFERENTIATION_12HR,RIZ_ERYTHROID_DIFFERENTIATION_12HR] was killed by [PODAR_RESPONSE_TO_ADAPHOSTIN_UP,PODAR_RESPONSE_TO_ADAPHOSTIN_UP]
[HUTTMANN_B_CLL_POOR_SURVIVAL_DN,HUTTMANN_B_CLL_POOR_SURVIVAL_DN] was killed by [GOLDRATH_IMMUNE_MEMORY,GOLDRATH_IMMUNE_MEMORY]
[BHAT_ESR1_TARGETS_VIA_AKT1_DN,BHAT_ESR1_TARGETS_VIA_AKT1_DN] was killed by [TAKEDA_TARGETS_OF_NUP98_HOXA9_FUSION_10D_DN,TAKEDA_TARGETS_OF_NUP98_HOXA9_FUSION_10D_DN]
[PARK_TRETINOIN_RESPONSE_AND_PML_RARA_FUSION,PARK_TRETINOIN_RESPONSE_AND_PML_RARA_FUSION] was killed by [BORCZUK_MALIGNANT_MESOTHELIOMA_DN,BORCZUK_MALIGNANT_MESOTHELIOMA_DN]
[ANDERSEN_CHOLANGIOCARCINOMA_CLASS1,ANDERSEN_CHOLANGIOCARCINOMA_CLASS1] was killed by [BERTUCCI_MEDULLARY_VS_DUCTAL_BREAST_CANCER_DN,BERTUCCI_MEDULLARY_VS_DUCTAL_BREAST_CANCER_DN]
[KAMIKUBO_MYELOID_CEBPA_NETWORK,KAMIKUBO_MYELOID_CEBPA_NETWORK] was killed by [PODAR_RESPONSE_TO_ADAPHOSTIN_UP,PODAR_RESPONSE_TO_ADAPHOSTIN_UP]
[SAKAI_TUMOR_INFILTRATING_MONOCYTES_DN,SAKAI_TUMOR_INFILTRATING_MONOCYTES_DN] was killed by [SCHLOSSER_MYC_TARGETS_REPRESSED_BY_SERUM,SCHLOSSER_MYC_TARGETS_REPRESSED_BY_SERUM]
[BOYAULT_LIVER_CANCER_SUBCLASS_G5_DN,BOYAULT_LIVER_CANCER_SUBCLASS_G5_DN] was killed by [XIE_ST_HSC_S1PR3_OE_UP,XIE_ST_HSC_S1PR3_OE_UP]
[AMIT_SERUM_RESPONSE_120_MCF10A,AMIT_SERUM_RESPONSE_120_MCF10A] was killed by [XIE_ST_HSC_S1PR3_OE_UP,XIE_ST_HSC_S1PR3_OE_UP]
[YAGI_AML_SURVIVAL,YAGI_AML_SURVIVAL] was killed by [VALK_AML_CLUSTER_5,VALK_AML_CLUSTER_5]
[DOANE_RESPONSE_TO_ANDROGEN_UP,DOANE_RESPONSE_TO_ANDROGEN_UP] was killed by [CHEBOTAEV_GR_TARGETS_UP,CHEBOTAEV_GR_TARGETS_UP]
[LY_AGING_OLD_DN,LY_AGING_OLD_DN] was killed by [ROSTY_CERVICAL_CANCER_PROLIFERATION_CLUSTER,ROSTY_CERVICAL_CANCER_PROLIFERATION_CLUSTER]
[PEDERSEN_METASTASIS_BY_ERBB2_ISOFORM_1,PEDERSEN_METASTASIS_BY_ERBB2_ISOFORM_1] was killed by [XIE_ST_HSC_S1PR3_OE_UP,XIE_ST_HSC_S1PR3_OE_UP]
[DITTMER_PTHLH_TARGETS_UP,DITTMER_PTHLH_TARGETS_UP] was killed by [YAO_TEMPORAL_RESPONSE_TO_PROGESTERONE_CLUSTER_13,YAO_TEMPORAL_RESPONSE_TO_PROGESTERONE_CLUSTER_13]
[AZARE_NEOPLASTIC_TRANSFORMATION_BY_STAT3_UP,AZARE_NEOPLASTIC_TRANSFORMATION_BY_STAT3_UP] was killed by [MIKKELSEN_IPS_WITH_HCP_H3K27ME3,MIKKELSEN_IPS_WITH_HCP_H3K27ME3]
[ROSS_AML_WITH_CBFB_MYH11_FUSION,ROSS_AML_WITH_CBFB_MYH11_FUSION] was killed by [TAKEDA_TARGETS_OF_NUP98_HOXA9_FUSION_10D_DN,TAKEDA_TARGETS_OF_NUP98_HOXA9_FUSION_10D_DN]
[CHIARADONNA_NEOPLASTIC_TRANSFORMATION_CDC25_UP,CHIARADONNA_NEOPLASTIC_TRANSFORMATION_CDC25_UP] was killed by [TAKEDA_TARGETS_OF_NUP98_HOXA9_FUSION_10D_DN,TAKEDA_TARGETS_OF_NUP98_HOXA9_FUSION_10D_DN]
[AMBROSINI_FLAVOPIRIDOL_TREATMENT_TP53,AMBROSINI_FLAVOPIRIDOL_TREATMENT_TP53] was killed by [CERVERA_SDHB_TARGETS_1_DN,CERVERA_SDHB_TARGETS_1_DN]
[PUIFFE_INVASION_INHIBITED_BY_ASCITES_UP,PUIFFE_INVASION_INHIBITED_BY_ASCITES_UP] was killed by [SCHLOSSER_MYC_TARGETS_REPRESSED_BY_SERUM,SCHLOSSER_MYC_TARGETS_REPRESSED_BY_SERUM]
[KYNG_WERNER_SYNDROM_AND_NORMAL_AGING_DN,KYNG_WERNER_SYNDROM_AND_NORMAL_AGING_DN] was killed by [SCHLOSSER_MYC_TARGETS_REPRESSED_BY_SERUM,SCHLOSSER_MYC_TARGETS_REPRESSED_BY_SERUM]
[ZHU_CMV_ALL_UP,ZHU_CMV_ALL_UP] was killed by [SCHLOSSER_MYC_TARGETS_REPRESSED_BY_SERUM,SCHLOSSER_MYC_TARGETS_REPRESSED_BY_SERUM]
[RICKMAN_HEAD_AND_NECK_CANCER_F,RICKMAN_HEAD_AND_NECK_CANCER_F] was killed by [HOELZEL_NF1_TARGETS_UP,HOELZEL_NF1_TARGETS_UP]
[DOANE_BREAST_CANCER_CLASSES_UP,DOANE_BREAST_CANCER_CLASSES_UP] was killed by [MODY_HIPPOCAMPUS_POSTNATAL,MODY_HIPPOCAMPUS_POSTNATAL]
[MIKKELSEN_ES_HCP_WITH_H3K27ME3,MIKKELSEN_ES_HCP_WITH_H3K27ME3] was killed by [MIKKELSEN_IPS_WITH_HCP_H3K27ME3,MIKKELSEN_IPS_WITH_HCP_H3K27ME3]
[HOLLERN_EMT_BREAST_TUMOR_UP,HOLLERN_EMT_BREAST_TUMOR_UP] was killed by [BERTUCCI_MEDULLARY_VS_DUCTAL_BREAST_CANCER_DN,BERTUCCI_MEDULLARY_VS_DUCTAL_BREAST_CANCER_DN]
[COLIN_PILOCYTIC_ASTROCYTOMA_VS_GLIOBLASTOMA_DN,COLIN_PILOCYTIC_ASTROCYTOMA_VS_GLIOBLASTOMA_DN] was killed by [TAKEDA_TARGETS_OF_NUP98_HOXA9_FUSION_10D_DN,TAKEDA_TARGETS_OF_NUP98_HOXA9_FUSION_10D_DN]
[CHAUHAN_RESPONSE_TO_METHOXYESTRADIOL_DN,CHAUHAN_RESPONSE_TO_METHOXYESTRADIOL_DN] was killed by [YAO_TEMPORAL_RESPONSE_TO_PROGESTERONE_CLUSTER_17,YAO_TEMPORAL_RESPONSE_TO_PROGESTERONE_CLUSTER_17]
[DORSAM_HOXA9_TARGETS_UP,DORSAM_HOXA9_TARGETS_UP] was killed by [CHEBOTAEV_GR_TARGETS_UP,CHEBOTAEV_GR_TARGETS_UP]
[HOWLIN_PUBERTAL_MAMMARY_GLAND,HOWLIN_PUBERTAL_MAMMARY_GLAND] was killed by [TAKEDA_TARGETS_OF_NUP98_HOXA9_FUSION_10D_DN,TAKEDA_TARGETS_OF_NUP98_HOXA9_FUSION_10D_DN]
[CHUNG_BLISTER_CYTOTOXICITY_DN,CHUNG_BLISTER_CYTOTOXICITY_DN] was killed by [GRABARCZYK_BCL11B_TARGETS_UP,GRABARCZYK_BCL11B_TARGETS_UP]
[MEBARKI_HCC_PROGENITOR_WNT_UP,MEBARKI_HCC_PROGENITOR_WNT_UP] was killed by [TAKEDA_TARGETS_OF_NUP98_HOXA9_FUSION_10D_DN,TAKEDA_TARGETS_OF_NUP98_HOXA9_FUSION_10D_DN]
[MAGRANGEAS_MULTIPLE_MYELOMA_IGG_VS_IGA_DN,MAGRANGEAS_MULTIPLE_MYELOMA_IGG_VS_IGA_DN] was killed by [SALVADOR_MARTIN_PEDIATRIC_TBD_ANTI_TNF_THERAPY_NONRESPONDER_POST_TREATMENT_DN,SALVADOR_MARTIN_PEDIATRIC_TBD_ANTI_TNF_THERAPY_NONRESPONDER_POST_TREATMENT_DN]
[FRASOR_RESPONSE_TO_SERM_OR_FULVESTRANT_DN,FRASOR_RESPONSE_TO_SERM_OR_FULVESTRANT_DN] was killed by [ROSTY_CERVICAL_CANCER_PROLIFERATION_CLUSTER,ROSTY_CERVICAL_CANCER_PROLIFERATION_CLUSTER]
[KIM_ALL_DISORDERS_DURATION_CORR_UP,KIM_ALL_DISORDERS_DURATION_CORR_UP] was killed by [GINESTIER_BREAST_CANCER_ZNF217_AMPLIFIED_UP,GINESTIER_BREAST_CANCER_ZNF217_AMPLIFIED_UP]
[FINETTI_BREAST_CANCER_KINOME_RED,FINETTI_BREAST_CANCER_KINOME_RED] was killed by [ROSTY_CERVICAL_CANCER_PROLIFERATION_CLUSTER,ROSTY_CERVICAL_CANCER_PROLIFERATION_CLUSTER]
[HOLLEMAN_PREDNISOLONE_RESISTANCE_B_ALL_DN,HOLLEMAN_PREDNISOLONE_RESISTANCE_B_ALL_DN] was killed by [FLECHNER_PBL_KIDNEY_TRANSPLANT_OK_VS_DONOR_DN,FLECHNER_PBL_KIDNEY_TRANSPLANT_OK_VS_DONOR_DN]
[CROONQUIST_NRAS_VS_STROMAL_STIMULATION_DN,CROONQUIST_NRAS_VS_STROMAL_STIMULATION_DN] was killed by [ROSTY_CERVICAL_CANCER_PROLIFERATION_CLUSTER,ROSTY_CERVICAL_CANCER_PROLIFERATION_CLUSTER]
[RHODES_CANCER_META_SIGNATURE,RHODES_CANCER_META_SIGNATURE] was killed by [SCHLOSSER_MYC_TARGETS_REPRESSED_BY_SERUM,SCHLOSSER_MYC_TARGETS_REPRESSED_BY_SERUM]
[DORSEY_GAB2_TARGETS,DORSEY_GAB2_TARGETS] was killed by [XIE_ST_HSC_S1PR3_OE_UP,XIE_ST_HSC_S1PR3_OE_UP]
[HILLION_HMGA1_TARGETS,HILLION_HMGA1_TARGETS] was killed by [IRITANI_MAD1_TARGETS_DN,IRITANI_MAD1_TARGETS_DN]
[LUI_THYROID_CANCER_CLUSTER_4,LUI_THYROID_CANCER_CLUSTER_4] was killed by [SALVADOR_MARTIN_PEDIATRIC_TBD_ANTI_TNF_THERAPY_NONRESPONDER_POST_TREATMENT_DN,SALVADOR_MARTIN_PEDIATRIC_TBD_ANTI_TNF_THERAPY_NONRESPONDER_POST_TREATMENT_DN]
[IZADPANAH_STEM_CELL_ADIPOSE_VS_BONE_UP,IZADPANAH_STEM_CELL_ADIPOSE_VS_BONE_UP] was killed by [PODAR_RESPONSE_TO_ADAPHOSTIN_UP,PODAR_RESPONSE_TO_ADAPHOSTIN_UP]
[SESTO_RESPONSE_TO_UV_C0,SESTO_RESPONSE_TO_UV_C0] was killed by [SCHLOSSER_MYC_TARGETS_REPRESSED_BY_SERUM,SCHLOSSER_MYC_TARGETS_REPRESSED_BY_SERUM]
[NADERI_BREAST_CANCER_PROGNOSIS_UP,NADERI_BREAST_CANCER_PROGNOSIS_UP] was killed by [ROSTY_CERVICAL_CANCER_PROLIFERATION_CLUSTER,ROSTY_CERVICAL_CANCER_PROLIFERATION_CLUSTER]
[HAHTOLA_CTCL_PATHOGENESIS,HAHTOLA_CTCL_PATHOGENESIS] was killed by [TAKEDA_TARGETS_OF_NUP98_HOXA9_FUSION_10D_DN,TAKEDA_TARGETS_OF_NUP98_HOXA9_FUSION_10D_DN]
[KALMA_E2F1_TARGETS,KALMA_E2F1_TARGETS] was killed by [ROSTY_CERVICAL_CANCER_PROLIFERATION_CLUSTER,ROSTY_CERVICAL_CANCER_PROLIFERATION_CLUSTER]
[NAGY_TFTC_COMPONENTS_HUMAN,NAGY_TFTC_COMPONENTS_HUMAN] was killed by [GINESTIER_BREAST_CANCER_20Q13_AMPLIFICATION_DN,GINESTIER_BREAST_CANCER_20Q13_AMPLIFICATION_DN]
[CONCANNON_APOPTOSIS_BY_EPOXOMICIN_DN,CONCANNON_APOPTOSIS_BY_EPOXOMICIN_DN] was killed by [MIKKELSEN_IPS_WITH_HCP_H3K27ME3,MIKKELSEN_IPS_WITH_HCP_H3K27ME3]
[CAFFAREL_RESPONSE_TO_THC_24HR_5_UP,CAFFAREL_RESPONSE_TO_THC_24HR_5_UP] was killed by [ROSTY_CERVICAL_CANCER_PROLIFERATION_CLUSTER,ROSTY_CERVICAL_CANCER_PROLIFERATION_CLUSTER]
[GERHOLD_ADIPOGENESIS_UP,GERHOLD_ADIPOGENESIS_UP] was killed by [SCHLOSSER_MYC_TARGETS_REPRESSED_BY_SERUM,SCHLOSSER_MYC_TARGETS_REPRESSED_BY_SERUM]
[LEE_TARGETS_OF_PTCH1_AND_SUFU_DN,LEE_TARGETS_OF_PTCH1_AND_SUFU_DN] was killed by [MIKKELSEN_IPS_WITH_HCP_H3K27ME3,MIKKELSEN_IPS_WITH_HCP_H3K27ME3]
[BURTON_ADIPOGENESIS_4,BURTON_ADIPOGENESIS_4] was killed by [GROSS_HYPOXIA_VIA_HIF1A_UP,GROSS_HYPOXIA_VIA_HIF1A_UP]
[SMIRNOV_RESPONSE_TO_IR_2HR_UP,SMIRNOV_RESPONSE_TO_IR_2HR_UP] was killed by [PODAR_RESPONSE_TO_ADAPHOSTIN_UP,PODAR_RESPONSE_TO_ADAPHOSTIN_UP]
[POMEROY_MEDULLOBLASTOMA_PROGNOSIS_DN,POMEROY_MEDULLOBLASTOMA_PROGNOSIS_DN] was killed by [ROSTY_CERVICAL_CANCER_PROLIFERATION_CLUSTER,ROSTY_CERVICAL_CANCER_PROLIFERATION_CLUSTER]
[WANG_METHYLATED_IN_BREAST_CANCER,WANG_METHYLATED_IN_BREAST_CANCER] was killed by [PODAR_RESPONSE_TO_ADAPHOSTIN_UP,PODAR_RESPONSE_TO_ADAPHOSTIN_UP]
[VECCHI_GASTRIC_CANCER_ADVANCED_VS_EARLY_UP,VECCHI_GASTRIC_CANCER_ADVANCED_VS_EARLY_UP] was killed by [TAKEDA_TARGETS_OF_NUP98_HOXA9_FUSION_10D_DN,TAKEDA_TARGETS_OF_NUP98_HOXA9_FUSION_10D_DN]
[DOANE_BREAST_CANCER_ESR1_DN,DOANE_BREAST_CANCER_ESR1_DN] was killed by [HOLLERN_EMT_BREAST_TUMOR_DN,HOLLERN_EMT_BREAST_TUMOR_DN]
[DAZARD_UV_RESPONSE_CLUSTER_G6,DAZARD_UV_RESPONSE_CLUSTER_G6] was killed by [ROSTY_CERVICAL_CANCER_PROLIFERATION_CLUSTER,ROSTY_CERVICAL_CANCER_PROLIFERATION_CLUSTER]
[CUI_GLUCOSE_DEPRIVATION,CUI_GLUCOSE_DEPRIVATION] was killed by [SCHLOSSER_MYC_TARGETS_REPRESSED_BY_SERUM,SCHLOSSER_MYC_TARGETS_REPRESSED_BY_SERUM]
[NATSUME_RESPONSE_TO_INTERFERON_BETA_DN,NATSUME_RESPONSE_TO_INTERFERON_BETA_DN] was killed by [YAO_TEMPORAL_RESPONSE_TO_PROGESTERONE_CLUSTER_17,YAO_TEMPORAL_RESPONSE_TO_PROGESTERONE_CLUSTER_17]
[PARK_HSC_AND_MULTIPOTENT_PROGENITORS,PARK_HSC_AND_MULTIPOTENT_PROGENITORS] was killed by [LEE_LIVER_CANCER_ACOX1_UP,LEE_LIVER_CANCER_ACOX1_UP]
[WOOD_EBV_EBNA1_TARGETS_UP,WOOD_EBV_EBNA1_TARGETS_UP] was killed by [SCHLOSSER_MYC_TARGETS_REPRESSED_BY_SERUM,SCHLOSSER_MYC_TARGETS_REPRESSED_BY_SERUM]
[YU_BAP1_TARGETS,YU_BAP1_TARGETS] was killed by [ROSTY_CERVICAL_CANCER_PROLIFERATION_CLUSTER,ROSTY_CERVICAL_CANCER_PROLIFERATION_CLUSTER]
[LU_AGING_BRAIN_DN,LU_AGING_BRAIN_DN] was killed by [HOELZEL_NF1_TARGETS_UP,HOELZEL_NF1_TARGETS_UP]
[CROMER_TUMORIGENESIS_DN,CROMER_TUMORIGENESIS_DN] was killed by [TAKEDA_TARGETS_OF_NUP98_HOXA9_FUSION_10D_DN,TAKEDA_TARGETS_OF_NUP98_HOXA9_FUSION_10D_DN]
[SIMBULAN_UV_RESPONSE_IMMORTALIZED_DN,SIMBULAN_UV_RESPONSE_IMMORTALIZED_DN] was killed by [HOELZEL_NF1_TARGETS_UP,HOELZEL_NF1_TARGETS_UP]
[PELLICCIOTTA_HDAC_IN_ANTIGEN_PRESENTATION_DN,PELLICCIOTTA_HDAC_IN_ANTIGEN_PRESENTATION_DN] was killed by [SCHLOSSER_MYC_TARGETS_REPRESSED_BY_SERUM,SCHLOSSER_MYC_TARGETS_REPRESSED_BY_SERUM]
[COLDREN_GEFITINIB_RESISTANCE_UP,COLDREN_GEFITINIB_RESISTANCE_UP] was killed by [YAO_TEMPORAL_RESPONSE_TO_PROGESTERONE_CLUSTER_17,YAO_TEMPORAL_RESPONSE_TO_PROGESTERONE_CLUSTER_17]
[RHEIN_ALL_GLUCOCORTICOID_THERAPY_UP,RHEIN_ALL_GLUCOCORTICOID_THERAPY_UP] was killed by [TAKEDA_TARGETS_OF_NUP98_HOXA9_FUSION_10D_DN,TAKEDA_TARGETS_OF_NUP98_HOXA9_FUSION_10D_DN]
[PECE_MAMMARY_STEM_CELL_DN,PECE_MAMMARY_STEM_CELL_DN] was killed by [BERTUCCI_MEDULLARY_VS_DUCTAL_BREAST_CANCER_DN,BERTUCCI_MEDULLARY_VS_DUCTAL_BREAST_CANCER_DN]
[WIERENGA_STAT5A_TARGETS_DN,WIERENGA_STAT5A_TARGETS_DN] was killed by [TAKEDA_TARGETS_OF_NUP98_HOXA9_FUSION_10D_DN,TAKEDA_TARGETS_OF_NUP98_HOXA9_FUSION_10D_DN]
[JI_CARCINOGENESIS_BY_KRAS_AND_STK11_DN,JI_CARCINOGENESIS_BY_KRAS_AND_STK11_DN] was killed by [LIEN_BREAST_CARCINOMA_METAPLASTIC,LIEN_BREAST_CARCINOMA_METAPLASTIC]
[PLASARI_TGFB1_SIGNALING_VIA_NFIC_10HR_DN,PLASARI_TGFB1_SIGNALING_VIA_NFIC_10HR_DN] was killed by [LIEN_BREAST_CARCINOMA_METAPLASTIC,LIEN_BREAST_CARCINOMA_METAPLASTIC]
[CAFFAREL_RESPONSE_TO_THC_8HR_5_UP,CAFFAREL_RESPONSE_TO_THC_8HR_5_UP] was killed by [PODAR_RESPONSE_TO_ADAPHOSTIN_UP,PODAR_RESPONSE_TO_ADAPHOSTIN_UP]
[WELCH_GATA1_TARGETS,WELCH_GATA1_TARGETS] was killed by [WAKABAYASHI_ADIPOGENESIS_PPARG_RXRA_BOUND_WITH_H4K20ME1_MARK,WAKABAYASHI_ADIPOGENESIS_PPARG_RXRA_BOUND_WITH_H4K20ME1_MARK]
[LI_CISPLATIN_RESISTANCE_DN,LI_CISPLATIN_RESISTANCE_DN] was killed by [PODAR_RESPONSE_TO_ADAPHOSTIN_UP,PODAR_RESPONSE_TO_ADAPHOSTIN_UP]
[NAGY_STAGA_COMPONENTS_HUMAN,NAGY_STAGA_COMPONENTS_HUMAN] was killed by [GINESTIER_BREAST_CANCER_20Q13_AMPLIFICATION_DN,GINESTIER_BREAST_CANCER_20Q13_AMPLIFICATION_DN]
[LY_AGING_MIDDLE_DN,LY_AGING_MIDDLE_DN] was killed by [ROSTY_CERVICAL_CANCER_PROLIFERATION_CLUSTER,ROSTY_CERVICAL_CANCER_PROLIFERATION_CLUSTER]
[NIKOLSKY_BREAST_CANCER_8Q23_Q24_AMPLICON,NIKOLSKY_BREAST_CANCER_8Q23_Q24_AMPLICON] was killed by [DAVICIONI_MOLECULAR_ARMS_VS_ERMS_DN,DAVICIONI_MOLECULAR_ARMS_VS_ERMS_DN]
[MODY_HIPPOCAMPUS_PRENATAL,MODY_HIPPOCAMPUS_PRENATAL] was killed by [SCHLOSSER_MYC_TARGETS_REPRESSED_BY_SERUM,SCHLOSSER_MYC_TARGETS_REPRESSED_BY_SERUM]
[GAZDA_DIAMOND_BLACKFAN_ANEMIA_PROGENITOR_UP,GAZDA_DIAMOND_BLACKFAN_ANEMIA_PROGENITOR_UP] was killed by [PODAR_RESPONSE_TO_ADAPHOSTIN_UP,PODAR_RESPONSE_TO_ADAPHOSTIN_UP]
[XU_AKT1_TARGETS_6HR,XU_AKT1_TARGETS_6HR] was killed by [XIE_ST_HSC_S1PR3_OE_UP,XIE_ST_HSC_S1PR3_OE_UP]
[NADLER_OBESITY_DN,NADLER_OBESITY_DN] was killed by [YAO_TEMPORAL_RESPONSE_TO_PROGESTERONE_CLUSTER_17,YAO_TEMPORAL_RESPONSE_TO_PROGESTERONE_CLUSTER_17]
[TURASHVILI_BREAST_CARCINOMA_DUCTAL_VS_LOBULAR_UP,TURASHVILI_BREAST_CARCINOMA_DUCTAL_VS_LOBULAR_UP] was killed by [ROSTY_CERVICAL_CANCER_PROLIFERATION_CLUSTER,ROSTY_CERVICAL_CANCER_PROLIFERATION_CLUSTER]
[STEARMAN_LUNG_CANCER_EARLY_VS_LATE_UP,STEARMAN_LUNG_CANCER_EARLY_VS_LATE_UP] was killed by [WAKABAYASHI_ADIPOGENESIS_PPARG_RXRA_BOUND_WITH_H4K20ME1_MARK,WAKABAYASHI_ADIPOGENESIS_PPARG_RXRA_BOUND_WITH_H4K20ME1_MARK]
[LOPEZ_TRANSLATION_VIA_FN1_SIGNALING,LOPEZ_TRANSLATION_VIA_FN1_SIGNALING] was killed by [LIEN_BREAST_CARCINOMA_METAPLASTIC,LIEN_BREAST_CARCINOMA_METAPLASTIC]
[KORKOLA_YOLK_SAC_TUMOR_UP,KORKOLA_YOLK_SAC_TUMOR_UP] was killed by [MODY_HIPPOCAMPUS_POSTNATAL,MODY_HIPPOCAMPUS_POSTNATAL]
