[GOBP_PROTEIN_LOCALIZATION_TO_ENDOPLASMIC_RETICULUM,GOBP_PROTEIN_LOCALIZATION_TO_ENDOPLASMIC_RETICULUM] was killed by [GOBP_ESTABLISHMENT_OF_PROTEIN_LOCALIZATION_TO_ENDOPLASMIC_RETICULUM,GOBP_ESTABLISHMENT_OF_PROTEIN_LOCALIZATION_TO_ENDOPLASMIC_RETICULUM]
[GOCC_CYTOSOLIC_RIBOSOME,GOCC_CYTOSOLIC_RIBOSOME] was killed by [GOBP_ESTABLISHMENT_OF_PROTEIN_LOCALIZATION_TO_ENDOPLASMIC_RETICULUM,GOBP_ESTABLISHMENT_OF_PROTEIN_LOCALIZATION_TO_ENDOPLASMIC_RETICULUM]
[GOBP_COTRANSLATIONAL_PROTEIN_TARGETING_TO_MEMBRANE,GOBP_COTRANSLATIONAL_PROTEIN_TARGETING_TO_MEMBRANE] was killed by [GOBP_ESTABLISHMENT_OF_PROTEIN_LOCALIZATION_TO_ENDOPLASMIC_RETICULUM,GOBP_ESTABLISHMENT_OF_PROTEIN_LOCALIZATION_TO_ENDOPLASMIC_RETICULUM]
[GOBP_NEGATIVE_REGULATION_OF_CELL_DEVELOPMENT,GOBP_NEGATIVE_REGULATION_OF_CELL_DEVELOPMENT] was killed by [GOBP_NEGATIVE_REGULATION_OF_NERVOUS_SYSTEM_DEVELOPMENT,GOBP_NEGATIVE_REGULATION_OF_NERVOUS_SYSTEM_DEVELOPMENT]
[GOBP_REGULATION_OF_RNA_SPLICING,GOBP_REGULATION_OF_RNA_SPLICING] was killed by [GOBP_REGULATION_OF_MRNA_SPLICING_VIA_SPLICEOSOME,GOBP_REGULATION_OF_MRNA_SPLICING_VIA_SPLICEOSOME]
[GOBP_NUCLEAR_TRANSCRIBED_MRNA_CATABOLIC_PROCESS_NONSENSE_MEDIATED_DECAY,GOBP_NUCLEAR_TRANSCRIBED_MRNA_CATABOLIC_PROCESS_NONSENSE_MEDIATED_DECAY] was killed by [GOBP_ESTABLISHMENT_OF_PROTEIN_LOCALIZATION_TO_ENDOPLASMIC_RETICULUM,GOBP_ESTABLISHMENT_OF_PROTEIN_LOCALIZATION_TO_ENDOPLASMIC_RETICULUM]
[GOBP_NEGATIVE_REGULATION_OF_CANONICAL_WNT_SIGNALING_PATHWAY,GOBP_NEGATIVE_REGULATION_OF_CANONICAL_WNT_SIGNALING_PATHWAY] was killed by [GOBP_ANAPHASE_PROMOTING_COMPLEX_DEPENDENT_CATABOLIC_PROCESS,GOBP_ANAPHASE_PROMOTING_COMPLEX_DEPENDENT_CATABOLIC_PROCESS]
[GOBP_ALTERNATIVE_MRNA_SPLICING_VIA_SPLICEOSOME,GOBP_ALTERNATIVE_MRNA_SPLICING_VIA_SPLICEOSOME] was killed by [GOBP_REGULATION_OF_MRNA_SPLICING_VIA_SPLICEOSOME,GOBP_REGULATION_OF_MRNA_SPLICING_VIA_SPLICEOSOME]
[GOMF_STRUCTURAL_CONSTITUENT_OF_RIBOSOME,GOMF_STRUCTURAL_CONSTITUENT_OF_RIBOSOME] was killed by [GOBP_ESTABLISHMENT_OF_PROTEIN_LOCALIZATION_TO_ENDOPLASMIC_RETICULUM,GOBP_ESTABLISHMENT_OF_PROTEIN_LOCALIZATION_TO_ENDOPLASMIC_RETICULUM]
[GOBP_TUMOR_NECROSIS_FACTOR_MEDIATED_SIGNALING_PATHWAY,GOBP_TUMOR_NECROSIS_FACTOR_MEDIATED_SIGNALING_PATHWAY] was killed by [GOBP_ANAPHASE_PROMOTING_COMPLEX_DEPENDENT_CATABOLIC_PROCESS,GOBP_ANAPHASE_PROMOTING_COMPLEX_DEPENDENT_CATABOLIC_PROCESS]
[GOBP_SULFUR_COMPOUND_BIOSYNTHETIC_PROCESS,GOBP_SULFUR_COMPOUND_BIOSYNTHETIC_PROCESS] was killed by [GOBP_STEROL_BIOSYNTHETIC_PROCESS,GOBP_STEROL_BIOSYNTHETIC_PROCESS]
[GOMF_STEROID_HORMONE_RECEPTOR_BINDING,GOMF_STEROID_HORMONE_RECEPTOR_BINDING] was killed by [GOBP_REGULATION_OF_MRNA_SPLICING_VIA_SPLICEOSOME,GOBP_REGULATION_OF_MRNA_SPLICING_VIA_SPLICEOSOME]
[GOBP_CELLULAR_RESPONSE_TO_HYDROGEN_PEROXIDE,GOBP_CELLULAR_RESPONSE_TO_HYDROGEN_PEROXIDE] was killed by [GOBP_POSITIVE_REGULATION_OF_NEURON_PROJECTION_DEVELOPMENT,GOBP_POSITIVE_REGULATION_OF_NEURON_PROJECTION_DEVELOPMENT]
[GOCC_COPII_COATED_ER_TO_GOLGI_TRANSPORT_VESICLE,GOCC_COPII_COATED_ER_TO_GOLGI_TRANSPORT_VESICLE] was killed by [GOBP_VESICLE_BUDDING_FROM_MEMBRANE,GOBP_VESICLE_BUDDING_FROM_MEMBRANE]
[GOBP_REGULATION_OF_CHOLESTEROL_METABOLIC_PROCESS,GOBP_REGULATION_OF_CHOLESTEROL_METABOLIC_PROCESS] was killed by [GOBP_STEROL_BIOSYNTHETIC_PROCESS,GOBP_STEROL_BIOSYNTHETIC_PROCESS]
[GOBP_INTRINSIC_APOPTOTIC_SIGNALING_PATHWAY_BY_P53_CLASS_MEDIATOR,GOBP_INTRINSIC_APOPTOTIC_SIGNALING_PATHWAY_BY_P53_CLASS_MEDIATOR] was killed by [GOBP_REGULATION_OF_MRNA_SPLICING_VIA_SPLICEOSOME,GOBP_REGULATION_OF_MRNA_SPLICING_VIA_SPLICEOSOME]
[GOBP_REPLICATION_FORK_PROCESSING,GOBP_REPLICATION_FORK_PROCESSING] was killed by [GOBP_DNA_DEPENDENT_DNA_REPLICATION_MAINTENANCE_OF_FIDELITY,GOBP_DNA_DEPENDENT_DNA_REPLICATION_MAINTENANCE_OF_FIDELITY]
[GOBP_POSITIVE_REGULATION_OF_PHAGOCYTOSIS,GOBP_POSITIVE_REGULATION_OF_PHAGOCYTOSIS] was killed by [GOBP_POSITIVE_REGULATION_OF_NEURON_PROJECTION_DEVELOPMENT,GOBP_POSITIVE_REGULATION_OF_NEURON_PROJECTION_DEVELOPMENT]
[GOBP_REGULATION_OF_ALTERNATIVE_MRNA_SPLICING_VIA_SPLICEOSOME,GOBP_REGULATION_OF_ALTERNATIVE_MRNA_SPLICING_VIA_SPLICEOSOME] was killed by [GOBP_REGULATION_OF_MRNA_SPLICING_VIA_SPLICEOSOME,GOBP_REGULATION_OF_MRNA_SPLICING_VIA_SPLICEOSOME]
[GOMF_POLY_PYRIMIDINE_TRACT_BINDING,GOMF_POLY_PYRIMIDINE_TRACT_BINDING] was killed by [GOBP_REGULATION_OF_MRNA_SPLICING_VIA_SPLICEOSOME,GOBP_REGULATION_OF_MRNA_SPLICING_VIA_SPLICEOSOME]
[GOMF_HYDROLASE_ACTIVITY_HYDROLYZING_O_GLYCOSYL_COMPOUNDS,GOMF_HYDROLASE_ACTIVITY_HYDROLYZING_O_GLYCOSYL_COMPOUNDS] was killed by [GOMF_HYDROLASE_ACTIVITY_ACTING_ON_GLYCOSYL_BONDS,GOMF_HYDROLASE_ACTIVITY_ACTING_ON_GLYCOSYL_BONDS]
[GOBP_REGULATION_OF_MRNA_PROCESSING,GOBP_REGULATION_OF_MRNA_PROCESSING] was killed by [GOBP_REGULATION_OF_MRNA_SPLICING_VIA_SPLICEOSOME,GOBP_REGULATION_OF_MRNA_SPLICING_VIA_SPLICEOSOME]
[GOMF_L_AMINO_ACID_TRANSMEMBRANE_TRANSPORTER_ACTIVITY,GOMF_L_AMINO_ACID_TRANSMEMBRANE_TRANSPORTER_ACTIVITY] was killed by [GOBP_L_AMINO_ACID_TRANSPORT,GOBP_L_AMINO_ACID_TRANSPORT]
[GOBP_REGULATION_OF_CHOLESTEROL_BIOSYNTHETIC_PROCESS,GOBP_REGULATION_OF_CHOLESTEROL_BIOSYNTHETIC_PROCESS] was killed by [GOBP_STEROL_BIOSYNTHETIC_PROCESS,GOBP_STEROL_BIOSYNTHETIC_PROCESS]
[GOBP_DNA_DEPENDENT_DNA_REPLICATION,GOBP_DNA_DEPENDENT_DNA_REPLICATION] was killed by [GOBP_DNA_DEPENDENT_DNA_REPLICATION_MAINTENANCE_OF_FIDELITY,GOBP_DNA_DEPENDENT_DNA_REPLICATION_MAINTENANCE_OF_FIDELITY]
[GOCC_CYTOSOLIC_LARGE_RIBOSOMAL_SUBUNIT,GOCC_CYTOSOLIC_LARGE_RIBOSOMAL_SUBUNIT] was killed by [GOBP_ESTABLISHMENT_OF_PROTEIN_LOCALIZATION_TO_ENDOPLASMIC_RETICULUM,GOBP_ESTABLISHMENT_OF_PROTEIN_LOCALIZATION_TO_ENDOPLASMIC_RETICULUM]
[GOBP_AMINO_ACID_TRANSMEMBRANE_TRANSPORT,GOBP_AMINO_ACID_TRANSMEMBRANE_TRANSPORT] was killed by [GOBP_L_AMINO_ACID_TRANSPORT,GOBP_L_AMINO_ACID_TRANSPORT]
[GOBP_INTERLEUKIN_1_MEDIATED_SIGNALING_PATHWAY,GOBP_INTERLEUKIN_1_MEDIATED_SIGNALING_PATHWAY] was killed by [GOBP_ANAPHASE_PROMOTING_COMPLEX_DEPENDENT_CATABOLIC_PROCESS,GOBP_ANAPHASE_PROMOTING_COMPLEX_DEPENDENT_CATABOLIC_PROCESS]
[GOBP_REGULATION_OF_SIGNAL_TRANSDUCTION_BY_P53_CLASS_MEDIATOR,GOBP_REGULATION_OF_SIGNAL_TRANSDUCTION_BY_P53_CLASS_MEDIATOR] was killed by [GOBP_DNA_DEPENDENT_DNA_REPLICATION_MAINTENANCE_OF_FIDELITY,GOBP_DNA_DEPENDENT_DNA_REPLICATION_MAINTENANCE_OF_FIDELITY]
[GOMF_ORGANIC_ANION_TRANSMEMBRANE_TRANSPORTER_ACTIVITY,GOMF_ORGANIC_ANION_TRANSMEMBRANE_TRANSPORTER_ACTIVITY] was killed by [GOBP_L_AMINO_ACID_TRANSPORT,GOBP_L_AMINO_ACID_TRANSPORT]
[GOCC_APICAL_JUNCTION_COMPLEX,GOCC_APICAL_JUNCTION_COMPLEX] was killed by [GOBP_NEGATIVE_REGULATION_OF_NERVOUS_SYSTEM_DEVELOPMENT,GOBP_NEGATIVE_REGULATION_OF_NERVOUS_SYSTEM_DEVELOPMENT]
[GOBP_POSITIVE_REGULATION_OF_PLASMA_MEMBRANE_BOUNDED_CELL_PROJECTION_ASSEMBLY,GOBP_POSITIVE_REGULATION_OF_PLASMA_MEMBRANE_BOUNDED_CELL_PROJECTION_ASSEMBLY] was killed by [GOBP_POSITIVE_REGULATION_OF_NEURON_PROJECTION_DEVELOPMENT,GOBP_POSITIVE_REGULATION_OF_NEURON_PROJECTION_DEVELOPMENT]
[GOBP_VESICLE_TARGETING,GOBP_VESICLE_TARGETING] was killed by [GOBP_VESICLE_BUDDING_FROM_MEMBRANE,GOBP_VESICLE_BUDDING_FROM_MEMBRANE]
[GOMF_4_IRON_4_SULFUR_CLUSTER_BINDING,GOMF_4_IRON_4_SULFUR_CLUSTER_BINDING] was killed by [GOBP_DNA_DEPENDENT_DNA_REPLICATION_MAINTENANCE_OF_FIDELITY,GOBP_DNA_DEPENDENT_DNA_REPLICATION_MAINTENANCE_OF_FIDELITY]
[GOBP_REGULATION_OF_OXIDOREDUCTASE_ACTIVITY,GOBP_REGULATION_OF_OXIDOREDUCTASE_ACTIVITY] was killed by [GOBP_ADENYLATE_CYCLASE_ACTIVATING_G_PROTEIN_COUPLED_RECEPTOR_SIGNALING_PATHWAY,GOBP_ADENYLATE_CYCLASE_ACTIVATING_G_PROTEIN_COUPLED_RECEPTOR_SIGNALING_PATHWAY]
[GOBP_FIBROBLAST_GROWTH_FACTOR_RECEPTOR_SIGNALING_PATHWAY,GOBP_FIBROBLAST_GROWTH_FACTOR_RECEPTOR_SIGNALING_PATHWAY] was killed by [GOBP_REGULATION_OF_MRNA_SPLICING_VIA_SPLICEOSOME,GOBP_REGULATION_OF_MRNA_SPLICING_VIA_SPLICEOSOME]
[GOCC_RIBOSOMAL_SUBUNIT,GOCC_RIBOSOMAL_SUBUNIT] was killed by [GOBP_ESTABLISHMENT_OF_PROTEIN_LOCALIZATION_TO_ENDOPLASMIC_RETICULUM,GOBP_ESTABLISHMENT_OF_PROTEIN_LOCALIZATION_TO_ENDOPLASMIC_RETICULUM]
[GOCC_NEURON_SPINE,GOCC_NEURON_SPINE] was killed by [GOBP_NEGATIVE_REGULATION_OF_NERVOUS_SYSTEM_DEVELOPMENT,GOBP_NEGATIVE_REGULATION_OF_NERVOUS_SYSTEM_DEVELOPMENT]
[GOCC_ER_TO_GOLGI_TRANSPORT_VESICLE_MEMBRANE,GOCC_ER_TO_GOLGI_TRANSPORT_VESICLE_MEMBRANE] was killed by [GOBP_VESICLE_BUDDING_FROM_MEMBRANE,GOBP_VESICLE_BUDDING_FROM_MEMBRANE]
[GOMF_AMINO_ACID_TRANSMEMBRANE_TRANSPORTER_ACTIVITY,GOMF_AMINO_ACID_TRANSMEMBRANE_TRANSPORTER_ACTIVITY] was killed by [GOBP_L_AMINO_ACID_TRANSPORT,GOBP_L_AMINO_ACID_TRANSPORT]
[GOBP_MITOCHONDRION_LOCALIZATION,GOBP_MITOCHONDRION_LOCALIZATION] was killed by [GOBP_POSITIVE_REGULATION_OF_NEURON_PROJECTION_DEVELOPMENT,GOBP_POSITIVE_REGULATION_OF_NEURON_PROJECTION_DEVELOPMENT]
[GOMF_PHOSPHATIDYLINOSITOL_PHOSPHATE_BINDING,GOMF_PHOSPHATIDYLINOSITOL_PHOSPHATE_BINDING] was killed by [GOBP_VESICLE_BUDDING_FROM_MEMBRANE,GOBP_VESICLE_BUDDING_FROM_MEMBRANE]
[GOBP_CELLULAR_RESPONSE_TO_REACTIVE_OXYGEN_SPECIES,GOBP_CELLULAR_RESPONSE_TO_REACTIVE_OXYGEN_SPECIES] was killed by [GOBP_POSITIVE_REGULATION_OF_NEURON_PROJECTION_DEVELOPMENT,GOBP_POSITIVE_REGULATION_OF_NEURON_PROJECTION_DEVELOPMENT]
[GOBP_BLOOD_VESSEL_ENDOTHELIAL_CELL_MIGRATION,GOBP_BLOOD_VESSEL_ENDOTHELIAL_CELL_MIGRATION] was killed by [GOBP_NEGATIVE_REGULATION_OF_NERVOUS_SYSTEM_DEVELOPMENT,GOBP_NEGATIVE_REGULATION_OF_NERVOUS_SYSTEM_DEVELOPMENT]
[GOMF_NUCLEAR_RECEPTOR_BINDING,GOMF_NUCLEAR_RECEPTOR_BINDING] was killed by [GOBP_REGULATION_OF_MRNA_SPLICING_VIA_SPLICEOSOME,GOBP_REGULATION_OF_MRNA_SPLICING_VIA_SPLICEOSOME]
[GOBP_L_ALPHA_AMINO_ACID_TRANSMEMBRANE_TRANSPORT,GOBP_L_ALPHA_AMINO_ACID_TRANSMEMBRANE_TRANSPORT] was killed by [GOBP_L_AMINO_ACID_TRANSPORT,GOBP_L_AMINO_ACID_TRANSPORT]
[GOMF_SIGNALING_ADAPTOR_ACTIVITY,GOMF_SIGNALING_ADAPTOR_ACTIVITY] was killed by [GOMF_PHOSPHATIDYLINOSITOL_3_4_5_TRISPHOSPHATE_BINDING,GOMF_PHOSPHATIDYLINOSITOL_3_4_5_TRISPHOSPHATE_BINDING]
[GOMF_EXOGENOUS_PROTEIN_BINDING,GOMF_EXOGENOUS_PROTEIN_BINDING] was killed by [GOBP_L_AMINO_ACID_TRANSPORT,GOBP_L_AMINO_ACID_TRANSPORT]
[GOBP_ACTIVATION_OF_INNATE_IMMUNE_RESPONSE,GOBP_ACTIVATION_OF_INNATE_IMMUNE_RESPONSE] was killed by [GOBP_ANAPHASE_PROMOTING_COMPLEX_DEPENDENT_CATABOLIC_PROCESS,GOBP_ANAPHASE_PROMOTING_COMPLEX_DEPENDENT_CATABOLIC_PROCESS]
[GOBP_TRANSLATIONAL_INITIATION,GOBP_TRANSLATIONAL_INITIATION] was killed by [GOBP_ESTABLISHMENT_OF_PROTEIN_LOCALIZATION_TO_ENDOPLASMIC_RETICULUM,GOBP_ESTABLISHMENT_OF_PROTEIN_LOCALIZATION_TO_ENDOPLASMIC_RETICULUM]
[GOBP_REGULATION_OF_STEROID_BIOSYNTHETIC_PROCESS,GOBP_REGULATION_OF_STEROID_BIOSYNTHETIC_PROCESS] was killed by [GOBP_STEROL_BIOSYNTHETIC_PROCESS,GOBP_STEROL_BIOSYNTHETIC_PROCESS]
[GOCC_CATALYTIC_STEP_2_SPLICEOSOME,GOCC_CATALYTIC_STEP_2_SPLICEOSOME] was killed by [GOBP_REGULATION_OF_MRNA_SPLICING_VIA_SPLICEOSOME,GOBP_REGULATION_OF_MRNA_SPLICING_VIA_SPLICEOSOME]
[GOBP_REGULATION_OF_CELL_JUNCTION_ASSEMBLY,GOBP_REGULATION_OF_CELL_JUNCTION_ASSEMBLY] was killed by [GOBP_NEGATIVE_REGULATION_OF_NERVOUS_SYSTEM_DEVELOPMENT,GOBP_NEGATIVE_REGULATION_OF_NERVOUS_SYSTEM_DEVELOPMENT]
[GOBP_RESPONSE_TO_HYDROGEN_PEROXIDE,GOBP_RESPONSE_TO_HYDROGEN_PEROXIDE] was killed by [GOBP_POSITIVE_REGULATION_OF_NEURON_PROJECTION_DEVELOPMENT,GOBP_POSITIVE_REGULATION_OF_NEURON_PROJECTION_DEVELOPMENT]
[GOBP_AUTOPHAGY_OF_MITOCHONDRION,GOBP_AUTOPHAGY_OF_MITOCHONDRION] was killed by [GOBP_STEROL_BIOSYNTHETIC_PROCESS,GOBP_STEROL_BIOSYNTHETIC_PROCESS]
[GOBP_COPII_COATED_VESICLE_BUDDING,GOBP_COPII_COATED_VESICLE_BUDDING] was killed by [GOBP_VESICLE_BUDDING_FROM_MEMBRANE,GOBP_VESICLE_BUDDING_FROM_MEMBRANE]
[GOBP_CELLULAR_RESPONSE_TO_RADIATION,GOBP_CELLULAR_RESPONSE_TO_RADIATION] was killed by [GOBP_DNA_DEPENDENT_DNA_REPLICATION_MAINTENANCE_OF_FIDELITY,GOBP_DNA_DEPENDENT_DNA_REPLICATION_MAINTENANCE_OF_FIDELITY]
[GOMF_MANGANESE_ION_BINDING,GOMF_MANGANESE_ION_BINDING] was killed by [GOBP_DNA_DEPENDENT_DNA_REPLICATION_MAINTENANCE_OF_FIDELITY,GOBP_DNA_DEPENDENT_DNA_REPLICATION_MAINTENANCE_OF_FIDELITY]
