[GSE22886_NAIVE_CD4_TCELL_VS_48H_ACT_TH2_DN,GSE22886_NAIVE_CD4_TCELL_VS_48H_ACT_TH2_DN] was killed by [GSE36476_CTRL_VS_TSST_ACT_72H_MEMORY_CD4_TCELL_OLD_DN,GSE36476_CTRL_VS_TSST_ACT_72H_MEMORY_CD4_TCELL_OLD_DN]
[GSE15930_NAIVE_VS_24H_IN_VITRO_STIM_CD8_TCELL_DN,GSE15930_NAIVE_VS_24H_IN_VITRO_STIM_CD8_TCELL_DN] was killed by [GSE7568_IL4_VS_IL4_AND_TGFB_TREATED_MACROPHAGE_24H_DN,GSE7568_IL4_VS_IL4_AND_TGFB_TREATED_MACROPHAGE_24H_DN]
[GSE22886_UNSTIM_VS_STIM_MEMORY_TCELL_DN,GSE22886_UNSTIM_VS_STIM_MEMORY_TCELL_DN] was killed by [GSE7568_IL4_VS_IL4_AND_TGFB_TREATED_MACROPHAGE_24H_DN,GSE7568_IL4_VS_IL4_AND_TGFB_TREATED_MACROPHAGE_24H_DN]
[GSE15930_NAIVE_VS_24H_IN_VITRO_STIM_INFAB_CD8_TCELL_DN,GSE15930_NAIVE_VS_24H_IN_VITRO_STIM_INFAB_CD8_TCELL_DN] was killed by [GSE7568_IL4_VS_IL4_AND_TGFB_TREATED_MACROPHAGE_24H_DN,GSE7568_IL4_VS_IL4_AND_TGFB_TREATED_MACROPHAGE_24H_DN]
[GSE32986_UNSTIM_VS_GMCSF_AND_CURDLAN_LOWDOSE_STIM_DC_UP,GSE32986_UNSTIM_VS_GMCSF_AND_CURDLAN_LOWDOSE_STIM_DC_UP] was killed by [GSE7568_IL4_VS_IL4_AND_TGFB_TREATED_MACROPHAGE_24H_DN,GSE7568_IL4_VS_IL4_AND_TGFB_TREATED_MACROPHAGE_24H_DN]
[GSE24671_BAKIMULC_VS_SENDAI_VIRUS_INFECTED_MOUSE_SPLENOCYTES_UP,GSE24671_BAKIMULC_VS_SENDAI_VIRUS_INFECTED_MOUSE_SPLENOCYTES_UP] was killed by [GSE36476_CTRL_VS_TSST_ACT_72H_MEMORY_CD4_TCELL_OLD_DN,GSE36476_CTRL_VS_TSST_ACT_72H_MEMORY_CD4_TCELL_OLD_DN]
[GSE15930_NAIVE_VS_24H_IN_VITRO_STIM_IL12_CD8_TCELL_DN,GSE15930_NAIVE_VS_24H_IN_VITRO_STIM_IL12_CD8_TCELL_DN] was killed by [GSE7568_IL4_VS_IL4_AND_TGFB_TREATED_MACROPHAGE_24H_DN,GSE7568_IL4_VS_IL4_AND_TGFB_TREATED_MACROPHAGE_24H_DN]
[GSE12845_NAIVE_VS_PRE_GC_TONSIL_BCELL_DN,GSE12845_NAIVE_VS_PRE_GC_TONSIL_BCELL_DN] was killed by [GSE36476_CTRL_VS_TSST_ACT_72H_MEMORY_CD4_TCELL_OLD_DN,GSE36476_CTRL_VS_TSST_ACT_72H_MEMORY_CD4_TCELL_OLD_DN]
[GSE3982_NEUTROPHIL_VS_BASOPHIL_DN,GSE3982_NEUTROPHIL_VS_BASOPHIL_DN] was killed by [GSE17721_LPS_VS_GARDIQUIMOD_1H_BMDC_DN,GSE17721_LPS_VS_GARDIQUIMOD_1H_BMDC_DN]
[GSE23695_CD57_POS_VS_NEG_NK_CELL_UP,GSE23695_CD57_POS_VS_NEG_NK_CELL_UP] was killed by [GSE17721_LPS_VS_GARDIQUIMOD_1H_BMDC_DN,GSE17721_LPS_VS_GARDIQUIMOD_1H_BMDC_DN]
[GSE15930_NAIVE_VS_48H_IN_VITRO_STIM_CD8_TCELL_DN,GSE15930_NAIVE_VS_48H_IN_VITRO_STIM_CD8_TCELL_DN] was killed by [GSE7568_IL4_VS_IL4_AND_TGFB_TREATED_MACROPHAGE_24H_DN,GSE7568_IL4_VS_IL4_AND_TGFB_TREATED_MACROPHAGE_24H_DN]
[GSE3982_MEMORY_CD4_TCELL_VS_TH2_DN,GSE3982_MEMORY_CD4_TCELL_VS_TH2_DN] was killed by [GSE9006_TYPE_1_DIABETES_AT_DX_VS_1MONTH_POST_DX_PBMC_UP,GSE9006_TYPE_1_DIABETES_AT_DX_VS_1MONTH_POST_DX_PBMC_UP]
[GSE5589_UNSTIM_VS_45MIN_LPS_AND_IL6_STIM_MACROPHAGE_DN,GSE5589_UNSTIM_VS_45MIN_LPS_AND_IL6_STIM_MACROPHAGE_DN] was killed by [GSE7852_THYMUS_VS_FAT_TREG_UP,GSE7852_THYMUS_VS_FAT_TREG_UP]
[GSE26890_CXCR1_NEG_VS_POS_EFFECTOR_CD8_TCELL_UP,GSE26890_CXCR1_NEG_VS_POS_EFFECTOR_CD8_TCELL_UP] was killed by [GSE21670_UNTREATED_VS_TGFB_TREATED_CD4_TCELL_DN,GSE21670_UNTREATED_VS_TGFB_TREATED_CD4_TCELL_DN]
[GSE11864_UNTREATED_VS_CSF1_IN_MAC_UP,GSE11864_UNTREATED_VS_CSF1_IN_MAC_UP] was killed by [GSE3920_IFNB_VS_IFNG_TREATED_ENDOTHELIAL_CELL_DN,GSE3920_IFNB_VS_IFNG_TREATED_ENDOTHELIAL_CELL_DN]
[GSE13411_PLASMA_CELL_VS_MEMORY_BCELL_UP,GSE13411_PLASMA_CELL_VS_MEMORY_BCELL_UP] was killed by [GSE36476_CTRL_VS_TSST_ACT_72H_MEMORY_CD4_TCELL_OLD_DN,GSE36476_CTRL_VS_TSST_ACT_72H_MEMORY_CD4_TCELL_OLD_DN]
[GSE22196_HEALTHY_VS_OBESE_MOUSE_SKIN_GAMMADELTA_TCELL_UP,GSE22196_HEALTHY_VS_OBESE_MOUSE_SKIN_GAMMADELTA_TCELL_UP] was killed by [GSE36476_CTRL_VS_TSST_ACT_72H_MEMORY_CD4_TCELL_OLD_DN,GSE36476_CTRL_VS_TSST_ACT_72H_MEMORY_CD4_TCELL_OLD_DN]
[GSE21927_GMCSF_IL6_VS_GMCSF_GCSF_TREATED_BONE_MARROW_DN,GSE21927_GMCSF_IL6_VS_GMCSF_GCSF_TREATED_BONE_MARROW_DN] was killed by [GSE7568_IL4_VS_IL4_AND_TGFB_TREATED_MACROPHAGE_24H_DN,GSE7568_IL4_VS_IL4_AND_TGFB_TREATED_MACROPHAGE_24H_DN]
[GSE369_SOCS3_KO_VS_WT_LIVER_UP,GSE369_SOCS3_KO_VS_WT_LIVER_UP] was killed by [GSE7568_IL4_VS_IL4_AND_TGFB_TREATED_MACROPHAGE_24H_DN,GSE7568_IL4_VS_IL4_AND_TGFB_TREATED_MACROPHAGE_24H_DN]
[GSE17186_BLOOD_VS_CORD_BLOOD_CD21HIGH_TRANSITIONAL_BCELL_UP,GSE17186_BLOOD_VS_CORD_BLOOD_CD21HIGH_TRANSITIONAL_BCELL_UP] was killed by [GSE7568_IL4_VS_IL4_AND_TGFB_TREATED_MACROPHAGE_24H_DN,GSE7568_IL4_VS_IL4_AND_TGFB_TREATED_MACROPHAGE_24H_DN]
[GSE25085_FETAL_LIVER_VS_FETAL_BM_SP4_THYMIC_IMPLANT_UP,GSE25085_FETAL_LIVER_VS_FETAL_BM_SP4_THYMIC_IMPLANT_UP] was killed by [GSE36476_CTRL_VS_TSST_ACT_72H_MEMORY_CD4_TCELL_OLD_DN,GSE36476_CTRL_VS_TSST_ACT_72H_MEMORY_CD4_TCELL_OLD_DN]
[GSE15215_CD2_POS_VS_NEG_PDC_DN,GSE15215_CD2_POS_VS_NEG_PDC_DN] was killed by [GSE45365_WT_VS_IFNAR_KO_CD8A_DC_UP,GSE45365_WT_VS_IFNAR_KO_CD8A_DC_UP]
[GSE2405_HEAT_KILLED_VS_LIVE_A_PHAGOCYTOPHILUM_STIM_NEUTROPHIL_9H_DN,GSE2405_HEAT_KILLED_VS_LIVE_A_PHAGOCYTOPHILUM_STIM_NEUTROPHIL_9H_DN] was killed by [GSE10240_IL22_VS_IL17_STIM_PRIMARY_BRONCHIAL_EPITHELIAL_CELLS_UP,GSE10240_IL22_VS_IL17_STIM_PRIMARY_BRONCHIAL_EPITHELIAL_CELLS_UP]
[GSE22919_RESTING_VS_IL2_IL12_IL15_STIM_NK_CELL_UP,GSE22919_RESTING_VS_IL2_IL12_IL15_STIM_NK_CELL_UP] was killed by [GSE7568_IL4_VS_IL4_AND_TGFB_TREATED_MACROPHAGE_24H_DN,GSE7568_IL4_VS_IL4_AND_TGFB_TREATED_MACROPHAGE_24H_DN]
[GSE5589_WT_VS_IL10_KO_LPS_AND_IL10_STIM_MACROPHAGE_45MIN_UP,GSE5589_WT_VS_IL10_KO_LPS_AND_IL10_STIM_MACROPHAGE_45MIN_UP] was killed by [GSE13738_RESTING_VS_TCR_ACTIVATED_CD4_TCELL_DN,GSE13738_RESTING_VS_TCR_ACTIVATED_CD4_TCELL_DN]
[GSE17721_CTRL_VS_CPG_1H_BMDC_UP,GSE17721_CTRL_VS_CPG_1H_BMDC_UP] was killed by [GSE17721_LPS_VS_GARDIQUIMOD_1H_BMDC_DN,GSE17721_LPS_VS_GARDIQUIMOD_1H_BMDC_DN]
[GSE12366_GC_BCELL_VS_PLASMA_CELL_UP,GSE12366_GC_BCELL_VS_PLASMA_CELL_UP] was killed by [GSE36476_CTRL_VS_TSST_ACT_72H_MEMORY_CD4_TCELL_OLD_DN,GSE36476_CTRL_VS_TSST_ACT_72H_MEMORY_CD4_TCELL_OLD_DN]
[GSE39820_CTRL_VS_TGFBETA3_IL6_CD4_TCELL_DN,GSE39820_CTRL_VS_TGFBETA3_IL6_CD4_TCELL_DN] was killed by [GSE21670_UNTREATED_VS_TGFB_TREATED_CD4_TCELL_DN,GSE21670_UNTREATED_VS_TGFB_TREATED_CD4_TCELL_DN]
[GSE15659_NAIVE_CD4_TCELL_VS_ACTIVATED_TREG_UP,GSE15659_NAIVE_CD4_TCELL_VS_ACTIVATED_TREG_UP] was killed by [GSE15659_NAIVE_CD4_TCELL_VS_NONSUPPRESSIVE_TCELL_UP,GSE15659_NAIVE_CD4_TCELL_VS_NONSUPPRESSIVE_TCELL_UP]
[GSE14308_TH1_VS_NAIVE_CD4_TCELL_UP,GSE14308_TH1_VS_NAIVE_CD4_TCELL_UP] was killed by [GSE41867_LCMV_ARMSTRONG_VS_CLONE13_DAY6_EFFECTOR_CD8_TCELL_DN,GSE41867_LCMV_ARMSTRONG_VS_CLONE13_DAY6_EFFECTOR_CD8_TCELL_DN]
[GSE17721_0.5H_VS_4H_GARDIQUIMOD_BMDC_UP,GSE17721_0.5H_VS_4H_GARDIQUIMOD_BMDC_UP] was killed by [GSE45365_WT_VS_IFNAR_KO_CD8A_DC_UP,GSE45365_WT_VS_IFNAR_KO_CD8A_DC_UP]
[GSE26928_NAIVE_VS_EFF_MEMORY_CD4_TCELL_UP,GSE26928_NAIVE_VS_EFF_MEMORY_CD4_TCELL_UP] was killed by [GSE7852_THYMUS_VS_FAT_TREG_UP,GSE7852_THYMUS_VS_FAT_TREG_UP]
[GSE21063_CTRL_VS_ANTI_IGM_STIM_BCELL_NFATC1_KO_16H_DN,GSE21063_CTRL_VS_ANTI_IGM_STIM_BCELL_NFATC1_KO_16H_DN] was killed by [GSE36009_WT_VS_NLRP10_KO_DC_DN,GSE36009_WT_VS_NLRP10_KO_DC_DN]
[GSE7764_IL15_TREATED_VS_CTRL_NK_CELL_24H_UP,GSE7764_IL15_TREATED_VS_CTRL_NK_CELL_24H_UP] was killed by [GSE36476_CTRL_VS_TSST_ACT_72H_MEMORY_CD4_TCELL_OLD_DN,GSE36476_CTRL_VS_TSST_ACT_72H_MEMORY_CD4_TCELL_OLD_DN]
[GSE27786_CD4_TCELL_VS_MONO_MAC_UP,GSE27786_CD4_TCELL_VS_MONO_MAC_UP] was killed by [GSE21670_UNTREATED_VS_TGFB_TREATED_CD4_TCELL_DN,GSE21670_UNTREATED_VS_TGFB_TREATED_CD4_TCELL_DN]
[GSE22432_CDC_VS_COMMON_DC_PROGENITOR_UP,GSE22432_CDC_VS_COMMON_DC_PROGENITOR_UP] was killed by [GSE3920_IFNB_VS_IFNG_TREATED_ENDOTHELIAL_CELL_DN,GSE3920_IFNB_VS_IFNG_TREATED_ENDOTHELIAL_CELL_DN]
[GSE24634_TREG_VS_TCONV_POST_DAY3_IL4_CONVERSION_UP,GSE24634_TREG_VS_TCONV_POST_DAY3_IL4_CONVERSION_UP] was killed by [GSE7568_IL4_VS_IL4_AND_TGFB_TREATED_MACROPHAGE_24H_DN,GSE7568_IL4_VS_IL4_AND_TGFB_TREATED_MACROPHAGE_24H_DN]
[GSE17721_LPS_VS_PAM3CSK4_24H_BMDC_DN,GSE17721_LPS_VS_PAM3CSK4_24H_BMDC_DN] was killed by [GSE9006_TYPE_1_DIABETES_AT_DX_VS_1MONTH_POST_DX_PBMC_UP,GSE9006_TYPE_1_DIABETES_AT_DX_VS_1MONTH_POST_DX_PBMC_UP]
[GSE13411_NAIVE_VS_MEMORY_BCELL_UP,GSE13411_NAIVE_VS_MEMORY_BCELL_UP] was killed by [GSE36476_YOUNG_VS_OLD_DONOR_MEMORY_CD4_TCELL_72H_TSST_ACT_UP,GSE36476_YOUNG_VS_OLD_DONOR_MEMORY_CD4_TCELL_72H_TSST_ACT_UP]
[GSE22935_UNSTIM_VS_24H_MBOVIS_BCG_STIM_MYD88_KO_MACROPHAGE_DN,GSE22935_UNSTIM_VS_24H_MBOVIS_BCG_STIM_MYD88_KO_MACROPHAGE_DN] was killed by [GSE13485_DAY7_VS_DAY21_YF17D_VACCINE_PBMC_UP,GSE13485_DAY7_VS_DAY21_YF17D_VACCINE_PBMC_UP]
[GSE22886_DAY1_VS_DAY7_MONOCYTE_IN_CULTURE_DN,GSE22886_DAY1_VS_DAY7_MONOCYTE_IN_CULTURE_DN] was killed by [GSE36476_CTRL_VS_TSST_ACT_72H_MEMORY_CD4_TCELL_OLD_DN,GSE36476_CTRL_VS_TSST_ACT_72H_MEMORY_CD4_TCELL_OLD_DN]
[GSE27786_CD8_TCELL_VS_ERYTHROBLAST_UP,GSE27786_CD8_TCELL_VS_ERYTHROBLAST_UP] was killed by [GSE3920_IFNB_VS_IFNG_TREATED_ENDOTHELIAL_CELL_DN,GSE3920_IFNB_VS_IFNG_TREATED_ENDOTHELIAL_CELL_DN]
[GSE22601_DOUBLE_NEGATIVE_VS_DOUBLE_POSITIVE_THYMOCYTE_UP,GSE22601_DOUBLE_NEGATIVE_VS_DOUBLE_POSITIVE_THYMOCYTE_UP] was killed by [GSE22601_DOUBLE_NEGATIVE_VS_CD8_SINGLE_POSITIVE_THYMOCYTE_UP,GSE22601_DOUBLE_NEGATIVE_VS_CD8_SINGLE_POSITIVE_THYMOCYTE_UP]
[GSE7764_IL15_NK_CELL_24H_VS_SPLENOCYTE_DN,GSE7764_IL15_NK_CELL_24H_VS_SPLENOCYTE_DN] was killed by [GSE36009_WT_VS_NLRP10_KO_DC_DN,GSE36009_WT_VS_NLRP10_KO_DC_DN]
[GSE9960_HEALTHY_VS_GRAM_POS_SEPSIS_PBMC_DN,GSE9960_HEALTHY_VS_GRAM_POS_SEPSIS_PBMC_DN] was killed by [GSE41867_LCMV_ARMSTRONG_VS_CLONE13_DAY6_EFFECTOR_CD8_TCELL_DN,GSE41867_LCMV_ARMSTRONG_VS_CLONE13_DAY6_EFFECTOR_CD8_TCELL_DN]
[GSE25677_R848_VS_MPL_AND_R848_STIM_BCELL_DN,GSE25677_R848_VS_MPL_AND_R848_STIM_BCELL_DN] was killed by [GSE3920_IFNB_VS_IFNG_TREATED_ENDOTHELIAL_CELL_DN,GSE3920_IFNB_VS_IFNG_TREATED_ENDOTHELIAL_CELL_DN]
[GSE23568_ID3_TRANSDUCED_VS_ID3_KO_CD8_TCELL_UP,GSE23568_ID3_TRANSDUCED_VS_ID3_KO_CD8_TCELL_UP] was killed by [SCHERER_PBMC_APSV_WETVAX_AGE_18_32YO_2_TO_4DY_DN,SCHERER_PBMC_APSV_WETVAX_AGE_18_32YO_2_TO_4DY_DN]
[GSE5589_LPS_VS_LPS_AND_IL10_STIM_IL10_KO_MACROPHAGE_180MIN_UP,GSE5589_LPS_VS_LPS_AND_IL10_STIM_IL10_KO_MACROPHAGE_180MIN_UP] was killed by [GSE3982_BCELL_VS_NKCELL_DN,GSE3982_BCELL_VS_NKCELL_DN]
[GSE6259_33D1_POS_VS_DEC205_POS_SPLENIC_DC_UP,GSE6259_33D1_POS_VS_DEC205_POS_SPLENIC_DC_UP] was killed by [GSE36009_WT_VS_NLRP10_KO_DC_DN,GSE36009_WT_VS_NLRP10_KO_DC_DN]
[GSE44649_NAIVE_VS_ACTIVATED_CD8_TCELL_MIR155_KO_UP,GSE44649_NAIVE_VS_ACTIVATED_CD8_TCELL_MIR155_KO_UP] was killed by [GSE13738_RESTING_VS_TCR_ACTIVATED_CD4_TCELL_DN,GSE13738_RESTING_VS_TCR_ACTIVATED_CD4_TCELL_DN]
[GSE22601_IMMATURE_CD4_SINGLE_POSITIVE_VS_CD4_SINGLE_POSITIVE_THYMOCYTE_UP,GSE22601_IMMATURE_CD4_SINGLE_POSITIVE_VS_CD4_SINGLE_POSITIVE_THYMOCYTE_UP] was killed by [GSE3920_IFNB_VS_IFNG_TREATED_ENDOTHELIAL_CELL_DN,GSE3920_IFNB_VS_IFNG_TREATED_ENDOTHELIAL_CELL_DN]
[GSE32986_UNSTIM_VS_CURDLAN_HIGHDOSE_STIM_DC_UP,GSE32986_UNSTIM_VS_CURDLAN_HIGHDOSE_STIM_DC_UP] was killed by [GSE7568_IL4_VS_IL4_AND_TGFB_TREATED_MACROPHAGE_24H_DN,GSE7568_IL4_VS_IL4_AND_TGFB_TREATED_MACROPHAGE_24H_DN]
[GSE8835_HEALTHY_VS_CLL_CD8_TCELL_UP,GSE8835_HEALTHY_VS_CLL_CD8_TCELL_UP] was killed by [GSE3920_IFNB_VS_IFNG_TREATED_ENDOTHELIAL_CELL_DN,GSE3920_IFNB_VS_IFNG_TREATED_ENDOTHELIAL_CELL_DN]
[GSE29617_CTRL_VS_TIV_FLU_VACCINE_PBMC_2008_DN,GSE29617_CTRL_VS_TIV_FLU_VACCINE_PBMC_2008_DN] was killed by [GSE36476_CTRL_VS_TSST_ACT_72H_MEMORY_CD4_TCELL_OLD_DN,GSE36476_CTRL_VS_TSST_ACT_72H_MEMORY_CD4_TCELL_OLD_DN]
[GSE15735_2H_VS_12H_HDAC_INHIBITOR_TREATED_CD4_TCELL_UP,GSE15735_2H_VS_12H_HDAC_INHIBITOR_TREATED_CD4_TCELL_UP] was killed by [GSE2770_IL12_VS_IL4_TREATED_ACT_CD4_TCELL_6H_DN,GSE2770_IL12_VS_IL4_TREATED_ACT_CD4_TCELL_6H_DN]
[GSE32986_UNSTIM_VS_CURDLAN_LOWDOSE_STIM_DC_DN,GSE32986_UNSTIM_VS_CURDLAN_LOWDOSE_STIM_DC_DN] was killed by [GSE9006_TYPE_1_DIABETES_AT_DX_VS_1MONTH_POST_DX_PBMC_UP,GSE9006_TYPE_1_DIABETES_AT_DX_VS_1MONTH_POST_DX_PBMC_UP]
[GSE41867_DAY6_VS_DAY15_LCMV_ARMSTRONG_EFFECTOR_CD8_TCELL_DN,GSE41867_DAY6_VS_DAY15_LCMV_ARMSTRONG_EFFECTOR_CD8_TCELL_DN] was killed by [GSE9006_TYPE_1_DIABETES_AT_DX_VS_1MONTH_POST_DX_PBMC_UP,GSE9006_TYPE_1_DIABETES_AT_DX_VS_1MONTH_POST_DX_PBMC_UP]
[GSE13485_CTRL_VS_DAY21_YF17D_VACCINE_PBMC_UP,GSE13485_CTRL_VS_DAY21_YF17D_VACCINE_PBMC_UP] was killed by [GSE2770_IL12_VS_IL4_TREATED_ACT_CD4_TCELL_6H_DN,GSE2770_IL12_VS_IL4_TREATED_ACT_CD4_TCELL_6H_DN]
[GSE27859_DC_VS_CD11C_INT_F480_INT_DC_DN,GSE27859_DC_VS_CD11C_INT_F480_INT_DC_DN] was killed by [GSE7568_IL4_VS_IL4_AND_TGFB_TREATED_MACROPHAGE_24H_DN,GSE7568_IL4_VS_IL4_AND_TGFB_TREATED_MACROPHAGE_24H_DN]
[GSE17721_CTRL_VS_CPG_6H_BMDC_DN,GSE17721_CTRL_VS_CPG_6H_BMDC_DN] was killed by [GSE21670_UNTREATED_VS_TGFB_TREATED_CD4_TCELL_DN,GSE21670_UNTREATED_VS_TGFB_TREATED_CD4_TCELL_DN]
[GSE3039_ALPHABETA_CD8_TCELL_VS_B2_BCELL_DN,GSE3039_ALPHABETA_CD8_TCELL_VS_B2_BCELL_DN] was killed by [GSE41867_LCMV_ARMSTRONG_VS_CLONE13_DAY6_EFFECTOR_CD8_TCELL_DN,GSE41867_LCMV_ARMSTRONG_VS_CLONE13_DAY6_EFFECTOR_CD8_TCELL_DN]
[GSE22601_IMMATURE_CD4_SINGLE_POSITIVE_VS_DOUBLE_POSITIVE_THYMOCYTE_DN,GSE22601_IMMATURE_CD4_SINGLE_POSITIVE_VS_DOUBLE_POSITIVE_THYMOCYTE_DN] was killed by [GSE36009_WT_VS_NLRP10_KO_DC_DN,GSE36009_WT_VS_NLRP10_KO_DC_DN]
[GSE9960_GRAM_NEG_VS_GRAM_NEG_AND_POS_SEPSIS_PBMC_UP,GSE9960_GRAM_NEG_VS_GRAM_NEG_AND_POS_SEPSIS_PBMC_UP] was killed by [GSE21670_UNTREATED_VS_TGFB_TREATED_CD4_TCELL_DN,GSE21670_UNTREATED_VS_TGFB_TREATED_CD4_TCELL_DN]
[GSE9988_ANTI_TREM1_AND_LPS_VS_CTRL_TREATED_MONOCYTES_DN,GSE9988_ANTI_TREM1_AND_LPS_VS_CTRL_TREATED_MONOCYTES_DN] was killed by [GSE45365_WT_VS_IFNAR_KO_CD8A_DC_UP,GSE45365_WT_VS_IFNAR_KO_CD8A_DC_UP]
[GSE46606_UNSTIM_VS_CD40L_IL2_IL5_3DAY_STIMULATED_IRF4_KO_BCELL_DN,GSE46606_UNSTIM_VS_CD40L_IL2_IL5_3DAY_STIMULATED_IRF4_KO_BCELL_DN] was killed by [GSE13485_DAY7_VS_DAY21_YF17D_VACCINE_PBMC_UP,GSE13485_DAY7_VS_DAY21_YF17D_VACCINE_PBMC_UP]
[GSE5099_UNSTIM_VS_MCSF_TREATED_MONOCYTE_DAY7_UP,GSE5099_UNSTIM_VS_MCSF_TREATED_MONOCYTE_DAY7_UP] was killed by [GSE2770_UNTREATED_VS_IL12_TREATED_ACT_CD4_TCELL_48H_DN,GSE2770_UNTREATED_VS_IL12_TREATED_ACT_CD4_TCELL_48H_DN]
[GSE5589_IL6_KO_VS_IL10_KO_LPS_STIM_MACROPHAGE_180MIN_DN,GSE5589_IL6_KO_VS_IL10_KO_LPS_STIM_MACROPHAGE_180MIN_DN] was killed by [GSE45365_WT_VS_IFNAR_KO_CD8A_DC_UP,GSE45365_WT_VS_IFNAR_KO_CD8A_DC_UP]
[GSE22886_IGM_MEMORY_BCELL_VS_BM_PLASMA_CELL_UP,GSE22886_IGM_MEMORY_BCELL_VS_BM_PLASMA_CELL_UP] was killed by [GSE45365_WT_VS_IFNAR_KO_CD8A_DC_UP,GSE45365_WT_VS_IFNAR_KO_CD8A_DC_UP]
[GSE45365_NK_CELL_VS_CD8A_DC_UP,GSE45365_NK_CELL_VS_CD8A_DC_UP] was killed by [GSE2770_IL12_VS_IL4_TREATED_ACT_CD4_TCELL_6H_DN,GSE2770_IL12_VS_IL4_TREATED_ACT_CD4_TCELL_6H_DN]
[GSE19888_ADENOSINE_A3R_INH_PRETREAT_AND_ACT_BY_A3R_VS_A3R_INH_AND_TCELL_MEMBRANES_ACT_MAST_CELL_UP,GSE19888_ADENOSINE_A3R_INH_PRETREAT_AND_ACT_BY_A3R_VS_A3R_INH_AND_TCELL_MEMBRANES_ACT_MAST_CELL_UP] was killed by [GSE10240_IL22_VS_IL17_STIM_PRIMARY_BRONCHIAL_EPITHELIAL_CELLS_UP,GSE10240_IL22_VS_IL17_STIM_PRIMARY_BRONCHIAL_EPITHELIAL_CELLS_UP]
[GSE43863_TH1_VS_LY6C_LOW_CXCR5NEG_EFFECTOR_CD4_TCELL_UP,GSE43863_TH1_VS_LY6C_LOW_CXCR5NEG_EFFECTOR_CD4_TCELL_UP] was killed by [GSE7568_IL4_VS_IL4_AND_TGFB_TREATED_MACROPHAGE_24H_DN,GSE7568_IL4_VS_IL4_AND_TGFB_TREATED_MACROPHAGE_24H_DN]
[GSE3982_EOSINOPHIL_VS_NKCELL_DN,GSE3982_EOSINOPHIL_VS_NKCELL_DN] was killed by [GSE36476_CTRL_VS_TSST_ACT_72H_MEMORY_CD4_TCELL_OLD_DN,GSE36476_CTRL_VS_TSST_ACT_72H_MEMORY_CD4_TCELL_OLD_DN]
[GSE21063_CTRL_VS_ANTI_IGM_STIM_BCELL_NFATC1_KO_3H_DN,GSE21063_CTRL_VS_ANTI_IGM_STIM_BCELL_NFATC1_KO_3H_DN] was killed by [GSE2770_IL12_VS_IL4_TREATED_ACT_CD4_TCELL_6H_DN,GSE2770_IL12_VS_IL4_TREATED_ACT_CD4_TCELL_6H_DN]
[GSE28737_FOLLICULAR_VS_MARGINAL_ZONE_BCELL_UP,GSE28737_FOLLICULAR_VS_MARGINAL_ZONE_BCELL_UP] was killed by [GSE7568_IL4_VS_IL4_AND_TGFB_TREATED_MACROPHAGE_24H_DN,GSE7568_IL4_VS_IL4_AND_TGFB_TREATED_MACROPHAGE_24H_DN]
[GSE43955_1H_VS_42H_ACT_CD4_TCELL_WITH_TGFB_IL6_DN,GSE43955_1H_VS_42H_ACT_CD4_TCELL_WITH_TGFB_IL6_DN] was killed by [GSE17721_POLYIC_VS_CPG_4H_BMDC_UP,GSE17721_POLYIC_VS_CPG_4H_BMDC_UP]
[HOEK_B_CELL_2011_2012_TIV_ADULT_3DY_UP,HOEK_B_CELL_2011_2012_TIV_ADULT_3DY_UP] was killed by [GSE36476_CTRL_VS_TSST_ACT_72H_MEMORY_CD4_TCELL_OLD_DN,GSE36476_CTRL_VS_TSST_ACT_72H_MEMORY_CD4_TCELL_OLD_DN]
[GSE360_DC_VS_MAC_T_GONDII_DN,GSE360_DC_VS_MAC_T_GONDII_DN] was killed by [GSE360_T_GONDII_VS_B_MALAYI_HIGH_DOSE_MAC_DN,GSE360_T_GONDII_VS_B_MALAYI_HIGH_DOSE_MAC_DN]
[GSE41867_NAIVE_VS_DAY6_LCMV_ARMSTRONG_EFFECTOR_CD8_TCELL_DN,GSE41867_NAIVE_VS_DAY6_LCMV_ARMSTRONG_EFFECTOR_CD8_TCELL_DN] was killed by [GSE13485_DAY7_VS_DAY21_YF17D_VACCINE_PBMC_UP,GSE13485_DAY7_VS_DAY21_YF17D_VACCINE_PBMC_UP]
[GSE2706_2H_VS_8H_R848_STIM_DC_DN,GSE2706_2H_VS_8H_R848_STIM_DC_DN] was killed by [GSE13485_DAY7_VS_DAY21_YF17D_VACCINE_PBMC_UP,GSE13485_DAY7_VS_DAY21_YF17D_VACCINE_PBMC_UP]
[GSE7509_DC_VS_MONOCYTE_WITH_FCGRIIB_STIM_DN,GSE7509_DC_VS_MONOCYTE_WITH_FCGRIIB_STIM_DN] was killed by [GSE9006_TYPE_1_DIABETES_AT_DX_VS_1MONTH_POST_DX_PBMC_UP,GSE9006_TYPE_1_DIABETES_AT_DX_VS_1MONTH_POST_DX_PBMC_UP]
[GSE2706_UNSTIM_VS_2H_R848_DC_UP,GSE2706_UNSTIM_VS_2H_R848_DC_UP] was killed by [GSE45365_WT_VS_IFNAR_KO_CD8A_DC_UP,GSE45365_WT_VS_IFNAR_KO_CD8A_DC_UP]
[GSE360_T_GONDII_VS_B_MALAYI_HIGH_DOSE_DC_DN,GSE360_T_GONDII_VS_B_MALAYI_HIGH_DOSE_DC_DN] was killed by [GSE360_T_GONDII_VS_B_MALAYI_HIGH_DOSE_MAC_DN,GSE360_T_GONDII_VS_B_MALAYI_HIGH_DOSE_MAC_DN]
[GSE44649_WT_VS_MIR155_KO_ACTIVATED_CD8_TCELL_UP,GSE44649_WT_VS_MIR155_KO_ACTIVATED_CD8_TCELL_UP] was killed by [GSE21670_UNTREATED_VS_TGFB_TREATED_CD4_TCELL_DN,GSE21670_UNTREATED_VS_TGFB_TREATED_CD4_TCELL_DN]
[GSE21063_WT_VS_NFATC1_KO_BCELL_DN,GSE21063_WT_VS_NFATC1_KO_BCELL_DN] was killed by [GSE36476_CTRL_VS_TSST_ACT_72H_MEMORY_CD4_TCELL_OLD_DN,GSE36476_CTRL_VS_TSST_ACT_72H_MEMORY_CD4_TCELL_OLD_DN]
[GSE32901_NAIVE_VS_TH17_NEG_CD4_TCELL_UP,GSE32901_NAIVE_VS_TH17_NEG_CD4_TCELL_UP] was killed by [GSE36476_CTRL_VS_TSST_ACT_72H_MEMORY_CD4_TCELL_OLD_DN,GSE36476_CTRL_VS_TSST_ACT_72H_MEMORY_CD4_TCELL_OLD_DN]
[GSE22886_NAIVE_CD8_TCELL_VS_MEMORY_TCELL_UP,GSE22886_NAIVE_CD8_TCELL_VS_MEMORY_TCELL_UP] was killed by [GSE3920_IFNB_VS_IFNG_TREATED_ENDOTHELIAL_CELL_DN,GSE3920_IFNB_VS_IFNG_TREATED_ENDOTHELIAL_CELL_DN]
[GSE9006_HEALTHY_VS_TYPE_1_DIABETES_PBMC_1MONTH_POST_DX_UP,GSE9006_HEALTHY_VS_TYPE_1_DIABETES_PBMC_1MONTH_POST_DX_UP] was killed by [GSE17721_LPS_VS_GARDIQUIMOD_1H_BMDC_DN,GSE17721_LPS_VS_GARDIQUIMOD_1H_BMDC_DN]
[GSE26912_TUMORICIDAL_VS_CTRL_MACROPHAGE_DN,GSE26912_TUMORICIDAL_VS_CTRL_MACROPHAGE_DN] was killed by [GSE2770_IL12_VS_IL4_TREATED_ACT_CD4_TCELL_6H_DN,GSE2770_IL12_VS_IL4_TREATED_ACT_CD4_TCELL_6H_DN]
[GSE32164_ALTERNATIVELY_ACT_M2_VS_CMYC_INHIBITED_MACROPHAGE_DN,GSE32164_ALTERNATIVELY_ACT_M2_VS_CMYC_INHIBITED_MACROPHAGE_DN] was killed by [GSE9006_TYPE_1_DIABETES_AT_DX_VS_1MONTH_POST_DX_PBMC_UP,GSE9006_TYPE_1_DIABETES_AT_DX_VS_1MONTH_POST_DX_PBMC_UP]
[GSE3039_NKT_CELL_VS_B1_BCELL_DN,GSE3039_NKT_CELL_VS_B1_BCELL_DN] was killed by [GSE36476_CTRL_VS_TSST_ACT_72H_MEMORY_CD4_TCELL_OLD_DN,GSE36476_CTRL_VS_TSST_ACT_72H_MEMORY_CD4_TCELL_OLD_DN]
[GSE15930_STIM_VS_STIM_AND_TRICHOSTATINA_72H_CD8_T_CELL_UP,GSE15930_STIM_VS_STIM_AND_TRICHOSTATINA_72H_CD8_T_CELL_UP] was killed by [GSE13738_RESTING_VS_TCR_ACTIVATED_CD4_TCELL_DN,GSE13738_RESTING_VS_TCR_ACTIVATED_CD4_TCELL_DN]
[GSE360_T_GONDII_VS_M_TUBERCULOSIS_DC_DN,GSE360_T_GONDII_VS_M_TUBERCULOSIS_DC_DN] was killed by [GSE13485_DAY7_VS_DAY21_YF17D_VACCINE_PBMC_UP,GSE13485_DAY7_VS_DAY21_YF17D_VACCINE_PBMC_UP]
[GSE37336_LY6C_POS_VS_NEG_NAIVE_CD4_TCELL_DN,GSE37336_LY6C_POS_VS_NEG_NAIVE_CD4_TCELL_DN] was killed by [GSE3982_BCELL_VS_NKCELL_DN,GSE3982_BCELL_VS_NKCELL_DN]
[GSE17974_IL4_AND_ANTI_IL12_VS_UNTREATED_24H_ACT_CD4_TCELL_DN,GSE17974_IL4_AND_ANTI_IL12_VS_UNTREATED_24H_ACT_CD4_TCELL_DN] was killed by [GSE13485_DAY7_VS_DAY21_YF17D_VACCINE_PBMC_UP,GSE13485_DAY7_VS_DAY21_YF17D_VACCINE_PBMC_UP]
[GSE13547_WT_VS_ZFX_KO_BCELL_ANTI_IGM_STIM_2H_UP,GSE13547_WT_VS_ZFX_KO_BCELL_ANTI_IGM_STIM_2H_UP] was killed by [GSE7568_IL4_VS_IL4_AND_TGFB_TREATED_MACROPHAGE_24H_DN,GSE7568_IL4_VS_IL4_AND_TGFB_TREATED_MACROPHAGE_24H_DN]
[GSE22886_CD4_TCELL_VS_BCELL_NAIVE_UP,GSE22886_CD4_TCELL_VS_BCELL_NAIVE_UP] was killed by [SCHERER_PBMC_APSV_WETVAX_AGE_18_32YO_2_TO_4DY_DN,SCHERER_PBMC_APSV_WETVAX_AGE_18_32YO_2_TO_4DY_DN]
[GSE21033_3H_VS_24H_POLYIC_STIM_DC_DN,GSE21033_3H_VS_24H_POLYIC_STIM_DC_DN] was killed by [GSE7568_IL4_VS_IL4_AND_TGFB_TREATED_MACROPHAGE_24H_DN,GSE7568_IL4_VS_IL4_AND_TGFB_TREATED_MACROPHAGE_24H_DN]
[GSE17721_0.5H_VS_8H_CPG_BMDC_UP,GSE17721_0.5H_VS_8H_CPG_BMDC_UP] was killed by [GSE17721_LPS_VS_GARDIQUIMOD_1H_BMDC_DN,GSE17721_LPS_VS_GARDIQUIMOD_1H_BMDC_DN]
[GSE14308_TH17_VS_NAIVE_CD4_TCELL_UP,GSE14308_TH17_VS_NAIVE_CD4_TCELL_UP] was killed by [GSE17721_LPS_VS_GARDIQUIMOD_1H_BMDC_DN,GSE17721_LPS_VS_GARDIQUIMOD_1H_BMDC_DN]
[GSE23114_WT_VS_SLE2C1_MOUSE_SPLEEN_B1A_BCELL_DN,GSE23114_WT_VS_SLE2C1_MOUSE_SPLEEN_B1A_BCELL_DN] was killed by [GSE9006_TYPE_1_DIABETES_AT_DX_VS_1MONTH_POST_DX_PBMC_UP,GSE9006_TYPE_1_DIABETES_AT_DX_VS_1MONTH_POST_DX_PBMC_UP]
[GSE5542_IFNG_VS_IFNA_TREATED_EPITHELIAL_CELLS_24H_UP,GSE5542_IFNG_VS_IFNA_TREATED_EPITHELIAL_CELLS_24H_UP] was killed by [GSE2770_IL12_VS_IL4_TREATED_ACT_CD4_TCELL_6H_DN,GSE2770_IL12_VS_IL4_TREATED_ACT_CD4_TCELL_6H_DN]
[GSE28726_NAIVE_VS_ACTIVATED_CD4_TCELL_UP,GSE28726_NAIVE_VS_ACTIVATED_CD4_TCELL_UP] was killed by [GSE21670_UNTREATED_VS_TGFB_TREATED_CD4_TCELL_DN,GSE21670_UNTREATED_VS_TGFB_TREATED_CD4_TCELL_DN]
