[GGCNKCCATNK_UNKNOWN,GGCNKCCATNK_UNKNOWN] was killed by [TMTCGCGANR_UNKNOWN,TMTCGCGANR_UNKNOWN]
[PBX1_02,PBX1_02] was killed by [SGCGSSAAA_E2F1DP2_01,SGCGSSAAA_E2F1DP2_01]
[AAGWWRNYGGC_UNKNOWN,AAGWWRNYGGC_UNKNOWN] was killed by [SGCGSSAAA_E2F1DP2_01,SGCGSSAAA_E2F1DP2_01]
[KCCGNSWTTT_UNKNOWN,KCCGNSWTTT_UNKNOWN] was killed by [TMTCGCGANR_UNKNOWN,TMTCGCGANR_UNKNOWN]
[CDP_02,CDP_02] was killed by [GATA_Q6,GATA_Q6]
[ARGGGTTAA_UNKNOWN,ARGGGTTAA_UNKNOWN] was killed by [GATA_Q6,GATA_Q6]
[NRSF_01,NRSF_01] was killed by [POU3F2_01,POU3F2_01]
[EVI1_01,EVI1_01] was killed by [GATA_Q6,GATA_Q6]
[RRCCGTTA_UNKNOWN,RRCCGTTA_UNKNOWN] was killed by [SGCGSSAAA_E2F1DP2_01,SGCGSSAAA_E2F1DP2_01]
[MSX1_01,MSX1_01] was killed by [GATA_Q6,GATA_Q6]
[E2F_Q2,E2F_Q2] was killed by [GATA_Q6,GATA_Q6]
[PAX5_01,PAX5_01] was killed by [SGCGSSAAA_E2F1DP2_01,SGCGSSAAA_E2F1DP2_01]
[CDP_01,CDP_01] was killed by [POU3F2_01,POU3F2_01]
[CRGAARNNNNCGA_UNKNOWN,CRGAARNNNNCGA_UNKNOWN] was killed by [SREBP1_01,SREBP1_01]
[GATGKMRGCG_UNKNOWN,GATGKMRGCG_UNKNOWN] was killed by [KMCATNNWGGA_UNKNOWN,KMCATNNWGGA_UNKNOWN]
[TAANNYSGCG_UNKNOWN,TAANNYSGCG_UNKNOWN] was killed by [TMTCGCGANR_UNKNOWN,TMTCGCGANR_UNKNOWN]
[CGTSACG_PAX3_B,CGTSACG_PAX3_B] was killed by [SREBP1_01,SREBP1_01]
[MYC_Q2,MYC_Q2] was killed by [SREBP1_01,SREBP1_01]
[EVI1_05,EVI1_05] was killed by [GATA_Q6,GATA_Q6]
[CCGNMNNTNACG_UNKNOWN,CCGNMNNTNACG_UNKNOWN] was killed by [GCGNNANTTCC_UNKNOWN,GCGNNANTTCC_UNKNOWN]
[YNTTTNNNANGCARM_UNKNOWN,YNTTTNNNANGCARM_UNKNOWN] was killed by [POU3F2_01,POU3F2_01]
[GCGSCMNTTT_UNKNOWN,GCGSCMNTTT_UNKNOWN] was killed by [SGCGSSAAA_E2F1DP2_01,SGCGSSAAA_E2F1DP2_01]
[GGCNRNWCTTYS_UNKNOWN,GGCNRNWCTTYS_UNKNOWN] was killed by [GCGNNANTTCC_UNKNOWN,GCGNNANTTCC_UNKNOWN]
[AAANWWTGC_UNKNOWN,AAANWWTGC_UNKNOWN] was killed by [GATA_Q6,GATA_Q6]
[COMP1_01,COMP1_01] was killed by [GATA_Q6,GATA_Q6]
[AHRARNT_02,AHRARNT_02] was killed by [SREBP1_01,SREBP1_01]
[FREAC4_01,FREAC4_01] was killed by [SGCGSSAAA_E2F1DP2_01,SGCGSSAAA_E2F1DP2_01]
[MIF1_01,MIF1_01] was killed by [GCGNNANTTCC_UNKNOWN,GCGNNANTTCC_UNKNOWN]
[TAAWWATAG_RSRFC4_Q2,TAAWWATAG_RSRFC4_Q2] was killed by [GATA_Q6,GATA_Q6]
[NKX25_01,NKX25_01] was killed by [GATA_Q6,GATA_Q6]
[STAT3_02,STAT3_02] was killed by [YGCANTGCR_UNKNOWN,YGCANTGCR_UNKNOWN]
[HFH3_01,HFH3_01] was killed by [GATA_Q6,GATA_Q6]
[GCCNNNWTAAR_UNKNOWN,GCCNNNWTAAR_UNKNOWN] was killed by [GATA_Q6,GATA_Q6]
[YAATNRNNNYNATT_UNKNOWN,YAATNRNNNYNATT_UNKNOWN] was killed by [GATA_Q6,GATA_Q6]
[TAAYNRNNTCC_UNKNOWN,TAAYNRNNTCC_UNKNOWN] was killed by [GATA_Q6,GATA_Q6]
[EVI1_03,EVI1_03] was killed by [GATA_Q6,GATA_Q6]
[TTANWNANTGGM_UNKNOWN,TTANWNANTGGM_UNKNOWN] was killed by [GATA_Q6,GATA_Q6]
[PAX6_01,PAX6_01] was killed by [GATA_Q6,GATA_Q6]
[ATGGYGGA_UNKNOWN,ATGGYGGA_UNKNOWN] was killed by [SGCGSSAAA_E2F1DP2_01,SGCGSSAAA_E2F1DP2_01]
[AACWWCAANK_UNKNOWN,AACWWCAANK_UNKNOWN] was killed by [TMTCGCGANR_UNKNOWN,TMTCGCGANR_UNKNOWN]
[ACAWNRNSRCGG_UNKNOWN,ACAWNRNSRCGG_UNKNOWN] was killed by [SGCGSSAAA_E2F1DP2_01,SGCGSSAAA_E2F1DP2_01]
[PR_01,PR_01] was killed by [GATA_Q6,GATA_Q6]
[MEIS1BHOXA9_01,MEIS1BHOXA9_01] was killed by [GATA_Q6,GATA_Q6]
[AR_03,AR_03] was killed by [YGCANTGCR_UNKNOWN,YGCANTGCR_UNKNOWN]
[STTTCRNTTT_IRF_Q6,STTTCRNTTT_IRF_Q6] was killed by [POU3F2_01,POU3F2_01]
[CCAWNWWNNNGGC_UNKNOWN,CCAWNWWNNNGGC_UNKNOWN] was killed by [TMTCGCGANR_UNKNOWN,TMTCGCGANR_UNKNOWN]
[AGCYRWTTC_UNKNOWN,AGCYRWTTC_UNKNOWN] was killed by [SREBP1_01,SREBP1_01]
[EGR3_01,EGR3_01] was killed by [GCGNNANTTCC_UNKNOWN,GCGNNANTTCC_UNKNOWN]
[GGCNNMSMYNTTG_UNKNOWN,GGCNNMSMYNTTG_UNKNOWN] was killed by [KMCATNNWGGA_UNKNOWN,KMCATNNWGGA_UNKNOWN]
[HMEF2_Q6,HMEF2_Q6] was killed by [KMCATNNWGGA_UNKNOWN,KMCATNNWGGA_UNKNOWN]
[CCAATNNSNNNGCG_UNKNOWN,CCAATNNSNNNGCG_UNKNOWN] was killed by [SGCGSSAAA_E2F1DP2_01,SGCGSSAAA_E2F1DP2_01]
[TTGCWCAAY_CEBPB_02,TTGCWCAAY_CEBPB_02] was killed by [POU3F2_01,POU3F2_01]
[FXR_Q3,FXR_Q3] was killed by [TMTCGCGANR_UNKNOWN,TMTCGCGANR_UNKNOWN]
[NKX22_01,NKX22_01] was killed by [TMTCGCGANR_UNKNOWN,TMTCGCGANR_UNKNOWN]
[RYTAAWNNNTGAY_UNKNOWN,RYTAAWNNNTGAY_UNKNOWN] was killed by [GATA_Q6,GATA_Q6]
[LXR_Q3,LXR_Q3] was killed by [SGCGSSAAA_E2F1DP2_01,SGCGSSAAA_E2F1DP2_01]
[MEF2_01,MEF2_01] was killed by [GCGNNANTTCC_UNKNOWN,GCGNNANTTCC_UNKNOWN]
[HNF3_Q6,HNF3_Q6] was killed by [GGAANCGGAANY_UNKNOWN,GGAANCGGAANY_UNKNOWN]
[AHRARNT_01,AHRARNT_01] was killed by [GATA_Q6,GATA_Q6]
[PAX8_B,PAX8_B] was killed by [SREBP1_01,SREBP1_01]
[HOX13_01,HOX13_01] was killed by [POU3F2_01,POU3F2_01]
[ROAZ_01,ROAZ_01] was killed by [SREBP1_01,SREBP1_01]
