[GNF2_CCNA2,GNF2_CCNA2] was killed by [GNF2_BUB1B,GNF2_BUB1B]
[GNF2_EIF3S6,GNF2_EIF3S6] was killed by [GNF2_ST13,GNF2_ST13]
[GNF2_MCM4,GNF2_MCM4] was killed by [GNF2_BUB1B,GNF2_BUB1B]
[GNF2_RFC3,GNF2_RFC3] was killed by [GNF2_BUB1B,GNF2_BUB1B]
[GNF2_DAP3,GNF2_DAP3] was killed by [GNF2_ST13,GNF2_ST13]
[GNF2_CDC2,GNF2_CDC2] was killed by [GNF2_BUB1B,GNF2_BUB1B]
[GNF2_FBL,GNF2_FBL] was killed by [GNF2_ST13,GNF2_ST13]
[GNF2_TPT1,GNF2_TPT1] was killed by [GNF2_ST13,GNF2_ST13]
[MORF_TPT1,MORF_TPT1] was killed by [GNF2_ST13,GNF2_ST13]
[GNF2_RRM1,GNF2_RRM1] was killed by [GNF2_BUB1B,GNF2_BUB1B]
[GNF2_CENPF,GNF2_CENPF] was killed by [GNF2_BUB1B,GNF2_BUB1B]
[GNF2_CCNB2,GNF2_CCNB2] was killed by [GNF2_BUB1B,GNF2_BUB1B]
[GNF2_CKS2,GNF2_CKS2] was killed by [GNF2_BUB1B,GNF2_BUB1B]
[GNF2_RRM2,GNF2_RRM2] was killed by [GNF2_BUB1B,GNF2_BUB1B]
[GNF2_CDC20,GNF2_CDC20] was killed by [GNF2_BUB1B,GNF2_BUB1B]
[GCM_TPT1,GCM_TPT1] was killed by [GNF2_ST13,GNF2_ST13]
[GNF2_RAN,GNF2_RAN] was killed by [GNF2_BUB1B,GNF2_BUB1B]
[MORF_PAPSS1,MORF_PAPSS1] was killed by [GNF2_ST13,GNF2_ST13]
[GNF2_HMMR,GNF2_HMMR] was killed by [GNF2_BUB1B,GNF2_BUB1B]
[GNF2_PCNA,GNF2_PCNA] was killed by [GNF2_BUB1B,GNF2_BUB1B]
