[HP_PROPORTIONATE_SHORT_STATURE,HP_PROPORTIONATE_SHORT_STATURE] was killed by [HP_CONTRACTURES_OF_THE_JOINTS_OF_THE_LOWER_LIMBS,HP_CONTRACTURES_OF_THE_JOINTS_OF_THE_LOWER_LIMBS]
[GOBP_PHOSPHATIDYLINOSITOL_METABOLIC_PROCESS,GOBP_PHOSPHATIDYLINOSITOL_METABOLIC_PROCESS] was killed by [GOBP_LIPID_PHOSPHORYLATION,GOBP_LIPID_PHOSPHORYLATION]
[GOMF_POLY_PYRIMIDINE_TRACT_BINDING,GOMF_POLY_PYRIMIDINE_TRACT_BINDING] was killed by [GOBP_NEGATIVE_REGULATION_OF_MRNA_METABOLIC_PROCESS,GOBP_NEGATIVE_REGULATION_OF_MRNA_METABOLIC_PROCESS]
[GOBP_PHOSPHATIDYLINOSITOL_PHOSPHORYLATION,GOBP_PHOSPHATIDYLINOSITOL_PHOSPHORYLATION] was killed by [GOBP_LIPID_PHOSPHORYLATION,GOBP_LIPID_PHOSPHORYLATION]
[HP_CHRONIC_CONSTIPATION,HP_CHRONIC_CONSTIPATION] was killed by [HP_DEEPLY_SET_EYE,HP_DEEPLY_SET_EYE]
[HP_ANKLE_FLEXION_CONTRACTURE,HP_ANKLE_FLEXION_CONTRACTURE] was killed by [HP_CONTRACTURES_OF_THE_JOINTS_OF_THE_LOWER_LIMBS,HP_CONTRACTURES_OF_THE_JOINTS_OF_THE_LOWER_LIMBS]
[HP_ABNORMAL_CIRCULATING_CHOLESTEROL_CONCENTRATION,HP_ABNORMAL_CIRCULATING_CHOLESTEROL_CONCENTRATION] was killed by [HP_DEEPLY_SET_EYE,HP_DEEPLY_SET_EYE]
[HP_KYPHOSCOLIOSIS,HP_KYPHOSCOLIOSIS] was killed by [HP_CONTRACTURES_OF_THE_JOINTS_OF_THE_LOWER_LIMBS,HP_CONTRACTURES_OF_THE_JOINTS_OF_THE_LOWER_LIMBS]
[GOBP_NEGATIVE_REGULATION_OF_AUTOPHAGY,GOBP_NEGATIVE_REGULATION_OF_AUTOPHAGY] was killed by [GOBP_LIPID_PHOSPHORYLATION,GOBP_LIPID_PHOSPHORYLATION]
[GOBP_PROTEIN_N_LINKED_GLYCOSYLATION,GOBP_PROTEIN_N_LINKED_GLYCOSYLATION] was killed by [HP_CONTRACTURES_OF_THE_JOINTS_OF_THE_LOWER_LIMBS,HP_CONTRACTURES_OF_THE_JOINTS_OF_THE_LOWER_LIMBS]
[HP_COARCTATION_OF_AORTA,HP_COARCTATION_OF_AORTA] was killed by [HP_DEEPLY_SET_EYE,HP_DEEPLY_SET_EYE]
[HP_IRREGULAR_HYPERPIGMENTATION,HP_IRREGULAR_HYPERPIGMENTATION] was killed by [HP_MELANOCYTIC_NEVUS,HP_MELANOCYTIC_NEVUS]
[GOBP_NEGATIVE_REGULATION_OF_TRANSMEMBRANE_RECEPTOR_PROTEIN_SERINE_THREONINE_KINASE_SIGNALING_PATHWAY,GOBP_NEGATIVE_REGULATION_OF_TRANSMEMBRANE_RECEPTOR_PROTEIN_SERINE_THREONINE_KINASE_SIGNALING_PATHWAY] was killed by [GOBP_CHONDROCYTE_DIFFERENTIATION,GOBP_CHONDROCYTE_DIFFERENTIATION]
[GOBP_NEGATIVE_REGULATION_OF_MRNA_CATABOLIC_PROCESS,GOBP_NEGATIVE_REGULATION_OF_MRNA_CATABOLIC_PROCESS] was killed by [GOBP_NEGATIVE_REGULATION_OF_MRNA_METABOLIC_PROCESS,GOBP_NEGATIVE_REGULATION_OF_MRNA_METABOLIC_PROCESS]
[HP_SMALL_HAND,HP_SMALL_HAND] was killed by [HP_CONTRACTURES_OF_THE_JOINTS_OF_THE_LOWER_LIMBS,HP_CONTRACTURES_OF_THE_JOINTS_OF_THE_LOWER_LIMBS]
[HP_NEOPLASM_OF_THE_RESPIRATORY_SYSTEM,HP_NEOPLASM_OF_THE_RESPIRATORY_SYSTEM] was killed by [HP_CONTRACTURES_OF_THE_JOINTS_OF_THE_LOWER_LIMBS,HP_CONTRACTURES_OF_THE_JOINTS_OF_THE_LOWER_LIMBS]
[HP_MANDIBULAR_PROGNATHIA,HP_MANDIBULAR_PROGNATHIA] was killed by [HP_CONTRACTURES_OF_THE_JOINTS_OF_THE_LOWER_LIMBS,HP_CONTRACTURES_OF_THE_JOINTS_OF_THE_LOWER_LIMBS]
[HP_HYPOPLASIA_OF_DENTAL_ENAMEL,HP_HYPOPLASIA_OF_DENTAL_ENAMEL] was killed by [GOBP_LIPID_PHOSPHORYLATION,GOBP_LIPID_PHOSPHORYLATION]
[HP_ABNORMAL_OVARIAN_MORPHOLOGY,HP_ABNORMAL_OVARIAN_MORPHOLOGY] was killed by [HP_MELANOCYTIC_NEVUS,HP_MELANOCYTIC_NEVUS]
[GOBP_NEGATIVE_REGULATION_OF_RNA_CATABOLIC_PROCESS,GOBP_NEGATIVE_REGULATION_OF_RNA_CATABOLIC_PROCESS] was killed by [GOBP_NEGATIVE_REGULATION_OF_MRNA_METABOLIC_PROCESS,GOBP_NEGATIVE_REGULATION_OF_MRNA_METABOLIC_PROCESS]
[HP_MORPHOLOGICAL_ABNORMALITY_OF_THE_INNER_EAR,HP_MORPHOLOGICAL_ABNORMALITY_OF_THE_INNER_EAR] was killed by [HP_MELANOCYTIC_NEVUS,HP_MELANOCYTIC_NEVUS]
[GOBP_POSITIVE_REGULATION_OF_AUTOPHAGY,GOBP_POSITIVE_REGULATION_OF_AUTOPHAGY] was killed by [GOBP_LIPID_PHOSPHORYLATION,GOBP_LIPID_PHOSPHORYLATION]
[HP_UPPER_EXTREMITY_JOINT_DISLOCATION,HP_UPPER_EXTREMITY_JOINT_DISLOCATION] was killed by [HP_CONTRACTURES_OF_THE_JOINTS_OF_THE_LOWER_LIMBS,HP_CONTRACTURES_OF_THE_JOINTS_OF_THE_LOWER_LIMBS]
[HP_SHORT_FOOT,HP_SHORT_FOOT] was killed by [HP_CONTRACTURES_OF_THE_JOINTS_OF_THE_LOWER_LIMBS,HP_CONTRACTURES_OF_THE_JOINTS_OF_THE_LOWER_LIMBS]
[GOBP_LEUKOCYTE_HOMEOSTASIS,GOBP_LEUKOCYTE_HOMEOSTASIS] was killed by [HP_MELANOCYTIC_NEVUS,HP_MELANOCYTIC_NEVUS]
[GOBP_NEGATIVE_REGULATION_OF_CHROMATIN_ORGANIZATION,GOBP_NEGATIVE_REGULATION_OF_CHROMATIN_ORGANIZATION] was killed by [HP_DEEPLY_SET_EYE,HP_DEEPLY_SET_EYE]
[HP_DYSPHONIA,HP_DYSPHONIA] was killed by [HP_BRADYKINESIA,HP_BRADYKINESIA]
[GOBP_PLATELET_ACTIVATION,GOBP_PLATELET_ACTIVATION] was killed by [GOBP_LIPID_PHOSPHORYLATION,GOBP_LIPID_PHOSPHORYLATION]
[HP_SEVERE_SHORT_STATURE,HP_SEVERE_SHORT_STATURE] was killed by [HP_CONTRACTURES_OF_THE_JOINTS_OF_THE_LOWER_LIMBS,HP_CONTRACTURES_OF_THE_JOINTS_OF_THE_LOWER_LIMBS]
[HP_ECTOPIC_KIDNEY,HP_ECTOPIC_KIDNEY] was killed by [HP_DEEPLY_SET_EYE,HP_DEEPLY_SET_EYE]
[GOBP_SKELETAL_MUSCLE_ORGAN_DEVELOPMENT,GOBP_SKELETAL_MUSCLE_ORGAN_DEVELOPMENT] was killed by [GOBP_CHONDROCYTE_DIFFERENTIATION,GOBP_CHONDROCYTE_DIFFERENTIATION]
[HP_HYPERLIPIDEMIA,HP_HYPERLIPIDEMIA] was killed by [HP_DEEPLY_SET_EYE,HP_DEEPLY_SET_EYE]
[GOBP_LYMPHOCYTE_HOMEOSTASIS,GOBP_LYMPHOCYTE_HOMEOSTASIS] was killed by [HP_MELANOCYTIC_NEVUS,HP_MELANOCYTIC_NEVUS]
[HP_DELAYED_PUBERTY,HP_DELAYED_PUBERTY] was killed by [HP_DEEPLY_SET_EYE,HP_DEEPLY_SET_EYE]
[HP_VENOUS_THROMBOSIS,HP_VENOUS_THROMBOSIS] was killed by [HP_MELANOCYTIC_NEVUS,HP_MELANOCYTIC_NEVUS]
[GOBP_NEGATIVE_REGULATION_OF_TRANSFORMING_GROWTH_FACTOR_BETA_RECEPTOR_SIGNALING_PATHWAY,GOBP_NEGATIVE_REGULATION_OF_TRANSFORMING_GROWTH_FACTOR_BETA_RECEPTOR_SIGNALING_PATHWAY] was killed by [GOBP_CHONDROCYTE_DIFFERENTIATION,GOBP_CHONDROCYTE_DIFFERENTIATION]
