[HP_ABNORMALITY_OF_FONTANELLES,HP_ABNORMALITY_OF_FONTANELLES] was killed by [HP_OLIGODONTIA,HP_OLIGODONTIA]
[HP_ABNORMALITY_OF_THE_ANTERIOR_FONTANELLE,HP_ABNORMALITY_OF_THE_ANTERIOR_FONTANELLE] was killed by [HP_OLIGODONTIA,HP_OLIGODONTIA]
[HP_DELAYED_CRANIAL_SUTURE_CLOSURE,HP_DELAYED_CRANIAL_SUTURE_CLOSURE] was killed by [HP_OLIGODONTIA,HP_OLIGODONTIA]
[GOBP_CARDIAC_MUSCLE_CELL_PROLIFERATION,GOBP_CARDIAC_MUSCLE_CELL_PROLIFERATION] was killed by [GOBP_ACTOMYOSIN_STRUCTURE_ORGANIZATION,GOBP_ACTOMYOSIN_STRUCTURE_ORGANIZATION]
[GOBP_COTRANSLATIONAL_PROTEIN_TARGETING_TO_MEMBRANE,GOBP_COTRANSLATIONAL_PROTEIN_TARGETING_TO_MEMBRANE] was killed by [GOCC_ROUGH_ENDOPLASMIC_RETICULUM,GOCC_ROUGH_ENDOPLASMIC_RETICULUM]
[GOBP_DNA_TEMPLATED_TRANSCRIPTION_TERMINATION,GOBP_DNA_TEMPLATED_TRANSCRIPTION_TERMINATION] was killed by [GOBP_SPLICEOSOMAL_COMPLEX_ASSEMBLY,GOBP_SPLICEOSOMAL_COMPLEX_ASSEMBLY]
[HP_ABNORMAL_LACTATE_DEHYDROGENASE_LEVEL,HP_ABNORMAL_LACTATE_DEHYDROGENASE_LEVEL] was killed by [HP_JAUNDICE,HP_JAUNDICE]
[GOBP_ESTABLISHMENT_OF_PROTEIN_LOCALIZATION_TO_ENDOPLASMIC_RETICULUM,GOBP_ESTABLISHMENT_OF_PROTEIN_LOCALIZATION_TO_ENDOPLASMIC_RETICULUM] was killed by [GOCC_ROUGH_ENDOPLASMIC_RETICULUM,GOCC_ROUGH_ENDOPLASMIC_RETICULUM]
[GOCC_SM_LIKE_PROTEIN_FAMILY_COMPLEX,GOCC_SM_LIKE_PROTEIN_FAMILY_COMPLEX] was killed by [GOBP_SPLICEOSOMAL_COMPLEX_ASSEMBLY,GOBP_SPLICEOSOMAL_COMPLEX_ASSEMBLY]
[GOBP_NEGATIVE_REGULATION_OF_UBIQUITIN_DEPENDENT_PROTEIN_CATABOLIC_PROCESS,GOBP_NEGATIVE_REGULATION_OF_UBIQUITIN_DEPENDENT_PROTEIN_CATABOLIC_PROCESS] was killed by [GOBP_NEGATIVE_REGULATION_OF_PROTEASOMAL_UBIQUITIN_DEPENDENT_PROTEIN_CATABOLIC_PROCESS,GOBP_NEGATIVE_REGULATION_OF_PROTEASOMAL_UBIQUITIN_DEPENDENT_PROTEIN_CATABOLIC_PROCESS]
[HP_NEOPLASM_OF_THE_LIVER,HP_NEOPLASM_OF_THE_LIVER] was killed by [HP_JAUNDICE,HP_JAUNDICE]
[GOMF_CYSTEINE_TYPE_PEPTIDASE_ACTIVITY,GOMF_CYSTEINE_TYPE_PEPTIDASE_ACTIVITY] was killed by [GOBP_NEGATIVE_REGULATION_OF_PROTEASOMAL_UBIQUITIN_DEPENDENT_PROTEIN_CATABOLIC_PROCESS,GOBP_NEGATIVE_REGULATION_OF_PROTEASOMAL_UBIQUITIN_DEPENDENT_PROTEIN_CATABOLIC_PROCESS]
[GOBP_ACTIN_FILAMENT_BUNDLE_ORGANIZATION,GOBP_ACTIN_FILAMENT_BUNDLE_ORGANIZATION] was killed by [HP_OLIGODONTIA,HP_OLIGODONTIA]
[GOCC_CYTOSOLIC_RIBOSOME,GOCC_CYTOSOLIC_RIBOSOME] was killed by [GOCC_ROUGH_ENDOPLASMIC_RETICULUM,GOCC_ROUGH_ENDOPLASMIC_RETICULUM]
[HP_ABNORMAL_SIZE_OF_THE_CLITORIS,HP_ABNORMAL_SIZE_OF_THE_CLITORIS] was killed by [HP_OLIGODONTIA,HP_OLIGODONTIA]
[GOBP_NEGATIVE_REGULATION_OF_PROTEIN_SERINE_THREONINE_KINASE_ACTIVITY,GOBP_NEGATIVE_REGULATION_OF_PROTEIN_SERINE_THREONINE_KINASE_ACTIVITY] was killed by [GOBP_ACTOMYOSIN_STRUCTURE_ORGANIZATION,GOBP_ACTOMYOSIN_STRUCTURE_ORGANIZATION]
[GOBP_REGULATION_OF_MUSCLE_CELL_DIFFERENTIATION,GOBP_REGULATION_OF_MUSCLE_CELL_DIFFERENTIATION] was killed by [GOBP_ACTOMYOSIN_STRUCTURE_ORGANIZATION,GOBP_ACTOMYOSIN_STRUCTURE_ORGANIZATION]
[GOBP_POSITIVE_REGULATION_OF_TRANSMEMBRANE_RECEPTOR_PROTEIN_SERINE_THREONINE_KINASE_SIGNALING_PATHWAY,GOBP_POSITIVE_REGULATION_OF_TRANSMEMBRANE_RECEPTOR_PROTEIN_SERINE_THREONINE_KINASE_SIGNALING_PATHWAY] was killed by [GOBP_NEGATIVE_REGULATION_OF_PROTEASOMAL_UBIQUITIN_DEPENDENT_PROTEIN_CATABOLIC_PROCESS,GOBP_NEGATIVE_REGULATION_OF_PROTEASOMAL_UBIQUITIN_DEPENDENT_PROTEIN_CATABOLIC_PROCESS]
[GOCC_SMALL_NUCLEAR_RIBONUCLEOPROTEIN_COMPLEX,GOCC_SMALL_NUCLEAR_RIBONUCLEOPROTEIN_COMPLEX] was killed by [GOBP_SPLICEOSOMAL_COMPLEX_ASSEMBLY,GOBP_SPLICEOSOMAL_COMPLEX_ASSEMBLY]
[GOBP_DNA_DEPENDENT_DNA_REPLICATION_MAINTENANCE_OF_FIDELITY,GOBP_DNA_DEPENDENT_DNA_REPLICATION_MAINTENANCE_OF_FIDELITY] was killed by [HP_TELANGIECTASIA,HP_TELANGIECTASIA]
[GOCC_CIS_GOLGI_NETWORK,GOCC_CIS_GOLGI_NETWORK] was killed by [GOCC_GOLGI_CIS_CISTERNA,GOCC_GOLGI_CIS_CISTERNA]
[GOBP_INOSITOL_LIPID_MEDIATED_SIGNALING,GOBP_INOSITOL_LIPID_MEDIATED_SIGNALING] was killed by [HP_OLIGODONTIA,HP_OLIGODONTIA]
[GOBP_NEGATIVE_REGULATION_OF_CELL_PROJECTION_ORGANIZATION,GOBP_NEGATIVE_REGULATION_OF_CELL_PROJECTION_ORGANIZATION] was killed by [HP_OLIGODONTIA,HP_OLIGODONTIA]
[GOBP_SULFUR_COMPOUND_BIOSYNTHETIC_PROCESS,GOBP_SULFUR_COMPOUND_BIOSYNTHETIC_PROCESS] was killed by [GOMF_LIGASE_ACTIVITY,GOMF_LIGASE_ACTIVITY]
[GOBP_MRNA_SPLICE_SITE_SELECTION,GOBP_MRNA_SPLICE_SITE_SELECTION] was killed by [GOBP_SPLICEOSOMAL_COMPLEX_ASSEMBLY,GOBP_SPLICEOSOMAL_COMPLEX_ASSEMBLY]
[HP_ABNORMAL_RETICULOCYTE_MORPHOLOGY,HP_ABNORMAL_RETICULOCYTE_MORPHOLOGY] was killed by [HP_JAUNDICE,HP_JAUNDICE]
[HP_CONTRACTURES_OF_THE_JOINTS_OF_THE_LOWER_LIMBS,HP_CONTRACTURES_OF_THE_JOINTS_OF_THE_LOWER_LIMBS] was killed by [HP_OLIGODONTIA,HP_OLIGODONTIA]
[HP_URINARY_TRACT_NEOPLASM,HP_URINARY_TRACT_NEOPLASM] was killed by [HP_TELANGIECTASIA,HP_TELANGIECTASIA]
[HP_PREMATURE_LOSS_OF_TEETH,HP_PREMATURE_LOSS_OF_TEETH] was killed by [HP_GINGIVITIS,HP_GINGIVITIS]
[HP_HEPATOSPLENOMEGALY,HP_HEPATOSPLENOMEGALY] was killed by [HP_JAUNDICE,HP_JAUNDICE]
[HP_ABNORMAL_NUMBER_OF_ERYTHROID_PRECURSORS,HP_ABNORMAL_NUMBER_OF_ERYTHROID_PRECURSORS] was killed by [GOBP_TRANSLATIONAL_INITIATION,GOBP_TRANSLATIONAL_INITIATION]
[GOBP_RESPONSE_TO_ANGIOTENSIN,GOBP_RESPONSE_TO_ANGIOTENSIN] was killed by [GOBP_ACTOMYOSIN_STRUCTURE_ORGANIZATION,GOBP_ACTOMYOSIN_STRUCTURE_ORGANIZATION]
[GOBP_REGULATION_OF_CARDIAC_MUSCLE_CELL_PROLIFERATION,GOBP_REGULATION_OF_CARDIAC_MUSCLE_CELL_PROLIFERATION] was killed by [GOBP_REGULATION_OF_CYTOPLASMIC_TRANSPORT,GOBP_REGULATION_OF_CYTOPLASMIC_TRANSPORT]
[HP_INCREASED_NUMBER_OF_TEETH,HP_INCREASED_NUMBER_OF_TEETH] was killed by [HP_OLIGODONTIA,HP_OLIGODONTIA]
[GOBP_MITOTIC_G2_M_TRANSITION_CHECKPOINT,GOBP_MITOTIC_G2_M_TRANSITION_CHECKPOINT] was killed by [HP_TELANGIECTASIA,HP_TELANGIECTASIA]
[HP_ABNORMAL_NEURON_MORPHOLOGY,HP_ABNORMAL_NEURON_MORPHOLOGY] was killed by [GOCC_ROUGH_ENDOPLASMIC_RETICULUM,GOCC_ROUGH_ENDOPLASMIC_RETICULUM]
[GOBP_PROTEIN_LOCALIZATION_TO_ENDOPLASMIC_RETICULUM,GOBP_PROTEIN_LOCALIZATION_TO_ENDOPLASMIC_RETICULUM] was killed by [GOCC_ROUGH_ENDOPLASMIC_RETICULUM,GOCC_ROUGH_ENDOPLASMIC_RETICULUM]
[GOBP_EPHRIN_RECEPTOR_SIGNALING_PATHWAY,GOBP_EPHRIN_RECEPTOR_SIGNALING_PATHWAY] was killed by [GOBP_ACTOMYOSIN_STRUCTURE_ORGANIZATION,GOBP_ACTOMYOSIN_STRUCTURE_ORGANIZATION]
[GOCC_SPLICEOSOMAL_COMPLEX,GOCC_SPLICEOSOMAL_COMPLEX] was killed by [GOBP_SPLICEOSOMAL_COMPLEX_ASSEMBLY,GOBP_SPLICEOSOMAL_COMPLEX_ASSEMBLY]
[GOBP_HISTONE_METHYLATION,GOBP_HISTONE_METHYLATION] was killed by [HP_JAUNDICE,HP_JAUNDICE]
[GOBP_NUCLEAR_TRANSCRIBED_MRNA_CATABOLIC_PROCESS_NONSENSE_MEDIATED_DECAY,GOBP_NUCLEAR_TRANSCRIBED_MRNA_CATABOLIC_PROCESS_NONSENSE_MEDIATED_DECAY] was killed by [GOCC_ROUGH_ENDOPLASMIC_RETICULUM,GOCC_ROUGH_ENDOPLASMIC_RETICULUM]
[GOBP_STRIATED_MUSCLE_CELL_PROLIFERATION,GOBP_STRIATED_MUSCLE_CELL_PROLIFERATION] was killed by [GOBP_ACTOMYOSIN_STRUCTURE_ORGANIZATION,GOBP_ACTOMYOSIN_STRUCTURE_ORGANIZATION]
[GOBP_NEGATIVE_REGULATION_OF_PROTEASOMAL_PROTEIN_CATABOLIC_PROCESS,GOBP_NEGATIVE_REGULATION_OF_PROTEASOMAL_PROTEIN_CATABOLIC_PROCESS] was killed by [GOBP_NEGATIVE_REGULATION_OF_PROTEASOMAL_UBIQUITIN_DEPENDENT_PROTEIN_CATABOLIC_PROCESS,GOBP_NEGATIVE_REGULATION_OF_PROTEASOMAL_UBIQUITIN_DEPENDENT_PROTEIN_CATABOLIC_PROCESS]
[HP_EMBRYONAL_RENAL_NEOPLASM,HP_EMBRYONAL_RENAL_NEOPLASM] was killed by [HP_TELANGIECTASIA,HP_TELANGIECTASIA]
[GOBP_NEGATIVE_REGULATION_OF_ERK1_AND_ERK2_CASCADE,GOBP_NEGATIVE_REGULATION_OF_ERK1_AND_ERK2_CASCADE] was killed by [GOBP_ACTOMYOSIN_STRUCTURE_ORGANIZATION,GOBP_ACTOMYOSIN_STRUCTURE_ORGANIZATION]
[GOCC_CYTOSOLIC_SMALL_RIBOSOMAL_SUBUNIT,GOCC_CYTOSOLIC_SMALL_RIBOSOMAL_SUBUNIT] was killed by [GOBP_TRANSLATIONAL_INITIATION,GOBP_TRANSLATIONAL_INITIATION]
[GOBP_MITOCHONDRIAL_TRANSLATION,GOBP_MITOCHONDRIAL_TRANSLATION] was killed by [GOMF_LIGASE_ACTIVITY,GOMF_LIGASE_ACTIVITY]
[GOBP_BLASTOCYST_DEVELOPMENT,GOBP_BLASTOCYST_DEVELOPMENT] was killed by [GOBP_ACTOMYOSIN_STRUCTURE_ORGANIZATION,GOBP_ACTOMYOSIN_STRUCTURE_ORGANIZATION]
[HP_BROAD_NASAL_TIP,HP_BROAD_NASAL_TIP] was killed by [HP_OLIGODONTIA,HP_OLIGODONTIA]
[HP_TYPE_I_DIABETES_MELLITUS,HP_TYPE_I_DIABETES_MELLITUS] was killed by [HP_GINGIVITIS,HP_GINGIVITIS]
[HP_NONIMMUNE_HYDROPS_FETALIS,HP_NONIMMUNE_HYDROPS_FETALIS] was killed by [HP_JAUNDICE,HP_JAUNDICE]
[HP_HEAD_TREMOR,HP_HEAD_TREMOR] was killed by [HP_TITUBATION,HP_TITUBATION]
[HP_DECREASED_NUMBER_OF_PERIPHERAL_MYELINATED_NERVE_FIBERS,HP_DECREASED_NUMBER_OF_PERIPHERAL_MYELINATED_NERVE_FIBERS] was killed by [HP_TITUBATION,HP_TITUBATION]
[HP_CHILDHOOD_ONSET,HP_CHILDHOOD_ONSET] was killed by [HP_GINGIVITIS,HP_GINGIVITIS]
[HP_ABSCESS,HP_ABSCESS] was killed by [GOCC_ROUGH_ENDOPLASMIC_RETICULUM,GOCC_ROUGH_ENDOPLASMIC_RETICULUM]
[GOBP_REGULATION_OF_PROTEIN_LOCALIZATION_TO_CELL_PERIPHERY,GOBP_REGULATION_OF_PROTEIN_LOCALIZATION_TO_CELL_PERIPHERY] was killed by [GOBP_ACTOMYOSIN_STRUCTURE_ORGANIZATION,GOBP_ACTOMYOSIN_STRUCTURE_ORGANIZATION]
[HP_TETRALOGY_OF_FALLOT,HP_TETRALOGY_OF_FALLOT] was killed by [HP_TELANGIECTASIA,HP_TELANGIECTASIA]
[GOBP_POSITIVE_REGULATION_OF_DEVELOPMENTAL_GROWTH,GOBP_POSITIVE_REGULATION_OF_DEVELOPMENTAL_GROWTH] was killed by [GOBP_ACTOMYOSIN_STRUCTURE_ORGANIZATION,GOBP_ACTOMYOSIN_STRUCTURE_ORGANIZATION]
[HP_FASCICULATIONS,HP_FASCICULATIONS] was killed by [GOCC_ROUGH_ENDOPLASMIC_RETICULUM,GOCC_ROUGH_ENDOPLASMIC_RETICULUM]
[GOMF_CYSTEINE_TYPE_ENDOPEPTIDASE_ACTIVITY,GOMF_CYSTEINE_TYPE_ENDOPEPTIDASE_ACTIVITY] was killed by [GOBP_NEGATIVE_REGULATION_OF_PROTEASOMAL_UBIQUITIN_DEPENDENT_PROTEIN_CATABOLIC_PROCESS,GOBP_NEGATIVE_REGULATION_OF_PROTEASOMAL_UBIQUITIN_DEPENDENT_PROTEIN_CATABOLIC_PROCESS]
[GOBP_NEGATIVE_REGULATION_OF_PROTEIN_CATABOLIC_PROCESS,GOBP_NEGATIVE_REGULATION_OF_PROTEIN_CATABOLIC_PROCESS] was killed by [GOBP_NEGATIVE_REGULATION_OF_PROTEASOMAL_UBIQUITIN_DEPENDENT_PROTEIN_CATABOLIC_PROCESS,GOBP_NEGATIVE_REGULATION_OF_PROTEASOMAL_UBIQUITIN_DEPENDENT_PROTEIN_CATABOLIC_PROCESS]
[HP_RECURRENT_SKIN_INFECTIONS,HP_RECURRENT_SKIN_INFECTIONS] was killed by [HP_TELANGIECTASIA,HP_TELANGIECTASIA]
[GOMF_HYDROLASE_ACTIVITY_ACTING_ON_CARBON_NITROGEN_BUT_NOT_PEPTIDE_BONDS_IN_LINEAR_AMIDES,GOMF_HYDROLASE_ACTIVITY_ACTING_ON_CARBON_NITROGEN_BUT_NOT_PEPTIDE_BONDS_IN_LINEAR_AMIDES] was killed by [HP_GINGIVITIS,HP_GINGIVITIS]
[HP_AIRWAY_OBSTRUCTION,HP_AIRWAY_OBSTRUCTION] was killed by [HP_GINGIVITIS,HP_GINGIVITIS]
[HP_TELANGIECTASIA_OF_THE_SKIN,HP_TELANGIECTASIA_OF_THE_SKIN] was killed by [HP_TELANGIECTASIA,HP_TELANGIECTASIA]
[HP_TREMOR_BY_ANATOMICAL_SITE,HP_TREMOR_BY_ANATOMICAL_SITE] was killed by [GOBP_SPLICEOSOMAL_COMPLEX_ASSEMBLY,GOBP_SPLICEOSOMAL_COMPLEX_ASSEMBLY]
[HP_ABNORMAL_CORNEAL_EPITHELIUM_MORPHOLOGY,HP_ABNORMAL_CORNEAL_EPITHELIUM_MORPHOLOGY] was killed by [HP_TELANGIECTASIA,HP_TELANGIECTASIA]
[HP_NORMOCHROMIC_ANEMIA,HP_NORMOCHROMIC_ANEMIA] was killed by [GOBP_TRANSLATIONAL_INITIATION,GOBP_TRANSLATIONAL_INITIATION]
[HP_MUSCLE_FIBER_ATROPHY,HP_MUSCLE_FIBER_ATROPHY] was killed by [HP_TITUBATION,HP_TITUBATION]
[GOBP_G2_DNA_DAMAGE_CHECKPOINT,GOBP_G2_DNA_DAMAGE_CHECKPOINT] was killed by [HP_TELANGIECTASIA,HP_TELANGIECTASIA]
[GOBP_REPLICATION_FORK_PROCESSING,GOBP_REPLICATION_FORK_PROCESSING] was killed by [HP_TELANGIECTASIA,HP_TELANGIECTASIA]
