[GCAAAAA_MIR129,GCAAAAA_MIR129] was killed by [AAGGGAT_MIR188,AAGGGAT_MIR188]
[ACACTAC_MIR1423P,ACACTAC_MIR1423P] was killed by [TTGGGAG_MIR150,TTGGGAG_MIR150]
[ATCATGA_MIR433,ATCATGA_MIR433] was killed by [MIR302A_5P,MIR302A_5P]
[CTCCAAG_MIR432,CTCCAAG_MIR432] was killed by [AAGGGAT_MIR188,AAGGGAT_MIR188]
[MIR7161_5P,MIR7161_5P] was killed by [MIR302A_5P,MIR302A_5P]
[MIR12132,MIR12132] was killed by [MIR302A_5P,MIR302A_5P]
[ATAGGAA_MIR202,ATAGGAA_MIR202] was killed by [MIR337_3P,MIR337_3P]
[ATACCTC_MIR202,ATACCTC_MIR202] was killed by [MIR302A_5P,MIR302A_5P]
[MIR3156_3P,MIR3156_3P] was killed by [AAGGGAT_MIR188,AAGGGAT_MIR188]
[MIR142_3P,MIR142_3P] was killed by [MIR6073,MIR6073]
[MIR1287_3P,MIR1287_3P] was killed by [MIR619_5P,MIR619_5P]
[MIR3187_3P,MIR3187_3P] was killed by [MIR548AV_3P,MIR548AV_3P]
[MIR346,MIR346] was killed by [MIR337_3P,MIR337_3P]
[MIR150_5P,MIR150_5P] was killed by [MIR619_5P,MIR619_5P]
[MIR552_5P,MIR552_5P] was killed by [MIR337_3P,MIR337_3P]
[MIR338_3P,MIR338_3P] was killed by [AAGGGAT_MIR188,AAGGGAT_MIR188]
[ACTGCAG_MIR173P,ACTGCAG_MIR173P] was killed by [MIR302A_5P,MIR302A_5P]
[MIR630,MIR630] was killed by [MIR302A_5P,MIR302A_5P]
[MIR4755_3P,MIR4755_3P] was killed by [MIR619_5P,MIR619_5P]
[GTCTTCC_MIR7,GTCTTCC_MIR7] was killed by [AAGGGAT_MIR188,AAGGGAT_MIR188]
[MIR548AT_3P,MIR548AT_3P] was killed by [MIR548AY_3P,MIR548AY_3P]
[ATACTGT_MIR144,ATACTGT_MIR144] was killed by [MIR337_3P,MIR337_3P]
[MIR4638_3P,MIR4638_3P] was killed by [MIR23A_5P,MIR23A_5P]
[CATGTAA_MIR496,CATGTAA_MIR496] was killed by [AAGGGAT_MIR188,AAGGGAT_MIR188]
[TCCAGAT_MIR5165P,TCCAGAT_MIR5165P] was killed by [MIR337_3P,MIR337_3P]
[MIR653_5P,MIR653_5P] was killed by [MIR302A_5P,MIR302A_5P]
[MIR6506_5P,MIR6506_5P] was killed by [MIR619_5P,MIR619_5P]
[MIR2355_3P,MIR2355_3P] was killed by [MIR548AV_3P,MIR548AV_3P]
[TAGAACC_MIR182,TAGAACC_MIR182] was killed by [MIR302A_5P,MIR302A_5P]
[CTGTTAC_MIR194,CTGTTAC_MIR194] was killed by [AAGGGAT_MIR188,AAGGGAT_MIR188]
[MIR6131,MIR6131] was killed by [MIR637,MIR637]
[MIR363_5P,MIR363_5P] was killed by [MIR6745,MIR6745]
[MIR1245B_3P,MIR1245B_3P] was killed by [MIR302A_5P,MIR302A_5P]
[MIR12120,MIR12120] was killed by [AAGGGAT_MIR188,AAGGGAT_MIR188]
[MIR5000_5P,MIR5000_5P] was killed by [MIR302A_5P,MIR302A_5P]
[MIR324_3P,MIR324_3P] was killed by [MIR548AV_3P,MIR548AV_3P]
[GACTGTT_MIR212_MIR132,GACTGTT_MIR212_MIR132] was killed by [AAGGGAT_MIR188,AAGGGAT_MIR188]
[MIR17_3P,MIR17_3P] was killed by [MIR3144_5P,MIR3144_5P]
[MIR513C_5P,MIR513C_5P] was killed by [MIR302A_5P,MIR302A_5P]
[MIR514B_5P,MIR514B_5P] was killed by [MIR302A_5P,MIR302A_5P]
[MIR23B_5P,MIR23B_5P] was killed by [MIR23A_5P,MIR23A_5P]
[ACAACCT_MIR453,ACAACCT_MIR453] was killed by [AAGGGAT_MIR188,AAGGGAT_MIR188]
[MIR224_5P,MIR224_5P] was killed by [MIR619_5P,MIR619_5P]
[MIR504_3P,MIR504_3P] was killed by [MIR619_5P,MIR619_5P]
[MIR5187_3P,MIR5187_3P] was killed by [MIR6073,MIR6073]
[MIR6809_5P,MIR6809_5P] was killed by [MIR1233_3P,MIR1233_3P]
[MIR885_5P,MIR885_5P] was killed by [MIR548AY_3P,MIR548AY_3P]
[GGCACTT_MIR519E,GGCACTT_MIR519E] was killed by [MIR302A_5P,MIR302A_5P]
[MIR3688_5P,MIR3688_5P] was killed by [MIR4257,MIR4257]
[MIR1322,MIR1322] was killed by [MIR302A_5P,MIR302A_5P]
[TTGGAGA_MIR5155P_MIR519E,TTGGAGA_MIR5155P_MIR519E] was killed by [MIR337_3P,MIR337_3P]
[GGCAGTG_MIR3243P,GGCAGTG_MIR3243P] was killed by [AAGGGAT_MIR188,AAGGGAT_MIR188]
[MIR5088_3P,MIR5088_3P] was killed by [MIR3144_5P,MIR3144_5P]
[TCTCTCC_MIR185,TCTCTCC_MIR185] was killed by [TTGGGAG_MIR150,TTGGGAG_MIR150]
[MIR1245A,MIR1245A] was killed by [MIR302A_5P,MIR302A_5P]
[GTGCCAT_MIR183,GTGCCAT_MIR183] was killed by [MIR337_3P,MIR337_3P]
[MIR6768_5P,MIR6768_5P] was killed by [MIR302A_5P,MIR302A_5P]
[MIR4275,MIR4275] was killed by [MIR302A_5P,MIR302A_5P]
[MIR342_5P,MIR342_5P] was killed by [MIR23A_5P,MIR23A_5P]
[MIR34C_3P,MIR34C_3P] was killed by [MIR302A_5P,MIR302A_5P]
[MIR200B_5P,MIR200B_5P] was killed by [MIR302A_5P,MIR302A_5P]
[MIR874_5P,MIR874_5P] was killed by [MIR637,MIR637]
[MIR486_3P,MIR486_3P] was killed by [AGGGCCA_MIR328,AGGGCCA_MIR328]
[MIR1287_5P,MIR1287_5P] was killed by [AAGGGAT_MIR188,AAGGGAT_MIR188]
[AACTGAC_MIR223,AACTGAC_MIR223] was killed by [MIR302A_5P,MIR302A_5P]
[MIR12135,MIR12135] was killed by [MIR302A_5P,MIR302A_5P]
[MIR4436B_5P,MIR4436B_5P] was killed by [MIR337_3P,MIR337_3P]
[MIR194_5P,MIR194_5P] was killed by [MIR337_3P,MIR337_3P]
[MIR3192_5P,MIR3192_5P] was killed by [MIR619_5P,MIR619_5P]
[MIR6852_5P,MIR6852_5P] was killed by [AGGGCCA_MIR328,AGGGCCA_MIR328]
[MIR6882_5P,MIR6882_5P] was killed by [MIR302A_5P,MIR302A_5P]
[MIR6752_3P,MIR6752_3P] was killed by [TTGGGAG_MIR150,TTGGGAG_MIR150]
[MIR150_3P,MIR150_3P] was killed by [MIR548AY_3P,MIR548AY_3P]
[GAGCTGG_MIR337,GAGCTGG_MIR337] was killed by [AAGGGAT_MIR188,AAGGGAT_MIR188]
[ATAAGCT_MIR21,ATAAGCT_MIR21] was killed by [MIR337_3P,MIR337_3P]
[MIR3684,MIR3684] was killed by [MIR619_5P,MIR619_5P]
[MIR5089_5P,MIR5089_5P] was killed by [MIR619_5P,MIR619_5P]
[MIR15B_3P,MIR15B_3P] was killed by [MIR548AV_3P,MIR548AV_3P]
[MIR4316,MIR4316] was killed by [TTGGGAG_MIR150,TTGGGAG_MIR150]
[MIR6895_3P,MIR6895_3P] was killed by [MIR4257,MIR4257]
[MIR200A_5P,MIR200A_5P] was killed by [MIR302A_5P,MIR302A_5P]
[GGTGAAG_MIR412,GGTGAAG_MIR412] was killed by [TTGGGAG_MIR150,TTGGGAG_MIR150]
[MIR1184,MIR1184] was killed by [MIR302A_5P,MIR302A_5P]
[MIR4255,MIR4255] was killed by [MIR337_3P,MIR337_3P]
[GTGTTGA_MIR505,GTGTTGA_MIR505] was killed by [MIR302A_5P,MIR302A_5P]
[GGGCATT_MIR365,GGGCATT_MIR365] was killed by [AGGGCCA_MIR328,AGGGCCA_MIR328]
[MIR4646_5P,MIR4646_5P] was killed by [MIR619_5P,MIR619_5P]
[MIR451B,MIR451B] was killed by [MIR302A_5P,MIR302A_5P]
[MIR3944_5P,MIR3944_5P] was killed by [MIR302A_5P,MIR302A_5P]
[MIR6722_3P,MIR6722_3P] was killed by [AGGGCCA_MIR328,AGGGCCA_MIR328]
[MIR605_5P,MIR605_5P] was killed by [MIR302A_5P,MIR302A_5P]
[MIR4766_3P,MIR4766_3P] was killed by [TTGGGAG_MIR150,TTGGGAG_MIR150]
[MIR647,MIR647] was killed by [MIR122_3P,MIR122_3P]
[MIR11401,MIR11401] was killed by [MIR1233_3P,MIR1233_3P]
[TCTGATA_MIR361,TCTGATA_MIR361] was killed by [AAGGGAT_MIR188,AAGGGAT_MIR188]
[MIR10526_3P,MIR10526_3P] was killed by [MIR619_5P,MIR619_5P]
[MIR548M,MIR548M] was killed by [MIR302A_5P,MIR302A_5P]
