[GOBP_COTRANSLATIONAL_PROTEIN_TARGETING_TO_MEMBRANE,GOBP_COTRANSLATIONAL_PROTEIN_TARGETING_TO_MEMBRANE] was killed by [GOBP_VIRAL_GENE_EXPRESSION,GOBP_VIRAL_GENE_EXPRESSION]
[GOBP_TRANSLATIONAL_INITIATION,GOBP_TRANSLATIONAL_INITIATION] was killed by [GOBP_VIRAL_GENE_EXPRESSION,GOBP_VIRAL_GENE_EXPRESSION]
[GOBP_ESTABLISHMENT_OF_PROTEIN_LOCALIZATION_TO_ENDOPLASMIC_RETICULUM,GOBP_ESTABLISHMENT_OF_PROTEIN_LOCALIZATION_TO_ENDOPLASMIC_RETICULUM] was killed by [GOBP_VIRAL_GENE_EXPRESSION,GOBP_VIRAL_GENE_EXPRESSION]
[GOBP_NUCLEAR_TRANSCRIBED_MRNA_CATABOLIC_PROCESS_NONSENSE_MEDIATED_DECAY,GOBP_NUCLEAR_TRANSCRIBED_MRNA_CATABOLIC_PROCESS_NONSENSE_MEDIATED_DECAY] was killed by [GOBP_VIRAL_GENE_EXPRESSION,GOBP_VIRAL_GENE_EXPRESSION]
[GOBP_CYTOPLASMIC_TRANSLATION,GOBP_CYTOPLASMIC_TRANSLATION] was killed by [GOBP_VIRAL_GENE_EXPRESSION,GOBP_VIRAL_GENE_EXPRESSION]
[GOBP_PROTEIN_LOCALIZATION_TO_ENDOPLASMIC_RETICULUM,GOBP_PROTEIN_LOCALIZATION_TO_ENDOPLASMIC_RETICULUM] was killed by [GOBP_VIRAL_GENE_EXPRESSION,GOBP_VIRAL_GENE_EXPRESSION]
[GOBP_MEMORY,GOBP_MEMORY] was killed by [GOBP_REGULATION_OF_RECEPTOR_MEDIATED_ENDOCYTOSIS,GOBP_REGULATION_OF_RECEPTOR_MEDIATED_ENDOCYTOSIS]
[GOBP_POSITIVE_REGULATION_OF_TRANSLATION,GOBP_POSITIVE_REGULATION_OF_TRANSLATION] was killed by [GOBP_VIRAL_GENE_EXPRESSION,GOBP_VIRAL_GENE_EXPRESSION]
[GOBP_CELLULAR_MODIFIED_AMINO_ACID_METABOLIC_PROCESS,GOBP_CELLULAR_MODIFIED_AMINO_ACID_METABOLIC_PROCESS] was killed by [GOBP_DICARBOXYLIC_ACID_METABOLIC_PROCESS,GOBP_DICARBOXYLIC_ACID_METABOLIC_PROCESS]
[GOBP_REGULATION_OF_ACTOMYOSIN_STRUCTURE_ORGANIZATION,GOBP_REGULATION_OF_ACTOMYOSIN_STRUCTURE_ORGANIZATION] was killed by [GOBP_REGULATION_OF_CELL_MATRIX_ADHESION,GOBP_REGULATION_OF_CELL_MATRIX_ADHESION]
[GOBP_ORGAN_GROWTH,GOBP_ORGAN_GROWTH] was killed by [GOBP_CARDIAC_CHAMBER_DEVELOPMENT,GOBP_CARDIAC_CHAMBER_DEVELOPMENT]
[GOBP_POSITIVE_REGULATION_OF_PEPTIDYL_THREONINE_PHOSPHORYLATION,GOBP_POSITIVE_REGULATION_OF_PEPTIDYL_THREONINE_PHOSPHORYLATION] was killed by [GOBP_REGULATION_OF_PEPTIDYL_THREONINE_PHOSPHORYLATION,GOBP_REGULATION_OF_PEPTIDYL_THREONINE_PHOSPHORYLATION]
[GOBP_POSITIVE_REGULATION_OF_PHOSPHATIDYLINOSITOL_3_KINASE_SIGNALING,GOBP_POSITIVE_REGULATION_OF_PHOSPHATIDYLINOSITOL_3_KINASE_SIGNALING] was killed by [GOBP_REGULATION_OF_RECEPTOR_MEDIATED_ENDOCYTOSIS,GOBP_REGULATION_OF_RECEPTOR_MEDIATED_ENDOCYTOSIS]
[GOBP_REGULATION_OF_EXTRINSIC_APOPTOTIC_SIGNALING_PATHWAY,GOBP_REGULATION_OF_EXTRINSIC_APOPTOTIC_SIGNALING_PATHWAY] was killed by [GOBP_REGULATION_OF_CELL_MATRIX_ADHESION,GOBP_REGULATION_OF_CELL_MATRIX_ADHESION]
[GOBP_RNA_EXPORT_FROM_NUCLEUS,GOBP_RNA_EXPORT_FROM_NUCLEUS] was killed by [GOBP_VIRAL_GENE_EXPRESSION,GOBP_VIRAL_GENE_EXPRESSION]
[GOBP_NUCLEOTIDE_PHOSPHORYLATION,GOBP_NUCLEOTIDE_PHOSPHORYLATION] was killed by [GOBP_VIRAL_GENE_EXPRESSION,GOBP_VIRAL_GENE_EXPRESSION]
[GOBP_GASTRULATION,GOBP_GASTRULATION] was killed by [GOBP_CARDIAC_CHAMBER_DEVELOPMENT,GOBP_CARDIAC_CHAMBER_DEVELOPMENT]
[GOBP_AMINOGLYCAN_METABOLIC_PROCESS,GOBP_AMINOGLYCAN_METABOLIC_PROCESS] was killed by [GOBP_MUCOPOLYSACCHARIDE_METABOLIC_PROCESS,GOBP_MUCOPOLYSACCHARIDE_METABOLIC_PROCESS]
[GOBP_RIBOSOMAL_LARGE_SUBUNIT_BIOGENESIS,GOBP_RIBOSOMAL_LARGE_SUBUNIT_BIOGENESIS] was killed by [GOBP_VIRAL_GENE_EXPRESSION,GOBP_VIRAL_GENE_EXPRESSION]
[GOBP_NOTCH_SIGNALING_PATHWAY,GOBP_NOTCH_SIGNALING_PATHWAY] was killed by [GOBP_CARDIAC_CHAMBER_DEVELOPMENT,GOBP_CARDIAC_CHAMBER_DEVELOPMENT]
[GOBP_TRANSPORT_ALONG_MICROTUBULE,GOBP_TRANSPORT_ALONG_MICROTUBULE] was killed by [GOBP_CARDIAC_CHAMBER_DEVELOPMENT,GOBP_CARDIAC_CHAMBER_DEVELOPMENT]
[GOBP_POSITIVE_REGULATION_OF_RECEPTOR_MEDIATED_ENDOCYTOSIS,GOBP_POSITIVE_REGULATION_OF_RECEPTOR_MEDIATED_ENDOCYTOSIS] was killed by [GOBP_REGULATION_OF_RECEPTOR_MEDIATED_ENDOCYTOSIS,GOBP_REGULATION_OF_RECEPTOR_MEDIATED_ENDOCYTOSIS]
[GOBP_MITOTIC_CYTOKINESIS,GOBP_MITOTIC_CYTOKINESIS] was killed by [GOBP_REGULATION_OF_CELL_MATRIX_ADHESION,GOBP_REGULATION_OF_CELL_MATRIX_ADHESION]
[GOBP_NEGATIVE_REGULATION_OF_MAPK_CASCADE,GOBP_NEGATIVE_REGULATION_OF_MAPK_CASCADE] was killed by [GOBP_REGULATION_OF_CELL_MATRIX_ADHESION,GOBP_REGULATION_OF_CELL_MATRIX_ADHESION]
[GOBP_NUCLEOSIDE_DIPHOSPHATE_METABOLIC_PROCESS,GOBP_NUCLEOSIDE_DIPHOSPHATE_METABOLIC_PROCESS] was killed by [GOBP_VIRAL_GENE_EXPRESSION,GOBP_VIRAL_GENE_EXPRESSION]
[GOBP_REGULATION_OF_MICROTUBULE_CYTOSKELETON_ORGANIZATION,GOBP_REGULATION_OF_MICROTUBULE_CYTOSKELETON_ORGANIZATION] was killed by [GOBP_REGULATION_OF_CELL_MATRIX_ADHESION,GOBP_REGULATION_OF_CELL_MATRIX_ADHESION]
[GOBP_NEGATIVE_REGULATION_OF_NEURON_DEATH,GOBP_NEGATIVE_REGULATION_OF_NEURON_DEATH] was killed by [GOBP_REGULATION_OF_CELL_MATRIX_ADHESION,GOBP_REGULATION_OF_CELL_MATRIX_ADHESION]
[GOBP_REGULATION_OF_ESTABLISHMENT_OR_MAINTENANCE_OF_CELL_POLARITY,GOBP_REGULATION_OF_ESTABLISHMENT_OR_MAINTENANCE_OF_CELL_POLARITY] was killed by [GOBP_REGULATION_OF_CELL_MATRIX_ADHESION,GOBP_REGULATION_OF_CELL_MATRIX_ADHESION]
[GOBP_REGULATION_OF_UBIQUITIN_PROTEIN_TRANSFERASE_ACTIVITY,GOBP_REGULATION_OF_UBIQUITIN_PROTEIN_TRANSFERASE_ACTIVITY] was killed by [GOBP_VIRAL_GENE_EXPRESSION,GOBP_VIRAL_GENE_EXPRESSION]
[GOBP_REGULATION_OF_SYNAPTIC_PLASTICITY,GOBP_REGULATION_OF_SYNAPTIC_PLASTICITY] was killed by [GOBP_REGULATION_OF_CELL_MATRIX_ADHESION,GOBP_REGULATION_OF_CELL_MATRIX_ADHESION]
[GOBP_REGULATION_OF_ORGAN_GROWTH,GOBP_REGULATION_OF_ORGAN_GROWTH] was killed by [GOBP_CARDIAC_CHAMBER_DEVELOPMENT,GOBP_CARDIAC_CHAMBER_DEVELOPMENT]
[GOBP_STRESS_FIBER_ASSEMBLY,GOBP_STRESS_FIBER_ASSEMBLY] was killed by [GOBP_REGULATION_OF_CELL_MATRIX_ADHESION,GOBP_REGULATION_OF_CELL_MATRIX_ADHESION]
[GOBP_MICROTUBULE_BASED_TRANSPORT,GOBP_MICROTUBULE_BASED_TRANSPORT] was killed by [GOBP_CARDIAC_CHAMBER_DEVELOPMENT,GOBP_CARDIAC_CHAMBER_DEVELOPMENT]
[GOBP_REGULATION_OF_EPITHELIAL_CELL_DIFFERENTIATION,GOBP_REGULATION_OF_EPITHELIAL_CELL_DIFFERENTIATION] was killed by [GOBP_REGULATION_OF_CELL_MATRIX_ADHESION,GOBP_REGULATION_OF_CELL_MATRIX_ADHESION]
[GOBP_HEART_GROWTH,GOBP_HEART_GROWTH] was killed by [GOBP_CARDIAC_CHAMBER_DEVELOPMENT,GOBP_CARDIAC_CHAMBER_DEVELOPMENT]
[GOBP_MONOSACCHARIDE_BIOSYNTHETIC_PROCESS,GOBP_MONOSACCHARIDE_BIOSYNTHETIC_PROCESS] was killed by [GOBP_DICARBOXYLIC_ACID_METABOLIC_PROCESS,GOBP_DICARBOXYLIC_ACID_METABOLIC_PROCESS]
[GOBP_NUCLEAR_EXPORT,GOBP_NUCLEAR_EXPORT] was killed by [GOBP_VIRAL_GENE_EXPRESSION,GOBP_VIRAL_GENE_EXPRESSION]
[GOBP_INTERLEUKIN_8_PRODUCTION,GOBP_INTERLEUKIN_8_PRODUCTION] was killed by [GOBP_REGULATION_OF_RECEPTOR_MEDIATED_ENDOCYTOSIS,GOBP_REGULATION_OF_RECEPTOR_MEDIATED_ENDOCYTOSIS]
[GOBP_CARDIAC_VENTRICLE_DEVELOPMENT,GOBP_CARDIAC_VENTRICLE_DEVELOPMENT] was killed by [GOBP_CARDIAC_CHAMBER_DEVELOPMENT,GOBP_CARDIAC_CHAMBER_DEVELOPMENT]
[GOBP_MRNA_EXPORT_FROM_NUCLEUS,GOBP_MRNA_EXPORT_FROM_NUCLEUS] was killed by [GOBP_VIRAL_GENE_EXPRESSION,GOBP_VIRAL_GENE_EXPRESSION]
[GOBP_CARDIAC_SEPTUM_DEVELOPMENT,GOBP_CARDIAC_SEPTUM_DEVELOPMENT] was killed by [GOBP_CARDIAC_CHAMBER_DEVELOPMENT,GOBP_CARDIAC_CHAMBER_DEVELOPMENT]
[GOBP_PLATELET_DEGRANULATION,GOBP_PLATELET_DEGRANULATION] was killed by [GOBP_REGULATION_OF_PEPTIDYL_THREONINE_PHOSPHORYLATION,GOBP_REGULATION_OF_PEPTIDYL_THREONINE_PHOSPHORYLATION]
