[PUJANA_XPRSS_INT_NETWORK,PUJANA_XPRSS_INT_NETWORK] was killed by [GNF2_MCM5,GNF2_MCM5]
[PUJANA_BRCA_CENTERED_NETWORK,PUJANA_BRCA_CENTERED_NETWORK] was killed by [GNF2_MCM5,GNF2_MCM5]
[WHITEFORD_PEDIATRIC_CANCER_MARKERS,WHITEFORD_PEDIATRIC_CANCER_MARKERS] was killed by [GNF2_MCM5,GNF2_MCM5]
[GSE17812_WT_VS_THPOK_KO_MEMORY_CD8_TCELL_UP,GSE17812_WT_VS_THPOK_KO_MEMORY_CD8_TCELL_UP] was killed by [GOBP_PROTEIN_O_LINKED_GLYCOSYLATION,GOBP_PROTEIN_O_LINKED_GLYCOSYLATION]
[GINESTIER_BREAST_CANCER_20Q13_AMPLIFICATION_DN,GINESTIER_BREAST_CANCER_20Q13_AMPLIFICATION_DN] was killed by [GNF2_MCM5,GNF2_MCM5]
[GSE18893_TCONV_VS_TREG_24H_CULTURE_DN,GSE18893_TCONV_VS_TREG_24H_CULTURE_DN] was killed by [GOBP_REGULATION_OF_SIGNALING_RECEPTOR_ACTIVITY,GOBP_REGULATION_OF_SIGNALING_RECEPTOR_ACTIVITY]
[GNF2_HAT1,GNF2_HAT1] was killed by [GNF2_MCM5,GNF2_MCM5]
[GSE36476_CTRL_VS_TSST_ACT_16H_MEMORY_CD4_TCELL_OLD_UP,GSE36476_CTRL_VS_TSST_ACT_16H_MEMORY_CD4_TCELL_OLD_UP] was killed by [WNT_UP.V1_UP,WNT_UP.V1_UP]
[SASSON_RESPONSE_TO_FORSKOLIN_UP,SASSON_RESPONSE_TO_FORSKOLIN_UP] was killed by [WP_TNF_RELATED_WEAK_INDUCER_OF_APOPTOSIS_TWEAK_SIGNALING_PATHWAY,WP_TNF_RELATED_WEAK_INDUCER_OF_APOPTOSIS_TWEAK_SIGNALING_PATHWAY]
[HP_ABNORMAL_HAIR_WHORL,HP_ABNORMAL_HAIR_WHORL] was killed by [GSE27241_WT_VS_RORGT_KO_TH17_POLARIZED_CD4_TCELL_TREATED_WITH_DIGOXIN_UP,GSE27241_WT_VS_RORGT_KO_TH17_POLARIZED_CD4_TCELL_TREATED_WITH_DIGOXIN_UP]
[GCM_MYST2,GCM_MYST2] was killed by [GCM_GSTA4,GCM_GSTA4]
[MORF_MSH2,MORF_MSH2] was killed by [GNF2_MCM5,GNF2_MCM5]
[GSE36476_CTRL_VS_TSST_ACT_72H_MEMORY_CD4_TCELL_OLD_UP,GSE36476_CTRL_VS_TSST_ACT_72H_MEMORY_CD4_TCELL_OLD_UP] was killed by [WNT_UP.V1_UP,WNT_UP.V1_UP]
[REACTOME_O_LINKED_GLYCOSYLATION,REACTOME_O_LINKED_GLYCOSYLATION] was killed by [GOBP_PROTEIN_O_LINKED_GLYCOSYLATION,GOBP_PROTEIN_O_LINKED_GLYCOSYLATION]
[GOBP_NUCLEOSOME_ORGANIZATION,GOBP_NUCLEOSOME_ORGANIZATION] was killed by [GNF2_MCM5,GNF2_MCM5]
[GGCNNMSMYNTTG_UNKNOWN,GGCNNMSMYNTTG_UNKNOWN] was killed by [CCAWNWWNNNGGC_UNKNOWN,CCAWNWWNNNGGC_UNKNOWN]
[GOBP_SMOOTH_MUSCLE_CELL_PROLIFERATION,GOBP_SMOOTH_MUSCLE_CELL_PROLIFERATION] was killed by [GOBP_POSITIVE_REGULATION_OF_CHROMATIN_ORGANIZATION,GOBP_POSITIVE_REGULATION_OF_CHROMATIN_ORGANIZATION]
[TIEN_INTESTINE_PROBIOTICS_2HR_DN,TIEN_INTESTINE_PROBIOTICS_2HR_DN] was killed by [MIR376C_3P,MIR376C_3P]
[WP_CHROMOSOMAL_AND_MICROSATELLITE_INSTABILITY_IN_COLORECTAL_CANCER,WP_CHROMOSOMAL_AND_MICROSATELLITE_INSTABILITY_IN_COLORECTAL_CANCER] was killed by [WP_TNF_RELATED_WEAK_INDUCER_OF_APOPTOSIS_TWEAK_SIGNALING_PATHWAY,WP_TNF_RELATED_WEAK_INDUCER_OF_APOPTOSIS_TWEAK_SIGNALING_PATHWAY]
[MIR939_3P,MIR939_3P] was killed by [GOBP_LIPOPROTEIN_METABOLIC_PROCESS,GOBP_LIPOPROTEIN_METABOLIC_PROCESS]
[SGCGSSAAA_E2F1DP2_01,SGCGSSAAA_E2F1DP2_01] was killed by [GNF2_MCM5,GNF2_MCM5]
[GSE16450_CTRL_VS_IFNA_6H_STIM_IMMATURE_NEURON_CELL_LINE_DN,GSE16450_CTRL_VS_IFNA_6H_STIM_IMMATURE_NEURON_CELL_LINE_DN] was killed by [GSE17721_LPS_VS_PAM3CSK4_6H_BMDC_UP,GSE17721_LPS_VS_PAM3CSK4_6H_BMDC_UP]
[MIR299_5P,MIR299_5P] was killed by [MED25_TARGET_GENES,MED25_TARGET_GENES]
[GSE43955_10H_VS_60H_ACT_CD4_TCELL_DN,GSE43955_10H_VS_60H_ACT_CD4_TCELL_DN] was killed by [GUO_HEX_TARGETS_UP,GUO_HEX_TARGETS_UP]
[LAU_APOPTOSIS_CDKN2A_UP,LAU_APOPTOSIS_CDKN2A_UP] was killed by [WP_TNF_RELATED_WEAK_INDUCER_OF_APOPTOSIS_TWEAK_SIGNALING_PATHWAY,WP_TNF_RELATED_WEAK_INDUCER_OF_APOPTOSIS_TWEAK_SIGNALING_PATHWAY]
[GNF2_RPA1,GNF2_RPA1] was killed by [GNF2_MCM5,GNF2_MCM5]
[GOBP_POSITIVE_REGULATION_OF_CHROMOSOME_ORGANIZATION,GOBP_POSITIVE_REGULATION_OF_CHROMOSOME_ORGANIZATION] was killed by [GOBP_POSITIVE_REGULATION_OF_CHROMATIN_ORGANIZATION,GOBP_POSITIVE_REGULATION_OF_CHROMATIN_ORGANIZATION]
[MIR3920,MIR3920] was killed by [MIR501_3P_MIR502_3P,MIR501_3P_MIR502_3P]
[GSE22886_DAY0_VS_DAY7_MONOCYTE_IN_CULTURE_UP,GSE22886_DAY0_VS_DAY7_MONOCYTE_IN_CULTURE_UP] was killed by [GSE46606_IRF4_KO_VS_WT_CD40L_IL2_IL5_1DAY_STIMULATED_BCELL_DN,GSE46606_IRF4_KO_VS_WT_CD40L_IL2_IL5_1DAY_STIMULATED_BCELL_DN]
[GSE22601_DOUBLE_NEGATIVE_VS_CD8_SINGLE_POSITIVE_THYMOCYTE_DN,GSE22601_DOUBLE_NEGATIVE_VS_CD8_SINGLE_POSITIVE_THYMOCYTE_DN] was killed by [GSE22601_IMMATURE_CD4_SINGLE_POSITIVE_VS_CD4_SINGLE_POSITIVE_THYMOCYTE_DN,GSE22601_IMMATURE_CD4_SINGLE_POSITIVE_VS_CD4_SINGLE_POSITIVE_THYMOCYTE_DN]
[GSE22025_UNTREATED_VS_TGFB1_AND_PROGESTERONE_TREATED_CD4_TCELL_DN,GSE22025_UNTREATED_VS_TGFB1_AND_PROGESTERONE_TREATED_CD4_TCELL_DN] was killed by [GSE3982_EFF_MEMORY_CD4_TCELL_VS_TH1_DN,GSE3982_EFF_MEMORY_CD4_TCELL_VS_TH1_DN]
[MIR1293,MIR1293] was killed by [GSE22601_IMMATURE_CD4_SINGLE_POSITIVE_VS_CD4_SINGLE_POSITIVE_THYMOCYTE_DN,GSE22601_IMMATURE_CD4_SINGLE_POSITIVE_VS_CD4_SINGLE_POSITIVE_THYMOCYTE_DN]
[GSE25085_FETAL_LIVER_VS_ADULT_BM_SP4_THYMIC_IMPLANT_DN,GSE25085_FETAL_LIVER_VS_ADULT_BM_SP4_THYMIC_IMPLANT_DN] was killed by [GNF2_MCM5,GNF2_MCM5]
[HP_PAPILLEDEMA,HP_PAPILLEDEMA] was killed by [GOBP_POSITIVE_REGULATION_OF_CHROMATIN_ORGANIZATION,GOBP_POSITIVE_REGULATION_OF_CHROMATIN_ORGANIZATION]
[GNF2_APEX1,GNF2_APEX1] was killed by [GNF2_MCM5,GNF2_MCM5]
[HP_DOWN_SLOPING_SHOULDERS,HP_DOWN_SLOPING_SHOULDERS] was killed by [GSE27241_WT_VS_RORGT_KO_TH17_POLARIZED_CD4_TCELL_TREATED_WITH_DIGOXIN_UP,GSE27241_WT_VS_RORGT_KO_TH17_POLARIZED_CD4_TCELL_TREATED_WITH_DIGOXIN_UP]
[WP_NONGENOMIC_ACTIONS_OF_125_DIHYDROXYVITAMIN_D3,WP_NONGENOMIC_ACTIONS_OF_125_DIHYDROXYVITAMIN_D3] was killed by [GSE22601_IMMATURE_CD4_SINGLE_POSITIVE_VS_CD4_SINGLE_POSITIVE_THYMOCYTE_DN,GSE22601_IMMATURE_CD4_SINGLE_POSITIVE_VS_CD4_SINGLE_POSITIVE_THYMOCYTE_DN]
[GOBP_LIPOPROTEIN_BIOSYNTHETIC_PROCESS,GOBP_LIPOPROTEIN_BIOSYNTHETIC_PROCESS] was killed by [GOBP_LIPOPROTEIN_METABOLIC_PROCESS,GOBP_LIPOPROTEIN_METABOLIC_PROCESS]
[GSE36888_UNTREATED_VS_IL2_TREATED_STAT5_AB_KNOCKIN_TCELL_2H_UP,GSE36888_UNTREATED_VS_IL2_TREATED_STAT5_AB_KNOCKIN_TCELL_2H_UP] was killed by [GSE22501_PERIPHERAL_BLOOD_VS_CORD_BLOOD_TREG_DN,GSE22501_PERIPHERAL_BLOOD_VS_CORD_BLOOD_TREG_DN]
[MIR4256,MIR4256] was killed by [GUO_HEX_TARGETS_UP,GUO_HEX_TARGETS_UP]
[MIR11181_5P,MIR11181_5P] was killed by [GUO_HEX_TARGETS_UP,GUO_HEX_TARGETS_UP]
[MIR218_1_3P,MIR218_1_3P] was killed by [GUO_HEX_TARGETS_UP,GUO_HEX_TARGETS_UP]
[HP_ABNORMALITY_OF_THE_DIAPHRAGM,HP_ABNORMALITY_OF_THE_DIAPHRAGM] was killed by [GSE14908_RESTING_VS_HDM_STIM_CD4_TCELL_NONATOPIC_PATIENT_UP,GSE14908_RESTING_VS_HDM_STIM_CD4_TCELL_NONATOPIC_PATIENT_UP]
[HP_PSYCHOGENIC_NON_EPILEPTIC_SEIZURE,HP_PSYCHOGENIC_NON_EPILEPTIC_SEIZURE] was killed by [GSE27241_WT_VS_RORGT_KO_TH17_POLARIZED_CD4_TCELL_TREATED_WITH_DIGOXIN_UP,GSE27241_WT_VS_RORGT_KO_TH17_POLARIZED_CD4_TCELL_TREATED_WITH_DIGOXIN_UP]
[GSE44649_NAIVE_VS_ACTIVATED_CD8_TCELL_MIR155_KO_UP,GSE44649_NAIVE_VS_ACTIVATED_CD8_TCELL_MIR155_KO_UP] was killed by [HP_RETINAL_ATROPHY,HP_RETINAL_ATROPHY]
[HP_DIALEPTIC_SEIZURE,HP_DIALEPTIC_SEIZURE] was killed by [HP_NON_MOTOR_SEIZURE,HP_NON_MOTOR_SEIZURE]
[KEGG_PROSTATE_CANCER,KEGG_PROSTATE_CANCER] was killed by [WP_TNF_RELATED_WEAK_INDUCER_OF_APOPTOSIS_TWEAK_SIGNALING_PATHWAY,WP_TNF_RELATED_WEAK_INDUCER_OF_APOPTOSIS_TWEAK_SIGNALING_PATHWAY]
[HP_RELATIVE_MACROCEPHALY,HP_RELATIVE_MACROCEPHALY] was killed by [GSE27241_WT_VS_RORGT_KO_TH17_POLARIZED_CD4_TCELL_TREATED_WITH_DIGOXIN_UP,GSE27241_WT_VS_RORGT_KO_TH17_POLARIZED_CD4_TCELL_TREATED_WITH_DIGOXIN_UP]
[GOBP_MEIOSIS_I_CELL_CYCLE_PROCESS,GOBP_MEIOSIS_I_CELL_CYCLE_PROCESS] was killed by [GOBP_HOMOLOGOUS_RECOMBINATION,GOBP_HOMOLOGOUS_RECOMBINATION]
[LU_AGING_BRAIN_DN,LU_AGING_BRAIN_DN] was killed by [PID_TXA2PATHWAY,PID_TXA2PATHWAY]
[HP_TOE_CLINODACTYLY,HP_TOE_CLINODACTYLY] was killed by [HP_RETINAL_ATROPHY,HP_RETINAL_ATROPHY]
[GSE40068_CXCR5NEG_BCL6NEG_CD4_TCELL_VS_CXCR5POS_BCL6NEG_TFH_UP,GSE40068_CXCR5NEG_BCL6NEG_CD4_TCELL_VS_CXCR5POS_BCL6NEG_TFH_UP] was killed by [GSE19923_WT_VS_HEB_KO_DP_THYMOCYTE_DN,GSE19923_WT_VS_HEB_KO_DP_THYMOCYTE_DN]
[GSE27786_CD8_TCELL_VS_NEUTROPHIL_DN,GSE27786_CD8_TCELL_VS_NEUTROPHIL_DN] was killed by [GSE3982_EFF_MEMORY_CD4_TCELL_VS_TH1_DN,GSE3982_EFF_MEMORY_CD4_TCELL_VS_TH1_DN]
[GSE2826_XID_VS_BTK_KO_BCELL_DN,GSE2826_XID_VS_BTK_KO_BCELL_DN] was killed by [PANGAS_TUMOR_SUPPRESSION_BY_SMAD1_AND_SMAD5_DN,PANGAS_TUMOR_SUPPRESSION_BY_SMAD1_AND_SMAD5_DN]
[GSE14415_NATURAL_TREG_VS_FOXP3_KO_NATURAL_TREG_DN,GSE14415_NATURAL_TREG_VS_FOXP3_KO_NATURAL_TREG_DN] was killed by [GOCC_SWI_SNF_SUPERFAMILY_TYPE_COMPLEX,GOCC_SWI_SNF_SUPERFAMILY_TYPE_COMPLEX]
[GSE5099_UNSTIM_VS_MCSF_TREATED_MONOCYTE_DAY7_UP,GSE5099_UNSTIM_VS_MCSF_TREATED_MONOCYTE_DAY7_UP] was killed by [GSE14908_RESTING_VS_HDM_STIM_CD4_TCELL_NONATOPIC_PATIENT_UP,GSE14908_RESTING_VS_HDM_STIM_CD4_TCELL_NONATOPIC_PATIENT_UP]
[AGGCACT_MIR5153P,AGGCACT_MIR5153P] was killed by [BILD_SRC_ONCOGENIC_SIGNATURE,BILD_SRC_ONCOGENIC_SIGNATURE]
[GSE25123_ROSIGLITAZONE_VS_IL4_AND_ROSIGLITAZONE_STIM_PPARG_KO_MACROPHAGE_DAY10_DN,GSE25123_ROSIGLITAZONE_VS_IL4_AND_ROSIGLITAZONE_STIM_PPARG_KO_MACROPHAGE_DAY10_DN] was killed by [GSE22501_PERIPHERAL_BLOOD_VS_CORD_BLOOD_TREG_DN,GSE22501_PERIPHERAL_BLOOD_VS_CORD_BLOOD_TREG_DN]
[GOBP_NUCLEOSOME_ASSEMBLY,GOBP_NUCLEOSOME_ASSEMBLY] was killed by [GNF2_MCM5,GNF2_MCM5]
[HP_METABOLIC_ACIDOSIS,HP_METABOLIC_ACIDOSIS] was killed by [GSE42021_TCONV_PLN_VS_CD24INT_TCONV_THYMUS_UP,GSE42021_TCONV_PLN_VS_CD24INT_TCONV_THYMUS_UP]
[HP_BREAST_CARCINOMA,HP_BREAST_CARCINOMA] was killed by [GSE27241_WT_VS_RORGT_KO_TH17_POLARIZED_CD4_TCELL_TREATED_WITH_DIGOXIN_UP,GSE27241_WT_VS_RORGT_KO_TH17_POLARIZED_CD4_TCELL_TREATED_WITH_DIGOXIN_UP]
[HP_CACHEXIA,HP_CACHEXIA] was killed by [chr15q21,chr15q21]
[REACTOME_O_LINKED_GLYCOSYLATION_OF_MUCINS,REACTOME_O_LINKED_GLYCOSYLATION_OF_MUCINS] was killed by [GOBP_PROTEIN_O_LINKED_GLYCOSYLATION,GOBP_PROTEIN_O_LINKED_GLYCOSYLATION]
[GSE360_L_DONOVANI_VS_M_TUBERCULOSIS_DC_DN,GSE360_L_DONOVANI_VS_M_TUBERCULOSIS_DC_DN] was killed by [GSE26030_TH1_VS_TH17_DAY5_POST_POLARIZATION_UP,GSE26030_TH1_VS_TH17_DAY5_POST_POLARIZATION_UP]
[HP_ABNORMALITY_OF_THE_ANKLES,HP_ABNORMALITY_OF_THE_ANKLES] was killed by [GSE27241_WT_VS_RORGT_KO_TH17_POLARIZED_CD4_TCELL_TREATED_WITH_DIGOXIN_UP,GSE27241_WT_VS_RORGT_KO_TH17_POLARIZED_CD4_TCELL_TREATED_WITH_DIGOXIN_UP]
[GSE22886_NEUTROPHIL_VS_DC_DN,GSE22886_NEUTROPHIL_VS_DC_DN] was killed by [GOBP_POSITIVE_REGULATION_OF_CANONICAL_WNT_SIGNALING_PATHWAY,GOBP_POSITIVE_REGULATION_OF_CANONICAL_WNT_SIGNALING_PATHWAY]
[HP_DISPROPORTIONATE_TALL_STATURE,HP_DISPROPORTIONATE_TALL_STATURE] was killed by [GSE27241_WT_VS_RORGT_KO_TH17_POLARIZED_CD4_TCELL_TREATED_WITH_DIGOXIN_UP,GSE27241_WT_VS_RORGT_KO_TH17_POLARIZED_CD4_TCELL_TREATED_WITH_DIGOXIN_UP]
[GSE2585_CTEC_VS_THYMIC_MACROPHAGE_DN,GSE2585_CTEC_VS_THYMIC_MACROPHAGE_DN] was killed by [GSE27241_WT_VS_RORGT_KO_TH17_POLARIZED_CD4_TCELL_TREATED_WITH_DIGOXIN_UP,GSE27241_WT_VS_RORGT_KO_TH17_POLARIZED_CD4_TCELL_TREATED_WITH_DIGOXIN_UP]
[HP_EARLY_ONSET_OF_SEXUAL_MATURATION,HP_EARLY_ONSET_OF_SEXUAL_MATURATION] was killed by [GSE27241_WT_VS_RORGT_KO_TH17_POLARIZED_CD4_TCELL_TREATED_WITH_DIGOXIN_UP,GSE27241_WT_VS_RORGT_KO_TH17_POLARIZED_CD4_TCELL_TREATED_WITH_DIGOXIN_UP]
[GGGATGC_MIR3245P,GGGATGC_MIR3245P] was killed by [CCAWNWWNNNGGC_UNKNOWN,CCAWNWWNNNGGC_UNKNOWN]
[GOBP_PEROXISOME_ORGANIZATION,GOBP_PEROXISOME_ORGANIZATION] was killed by [HP_ABNORMAL_EPIPHYSEAL_OSSIFICATION,HP_ABNORMAL_EPIPHYSEAL_OSSIFICATION]
[LAKE_ADULT_KIDNEY_C25_ENDOTHELIAL_CELLS_UNASSIGNED,LAKE_ADULT_KIDNEY_C25_ENDOTHELIAL_CELLS_UNASSIGNED] was killed by [GSE27241_WT_VS_RORGT_KO_TH17_POLARIZED_CD4_TCELL_TREATED_WITH_DIGOXIN_UP,GSE27241_WT_VS_RORGT_KO_TH17_POLARIZED_CD4_TCELL_TREATED_WITH_DIGOXIN_UP]
[GOBP_EMBRYONIC_HEART_TUBE_DEVELOPMENT,GOBP_EMBRYONIC_HEART_TUBE_DEVELOPMENT] was killed by [GOBP_REGULATION_OF_SIGNALING_RECEPTOR_ACTIVITY,GOBP_REGULATION_OF_SIGNALING_RECEPTOR_ACTIVITY]
[WP_DNA_DAMAGE_RESPONSE,WP_DNA_DAMAGE_RESPONSE] was killed by [GOBP_HOMOLOGOUS_RECOMBINATION,GOBP_HOMOLOGOUS_RECOMBINATION]
[WP_MIRNA_REGULATION_OF_DNA_DAMAGE_RESPONSE,WP_MIRNA_REGULATION_OF_DNA_DAMAGE_RESPONSE] was killed by [GOBP_HOMOLOGOUS_RECOMBINATION,GOBP_HOMOLOGOUS_RECOMBINATION]
[WP_RANKLRANK_RECEPTOR_ACTIVATOR_OF_NFKB_LIGAND_SIGNALING_PATHWAY,WP_RANKLRANK_RECEPTOR_ACTIVATOR_OF_NFKB_LIGAND_SIGNALING_PATHWAY] was killed by [PID_TXA2PATHWAY,PID_TXA2PATHWAY]
[WU_APOPTOSIS_BY_CDKN1A_VIA_TP53,WU_APOPTOSIS_BY_CDKN1A_VIA_TP53] was killed by [GNF2_MCM5,GNF2_MCM5]
[GSE37532_WT_VS_PPARG_KO_VISCERAL_ADIPOSE_TISSUE_TCONV_DN,GSE37532_WT_VS_PPARG_KO_VISCERAL_ADIPOSE_TISSUE_TCONV_DN] was killed by [GNF2_MCM5,GNF2_MCM5]
[MIR8071,MIR8071] was killed by [GOBP_REGULATION_OF_SIGNALING_RECEPTOR_ACTIVITY,GOBP_REGULATION_OF_SIGNALING_RECEPTOR_ACTIVITY]
[GOBP_O_GLYCAN_PROCESSING,GOBP_O_GLYCAN_PROCESSING] was killed by [GOBP_PROTEIN_O_LINKED_GLYCOSYLATION,GOBP_PROTEIN_O_LINKED_GLYCOSYLATION]
[GSE11924_TFH_VS_TH17_CD4_TCELL_UP,GSE11924_TFH_VS_TH17_CD4_TCELL_UP] was killed by [GOMF_SIGNALING_ADAPTOR_ACTIVITY,GOMF_SIGNALING_ADAPTOR_ACTIVITY]
[GSE13484_UNSTIM_VS_YF17D_VACCINE_STIM_PBMC_DN,GSE13484_UNSTIM_VS_YF17D_VACCINE_STIM_PBMC_DN] was killed by [GSE26030_TH1_VS_TH17_DAY5_POST_POLARIZATION_UP,GSE26030_TH1_VS_TH17_DAY5_POST_POLARIZATION_UP]
[WP_MIRNAS_INVOLVEMENT_IN_THE_IMMUNE_RESPONSE_IN_SEPSIS,WP_MIRNAS_INVOLVEMENT_IN_THE_IMMUNE_RESPONSE_IN_SEPSIS] was killed by [PID_TXA2PATHWAY,PID_TXA2PATHWAY]
[GSE21670_UNTREATED_VS_TGFB_IL6_TREATED_STAT3_KO_CD4_TCELL_UP,GSE21670_UNTREATED_VS_TGFB_IL6_TREATED_STAT3_KO_CD4_TCELL_UP] was killed by [GSE3982_EFF_MEMORY_CD4_TCELL_VS_TH1_DN,GSE3982_EFF_MEMORY_CD4_TCELL_VS_TH1_DN]
[GSE40685_NAIVE_CD4_TCELL_VS_TREG_DN,GSE40685_NAIVE_CD4_TCELL_VS_TREG_DN] was killed by [GSE14908_RESTING_VS_HDM_STIM_CD4_TCELL_NONATOPIC_PATIENT_UP,GSE14908_RESTING_VS_HDM_STIM_CD4_TCELL_NONATOPIC_PATIENT_UP]
[REACTOME_G_PROTEIN_MEDIATED_EVENTS,REACTOME_G_PROTEIN_MEDIATED_EVENTS] was killed by [PID_TXA2PATHWAY,PID_TXA2PATHWAY]
[GOBP_MUSCLE_HYPERTROPHY,GOBP_MUSCLE_HYPERTROPHY] was killed by [PID_TXA2PATHWAY,PID_TXA2PATHWAY]
[GTACAGG_MIR486,GTACAGG_MIR486] was killed by [GOMF_SIGNALING_ADAPTOR_ACTIVITY,GOMF_SIGNALING_ADAPTOR_ACTIVITY]
[MORF_PPP6C,MORF_PPP6C] was killed by [GSE19923_WT_VS_HEB_KO_DP_THYMOCYTE_DN,GSE19923_WT_VS_HEB_KO_DP_THYMOCYTE_DN]
[GSE25123_ROSIGLITAZONE_VS_IL4_AND_ROSIGLITAZONE_STIM_MACROPHAGE_DAY10_UP,GSE25123_ROSIGLITAZONE_VS_IL4_AND_ROSIGLITAZONE_STIM_MACROPHAGE_DAY10_UP] was killed by [GSE3982_EFF_MEMORY_CD4_TCELL_VS_TH1_DN,GSE3982_EFF_MEMORY_CD4_TCELL_VS_TH1_DN]
[REACTOME_SIGNALING_BY_INSULIN_RECEPTOR,REACTOME_SIGNALING_BY_INSULIN_RECEPTOR] was killed by [WP_TNF_RELATED_WEAK_INDUCER_OF_APOPTOSIS_TWEAK_SIGNALING_PATHWAY,WP_TNF_RELATED_WEAK_INDUCER_OF_APOPTOSIS_TWEAK_SIGNALING_PATHWAY]
[HP_CONGENITAL_DIAPHRAGMATIC_HERNIA,HP_CONGENITAL_DIAPHRAGMATIC_HERNIA] was killed by [GSE14908_RESTING_VS_HDM_STIM_CD4_TCELL_NONATOPIC_PATIENT_UP,GSE14908_RESTING_VS_HDM_STIM_CD4_TCELL_NONATOPIC_PATIENT_UP]
[HP_AUTISM,HP_AUTISM] was killed by [GSE27241_WT_VS_RORGT_KO_TH17_POLARIZED_CD4_TCELL_TREATED_WITH_DIGOXIN_UP,GSE27241_WT_VS_RORGT_KO_TH17_POLARIZED_CD4_TCELL_TREATED_WITH_DIGOXIN_UP]
[MIR324_3P,MIR324_3P] was killed by [CCAWNWWNNNGGC_UNKNOWN,CCAWNWWNNNGGC_UNKNOWN]
[GOBP_TRANSITION_METAL_ION_TRANSPORT,GOBP_TRANSITION_METAL_ION_TRANSPORT] was killed by [REACTOME_IRON_UPTAKE_AND_TRANSPORT,REACTOME_IRON_UPTAKE_AND_TRANSPORT]
[REACTOME_CELLULAR_RESPONSE_TO_HEAT_STRESS,REACTOME_CELLULAR_RESPONSE_TO_HEAT_STRESS] was killed by [GOMF_SIGNAL_SEQUENCE_BINDING,GOMF_SIGNAL_SEQUENCE_BINDING]
[GOBP_ENDOTHELIUM_DEVELOPMENT,GOBP_ENDOTHELIUM_DEVELOPMENT] was killed by [GSE27241_WT_VS_RORGT_KO_TH17_POLARIZED_CD4_TCELL_TREATED_WITH_DIGOXIN_UP,GSE27241_WT_VS_RORGT_KO_TH17_POLARIZED_CD4_TCELL_TREATED_WITH_DIGOXIN_UP]
[KAUFFMANN_MELANOMA_RELAPSE_UP,KAUFFMANN_MELANOMA_RELAPSE_UP] was killed by [GNF2_MCM5,GNF2_MCM5]
[MODULE_301,MODULE_301] was killed by [MARTORIATI_MDM4_TARGETS_NEUROEPITHELIUM_DN,MARTORIATI_MDM4_TARGETS_NEUROEPITHELIUM_DN]
[ZHONG_PFC_C2_UNKNOWN_NPC,ZHONG_PFC_C2_UNKNOWN_NPC] was killed by [GSE3982_EFF_MEMORY_CD4_TCELL_VS_TH1_DN,GSE3982_EFF_MEMORY_CD4_TCELL_VS_TH1_DN]
[HP_ABNORMALITY_OF_EARLOBE,HP_ABNORMALITY_OF_EARLOBE] was killed by [HP_NON_MOTOR_SEIZURE,HP_NON_MOTOR_SEIZURE]
[REACTOME_EXTRA_NUCLEAR_ESTROGEN_SIGNALING,REACTOME_EXTRA_NUCLEAR_ESTROGEN_SIGNALING] was killed by [GCM_GSTA4,GCM_GSTA4]
[GOBP_ATP_DEPENDENT_CHROMATIN_REMODELING,GOBP_ATP_DEPENDENT_CHROMATIN_REMODELING] was killed by [GOCC_SWI_SNF_SUPERFAMILY_TYPE_COMPLEX,GOCC_SWI_SNF_SUPERFAMILY_TYPE_COMPLEX]
[GSE14699_DELETIONAL_TOLERANCE_VS_ACTIVATED_CD8_TCELL_DN,GSE14699_DELETIONAL_TOLERANCE_VS_ACTIVATED_CD8_TCELL_DN] was killed by [HP_ABNORMAL_EPIPHYSEAL_OSSIFICATION,HP_ABNORMAL_EPIPHYSEAL_OSSIFICATION]
[HP_ABNORMAL_ILEUM_MORPHOLOGY,HP_ABNORMAL_ILEUM_MORPHOLOGY] was killed by [GOBP_HOMOLOGOUS_RECOMBINATION,GOBP_HOMOLOGOUS_RECOMBINATION]
[GOMF_NUCLEAR_LOCALIZATION_SEQUENCE_BINDING,GOMF_NUCLEAR_LOCALIZATION_SEQUENCE_BINDING] was killed by [GOMF_SIGNAL_SEQUENCE_BINDING,GOMF_SIGNAL_SEQUENCE_BINDING]
[HP_ABNORMAL_FINGERTIP_MORPHOLOGY,HP_ABNORMAL_FINGERTIP_MORPHOLOGY] was killed by [GSE27241_WT_VS_RORGT_KO_TH17_POLARIZED_CD4_TCELL_TREATED_WITH_DIGOXIN_UP,GSE27241_WT_VS_RORGT_KO_TH17_POLARIZED_CD4_TCELL_TREATED_WITH_DIGOXIN_UP]
[GSE9006_1MONTH_VS_4MONTH_POST_TYPE_1_DIABETES_DX_PBMC_UP,GSE9006_1MONTH_VS_4MONTH_POST_TYPE_1_DIABETES_DX_PBMC_UP] was killed by [REACTOME_IRON_UPTAKE_AND_TRANSPORT,REACTOME_IRON_UPTAKE_AND_TRANSPORT]
[GOBP_CELLULAR_RESPONSE_TO_ALCOHOL,GOBP_CELLULAR_RESPONSE_TO_ALCOHOL] was killed by [GSE3982_EFF_MEMORY_CD4_TCELL_VS_TH1_DN,GSE3982_EFF_MEMORY_CD4_TCELL_VS_TH1_DN]
[MIR10B_3P,MIR10B_3P] was killed by [PANGAS_TUMOR_SUPPRESSION_BY_SMAD1_AND_SMAD5_DN,PANGAS_TUMOR_SUPPRESSION_BY_SMAD1_AND_SMAD5_DN]
[GSE42088_UNINF_VS_LEISHMANIA_INF_DC_8H_UP,GSE42088_UNINF_VS_LEISHMANIA_INF_DC_8H_UP] was killed by [BILD_SRC_ONCOGENIC_SIGNATURE,BILD_SRC_ONCOGENIC_SIGNATURE]
