[MIR199A_3P_MIR199B_3P,MIR199A_3P_MIR199B_3P] was killed by [MIR3129_5P,MIR3129_5P]
[GTGACTT_MIR224,GTGACTT_MIR224] was killed by [ATACTGT_MIR144,ATACTGT_MIR144]
[MIR6766_3P,MIR6766_3P] was killed by [MIR219A_5P,MIR219A_5P]
[MIR4782_3P,MIR4782_3P] was killed by [MIR219A_5P,MIR219A_5P]
[ATGAAGG_MIR205,ATGAAGG_MIR205] was killed by [ATACTGT_MIR144,ATACTGT_MIR144]
[CTACTGT_MIR199A,CTACTGT_MIR199A] was killed by [MIR3129_5P,MIR3129_5P]
[MIR6738_3P,MIR6738_3P] was killed by [ATACTGT_MIR144,ATACTGT_MIR144]
[PRDM5_TARGET_GENES,PRDM5_TARGET_GENES] was killed by [CTR9_TARGET_GENES,CTR9_TARGET_GENES]
[MIR216B_3P,MIR216B_3P] was killed by [MIR425_5P,MIR425_5P]
[MIR7111_3P,MIR7111_3P] was killed by [MIR4330,MIR4330]
[MIR632,MIR632] was killed by [MIR219A_5P,MIR219A_5P]
[MIR8076,MIR8076] was killed by [MIR219A_5P,MIR219A_5P]
[MIR4509,MIR4509] was killed by [ATACTGT_MIR144,ATACTGT_MIR144]
[ACACTGG_MIR199A_MIR199B,ACACTGG_MIR199A_MIR199B] was killed by [ATACTGT_MIR144,ATACTGT_MIR144]
[MIR1244,MIR1244] was killed by [MIR3129_5P,MIR3129_5P]
[MIR3187_5P,MIR3187_5P] was killed by [ACCAATC_MIR509,ACCAATC_MIR509]
[MIR4514,MIR4514] was killed by [MIR219A_5P,MIR219A_5P]
[PAX6_01,PAX6_01] was killed by [MIR219A_5P,MIR219A_5P]
[GGCNNMSMYNTTG_UNKNOWN,GGCNNMSMYNTTG_UNKNOWN] was killed by [ATACTGT_MIR144,ATACTGT_MIR144]
[AGCATTA_MIR155,AGCATTA_MIR155] was killed by [ATACTGT_MIR144,ATACTGT_MIR144]
[MIR6758_3P,MIR6758_3P] was killed by [ACCAATC_MIR509,ACCAATC_MIR509]
[MIR511_3P,MIR511_3P] was killed by [MIR4330,MIR4330]
[MIR3613_5P,MIR3613_5P] was killed by [MIR4330,MIR4330]
[MIR421,MIR421] was killed by [ATACTGT_MIR144,ATACTGT_MIR144]
[MIR4273,MIR4273] was killed by [MIR219A_5P,MIR219A_5P]
[MIR3977,MIR3977] was killed by [ATACTGT_MIR144,ATACTGT_MIR144]
[MIR6783_5P,MIR6783_5P] was killed by [ATACTGT_MIR144,ATACTGT_MIR144]
[MIR4274,MIR4274] was killed by [MIR4486,MIR4486]
