[WP_CELL_DIFFERENTIATION_INDEX,WP_CELL_DIFFERENTIATION_INDEX] was killed by [WP_CELL_DIFFERENTIATION_INDEX_EXPANDED,WP_CELL_DIFFERENTIATION_INDEX_EXPANDED]
[WP_PARKINSONS_DISEASE_PATHWAY,WP_PARKINSONS_DISEASE_PATHWAY] was killed by [WP_ALZHEIMERS_DISEASE,WP_ALZHEIMERS_DISEASE]
[WP_DNA_IRDAMAGE_AND_CELLULAR_RESPONSE_VIA_ATR,WP_DNA_IRDAMAGE_AND_CELLULAR_RESPONSE_VIA_ATR] was killed by [WP_DNA_REPAIR_PATHWAYS_FULL_NETWORK,WP_DNA_REPAIR_PATHWAYS_FULL_NETWORK]
[WP_MITOCHONDRIAL_COMPLEX_I_ASSEMBLY_MODEL_OXPHOS_SYSTEM,WP_MITOCHONDRIAL_COMPLEX_I_ASSEMBLY_MODEL_OXPHOS_SYSTEM] was killed by [WP_ELECTRON_TRANSPORT_CHAIN_OXPHOS_SYSTEM_IN_MITOCHONDRIA,WP_ELECTRON_TRANSPORT_CHAIN_OXPHOS_SYSTEM_IN_MITOCHONDRIA]
[WP_MIRNAS_INVOLVED_IN_DNA_DAMAGE_RESPONSE,WP_MIRNAS_INVOLVED_IN_DNA_DAMAGE_RESPONSE] was killed by [WP_CELL_DIFFERENTIATION_INDEX_EXPANDED,WP_CELL_DIFFERENTIATION_INDEX_EXPANDED]
[WP_OXIDATIVE_PHOSPHORYLATION,WP_OXIDATIVE_PHOSPHORYLATION] was killed by [WP_ELECTRON_TRANSPORT_CHAIN_OXPHOS_SYSTEM_IN_MITOCHONDRIA,WP_ELECTRON_TRANSPORT_CHAIN_OXPHOS_SYSTEM_IN_MITOCHONDRIA]
[WP_DNA_REPLICATION,WP_DNA_REPLICATION] was killed by [WP_DNA_REPAIR_PATHWAYS_FULL_NETWORK,WP_DNA_REPAIR_PATHWAYS_FULL_NETWORK]
[WP_RETINOBLASTOMA_GENE_IN_CANCER,WP_RETINOBLASTOMA_GENE_IN_CANCER] was killed by [WP_DNA_REPAIR_PATHWAYS_FULL_NETWORK,WP_DNA_REPAIR_PATHWAYS_FULL_NETWORK]
[WP_METASTATIC_BRAIN_TUMOR,WP_METASTATIC_BRAIN_TUMOR] was killed by [WP_ALZHEIMERS_DISEASE,WP_ALZHEIMERS_DISEASE]
[WP_NUCLEOTIDE_EXCISION_REPAIR,WP_NUCLEOTIDE_EXCISION_REPAIR] was killed by [WP_DNA_REPAIR_PATHWAYS_FULL_NETWORK,WP_DNA_REPAIR_PATHWAYS_FULL_NETWORK]
[WP_INTEGRATED_BREAST_CANCER_PATHWAY,WP_INTEGRATED_BREAST_CANCER_PATHWAY] was killed by [WP_DNA_REPAIR_PATHWAYS_FULL_NETWORK,WP_DNA_REPAIR_PATHWAYS_FULL_NETWORK]
[WP_SPINAL_CORD_INJURY,WP_SPINAL_CORD_INJURY] was killed by [WP_CELL_CYCLE,WP_CELL_CYCLE]
[WP_PYRIMIDINE_METABOLISM,WP_PYRIMIDINE_METABOLISM] was killed by [WP_DNA_REPAIR_PATHWAYS_FULL_NETWORK,WP_DNA_REPAIR_PATHWAYS_FULL_NETWORK]
[WP_MIRNA_REGULATION_OF_PROSTATE_CANCER_SIGNALING_PATHWAYS,WP_MIRNA_REGULATION_OF_PROSTATE_CANCER_SIGNALING_PATHWAYS] was killed by [WP_EGFEGFR_SIGNALING_PATHWAY,WP_EGFEGFR_SIGNALING_PATHWAY]
[WP_KIT_RECEPTOR_SIGNALING_PATHWAY,WP_KIT_RECEPTOR_SIGNALING_PATHWAY] was killed by [WP_EGFEGFR_SIGNALING_PATHWAY,WP_EGFEGFR_SIGNALING_PATHWAY]
[WP_TCELL_ANTIGEN_RECEPTOR_TCR_SIGNALING_PATHWAY,WP_TCELL_ANTIGEN_RECEPTOR_TCR_SIGNALING_PATHWAY] was killed by [WP_EGFEGFR_SIGNALING_PATHWAY,WP_EGFEGFR_SIGNALING_PATHWAY]
[WP_EUKARYOTIC_TRANSCRIPTION_INITIATION,WP_EUKARYOTIC_TRANSCRIPTION_INITIATION] was killed by [WP_DNA_REPAIR_PATHWAYS_FULL_NETWORK,WP_DNA_REPAIR_PATHWAYS_FULL_NETWORK]
[WP_NONALCOHOLIC_FATTY_LIVER_DISEASE,WP_NONALCOHOLIC_FATTY_LIVER_DISEASE] was killed by [WP_ELECTRON_TRANSPORT_CHAIN_OXPHOS_SYSTEM_IN_MITOCHONDRIA,WP_ELECTRON_TRANSPORT_CHAIN_OXPHOS_SYSTEM_IN_MITOCHONDRIA]
[WP_VITAMIN_D_RECEPTOR_PATHWAY,WP_VITAMIN_D_RECEPTOR_PATHWAY] was killed by [WP_CELL_CYCLE,WP_CELL_CYCLE]
[WP_SIGNALING_PATHWAYS_IN_GLIOBLASTOMA,WP_SIGNALING_PATHWAYS_IN_GLIOBLASTOMA] was killed by [WP_EGFEGFR_SIGNALING_PATHWAY,WP_EGFEGFR_SIGNALING_PATHWAY]
[WP_B_CELL_RECEPTOR_SIGNALING_PATHWAY,WP_B_CELL_RECEPTOR_SIGNALING_PATHWAY] was killed by [WP_EGFEGFR_SIGNALING_PATHWAY,WP_EGFEGFR_SIGNALING_PATHWAY]
[WP_DNA_IRDOUBLE_STRAND_BREAKS_DSBS_AND_CELLULAR_RESPONSE_VIA_ATM,WP_DNA_IRDOUBLE_STRAND_BREAKS_DSBS_AND_CELLULAR_RESPONSE_VIA_ATM] was killed by [WP_DNA_REPAIR_PATHWAYS_FULL_NETWORK,WP_DNA_REPAIR_PATHWAYS_FULL_NETWORK]
[WP_APOPTOSIS,WP_APOPTOSIS] was killed by [WP_ALZHEIMERS_DISEASE,WP_ALZHEIMERS_DISEASE]
[WP_GPCRS_OTHER,WP_GPCRS_OTHER] was killed by [WP_PEPTIDE_GPCRS,WP_PEPTIDE_GPCRS]
[WP_EBOLA_VIRUS_PATHWAY_ON_HOST,WP_EBOLA_VIRUS_PATHWAY_ON_HOST] was killed by [WP_EGFEGFR_SIGNALING_PATHWAY,WP_EGFEGFR_SIGNALING_PATHWAY]
[WP_ALLOGRAFT_REJECTION,WP_ALLOGRAFT_REJECTION] was killed by [WP_HUMAN_COMPLEMENT_SYSTEM,WP_HUMAN_COMPLEMENT_SYSTEM]
[WP_ANGIOPOIETIN_LIKE_PROTEIN_8_REGULATORY_PATHWAY,WP_ANGIOPOIETIN_LIKE_PROTEIN_8_REGULATORY_PATHWAY] was killed by [WP_EGFEGFR_SIGNALING_PATHWAY,WP_EGFEGFR_SIGNALING_PATHWAY]
[WP_CILIOPATHIES,WP_CILIOPATHIES] was killed by [WP_GENES_RELATED_TO_PRIMARY_CILIUM_DEVELOPMENT_BASED_ON_CRISPR,WP_GENES_RELATED_TO_PRIMARY_CILIUM_DEVELOPMENT_BASED_ON_CRISPR]
[WP_OVERVIEW_OF_INTERFERONSMEDIATED_SIGNALING_PATHWAY,WP_OVERVIEW_OF_INTERFERONSMEDIATED_SIGNALING_PATHWAY] was killed by [WP_EGFEGFR_SIGNALING_PATHWAY,WP_EGFEGFR_SIGNALING_PATHWAY]
[WP_ERBB_SIGNALING_PATHWAY,WP_ERBB_SIGNALING_PATHWAY] was killed by [WP_EGFEGFR_SIGNALING_PATHWAY,WP_EGFEGFR_SIGNALING_PATHWAY]
[WP_MAPK_CASCADE,WP_MAPK_CASCADE] was killed by [WP_EGFEGFR_SIGNALING_PATHWAY,WP_EGFEGFR_SIGNALING_PATHWAY]
[WP_COMPLEMENT_AND_COAGULATION_CASCADES,WP_COMPLEMENT_AND_COAGULATION_CASCADES] was killed by [WP_HUMAN_COMPLEMENT_SYSTEM,WP_HUMAN_COMPLEMENT_SYSTEM]
[WP_JOUBERT_SYNDROME,WP_JOUBERT_SYNDROME] was killed by [WP_GENES_RELATED_TO_PRIMARY_CILIUM_DEVELOPMENT_BASED_ON_CRISPR,WP_GENES_RELATED_TO_PRIMARY_CILIUM_DEVELOPMENT_BASED_ON_CRISPR]
[WP_MIRNAS_INVOLVEMENT_IN_THE_IMMUNE_RESPONSE_IN_SEPSIS,WP_MIRNAS_INVOLVEMENT_IN_THE_IMMUNE_RESPONSE_IN_SEPSIS] was killed by [WP_CELL_DIFFERENTIATION_INDEX_EXPANDED,WP_CELL_DIFFERENTIATION_INDEX_EXPANDED]
[WP_DNA_DAMAGE_RESPONSE,WP_DNA_DAMAGE_RESPONSE] was killed by [WP_DNA_REPAIR_PATHWAYS_FULL_NETWORK,WP_DNA_REPAIR_PATHWAYS_FULL_NETWORK]
[WP_INSULIN_SIGNALING,WP_INSULIN_SIGNALING] was killed by [WP_EGFEGFR_SIGNALING_PATHWAY,WP_EGFEGFR_SIGNALING_PATHWAY]
[WP_NONSMALL_CELL_LUNG_CANCER,WP_NONSMALL_CELL_LUNG_CANCER] was killed by [WP_ALZHEIMERS_DISEASE,WP_ALZHEIMERS_DISEASE]
[WP_IL2_SIGNALING_PATHWAY,WP_IL2_SIGNALING_PATHWAY] was killed by [WP_EGFEGFR_SIGNALING_PATHWAY,WP_EGFEGFR_SIGNALING_PATHWAY]
[WP_DNA_MISMATCH_REPAIR,WP_DNA_MISMATCH_REPAIR] was killed by [WP_DNA_REPAIR_PATHWAYS_FULL_NETWORK,WP_DNA_REPAIR_PATHWAYS_FULL_NETWORK]
[WP_SIGNALING_OF_HEPATOCYTE_GROWTH_FACTOR_RECEPTOR,WP_SIGNALING_OF_HEPATOCYTE_GROWTH_FACTOR_RECEPTOR] was killed by [WP_EGFEGFR_SIGNALING_PATHWAY,WP_EGFEGFR_SIGNALING_PATHWAY]
[WP_METABOLIC_REPROGRAMMING_IN_COLON_CANCER,WP_METABOLIC_REPROGRAMMING_IN_COLON_CANCER] was killed by [WP_AMINO_ACID_METABOLISM,WP_AMINO_ACID_METABOLISM]
[WP_LEPTIN_SIGNALING_PATHWAY,WP_LEPTIN_SIGNALING_PATHWAY] was killed by [WP_EGFEGFR_SIGNALING_PATHWAY,WP_EGFEGFR_SIGNALING_PATHWAY]
[WP_GASTRIN_SIGNALING_PATHWAY,WP_GASTRIN_SIGNALING_PATHWAY] was killed by [WP_CELL_DIFFERENTIATION_INDEX_EXPANDED,WP_CELL_DIFFERENTIATION_INDEX_EXPANDED]
[WP_TCA_CYCLE_AKA_KREBS_OR_CITRIC_ACID_CYCLE,WP_TCA_CYCLE_AKA_KREBS_OR_CITRIC_ACID_CYCLE] was killed by [WP_ELECTRON_TRANSPORT_CHAIN_OXPHOS_SYSTEM_IN_MITOCHONDRIA,WP_ELECTRON_TRANSPORT_CHAIN_OXPHOS_SYSTEM_IN_MITOCHONDRIA]
[WP_TUMOR_SUPPRESSOR_ACTIVITY_OF_SMARCB1,WP_TUMOR_SUPPRESSOR_ACTIVITY_OF_SMARCB1] was killed by [WP_CELL_CYCLE,WP_CELL_CYCLE]
[WP_APOPTOSISRELATED_NETWORK_DUE_TO_ALTERED_NOTCH3_IN_OVARIAN_CANCER,WP_APOPTOSISRELATED_NETWORK_DUE_TO_ALTERED_NOTCH3_IN_OVARIAN_CANCER] was killed by [WP_ALZHEIMERS_DISEASE,WP_ALZHEIMERS_DISEASE]
[WP_MITOCHONDRIAL_CIV_ASSEMBLY,WP_MITOCHONDRIAL_CIV_ASSEMBLY] was killed by [WP_ELECTRON_TRANSPORT_CHAIN_OXPHOS_SYSTEM_IN_MITOCHONDRIA,WP_ELECTRON_TRANSPORT_CHAIN_OXPHOS_SYSTEM_IN_MITOCHONDRIA]
[WP_TRANSLATION_INHIBITORS_IN_CHRONICALLY_ACTIVATED_PDGFRA_CELLS,WP_TRANSLATION_INHIBITORS_IN_CHRONICALLY_ACTIVATED_PDGFRA_CELLS] was killed by [WP_CYTOPLASMIC_RIBOSOMAL_PROTEINS,WP_CYTOPLASMIC_RIBOSOMAL_PROTEINS]
[WP_RAS_SIGNALING,WP_RAS_SIGNALING] was killed by [WP_MRNA_PROCESSING,WP_MRNA_PROCESSING]
[WP_ARRHYTHMOGENIC_RIGHT_VENTRICULAR_CARDIOMYOPATHY,WP_ARRHYTHMOGENIC_RIGHT_VENTRICULAR_CARDIOMYOPATHY] was killed by [WP_MIRNA_TARGETS_IN_ECM_AND_MEMBRANE_RECEPTORS,WP_MIRNA_TARGETS_IN_ECM_AND_MEMBRANE_RECEPTORS]
[WP_FRAGILE_X_SYNDROME,WP_FRAGILE_X_SYNDROME] was killed by [WP_EGFEGFR_SIGNALING_PATHWAY,WP_EGFEGFR_SIGNALING_PATHWAY]
[WP_BASE_EXCISION_REPAIR,WP_BASE_EXCISION_REPAIR] was killed by [WP_DNA_REPAIR_PATHWAYS_FULL_NETWORK,WP_DNA_REPAIR_PATHWAYS_FULL_NETWORK]
[WP_PROLACTIN_SIGNALING_PATHWAY,WP_PROLACTIN_SIGNALING_PATHWAY] was killed by [WP_EGFEGFR_SIGNALING_PATHWAY,WP_EGFEGFR_SIGNALING_PATHWAY]
[WP_HEAD_AND_NECK_SQUAMOUS_CELL_CARCINOMA,WP_HEAD_AND_NECK_SQUAMOUS_CELL_CARCINOMA] was killed by [WP_EGFEGFR_SIGNALING_PATHWAY,WP_EGFEGFR_SIGNALING_PATHWAY]
[WP_METHIONINE_DE_NOVO_AND_SALVAGE_PATHWAY,WP_METHIONINE_DE_NOVO_AND_SALVAGE_PATHWAY] was killed by [WP_AMINO_ACID_METABOLISM,WP_AMINO_ACID_METABOLISM]
[WP_CANONICAL_AND_NONCANONICAL_NOTCH_SIGNALING,WP_CANONICAL_AND_NONCANONICAL_NOTCH_SIGNALING] was killed by [WP_ROLE_OF_OSX_AND_MIRNAS_IN_TOOTH_DEVELOPMENT,WP_ROLE_OF_OSX_AND_MIRNAS_IN_TOOTH_DEVELOPMENT]
[WP_MIRNA_REGULATION_OF_DNA_DAMAGE_RESPONSE,WP_MIRNA_REGULATION_OF_DNA_DAMAGE_RESPONSE] was killed by [WP_DNA_REPAIR_PATHWAYS_FULL_NETWORK,WP_DNA_REPAIR_PATHWAYS_FULL_NETWORK]
[WP_ATM_SIGNALING_NETWORK_IN_DEVELOPMENT_AND_DISEASE,WP_ATM_SIGNALING_NETWORK_IN_DEVELOPMENT_AND_DISEASE] was killed by [WP_DNA_REPAIR_PATHWAYS_FULL_NETWORK,WP_DNA_REPAIR_PATHWAYS_FULL_NETWORK]
[WP_INTEGRINMEDIATED_CELL_ADHESION,WP_INTEGRINMEDIATED_CELL_ADHESION] was killed by [WP_EGFEGFR_SIGNALING_PATHWAY,WP_EGFEGFR_SIGNALING_PATHWAY]
[WP_STRUCTURAL_PATHWAY_OF_INTERLEUKIN_1_IL1,WP_STRUCTURAL_PATHWAY_OF_INTERLEUKIN_1_IL1] was killed by [WP_EGFEGFR_SIGNALING_PATHWAY,WP_EGFEGFR_SIGNALING_PATHWAY]
[WP_STEROL_REGULATORY_ELEMENTBINDING_PROTEINS_SREBP_SIGNALLING,WP_STEROL_REGULATORY_ELEMENTBINDING_PROTEINS_SREBP_SIGNALLING] was killed by [WP_CHOLESTEROL_BIOSYNTHESIS_PATHWAY,WP_CHOLESTEROL_BIOSYNTHESIS_PATHWAY]
[WP_CARDIAC_HYPERTROPHIC_RESPONSE,WP_CARDIAC_HYPERTROPHIC_RESPONSE] was killed by [WP_ALZHEIMERS_DISEASE,WP_ALZHEIMERS_DISEASE]
[WP_INTERACTIONS_BETWEEN_IMMUNE_CELLS_AND_MICRORNAS_IN_TUMOR_MICROENVIRONMENT,WP_INTERACTIONS_BETWEEN_IMMUNE_CELLS_AND_MICRORNAS_IN_TUMOR_MICROENVIRONMENT] was killed by [WP_MIRNA_TARGETS_IN_ECM_AND_MEMBRANE_RECEPTORS,WP_MIRNA_TARGETS_IN_ECM_AND_MEMBRANE_RECEPTORS]
[WP_TYPE_II_INTERFERON_SIGNALING_IFNG,WP_TYPE_II_INTERFERON_SIGNALING_IFNG] was killed by [WP_EGFEGFR_SIGNALING_PATHWAY,WP_EGFEGFR_SIGNALING_PATHWAY]
[WP_MET_IN_TYPE_1_PAPILLARY_RENAL_CELL_CARCINOMA,WP_MET_IN_TYPE_1_PAPILLARY_RENAL_CELL_CARCINOMA] was killed by [WP_EGFEGFR_SIGNALING_PATHWAY,WP_EGFEGFR_SIGNALING_PATHWAY]
[WP_PANCREATIC_ADENOCARCINOMA_PATHWAY,WP_PANCREATIC_ADENOCARCINOMA_PATHWAY] was killed by [WP_EGFEGFR_SIGNALING_PATHWAY,WP_EGFEGFR_SIGNALING_PATHWAY]
[WP_REGULATION_OF_ACTIN_CYTOSKELETON,WP_REGULATION_OF_ACTIN_CYTOSKELETON] was killed by [WP_EGFEGFR_SIGNALING_PATHWAY,WP_EGFEGFR_SIGNALING_PATHWAY]
[WP_IL7_SIGNALING_PATHWAY,WP_IL7_SIGNALING_PATHWAY] was killed by [WP_ALZHEIMERS_DISEASE,WP_ALZHEIMERS_DISEASE]
[WP_ADIPOGENESIS,WP_ADIPOGENESIS] was killed by [WP_EGFEGFR_SIGNALING_PATHWAY,WP_EGFEGFR_SIGNALING_PATHWAY]
[WP_IL4_SIGNALING_PATHWAY,WP_IL4_SIGNALING_PATHWAY] was killed by [WP_EGFEGFR_SIGNALING_PATHWAY,WP_EGFEGFR_SIGNALING_PATHWAY]
[WP_RAS_AND_BRADYKININ_PATHWAYS_IN_COVID19,WP_RAS_AND_BRADYKININ_PATHWAYS_IN_COVID19] was killed by [WP_ALZHEIMERS_DISEASE,WP_ALZHEIMERS_DISEASE]
[WP_ECTODERM_DIFFERENTIATION,WP_ECTODERM_DIFFERENTIATION] was killed by [WP_HAIR_FOLLICLE_DEVELOPMENT_CYTODIFFERENTIATION_PART_3_OF_3,WP_HAIR_FOLLICLE_DEVELOPMENT_CYTODIFFERENTIATION_PART_3_OF_3]
[WP_MELANOMA,WP_MELANOMA] was killed by [WP_ALZHEIMERS_DISEASE,WP_ALZHEIMERS_DISEASE]
[WP_MICROGLIA_PATHOGEN_PHAGOCYTOSIS_PATHWAY,WP_MICROGLIA_PATHOGEN_PHAGOCYTOSIS_PATHWAY] was killed by [WP_EGFEGFR_SIGNALING_PATHWAY,WP_EGFEGFR_SIGNALING_PATHWAY]
[WP_REGULATION_OF_MICROTUBULE_CYTOSKELETON,WP_REGULATION_OF_MICROTUBULE_CYTOSKELETON] was killed by [WP_EGFEGFR_SIGNALING_PATHWAY,WP_EGFEGFR_SIGNALING_PATHWAY]
[WP_EGFR_TYROSINE_KINASE_INHIBITOR_RESISTANCE,WP_EGFR_TYROSINE_KINASE_INHIBITOR_RESISTANCE] was killed by [WP_EGFEGFR_SIGNALING_PATHWAY,WP_EGFEGFR_SIGNALING_PATHWAY]
[WP_ATM_SIGNALING_PATHWAY,WP_ATM_SIGNALING_PATHWAY] was killed by [WP_DNA_REPAIR_PATHWAYS_FULL_NETWORK,WP_DNA_REPAIR_PATHWAYS_FULL_NETWORK]
[WP_BRAINDERIVED_NEUROTROPHIC_FACTOR_BDNF_SIGNALING_PATHWAY,WP_BRAINDERIVED_NEUROTROPHIC_FACTOR_BDNF_SIGNALING_PATHWAY] was killed by [WP_ALZHEIMERS_DISEASE,WP_ALZHEIMERS_DISEASE]
[WP_MITOCHONDRIAL_CIII_ASSEMBLY,WP_MITOCHONDRIAL_CIII_ASSEMBLY] was killed by [WP_ELECTRON_TRANSPORT_CHAIN_OXPHOS_SYSTEM_IN_MITOCHONDRIA,WP_ELECTRON_TRANSPORT_CHAIN_OXPHOS_SYSTEM_IN_MITOCHONDRIA]
[WP_NEURAL_CREST_DIFFERENTIATION,WP_NEURAL_CREST_DIFFERENTIATION] was killed by [WP_ROLE_OF_OSX_AND_MIRNAS_IN_TOOTH_DEVELOPMENT,WP_ROLE_OF_OSX_AND_MIRNAS_IN_TOOTH_DEVELOPMENT]
[WP_HEPATITIS_B_INFECTION,WP_HEPATITIS_B_INFECTION] was killed by [WP_MRNA_PROCESSING,WP_MRNA_PROCESSING]
[WP_ANDROGEN_RECEPTOR_SIGNALING_PATHWAY,WP_ANDROGEN_RECEPTOR_SIGNALING_PATHWAY] was killed by [WP_EGFEGFR_SIGNALING_PATHWAY,WP_EGFEGFR_SIGNALING_PATHWAY]
[WP_CYTOKINES_AND_INFLAMMATORY_RESPONSE,WP_CYTOKINES_AND_INFLAMMATORY_RESPONSE] was killed by [WP_LUNG_FIBROSIS,WP_LUNG_FIBROSIS]
[WP_NSP1_FROM_SARSCOV2_INHIBITS_TRANSLATION_INITIATION_IN_THE_HOST_CELL,WP_NSP1_FROM_SARSCOV2_INHIBITS_TRANSLATION_INITIATION_IN_THE_HOST_CELL] was killed by [WP_TRANSLATION_FACTORS,WP_TRANSLATION_FACTORS]
[WP_CHROMOSOMAL_AND_MICROSATELLITE_INSTABILITY_IN_COLORECTAL_CANCER,WP_CHROMOSOMAL_AND_MICROSATELLITE_INSTABILITY_IN_COLORECTAL_CANCER] was killed by [WP_DNA_REPAIR_PATHWAYS_FULL_NETWORK,WP_DNA_REPAIR_PATHWAYS_FULL_NETWORK]
[WP_LIPID_METABOLISM_PATHWAY,WP_LIPID_METABOLISM_PATHWAY] was killed by [WP_AUTOPHAGY,WP_AUTOPHAGY]
[WP_TNF_ALPHA_SIGNALING_PATHWAY,WP_TNF_ALPHA_SIGNALING_PATHWAY] was killed by [WP_ALZHEIMERS_DISEASE,WP_ALZHEIMERS_DISEASE]
[WP_LET7_INHIBITION_OF_ES_CELL_REPROGRAMMING,WP_LET7_INHIBITION_OF_ES_CELL_REPROGRAMMING] was killed by [WP_CELL_DIFFERENTIATION_INDEX_EXPANDED,WP_CELL_DIFFERENTIATION_INDEX_EXPANDED]
[WP_MICRORNAS_IN_CARDIOMYOCYTE_HYPERTROPHY,WP_MICRORNAS_IN_CARDIOMYOCYTE_HYPERTROPHY] was killed by [WP_CELL_DIFFERENTIATION_INDEX_EXPANDED,WP_CELL_DIFFERENTIATION_INDEX_EXPANDED]
[WP_PHOSPHODIESTERASES_IN_NEURONAL_FUNCTION,WP_PHOSPHODIESTERASES_IN_NEURONAL_FUNCTION] was killed by [WP_ALZHEIMERS_DISEASE,WP_ALZHEIMERS_DISEASE]
[WP_TGFBETA_RECEPTOR_SIGNALLING_IN_SKELETAL_DYSPLASIAS,WP_TGFBETA_RECEPTOR_SIGNALLING_IN_SKELETAL_DYSPLASIAS] was killed by [WP_CELL_DIFFERENTIATION_INDEX_EXPANDED,WP_CELL_DIFFERENTIATION_INDEX_EXPANDED]
[WP_IL3_SIGNALING_PATHWAY,WP_IL3_SIGNALING_PATHWAY] was killed by [WP_EGFEGFR_SIGNALING_PATHWAY,WP_EGFEGFR_SIGNALING_PATHWAY]
[WP_IL1_AND_MEGAKARYOCYTES_IN_OBESITY,WP_IL1_AND_MEGAKARYOCYTES_IN_OBESITY] was killed by [WP_LUNG_FIBROSIS,WP_LUNG_FIBROSIS]
[WP_TYPE_II_DIABETES_MELLITUS,WP_TYPE_II_DIABETES_MELLITUS] was killed by [WP_EGFEGFR_SIGNALING_PATHWAY,WP_EGFEGFR_SIGNALING_PATHWAY]
[WP_ONCOSTATIN_M_SIGNALING_PATHWAY,WP_ONCOSTATIN_M_SIGNALING_PATHWAY] was killed by [WP_EGFEGFR_SIGNALING_PATHWAY,WP_EGFEGFR_SIGNALING_PATHWAY]
[WP_RESISTIN_AS_A_REGULATOR_OF_INFLAMMATION,WP_RESISTIN_AS_A_REGULATOR_OF_INFLAMMATION] was killed by [WP_ALZHEIMERS_DISEASE,WP_ALZHEIMERS_DISEASE]
[WP_EPO_RECEPTOR_SIGNALING,WP_EPO_RECEPTOR_SIGNALING] was killed by [WP_EGFEGFR_SIGNALING_PATHWAY,WP_EGFEGFR_SIGNALING_PATHWAY]
[WP_TGFBETA_SIGNALING_PATHWAY,WP_TGFBETA_SIGNALING_PATHWAY] was killed by [WP_EGFEGFR_SIGNALING_PATHWAY,WP_EGFEGFR_SIGNALING_PATHWAY]
[WP_METAPATHWAY_BIOTRANSFORMATION_PHASE_I_AND_II,WP_METAPATHWAY_BIOTRANSFORMATION_PHASE_I_AND_II] was killed by [WP_MRNA_PROCESSING,WP_MRNA_PROCESSING]
[WP_HOSTPATHOGEN_INTERACTION_OF_HUMAN_CORONA_VIRUSES_APOPTOSIS,WP_HOSTPATHOGEN_INTERACTION_OF_HUMAN_CORONA_VIRUSES_APOPTOSIS] was killed by [WP_ALZHEIMERS_DISEASE,WP_ALZHEIMERS_DISEASE]
[WP_BLADDER_CANCER,WP_BLADDER_CANCER] was killed by [WP_EGFEGFR_SIGNALING_PATHWAY,WP_EGFEGFR_SIGNALING_PATHWAY]
[WP_G13_SIGNALING_PATHWAY,WP_G13_SIGNALING_PATHWAY] was killed by [WP_EGFEGFR_SIGNALING_PATHWAY,WP_EGFEGFR_SIGNALING_PATHWAY]
[WP_ESTROGEN_SIGNALING_PATHWAY,WP_ESTROGEN_SIGNALING_PATHWAY] was killed by [WP_EGFEGFR_SIGNALING_PATHWAY,WP_EGFEGFR_SIGNALING_PATHWAY]
[WP_UREA_CYCLE_AND_METABOLISM_OF_AMINO_GROUPS,WP_UREA_CYCLE_AND_METABOLISM_OF_AMINO_GROUPS] was killed by [WP_AMINO_ACID_METABOLISM,WP_AMINO_ACID_METABOLISM]
[WP_ENERGY_METABOLISM,WP_ENERGY_METABOLISM] was killed by [WP_CELL_DIFFERENTIATION_INDEX_EXPANDED,WP_CELL_DIFFERENTIATION_INDEX_EXPANDED]
[WP_PROTEASOME_DEGRADATION,WP_PROTEASOME_DEGRADATION] was killed by [WP_PARKINUBIQUITIN_PROTEASOMAL_SYSTEM_PATHWAY,WP_PARKINUBIQUITIN_PROTEASOMAL_SYSTEM_PATHWAY]
[WP_G1_TO_S_CELL_CYCLE_CONTROL,WP_G1_TO_S_CELL_CYCLE_CONTROL] was killed by [WP_DNA_REPAIR_PATHWAYS_FULL_NETWORK,WP_DNA_REPAIR_PATHWAYS_FULL_NETWORK]
[WP_APOPTOSIS_MODULATION_AND_SIGNALING,WP_APOPTOSIS_MODULATION_AND_SIGNALING] was killed by [WP_ALZHEIMERS_DISEASE,WP_ALZHEIMERS_DISEASE]
[WP_SLEEP_REGULATION,WP_SLEEP_REGULATION] was killed by [WP_PEPTIDE_GPCRS,WP_PEPTIDE_GPCRS]
[WP_TRYPTOPHAN_METABOLISM,WP_TRYPTOPHAN_METABOLISM] was killed by [WP_AMINO_ACID_METABOLISM,WP_AMINO_ACID_METABOLISM]
[WP_TRANSSULFURATION_AND_ONE_CARBON_METABOLISM,WP_TRANSSULFURATION_AND_ONE_CARBON_METABOLISM] was killed by [WP_AMINO_ACID_METABOLISM,WP_AMINO_ACID_METABOLISM]
[WP_PLATELETMEDIATED_INTERACTIONS_WITH_VASCULAR_AND_CIRCULATING_CELLS,WP_PLATELETMEDIATED_INTERACTIONS_WITH_VASCULAR_AND_CIRCULATING_CELLS] was killed by [WP_CELL_CYCLE,WP_CELL_CYCLE]
[WP_CORTICOTROPINRELEASING_HORMONE_SIGNALING_PATHWAY,WP_CORTICOTROPINRELEASING_HORMONE_SIGNALING_PATHWAY] was killed by [WP_ALZHEIMERS_DISEASE,WP_ALZHEIMERS_DISEASE]
[WP_DEVELOPMENT_AND_HETEROGENEITY_OF_THE_ILC_FAMILY,WP_DEVELOPMENT_AND_HETEROGENEITY_OF_THE_ILC_FAMILY] was killed by [WP_HAIR_FOLLICLE_DEVELOPMENT_CYTODIFFERENTIATION_PART_3_OF_3,WP_HAIR_FOLLICLE_DEVELOPMENT_CYTODIFFERENTIATION_PART_3_OF_3]
[WP_GLYCOLYSIS_AND_GLUCONEOGENESIS,WP_GLYCOLYSIS_AND_GLUCONEOGENESIS] was killed by [WP_AMINO_ACID_METABOLISM,WP_AMINO_ACID_METABOLISM]
[WP_DNA_DAMAGE_RESPONSE_ONLY_ATM_DEPENDENT,WP_DNA_DAMAGE_RESPONSE_ONLY_ATM_DEPENDENT] was killed by [WP_EGFEGFR_SIGNALING_PATHWAY,WP_EGFEGFR_SIGNALING_PATHWAY]
[WP_INTEGRATED_CANCER_PATHWAY,WP_INTEGRATED_CANCER_PATHWAY] was killed by [WP_DNA_REPAIR_PATHWAYS_FULL_NETWORK,WP_DNA_REPAIR_PATHWAYS_FULL_NETWORK]
[WP_TCA_CYCLE_AND_DEFICIENCY_OF_PYRUVATE_DEHYDROGENASE_COMPLEX_PDHC,WP_TCA_CYCLE_AND_DEFICIENCY_OF_PYRUVATE_DEHYDROGENASE_COMPLEX_PDHC] was killed by [WP_AMINO_ACID_METABOLISM,WP_AMINO_ACID_METABOLISM]
[WP_REGULATION_OF_SISTER_CHROMATID_SEPARATION_AT_THE_METAPHASEANAPHASE_TRANSITION,WP_REGULATION_OF_SISTER_CHROMATID_SEPARATION_AT_THE_METAPHASEANAPHASE_TRANSITION] was killed by [WP_CELL_CYCLE,WP_CELL_CYCLE]
[WP_THE_ALTERNATIVE_PATHWAY_OF_FETAL_ANDROGEN_SYNTHESIS,WP_THE_ALTERNATIVE_PATHWAY_OF_FETAL_ANDROGEN_SYNTHESIS] was killed by [WP_PROSTAGLANDIN_SYNTHESIS_AND_REGULATION,WP_PROSTAGLANDIN_SYNTHESIS_AND_REGULATION]
[WP_NETRINUNC5B_SIGNALING_PATHWAY,WP_NETRINUNC5B_SIGNALING_PATHWAY] was killed by [WP_ALZHEIMERS_DISEASE,WP_ALZHEIMERS_DISEASE]
[WP_TGFBETA_RECEPTOR_SIGNALING,WP_TGFBETA_RECEPTOR_SIGNALING] was killed by [WP_CELL_DIFFERENTIATION_INDEX_EXPANDED,WP_CELL_DIFFERENTIATION_INDEX_EXPANDED]
[WP_PATHWAYS_IN_CLEAR_CELL_RENAL_CELL_CARCINOMA,WP_PATHWAYS_IN_CLEAR_CELL_RENAL_CELL_CARCINOMA] was killed by [WP_EGFEGFR_SIGNALING_PATHWAY,WP_EGFEGFR_SIGNALING_PATHWAY]
[WP_AMPACTIVATED_PROTEIN_KINASE_AMPK_SIGNALING,WP_AMPACTIVATED_PROTEIN_KINASE_AMPK_SIGNALING] was killed by [WP_EGFEGFR_SIGNALING_PATHWAY,WP_EGFEGFR_SIGNALING_PATHWAY]
[WP_PREIMPLANTATION_EMBRYO,WP_PREIMPLANTATION_EMBRYO] was killed by [WP_CELL_DIFFERENTIATION_INDEX_EXPANDED,WP_CELL_DIFFERENTIATION_INDEX_EXPANDED]
[WP_VITAMIN_D_IN_INFLAMMATORY_DISEASES,WP_VITAMIN_D_IN_INFLAMMATORY_DISEASES] was killed by [WP_ALZHEIMERS_DISEASE,WP_ALZHEIMERS_DISEASE]
[WP_NUCLEOTIDE_METABOLISM,WP_NUCLEOTIDE_METABOLISM] was killed by [WP_PURINE_METABOLISM_AND_RELATED_DISORDERS,WP_PURINE_METABOLISM_AND_RELATED_DISORDERS]
[WP_CHEMOKINE_SIGNALING_PATHWAY,WP_CHEMOKINE_SIGNALING_PATHWAY] was killed by [WP_MRNA_PROCESSING,WP_MRNA_PROCESSING]
[WP_NOCGMPPKG_MEDIATED_NEUROPROTECTION,WP_NOCGMPPKG_MEDIATED_NEUROPROTECTION] was killed by [WP_ALZHEIMERS_DISEASE,WP_ALZHEIMERS_DISEASE]
[WP_CHOLESTEROL_BIOSYNTHESIS_WITH_SKELETAL_DYSPLASIAS,WP_CHOLESTEROL_BIOSYNTHESIS_WITH_SKELETAL_DYSPLASIAS] was killed by [WP_CHOLESTEROL_BIOSYNTHESIS_PATHWAY,WP_CHOLESTEROL_BIOSYNTHESIS_PATHWAY]
[WP_BLOOD_CLOTTING_CASCADE,WP_BLOOD_CLOTTING_CASCADE] was killed by [WP_HUMAN_COMPLEMENT_SYSTEM,WP_HUMAN_COMPLEMENT_SYSTEM]
[WP_ANGIOGENESIS,WP_ANGIOGENESIS] was killed by [WP_EGFEGFR_SIGNALING_PATHWAY,WP_EGFEGFR_SIGNALING_PATHWAY]
[WP_THE_OVERLAP_BETWEEN_SIGNAL_TRANSDUCTION_PATHWAYS_THAT_CONTRIBUTE_TO_A_RANGE_OF_LMNA_LAMINOPATHIES,WP_THE_OVERLAP_BETWEEN_SIGNAL_TRANSDUCTION_PATHWAYS_THAT_CONTRIBUTE_TO_A_RANGE_OF_LMNA_LAMINOPATHIES] was killed by [WP_ROLE_OF_OSX_AND_MIRNAS_IN_TOOTH_DEVELOPMENT,WP_ROLE_OF_OSX_AND_MIRNAS_IN_TOOTH_DEVELOPMENT]
[WP_TARGET_OF_RAPAMYCIN_TOR_SIGNALING,WP_TARGET_OF_RAPAMYCIN_TOR_SIGNALING] was killed by [WP_EGFEGFR_SIGNALING_PATHWAY,WP_EGFEGFR_SIGNALING_PATHWAY]
[WP_REGULATION_OF_WNTBCATENIN_SIGNALING_BY_SMALL_MOLECULE_COMPOUNDS,WP_REGULATION_OF_WNTBCATENIN_SIGNALING_BY_SMALL_MOLECULE_COMPOUNDS] was killed by [WP_HAIR_FOLLICLE_DEVELOPMENT_CYTODIFFERENTIATION_PART_3_OF_3,WP_HAIR_FOLLICLE_DEVELOPMENT_CYTODIFFERENTIATION_PART_3_OF_3]
[WP_GALANIN_RECEPTOR_PATHWAY,WP_GALANIN_RECEPTOR_PATHWAY] was killed by [WP_EGFEGFR_SIGNALING_PATHWAY,WP_EGFEGFR_SIGNALING_PATHWAY]
[WP_P38_MAPK_SIGNALING_PATHWAY,WP_P38_MAPK_SIGNALING_PATHWAY] was killed by [WP_EGFEGFR_SIGNALING_PATHWAY,WP_EGFEGFR_SIGNALING_PATHWAY]
[WP_FIBRIN_COMPLEMENT_RECEPTOR_3_SIGNALING_PATHWAY,WP_FIBRIN_COMPLEMENT_RECEPTOR_3_SIGNALING_PATHWAY] was killed by [WP_HUMAN_COMPLEMENT_SYSTEM,WP_HUMAN_COMPLEMENT_SYSTEM]
[WP_ENDOMETRIAL_CANCER,WP_ENDOMETRIAL_CANCER] was killed by [WP_ALZHEIMERS_DISEASE,WP_ALZHEIMERS_DISEASE]
[WP_TNF_RELATED_WEAK_INDUCER_OF_APOPTOSIS_TWEAK_SIGNALING_PATHWAY,WP_TNF_RELATED_WEAK_INDUCER_OF_APOPTOSIS_TWEAK_SIGNALING_PATHWAY] was killed by [WP_ALZHEIMERS_DISEASE,WP_ALZHEIMERS_DISEASE]
[WP_4HYDROXYTAMOXIFEN_DEXAMETHASONE_AND_RETINOIC_ACIDS_REGULATION_OF_P27_EXPRESSION,WP_4HYDROXYTAMOXIFEN_DEXAMETHASONE_AND_RETINOIC_ACIDS_REGULATION_OF_P27_EXPRESSION] was killed by [WP_EGFEGFR_SIGNALING_PATHWAY,WP_EGFEGFR_SIGNALING_PATHWAY]
[WP_HIPPOMERLIN_SIGNALING_DYSREGULATION,WP_HIPPOMERLIN_SIGNALING_DYSREGULATION] was killed by [WP_MRNA_PROCESSING,WP_MRNA_PROCESSING]
[WP_IL6_SIGNALING_PATHWAY,WP_IL6_SIGNALING_PATHWAY] was killed by [WP_ALZHEIMERS_DISEASE,WP_ALZHEIMERS_DISEASE]
[WP_CELLS_AND_MOLECULES_INVOLVED_IN_LOCAL_ACUTE_INFLAMMATORY_RESPONSE,WP_CELLS_AND_MOLECULES_INVOLVED_IN_LOCAL_ACUTE_INFLAMMATORY_RESPONSE] was killed by [WP_HUMAN_COMPLEMENT_SYSTEM,WP_HUMAN_COMPLEMENT_SYSTEM]
[WP_INTERFERON_TYPE_I_SIGNALING_PATHWAYS,WP_INTERFERON_TYPE_I_SIGNALING_PATHWAYS] was killed by [WP_EGFEGFR_SIGNALING_PATHWAY,WP_EGFEGFR_SIGNALING_PATHWAY]
[WP_UNFOLDED_PROTEIN_RESPONSE,WP_UNFOLDED_PROTEIN_RESPONSE] was killed by [WP_ALZHEIMERS_DISEASE,WP_ALZHEIMERS_DISEASE]
[WP_CANONICAL_AND_NONCANONICAL_TGFB_SIGNALING,WP_CANONICAL_AND_NONCANONICAL_TGFB_SIGNALING] was killed by [WP_EGFEGFR_SIGNALING_PATHWAY,WP_EGFEGFR_SIGNALING_PATHWAY]
[WP_GDNFRET_SIGNALLING_AXIS,WP_GDNFRET_SIGNALLING_AXIS] was killed by [WP_HAIR_FOLLICLE_DEVELOPMENT_CYTODIFFERENTIATION_PART_3_OF_3,WP_HAIR_FOLLICLE_DEVELOPMENT_CYTODIFFERENTIATION_PART_3_OF_3]
[WP_DOPAMINERGIC_NEUROGENESIS,WP_DOPAMINERGIC_NEUROGENESIS] was killed by [WP_CELL_DIFFERENTIATION_INDEX_EXPANDED,WP_CELL_DIFFERENTIATION_INDEX_EXPANDED]
[WP_PURINE_METABOLISM,WP_PURINE_METABOLISM] was killed by [WP_PURINE_METABOLISM_AND_RELATED_DISORDERS,WP_PURINE_METABOLISM_AND_RELATED_DISORDERS]
[WP_THE_INFLUENCE_OF_LAMINOPATHIES_ON_WNT_SIGNALING,WP_THE_INFLUENCE_OF_LAMINOPATHIES_ON_WNT_SIGNALING] was killed by [WP_ROLE_OF_OSX_AND_MIRNAS_IN_TOOTH_DEVELOPMENT,WP_ROLE_OF_OSX_AND_MIRNAS_IN_TOOTH_DEVELOPMENT]
[WP_NOVEL_INTRACELLULAR_COMPONENTS_OF_RIGILIKE_RECEPTOR_RLR_PATHWAY,WP_NOVEL_INTRACELLULAR_COMPONENTS_OF_RIGILIKE_RECEPTOR_RLR_PATHWAY] was killed by [WP_AUTOPHAGY,WP_AUTOPHAGY]
[WP_TRANSCRIPTION_FACTOR_REGULATION_IN_ADIPOGENESIS,WP_TRANSCRIPTION_FACTOR_REGULATION_IN_ADIPOGENESIS] was killed by [WP_EGFEGFR_SIGNALING_PATHWAY,WP_EGFEGFR_SIGNALING_PATHWAY]
[WP_PDGFRBETA_PATHWAY,WP_PDGFRBETA_PATHWAY] was killed by [WP_CELL_DIFFERENTIATION_INDEX_EXPANDED,WP_CELL_DIFFERENTIATION_INDEX_EXPANDED]
[WP_MAPK_PATHWAY_IN_CONGENITAL_THYROID_CANCER,WP_MAPK_PATHWAY_IN_CONGENITAL_THYROID_CANCER] was killed by [WP_EGFEGFR_SIGNALING_PATHWAY,WP_EGFEGFR_SIGNALING_PATHWAY]
[WP_AMYOTROPHIC_LATERAL_SCLEROSIS_ALS,WP_AMYOTROPHIC_LATERAL_SCLEROSIS_ALS] was killed by [WP_ALZHEIMERS_DISEASE,WP_ALZHEIMERS_DISEASE]
[WP_CAMKK2_PATHWAY,WP_CAMKK2_PATHWAY] was killed by [WP_ALZHEIMERS_DISEASE,WP_ALZHEIMERS_DISEASE]
[WP_REGUCALCIN_IN_PROXIMAL_TUBULE_EPITHELIAL_KIDNEY_CELLS,WP_REGUCALCIN_IN_PROXIMAL_TUBULE_EPITHELIAL_KIDNEY_CELLS] was killed by [WP_ALZHEIMERS_DISEASE,WP_ALZHEIMERS_DISEASE]
[WP_APOPTOSIS_MODULATION_BY_HSP70,WP_APOPTOSIS_MODULATION_BY_HSP70] was killed by [WP_ALZHEIMERS_DISEASE,WP_ALZHEIMERS_DISEASE]
[WP_EPITHELIAL_TO_MESENCHYMAL_TRANSITION_IN_COLORECTAL_CANCER,WP_EPITHELIAL_TO_MESENCHYMAL_TRANSITION_IN_COLORECTAL_CANCER] was killed by [WP_MRNA_PROCESSING,WP_MRNA_PROCESSING]
[WP_PHOTODYNAMIC_THERAPYINDUCED_NFKB_SURVIVAL_SIGNALING,WP_PHOTODYNAMIC_THERAPYINDUCED_NFKB_SURVIVAL_SIGNALING] was killed by [WP_LUNG_FIBROSIS,WP_LUNG_FIBROSIS]
[WP_MECHANOREGULATION_AND_PATHOLOGY_OF_YAPTAZ_VIA_HIPPO_AND_NONHIPPO_MECHANISMS,WP_MECHANOREGULATION_AND_PATHOLOGY_OF_YAPTAZ_VIA_HIPPO_AND_NONHIPPO_MECHANISMS] was killed by [WP_EGFEGFR_SIGNALING_PATHWAY,WP_EGFEGFR_SIGNALING_PATHWAY]
[WP_OLIGODENDROCYTE_SPECIFICATION_AND_DIFFERENTIATION_LEADING_TO_MYELIN_COMPONENTS_FOR_CNS,WP_OLIGODENDROCYTE_SPECIFICATION_AND_DIFFERENTIATION_LEADING_TO_MYELIN_COMPONENTS_FOR_CNS] was killed by [WP_HAIR_FOLLICLE_DEVELOPMENT_CYTODIFFERENTIATION_PART_3_OF_3,WP_HAIR_FOLLICLE_DEVELOPMENT_CYTODIFFERENTIATION_PART_3_OF_3]
[WP_ASPIRIN_AND_MIRNAS,WP_ASPIRIN_AND_MIRNAS] was killed by [WP_PROSTAGLANDIN_SYNTHESIS_AND_REGULATION,WP_PROSTAGLANDIN_SYNTHESIS_AND_REGULATION]
[WP_NCRNAS_INVOLVED_IN_STAT3_SIGNALING_IN_HEPATOCELLULAR_CARCINOMA,WP_NCRNAS_INVOLVED_IN_STAT3_SIGNALING_IN_HEPATOCELLULAR_CARCINOMA] was killed by [WP_EGFEGFR_SIGNALING_PATHWAY,WP_EGFEGFR_SIGNALING_PATHWAY]
[WP_HEMATOPOIETIC_STEM_CELL_GENE_REGULATION_BY_GABP_ALPHABETA_COMPLEX,WP_HEMATOPOIETIC_STEM_CELL_GENE_REGULATION_BY_GABP_ALPHABETA_COMPLEX] was killed by [WP_CELL_CYCLE,WP_CELL_CYCLE]
[WP_MITOCHONDRIAL_GENE_EXPRESSION,WP_MITOCHONDRIAL_GENE_EXPRESSION] was killed by [WP_PROSTAGLANDIN_SYNTHESIS_AND_REGULATION,WP_PROSTAGLANDIN_SYNTHESIS_AND_REGULATION]
[WP_MFAP5_EFFECT_ON_PERMEABILITY_AND_MOTILITY_OF_ENDOTHELIAL_CELLS_VIA_CYTOSKELETON_REARRANGEMENT,WP_MFAP5_EFFECT_ON_PERMEABILITY_AND_MOTILITY_OF_ENDOTHELIAL_CELLS_VIA_CYTOSKELETON_REARRANGEMENT] was killed by [WP_ALZHEIMERS_DISEASE,WP_ALZHEIMERS_DISEASE]
[WP_KISSPEPTINKISSPEPTIN_RECEPTOR_SYSTEM_IN_THE_OVARY,WP_KISSPEPTINKISSPEPTIN_RECEPTOR_SYSTEM_IN_THE_OVARY] was killed by [WP_ALZHEIMERS_DISEASE,WP_ALZHEIMERS_DISEASE]
[WP_IL5_SIGNALING_PATHWAY,WP_IL5_SIGNALING_PATHWAY] was killed by [WP_CYTOPLASMIC_RIBOSOMAL_PROTEINS,WP_CYTOPLASMIC_RIBOSOMAL_PROTEINS]
[WP_BDNFTRKB_SIGNALING,WP_BDNFTRKB_SIGNALING] was killed by [WP_EGFEGFR_SIGNALING_PATHWAY,WP_EGFEGFR_SIGNALING_PATHWAY]
[WP_MIR5093P_ALTERATION_OF_YAP1ECM_AXIS,WP_MIR5093P_ALTERATION_OF_YAP1ECM_AXIS] was killed by [WP_MIRNA_TARGETS_IN_ECM_AND_MEMBRANE_RECEPTORS,WP_MIRNA_TARGETS_IN_ECM_AND_MEMBRANE_RECEPTORS]
