[WHITEFORD_PEDIATRIC_CANCER_MARKERS,WHITEFORD_PEDIATRIC_CANCER_MARKERS] was killed by [PUJANA_BRCA_CENTERED_NETWORK,PUJANA_BRCA_CENTERED_NETWORK]
[PUJANA_XPRSS_INT_NETWORK,PUJANA_XPRSS_INT_NETWORK] was killed by [PUJANA_BRCA_CENTERED_NETWORK,PUJANA_BRCA_CENTERED_NETWORK]
[WU_APOPTOSIS_BY_CDKN1A_VIA_TP53,WU_APOPTOSIS_BY_CDKN1A_VIA_TP53] was killed by [PUJANA_BRCA_CENTERED_NETWORK,PUJANA_BRCA_CENTERED_NETWORK]
[RAMALHO_STEMNESS_UP,RAMALHO_STEMNESS_UP] was killed by [FLOTHO_PEDIATRIC_ALL_THERAPY_RESPONSE_UP,FLOTHO_PEDIATRIC_ALL_THERAPY_RESPONSE_UP]
[WALLACE_PROSTATE_CANCER_UP,WALLACE_PROSTATE_CANCER_UP] was killed by [LAU_APOPTOSIS_CDKN2A_UP,LAU_APOPTOSIS_CDKN2A_UP]
[EPPERT_PROGENITOR,EPPERT_PROGENITOR] was killed by [PUJANA_BRCA_CENTERED_NETWORK,PUJANA_BRCA_CENTERED_NETWORK]
[SASSON_RESPONSE_TO_GONADOTROPHINS_UP,SASSON_RESPONSE_TO_GONADOTROPHINS_UP] was killed by [FLOTHO_PEDIATRIC_ALL_THERAPY_RESPONSE_UP,FLOTHO_PEDIATRIC_ALL_THERAPY_RESPONSE_UP]
[ZHAN_EARLY_DIFFERENTIATION_GENES_DN,ZHAN_EARLY_DIFFERENTIATION_GENES_DN] was killed by [PUJANA_BRCA_CENTERED_NETWORK,PUJANA_BRCA_CENTERED_NETWORK]
[BURTON_ADIPOGENESIS_PEAK_AT_16HR,BURTON_ADIPOGENESIS_PEAK_AT_16HR] was killed by [PUJANA_BRCA_CENTERED_NETWORK,PUJANA_BRCA_CENTERED_NETWORK]
[PHONG_TNF_RESPONSE_VIA_P38_PARTIAL,PHONG_TNF_RESPONSE_VIA_P38_PARTIAL] was killed by [TIEN_INTESTINE_PROBIOTICS_2HR_DN,TIEN_INTESTINE_PROBIOTICS_2HR_DN]
[BHATTACHARYA_EMBRYONIC_STEM_CELL,BHATTACHARYA_EMBRYONIC_STEM_CELL] was killed by [PUJANA_BRCA_CENTERED_NETWORK,PUJANA_BRCA_CENTERED_NETWORK]
[NAKAMURA_ADIPOGENESIS_LATE_UP,NAKAMURA_ADIPOGENESIS_LATE_UP] was killed by [WATANABE_RECTAL_CANCER_RADIOTHERAPY_RESPONSIVE_UP,WATANABE_RECTAL_CANCER_RADIOTHERAPY_RESPONSIVE_UP]
[PICCALUGA_ANGIOIMMUNOBLASTIC_LYMPHOMA_DN,PICCALUGA_ANGIOIMMUNOBLASTIC_LYMPHOMA_DN] was killed by [SMIRNOV_RESPONSE_TO_IR_2HR_UP,SMIRNOV_RESPONSE_TO_IR_2HR_UP]
[CHAUHAN_RESPONSE_TO_METHOXYESTRADIOL_DN,CHAUHAN_RESPONSE_TO_METHOXYESTRADIOL_DN] was killed by [SASSON_RESPONSE_TO_FORSKOLIN_UP,SASSON_RESPONSE_TO_FORSKOLIN_UP]
[MAYBURD_RESPONSE_TO_L663536_DN,MAYBURD_RESPONSE_TO_L663536_DN] was killed by [PUJANA_BRCA_CENTERED_NETWORK,PUJANA_BRCA_CENTERED_NETWORK]
[BRUECKNER_TARGETS_OF_MIRLET7A3_UP,BRUECKNER_TARGETS_OF_MIRLET7A3_UP] was killed by [FLOTHO_PEDIATRIC_ALL_THERAPY_RESPONSE_UP,FLOTHO_PEDIATRIC_ALL_THERAPY_RESPONSE_UP]
[HUMMEL_BURKITTS_LYMPHOMA_UP,HUMMEL_BURKITTS_LYMPHOMA_UP] was killed by [PUJANA_BRCA_CENTERED_NETWORK,PUJANA_BRCA_CENTERED_NETWORK]
[SCHUHMACHER_MYC_TARGETS_UP,SCHUHMACHER_MYC_TARGETS_UP] was killed by [URS_ADIPOCYTE_DIFFERENTIATION_UP,URS_ADIPOCYTE_DIFFERENTIATION_UP]
[PUJANA_BREAST_CANCER_WITH_BRCA1_MUTATED_UP,PUJANA_BREAST_CANCER_WITH_BRCA1_MUTATED_UP] was killed by [PUJANA_BRCA_CENTERED_NETWORK,PUJANA_BRCA_CENTERED_NETWORK]
[KYNG_DNA_DAMAGE_BY_UV,KYNG_DNA_DAMAGE_BY_UV] was killed by [OZEN_MIR125B1_TARGETS,OZEN_MIR125B1_TARGETS]
[PURBEY_TARGETS_OF_CTBP1_AND_SATB1_UP,PURBEY_TARGETS_OF_CTBP1_AND_SATB1_UP] was killed by [FLOTHO_PEDIATRIC_ALL_THERAPY_RESPONSE_UP,FLOTHO_PEDIATRIC_ALL_THERAPY_RESPONSE_UP]
[KAUFFMANN_MELANOMA_RELAPSE_UP,KAUFFMANN_MELANOMA_RELAPSE_UP] was killed by [PUJANA_BRCA_CENTERED_NETWORK,PUJANA_BRCA_CENTERED_NETWORK]
[YANG_BREAST_CANCER_ESR1_LASER_DN,YANG_BREAST_CANCER_ESR1_LASER_DN] was killed by [TIEN_INTESTINE_PROBIOTICS_2HR_DN,TIEN_INTESTINE_PROBIOTICS_2HR_DN]
[LEE_METASTASIS_AND_ALTERNATIVE_SPLICING_DN,LEE_METASTASIS_AND_ALTERNATIVE_SPLICING_DN] was killed by [PUJANA_BRCA_CENTERED_NETWORK,PUJANA_BRCA_CENTERED_NETWORK]
[SEIDEN_MET_SIGNALING,SEIDEN_MET_SIGNALING] was killed by [OZEN_MIR125B1_TARGETS,OZEN_MIR125B1_TARGETS]
[NAKAMURA_ADIPOGENESIS_EARLY_UP,NAKAMURA_ADIPOGENESIS_EARLY_UP] was killed by [LAU_APOPTOSIS_CDKN2A_UP,LAU_APOPTOSIS_CDKN2A_UP]
[QI_HYPOXIA,QI_HYPOXIA] was killed by [BILD_SRC_ONCOGENIC_SIGNATURE,BILD_SRC_ONCOGENIC_SIGNATURE]
[FUJII_YBX1_TARGETS_DN,FUJII_YBX1_TARGETS_DN] was killed by [PUJANA_BRCA_CENTERED_NETWORK,PUJANA_BRCA_CENTERED_NETWORK]
[TAVOR_CEBPA_TARGETS_UP,TAVOR_CEBPA_TARGETS_UP] was killed by [URS_ADIPOCYTE_DIFFERENTIATION_UP,URS_ADIPOCYTE_DIFFERENTIATION_UP]
[WONG_PROTEASOME_GENE_MODULE,WONG_PROTEASOME_GENE_MODULE] was killed by [WATANABE_RECTAL_CANCER_RADIOTHERAPY_RESPONSIVE_UP,WATANABE_RECTAL_CANCER_RADIOTHERAPY_RESPONSIVE_UP]
[GUTIERREZ_CHRONIC_LYMPHOCYTIC_LEUKEMIA_DN,GUTIERREZ_CHRONIC_LYMPHOCYTIC_LEUKEMIA_DN] was killed by [OZEN_MIR125B1_TARGETS,OZEN_MIR125B1_TARGETS]
[KIM_LIVER_CANCER_POOR_SURVIVAL_UP,KIM_LIVER_CANCER_POOR_SURVIVAL_UP] was killed by [URS_ADIPOCYTE_DIFFERENTIATION_UP,URS_ADIPOCYTE_DIFFERENTIATION_UP]
[MATTIOLI_MGUS_VS_PCL,MATTIOLI_MGUS_VS_PCL] was killed by [PUJANA_BRCA_CENTERED_NETWORK,PUJANA_BRCA_CENTERED_NETWORK]
