[GO_ESTABLISHMENT_OF_PROTEIN_LOCALIZATION_TO_ENDOPLASMIC_RETICULUM,GO_ESTABLISHMENT_OF_PROTEIN_LOCALIZATION_TO_ENDOPLASMIC_RETICULUM] was killed by [GO_CYTOSOLIC_RIBOSOME,GO_CYTOSOLIC_RIBOSOME]
[GO_COTRANSLATIONAL_PROTEIN_TARGETING_TO_MEMBRANE,GO_COTRANSLATIONAL_PROTEIN_TARGETING_TO_MEMBRANE] was killed by [GO_CYTOSOLIC_RIBOSOME,GO_CYTOSOLIC_RIBOSOME]
[GO_PROTEIN_LOCALIZATION_TO_ENDOPLASMIC_RETICULUM,GO_PROTEIN_LOCALIZATION_TO_ENDOPLASMIC_RETICULUM] was killed by [GO_CYTOSOLIC_RIBOSOME,GO_CYTOSOLIC_RIBOSOME]
[GO_CYTOSOLIC_LARGE_RIBOSOMAL_SUBUNIT,GO_CYTOSOLIC_LARGE_RIBOSOMAL_SUBUNIT] was killed by [GO_CYTOSOLIC_RIBOSOME,GO_CYTOSOLIC_RIBOSOME]
[GO_VIRAL_GENE_EXPRESSION,GO_VIRAL_GENE_EXPRESSION] was killed by [GO_CYTOSOLIC_RIBOSOME,GO_CYTOSOLIC_RIBOSOME]
[GO_NUCLEAR_TRANSCRIBED_MRNA_CATABOLIC_PROCESS_NONSENSE_MEDIATED_DECAY,GO_NUCLEAR_TRANSCRIBED_MRNA_CATABOLIC_PROCESS_NONSENSE_MEDIATED_DECAY] was killed by [GO_CYTOSOLIC_RIBOSOME,GO_CYTOSOLIC_RIBOSOME]
[GO_PROTEIN_TARGETING_TO_MEMBRANE,GO_PROTEIN_TARGETING_TO_MEMBRANE] was killed by [GO_CYTOSOLIC_RIBOSOME,GO_CYTOSOLIC_RIBOSOME]
[GO_STRUCTURAL_CONSTITUENT_OF_RIBOSOME,GO_STRUCTURAL_CONSTITUENT_OF_RIBOSOME] was killed by [GO_CYTOSOLIC_RIBOSOME,GO_CYTOSOLIC_RIBOSOME]
[GO_RIBOSOMAL_SUBUNIT,GO_RIBOSOMAL_SUBUNIT] was killed by [GO_CYTOSOLIC_RIBOSOME,GO_CYTOSOLIC_RIBOSOME]
[GO_CYTOPLASMIC_TRANSLATION,GO_CYTOPLASMIC_TRANSLATION] was killed by [GO_CYTOSOLIC_RIBOSOME,GO_CYTOSOLIC_RIBOSOME]
[GO_CYTOSOLIC_SMALL_RIBOSOMAL_SUBUNIT,GO_CYTOSOLIC_SMALL_RIBOSOMAL_SUBUNIT] was killed by [GO_CYTOSOLIC_RIBOSOME,GO_CYTOSOLIC_RIBOSOME]
[GO_TRANSLATIONAL_INITIATION,GO_TRANSLATIONAL_INITIATION] was killed by [GO_CYTOSOLIC_RIBOSOME,GO_CYTOSOLIC_RIBOSOME]
[GO_NUCLEOSOMAL_DNA_BINDING,GO_NUCLEOSOMAL_DNA_BINDING] was killed by [GO_NUCLEOSOME_BINDING,GO_NUCLEOSOME_BINDING]
[GO_CHROMATIN_DNA_BINDING,GO_CHROMATIN_DNA_BINDING] was killed by [GO_NUCLEOSOME_BINDING,GO_NUCLEOSOME_BINDING]
[GO_SMALL_RIBOSOMAL_SUBUNIT,GO_SMALL_RIBOSOMAL_SUBUNIT] was killed by [GO_CYTOSOLIC_RIBOSOME,GO_CYTOSOLIC_RIBOSOME]
[GO_REGULATION_OF_CHROMATIN_SILENCING,GO_REGULATION_OF_CHROMATIN_SILENCING] was killed by [GO_NUCLEOSOME_BINDING,GO_NUCLEOSOME_BINDING]
[GO_RRNA_BINDING,GO_RRNA_BINDING] was killed by [GO_CYTOSOLIC_RIBOSOME,GO_CYTOSOLIC_RIBOSOME]
[GO_REGULATION_OF_DNA_RECOMBINATION,GO_REGULATION_OF_DNA_RECOMBINATION] was killed by [GO_NUCLEOSOME_BINDING,GO_NUCLEOSOME_BINDING]
[GO_ATPASE_COMPLEX,GO_ATPASE_COMPLEX] was killed by [GO_NUCLEOSOME_BINDING,GO_NUCLEOSOME_BINDING]
[GO_POLYSOME,GO_POLYSOME] was killed by [GO_CYTOSOLIC_RIBOSOME,GO_CYTOSOLIC_RIBOSOME]
[GO_MEMBRANE_COAT,GO_MEMBRANE_COAT] was killed by [GO_CLATHRIN_COAT,GO_CLATHRIN_COAT]
[GO_NEGATIVE_REGULATION_OF_CHROMATIN_SILENCING,GO_NEGATIVE_REGULATION_OF_CHROMATIN_SILENCING] was killed by [GO_NUCLEOSOME_BINDING,GO_NUCLEOSOME_BINDING]
[GO_FATTY_ACYL_COA_BIOSYNTHETIC_PROCESS,GO_FATTY_ACYL_COA_BIOSYNTHETIC_PROCESS] was killed by [GO_RESPONSE_TO_FATTY_ACID,GO_RESPONSE_TO_FATTY_ACID]
[GO_REGULATION_OF_CHOLESTEROL_BIOSYNTHETIC_PROCESS,GO_REGULATION_OF_CHOLESTEROL_BIOSYNTHETIC_PROCESS] was killed by [GO_RESPONSE_TO_FATTY_ACID,GO_RESPONSE_TO_FATTY_ACID]
[GO_REGULATION_OF_CHOLESTEROL_METABOLIC_PROCESS,GO_REGULATION_OF_CHOLESTEROL_METABOLIC_PROCESS] was killed by [GO_RESPONSE_TO_FATTY_ACID,GO_RESPONSE_TO_FATTY_ACID]
[GO_POLY_PYRIMIDINE_TRACT_BINDING,GO_POLY_PYRIMIDINE_TRACT_BINDING] was killed by [GO_CATALYTIC_STEP_2_SPLICEOSOME,GO_CATALYTIC_STEP_2_SPLICEOSOME]
[GO_POLYSOMAL_RIBOSOME,GO_POLYSOMAL_RIBOSOME] was killed by [GO_CYTOSOLIC_RIBOSOME,GO_CYTOSOLIC_RIBOSOME]
[GO_RIBONUCLEOSIDE_TRIPHOSPHATE_METABOLIC_PROCESS,GO_RIBONUCLEOSIDE_TRIPHOSPHATE_METABOLIC_PROCESS] was killed by [GO_REGULATION_OF_PROTEIN_MATURATION,GO_REGULATION_OF_PROTEIN_MATURATION]
[GO_ANTIGEN_PROCESSING_AND_PRESENTATION_OF_PEPTIDE_ANTIGEN,GO_ANTIGEN_PROCESSING_AND_PRESENTATION_OF_PEPTIDE_ANTIGEN] was killed by [GO_CLATHRIN_COAT,GO_CLATHRIN_COAT]
[GO_CARDIAC_CELL_DEVELOPMENT,GO_CARDIAC_CELL_DEVELOPMENT] was killed by [GO_RESPONSE_TO_FATTY_ACID,GO_RESPONSE_TO_FATTY_ACID]
[GO_PROTEIN_FOLDING_CHAPERONE,GO_PROTEIN_FOLDING_CHAPERONE] was killed by [GO_UNFOLDED_PROTEIN_BINDING,GO_UNFOLDED_PROTEIN_BINDING]
[GO_RESPONSE_TO_ACTIVITY,GO_RESPONSE_TO_ACTIVITY] was killed by [GO_RESPONSE_TO_FATTY_ACID,GO_RESPONSE_TO_FATTY_ACID]
[GO_U2_TYPE_SPLICEOSOMAL_COMPLEX,GO_U2_TYPE_SPLICEOSOMAL_COMPLEX] was killed by [GO_CATALYTIC_STEP_2_SPLICEOSOME,GO_CATALYTIC_STEP_2_SPLICEOSOME]
[GO_NEGATIVE_REGULATION_OF_GENE_SILENCING,GO_NEGATIVE_REGULATION_OF_GENE_SILENCING] was killed by [GO_NUCLEOSOME_BINDING,GO_NUCLEOSOME_BINDING]
[GO_RIBOSOMAL_LARGE_SUBUNIT_ASSEMBLY,GO_RIBOSOMAL_LARGE_SUBUNIT_ASSEMBLY] was killed by [GO_CYTOSOLIC_RIBOSOME,GO_CYTOSOLIC_RIBOSOME]
[GO_NUCLEOSOME_ORGANIZATION,GO_NUCLEOSOME_ORGANIZATION] was killed by [GO_NUCLEOSOME_BINDING,GO_NUCLEOSOME_BINDING]
[GO_CLATHRIN_BINDING,GO_CLATHRIN_BINDING] was killed by [GO_CLATHRIN_COAT,GO_CLATHRIN_COAT]
[GO_CELLULAR_RESPONSE_TO_REACTIVE_NITROGEN_SPECIES,GO_CELLULAR_RESPONSE_TO_REACTIVE_NITROGEN_SPECIES] was killed by [GO_NEGATIVE_REGULATION_OF_G_PROTEIN_COUPLED_RECEPTOR_SIGNALING_PATHWAY,GO_NEGATIVE_REGULATION_OF_G_PROTEIN_COUPLED_RECEPTOR_SIGNALING_PATHWAY]
[GO_REGULATION_OF_MRNA_PROCESSING,GO_REGULATION_OF_MRNA_PROCESSING] was killed by [GO_CATALYTIC_STEP_2_SPLICEOSOME,GO_CATALYTIC_STEP_2_SPLICEOSOME]
[GO_NUCLEAR_PORE_OUTER_RING,GO_NUCLEAR_PORE_OUTER_RING] was killed by [GO_CELLULAR_PROTEIN_CONTAINING_COMPLEX_LOCALIZATION,GO_CELLULAR_PROTEIN_CONTAINING_COMPLEX_LOCALIZATION]
[GO_CELLULAR_RESPONSE_TO_TOPOLOGICALLY_INCORRECT_PROTEIN,GO_CELLULAR_RESPONSE_TO_TOPOLOGICALLY_INCORRECT_PROTEIN] was killed by [GO_UNFOLDED_PROTEIN_BINDING,GO_UNFOLDED_PROTEIN_BINDING]
[GO_REGULATION_OF_CELL_CYCLE_G1_S_PHASE_TRANSITION,GO_REGULATION_OF_CELL_CYCLE_G1_S_PHASE_TRANSITION] was killed by [GO_RNA_POLYMERASE_II_ACTIVATING_TRANSCRIPTION_FACTOR_BINDING,GO_RNA_POLYMERASE_II_ACTIVATING_TRANSCRIPTION_FACTOR_BINDING]
[GO_PIGMENT_GRANULE,GO_PIGMENT_GRANULE] was killed by [GO_UNFOLDED_PROTEIN_BINDING,GO_UNFOLDED_PROTEIN_BINDING]
[GO_REGULATION_OF_DNA_TEMPLATED_TRANSCRIPTION_IN_RESPONSE_TO_STRESS,GO_REGULATION_OF_DNA_TEMPLATED_TRANSCRIPTION_IN_RESPONSE_TO_STRESS] was killed by [GO_RNA_POLYMERASE_II_ACTIVATING_TRANSCRIPTION_FACTOR_BINDING,GO_RNA_POLYMERASE_II_ACTIVATING_TRANSCRIPTION_FACTOR_BINDING]
[GO_CYTOPLASMIC_PATTERN_RECOGNITION_RECEPTOR_SIGNALING_PATHWAY,GO_CYTOPLASMIC_PATTERN_RECOGNITION_RECEPTOR_SIGNALING_PATHWAY] was killed by [GO_PROGRAMMED_NECROTIC_CELL_DEATH,GO_PROGRAMMED_NECROTIC_CELL_DEATH]
[GO_POSITIVE_REGULATION_OF_PROTEIN_LOCALIZATION_TO_NUCLEUS,GO_POSITIVE_REGULATION_OF_PROTEIN_LOCALIZATION_TO_NUCLEUS] was killed by [GO_RAN_GTPASE_BINDING,GO_RAN_GTPASE_BINDING]
[GO_LARGE_RIBOSOMAL_SUBUNIT,GO_LARGE_RIBOSOMAL_SUBUNIT] was killed by [GO_CYTOSOLIC_RIBOSOME,GO_CYTOSOLIC_RIBOSOME]
[GO_CHROMOSOME_CONDENSATION,GO_CHROMOSOME_CONDENSATION] was killed by [GO_NUCLEOSOME_BINDING,GO_NUCLEOSOME_BINDING]
[GO_PEPTIDYL_LYSINE_TRIMETHYLATION,GO_PEPTIDYL_LYSINE_TRIMETHYLATION] was killed by [GO_NUCLEOSOME_BINDING,GO_NUCLEOSOME_BINDING]
[GO_ACTIVATION_OF_CYSTEINE_TYPE_ENDOPEPTIDASE_ACTIVITY_INVOLVED_IN_APOPTOTIC_PROCESS,GO_ACTIVATION_OF_CYSTEINE_TYPE_ENDOPEPTIDASE_ACTIVITY_INVOLVED_IN_APOPTOTIC_PROCESS] was killed by [GO_PROGRAMMED_NECROTIC_CELL_DEATH,GO_PROGRAMMED_NECROTIC_CELL_DEATH]
[GO_GLYCOSPHINGOLIPID_METABOLIC_PROCESS,GO_GLYCOSPHINGOLIPID_METABOLIC_PROCESS] was killed by [GO_SPHINGOLIPID_METABOLIC_PROCESS,GO_SPHINGOLIPID_METABOLIC_PROCESS]
[GO_REGULATION_OF_POSTSYNAPSE_ORGANIZATION,GO_REGULATION_OF_POSTSYNAPSE_ORGANIZATION] was killed by [GO_REGULATION_OF_PROTEIN_MATURATION,GO_REGULATION_OF_PROTEIN_MATURATION]
[GO_RUFFLE,GO_RUFFLE] was killed by [GO_RESPONSE_TO_FATTY_ACID,GO_RESPONSE_TO_FATTY_ACID]
[GO_CHROMATIN_ASSEMBLY_OR_DISASSEMBLY,GO_CHROMATIN_ASSEMBLY_OR_DISASSEMBLY] was killed by [GO_NUCLEOSOME_BINDING,GO_NUCLEOSOME_BINDING]
[GO_STEROL_BIOSYNTHETIC_PROCESS,GO_STEROL_BIOSYNTHETIC_PROCESS] was killed by [GO_RESPONSE_TO_FATTY_ACID,GO_RESPONSE_TO_FATTY_ACID]
[GO_NEGATIVE_REGULATION_OF_PROTEIN_MODIFICATION_BY_SMALL_PROTEIN_CONJUGATION_OR_REMOVAL,GO_NEGATIVE_REGULATION_OF_PROTEIN_MODIFICATION_BY_SMALL_PROTEIN_CONJUGATION_OR_REMOVAL] was killed by [GO_CYTOSOLIC_RIBOSOME,GO_CYTOSOLIC_RIBOSOME]
[GO_RESPONSE_TO_NITRIC_OXIDE,GO_RESPONSE_TO_NITRIC_OXIDE] was killed by [GO_NEGATIVE_REGULATION_OF_G_PROTEIN_COUPLED_RECEPTOR_SIGNALING_PATHWAY,GO_NEGATIVE_REGULATION_OF_G_PROTEIN_COUPLED_RECEPTOR_SIGNALING_PATHWAY]
[GO_NEGATIVE_REGULATION_OF_INTRINSIC_APOPTOTIC_SIGNALING_PATHWAY,GO_NEGATIVE_REGULATION_OF_INTRINSIC_APOPTOTIC_SIGNALING_PATHWAY] was killed by [GO_UNFOLDED_PROTEIN_BINDING,GO_UNFOLDED_PROTEIN_BINDING]
