[GOBP_REGULATION_OF_CARDIAC_MUSCLE_CONTRACTION,GOBP_REGULATION_OF_CARDIAC_MUSCLE_CONTRACTION] was killed by [GOBP_REGULATION_OF_MUSCLE_CONTRACTION,GOBP_REGULATION_OF_MUSCLE_CONTRACTION]
[GOBP_O_GLYCAN_PROCESSING,GOBP_O_GLYCAN_PROCESSING] was killed by [GOBP_PROTEIN_O_LINKED_GLYCOSYLATION,GOBP_PROTEIN_O_LINKED_GLYCOSYLATION]
[GOBP_POSITIVE_REGULATION_OF_CHROMOSOME_ORGANIZATION,GOBP_POSITIVE_REGULATION_OF_CHROMOSOME_ORGANIZATION] was killed by [GOBP_POSITIVE_REGULATION_OF_CHROMATIN_ORGANIZATION,GOBP_POSITIVE_REGULATION_OF_CHROMATIN_ORGANIZATION]
[GOBP_NEUROTRANSMITTER_SECRETION,GOBP_NEUROTRANSMITTER_SECRETION] was killed by [GOBP_REGULATION_OF_MUSCLE_CONTRACTION,GOBP_REGULATION_OF_MUSCLE_CONTRACTION]
[GOBP_SISTER_CHROMATID_SEGREGATION,GOBP_SISTER_CHROMATID_SEGREGATION] was killed by [GOBP_NEGATIVE_REGULATION_OF_NUCLEAR_DIVISION,GOBP_NEGATIVE_REGULATION_OF_NUCLEAR_DIVISION]
[GOBP_REGULATION_OF_STRIATED_MUSCLE_CONTRACTION,GOBP_REGULATION_OF_STRIATED_MUSCLE_CONTRACTION] was killed by [GOBP_REGULATION_OF_MUSCLE_CONTRACTION,GOBP_REGULATION_OF_MUSCLE_CONTRACTION]
[GOBP_MITOTIC_SISTER_CHROMATID_SEGREGATION,GOBP_MITOTIC_SISTER_CHROMATID_SEGREGATION] was killed by [GOBP_NEGATIVE_REGULATION_OF_NUCLEAR_DIVISION,GOBP_NEGATIVE_REGULATION_OF_NUCLEAR_DIVISION]
[GOBP_NEGATIVE_REGULATION_OF_METAPHASE_ANAPHASE_TRANSITION_OF_CELL_CYCLE,GOBP_NEGATIVE_REGULATION_OF_METAPHASE_ANAPHASE_TRANSITION_OF_CELL_CYCLE] was killed by [GOBP_NEGATIVE_REGULATION_OF_NUCLEAR_DIVISION,GOBP_NEGATIVE_REGULATION_OF_NUCLEAR_DIVISION]
[GOBP_REGULATION_OF_G_PROTEIN_COUPLED_RECEPTOR_SIGNALING_PATHWAY,GOBP_REGULATION_OF_G_PROTEIN_COUPLED_RECEPTOR_SIGNALING_PATHWAY] was killed by [GOBP_REGULATION_OF_MUSCLE_CONTRACTION,GOBP_REGULATION_OF_MUSCLE_CONTRACTION]
[GOBP_HISTONE_H4_ACETYLATION,GOBP_HISTONE_H4_ACETYLATION] was killed by [GOBP_POSITIVE_REGULATION_OF_CHROMATIN_ORGANIZATION,GOBP_POSITIVE_REGULATION_OF_CHROMATIN_ORGANIZATION]
[GOBP_TRANSLESION_SYNTHESIS,GOBP_TRANSLESION_SYNTHESIS] was killed by [GOBP_RESPONSE_TO_MISFOLDED_PROTEIN,GOBP_RESPONSE_TO_MISFOLDED_PROTEIN]
[GOBP_MIDBRAIN_DEVELOPMENT,GOBP_MIDBRAIN_DEVELOPMENT] was killed by [GOBP_REGULATION_OF_MUSCLE_CONTRACTION,GOBP_REGULATION_OF_MUSCLE_CONTRACTION]
[GOBP_RIBONUCLEOSIDE_TRIPHOSPHATE_METABOLIC_PROCESS,GOBP_RIBONUCLEOSIDE_TRIPHOSPHATE_METABOLIC_PROCESS] was killed by [GOBP_ORGANELLE_FUSION,GOBP_ORGANELLE_FUSION]
[GOBP_NUCLEOSIDE_TRIPHOSPHATE_METABOLIC_PROCESS,GOBP_NUCLEOSIDE_TRIPHOSPHATE_METABOLIC_PROCESS] was killed by [GOBP_ORGANELLE_FUSION,GOBP_ORGANELLE_FUSION]
[GOBP_MICROTUBULE_ORGANIZING_CENTER_ORGANIZATION,GOBP_MICROTUBULE_ORGANIZING_CENTER_ORGANIZATION] was killed by [GOBP_NEGATIVE_REGULATION_OF_NUCLEAR_DIVISION,GOBP_NEGATIVE_REGULATION_OF_NUCLEAR_DIVISION]
[GOBP_SUBSTANTIA_NIGRA_DEVELOPMENT,GOBP_SUBSTANTIA_NIGRA_DEVELOPMENT] was killed by [GOBP_REGULATION_OF_MUSCLE_CONTRACTION,GOBP_REGULATION_OF_MUSCLE_CONTRACTION]
[GOBP_CELLULAR_EXTRAVASATION,GOBP_CELLULAR_EXTRAVASATION] was killed by [GOBP_PROTEIN_O_LINKED_GLYCOSYLATION,GOBP_PROTEIN_O_LINKED_GLYCOSYLATION]
[GOBP_CARDIAC_MUSCLE_CONTRACTION,GOBP_CARDIAC_MUSCLE_CONTRACTION] was killed by [GOBP_REGULATION_OF_MUSCLE_CONTRACTION,GOBP_REGULATION_OF_MUSCLE_CONTRACTION]
[GOBP_HETEROTYPIC_CELL_CELL_ADHESION,GOBP_HETEROTYPIC_CELL_CELL_ADHESION] was killed by [GOBP_FORMATION_OF_PRIMARY_GERM_LAYER,GOBP_FORMATION_OF_PRIMARY_GERM_LAYER]
[GOBP_STRIATED_MUSCLE_CONTRACTION,GOBP_STRIATED_MUSCLE_CONTRACTION] was killed by [GOBP_REGULATION_OF_MUSCLE_CONTRACTION,GOBP_REGULATION_OF_MUSCLE_CONTRACTION]
[GOBP_ACTION_POTENTIAL,GOBP_ACTION_POTENTIAL] was killed by [GOBP_REGULATION_OF_MUSCLE_CONTRACTION,GOBP_REGULATION_OF_MUSCLE_CONTRACTION]
[GOBP_CHROMOSOME_LOCALIZATION,GOBP_CHROMOSOME_LOCALIZATION] was killed by [GOBP_NEGATIVE_REGULATION_OF_NUCLEAR_DIVISION,GOBP_NEGATIVE_REGULATION_OF_NUCLEAR_DIVISION]
[GOBP_LEUKOCYTE_ADHESION_TO_VASCULAR_ENDOTHELIAL_CELL,GOBP_LEUKOCYTE_ADHESION_TO_VASCULAR_ENDOTHELIAL_CELL] was killed by [GOBP_PROTEIN_O_LINKED_GLYCOSYLATION,GOBP_PROTEIN_O_LINKED_GLYCOSYLATION]
[GOBP_SMOOTH_MUSCLE_CELL_PROLIFERATION,GOBP_SMOOTH_MUSCLE_CELL_PROLIFERATION] was killed by [GOBP_POSITIVE_REGULATION_OF_CHROMATIN_ORGANIZATION,GOBP_POSITIVE_REGULATION_OF_CHROMATIN_ORGANIZATION]
[GOBP_POSITIVE_REGULATION_OF_PROTEIN_MODIFICATION_BY_SMALL_PROTEIN_CONJUGATION_OR_REMOVAL,GOBP_POSITIVE_REGULATION_OF_PROTEIN_MODIFICATION_BY_SMALL_PROTEIN_CONJUGATION_OR_REMOVAL] was killed by [GOBP_POSITIVE_REGULATION_OF_CHROMATIN_ORGANIZATION,GOBP_POSITIVE_REGULATION_OF_CHROMATIN_ORGANIZATION]
[GOBP_DNA_SYNTHESIS_INVOLVED_IN_DNA_REPAIR,GOBP_DNA_SYNTHESIS_INVOLVED_IN_DNA_REPAIR] was killed by [GOBP_RESPONSE_TO_MISFOLDED_PROTEIN,GOBP_RESPONSE_TO_MISFOLDED_PROTEIN]
[GOBP_HISTONE_H3_ACETYLATION,GOBP_HISTONE_H3_ACETYLATION] was killed by [GOBP_POSITIVE_REGULATION_OF_CHROMATIN_ORGANIZATION,GOBP_POSITIVE_REGULATION_OF_CHROMATIN_ORGANIZATION]
[GOBP_NEGATIVE_REGULATION_OF_RESPONSE_TO_DNA_DAMAGE_STIMULUS,GOBP_NEGATIVE_REGULATION_OF_RESPONSE_TO_DNA_DAMAGE_STIMULUS] was killed by [GOBP_POSITIVE_REGULATION_OF_CHROMATIN_ORGANIZATION,GOBP_POSITIVE_REGULATION_OF_CHROMATIN_ORGANIZATION]
[GOBP_REGULATION_OF_MITOTIC_NUCLEAR_DIVISION,GOBP_REGULATION_OF_MITOTIC_NUCLEAR_DIVISION] was killed by [GOBP_NEGATIVE_REGULATION_OF_NUCLEAR_DIVISION,GOBP_NEGATIVE_REGULATION_OF_NUCLEAR_DIVISION]
[GOBP_REGULATION_OF_MITOTIC_SISTER_CHROMATID_SEGREGATION,GOBP_REGULATION_OF_MITOTIC_SISTER_CHROMATID_SEGREGATION] was killed by [GOBP_NEGATIVE_REGULATION_OF_NUCLEAR_DIVISION,GOBP_NEGATIVE_REGULATION_OF_NUCLEAR_DIVISION]
[GOBP_CHROMOSOME_ORGANIZATION_INVOLVED_IN_MEIOTIC_CELL_CYCLE,GOBP_CHROMOSOME_ORGANIZATION_INVOLVED_IN_MEIOTIC_CELL_CYCLE] was killed by [GOBP_NEGATIVE_REGULATION_OF_NUCLEAR_DIVISION,GOBP_NEGATIVE_REGULATION_OF_NUCLEAR_DIVISION]
[GOBP_SODIUM_ION_TRANSMEMBRANE_TRANSPORT,GOBP_SODIUM_ION_TRANSMEMBRANE_TRANSPORT] was killed by [GOBP_REGULATION_OF_MUSCLE_CONTRACTION,GOBP_REGULATION_OF_MUSCLE_CONTRACTION]
[GOBP_GASTRULATION,GOBP_GASTRULATION] was killed by [GOBP_FORMATION_OF_PRIMARY_GERM_LAYER,GOBP_FORMATION_OF_PRIMARY_GERM_LAYER]
[GOBP_PEROXISOMAL_TRANSPORT,GOBP_PEROXISOMAL_TRANSPORT] was killed by [GOBP_PEROXISOME_ORGANIZATION,GOBP_PEROXISOME_ORGANIZATION]
[GOBP_MEIOTIC_CELL_CYCLE_PROCESS,GOBP_MEIOTIC_CELL_CYCLE_PROCESS] was killed by [GOBP_NEGATIVE_REGULATION_OF_NUCLEAR_DIVISION,GOBP_NEGATIVE_REGULATION_OF_NUCLEAR_DIVISION]
[GOBP_TOLL_LIKE_RECEPTOR_SIGNALING_PATHWAY,GOBP_TOLL_LIKE_RECEPTOR_SIGNALING_PATHWAY] was killed by [GOBP_PEROXISOME_ORGANIZATION,GOBP_PEROXISOME_ORGANIZATION]
[GOBP_MUSCLE_HYPERTROPHY,GOBP_MUSCLE_HYPERTROPHY] was killed by [GOBP_REGULATION_OF_MUSCLE_CONTRACTION,GOBP_REGULATION_OF_MUSCLE_CONTRACTION]
[GOBP_MITOCHONDRIAL_FUSION,GOBP_MITOCHONDRIAL_FUSION] was killed by [GOBP_PEROXISOME_ORGANIZATION,GOBP_PEROXISOME_ORGANIZATION]
[GOBP_ACTIN_FILAMENT_BASED_MOVEMENT,GOBP_ACTIN_FILAMENT_BASED_MOVEMENT] was killed by [GOBP_REGULATION_OF_MUSCLE_CONTRACTION,GOBP_REGULATION_OF_MUSCLE_CONTRACTION]
