[BIOCARTA_MET_PATHWAY,BIOCARTA_MET_PATHWAY] was killed by [BIOCARTA_CDMAC_PATHWAY,BIOCARTA_CDMAC_PATHWAY]
[BIOCARTA_ETS_PATHWAY,BIOCARTA_ETS_PATHWAY] was killed by [BIOCARTA_CDMAC_PATHWAY,BIOCARTA_CDMAC_PATHWAY]
[BIOCARTA_IGF1R_PATHWAY,BIOCARTA_IGF1R_PATHWAY] was killed by [BIOCARTA_NO1_PATHWAY,BIOCARTA_NO1_PATHWAY]
[BIOCARTA_RAS_PATHWAY,BIOCARTA_RAS_PATHWAY] was killed by [BIOCARTA_CDMAC_PATHWAY,BIOCARTA_CDMAC_PATHWAY]
[BIOCARTA_PPARA_PATHWAY,BIOCARTA_PPARA_PATHWAY] was killed by [BIOCARTA_NO1_PATHWAY,BIOCARTA_NO1_PATHWAY]
[BIOCARTA_SPRY_PATHWAY,BIOCARTA_SPRY_PATHWAY] was killed by [BIOCARTA_CDMAC_PATHWAY,BIOCARTA_CDMAC_PATHWAY]
[BIOCARTA_IGF1_PATHWAY,BIOCARTA_IGF1_PATHWAY] was killed by [BIOCARTA_CDMAC_PATHWAY,BIOCARTA_CDMAC_PATHWAY]
[BIOCARTA_CALCINEURIN_PATHWAY,BIOCARTA_CALCINEURIN_PATHWAY] was killed by [BIOCARTA_NO1_PATHWAY,BIOCARTA_NO1_PATHWAY]
[BIOCARTA_HDAC_PATHWAY,BIOCARTA_HDAC_PATHWAY] was killed by [BIOCARTA_NO1_PATHWAY,BIOCARTA_NO1_PATHWAY]
[BIOCARTA_GCR_PATHWAY,BIOCARTA_GCR_PATHWAY] was killed by [BIOCARTA_NO1_PATHWAY,BIOCARTA_NO1_PATHWAY]
[BIOCARTA_TPO_PATHWAY,BIOCARTA_TPO_PATHWAY] was killed by [BIOCARTA_CDMAC_PATHWAY,BIOCARTA_CDMAC_PATHWAY]
[BIOCARTA_GH_PATHWAY,BIOCARTA_GH_PATHWAY] was killed by [BIOCARTA_CDMAC_PATHWAY,BIOCARTA_CDMAC_PATHWAY]
[BIOCARTA_DEATH_PATHWAY,BIOCARTA_DEATH_PATHWAY] was killed by [BIOCARTA_CDMAC_PATHWAY,BIOCARTA_CDMAC_PATHWAY]
[BIOCARTA_STAT3_PATHWAY,BIOCARTA_STAT3_PATHWAY] was killed by [BIOCARTA_CDMAC_PATHWAY,BIOCARTA_CDMAC_PATHWAY]
[BIOCARTA_GPCR_PATHWAY,BIOCARTA_GPCR_PATHWAY] was killed by [BIOCARTA_NO1_PATHWAY,BIOCARTA_NO1_PATHWAY]
[BIOCARTA_PAR1_PATHWAY,BIOCARTA_PAR1_PATHWAY] was killed by [BIOCARTA_CDMAC_PATHWAY,BIOCARTA_CDMAC_PATHWAY]
[BIOCARTA_IL2RB_PATHWAY,BIOCARTA_IL2RB_PATHWAY] was killed by [BIOCARTA_CDMAC_PATHWAY,BIOCARTA_CDMAC_PATHWAY]
[BIOCARTA_GLEEVEC_PATHWAY,BIOCARTA_GLEEVEC_PATHWAY] was killed by [BIOCARTA_CDMAC_PATHWAY,BIOCARTA_CDMAC_PATHWAY]
[BIOCARTA_BARR_MAPK_PATHWAY,BIOCARTA_BARR_MAPK_PATHWAY] was killed by [BIOCARTA_CDMAC_PATHWAY,BIOCARTA_CDMAC_PATHWAY]
[BIOCARTA_BAD_PATHWAY,BIOCARTA_BAD_PATHWAY] was killed by [BIOCARTA_NO1_PATHWAY,BIOCARTA_NO1_PATHWAY]
[BIOCARTA_BARRESTIN_SRC_PATHWAY,BIOCARTA_BARRESTIN_SRC_PATHWAY] was killed by [BIOCARTA_CDMAC_PATHWAY,BIOCARTA_CDMAC_PATHWAY]
[BIOCARTA_ECM_PATHWAY,BIOCARTA_ECM_PATHWAY] was killed by [BIOCARTA_CDMAC_PATHWAY,BIOCARTA_CDMAC_PATHWAY]
[BIOCARTA_NOS1_PATHWAY,BIOCARTA_NOS1_PATHWAY] was killed by [BIOCARTA_NO1_PATHWAY,BIOCARTA_NO1_PATHWAY]
[BIOCARTA_CDK5_PATHWAY,BIOCARTA_CDK5_PATHWAY] was killed by [BIOCARTA_CDMAC_PATHWAY,BIOCARTA_CDMAC_PATHWAY]
[BIOCARTA_ERK_PATHWAY,BIOCARTA_ERK_PATHWAY] was killed by [BIOCARTA_CDMAC_PATHWAY,BIOCARTA_CDMAC_PATHWAY]
[BIOCARTA_INSULIN_PATHWAY,BIOCARTA_INSULIN_PATHWAY] was killed by [BIOCARTA_CDMAC_PATHWAY,BIOCARTA_CDMAC_PATHWAY]
[BIOCARTA_EIF4_PATHWAY,BIOCARTA_EIF4_PATHWAY] was killed by [BIOCARTA_CDMAC_PATHWAY,BIOCARTA_CDMAC_PATHWAY]
[BIOCARTA_ARENRF2_PATHWAY,BIOCARTA_ARENRF2_PATHWAY] was killed by [BIOCARTA_CDMAC_PATHWAY,BIOCARTA_CDMAC_PATHWAY]
[BIOCARTA_MEF2D_PATHWAY,BIOCARTA_MEF2D_PATHWAY] was killed by [BIOCARTA_NO1_PATHWAY,BIOCARTA_NO1_PATHWAY]
[BIOCARTA_HIVNEF_PATHWAY,BIOCARTA_HIVNEF_PATHWAY] was killed by [BIOCARTA_CDMAC_PATHWAY,BIOCARTA_CDMAC_PATHWAY]
[BIOCARTA_PLCE_PATHWAY,BIOCARTA_PLCE_PATHWAY] was killed by [BIOCARTA_NO1_PATHWAY,BIOCARTA_NO1_PATHWAY]
[BIOCARTA_PELP1_PATHWAY,BIOCARTA_PELP1_PATHWAY] was killed by [BIOCARTA_CDMAC_PATHWAY,BIOCARTA_CDMAC_PATHWAY]
[BIOCARTA_ION_PATHWAY,BIOCARTA_ION_PATHWAY] was killed by [BIOCARTA_CDMAC_PATHWAY,BIOCARTA_CDMAC_PATHWAY]
