[BIOCARTA_HDAC_PATHWAY,BIOCARTA_HDAC_PATHWAY] was killed by [BIOCARTA_NFAT_PATHWAY,BIOCARTA_NFAT_PATHWAY]
[BIOCARTA_TCR_PATHWAY,BIOCARTA_TCR_PATHWAY] was killed by [BIOCARTA_NFAT_PATHWAY,BIOCARTA_NFAT_PATHWAY]
[BIOCARTA_AT1R_PATHWAY,BIOCARTA_AT1R_PATHWAY] was killed by [BIOCARTA_NFAT_PATHWAY,BIOCARTA_NFAT_PATHWAY]
[BIOCARTA_TPO_PATHWAY,BIOCARTA_TPO_PATHWAY] was killed by [BIOCARTA_NFAT_PATHWAY,BIOCARTA_NFAT_PATHWAY]
[BIOCARTA_FCER1_PATHWAY,BIOCARTA_FCER1_PATHWAY] was killed by [BIOCARTA_NFAT_PATHWAY,BIOCARTA_NFAT_PATHWAY]
[BIOCARTA_GCR_PATHWAY,BIOCARTA_GCR_PATHWAY] was killed by [BIOCARTA_NFAT_PATHWAY,BIOCARTA_NFAT_PATHWAY]
[BIOCARTA_CALCINEURIN_PATHWAY,BIOCARTA_CALCINEURIN_PATHWAY] was killed by [BIOCARTA_NFAT_PATHWAY,BIOCARTA_NFAT_PATHWAY]
[BIOCARTA_PITX2_PATHWAY,BIOCARTA_PITX2_PATHWAY] was killed by [BIOCARTA_NFAT_PATHWAY,BIOCARTA_NFAT_PATHWAY]
[BIOCARTA_NGF_PATHWAY,BIOCARTA_NGF_PATHWAY] was killed by [BIOCARTA_NFAT_PATHWAY,BIOCARTA_NFAT_PATHWAY]
[BIOCARTA_IGF1_PATHWAY,BIOCARTA_IGF1_PATHWAY] was killed by [BIOCARTA_NFAT_PATHWAY,BIOCARTA_NFAT_PATHWAY]
[BIOCARTA_NKCELLS_PATHWAY,BIOCARTA_NKCELLS_PATHWAY] was killed by [BIOCARTA_NFAT_PATHWAY,BIOCARTA_NFAT_PATHWAY]
[BIOCARTA_GH_PATHWAY,BIOCARTA_GH_PATHWAY] was killed by [BIOCARTA_NFAT_PATHWAY,BIOCARTA_NFAT_PATHWAY]
[BIOCARTA_SPRY_PATHWAY,BIOCARTA_SPRY_PATHWAY] was killed by [BIOCARTA_NFAT_PATHWAY,BIOCARTA_NFAT_PATHWAY]
[BIOCARTA_CREB_PATHWAY,BIOCARTA_CREB_PATHWAY] was killed by [BIOCARTA_NFAT_PATHWAY,BIOCARTA_NFAT_PATHWAY]
[BIOCARTA_ARENRF2_PATHWAY,BIOCARTA_ARENRF2_PATHWAY] was killed by [BIOCARTA_NFAT_PATHWAY,BIOCARTA_NFAT_PATHWAY]
[BIOCARTA_GPCR_PATHWAY,BIOCARTA_GPCR_PATHWAY] was killed by [BIOCARTA_NFAT_PATHWAY,BIOCARTA_NFAT_PATHWAY]
[BIOCARTA_HER2_PATHWAY,BIOCARTA_HER2_PATHWAY] was killed by [BIOCARTA_NFAT_PATHWAY,BIOCARTA_NFAT_PATHWAY]
[BIOCARTA_PAR1_PATHWAY,BIOCARTA_PAR1_PATHWAY] was killed by [BIOCARTA_NFAT_PATHWAY,BIOCARTA_NFAT_PATHWAY]
[BIOCARTA_TRKA_PATHWAY,BIOCARTA_TRKA_PATHWAY] was killed by [BIOCARTA_NFAT_PATHWAY,BIOCARTA_NFAT_PATHWAY]
[BIOCARTA_VIP_PATHWAY,BIOCARTA_VIP_PATHWAY] was killed by [BIOCARTA_NFAT_PATHWAY,BIOCARTA_NFAT_PATHWAY]
[BIOCARTA_CK1_PATHWAY,BIOCARTA_CK1_PATHWAY] was killed by [BIOCARTA_NFAT_PATHWAY,BIOCARTA_NFAT_PATHWAY]
[BIOCARTA_ARF_PATHWAY,BIOCARTA_ARF_PATHWAY] was killed by [BIOCARTA_NFAT_PATHWAY,BIOCARTA_NFAT_PATHWAY]
[BIOCARTA_BIOPEPTIDES_PATHWAY,BIOCARTA_BIOPEPTIDES_PATHWAY] was killed by [BIOCARTA_NFAT_PATHWAY,BIOCARTA_NFAT_PATHWAY]
[BIOCARTA_PYK2_PATHWAY,BIOCARTA_PYK2_PATHWAY] was killed by [BIOCARTA_NFAT_PATHWAY,BIOCARTA_NFAT_PATHWAY]
[BIOCARTA_RAC1_PATHWAY,BIOCARTA_RAC1_PATHWAY] was killed by [BIOCARTA_NFAT_PATHWAY,BIOCARTA_NFAT_PATHWAY]
[BIOCARTA_EDG1_PATHWAY,BIOCARTA_EDG1_PATHWAY] was killed by [BIOCARTA_NFAT_PATHWAY,BIOCARTA_NFAT_PATHWAY]
[BIOCARTA_AKAP13_PATHWAY,BIOCARTA_AKAP13_PATHWAY] was killed by [BIOCARTA_NFAT_PATHWAY,BIOCARTA_NFAT_PATHWAY]
[BIOCARTA_CCR3_PATHWAY,BIOCARTA_CCR3_PATHWAY] was killed by [BIOCARTA_NFAT_PATHWAY,BIOCARTA_NFAT_PATHWAY]
[BIOCARTA_TFF_PATHWAY,BIOCARTA_TFF_PATHWAY] was killed by [BIOCARTA_NFAT_PATHWAY,BIOCARTA_NFAT_PATHWAY]
[BIOCARTA_EGF_PATHWAY,BIOCARTA_EGF_PATHWAY] was killed by [BIOCARTA_NFAT_PATHWAY,BIOCARTA_NFAT_PATHWAY]
[BIOCARTA_PDGF_PATHWAY,BIOCARTA_PDGF_PATHWAY] was killed by [BIOCARTA_NFAT_PATHWAY,BIOCARTA_NFAT_PATHWAY]
[BIOCARTA_CARM_ER_PATHWAY,BIOCARTA_CARM_ER_PATHWAY] was killed by [BIOCARTA_NFAT_PATHWAY,BIOCARTA_NFAT_PATHWAY]
[BIOCARTA_AKAP95_PATHWAY,BIOCARTA_AKAP95_PATHWAY] was killed by [BIOCARTA_NFAT_PATHWAY,BIOCARTA_NFAT_PATHWAY]
