[JISON_SICKLE_CELL_DISEASE_DN,JISON_SICKLE_CELL_DISEASE_DN] was killed by [BILANGES_SERUM_AND_RAPAMYCIN_SENSITIVE_GENES,BILANGES_SERUM_AND_RAPAMYCIN_SENSITIVE_GENES]
[MUNSHI_MULTIPLE_MYELOMA_UP,MUNSHI_MULTIPLE_MYELOMA_UP] was killed by [RHODES_CANCER_META_SIGNATURE,RHODES_CANCER_META_SIGNATURE]
[ZHONG_SECRETOME_OF_LUNG_CANCER_AND_FIBROBLAST,ZHONG_SECRETOME_OF_LUNG_CANCER_AND_FIBROBLAST] was killed by [BILANGES_SERUM_AND_RAPAMYCIN_SENSITIVE_GENES,BILANGES_SERUM_AND_RAPAMYCIN_SENSITIVE_GENES]
[IRITANI_MAD1_TARGETS_DN,IRITANI_MAD1_TARGETS_DN] was killed by [BILANGES_SERUM_AND_RAPAMYCIN_SENSITIVE_GENES,BILANGES_SERUM_AND_RAPAMYCIN_SENSITIVE_GENES]
[TIEN_INTESTINE_PROBIOTICS_6HR_UP,TIEN_INTESTINE_PROBIOTICS_6HR_UP] was killed by [BILANGES_SERUM_AND_RAPAMYCIN_SENSITIVE_GENES,BILANGES_SERUM_AND_RAPAMYCIN_SENSITIVE_GENES]
[CASORELLI_ACUTE_PROMYELOCYTIC_LEUKEMIA_UP,CASORELLI_ACUTE_PROMYELOCYTIC_LEUKEMIA_UP] was killed by [ZHENG_FOXP3_TARGETS_IN_THYMUS_UP,ZHENG_FOXP3_TARGETS_IN_THYMUS_UP]
[SCHLOSSER_MYC_TARGETS_REPRESSED_BY_SERUM,SCHLOSSER_MYC_TARGETS_REPRESSED_BY_SERUM] was killed by [RHODES_CANCER_META_SIGNATURE,RHODES_CANCER_META_SIGNATURE]
[LEE_LIVER_CANCER_MYC_UP,LEE_LIVER_CANCER_MYC_UP] was killed by [BILANGES_SERUM_AND_RAPAMYCIN_SENSITIVE_GENES,BILANGES_SERUM_AND_RAPAMYCIN_SENSITIVE_GENES]
[SHIPP_DLBCL_VS_FOLLICULAR_LYMPHOMA_UP,SHIPP_DLBCL_VS_FOLLICULAR_LYMPHOMA_UP] was killed by [RHODES_CANCER_META_SIGNATURE,RHODES_CANCER_META_SIGNATURE]
[HARRIS_HYPOXIA,HARRIS_HYPOXIA] was killed by [ZHONG_SECRETOME_OF_LUNG_CANCER_AND_MACROPHAGE,ZHONG_SECRETOME_OF_LUNG_CANCER_AND_MACROPHAGE]
[SANA_RESPONSE_TO_IFNG_DN,SANA_RESPONSE_TO_IFNG_DN] was killed by [RHODES_CANCER_META_SIGNATURE,RHODES_CANCER_META_SIGNATURE]
[DANG_MYC_TARGETS_UP,DANG_MYC_TARGETS_UP] was killed by [BILANGES_SERUM_AND_RAPAMYCIN_SENSITIVE_GENES,BILANGES_SERUM_AND_RAPAMYCIN_SENSITIVE_GENES]
[SUNG_METASTASIS_STROMA_UP,SUNG_METASTASIS_STROMA_UP] was killed by [HUTTMANN_B_CLL_POOR_SURVIVAL_DN,HUTTMANN_B_CLL_POOR_SURVIVAL_DN]
[IKEDA_MIR30_TARGETS_UP,IKEDA_MIR30_TARGETS_UP] was killed by [ZHENG_FOXP3_TARGETS_IN_THYMUS_UP,ZHENG_FOXP3_TARGETS_IN_THYMUS_UP]
[CHNG_MULTIPLE_MYELOMA_HYPERPLOID_UP,CHNG_MULTIPLE_MYELOMA_HYPERPLOID_UP] was killed by [BILANGES_SERUM_AND_RAPAMYCIN_SENSITIVE_GENES,BILANGES_SERUM_AND_RAPAMYCIN_SENSITIVE_GENES]
[BILANGES_SERUM_RESPONSE_TRANSLATION,BILANGES_SERUM_RESPONSE_TRANSLATION] was killed by [BILANGES_SERUM_AND_RAPAMYCIN_SENSITIVE_GENES,BILANGES_SERUM_AND_RAPAMYCIN_SENSITIVE_GENES]
[KAAB_FAILED_HEART_ATRIUM_DN,KAAB_FAILED_HEART_ATRIUM_DN] was killed by [ZHONG_SECRETOME_OF_LUNG_CANCER_AND_MACROPHAGE,ZHONG_SECRETOME_OF_LUNG_CANCER_AND_MACROPHAGE]
[HOFFMANN_LARGE_TO_SMALL_PRE_BII_LYMPHOCYTE_UP,HOFFMANN_LARGE_TO_SMALL_PRE_BII_LYMPHOCYTE_UP] was killed by [RHODES_CANCER_META_SIGNATURE,RHODES_CANCER_META_SIGNATURE]
[DARWICHE_SQUAMOUS_CELL_CARCINOMA_UP,DARWICHE_SQUAMOUS_CELL_CARCINOMA_UP] was killed by [ZHONG_SECRETOME_OF_LUNG_CANCER_AND_MACROPHAGE,ZHONG_SECRETOME_OF_LUNG_CANCER_AND_MACROPHAGE]
[TIEN_INTESTINE_PROBIOTICS_2HR_UP,TIEN_INTESTINE_PROBIOTICS_2HR_UP] was killed by [BILANGES_SERUM_AND_RAPAMYCIN_SENSITIVE_GENES,BILANGES_SERUM_AND_RAPAMYCIN_SENSITIVE_GENES]
[FLOTHO_PEDIATRIC_ALL_THERAPY_RESPONSE_UP,FLOTHO_PEDIATRIC_ALL_THERAPY_RESPONSE_UP] was killed by [BILANGES_SERUM_AND_RAPAMYCIN_SENSITIVE_GENES,BILANGES_SERUM_AND_RAPAMYCIN_SENSITIVE_GENES]
[LI_AMPLIFIED_IN_LUNG_CANCER,LI_AMPLIFIED_IN_LUNG_CANCER] was killed by [BILANGES_SERUM_AND_RAPAMYCIN_SENSITIVE_GENES,BILANGES_SERUM_AND_RAPAMYCIN_SENSITIVE_GENES]
[HOLLEMAN_ASPARAGINASE_RESISTANCE_B_ALL_UP,HOLLEMAN_ASPARAGINASE_RESISTANCE_B_ALL_UP] was killed by [BILANGES_SERUM_AND_RAPAMYCIN_SENSITIVE_GENES,BILANGES_SERUM_AND_RAPAMYCIN_SENSITIVE_GENES]
[BHATTACHARYA_EMBRYONIC_STEM_CELL,BHATTACHARYA_EMBRYONIC_STEM_CELL] was killed by [BILANGES_SERUM_AND_RAPAMYCIN_SENSITIVE_GENES,BILANGES_SERUM_AND_RAPAMYCIN_SENSITIVE_GENES]
[CHIANG_LIVER_CANCER_SUBCLASS_CTNNB1_DN,CHIANG_LIVER_CANCER_SUBCLASS_CTNNB1_DN] was killed by [GRABARCZYK_BCL11B_TARGETS_DN,GRABARCZYK_BCL11B_TARGETS_DN]
[INGRAM_SHH_TARGETS_UP,INGRAM_SHH_TARGETS_UP] was killed by [KOKKINAKIS_METHIONINE_DEPRIVATION_48HR_UP,KOKKINAKIS_METHIONINE_DEPRIVATION_48HR_UP]
[VECCHI_GASTRIC_CANCER_ADVANCED_VS_EARLY_UP,VECCHI_GASTRIC_CANCER_ADVANCED_VS_EARLY_UP] was killed by [HUTTMANN_B_CLL_POOR_SURVIVAL_DN,HUTTMANN_B_CLL_POOR_SURVIVAL_DN]
[GREENBAUM_E2A_TARGETS_UP,GREENBAUM_E2A_TARGETS_UP] was killed by [DAZARD_UV_RESPONSE_CLUSTER_G6,DAZARD_UV_RESPONSE_CLUSTER_G6]
[IKEDA_MIR133_TARGETS_UP,IKEDA_MIR133_TARGETS_UP] was killed by [DAZARD_UV_RESPONSE_CLUSTER_G6,DAZARD_UV_RESPONSE_CLUSTER_G6]
[AFFAR_YY1_TARGETS_UP,AFFAR_YY1_TARGETS_UP] was killed by [NADLER_OBESITY_DN,NADLER_OBESITY_DN]
[PASQUALUCCI_LYMPHOMA_BY_GC_STAGE_DN,PASQUALUCCI_LYMPHOMA_BY_GC_STAGE_DN] was killed by [ZHENG_FOXP3_TARGETS_IN_THYMUS_UP,ZHENG_FOXP3_TARGETS_IN_THYMUS_UP]
[BALDWIN_PRKCI_TARGETS_UP,BALDWIN_PRKCI_TARGETS_UP] was killed by [HUTTMANN_B_CLL_POOR_SURVIVAL_DN,HUTTMANN_B_CLL_POOR_SURVIVAL_DN]
[ALCALA_APOPTOSIS,ALCALA_APOPTOSIS] was killed by [BILANGES_RAPAMYCIN_SENSITIVE_VIA_TSC1_AND_TSC2,BILANGES_RAPAMYCIN_SENSITIVE_VIA_TSC1_AND_TSC2]
[CERVERA_SDHB_TARGETS_2,CERVERA_SDHB_TARGETS_2] was killed by [GRABARCZYK_BCL11B_TARGETS_DN,GRABARCZYK_BCL11B_TARGETS_DN]
[YAO_TEMPORAL_RESPONSE_TO_PROGESTERONE_CLUSTER_13,YAO_TEMPORAL_RESPONSE_TO_PROGESTERONE_CLUSTER_13] was killed by [RHODES_CANCER_META_SIGNATURE,RHODES_CANCER_META_SIGNATURE]
[ZHENG_FOXP3_TARGETS_IN_T_LYMPHOCYTE_DN,ZHENG_FOXP3_TARGETS_IN_T_LYMPHOCYTE_DN] was killed by [ZHENG_FOXP3_TARGETS_IN_THYMUS_UP,ZHENG_FOXP3_TARGETS_IN_THYMUS_UP]
[PUJANA_XPRSS_INT_NETWORK,PUJANA_XPRSS_INT_NETWORK] was killed by [RHODES_CANCER_META_SIGNATURE,RHODES_CANCER_META_SIGNATURE]
[ANDERSEN_CHOLANGIOCARCINOMA_CLASS2,ANDERSEN_CHOLANGIOCARCINOMA_CLASS2] was killed by [RHODES_CANCER_META_SIGNATURE,RHODES_CANCER_META_SIGNATURE]
[CUI_GLUCOSE_DEPRIVATION,CUI_GLUCOSE_DEPRIVATION] was killed by [RHODES_CANCER_META_SIGNATURE,RHODES_CANCER_META_SIGNATURE]
[WENDT_COHESIN_TARGETS_UP,WENDT_COHESIN_TARGETS_UP] was killed by [HUTTMANN_B_CLL_POOR_SURVIVAL_DN,HUTTMANN_B_CLL_POOR_SURVIVAL_DN]
[KOKKINAKIS_METHIONINE_DEPRIVATION_96HR_UP,KOKKINAKIS_METHIONINE_DEPRIVATION_96HR_UP] was killed by [KOKKINAKIS_METHIONINE_DEPRIVATION_48HR_UP,KOKKINAKIS_METHIONINE_DEPRIVATION_48HR_UP]
[MULLIGHAN_NPM1_MUTATED_SIGNATURE_2_DN,MULLIGHAN_NPM1_MUTATED_SIGNATURE_2_DN] was killed by [NADLER_OBESITY_DN,NADLER_OBESITY_DN]
[DAZARD_RESPONSE_TO_UV_SCC_DN,DAZARD_RESPONSE_TO_UV_SCC_DN] was killed by [DAZARD_UV_RESPONSE_CLUSTER_G6,DAZARD_UV_RESPONSE_CLUSTER_G6]
[DAIRKEE_CANCER_PRONE_RESPONSE_BPA_E2,DAIRKEE_CANCER_PRONE_RESPONSE_BPA_E2] was killed by [BILANGES_SERUM_AND_RAPAMYCIN_SENSITIVE_GENES,BILANGES_SERUM_AND_RAPAMYCIN_SENSITIVE_GENES]
[BRACHAT_RESPONSE_TO_CAMPTOTHECIN_DN,BRACHAT_RESPONSE_TO_CAMPTOTHECIN_DN] was killed by [ZHONG_SECRETOME_OF_LUNG_CANCER_AND_MACROPHAGE,ZHONG_SECRETOME_OF_LUNG_CANCER_AND_MACROPHAGE]
[LI_WILMS_TUMOR_VS_FETAL_KIDNEY_1_DN,LI_WILMS_TUMOR_VS_FETAL_KIDNEY_1_DN] was killed by [RHODES_CANCER_META_SIGNATURE,RHODES_CANCER_META_SIGNATURE]
[ZHONG_SECRETOME_OF_LUNG_CANCER_AND_ENDOTHELIUM,ZHONG_SECRETOME_OF_LUNG_CANCER_AND_ENDOTHELIUM] was killed by [BILANGES_SERUM_AND_RAPAMYCIN_SENSITIVE_GENES,BILANGES_SERUM_AND_RAPAMYCIN_SENSITIVE_GENES]
[EPPERT_HSC_R,EPPERT_HSC_R] was killed by [DAZARD_UV_RESPONSE_CLUSTER_G6,DAZARD_UV_RESPONSE_CLUSTER_G6]
[BURTON_ADIPOGENESIS_PEAK_AT_24HR,BURTON_ADIPOGENESIS_PEAK_AT_24HR] was killed by [RHODES_CANCER_META_SIGNATURE,RHODES_CANCER_META_SIGNATURE]
