[GOMF_IMMUNOGLOBULIN_RECEPTOR_BINDING,GOMF_IMMUNOGLOBULIN_RECEPTOR_BINDING] was killed by [GOMF_ANTIGEN_BINDING,GOMF_ANTIGEN_BINDING]
[GOMF_RNA_METHYLTRANSFERASE_ACTIVITY,GOMF_RNA_METHYLTRANSFERASE_ACTIVITY] was killed by [GOMF_CATALYTIC_ACTIVITY_ACTING_ON_A_TRNA,GOMF_CATALYTIC_ACTIVITY_ACTING_ON_A_TRNA]
[GOMF_S_ADENOSYLMETHIONINE_DEPENDENT_METHYLTRANSFERASE_ACTIVITY,GOMF_S_ADENOSYLMETHIONINE_DEPENDENT_METHYLTRANSFERASE_ACTIVITY] was killed by [GOMF_CATALYTIC_ACTIVITY_ACTING_ON_A_TRNA,GOMF_CATALYTIC_ACTIVITY_ACTING_ON_A_TRNA]
[GOMF_RIBONUCLEOPROTEIN_COMPLEX_BINDING,GOMF_RIBONUCLEOPROTEIN_COMPLEX_BINDING] was killed by [GOMF_MRNA_3_UTR_BINDING,GOMF_MRNA_3_UTR_BINDING]
[GOMF_LIGASE_ACTIVITY,GOMF_LIGASE_ACTIVITY] was killed by [GOMF_CATALYTIC_ACTIVITY_ACTING_ON_A_TRNA,GOMF_CATALYTIC_ACTIVITY_ACTING_ON_A_TRNA]
[GOMF_CATALYTIC_ACTIVITY_ACTING_ON_DNA,GOMF_CATALYTIC_ACTIVITY_ACTING_ON_DNA] was killed by [GOMF_HELICASE_ACTIVITY,GOMF_HELICASE_ACTIVITY]
[GOMF_TRNA_METHYLTRANSFERASE_ACTIVITY,GOMF_TRNA_METHYLTRANSFERASE_ACTIVITY] was killed by [GOMF_CATALYTIC_ACTIVITY_ACTING_ON_A_TRNA,GOMF_CATALYTIC_ACTIVITY_ACTING_ON_A_TRNA]
[GOMF_TRANSLATION_REGULATOR_ACTIVITY,GOMF_TRANSLATION_REGULATOR_ACTIVITY] was killed by [GOMF_MRNA_3_UTR_BINDING,GOMF_MRNA_3_UTR_BINDING]
[GOMF_SINGLE_STRANDED_DNA_BINDING,GOMF_SINGLE_STRANDED_DNA_BINDING] was killed by [GOMF_HELICASE_ACTIVITY,GOMF_HELICASE_ACTIVITY]
[GOMF_TRANSLATION_FACTOR_ACTIVITY_RNA_BINDING,GOMF_TRANSLATION_FACTOR_ACTIVITY_RNA_BINDING] was killed by [GOMF_GUANYL_NUCLEOTIDE_EXCHANGE_FACTOR_ACTIVITY,GOMF_GUANYL_NUCLEOTIDE_EXCHANGE_FACTOR_ACTIVITY]
[GOMF_RRNA_BINDING,GOMF_RRNA_BINDING] was killed by [GOMF_STRUCTURAL_CONSTITUENT_OF_RIBOSOME,GOMF_STRUCTURAL_CONSTITUENT_OF_RIBOSOME]
[GOMF_TRNA_BINDING,GOMF_TRNA_BINDING] was killed by [GOMF_CATALYTIC_ACTIVITY_ACTING_ON_A_TRNA,GOMF_CATALYTIC_ACTIVITY_ACTING_ON_A_TRNA]
[GOMF_IMMUNE_RECEPTOR_ACTIVITY,GOMF_IMMUNE_RECEPTOR_ACTIVITY] was killed by [GOMF_ANTIGEN_BINDING,GOMF_ANTIGEN_BINDING]
[GOMF_TRANSLATION_INITIATION_FACTOR_ACTIVITY,GOMF_TRANSLATION_INITIATION_FACTOR_ACTIVITY] was killed by [GOMF_GUANYL_NUCLEOTIDE_EXCHANGE_FACTOR_ACTIVITY,GOMF_GUANYL_NUCLEOTIDE_EXCHANGE_FACTOR_ACTIVITY]
[GOMF_GROWTH_FACTOR_ACTIVITY,GOMF_GROWTH_FACTOR_ACTIVITY] was killed by [GOMF_HORMONE_ACTIVITY,GOMF_HORMONE_ACTIVITY]
[GOMF_RNA_HELICASE_ACTIVITY,GOMF_RNA_HELICASE_ACTIVITY] was killed by [GOMF_HELICASE_ACTIVITY,GOMF_HELICASE_ACTIVITY]
[GOMF_EXTRACELLULAR_MATRIX_STRUCTURAL_CONSTITUENT,GOMF_EXTRACELLULAR_MATRIX_STRUCTURAL_CONSTITUENT] was killed by [GOMF_GROWTH_FACTOR_BINDING,GOMF_GROWTH_FACTOR_BINDING]
[GOMF_N_METHYLTRANSFERASE_ACTIVITY,GOMF_N_METHYLTRANSFERASE_ACTIVITY] was killed by [GOMF_MODIFICATION_DEPENDENT_PROTEIN_BINDING,GOMF_MODIFICATION_DEPENDENT_PROTEIN_BINDING]
[GOMF_NUCLEASE_ACTIVITY,GOMF_NUCLEASE_ACTIVITY] was killed by [GOMF_CATALYTIC_ACTIVITY_ACTING_ON_A_TRNA,GOMF_CATALYTIC_ACTIVITY_ACTING_ON_A_TRNA]
[GOMF_ENDOPEPTIDASE_REGULATOR_ACTIVITY,GOMF_ENDOPEPTIDASE_REGULATOR_ACTIVITY] was killed by [GOMF_GROWTH_FACTOR_BINDING,GOMF_GROWTH_FACTOR_BINDING]
[GOMF_UBIQUITIN_LIKE_PROTEIN_BINDING,GOMF_UBIQUITIN_LIKE_PROTEIN_BINDING] was killed by [GOMF_MODIFICATION_DEPENDENT_PROTEIN_BINDING,GOMF_MODIFICATION_DEPENDENT_PROTEIN_BINDING]
[GOMF_TRANSLATION_REGULATOR_ACTIVITY_NUCLEIC_ACID_BINDING,GOMF_TRANSLATION_REGULATOR_ACTIVITY_NUCLEIC_ACID_BINDING] was killed by [GOMF_MRNA_3_UTR_BINDING,GOMF_MRNA_3_UTR_BINDING]
[GOMF_ELECTRON_TRANSFER_ACTIVITY,GOMF_ELECTRON_TRANSFER_ACTIVITY] was killed by [GOMF_NAD_P_H_DEHYDROGENASE_QUINONE_ACTIVITY,GOMF_NAD_P_H_DEHYDROGENASE_QUINONE_ACTIVITY]
[GOMF_EXTRACELLULAR_LIGAND_GATED_ION_CHANNEL_ACTIVITY,GOMF_EXTRACELLULAR_LIGAND_GATED_ION_CHANNEL_ACTIVITY] was killed by [GOMF_NEUROTRANSMITTER_RECEPTOR_ACTIVITY,GOMF_NEUROTRANSMITTER_RECEPTOR_ACTIVITY]
[GOMF_LIGAND_GATED_ION_CHANNEL_ACTIVITY,GOMF_LIGAND_GATED_ION_CHANNEL_ACTIVITY] was killed by [GOMF_NEUROTRANSMITTER_RECEPTOR_ACTIVITY,GOMF_NEUROTRANSMITTER_RECEPTOR_ACTIVITY]
[GOMF_METAL_CLUSTER_BINDING,GOMF_METAL_CLUSTER_BINDING] was killed by [GOMF_HELICASE_ACTIVITY,GOMF_HELICASE_ACTIVITY]
[GOMF_PROTEIN_METHYLTRANSFERASE_ACTIVITY,GOMF_PROTEIN_METHYLTRANSFERASE_ACTIVITY] was killed by [GOMF_MODIFICATION_DEPENDENT_PROTEIN_BINDING,GOMF_MODIFICATION_DEPENDENT_PROTEIN_BINDING]
[GOMF_DNA_HELICASE_ACTIVITY,GOMF_DNA_HELICASE_ACTIVITY] was killed by [GOMF_HELICASE_ACTIVITY,GOMF_HELICASE_ACTIVITY]
[GOMF_LIGASE_ACTIVITY_FORMING_CARBON_OXYGEN_BONDS,GOMF_LIGASE_ACTIVITY_FORMING_CARBON_OXYGEN_BONDS] was killed by [GOMF_CATALYTIC_ACTIVITY_ACTING_ON_A_TRNA,GOMF_CATALYTIC_ACTIVITY_ACTING_ON_A_TRNA]
[GOMF_TRANSMITTER_GATED_CHANNEL_ACTIVITY,GOMF_TRANSMITTER_GATED_CHANNEL_ACTIVITY] was killed by [GOMF_NEUROTRANSMITTER_RECEPTOR_ACTIVITY,GOMF_NEUROTRANSMITTER_RECEPTOR_ACTIVITY]
[GOMF_DAMAGED_DNA_BINDING,GOMF_DAMAGED_DNA_BINDING] was killed by [GOMF_HELICASE_ACTIVITY,GOMF_HELICASE_ACTIVITY]
[GOMF_SERINE_TYPE_ENDOPEPTIDASE_INHIBITOR_ACTIVITY,GOMF_SERINE_TYPE_ENDOPEPTIDASE_INHIBITOR_ACTIVITY] was killed by [GOMF_GROWTH_FACTOR_BINDING,GOMF_GROWTH_FACTOR_BINDING]
[GOMF_TRANSCRIPTION_COREPRESSOR_ACTIVITY,GOMF_TRANSCRIPTION_COREPRESSOR_ACTIVITY] was killed by [GOMF_MODIFICATION_DEPENDENT_PROTEIN_BINDING,GOMF_MODIFICATION_DEPENDENT_PROTEIN_BINDING]
[GOMF_DOUBLE_STRANDED_RNA_BINDING,GOMF_DOUBLE_STRANDED_RNA_BINDING] was killed by [GOMF_MRNA_3_UTR_BINDING,GOMF_MRNA_3_UTR_BINDING]
[GOMF_CHEMOKINE_RECEPTOR_BINDING,GOMF_CHEMOKINE_RECEPTOR_BINDING] was killed by [GOMF_CHEMOKINE_ACTIVITY,GOMF_CHEMOKINE_ACTIVITY]
[GOMF_EXONUCLEASE_ACTIVITY,GOMF_EXONUCLEASE_ACTIVITY] was killed by [GOMF_HELICASE_ACTIVITY,GOMF_HELICASE_ACTIVITY]
[GOMF_G_PROTEIN_COUPLED_AMINE_RECEPTOR_ACTIVITY,GOMF_G_PROTEIN_COUPLED_AMINE_RECEPTOR_ACTIVITY] was killed by [GOMF_NEUROTRANSMITTER_RECEPTOR_ACTIVITY,GOMF_NEUROTRANSMITTER_RECEPTOR_ACTIVITY]
[GOMF_ENDONUCLEASE_ACTIVITY_ACTIVE_WITH_EITHER_RIBO_OR_DEOXYRIBONUCLEIC_ACIDS_AND_PRODUCING_5_PHOSPHOMONOESTERS,GOMF_ENDONUCLEASE_ACTIVITY_ACTIVE_WITH_EITHER_RIBO_OR_DEOXYRIBONUCLEIC_ACIDS_AND_PRODUCING_5_PHOSPHOMONOESTERS] was killed by [GOMF_CATALYTIC_ACTIVITY_ACTING_ON_A_TRNA,GOMF_CATALYTIC_ACTIVITY_ACTING_ON_A_TRNA]
[GOMF_POSTSYNAPTIC_NEUROTRANSMITTER_RECEPTOR_ACTIVITY,GOMF_POSTSYNAPTIC_NEUROTRANSMITTER_RECEPTOR_ACTIVITY] was killed by [GOMF_NEUROTRANSMITTER_RECEPTOR_ACTIVITY,GOMF_NEUROTRANSMITTER_RECEPTOR_ACTIVITY]
[GOMF_CCR_CHEMOKINE_RECEPTOR_BINDING,GOMF_CCR_CHEMOKINE_RECEPTOR_BINDING] was killed by [GOMF_CHEMOKINE_ACTIVITY,GOMF_CHEMOKINE_ACTIVITY]
[GOMF_RNA_POLYMERASE_ACTIVITY,GOMF_RNA_POLYMERASE_ACTIVITY] was killed by [GOMF_NUCLEOTIDYLTRANSFERASE_ACTIVITY,GOMF_NUCLEOTIDYLTRANSFERASE_ACTIVITY]
[GOMF_UBIQUITIN_BINDING,GOMF_UBIQUITIN_BINDING] was killed by [GOMF_MODIFICATION_DEPENDENT_PROTEIN_BINDING,GOMF_MODIFICATION_DEPENDENT_PROTEIN_BINDING]
[GOMF_ENDORIBONUCLEASE_ACTIVITY_PRODUCING_5_PHOSPHOMONOESTERS,GOMF_ENDORIBONUCLEASE_ACTIVITY_PRODUCING_5_PHOSPHOMONOESTERS] was killed by [GOMF_CATALYTIC_ACTIVITY_ACTING_ON_A_TRNA,GOMF_CATALYTIC_ACTIVITY_ACTING_ON_A_TRNA]
[GOMF_CYTOKINE_BINDING,GOMF_CYTOKINE_BINDING] was killed by [GOMF_PEPTIDE_RECEPTOR_ACTIVITY,GOMF_PEPTIDE_RECEPTOR_ACTIVITY]
[GOMF_COLLAGEN_BINDING,GOMF_COLLAGEN_BINDING] was killed by [GOMF_GROWTH_FACTOR_BINDING,GOMF_GROWTH_FACTOR_BINDING]
[GOMF_NEUROTRANSMITTER_RECEPTOR_ACTIVITY_INVOLVED_IN_REGULATION_OF_POSTSYNAPTIC_MEMBRANE_POTENTIAL,GOMF_NEUROTRANSMITTER_RECEPTOR_ACTIVITY_INVOLVED_IN_REGULATION_OF_POSTSYNAPTIC_MEMBRANE_POTENTIAL] was killed by [GOMF_NEUROTRANSMITTER_RECEPTOR_ACTIVITY,GOMF_NEUROTRANSMITTER_RECEPTOR_ACTIVITY]
[GOMF_HEPARIN_BINDING,GOMF_HEPARIN_BINDING] was killed by [GOMF_GROWTH_FACTOR_BINDING,GOMF_GROWTH_FACTOR_BINDING]
[GOMF_NEUROPEPTIDE_RECEPTOR_ACTIVITY,GOMF_NEUROPEPTIDE_RECEPTOR_ACTIVITY] was killed by [GOMF_PEPTIDE_RECEPTOR_ACTIVITY,GOMF_PEPTIDE_RECEPTOR_ACTIVITY]
[GOMF_DNA_SECONDARY_STRUCTURE_BINDING,GOMF_DNA_SECONDARY_STRUCTURE_BINDING] was killed by [GOMF_HELICASE_ACTIVITY,GOMF_HELICASE_ACTIVITY]
[GOMF_LIGASE_ACTIVITY_FORMING_CARBON_NITROGEN_BONDS,GOMF_LIGASE_ACTIVITY_FORMING_CARBON_NITROGEN_BONDS] was killed by [GOMF_CATALYTIC_ACTIVITY_ACTING_ON_A_TRNA,GOMF_CATALYTIC_ACTIVITY_ACTING_ON_A_TRNA]
[GOMF_TELOMERIC_DNA_BINDING,GOMF_TELOMERIC_DNA_BINDING] was killed by [GOMF_HELICASE_ACTIVITY,GOMF_HELICASE_ACTIVITY]
[GOMF_RIBOSOME_BINDING,GOMF_RIBOSOME_BINDING] was killed by [GOMF_MRNA_3_UTR_BINDING,GOMF_MRNA_3_UTR_BINDING]
[GOMF_CARGO_RECEPTOR_ACTIVITY,GOMF_CARGO_RECEPTOR_ACTIVITY] was killed by [GOMF_SERINE_HYDROLASE_ACTIVITY,GOMF_SERINE_HYDROLASE_ACTIVITY]
[GOMF_TRANSMEMBRANE_RECEPTOR_PROTEIN_KINASE_ACTIVITY,GOMF_TRANSMEMBRANE_RECEPTOR_PROTEIN_KINASE_ACTIVITY] was killed by [GOMF_GROWTH_FACTOR_BINDING,GOMF_GROWTH_FACTOR_BINDING]
[GOMF_PROTEIN_N_TERMINUS_BINDING,GOMF_PROTEIN_N_TERMINUS_BINDING] was killed by [GOMF_MODIFICATION_DEPENDENT_PROTEIN_BINDING,GOMF_MODIFICATION_DEPENDENT_PROTEIN_BINDING]
[GOMF_TRANSMEMBRANE_RECEPTOR_PROTEIN_TYROSINE_KINASE_ACTIVITY,GOMF_TRANSMEMBRANE_RECEPTOR_PROTEIN_TYROSINE_KINASE_ACTIVITY] was killed by [GOMF_GROWTH_FACTOR_BINDING,GOMF_GROWTH_FACTOR_BINDING]
[GOMF_LYASE_ACTIVITY,GOMF_LYASE_ACTIVITY] was killed by [GOMF_HYDROLASE_ACTIVITY_HYDROLYZING_N_GLYCOSYL_COMPOUNDS,GOMF_HYDROLASE_ACTIVITY_HYDROLYZING_N_GLYCOSYL_COMPOUNDS]
[GOMF_EXTRACELLULAR_MATRIX_STRUCTURAL_CONSTITUENT_CONFERRING_TENSILE_STRENGTH,GOMF_EXTRACELLULAR_MATRIX_STRUCTURAL_CONSTITUENT_CONFERRING_TENSILE_STRENGTH] was killed by [GOMF_GROWTH_FACTOR_BINDING,GOMF_GROWTH_FACTOR_BINDING]
[GOMF_NEUROPEPTIDE_RECEPTOR_BINDING,GOMF_NEUROPEPTIDE_RECEPTOR_BINDING] was killed by [GOMF_HORMONE_ACTIVITY,GOMF_HORMONE_ACTIVITY]
[GOMF_CYTOKINE_RECEPTOR_ACTIVITY,GOMF_CYTOKINE_RECEPTOR_ACTIVITY] was killed by [GOMF_PEPTIDE_RECEPTOR_ACTIVITY,GOMF_PEPTIDE_RECEPTOR_ACTIVITY]
[GOMF_2_IRON_2_SULFUR_CLUSTER_BINDING,GOMF_2_IRON_2_SULFUR_CLUSTER_BINDING] was killed by [GOMF_NAD_P_H_DEHYDROGENASE_QUINONE_ACTIVITY,GOMF_NAD_P_H_DEHYDROGENASE_QUINONE_ACTIVITY]
[GOMF_PROTEIN_PHOSPHORYLATED_AMINO_ACID_BINDING,GOMF_PROTEIN_PHOSPHORYLATED_AMINO_ACID_BINDING] was killed by [GOMF_GUANYL_NUCLEOTIDE_EXCHANGE_FACTOR_ACTIVITY,GOMF_GUANYL_NUCLEOTIDE_EXCHANGE_FACTOR_ACTIVITY]
[GOMF_ENDONUCLEASE_ACTIVITY,GOMF_ENDONUCLEASE_ACTIVITY] was killed by [GOMF_CATALYTIC_ACTIVITY_ACTING_ON_A_TRNA,GOMF_CATALYTIC_ACTIVITY_ACTING_ON_A_TRNA]
[GOMF_ISOMERASE_ACTIVITY,GOMF_ISOMERASE_ACTIVITY] was killed by [GOMF_UNFOLDED_PROTEIN_BINDING,GOMF_UNFOLDED_PROTEIN_BINDING]
[GOMF_3_5_EXONUCLEASE_ACTIVITY,GOMF_3_5_EXONUCLEASE_ACTIVITY] was killed by [GOMF_MRNA_3_UTR_BINDING,GOMF_MRNA_3_UTR_BINDING]
[GOMF_HISTONE_METHYLTRANSFERASE_ACTIVITY,GOMF_HISTONE_METHYLTRANSFERASE_ACTIVITY] was killed by [GOMF_MODIFICATION_DEPENDENT_PROTEIN_BINDING,GOMF_MODIFICATION_DEPENDENT_PROTEIN_BINDING]
[GOMF_SINGLE_STRANDED_RNA_BINDING,GOMF_SINGLE_STRANDED_RNA_BINDING] was killed by [GOMF_MRNA_3_UTR_BINDING,GOMF_MRNA_3_UTR_BINDING]
[GOMF_NUCLEOSOME_BINDING,GOMF_NUCLEOSOME_BINDING] was killed by [GOMF_HELICASE_ACTIVITY,GOMF_HELICASE_ACTIVITY]
[GOMF_4_IRON_4_SULFUR_CLUSTER_BINDING,GOMF_4_IRON_4_SULFUR_CLUSTER_BINDING] was killed by [GOMF_CATALYTIC_ACTIVITY_ACTING_ON_A_TRNA,GOMF_CATALYTIC_ACTIVITY_ACTING_ON_A_TRNA]
[GOMF_OXIDOREDUCTASE_ACTIVITY_ACTING_ON_THE_CH_CH_GROUP_OF_DONORS,GOMF_OXIDOREDUCTASE_ACTIVITY_ACTING_ON_THE_CH_CH_GROUP_OF_DONORS] was killed by [GOMF_CATALYTIC_ACTIVITY_ACTING_ON_A_TRNA,GOMF_CATALYTIC_ACTIVITY_ACTING_ON_A_TRNA]
[GOMF_LIGAND_GATED_CATION_CHANNEL_ACTIVITY,GOMF_LIGAND_GATED_CATION_CHANNEL_ACTIVITY] was killed by [GOMF_NEUROTRANSMITTER_RECEPTOR_ACTIVITY,GOMF_NEUROTRANSMITTER_RECEPTOR_ACTIVITY]
[GOMF_DNA_REPLICATION_ORIGIN_BINDING,GOMF_DNA_REPLICATION_ORIGIN_BINDING] was killed by [GOMF_HELICASE_ACTIVITY,GOMF_HELICASE_ACTIVITY]
[GOMF_SCAVENGER_RECEPTOR_ACTIVITY,GOMF_SCAVENGER_RECEPTOR_ACTIVITY] was killed by [GOMF_SERINE_HYDROLASE_ACTIVITY,GOMF_SERINE_HYDROLASE_ACTIVITY]
[GOMF_GABA_RECEPTOR_ACTIVITY,GOMF_GABA_RECEPTOR_ACTIVITY] was killed by [GOMF_NEUROTRANSMITTER_RECEPTOR_ACTIVITY,GOMF_NEUROTRANSMITTER_RECEPTOR_ACTIVITY]
[GOMF_CGMP_BINDING,GOMF_CGMP_BINDING] was killed by [GOMF_3_5_CYCLIC_GMP_PHOSPHODIESTERASE_ACTIVITY,GOMF_3_5_CYCLIC_GMP_PHOSPHODIESTERASE_ACTIVITY]
[GOMF_EXTRACELLULAR_MATRIX_BINDING,GOMF_EXTRACELLULAR_MATRIX_BINDING] was killed by [GOMF_GROWTH_FACTOR_BINDING,GOMF_GROWTH_FACTOR_BINDING]
[GOMF_IONOTROPIC_GLUTAMATE_RECEPTOR_ACTIVITY,GOMF_IONOTROPIC_GLUTAMATE_RECEPTOR_ACTIVITY] was killed by [GOMF_NEUROTRANSMITTER_RECEPTOR_ACTIVITY,GOMF_NEUROTRANSMITTER_RECEPTOR_ACTIVITY]
[GOMF_PHOSPHORIC_DIESTER_HYDROLASE_ACTIVITY,GOMF_PHOSPHORIC_DIESTER_HYDROLASE_ACTIVITY] was killed by [GOMF_PEPTIDE_RECEPTOR_ACTIVITY,GOMF_PEPTIDE_RECEPTOR_ACTIVITY]
[GOMF_METALLOENDOPEPTIDASE_INHIBITOR_ACTIVITY,GOMF_METALLOENDOPEPTIDASE_INHIBITOR_ACTIVITY] was killed by [GOMF_GROWTH_FACTOR_BINDING,GOMF_GROWTH_FACTOR_BINDING]
[GOMF_UBIQUITIN_CONJUGATING_ENZYME_BINDING,GOMF_UBIQUITIN_CONJUGATING_ENZYME_BINDING] was killed by [GOMF_UBIQUITIN_LIKE_PROTEIN_CONJUGATING_ENZYME_BINDING,GOMF_UBIQUITIN_LIKE_PROTEIN_CONJUGATING_ENZYME_BINDING]
[GOMF_P53_BINDING,GOMF_P53_BINDING] was killed by [GOMF_MODIFICATION_DEPENDENT_PROTEIN_BINDING,GOMF_MODIFICATION_DEPENDENT_PROTEIN_BINDING]
[GOMF_PROTEOGLYCAN_BINDING,GOMF_PROTEOGLYCAN_BINDING] was killed by [GOMF_GROWTH_FACTOR_BINDING,GOMF_GROWTH_FACTOR_BINDING]
[GOMF_PEPTIDE_LYSINE_N_ACETYLTRANSFERASE_ACTIVITY,GOMF_PEPTIDE_LYSINE_N_ACETYLTRANSFERASE_ACTIVITY] was killed by [GOMF_MODIFICATION_DEPENDENT_PROTEIN_BINDING,GOMF_MODIFICATION_DEPENDENT_PROTEIN_BINDING]
[GOMF_FOUR_WAY_JUNCTION_DNA_BINDING,GOMF_FOUR_WAY_JUNCTION_DNA_BINDING] was killed by [GOMF_HELICASE_ACTIVITY,GOMF_HELICASE_ACTIVITY]
[GOMF_SODIUM_CHANNEL_ACTIVITY,GOMF_SODIUM_CHANNEL_ACTIVITY] was killed by [GOMF_NEUROTRANSMITTER_RECEPTOR_ACTIVITY,GOMF_NEUROTRANSMITTER_RECEPTOR_ACTIVITY]
[GOMF_PHOSPHATASE_BINDING,GOMF_PHOSPHATASE_BINDING] was killed by [GOMF_PROTEIN_C_TERMINUS_BINDING,GOMF_PROTEIN_C_TERMINUS_BINDING]
[GOMF_CYCLIC_NUCLEOTIDE_PHOSPHODIESTERASE_ACTIVITY,GOMF_CYCLIC_NUCLEOTIDE_PHOSPHODIESTERASE_ACTIVITY] was killed by [GOMF_3_5_CYCLIC_GMP_PHOSPHODIESTERASE_ACTIVITY,GOMF_3_5_CYCLIC_GMP_PHOSPHODIESTERASE_ACTIVITY]
[GOMF_TRNA_GUANINE_METHYLTRANSFERASE_ACTIVITY,GOMF_TRNA_GUANINE_METHYLTRANSFERASE_ACTIVITY] was killed by [GOMF_CATALYTIC_ACTIVITY_ACTING_ON_A_TRNA,GOMF_CATALYTIC_ACTIVITY_ACTING_ON_A_TRNA]
[GOMF_PROTEIN_PHOSPHATASE_ACTIVATOR_ACTIVITY,GOMF_PROTEIN_PHOSPHATASE_ACTIVATOR_ACTIVITY] was killed by [GOMF_PHOSPHATASE_ACTIVATOR_ACTIVITY,GOMF_PHOSPHATASE_ACTIVATOR_ACTIVITY]
[GOMF_SEQUENCE_SPECIFIC_MRNA_BINDING,GOMF_SEQUENCE_SPECIFIC_MRNA_BINDING] was killed by [GOMF_MRNA_3_UTR_BINDING,GOMF_MRNA_3_UTR_BINDING]
[GOMF_MIRNA_BINDING,GOMF_MIRNA_BINDING] was killed by [GOMF_MRNA_3_UTR_BINDING,GOMF_MRNA_3_UTR_BINDING]
[GOMF_HISTONE_LYSINE_N_METHYLTRANSFERASE_ACTIVITY,GOMF_HISTONE_LYSINE_N_METHYLTRANSFERASE_ACTIVITY] was killed by [GOMF_MODIFICATION_DEPENDENT_PROTEIN_BINDING,GOMF_MODIFICATION_DEPENDENT_PROTEIN_BINDING]
[GOMF_CYSTEINE_TYPE_PEPTIDASE_ACTIVITY,GOMF_CYSTEINE_TYPE_PEPTIDASE_ACTIVITY] was killed by [GOMF_MODIFICATION_DEPENDENT_PROTEIN_BINDING,GOMF_MODIFICATION_DEPENDENT_PROTEIN_BINDING]
[GOMF_OXIDOREDUCTASE_ACTIVITY_ACTING_ON_NAD_P_H_QUINONE_OR_SIMILAR_COMPOUND_AS_ACCEPTOR,GOMF_OXIDOREDUCTASE_ACTIVITY_ACTING_ON_NAD_P_H_QUINONE_OR_SIMILAR_COMPOUND_AS_ACCEPTOR] was killed by [GOMF_NAD_P_H_DEHYDROGENASE_QUINONE_ACTIVITY,GOMF_NAD_P_H_DEHYDROGENASE_QUINONE_ACTIVITY]
[GOMF_PRE_MRNA_BINDING,GOMF_PRE_MRNA_BINDING] was killed by [GOMF_MRNA_3_UTR_BINDING,GOMF_MRNA_3_UTR_BINDING]
[GOMF_SOLUTE_SODIUM_SYMPORTER_ACTIVITY,GOMF_SOLUTE_SODIUM_SYMPORTER_ACTIVITY] was killed by [GOMF_SODIUM_ION_TRANSMEMBRANE_TRANSPORTER_ACTIVITY,GOMF_SODIUM_ION_TRANSMEMBRANE_TRANSPORTER_ACTIVITY]
[GOMF_MRNA_5_UTR_BINDING,GOMF_MRNA_5_UTR_BINDING] was killed by [GOMF_STRUCTURAL_CONSTITUENT_OF_RIBOSOME,GOMF_STRUCTURAL_CONSTITUENT_OF_RIBOSOME]
[GOMF_NEUROPEPTIDE_HORMONE_ACTIVITY,GOMF_NEUROPEPTIDE_HORMONE_ACTIVITY] was killed by [GOMF_HORMONE_ACTIVITY,GOMF_HORMONE_ACTIVITY]
[GOMF_PEPTIDE_N_ACETYLTRANSFERASE_ACTIVITY,GOMF_PEPTIDE_N_ACETYLTRANSFERASE_ACTIVITY] was killed by [GOMF_MODIFICATION_DEPENDENT_PROTEIN_BINDING,GOMF_MODIFICATION_DEPENDENT_PROTEIN_BINDING]
[GOMF_MRNA_METHYLTRANSFERASE_ACTIVITY,GOMF_MRNA_METHYLTRANSFERASE_ACTIVITY] was killed by [GOMF_CATALYTIC_ACTIVITY_ACTING_ON_A_TRNA,GOMF_CATALYTIC_ACTIVITY_ACTING_ON_A_TRNA]
[GOMF_HEPARAN_SULFATE_PROTEOGLYCAN_BINDING,GOMF_HEPARAN_SULFATE_PROTEOGLYCAN_BINDING] was killed by [GOMF_CALCIUM_DEPENDENT_PHOSPHOLIPASE_A2_ACTIVITY,GOMF_CALCIUM_DEPENDENT_PHOSPHOLIPASE_A2_ACTIVITY]
[GOMF_DNA_N_GLYCOSYLASE_ACTIVITY,GOMF_DNA_N_GLYCOSYLASE_ACTIVITY] was killed by [GOMF_HYDROLASE_ACTIVITY_HYDROLYZING_N_GLYCOSYL_COMPOUNDS,GOMF_HYDROLASE_ACTIVITY_HYDROLYZING_N_GLYCOSYL_COMPOUNDS]
[GOMF_INTRAMOLECULAR_TRANSFERASE_ACTIVITY,GOMF_INTRAMOLECULAR_TRANSFERASE_ACTIVITY] was killed by [GOMF_CATALYTIC_ACTIVITY_ACTING_ON_A_TRNA,GOMF_CATALYTIC_ACTIVITY_ACTING_ON_A_TRNA]
[GOMF_TRANSFORMING_GROWTH_FACTOR_BETA_BINDING,GOMF_TRANSFORMING_GROWTH_FACTOR_BETA_BINDING] was killed by [GOMF_GROWTH_FACTOR_BINDING,GOMF_GROWTH_FACTOR_BINDING]
[GOMF_LRR_DOMAIN_BINDING,GOMF_LRR_DOMAIN_BINDING] was killed by [GOMF_PROTEIN_C_TERMINUS_BINDING,GOMF_PROTEIN_C_TERMINUS_BINDING]
[GOMF_ARACHIDONIC_ACID_EPOXYGENASE_ACTIVITY,GOMF_ARACHIDONIC_ACID_EPOXYGENASE_ACTIVITY] was killed by [GOMF_ARACHIDONIC_ACID_MONOOXYGENASE_ACTIVITY,GOMF_ARACHIDONIC_ACID_MONOOXYGENASE_ACTIVITY]
[GOMF_ION_CHANNEL_BINDING,GOMF_ION_CHANNEL_BINDING] was killed by [GOMF_SODIUM_ION_TRANSMEMBRANE_TRANSPORTER_ACTIVITY,GOMF_SODIUM_ION_TRANSMEMBRANE_TRANSPORTER_ACTIVITY]
[GOMF_PLATELET_DERIVED_GROWTH_FACTOR_RECEPTOR_BINDING,GOMF_PLATELET_DERIVED_GROWTH_FACTOR_RECEPTOR_BINDING] was killed by [GOMF_GROWTH_FACTOR_BINDING,GOMF_GROWTH_FACTOR_BINDING]
[GOMF_AMINOACYL_TRNA_EDITING_ACTIVITY,GOMF_AMINOACYL_TRNA_EDITING_ACTIVITY] was killed by [GOMF_CATALYTIC_ACTIVITY_ACTING_ON_A_TRNA,GOMF_CATALYTIC_ACTIVITY_ACTING_ON_A_TRNA]
[GOMF_CHAPERONE_BINDING,GOMF_CHAPERONE_BINDING] was killed by [GOMF_UNFOLDED_PROTEIN_BINDING,GOMF_UNFOLDED_PROTEIN_BINDING]
[GOMF_POLY_A_BINDING,GOMF_POLY_A_BINDING] was killed by [GOMF_MRNA_3_UTR_BINDING,GOMF_MRNA_3_UTR_BINDING]
[GOMF_5S_RRNA_BINDING,GOMF_5S_RRNA_BINDING] was killed by [GOMF_STRUCTURAL_CONSTITUENT_OF_RIBOSOME,GOMF_STRUCTURAL_CONSTITUENT_OF_RIBOSOME]
[GOMF_PEPTIDE_HORMONE_BINDING,GOMF_PEPTIDE_HORMONE_BINDING] was killed by [GOMF_PEPTIDE_RECEPTOR_ACTIVITY,GOMF_PEPTIDE_RECEPTOR_ACTIVITY]
[GOMF_VOLTAGE_GATED_SODIUM_CHANNEL_ACTIVITY,GOMF_VOLTAGE_GATED_SODIUM_CHANNEL_ACTIVITY] was killed by [GOMF_SODIUM_ION_TRANSMEMBRANE_TRANSPORTER_ACTIVITY,GOMF_SODIUM_ION_TRANSMEMBRANE_TRANSPORTER_ACTIVITY]
[GOMF_STEROID_HYDROXYLASE_ACTIVITY,GOMF_STEROID_HYDROXYLASE_ACTIVITY] was killed by [GOMF_ARACHIDONIC_ACID_MONOOXYGENASE_ACTIVITY,GOMF_ARACHIDONIC_ACID_MONOOXYGENASE_ACTIVITY]
[GOMF_NUCLEAR_HORMONE_RECEPTOR_BINDING,GOMF_NUCLEAR_HORMONE_RECEPTOR_BINDING] was killed by [GOMF_MODIFICATION_DEPENDENT_PROTEIN_BINDING,GOMF_MODIFICATION_DEPENDENT_PROTEIN_BINDING]
[GOMF_ATP_DEPENDENT_MICROTUBULE_MOTOR_ACTIVITY_MINUS_END_DIRECTED,GOMF_ATP_DEPENDENT_MICROTUBULE_MOTOR_ACTIVITY_MINUS_END_DIRECTED] was killed by [GOMF_MOTOR_ACTIVITY,GOMF_MOTOR_ACTIVITY]
[GOMF_TAU_PROTEIN_KINASE_ACTIVITY,GOMF_TAU_PROTEIN_KINASE_ACTIVITY] was killed by [GOMF_ALPHA_TUBULIN_BINDING,GOMF_ALPHA_TUBULIN_BINDING]
[GOMF_NEUROPEPTIDE_BINDING,GOMF_NEUROPEPTIDE_BINDING] was killed by [GOMF_PEPTIDE_RECEPTOR_ACTIVITY,GOMF_PEPTIDE_RECEPTOR_ACTIVITY]
[GOMF_INTEGRIN_BINDING,GOMF_INTEGRIN_BINDING] was killed by [GOMF_GROWTH_FACTOR_BINDING,GOMF_GROWTH_FACTOR_BINDING]
[GOMF_METHYLATED_HISTONE_BINDING,GOMF_METHYLATED_HISTONE_BINDING] was killed by [GOMF_HELICASE_ACTIVITY,GOMF_HELICASE_ACTIVITY]
[GOMF_AMINO_ACID_TRANSMEMBRANE_TRANSPORTER_ACTIVITY,GOMF_AMINO_ACID_TRANSMEMBRANE_TRANSPORTER_ACTIVITY] was killed by [GOMF_SODIUM_ION_TRANSMEMBRANE_TRANSPORTER_ACTIVITY,GOMF_SODIUM_ION_TRANSMEMBRANE_TRANSPORTER_ACTIVITY]
[GOMF_NADPLUS_NUCLEOSIDASE_ACTIVITY,GOMF_NADPLUS_NUCLEOSIDASE_ACTIVITY] was killed by [GOMF_HYDROLASE_ACTIVITY_HYDROLYZING_N_GLYCOSYL_COMPOUNDS,GOMF_HYDROLASE_ACTIVITY_HYDROLYZING_N_GLYCOSYL_COMPOUNDS]
[GOMF_SNRNA_BINDING,GOMF_SNRNA_BINDING] was killed by [GOMF_SNORNA_BINDING,GOMF_SNORNA_BINDING]
[GOMF_SYMPORTER_ACTIVITY,GOMF_SYMPORTER_ACTIVITY] was killed by [GOMF_SODIUM_ION_TRANSMEMBRANE_TRANSPORTER_ACTIVITY,GOMF_SODIUM_ION_TRANSMEMBRANE_TRANSPORTER_ACTIVITY]
[GOMF_GENERAL_TRANSCRIPTION_INITIATION_FACTOR_BINDING,GOMF_GENERAL_TRANSCRIPTION_INITIATION_FACTOR_BINDING] was killed by [GOMF_MODIFICATION_DEPENDENT_PROTEIN_BINDING,GOMF_MODIFICATION_DEPENDENT_PROTEIN_BINDING]
[GOMF_COMPLEMENT_RECEPTOR_ACTIVITY,GOMF_COMPLEMENT_RECEPTOR_ACTIVITY] was killed by [GOMF_PEPTIDE_RECEPTOR_ACTIVITY,GOMF_PEPTIDE_RECEPTOR_ACTIVITY]
[GOMF_TELOMERASE_RNA_BINDING,GOMF_TELOMERASE_RNA_BINDING] was killed by [GOMF_MRNA_3_UTR_BINDING,GOMF_MRNA_3_UTR_BINDING]
[GOMF_CHEMOATTRACTANT_ACTIVITY,GOMF_CHEMOATTRACTANT_ACTIVITY] was killed by [GOMF_CHEMOKINE_ACTIVITY,GOMF_CHEMOKINE_ACTIVITY]
[GOMF_LYSINE_ACETYLATED_HISTONE_BINDING,GOMF_LYSINE_ACETYLATED_HISTONE_BINDING] was killed by [GOMF_MODIFICATION_DEPENDENT_PROTEIN_BINDING,GOMF_MODIFICATION_DEPENDENT_PROTEIN_BINDING]
[GOMF_STEROID_HORMONE_RECEPTOR_BINDING,GOMF_STEROID_HORMONE_RECEPTOR_BINDING] was killed by [GOMF_UBIQUITIN_LIKE_PROTEIN_CONJUGATING_ENZYME_BINDING,GOMF_UBIQUITIN_LIKE_PROTEIN_CONJUGATING_ENZYME_BINDING]
[GOMF_RECEPTOR_SERINE_THREONINE_KINASE_BINDING,GOMF_RECEPTOR_SERINE_THREONINE_KINASE_BINDING] was killed by [GOMF_HORMONE_ACTIVITY,GOMF_HORMONE_ACTIVITY]
[GOMF_PHOSPHOPROTEIN_BINDING,GOMF_PHOSPHOPROTEIN_BINDING] was killed by [GOMF_GUANYL_NUCLEOTIDE_EXCHANGE_FACTOR_ACTIVITY,GOMF_GUANYL_NUCLEOTIDE_EXCHANGE_FACTOR_ACTIVITY]
[GOMF_METALLOENDOPEPTIDASE_ACTIVITY,GOMF_METALLOENDOPEPTIDASE_ACTIVITY] was killed by [GOMF_SERINE_HYDROLASE_ACTIVITY,GOMF_SERINE_HYDROLASE_ACTIVITY]
[GOMF_LYSINE_N_METHYLTRANSFERASE_ACTIVITY,GOMF_LYSINE_N_METHYLTRANSFERASE_ACTIVITY] was killed by [GOMF_MODIFICATION_DEPENDENT_PROTEIN_BINDING,GOMF_MODIFICATION_DEPENDENT_PROTEIN_BINDING]
[GOMF_CALCIUM_DEPENDENT_PHOSPHOLIPID_BINDING,GOMF_CALCIUM_DEPENDENT_PHOSPHOLIPID_BINDING] was killed by [GOMF_PHOSPHATIDYLSERINE_BINDING,GOMF_PHOSPHATIDYLSERINE_BINDING]
[GOMF_PHOSPHOTRANSFERASE_ACTIVITY_PHOSPHATE_GROUP_AS_ACCEPTOR,GOMF_PHOSPHOTRANSFERASE_ACTIVITY_PHOSPHATE_GROUP_AS_ACCEPTOR] was killed by [GOMF_NUCLEOBASE_CONTAINING_COMPOUND_KINASE_ACTIVITY,GOMF_NUCLEOBASE_CONTAINING_COMPOUND_KINASE_ACTIVITY]
[GOMF_REPRESSING_TRANSCRIPTION_FACTOR_BINDING,GOMF_REPRESSING_TRANSCRIPTION_FACTOR_BINDING] was killed by [GOMF_TRANSLATION_INITIATION_FACTOR_BINDING,GOMF_TRANSLATION_INITIATION_FACTOR_BINDING]
[GOMF_TRANSLATION_REPRESSOR_ACTIVITY,GOMF_TRANSLATION_REPRESSOR_ACTIVITY] was killed by [GOMF_MRNA_3_UTR_BINDING,GOMF_MRNA_3_UTR_BINDING]
[GOMF_PROTEIN_TYROSINE_KINASE_ACTIVITY,GOMF_PROTEIN_TYROSINE_KINASE_ACTIVITY] was killed by [GOMF_GROWTH_FACTOR_BINDING,GOMF_GROWTH_FACTOR_BINDING]
[GOMF_POLY_PURINE_TRACT_BINDING,GOMF_POLY_PURINE_TRACT_BINDING] was killed by [GOMF_MRNA_3_UTR_BINDING,GOMF_MRNA_3_UTR_BINDING]
[GOMF_CORE_PROMOTER_SEQUENCE_SPECIFIC_DNA_BINDING,GOMF_CORE_PROMOTER_SEQUENCE_SPECIFIC_DNA_BINDING] was killed by [GOMF_MODIFICATION_DEPENDENT_PROTEIN_BINDING,GOMF_MODIFICATION_DEPENDENT_PROTEIN_BINDING]
[GOMF_GROWTH_FACTOR_RECEPTOR_BINDING,GOMF_GROWTH_FACTOR_RECEPTOR_BINDING] was killed by [GOMF_GROWTH_FACTOR_BINDING,GOMF_GROWTH_FACTOR_BINDING]
[GOMF_STRUCTURAL_CONSTITUENT_OF_EYE_LENS,GOMF_STRUCTURAL_CONSTITUENT_OF_EYE_LENS] was killed by [GOMF_UNFOLDED_PROTEIN_BINDING,GOMF_UNFOLDED_PROTEIN_BINDING]
[GOMF_PHOSPHATIDIC_ACID_BINDING,GOMF_PHOSPHATIDIC_ACID_BINDING] was killed by [GOMF_PHOSPHATIDYLSERINE_BINDING,GOMF_PHOSPHATIDYLSERINE_BINDING]
[GOMF_SEROTONIN_RECEPTOR_ACTIVITY,GOMF_SEROTONIN_RECEPTOR_ACTIVITY] was killed by [GOMF_NEUROTRANSMITTER_RECEPTOR_ACTIVITY,GOMF_NEUROTRANSMITTER_RECEPTOR_ACTIVITY]
[GOMF_PHOSPHOSERINE_RESIDUE_BINDING,GOMF_PHOSPHOSERINE_RESIDUE_BINDING] was killed by [GOMF_PROTEIN_C_TERMINUS_BINDING,GOMF_PROTEIN_C_TERMINUS_BINDING]
[GOMF_INTERLEUKIN_1_RECEPTOR_ACTIVITY,GOMF_INTERLEUKIN_1_RECEPTOR_ACTIVITY] was killed by [GOMF_GROWTH_FACTOR_BINDING,GOMF_GROWTH_FACTOR_BINDING]
[GOMF_POTASSIUM_ION_ANTIPORTER_ACTIVITY,GOMF_POTASSIUM_ION_ANTIPORTER_ACTIVITY] was killed by [GOMF_SODIUM_ION_TRANSMEMBRANE_TRANSPORTER_ACTIVITY,GOMF_SODIUM_ION_TRANSMEMBRANE_TRANSPORTER_ACTIVITY]
[GOMF_CALCIUM_ION_TRANSMEMBRANE_TRANSPORTER_ACTIVITY,GOMF_CALCIUM_ION_TRANSMEMBRANE_TRANSPORTER_ACTIVITY] was killed by [GOMF_NEUROTRANSMITTER_RECEPTOR_ACTIVITY,GOMF_NEUROTRANSMITTER_RECEPTOR_ACTIVITY]
[GOMF_PHOSPHATIDYLGLYCEROL_BINDING,GOMF_PHOSPHATIDYLGLYCEROL_BINDING] was killed by [GOMF_PHOSPHATIDYLSERINE_BINDING,GOMF_PHOSPHATIDYLSERINE_BINDING]
[GOMF_CIS_TRANS_ISOMERASE_ACTIVITY,GOMF_CIS_TRANS_ISOMERASE_ACTIVITY] was killed by [GOMF_UNFOLDED_PROTEIN_BINDING,GOMF_UNFOLDED_PROTEIN_BINDING]
[GOMF_MISMATCHED_DNA_BINDING,GOMF_MISMATCHED_DNA_BINDING] was killed by [GOMF_HYDROLASE_ACTIVITY_HYDROLYZING_N_GLYCOSYL_COMPOUNDS,GOMF_HYDROLASE_ACTIVITY_HYDROLYZING_N_GLYCOSYL_COMPOUNDS]
[GOMF_MICROTUBULE_MOTOR_ACTIVITY,GOMF_MICROTUBULE_MOTOR_ACTIVITY] was killed by [GOMF_MOTOR_ACTIVITY,GOMF_MOTOR_ACTIVITY]
[GOMF_ADP_BINDING,GOMF_ADP_BINDING] was killed by [GOMF_MOTOR_ACTIVITY,GOMF_MOTOR_ACTIVITY]
[GOMF_OMEGA_PEPTIDASE_ACTIVITY,GOMF_OMEGA_PEPTIDASE_ACTIVITY] was killed by [GOMF_MODIFICATION_DEPENDENT_PROTEIN_BINDING,GOMF_MODIFICATION_DEPENDENT_PROTEIN_BINDING]
[GOMF_CHEMOREPELLENT_ACTIVITY,GOMF_CHEMOREPELLENT_ACTIVITY] was killed by [GOMF_SEMAPHORIN_RECEPTOR_BINDING,GOMF_SEMAPHORIN_RECEPTOR_BINDING]
[GOMF_STEROL_TRANSPORTER_ACTIVITY,GOMF_STEROL_TRANSPORTER_ACTIVITY] was killed by [GOMF_PHOSPHATIDYLSERINE_BINDING,GOMF_PHOSPHATIDYLSERINE_BINDING]
[GOMF_ESTROGEN_RECEPTOR_BINDING,GOMF_ESTROGEN_RECEPTOR_BINDING] was killed by [GOMF_PROTEIN_C_TERMINUS_BINDING,GOMF_PROTEIN_C_TERMINUS_BINDING]
[GOMF_NAD_BINDING,GOMF_NAD_BINDING] was killed by [GOMF_NAD_P_H_DEHYDROGENASE_QUINONE_ACTIVITY,GOMF_NAD_P_H_DEHYDROGENASE_QUINONE_ACTIVITY]
[GOMF_CALMODULIN_BINDING,GOMF_CALMODULIN_BINDING] was killed by [GOMF_STRUCTURAL_CONSTITUENT_OF_RIBOSOME,GOMF_STRUCTURAL_CONSTITUENT_OF_RIBOSOME]
[GOMF_3_5_DNA_HELICASE_ACTIVITY,GOMF_3_5_DNA_HELICASE_ACTIVITY] was killed by [GOMF_HELICASE_ACTIVITY,GOMF_HELICASE_ACTIVITY]
[GOMF_SEQUENCE_SPECIFIC_SINGLE_STRANDED_DNA_BINDING,GOMF_SEQUENCE_SPECIFIC_SINGLE_STRANDED_DNA_BINDING] was killed by [GOMF_MRNA_3_UTR_BINDING,GOMF_MRNA_3_UTR_BINDING]
[GOMF_EXONUCLEASE_ACTIVITY_ACTIVE_WITH_EITHER_RIBO_OR_DEOXYRIBONUCLEIC_ACIDS_AND_PRODUCING_5_PHOSPHOMONOESTERS,GOMF_EXONUCLEASE_ACTIVITY_ACTIVE_WITH_EITHER_RIBO_OR_DEOXYRIBONUCLEIC_ACIDS_AND_PRODUCING_5_PHOSPHOMONOESTERS] was killed by [GOMF_MRNA_3_UTR_BINDING,GOMF_MRNA_3_UTR_BINDING]
[GOMF_QUINONE_BINDING,GOMF_QUINONE_BINDING] was killed by [GOMF_NAD_P_H_DEHYDROGENASE_QUINONE_ACTIVITY,GOMF_NAD_P_H_DEHYDROGENASE_QUINONE_ACTIVITY]
[GOMF_LIPASE_ACTIVITY,GOMF_LIPASE_ACTIVITY] was killed by [GOMF_PEPTIDE_RECEPTOR_ACTIVITY,GOMF_PEPTIDE_RECEPTOR_ACTIVITY]
[GOMF_PHOSPHOTYROSINE_RESIDUE_BINDING,GOMF_PHOSPHOTYROSINE_RESIDUE_BINDING] was killed by [GOMF_GUANYL_NUCLEOTIDE_EXCHANGE_FACTOR_ACTIVITY,GOMF_GUANYL_NUCLEOTIDE_EXCHANGE_FACTOR_ACTIVITY]
[GOMF_ATPASE_REGULATOR_ACTIVITY,GOMF_ATPASE_REGULATOR_ACTIVITY] was killed by [GOMF_UNFOLDED_PROTEIN_BINDING,GOMF_UNFOLDED_PROTEIN_BINDING]
[GOMF_ATP_DEPENDENT_MICROTUBULE_MOTOR_ACTIVITY,GOMF_ATP_DEPENDENT_MICROTUBULE_MOTOR_ACTIVITY] was killed by [GOMF_MOTOR_ACTIVITY,GOMF_MOTOR_ACTIVITY]
[GOMF_DNA_DEPENDENT_ATPASE_ACTIVITY,GOMF_DNA_DEPENDENT_ATPASE_ACTIVITY] was killed by [GOMF_HELICASE_ACTIVITY,GOMF_HELICASE_ACTIVITY]
[GOMF_RIBONUCLEASE_P_ACTIVITY,GOMF_RIBONUCLEASE_P_ACTIVITY] was killed by [GOMF_CATALYTIC_ACTIVITY_ACTING_ON_A_TRNA,GOMF_CATALYTIC_ACTIVITY_ACTING_ON_A_TRNA]
[GOMF_PHOSPHOLIPASE_A1_ACTIVITY,GOMF_PHOSPHOLIPASE_A1_ACTIVITY] was killed by [GOMF_CALCIUM_DEPENDENT_PHOSPHOLIPASE_A2_ACTIVITY,GOMF_CALCIUM_DEPENDENT_PHOSPHOLIPASE_A2_ACTIVITY]
[GOMF_PHOSPHATIDYLINOSITOL_PHOSPHATE_BINDING,GOMF_PHOSPHATIDYLINOSITOL_PHOSPHATE_BINDING] was killed by [GOMF_GUANYL_NUCLEOTIDE_EXCHANGE_FACTOR_ACTIVITY,GOMF_GUANYL_NUCLEOTIDE_EXCHANGE_FACTOR_ACTIVITY]
[GOMF_ANION_CATION_SYMPORTER_ACTIVITY,GOMF_ANION_CATION_SYMPORTER_ACTIVITY] was killed by [GOMF_SODIUM_ION_TRANSMEMBRANE_TRANSPORTER_ACTIVITY,GOMF_SODIUM_ION_TRANSMEMBRANE_TRANSPORTER_ACTIVITY]
[GOMF_ANKYRIN_BINDING,GOMF_ANKYRIN_BINDING] was killed by [GOMF_SODIUM_ION_TRANSMEMBRANE_TRANSPORTER_ACTIVITY,GOMF_SODIUM_ION_TRANSMEMBRANE_TRANSPORTER_ACTIVITY]
[GOMF_HISTONE_DEACETYLASE_BINDING,GOMF_HISTONE_DEACETYLASE_BINDING] was killed by [GOMF_UNFOLDED_PROTEIN_BINDING,GOMF_UNFOLDED_PROTEIN_BINDING]
[GOMF_CYCLASE_ACTIVITY,GOMF_CYCLASE_ACTIVITY] was killed by [GOMF_PEPTIDE_RECEPTOR_ACTIVITY,GOMF_PEPTIDE_RECEPTOR_ACTIVITY]
[GOMF_NUCLEOSIDE_MONOPHOSPHATE_KINASE_ACTIVITY,GOMF_NUCLEOSIDE_MONOPHOSPHATE_KINASE_ACTIVITY] was killed by [GOMF_NUCLEOBASE_CONTAINING_COMPOUND_KINASE_ACTIVITY,GOMF_NUCLEOBASE_CONTAINING_COMPOUND_KINASE_ACTIVITY]
[GOMF_CYCLASE_REGULATOR_ACTIVITY,GOMF_CYCLASE_REGULATOR_ACTIVITY] was killed by [GOMF_GUANYLATE_CYCLASE_REGULATOR_ACTIVITY,GOMF_GUANYLATE_CYCLASE_REGULATOR_ACTIVITY]
[GOMF_CARBON_NITROGEN_LIGASE_ACTIVITY_WITH_GLUTAMINE_AS_AMIDO_N_DONOR,GOMF_CARBON_NITROGEN_LIGASE_ACTIVITY_WITH_GLUTAMINE_AS_AMIDO_N_DONOR] was killed by [GOMF_CATALYTIC_ACTIVITY_ACTING_ON_A_TRNA,GOMF_CATALYTIC_ACTIVITY_ACTING_ON_A_TRNA]
[GOMF_PHOSPHOLIPASE_A2_ACTIVITY,GOMF_PHOSPHOLIPASE_A2_ACTIVITY] was killed by [GOMF_CALCIUM_DEPENDENT_PHOSPHOLIPASE_A2_ACTIVITY,GOMF_CALCIUM_DEPENDENT_PHOSPHOLIPASE_A2_ACTIVITY]
[GOMF_ANTIPORTER_ACTIVITY,GOMF_ANTIPORTER_ACTIVITY] was killed by [GOMF_SODIUM_ION_TRANSMEMBRANE_TRANSPORTER_ACTIVITY,GOMF_SODIUM_ION_TRANSMEMBRANE_TRANSPORTER_ACTIVITY]
[GOMF_AMYLOID_BETA_BINDING,GOMF_AMYLOID_BETA_BINDING] was killed by [GOMF_NEUROTRANSMITTER_RECEPTOR_ACTIVITY,GOMF_NEUROTRANSMITTER_RECEPTOR_ACTIVITY]
[GOMF_AMINO_ACID_CATION_SYMPORTER_ACTIVITY,GOMF_AMINO_ACID_CATION_SYMPORTER_ACTIVITY] was killed by [GOMF_SODIUM_ION_TRANSMEMBRANE_TRANSPORTER_ACTIVITY,GOMF_SODIUM_ION_TRANSMEMBRANE_TRANSPORTER_ACTIVITY]
[GOMF_CATION_CATION_ANTIPORTER_ACTIVITY,GOMF_CATION_CATION_ANTIPORTER_ACTIVITY] was killed by [GOMF_SODIUM_ION_TRANSMEMBRANE_TRANSPORTER_ACTIVITY,GOMF_SODIUM_ION_TRANSMEMBRANE_TRANSPORTER_ACTIVITY]
[GOMF_RNA_POLYMERASE_CORE_ENZYME_BINDING,GOMF_RNA_POLYMERASE_CORE_ENZYME_BINDING] was killed by [GOMF_MRNA_3_UTR_BINDING,GOMF_MRNA_3_UTR_BINDING]
[GOMF_3_5_CYCLIC_AMP_PHOSPHODIESTERASE_ACTIVITY,GOMF_3_5_CYCLIC_AMP_PHOSPHODIESTERASE_ACTIVITY] was killed by [GOMF_3_5_CYCLIC_GMP_PHOSPHODIESTERASE_ACTIVITY,GOMF_3_5_CYCLIC_GMP_PHOSPHODIESTERASE_ACTIVITY]
[GOMF_GENERAL_TRANSCRIPTION_INITIATION_FACTOR_ACTIVITY,GOMF_GENERAL_TRANSCRIPTION_INITIATION_FACTOR_ACTIVITY] was killed by [GOMF_MODIFICATION_DEPENDENT_PROTEIN_BINDING,GOMF_MODIFICATION_DEPENDENT_PROTEIN_BINDING]
[GOMF_LIPASE_ACTIVATOR_ACTIVITY,GOMF_LIPASE_ACTIVATOR_ACTIVITY] was killed by [GOMF_CHEMOKINE_ACTIVITY,GOMF_CHEMOKINE_ACTIVITY]
[GOMF_HEAT_SHOCK_PROTEIN_BINDING,GOMF_HEAT_SHOCK_PROTEIN_BINDING] was killed by [GOMF_UNFOLDED_PROTEIN_BINDING,GOMF_UNFOLDED_PROTEIN_BINDING]
[GOMF_WIDE_PORE_CHANNEL_ACTIVITY,GOMF_WIDE_PORE_CHANNEL_ACTIVITY] was killed by [GOMF_GAP_JUNCTION_CHANNEL_ACTIVITY,GOMF_GAP_JUNCTION_CHANNEL_ACTIVITY]
[GOMF_VITAMIN_TRANSMEMBRANE_TRANSPORTER_ACTIVITY,GOMF_VITAMIN_TRANSMEMBRANE_TRANSPORTER_ACTIVITY] was killed by [GOMF_SODIUM_ION_TRANSMEMBRANE_TRANSPORTER_ACTIVITY,GOMF_SODIUM_ION_TRANSMEMBRANE_TRANSPORTER_ACTIVITY]
[GOMF_RNA_2_O_METHYLTRANSFERASE_ACTIVITY,GOMF_RNA_2_O_METHYLTRANSFERASE_ACTIVITY] was killed by [GOMF_CATALYTIC_ACTIVITY_ACTING_ON_A_TRNA,GOMF_CATALYTIC_ACTIVITY_ACTING_ON_A_TRNA]
[GOMF_N6_METHYLADENOSINE_CONTAINING_RNA_BINDING,GOMF_N6_METHYLADENOSINE_CONTAINING_RNA_BINDING] was killed by [GOMF_MRNA_3_UTR_BINDING,GOMF_MRNA_3_UTR_BINDING]
[GOMF_ADRENERGIC_RECEPTOR_BINDING,GOMF_ADRENERGIC_RECEPTOR_BINDING] was killed by [GOMF_GUANYL_NUCLEOTIDE_EXCHANGE_FACTOR_ACTIVITY,GOMF_GUANYL_NUCLEOTIDE_EXCHANGE_FACTOR_ACTIVITY]
[GOMF_PHOSPHORUS_OXYGEN_LYASE_ACTIVITY,GOMF_PHOSPHORUS_OXYGEN_LYASE_ACTIVITY] was killed by [GOMF_PEPTIDE_RECEPTOR_ACTIVITY,GOMF_PEPTIDE_RECEPTOR_ACTIVITY]
[GOMF_HISTONE_KINASE_ACTIVITY,GOMF_HISTONE_KINASE_ACTIVITY] was killed by [GOMF_PROTEIN_C_TERMINUS_BINDING,GOMF_PROTEIN_C_TERMINUS_BINDING]
[GOMF_NEUREXIN_FAMILY_PROTEIN_BINDING,GOMF_NEUREXIN_FAMILY_PROTEIN_BINDING] was killed by [GOMF_PHOSPHATIDYLSERINE_BINDING,GOMF_PHOSPHATIDYLSERINE_BINDING]
[GOMF_ENDODEOXYRIBONUCLEASE_ACTIVITY,GOMF_ENDODEOXYRIBONUCLEASE_ACTIVITY] was killed by [GOMF_HELICASE_ACTIVITY,GOMF_HELICASE_ACTIVITY]
[GOMF_MODIFIED_AMINO_ACID_BINDING,GOMF_MODIFIED_AMINO_ACID_BINDING] was killed by [GOMF_PHOSPHATIDYLSERINE_BINDING,GOMF_PHOSPHATIDYLSERINE_BINDING]
[GOMF_INORGANIC_ANION_EXCHANGER_ACTIVITY,GOMF_INORGANIC_ANION_EXCHANGER_ACTIVITY] was killed by [GOMF_SODIUM_ION_TRANSMEMBRANE_TRANSPORTER_ACTIVITY,GOMF_SODIUM_ION_TRANSMEMBRANE_TRANSPORTER_ACTIVITY]
[GOMF_GABA_GATED_CHLORIDE_ION_CHANNEL_ACTIVITY,GOMF_GABA_GATED_CHLORIDE_ION_CHANNEL_ACTIVITY] was killed by [GOMF_NEUROTRANSMITTER_RECEPTOR_ACTIVITY,GOMF_NEUROTRANSMITTER_RECEPTOR_ACTIVITY]
[GOMF_ABC_TYPE_TRANSPORTER_ACTIVITY,GOMF_ABC_TYPE_TRANSPORTER_ACTIVITY] was killed by [GOMF_ANTIGEN_BINDING,GOMF_ANTIGEN_BINDING]
[GOMF_GLUCURONOSYLTRANSFERASE_ACTIVITY,GOMF_GLUCURONOSYLTRANSFERASE_ACTIVITY] was killed by [GOMF_PHOSPHATASE_ACTIVATOR_ACTIVITY,GOMF_PHOSPHATASE_ACTIVATOR_ACTIVITY]
[GOMF_PHOSPHOPROTEIN_PHOSPHATASE_ACTIVITY,GOMF_PHOSPHOPROTEIN_PHOSPHATASE_ACTIVITY] was killed by [GOMF_SERINE_HYDROLASE_ACTIVITY,GOMF_SERINE_HYDROLASE_ACTIVITY]
[GOMF_CARDIOLIPIN_BINDING,GOMF_CARDIOLIPIN_BINDING] was killed by [GOMF_PHOSPHATIDYLSERINE_BINDING,GOMF_PHOSPHATIDYLSERINE_BINDING]
[GOMF_POLY_PYRIMIDINE_TRACT_BINDING,GOMF_POLY_PYRIMIDINE_TRACT_BINDING] was killed by [GOMF_MRNA_3_UTR_BINDING,GOMF_MRNA_3_UTR_BINDING]
[GOMF_PATTERN_RECOGNITION_RECEPTOR_ACTIVITY,GOMF_PATTERN_RECOGNITION_RECEPTOR_ACTIVITY] was killed by [GOMF_HYDROLASE_ACTIVITY_HYDROLYZING_N_GLYCOSYL_COMPOUNDS,GOMF_HYDROLASE_ACTIVITY_HYDROLYZING_N_GLYCOSYL_COMPOUNDS]
[GOMF_H4_HISTONE_ACETYLTRANSFERASE_ACTIVITY,GOMF_H4_HISTONE_ACETYLTRANSFERASE_ACTIVITY] was killed by [GOMF_MODIFICATION_DEPENDENT_PROTEIN_BINDING,GOMF_MODIFICATION_DEPENDENT_PROTEIN_BINDING]
[GOMF_CAMP_RESPONSE_ELEMENT_BINDING_PROTEIN_BINDING,GOMF_CAMP_RESPONSE_ELEMENT_BINDING_PROTEIN_BINDING] was killed by [GOMF_PROTEIN_C_TERMINUS_BINDING,GOMF_PROTEIN_C_TERMINUS_BINDING]
[GOMF_CYCLIN_DEPENDENT_PROTEIN_SERINE_THREONINE_KINASE_REGULATOR_ACTIVITY,GOMF_CYCLIN_DEPENDENT_PROTEIN_SERINE_THREONINE_KINASE_REGULATOR_ACTIVITY] was killed by [GOMF_KINASE_INHIBITOR_ACTIVITY,GOMF_KINASE_INHIBITOR_ACTIVITY]
[GOMF_PROLINE_RICH_REGION_BINDING,GOMF_PROLINE_RICH_REGION_BINDING] was killed by [GOMF_PROTEIN_C_TERMINUS_BINDING,GOMF_PROTEIN_C_TERMINUS_BINDING]
[GOMF_SPECTRIN_BINDING,GOMF_SPECTRIN_BINDING] was killed by [GOMF_MOTOR_ACTIVITY,GOMF_MOTOR_ACTIVITY]
[GOMF_SIGNALING_ADAPTOR_ACTIVITY,GOMF_SIGNALING_ADAPTOR_ACTIVITY] was killed by [GOMF_PROTEIN_C_TERMINUS_BINDING,GOMF_PROTEIN_C_TERMINUS_BINDING]
[GOMF_CHOLESTEROL_BINDING,GOMF_CHOLESTEROL_BINDING] was killed by [GOMF_PHOSPHATIDYLSERINE_BINDING,GOMF_PHOSPHATIDYLSERINE_BINDING]
[GOMF_TRANSLATION_ELONGATION_FACTOR_ACTIVITY,GOMF_TRANSLATION_ELONGATION_FACTOR_ACTIVITY] was killed by [GOMF_GUANYL_NUCLEOTIDE_EXCHANGE_FACTOR_ACTIVITY,GOMF_GUANYL_NUCLEOTIDE_EXCHANGE_FACTOR_ACTIVITY]
[GOMF_SOLUTE_ANION_ANTIPORTER_ACTIVITY,GOMF_SOLUTE_ANION_ANTIPORTER_ACTIVITY] was killed by [GOMF_SODIUM_ION_TRANSMEMBRANE_TRANSPORTER_ACTIVITY,GOMF_SODIUM_ION_TRANSMEMBRANE_TRANSPORTER_ACTIVITY]
[GOMF_PROTEASE_BINDING,GOMF_PROTEASE_BINDING] was killed by [GOMF_GROWTH_FACTOR_BINDING,GOMF_GROWTH_FACTOR_BINDING]
[GOMF_RNA_POLYMERASE_BINDING,GOMF_RNA_POLYMERASE_BINDING] was killed by [GOMF_MRNA_3_UTR_BINDING,GOMF_MRNA_3_UTR_BINDING]
