[GOCC_IMMUNOGLOBULIN_COMPLEX_CIRCULATING,GOCC_IMMUNOGLOBULIN_COMPLEX_CIRCULATING] was killed by [GOCC_IMMUNOGLOBULIN_COMPLEX,GOCC_IMMUNOGLOBULIN_COMPLEX]
[GOCC_U2_TYPE_SPLICEOSOMAL_COMPLEX,GOCC_U2_TYPE_SPLICEOSOMAL_COMPLEX] was killed by [GOCC_SPLICEOSOMAL_COMPLEX,GOCC_SPLICEOSOMAL_COMPLEX]
[GOCC_LARGE_RIBOSOMAL_SUBUNIT,GOCC_LARGE_RIBOSOMAL_SUBUNIT] was killed by [GOCC_RIBOSOMAL_SUBUNIT,GOCC_RIBOSOMAL_SUBUNIT]
[GOCC_ORGANELLAR_RIBOSOME,GOCC_ORGANELLAR_RIBOSOME] was killed by [GOCC_RIBOSOMAL_SUBUNIT,GOCC_RIBOSOMAL_SUBUNIT]
[GOCC_CATALYTIC_STEP_2_SPLICEOSOME,GOCC_CATALYTIC_STEP_2_SPLICEOSOME] was killed by [GOCC_SPLICEOSOMAL_COMPLEX,GOCC_SPLICEOSOMAL_COMPLEX]
[GOCC_SM_LIKE_PROTEIN_FAMILY_COMPLEX,GOCC_SM_LIKE_PROTEIN_FAMILY_COMPLEX] was killed by [GOCC_SPLICEOSOMAL_COMPLEX,GOCC_SPLICEOSOMAL_COMPLEX]
[GOCC_PRECATALYTIC_SPLICEOSOME,GOCC_PRECATALYTIC_SPLICEOSOME] was killed by [GOCC_SPLICEOSOMAL_COMPLEX,GOCC_SPLICEOSOMAL_COMPLEX]
[GOCC_SMALL_NUCLEAR_RIBONUCLEOPROTEIN_COMPLEX,GOCC_SMALL_NUCLEAR_RIBONUCLEOPROTEIN_COMPLEX] was killed by [GOCC_SPLICEOSOMAL_COMPLEX,GOCC_SPLICEOSOMAL_COMPLEX]
[GOCC_MITOCHONDRIAL_LARGE_RIBOSOMAL_SUBUNIT,GOCC_MITOCHONDRIAL_LARGE_RIBOSOMAL_SUBUNIT] was killed by [GOCC_RIBOSOMAL_SUBUNIT,GOCC_RIBOSOMAL_SUBUNIT]
[GOCC_CYTOSOLIC_RIBOSOME,GOCC_CYTOSOLIC_RIBOSOME] was killed by [GOCC_RIBOSOMAL_SUBUNIT,GOCC_RIBOSOMAL_SUBUNIT]
[GOCC_SMALL_SUBUNIT_PROCESSOME,GOCC_SMALL_SUBUNIT_PROCESSOME] was killed by [GOCC_PRERIBOSOME,GOCC_PRERIBOSOME]
[GOCC_KINETOCHORE,GOCC_KINETOCHORE] was killed by [GOCC_CHROMOSOME_CENTROMERIC_REGION,GOCC_CHROMOSOME_CENTROMERIC_REGION]
[GOCC_SPINDLE_POLE,GOCC_SPINDLE_POLE] was killed by [GOCC_CHROMOSOME_CENTROMERIC_REGION,GOCC_CHROMOSOME_CENTROMERIC_REGION]
[GOCC_CHROMOSOME_TELOMERIC_REGION,GOCC_CHROMOSOME_TELOMERIC_REGION] was killed by [GOCC_CHROMOSOME_CENTROMERIC_REGION,GOCC_CHROMOSOME_CENTROMERIC_REGION]
[GOCC_CYTOSOLIC_LARGE_RIBOSOMAL_SUBUNIT,GOCC_CYTOSOLIC_LARGE_RIBOSOMAL_SUBUNIT] was killed by [GOCC_RIBOSOMAL_SUBUNIT,GOCC_RIBOSOMAL_SUBUNIT]
[GOCC_90S_PRERIBOSOME,GOCC_90S_PRERIBOSOME] was killed by [GOCC_PRERIBOSOME,GOCC_PRERIBOSOME]
[GOCC_CONDENSED_CHROMOSOME_CENTROMERIC_REGION,GOCC_CONDENSED_CHROMOSOME_CENTROMERIC_REGION] was killed by [GOCC_CHROMOSOME_CENTROMERIC_REGION,GOCC_CHROMOSOME_CENTROMERIC_REGION]
[GOCC_RESPIRASOME,GOCC_RESPIRASOME] was killed by [GOCC_INNER_MITOCHONDRIAL_MEMBRANE_PROTEIN_COMPLEX,GOCC_INNER_MITOCHONDRIAL_MEMBRANE_PROTEIN_COMPLEX]
[GOCC_TERTIARY_GRANULE,GOCC_TERTIARY_GRANULE] was killed by [GOCC_SPECIFIC_GRANULE,GOCC_SPECIFIC_GRANULE]
[GOCC_METHYLTRANSFERASE_COMPLEX,GOCC_METHYLTRANSFERASE_COMPLEX] was killed by [GOCC_SPLICEOSOMAL_COMPLEX,GOCC_SPLICEOSOMAL_COMPLEX]
[GOCC_PRERIBOSOME_LARGE_SUBUNIT_PRECURSOR,GOCC_PRERIBOSOME_LARGE_SUBUNIT_PRECURSOR] was killed by [GOCC_PRERIBOSOME,GOCC_PRERIBOSOME]
[GOCC_RESPIRATORY_CHAIN_COMPLEX,GOCC_RESPIRATORY_CHAIN_COMPLEX] was killed by [GOCC_INNER_MITOCHONDRIAL_MEMBRANE_PROTEIN_COMPLEX,GOCC_INNER_MITOCHONDRIAL_MEMBRANE_PROTEIN_COMPLEX]
[GOCC_SPLICEOSOMAL_TRI_SNRNP_COMPLEX,GOCC_SPLICEOSOMAL_TRI_SNRNP_COMPLEX] was killed by [GOCC_SPLICEOSOMAL_COMPLEX,GOCC_SPLICEOSOMAL_COMPLEX]
[GOCC_RNA_POLYMERASE_II_HOLOENZYME,GOCC_RNA_POLYMERASE_II_HOLOENZYME] was killed by [GOCC_RNA_POLYMERASE_COMPLEX,GOCC_RNA_POLYMERASE_COMPLEX]
[GOCC_OXIDOREDUCTASE_COMPLEX,GOCC_OXIDOREDUCTASE_COMPLEX] was killed by [GOCC_INNER_MITOCHONDRIAL_MEMBRANE_PROTEIN_COMPLEX,GOCC_INNER_MITOCHONDRIAL_MEMBRANE_PROTEIN_COMPLEX]
[GOCC_SPINDLE_MICROTUBULE,GOCC_SPINDLE_MICROTUBULE] was killed by [GOCC_CHROMOSOME_CENTROMERIC_REGION,GOCC_CHROMOSOME_CENTROMERIC_REGION]
[GOCC_SMALL_RIBOSOMAL_SUBUNIT,GOCC_SMALL_RIBOSOMAL_SUBUNIT] was killed by [GOCC_RIBOSOMAL_SUBUNIT,GOCC_RIBOSOMAL_SUBUNIT]
[GOCC_NADH_DEHYDROGENASE_COMPLEX,GOCC_NADH_DEHYDROGENASE_COMPLEX] was killed by [GOCC_INNER_MITOCHONDRIAL_MEMBRANE_PROTEIN_COMPLEX,GOCC_INNER_MITOCHONDRIAL_MEMBRANE_PROTEIN_COMPLEX]
[GOCC_REPLICATION_FORK,GOCC_REPLICATION_FORK] was killed by [GOCC_RNA_POLYMERASE_COMPLEX,GOCC_RNA_POLYMERASE_COMPLEX]
[GOCC_INTRINSIC_COMPONENT_OF_MITOCHONDRIAL_INNER_MEMBRANE,GOCC_INTRINSIC_COMPONENT_OF_MITOCHONDRIAL_INNER_MEMBRANE] was killed by [GOCC_INNER_MITOCHONDRIAL_MEMBRANE_PROTEIN_COMPLEX,GOCC_INNER_MITOCHONDRIAL_MEMBRANE_PROTEIN_COMPLEX]
[GOCC_MITOTIC_SPINDLE,GOCC_MITOTIC_SPINDLE] was killed by [GOCC_CHROMOSOME_CENTROMERIC_REGION,GOCC_CHROMOSOME_CENTROMERIC_REGION]
[GOCC_SPECIFIC_GRANULE_MEMBRANE,GOCC_SPECIFIC_GRANULE_MEMBRANE] was killed by [GOCC_SPECIFIC_GRANULE,GOCC_SPECIFIC_GRANULE]
[GOCC_SITE_OF_DNA_DAMAGE,GOCC_SITE_OF_DNA_DAMAGE] was killed by [GOCC_CHROMOSOME_CENTROMERIC_REGION,GOCC_CHROMOSOME_CENTROMERIC_REGION]
[GOCC_GOLGI_LUMEN,GOCC_GOLGI_LUMEN] was killed by [GOCC_ANCHORED_COMPONENT_OF_MEMBRANE,GOCC_ANCHORED_COMPONENT_OF_MEMBRANE]
[GOCC_PHAGOCYTIC_VESICLE,GOCC_PHAGOCYTIC_VESICLE] was killed by [GOCC_SPECIFIC_GRANULE,GOCC_SPECIFIC_GRANULE]
[GOCC_BLOOD_MICROPARTICLE,GOCC_BLOOD_MICROPARTICLE] was killed by [GOCC_IMMUNOGLOBULIN_COMPLEX,GOCC_IMMUNOGLOBULIN_COMPLEX]
[GOCC_ENDOPEPTIDASE_COMPLEX,GOCC_ENDOPEPTIDASE_COMPLEX] was killed by [GOCC_ENDOPLASMIC_RETICULUM_PROTEIN_CONTAINING_COMPLEX,GOCC_ENDOPLASMIC_RETICULUM_PROTEIN_CONTAINING_COMPLEX]
[GOCC_NUCLEAR_PORE,GOCC_NUCLEAR_PORE] was killed by [GOCC_CHROMOSOME_CENTROMERIC_REGION,GOCC_CHROMOSOME_CENTROMERIC_REGION]
[GOCC_MITOCHONDRIAL_SMALL_RIBOSOMAL_SUBUNIT,GOCC_MITOCHONDRIAL_SMALL_RIBOSOMAL_SUBUNIT] was killed by [GOCC_RIBOSOMAL_SUBUNIT,GOCC_RIBOSOMAL_SUBUNIT]
[GOCC_INTRINSIC_COMPONENT_OF_SYNAPTIC_MEMBRANE,GOCC_INTRINSIC_COMPONENT_OF_SYNAPTIC_MEMBRANE] was killed by [GOCC_ANCHORED_COMPONENT_OF_MEMBRANE,GOCC_ANCHORED_COMPONENT_OF_MEMBRANE]
[GOCC_RUFFLE,GOCC_RUFFLE] was killed by [GOCC_EXTRINSIC_COMPONENT_OF_PLASMA_MEMBRANE,GOCC_EXTRINSIC_COMPONENT_OF_PLASMA_MEMBRANE]
[GOCC_FICOLIN_1_RICH_GRANULE,GOCC_FICOLIN_1_RICH_GRANULE] was killed by [GOCC_SPECIFIC_GRANULE,GOCC_SPECIFIC_GRANULE]
[GOCC_LYSOSOMAL_LUMEN,GOCC_LYSOSOMAL_LUMEN] was killed by [GOCC_ANCHORED_COMPONENT_OF_MEMBRANE,GOCC_ANCHORED_COMPONENT_OF_MEMBRANE]
[GOCC_MIDBODY,GOCC_MIDBODY] was killed by [GOCC_CHROMOSOME_CENTROMERIC_REGION,GOCC_CHROMOSOME_CENTROMERIC_REGION]
[GOCC_AZUROPHIL_GRANULE,GOCC_AZUROPHIL_GRANULE] was killed by [GOCC_SPECIFIC_GRANULE,GOCC_SPECIFIC_GRANULE]
[GOCC_U2_TYPE_CATALYTIC_STEP_2_SPLICEOSOME,GOCC_U2_TYPE_CATALYTIC_STEP_2_SPLICEOSOME] was killed by [GOCC_SPLICEOSOMAL_COMPLEX,GOCC_SPLICEOSOMAL_COMPLEX]
[GOCC_INTRINSIC_COMPONENT_OF_MITOCHONDRIAL_MEMBRANE,GOCC_INTRINSIC_COMPONENT_OF_MITOCHONDRIAL_MEMBRANE] was killed by [GOCC_INNER_MITOCHONDRIAL_MEMBRANE_PROTEIN_COMPLEX,GOCC_INNER_MITOCHONDRIAL_MEMBRANE_PROTEIN_COMPLEX]
[GOCC_ADHERENS_JUNCTION,GOCC_ADHERENS_JUNCTION] was killed by [GOCC_EXTRINSIC_COMPONENT_OF_PLASMA_MEMBRANE,GOCC_EXTRINSIC_COMPONENT_OF_PLASMA_MEMBRANE]
[GOCC_INO80_TYPE_COMPLEX,GOCC_INO80_TYPE_COMPLEX] was killed by [GOCC_SWI_SNF_SUPERFAMILY_TYPE_COMPLEX,GOCC_SWI_SNF_SUPERFAMILY_TYPE_COMPLEX]
[GOCC_TERTIARY_GRANULE_MEMBRANE,GOCC_TERTIARY_GRANULE_MEMBRANE] was killed by [GOCC_SPECIFIC_GRANULE,GOCC_SPECIFIC_GRANULE]
[GOCC_PEPTIDASE_COMPLEX,GOCC_PEPTIDASE_COMPLEX] was killed by [GOCC_RNA_POLYMERASE_COMPLEX,GOCC_RNA_POLYMERASE_COMPLEX]
[GOCC_U2_SNRNP,GOCC_U2_SNRNP] was killed by [GOCC_SPLICEOSOMAL_COMPLEX,GOCC_SPLICEOSOMAL_COMPLEX]
[GOCC_CYTOSOLIC_SMALL_RIBOSOMAL_SUBUNIT,GOCC_CYTOSOLIC_SMALL_RIBOSOMAL_SUBUNIT] was killed by [GOCC_RIBOSOMAL_SUBUNIT,GOCC_RIBOSOMAL_SUBUNIT]
[GOCC_VACUOLAR_LUMEN,GOCC_VACUOLAR_LUMEN] was killed by [GOCC_SPECIFIC_GRANULE,GOCC_SPECIFIC_GRANULE]
[GOCC_VESICLE_TETHERING_COMPLEX,GOCC_VESICLE_TETHERING_COMPLEX] was killed by [GOCC_MEMBRANE_COAT,GOCC_MEMBRANE_COAT]
[GOCC_PHAGOCYTIC_VESICLE_MEMBRANE,GOCC_PHAGOCYTIC_VESICLE_MEMBRANE] was killed by [GOCC_SPECIFIC_GRANULE,GOCC_SPECIFIC_GRANULE]
[GOCC_COLLAGEN_TRIMER,GOCC_COLLAGEN_TRIMER] was killed by [GOCC_BASEMENT_MEMBRANE,GOCC_BASEMENT_MEMBRANE]
[GOCC_SITE_OF_DOUBLE_STRAND_BREAK,GOCC_SITE_OF_DOUBLE_STRAND_BREAK] was killed by [GOCC_DNA_REPAIR_COMPLEX,GOCC_DNA_REPAIR_COMPLEX]
[GOCC_PROTEIN_ACETYLTRANSFERASE_COMPLEX,GOCC_PROTEIN_ACETYLTRANSFERASE_COMPLEX] was killed by [GOCC_RNA_POLYMERASE_COMPLEX,GOCC_RNA_POLYMERASE_COMPLEX]
[GOCC_POLYSOME,GOCC_POLYSOME] was killed by [GOCC_RIBOSOMAL_SUBUNIT,GOCC_RIBOSOMAL_SUBUNIT]
[GOCC_LAMELLIPODIUM,GOCC_LAMELLIPODIUM] was killed by [GOCC_EXTRINSIC_COMPONENT_OF_PLASMA_MEMBRANE,GOCC_EXTRINSIC_COMPONENT_OF_PLASMA_MEMBRANE]
[GOCC_RNA_POLYMERASE_II_TRANSCRIPTION_REGULATOR_COMPLEX,GOCC_RNA_POLYMERASE_II_TRANSCRIPTION_REGULATOR_COMPLEX] was killed by [GOCC_RNA_POLYMERASE_COMPLEX,GOCC_RNA_POLYMERASE_COMPLEX]
[GOCC_PRERIBOSOME_SMALL_SUBUNIT_PRECURSOR,GOCC_PRERIBOSOME_SMALL_SUBUNIT_PRECURSOR] was killed by [GOCC_PRERIBOSOME,GOCC_PRERIBOSOME]
[GOCC_ENDOCYTIC_VESICLE_MEMBRANE,GOCC_ENDOCYTIC_VESICLE_MEMBRANE] was killed by [GOCC_SPECIFIC_GRANULE,GOCC_SPECIFIC_GRANULE]
[GOCC_TRANSCRIPTION_ELONGATION_FACTOR_COMPLEX,GOCC_TRANSCRIPTION_ELONGATION_FACTOR_COMPLEX] was killed by [GOCC_RNA_POLYMERASE_COMPLEX,GOCC_RNA_POLYMERASE_COMPLEX]
[GOCC_HISTONE_METHYLTRANSFERASE_COMPLEX,GOCC_HISTONE_METHYLTRANSFERASE_COMPLEX] was killed by [GOCC_RNA_POLYMERASE_COMPLEX,GOCC_RNA_POLYMERASE_COMPLEX]
[GOCC_PRESPLICEOSOME,GOCC_PRESPLICEOSOME] was killed by [GOCC_SPLICEOSOMAL_COMPLEX,GOCC_SPLICEOSOMAL_COMPLEX]
[GOCC_CAJAL_BODY,GOCC_CAJAL_BODY] was killed by [GOCC_SPLICEOSOMAL_COMPLEX,GOCC_SPLICEOSOMAL_COMPLEX]
[GOCC_U5_SNRNP,GOCC_U5_SNRNP] was killed by [GOCC_SPLICEOSOMAL_COMPLEX,GOCC_SPLICEOSOMAL_COMPLEX]
[GOCC_SNO_S_RNA_CONTAINING_RIBONUCLEOPROTEIN_COMPLEX,GOCC_SNO_S_RNA_CONTAINING_RIBONUCLEOPROTEIN_COMPLEX] was killed by [GOCC_SPLICEOSOMAL_COMPLEX,GOCC_SPLICEOSOMAL_COMPLEX]
[GOCC_ATPASE_COMPLEX,GOCC_ATPASE_COMPLEX] was killed by [GOCC_SWI_SNF_SUPERFAMILY_TYPE_COMPLEX,GOCC_SWI_SNF_SUPERFAMILY_TYPE_COMPLEX]
[GOCC_U12_TYPE_SPLICEOSOMAL_COMPLEX,GOCC_U12_TYPE_SPLICEOSOMAL_COMPLEX] was killed by [GOCC_SPLICEOSOMAL_COMPLEX,GOCC_SPLICEOSOMAL_COMPLEX]
[GOCC_SMN_SM_PROTEIN_COMPLEX,GOCC_SMN_SM_PROTEIN_COMPLEX] was killed by [GOCC_SPLICEOSOMAL_COMPLEX,GOCC_SPLICEOSOMAL_COMPLEX]
[GOCC_AZUROPHIL_GRANULE_MEMBRANE,GOCC_AZUROPHIL_GRANULE_MEMBRANE] was killed by [GOCC_SPECIFIC_GRANULE,GOCC_SPECIFIC_GRANULE]
[GOCC_VESICLE_COAT,GOCC_VESICLE_COAT] was killed by [GOCC_MEMBRANE_COAT,GOCC_MEMBRANE_COAT]
[GOCC_ORGANELLE_ENVELOPE_LUMEN,GOCC_ORGANELLE_ENVELOPE_LUMEN] was killed by [GOCC_INNER_MITOCHONDRIAL_MEMBRANE_PROTEIN_COMPLEX,GOCC_INNER_MITOCHONDRIAL_MEMBRANE_PROTEIN_COMPLEX]
[GOCC_FICOLIN_1_RICH_GRANULE_MEMBRANE,GOCC_FICOLIN_1_RICH_GRANULE_MEMBRANE] was killed by [GOCC_SPECIFIC_GRANULE,GOCC_SPECIFIC_GRANULE]
[GOCC_NUCLEAR_REPLICATION_FORK,GOCC_NUCLEAR_REPLICATION_FORK] was killed by [GOCC_SPLICEOSOMAL_COMPLEX,GOCC_SPLICEOSOMAL_COMPLEX]
[GOCC_ACTIN_FILAMENT,GOCC_ACTIN_FILAMENT] was killed by [GOCC_EXTRINSIC_COMPONENT_OF_PLASMA_MEMBRANE,GOCC_EXTRINSIC_COMPONENT_OF_PLASMA_MEMBRANE]
[GOCC_INTRINSIC_COMPONENT_OF_POSTSYNAPTIC_MEMBRANE,GOCC_INTRINSIC_COMPONENT_OF_POSTSYNAPTIC_MEMBRANE] was killed by [GOCC_LEADING_EDGE_MEMBRANE,GOCC_LEADING_EDGE_MEMBRANE]
[GOCC_FICOLIN_1_RICH_GRANULE_LUMEN,GOCC_FICOLIN_1_RICH_GRANULE_LUMEN] was killed by [GOCC_SPECIFIC_GRANULE,GOCC_SPECIFIC_GRANULE]
[GOCC_SWR1_COMPLEX,GOCC_SWR1_COMPLEX] was killed by [GOCC_SWI_SNF_SUPERFAMILY_TYPE_COMPLEX,GOCC_SWI_SNF_SUPERFAMILY_TYPE_COMPLEX]
[GOCC_LATE_ENDOSOME_MEMBRANE,GOCC_LATE_ENDOSOME_MEMBRANE] was killed by [GOCC_SPECIFIC_GRANULE,GOCC_SPECIFIC_GRANULE]
[GOCC_HETEROCHROMATIN,GOCC_HETEROCHROMATIN] was killed by [GOCC_CHROMOSOME_CENTROMERIC_REGION,GOCC_CHROMOSOME_CENTROMERIC_REGION]
[GOCC_U1_SNRNP,GOCC_U1_SNRNP] was killed by [GOCC_SPLICEOSOMAL_COMPLEX,GOCC_SPLICEOSOMAL_COMPLEX]
[GOCC_EXORIBONUCLEASE_COMPLEX,GOCC_EXORIBONUCLEASE_COMPLEX] was killed by [GOCC_PRERIBOSOME,GOCC_PRERIBOSOME]
[GOCC_TELOMERASE_HOLOENZYME_COMPLEX,GOCC_TELOMERASE_HOLOENZYME_COMPLEX] was killed by [GOCC_SPLICEOSOMAL_COMPLEX,GOCC_SPLICEOSOMAL_COMPLEX]
[GOCC_METHYLOSOME,GOCC_METHYLOSOME] was killed by [GOCC_SPLICEOSOMAL_COMPLEX,GOCC_SPLICEOSOMAL_COMPLEX]
[GOCC_SITE_OF_POLARIZED_GROWTH,GOCC_SITE_OF_POLARIZED_GROWTH] was killed by [GOCC_LEADING_EDGE_MEMBRANE,GOCC_LEADING_EDGE_MEMBRANE]
[GOCC_ESCRT_COMPLEX,GOCC_ESCRT_COMPLEX] was killed by [GOCC_MEMBRANE_COAT,GOCC_MEMBRANE_COAT]
[GOCC_SPECIFIC_GRANULE_LUMEN,GOCC_SPECIFIC_GRANULE_LUMEN] was killed by [GOCC_SPECIFIC_GRANULE,GOCC_SPECIFIC_GRANULE]
[GOCC_DNA_REPLICATION_PREINITIATION_COMPLEX,GOCC_DNA_REPLICATION_PREINITIATION_COMPLEX] was killed by [GOCC_CMG_COMPLEX,GOCC_CMG_COMPLEX]
[GOCC_SARCOLEMMA,GOCC_SARCOLEMMA] was killed by [GOCC_EXTRINSIC_COMPONENT_OF_PLASMA_MEMBRANE,GOCC_EXTRINSIC_COMPONENT_OF_PLASMA_MEMBRANE]
[GOCC_PLATELET_ALPHA_GRANULE,GOCC_PLATELET_ALPHA_GRANULE] was killed by [GOCC_SPECIFIC_GRANULE,GOCC_SPECIFIC_GRANULE]
[GOCC_ENDOPLASMIC_RETICULUM_QUALITY_CONTROL_COMPARTMENT,GOCC_ENDOPLASMIC_RETICULUM_QUALITY_CONTROL_COMPARTMENT] was killed by [GOCC_ENDOPLASMIC_RETICULUM_PROTEIN_CONTAINING_COMPLEX,GOCC_ENDOPLASMIC_RETICULUM_PROTEIN_CONTAINING_COMPLEX]
[GOCC_H4_HISTONE_ACETYLTRANSFERASE_COMPLEX,GOCC_H4_HISTONE_ACETYLTRANSFERASE_COMPLEX] was killed by [GOCC_RNA_POLYMERASE_COMPLEX,GOCC_RNA_POLYMERASE_COMPLEX]
[GOCC_PRESYNAPTIC_MEMBRANE,GOCC_PRESYNAPTIC_MEMBRANE] was killed by [GOCC_ANCHORED_COMPONENT_OF_MEMBRANE,GOCC_ANCHORED_COMPONENT_OF_MEMBRANE]
[GOCC_AUTOPHAGOSOME,GOCC_AUTOPHAGOSOME] was killed by [GOCC_PML_BODY,GOCC_PML_BODY]
[GOCC_POLYSOMAL_RIBOSOME,GOCC_POLYSOMAL_RIBOSOME] was killed by [GOCC_RIBOSOMAL_SUBUNIT,GOCC_RIBOSOMAL_SUBUNIT]
[GOCC_CATENIN_COMPLEX,GOCC_CATENIN_COMPLEX] was killed by [GOCC_EXTRINSIC_COMPONENT_OF_PLASMA_MEMBRANE,GOCC_EXTRINSIC_COMPONENT_OF_PLASMA_MEMBRANE]
[GOCC_CYTOPLASMIC_SIDE_OF_MEMBRANE,GOCC_CYTOPLASMIC_SIDE_OF_MEMBRANE] was killed by [GOCC_EXTRINSIC_COMPONENT_OF_PLASMA_MEMBRANE,GOCC_EXTRINSIC_COMPONENT_OF_PLASMA_MEMBRANE]
[GOCC_GABA_ERGIC_SYNAPSE,GOCC_GABA_ERGIC_SYNAPSE] was killed by [GOCC_LEADING_EDGE_MEMBRANE,GOCC_LEADING_EDGE_MEMBRANE]
[GOCC_NUCLEAR_PORE_NUCLEAR_BASKET,GOCC_NUCLEAR_PORE_NUCLEAR_BASKET] was killed by [GOCC_CHROMOSOME_CENTROMERIC_REGION,GOCC_CHROMOSOME_CENTROMERIC_REGION]
[GOCC_OUTER_MITOCHONDRIAL_MEMBRANE_PROTEIN_COMPLEX,GOCC_OUTER_MITOCHONDRIAL_MEMBRANE_PROTEIN_COMPLEX] was killed by [GOCC_INNER_MITOCHONDRIAL_MEMBRANE_PROTEIN_COMPLEX,GOCC_INNER_MITOCHONDRIAL_MEMBRANE_PROTEIN_COMPLEX]
[GOCC_CELL_CELL_CONTACT_ZONE,GOCC_CELL_CELL_CONTACT_ZONE] was killed by [GOCC_CORNIFIED_ENVELOPE,GOCC_CORNIFIED_ENVELOPE]
[GOCC_TRANSCRIPTION_FACTOR_TFIID_COMPLEX,GOCC_TRANSCRIPTION_FACTOR_TFIID_COMPLEX] was killed by [GOCC_RNA_POLYMERASE_COMPLEX,GOCC_RNA_POLYMERASE_COMPLEX]
[GOCC_MITOTIC_SPINDLE_POLE,GOCC_MITOTIC_SPINDLE_POLE] was killed by [GOCC_CHROMOSOME_CENTROMERIC_REGION,GOCC_CHROMOSOME_CENTROMERIC_REGION]
[GOCC_POTASSIUM_CHANNEL_COMPLEX,GOCC_POTASSIUM_CHANNEL_COMPLEX] was killed by [GOCC_LEADING_EDGE_MEMBRANE,GOCC_LEADING_EDGE_MEMBRANE]
[GOCC_TERTIARY_GRANULE_LUMEN,GOCC_TERTIARY_GRANULE_LUMEN] was killed by [GOCC_SPECIFIC_GRANULE,GOCC_SPECIFIC_GRANULE]
[GOCC_COATED_VESICLE_MEMBRANE,GOCC_COATED_VESICLE_MEMBRANE] was killed by [GOCC_MEMBRANE_COAT,GOCC_MEMBRANE_COAT]
[GOCC_CORTICAL_CYTOSKELETON,GOCC_CORTICAL_CYTOSKELETON] was killed by [GOCC_EXTRINSIC_COMPONENT_OF_PLASMA_MEMBRANE,GOCC_EXTRINSIC_COMPONENT_OF_PLASMA_MEMBRANE]
[GOCC_TOR_COMPLEX,GOCC_TOR_COMPLEX] was killed by [GOCC_CYTOPLASMIC_STRESS_GRANULE,GOCC_CYTOPLASMIC_STRESS_GRANULE]
[GOCC_HOST_CELLULAR_COMPONENT,GOCC_HOST_CELLULAR_COMPONENT] was killed by [GOCC_CHROMOSOME_CENTROMERIC_REGION,GOCC_CHROMOSOME_CENTROMERIC_REGION]
[GOCC_EXTRINSIC_COMPONENT_OF_ORGANELLE_MEMBRANE,GOCC_EXTRINSIC_COMPONENT_OF_ORGANELLE_MEMBRANE] was killed by [GOCC_EXTRINSIC_COMPONENT_OF_PLASMA_MEMBRANE,GOCC_EXTRINSIC_COMPONENT_OF_PLASMA_MEMBRANE]
[GOCC_FILOPODIUM,GOCC_FILOPODIUM] was killed by [GOCC_LEADING_EDGE_MEMBRANE,GOCC_LEADING_EDGE_MEMBRANE]
[GOCC_DNA_PACKAGING_COMPLEX,GOCC_DNA_PACKAGING_COMPLEX] was killed by [GOCC_CHROMOSOME_CENTROMERIC_REGION,GOCC_CHROMOSOME_CENTROMERIC_REGION]
[GOCC_CONDENSED_NUCLEAR_CHROMOSOME,GOCC_CONDENSED_NUCLEAR_CHROMOSOME] was killed by [GOCC_CHROMOSOME_CENTROMERIC_REGION,GOCC_CHROMOSOME_CENTROMERIC_REGION]
[GOCC_MICROTUBULE_ASSOCIATED_COMPLEX,GOCC_MICROTUBULE_ASSOCIATED_COMPLEX] was killed by [GOCC_CHROMOSOME_CENTROMERIC_REGION,GOCC_CHROMOSOME_CENTROMERIC_REGION]
[GOCC_COPI_COATED_VESICLE,GOCC_COPI_COATED_VESICLE] was killed by [GOCC_MEMBRANE_COAT,GOCC_MEMBRANE_COAT]
[GOCC_RECYCLING_ENDOSOME,GOCC_RECYCLING_ENDOSOME] was killed by [GOCC_SPECIFIC_GRANULE,GOCC_SPECIFIC_GRANULE]
[GOCC_NUCLEAR_PERIPHERY,GOCC_NUCLEAR_PERIPHERY] was killed by [GOCC_SPLICEOSOMAL_COMPLEX,GOCC_SPLICEOSOMAL_COMPLEX]
[GOCC_INTRINSIC_COMPONENT_OF_PRESYNAPTIC_MEMBRANE,GOCC_INTRINSIC_COMPONENT_OF_PRESYNAPTIC_MEMBRANE] was killed by [GOCC_ANCHORED_COMPONENT_OF_MEMBRANE,GOCC_ANCHORED_COMPONENT_OF_MEMBRANE]
[GOCC_HISTONE_DEACETYLASE_COMPLEX,GOCC_HISTONE_DEACETYLASE_COMPLEX] was killed by [GOCC_SWI_SNF_SUPERFAMILY_TYPE_COMPLEX,GOCC_SWI_SNF_SUPERFAMILY_TYPE_COMPLEX]
[GOCC_U4_SNRNP,GOCC_U4_SNRNP] was killed by [GOCC_SPLICEOSOMAL_COMPLEX,GOCC_SPLICEOSOMAL_COMPLEX]
[GOCC_RNA_POLYMERASE_II_CORE_COMPLEX,GOCC_RNA_POLYMERASE_II_CORE_COMPLEX] was killed by [GOCC_RNA_POLYMERASE_COMPLEX,GOCC_RNA_POLYMERASE_COMPLEX]
[GOCC_PROTON_TRANSPORTING_TWO_SECTOR_ATPASE_COMPLEX_PROTON_TRANSPORTING_DOMAIN,GOCC_PROTON_TRANSPORTING_TWO_SECTOR_ATPASE_COMPLEX_PROTON_TRANSPORTING_DOMAIN] was killed by [GOCC_INNER_MITOCHONDRIAL_MEMBRANE_PROTEIN_COMPLEX,GOCC_INNER_MITOCHONDRIAL_MEMBRANE_PROTEIN_COMPLEX]
[GOCC_CUL3_RING_UBIQUITIN_LIGASE_COMPLEX,GOCC_CUL3_RING_UBIQUITIN_LIGASE_COMPLEX] was killed by [GOCC_CULLIN_RING_UBIQUITIN_LIGASE_COMPLEX,GOCC_CULLIN_RING_UBIQUITIN_LIGASE_COMPLEX]
[GOCC_PLASMA_MEMBRANE_RAFT,GOCC_PLASMA_MEMBRANE_RAFT] was killed by [GOCC_ANCHORED_COMPONENT_OF_MEMBRANE,GOCC_ANCHORED_COMPONENT_OF_MEMBRANE]
[GOCC_EARLY_ENDOSOME_MEMBRANE,GOCC_EARLY_ENDOSOME_MEMBRANE] was killed by [GOCC_LEADING_EDGE_MEMBRANE,GOCC_LEADING_EDGE_MEMBRANE]
[GOCC_NUCLEOTIDE_EXCISION_REPAIR_COMPLEX,GOCC_NUCLEOTIDE_EXCISION_REPAIR_COMPLEX] was killed by [GOCC_DNA_REPAIR_COMPLEX,GOCC_DNA_REPAIR_COMPLEX]
[GOCC_INTERCALATED_DISC,GOCC_INTERCALATED_DISC] was killed by [GOCC_CORNIFIED_ENVELOPE,GOCC_CORNIFIED_ENVELOPE]
[GOCC_TRANSCRIPTION_REPRESSOR_COMPLEX,GOCC_TRANSCRIPTION_REPRESSOR_COMPLEX] was killed by [GOCC_SWI_SNF_SUPERFAMILY_TYPE_COMPLEX,GOCC_SWI_SNF_SUPERFAMILY_TYPE_COMPLEX]
[GOCC_MLL1_2_COMPLEX,GOCC_MLL1_2_COMPLEX] was killed by [GOCC_RNA_POLYMERASE_COMPLEX,GOCC_RNA_POLYMERASE_COMPLEX]
[GOCC_FIBRILLAR_CENTER,GOCC_FIBRILLAR_CENTER] was killed by [GOCC_PRERIBOSOME,GOCC_PRERIBOSOME]
[GOCC_PERIKARYON,GOCC_PERIKARYON] was killed by [GOCC_CYTOPLASMIC_STRESS_GRANULE,GOCC_CYTOPLASMIC_STRESS_GRANULE]
[GOCC_ANCHORED_COMPONENT_OF_PLASMA_MEMBRANE,GOCC_ANCHORED_COMPONENT_OF_PLASMA_MEMBRANE] was killed by [GOCC_ANCHORED_COMPONENT_OF_MEMBRANE,GOCC_ANCHORED_COMPONENT_OF_MEMBRANE]
[GOCC_NEURON_PROJECTION_TERMINUS,GOCC_NEURON_PROJECTION_TERMINUS] was killed by [GOCC_LEADING_EDGE_MEMBRANE,GOCC_LEADING_EDGE_MEMBRANE]
[GOCC_RNA_POLYMERASE_III_COMPLEX,GOCC_RNA_POLYMERASE_III_COMPLEX] was killed by [GOCC_RNA_POLYMERASE_COMPLEX,GOCC_RNA_POLYMERASE_COMPLEX]
[GOCC_9PLUS2_MOTILE_CILIUM,GOCC_9PLUS2_MOTILE_CILIUM] was killed by [GOCC_CENTRIOLE,GOCC_CENTRIOLE]
[GOCC_EUKARYOTIC_48S_PREINITIATION_COMPLEX,GOCC_EUKARYOTIC_48S_PREINITIATION_COMPLEX] was killed by [GOCC_EUKARYOTIC_TRANSLATION_INITIATION_FACTOR_3_COMPLEX,GOCC_EUKARYOTIC_TRANSLATION_INITIATION_FACTOR_3_COMPLEX]
[GOCC_DNA_HELICASE_COMPLEX,GOCC_DNA_HELICASE_COMPLEX] was killed by [GOCC_SWI_SNF_SUPERFAMILY_TYPE_COMPLEX,GOCC_SWI_SNF_SUPERFAMILY_TYPE_COMPLEX]
[GOCC_LUMENAL_SIDE_OF_ENDOPLASMIC_RETICULUM_MEMBRANE,GOCC_LUMENAL_SIDE_OF_ENDOPLASMIC_RETICULUM_MEMBRANE] was killed by [GOCC_ENDOPLASMIC_RETICULUM_PROTEIN_CONTAINING_COMPLEX,GOCC_ENDOPLASMIC_RETICULUM_PROTEIN_CONTAINING_COMPLEX]
[GOCC_RUFFLE_MEMBRANE,GOCC_RUFFLE_MEMBRANE] was killed by [GOCC_EXTRINSIC_COMPONENT_OF_PLASMA_MEMBRANE,GOCC_EXTRINSIC_COMPONENT_OF_PLASMA_MEMBRANE]
[GOCC_TIM23_MITOCHONDRIAL_IMPORT_INNER_MEMBRANE_TRANSLOCASE_COMPLEX,GOCC_TIM23_MITOCHONDRIAL_IMPORT_INNER_MEMBRANE_TRANSLOCASE_COMPLEX] was killed by [GOCC_INNER_MITOCHONDRIAL_MEMBRANE_PROTEIN_COMPLEX,GOCC_INNER_MITOCHONDRIAL_MEMBRANE_PROTEIN_COMPLEX]
[GOCC_PROTEIN_KINASE_COMPLEX,GOCC_PROTEIN_KINASE_COMPLEX] was killed by [GOCC_RNA_POLYMERASE_COMPLEX,GOCC_RNA_POLYMERASE_COMPLEX]
[GOCC_MICROVILLUS,GOCC_MICROVILLUS] was killed by [GOCC_LEADING_EDGE_MEMBRANE,GOCC_LEADING_EDGE_MEMBRANE]
[GOCC_PLATELET_ALPHA_GRANULE_LUMEN,GOCC_PLATELET_ALPHA_GRANULE_LUMEN] was killed by [GOCC_BASEMENT_MEMBRANE,GOCC_BASEMENT_MEMBRANE]
[GOCC_CLATHRIN_COATED_VESICLE,GOCC_CLATHRIN_COATED_VESICLE] was killed by [GOCC_RIBOSOMAL_SUBUNIT,GOCC_RIBOSOMAL_SUBUNIT]
[GOCC_SNARE_COMPLEX,GOCC_SNARE_COMPLEX] was killed by [GOCC_SPECIFIC_GRANULE,GOCC_SPECIFIC_GRANULE]
[GOCC_INTRINSIC_COMPONENT_OF_POSTSYNAPTIC_SPECIALIZATION_MEMBRANE,GOCC_INTRINSIC_COMPONENT_OF_POSTSYNAPTIC_SPECIALIZATION_MEMBRANE] was killed by [GOCC_LEADING_EDGE_MEMBRANE,GOCC_LEADING_EDGE_MEMBRANE]
[GOCC_SCF_UBIQUITIN_LIGASE_COMPLEX,GOCC_SCF_UBIQUITIN_LIGASE_COMPLEX] was killed by [GOCC_CULLIN_RING_UBIQUITIN_LIGASE_COMPLEX,GOCC_CULLIN_RING_UBIQUITIN_LIGASE_COMPLEX]
[GOCC_TRANSLATION_PREINITIATION_COMPLEX,GOCC_TRANSLATION_PREINITIATION_COMPLEX] was killed by [GOCC_EUKARYOTIC_TRANSLATION_INITIATION_FACTOR_3_COMPLEX,GOCC_EUKARYOTIC_TRANSLATION_INITIATION_FACTOR_3_COMPLEX]
[GOCC_ESCRT_III_COMPLEX,GOCC_ESCRT_III_COMPLEX] was killed by [GOCC_MEMBRANE_COAT,GOCC_MEMBRANE_COAT]
[GOCC_SMN_COMPLEX,GOCC_SMN_COMPLEX] was killed by [GOCC_I_BAND,GOCC_I_BAND]
[GOCC_DESMOSOME,GOCC_DESMOSOME] was killed by [GOCC_CORNIFIED_ENVELOPE,GOCC_CORNIFIED_ENVELOPE]
[GOCC_EXON_EXON_JUNCTION_COMPLEX,GOCC_EXON_EXON_JUNCTION_COMPLEX] was killed by [GOCC_SPLICEOSOMAL_COMPLEX,GOCC_SPLICEOSOMAL_COMPLEX]
[GOCC_MHC_CLASS_I_PROTEIN_COMPLEX,GOCC_MHC_CLASS_I_PROTEIN_COMPLEX] was killed by [GOCC_ENDOPLASMIC_RETICULUM_PROTEIN_CONTAINING_COMPLEX,GOCC_ENDOPLASMIC_RETICULUM_PROTEIN_CONTAINING_COMPLEX]
[GOCC_INTRINSIC_COMPONENT_OF_EXTERNAL_SIDE_OF_PLASMA_MEMBRANE,GOCC_INTRINSIC_COMPONENT_OF_EXTERNAL_SIDE_OF_PLASMA_MEMBRANE] was killed by [GOCC_ANCHORED_COMPONENT_OF_MEMBRANE,GOCC_ANCHORED_COMPONENT_OF_MEMBRANE]
[GOCC_ANAPHASE_PROMOTING_COMPLEX,GOCC_ANAPHASE_PROMOTING_COMPLEX] was killed by [GOCC_CULLIN_RING_UBIQUITIN_LIGASE_COMPLEX,GOCC_CULLIN_RING_UBIQUITIN_LIGASE_COMPLEX]
[GOCC_CLATHRIN_COAT,GOCC_CLATHRIN_COAT] was killed by [GOCC_MEMBRANE_COAT,GOCC_MEMBRANE_COAT]
[GOCC_RNA_POLYMERASE_I_COMPLEX,GOCC_RNA_POLYMERASE_I_COMPLEX] was killed by [GOCC_RNA_POLYMERASE_COMPLEX,GOCC_RNA_POLYMERASE_COMPLEX]
[GOCC_EXTRINSIC_COMPONENT_OF_CYTOPLASMIC_SIDE_OF_PLASMA_MEMBRANE,GOCC_EXTRINSIC_COMPONENT_OF_CYTOPLASMIC_SIDE_OF_PLASMA_MEMBRANE] was killed by [GOCC_EXTRINSIC_COMPONENT_OF_PLASMA_MEMBRANE,GOCC_EXTRINSIC_COMPONENT_OF_PLASMA_MEMBRANE]
[GOCC_CAVEOLA,GOCC_CAVEOLA] was killed by [GOCC_EXTRINSIC_COMPONENT_OF_PLASMA_MEMBRANE,GOCC_EXTRINSIC_COMPONENT_OF_PLASMA_MEMBRANE]
[GOCC_SAM_COMPLEX,GOCC_SAM_COMPLEX] was killed by [GOCC_INNER_MITOCHONDRIAL_MEMBRANE_PROTEIN_COMPLEX,GOCC_INNER_MITOCHONDRIAL_MEMBRANE_PROTEIN_COMPLEX]
[GOCC_WASH_COMPLEX,GOCC_WASH_COMPLEX] was killed by [GOCC_CENTRIOLE,GOCC_CENTRIOLE]
[GOCC_AP_TYPE_MEMBRANE_COAT_ADAPTOR_COMPLEX,GOCC_AP_TYPE_MEMBRANE_COAT_ADAPTOR_COMPLEX] was killed by [GOCC_MEMBRANE_COAT,GOCC_MEMBRANE_COAT]
[GOCC_CHAPERONIN_CONTAINING_T_COMPLEX,GOCC_CHAPERONIN_CONTAINING_T_COMPLEX] was killed by [GOCC_CHAPERONE_COMPLEX,GOCC_CHAPERONE_COMPLEX]
[GOCC_PRESYNAPTIC_ACTIVE_ZONE,GOCC_PRESYNAPTIC_ACTIVE_ZONE] was killed by [GOCC_ANCHORED_COMPONENT_OF_MEMBRANE,GOCC_ANCHORED_COMPONENT_OF_MEMBRANE]
[GOCC_U6_SNRNP,GOCC_U6_SNRNP] was killed by [GOCC_SPLICEOSOMAL_COMPLEX,GOCC_SPLICEOSOMAL_COMPLEX]
[GOCC_SARCOPLASM,GOCC_SARCOPLASM] was killed by [GOCC_ENDOPLASMIC_RETICULUM_PROTEIN_CONTAINING_COMPLEX,GOCC_ENDOPLASMIC_RETICULUM_PROTEIN_CONTAINING_COMPLEX]
[GOCC_COMMITMENT_COMPLEX,GOCC_COMMITMENT_COMPLEX] was killed by [GOCC_SPLICEOSOMAL_COMPLEX,GOCC_SPLICEOSOMAL_COMPLEX]
[GOCC_PERICENTRIC_HETEROCHROMATIN,GOCC_PERICENTRIC_HETEROCHROMATIN] was killed by [GOCC_CHROMOSOME_CENTROMERIC_REGION,GOCC_CHROMOSOME_CENTROMERIC_REGION]
[GOCC_GOLGI_ASSOCIATED_VESICLE,GOCC_GOLGI_ASSOCIATED_VESICLE] was killed by [GOCC_MEMBRANE_COAT,GOCC_MEMBRANE_COAT]
[GOCC_CLATHRIN_VESICLE_COAT,GOCC_CLATHRIN_VESICLE_COAT] was killed by [GOCC_MEMBRANE_COAT,GOCC_MEMBRANE_COAT]
[GOCC_ENDORIBONUCLEASE_COMPLEX,GOCC_ENDORIBONUCLEASE_COMPLEX] was killed by [GOCC_NUCLEOID,GOCC_NUCLEOID]
[GOCC_SAGA_TYPE_COMPLEX,GOCC_SAGA_TYPE_COMPLEX] was killed by [GOCC_RNA_POLYMERASE_COMPLEX,GOCC_RNA_POLYMERASE_COMPLEX]
[GOCC_MCM_COMPLEX,GOCC_MCM_COMPLEX] was killed by [GOCC_CMG_COMPLEX,GOCC_CMG_COMPLEX]
[GOCC_CATALYTIC_STEP_1_SPLICEOSOME,GOCC_CATALYTIC_STEP_1_SPLICEOSOME] was killed by [GOCC_SPLICEOSOMAL_COMPLEX,GOCC_SPLICEOSOMAL_COMPLEX]
[GOCC_LAMININ_COMPLEX,GOCC_LAMININ_COMPLEX] was killed by [GOCC_ANCHORED_COMPONENT_OF_MEMBRANE,GOCC_ANCHORED_COMPONENT_OF_MEMBRANE]
[GOCC_NEURON_SPINE,GOCC_NEURON_SPINE] was killed by [GOCC_SPLICEOSOMAL_COMPLEX,GOCC_SPLICEOSOMAL_COMPLEX]
[GOCC_CYTOPLASMIC_EXOSOME_RNASE_COMPLEX,GOCC_CYTOPLASMIC_EXOSOME_RNASE_COMPLEX] was killed by [GOCC_NUCLEAR_EXOSOME_RNASE_COMPLEX,GOCC_NUCLEAR_EXOSOME_RNASE_COMPLEX]
[GOCC_POSTSYNAPTIC_SPECIALIZATION_MEMBRANE,GOCC_POSTSYNAPTIC_SPECIALIZATION_MEMBRANE] was killed by [GOCC_EXTRINSIC_COMPONENT_OF_PLASMA_MEMBRANE,GOCC_EXTRINSIC_COMPONENT_OF_PLASMA_MEMBRANE]
[GOCC_COPI_COATED_VESICLE_MEMBRANE,GOCC_COPI_COATED_VESICLE_MEMBRANE] was killed by [GOCC_MEMBRANE_COAT,GOCC_MEMBRANE_COAT]
[GOCC_INTRINSIC_COMPONENT_OF_ENDOPLASMIC_RETICULUM_MEMBRANE,GOCC_INTRINSIC_COMPONENT_OF_ENDOPLASMIC_RETICULUM_MEMBRANE] was killed by [GOCC_ENDOPLASMIC_RETICULUM_PROTEIN_CONTAINING_COMPLEX,GOCC_ENDOPLASMIC_RETICULUM_PROTEIN_CONTAINING_COMPLEX]
[GOCC_ENDOSOME_LUMEN,GOCC_ENDOSOME_LUMEN] was killed by [GOCC_MEMBRANE_COAT,GOCC_MEMBRANE_COAT]
[GOCC_RECYCLING_ENDOSOME_MEMBRANE,GOCC_RECYCLING_ENDOSOME_MEMBRANE] was killed by [GOCC_SPECIFIC_GRANULE,GOCC_SPECIFIC_GRANULE]
[GOCC_MANCHETTE,GOCC_MANCHETTE] was killed by [GOCC_BLOC_COMPLEX,GOCC_BLOC_COMPLEX]
[GOCC_GERM_CELL_NUCLEUS,GOCC_GERM_CELL_NUCLEUS] was killed by [GOCC_DNA_REPAIR_COMPLEX,GOCC_DNA_REPAIR_COMPLEX]
[GOCC_PROTON_TRANSPORTING_TWO_SECTOR_ATPASE_COMPLEX,GOCC_PROTON_TRANSPORTING_TWO_SECTOR_ATPASE_COMPLEX] was killed by [GOCC_INNER_MITOCHONDRIAL_MEMBRANE_PROTEIN_COMPLEX,GOCC_INNER_MITOCHONDRIAL_MEMBRANE_PROTEIN_COMPLEX]
[GOCC_CUL4_RING_E3_UBIQUITIN_LIGASE_COMPLEX,GOCC_CUL4_RING_E3_UBIQUITIN_LIGASE_COMPLEX] was killed by [GOCC_CULLIN_RING_UBIQUITIN_LIGASE_COMPLEX,GOCC_CULLIN_RING_UBIQUITIN_LIGASE_COMPLEX]
[GOCC_U7_SNRNP,GOCC_U7_SNRNP] was killed by [GOCC_SPLICEOSOMAL_COMPLEX,GOCC_SPLICEOSOMAL_COMPLEX]
[GOCC_BOX_C_D_RNP_COMPLEX,GOCC_BOX_C_D_RNP_COMPLEX] was killed by [GOCC_PRERIBOSOME,GOCC_PRERIBOSOME]
[GOCC_CLATHRIN_COMPLEX,GOCC_CLATHRIN_COMPLEX] was killed by [GOCC_MEMBRANE_COAT,GOCC_MEMBRANE_COAT]
[GOCC_EXTRINSIC_COMPONENT_OF_ENDOSOME_MEMBRANE,GOCC_EXTRINSIC_COMPONENT_OF_ENDOSOME_MEMBRANE] was killed by [GOCC_EXTRINSIC_COMPONENT_OF_PLASMA_MEMBRANE,GOCC_EXTRINSIC_COMPONENT_OF_PLASMA_MEMBRANE]
[GOCC_ENDOPLASMIC_RETICULUM_GOLGI_INTERMEDIATE_COMPARTMENT,GOCC_ENDOPLASMIC_RETICULUM_GOLGI_INTERMEDIATE_COMPARTMENT] was killed by [GOCC_ENDOPLASMIC_RETICULUM_PROTEIN_CONTAINING_COMPLEX,GOCC_ENDOPLASMIC_RETICULUM_PROTEIN_CONTAINING_COMPLEX]
[GOCC_GEMINI_OF_COILED_BODIES,GOCC_GEMINI_OF_COILED_BODIES] was killed by [GOCC_I_BAND,GOCC_I_BAND]
[GOCC_HOPS_COMPLEX,GOCC_HOPS_COMPLEX] was killed by [GOCC_MEMBRANE_COAT,GOCC_MEMBRANE_COAT]
[GOCC_PHAGOPHORE_ASSEMBLY_SITE,GOCC_PHAGOPHORE_ASSEMBLY_SITE] was killed by [GOCC_PHAGOPHORE_ASSEMBLY_SITE_MEMBRANE,GOCC_PHAGOPHORE_ASSEMBLY_SITE_MEMBRANE]
[GOCC_ADA2_GCN5_ADA3_TRANSCRIPTION_ACTIVATOR_COMPLEX,GOCC_ADA2_GCN5_ADA3_TRANSCRIPTION_ACTIVATOR_COMPLEX] was killed by [GOCC_RNA_POLYMERASE_COMPLEX,GOCC_RNA_POLYMERASE_COMPLEX]
[GOCC_AUTOPHAGOSOME_MEMBRANE,GOCC_AUTOPHAGOSOME_MEMBRANE] was killed by [GOCC_PHAGOPHORE_ASSEMBLY_SITE_MEMBRANE,GOCC_PHAGOPHORE_ASSEMBLY_SITE_MEMBRANE]
[GOCC_CARBOXY_TERMINAL_DOMAIN_PROTEIN_KINASE_COMPLEX,GOCC_CARBOXY_TERMINAL_DOMAIN_PROTEIN_KINASE_COMPLEX] was killed by [GOCC_RNA_POLYMERASE_COMPLEX,GOCC_RNA_POLYMERASE_COMPLEX]
[GOCC_SIN3_TYPE_COMPLEX,GOCC_SIN3_TYPE_COMPLEX] was killed by [GOCC_SWI_SNF_SUPERFAMILY_TYPE_COMPLEX,GOCC_SWI_SNF_SUPERFAMILY_TYPE_COMPLEX]
[GOCC_SECONDARY_LYSOSOME,GOCC_SECONDARY_LYSOSOME] was killed by [GOCC_PODOSOME,GOCC_PODOSOME]
[GOCC_P_BODY,GOCC_P_BODY] was killed by [GOCC_SPLICEOSOMAL_COMPLEX,GOCC_SPLICEOSOMAL_COMPLEX]
[GOCC_CONDENSED_NUCLEAR_CHROMOSOME_KINETOCHORE,GOCC_CONDENSED_NUCLEAR_CHROMOSOME_KINETOCHORE] was killed by [GOCC_CHROMOSOME_CENTROMERIC_REGION,GOCC_CHROMOSOME_CENTROMERIC_REGION]
[GOCC_PYRUVATE_DEHYDROGENASE_COMPLEX,GOCC_PYRUVATE_DEHYDROGENASE_COMPLEX] was killed by [GOCC_TRICARBOXYLIC_ACID_CYCLE_ENZYME_COMPLEX,GOCC_TRICARBOXYLIC_ACID_CYCLE_ENZYME_COMPLEX]
[GOCC_REPLISOME,GOCC_REPLISOME] was killed by [GOCC_SPLICEOSOMAL_COMPLEX,GOCC_SPLICEOSOMAL_COMPLEX]
[GOCC_COSTAMERE,GOCC_COSTAMERE] was killed by [GOCC_PODOSOME,GOCC_PODOSOME]
[GOCC_CILIARY_PLASM,GOCC_CILIARY_PLASM] was killed by [GOCC_CENTRIOLE,GOCC_CENTRIOLE]
[GOCC_PROTEIN_COMPLEX_INVOLVED_IN_CELL_ADHESION,GOCC_PROTEIN_COMPLEX_INVOLVED_IN_CELL_ADHESION] was killed by [GOCC_SPECIFIC_GRANULE,GOCC_SPECIFIC_GRANULE]
[GOCC_PIGMENT_GRANULE,GOCC_PIGMENT_GRANULE] was killed by [GOCC_SPECIFIC_GRANULE,GOCC_SPECIFIC_GRANULE]
[GOCC_TRANSCRIPTION_FACTOR_TFTC_COMPLEX,GOCC_TRANSCRIPTION_FACTOR_TFTC_COMPLEX] was killed by [GOCC_RNA_POLYMERASE_COMPLEX,GOCC_RNA_POLYMERASE_COMPLEX]
[GOCC_CORTICAL_ACTIN_CYTOSKELETON,GOCC_CORTICAL_ACTIN_CYTOSKELETON] was killed by [GOCC_LEADING_EDGE_MEMBRANE,GOCC_LEADING_EDGE_MEMBRANE]
[GOCC_COPII_VESICLE_COAT,GOCC_COPII_VESICLE_COAT] was killed by [GOCC_CULLIN_RING_UBIQUITIN_LIGASE_COMPLEX,GOCC_CULLIN_RING_UBIQUITIN_LIGASE_COMPLEX]
[GOCC_CELL_TRAILING_EDGE,GOCC_CELL_TRAILING_EDGE] was killed by [GOCC_LEADING_EDGE_MEMBRANE,GOCC_LEADING_EDGE_MEMBRANE]
[GOCC_PROTON_TRANSPORTING_TWO_SECTOR_ATPASE_COMPLEX_CATALYTIC_DOMAIN,GOCC_PROTON_TRANSPORTING_TWO_SECTOR_ATPASE_COMPLEX_CATALYTIC_DOMAIN] was killed by [GOCC_INNER_MITOCHONDRIAL_MEMBRANE_PROTEIN_COMPLEX,GOCC_INNER_MITOCHONDRIAL_MEMBRANE_PROTEIN_COMPLEX]
[GOCC_FLEMMING_BODY,GOCC_FLEMMING_BODY] was killed by [GOCC_EXOCYST,GOCC_EXOCYST]
[GOCC_TORC1_COMPLEX,GOCC_TORC1_COMPLEX] was killed by [GOCC_CYTOPLASMIC_STRESS_GRANULE,GOCC_CYTOPLASMIC_STRESS_GRANULE]
[GOCC_CELL_BODY_MEMBRANE,GOCC_CELL_BODY_MEMBRANE] was killed by [GOCC_LEADING_EDGE_MEMBRANE,GOCC_LEADING_EDGE_MEMBRANE]
[GOCC_DNA_POLYMERASE_COMPLEX,GOCC_DNA_POLYMERASE_COMPLEX] was killed by [GOCC_RNA_POLYMERASE_COMPLEX,GOCC_RNA_POLYMERASE_COMPLEX]
[GOCC_EXCITATORY_SYNAPSE,GOCC_EXCITATORY_SYNAPSE] was killed by [GOCC_LEADING_EDGE_MEMBRANE,GOCC_LEADING_EDGE_MEMBRANE]
[GOCC_DIHYDROLIPOYL_DEHYDROGENASE_COMPLEX,GOCC_DIHYDROLIPOYL_DEHYDROGENASE_COMPLEX] was killed by [GOCC_NUCLEOID,GOCC_NUCLEOID]
[GOCC_UNIPLEX_COMPLEX,GOCC_UNIPLEX_COMPLEX] was killed by [GOCC_INNER_MITOCHONDRIAL_MEMBRANE_PROTEIN_COMPLEX,GOCC_INNER_MITOCHONDRIAL_MEMBRANE_PROTEIN_COMPLEX]
[GOCC_CILIARY_TRANSITION_ZONE,GOCC_CILIARY_TRANSITION_ZONE] was killed by [GOCC_CENTRIOLE,GOCC_CENTRIOLE]
[GOCC_PROTON_TRANSPORTING_ATP_SYNTHASE_COMPLEX_COUPLING_FACTOR_F_O,GOCC_PROTON_TRANSPORTING_ATP_SYNTHASE_COMPLEX_COUPLING_FACTOR_F_O] was killed by [GOCC_INNER_MITOCHONDRIAL_MEMBRANE_PROTEIN_COMPLEX,GOCC_INNER_MITOCHONDRIAL_MEMBRANE_PROTEIN_COMPLEX]
[GOCC_CILIARY_BASAL_BODY,GOCC_CILIARY_BASAL_BODY] was killed by [GOCC_CENTRIOLE,GOCC_CENTRIOLE]
[GOCC_VOLTAGE_GATED_CALCIUM_CHANNEL_COMPLEX,GOCC_VOLTAGE_GATED_CALCIUM_CHANNEL_COMPLEX] was killed by [GOCC_ENDOPLASMIC_RETICULUM_PROTEIN_CONTAINING_COMPLEX,GOCC_ENDOPLASMIC_RETICULUM_PROTEIN_CONTAINING_COMPLEX]
[GOCC_CONDENSED_CHROMOSOME_OUTER_KINETOCHORE,GOCC_CONDENSED_CHROMOSOME_OUTER_KINETOCHORE] was killed by [GOCC_CHROMOSOME_CENTROMERIC_REGION,GOCC_CHROMOSOME_CENTROMERIC_REGION]
[GOCC_MICOS_COMPLEX,GOCC_MICOS_COMPLEX] was killed by [GOCC_INNER_MITOCHONDRIAL_MEMBRANE_PROTEIN_COMPLEX,GOCC_INNER_MITOCHONDRIAL_MEMBRANE_PROTEIN_COMPLEX]
[GOCC_CILIARY_TRANSITION_FIBER,GOCC_CILIARY_TRANSITION_FIBER] was killed by [GOCC_CENTRIOLE,GOCC_CENTRIOLE]
[GOCC_INTERSTITIAL_MATRIX,GOCC_INTERSTITIAL_MATRIX] was killed by [GOCC_BASEMENT_MEMBRANE,GOCC_BASEMENT_MEMBRANE]
[GOCC_PRE_SNORNP_COMPLEX,GOCC_PRE_SNORNP_COMPLEX] was killed by [GOCC_PRERIBOSOME,GOCC_PRERIBOSOME]
[GOCC_LSM2_8_COMPLEX,GOCC_LSM2_8_COMPLEX] was killed by [GOCC_SPLICEOSOMAL_COMPLEX,GOCC_SPLICEOSOMAL_COMPLEX]
[GOCC_ENDOPLASMIC_RETICULUM_TUBULAR_NETWORK,GOCC_ENDOPLASMIC_RETICULUM_TUBULAR_NETWORK] was killed by [GOCC_EXOCYST,GOCC_EXOCYST]
[GOCC_ANCHORED_COMPONENT_OF_EXTERNAL_SIDE_OF_PLASMA_MEMBRANE,GOCC_ANCHORED_COMPONENT_OF_EXTERNAL_SIDE_OF_PLASMA_MEMBRANE] was killed by [GOCC_SPECIFIC_GRANULE,GOCC_SPECIFIC_GRANULE]
[GOCC_GLYCOPROTEIN_COMPLEX,GOCC_GLYCOPROTEIN_COMPLEX] was killed by [GOCC_I_BAND,GOCC_I_BAND]
[GOCC_CHROMATOID_BODY,GOCC_CHROMATOID_BODY] was killed by [GOCC_CYTOPLASMIC_STRESS_GRANULE,GOCC_CYTOPLASMIC_STRESS_GRANULE]
[GOCC_SODIUM_CHANNEL_COMPLEX,GOCC_SODIUM_CHANNEL_COMPLEX] was killed by [GOCC_I_BAND,GOCC_I_BAND]
[GOCC_STRIATED_MUSCLE_THIN_FILAMENT,GOCC_STRIATED_MUSCLE_THIN_FILAMENT] was killed by [GOCC_MYOFILAMENT,GOCC_MYOFILAMENT]
[GOCC_EUKARYOTIC_TRANSLATION_INITIATION_FACTOR_4F_COMPLEX,GOCC_EUKARYOTIC_TRANSLATION_INITIATION_FACTOR_4F_COMPLEX] was killed by [GOCC_CYTOPLASMIC_STRESS_GRANULE,GOCC_CYTOPLASMIC_STRESS_GRANULE]
[GOCC_INTRACILIARY_TRANSPORT_PARTICLE,GOCC_INTRACILIARY_TRANSPORT_PARTICLE] was killed by [GOCC_CENTRIOLE,GOCC_CENTRIOLE]
[GOCC_GLIAL_CELL_PROJECTION,GOCC_GLIAL_CELL_PROJECTION] was killed by [GOCC_CYTOPLASMIC_STRESS_GRANULE,GOCC_CYTOPLASMIC_STRESS_GRANULE]
[GOCC_SPINDLE_MIDZONE,GOCC_SPINDLE_MIDZONE] was killed by [GOCC_CHROMOSOME_CENTROMERIC_REGION,GOCC_CHROMOSOME_CENTROMERIC_REGION]
[GOCC_PROTON_TRANSPORTING_ATP_SYNTHASE_COMPLEX,GOCC_PROTON_TRANSPORTING_ATP_SYNTHASE_COMPLEX] was killed by [GOCC_INNER_MITOCHONDRIAL_MEMBRANE_PROTEIN_COMPLEX,GOCC_INNER_MITOCHONDRIAL_MEMBRANE_PROTEIN_COMPLEX]
[GOCC_FILAMENTOUS_ACTIN,GOCC_FILAMENTOUS_ACTIN] was killed by [GOCC_LEADING_EDGE_MEMBRANE,GOCC_LEADING_EDGE_MEMBRANE]
[GOCC_ROUGH_ENDOPLASMIC_RETICULUM_MEMBRANE,GOCC_ROUGH_ENDOPLASMIC_RETICULUM_MEMBRANE] was killed by [GOCC_RIBOSOMAL_SUBUNIT,GOCC_RIBOSOMAL_SUBUNIT]
[GOCC_EMC_COMPLEX,GOCC_EMC_COMPLEX] was killed by [GOCC_ENDOPLASMIC_RETICULUM_PROTEIN_CONTAINING_COMPLEX,GOCC_ENDOPLASMIC_RETICULUM_PROTEIN_CONTAINING_COMPLEX]
[GOCC_ORIGIN_RECOGNITION_COMPLEX,GOCC_ORIGIN_RECOGNITION_COMPLEX] was killed by [GOCC_CHROMOSOME_CENTROMERIC_REGION,GOCC_CHROMOSOME_CENTROMERIC_REGION]
[GOCC_AP_3_ADAPTOR_COMPLEX,GOCC_AP_3_ADAPTOR_COMPLEX] was killed by [GOCC_MEMBRANE_COAT,GOCC_MEMBRANE_COAT]
[GOCC_TROPONIN_COMPLEX,GOCC_TROPONIN_COMPLEX] was killed by [GOCC_MYOFILAMENT,GOCC_MYOFILAMENT]
[GOCC_PROTEASOME_REGULATORY_PARTICLE_BASE_SUBCOMPLEX,GOCC_PROTEASOME_REGULATORY_PARTICLE_BASE_SUBCOMPLEX] was killed by [GOCC_PROTEASOME_ACCESSORY_COMPLEX,GOCC_PROTEASOME_ACCESSORY_COMPLEX]
[GOCC_SARCOPLASMIC_RETICULUM_MEMBRANE,GOCC_SARCOPLASMIC_RETICULUM_MEMBRANE] was killed by [GOCC_ENDOPLASMIC_RETICULUM_PROTEIN_CONTAINING_COMPLEX,GOCC_ENDOPLASMIC_RETICULUM_PROTEIN_CONTAINING_COMPLEX]
[GOCC_PROTEASOME_REGULATORY_PARTICLE_LID_SUBCOMPLEX,GOCC_PROTEASOME_REGULATORY_PARTICLE_LID_SUBCOMPLEX] was killed by [GOCC_PROTEASOME_ACCESSORY_COMPLEX,GOCC_PROTEASOME_ACCESSORY_COMPLEX]
[GOCC_AXON_CYTOPLASM,GOCC_AXON_CYTOPLASM] was killed by [GOCC_CHROMOSOME_CENTROMERIC_REGION,GOCC_CHROMOSOME_CENTROMERIC_REGION]
[GOCC_NEUROTRANSMITTER_RECEPTOR_COMPLEX,GOCC_NEUROTRANSMITTER_RECEPTOR_COMPLEX] was killed by [GOCC_LEADING_EDGE_MEMBRANE,GOCC_LEADING_EDGE_MEMBRANE]
[GOCC_AZUROPHIL_GRANULE_LUMEN,GOCC_AZUROPHIL_GRANULE_LUMEN] was killed by [GOCC_SPECIFIC_GRANULE,GOCC_SPECIFIC_GRANULE]
[GOCC_SYNAPTONEMAL_STRUCTURE,GOCC_SYNAPTONEMAL_STRUCTURE] was killed by [GOCC_CHROMOSOME_CENTROMERIC_REGION,GOCC_CHROMOSOME_CENTROMERIC_REGION]
[GOCC_FANCONI_ANAEMIA_NUCLEAR_COMPLEX,GOCC_FANCONI_ANAEMIA_NUCLEAR_COMPLEX] was killed by [GOCC_CHROMOSOME_CENTROMERIC_REGION,GOCC_CHROMOSOME_CENTROMERIC_REGION]
[GOCC_CHITOSOME,GOCC_CHITOSOME] was killed by [GOCC_BLOC_COMPLEX,GOCC_BLOC_COMPLEX]
[GOCC_MITOTIC_SPINDLE_MIDZONE,GOCC_MITOTIC_SPINDLE_MIDZONE] was killed by [GOCC_CHROMOSOME_CENTROMERIC_REGION,GOCC_CHROMOSOME_CENTROMERIC_REGION]
[GOCC_SCHAFFER_COLLATERAL_CA1_SYNAPSE,GOCC_SCHAFFER_COLLATERAL_CA1_SYNAPSE] was killed by [GOCC_EXTRINSIC_COMPONENT_OF_PLASMA_MEMBRANE,GOCC_EXTRINSIC_COMPONENT_OF_PLASMA_MEMBRANE]
[GOCC_A_BAND,GOCC_A_BAND] was killed by [GOCC_I_BAND,GOCC_I_BAND]
[GOCC_NEURON_PROJECTION_CYTOPLASM,GOCC_NEURON_PROJECTION_CYTOPLASM] was killed by [GOCC_CHROMOSOME_CENTROMERIC_REGION,GOCC_CHROMOSOME_CENTROMERIC_REGION]
[GOCC_RNAI_EFFECTOR_COMPLEX,GOCC_RNAI_EFFECTOR_COMPLEX] was killed by [GOCC_CYTOPLASMIC_STRESS_GRANULE,GOCC_CYTOPLASMIC_STRESS_GRANULE]
[GOCC_ZONA_PELLUCIDA_RECEPTOR_COMPLEX,GOCC_ZONA_PELLUCIDA_RECEPTOR_COMPLEX] was killed by [GOCC_CHAPERONE_COMPLEX,GOCC_CHAPERONE_COMPLEX]
[GOCC_ENDOPLASMIC_RETICULUM_PALMITOYLTRANSFERASE_COMPLEX,GOCC_ENDOPLASMIC_RETICULUM_PALMITOYLTRANSFERASE_COMPLEX] was killed by [GOCC_ENDOPLASMIC_RETICULUM_PROTEIN_CONTAINING_COMPLEX,GOCC_ENDOPLASMIC_RETICULUM_PROTEIN_CONTAINING_COMPLEX]
[GOCC_DERLIN_1_RETROTRANSLOCATION_COMPLEX,GOCC_DERLIN_1_RETROTRANSLOCATION_COMPLEX] was killed by [GOCC_ENDOPLASMIC_RETICULUM_PROTEIN_CONTAINING_COMPLEX,GOCC_ENDOPLASMIC_RETICULUM_PROTEIN_CONTAINING_COMPLEX]
[GOCC_PRESYNAPTIC_ACTIVE_ZONE_MEMBRANE,GOCC_PRESYNAPTIC_ACTIVE_ZONE_MEMBRANE] was killed by [GOCC_SPECIFIC_GRANULE,GOCC_SPECIFIC_GRANULE]
[GOCC_BLOC_1_COMPLEX,GOCC_BLOC_1_COMPLEX] was killed by [GOCC_BLOC_COMPLEX,GOCC_BLOC_COMPLEX]
[GOCC_MALE_GERM_CELL_NUCLEUS,GOCC_MALE_GERM_CELL_NUCLEUS] was killed by [GOCC_DNA_REPAIR_COMPLEX,GOCC_DNA_REPAIR_COMPLEX]
[GOCC_PRP19_COMPLEX,GOCC_PRP19_COMPLEX] was killed by [GOCC_SPLICEOSOMAL_COMPLEX,GOCC_SPLICEOSOMAL_COMPLEX]
[GOCC_POST_MRNA_RELEASE_SPLICEOSOMAL_COMPLEX,GOCC_POST_MRNA_RELEASE_SPLICEOSOMAL_COMPLEX] was killed by [GOCC_SPLICEOSOMAL_COMPLEX,GOCC_SPLICEOSOMAL_COMPLEX]
[GOCC_MRNA_CAP_BINDING_COMPLEX,GOCC_MRNA_CAP_BINDING_COMPLEX] was killed by [GOCC_CYTOPLASMIC_STRESS_GRANULE,GOCC_CYTOPLASMIC_STRESS_GRANULE]
[GOCC_HAPTOGLOBIN_HEMOGLOBIN_COMPLEX,GOCC_HAPTOGLOBIN_HEMOGLOBIN_COMPLEX] was killed by [GOCC_RIBOSOMAL_SUBUNIT,GOCC_RIBOSOMAL_SUBUNIT]
[GOCC_CELL_CORTEX_REGION,GOCC_CELL_CORTEX_REGION] was killed by [GOCC_EXTRINSIC_COMPONENT_OF_PLASMA_MEMBRANE,GOCC_EXTRINSIC_COMPONENT_OF_PLASMA_MEMBRANE]
[GOCC_INTERCELLULAR_BRIDGE,GOCC_INTERCELLULAR_BRIDGE] was killed by [GOCC_CHROMOSOME_CENTROMERIC_REGION,GOCC_CHROMOSOME_CENTROMERIC_REGION]
[GOCC_COMPLEX_OF_COLLAGEN_TRIMERS,GOCC_COMPLEX_OF_COLLAGEN_TRIMERS] was killed by [GOCC_BASEMENT_MEMBRANE,GOCC_BASEMENT_MEMBRANE]
[GOCC_ACTIN_FILAMENT_BUNDLE,GOCC_ACTIN_FILAMENT_BUNDLE] was killed by [GOCC_PODOSOME,GOCC_PODOSOME]
[GOCC_POSTSYNAPTIC_SPECIALIZATION_INTRACELLULAR_COMPONENT,GOCC_POSTSYNAPTIC_SPECIALIZATION_INTRACELLULAR_COMPONENT] was killed by [GOCC_EXTRINSIC_COMPONENT_OF_PLASMA_MEMBRANE,GOCC_EXTRINSIC_COMPONENT_OF_PLASMA_MEMBRANE]
[GOCC_MHC_PROTEIN_COMPLEX,GOCC_MHC_PROTEIN_COMPLEX] was killed by [GOCC_ENDOPLASMIC_RETICULUM_PROTEIN_CONTAINING_COMPLEX,GOCC_ENDOPLASMIC_RETICULUM_PROTEIN_CONTAINING_COMPLEX]
[GOCC_SWI_SNF_COMPLEX,GOCC_SWI_SNF_COMPLEX] was killed by [GOCC_SWI_SNF_SUPERFAMILY_TYPE_COMPLEX,GOCC_SWI_SNF_SUPERFAMILY_TYPE_COMPLEX]
[GOCC_EXTRINSIC_COMPONENT_OF_SYNAPTIC_MEMBRANE,GOCC_EXTRINSIC_COMPONENT_OF_SYNAPTIC_MEMBRANE] was killed by [GOCC_EXTRINSIC_COMPONENT_OF_PLASMA_MEMBRANE,GOCC_EXTRINSIC_COMPONENT_OF_PLASMA_MEMBRANE]
[GOCC_MOTILE_CILIUM,GOCC_MOTILE_CILIUM] was killed by [GOCC_IMMUNOGLOBULIN_COMPLEX,GOCC_IMMUNOGLOBULIN_COMPLEX]
[GOCC_CENTRIOLAR_SATELLITE,GOCC_CENTRIOLAR_SATELLITE] was killed by [GOCC_CENTRIOLE,GOCC_CENTRIOLE]
[GOCC_CUL4A_RING_E3_UBIQUITIN_LIGASE_COMPLEX,GOCC_CUL4A_RING_E3_UBIQUITIN_LIGASE_COMPLEX] was killed by [GOCC_CULLIN_RING_UBIQUITIN_LIGASE_COMPLEX,GOCC_CULLIN_RING_UBIQUITIN_LIGASE_COMPLEX]
[GOCC_PRONUCLEUS,GOCC_PRONUCLEUS] was killed by [GOCC_CHROMOSOME_CENTROMERIC_REGION,GOCC_CHROMOSOME_CENTROMERIC_REGION]
[GOCC_LATERAL_PLASMA_MEMBRANE,GOCC_LATERAL_PLASMA_MEMBRANE] was killed by [GOCC_EXTRINSIC_COMPONENT_OF_PLASMA_MEMBRANE,GOCC_EXTRINSIC_COMPONENT_OF_PLASMA_MEMBRANE]
[GOCC_CLEAVAGE_FURROW,GOCC_CLEAVAGE_FURROW] was killed by [GOCC_CHROMOSOME_CENTROMERIC_REGION,GOCC_CHROMOSOME_CENTROMERIC_REGION]
[GOCC_OXOGLUTARATE_DEHYDROGENASE_COMPLEX,GOCC_OXOGLUTARATE_DEHYDROGENASE_COMPLEX] was killed by [GOCC_RNA_POLYMERASE_COMPLEX,GOCC_RNA_POLYMERASE_COMPLEX]
[GOCC_EUKARYOTIC_TRANSLATION_INITIATION_FACTOR_3_COMPLEX_EIF3M,GOCC_EUKARYOTIC_TRANSLATION_INITIATION_FACTOR_3_COMPLEX_EIF3M] was killed by [GOCC_EUKARYOTIC_TRANSLATION_INITIATION_FACTOR_3_COMPLEX,GOCC_EUKARYOTIC_TRANSLATION_INITIATION_FACTOR_3_COMPLEX]
[GOCC_HIPPOCAMPAL_MOSSY_FIBER_TO_CA3_SYNAPSE,GOCC_HIPPOCAMPAL_MOSSY_FIBER_TO_CA3_SYNAPSE] was killed by [GOCC_BLOC_COMPLEX,GOCC_BLOC_COMPLEX]
[GOCC_EXTRINSIC_COMPONENT_OF_EXTERNAL_SIDE_OF_PLASMA_MEMBRANE,GOCC_EXTRINSIC_COMPONENT_OF_EXTERNAL_SIDE_OF_PLASMA_MEMBRANE] was killed by [GOCC_EXTRINSIC_COMPONENT_OF_PLASMA_MEMBRANE,GOCC_EXTRINSIC_COMPONENT_OF_PLASMA_MEMBRANE]
[GOCC_ATG1_ULK1_KINASE_COMPLEX,GOCC_ATG1_ULK1_KINASE_COMPLEX] was killed by [GOCC_MEMBRANE_COAT,GOCC_MEMBRANE_COAT]
[GOCC_ANCHORED_COMPONENT_OF_PRESYNAPTIC_MEMBRANE,GOCC_ANCHORED_COMPONENT_OF_PRESYNAPTIC_MEMBRANE] was killed by [GOCC_ANCHORED_COMPONENT_OF_MEMBRANE,GOCC_ANCHORED_COMPONENT_OF_MEMBRANE]
[GOCC_GAMMA_TUBULIN_COMPLEX,GOCC_GAMMA_TUBULIN_COMPLEX] was killed by [GOCC_CENTRIOLE,GOCC_CENTRIOLE]
[GOCC_CELL_DIVISION_SITE,GOCC_CELL_DIVISION_SITE] was killed by [GOCC_CHROMOSOME_CENTROMERIC_REGION,GOCC_CHROMOSOME_CENTROMERIC_REGION]
[GOCC_GOLGI_STACK,GOCC_GOLGI_STACK] was killed by [GOCC_IMMUNOGLOBULIN_COMPLEX,GOCC_IMMUNOGLOBULIN_COMPLEX]
[GOCC_COPI_VESICLE_COAT,GOCC_COPI_VESICLE_COAT] was killed by [GOCC_MEMBRANE_COAT,GOCC_MEMBRANE_COAT]
[GOCC_MAIN_AXON,GOCC_MAIN_AXON] was killed by [GOCC_EXTRINSIC_COMPONENT_OF_PLASMA_MEMBRANE,GOCC_EXTRINSIC_COMPONENT_OF_PLASMA_MEMBRANE]
[GOCC_ACTOMYOSIN,GOCC_ACTOMYOSIN] was killed by [GOCC_PODOSOME,GOCC_PODOSOME]
[GOCC_PHAGOCYTIC_CUP,GOCC_PHAGOCYTIC_CUP] was killed by [GOCC_LEADING_EDGE_MEMBRANE,GOCC_LEADING_EDGE_MEMBRANE]
[GOCC_MICROBODY_MEMBRANE,GOCC_MICROBODY_MEMBRANE] was killed by [GOCC_INTRINSIC_COMPONENT_OF_PEROXISOMAL_MEMBRANE,GOCC_INTRINSIC_COMPONENT_OF_PEROXISOMAL_MEMBRANE]
[GOCC_SIN3_COMPLEX,GOCC_SIN3_COMPLEX] was killed by [GOCC_SWI_SNF_SUPERFAMILY_TYPE_COMPLEX,GOCC_SWI_SNF_SUPERFAMILY_TYPE_COMPLEX]
[GOCC_CYTOPLASMIC_DYNEIN_COMPLEX,GOCC_CYTOPLASMIC_DYNEIN_COMPLEX] was killed by [GOCC_CHROMOSOME_CENTROMERIC_REGION,GOCC_CHROMOSOME_CENTROMERIC_REGION]
[GOCC_FILOPODIUM_MEMBRANE,GOCC_FILOPODIUM_MEMBRANE] was killed by [GOCC_LEADING_EDGE_MEMBRANE,GOCC_LEADING_EDGE_MEMBRANE]
[GOCC_COP9_SIGNALOSOME,GOCC_COP9_SIGNALOSOME] was killed by [GOCC_CENTRIOLE,GOCC_CENTRIOLE]
[GOCC_COHESIN_COMPLEX,GOCC_COHESIN_COMPLEX] was killed by [GOCC_CHROMOSOME_CENTROMERIC_REGION,GOCC_CHROMOSOME_CENTROMERIC_REGION]
[GOCC_CLUSTER_OF_ACTIN_BASED_CELL_PROJECTIONS,GOCC_CLUSTER_OF_ACTIN_BASED_CELL_PROJECTIONS] was killed by [GOCC_IMMUNOGLOBULIN_COMPLEX,GOCC_IMMUNOGLOBULIN_COMPLEX]
[GOCC_POLE_PLASM,GOCC_POLE_PLASM] was killed by [GOCC_CYTOPLASMIC_STRESS_GRANULE,GOCC_CYTOPLASMIC_STRESS_GRANULE]
[GOCC_ORGANELLE_MEMBRANE_CONTACT_SITE,GOCC_ORGANELLE_MEMBRANE_CONTACT_SITE] was killed by [GOCC_EXTRINSIC_COMPONENT_OF_PLASMA_MEMBRANE,GOCC_EXTRINSIC_COMPONENT_OF_PLASMA_MEMBRANE]
[GOCC_MITOCHONDRIAL_PROTON_TRANSPORTING_ATP_SYNTHASE_COMPLEX_COUPLING_FACTOR_F_O,GOCC_MITOCHONDRIAL_PROTON_TRANSPORTING_ATP_SYNTHASE_COMPLEX_COUPLING_FACTOR_F_O] was killed by [GOCC_INNER_MITOCHONDRIAL_MEMBRANE_PROTEIN_COMPLEX,GOCC_INNER_MITOCHONDRIAL_MEMBRANE_PROTEIN_COMPLEX]
[GOCC_APICAL_JUNCTION_COMPLEX,GOCC_APICAL_JUNCTION_COMPLEX] was killed by [GOCC_SPLICEOSOMAL_COMPLEX,GOCC_SPLICEOSOMAL_COMPLEX]
[GOCC_LUMENAL_SIDE_OF_MEMBRANE,GOCC_LUMENAL_SIDE_OF_MEMBRANE] was killed by [GOCC_ENDOPLASMIC_RETICULUM_PROTEIN_CONTAINING_COMPLEX,GOCC_ENDOPLASMIC_RETICULUM_PROTEIN_CONTAINING_COMPLEX]
[GOCC_COPII_COATED_ER_TO_GOLGI_TRANSPORT_VESICLE,GOCC_COPII_COATED_ER_TO_GOLGI_TRANSPORT_VESICLE] was killed by [GOCC_MEMBRANE_COAT,GOCC_MEMBRANE_COAT]
[GOCC_CYTOCHROME_COMPLEX,GOCC_CYTOCHROME_COMPLEX] was killed by [GOCC_INNER_MITOCHONDRIAL_MEMBRANE_PROTEIN_COMPLEX,GOCC_INNER_MITOCHONDRIAL_MEMBRANE_PROTEIN_COMPLEX]
[GOCC_CHROMATIN_SILENCING_COMPLEX,GOCC_CHROMATIN_SILENCING_COMPLEX] was killed by [GOCC_SWI_SNF_SUPERFAMILY_TYPE_COMPLEX,GOCC_SWI_SNF_SUPERFAMILY_TYPE_COMPLEX]
[GOCC_NUCLEOTIDE_ACTIVATED_PROTEIN_KINASE_COMPLEX,GOCC_NUCLEOTIDE_ACTIVATED_PROTEIN_KINASE_COMPLEX] was killed by [GOCC_TORC2_COMPLEX,GOCC_TORC2_COMPLEX]
[GOCC_NONHOMOLOGOUS_END_JOINING_COMPLEX,GOCC_NONHOMOLOGOUS_END_JOINING_COMPLEX] was killed by [GOCC_PRERIBOSOME,GOCC_PRERIBOSOME]
[GOCC_NUCLEAR_INCLUSION_BODY,GOCC_NUCLEAR_INCLUSION_BODY] was killed by [GOCC_CHROMOSOME_CENTROMERIC_REGION,GOCC_CHROMOSOME_CENTROMERIC_REGION]
[GOCC_NPBAF_COMPLEX,GOCC_NPBAF_COMPLEX] was killed by [GOCC_SWI_SNF_SUPERFAMILY_TYPE_COMPLEX,GOCC_SWI_SNF_SUPERFAMILY_TYPE_COMPLEX]
[GOCC_SYNAPTIC_CLEFT,GOCC_SYNAPTIC_CLEFT] was killed by [GOCC_BASEMENT_MEMBRANE,GOCC_BASEMENT_MEMBRANE]
[GOCC_DNA_REPLICATION_FACTOR_C_COMPLEX,GOCC_DNA_REPLICATION_FACTOR_C_COMPLEX] was killed by [GOCC_CTF18_RFC_LIKE_COMPLEX,GOCC_CTF18_RFC_LIKE_COMPLEX]
[GOCC_RDNA_HETEROCHROMATIN,GOCC_RDNA_HETEROCHROMATIN] was killed by [GOCC_CHROMOSOME_CENTROMERIC_REGION,GOCC_CHROMOSOME_CENTROMERIC_REGION]
[GOCC_CONDENSIN_COMPLEX,GOCC_CONDENSIN_COMPLEX] was killed by [GOCC_CHROMOSOME_CENTROMERIC_REGION,GOCC_CHROMOSOME_CENTROMERIC_REGION]
