[KEGG_SPLICEOSOME,KEGG_SPLICEOSOME] was killed by [KEGG_CHEMOKINE_SIGNALING_PATHWAY,KEGG_CHEMOKINE_SIGNALING_PATHWAY]
[KEGG_GNRH_SIGNALING_PATHWAY,KEGG_GNRH_SIGNALING_PATHWAY] was killed by [KEGG_CHEMOKINE_SIGNALING_PATHWAY,KEGG_CHEMOKINE_SIGNALING_PATHWAY]
[KEGG_NATURAL_KILLER_CELL_MEDIATED_CYTOTOXICITY,KEGG_NATURAL_KILLER_CELL_MEDIATED_CYTOTOXICITY] was killed by [KEGG_CHEMOKINE_SIGNALING_PATHWAY,KEGG_CHEMOKINE_SIGNALING_PATHWAY]
[KEGG_ERBB_SIGNALING_PATHWAY,KEGG_ERBB_SIGNALING_PATHWAY] was killed by [KEGG_CHEMOKINE_SIGNALING_PATHWAY,KEGG_CHEMOKINE_SIGNALING_PATHWAY]
[KEGG_WNT_SIGNALING_PATHWAY,KEGG_WNT_SIGNALING_PATHWAY] was killed by [KEGG_RIBOSOME,KEGG_RIBOSOME]
[KEGG_ACUTE_MYELOID_LEUKEMIA,KEGG_ACUTE_MYELOID_LEUKEMIA] was killed by [KEGG_CHEMOKINE_SIGNALING_PATHWAY,KEGG_CHEMOKINE_SIGNALING_PATHWAY]
[KEGG_TOLL_LIKE_RECEPTOR_SIGNALING_PATHWAY,KEGG_TOLL_LIKE_RECEPTOR_SIGNALING_PATHWAY] was killed by [KEGG_CHEMOKINE_SIGNALING_PATHWAY,KEGG_CHEMOKINE_SIGNALING_PATHWAY]
[KEGG_APOPTOSIS,KEGG_APOPTOSIS] was killed by [KEGG_CHEMOKINE_SIGNALING_PATHWAY,KEGG_CHEMOKINE_SIGNALING_PATHWAY]
[KEGG_LEISHMANIA_INFECTION,KEGG_LEISHMANIA_INFECTION] was killed by [KEGG_CHEMOKINE_SIGNALING_PATHWAY,KEGG_CHEMOKINE_SIGNALING_PATHWAY]
[KEGG_DORSO_VENTRAL_AXIS_FORMATION,KEGG_DORSO_VENTRAL_AXIS_FORMATION] was killed by [KEGG_CHEMOKINE_SIGNALING_PATHWAY,KEGG_CHEMOKINE_SIGNALING_PATHWAY]
[KEGG_LONG_TERM_DEPRESSION,KEGG_LONG_TERM_DEPRESSION] was killed by [KEGG_CHEMOKINE_SIGNALING_PATHWAY,KEGG_CHEMOKINE_SIGNALING_PATHWAY]
[KEGG_AXON_GUIDANCE,KEGG_AXON_GUIDANCE] was killed by [KEGG_RIBOSOME,KEGG_RIBOSOME]
[KEGG_COLORECTAL_CANCER,KEGG_COLORECTAL_CANCER] was killed by [KEGG_CHEMOKINE_SIGNALING_PATHWAY,KEGG_CHEMOKINE_SIGNALING_PATHWAY]
[KEGG_PROSTATE_CANCER,KEGG_PROSTATE_CANCER] was killed by [KEGG_RIBOSOME,KEGG_RIBOSOME]
[KEGG_SMALL_CELL_LUNG_CANCER,KEGG_SMALL_CELL_LUNG_CANCER] was killed by [KEGG_CHEMOKINE_SIGNALING_PATHWAY,KEGG_CHEMOKINE_SIGNALING_PATHWAY]
[KEGG_CHRONIC_MYELOID_LEUKEMIA,KEGG_CHRONIC_MYELOID_LEUKEMIA] was killed by [KEGG_RIBOSOME,KEGG_RIBOSOME]
[KEGG_LEUKOCYTE_TRANSENDOTHELIAL_MIGRATION,KEGG_LEUKOCYTE_TRANSENDOTHELIAL_MIGRATION] was killed by [KEGG_RIBOSOME,KEGG_RIBOSOME]
[KEGG_LONG_TERM_POTENTIATION,KEGG_LONG_TERM_POTENTIATION] was killed by [KEGG_RIBOSOME,KEGG_RIBOSOME]
[KEGG_GLIOMA,KEGG_GLIOMA] was killed by [KEGG_RIBOSOME,KEGG_RIBOSOME]
[KEGG_MTOR_SIGNALING_PATHWAY,KEGG_MTOR_SIGNALING_PATHWAY] was killed by [KEGG_CHEMOKINE_SIGNALING_PATHWAY,KEGG_CHEMOKINE_SIGNALING_PATHWAY]
[KEGG_MELANOGENESIS,KEGG_MELANOGENESIS] was killed by [KEGG_CHEMOKINE_SIGNALING_PATHWAY,KEGG_CHEMOKINE_SIGNALING_PATHWAY]
[KEGG_CYSTEINE_AND_METHIONINE_METABOLISM,KEGG_CYSTEINE_AND_METHIONINE_METABOLISM] was killed by [KEGG_ONE_CARBON_POOL_BY_FOLATE,KEGG_ONE_CARBON_POOL_BY_FOLATE]
[KEGG_VASCULAR_SMOOTH_MUSCLE_CONTRACTION,KEGG_VASCULAR_SMOOTH_MUSCLE_CONTRACTION] was killed by [KEGG_CHEMOKINE_SIGNALING_PATHWAY,KEGG_CHEMOKINE_SIGNALING_PATHWAY]
[KEGG_PANCREATIC_CANCER,KEGG_PANCREATIC_CANCER] was killed by [KEGG_RIBOSOME,KEGG_RIBOSOME]
[KEGG_B_CELL_RECEPTOR_SIGNALING_PATHWAY,KEGG_B_CELL_RECEPTOR_SIGNALING_PATHWAY] was killed by [KEGG_RIBOSOME,KEGG_RIBOSOME]
[KEGG_INSULIN_SIGNALING_PATHWAY,KEGG_INSULIN_SIGNALING_PATHWAY] was killed by [KEGG_CHEMOKINE_SIGNALING_PATHWAY,KEGG_CHEMOKINE_SIGNALING_PATHWAY]
[KEGG_ADIPOCYTOKINE_SIGNALING_PATHWAY,KEGG_ADIPOCYTOKINE_SIGNALING_PATHWAY] was killed by [KEGG_CHEMOKINE_SIGNALING_PATHWAY,KEGG_CHEMOKINE_SIGNALING_PATHWAY]
[KEGG_MELANOMA,KEGG_MELANOMA] was killed by [KEGG_CHEMOKINE_SIGNALING_PATHWAY,KEGG_CHEMOKINE_SIGNALING_PATHWAY]
[KEGG_FOCAL_ADHESION,KEGG_FOCAL_ADHESION] was killed by [KEGG_RIBOSOME,KEGG_RIBOSOME]
[KEGG_LYSOSOME,KEGG_LYSOSOME] was killed by [KEGG_RIBOSOME,KEGG_RIBOSOME]
[KEGG_EPITHELIAL_CELL_SIGNALING_IN_HELICOBACTER_PYLORI_INFECTION,KEGG_EPITHELIAL_CELL_SIGNALING_IN_HELICOBACTER_PYLORI_INFECTION] was killed by [KEGG_CHEMOKINE_SIGNALING_PATHWAY,KEGG_CHEMOKINE_SIGNALING_PATHWAY]
[KEGG_GAP_JUNCTION,KEGG_GAP_JUNCTION] was killed by [KEGG_CHEMOKINE_SIGNALING_PATHWAY,KEGG_CHEMOKINE_SIGNALING_PATHWAY]
