[YNTTTNNNANGCARM_UNKNOWN,YNTTTNNNANGCARM_UNKNOWN] was killed by [MEF2_01,MEF2_01]
[TTTNNANAGCYR_UNKNOWN,TTTNNANAGCYR_UNKNOWN] was killed by [KRCTCNNNNMANAGC_UNKNOWN,KRCTCNNNNMANAGC_UNKNOWN]
[CRGAARNNNNCGA_UNKNOWN,CRGAARNNNNCGA_UNKNOWN] was killed by [SREBP1_01,SREBP1_01]
[ATGGYGGA_UNKNOWN,ATGGYGGA_UNKNOWN] was killed by [SREBP1_01,SREBP1_01]
[TAANNYSGCG_UNKNOWN,TAANNYSGCG_UNKNOWN] was killed by [TMTCGCGANR_UNKNOWN,TMTCGCGANR_UNKNOWN]
[GCGNNANTTCC_UNKNOWN,GCGNNANTTCC_UNKNOWN] was killed by [CCGNMNNTNACG_UNKNOWN,CCGNMNNTNACG_UNKNOWN]
[KCCGNSWTTT_UNKNOWN,KCCGNSWTTT_UNKNOWN] was killed by [TMTCGCGANR_UNKNOWN,TMTCGCGANR_UNKNOWN]
[KTGGYRSGAA_UNKNOWN,KTGGYRSGAA_UNKNOWN] was killed by [SGCGSSAAA_E2F1DP2_01,SGCGSSAAA_E2F1DP2_01]
[MYC_Q2,MYC_Q2] was killed by [SREBP1_01,SREBP1_01]
[CAGNWMCNNNGAC_UNKNOWN,CAGNWMCNNNGAC_UNKNOWN] was killed by [NRSF_01,NRSF_01]
[HMEF2_Q6,HMEF2_Q6] was killed by [MEF2_01,MEF2_01]
[TGASTMAGC_NFE2_01,TGASTMAGC_NFE2_01] was killed by [TMTCGCGANR_UNKNOWN,TMTCGCGANR_UNKNOWN]
[GNCF_01,GNCF_01] was killed by [RGTTAMWNATT_HNF1_01,RGTTAMWNATT_HNF1_01]
[GGCNKCCATNK_UNKNOWN,GGCNKCCATNK_UNKNOWN] was killed by [TMTCGCGANR_UNKNOWN,TMTCGCGANR_UNKNOWN]
[CTGRYYYNATT_UNKNOWN,CTGRYYYNATT_UNKNOWN] was killed by [YTAAYNGCT_UNKNOWN,YTAAYNGCT_UNKNOWN]
[GATA_Q6,GATA_Q6] was killed by [MEF2_01,MEF2_01]
[YWATTWNNRGCT_UNKNOWN,YWATTWNNRGCT_UNKNOWN] was killed by [MEF2_01,MEF2_01]
[OCT1_07,OCT1_07] was killed by [SGCGSSAAA_E2F1DP2_01,SGCGSSAAA_E2F1DP2_01]
[CCAWNWWNNNGGC_UNKNOWN,CCAWNWWNNNGGC_UNKNOWN] was killed by [TMTCGCGANR_UNKNOWN,TMTCGCGANR_UNKNOWN]
[SNACANNNYSYAGA_UNKNOWN,SNACANNNYSYAGA_UNKNOWN] was killed by [RGTTAMWNATT_HNF1_01,RGTTAMWNATT_HNF1_01]
[SRF_01,SRF_01] was killed by [MEF2_01,MEF2_01]
[HNF3_Q6,HNF3_Q6] was killed by [MEF2_01,MEF2_01]
[PBX1_02,PBX1_02] was killed by [GKCGCNNNNNNNTGAYG_UNKNOWN,GKCGCNNNNNNNTGAYG_UNKNOWN]
[AAGWWRNYGGC_UNKNOWN,AAGWWRNYGGC_UNKNOWN] was killed by [TMTCGCGANR_UNKNOWN,TMTCGCGANR_UNKNOWN]
[RORA2_01,RORA2_01] was killed by [TMTCGCGANR_UNKNOWN,TMTCGCGANR_UNKNOWN]
[YAATNANRNNNCAG_UNKNOWN,YAATNANRNNNCAG_UNKNOWN] was killed by [KRCTCNNNNMANAGC_UNKNOWN,KRCTCNNNNMANAGC_UNKNOWN]
[MSX1_01,MSX1_01] was killed by [TMTCGCGANR_UNKNOWN,TMTCGCGANR_UNKNOWN]
[NKX25_01,NKX25_01] was killed by [MEF2_01,MEF2_01]
[FOXJ2_01,FOXJ2_01] was killed by [TMTCGCGANR_UNKNOWN,TMTCGCGANR_UNKNOWN]
[CGTSACG_PAX3_B,CGTSACG_PAX3_B] was killed by [SREBP1_01,SREBP1_01]
[YAATNRNNNYNATT_UNKNOWN,YAATNRNNNYNATT_UNKNOWN] was killed by [MEF2_01,MEF2_01]
[RRCCGTTA_UNKNOWN,RRCCGTTA_UNKNOWN] was killed by [SGCGSSAAA_E2F1DP2_01,SGCGSSAAA_E2F1DP2_01]
[GGAMTNNNNNTCCY_UNKNOWN,GGAMTNNNNNTCCY_UNKNOWN] was killed by [E2F_Q2,E2F_Q2]
[MEF2_04,MEF2_04] was killed by [MEF2_01,MEF2_01]
[CCAWWNAAGG_SRF_Q4,CCAWWNAAGG_SRF_Q4] was killed by [MEF2_01,MEF2_01]
[WCTCNATGGY_UNKNOWN,WCTCNATGGY_UNKNOWN] was killed by [GGAANCGGAANY_UNKNOWN,GGAANCGGAANY_UNKNOWN]
[E2F_01,E2F_01] was killed by [KRCTCNNNNMANAGC_UNKNOWN,KRCTCNNNNMANAGC_UNKNOWN]
[MYOGNF1_01,MYOGNF1_01] was killed by [YTAAYNGCT_UNKNOWN,YTAAYNGCT_UNKNOWN]
[ALX4_01,ALX4_01] was killed by [MEF2_01,MEF2_01]
[MCAATNNNNNGCG_UNKNOWN,MCAATNNNNNGCG_UNKNOWN] was killed by [TMTCGCGANR_UNKNOWN,TMTCGCGANR_UNKNOWN]
[YGTCCTTGR_UNKNOWN,YGTCCTTGR_UNKNOWN] was killed by [SREBP1_01,SREBP1_01]
[COMP1_01,COMP1_01] was killed by [MEF2_01,MEF2_01]
[FREAC4_01,FREAC4_01] was killed by [SGCGSSAAA_E2F1DP2_01,SGCGSSAAA_E2F1DP2_01]
[KMCATNNWGGA_UNKNOWN,KMCATNNWGGA_UNKNOWN] was killed by [SGCGSSAAA_E2F1DP2_01,SGCGSSAAA_E2F1DP2_01]
[EN1_01,EN1_01] was killed by [YTAAYNGCT_UNKNOWN,YTAAYNGCT_UNKNOWN]
[TNCATNTCCYR_UNKNOWN,TNCATNTCCYR_UNKNOWN] was killed by [SGCGSSAAA_E2F1DP2_01,SGCGSSAAA_E2F1DP2_01]
[STTTCRNTTT_IRF_Q6,STTTCRNTTT_IRF_Q6] was killed by [E2F_Q2,E2F_Q2]
[CCTNTMAGA_UNKNOWN,CCTNTMAGA_UNKNOWN] was killed by [E2F_Q2,E2F_Q2]
[WWTAAGGC_UNKNOWN,WWTAAGGC_UNKNOWN] was killed by [YTAAYNGCT_UNKNOWN,YTAAYNGCT_UNKNOWN]
[GCGSCMNTTT_UNKNOWN,GCGSCMNTTT_UNKNOWN] was killed by [SGCGSSAAA_E2F1DP2_01,SGCGSSAAA_E2F1DP2_01]
[YTAATTAA_LHX3_01,YTAATTAA_LHX3_01] was killed by [SREBP1_01,SREBP1_01]
[TTANWNANTGGM_UNKNOWN,TTANWNANTGGM_UNKNOWN] was killed by [MEF2_01,MEF2_01]
[CCANNAGRKGGC_UNKNOWN,CCANNAGRKGGC_UNKNOWN] was killed by [SREBP1_01,SREBP1_01]
[PAX8_B,PAX8_B] was killed by [SREBP1_01,SREBP1_01]
[CDPCR3_01,CDPCR3_01] was killed by [YTAAYNGCT_UNKNOWN,YTAAYNGCT_UNKNOWN]
[TGTYNNNNNRGCARM_UNKNOWN,TGTYNNNNNRGCARM_UNKNOWN] was killed by [YTAAYNGCT_UNKNOWN,YTAAYNGCT_UNKNOWN]
[MEIS1BHOXA9_01,MEIS1BHOXA9_01] was killed by [NRSF_01,NRSF_01]
[MAZ_Q6,MAZ_Q6] was killed by [SREBP1_01,SREBP1_01]
