[BIOCARTA_INFLAM_PATHWAY,BIOCARTA_INFLAM_PATHWAY] was killed by [BIOCARTA_NKT_PATHWAY,BIOCARTA_NKT_PATHWAY]
[BIOCARTA_STEM_PATHWAY,BIOCARTA_STEM_PATHWAY] was killed by [BIOCARTA_NKT_PATHWAY,BIOCARTA_NKT_PATHWAY]
[BIOCARTA_MAPK_PATHWAY,BIOCARTA_MAPK_PATHWAY] was killed by [BIOCARTA_FMLP_PATHWAY,BIOCARTA_FMLP_PATHWAY]
[BIOCARTA_NDKDYNAMIN_PATHWAY,BIOCARTA_NDKDYNAMIN_PATHWAY] was killed by [BIOCARTA_FMLP_PATHWAY,BIOCARTA_FMLP_PATHWAY]
[BIOCARTA_TCAPOPTOSIS_PATHWAY,BIOCARTA_TCAPOPTOSIS_PATHWAY] was killed by [BIOCARTA_NKT_PATHWAY,BIOCARTA_NKT_PATHWAY]
[BIOCARTA_MET_PATHWAY,BIOCARTA_MET_PATHWAY] was killed by [BIOCARTA_FMLP_PATHWAY,BIOCARTA_FMLP_PATHWAY]
[BIOCARTA_DC_PATHWAY,BIOCARTA_DC_PATHWAY] was killed by [BIOCARTA_NKT_PATHWAY,BIOCARTA_NKT_PATHWAY]
[BIOCARTA_NO2IL12_PATHWAY,BIOCARTA_NO2IL12_PATHWAY] was killed by [BIOCARTA_NKT_PATHWAY,BIOCARTA_NKT_PATHWAY]
[BIOCARTA_NKCELLS_PATHWAY,BIOCARTA_NKCELLS_PATHWAY] was killed by [BIOCARTA_FMLP_PATHWAY,BIOCARTA_FMLP_PATHWAY]
[BIOCARTA_ATM_PATHWAY,BIOCARTA_ATM_PATHWAY] was killed by [BIOCARTA_FMLP_PATHWAY,BIOCARTA_FMLP_PATHWAY]
[BIOCARTA_HCMV_PATHWAY,BIOCARTA_HCMV_PATHWAY] was killed by [BIOCARTA_FMLP_PATHWAY,BIOCARTA_FMLP_PATHWAY]
[BIOCARTA_EIF4_PATHWAY,BIOCARTA_EIF4_PATHWAY] was killed by [BIOCARTA_FMLP_PATHWAY,BIOCARTA_FMLP_PATHWAY]
[BIOCARTA_CYTOKINE_PATHWAY,BIOCARTA_CYTOKINE_PATHWAY] was killed by [BIOCARTA_NKT_PATHWAY,BIOCARTA_NKT_PATHWAY]
[BIOCARTA_INSULIN_PATHWAY,BIOCARTA_INSULIN_PATHWAY] was killed by [BIOCARTA_FMLP_PATHWAY,BIOCARTA_FMLP_PATHWAY]
[BIOCARTA_IL2_PATHWAY,BIOCARTA_IL2_PATHWAY] was killed by [BIOCARTA_FMLP_PATHWAY,BIOCARTA_FMLP_PATHWAY]
[BIOCARTA_RNA_PATHWAY,BIOCARTA_RNA_PATHWAY] was killed by [BIOCARTA_FMLP_PATHWAY,BIOCARTA_FMLP_PATHWAY]
[BIOCARTA_EIF2_PATHWAY,BIOCARTA_EIF2_PATHWAY] was killed by [BIOCARTA_EIF_PATHWAY,BIOCARTA_EIF_PATHWAY]
[BIOCARTA_41BB_PATHWAY,BIOCARTA_41BB_PATHWAY] was killed by [BIOCARTA_FMLP_PATHWAY,BIOCARTA_FMLP_PATHWAY]
[BIOCARTA_GATA3_PATHWAY,BIOCARTA_GATA3_PATHWAY] was killed by [BIOCARTA_FMLP_PATHWAY,BIOCARTA_FMLP_PATHWAY]
[BIOCARTA_TPO_PATHWAY,BIOCARTA_TPO_PATHWAY] was killed by [BIOCARTA_FMLP_PATHWAY,BIOCARTA_FMLP_PATHWAY]
[BIOCARTA_FAS_PATHWAY,BIOCARTA_FAS_PATHWAY] was killed by [BIOCARTA_HIVNEF_PATHWAY,BIOCARTA_HIVNEF_PATHWAY]
[BIOCARTA_ERYTH_PATHWAY,BIOCARTA_ERYTH_PATHWAY] was killed by [BIOCARTA_NKT_PATHWAY,BIOCARTA_NKT_PATHWAY]
[BIOCARTA_EPONFKB_PATHWAY,BIOCARTA_EPONFKB_PATHWAY] was killed by [BIOCARTA_FMLP_PATHWAY,BIOCARTA_FMLP_PATHWAY]
