[MORF_NME2,MORF_NME2] was killed by [MORF_PPP1CA,MORF_PPP1CA]
[GNF2_EIF3S6,GNF2_EIF3S6] was killed by [MORF_TPT1,MORF_TPT1]
[MORF_ACTG1,MORF_ACTG1] was killed by [MORF_PPP1CA,MORF_PPP1CA]
[GNF2_MCM5,GNF2_MCM5] was killed by [GNF2_ANP32B,GNF2_ANP32B]
[GCM_PRKAG1,GCM_PRKAG1] was killed by [GCM_BNIP1,GCM_BNIP1]
[MORF_PSMC1,MORF_PSMC1] was killed by [MORF_PPP1CA,MORF_PPP1CA]
[MORF_PRDX3,MORF_PRDX3] was killed by [MORF_PPP1CA,MORF_PPP1CA]
[MORF_NPM1,MORF_NPM1] was killed by [MORF_PPP1CA,MORF_PPP1CA]
[MORF_DAP,MORF_DAP] was killed by [MORF_PPP1CA,MORF_PPP1CA]
[MORF_RAD23B,MORF_RAD23B] was killed by [MORF_PPP1CA,MORF_PPP1CA]
[GCM_CSNK2B,GCM_CSNK2B] was killed by [MORF_PPP1CA,MORF_PPP1CA]
[GCM_BECN1,GCM_BECN1] was killed by [GCM_BNIP1,GCM_BNIP1]
[MORF_PTPN11,MORF_PTPN11] was killed by [GNF2_ANP32B,GNF2_ANP32B]
[GCM_VAV1,GCM_VAV1] was killed by [GCM_BNIP1,GCM_BNIP1]
[GNF2_DAP3,GNF2_DAP3] was killed by [MORF_TPT1,MORF_TPT1]
[GNF2_FOS,GNF2_FOS] was killed by [GNF2_CD1D,GNF2_CD1D]
[MORF_PPP2R4,MORF_PPP2R4] was killed by [MORF_PPP1CA,MORF_PPP1CA]
[MORF_JUND,MORF_JUND] was killed by [MORF_TPT1,MORF_TPT1]
[GNF2_TPT1,GNF2_TPT1] was killed by [MORF_TPT1,MORF_TPT1]
[GNF2_ST13,GNF2_ST13] was killed by [MORF_TPT1,MORF_TPT1]
[MORF_ESR1,MORF_ESR1] was killed by [MORF_PPP1CA,MORF_PPP1CA]
[MORF_DAP3,MORF_DAP3] was killed by [MORF_PPP1CA,MORF_PPP1CA]
[GNF2_MSH2,GNF2_MSH2] was killed by [GNF2_ANP32B,GNF2_ANP32B]
[GCM_ANP32B,GCM_ANP32B] was killed by [MORF_PPP1CA,MORF_PPP1CA]
[MORF_CTBP1,MORF_CTBP1] was killed by [MORF_PPP1CA,MORF_PPP1CA]
[GNF2_RAN,GNF2_RAN] was killed by [MORF_PPP1CA,MORF_PPP1CA]
[GNF2_XRCC5,GNF2_XRCC5] was killed by [MORF_PPP1CA,MORF_PPP1CA]
[MORF_PPP6C,MORF_PPP6C] was killed by [MORF_PPP1CA,MORF_PPP1CA]
[MORF_ATOX1,MORF_ATOX1] was killed by [MORF_PPP1CA,MORF_PPP1CA]
[GNF2_CD14,GNF2_CD14] was killed by [GNF2_CD1D,GNF2_CD1D]
[MORF_SART1,MORF_SART1] was killed by [MORF_PPP1CA,MORF_PPP1CA]
[GNF2_MLH1,GNF2_MLH1] was killed by [MORF_PPP1CA,MORF_PPP1CA]
[MORF_SMC1L1,MORF_SMC1L1] was killed by [MORF_PPP1CA,MORF_PPP1CA]
[MORF_PCNA,MORF_PCNA] was killed by [MORF_PPP1CA,MORF_PPP1CA]
[GCM_CALM1,GCM_CALM1] was killed by [MORF_PPP1CA,MORF_PPP1CA]
[GCM_TPT1,GCM_TPT1] was killed by [MORF_TPT1,MORF_TPT1]
[GNF2_DEK,GNF2_DEK] was killed by [MORF_PPP1CA,MORF_PPP1CA]
[GCM_RBM8A,GCM_RBM8A] was killed by [MORF_PPP1CA,MORF_PPP1CA]
[GCM_PFN1,GCM_PFN1] was killed by [MORF_PPP1CA,MORF_PPP1CA]
[GNF2_CARD15,GNF2_CARD15] was killed by [GNF2_CD1D,GNF2_CD1D]
[GCM_PPP1CC,GCM_PPP1CC] was killed by [MORF_TPT1,MORF_TPT1]
[MORF_PSMF1,MORF_PSMF1] was killed by [MORF_PPP1CA,MORF_PPP1CA]
[GNF2_GLTSCR2,GNF2_GLTSCR2] was killed by [MORF_TPT1,MORF_TPT1]
[GNF2_FBL,GNF2_FBL] was killed by [MORF_TPT1,MORF_TPT1]
[MORF_SNRP70,MORF_SNRP70] was killed by [MORF_TPT1,MORF_TPT1]
[GCM_SUPT4H1,GCM_SUPT4H1] was killed by [GCM_BNIP1,GCM_BNIP1]
[MORF_XPC,MORF_XPC] was killed by [MORF_PPP1CA,MORF_PPP1CA]
