[GNF2_CKS2,GNF2_CKS2] was killed by [GNF2_PCNA,GNF2_PCNA]
[MORF_CDC10,MORF_CDC10] was killed by [MORF_CSNK1D,MORF_CSNK1D]
[GNF2_CCNA2,GNF2_CCNA2] was killed by [GNF2_PCNA,GNF2_PCNA]
[GNF2_TTK,GNF2_TTK] was killed by [GNF2_PCNA,GNF2_PCNA]
[GNF2_CDC20,GNF2_CDC20] was killed by [GNF2_PCNA,GNF2_PCNA]
[MORF_PPP2CA,MORF_PPP2CA] was killed by [MORF_CSNK1D,MORF_CSNK1D]
[GNF2_CCNB2,GNF2_CCNB2] was killed by [GNF2_PCNA,GNF2_PCNA]
[GNF2_BUB1B,GNF2_BUB1B] was killed by [GNF2_PCNA,GNF2_PCNA]
[GNF2_RRM2,GNF2_RRM2] was killed by [GNF2_PCNA,GNF2_PCNA]
[MORF_CUL1,MORF_CUL1] was killed by [MORF_CSNK1D,MORF_CSNK1D]
[GNF2_MCM5,GNF2_MCM5] was killed by [GNF2_PCNA,GNF2_PCNA]
[MORF_CTBP1,MORF_CTBP1] was killed by [GNF2_PCNA,GNF2_PCNA]
[MORF_USP5,MORF_USP5] was killed by [MORF_CSNK1D,MORF_CSNK1D]
[MORF_TERF1,MORF_TERF1] was killed by [MORF_CSNK1D,MORF_CSNK1D]
[GNF2_FEN1,GNF2_FEN1] was killed by [GNF2_PCNA,GNF2_PCNA]
[MORF_BUB1B,MORF_BUB1B] was killed by [GNF2_PCNA,GNF2_PCNA]
[GNF2_HMMR,GNF2_HMMR] was killed by [GNF2_PCNA,GNF2_PCNA]
[GNF2_RFC4,GNF2_RFC4] was killed by [GNF2_PCNA,GNF2_PCNA]
[MORF_RAF1,MORF_RAF1] was killed by [MORF_CSNK1D,MORF_CSNK1D]
[GNF2_MSH2,GNF2_MSH2] was killed by [GNF2_PCNA,GNF2_PCNA]
[GNF2_SMC2L1,GNF2_SMC2L1] was killed by [GNF2_PCNA,GNF2_PCNA]
[GNF2_ANP32B,GNF2_ANP32B] was killed by [GNF2_PCNA,GNF2_PCNA]
[MORF_IKBKG,MORF_IKBKG] was killed by [MORF_CSNK1D,MORF_CSNK1D]
[GNF2_RRM1,GNF2_RRM1] was killed by [GNF2_PCNA,GNF2_PCNA]
[GNF2_H2AFX,GNF2_H2AFX] was killed by [GNF2_PCNA,GNF2_PCNA]
[GNF2_CENPF,GNF2_CENPF] was killed by [GNF2_PCNA,GNF2_PCNA]
[GNF2_CENPE,GNF2_CENPE] was killed by [GNF2_PCNA,GNF2_PCNA]
[MORF_PML,MORF_PML] was killed by [MORF_CSNK1D,MORF_CSNK1D]
[MORF_PRKAR1A,MORF_PRKAR1A] was killed by [GNF2_PCNA,GNF2_PCNA]
